-------------Generating sinr map
-------------Generating ues map
-------------Calculating Solution (this may take a while)
+++++++++++++++++++Min Sinr: 5 dB (fixed)
+++++++++++++++++++With backhaul constraint. Start: 2022-04-09 02:20:43


Mťdia de carros: 3.8
t=0
$x_{0,1}$
	 $y_{0,1,21}$ = 12.475161716201598 dB
	 $y_{0,1,22}$ = 25.131920924914596 dB
	 $y_{0,1,23}$ = 7.600559393269265 dB
	 $y_{0,1,31}$ = 12.924443445709272 dB
		SNR medio: 19.649968254549467
		Usuarios totais: 15
$x_{0,5}$
	 $y_{0,5,32}$ = 9.892427425654432 dB
	 $y_{0,5,33}$ = 12.506112312398074 dB
		SNR medio: 11.392994343069105
		Usuarios totais: 45
Distances:
1 : 5 = 1600.0
t=1
$x_{1,1}$
	 $y_{1,1,0}$ = 27.46771615269607 dB
	 $y_{1,1,1}$ = 84.18043708372582 dB
	 $y_{1,1,3}$ = 21.959023108843297 dB
	 $y_{1,1,10}$ = 26.0694987839115 dB
	 $y_{1,1,12}$ = 25.451261861603626 dB
	 $y_{1,1,13}$ = 12.005152206312061 dB
	 $y_{1,1,14}$ = 8.587279509573648 dB
	 $y_{1,1,15}$ = 7.655339529759644 dB
	 $y_{1,1,22}$ = 25.131920924914596 dB
	 $y_{1,1,23}$ = 7.600559393269265 dB
	 $y_{1,1,41}$ = 10.524274331660536 dB
	 $y_{1,1,50}$ = 11.764620937764633 dB
	 $y_{1,1,51}$ = 12.99384395684956 dB
		SNR medio: 73.04103469962186
		Usuarios totais: 17
$x_{1,5}$
	 $y_{1,5,5}$ = 86.29551438352074 dB
	 $y_{1,5,24}$ = 15.102104383218418 dB
	 $y_{1,5,30}$ = 9.272492069780668 dB
	 $y_{1,5,39}$ = 5.456775094964598 dB
		SNR medio: 80.27491492218468
		Usuarios totais: 7
$x_{1,56}$
	 $y_{1,56,7}$ = 6.2466033704398285 dB
	 $y_{1,56,16}$ = 12.08061608073217 dB
	 $y_{1,56,17}$ = 19.664020824458945 dB
	 $y_{1,56,26}$ = 11.092181958278019 dB
	 $y_{1,56,28}$ = 5.635741352283986 dB
	 $y_{1,56,36}$ = 18.04752569213673 dB
	 $y_{1,56,45}$ = 25.043758767046597 dB
	 $y_{1,56,53}$ = 16.226246170283417 dB
	 $y_{1,56,55}$ = 30.522034077241585 dB
	 $y_{1,56,56}$ = 88.42543448942729 dB
	 $y_{1,56,57}$ = 32.755225178860044 dB
	 $y_{1,56,58}$ = 13.952123359361366 dB
	 $y_{1,56,59}$ = 6.265986371404523 dB
	 $y_{1,56,66}$ = 25.154284185458934 dB
	 $y_{1,56,68}$ = 20.417964968962863 dB
	 $y_{1,56,75}$ = 15.75829345834076 dB
	 $y_{1,56,77}$ = 11.428624321132958 dB
	 $y_{1,56,80}$ = 7.168277247606142 dB
	 $y_{1,56,87}$ = 10.339855305947765 dB
	 $y_{1,56,93}$ = 6.660288256462309 dB
	 $y_{1,56,95}$ = 11.33176344681577 dB
		SNR medio: 75.2032672596179
		Usuarios totais: 22
$x_{1,74}$
	 $y_{1,74,60}$ = 5.401672747178367 dB
	 $y_{1,74,61}$ = 8.707336715764 dB
	 $y_{1,74,62}$ = 15.092293051443008 dB
	 $y_{1,74,63}$ = 20.321909656878816 dB
	 $y_{1,74,70}$ = 8.276660991312468 dB
	 $y_{1,74,74}$ = 86.84887671897857 dB
	 $y_{1,74,81}$ = 13.168128421951721 dB
	 $y_{1,74,83}$ = 19.772494382575402 dB
	 $y_{1,74,92}$ = 12.120018400855997 dB
	 $y_{1,74,97}$ = 7.399821356087955 dB
		SNR medio: 76.84887936611743
		Usuarios totais: 14
Distances:
1 : 5 = 1600.0
1 : 56 = 2828.42712474619
1 : 74 = 3046.3092423455632
5 : 56 = 2039.607805437114
5 : 74 = 2828.42712474619
56 : 74 = 1131.370849898476
t=2
$x_{2,1}$
	 $y_{2,1,1}$ = 84.18043708372582 dB
	 $y_{2,1,11}$ = 27.604707659314258 dB
	 $y_{2,1,13}$ = 12.005152206312061 dB
	 $y_{2,1,32}$ = 12.51076312865203 dB
	 $y_{2,1,35}$ = 7.715050502567749 dB
	 $y_{2,1,50}$ = 11.764620937764633 dB
	 $y_{2,1,51}$ = 12.99384395684956 dB
	 $y_{2,1,61}$ = 8.178390126294431 dB
		SNR medio: 75.14954811373538
		Usuarios totais: 11
$x_{2,5}$
	 $y_{2,5,5}$ = 86.29551438352074 dB
	 $y_{2,5,9}$ = 12.758236814919542 dB
	 $y_{2,5,16}$ = 18.50854461168936 dB
	 $y_{2,5,17}$ = 11.404240623735973 dB
	 $y_{2,5,18}$ = 17.612367616825367 dB
	 $y_{2,5,19}$ = 12.518937472636978 dB
	 $y_{2,5,24}$ = 15.102104383218418 dB
	 $y_{2,5,25}$ = 11.015027677639779 dB
	 $y_{2,5,26}$ = 12.294257824841878 dB
	 $y_{2,5,36}$ = 12.508288924423255 dB
	 $y_{2,5,39}$ = 5.456775094964598 dB
	 $y_{2,5,43}$ = 8.649281545743747 dB
	 $y_{2,5,46}$ = 6.771982486699443 dB
	 $y_{2,5,49}$ = 8.198663015409807 dB
	 $y_{2,5,54}$ = 9.437186592706581 dB
		SNR medio: 74.53460474807372
		Usuarios totais: 19
$x_{2,56}$
	 $y_{2,56,7}$ = 6.2466033704398285 dB
	 $y_{2,56,56}$ = 88.42543448942729 dB
	 $y_{2,56,58}$ = 13.952123359361366 dB
	 $y_{2,56,63}$ = 13.940855842396317 dB
	 $y_{2,56,65}$ = 26.197560914372858 dB
	 $y_{2,56,67}$ = 27.40171295205799 dB
	 $y_{2,56,76}$ = 18.443304367269093 dB
	 $y_{2,56,78}$ = 15.458564725287047 dB
	 $y_{2,56,79}$ = 12.093790492020332 dB
	 $y_{2,56,80}$ = 7.168277247606142 dB
	 $y_{2,56,84}$ = 10.881979803884661 dB
	 $y_{2,56,87}$ = 10.339855305947765 dB
	 $y_{2,56,93}$ = 6.660288256462309 dB
	 $y_{2,56,95}$ = 11.33176344681577 dB
		SNR medio: 76.9641615463698
		Usuarios totais: 16
$x_{2,74}$
	 $y_{2,74,55}$ = 12.6888460977531 dB
	 $y_{2,74,71}$ = 11.076040876195947 dB
	 $y_{2,74,74}$ = 86.84887671897857 dB
	 $y_{2,74,77}$ = 8.648106986870147 dB
	 $y_{2,74,81}$ = 13.168128421951721 dB
	 $y_{2,74,82}$ = 26.821324874381943 dB
	 $y_{2,74,86}$ = 9.532137537065921 dB
	 $y_{2,74,94}$ = 18.920016221539598 dB
	 $y_{2,74,97}$ = 7.399821356087955 dB
		SNR medio: 77.30645730299607
		Usuarios totais: 14
Distances:
1 : 5 = 1600.0
1 : 56 = 2828.42712474619
1 : 74 = 3046.3092423455632
5 : 56 = 2039.607805437114
5 : 74 = 2828.42712474619
56 : 74 = 1131.370849898476
t=3
$x_{3,1}$
	 $y_{3,1,0}$ = 27.46771615269607 dB
	 $y_{3,1,2}$ = 28.508124801916097 dB
	 $y_{3,1,13}$ = 12.005152206312061 dB
	 $y_{3,1,14}$ = 8.587279509573648 dB
	 $y_{3,1,15}$ = 7.655339529759644 dB
	 $y_{3,1,21}$ = 12.475161716201598 dB
	 $y_{3,1,22}$ = 25.131920924914596 dB
	 $y_{3,1,24}$ = 13.980014232349092 dB
	 $y_{3,1,31}$ = 12.924443445709272 dB
	 $y_{3,1,35}$ = 7.715050502567749 dB
	 $y_{3,1,40}$ = 8.601563040968358 dB
		SNR medio: 21.884931440400344
		Usuarios totais: 15
$x_{3,5}$
	 $y_{3,5,30}$ = 9.272492069780668 dB
	 $y_{3,5,32}$ = 9.892427425654432 dB
	 $y_{3,5,33}$ = 12.506112312398074 dB
		SNR medio: 10.79432426329052
		Usuarios totais: 5
$x_{3,56}$
	 $y_{3,56,16}$ = 12.08061608073217 dB
	 $y_{3,56,18}$ = 11.362317095709273 dB
	 $y_{3,56,38}$ = 14.730858733347574 dB
	 $y_{3,56,39}$ = 9.973154680793641 dB
	 $y_{3,56,58}$ = 13.952123359361366 dB
	 $y_{3,56,80}$ = 7.168277247606142 dB
		SNR medio: 12.198670302212431
		Usuarios totais: 8
$x_{3,74}$
	 $y_{3,74,42}$ = 11.508939703022378 dB
	 $y_{3,74,45}$ = 12.853473564489747 dB
	 $y_{3,74,46}$ = 16.518498251645283 dB
	 $y_{3,74,53}$ = 22.41229397279122 dB
	 $y_{3,74,54}$ = 21.27050092482203 dB
	 $y_{3,74,55}$ = 12.6888460977531 dB
	 $y_{3,74,57}$ = 7.613198971198258 dB
	 $y_{3,74,61}$ = 8.707336715764 dB
	 $y_{3,74,63}$ = 20.321909656878816 dB
	 $y_{3,74,65}$ = 20.1849527492286 dB
	 $y_{3,74,66}$ = 16.9154617382151 dB
	 $y_{3,74,67}$ = 11.89433277047118 dB
	 $y_{3,74,68}$ = 6.357208124327315 dB
	 $y_{3,74,70}$ = 8.276660991312468 dB
	 $y_{3,74,74}$ = 86.84887671897857 dB
	 $y_{3,74,76}$ = 14.667203202531155 dB
	 $y_{3,74,83}$ = 19.772494382575402 dB
	 $y_{3,74,84}$ = 25.466205621071936 dB
	 $y_{3,74,85}$ = 26.19491892527023 dB
	 $y_{3,74,92}$ = 12.120018400855997 dB
	 $y_{3,74,93}$ = 19.39332648249065 dB
	 $y_{3,74,95}$ = 12.93901349095708 dB
	 $y_{3,74,96}$ = 18.39955242628126 dB
		SNR medio: 73.2316144259258
		Usuarios totais: 32
Distances:
1 : 5 = 1600.0
1 : 56 = 2828.42712474619
1 : 74 = 3046.3092423455632
5 : 56 = 2039.607805437114
5 : 74 = 2828.42712474619
56 : 74 = 1131.370849898476
t=4
$x_{4,1}$
	 $y_{4,1,0}$ = 27.46771615269607 dB
	 $y_{4,1,1}$ = 84.18043708372582 dB
	 $y_{4,1,3}$ = 21.959023108843297 dB
	 $y_{4,1,4}$ = 15.646199342022925 dB
	 $y_{4,1,12}$ = 25.451261861603626 dB
	 $y_{4,1,15}$ = 7.655339529759644 dB
	 $y_{4,1,21}$ = 12.475161716201598 dB
	 $y_{4,1,24}$ = 13.980014232349092 dB
	 $y_{4,1,31}$ = 12.924443445709272 dB
	 $y_{4,1,50}$ = 11.764620937764633 dB
		SNR medio: 74.18045675233839
		Usuarios totais: 13
$x_{4,5}$
	 $y_{4,5,5}$ = 86.29551438352074 dB
	 $y_{4,5,8}$ = 18.253534685278183 dB
	 $y_{4,5,39}$ = 5.456775094964598 dB
	 $y_{4,5,47}$ = 10.667365965215922 dB
		SNR medio: 80.27491530657426
		Usuarios totais: 6
$x_{4,56}$
	 $y_{4,56,6}$ = 7.006853086721634 dB
	 $y_{4,56,7}$ = 6.2466033704398285 dB
	 $y_{4,56,16}$ = 12.08061608073217 dB
	 $y_{4,56,17}$ = 19.664020824458945 dB
	 $y_{4,56,19}$ = 8.973849357844855 dB
	 $y_{4,56,34}$ = 13.555034341834357 dB
	 $y_{4,56,38}$ = 14.730858733347574 dB
	 $y_{4,56,41}$ = 6.321968231212736 dB
	 $y_{4,56,43}$ = 8.644008427219887 dB
	 $y_{4,56,45}$ = 25.043758767046597 dB
	 $y_{4,56,58}$ = 13.952123359361366 dB
	 $y_{4,56,61}$ = 5.613068603008543 dB
	 $y_{4,56,65}$ = 26.197560914372858 dB
	 $y_{4,56,75}$ = 15.75829345834076 dB
	 $y_{4,56,77}$ = 11.428624321132958 dB
	 $y_{4,56,80}$ = 7.168277247606142 dB
	 $y_{4,56,86}$ = 15.935447703500927 dB
	 $y_{4,56,88}$ = 8.996309263230032 dB
	 $y_{4,56,93}$ = 6.660288256462309 dB
	 $y_{4,56,94}$ = 9.541658777391461 dB
	 $y_{4,56,95}$ = 11.33176344681577 dB
	 $y_{4,56,96}$ = 8.82677846479362 dB
		SNR medio: 16.962598103618845
		Usuarios totais: 28
$x_{4,74}$
	 $y_{4,74,46}$ = 16.518498251645283 dB
	 $y_{4,74,60}$ = 5.401672747178367 dB
	 $y_{4,74,69}$ = 5.878137941773559 dB
	 $y_{4,74,70}$ = 8.276660991312468 dB
	 $y_{4,74,71}$ = 11.076040876195947 dB
	 $y_{4,74,73}$ = 33.5230074068059 dB
	 $y_{4,74,82}$ = 26.821324874381943 dB
	 $y_{4,74,89}$ = 9.208656529422825 dB
	 $y_{4,74,97}$ = 7.399821356087955 dB
	 $y_{4,74,98}$ = 11.811555470741752 dB
	 $y_{4,74,99}$ = 6.202017718911222 dB
		SNR medio: 24.113915536287166
		Usuarios totais: 13
Distances:
1 : 5 = 1600.0
1 : 56 = 2828.42712474619
1 : 74 = 3046.3092423455632
5 : 56 = 2039.607805437114
5 : 74 = 2828.42712474619
56 : 74 = 1131.370849898476
t=5
$x_{5,1}$
	 $y_{5,1,2}$ = 28.508124801916097 dB
	 $y_{5,1,3}$ = 21.959023108843297 dB
	 $y_{5,1,10}$ = 26.0694987839115 dB
	 $y_{5,1,14}$ = 8.587279509573648 dB
	 $y_{5,1,15}$ = 7.655339529759644 dB
	 $y_{5,1,21}$ = 12.475161716201598 dB
	 $y_{5,1,22}$ = 25.131920924914596 dB
	 $y_{5,1,30}$ = 6.990697602427872 dB
	 $y_{5,1,31}$ = 12.924443445709272 dB
	 $y_{5,1,35}$ = 7.715050502567749 dB
	 $y_{5,1,40}$ = 8.601563040968358 dB
	 $y_{5,1,41}$ = 10.524274331660536 dB
		SNR medio: 21.45238834106933
		Usuarios totais: 14
$x_{5,5}$
	 $y_{5,5,5}$ = 86.29551438352074 dB
	 $y_{5,5,18}$ = 17.612367616825367 dB
	 $y_{5,5,25}$ = 11.015027677639779 dB
	 $y_{5,5,28}$ = 9.711518152995552 dB
	 $y_{5,5,34}$ = 9.675686185134879 dB
	 $y_{5,5,39}$ = 5.456775094964598 dB
	 $y_{5,5,44}$ = 9.843161717481706 dB
	 $y_{5,5,49}$ = 8.198663015409807 dB
		SNR medio: 77.26461562183152
		Usuarios totais: 11
$x_{5,56}$
	 $y_{5,56,45}$ = 25.043758767046597 dB
	 $y_{5,56,46}$ = 26.232665637542027 dB
	 $y_{5,56,48}$ = 7.603914742030554 dB
	 $y_{5,56,56}$ = 88.42543448942729 dB
	 $y_{5,56,58}$ = 13.952123359361366 dB
	 $y_{5,56,59}$ = 6.265986371404523 dB
	 $y_{5,56,61}$ = 5.613068603008543 dB
	 $y_{5,56,63}$ = 13.940855842396317 dB
	 $y_{5,56,80}$ = 7.168277247606142 dB
	 $y_{5,56,88}$ = 8.996309263230032 dB
		SNR medio: 78.42543958098584
		Usuarios totais: 13
$x_{5,74}$
	 $y_{5,74,43}$ = 12.64249687711154 dB
	 $y_{5,74,47}$ = 5.518073735438861 dB
	 $y_{5,74,53}$ = 22.41229397279122 dB
	 $y_{5,74,57}$ = 7.613198971198258 dB
	 $y_{5,74,60}$ = 5.401672747178367 dB
	 $y_{5,74,67}$ = 11.89433277047118 dB
	 $y_{5,74,69}$ = 5.878137941773559 dB
	 $y_{5,74,70}$ = 8.276660991312468 dB
	 $y_{5,74,72}$ = 19.53647235455155 dB
	 $y_{5,74,76}$ = 14.667203202531155 dB
	 $y_{5,74,78}$ = 8.898356537200527 dB
	 $y_{5,74,84}$ = 25.466205621071936 dB
	 $y_{5,74,85}$ = 26.19491892527023 dB
	 $y_{5,74,96}$ = 18.39955242628126 dB
	 $y_{5,74,97}$ = 7.399821356087955 dB
		SNR medio: 19.036535717631807
		Usuarios totais: 22
Distances:
1 : 5 = 1600.0
1 : 56 = 2828.42712474619
1 : 74 = 3046.3092423455632
5 : 56 = 2039.607805437114
5 : 74 = 2828.42712474619
56 : 74 = 1131.370849898476
t=6
$x_{6,1}$
	 $y_{6,1,2}$ = 28.508124801916097 dB
	 $y_{6,1,10}$ = 26.0694987839115 dB
	 $y_{6,1,22}$ = 25.131920924914596 dB
	 $y_{6,1,23}$ = 7.600559393269265 dB
	 $y_{6,1,24}$ = 13.980014232349092 dB
	 $y_{6,1,35}$ = 7.715050502567749 dB
	 $y_{6,1,51}$ = 12.99384395684956 dB
		SNR medio: 23.299419463079456
		Usuarios totais: 11
$x_{6,5}$
	 $y_{6,5,9}$ = 12.758236814919542 dB
	 $y_{6,5,33}$ = 12.506112312398074 dB
	 $y_{6,5,45}$ = 9.164497985553652 dB
		SNR medio: 11.754152665722742
		Usuarios totais: 3
$x_{6,56}$
	 $y_{6,56,6}$ = 7.006853086721634 dB
	 $y_{6,56,7}$ = 6.2466033704398285 dB
	 $y_{6,56,16}$ = 12.08061608073217 dB
	 $y_{6,56,17}$ = 19.664020824458945 dB
	 $y_{6,56,27}$ = 12.958304908591145 dB
	 $y_{6,56,28}$ = 5.635741352283986 dB
	 $y_{6,56,29}$ = 5.577006037087386 dB
	 $y_{6,56,39}$ = 9.973154680793641 dB
	 $y_{6,56,40}$ = 5.5304579646933405 dB
	 $y_{6,56,43}$ = 8.644008427219887 dB
	 $y_{6,56,47}$ = 21.787759546806498 dB
	 $y_{6,56,52}$ = 7.668004036405932 dB
	 $y_{6,56,55}$ = 30.522034077241585 dB
	 $y_{6,56,56}$ = 88.42543448942729 dB
	 $y_{6,56,61}$ = 5.613068603008543 dB
	 $y_{6,56,63}$ = 13.940855842396317 dB
	 $y_{6,56,66}$ = 25.154284185458934 dB
	 $y_{6,56,80}$ = 7.168277247606142 dB
	 $y_{6,56,88}$ = 8.996309263230032 dB
		SNR medio: 75.63790983522678
		Usuarios totais: 22
$x_{6,74}$
	 $y_{6,74,36}$ = 10.047521665277586 dB
	 $y_{6,74,38}$ = 7.718129263836573 dB
	 $y_{6,74,42}$ = 11.508939703022378 dB
	 $y_{6,74,46}$ = 16.518498251645283 dB
	 $y_{6,74,48}$ = 9.134394418493514 dB
	 $y_{6,74,62}$ = 15.092293051443008 dB
	 $y_{6,74,64}$ = 32.38016356597876 dB
	 $y_{6,74,65}$ = 20.1849527492286 dB
	 $y_{6,74,73}$ = 33.5230074068059 dB
	 $y_{6,74,74}$ = 86.84887671897857 dB
	 $y_{6,74,75}$ = 27.502241226863802 dB
	 $y_{6,74,78}$ = 8.898356537200527 dB
	 $y_{6,74,81}$ = 13.168128421951721 dB
	 $y_{6,74,83}$ = 19.772494382575402 dB
	 $y_{6,74,84}$ = 25.466205621071936 dB
	 $y_{6,74,89}$ = 9.208656529422825 dB
	 $y_{6,74,90}$ = 13.398876958071469 dB
	 $y_{6,74,94}$ = 18.920016221539598 dB
		SNR medio: 74.29619963869807
		Usuarios totais: 24
Distances:
1 : 5 = 1600.0
1 : 56 = 2828.42712474619
1 : 74 = 3046.3092423455632
5 : 56 = 2039.607805437114
5 : 74 = 2828.42712474619
56 : 74 = 1131.370849898476
t=7
$x_{7,1}$
	 $y_{7,1,3}$ = 21.959023108843297 dB
	 $y_{7,1,4}$ = 15.646199342022925 dB
	 $y_{7,1,11}$ = 27.604707659314258 dB
	 $y_{7,1,13}$ = 12.005152206312061 dB
	 $y_{7,1,14}$ = 8.587279509573648 dB
	 $y_{7,1,15}$ = 7.655339529759644 dB
	 $y_{7,1,21}$ = 12.475161716201598 dB
	 $y_{7,1,32}$ = 12.51076312865203 dB
	 $y_{7,1,51}$ = 12.99384395684956 dB
		SNR medio: 19.77272759038055
		Usuarios totais: 11
$x_{7,5}$
	 $y_{7,5,8}$ = 18.253534685278183 dB
	 $y_{7,5,16}$ = 18.50854461168936 dB
	 $y_{7,5,17}$ = 11.404240623735973 dB
	 $y_{7,5,19}$ = 12.518937472636978 dB
	 $y_{7,5,25}$ = 11.015027677639779 dB
	 $y_{7,5,26}$ = 12.294257824841878 dB
	 $y_{7,5,33}$ = 12.506112312398074 dB
	 $y_{7,5,36}$ = 12.508288924423255 dB
	 $y_{7,5,37}$ = 12.987344148256057 dB
	 $y_{7,5,39}$ = 5.456775094964598 dB
	 $y_{7,5,49}$ = 8.198663015409807 dB
	 $y_{7,5,54}$ = 9.437186592706581 dB
		SNR medio: 13.578001119579994
		Usuarios totais: 16
$x_{7,56}$
	 $y_{7,56,29}$ = 5.577006037087386 dB
	 $y_{7,56,41}$ = 6.321968231212736 dB
	 $y_{7,56,56}$ = 88.42543448942729 dB
	 $y_{7,56,64}$ = 15.722314495875082 dB
	 $y_{7,56,79}$ = 12.093790492020332 dB
	 $y_{7,56,93}$ = 6.660288256462309 dB
		SNR medio: 80.64392239794387
		Usuarios totais: 8
$x_{7,74}$
	 $y_{7,74,42}$ = 11.508939703022378 dB
	 $y_{7,74,48}$ = 9.134394418493514 dB
	 $y_{7,74,52}$ = 14.616512019726812 dB
	 $y_{7,74,60}$ = 5.401672747178367 dB
	 $y_{7,74,62}$ = 15.092293051443008 dB
	 $y_{7,74,63}$ = 20.321909656878816 dB
	 $y_{7,74,67}$ = 11.89433277047118 dB
	 $y_{7,74,69}$ = 5.878137941773559 dB
	 $y_{7,74,72}$ = 19.53647235455155 dB
	 $y_{7,74,73}$ = 33.5230074068059 dB
	 $y_{7,74,75}$ = 27.502241226863802 dB
	 $y_{7,74,76}$ = 14.667203202531155 dB
	 $y_{7,74,78}$ = 8.898356537200527 dB
	 $y_{7,74,83}$ = 19.772494382575402 dB
	 $y_{7,74,86}$ = 9.532137537065921 dB
	 $y_{7,74,94}$ = 18.920016221539598 dB
	 $y_{7,74,95}$ = 12.93901349095708 dB
	 $y_{7,74,96}$ = 18.39955242628126 dB
	 $y_{7,74,97}$ = 7.399821356087955 dB
	 $y_{7,74,99}$ = 6.202017718911222 dB
		SNR medio: 22.34851993198499
		Usuarios totais: 25
Distances:
1 : 5 = 1600.0
1 : 56 = 2828.42712474619
1 : 74 = 3046.3092423455632
5 : 56 = 2039.607805437114
5 : 74 = 2828.42712474619
56 : 74 = 1131.370849898476
t=8
$x_{8,1}$
	 $y_{8,1,10}$ = 26.0694987839115 dB
	 $y_{8,1,11}$ = 27.604707659314258 dB
	 $y_{8,1,12}$ = 25.451261861603626 dB
	 $y_{8,1,13}$ = 12.005152206312061 dB
	 $y_{8,1,14}$ = 8.587279509573648 dB
	 $y_{8,1,15}$ = 7.655339529759644 dB
	 $y_{8,1,20}$ = 17.098835423347737 dB
	 $y_{8,1,21}$ = 12.475161716201598 dB
	 $y_{8,1,22}$ = 25.131920924914596 dB
	 $y_{8,1,31}$ = 12.924443445709272 dB
	 $y_{8,1,32}$ = 12.51076312865203 dB
	 $y_{8,1,35}$ = 7.715050502567749 dB
	 $y_{8,1,39}$ = 7.022061854922072 dB
	 $y_{8,1,41}$ = 10.524274331660536 dB
	 $y_{8,1,43}$ = 8.485345203080442 dB
	 $y_{8,1,44}$ = 6.343509991352889 dB
	 $y_{8,1,51}$ = 12.99384395684956 dB
		SNR medio: 20.35842589314069
		Usuarios totais: 23
$x_{8,5}$
	 $y_{8,5,5}$ = 86.29551438352074 dB
	 $y_{8,5,9}$ = 12.758236814919542 dB
	 $y_{8,5,18}$ = 17.612367616825367 dB
	 $y_{8,5,25}$ = 11.015027677639779 dB
	 $y_{8,5,33}$ = 12.506112312398074 dB
	 $y_{8,5,34}$ = 9.675686185134879 dB
	 $y_{8,5,36}$ = 12.508288924423255 dB
	 $y_{8,5,37}$ = 12.987344148256057 dB
	 $y_{8,5,38}$ = 7.145181402439704 dB
	 $y_{8,5,49}$ = 8.198663015409807 dB
	 $y_{8,5,54}$ = 9.437186592706581 dB
		SNR medio: 75.88158931119493
		Usuarios totais: 13
$x_{8,56}$
	 $y_{8,56,7}$ = 6.2466033704398285 dB
	 $y_{8,56,17}$ = 19.664020824458945 dB
	 $y_{8,56,29}$ = 5.577006037087386 dB
	 $y_{8,56,42}$ = 8.755359177816842 dB
	 $y_{8,56,53}$ = 16.226246170283417 dB
	 $y_{8,56,55}$ = 30.522034077241585 dB
	 $y_{8,56,61}$ = 5.613068603008543 dB
	 $y_{8,56,63}$ = 13.940855842396317 dB
	 $y_{8,56,67}$ = 27.40171295205799 dB
	 $y_{8,56,72}$ = 7.478243419384569 dB
	 $y_{8,56,77}$ = 11.428624321132958 dB
	 $y_{8,56,80}$ = 7.168277247606142 dB
	 $y_{8,56,84}$ = 10.881979803884661 dB
		SNR medio: 21.631349080915335
		Usuarios totais: 20
$x_{8,74}$
	 $y_{8,74,73}$ = 33.5230074068059 dB
	 $y_{8,74,74}$ = 86.84887671897857 dB
	 $y_{8,74,83}$ = 19.772494382575402 dB
		SNR medio: 82.07768521599422
		Usuarios totais: 4
Distances:
1 : 5 = 1600.0
1 : 56 = 2828.42712474619
1 : 74 = 3046.3092423455632
5 : 56 = 2039.607805437114
5 : 74 = 2828.42712474619
56 : 74 = 1131.370849898476
t=9
$x_{9,1}$
	 $y_{9,1,0}$ = 27.46771615269607 dB
	 $y_{9,1,1}$ = 84.18043708372582 dB
	 $y_{9,1,3}$ = 21.959023108843297 dB
	 $y_{9,1,11}$ = 27.604707659314258 dB
	 $y_{9,1,12}$ = 25.451261861603626 dB
	 $y_{9,1,14}$ = 8.587279509573648 dB
	 $y_{9,1,15}$ = 7.655339529759644 dB
	 $y_{9,1,23}$ = 7.600559393269265 dB
	 $y_{9,1,24}$ = 13.980014232349092 dB
	 $y_{9,1,31}$ = 12.924443445709272 dB
	 $y_{9,1,41}$ = 10.524274331660536 dB
	 $y_{9,1,50}$ = 11.764620937764633 dB
		SNR medio: 73.38865334688222
		Usuarios totais: 15
$x_{9,5}$
	 $y_{9,5,8}$ = 18.253534685278183 dB
	 $y_{9,5,16}$ = 18.50854461168936 dB
	 $y_{9,5,27}$ = 10.69333090863205 dB
	 $y_{9,5,33}$ = 12.506112312398074 dB
	 $y_{9,5,36}$ = 12.508288924423255 dB
	 $y_{9,5,37}$ = 12.987344148256057 dB
	 $y_{9,5,54}$ = 9.437186592706581 dB
		SNR medio: 14.850263669231653
		Usuarios totais: 9
$x_{9,56}$
	 $y_{9,56,28}$ = 5.635741352283986 dB
	 $y_{9,56,29}$ = 5.577006037087386 dB
	 $y_{9,56,40}$ = 5.5304579646933405 dB
	 $y_{9,56,58}$ = 13.952123359361366 dB
	 $y_{9,56,79}$ = 12.093790492020332 dB
		SNR medio: 10.160626177143413
		Usuarios totais: 6
$x_{9,74}$
	 $y_{9,74,26}$ = 5.457221024671014 dB
	 $y_{9,74,38}$ = 7.718129263836573 dB
	 $y_{9,74,42}$ = 11.508939703022378 dB
	 $y_{9,74,51}$ = 7.134961167982823 dB
	 $y_{9,74,52}$ = 14.616512019726812 dB
	 $y_{9,74,55}$ = 12.6888460977531 dB
	 $y_{9,74,57}$ = 7.613198971198258 dB
	 $y_{9,74,64}$ = 32.38016356597876 dB
	 $y_{9,74,67}$ = 11.89433277047118 dB
	 $y_{9,74,71}$ = 11.076040876195947 dB
	 $y_{9,74,72}$ = 19.53647235455155 dB
	 $y_{9,74,73}$ = 33.5230074068059 dB
	 $y_{9,74,75}$ = 27.502241226863802 dB
	 $y_{9,74,76}$ = 14.667203202531155 dB
	 $y_{9,74,77}$ = 8.648106986870147 dB
	 $y_{9,74,78}$ = 8.898356537200527 dB
	 $y_{9,74,81}$ = 13.168128421951721 dB
	 $y_{9,74,82}$ = 26.821324874381943 dB
	 $y_{9,74,91}$ = 14.516132178668471 dB
	 $y_{9,74,92}$ = 12.120018400855997 dB
	 $y_{9,74,93}$ = 19.39332648249065 dB
	 $y_{9,74,95}$ = 12.93901349095708 dB
	 $y_{9,74,99}$ = 6.202017718911222 dB
		SNR medio: 23.74255568834451
		Usuarios totais: 30
Distances:
1 : 5 = 1600.0
1 : 56 = 2828.42712474619
1 : 74 = 3046.3092423455632
5 : 56 = 2039.607805437114
5 : 74 = 2828.42712474619
56 : 74 = 1131.370849898476
--- Done after 1.3321736900673973 hours. ---
