-------------Calculating Solution (this may take a while)
+++++++++++++++++++Min Sinr: 5 dB (fixed)
+++++++++++++++++++With backhaul constraint. Start: 2022-11-12 17:42:24

Parameters:
- chosen seed 5
- Map with 100 sectors
- Map 4000 x 4000 m
- Sector has a side of 400 m
- Max time:  12
- users_t_m:  [[0, 0, 0, 0, 0, 0, 0, 0, 0, 0, 0, 0, 0, 0, 0, 0, 0, 0, 0, 0, 0, 0, 0, 0, 0, 0, 0, 0, 0, 0, 0, 0, 0, 0, 0, 0, 0, 0, 0, 0, 0, 0, 0, 0, 0, 0, 0, 0, 0, 0, 0, 0, 0, 0, 0, 1, 0, 0, 0, 0, 0, 0, 0, 0, 0, 2, 22, 0, 0, 0, 0, 0, 0, 0, 0, 1, 1, 0, 0, 0, 0, 0, 0, 0, 0, 0, 0, 0, 0, 0, 0, 0, 0, 0, 0, 0, 0, 0, 0, 0], [2, 0, 0, 0, 0, 0, 0, 0, 0, 2, 0, 0, 0, 0, 1, 0, 0, 0, 0, 0, 0, 2, 0, 0, 0, 0, 0, 0, 0, 0, 0, 0, 1, 1, 0, 0, 0, 0, 0, 0, 1, 0, 0, 0, 0, 0, 0, 0, 0, 0, 0, 0, 1, 0, 1, 3, 1, 0, 1, 0, 0, 0, 0, 1, 1, 4, 34, 0, 0, 1, 0, 0, 1, 1, 0, 4, 0, 0, 0, 1, 0, 0, 1, 1, 0, 0, 0, 0, 0, 0, 0, 0, 1, 1, 0, 0, 0, 0, 2, 0], [0, 0, 3, 0, 0, 0, 0, 2, 0, 4, 0, 1, 1, 1, 0, 1, 1, 2, 1, 0, 0, 0, 0, 0, 1, 1, 1, 1, 0, 1, 0, 1, 0, 0, 2, 1, 0, 0, 2, 0, 0, 2, 1, 0, 2, 0, 1, 1, 0, 0, 2, 0, 2, 0, 0, 1, 1, 0, 1, 1, 1, 2, 2, 0, 3, 3, 23, 0, 1, 1, 1, 2, 1, 3, 2, 3, 4, 0, 2, 0, 1, 0, 0, 1, 0, 1, 0, 0, 0, 1, 0, 0, 1, 0, 1, 1, 0, 0, 0, 0], [0, 2, 0, 1, 1, 3, 0, 0, 1, 2, 4, 0, 1, 2, 2, 0, 0, 1, 0, 1, 2, 1, 1, 1, 1, 0, 2, 1, 1, 2, 1, 2, 1, 4, 1, 1, 0, 6, 0, 1, 0, 3, 1, 0, 2, 1, 1, 0, 0, 0, 0, 2, 2, 2, 1, 1, 0, 0, 0, 1, 2, 0, 2, 0, 2, 2, 23, 0, 0, 1, 1, 0, 1, 0, 2, 1, 3, 2, 1, 1, 0, 0, 1, 0, 2, 3, 3, 0, 1, 0, 0, 0, 0, 4, 0, 2, 0, 1, 1, 1], [1, 0, 4, 1, 1, 1, 0, 2, 4, 2, 1, 0, 2, 0, 2, 1, 2, 3, 0, 2, 3, 1, 1, 0, 0, 2, 1, 1, 0, 1, 1, 0, 2, 3, 2, 0, 1, 0, 0, 3, 2, 0, 1, 1, 2, 1, 2, 1, 1, 0, 0, 0, 1, 1, 1, 0, 2, 2, 0, 1, 1, 2, 3, 2, 1, 5, 31, 1, 1, 1, 0, 3, 3, 1, 3, 4, 3, 1, 4, 1, 1, 2, 0, 0, 1, 3, 1, 1, 2, 1, 3, 1, 2, 1, 2, 0, 1, 1, 2, 0], [4, 1, 4, 2, 2, 2, 0, 0, 0, 2, 1, 1, 3, 1, 1, 1, 2, 0, 0, 3, 0, 3, 1, 0, 0, 2, 2, 2, 1, 0, 3, 1, 1, 0, 0, 2, 0, 1, 1, 1, 0, 3, 1, 0, 2, 5, 1, 0, 1, 3, 0, 1, 3, 2, 3, 1, 4, 5, 3, 3, 1, 4, 0, 3, 1, 7, 26, 5, 1, 2, 1, 5, 2, 0, 0, 5, 3, 2, 3, 3, 1, 5, 2, 2, 2, 2, 2, 2, 1, 1, 0, 0, 2, 2, 2, 2, 0, 3, 1, 3], [0, 3, 5, 2, 6, 3, 3, 3, 0, 1, 0, 1, 1, 0, 2, 0, 3, 2, 0, 1, 2, 3, 1, 3, 0, 5, 1, 2, 5, 2, 3, 2, 3, 3, 1, 1, 1, 2, 1, 3, 0, 2, 2, 1, 2, 2, 1, 0, 2, 1, 2, 2, 2, 2, 0, 1, 2, 0, 1, 0, 0, 2, 1, 5, 3, 2, 5, 2, 0, 2, 0, 1, 1, 2, 2, 2, 2, 0, 4, 2, 4, 4, 3, 3, 3, 2, 0, 0, 1, 1, 1, 0, 0, 3, 2, 0, 1, 2, 4, 2], [0, 1, 0, 2, 0, 1, 4, 1, 1, 0, 2, 0, 2, 2, 0, 1, 0, 2, 2, 0, 2, 1, 1, 0, 1, 1, 3, 2, 1, 1, 1, 1, 1, 1, 4, 0, 2, 0, 0, 3, 0, 3, 2, 3, 1, 1, 2, 3, 4, 1, 2, 4, 3, 1, 3, 1, 2, 0, 1, 2, 2, 1, 0, 2, 0, 3, 1, 2, 1, 4, 2, 1, 0, 1, 2, 1, 3, 1, 3, 1, 0, 2, 0, 0, 2, 3, 1, 1, 0, 3, 2, 2, 0, 3, 1, 2, 1, 2, 1, 0], [1, 0, 0, 0, 0, 0, 0, 1, 0, 0, 3, 2, 3, 0, 0, 1, 1, 2, 0, 1, 2, 2, 0, 2, 2, 1, 1, 0, 1, 0, 1, 0, 0, 3, 0, 0, 1, 1, 1, 0, 1, 3, 3, 0, 1, 2, 1, 4, 1, 0, 1, 0, 1, 1, 2, 0, 3, 1, 0, 2, 0, 1, 3, 2, 3, 0, 0, 0, 1, 0, 3, 0, 0, 4, 0, 2, 3, 1, 0, 2, 2, 0, 1, 2, 1, 1, 2, 0, 2, 1, 0, 1, 2, 0, 1, 1, 2, 1, 3, 3], [1, 1, 0, 0, 1, 1, 1, 0, 2, 0, 0, 2, 0, 0, 0, 1, 1, 0, 2, 1, 0, 0, 0, 0, 0, 1, 0, 2, 0, 1, 1, 1, 0, 0, 1, 4, 0, 2, 3, 0, 2, 1, 1, 3, 0, 0, 2, 0, 1, 0, 2, 1, 0, 0, 0, 0, 1, 1, 0, 1, 0, 0, 1, 0, 2, 0, 0, 0, 0, 1, 1, 0, 1, 3, 0, 1, 1, 1, 0, 1, 1, 1, 1, 2, 0, 0, 1, 4, 1, 0, 2, 1, 0, 0, 0, 1, 1, 0, 0, 0], [0, 0, 1, 0, 0, 0, 0, 1, 0, 0, 2, 0, 1, 0, 2, 0, 0, 0, 1, 0, 1, 0, 1, 0, 0, 1, 1, 0, 1, 1, 0, 0, 0, 0, 0, 0, 1, 1, 2, 0, 0, 0, 0, 0, 0, 1, 0, 0, 1, 1, 0, 1, 1, 1, 0, 2, 0, 0, 2, 0, 0, 1, 1, 0, 0, 0, 0, 0, 2, 0, 1, 1, 2, 0, 1, 1, 0, 0, 0, 1, 2, 1, 0, 1, 0, 0, 0, 1, 0, 0, 1, 0, 1, 0, 0, 0, 0, 0, 1, 0], [0, 0, 0, 0, 0, 0, 0, 0, 0, 0, 0, 0, 0, 0, 0, 1, 0, 0, 0, 0, 0, 0, 0, 0, 0, 0, 0, 0, 0, 0, 0, 0, 0, 0, 1, 0, 0, 0, 0, 0, 0, 0, 0, 0, 0, 0, 0, 0, 0, 0, 0, 0, 0, 0, 0, 1, 0, 0, 0, 1, 0, 0, 1, 0, 1, 0, 1, 0, 0, 0, 1, 0, 0, 0, 0, 1, 1, 0, 0, 0, 0, 0, 1, 0, 0, 0, 1, 0, 1, 0, 1, 0, 0, 0, 0, 0, 1, 0, 1, 0]]
MAX_USER_PER_ANTENNAS_m:  [60, 60, 60, 60, 60, 60, 60, 60, 60, 60, 60, 60, 60, 60, 60, 60, 60, 60, 60, 60, 60, 60, 60, 60, 60, 60, 60, 60, 60, 60, 60, 60, 60, 60, 60, 60, 60, 60, 60, 60, 60, 60, 60, 60, 60, 60, 60, 60, 60, 60, 60, 60, 60, 60, 60, 60, 60, 60, 60, 60, 60, 60, 60, 60, 60, 60, 60, 60, 60, 60, 60, 60, 60, 60, 60, 60, 60, 60, 60, 60, 60, 60, 60, 60, 60, 60, 60, 60, 60, 60, 60, 60, 60, 60, 60, 60, 60, 60, 60, 60]
antennas_map_m:  [1, 1, 1, 1, 1, 1, 1, 1, 1, 1, 1, 1, 1, 1, 1, 1, 1, 1, 1, 1, 1, 1, 1, 1, 1, 1, 1, 1, 1, 1, 1, 1, 1, 1, 1, 1, 1, 1, 1, 1, 1, 1, 1, 1, 1, 1, 1, 1, 1, 1, 1, 1, 1, 1, 1, 1, 1, 1, 1, 1, 1, 1, 1, 1, 1, 1, 1, 1, 1, 1, 1, 1, 1, 1, 1, 1, 1, 1, 1, 1, 1, 1, 1, 1, 1, 1, 1, 1, 1, 1, 1, 1, 1, 1, 1, 1, 1, 1, 1, 1]
FIRST_ANTENNA:  76
MIN_SNR_m:  [3.1622776601683795, 3.1622776601683795, 3.1622776601683795, 3.1622776601683795, 3.1622776601683795, 3.1622776601683795, 3.1622776601683795, 3.1622776601683795, 3.1622776601683795, 3.1622776601683795, 3.1622776601683795, 3.1622776601683795, 3.1622776601683795, 3.1622776601683795, 3.1622776601683795, 3.1622776601683795, 3.1622776601683795, 3.1622776601683795, 3.1622776601683795, 3.1622776601683795, 3.1622776601683795, 3.1622776601683795, 3.1622776601683795, 3.1622776601683795, 3.1622776601683795, 3.1622776601683795, 3.1622776601683795, 3.1622776601683795, 3.1622776601683795, 3.1622776601683795, 3.1622776601683795, 3.1622776601683795, 3.1622776601683795, 3.1622776601683795, 3.1622776601683795, 3.1622776601683795, 3.1622776601683795, 3.1622776601683795, 3.1622776601683795, 3.1622776601683795, 3.1622776601683795, 3.1622776601683795, 3.1622776601683795, 3.1622776601683795, 3.1622776601683795, 3.1622776601683795, 3.1622776601683795, 3.1622776601683795, 3.1622776601683795, 3.1622776601683795, 3.1622776601683795, 3.1622776601683795, 3.1622776601683795, 3.1622776601683795, 3.1622776601683795, 3.1622776601683795, 3.1622776601683795, 3.1622776601683795, 3.1622776601683795, 3.1622776601683795, 3.1622776601683795, 3.1622776601683795, 3.1622776601683795, 3.1622776601683795, 3.1622776601683795, 3.1622776601683795, 3.1622776601683795, 3.1622776601683795, 3.1622776601683795, 3.1622776601683795, 3.1622776601683795, 3.1622776601683795, 3.1622776601683795, 3.1622776601683795, 3.1622776601683795, 3.1622776601683795, 3.1622776601683795, 3.1622776601683795, 3.1622776601683795, 3.1622776601683795, 3.1622776601683795, 3.1622776601683795, 3.1622776601683795, 3.1622776601683795, 3.1622776601683795, 3.1622776601683795, 3.1622776601683795, 3.1622776601683795, 3.1622776601683795, 3.1622776601683795, 3.1622776601683795, 3.1622776601683795, 3.1622776601683795, 3.1622776601683795, 3.1622776601683795, 3.1622776601683795, 3.1622776601683795, 3.1622776601683795, 3.1622776601683795, 3.1622776601683795]
-MIN_DIST:  2000
- disaster percentage:  0

Média de carros: 3.6666666666666665
t=0
$x_{0,76}$
	 $y_{0,76,55}$ = 16.064802045734766 dB
	 $y_{0,76,65}$ = 16.437051802726117 dB
	 $y_{0,76,66}$ = 27.3882429822183 dB
	 $y_{0,76,75}$ = 24.005608442039645 dB
	 $y_{0,76,76}$ = 81.22095562180817 dB
		SNR medio: 74.23128456130168
		Usuarios totais: 27
Distances:
t=1
$x_{1,26}$
	 $y_{1,26,0}$ = 10.083066841783932 dB
	 $y_{1,26,9}$ = 6.66463824621286 dB
	 $y_{1,26,14}$ = 10.285933846809598 dB
	 $y_{1,26,21}$ = 6.057855378108883 dB
	 $y_{1,26,32}$ = 14.365524458139305 dB
	 $y_{1,26,33}$ = 10.920855776470177 dB
	 $y_{1,26,55}$ = 8.185896293049922 dB
	 $y_{1,26,56}$ = 16.10323705644646 dB
	 $y_{1,26,63}$ = 6.782650932866346 dB
	 $y_{1,26,69}$ = 8.667948285620781 dB
	 $y_{1,26,75}$ = 6.963820851998406 dB
		SNR medio: 10.846866939757877
		Usuarios totais: 19
$x_{1,71}$
	 $y_{1,71,40}$ = 12.395156983575447 dB
	 $y_{1,71,52}$ = 18.328482067517243 dB
	 $y_{1,71,82}$ = 19.59763090339085 dB
	 $y_{1,71,98}$ = 5.598097220458243 dB
		SNR medio: 16.536762930390537
		Usuarios totais: 5
$x_{1,76}$
	 $y_{1,76,54}$ = 10.661264517682042 dB
	 $y_{1,76,58}$ = 19.87271211885154 dB
	 $y_{1,76,64}$ = 18.72776199292018 dB
	 $y_{1,76,65}$ = 16.437051802726117 dB
	 $y_{1,76,66}$ = 27.3882429822183 dB
	 $y_{1,76,72}$ = 10.453604241781989 dB
	 $y_{1,76,73}$ = 10.78362063352958 dB
	 $y_{1,76,79}$ = 10.218967782362796 dB
	 $y_{1,76,83}$ = 11.772786956782568 dB
	 $y_{1,76,92}$ = 11.539565360351446 dB
	 $y_{1,76,93}$ = 5.202048878715971 dB
		SNR medio: 18.83737568532488
		Usuarios totais: 47
Distances:
26 : 71 = 2828.42712474619
26 : 76 = 2000.0
71 : 76 = 2000.0
t=2
$x_{2,26}$
	 $y_{2,26,9}$ = 6.66463824621286 dB
	 $y_{2,26,13}$ = 7.434195230508266 dB
	 $y_{2,26,15}$ = 23.239587715681054 dB
	 $y_{2,26,16}$ = 28.83157775774913 dB
	 $y_{2,26,26}$ = 88.51986875563767 dB
	 $y_{2,26,38}$ = 16.894863548271104 dB
	 $y_{2,26,58}$ = 9.500344160869673 dB
	 $y_{2,26,59}$ = 14.309687834378877 dB
	 $y_{2,26,65}$ = 16.51873619659763 dB
	 $y_{2,26,66}$ = 8.981643042329495 dB
		SNR medio: 78.51987561156736
		Usuarios totais: 38
$x_{2,34}$
	 $y_{2,34,2}$ = 6.431280156459309 dB
	 $y_{2,34,7}$ = 10.185542660690288 dB
	 $y_{2,34,12}$ = 21.352555226242913 dB
	 $y_{2,34,17}$ = 12.451500374536721 dB
	 $y_{2,34,18}$ = 6.306501233530156 dB
	 $y_{2,34,24}$ = 35.49464943591647 dB
	 $y_{2,34,25}$ = 17.36052854675603 dB
	 $y_{2,34,29}$ = 9.263085489209004 dB
	 $y_{2,34,34}$ = 91.80783745894468 dB
	 $y_{2,34,35}$ = 28.059128508599287 dB
	 $y_{2,34,44}$ = 23.33672856993961 dB
	 $y_{2,34,56}$ = 13.73524810632469 dB
	 $y_{2,34,85}$ = 11.876783679619024 dB
		SNR medio: 80.66841732346525
		Usuarios totais: 19
$x_{2,71}$
	 $y_{2,71,11}$ = 6.891691439231835 dB
	 $y_{2,71,31}$ = 10.670832590784144 dB
	 $y_{2,71,41}$ = 17.913217042813173 dB
	 $y_{2,71,42}$ = 12.916794868075783 dB
	 $y_{2,71,46}$ = 7.362199834203267 dB
	 $y_{2,71,50}$ = 9.79461420069697 dB
	 $y_{2,71,52}$ = 18.328482067517243 dB
	 $y_{2,71,55}$ = 7.739471177927811 dB
	 $y_{2,71,60}$ = 23.2183017149261 dB
	 $y_{2,71,61}$ = 30.20507096389511 dB
	 $y_{2,71,62}$ = 22.56646846475715 dB
	 $y_{2,71,64}$ = 8.779014932111409 dB
	 $y_{2,71,70}$ = 24.577680684090566 dB
	 $y_{2,71,71}$ = 89.14063297685746 dB
	 $y_{2,71,72}$ = 26.065901998299438 dB
	 $y_{2,71,73}$ = 14.694070899570505 dB
	 $y_{2,71,75}$ = 14.469356910719725 dB
	 $y_{2,71,80}$ = 28.029548431856213 dB
	 $y_{2,71,83}$ = 15.090374087931721 dB
		SNR medio: 76.35311310834734
		Usuarios totais: 31
$x_{2,76}$
	 $y_{2,76,27}$ = 9.814259244646564 dB
	 $y_{2,76,47}$ = 7.769898562148455 dB
	 $y_{2,76,68}$ = 25.115836932342688 dB
	 $y_{2,76,69}$ = 9.723470963863605 dB
	 $y_{2,76,74}$ = 14.509946441391492 dB
	 $y_{2,76,76}$ = 81.22095562180817 dB
	 $y_{2,76,78}$ = 17.62880726557367 dB
	 $y_{2,76,89}$ = 15.771155964688873 dB
	 $y_{2,76,92}$ = 11.539565360351446 dB
	 $y_{2,76,94}$ = 12.047179997910092 dB
	 $y_{2,76,95}$ = 21.28269255470697 dB
		SNR medio: 70.80704969760583
		Usuarios totais: 16
Distances:
26 : 34 = 894.4271909999159
26 : 71 = 2828.42712474619
26 : 76 = 2000.0
34 : 71 = 2000.0
34 : 76 = 1788.8543819998317
71 : 76 = 2000.0
t=3
$x_{3,26}$
	 $y_{3,26,3}$ = 9.384717306240702 dB
	 $y_{3,26,4}$ = 9.725284211980664 dB
	 $y_{3,26,5}$ = 18.163364167137843 dB
	 $y_{3,26,8}$ = 7.912625818531467 dB
	 $y_{3,26,9}$ = 6.66463824621286 dB
	 $y_{3,26,13}$ = 7.434195230508266 dB
	 $y_{3,26,14}$ = 10.285933846809598 dB
	 $y_{3,26,19}$ = 15.426513038388563 dB
	 $y_{3,26,23}$ = 12.47696656610907 dB
	 $y_{3,26,26}$ = 88.51986875563767 dB
	 $y_{3,26,29}$ = 10.193713626514068 dB
	 $y_{3,26,30}$ = 5.252275565551912 dB
	 $y_{3,26,37}$ = 25.43174731635432 dB
	 $y_{3,26,59}$ = 14.309687834378877 dB
	 $y_{3,26,65}$ = 16.51873619659763 dB
	 $y_{3,26,69}$ = 8.667948285620781 dB
		SNR medio: 76.47867262649451
		Usuarios totais: 29
$x_{3,34}$
	 $y_{3,34,1}$ = 7.313974226634514 dB
	 $y_{3,34,10}$ = 10.769163562343238 dB
	 $y_{3,34,12}$ = 21.352555226242913 dB
	 $y_{3,34,17}$ = 12.451500374536721 dB
	 $y_{3,34,21}$ = 10.84116489991061 dB
	 $y_{3,34,24}$ = 35.49464943591647 dB
	 $y_{3,34,28}$ = 8.591591067798959 dB
	 $y_{3,34,33}$ = 33.16415770676721 dB
	 $y_{3,34,34}$ = 91.80783745894468 dB
	 $y_{3,34,99}$ = 9.185933632310721 dB
		SNR medio: 81.80785411412002
		Usuarios totais: 17
$x_{3,71}$
	 $y_{3,71,20}$ = 7.29873305058419 dB
	 $y_{3,71,22}$ = 8.55661191690217 dB
	 $y_{3,71,31}$ = 10.670832590784144 dB
	 $y_{3,71,32}$ = 7.447953543390042 dB
	 $y_{3,71,41}$ = 17.913217042813173 dB
	 $y_{3,71,42}$ = 12.916794868075783 dB
	 $y_{3,71,46}$ = 7.362199834203267 dB
	 $y_{3,71,51}$ = 29.015215257944405 dB
	 $y_{3,71,52}$ = 18.328482067517243 dB
	 $y_{3,71,53}$ = 11.134424590623524 dB
	 $y_{3,71,54}$ = 8.799893916895371 dB
	 $y_{3,71,55}$ = 7.739471177927811 dB
	 $y_{3,71,60}$ = 23.2183017149261 dB
	 $y_{3,71,62}$ = 22.56646846475715 dB
	 $y_{3,71,64}$ = 8.779014932111409 dB
	 $y_{3,71,70}$ = 24.577680684090566 dB
	 $y_{3,71,72}$ = 26.065901998299438 dB
	 $y_{3,71,74}$ = 6.477606132262977 dB
	 $y_{3,71,79}$ = 5.320425997775288 dB
	 $y_{3,71,82}$ = 19.59763090339085 dB
	 $y_{3,71,84}$ = 19.96929574409758 dB
	 $y_{3,71,98}$ = 5.598097220458243 dB
		SNR medio: 20.191718428328954
		Usuarios totais: 34
$x_{3,76}$
	 $y_{3,76,27}$ = 9.814259244646564 dB
	 $y_{3,76,35}$ = 12.925557793067469 dB
	 $y_{3,76,39}$ = 10.03100433410168 dB
	 $y_{3,76,44}$ = 14.617253501495895 dB
	 $y_{3,76,45}$ = 8.455833913326103 dB
	 $y_{3,76,66}$ = 27.3882429822183 dB
	 $y_{3,76,75}$ = 24.005608442039645 dB
	 $y_{3,76,76}$ = 81.22095562180817 dB
	 $y_{3,76,77}$ = 39.83692597200091 dB
	 $y_{3,76,78}$ = 17.62880726557367 dB
	 $y_{3,76,85}$ = 23.13663055161537 dB
	 $y_{3,76,86}$ = 36.21824790618057 dB
	 $y_{3,76,88}$ = 17.214953049769406 dB
	 $y_{3,76,93}$ = 5.202048878715971 dB
	 $y_{3,76,95}$ = 21.28269255470697 dB
	 $y_{3,76,97}$ = 20.216802943430977 dB
		SNR medio: 69.18025581227812
		Usuarios totais: 50
Distances:
26 : 34 = 894.4271909999159
26 : 71 = 2828.42712474619
26 : 76 = 2000.0
34 : 71 = 2000.0
34 : 76 = 1788.8543819998317
71 : 76 = 2000.0
t=4
$x_{4,26}$
	 $y_{4,26,0}$ = 10.083066841783932 dB
	 $y_{4,26,3}$ = 9.384717306240702 dB
	 $y_{4,26,8}$ = 7.912625818531467 dB
	 $y_{4,26,9}$ = 6.66463824621286 dB
	 $y_{4,26,16}$ = 28.83157775774913 dB
	 $y_{4,26,21}$ = 6.057855378108883 dB
	 $y_{4,26,26}$ = 88.51986875563767 dB
	 $y_{4,26,30}$ = 5.252275565551912 dB
	 $y_{4,26,33}$ = 10.920855776470177 dB
	 $y_{4,26,39}$ = 10.871773180403153 dB
	 $y_{4,26,59}$ = 14.309687834378877 dB
	 $y_{4,26,65}$ = 16.51873619659763 dB
		SNR medio: 77.72806177651722
		Usuarios totais: 25
$x_{4,34}$
	 $y_{4,34,2}$ = 6.431280156459309 dB
	 $y_{4,34,4}$ = 11.311108191643058 dB
	 $y_{4,34,5}$ = 10.777713520707735 dB
	 $y_{4,34,7}$ = 10.185542660690288 dB
	 $y_{4,34,10}$ = 10.769163562343238 dB
	 $y_{4,34,12}$ = 21.352555226242913 dB
	 $y_{4,34,14}$ = 10.39964538640993 dB
	 $y_{4,34,15}$ = 18.980493445441553 dB
	 $y_{4,34,17}$ = 12.451500374536721 dB
	 $y_{4,34,19}$ = 5.002692165350311 dB
	 $y_{4,34,27}$ = 13.127083428103077 dB
	 $y_{4,34,29}$ = 9.263085489209004 dB
	 $y_{4,34,34}$ = 91.80783745894468 dB
	 $y_{4,34,44}$ = 23.33672856993961 dB
	 $y_{4,34,48}$ = 13.2114064713588 dB
	 $y_{4,34,56}$ = 13.73524810632469 dB
	 $y_{4,34,62}$ = 9.52535019788931 dB
	 $y_{4,34,69}$ = 12.52498066849327 dB
	 $y_{4,34,72}$ = 8.345546530589388 dB
	 $y_{4,34,85}$ = 11.876783679619024 dB
		SNR medio: 78.79753932922384
		Usuarios totais: 38
$x_{4,71}$
	 $y_{4,71,20}$ = 7.29873305058419 dB
	 $y_{4,71,22}$ = 8.55661191690217 dB
	 $y_{4,71,32}$ = 7.447953543390042 dB
	 $y_{4,71,40}$ = 12.395156983575447 dB
	 $y_{4,71,42}$ = 12.916794868075783 dB
	 $y_{4,71,43}$ = 6.449878058324771 dB
	 $y_{4,71,46}$ = 7.362199834203267 dB
	 $y_{4,71,47}$ = 5.929821430345399 dB
	 $y_{4,71,52}$ = 18.328482067517243 dB
	 $y_{4,71,53}$ = 11.134424590623524 dB
	 $y_{4,71,54}$ = 8.799893916895371 dB
	 $y_{4,71,60}$ = 23.2183017149261 dB
	 $y_{4,71,63}$ = 14.705695848305538 dB
	 $y_{4,71,64}$ = 8.779014932111409 dB
	 $y_{4,71,71}$ = 89.14063297685746 dB
	 $y_{4,71,73}$ = 14.694070899570505 dB
	 $y_{4,71,74}$ = 6.477606132262977 dB
	 $y_{4,71,75}$ = 14.469356910719725 dB
	 $y_{4,71,79}$ = 5.320425997775288 dB
	 $y_{4,71,80}$ = 28.029548431856213 dB
	 $y_{4,71,81}$ = 29.96478114132603 dB
	 $y_{4,71,84}$ = 19.96929574409758 dB
	 $y_{4,71,90}$ = 15.304928545069032 dB
	 $y_{4,71,91}$ = 13.096857979154706 dB
	 $y_{4,71,92}$ = 13.414360199725053 dB
	 $y_{4,71,93}$ = 11.181719344520076 dB
	 $y_{4,71,98}$ = 5.598097220458243 dB
		SNR medio: 74.82700745235013
		Usuarios totais: 45
$x_{4,76}$
	 $y_{4,76,25}$ = 5.821281296211225 dB
	 $y_{4,76,36}$ = 6.7803571178904605 dB
	 $y_{4,76,45}$ = 8.455833913326103 dB
	 $y_{4,76,57}$ = 13.735027938435223 dB
	 $y_{4,76,61}$ = 6.532902512301149 dB
	 $y_{4,76,66}$ = 27.3882429822183 dB
	 $y_{4,76,67}$ = 14.603782346038045 dB
	 $y_{4,76,68}$ = 25.115836932342688 dB
	 $y_{4,76,76}$ = 81.22095562180817 dB
	 $y_{4,76,77}$ = 39.83692597200091 dB
	 $y_{4,76,78}$ = 17.62880726557367 dB
	 $y_{4,76,86}$ = 36.21824790618057 dB
	 $y_{4,76,87}$ = 21.794508590889762 dB
	 $y_{4,76,88}$ = 17.214953049769406 dB
	 $y_{4,76,89}$ = 15.771155964688873 dB
	 $y_{4,76,94}$ = 12.047179997910092 dB
	 $y_{4,76,96}$ = 11.477534247323803 dB
	 $y_{4,76,97}$ = 20.216802943430977 dB
		SNR medio: 68.66872881938052
		Usuarios totais: 58
Distances:
26 : 34 = 894.4271909999159
26 : 71 = 2828.42712474619
26 : 76 = 2000.0
34 : 71 = 2000.0
34 : 76 = 1788.8543819998317
71 : 76 = 2000.0
t=5
$x_{5,26}$
	 $y_{5,26,0}$ = 10.083066841783932 dB
	 $y_{5,26,2}$ = 12.457238666172245 dB
	 $y_{5,26,4}$ = 9.725284211980664 dB
	 $y_{5,26,9}$ = 6.66463824621286 dB
	 $y_{5,26,14}$ = 10.285933846809598 dB
	 $y_{5,26,15}$ = 23.239587715681054 dB
	 $y_{5,26,16}$ = 28.83157775774913 dB
	 $y_{5,26,21}$ = 6.057855378108883 dB
	 $y_{5,26,25}$ = 32.96310978370393 dB
	 $y_{5,26,26}$ = 88.51986875563767 dB
	 $y_{5,26,27}$ = 35.50310742590551 dB
	 $y_{5,26,30}$ = 5.252275565551912 dB
	 $y_{5,26,32}$ = 14.365524458139305 dB
	 $y_{5,26,35}$ = 35.19163096076045 dB
	 $y_{5,26,38}$ = 16.894863548271104 dB
	 $y_{5,26,39}$ = 10.871773180403153 dB
	 $y_{5,26,42}$ = 8.490656561272644 dB
	 $y_{5,26,44}$ = 12.625413458079208 dB
	 $y_{5,26,48}$ = 7.105557138920261 dB
	 $y_{5,26,49}$ = 13.638492260875296 dB
	 $y_{5,26,55}$ = 8.185896293049922 dB
	 $y_{5,26,59}$ = 14.309687834378877 dB
	 $y_{5,26,65}$ = 16.51873619659763 dB
	 $y_{5,26,68}$ = 10.169430452575241 dB
	 $y_{5,26,69}$ = 8.667948285620781 dB
	 $y_{5,26,75}$ = 6.963820851998406 dB
		SNR medio: 74.3701970256212
		Usuarios totais: 59
$x_{5,34}$
	 $y_{5,34,1}$ = 7.313974226634514 dB
	 $y_{5,34,3}$ = 5.349901352695468 dB
	 $y_{5,34,5}$ = 10.777713520707735 dB
	 $y_{5,34,10}$ = 10.769163562343238 dB
	 $y_{5,34,11}$ = 14.749577252569836 dB
	 $y_{5,34,12}$ = 21.352555226242913 dB
	 $y_{5,34,13}$ = 17.128868878920045 dB
	 $y_{5,34,19}$ = 5.002692165350311 dB
	 $y_{5,34,22}$ = 16.289815450447605 dB
	 $y_{5,34,28}$ = 8.591591067798959 dB
	 $y_{5,34,37}$ = 17.47571907163828 dB
	 $y_{5,34,41}$ = 6.820858091293786 dB
	 $y_{5,34,45}$ = 22.748883920835596 dB
	 $y_{5,34,46}$ = 11.562246831315434 dB
	 $y_{5,34,53}$ = 12.757854569801907 dB
	 $y_{5,34,56}$ = 13.73524810632469 dB
	 $y_{5,34,57}$ = 13.075667803984686 dB
	 $y_{5,34,64}$ = 9.657060687252965 dB
	 $y_{5,34,67}$ = 7.069043685958192 dB
	 $y_{5,34,80}$ = 5.401338349335049 dB
	 $y_{5,34,85}$ = 11.876783679619024 dB
	 $y_{5,34,99}$ = 9.185933632310721 dB
		SNR medio: 14.84535964081137
		Usuarios totais: 49
$x_{5,71}$
	 $y_{5,71,31}$ = 10.670832590784144 dB
	 $y_{5,71,52}$ = 18.328482067517243 dB
	 $y_{5,71,54}$ = 8.799893916895371 dB
	 $y_{5,71,60}$ = 23.2183017149261 dB
	 $y_{5,71,63}$ = 14.705695848305538 dB
	 $y_{5,71,70}$ = 24.577680684090566 dB
	 $y_{5,71,71}$ = 89.14063297685746 dB
	 $y_{5,71,72}$ = 26.065901998299438 dB
	 $y_{5,71,81}$ = 29.96478114132603 dB
	 $y_{5,71,82}$ = 19.59763090339085 dB
	 $y_{5,71,83}$ = 15.090374087931721 dB
	 $y_{5,71,92}$ = 13.414360199725053 dB
	 $y_{5,71,93}$ = 11.181719344520076 dB
	 $y_{5,71,98}$ = 5.598097220458243 dB
		SNR medio: 77.6793641162199
		Usuarios totais: 33
$x_{5,76}$
	 $y_{5,76,51}$ = 7.173835344249255 dB
	 $y_{5,76,58}$ = 19.87271211885154 dB
	 $y_{5,76,61}$ = 6.532902512301149 dB
	 $y_{5,76,66}$ = 27.3882429822183 dB
	 $y_{5,76,76}$ = 81.22095562180817 dB
	 $y_{5,76,77}$ = 39.83692597200091 dB
	 $y_{5,76,78}$ = 17.62880726557367 dB
	 $y_{5,76,79}$ = 10.218967782362796 dB
	 $y_{5,76,84}$ = 16.524484916541056 dB
	 $y_{5,76,86}$ = 36.21824790618057 dB
	 $y_{5,76,87}$ = 21.794508590889762 dB
	 $y_{5,76,88}$ = 17.214953049769406 dB
	 $y_{5,76,89}$ = 15.771155964688873 dB
	 $y_{5,76,94}$ = 12.047179997910092 dB
	 $y_{5,76,95}$ = 21.28269255470697 dB
	 $y_{5,76,97}$ = 20.216802943430977 dB
		SNR medio: 69.18025028067787
		Usuarios totais: 60
Distances:
26 : 34 = 894.4271909999159
26 : 71 = 2828.42712474619
26 : 76 = 2000.0
34 : 71 = 2000.0
34 : 76 = 1788.8543819998317
71 : 76 = 2000.0
t=6
$x_{6,26}$
	 $y_{6,26,2}$ = 12.457238666172245 dB
	 $y_{6,26,4}$ = 9.725284211980664 dB
	 $y_{6,26,5}$ = 18.163364167137843 dB
	 $y_{6,26,7}$ = 22.46543103496181 dB
	 $y_{6,26,9}$ = 6.66463824621286 dB
	 $y_{6,26,16}$ = 28.83157775774913 dB
	 $y_{6,26,21}$ = 6.057855378108883 dB
	 $y_{6,26,23}$ = 12.47696656610907 dB
	 $y_{6,26,26}$ = 88.51986875563767 dB
	 $y_{6,26,28}$ = 13.282364750662055 dB
	 $y_{6,26,30}$ = 5.252275565551912 dB
	 $y_{6,26,33}$ = 10.920855776470177 dB
	 $y_{6,26,38}$ = 16.894863548271104 dB
	 $y_{6,26,39}$ = 10.871773180403153 dB
	 $y_{6,26,46}$ = 14.61910303905502 dB
	 $y_{6,26,48}$ = 7.105557138920261 dB
		SNR medio: 76.47867620600398
		Usuarios totais: 46
$x_{6,34}$
	 $y_{6,34,1}$ = 7.313974226634514 dB
	 $y_{6,34,3}$ = 5.349901352695468 dB
	 $y_{6,34,6}$ = 13.83391514238734 dB
	 $y_{6,34,11}$ = 14.749577252569836 dB
	 $y_{6,34,12}$ = 21.352555226242913 dB
	 $y_{6,34,14}$ = 10.39964538640993 dB
	 $y_{6,34,17}$ = 12.451500374536721 dB
	 $y_{6,34,22}$ = 16.289815450447605 dB
	 $y_{6,34,25}$ = 17.36052854675603 dB
	 $y_{6,34,27}$ = 13.127083428103077 dB
	 $y_{6,34,29}$ = 9.263085489209004 dB
	 $y_{6,34,31}$ = 17.14982869556158 dB
	 $y_{6,34,32}$ = 16.767981309973237 dB
	 $y_{6,34,34}$ = 91.80783745894468 dB
	 $y_{6,34,35}$ = 28.059128508599287 dB
	 $y_{6,34,37}$ = 17.47571907163828 dB
	 $y_{6,34,41}$ = 6.820858091293786 dB
	 $y_{6,34,45}$ = 22.748883920835596 dB
	 $y_{6,34,51}$ = 12.017693300872054 dB
	 $y_{6,34,52}$ = 17.118867074415192 dB
	 $y_{6,34,53}$ = 12.757854569801907 dB
	 $y_{6,34,55}$ = 22.74202263329066 dB
	 $y_{6,34,56}$ = 13.73524810632469 dB
	 $y_{6,34,62}$ = 9.52535019788931 dB
	 $y_{6,34,73}$ = 11.955124274737756 dB
	 $y_{6,34,80}$ = 5.401338349335049 dB
	 $y_{6,34,85}$ = 11.876783679619024 dB
	 $y_{6,34,99}$ = 9.185933632310721 dB
		SNR medio: 77.33626199095254
		Usuarios totais: 57
$x_{6,71}$
	 $y_{6,71,20}$ = 7.29873305058419 dB
	 $y_{6,71,50}$ = 9.79461420069697 dB
	 $y_{6,71,71}$ = 89.14063297685746 dB
	 $y_{6,71,82}$ = 19.59763090339085 dB
	 $y_{6,71,84}$ = 19.96929574409758 dB
	 $y_{6,71,90}$ = 15.304928545069032 dB
	 $y_{6,71,98}$ = 5.598097220458243 dB
		SNR medio: 80.68965386247156
		Usuarios totais: 16
$x_{6,76}$
	 $y_{6,76,19}$ = 5.350131631359432 dB
	 $y_{6,76,36}$ = 6.7803571178904605 dB
	 $y_{6,76,42}$ = 13.028413399440112 dB
	 $y_{6,76,43}$ = 6.847075405488738 dB
	 $y_{6,76,44}$ = 14.617253501495895 dB
	 $y_{6,76,49}$ = 7.214996415771992 dB
	 $y_{6,76,58}$ = 19.87271211885154 dB
	 $y_{6,76,61}$ = 6.532902512301149 dB
	 $y_{6,76,63}$ = 12.31370810896368 dB
	 $y_{6,76,64}$ = 18.72776199292018 dB
	 $y_{6,76,65}$ = 16.437051802726117 dB
	 $y_{6,76,66}$ = 27.3882429822183 dB
	 $y_{6,76,67}$ = 14.603782346038045 dB
	 $y_{6,76,69}$ = 9.723470963863605 dB
	 $y_{6,76,72}$ = 10.453604241781989 dB
	 $y_{6,76,74}$ = 14.509946441391492 dB
	 $y_{6,76,75}$ = 24.005608442039645 dB
	 $y_{6,76,76}$ = 81.22095562180817 dB
	 $y_{6,76,78}$ = 17.62880726557367 dB
	 $y_{6,76,79}$ = 10.218967782362796 dB
	 $y_{6,76,81}$ = 7.29114813857197 dB
	 $y_{6,76,83}$ = 11.772786956782568 dB
	 $y_{6,76,88}$ = 17.214953049769406 dB
	 $y_{6,76,89}$ = 15.771155964688873 dB
	 $y_{6,76,93}$ = 5.202048878715971 dB
	 $y_{6,76,94}$ = 12.047179997910092 dB
	 $y_{6,76,96}$ = 11.477534247323803 dB
	 $y_{6,76,97}$ = 20.216802943430977 dB
		SNR medio: 66.74942447280229
		Usuarios totais: 60
Distances:
26 : 34 = 894.4271909999159
26 : 71 = 2828.42712474619
26 : 76 = 2000.0
34 : 71 = 2000.0
34 : 76 = 1788.8543819998317
71 : 76 = 2000.0
t=7
$x_{7,26}$
	 $y_{7,26,3}$ = 9.384717306240702 dB
	 $y_{7,26,6}$ = 14.749733061155823 dB
	 $y_{7,26,7}$ = 22.46543103496181 dB
	 $y_{7,26,8}$ = 7.912625818531467 dB
	 $y_{7,26,13}$ = 7.434195230508266 dB
	 $y_{7,26,15}$ = 23.239587715681054 dB
	 $y_{7,26,17}$ = 25.713864981881244 dB
	 $y_{7,26,18}$ = 17.424362319870298 dB
	 $y_{7,26,21}$ = 6.057855378108883 dB
	 $y_{7,26,26}$ = 88.51986875563767 dB
	 $y_{7,26,28}$ = 13.282364750662055 dB
	 $y_{7,26,29}$ = 10.193713626514068 dB
	 $y_{7,26,30}$ = 5.252275565551912 dB
	 $y_{7,26,33}$ = 10.920855776470177 dB
	 $y_{7,26,39}$ = 10.871773180403153 dB
	 $y_{7,26,54}$ = 15.967579620914165 dB
	 $y_{7,26,56}$ = 16.10323705644646 dB
	 $y_{7,26,58}$ = 9.500344160869673 dB
	 $y_{7,26,59}$ = 14.309687834378877 dB
	 $y_{7,26,65}$ = 16.51873619659763 dB
	 $y_{7,26,69}$ = 8.667948285620781 dB
		SNR medio: 75.29768251094436
		Usuarios totais: 41
$x_{7,34}$
	 $y_{7,34,1}$ = 7.313974226634514 dB
	 $y_{7,34,5}$ = 10.777713520707735 dB
	 $y_{7,34,10}$ = 10.769163562343238 dB
	 $y_{7,34,12}$ = 21.352555226242913 dB
	 $y_{7,34,25}$ = 17.36052854675603 dB
	 $y_{7,34,34}$ = 91.80783745894468 dB
	 $y_{7,34,61}$ = 6.350077847908921 dB
		SNR medio: 83.35685770208896
		Usuarios totais: 12
$x_{7,71}$
	 $y_{7,71,20}$ = 7.29873305058419 dB
	 $y_{7,71,22}$ = 8.55661191690217 dB
	 $y_{7,71,31}$ = 10.670832590784144 dB
	 $y_{7,71,32}$ = 7.447953543390042 dB
	 $y_{7,71,41}$ = 17.913217042813173 dB
	 $y_{7,71,43}$ = 6.449878058324771 dB
	 $y_{7,71,46}$ = 7.362199834203267 dB
	 $y_{7,71,50}$ = 9.79461420069697 dB
	 $y_{7,71,52}$ = 18.328482067517243 dB
	 $y_{7,71,53}$ = 11.134424590623524 dB
	 $y_{7,71,60}$ = 23.2183017149261 dB
	 $y_{7,71,70}$ = 24.577680684090566 dB
	 $y_{7,71,71}$ = 89.14063297685746 dB
	 $y_{7,71,75}$ = 14.469356910719725 dB
	 $y_{7,71,90}$ = 15.304928545069032 dB
	 $y_{7,71,91}$ = 13.096857979154706 dB
	 $y_{7,71,98}$ = 5.598097220458243 dB
		SNR medio: 76.83614786390973
		Usuarios totais: 30
$x_{7,76}$
	 $y_{7,76,24}$ = 7.866167008937964 dB
	 $y_{7,76,27}$ = 9.814259244646564 dB
	 $y_{7,76,36}$ = 6.7803571178904605 dB
	 $y_{7,76,42}$ = 13.028413399440112 dB
	 $y_{7,76,44}$ = 14.617253501495895 dB
	 $y_{7,76,45}$ = 8.455833913326103 dB
	 $y_{7,76,47}$ = 7.769898562148455 dB
	 $y_{7,76,48}$ = 5.465007564137181 dB
	 $y_{7,76,49}$ = 7.214996415771992 dB
	 $y_{7,76,51}$ = 7.173835344249255 dB
	 $y_{7,76,55}$ = 16.064802045734766 dB
	 $y_{7,76,63}$ = 12.31370810896368 dB
	 $y_{7,76,66}$ = 27.3882429822183 dB
	 $y_{7,76,67}$ = 14.603782346038045 dB
	 $y_{7,76,68}$ = 25.115836932342688 dB
	 $y_{7,76,73}$ = 10.78362063352958 dB
	 $y_{7,76,74}$ = 14.509946441391492 dB
	 $y_{7,76,76}$ = 81.22095562180817 dB
	 $y_{7,76,77}$ = 39.83692597200091 dB
	 $y_{7,76,78}$ = 17.62880726557367 dB
	 $y_{7,76,79}$ = 10.218967782362796 dB
	 $y_{7,76,81}$ = 7.29114813857197 dB
	 $y_{7,76,84}$ = 16.524484916541056 dB
	 $y_{7,76,85}$ = 23.13663055161537 dB
	 $y_{7,76,86}$ = 36.21824790618057 dB
	 $y_{7,76,87}$ = 21.794508590889762 dB
	 $y_{7,76,89}$ = 15.771155964688873 dB
	 $y_{7,76,93}$ = 5.202048878715971 dB
	 $y_{7,76,94}$ = 12.047179997910092 dB
	 $y_{7,76,95}$ = 21.28269255470697 dB
	 $y_{7,76,96}$ = 11.477534247323803 dB
	 $y_{7,76,97}$ = 20.216802943430977 dB
		SNR medio: 66.16997054891763
		Usuarios totais: 60
Distances:
26 : 34 = 894.4271909999159
26 : 71 = 2828.42712474619
26 : 76 = 2000.0
34 : 71 = 2000.0
34 : 76 = 1788.8543819998317
71 : 76 = 2000.0
t=8
$x_{8,26}$
	 $y_{8,26,0}$ = 10.083066841783932 dB
	 $y_{8,26,7}$ = 22.46543103496181 dB
	 $y_{8,26,15}$ = 23.239587715681054 dB
	 $y_{8,26,17}$ = 25.713864981881244 dB
	 $y_{8,26,23}$ = 12.47696656610907 dB
	 $y_{8,26,24}$ = 28.834572480945113 dB
	 $y_{8,26,26}$ = 88.51986875563767 dB
	 $y_{8,26,28}$ = 13.282364750662055 dB
	 $y_{8,26,30}$ = 5.252275565551912 dB
	 $y_{8,26,33}$ = 10.920855776470177 dB
	 $y_{8,26,37}$ = 25.43174731635432 dB
	 $y_{8,26,38}$ = 16.894863548271104 dB
	 $y_{8,26,45}$ = 16.801877805886562 dB
	 $y_{8,26,46}$ = 14.61910303905502 dB
	 $y_{8,26,53}$ = 9.027989969847086 dB
	 $y_{8,26,59}$ = 14.309687834378877 dB
		SNR medio: 76.47868175001832
		Usuarios totais: 23
$x_{8,34}$
	 $y_{8,34,10}$ = 10.769163562343238 dB
	 $y_{8,34,11}$ = 14.749577252569836 dB
	 $y_{8,34,12}$ = 21.352555226242913 dB
	 $y_{8,34,16}$ = 15.915838687577889 dB
	 $y_{8,34,21}$ = 10.84116489991061 dB
	 $y_{8,34,25}$ = 17.36052854675603 dB
	 $y_{8,34,40}$ = 7.102539268015562 dB
	 $y_{8,34,50}$ = 5.407708666609707 dB
	 $y_{8,34,62}$ = 9.52535019788931 dB
	 $y_{8,34,80}$ = 5.401338349335049 dB
	 $y_{8,34,99}$ = 9.185933632310721 dB
		SNR medio: 14.54563308985232
		Usuarios totais: 22
$x_{8,71}$
	 $y_{8,71,20}$ = 7.29873305058419 dB
	 $y_{8,71,41}$ = 17.913217042813173 dB
	 $y_{8,71,52}$ = 18.328482067517243 dB
	 $y_{8,71,70}$ = 24.577680684090566 dB
	 $y_{8,71,82}$ = 19.59763090339085 dB
	 $y_{8,71,91}$ = 13.096857979154706 dB
	 $y_{8,71,98}$ = 5.598097220458243 dB
		SNR medio: 18.851812541151208
		Usuarios totais: 14
$x_{8,76}$
	 $y_{8,76,19}$ = 5.350131631359432 dB
	 $y_{8,76,36}$ = 6.7803571178904605 dB
	 $y_{8,76,42}$ = 13.028413399440112 dB
	 $y_{8,76,44}$ = 14.617253501495895 dB
	 $y_{8,76,47}$ = 7.769898562148455 dB
	 $y_{8,76,48}$ = 5.465007564137181 dB
	 $y_{8,76,54}$ = 10.661264517682042 dB
	 $y_{8,76,56}$ = 20.612286130744252 dB
	 $y_{8,76,57}$ = 13.735027938435223 dB
	 $y_{8,76,61}$ = 6.532902512301149 dB
	 $y_{8,76,63}$ = 12.31370810896368 dB
	 $y_{8,76,64}$ = 18.72776199292018 dB
	 $y_{8,76,68}$ = 25.115836932342688 dB
	 $y_{8,76,73}$ = 10.78362063352958 dB
	 $y_{8,76,75}$ = 24.005608442039645 dB
	 $y_{8,76,76}$ = 81.22095562180817 dB
	 $y_{8,76,77}$ = 39.83692597200091 dB
	 $y_{8,76,79}$ = 10.218967782362796 dB
	 $y_{8,76,83}$ = 11.772786956782568 dB
	 $y_{8,76,84}$ = 16.524484916541056 dB
	 $y_{8,76,85}$ = 23.13663055161537 dB
	 $y_{8,76,86}$ = 36.21824790618057 dB
	 $y_{8,76,88}$ = 17.214953049769406 dB
	 $y_{8,76,89}$ = 15.771155964688873 dB
	 $y_{8,76,92}$ = 11.539565360351446 dB
	 $y_{8,76,94}$ = 12.047179997910092 dB
	 $y_{8,76,95}$ = 21.28269255470697 dB
	 $y_{8,76,96}$ = 11.477534247323803 dB
	 $y_{8,76,97}$ = 20.216802943430977 dB
		SNR medio: 66.59747953142544
		Usuarios totais: 52
Distances:
26 : 34 = 894.4271909999159
26 : 71 = 2828.42712474619
26 : 76 = 2000.0
34 : 71 = 2000.0
34 : 76 = 1788.8543819998317
71 : 76 = 2000.0
t=9
$x_{9,26}$
	 $y_{9,26,0}$ = 10.083066841783932 dB
	 $y_{9,26,5}$ = 18.163364167137843 dB
	 $y_{9,26,8}$ = 7.912625818531467 dB
	 $y_{9,26,16}$ = 28.83157775774913 dB
	 $y_{9,26,18}$ = 17.424362319870298 dB
	 $y_{9,26,19}$ = 15.426513038388563 dB
	 $y_{9,26,25}$ = 32.96310978370393 dB
	 $y_{9,26,27}$ = 35.50310742590551 dB
	 $y_{9,26,29}$ = 10.193713626514068 dB
	 $y_{9,26,30}$ = 5.252275565551912 dB
	 $y_{9,26,37}$ = 25.43174731635432 dB
	 $y_{9,26,38}$ = 16.894863548271104 dB
	 $y_{9,26,56}$ = 16.10323705644646 dB
	 $y_{9,26,59}$ = 14.309687834378877 dB
		SNR medio: 26.95542052688749
		Usuarios totais: 20
$x_{9,34}$
	 $y_{9,34,1}$ = 7.313974226634514 dB
	 $y_{9,34,4}$ = 11.311108191643058 dB
	 $y_{9,34,6}$ = 13.83391514238734 dB
	 $y_{9,34,11}$ = 14.749577252569836 dB
	 $y_{9,34,15}$ = 18.980493445441553 dB
	 $y_{9,34,34}$ = 91.80783745894468 dB
	 $y_{9,34,50}$ = 5.407708666609707 dB
	 $y_{9,34,51}$ = 12.017693300872054 dB
	 $y_{9,34,62}$ = 9.52535019788931 dB
		SNR medio: 82.26541288115757
		Usuarios totais: 11
$x_{9,71}$
	 $y_{9,71,31}$ = 10.670832590784144 dB
	 $y_{9,71,40}$ = 12.395156983575447 dB
	 $y_{9,71,41}$ = 17.913217042813173 dB
	 $y_{9,71,46}$ = 7.362199834203267 dB
	 $y_{9,71,70}$ = 24.577680684090566 dB
	 $y_{9,71,80}$ = 28.029548431856213 dB
	 $y_{9,71,82}$ = 19.59763090339085 dB
	 $y_{9,71,83}$ = 15.090374087931721 dB
	 $y_{9,71,90}$ = 15.304928545069032 dB
	 $y_{9,71,91}$ = 13.096857979154706 dB
		SNR medio: 20.778322724730817
		Usuarios totais: 14
$x_{9,76}$
	 $y_{9,76,35}$ = 12.925557793067469 dB
	 $y_{9,76,42}$ = 13.028413399440112 dB
	 $y_{9,76,43}$ = 6.847075405488738 dB
	 $y_{9,76,48}$ = 5.465007564137181 dB
	 $y_{9,76,57}$ = 13.735027938435223 dB
	 $y_{9,76,64}$ = 18.72776199292018 dB
	 $y_{9,76,69}$ = 9.723470963863605 dB
	 $y_{9,76,72}$ = 10.453604241781989 dB
	 $y_{9,76,73}$ = 10.78362063352958 dB
	 $y_{9,76,75}$ = 24.005608442039645 dB
	 $y_{9,76,76}$ = 81.22095562180817 dB
	 $y_{9,76,77}$ = 39.83692597200091 dB
	 $y_{9,76,79}$ = 10.218967782362796 dB
	 $y_{9,76,81}$ = 7.29114813857197 dB
	 $y_{9,76,86}$ = 36.21824790618057 dB
	 $y_{9,76,87}$ = 21.794508590889762 dB
	 $y_{9,76,88}$ = 17.214953049769406 dB
	 $y_{9,76,95}$ = 21.28269255470697 dB
	 $y_{9,76,96}$ = 11.477534247323803 dB
		SNR medio: 68.4338987896709
		Usuarios totais: 30
Distances:
26 : 34 = 894.4271909999159
26 : 71 = 2828.42712474619
26 : 76 = 2000.0
34 : 71 = 2000.0
34 : 76 = 1788.8543819998317
71 : 76 = 2000.0
t=10
$x_{10,26}$
	 $y_{10,26,14}$ = 10.285933846809598 dB
	 $y_{10,26,25}$ = 32.96310978370393 dB
	 $y_{10,26,26}$ = 88.51986875563767 dB
	 $y_{10,26,29}$ = 10.193713626514068 dB
	 $y_{10,26,37}$ = 25.43174731635432 dB
	 $y_{10,26,38}$ = 16.894863548271104 dB
	 $y_{10,26,45}$ = 16.801877805886562 dB
	 $y_{10,26,53}$ = 9.027989969847086 dB
	 $y_{10,26,55}$ = 8.185896293049922 dB
	 $y_{10,26,58}$ = 9.500344160869673 dB
	 $y_{10,26,68}$ = 10.169430452575241 dB
		SNR medio: 78.10595704526152
		Usuarios totais: 16
$x_{10,34}$
	 $y_{10,34,2}$ = 6.431280156459309 dB
	 $y_{10,34,7}$ = 10.185542660690288 dB
	 $y_{10,34,10}$ = 10.769163562343238 dB
	 $y_{10,34,12}$ = 21.352555226242913 dB
	 $y_{10,34,18}$ = 6.306501233530156 dB
	 $y_{10,34,28}$ = 8.591591067798959 dB
	 $y_{10,34,36}$ = 11.443783068293186 dB
	 $y_{10,34,48}$ = 13.2114064713588 dB
	 $y_{10,34,52}$ = 17.118867074415192 dB
	 $y_{10,34,72}$ = 8.345546530589388 dB
		SNR medio: 14.282078470402883
		Usuarios totais: 12
$x_{10,71}$
	 $y_{10,71,20}$ = 7.29873305058419 dB
	 $y_{10,71,22}$ = 8.55661191690217 dB
	 $y_{10,71,62}$ = 22.56646846475715 dB
	 $y_{10,71,70}$ = 24.577680684090566 dB
	 $y_{10,71,71}$ = 89.14063297685746 dB
	 $y_{10,71,74}$ = 6.477606132262977 dB
	 $y_{10,71,80}$ = 28.029548431856213 dB
	 $y_{10,71,90}$ = 15.304928545069032 dB
	 $y_{10,71,98}$ = 5.598097220458243 dB
		SNR medio: 79.59821400830377
		Usuarios totais: 10
$x_{10,76}$
	 $y_{10,76,49}$ = 7.214996415771992 dB
	 $y_{10,76,51}$ = 7.173835344249255 dB
	 $y_{10,76,61}$ = 6.532902512301149 dB
	 $y_{10,76,75}$ = 24.005608442039645 dB
	 $y_{10,76,79}$ = 10.218967782362796 dB
	 $y_{10,76,81}$ = 7.29114813857197 dB
	 $y_{10,76,83}$ = 11.772786956782568 dB
	 $y_{10,76,87}$ = 21.794508590889762 dB
	 $y_{10,76,92}$ = 11.539565360351446 dB
		SNR medio: 17.111826566725824
		Usuarios totais: 9
Distances:
26 : 34 = 894.4271909999159
26 : 71 = 2828.42712474619
26 : 76 = 2000.0
34 : 71 = 2000.0
34 : 76 = 1788.8543819998317
71 : 76 = 2000.0
t=11
$x_{11,26}$
	 $y_{11,26,55}$ = 8.185896293049922 dB
	 $y_{11,26,59}$ = 14.309687834378877 dB
		SNR medio: 12.248044903297025
		Usuarios totais: 2
$x_{11,34}$
	 $y_{11,34,15}$ = 18.980493445441553 dB
	 $y_{11,34,34}$ = 91.80783745894468 dB
	 $y_{11,34,62}$ = 9.52535019788931 dB
	 $y_{11,34,64}$ = 9.657060687252965 dB
	 $y_{11,34,66}$ = 8.59116426891336 dB
		SNR medio: 84.81813771492554
		Usuarios totais: 5
$x_{11,71}$
	 $y_{11,71,70}$ = 24.577680684090566 dB
	 $y_{11,71,75}$ = 14.469356910719725 dB
	 $y_{11,71,82}$ = 19.59763090339085 dB
	 $y_{11,71,90}$ = 15.304928545069032 dB
	 $y_{11,71,98}$ = 5.598097220458243 dB
		SNR medio: 19.480351257068257
		Usuarios totais: 5
$x_{11,76}$
	 $y_{11,76,76}$ = 81.22095562180817 dB
	 $y_{11,76,86}$ = 36.21824790618057 dB
	 $y_{11,76,88}$ = 17.214953049769406 dB
	 $y_{11,76,96}$ = 11.477534247323803 dB
		SNR medio: 75.20049514396004
		Usuarios totais: 4
Distances:
26 : 34 = 894.4271909999159
26 : 71 = 2828.42712474619
26 : 76 = 2000.0
34 : 71 = 2000.0
34 : 76 = 1788.8543819998317
71 : 76 = 2000.0
--- Done after 0.6192187178134918 hours. ---
