-------------Calculating Solution (this may take a while)
+++++++++++++++++++Min Sinr: 15 dB (fixed)
+++++++++++++++++++With backhaul constraint. Start: 2022-05-10 08:49:50

Parameters:
- chosen seed 5
- Map with 100 sectors
- Map 4000 x 4000 m
- Sector has a side of 400 m
- Max time:  10
- users_t_m:  [[0, 0, 0, 0, 0, 0, 0, 0, 0, 0, 0, 0, 0, 0, 0, 0, 0, 0, 0, 0, 0, 0, 0, 0, 0, 0, 0, 0, 0, 0, 0, 0, 0, 0, 0, 0, 0, 0, 0, 0, 0, 0, 0, 0, 0, 0, 0, 0, 0, 0, 0, 0, 0, 0, 0, 2, 2, 0, 0, 0, 0, 0, 0, 0, 1, 9, 40, 0, 0, 0, 0, 0, 0, 0, 0, 4, 2, 0, 0, 0, 0, 0, 0, 0, 0, 0, 0, 0, 0, 0, 0, 0, 0, 0, 0, 0, 0, 0, 0, 0], [2, 0, 0, 2, 0, 0, 0, 0, 2, 1, 0, 0, 0, 0, 0, 0, 0, 0, 0, 1, 1, 1, 0, 0, 2, 1, 2, 0, 1, 0, 0, 0, 0, 0, 1, 0, 0, 2, 0, 1, 1, 0, 1, 0, 1, 2, 1, 0, 1, 1, 1, 1, 1, 1, 1, 1, 1, 0, 0, 1, 0, 1, 0, 1, 0, 1, 0, 0, 1, 0, 1, 1, 0, 1, 1, 0, 0, 3, 1, 1, 0, 0, 3, 0, 0, 0, 1, 0, 0, 1, 0, 0, 1, 3, 1, 0, 0, 1, 0, 0], [0, 1, 0, 1, 1, 1, 0, 0, 0, 0, 1, 1, 1, 0, 1, 2, 0, 0, 0, 0, 0, 0, 0, 2, 2, 1, 1, 1, 0, 1, 0, 0, 2, 1, 0, 0, 2, 0, 0, 0, 0, 1, 0, 1, 1, 1, 2, 2, 1, 1, 1, 0, 0, 2, 0, 1, 2, 0, 1, 0, 0, 1, 1, 0, 0, 0, 0, 0, 0, 0, 0, 0, 0, 0, 2, 1, 1, 0, 0, 3, 1, 0, 3, 0, 1, 0, 1, 0, 0, 0, 1, 0, 0, 0, 1, 0, 0, 1, 1, 1], [0, 0, 3, 1, 1, 0, 0, 1, 0, 0, 0, 1, 0, 1, 0, 1, 1, 1, 1, 1, 0, 0, 2, 2, 0, 0, 0, 1, 1, 0, 0, 0, 1, 0, 0, 2, 0, 1, 1, 1, 1, 0, 0, 0, 0, 2, 0, 1, 0, 2, 1, 0, 2, 1, 1, 0, 0, 0, 0, 0, 1, 3, 2, 0, 0, 0, 1, 1, 1, 0, 1, 1, 0, 0, 0, 0, 0, 0, 0, 1, 0, 0, 0, 1, 0, 0, 0, 1, 0, 2, 1, 1, 1, 3, 0, 0, 1, 1, 0, 0], [1, 1, 0, 2, 0, 0, 2, 0, 0, 0, 1, 1, 0, 1, 0, 0, 0, 1, 1, 0, 1, 0, 0, 2, 0, 0, 0, 0, 1, 2, 1, 1, 2, 0, 0, 2, 1, 0, 1, 1, 0, 1, 1, 1, 2, 2, 2, 1, 1, 0, 0, 2, 0, 1, 0, 0, 0, 1, 0, 1, 1, 0, 0, 1, 3, 1, 0, 0, 0, 0, 0, 1, 0, 1, 0, 1, 0, 1, 1, 0, 0, 0, 1, 0, 0, 1, 0, 1, 0, 2, 0, 1, 0, 1, 0, 0, 0, 0, 0, 0], [0, 0, 0, 0, 0, 1, 0, 0, 0, 0, 0, 0, 0, 0, 1, 1, 3, 1, 0, 1, 0, 1, 1, 2, 0, 2, 1, 2, 1, 0, 1, 2, 0, 1, 2, 0, 1, 1, 0, 0, 0, 0, 0, 1, 1, 1, 0, 1, 0, 0, 0, 0, 0, 0, 0, 1, 0, 0, 1, 0, 1, 1, 3, 0, 1, 2, 0, 2, 0, 1, 1, 1, 1, 2, 0, 2, 0, 0, 1, 0, 0, 0, 0, 2, 0, 0, 0, 0, 0, 1, 0, 1, 1, 2, 0, 0, 1, 0, 0, 1], [0, 0, 1, 0, 1, 0, 0, 1, 0, 2, 0, 0, 0, 2, 0, 3, 1, 1, 0, 0, 1, 1, 1, 0, 0, 2, 0, 0, 2, 0, 0, 0, 1, 0, 0, 3, 0, 1, 1, 0, 0, 0, 0, 0, 1, 3, 0, 0, 1, 5, 1, 0, 0, 1, 0, 1, 1, 1, 0, 0, 1, 0, 1, 1, 0, 1, 0, 1, 0, 1, 2, 0, 0, 2, 0, 0, 0, 1, 0, 0, 0, 0, 1, 0, 0, 0, 0, 1, 1, 1, 1, 0, 1, 0, 1, 0, 1, 0, 1, 0], [0, 0, 1, 1, 2, 0, 1, 1, 0, 2, 1, 0, 0, 0, 1, 1, 1, 1, 0, 1, 0, 0, 0, 1, 1, 0, 1, 0, 1, 0, 0, 0, 0, 2, 0, 0, 1, 1, 2, 0, 0, 0, 0, 0, 1, 0, 0, 1, 1, 1, 1, 2, 0, 0, 1, 0, 1, 1, 0, 0, 0, 2, 0, 1, 4, 2, 1, 0, 1, 0, 0, 1, 0, 1, 0, 0, 1, 1, 1, 0, 0, 0, 0, 0, 1, 1, 0, 0, 1, 1, 0, 0, 1, 1, 1, 1, 0, 1, 1, 0], [0, 1, 2, 0, 1, 1, 0, 0, 0, 0, 1, 0, 1, 0, 0, 1, 1, 0, 0, 0, 0, 1, 1, 0, 1, 0, 2, 0, 0, 0, 0, 1, 0, 1, 3, 2, 1, 1, 0, 0, 1, 0, 0, 0, 0, 0, 0, 1, 1, 0, 1, 0, 1, 0, 1, 0, 0, 1, 1, 1, 0, 1, 0, 1, 2, 1, 1, 3, 1, 0, 1, 0, 2, 1, 1, 0, 0, 1, 1, 1, 0, 0, 2, 1, 0, 0, 0, 0, 0, 0, 0, 0, 2, 0, 2, 0, 0, 1, 2, 0], [0, 1, 0, 0, 0, 0, 1, 0, 0, 2, 1, 0, 1, 0, 0, 1, 1, 1, 1, 0, 0, 0, 3, 0, 5, 1, 2, 0, 1, 1, 1, 1, 0, 0, 0, 0, 0, 2, 0, 0, 1, 2, 1, 0, 2, 0, 0, 1, 0, 0, 1, 1, 1, 0, 1, 0, 1, 0, 1, 0, 1, 2, 0, 0, 0, 1, 0, 3, 1, 0, 0, 0, 0, 0, 1, 1, 0, 0, 0, 0, 0, 1, 1, 0, 0, 0, 0, 1, 0, 0, 2, 1, 0, 0, 1, 0, 0, 2, 1, 0], [0, 0, 1, 0, 1, 2, 0, 1, 0, 1, 0, 2, 0, 3, 1, 0, 0, 0, 0, 1, 0, 1, 1, 1, 1, 2, 1, 0, 1, 1, 1, 1, 0, 1, 1, 1, 1, 1, 1, 0, 0, 1, 1, 0, 1, 1, 1, 1, 0, 1, 2, 0, 1, 0, 0, 0, 0, 0, 3, 0, 1, 0, 0, 1, 1, 0, 0, 1, 1, 1, 2, 0, 1, 1, 0, 1, 0, 1, 0, 0, 0, 0, 0, 0, 0, 1, 0, 0, 0, 0, 1, 0, 0, 0, 1, 1, 0, 0, 1, 0]]
MAX_USER_PER_ANTENNAS_m:  [60, 60, 60, 60, 60, 60, 60, 60, 60, 60, 60, 60, 60, 60, 60, 60, 60, 60, 60, 60, 60, 60, 60, 60, 60, 60, 60, 60, 60, 60, 60, 60, 60, 60, 60, 60, 60, 60, 60, 60, 60, 60, 60, 60, 60, 60, 60, 60, 60, 60, 60, 60, 60, 60, 60, 60, 60, 60, 60, 60, 60, 60, 60, 60, 60, 60, 60, 60, 60, 60, 60, 60, 60, 60, 60, 60, 60, 60, 60, 60, 60, 60, 60, 60, 60, 60, 60, 60, 60, 60, 60, 60, 60, 60, 60, 60, 60, 60, 60, 60]
antennas_map_m:  [1, 1, 1, 1, 1, 1, 1, 1, 1, 1, 1, 1, 1, 1, 1, 1, 1, 1, 1, 1, 1, 1, 1, 1, 1, 1, 1, 1, 1, 1, 1, 1, 1, 1, 1, 1, 1, 1, 1, 1, 1, 1, 1, 1, 1, 1, 1, 1, 1, 1, 1, 1, 1, 1, 1, 1, 1, 1, 1, 1, 1, 1, 1, 1, 1, 1, 1, 1, 1, 1, 1, 1, 1, 1, 1, 1, 1, 1, 1, 1, 1, 1, 1, 1, 1, 1, 1, 1, 1, 1, 1, 1, 1, 1, 1, 1, 1, 1, 1, 1]
FIRST_ANTENNA:  76
MIN_SNR_m:  [31.622776601683793, 31.622776601683793, 31.622776601683793, 31.622776601683793, 31.622776601683793, 31.622776601683793, 31.622776601683793, 31.622776601683793, 31.622776601683793, 31.622776601683793, 31.622776601683793, 31.622776601683793, 31.622776601683793, 31.622776601683793, 31.622776601683793, 31.622776601683793, 31.622776601683793, 31.622776601683793, 31.622776601683793, 31.622776601683793, 31.622776601683793, 31.622776601683793, 31.622776601683793, 31.622776601683793, 31.622776601683793, 31.622776601683793, 31.622776601683793, 31.622776601683793, 31.622776601683793, 31.622776601683793, 31.622776601683793, 31.622776601683793, 31.622776601683793, 31.622776601683793, 31.622776601683793, 31.622776601683793, 31.622776601683793, 31.622776601683793, 31.622776601683793, 31.622776601683793, 31.622776601683793, 31.622776601683793, 31.622776601683793, 31.622776601683793, 31.622776601683793, 31.622776601683793, 31.622776601683793, 31.622776601683793, 31.622776601683793, 31.622776601683793, 31.622776601683793, 31.622776601683793, 31.622776601683793, 31.622776601683793, 31.622776601683793, 31.622776601683793, 31.622776601683793, 31.622776601683793, 31.622776601683793, 31.622776601683793, 31.622776601683793, 31.622776601683793, 31.622776601683793, 31.622776601683793, 31.622776601683793, 31.622776601683793, 31.622776601683793, 31.622776601683793, 31.622776601683793, 31.622776601683793, 31.622776601683793, 31.622776601683793, 31.622776601683793, 31.622776601683793, 31.622776601683793, 31.622776601683793, 31.622776601683793, 31.622776601683793, 31.622776601683793, 31.622776601683793, 31.622776601683793, 31.622776601683793, 31.622776601683793, 31.622776601683793, 31.622776601683793, 31.622776601683793, 31.622776601683793, 31.622776601683793, 31.622776601683793, 31.622776601683793, 31.622776601683793, 31.622776601683793, 31.622776601683793, 31.622776601683793, 31.622776601683793, 31.622776601683793, 31.622776601683793, 31.622776601683793, 31.622776601683793, 31.622776601683793]
-MIN_DIST:  2000
- disaster percentage:  0

Média de carros: 7.3
t=0
$x_{0,76}$
	 $y_{0,76,55}$ = 16.064802045734766 dB
	 $y_{0,76,56}$ = 20.612286130744252 dB
	 $y_{0,76,64}$ = 18.72776199292018 dB
	 $y_{0,76,65}$ = 16.437051802726117 dB
	 $y_{0,76,66}$ = 27.3882429822183 dB
	 $y_{0,76,75}$ = 24.005608442039645 dB
	 $y_{0,76,76}$ = 81.22095562180817 dB
		SNR medio: 72.7700104255247
		Usuarios totais: 60
Distances:
t=1
$x_{1,18}$
	 $y_{1,18,8}$ = 29.27781471740461 dB
	 $y_{1,18,9}$ = 24.047161308178048 dB
	 $y_{1,18,19}$ = 23.08744212640036 dB
	 $y_{1,18,28}$ = 36.542117433378635 dB
		SNR medio: 31.624659987753834
		Usuarios totais: 5
$x_{1,21}$
	 $y_{1,21,0}$ = 18.591238875108715 dB
	 $y_{1,21,3}$ = 18.220526849471895 dB
	 $y_{1,21,20}$ = 23.564622713309234 dB
	 $y_{1,21,21}$ = 89.79266051100933 dB
	 $y_{1,21,40}$ = 16.33478932673556 dB
	 $y_{1,21,42}$ = 16.95327400908404 dB
		SNR medio: 82.01115009574534
		Usuarios totais: 8
$x_{1,24}$
	 $y_{1,24,24}$ = 84.76703726021827 dB
	 $y_{1,24,25}$ = 31.812092708330468 dB
	 $y_{1,24,26}$ = 24.203621847186085 dB
	 $y_{1,24,34}$ = 23.561817982078153 dB
	 $y_{1,24,45}$ = 16.08134690032456 dB
	 $y_{1,24,46}$ = 15.014443089602949 dB
	 $y_{1,24,56}$ = 15.399497798975915 dB
		SNR medio: 76.31608750820075
		Usuarios totais: 10
$x_{1,48}$
	 $y_{1,48,37}$ = 26.292886242822263 dB
	 $y_{1,48,39}$ = 18.565775134909728 dB
	 $y_{1,48,48}$ = 86.7576207270583 dB
	 $y_{1,48,49}$ = 24.810171198397057 dB
	 $y_{1,48,59}$ = 21.33668647190359 dB
		SNR medio: 79.76792926453578
		Usuarios totais: 6
$x_{1,63}$
	 $y_{1,63,44}$ = 15.626566360621567 dB
	 $y_{1,63,52}$ = 25.3627496305115 dB
	 $y_{1,63,53}$ = 22.699583304777263 dB
	 $y_{1,63,54}$ = 35.04346100094166 dB
	 $y_{1,63,61}$ = 18.611351757139857 dB
	 $y_{1,63,63}$ = 81.6943628550117 dB
	 $y_{1,63,73}$ = 31.042976733758493 dB
	 $y_{1,63,74}$ = 27.122663334693286 dB
	 $y_{1,63,82}$ = 15.414192520730865 dB
	 $y_{1,63,93}$ = 16.819052599636052 dB
		SNR medio: 71.69453052209774
		Usuarios totais: 14
$x_{1,70}$
	 $y_{1,70,50}$ = 17.659268268234882 dB
	 $y_{1,70,51}$ = 16.527017364021063 dB
	 $y_{1,70,70}$ = 86.04897731231844 dB
	 $y_{1,70,71}$ = 28.153551323663777 dB
	 $y_{1,70,92}$ = 19.63627211502255 dB
		SNR medio: 79.05928642587176
		Usuarios totais: 5
$x_{1,76}$
	 $y_{1,76,55}$ = 16.064802045734766 dB
	 $y_{1,76,65}$ = 16.437051802726117 dB
	 $y_{1,76,68}$ = 25.115836932342688 dB
	 $y_{1,76,77}$ = 39.83692597200091 dB
	 $y_{1,76,78}$ = 17.62880726557367 dB
	 $y_{1,76,86}$ = 36.21824790618057 dB
	 $y_{1,76,89}$ = 15.771155964688873 dB
		SNR medio: 33.109244822634466
		Usuarios totais: 9
$x_{1,97}$
	 $y_{1,97,79}$ = 17.455181809935297 dB
	 $y_{1,97,94}$ = 15.787437999762034 dB
	 $y_{1,97,97}$ = 89.12152271436904 dB
		SNR medio: 84.35031066462274
		Usuarios totais: 3
Distances:
18 : 21 = 2828.42712474619
18 : 24 = 1649.2422502470642
18 : 48 = 1200.0
18 : 63 = 2828.42712474619
18 : 70 = 4000.0
18 : 76 = 2529.8221281347037
18 : 97 = 3224.9030993194197
21 : 24 = 1200.0
21 : 48 = 2912.043955712207
21 : 63 = 1788.8543819998317
21 : 70 = 2039.607805437114
21 : 76 = 2828.42712474619
21 : 97 = 3687.817782917155
24 : 48 = 1788.8543819998317
24 : 63 = 1649.2422502470642
24 : 70 = 2561.2496949731394
24 : 76 = 2154.0659228538016
24 : 97 = 3046.3092423455632
48 : 63 = 2154.0659228538016
48 : 70 = 3417.6014981270123
48 : 76 = 1442.2205101855957
48 : 97 = 2039.607805437114
63 : 70 = 1264.9110640673518
63 : 76 = 1264.9110640673518
63 : 97 = 2000.0
70 : 76 = 2400.0
70 : 97 = 2912.043955712207
76 : 97 = 894.4271909999159
t=2
$x_{2,18}$
	 $y_{2,18,27}$ = 26.05528619657798 dB
	 $y_{2,18,29}$ = 25.03261794216806 dB
		SNR medio: 25.573984770409425
		Usuarios totais: 2
$x_{2,21}$
	 $y_{2,21,1}$ = 15.18091589855787 dB
	 $y_{2,21,3}$ = 18.220526849471895 dB
	 $y_{2,21,10}$ = 22.901296087706072 dB
	 $y_{2,21,11}$ = 32.18583738886123 dB
	 $y_{2,21,12}$ = 23.431862687330195 dB
	 $y_{2,21,32}$ = 30.17990808134617 dB
	 $y_{2,21,41}$ = 21.95211260657298 dB
		SNR medio: 26.822753976544234
		Usuarios totais: 8
$x_{2,24}$
	 $y_{2,24,4}$ = 21.246917114578636 dB
	 $y_{2,24,5}$ = 24.127486405882394 dB
	 $y_{2,24,14}$ = 29.89699665741989 dB
	 $y_{2,24,15}$ = 29.362936850940343 dB
	 $y_{2,24,23}$ = 26.024032781076215 dB
	 $y_{2,24,24}$ = 84.76703726021827 dB
	 $y_{2,24,25}$ = 31.812092708330468 dB
	 $y_{2,24,26}$ = 24.203621847186085 dB
	 $y_{2,24,33}$ = 29.50063116096584 dB
	 $y_{2,24,45}$ = 16.08134690032456 dB
	 $y_{2,24,46}$ = 15.014443089602949 dB
		SNR medio: 74.35318832385778
		Usuarios totais: 15
$x_{2,48}$
	 $y_{2,48,36}$ = 17.049782934876475 dB
	 $y_{2,48,47}$ = 38.953449200516815 dB
	 $y_{2,48,48}$ = 86.7576207270583 dB
	 $y_{2,48,49}$ = 24.810171198397057 dB
		SNR medio: 80.7370960569609
		Usuarios totais: 6
$x_{2,63}$
	 $y_{2,63,43}$ = 18.146770083710948 dB
	 $y_{2,63,44}$ = 15.626566360621567 dB
	 $y_{2,63,53}$ = 22.699583304777263 dB
	 $y_{2,63,62}$ = 33.61824941968894 dB
	 $y_{2,63,74}$ = 27.122663334693286 dB
	 $y_{2,63,82}$ = 15.414192520730865 dB
		SNR medio: 27.186168417441078
		Usuarios totais: 10
$x_{2,70}$
	 $y_{2,70,50}$ = 17.659268268234882 dB
	 $y_{2,70,61}$ = 27.39370334727211 dB
	 $y_{2,70,80}$ = 25.96602910737289 dB
	 $y_{2,70,90}$ = 16.109338971553484 dB
		SNR medio: 24.161870024498366
		Usuarios totais: 4
$x_{2,76}$
	 $y_{2,76,55}$ = 16.064802045734766 dB
	 $y_{2,76,56}$ = 20.612286130744252 dB
	 $y_{2,76,58}$ = 19.87271211885154 dB
	 $y_{2,76,75}$ = 24.005608442039645 dB
	 $y_{2,76,76}$ = 81.22095562180817 dB
	 $y_{2,76,84}$ = 16.524484916541056 dB
	 $y_{2,76,86}$ = 36.21824790618057 dB
		SNR medio: 72.77013047192676
		Usuarios totais: 8
$x_{2,97}$
	 $y_{2,97,79}$ = 17.455181809935297 dB
	 $y_{2,97,94}$ = 15.787437999762034 dB
	 $y_{2,97,97}$ = 89.12152271436904 dB
	 $y_{2,97,98}$ = 32.890907097938836 dB
	 $y_{2,97,99}$ = 15.073542087128601 dB
		SNR medio: 82.13183368425686
		Usuarios totais: 7
Distances:
18 : 21 = 2828.42712474619
18 : 24 = 1649.2422502470642
18 : 48 = 1200.0
18 : 63 = 2828.42712474619
18 : 70 = 4000.0
18 : 76 = 2529.8221281347037
18 : 97 = 3224.9030993194197
21 : 24 = 1200.0
21 : 48 = 2912.043955712207
21 : 63 = 1788.8543819998317
21 : 70 = 2039.607805437114
21 : 76 = 2828.42712474619
21 : 97 = 3687.817782917155
24 : 48 = 1788.8543819998317
24 : 63 = 1649.2422502470642
24 : 70 = 2561.2496949731394
24 : 76 = 2154.0659228538016
24 : 97 = 3046.3092423455632
48 : 63 = 2154.0659228538016
48 : 70 = 3417.6014981270123
48 : 76 = 1442.2205101855957
48 : 97 = 2039.607805437114
63 : 70 = 1264.9110640673518
63 : 76 = 1264.9110640673518
63 : 97 = 2000.0
70 : 76 = 2400.0
70 : 97 = 2912.043955712207
76 : 97 = 894.4271909999159
t=3
$x_{3,18}$
	 $y_{3,18,7}$ = 20.74634600254342 dB
	 $y_{3,18,17}$ = 26.64453622463236 dB
	 $y_{3,18,18}$ = 86.05987214169755 dB
	 $y_{3,18,19}$ = 23.08744212640036 dB
	 $y_{3,18,38}$ = 18.1790608506233 dB
		SNR medio: 79.07018124277914
		Usuarios totais: 5
$x_{3,21}$
	 $y_{3,21,2}$ = 15.815292999853227 dB
	 $y_{3,21,11}$ = 32.18583738886123 dB
	 $y_{3,21,22}$ = 22.863031133132935 dB
	 $y_{3,21,32}$ = 30.17990808134617 dB
	 $y_{3,21,40}$ = 16.33478932673556 dB
		SNR medio: 27.739275145453735
		Usuarios totais: 8
$x_{3,24}$
	 $y_{3,24,3}$ = 20.046531824976626 dB
	 $y_{3,24,4}$ = 21.246917114578636 dB
	 $y_{3,24,13}$ = 34.75190072470281 dB
	 $y_{3,24,15}$ = 29.362936850940343 dB
	 $y_{3,24,16}$ = 15.204390234657225 dB
	 $y_{3,24,23}$ = 26.024032781076215 dB
	 $y_{3,24,27}$ = 19.500798674824566 dB
	 $y_{3,24,45}$ = 16.08134690032456 dB
		SNR medio: 27.641531778496056
		Usuarios totais: 10
$x_{3,48}$
	 $y_{3,48,28}$ = 20.38485522885385 dB
	 $y_{3,48,35}$ = 19.050721047323805 dB
	 $y_{3,48,37}$ = 26.292886242822263 dB
	 $y_{3,48,39}$ = 18.565775134909728 dB
	 $y_{3,48,47}$ = 38.953449200516815 dB
	 $y_{3,48,49}$ = 24.810171198397057 dB
	 $y_{3,48,67}$ = 16.056450552375594 dB
		SNR medio: 31.037557668020725
		Usuarios totais: 9
$x_{3,63}$
	 $y_{3,63,53}$ = 22.699583304777263 dB
	 $y_{3,63,54}$ = 35.04346100094166 dB
	 $y_{3,63,93}$ = 16.819052599636052 dB
		SNR medio: 30.57963464615637
		Usuarios totais: 5
$x_{3,70}$
	 $y_{3,70,50}$ = 17.659268268234882 dB
	 $y_{3,70,52}$ = 16.159890173529448 dB
	 $y_{3,70,60}$ = 27.988363146742643 dB
	 $y_{3,70,61}$ = 27.39370334727211 dB
	 $y_{3,70,62}$ = 16.86756491611024 dB
	 $y_{3,70,70}$ = 86.04897731231844 dB
	 $y_{3,70,71}$ = 28.153551323663777 dB
	 $y_{3,70,83}$ = 23.88897774252476 dB
	 $y_{3,70,90}$ = 16.109338971553484 dB
	 $y_{3,70,91}$ = 22.46533935888239 dB
	 $y_{3,70,92}$ = 19.63627211502255 dB
		SNR medio: 75.63507779386018
		Usuarios totais: 15
$x_{3,76}$
	 $y_{3,76,66}$ = 27.3882429822183 dB
	 $y_{3,76,68}$ = 25.115836932342688 dB
	 $y_{3,76,87}$ = 21.794508590889762 dB
	 $y_{3,76,89}$ = 15.771155964688873 dB
		SNR medio: 24.239676583749716
		Usuarios totais: 5
$x_{3,97}$
	 $y_{3,97,79}$ = 17.455181809935297 dB
	 $y_{3,97,96}$ = 27.661275128871665 dB
	 $y_{3,97,97}$ = 89.12152271436904 dB
		SNR medio: 84.35031356591588
		Usuarios totais: 3
Distances:
18 : 21 = 2828.42712474619
18 : 24 = 1649.2422502470642
18 : 48 = 1200.0
18 : 63 = 2828.42712474619
18 : 70 = 4000.0
18 : 76 = 2529.8221281347037
18 : 97 = 3224.9030993194197
21 : 24 = 1200.0
21 : 48 = 2912.043955712207
21 : 63 = 1788.8543819998317
21 : 70 = 2039.607805437114
21 : 76 = 2828.42712474619
21 : 97 = 3687.817782917155
24 : 48 = 1788.8543819998317
24 : 63 = 1649.2422502470642
24 : 70 = 2561.2496949731394
24 : 76 = 2154.0659228538016
24 : 97 = 3046.3092423455632
48 : 63 = 2154.0659228538016
48 : 70 = 3417.6014981270123
48 : 76 = 1442.2205101855957
48 : 97 = 2039.607805437114
63 : 70 = 1264.9110640673518
63 : 76 = 1264.9110640673518
63 : 97 = 2000.0
70 : 76 = 2400.0
70 : 97 = 2912.043955712207
76 : 97 = 894.4271909999159
t=4
$x_{4,18}$
	 $y_{4,18,6}$ = 17.731018040047275 dB
	 $y_{4,18,17}$ = 26.64453622463236 dB
	 $y_{4,18,18}$ = 86.05987214169755 dB
	 $y_{4,18,29}$ = 25.03261794216806 dB
	 $y_{4,18,38}$ = 18.1790608506233 dB
		SNR medio: 79.07018184083705
		Usuarios totais: 7
$x_{4,21}$
	 $y_{4,21,0}$ = 18.591238875108715 dB
	 $y_{4,21,1}$ = 15.18091589855787 dB
	 $y_{4,21,3}$ = 18.220526849471895 dB
	 $y_{4,21,10}$ = 22.901296087706072 dB
	 $y_{4,21,11}$ = 32.18583738886123 dB
	 $y_{4,21,20}$ = 23.564622713309234 dB
	 $y_{4,21,30}$ = 20.900608174794357 dB
	 $y_{4,21,31}$ = 30.72971714767202 dB
	 $y_{4,21,32}$ = 30.17990808134617 dB
	 $y_{4,21,41}$ = 21.95211260657298 dB
		SNR medio: 26.769822322168007
		Usuarios totais: 12
$x_{4,24}$
	 $y_{4,24,13}$ = 34.75190072470281 dB
	 $y_{4,24,23}$ = 26.024032781076215 dB
	 $y_{4,24,35}$ = 22.109992907344832 dB
	 $y_{4,24,42}$ = 18.31206503762229 dB
	 $y_{4,24,43}$ = 24.087008332482085 dB
	 $y_{4,24,44}$ = 23.276419346764612 dB
	 $y_{4,24,45}$ = 16.08134690032456 dB
	 $y_{4,24,46}$ = 15.014443089602949 dB
		SNR medio: 27.15852843915569
		Usuarios totais: 13
$x_{4,48}$
	 $y_{4,48,28}$ = 20.38485522885385 dB
	 $y_{4,48,36}$ = 17.049782934876475 dB
	 $y_{4,48,39}$ = 18.565775134909728 dB
	 $y_{4,48,47}$ = 38.953449200516815 dB
	 $y_{4,48,48}$ = 86.7576207270583 dB
	 $y_{4,48,57}$ = 18.81955567167533 dB
	 $y_{4,48,59}$ = 21.33668647190359 dB
		SNR medio: 78.30671640094127
		Usuarios totais: 7
$x_{4,63}$
	 $y_{4,63,51}$ = 17.466282527055995 dB
	 $y_{4,63,53}$ = 22.699583304777263 dB
	 $y_{4,63,63}$ = 81.6943628550117 dB
	 $y_{4,63,71}$ = 16.208026278194424 dB
	 $y_{4,63,73}$ = 31.042976733758493 dB
	 $y_{4,63,82}$ = 15.414192520730865 dB
	 $y_{4,63,91}$ = 21.91441837970514 dB
	 $y_{4,63,93}$ = 16.819052599636052 dB
		SNR medio: 72.66351571248536
		Usuarios totais: 9
$x_{4,70}$
	 $y_{4,70,60}$ = 27.988363146742643 dB
		SNR medio: 27.988363146742643
		Usuarios totais: 1
$x_{4,76}$
	 $y_{4,76,64}$ = 18.72776199292018 dB
	 $y_{4,76,65}$ = 16.437051802726117 dB
	 $y_{4,76,75}$ = 24.005608442039645 dB
	 $y_{4,76,77}$ = 39.83692597200091 dB
	 $y_{4,76,78}$ = 17.62880726557367 dB
	 $y_{4,76,85}$ = 23.13663055161537 dB
	 $y_{4,76,87}$ = 21.794508590889762 dB
	 $y_{4,76,89}$ = 15.771155964688873 dB
		SNR medio: 31.16208211203206
		Usuarios totais: 11
$x_{4,97}$
		Usuarios totais: 0
Distances:
18 : 21 = 2828.42712474619
18 : 24 = 1649.2422502470642
18 : 48 = 1200.0
18 : 63 = 2828.42712474619
18 : 70 = 4000.0
18 : 76 = 2529.8221281347037
18 : 97 = 3224.9030993194197
21 : 24 = 1200.0
21 : 48 = 2912.043955712207
21 : 63 = 1788.8543819998317
21 : 70 = 2039.607805437114
21 : 76 = 2828.42712474619
21 : 97 = 3687.817782917155
24 : 48 = 1788.8543819998317
24 : 63 = 1649.2422502470642
24 : 70 = 2561.2496949731394
24 : 76 = 2154.0659228538016
24 : 97 = 3046.3092423455632
48 : 63 = 2154.0659228538016
48 : 70 = 3417.6014981270123
48 : 76 = 1442.2205101855957
48 : 97 = 2039.607805437114
63 : 70 = 1264.9110640673518
63 : 76 = 1264.9110640673518
63 : 97 = 2000.0
70 : 76 = 2400.0
70 : 97 = 2912.043955712207
76 : 97 = 894.4271909999159
t=5
$x_{5,18}$
	 $y_{5,18,17}$ = 26.64453622463236 dB
	 $y_{5,18,19}$ = 23.08744212640036 dB
	 $y_{5,18,27}$ = 26.05528619657798 dB
	 $y_{5,18,28}$ = 36.542117433378635 dB
		SNR medio: 31.444930249406937
		Usuarios totais: 5
$x_{5,21}$
	 $y_{5,21,14}$ = 18.15849451808502 dB
	 $y_{5,21,21}$ = 89.79266051100933 dB
	 $y_{5,21,22}$ = 22.863031133132935 dB
	 $y_{5,21,30}$ = 20.900608174794357 dB
	 $y_{5,21,31}$ = 30.72971714767202 dB
		SNR medio: 82.80296759571232
		Usuarios totais: 6
$x_{5,24}$
	 $y_{5,24,5}$ = 24.127486405882394 dB
	 $y_{5,24,15}$ = 29.362936850940343 dB
	 $y_{5,24,16}$ = 15.204390234657225 dB
	 $y_{5,24,23}$ = 26.024032781076215 dB
	 $y_{5,24,25}$ = 31.812092708330468 dB
	 $y_{5,24,26}$ = 24.203621847186085 dB
	 $y_{5,24,33}$ = 29.50063116096584 dB
	 $y_{5,24,34}$ = 23.561817982078153 dB
	 $y_{5,24,43}$ = 24.087008332482085 dB
	 $y_{5,24,45}$ = 16.08134690032456 dB
		SNR medio: 26.76878424263666
		Usuarios totais: 15
$x_{5,48}$
	 $y_{5,48,36}$ = 17.049782934876475 dB
	 $y_{5,48,37}$ = 26.292886242822263 dB
	 $y_{5,48,47}$ = 38.953449200516815 dB
	 $y_{5,48,67}$ = 16.056450552375594 dB
	 $y_{5,48,69}$ = 17.391966789149023 dB
		SNR medio: 32.26875972542369
		Usuarios totais: 6
$x_{5,63}$
	 $y_{5,63,44}$ = 15.626566360621567 dB
	 $y_{5,63,61}$ = 18.611351757139857 dB
	 $y_{5,63,73}$ = 31.042976733758493 dB
	 $y_{5,63,93}$ = 16.819052599636052 dB
		SNR medio: 25.528757369022244
		Usuarios totais: 6
$x_{5,70}$
	 $y_{5,70,60}$ = 27.988363146742643 dB
	 $y_{5,70,62}$ = 16.86756491611024 dB
	 $y_{5,70,70}$ = 86.04897731231844 dB
	 $y_{5,70,71}$ = 28.153551323663777 dB
	 $y_{5,70,72}$ = 28.104053283496583 dB
	 $y_{5,70,83}$ = 23.88897774252476 dB
	 $y_{5,70,91}$ = 22.46533935888239 dB
	 $y_{5,70,92}$ = 19.63627211502255 dB
		SNR medio: 77.01810431222088
		Usuarios totais: 11
$x_{5,76}$
	 $y_{5,76,55}$ = 16.064802045734766 dB
	 $y_{5,76,58}$ = 19.87271211885154 dB
	 $y_{5,76,64}$ = 18.72776199292018 dB
	 $y_{5,76,65}$ = 16.437051802726117 dB
	 $y_{5,76,75}$ = 24.005608442039645 dB
	 $y_{5,76,78}$ = 17.62880726557367 dB
	 $y_{5,76,89}$ = 15.771155964688873 dB
		SNR medio: 19.354786853127024
		Usuarios totais: 9
$x_{5,97}$
	 $y_{5,97,96}$ = 27.661275128871665 dB
	 $y_{5,97,99}$ = 15.073542087128601 dB
		SNR medio: 24.883950623357542
		Usuarios totais: 2
Distances:
18 : 21 = 2828.42712474619
18 : 24 = 1649.2422502470642
18 : 48 = 1200.0
18 : 63 = 2828.42712474619
18 : 70 = 4000.0
18 : 76 = 2529.8221281347037
18 : 97 = 3224.9030993194197
21 : 24 = 1200.0
21 : 48 = 2912.043955712207
21 : 63 = 1788.8543819998317
21 : 70 = 2039.607805437114
21 : 76 = 2828.42712474619
21 : 97 = 3687.817782917155
24 : 48 = 1788.8543819998317
24 : 63 = 1649.2422502470642
24 : 70 = 2561.2496949731394
24 : 76 = 2154.0659228538016
24 : 97 = 3046.3092423455632
48 : 63 = 2154.0659228538016
48 : 70 = 3417.6014981270123
48 : 76 = 1442.2205101855957
48 : 97 = 2039.607805437114
63 : 70 = 1264.9110640673518
63 : 76 = 1264.9110640673518
63 : 97 = 2000.0
70 : 76 = 2400.0
70 : 97 = 2912.043955712207
76 : 97 = 894.4271909999159
t=6
$x_{6,18}$
	 $y_{6,18,7}$ = 20.74634600254342 dB
	 $y_{6,18,9}$ = 24.047161308178048 dB
	 $y_{6,18,17}$ = 26.64453622463236 dB
	 $y_{6,18,28}$ = 36.542117433378635 dB
		SNR medio: 31.258752662128842
		Usuarios totais: 6
$x_{6,21}$
	 $y_{6,21,2}$ = 15.815292999853227 dB
	 $y_{6,21,20}$ = 23.564622713309234 dB
	 $y_{6,21,21}$ = 89.79266051100933 dB
	 $y_{6,21,22}$ = 22.863031133132935 dB
	 $y_{6,21,32}$ = 30.17990808134617 dB
		SNR medio: 82.80296730520725
		Usuarios totais: 5
$x_{6,24}$
	 $y_{6,24,4}$ = 21.246917114578636 dB
	 $y_{6,24,13}$ = 34.75190072470281 dB
	 $y_{6,24,15}$ = 29.362936850940343 dB
	 $y_{6,24,16}$ = 15.204390234657225 dB
	 $y_{6,24,35}$ = 22.109992907344832 dB
	 $y_{6,24,44}$ = 23.276419346764612 dB
	 $y_{6,24,45}$ = 16.08134690032456 dB
		SNR medio: 28.01542128989333
		Usuarios totais: 14
$x_{6,48}$
	 $y_{6,48,37}$ = 26.292886242822263 dB
	 $y_{6,48,38}$ = 27.912334993774195 dB
	 $y_{6,48,48}$ = 86.7576207270583 dB
	 $y_{6,48,49}$ = 24.810171198397057 dB
	 $y_{6,48,57}$ = 18.81955567167533 dB
	 $y_{6,48,67}$ = 16.056450552375594 dB
	 $y_{6,48,69}$ = 17.391966789149023 dB
		SNR medio: 78.30665423874271
		Usuarios totais: 11
$x_{6,63}$
	 $y_{6,63,25}$ = 15.040571218433044 dB
	 $y_{6,63,53}$ = 22.699583304777263 dB
	 $y_{6,63,63}$ = 81.6943628550117 dB
	 $y_{6,63,73}$ = 31.042976733758493 dB
	 $y_{6,63,82}$ = 15.414192520730865 dB
		SNR medio: 74.70470762717288
		Usuarios totais: 7
$x_{6,70}$
	 $y_{6,70,50}$ = 17.659268268234882 dB
	 $y_{6,70,60}$ = 27.988363146742643 dB
	 $y_{6,70,62}$ = 16.86756491611024 dB
	 $y_{6,70,70}$ = 86.04897731231844 dB
	 $y_{6,70,90}$ = 16.109338971553484 dB
	 $y_{6,70,92}$ = 19.63627211502255 dB
		SNR medio: 78.26747418216561
		Usuarios totais: 7
$x_{6,76}$
	 $y_{6,76,55}$ = 16.064802045734766 dB
	 $y_{6,76,56}$ = 20.612286130744252 dB
	 $y_{6,76,65}$ = 16.437051802726117 dB
	 $y_{6,76,77}$ = 39.83692597200091 dB
	 $y_{6,76,87}$ = 21.794508590889762 dB
	 $y_{6,76,88}$ = 17.214953049769406 dB
	 $y_{6,76,89}$ = 15.771155964688873 dB
		SNR medio: 31.58045262446919
		Usuarios totais: 7
$x_{6,97}$
	 $y_{6,97,94}$ = 15.787437999762034 dB
	 $y_{6,97,96}$ = 27.661275128871665 dB
	 $y_{6,97,98}$ = 32.890907097938836 dB
		SNR medio: 29.323540141942335
		Usuarios totais: 3
Distances:
18 : 21 = 2828.42712474619
18 : 24 = 1649.2422502470642
18 : 48 = 1200.0
18 : 63 = 2828.42712474619
18 : 70 = 4000.0
18 : 76 = 2529.8221281347037
18 : 97 = 3224.9030993194197
21 : 24 = 1200.0
21 : 48 = 2912.043955712207
21 : 63 = 1788.8543819998317
21 : 70 = 2039.607805437114
21 : 76 = 2828.42712474619
21 : 97 = 3687.817782917155
24 : 48 = 1788.8543819998317
24 : 63 = 1649.2422502470642
24 : 70 = 2561.2496949731394
24 : 76 = 2154.0659228538016
24 : 97 = 3046.3092423455632
48 : 63 = 2154.0659228538016
48 : 70 = 3417.6014981270123
48 : 76 = 1442.2205101855957
48 : 97 = 2039.607805437114
63 : 70 = 1264.9110640673518
63 : 76 = 1264.9110640673518
63 : 97 = 2000.0
70 : 76 = 2400.0
70 : 97 = 2912.043955712207
76 : 97 = 894.4271909999159
t=7
$x_{7,18}$
	 $y_{7,18,7}$ = 20.74634600254342 dB
	 $y_{7,18,9}$ = 24.047161308178048 dB
	 $y_{7,18,17}$ = 26.64453622463236 dB
	 $y_{7,18,19}$ = 23.08744212640036 dB
		SNR medio: 24.141647446576094
		Usuarios totais: 5
$x_{7,21}$
	 $y_{7,21,2}$ = 15.815292999853227 dB
	 $y_{7,21,3}$ = 18.220526849471895 dB
	 $y_{7,21,10}$ = 22.901296087706072 dB
		SNR medio: 19.993887663756386
		Usuarios totais: 3
$x_{7,24}$
	 $y_{7,24,4}$ = 21.246917114578636 dB
	 $y_{7,24,6}$ = 16.570022829265 dB
	 $y_{7,24,14}$ = 29.89699665741989 dB
	 $y_{7,24,15}$ = 29.362936850940343 dB
	 $y_{7,24,16}$ = 15.204390234657225 dB
	 $y_{7,24,23}$ = 26.024032781076215 dB
	 $y_{7,24,24}$ = 84.76703726021827 dB
	 $y_{7,24,26}$ = 24.203621847186085 dB
	 $y_{7,24,33}$ = 29.50063116096584 dB
		SNR medio: 75.22466443045998
		Usuarios totais: 11
$x_{7,48}$
	 $y_{7,48,28}$ = 20.38485522885385 dB
	 $y_{7,48,36}$ = 17.049782934876475 dB
	 $y_{7,48,37}$ = 26.292886242822263 dB
	 $y_{7,48,38}$ = 27.912334993774195 dB
	 $y_{7,48,47}$ = 38.953449200516815 dB
	 $y_{7,48,48}$ = 86.7576207270583 dB
	 $y_{7,48,49}$ = 24.810171198397057 dB
	 $y_{7,48,57}$ = 18.81955567167533 dB
		SNR medio: 77.72680736741808
		Usuarios totais: 9
$x_{7,63}$
	 $y_{7,63,44}$ = 15.626566360621567 dB
	 $y_{7,63,51}$ = 17.466282527055995 dB
	 $y_{7,63,54}$ = 35.04346100094166 dB
	 $y_{7,63,63}$ = 81.6943628550117 dB
	 $y_{7,63,71}$ = 16.208026278194424 dB
	 $y_{7,63,73}$ = 31.042976733758493 dB
	 $y_{7,63,93}$ = 16.819052599636052 dB
		SNR medio: 73.24351909516795
		Usuarios totais: 8
$x_{7,70}$
	 $y_{7,70,50}$ = 17.659268268234882 dB
	 $y_{7,70,61}$ = 27.39370334727211 dB
	 $y_{7,70,92}$ = 19.63627211502255 dB
		SNR medio: 23.6738410124155
		Usuarios totais: 4
$x_{7,76}$
	 $y_{7,76,56}$ = 20.612286130744252 dB
	 $y_{7,76,64}$ = 18.72776199292018 dB
	 $y_{7,76,65}$ = 16.437051802726117 dB
	 $y_{7,76,66}$ = 27.3882429822183 dB
	 $y_{7,76,68}$ = 25.115836932342688 dB
	 $y_{7,76,76}$ = 81.22095562180817 dB
	 $y_{7,76,77}$ = 39.83692597200091 dB
	 $y_{7,76,78}$ = 17.62880726557367 dB
	 $y_{7,76,84}$ = 16.524484916541056 dB
	 $y_{7,76,85}$ = 23.13663055161537 dB
	 $y_{7,76,88}$ = 17.214953049769406 dB
	 $y_{7,76,89}$ = 15.771155964688873 dB
	 $y_{7,76,95}$ = 21.28269255470697 dB
		SNR medio: 70.08189163442076
		Usuarios totais: 17
$x_{7,97}$
	 $y_{7,97,94}$ = 15.787437999762034 dB
	 $y_{7,97,97}$ = 89.12152271436904 dB
	 $y_{7,97,98}$ = 32.890907097938836 dB
		SNR medio: 84.35032071352188
		Usuarios totais: 3
Distances:
18 : 21 = 2828.42712474619
18 : 24 = 1649.2422502470642
18 : 48 = 1200.0
18 : 63 = 2828.42712474619
18 : 70 = 4000.0
18 : 76 = 2529.8221281347037
18 : 97 = 3224.9030993194197
21 : 24 = 1200.0
21 : 48 = 2912.043955712207
21 : 63 = 1788.8543819998317
21 : 70 = 2039.607805437114
21 : 76 = 2828.42712474619
21 : 97 = 3687.817782917155
24 : 48 = 1788.8543819998317
24 : 63 = 1649.2422502470642
24 : 70 = 2561.2496949731394
24 : 76 = 2154.0659228538016
24 : 97 = 3046.3092423455632
48 : 63 = 2154.0659228538016
48 : 70 = 3417.6014981270123
48 : 76 = 1442.2205101855957
48 : 97 = 2039.607805437114
63 : 70 = 1264.9110640673518
63 : 76 = 1264.9110640673518
63 : 97 = 2000.0
70 : 76 = 2400.0
70 : 97 = 2912.043955712207
76 : 97 = 894.4271909999159
t=8
$x_{8,18}$
		Usuarios totais: 0
$x_{8,21}$
	 $y_{8,21,1}$ = 15.18091589855787 dB
	 $y_{8,21,2}$ = 15.815292999853227 dB
	 $y_{8,21,10}$ = 22.901296087706072 dB
	 $y_{8,21,12}$ = 23.431862687330195 dB
	 $y_{8,21,21}$ = 89.79266051100933 dB
	 $y_{8,21,22}$ = 22.863031133132935 dB
	 $y_{8,21,40}$ = 16.33478932673556 dB
		SNR medio: 81.34168340382658
		Usuarios totais: 8
$x_{8,24}$
	 $y_{8,24,4}$ = 21.246917114578636 dB
	 $y_{8,24,5}$ = 24.127486405882394 dB
	 $y_{8,24,15}$ = 29.362936850940343 dB
	 $y_{8,24,16}$ = 15.204390234657225 dB
	 $y_{8,24,24}$ = 84.76703726021827 dB
	 $y_{8,24,26}$ = 24.203621847186085 dB
	 $y_{8,24,31}$ = 16.135535317717313 dB
	 $y_{8,24,33}$ = 29.50063116096584 dB
	 $y_{8,24,34}$ = 23.561817982078153 dB
	 $y_{8,24,35}$ = 22.109992907344832 dB
		SNR medio: 74.76707890506522
		Usuarios totais: 14
$x_{8,48}$
	 $y_{8,48,36}$ = 17.049782934876475 dB
	 $y_{8,48,37}$ = 26.292886242822263 dB
	 $y_{8,48,47}$ = 38.953449200516815 dB
	 $y_{8,48,48}$ = 86.7576207270583 dB
	 $y_{8,48,57}$ = 18.81955567167533 dB
	 $y_{8,48,59}$ = 21.33668647190359 dB
	 $y_{8,48,67}$ = 16.056450552375594 dB
		SNR medio: 78.3067190129152
		Usuarios totais: 9
$x_{8,63}$
	 $y_{8,63,52}$ = 25.3627496305115 dB
	 $y_{8,63,54}$ = 35.04346100094166 dB
	 $y_{8,63,61}$ = 18.611351757139857 dB
	 $y_{8,63,63}$ = 81.6943628550117 dB
	 $y_{8,63,73}$ = 31.042976733758493 dB
	 $y_{8,63,74}$ = 27.122663334693286 dB
	 $y_{8,63,82}$ = 15.414192520730865 dB
		SNR medio: 73.24354216087299
		Usuarios totais: 8
$x_{8,70}$
	 $y_{8,70,50}$ = 17.659268268234882 dB
	 $y_{8,70,70}$ = 86.04897731231844 dB
	 $y_{8,70,72}$ = 28.104053283496583 dB
	 $y_{8,70,83}$ = 23.88897774252476 dB
	 $y_{8,70,92}$ = 19.63627211502255 dB
		SNR medio: 79.0592885022304
		Usuarios totais: 7
$x_{8,76}$
	 $y_{8,76,58}$ = 19.87271211885154 dB
	 $y_{8,76,64}$ = 18.72776199292018 dB
	 $y_{8,76,65}$ = 16.437051802726117 dB
	 $y_{8,76,66}$ = 27.3882429822183 dB
	 $y_{8,76,68}$ = 25.115836932342688 dB
	 $y_{8,76,77}$ = 39.83692597200091 dB
	 $y_{8,76,78}$ = 17.62880726557367 dB
		SNR medio: 31.874390139727822
		Usuarios totais: 8
$x_{8,97}$
	 $y_{8,97,79}$ = 17.455181809935297 dB
	 $y_{8,97,94}$ = 15.787437999762034 dB
	 $y_{8,97,97}$ = 89.12152271436904 dB
	 $y_{8,97,98}$ = 32.890907097938836 dB
		SNR medio: 83.10093364334173
		Usuarios totais: 6
Distances:
18 : 21 = 2828.42712474619
18 : 24 = 1649.2422502470642
18 : 48 = 1200.0
18 : 63 = 2828.42712474619
18 : 70 = 4000.0
18 : 76 = 2529.8221281347037
18 : 97 = 3224.9030993194197
21 : 24 = 1200.0
21 : 48 = 2912.043955712207
21 : 63 = 1788.8543819998317
21 : 70 = 2039.607805437114
21 : 76 = 2828.42712474619
21 : 97 = 3687.817782917155
24 : 48 = 1788.8543819998317
24 : 63 = 1649.2422502470642
24 : 70 = 2561.2496949731394
24 : 76 = 2154.0659228538016
24 : 97 = 3046.3092423455632
48 : 63 = 2154.0659228538016
48 : 70 = 3417.6014981270123
48 : 76 = 1442.2205101855957
48 : 97 = 2039.607805437114
63 : 70 = 1264.9110640673518
63 : 76 = 1264.9110640673518
63 : 97 = 2000.0
70 : 76 = 2400.0
70 : 97 = 2912.043955712207
76 : 97 = 894.4271909999159
t=9
$x_{9,18}$
	 $y_{9,18,9}$ = 24.047161308178048 dB
	 $y_{9,18,17}$ = 26.64453622463236 dB
	 $y_{9,18,18}$ = 86.05987214169755 dB
	 $y_{9,18,28}$ = 36.542117433378635 dB
	 $y_{9,18,29}$ = 25.03261794216806 dB
		SNR medio: 79.07023175690371
		Usuarios totais: 6
$x_{9,21}$
	 $y_{9,21,1}$ = 15.18091589855787 dB
	 $y_{9,21,10}$ = 22.901296087706072 dB
	 $y_{9,21,12}$ = 23.431862687330195 dB
	 $y_{9,21,22}$ = 22.863031133132935 dB
	 $y_{9,21,30}$ = 20.900608174794357 dB
	 $y_{9,21,31}$ = 30.72971714767202 dB
	 $y_{9,21,40}$ = 16.33478932673556 dB
	 $y_{9,21,41}$ = 21.95211260657298 dB
		SNR medio: 24.28841252708669
		Usuarios totais: 11
$x_{9,24}$
	 $y_{9,24,6}$ = 16.570022829265 dB
	 $y_{9,24,15}$ = 29.362936850940343 dB
	 $y_{9,24,16}$ = 15.204390234657225 dB
	 $y_{9,24,24}$ = 84.76703726021827 dB
	 $y_{9,24,25}$ = 31.812092708330468 dB
	 $y_{9,24,26}$ = 24.203621847186085 dB
	 $y_{9,24,42}$ = 18.31206503762229 dB
	 $y_{9,24,44}$ = 23.276419346764612 dB
		SNR medio: 75.736180912975
		Usuarios totais: 14
$x_{9,48}$
	 $y_{9,48,37}$ = 26.292886242822263 dB
	 $y_{9,48,47}$ = 38.953449200516815 dB
	 $y_{9,48,67}$ = 16.056450552375594 dB
		SNR medio: 34.43252978541361
		Usuarios totais: 6
$x_{9,63}$
	 $y_{9,63,51}$ = 17.466282527055995 dB
	 $y_{9,63,52}$ = 25.3627496305115 dB
	 $y_{9,63,54}$ = 35.04346100094166 dB
	 $y_{9,63,61}$ = 18.611351757139857 dB
	 $y_{9,63,74}$ = 27.122663334693286 dB
	 $y_{9,63,81}$ = 18.604242847265326 dB
	 $y_{9,63,82}$ = 15.414192520730865 dB
		SNR medio: 27.8727183250729
		Usuarios totais: 8
$x_{9,70}$
	 $y_{9,70,50}$ = 17.659268268234882 dB
	 $y_{9,70,60}$ = 27.988363146742643 dB
	 $y_{9,70,90}$ = 16.109338971553484 dB
	 $y_{9,70,91}$ = 22.46533935888239 dB
		SNR medio: 23.54513591538908
		Usuarios totais: 5
$x_{9,76}$
	 $y_{9,76,56}$ = 20.612286130744252 dB
	 $y_{9,76,58}$ = 19.87271211885154 dB
	 $y_{9,76,65}$ = 16.437051802726117 dB
	 $y_{9,76,68}$ = 25.115836932342688 dB
	 $y_{9,76,75}$ = 24.005608442039645 dB
	 $y_{9,76,87}$ = 21.794508590889762 dB
		SNR medio: 22.147254467324082
		Usuarios totais: 6
$x_{9,97}$
	 $y_{9,97,94}$ = 15.787437999762034 dB
	 $y_{9,97,97}$ = 89.12152271436904 dB
	 $y_{9,97,98}$ = 32.890907097938836 dB
		SNR medio: 84.35032071352188
		Usuarios totais: 4
Distances:
18 : 21 = 2828.42712474619
18 : 24 = 1649.2422502470642
18 : 48 = 1200.0
18 : 63 = 2828.42712474619
18 : 70 = 4000.0
18 : 76 = 2529.8221281347037
18 : 97 = 3224.9030993194197
21 : 24 = 1200.0
21 : 48 = 2912.043955712207
21 : 63 = 1788.8543819998317
21 : 70 = 2039.607805437114
21 : 76 = 2828.42712474619
21 : 97 = 3687.817782917155
24 : 48 = 1788.8543819998317
24 : 63 = 1649.2422502470642
24 : 70 = 2561.2496949731394
24 : 76 = 2154.0659228538016
24 : 97 = 3046.3092423455632
48 : 63 = 2154.0659228538016
48 : 70 = 3417.6014981270123
48 : 76 = 1442.2205101855957
48 : 97 = 2039.607805437114
63 : 70 = 1264.9110640673518
63 : 76 = 1264.9110640673518
63 : 97 = 2000.0
70 : 76 = 2400.0
70 : 97 = 2912.043955712207
76 : 97 = 894.4271909999159
--- Done after 0.061390760673416984 hours. ---
