-------------Calculating Solution (this may take a while)
+++++++++++++++++++Min Sinr: 5 dB (pgwo2)
+++++++++++++++++++With backhaul constraint. Start: 2023-02-06 00:29:05

Parameters:
- chosen seed 15
- Map with 100 sectors
- Map 4000 x 4000 m
- Sector has a side of 400 m
- Max time:  12
- users_t_m:  [[0, 0, 0, 0, 0, 0, 0, 0, 3, 0, 0, 0, 0, 0, 0, 0, 0, 1, 4, 6, 0, 0, 0, 0, 0, 0, 0, 1, 13, 9, 0, 0, 0, 0, 0, 0, 0, 0, 0, 0, 0, 0, 0, 0, 0, 0, 0, 0, 0, 0, 0, 0, 0, 0, 0, 0, 0, 0, 0, 0, 0, 0, 0, 0, 0, 0, 0, 0, 0, 0, 0, 0, 0, 0, 0, 0, 0, 0, 0, 0, 0, 0, 0, 0, 0, 0, 0, 0, 0, 0, 0, 0, 0, 0, 0, 0, 0, 0, 0, 0], [1, 0, 2, 0, 1, 0, 2, 0, 2, 0, 1, 0, 0, 2, 0, 0, 2, 2, 4, 1, 0, 0, 1, 0, 0, 1, 0, 1, 6, 5, 1, 1, 0, 1, 2, 0, 0, 0, 0, 0, 0, 1, 0, 0, 0, 0, 0, 1, 0, 0, 0, 0, 0, 0, 0, 0, 1, 0, 1, 0, 0, 0, 0, 0, 0, 1, 1, 0, 0, 1, 2, 1, 0, 0, 0, 0, 0, 0, 0, 0, 0, 0, 0, 0, 0, 1, 0, 0, 1, 2, 0, 0, 0, 0, 1, 0, 0, 1, 0, 0], [1, 0, 3, 0, 1, 1, 0, 0, 1, 2, 0, 1, 0, 0, 1, 1, 0, 4, 4, 6, 0, 1, 1, 0, 0, 0, 1, 0, 10, 3, 0, 0, 1, 4, 1, 1, 1, 0, 0, 0, 0, 0, 3, 2, 0, 0, 0, 0, 2, 0, 0, 0, 0, 2, 0, 1, 2, 0, 0, 0, 1, 0, 1, 1, 0, 0, 0, 0, 2, 0, 0, 0, 1, 0, 0, 0, 0, 0, 1, 2, 0, 0, 0, 1, 0, 1, 1, 0, 0, 1, 1, 0, 3, 0, 1, 0, 0, 0, 1, 0], [1, 0, 1, 1, 1, 0, 2, 0, 3, 1, 1, 1, 3, 2, 2, 2, 3, 2, 4, 3, 0, 0, 0, 3, 1, 0, 0, 0, 11, 7, 1, 0, 1, 1, 0, 0, 1, 0, 0, 1, 0, 0, 0, 0, 0, 1, 0, 2, 1, 1, 1, 0, 1, 0, 0, 0, 0, 0, 2, 2, 1, 0, 1, 0, 0, 0, 2, 2, 1, 2, 0, 0, 1, 0, 1, 1, 1, 2, 0, 2, 3, 1, 1, 0, 1, 1, 0, 1, 2, 1, 0, 1, 1, 1, 0, 1, 1, 0, 3, 1], [0, 1, 0, 0, 2, 1, 1, 2, 3, 2, 0, 0, 0, 1, 0, 0, 1, 2, 4, 1, 1, 1, 2, 1, 0, 4, 1, 1, 12, 10, 0, 2, 2, 2, 2, 1, 1, 1, 0, 2, 2, 1, 2, 0, 1, 2, 3, 0, 0, 2, 1, 1, 2, 2, 3, 2, 0, 0, 4, 1, 1, 0, 0, 0, 1, 1, 1, 1, 3, 2, 0, 1, 0, 0, 0, 1, 1, 1, 0, 0, 1, 0, 2, 2, 0, 0, 0, 3, 0, 1, 0, 2, 1, 0, 3, 1, 0, 1, 3, 0], [2, 0, 3, 1, 3, 2, 2, 2, 3, 3, 1, 1, 2, 3, 1, 1, 2, 1, 9, 8, 0, 2, 2, 0, 0, 1, 3, 0, 13, 8, 0, 3, 0, 0, 3, 0, 1, 1, 0, 2, 1, 2, 2, 0, 0, 3, 3, 0, 0, 0, 1, 1, 4, 0, 0, 1, 1, 2, 3, 0, 0, 1, 5, 0, 1, 1, 0, 3, 2, 4, 1, 2, 1, 1, 0, 2, 3, 2, 1, 2, 1, 2, 0, 1, 0, 4, 1, 1, 0, 1, 0, 0, 0, 2, 1, 3, 3, 0, 2, 2], [3, 2, 0, 2, 0, 2, 2, 2, 0, 1, 0, 2, 0, 1, 0, 5, 1, 1, 2, 1, 2, 4, 1, 1, 5, 1, 1, 1, 0, 1, 1, 0, 2, 2, 1, 1, 2, 3, 1, 2, 2, 0, 2, 1, 1, 0, 0, 2, 1, 2, 2, 0, 3, 3, 0, 1, 0, 2, 2, 2, 3, 0, 0, 1, 1, 0, 2, 2, 1, 2, 1, 0, 3, 1, 0, 2, 2, 2, 3, 0, 1, 3, 1, 4, 0, 1, 0, 0, 2, 1, 2, 2, 2, 0, 1, 0, 1, 0, 2, 0], [1, 1, 0, 1, 1, 2, 0, 1, 0, 2, 1, 2, 1, 2, 3, 1, 0, 1, 1, 0, 2, 2, 1, 1, 0, 1, 0, 0, 2, 3, 2, 1, 1, 3, 2, 2, 1, 1, 1, 1, 2, 1, 0, 1, 2, 1, 3, 0, 1, 2, 2, 1, 0, 3, 0, 0, 0, 0, 0, 1, 0, 0, 2, 1, 0, 1, 1, 3, 1, 2, 1, 3, 1, 0, 1, 1, 0, 0, 0, 2, 1, 1, 1, 3, 2, 1, 0, 0, 1, 1, 2, 1, 0, 1, 1, 1, 2, 1, 2, 0], [1, 0, 1, 2, 1, 0, 0, 1, 0, 0, 1, 0, 0, 1, 1, 0, 2, 1, 1, 0, 0, 1, 0, 1, 1, 0, 2, 0, 0, 1, 2, 0, 1, 0, 0, 1, 0, 3, 0, 0, 0, 1, 2, 3, 3, 1, 0, 2, 0, 3, 4, 0, 0, 0, 0, 1, 0, 2, 3, 1, 0, 3, 0, 0, 3, 0, 1, 3, 0, 1, 0, 1, 0, 0, 0, 1, 0, 3, 0, 1, 0, 3, 0, 1, 1, 1, 1, 0, 3, 1, 1, 0, 0, 1, 4, 2, 2, 3, 0, 1], [0, 0, 1, 1, 0, 1, 2, 0, 1, 2, 1, 1, 0, 0, 3, 0, 0, 0, 0, 2, 0, 0, 2, 0, 1, 2, 2, 1, 0, 0, 0, 2, 0, 1, 1, 0, 2, 0, 1, 0, 1, 0, 0, 1, 0, 1, 1, 0, 1, 0, 0, 1, 0, 0, 0, 0, 0, 0, 0, 0, 0, 2, 2, 0, 0, 0, 0, 0, 1, 1, 1, 0, 2, 0, 1, 1, 1, 2, 0, 0, 0, 0, 0, 0, 0, 2, 1, 0, 0, 0, 0, 0, 0, 1, 1, 1, 2, 1, 0, 1], [0, 1, 0, 0, 2, 1, 0, 0, 0, 1, 0, 0, 0, 0, 0, 2, 1, 0, 0, 0, 0, 0, 0, 0, 1, 0, 0, 0, 0, 0, 0, 0, 0, 0, 0, 2, 0, 0, 0, 0, 0, 0, 0, 1, 0, 0, 0, 0, 0, 1, 1, 0, 0, 0, 0, 2, 0, 0, 0, 0, 1, 0, 0, 0, 1, 0, 0, 0, 1, 0, 0, 0, 0, 1, 0, 0, 1, 0, 1, 0, 1, 1, 0, 0, 1, 0, 0, 0, 1, 0, 0, 0, 0, 0, 1, 0, 1, 0, 1, 1], [0, 0, 0, 0, 0, 0, 1, 0, 0, 0, 0, 0, 1, 0, 0, 0, 0, 0, 0, 0, 0, 0, 0, 0, 0, 1, 0, 0, 0, 0, 0, 0, 1, 0, 0, 0, 0, 0, 0, 0, 0, 1, 0, 0, 0, 0, 0, 0, 0, 0, 0, 0, 0, 0, 0, 0, 0, 1, 0, 0, 0, 0, 0, 0, 0, 1, 0, 0, 0, 0, 0, 0, 0, 0, 0, 0, 0, 0, 0, 0, 0, 0, 0, 1, 0, 0, 0, 0, 0, 0, 0, 0, 0, 0, 0, 0, 0, 0, 0, 0]]
users_0_m:
[0, 0, 0, 0, 0, 0, 0, 0, 3, 0]
[0, 0, 0, 0, 0, 0, 0, 1, 4, 6]
[0, 0, 0, 0, 0, 0, 0, 1, 13, 9]
[0, 0, 0, 0, 0, 0, 0, 0, 0, 0]
[0, 0, 0, 0, 0, 0, 0, 0, 0, 0]
[0, 0, 0, 0, 0, 0, 0, 0, 0, 0]
[0, 0, 0, 0, 0, 0, 0, 0, 0, 0]
[0, 0, 0, 0, 0, 0, 0, 0, 0, 0]
[0, 0, 0, 0, 0, 0, 0, 0, 0, 0]
[0, 0, 0, 0, 0, 0, 0, 0, 0, 0]
users_1_m:
[1, 0, 2, 0, 1, 0, 2, 0, 2, 0]
[1, 0, 0, 2, 0, 0, 2, 2, 4, 1]
[0, 0, 1, 0, 0, 1, 0, 1, 6, 5]
[1, 1, 0, 1, 2, 0, 0, 0, 0, 0]
[0, 1, 0, 0, 0, 0, 0, 1, 0, 0]
[0, 0, 0, 0, 0, 0, 1, 0, 1, 0]
[0, 0, 0, 0, 0, 1, 1, 0, 0, 1]
[2, 1, 0, 0, 0, 0, 0, 0, 0, 0]
[0, 0, 0, 0, 0, 1, 0, 0, 1, 2]
[0, 0, 0, 0, 1, 0, 0, 1, 0, 0]
users_2_m:
[1, 0, 3, 0, 1, 1, 0, 0, 1, 2]
[0, 1, 0, 0, 1, 1, 0, 4, 4, 6]
[0, 1, 1, 0, 0, 0, 1, 0, 10, 3]
[0, 0, 1, 4, 1, 1, 1, 0, 0, 0]
[0, 0, 3, 2, 0, 0, 0, 0, 2, 0]
[0, 0, 0, 2, 0, 1, 2, 0, 0, 0]
[1, 0, 1, 1, 0, 0, 0, 0, 2, 0]
[0, 0, 1, 0, 0, 0, 0, 0, 1, 2]
[0, 0, 0, 1, 0, 1, 1, 0, 0, 1]
[1, 0, 3, 0, 1, 0, 0, 0, 1, 0]
users_3_m:
[1, 0, 1, 1, 1, 0, 2, 0, 3, 1]
[1, 1, 3, 2, 2, 2, 3, 2, 4, 3]
[0, 0, 0, 3, 1, 0, 0, 0, 11, 7]
[1, 0, 1, 1, 0, 0, 1, 0, 0, 1]
[0, 0, 0, 0, 0, 1, 0, 2, 1, 1]
[1, 0, 1, 0, 0, 0, 0, 0, 2, 2]
[1, 0, 1, 0, 0, 0, 2, 2, 1, 2]
[0, 0, 1, 0, 1, 1, 1, 2, 0, 2]
[3, 1, 1, 0, 1, 1, 0, 1, 2, 1]
[0, 1, 1, 1, 0, 1, 1, 0, 3, 1]
users_4_m:
[0, 1, 0, 0, 2, 1, 1, 2, 3, 2]
[0, 0, 0, 1, 0, 0, 1, 2, 4, 1]
[1, 1, 2, 1, 0, 4, 1, 1, 12, 10]
[0, 2, 2, 2, 2, 1, 1, 1, 0, 2]
[2, 1, 2, 0, 1, 2, 3, 0, 0, 2]
[1, 1, 2, 2, 3, 2, 0, 0, 4, 1]
[1, 0, 0, 0, 1, 1, 1, 1, 3, 2]
[0, 1, 0, 0, 0, 1, 1, 1, 0, 0]
[1, 0, 2, 2, 0, 0, 0, 3, 0, 1]
[0, 2, 1, 0, 3, 1, 0, 1, 3, 0]
users_5_m:
[2, 0, 3, 1, 3, 2, 2, 2, 3, 3]
[1, 1, 2, 3, 1, 1, 2, 1, 9, 8]
[0, 2, 2, 0, 0, 1, 3, 0, 13, 8]
[0, 3, 0, 0, 3, 0, 1, 1, 0, 2]
[1, 2, 2, 0, 0, 3, 3, 0, 0, 0]
[1, 1, 4, 0, 0, 1, 1, 2, 3, 0]
[0, 1, 5, 0, 1, 1, 0, 3, 2, 4]
[1, 2, 1, 1, 0, 2, 3, 2, 1, 2]
[1, 2, 0, 1, 0, 4, 1, 1, 0, 1]
[0, 0, 0, 2, 1, 3, 3, 0, 2, 2]
users_6_m:
[3, 2, 0, 2, 0, 2, 2, 2, 0, 1]
[0, 2, 0, 1, 0, 5, 1, 1, 2, 1]
[2, 4, 1, 1, 5, 1, 1, 1, 0, 1]
[1, 0, 2, 2, 1, 1, 2, 3, 1, 2]
[2, 0, 2, 1, 1, 0, 0, 2, 1, 2]
[2, 0, 3, 3, 0, 1, 0, 2, 2, 2]
[3, 0, 0, 1, 1, 0, 2, 2, 1, 2]
[1, 0, 3, 1, 0, 2, 2, 2, 3, 0]
[1, 3, 1, 4, 0, 1, 0, 0, 2, 1]
[2, 2, 2, 0, 1, 0, 1, 0, 2, 0]
users_7_m:
[1, 1, 0, 1, 1, 2, 0, 1, 0, 2]
[1, 2, 1, 2, 3, 1, 0, 1, 1, 0]
[2, 2, 1, 1, 0, 1, 0, 0, 2, 3]
[2, 1, 1, 3, 2, 2, 1, 1, 1, 1]
[2, 1, 0, 1, 2, 1, 3, 0, 1, 2]
[2, 1, 0, 3, 0, 0, 0, 0, 0, 1]
[0, 0, 2, 1, 0, 1, 1, 3, 1, 2]
[1, 3, 1, 0, 1, 1, 0, 0, 0, 2]
[1, 1, 1, 3, 2, 1, 0, 0, 1, 1]
[2, 1, 0, 1, 1, 1, 2, 1, 2, 0]
users_8_m:
[1, 0, 1, 2, 1, 0, 0, 1, 0, 0]
[1, 0, 0, 1, 1, 0, 2, 1, 1, 0]
[0, 1, 0, 1, 1, 0, 2, 0, 0, 1]
[2, 0, 1, 0, 0, 1, 0, 3, 0, 0]
[0, 1, 2, 3, 3, 1, 0, 2, 0, 3]
[4, 0, 0, 0, 0, 1, 0, 2, 3, 1]
[0, 3, 0, 0, 3, 0, 1, 3, 0, 1]
[0, 1, 0, 0, 0, 1, 0, 3, 0, 1]
[0, 3, 0, 1, 1, 1, 1, 0, 3, 1]
[1, 0, 0, 1, 4, 2, 2, 3, 0, 1]
users_9_m:
[0, 0, 1, 1, 0, 1, 2, 0, 1, 2]
[1, 1, 0, 0, 3, 0, 0, 0, 0, 2]
[0, 0, 2, 0, 1, 2, 2, 1, 0, 0]
[0, 2, 0, 1, 1, 0, 2, 0, 1, 0]
[1, 0, 0, 1, 0, 1, 1, 0, 1, 0]
[0, 1, 0, 0, 0, 0, 0, 0, 0, 0]
[0, 2, 2, 0, 0, 0, 0, 0, 1, 1]
[1, 0, 2, 0, 1, 1, 1, 2, 0, 0]
[0, 0, 0, 0, 0, 2, 1, 0, 0, 0]
[0, 0, 0, 1, 1, 1, 2, 1, 0, 1]
users_10_m:
[0, 1, 0, 0, 2, 1, 0, 0, 0, 1]
[0, 0, 0, 0, 0, 2, 1, 0, 0, 0]
[0, 0, 0, 0, 1, 0, 0, 0, 0, 0]
[0, 0, 0, 0, 0, 2, 0, 0, 0, 0]
[0, 0, 0, 1, 0, 0, 0, 0, 0, 1]
[1, 0, 0, 0, 0, 2, 0, 0, 0, 0]
[1, 0, 0, 0, 1, 0, 0, 0, 1, 0]
[0, 0, 0, 1, 0, 0, 1, 0, 1, 0]
[1, 1, 0, 0, 1, 0, 0, 0, 1, 0]
[0, 0, 0, 0, 1, 0, 1, 0, 1, 1]
users_11_m:
[0, 0, 0, 0, 0, 0, 1, 0, 0, 0]
[0, 0, 1, 0, 0, 0, 0, 0, 0, 0]
[0, 0, 0, 0, 0, 1, 0, 0, 0, 0]
[0, 0, 1, 0, 0, 0, 0, 0, 0, 0]
[0, 1, 0, 0, 0, 0, 0, 0, 0, 0]
[0, 0, 0, 0, 0, 0, 0, 1, 0, 0]
[0, 0, 0, 0, 0, 1, 0, 0, 0, 0]
[0, 0, 0, 0, 0, 0, 0, 0, 0, 0]
[0, 0, 0, 1, 0, 0, 0, 0, 0, 0]
[0, 0, 0, 0, 0, 0, 0, 0, 0, 0]
MAX_USER_PER_ANTENNAS_m:  [40, 40, 40, 40, 40, 40, 40, 40, 40, 40, 40, 40, 40, 40, 40, 40, 40, 40, 40, 40, 40, 40, 40, 40, 40, 40, 40, 40, 40, 40, 40, 40, 40, 40, 40, 40, 40, 40, 40, 40, 40, 40, 40, 40, 40, 40, 40, 40, 40, 40, 40, 40, 40, 40, 40, 40, 40, 40, 40, 40, 40, 40, 40, 40, 40, 40, 40, 40, 40, 40, 40, 40, 40, 40, 40, 40, 40, 40, 40, 40, 40, 40, 40, 40, 40, 40, 40, 40, 40, 40, 40, 40, 40, 40, 40, 40, 40, 40, 40, 40]
antennas_map_m:  [1, 1, 1, 1, 1, 1, 1, 1, 1, 1, 1, 1, 1, 1, 1, 1, 1, 1, 1, 1, 1, 1, 1, 1, 1, 1, 1, 1, 1, 1, 1, 1, 1, 1, 1, 1, 1, 1, 1, 1, 1, 1, 1, 1, 1, 1, 1, 1, 1, 1, 1, 1, 1, 1, 1, 1, 1, 1, 1, 1, 1, 1, 1, 1, 1, 1, 1, 1, 1, 1, 1, 1, 1, 1, 1, 1, 1, 1, 1, 1, 1, 1, 1, 1, 1, 1, 1, 1, 1, 1, 1, 1, 1, 1, 1, 1, 1, 1, 1, 1]
FIRST_ANTENNA:  3
MIN_SNR_m:  [3.1622776601683795, 3.1622776601683795, 3.1622776601683795, 3.1622776601683795, 3.1622776601683795, 3.1622776601683795, 3.1622776601683795, 3.1622776601683795, 3.1622776601683795, 3.1622776601683795, 3.1622776601683795, 3.1622776601683795, 3.1622776601683795, 3.1622776601683795, 3.1622776601683795, 3.1622776601683795, 3.1622776601683795, 3.1622776601683795, 3.1622776601683795, 3.1622776601683795, 3.1622776601683795, 3.1622776601683795, 3.1622776601683795, 3.1622776601683795, 3.1622776601683795, 3.1622776601683795, 3.1622776601683795, 3.1622776601683795, 3.1622776601683795, 3.1622776601683795, 3.1622776601683795, 3.1622776601683795, 3.1622776601683795, 3.1622776601683795, 3.1622776601683795, 3.1622776601683795, 3.1622776601683795, 3.1622776601683795, 3.1622776601683795, 3.1622776601683795, 3.1622776601683795, 3.1622776601683795, 3.1622776601683795, 3.1622776601683795, 3.1622776601683795, 3.1622776601683795, 3.1622776601683795, 3.1622776601683795, 3.1622776601683795, 3.1622776601683795, 3.1622776601683795, 3.1622776601683795, 3.1622776601683795, 3.1622776601683795, 3.1622776601683795, 3.1622776601683795, 3.1622776601683795, 3.1622776601683795, 3.1622776601683795, 3.1622776601683795, 3.1622776601683795, 3.1622776601683795, 3.1622776601683795, 3.1622776601683795, 3.1622776601683795, 3.1622776601683795, 3.1622776601683795, 3.1622776601683795, 3.1622776601683795, 3.1622776601683795, 3.1622776601683795, 3.1622776601683795, 3.1622776601683795, 3.1622776601683795, 3.1622776601683795, 3.1622776601683795, 3.1622776601683795, 3.1622776601683795, 3.1622776601683795, 3.1622776601683795, 3.1622776601683795, 3.1622776601683795, 3.1622776601683795, 3.1622776601683795, 3.1622776601683795, 3.1622776601683795, 3.1622776601683795, 3.1622776601683795, 3.1622776601683795, 3.1622776601683795, 3.1622776601683795, 3.1622776601683795, 3.1622776601683795, 3.1622776601683795, 3.1622776601683795, 3.1622776601683795, 3.1622776601683795, 3.1622776601683795, 3.1622776601683795, 3.1622776601683795]
-MIN_DIST:  2000
- disaster percentage:  0

Slice  0
Updating fitness _wolf
--------

Run GWO to deployment +1 antenna on the map
	Pack size:  300
	Wolf dimension 1
	Max iter 100
	antennas_regions:  [3]
	users_regions:  [ 8 17 18 19 27 28 29]
	Seed_base:  4306
initial_alpha:  Wolf 16 (4322). Fitness: 421.62153365507845
	(2368.11036862124, 855.2535996334276, 0). Region: 25
initial_beta:  Wolf 30 (4336). Fitness: 421.62153365507845
	(2376.966217255425, 956.2652764877196, 0). Region: 25
initial_delta:  Wolf 93 (4399). Fitness: 421.62153365507845
	(2077.023789870281, 916.1199032087302, 0). Region: 25 

iter = 10
Alpha wolf:  Wolf 16 (4322). Fitness: 421.62153365507845
	(2368.11036862124, 855.2535996334276, 0). Region: 25
iter = 20
Alpha wolf:  Wolf 16 (4322). Fitness: 421.62153365507845
	(2368.11036862124, 855.2535996334276, 0). Region: 25
iter = 30
Alpha wolf:  Wolf 16 (4322). Fitness: 421.62153365507845
	(2397.25703541412, 1089.994545841529, 0.0). Region: 25
iter = 40
Alpha wolf:  Wolf 16 (4322). Fitness: 421.62153365507845
	(2386.896981886638, 987.5234237514362, 0.0). Region: 25
iter = 50
Alpha wolf:  Wolf 16 (4322). Fitness: 421.62153365507845
	(2385.291039292846, 974.3697866220602, 0.0). Region: 25
iter = 60
Alpha wolf:  Wolf 16 (4322). Fitness: 421.62153365507845
	(2358.800281782723, 999.7972138347154, 0.0). Region: 25
iter = 70
Alpha wolf:  Wolf 16 (4322). Fitness: 421.62153365507845
	(2094.6937318816663, 990.2522286349288, 0.0). Region: 25
iter = 80
Alpha wolf:  Wolf 16 (4322). Fitness: 421.62153365507845
	(2269.869124138119, 1130.7218948815325, 0.0). Region: 25
iter = 90
Alpha wolf:  Wolf 16 (4322). Fitness: 421.62153365507845
	(2271.580483413026, 897.8413630349535, 0.0). Region: 25

- Finishing GWO - 

Best solution:  Wolf 16 (4322). Fitness: 421.62153365507845
	(2154.2785062529356, 919.471326360072, 0.0). Region: 25
Antennas in slice 0:  [ 3 25]

Slice  1
Updating fitness _wolf
--------

Run GWO to deployment +1 antenna on the map
	Pack size:  300
	Wolf dimension 1
	Max iter 100
	antennas_regions:  [ 3 25]
	users_regions:  [ 0  2  4  6  8 10 13 16 17 18 19 22 25 27 28 29 30 31 33 34 41 47 56 58
 65 66 69 70 71 85 88 89 94 97]
	Seed_base:  56396
initial_alpha:  Wolf 0 (56396). Fitness: 0
	(433.72092943384064, 3950.7081541191706, 0). Region: 91
initial_beta:  Wolf 1 (56397). Fitness: 0
	(709.8151007455549, 2126.6655990602935, 0). Region: 51
initial_delta:  Wolf 2 (56398). Fitness: 0
	(1366.3651796767526, 1474.6043304015677, 0). Region: 33 

iter = 10
Alpha wolf:  Wolf 0 (56396). Fitness: 0
	(1134.7600342754645, 1533.52743999778, 0.0). Region: 32
iter = 20
Alpha wolf:  Wolf 0 (56396). Fitness: 0
	(159.9115597015204, 1610.6965300896711, 0.0). Region: 40
iter = 30
Alpha wolf:  Wolf 0 (56396). Fitness: 0
	(394.13075105489844, 3010.316967464838, 0.0). Region: 70
iter = 40
Alpha wolf:  Wolf 0 (56396). Fitness: 0
	(222.16216434209642, 3715.2188712045863, 0.0). Region: 90
iter = 50
Alpha wolf:  Wolf 0 (56396). Fitness: 0
	(60.00750012061744, 2273.1269241803802, 0.0). Region: 50
iter = 60
Alpha wolf:  Wolf 0 (56396). Fitness: 0
	(120.17249878526157, 1820.324256866426, 0.0). Region: 40
iter = 70
Alpha wolf:  Wolf 0 (56396). Fitness: 0
	(114.69023580112798, 2436.0411055155323, 0.0). Region: 60
iter = 80
Alpha wolf:  Wolf 0 (56396). Fitness: 0
	(113.69317721824984, 2788.9103301636105, 0.0). Region: 60
iter = 90
Alpha wolf:  Wolf 0 (56396). Fitness: 0
	(97.01843431856378, 2131.207858409431, 0.0). Region: 50

Run GWO to deployment +2 antenna on the map
	Pack size:  300
	Wolf dimension 2
	Max iter 100
	antennas_regions:  [ 3 25]
	users_regions:  [ 0  2  4  6  8 10 13 16 17 18 19 22 25 27 28 29 30 31 33 34 41 47 56 58
 65 66 69 70 71 85 88 89 94 97]
	Seed_base:  37310
initial_alpha:  Wolf 136 (37446). Fitness: 0.00020802482167711351
	(2606.887148587831, 2924.6722562103637, 0). Region: 76
	(1212.4710474959475, 1699.0943803516489, 0). Region: 43
initial_beta:  Wolf 282 (37592). Fitness: 6.390641505327501e-05
	(736.5745474237211, 1489.0643306360444, 0). Region: 31
	(2862.1676466428935, 2749.9155915208335, 0). Region: 67
initial_delta:  Wolf 0 (37310). Fitness: 0
	(607.675187651628, 3457.6606763823606, 0). Region: 81
	(1298.4871160191904, 2396.481051673356, 0). Region: 53 

The alpha wolf has been updated to a position with higher fitness. iter = 5
New alpha wolf:  Wolf 284 (37594). Fitness: 0.00021235867207314933
	(2933.597274311818, 2798.8762787968562, 0.0). Region: 67
	(70.73623203067487, 1810.351366587749, 0.0). Region: 40
iter = 10
Alpha wolf:  Wolf 284 (37594). Fitness: 0.00021235867207314933
	(2933.597274311818, 2798.8762787968562, 0.0). Region: 67
	(70.73623203067487, 1810.351366587749, 0.0). Region: 40
iter = 20
Alpha wolf:  Wolf 284 (37594). Fitness: 0.00021235867207314933
	(2933.597274311818, 2798.8762787968562, 0.0). Region: 67
	(70.73623203067487, 1810.351366587749, 0.0). Region: 40
iter = 30
Alpha wolf:  Wolf 284 (37594). Fitness: 0.00021235867207314933
	(2933.597274311818, 2798.8762787968562, 0.0). Region: 67
	(70.73623203067487, 1810.351366587749, 0.0). Region: 40
iter = 40
Alpha wolf:  Wolf 284 (37594). Fitness: 0.00021235867207314933
	(2933.597274311818, 2798.8762787968562, 0.0). Region: 67
	(70.73623203067487, 1810.351366587749, 0.0). Region: 40
iter = 50
Alpha wolf:  Wolf 284 (37594). Fitness: 0.00021235867207314933
	(2933.597274311818, 2798.8762787968562, 0.0). Region: 67
	(70.73623203067487, 1810.351366587749, 0.0). Region: 40
iter = 60
Alpha wolf:  Wolf 284 (37594). Fitness: 0.00021235867207314933
	(2933.597274311818, 2798.8762787968562, 0.0). Region: 67
	(70.73623203067487, 1810.351366587749, 0.0). Region: 40
iter = 70
Alpha wolf:  Wolf 284 (37594). Fitness: 0.00021235867207314933
	(2986.261076771979, 2441.37917130433, 0.0). Region: 67
	(170.3601891076019, 1683.4968635172893, 0.0). Region: 40
iter = 80
Alpha wolf:  Wolf 284 (37594). Fitness: 0.00021235867207314933
	(2986.261076771979, 2441.37917130433, 0.0). Region: 67
	(170.3601891076019, 1683.4968635172893, 0.0). Region: 40
iter = 90
Alpha wolf:  Wolf 284 (37594). Fitness: 0.00021235867207314933
	(3068.746108293345, 2709.642605065439, 0.0). Region: 67
	(267.08623066835867, 1896.2477321629678, 0.0). Region: 40

- Finishing GWO - 

Best solution:  Wolf 284 (37594). Fitness: 0.00021235867207314933
	(2974.1531889871317, 2765.2550123594597, 0.0). Region: 67
	(256.05951326018345, 1768.7654496882787, 0.0). Region: 40
Antennas in slice 1:  [ 3 25 40 67]

Slice  2
Updating fitness _wolf
--------

Run GWO to deployment +1 antenna on the map
	Pack size:  300
	Wolf dimension 1
	Max iter 100
	antennas_regions:  [ 3 25 40 67]
	users_regions:  [ 0  2  4  5  8  9 11 14 15 17 18 19 21 22 26 28 29 32 33 34 35 36 42 43
 48 53 55 56 60 62 63 68 72 78 79 83 85 86 89 90 92 94 98]
	Seed_base:  26447
initial_alpha:  Wolf 17 (26464). Fitness: 67.18151858665782
	(1967.3291265989265, 3445.3837046378353, 0). Region: 84
initial_beta:  Wolf 18 (26465). Fitness: 67.18151858665782
	(1773.7318149706996, 3251.3344375693982, 0). Region: 84
initial_delta:  Wolf 134 (26581). Fitness: 67.18151858665782
	(1955.5796187725405, 3418.6576676369323, 0). Region: 84 

iter = 10
Alpha wolf:  Wolf 17 (26464). Fitness: 67.18151858665782
	(1967.3291265989265, 3445.3837046378353, 0). Region: 84
iter = 20
Alpha wolf:  Wolf 17 (26464). Fitness: 67.18151858665782
	(1925.2842874122812, 3512.7631620852217, 0.0). Region: 84
iter = 30
Alpha wolf:  Wolf 17 (26464). Fitness: 67.18151858665782
	(1925.2842874122812, 3512.7631620852217, 0.0). Region: 84
iter = 40
Alpha wolf:  Wolf 17 (26464). Fitness: 67.18151858665782
	(1925.2842874122812, 3512.7631620852217, 0.0). Region: 84
iter = 50
Alpha wolf:  Wolf 17 (26464). Fitness: 67.18151858665782
	(1788.7607991006303, 3521.8754247611455, 0.0). Region: 84
iter = 60
Alpha wolf:  Wolf 17 (26464). Fitness: 67.18151858665782
	(1905.076864788999, 3430.1163789114617, 0.0). Region: 84
iter = 70
Alpha wolf:  Wolf 17 (26464). Fitness: 67.18151858665782
	(1661.3394224812275, 3288.7178473379486, 0.0). Region: 84
iter = 80
Alpha wolf:  Wolf 17 (26464). Fitness: 67.18151858665782
	(1697.9278960182794, 3365.1870102868584, 0.0). Region: 84
iter = 90
Alpha wolf:  Wolf 17 (26464). Fitness: 67.18151858665782
	(1856.8299778966802, 3277.1302588766703, 0.0). Region: 84

- Finishing GWO - 

Best solution:  Wolf 17 (26464). Fitness: 67.18151858665782
	(1829.568301304917, 3336.3096714278618, 0.0). Region: 84
Antennas in slice 2:  [ 3 25 40 67 84]

Slice  3
Updating fitness _wolf
--------
The set of antennas serves the scenario in the respective slice(3).

Slice  4
Updating fitness _wolf
--------
The set of antennas serves the scenario in the respective slice(4).

Slice  5
Updating fitness _wolf
--------
The set of antennas serves the scenario in the respective slice(5).

Slice  6
Updating fitness _wolf
--------
The set of antennas serves the scenario in the respective slice(6).

Slice  7
Updating fitness _wolf
--------
The set of antennas serves the scenario in the respective slice(7).

Slice  8
Updating fitness _wolf
--------
The set of antennas serves the scenario in the respective slice(8).

Slice  9
Updating fitness _wolf
--------
The set of antennas serves the scenario in the respective slice(9).

Slice  10
Updating fitness _wolf
--------
The set of antennas serves the scenario in the respective slice(10).

Slice  11
Updating fitness _wolf
--------
The set of antennas serves the scenario in the respective slice(11).

Média de carros: 4.666666666666667
t=0
Antennas: [ 3 25]
Users: [ 8 17 18 19 27 28 29]
MinSINR:  3.1622776601683795
$x_{0,3}$
	 $y_{0,3,18}$ = 6.141352941791922 dB
		SNR medio:  1.5353382354479805
		Usuarios totais: 4
$x_{0,25}$
	 $y_{0,25,8}$ = 6.639432751247455 dB
	 $y_{0,25,17}$ = 15.350816245011814 dB
	 $y_{0,25,19}$ = 9.161341257123482 dB
	 $y_{0,25,27}$ = 19.28312654020087 dB
	 $y_{0,25,28}$ = 9.188872628355654 dB
	 $y_{0,25,29}$ = 8.362522337561245 dB
		SNR medio:  2.060185204833349
		Usuarios totais: 33
Distances:
3 : 25 = 1131.370849898476
t=1
Antennas: [ 3 25 40 67]
Users: [ 0  2  4  6  8 10 13 16 17 18 19 22 25 27 28 29 30 31 33 34 41 47 56 58
 65 66 69 70 71 85 88 89 94 97]
MinSINR:  3.1622776601683795
$x_{1,3}$
		Usuarios totais: 0
$x_{1,25}$
	 $y_{1,25,8}$ = 6.639432751247455 dB
	 $y_{1,25,16}$ = 30.452083213771715 dB
	 $y_{1,25,17}$ = 15.350816245011814 dB
	 $y_{1,25,19}$ = 9.161341257123482 dB
	 $y_{1,25,29}$ = 8.362522337561245 dB
	 $y_{1,25,71}$ = 8.800349184476872 dB
	 $y_{1,25,94}$ = 5.068898702951003 dB
	 $y_{1,25,4}$ = 25.290145149514373 dB
	 $y_{1,25,13}$ = 11.527586485702159 dB
	 $y_{1,25,27}$ = 19.28312654020087 dB
	 $y_{1,25,28}$ = 9.188872628355654 dB
	 $y_{1,25,47}$ = 17.94680840064001 dB
	 $y_{1,25,58}$ = 11.593811734177507 dB
	 $y_{1,25,65}$ = 10.07937970943712 dB
	 $y_{1,25,66}$ = 12.66934583553764 dB
	 $y_{1,25,2}$ = 5.10077751018207 dB
	 $y_{1,25,6}$ = 13.697415034975023 dB
	 $y_{1,25,22}$ = 15.078397877858094 dB
	 $y_{1,25,25}$ = 85.34337423397932 dB
	 $y_{1,25,31}$ = 8.324606773498715 dB
	 $y_{1,25,33}$ = 19.029165772538164 dB
	 $y_{1,25,56}$ = 10.692468879247201 dB
	 $y_{1,25,34}$ = 12.44682472341293 dB
		SNR medio:  9.516091050805139
		Usuarios totais: 39
$x_{1,40}$
	 $y_{1,40,0}$ = 6.797639010878271 dB
	 $y_{1,40,41}$ = 31.00812786235801 dB
	 $y_{1,40,70}$ = 11.350468895863898 dB
	 $y_{1,40,10}$ = 14.146398462903932 dB
	 $y_{1,40,30}$ = 38.884760750026494 dB
		SNR medio:  17.031232497005103
		Usuarios totais: 6
$x_{1,67}$
	 $y_{1,67,69}$ = 20.234689710355298 dB
	 $y_{1,67,85}$ = 12.509188831261866 dB
	 $y_{1,67,88}$ = 15.10637782088503 dB
	 $y_{1,67,89}$ = 10.883707929960735 dB
	 $y_{1,67,97}$ = 12.157951860067243 dB
	 $y_{1,67,18}$ = 7.626083036058361 dB
		SNR medio:  7.851799918858854
		Usuarios totais: 10
Distances:
3 : 25 = 1131.370849898476
3 : 40 = 2000.0
3 : 67 = 2884.4410203711914
25 : 40 = 2154.0659228538016
25 : 67 = 1788.8543819998317
40 : 67 = 2912.043955712207
t=2
Antennas: [ 3 25 40 67 84]
Users: [ 0  2  4  5  8  9 11 14 15 17 18 19 21 22 26 28 29 32 33 34 35 36 42 43
 48 53 55 56 60 62 63 68 72 78 79 83 85 86 89 90 92 94 98]
MinSINR:  3.1622776601683795
$x_{2,3}$
		Usuarios totais: 0
$x_{2,25}$
	 $y_{2,25,8}$ = 6.639432751247455 dB
	 $y_{2,25,19}$ = 9.161341257123482 dB
	 $y_{2,25,29}$ = 8.362522337561245 dB
	 $y_{2,25,4}$ = 25.290145149514373 dB
	 $y_{2,25,5}$ = 17.654544672870642 dB
	 $y_{2,25,9}$ = 7.207792377291639 dB
	 $y_{2,25,17}$ = 15.350816245011814 dB
	 $y_{2,25,28}$ = 9.188872628355654 dB
	 $y_{2,25,32}$ = 5.888352263956136 dB
	 $y_{2,25,36}$ = 26.959066166229505 dB
	 $y_{2,25,48}$ = 6.9626944550005305 dB
	 $y_{2,25,78}$ = 6.107390014185427 dB
	 $y_{2,25,94}$ = 5.068898702951003 dB
	 $y_{2,25,2}$ = 5.10077751018207 dB
	 $y_{2,25,11}$ = 8.95753614664963 dB
	 $y_{2,25,14}$ = 27.97994321902779 dB
	 $y_{2,25,15}$ = 26.689633813702713 dB
		SNR medio:  5.464243992771527
		Usuarios totais: 40
$x_{2,40}$
	 $y_{2,40,0}$ = 6.797639010878271 dB
	 $y_{2,40,21}$ = 15.330218533387807 dB
	 $y_{2,40,22}$ = 13.907719613427474 dB
		SNR medio:  12.011859052564517
		Usuarios totais: 3
$x_{2,67}$
	 $y_{2,67,68}$ = 25.49214441478992 dB
	 $y_{2,67,89}$ = 10.883707929960735 dB
	 $y_{2,67,18}$ = 7.626083036058361 dB
	 $y_{2,67,79}$ = 24.41966234989394 dB
	 $y_{2,67,85}$ = 12.509188831261866 dB
	 $y_{2,67,98}$ = 6.239951416339437 dB
	 $y_{2,67,35}$ = 7.707697893721189 dB
	 $y_{2,67,56}$ = 26.459223336219594 dB
	 $y_{2,67,26}$ = 6.097489814311103 dB
	 $y_{2,67,34}$ = 7.921206361697273 dB
	 $y_{2,67,53}$ = 8.922691454637501 dB
	 $y_{2,67,72}$ = 9.17755670580523 dB
	 $y_{2,67,83}$ = 8.019730128626264 dB
	 $y_{2,67,86}$ = 23.046992964114878 dB
	 $y_{2,67,55}$ = 15.086752158910357 dB
		SNR medio:  9.073185399833983
		Usuarios totais: 22
$x_{2,84}$
	 $y_{2,84,90}$ = 5.89278841922382 dB
	 $y_{2,84,92}$ = 12.974820203547907 dB
	 $y_{2,84,60}$ = 6.612473141341468 dB
	 $y_{2,84,63}$ = 15.673657470834613 dB
	 $y_{2,84,33}$ = 7.899224163865767 dB
	 $y_{2,84,42}$ = 9.109372440680545 dB
	 $y_{2,84,43}$ = 9.821701448861916 dB
	 $y_{2,84,62}$ = 11.003498468755964 dB
		SNR medio:  4.9367209848195
		Usuarios totais: 16
Distances:
3 : 25 = 1131.370849898476
3 : 40 = 2000.0
3 : 67 = 2884.4410203711914
3 : 84 = 3224.9030993194197
25 : 40 = 2154.0659228538016
25 : 67 = 1788.8543819998317
25 : 84 = 2433.105012119288
40 : 67 = 2912.043955712207
40 : 84 = 2262.741699796952
67 : 84 = 1442.2205101855957
t=3
Antennas: [ 3 25 40 67 84]
Users: [ 0  2  3  4  6  8  9 10 11 12 13 14 15 16 17 18 19 23 24 28 29 30 32 33
 36 39 45 47 48 49 50 52 58 59 60 62 66 67 68 69 72 74 75 76 77 79 80 81
 82 84 85 87 88 89 91 92 93 95 96 98 99]
MinSINR:  3.1622776601683795
$x_{3,3}$
	 $y_{3,3,3}$ = 87.35330150018733 dB
		SNR medio:  87.35330150018733
		Usuarios totais: 1
$x_{3,25}$
	 $y_{3,25,8}$ = 6.639432751247455 dB
	 $y_{3,25,16}$ = 30.452083213771715 dB
	 $y_{3,25,19}$ = 9.161341257123482 dB
	 $y_{3,25,29}$ = 8.362522337561245 dB
	 $y_{3,25,39}$ = 6.08600756170614 dB
	 $y_{3,25,4}$ = 25.290145149514373 dB
	 $y_{3,25,9}$ = 7.207792377291639 dB
	 $y_{3,25,13}$ = 11.527586485702159 dB
	 $y_{3,25,17}$ = 15.350816245011814 dB
	 $y_{3,25,28}$ = 9.188872628355654 dB
	 $y_{3,25,32}$ = 5.888352263956136 dB
	 $y_{3,25,36}$ = 26.959066166229505 dB
	 $y_{3,25,47}$ = 17.94680840064001 dB
	 $y_{3,25,48}$ = 6.9626944550005305 dB
	 $y_{3,25,49}$ = 12.000198782337065 dB
		SNR medio:  4.975593001886223
		Usuarios totais: 40
$x_{3,40}$
	 $y_{3,40,0}$ = 6.797639010878271 dB
	 $y_{3,40,50}$ = 39.70335169401742 dB
	 $y_{3,40,80}$ = 17.13665914034692 dB
	 $y_{3,40,10}$ = 14.146398462903932 dB
	 $y_{3,40,30}$ = 38.884760750026494 dB
	 $y_{3,40,2}$ = 8.630382925175553 dB
	 $y_{3,40,11}$ = 6.29083236033884 dB
	 $y_{3,40,12}$ = 15.841567840852221 dB
	 $y_{3,40,14}$ = 12.03157644020925 dB
	 $y_{3,40,15}$ = 5.541553347225829 dB
	 $y_{3,40,23}$ = 6.111512765850932 dB
	 $y_{3,40,60}$ = 13.49262713120416 dB
	 $y_{3,40,81}$ = 7.023931781768155 dB
	 $y_{3,40,91}$ = 5.1578750066840655 dB
	 $y_{3,40,93}$ = 5.716615846475904 dB
	 $y_{3,40,33}$ = 5.611613773203743 dB
	 $y_{3,40,62}$ = 9.311851526122723 dB
		SNR medio:  8.697229992131376
		Usuarios totais: 25
$x_{3,67}$
	 $y_{3,67,59}$ = 21.31969488466946 dB
	 $y_{3,67,68}$ = 25.49214441478992 dB
	 $y_{3,67,69}$ = 20.234689710355298 dB
	 $y_{3,67,89}$ = 10.883707929960735 dB
	 $y_{3,67,18}$ = 7.626083036058361 dB
	 $y_{3,67,6}$ = 6.937633260967488 dB
	 $y_{3,67,24}$ = 12.855194986697612 dB
	 $y_{3,67,58}$ = 21.770870807084023 dB
	 $y_{3,67,66}$ = 27.862847132862782 dB
	 $y_{3,67,67}$ = 98.86497983524006 dB
	 $y_{3,67,76}$ = 30.419180970703138 dB
	 $y_{3,67,77}$ = 31.08071059163936 dB
	 $y_{3,67,79}$ = 24.41966234989394 dB
	 $y_{3,67,82}$ = 6.973667019227932 dB
	 $y_{3,67,85}$ = 12.509188831261866 dB
	 $y_{3,67,87}$ = 12.335878401243292 dB
	 $y_{3,67,88}$ = 15.10637782088503 dB
	 $y_{3,67,95}$ = 10.432034909670392 dB
	 $y_{3,67,96}$ = 8.7901802423726 dB
	 $y_{3,67,98}$ = 6.239951416339437 dB
	 $y_{3,67,99}$ = 6.248670478202456 dB
	 $y_{3,67,45}$ = 11.930892108285178 dB
	 $y_{3,67,52}$ = 12.875321703069247 dB
	 $y_{3,67,72}$ = 9.17755670580523 dB
	 $y_{3,67,74}$ = 11.370071758898874 dB
	 $y_{3,67,75}$ = 14.793269261194723 dB
		SNR medio:  11.963761514184458
		Usuarios totais: 40
$x_{3,84}$
	 $y_{3,84,92}$ = 12.974820203547907 dB
	 $y_{3,84,84}$ = 80.77613019511757 dB
		SNR medio:  46.87547519933274
		Usuarios totais: 2
Distances:
3 : 25 = 1131.370849898476
3 : 40 = 2000.0
3 : 67 = 2884.4410203711914
3 : 84 = 3224.9030993194197
25 : 40 = 2154.0659228538016
25 : 67 = 1788.8543819998317
25 : 84 = 2433.105012119288
40 : 67 = 2912.043955712207
40 : 84 = 2262.741699796952
67 : 84 = 1442.2205101855957
t=4
Antennas: [ 3 25 40 67 84]
Users: [ 1  4  5  6  7  8  9 13 16 17 18 19 20 21 22 23 25 26 27 28 29 31 32 33
 34 35 36 37 39 40 41 42 44 45 46 49 50 51 52 53 54 55 58 59 60 64 65 66
 67 68 69 71 75 76 77 80 82 83 87 89 91 92 94 95 97 98]
MinSINR:  3.1622776601683795
$x_{4,3}$
		Usuarios totais: 0
$x_{4,25}$
	 $y_{4,25,8}$ = 6.639432751247455 dB
	 $y_{4,25,16}$ = 30.452083213771715 dB
	 $y_{4,25,19}$ = 9.161341257123482 dB
	 $y_{4,25,29}$ = 8.362522337561245 dB
	 $y_{4,25,39}$ = 6.08600756170614 dB
	 $y_{4,25,4}$ = 25.290145149514373 dB
	 $y_{4,25,5}$ = 17.654544672870642 dB
	 $y_{4,25,7}$ = 15.778365165313758 dB
	 $y_{4,25,9}$ = 7.207792377291639 dB
	 $y_{4,25,13}$ = 11.527586485702159 dB
	 $y_{4,25,17}$ = 15.350816245011814 dB
	 $y_{4,25,27}$ = 19.28312654020087 dB
	 $y_{4,25,28}$ = 9.188872628355654 dB
		SNR medio:  4.549565909641774
		Usuarios totais: 40
$x_{4,40}$
	 $y_{4,40,40}$ = 87.45537562655977 dB
	 $y_{4,40,41}$ = 31.00812786235801 dB
	 $y_{4,40,50}$ = 39.70335169401742 dB
	 $y_{4,40,80}$ = 17.13665914034692 dB
	 $y_{4,40,20}$ = 13.990477091997462 dB
	 $y_{4,40,32}$ = 18.000135604640548 dB
	 $y_{4,40,1}$ = 5.986268722894465 dB
	 $y_{4,40,21}$ = 15.330218533387807 dB
	 $y_{4,40,22}$ = 13.907719613427474 dB
	 $y_{4,40,23}$ = 6.111512765850932 dB
	 $y_{4,40,25}$ = 7.187109755684361 dB
	 $y_{4,40,35}$ = 7.984524860307118 dB
	 $y_{4,40,51}$ = 21.43447616669468 dB
	 $y_{4,40,60}$ = 13.49262713120416 dB
	 $y_{4,40,91}$ = 5.1578750066840655 dB
	 $y_{4,40,31}$ = 23.145651318677423 dB
	 $y_{4,40,33}$ = 5.611613773203743 dB
	 $y_{4,40,34}$ = 6.061365238758356 dB
	 $y_{4,40,45}$ = 13.380450299708897 dB
	 $y_{4,40,52}$ = 19.95485095177611 dB
	 $y_{4,40,53}$ = 10.115331187198791 dB
	 $y_{4,40,54}$ = 15.562037346037286 dB
	 $y_{4,40,75}$ = 11.650281370741311 dB
	 $y_{4,40,83}$ = 6.501539074072468 dB
		SNR medio:  10.396739503405744
		Usuarios totais: 40
$x_{4,67}$
	 $y_{4,67,59}$ = 21.31969488466946 dB
	 $y_{4,67,68}$ = 25.49214441478992 dB
	 $y_{4,67,69}$ = 20.234689710355298 dB
	 $y_{4,67,89}$ = 10.883707929960735 dB
	 $y_{4,67,18}$ = 7.626083036058361 dB
	 $y_{4,67,36}$ = 14.447234000229145 dB
	 $y_{4,67,49}$ = 13.974380901804977 dB
	 $y_{4,67,6}$ = 6.937633260967488 dB
	 $y_{4,67,44}$ = 9.246046642288803 dB
	 $y_{4,67,46}$ = 18.44962556715039 dB
	 $y_{4,67,58}$ = 21.770870807084023 dB
	 $y_{4,67,65}$ = 17.079891515186702 dB
	 $y_{4,67,66}$ = 27.862847132862782 dB
	 $y_{4,67,67}$ = 98.86497983524006 dB
	 $y_{4,67,76}$ = 30.419180970703138 dB
	 $y_{4,67,77}$ = 31.08071059163936 dB
	 $y_{4,67,82}$ = 6.973667019227932 dB
	 $y_{4,67,87}$ = 12.335878401243292 dB
	 $y_{4,67,95}$ = 10.432034909670392 dB
	 $y_{4,67,97}$ = 12.157951860067243 dB
	 $y_{4,67,98}$ = 6.239951416339437 dB
	 $y_{4,67,26}$ = 6.097489814311103 dB
	 $y_{4,67,37}$ = 17.590603666928757 dB
		SNR medio:  11.187932457219468
		Usuarios totais: 40
$x_{4,84}$
	 $y_{4,84,92}$ = 12.974820203547907 dB
	 $y_{4,84,64}$ = 9.732286323351076 dB
	 $y_{4,84,71}$ = 14.455512202185844 dB
	 $y_{4,84,94}$ = 27.59627459539132 dB
	 $y_{4,84,42}$ = 9.109372440680545 dB
	 $y_{4,84,55}$ = 11.637741910607133 dB
		SNR medio:  8.550600767576382
		Usuarios totais: 10
Distances:
3 : 25 = 1131.370849898476
3 : 40 = 2000.0
3 : 67 = 2884.4410203711914
3 : 84 = 3224.9030993194197
25 : 40 = 2154.0659228538016
25 : 67 = 1788.8543819998317
25 : 84 = 2433.105012119288
40 : 67 = 2912.043955712207
40 : 84 = 2262.741699796952
67 : 84 = 1442.2205101855957
t=5
Antennas: [ 3 25 40 67 84]
Users: [ 0  2  3  4  5  6  7  8  9 10 11 12 13 14 15 16 17 18 19 21 22 25 26 28
 29 31 34 36 37 39 40 41 42 45 46 50 51 52 55 56 57 58 61 62 64 65 67 68
 69 70 71 72 73 75 76 77 78 79 80 81 83 85 86 87 89 93 94 95 96 98 99]
MinSINR:  3.1622776601683795
$x_{5,3}$
	 $y_{5,3,3}$ = 87.35330150018733 dB
	 $y_{5,3,42}$ = 7.4981700745657065 dB
	 $y_{5,3,55}$ = 5.013521919325683 dB
	 $y_{5,3,62}$ = 6.763548590514915 dB
		SNR medio:  11.84761578717707
		Usuarios totais: 9
$x_{5,25}$
	 $y_{5,25,8}$ = 6.639432751247455 dB
	 $y_{5,25,16}$ = 30.452083213771715 dB
	 $y_{5,25,19}$ = 9.161341257123482 dB
	 $y_{5,25,29}$ = 8.362522337561245 dB
	 $y_{5,25,39}$ = 6.08600756170614 dB
	 $y_{5,25,4}$ = 25.290145149514373 dB
	 $y_{5,25,5}$ = 17.654544672870642 dB
	 $y_{5,25,7}$ = 15.778365165313758 dB
	 $y_{5,25,9}$ = 7.207792377291639 dB
	 $y_{5,25,13}$ = 11.527586485702159 dB
	 $y_{5,25,17}$ = 15.350816245011814 dB
	 $y_{5,25,36}$ = 26.959066166229505 dB
	 $y_{5,25,64}$ = 13.694918685097633 dB
	 $y_{5,25,78}$ = 6.107390014185427 dB
		SNR medio:  5.006800302065675
		Usuarios totais: 40
$x_{5,40}$
	 $y_{5,40,0}$ = 6.797639010878271 dB
	 $y_{5,40,40}$ = 87.45537562655977 dB
	 $y_{5,40,41}$ = 31.00812786235801 dB
	 $y_{5,40,50}$ = 39.70335169401742 dB
	 $y_{5,40,70}$ = 11.350468895863898 dB
	 $y_{5,40,80}$ = 17.13665914034692 dB
	 $y_{5,40,10}$ = 14.146398462903932 dB
	 $y_{5,40,51}$ = 21.43447616669468 dB
	 $y_{5,40,61}$ = 17.88801181614184 dB
	 $y_{5,40,73}$ = 9.069288658118012 dB
	 $y_{5,40,2}$ = 8.630382925175553 dB
	 $y_{5,40,11}$ = 6.29083236033884 dB
	 $y_{5,40,12}$ = 15.841567840852221 dB
	 $y_{5,40,14}$ = 12.03157644020925 dB
	 $y_{5,40,15}$ = 5.541553347225829 dB
	 $y_{5,40,21}$ = 15.330218533387807 dB
	 $y_{5,40,22}$ = 13.907719613427474 dB
	 $y_{5,40,25}$ = 7.187109755684361 dB
	 $y_{5,40,34}$ = 6.061365238758356 dB
	 $y_{5,40,72}$ = 9.405205982623599 dB
	 $y_{5,40,75}$ = 11.650281370741311 dB
	 $y_{5,40,81}$ = 7.023931781768155 dB
	 $y_{5,40,83}$ = 6.501539074072468 dB
	 $y_{5,40,86}$ = 6.343161573438223 dB
	 $y_{5,40,93}$ = 5.716615846475904 dB
	 $y_{5,40,31}$ = 23.145651318677423 dB
		SNR medio:  10.414962758418493
		Usuarios totais: 40
$x_{5,67}$
	 $y_{5,67,68}$ = 25.49214441478992 dB
	 $y_{5,67,69}$ = 20.234689710355298 dB
	 $y_{5,67,89}$ = 10.883707929960735 dB
	 $y_{5,67,18}$ = 7.626083036058361 dB
	 $y_{5,67,28}$ = 9.92921571685703 dB
	 $y_{5,67,77}$ = 31.08071059163936 dB
	 $y_{5,67,6}$ = 6.937633260967488 dB
	 $y_{5,67,46}$ = 18.44962556715039 dB
	 $y_{5,67,56}$ = 26.459223336219594 dB
	 $y_{5,67,57}$ = 32.91066013086392 dB
	 $y_{5,67,65}$ = 17.079891515186702 dB
		SNR medio:  5.17708963025122
		Usuarios totais: 40
$x_{5,84}$
	 $y_{5,84,71}$ = 14.455512202185844 dB
	 $y_{5,84,94}$ = 27.59627459539132 dB
	 $y_{5,84,58}$ = 6.098576420491327 dB
	 $y_{5,84,67}$ = 17.537478431712472 dB
	 $y_{5,84,76}$ = 15.48811049574698 dB
	 $y_{5,84,79}$ = 7.512770161455478 dB
	 $y_{5,84,85}$ = 26.992563747771598 dB
	 $y_{5,84,87}$ = 18.27831439554724 dB
	 $y_{5,84,95}$ = 20.42815009326067 dB
	 $y_{5,84,96}$ = 26.72540896369398 dB
	 $y_{5,84,98}$ = 9.34366105586065 dB
	 $y_{5,84,99}$ = 9.678576357542667 dB
	 $y_{5,84,26}$ = 5.052859558974291 dB
	 $y_{5,84,37}$ = 5.956244394564379 dB
	 $y_{5,84,45}$ = 10.42983979283757 dB
	 $y_{5,84,52}$ = 7.9124167580946505 dB
		SNR medio:  5.7371689356282785
		Usuarios totais: 40
Distances:
3 : 25 = 1131.370849898476
3 : 40 = 2000.0
3 : 67 = 2884.4410203711914
3 : 84 = 3224.9030993194197
25 : 40 = 2154.0659228538016
25 : 67 = 1788.8543819998317
25 : 84 = 2433.105012119288
40 : 67 = 2912.043955712207
40 : 84 = 2262.741699796952
67 : 84 = 1442.2205101855957
t=6
Antennas: [ 3 25 40 67 84]
Users: [ 0  1  3  5  6  7  9 11 13 15 16 17 18 19 20 21 22 23 24 25 26 27 29 30
 32 33 34 35 36 37 38 39 40 42 43 44 47 48 49 50 52 53 55 57 58 59 60 63
 64 66 67 68 69 70 72 73 75 76 77 78 80 81 82 83 85 88 89 90 91 92 94 96
 98]
MinSINR:  3.1622776601683795
$x_{6,3}$
	 $y_{6,3,3}$ = 87.35330150018733 dB
		SNR medio:  43.676650750093664
		Usuarios totais: 2
$x_{6,25}$
	 $y_{6,25,16}$ = 30.452083213771715 dB
	 $y_{6,25,19}$ = 9.161341257123482 dB
	 $y_{6,25,29}$ = 8.362522337561245 dB
	 $y_{6,25,39}$ = 6.08600756170614 dB
	 $y_{6,25,5}$ = 17.654544672870642 dB
	 $y_{6,25,7}$ = 15.778365165313758 dB
	 $y_{6,25,9}$ = 7.207792377291639 dB
	 $y_{6,25,13}$ = 11.527586485702159 dB
	 $y_{6,25,17}$ = 15.350816245011814 dB
	 $y_{6,25,27}$ = 19.28312654020087 dB
	 $y_{6,25,32}$ = 5.888352263956136 dB
	 $y_{6,25,36}$ = 26.959066166229505 dB
	 $y_{6,25,38}$ = 10.475748661603689 dB
	 $y_{6,25,47}$ = 17.94680840064001 dB
	 $y_{6,25,48}$ = 6.9626944550005305 dB
	 $y_{6,25,49}$ = 12.000198782337065 dB
	 $y_{6,25,64}$ = 13.694918685097633 dB
	 $y_{6,25,78}$ = 6.107390014185427 dB
	 $y_{6,25,94}$ = 5.068898702951003 dB
	 $y_{6,25,1}$ = 7.147610958034676 dB
	 $y_{6,25,6}$ = 13.697415034975023 dB
	 $y_{6,25,11}$ = 8.95753614664963 dB
	 $y_{6,25,15}$ = 26.689633813702713 dB
	 $y_{6,25,22}$ = 15.078397877858094 dB
		SNR medio:  7.938471395494365
		Usuarios totais: 40
$x_{6,40}$
	 $y_{6,40,0}$ = 6.797639010878271 dB
	 $y_{6,40,40}$ = 87.45537562655977 dB
	 $y_{6,40,50}$ = 39.70335169401742 dB
	 $y_{6,40,70}$ = 11.350468895863898 dB
	 $y_{6,40,80}$ = 17.13665914034692 dB
	 $y_{6,40,20}$ = 13.990477091997462 dB
	 $y_{6,40,30}$ = 38.884760750026494 dB
	 $y_{6,40,60}$ = 13.49262713120416 dB
	 $y_{6,40,63}$ = 6.429580894927483 dB
	 $y_{6,40,73}$ = 9.069288658118012 dB
	 $y_{6,40,81}$ = 7.023931781768155 dB
	 $y_{6,40,91}$ = 5.1578750066840655 dB
	 $y_{6,40,21}$ = 15.330218533387807 dB
	 $y_{6,40,23}$ = 6.111512765850932 dB
	 $y_{6,40,25}$ = 7.187109755684361 dB
	 $y_{6,40,35}$ = 7.984524860307118 dB
	 $y_{6,40,33}$ = 5.611613773203743 dB
	 $y_{6,40,42}$ = 14.317370487393191 dB
	 $y_{6,40,43}$ = 9.350862272007504 dB
	 $y_{6,40,52}$ = 19.95485095177611 dB
	 $y_{6,40,53}$ = 10.115331187198791 dB
		SNR medio:  8.811385756730044
		Usuarios totais: 40
$x_{6,67}$
	 $y_{6,67,59}$ = 21.31969488466946 dB
	 $y_{6,67,68}$ = 25.49214441478992 dB
	 $y_{6,67,69}$ = 20.234689710355298 dB
	 $y_{6,67,89}$ = 10.883707929960735 dB
	 $y_{6,67,18}$ = 7.626083036058361 dB
	 $y_{6,67,77}$ = 31.08071059163936 dB
	 $y_{6,67,82}$ = 6.973667019227932 dB
	 $y_{6,67,85}$ = 12.509188831261866 dB
	 $y_{6,67,88}$ = 15.10637782088503 dB
	 $y_{6,67,96}$ = 8.7901802423726 dB
	 $y_{6,67,98}$ = 6.239951416339437 dB
	 $y_{6,67,24}$ = 12.855194986697612 dB
	 $y_{6,67,44}$ = 9.246046642288803 dB
	 $y_{6,67,57}$ = 32.91066013086392 dB
	 $y_{6,67,58}$ = 21.770870807084023 dB
	 $y_{6,67,66}$ = 27.862847132862782 dB
	 $y_{6,67,67}$ = 98.86497983524006 dB
	 $y_{6,67,76}$ = 30.419180970703138 dB
	 $y_{6,67,26}$ = 6.097489814311103 dB
	 $y_{6,67,34}$ = 7.921206361697273 dB
	 $y_{6,67,37}$ = 17.590603666928757 dB
	 $y_{6,67,75}$ = 14.793269261194723 dB
		SNR medio:  11.164718637685805
		Usuarios totais: 40
$x_{6,84}$
	 $y_{6,84,90}$ = 5.89278841922382 dB
	 $y_{6,84,92}$ = 12.974820203547907 dB
	 $y_{6,84,72}$ = 15.987199268536301 dB
	 $y_{6,84,83}$ = 24.713067298137346 dB
	 $y_{6,84,55}$ = 11.637741910607133 dB
		SNR medio:  5.933801425004376
		Usuarios totais: 12
Distances:
3 : 25 = 1131.370849898476
3 : 40 = 2000.0
3 : 67 = 2884.4410203711914
3 : 84 = 3224.9030993194197
25 : 40 = 2154.0659228538016
25 : 67 = 1788.8543819998317
25 : 84 = 2433.105012119288
40 : 67 = 2912.043955712207
40 : 84 = 2262.741699796952
67 : 84 = 1442.2205101855957
t=7
Antennas: [ 3 25 40 67 84]
Users: [ 0  1  3  4  5  7  9 10 11 12 13 14 15 17 18 20 21 22 23 25 28 29 30 31
 32 33 34 35 36 37 38 39 40 41 43 44 45 46 48 49 50 51 53 59 62 63 65 66
 67 68 69 70 71 72 74 75 79 80 81 82 83 84 85 88 89 90 91 93 94 95 96 97
 98]
MinSINR:  3.1622776601683795
$x_{7,3}$
	 $y_{7,3,3}$ = 87.35330150018733 dB
		SNR medio:  87.35330150018733
		Usuarios totais: 1
$x_{7,25}$
	 $y_{7,25,29}$ = 8.362522337561245 dB
	 $y_{7,25,39}$ = 6.08600756170614 dB
	 $y_{7,25,4}$ = 25.290145149514373 dB
	 $y_{7,25,5}$ = 17.654544672870642 dB
	 $y_{7,25,7}$ = 15.778365165313758 dB
	 $y_{7,25,9}$ = 7.207792377291639 dB
	 $y_{7,25,13}$ = 11.527586485702159 dB
	 $y_{7,25,17}$ = 15.350816245011814 dB
	 $y_{7,25,28}$ = 9.188872628355654 dB
	 $y_{7,25,32}$ = 5.888352263956136 dB
	 $y_{7,25,36}$ = 26.959066166229505 dB
	 $y_{7,25,38}$ = 10.475748661603689 dB
	 $y_{7,25,48}$ = 6.9626944550005305 dB
	 $y_{7,25,49}$ = 12.000198782337065 dB
	 $y_{7,25,71}$ = 8.800349184476872 dB
	 $y_{7,25,94}$ = 5.068898702951003 dB
	 $y_{7,25,1}$ = 7.147610958034676 dB
	 $y_{7,25,11}$ = 8.95753614664963 dB
	 $y_{7,25,12}$ = 14.44233092706267 dB
	 $y_{7,25,14}$ = 27.97994321902779 dB
	 $y_{7,25,15}$ = 26.689633813702713 dB
	 $y_{7,25,21}$ = 14.142491777035502 dB
	 $y_{7,25,22}$ = 15.078397877858094 dB
	 $y_{7,25,23}$ = 19.327521171886588 dB
	 $y_{7,25,25}$ = 85.34337423397932 dB
	 $y_{7,25,35}$ = 28.831160524282012 dB
		SNR medio:  11.013549037235029
		Usuarios totais: 40
$x_{7,40}$
	 $y_{7,40,0}$ = 6.797639010878271 dB
	 $y_{7,40,40}$ = 87.45537562655977 dB
	 $y_{7,40,41}$ = 31.00812786235801 dB
	 $y_{7,40,50}$ = 39.70335169401742 dB
	 $y_{7,40,70}$ = 11.350468895863898 dB
	 $y_{7,40,80}$ = 17.13665914034692 dB
	 $y_{7,40,10}$ = 14.146398462903932 dB
	 $y_{7,40,20}$ = 13.990477091997462 dB
	 $y_{7,40,30}$ = 38.884760750026494 dB
	 $y_{7,40,51}$ = 21.43447616669468 dB
	 $y_{7,40,63}$ = 6.429580894927483 dB
	 $y_{7,40,81}$ = 7.023931781768155 dB
	 $y_{7,40,91}$ = 5.1578750066840655 dB
	 $y_{7,40,93}$ = 5.716615846475904 dB
	 $y_{7,40,31}$ = 23.145651318677423 dB
	 $y_{7,40,33}$ = 5.611613773203743 dB
	 $y_{7,40,43}$ = 9.350862272007504 dB
	 $y_{7,40,62}$ = 9.311851526122723 dB
		SNR medio:  14.146228684860553
		Usuarios totais: 25
$x_{7,67}$
	 $y_{7,67,59}$ = 21.31969488466946 dB
	 $y_{7,67,68}$ = 25.49214441478992 dB
	 $y_{7,67,69}$ = 20.234689710355298 dB
	 $y_{7,67,89}$ = 10.883707929960735 dB
	 $y_{7,67,18}$ = 7.626083036058361 dB
	 $y_{7,67,79}$ = 24.41966234989394 dB
	 $y_{7,67,82}$ = 6.973667019227932 dB
	 $y_{7,67,85}$ = 12.509188831261866 dB
	 $y_{7,67,88}$ = 15.10637782088503 dB
	 $y_{7,67,95}$ = 10.432034909670392 dB
	 $y_{7,67,96}$ = 8.7901802423726 dB
	 $y_{7,67,97}$ = 12.157951860067243 dB
	 $y_{7,67,98}$ = 6.239951416339437 dB
	 $y_{7,67,44}$ = 9.246046642288803 dB
	 $y_{7,67,46}$ = 18.44962556715039 dB
	 $y_{7,67,65}$ = 17.079891515186702 dB
	 $y_{7,67,66}$ = 27.862847132862782 dB
	 $y_{7,67,67}$ = 98.86497983524006 dB
	 $y_{7,67,34}$ = 7.921206361697273 dB
	 $y_{7,67,37}$ = 17.590603666928757 dB
	 $y_{7,67,45}$ = 11.930892108285178 dB
	 $y_{7,67,53}$ = 8.922691454637501 dB
	 $y_{7,67,72}$ = 9.17755670580523 dB
	 $y_{7,67,74}$ = 11.370071758898874 dB
	 $y_{7,67,75}$ = 14.793269261194723 dB
	 $y_{7,67,83}$ = 8.019730128626264 dB
		SNR medio:  11.08536866410887
		Usuarios totais: 40
$x_{7,84}$
	 $y_{7,84,90}$ = 5.89278841922382 dB
	 $y_{7,84,84}$ = 80.77613019511757 dB
		SNR medio:  21.66722965358535
		Usuarios totais: 4
Distances:
3 : 25 = 1131.370849898476
3 : 40 = 2000.0
3 : 67 = 2884.4410203711914
3 : 84 = 3224.9030993194197
25 : 40 = 2154.0659228538016
25 : 67 = 1788.8543819998317
25 : 84 = 2433.105012119288
40 : 67 = 2912.043955712207
40 : 84 = 2262.741699796952
67 : 84 = 1442.2205101855957
t=8
Antennas: [ 3 25 40 67 84]
Users: [ 0  2  3  4  7 10 13 14 16 17 18 21 23 24 26 29 30 32 35 37 41 42 43 44
 45 47 49 50 55 57 58 59 61 64 66 67 69 71 75 77 79 81 83 84 85 86 88 89
 90 93 94 95 96 97 99]
MinSINR:  3.1622776601683795
$x_{8,3}$
	 $y_{8,3,3}$ = 87.35330150018733 dB
		SNR medio:  43.676650750093664
		Usuarios totais: 2
$x_{8,25}$
	 $y_{8,25,16}$ = 30.452083213771715 dB
	 $y_{8,25,29}$ = 8.362522337561245 dB
	 $y_{8,25,4}$ = 25.290145149514373 dB
	 $y_{8,25,7}$ = 15.778365165313758 dB
	 $y_{8,25,13}$ = 11.527586485702159 dB
	 $y_{8,25,17}$ = 15.350816245011814 dB
	 $y_{8,25,47}$ = 17.94680840064001 dB
	 $y_{8,25,49}$ = 12.000198782337065 dB
	 $y_{8,25,64}$ = 13.694918685097633 dB
	 $y_{8,25,71}$ = 8.800349184476872 dB
	 $y_{8,25,94}$ = 5.068898702951003 dB
	 $y_{8,25,2}$ = 5.10077751018207 dB
	 $y_{8,25,14}$ = 27.97994321902779 dB
	 $y_{8,25,21}$ = 14.142491777035502 dB
	 $y_{8,25,23}$ = 19.327521171886588 dB
	 $y_{8,25,24}$ = 29.138084023597457 dB
	 $y_{8,25,35}$ = 28.831160524282012 dB
	 $y_{8,25,44}$ = 17.70166160916932 dB
	 $y_{8,25,57}$ = 17.131545356550333 dB
	 $y_{8,25,58}$ = 11.593811734177507 dB
	 $y_{8,25,66}$ = 12.66934583553764 dB
	 $y_{8,25,26}$ = 28.74022958581071 dB
	 $y_{8,25,37}$ = 14.357756017179582 dB
		SNR medio:  9.774675517920354
		Usuarios totais: 40
$x_{8,40}$
	 $y_{8,40,0}$ = 6.797639010878271 dB
	 $y_{8,40,41}$ = 31.00812786235801 dB
	 $y_{8,40,50}$ = 39.70335169401742 dB
	 $y_{8,40,10}$ = 14.146398462903932 dB
	 $y_{8,40,30}$ = 38.884760750026494 dB
	 $y_{8,40,32}$ = 18.000135604640548 dB
	 $y_{8,40,61}$ = 17.88801181614184 dB
	 $y_{8,40,81}$ = 7.023931781768155 dB
	 $y_{8,40,93}$ = 5.716615846475904 dB
	 $y_{8,40,42}$ = 14.317370487393191 dB
	 $y_{8,40,43}$ = 9.350862272007504 dB
		SNR medio:  9.219872981300513
		Usuarios totais: 22
$x_{8,67}$
	 $y_{8,67,59}$ = 21.31969488466946 dB
	 $y_{8,67,69}$ = 20.234689710355298 dB
	 $y_{8,67,89}$ = 10.883707929960735 dB
	 $y_{8,67,18}$ = 7.626083036058361 dB
	 $y_{8,67,77}$ = 31.08071059163936 dB
	 $y_{8,67,79}$ = 24.41966234989394 dB
	 $y_{8,67,85}$ = 12.509188831261866 dB
	 $y_{8,67,88}$ = 15.10637782088503 dB
	 $y_{8,67,95}$ = 10.432034909670392 dB
	 $y_{8,67,96}$ = 8.7901802423726 dB
	 $y_{8,67,97}$ = 12.157951860067243 dB
	 $y_{8,67,99}$ = 6.248670478202456 dB
	 $y_{8,67,67}$ = 98.86497983524006 dB
	 $y_{8,67,75}$ = 14.793269261194723 dB
	 $y_{8,67,83}$ = 8.019730128626264 dB
	 $y_{8,67,86}$ = 23.046992964114878 dB
	 $y_{8,67,45}$ = 11.930892108285178 dB
	 $y_{8,67,55}$ = 15.086752158910357 dB
		SNR medio:  12.59112746790744
		Usuarios totais: 28
$x_{8,84}$
	 $y_{8,84,90}$ = 5.89278841922382 dB
	 $y_{8,84,84}$ = 80.77613019511757 dB
		SNR medio:  43.3344593071707
		Usuarios totais: 2
Distances:
3 : 25 = 1131.370849898476
3 : 40 = 2000.0
3 : 67 = 2884.4410203711914
3 : 84 = 3224.9030993194197
25 : 40 = 2154.0659228538016
25 : 67 = 1788.8543819998317
25 : 84 = 2433.105012119288
40 : 67 = 2912.043955712207
40 : 84 = 2262.741699796952
67 : 84 = 1442.2205101855957
t=9
Antennas: [ 3 25 40 67 84]
Users: [ 2  3  5  6  8  9 10 11 14 19 22 24 25 26 27 31 33 34 36 38 40 43 45 46
 48 51 61 62 68 69 70 72 74 75 76 77 85 86 93 94 95 96 97 99]
MinSINR:  3.1622776601683795
$x_{9,3}$
	 $y_{9,3,3}$ = 87.35330150018733 dB
		SNR medio:  87.35330150018733
		Usuarios totais: 1
$x_{9,25}$
	 $y_{9,25,8}$ = 6.639432751247455 dB
	 $y_{9,25,19}$ = 9.161341257123482 dB
	 $y_{9,25,5}$ = 17.654544672870642 dB
	 $y_{9,25,9}$ = 7.207792377291639 dB
	 $y_{9,25,27}$ = 19.28312654020087 dB
	 $y_{9,25,36}$ = 26.959066166229505 dB
	 $y_{9,25,38}$ = 10.475748661603689 dB
	 $y_{9,25,48}$ = 6.9626944550005305 dB
	 $y_{9,25,94}$ = 5.068898702951003 dB
	 $y_{9,25,2}$ = 5.10077751018207 dB
	 $y_{9,25,6}$ = 13.697415034975023 dB
	 $y_{9,25,11}$ = 8.95753614664963 dB
	 $y_{9,25,14}$ = 27.97994321902779 dB
	 $y_{9,25,22}$ = 15.078397877858094 dB
	 $y_{9,25,24}$ = 29.138084023597457 dB
	 $y_{9,25,25}$ = 85.34337423397932 dB
	 $y_{9,25,46}$ = 20.272071340660162 dB
	 $y_{9,25,76}$ = 10.744680671516235 dB
	 $y_{9,25,26}$ = 28.74022958581071 dB
	 $y_{9,25,31}$ = 8.324606773498715 dB
	 $y_{9,25,33}$ = 19.029165772538164 dB
	 $y_{9,25,34}$ = 12.44682472341293 dB
	 $y_{9,25,43}$ = 12.355435957830991 dB
	 $y_{9,25,45}$ = 12.511034886172865 dB
	 $y_{9,25,62}$ = 8.262123891085366 dB
	 $y_{9,25,74}$ = 5.492443559840325 dB
		SNR medio:  11.699642994409583
		Usuarios totais: 37
$x_{9,40}$
	 $y_{9,40,40}$ = 87.45537562655977 dB
	 $y_{9,40,70}$ = 11.350468895863898 dB
	 $y_{9,40,10}$ = 14.146398462903932 dB
	 $y_{9,40,51}$ = 21.43447616669468 dB
	 $y_{9,40,61}$ = 17.88801181614184 dB
	 $y_{9,40,93}$ = 5.716615846475904 dB
		SNR medio:  22.570192402091436
		Usuarios totais: 7
$x_{9,67}$
	 $y_{9,67,68}$ = 25.49214441478992 dB
	 $y_{9,67,69}$ = 20.234689710355298 dB
	 $y_{9,67,77}$ = 31.08071059163936 dB
	 $y_{9,67,85}$ = 12.509188831261866 dB
	 $y_{9,67,95}$ = 10.432034909670392 dB
	 $y_{9,67,96}$ = 8.7901802423726 dB
	 $y_{9,67,97}$ = 12.157951860067243 dB
	 $y_{9,67,99}$ = 6.248670478202456 dB
	 $y_{9,67,72}$ = 9.17755670580523 dB
	 $y_{9,67,75}$ = 14.793269261194723 dB
	 $y_{9,67,86}$ = 23.046992964114878 dB
		SNR medio:  11.597559331298266
		Usuarios totais: 15
$x_{9,84}$
		Usuarios totais: 0
Distances:
3 : 25 = 1131.370849898476
3 : 40 = 2000.0
3 : 67 = 2884.4410203711914
3 : 84 = 3224.9030993194197
25 : 40 = 2154.0659228538016
25 : 67 = 1788.8543819998317
25 : 84 = 2433.105012119288
40 : 67 = 2912.043955712207
40 : 84 = 2262.741699796952
67 : 84 = 1442.2205101855957
t=10
Antennas: [ 3 25 40 67 84]
Users: [ 1  4  5  9 15 16 24 35 43 49 50 55 60 64 68 73 76 78 80 81 84 88 94 96
 98 99]
MinSINR:  3.1622776601683795
$x_{10,3}$
		Usuarios totais: 0
$x_{10,25}$
	 $y_{10,25,16}$ = 30.452083213771715 dB
	 $y_{10,25,4}$ = 25.290145149514373 dB
	 $y_{10,25,5}$ = 17.654544672870642 dB
	 $y_{10,25,9}$ = 7.207792377291639 dB
	 $y_{10,25,49}$ = 12.000198782337065 dB
	 $y_{10,25,64}$ = 13.694918685097633 dB
	 $y_{10,25,78}$ = 6.107390014185427 dB
	 $y_{10,25,94}$ = 5.068898702951003 dB
	 $y_{10,25,1}$ = 7.147610958034676 dB
	 $y_{10,25,15}$ = 26.689633813702713 dB
	 $y_{10,25,24}$ = 29.138084023597457 dB
	 $y_{10,25,35}$ = 28.831160524282012 dB
	 $y_{10,25,76}$ = 10.744680671516235 dB
	 $y_{10,25,43}$ = 12.355435957830991 dB
		SNR medio:  13.669563385116684
		Usuarios totais: 17
$x_{10,40}$
	 $y_{10,40,50}$ = 39.70335169401742 dB
	 $y_{10,40,80}$ = 17.13665914034692 dB
	 $y_{10,40,60}$ = 13.49262713120416 dB
	 $y_{10,40,73}$ = 9.069288658118012 dB
	 $y_{10,40,81}$ = 7.023931781768155 dB
		SNR medio:  17.285171681090933
		Usuarios totais: 5
$x_{10,67}$
	 $y_{10,67,68}$ = 25.49214441478992 dB
	 $y_{10,67,88}$ = 15.10637782088503 dB
	 $y_{10,67,96}$ = 8.7901802423726 dB
	 $y_{10,67,98}$ = 6.239951416339437 dB
	 $y_{10,67,99}$ = 6.248670478202456 dB
	 $y_{10,67,55}$ = 15.086752158910357 dB
		SNR medio:  10.994868075928542
		Usuarios totais: 7
$x_{10,84}$
	 $y_{10,84,84}$ = 80.77613019511757 dB
		SNR medio:  80.77613019511757
		Usuarios totais: 1
Distances:
3 : 25 = 1131.370849898476
3 : 40 = 2000.0
3 : 67 = 2884.4410203711914
3 : 84 = 3224.9030993194197
25 : 40 = 2154.0659228538016
25 : 67 = 1788.8543819998317
25 : 84 = 2433.105012119288
40 : 67 = 2912.043955712207
40 : 84 = 2262.741699796952
67 : 84 = 1442.2205101855957
t=11
Antennas: [ 3 25 40 67 84]
Users: [ 6 12 25 32 41 57 65 83]
MinSINR:  3.1622776601683795
$x_{11,3}$
	 $y_{11,3,6}$ = 18.7451320703819 dB
		SNR medio:  18.7451320703819
		Usuarios totais: 1
$x_{11,25}$
	 $y_{11,25,25}$ = 85.34337423397932 dB
	 $y_{11,25,57}$ = 17.131545356550333 dB
	 $y_{11,25,65}$ = 10.07937970943712 dB
		SNR medio:  37.51809976665559
		Usuarios totais: 3
$x_{11,40}$
	 $y_{11,40,41}$ = 31.00812786235801 dB
	 $y_{11,40,32}$ = 18.000135604640548 dB
	 $y_{11,40,12}$ = 15.841567840852221 dB
	 $y_{11,40,83}$ = 6.501539074072468 dB
		SNR medio:  17.83784259548081
		Usuarios totais: 4
$x_{11,67}$
		Usuarios totais: 0
$x_{11,84}$
		Usuarios totais: 0
Distances:
3 : 25 = 1131.370849898476
3 : 40 = 2000.0
3 : 67 = 2884.4410203711914
3 : 84 = 3224.9030993194197
25 : 40 = 2154.0659228538016
25 : 67 = 1788.8543819998317
25 : 84 = 2433.105012119288
40 : 67 = 2912.043955712207
40 : 84 = 2262.741699796952
67 : 84 = 1442.2205101855957
--- Done after 0.2513864113887151 hours. ---
