Solver only option selected.
Simulating at most 1 cases, hence 12 runs. There are 8 CPU cores available
Running 1 cases simultaneously.
Started process run_all Process-2 8825. (Seed: 2)
Number of users over time, mu poisson:  30
[31, 64, 94, 121, 169, 196, 162, 137, 105, 81, 46, 9]

UEs per slice
[14, 24, 22, 95, 46, 193, 176, 82, 68, 162, 58, 164, 9, 157, 187, 44, 120, 178, 110, 142, 105, 153, 126, 143, 76, 10, 7, 107, 137, 93, 114]
[14, 24, 22, 95, 46, 193, 176, 82, 68, 162, 58, 164, 9, 157, 187, 44, 120, 178, 110, 142, 105, 153, 126, 143, 76, 10, 7, 107, 137, 93, 114, 128, 160, 50, 173, 54, 72, 71, 6, 56, 103, 55, 41, 168, 169, 119, 172, 189, 61, 149, 139, 182, 123, 118, 124, 155, 52, 140, 166, 194, 85, 181, 96, 186]
[14, 24, 22, 95, 46, 193, 176, 82, 68, 162, 58, 164, 9, 157, 187, 44, 120, 178, 110, 142, 105, 153, 126, 143, 76, 10, 7, 107, 137, 93, 114, 128, 160, 50, 173, 54, 72, 71, 6, 56, 103, 55, 41, 168, 169, 119, 172, 189, 61, 149, 139, 182, 123, 118, 124, 155, 52, 140, 166, 194, 85, 181, 96, 186, 190, 127, 170, 175, 125, 98, 133, 180, 97, 135, 79, 86, 122, 35, 57, 165, 141, 177, 28, 195, 116, 45, 161, 90, 59, 53, 185, 152, 101, 113]
[14, 24, 22, 95, 46, 193, 176, 82, 68, 162, 58, 164, 9, 157, 187, 44, 120, 178, 110, 142, 105, 153, 126, 143, 76, 10, 7, 107, 137, 93, 114, 128, 160, 50, 173, 54, 72, 71, 6, 56, 103, 55, 41, 168, 169, 119, 172, 189, 61, 149, 139, 182, 123, 118, 124, 155, 52, 140, 166, 194, 85, 181, 96, 186, 190, 127, 170, 175, 125, 98, 133, 180, 97, 135, 79, 86, 122, 35, 57, 165, 141, 177, 28, 195, 116, 45, 161, 90, 59, 53, 185, 152, 101, 113, 106, 102, 148, 138, 132, 80, 62, 191, 34, 108, 115, 74, 184, 158, 13, 70, 1, 36, 20, 12, 159, 11, 65, 179, 49, 25, 151]
[14, 24, 22, 95, 46, 193, 176, 82, 68, 162, 58, 164, 9, 157, 187, 44, 120, 178, 110, 142, 105, 153, 126, 143, 76, 10, 7, 107, 137, 93, 114, 128, 160, 50, 173, 54, 72, 71, 6, 56, 103, 55, 41, 168, 169, 119, 172, 189, 61, 149, 139, 182, 123, 118, 124, 155, 52, 140, 166, 194, 85, 181, 96, 186, 190, 127, 170, 175, 125, 98, 133, 180, 97, 135, 79, 86, 122, 35, 57, 165, 141, 177, 28, 195, 116, 45, 161, 90, 59, 53, 185, 152, 101, 113, 106, 102, 148, 138, 132, 80, 62, 191, 34, 108, 115, 74, 184, 158, 13, 70, 1, 36, 20, 12, 159, 11, 65, 179, 49, 25, 151, 31, 73, 66, 48, 16, 134, 5, 18, 112, 117, 47, 81, 111, 2, 17, 23, 15, 3, 8, 150, 4, 78, 60, 33, 39, 183, 42, 130, 174, 0, 92, 154, 26, 75, 43, 27, 19, 104, 51, 94, 121, 171, 29, 109, 88, 100, 156, 136]
[14, 24, 22, 95, 46, 193, 176, 82, 68, 162, 58, 164, 9, 157, 187, 44, 120, 178, 110, 142, 105, 153, 126, 143, 76, 10, 7, 107, 137, 93, 114, 128, 160, 50, 173, 54, 72, 71, 6, 56, 103, 55, 41, 168, 169, 119, 172, 189, 61, 149, 139, 182, 123, 118, 124, 155, 52, 140, 166, 194, 85, 181, 96, 186, 190, 127, 170, 175, 125, 98, 133, 180, 97, 135, 79, 86, 122, 35, 57, 165, 141, 177, 28, 195, 116, 45, 161, 90, 59, 53, 185, 152, 101, 113, 106, 102, 148, 138, 132, 80, 62, 191, 34, 108, 115, 74, 184, 158, 13, 70, 1, 36, 20, 12, 159, 11, 65, 179, 49, 25, 151, 31, 73, 66, 48, 16, 134, 5, 18, 112, 117, 47, 81, 111, 2, 17, 23, 15, 3, 8, 150, 4, 78, 60, 33, 39, 183, 42, 130, 174, 0, 92, 154, 26, 75, 43, 27, 19, 104, 51, 94, 121, 171, 29, 109, 88, 100, 156, 136, 163, 30, 69, 89, 147, 40, 144, 77, 37, 99, 63, 21, 91, 188, 64, 145, 167, 129, 146, 87, 38, 83, 84, 131, 192, 67, 32]
[14, 22, 95, 46, 193, 176, 82, 58, 164, 157, 44, 120, 178, 110, 142, 105, 126, 143, 10, 107, 137, 93, 114, 128, 160, 50, 173, 71, 6, 56, 103, 55, 41, 168, 169, 172, 189, 139, 182, 123, 118, 124, 155, 52, 140, 166, 194, 85, 181, 96, 186, 190, 127, 125, 133, 97, 79, 86, 122, 57, 165, 141, 28, 195, 116, 45, 161, 90, 53, 185, 152, 101, 113, 106, 102, 148, 138, 132, 80, 62, 191, 34, 108, 115, 74, 184, 158, 70, 1, 36, 20, 12, 159, 11, 65, 179, 49, 25, 151, 31, 73, 66, 16, 5, 112, 117, 47, 81, 111, 2, 17, 23, 15, 3, 8, 4, 60, 33, 39, 183, 42, 130, 174, 0, 92, 154, 26, 75, 43, 27, 19, 51, 94, 121, 171, 29, 109, 88, 100, 156, 136, 163, 69, 40, 144, 77, 37, 99, 21, 91, 188, 167, 129, 146, 87, 38, 83, 84, 131, 192, 67, 32]
[14, 22, 95, 46, 193, 82, 164, 157, 44, 120, 178, 110, 142, 105, 126, 143, 10, 107, 137, 93, 128, 160, 50, 56, 103, 41, 168, 169, 172, 189, 139, 182, 123, 118, 155, 52, 140, 166, 194, 85, 181, 96, 186, 190, 125, 133, 97, 79, 86, 122, 57, 165, 141, 161, 53, 185, 152, 101, 113, 106, 102, 148, 138, 132, 80, 62, 191, 34, 108, 115, 74, 184, 158, 70, 1, 36, 20, 159, 11, 65, 179, 49, 25, 31, 73, 66, 16, 5, 112, 47, 81, 111, 2, 17, 23, 3, 8, 4, 60, 33, 39, 183, 42, 130, 174, 0, 92, 154, 75, 43, 51, 121, 171, 109, 88, 100, 156, 136, 163, 69, 40, 144, 77, 37, 99, 91, 188, 167, 129, 146, 87, 38, 84, 131, 192, 67, 32]
[14, 22, 164, 157, 44, 120, 178, 110, 142, 105, 143, 107, 93, 128, 160, 50, 56, 103, 41, 169, 172, 189, 139, 182, 118, 52, 140, 166, 194, 85, 181, 96, 190, 125, 97, 79, 122, 165, 161, 53, 152, 101, 113, 106, 102, 148, 138, 80, 62, 191, 34, 108, 115, 74, 184, 158, 70, 36, 20, 159, 11, 65, 179, 49, 25, 31, 66, 16, 5, 112, 47, 81, 111, 2, 17, 23, 3, 8, 33, 39, 42, 130, 174, 0, 154, 75, 51, 121, 171, 109, 88, 100, 156, 136, 163, 69, 144, 77, 37, 99, 91, 129, 192, 67, 32]
[22, 164, 157, 120, 178, 142, 105, 107, 93, 160, 50, 56, 103, 41, 172, 189, 139, 118, 52, 140, 194, 85, 96, 190, 125, 79, 122, 165, 161, 53, 101, 113, 106, 102, 138, 80, 62, 191, 34, 108, 115, 158, 70, 36, 20, 159, 179, 49, 31, 16, 5, 112, 47, 81, 111, 2, 17, 3, 33, 39, 130, 174, 154, 51, 121, 171, 109, 88, 100, 136, 163, 69, 144, 77, 37, 99, 91, 129, 192, 67, 32]
[22, 164, 157, 178, 142, 107, 93, 160, 56, 41, 52, 140, 194, 85, 190, 125, 122, 161, 53, 101, 138, 80, 62, 191, 115, 158, 159, 179, 47, 81, 111, 2, 17, 3, 130, 174, 154, 51, 121, 171, 163, 69, 77, 99, 91, 32]
[22, 194, 122, 101, 80, 111, 174, 171, 77]


Movement profile already simulated. Results in ilp_move_users-2.sna.
Starting computations on 8 cores.
Cases:  []

Ending (Seed 2) with only_solver True.

Executions ended successfully.
