nohup: ignorando entrada

Running makefile.
Creating Makefile in /home/juliano/Documentos/LTE-Scenarios-Simulation/Network_CCOpMv...
Creating executable: out/gcc-release//Network_CCOpMv
Simulating at most 15 cases, hence 180 runs. There are 18 CPU cores available
Running 2 cases simultaneously.
Started process run_all Process-2 23813. (Seed: 2)
Number of users over time, mu poisson:  30
[31, 64, 94, 121, 169, 196, 162, 137, 105, 81, 46, 9]

UEs per slice
[14, 24, 22, 95, 46, 193, 176, 82, 68, 162, 58, 164, 9, 157, 187, 44, 120, 178, 110, 142, 105, 153, 126, 143, 76, 10, 7, 107, 137, 93, 114]
[14, 24, 22, 95, 46, 193, 176, 82, 68, 162, 58, 164, 9, 157, 187, 44, 120, 178, 110, 142, 105, 153, 126, 143, 76, 10, 7, 107, 137, 93, 114, 128, 160, 50, 173, 54, 72, 71, 6, 56, 103, 55, 41, 168, 169, 119, 172, 189, 61, 149, 139, 182, 123, 118, 124, 155, 52, 140, 166, 194, 85, 181, 96, 186]
[14, 24, 22, 95, 46, 193, 176, 82, 68, 162, 58, 164, 9, 157, 187, 44, 120, 178, 110, 142, 105, 153, 126, 143, 76, 10, 7, 107, 137, 93, 114, 128, 160, 50, 173, 54, 72, 71, 6, 56, 103, 55, 41, 168, 169, 119, 172, 189, 61, 149, 139, 182, 123, 118, 124, 155, 52, 140, 166, 194, 85, 181, 96, 186, 190, 127, 170, 175, 125, 98, 133, 180, 97, 135, 79, 86, 122, 35, 57, 165, 141, 177, 28, 195, 116, 45, 161, 90, 59, 53, 185, 152, 101, 113]
[14, 24, 22, 95, 46, 193, 176, 82, 68, 162, 58, 164, 9, 157, 187, 44, 120, 178, 110, 142, 105, 153, 126, 143, 76, 10, 7, 107, 137, 93, 114, 128, 160, 50, 173, 54, 72, 71, 6, 56, 103, 55, 41, 168, 169, 119, 172, 189, 61, 149, 139, 182, 123, 118, 124, 155, 52, 140, 166, 194, 85, 181, 96, 186, 190, 127, 170, 175, 125, 98, 133, 180, 97, 135, 79, 86, 122, 35, 57, 165, 141, 177, 28, 195, 116, 45, 161, 90, 59, 53, 185, 152, 101, 113, 106, 102, 148, 138, 132, 80, 62, 191, 34, 108, 115, 74, 184, 158, 13, 70, 1, 36, 20, 12, 159, 11, 65, 179, 49, 25, 151]
[14, 24, 22, 95, 46, 193, 176, 82, 68, 162, 58, 164, 9, 157, 187, 44, 120, 178, 110, 142, 105, 153, 126, 143, 76, 10, 7, 107, 137, 93, 114, 128, 160, 50, 173, 54, 72, 71, 6, 56, 103, 55, 41, 168, 169, 119, 172, 189, 61, 149, 139, 182, 123, 118, 124, 155, 52, 140, 166, 194, 85, 181, 96, 186, 190, 127, 170, 175, 125, 98, 133, 180, 97, 135, 79, 86, 122, 35, 57, 165, 141, 177, 28, 195, 116, 45, 161, 90, 59, 53, 185, 152, 101, 113, 106, 102, 148, 138, 132, 80, 62, 191, 34, 108, 115, 74, 184, 158, 13, 70, 1, 36, 20, 12, 159, 11, 65, 179, 49, 25, 151, 31, 73, 66, 48, 16, 134, 5, 18, 112, 117, 47, 81, 111, 2, 17, 23, 15, 3, 8, 150, 4, 78, 60, 33, 39, 183, 42, 130, 174, 0, 92, 154, 26, 75, 43, 27, 19, 104, 51, 94, 121, 171, 29, 109, 88, 100, 156, 136]
[14, 24, 22, 95, 46, 193, 176, 82, 68, 162, 58, 164, 9, 157, 187, 44, 120, 178, 110, 142, 105, 153, 126, 143, 76, 10, 7, 107, 137, 93, 114, 128, 160, 50, 173, 54, 72, 71, 6, 56, 103, 55, 41, 168, 169, 119, 172, 189, 61, 149, 139, 182, 123, 118, 124, 155, 52, 140, 166, 194, 85, 181, 96, 186, 190, 127, 170, 175, 125, 98, 133, 180, 97, 135, 79, 86, 122, 35, 57, 165, 141, 177, 28, 195, 116, 45, 161, 90, 59, 53, 185, 152, 101, 113, 106, 102, 148, 138, 132, 80, 62, 191, 34, 108, 115, 74, 184, 158, 13, 70, 1, 36, 20, 12, 159, 11, 65, 179, 49, 25, 151, 31, 73, 66, 48, 16, 134, 5, 18, 112, 117, 47, 81, 111, 2, 17, 23, 15, 3, 8, 150, 4, 78, 60, 33, 39, 183, 42, 130, 174, 0, 92, 154, 26, 75, 43, 27, 19, 104, 51, 94, 121, 171, 29, 109, 88, 100, 156, 136, 163, 30, 69, 89, 147, 40, 144, 77, 37, 99, 63, 21, 91, 188, 64, 145, 167, 129, 146, 87, 38, 83, 84, 131, 192, 67, 32]
[14, 22, 95, 46, 193, 176, 82, 58, 164, 157, 44, 120, 178, 110, 142, 105, 126, 143, 10, 107, 137, 93, 114, 128, 160, 50, 173, 71, 6, 56, 103, 55, 41, 168, 169, 172, 189, 139, 182, 123, 118, 124, 155, 52, 140, 166, 194, 85, 181, 96, 186, 190, 127, 125, 133, 97, 79, 86, 122, 57, 165, 141, 28, 195, 116, 45, 161, 90, 53, 185, 152, 101, 113, 106, 102, 148, 138, 132, 80, 62, 191, 34, 108, 115, 74, 184, 158, 70, 1, 36, 20, 12, 159, 11, 65, 179, 49, 25, 151, 31, 73, 66, 16, 5, 112, 117, 47, 81, 111, 2, 17, 23, 15, 3, 8, 4, 60, 33, 39, 183, 42, 130, 174, 0, 92, 154, 26, 75, 43, 27, 19, 51, 94, 121, 171, 29, 109, 88, 100, 156, 136, 163, 69, 40, 144, 77, 37, 99, 21, 91, 188, 167, 129, 146, 87, 38, 83, 84, 131, 192, 67, 32]
[14, 22, 95, 46, 193, 82, 164, 157, 44, 120, 178, 110, 142, 105, 126, 143, 10, 107, 137, 93, 128, 160, 50, 56, 103, 41, 168, 169, 172, 189, 139, 182, 123, 118, 155, 52, 140, 166, 194, 85, 181, 96, 186, 190, 125, 133, 97, 79, 86, 122, 57, 165, 141, 161, 53, 185, 152, 101, 113, 106, 102, 148, 138, 132, 80, 62, 191, 34, 108, 115, 74, 184, 158, 70, 1, 36, 20, 159, 11, 65, 179, 49, 25, 31, 73, 66, 16, 5, 112, 47, 81, 111, 2, 17, 23, 3, 8, 4, 60, 33, 39, 183, 42, 130, 174, 0, 92, 154, 75, 43, 51, 121, 171, 109, 88, 100, 156, 136, 163, 69, 40, 144, 77, 37, 99, 91, 188, 167, 129, 146, 87, 38, 84, 131, 192, 67, 32]
[14, 22, 164, 157, 44, 120, 178, 110, 142, 105, 143, 107, 93, 128, 160, 50, 56, 103, 41, 169, 172, 189, 139, 182, 118, 52, 140, 166, 194, 85, 181, 96, 190, 125, 97, 79, 122, 165, 161, 53, 152, 101, 113, 106, 102, 148, 138, 80, 62, 191, 34, 108, 115, 74, 184, 158, 70, 36, 20, 159, 11, 65, 179, 49, 25, 31, 66, 16, 5, 112, 47, 81, 111, 2, 17, 23, 3, 8, 33, 39, 42, 130, 174, 0, 154, 75, 51, 121, 171, 109, 88, 100, 156, 136, 163, 69, 144, 77, 37, 99, 91, 129, 192, 67, 32]
[22, 164, 157, 120, 178, 142, 105, 107, 93, 160, 50, 56, 103, 41, 172, 189, 139, 118, 52, 140, 194, 85, 96, 190, 125, 79, 122, 165, 161, 53, 101, 113, 106, 102, 138, 80, 62, 191, 34, 108, 115, 158, 70, 36, 20, 159, 179, 49, 31, 16, 5, 112, 47, 81, 111, 2, 17, 3, 33, 39, 130, 174, 154, 51, 121, 171, 109, 88, 100, 136, 163, 69, 144, 77, 37, 99, 91, 129, 192, 67, 32]
[22, 164, 157, 178, 142, 107, 93, 160, 56, 41, 52, 140, 194, 85, 190, 125, 122, 161, 53, 101, 138, 80, 62, 191, 115, 158, 159, 179, 47, 81, 111, 2, 17, 3, 130, 174, 154, 51, 121, 171, 163, 69, 77, 99, 91, 32]
[22, 194, 122, 101, 80, 111, 174, 171, 77]


Started process run_all Process-3 23815. (Seed: 6)
Started process run_all Process-4 23817. (Seed: 10)
Number of users over time, mu poisson:  30
[28, 54, 86, 127, 153, 187, 158, 125, 97, 62, 38, 11]

UEs per slice
[146, 20, 125, 67, 9, 0, 40, 176, 157, 126, 100, 86, 6, 75, 136, 55, 115, 152, 154, 28, 56, 164, 161, 77, 180, 26, 123, 98]
[146, 20, 125, 67, 9, 0, 40, 176, 157, 126, 100, 86, 6, 75, 136, 55, 115, 152, 154, 28, 56, 164, 161, 77, 180, 26, 123, 98, 29, 108, 122, 76, 137, 31, 61, 91, 32, 14, 65, 117, 160, 63, 171, 168, 10, 120, 83, 147, 103, 124, 42, 33, 179, 70]
[146, 20, 125, 67, 9, 0, 40, 176, 157, 126, 100, 86, 6, 75, 136, 55, 115, 152, 154, 28, 56, 164, 161, 77, 180, 26, 123, 98, 29, 108, 122, 76, 137, 31, 61, 91, 32, 14, 65, 117, 160, 63, 171, 168, 10, 120, 83, 147, 103, 124, 42, 33, 179, 70, 43, 96, 112, 72, 142, 182, 41, 23, 113, 39, 163, 170, 174, 138, 101, 2, 38, 158, 35, 4, 134, 71, 118, 144, 133, 135, 66, 82, 85, 116, 88, 62]
[146, 20, 125, 67, 9, 0, 40, 176, 157, 126, 100, 86, 6, 75, 136, 55, 115, 152, 154, 28, 56, 164, 161, 77, 180, 26, 123, 98, 29, 108, 122, 76, 137, 31, 61, 91, 32, 14, 65, 117, 160, 63, 171, 168, 10, 120, 83, 147, 103, 124, 42, 33, 179, 70, 43, 96, 112, 72, 142, 182, 41, 23, 113, 39, 163, 170, 174, 138, 101, 2, 38, 158, 35, 4, 134, 71, 118, 144, 133, 135, 66, 82, 85, 116, 88, 62, 25, 165, 111, 12, 47, 104, 151, 95, 21, 110, 59, 19, 167, 184, 127, 128, 99, 17, 150, 121, 141, 81, 119, 22, 53, 79, 148, 162, 51, 5, 7, 185, 45, 87, 131, 64, 90, 173, 57, 181, 94]
[146, 20, 125, 67, 9, 0, 40, 176, 157, 126, 100, 86, 6, 75, 136, 55, 115, 152, 154, 28, 56, 164, 161, 77, 180, 26, 123, 98, 29, 108, 122, 76, 137, 31, 61, 91, 32, 14, 65, 117, 160, 63, 171, 168, 10, 120, 83, 147, 103, 124, 42, 33, 179, 70, 43, 96, 112, 72, 142, 182, 41, 23, 113, 39, 163, 170, 174, 138, 101, 2, 38, 158, 35, 4, 134, 71, 118, 144, 133, 135, 66, 82, 85, 116, 88, 62, 25, 165, 111, 12, 47, 104, 151, 95, 21, 110, 59, 19, 167, 184, 127, 128, 99, 17, 150, 121, 141, 81, 119, 22, 53, 79, 148, 162, 51, 5, 7, 185, 45, 87, 131, 64, 90, 173, 57, 181, 94, 48, 78, 183, 80, 132, 102, 50, 140, 105, 156, 106, 109, 27, 186, 84, 130, 60, 175, 129, 69, 92, 34, 107, 58, 89, 145]
[146, 20, 125, 67, 9, 0, 40, 176, 157, 126, 100, 86, 6, 75, 136, 55, 115, 152, 154, 28, 56, 164, 161, 77, 180, 26, 123, 98, 29, 108, 122, 76, 137, 31, 61, 91, 32, 14, 65, 117, 160, 63, 171, 168, 10, 120, 83, 147, 103, 124, 42, 33, 179, 70, 43, 96, 112, 72, 142, 182, 41, 23, 113, 39, 163, 170, 174, 138, 101, 2, 38, 158, 35, 4, 134, 71, 118, 144, 133, 135, 66, 82, 85, 116, 88, 62, 25, 165, 111, 12, 47, 104, 151, 95, 21, 110, 59, 19, 167, 184, 127, 128, 99, 17, 150, 121, 141, 81, 119, 22, 53, 79, 148, 162, 51, 5, 7, 185, 45, 87, 131, 64, 90, 173, 57, 181, 94, 48, 78, 183, 80, 132, 102, 50, 140, 105, 156, 106, 109, 27, 186, 84, 130, 60, 175, 129, 69, 92, 34, 107, 58, 89, 145, 172, 36, 74, 73, 1, 139, 54, 8, 18, 3, 159, 155, 16, 93, 97, 166, 13, 46, 37, 44, 149, 11, 114, 169, 153, 24, 178, 30, 15, 68, 143, 49, 52, 177]
[146, 20, 125, 67, 9, 40, 157, 100, 86, 75, 136, 55, 115, 152, 154, 56, 164, 161, 77, 180, 98, 108, 122, 76, 137, 31, 61, 91, 14, 65, 160, 63, 171, 168, 10, 83, 147, 103, 124, 33, 179, 70, 43, 96, 112, 72, 142, 182, 23, 113, 39, 163, 170, 174, 138, 101, 2, 38, 158, 35, 4, 134, 71, 118, 133, 135, 66, 82, 85, 116, 88, 62, 25, 165, 111, 12, 47, 104, 151, 95, 21, 110, 59, 19, 167, 184, 127, 128, 99, 17, 150, 121, 141, 81, 119, 22, 53, 79, 148, 162, 51, 5, 7, 185, 45, 87, 131, 64, 90, 57, 181, 94, 132, 102, 50, 140, 105, 156, 106, 109, 27, 130, 60, 175, 129, 69, 92, 34, 107, 89, 145, 172, 36, 74, 73, 1, 139, 54, 8, 18, 159, 155, 16, 93, 97, 166, 44, 149, 114, 153, 24, 178, 15, 68, 143, 49, 52, 177]
[146, 20, 125, 67, 9, 40, 157, 100, 115, 152, 154, 56, 161, 180, 98, 108, 122, 137, 61, 91, 14, 65, 160, 63, 171, 168, 10, 83, 147, 103, 124, 33, 179, 70, 43, 96, 112, 72, 142, 182, 23, 113, 163, 170, 174, 138, 101, 2, 38, 158, 35, 4, 134, 118, 133, 82, 116, 62, 25, 165, 95, 21, 110, 59, 19, 167, 184, 127, 128, 99, 17, 150, 121, 141, 81, 119, 22, 148, 162, 51, 5, 7, 45, 87, 64, 90, 57, 181, 132, 140, 105, 156, 106, 109, 27, 130, 175, 69, 92, 107, 89, 145, 172, 36, 74, 1, 139, 54, 18, 159, 155, 16, 97, 166, 44, 149, 114, 153, 24, 178, 68, 143, 49, 52, 177]
[146, 20, 125, 9, 40, 157, 100, 115, 161, 180, 98, 122, 137, 61, 160, 63, 171, 168, 10, 103, 124, 179, 43, 96, 112, 72, 142, 182, 23, 113, 163, 174, 138, 101, 2, 158, 35, 4, 118, 133, 116, 62, 25, 165, 95, 21, 110, 59, 19, 184, 127, 128, 99, 150, 121, 141, 81, 22, 148, 162, 5, 7, 45, 64, 90, 57, 181, 132, 105, 106, 109, 27, 130, 69, 92, 107, 89, 145, 172, 36, 74, 139, 54, 18, 159, 155, 97, 166, 149, 114, 153, 24, 178, 143, 49, 52, 177]
[20, 9, 40, 157, 100, 115, 161, 180, 98, 122, 137, 61, 160, 63, 168, 10, 103, 96, 72, 142, 138, 101, 158, 35, 133, 116, 62, 25, 165, 110, 59, 19, 128, 99, 150, 121, 141, 81, 162, 7, 45, 181, 132, 105, 106, 27, 130, 92, 107, 89, 172, 36, 74, 139, 18, 166, 149, 114, 24, 178, 143, 177]
[9, 40, 98, 137, 63, 10, 103, 96, 72, 142, 138, 101, 158, 116, 62, 25, 165, 19, 128, 99, 121, 141, 81, 7, 45, 132, 105, 106, 27, 92, 172, 36, 74, 149, 24, 178, 143, 177]
[10, 103, 72, 116, 121, 81, 7, 105, 27, 36, 178]


Number of users over time, mu poisson:  30
[32, 67, 106, 127, 158, 183, 156, 129, 101, 65, 37, 1]

UEs per slice
[146, 8, 110, 125, 151, 3, 54, 122, 131, 74, 177, 43, 10, 143, 135, 89, 22, 69, 101, 14, 119, 40, 175, 102, 111, 124, 82, 77, 139, 51, 91, 109]
[146, 8, 110, 125, 151, 3, 54, 122, 131, 74, 177, 43, 10, 143, 135, 89, 22, 69, 101, 14, 119, 40, 175, 102, 111, 124, 82, 77, 139, 51, 91, 109, 39, 145, 72, 141, 118, 15, 1, 75, 44, 62, 99, 180, 126, 80, 106, 159, 155, 166, 23, 114, 179, 53, 78, 153, 38, 6, 7, 92, 56, 160, 116, 130, 17, 103, 171]
[146, 8, 110, 125, 151, 3, 54, 122, 131, 74, 177, 43, 10, 143, 135, 89, 22, 69, 101, 14, 119, 40, 175, 102, 111, 124, 82, 77, 139, 51, 91, 109, 39, 145, 72, 141, 118, 15, 1, 75, 44, 62, 99, 180, 126, 80, 106, 159, 155, 166, 23, 114, 179, 53, 78, 153, 38, 6, 7, 92, 56, 160, 116, 130, 17, 103, 171, 19, 31, 76, 117, 71, 129, 32, 26, 169, 168, 24, 95, 37, 46, 81, 98, 96, 107, 58, 165, 64, 34, 157, 136, 45, 29, 67, 127, 83, 47, 181, 178, 49, 50, 142, 100, 93, 134, 63]
[146, 8, 110, 125, 151, 3, 54, 122, 131, 74, 177, 43, 10, 143, 135, 89, 22, 69, 101, 14, 119, 40, 175, 102, 111, 124, 82, 77, 139, 51, 91, 109, 39, 145, 72, 141, 118, 15, 1, 75, 44, 62, 99, 180, 126, 80, 106, 159, 155, 166, 23, 114, 179, 53, 78, 153, 38, 6, 7, 92, 56, 160, 116, 130, 17, 103, 171, 19, 31, 76, 117, 71, 129, 32, 26, 169, 168, 24, 95, 37, 46, 81, 98, 96, 107, 58, 165, 64, 34, 157, 136, 45, 29, 67, 127, 83, 47, 181, 178, 49, 50, 142, 100, 93, 134, 63, 0, 167, 12, 108, 104, 79, 25, 87, 156, 147, 55, 144, 176, 85, 140, 94, 173, 42, 105, 88, 128]
[146, 8, 110, 125, 151, 3, 54, 122, 131, 74, 177, 43, 10, 143, 135, 89, 22, 69, 101, 14, 119, 40, 175, 102, 111, 124, 82, 77, 139, 51, 91, 109, 39, 145, 72, 141, 118, 15, 1, 75, 44, 62, 99, 180, 126, 80, 106, 159, 155, 166, 23, 114, 179, 53, 78, 153, 38, 6, 7, 92, 56, 160, 116, 130, 17, 103, 171, 19, 31, 76, 117, 71, 129, 32, 26, 169, 168, 24, 95, 37, 46, 81, 98, 96, 107, 58, 165, 64, 34, 157, 136, 45, 29, 67, 127, 83, 47, 181, 178, 49, 50, 142, 100, 93, 134, 63, 0, 167, 12, 108, 104, 79, 25, 87, 156, 147, 55, 144, 176, 85, 140, 94, 173, 42, 105, 88, 128, 97, 11, 28, 115, 158, 112, 73, 21, 90, 148, 154, 68, 150, 86, 138, 33, 164, 133, 18, 132, 5, 2, 162, 20, 16, 59, 13, 35, 30, 149, 113]
[146, 8, 110, 125, 151, 3, 54, 122, 131, 74, 177, 43, 10, 143, 135, 89, 22, 69, 101, 14, 119, 40, 175, 102, 111, 124, 82, 77, 139, 51, 91, 109, 39, 145, 72, 141, 118, 15, 1, 75, 44, 62, 99, 180, 126, 80, 106, 159, 155, 166, 23, 114, 179, 53, 78, 153, 38, 6, 7, 92, 56, 160, 116, 130, 17, 103, 171, 19, 31, 76, 117, 71, 129, 32, 26, 169, 168, 24, 95, 37, 46, 81, 98, 96, 107, 58, 165, 64, 34, 157, 136, 45, 29, 67, 127, 83, 47, 181, 178, 49, 50, 142, 100, 93, 134, 63, 0, 167, 12, 108, 104, 79, 25, 87, 156, 147, 55, 144, 176, 85, 140, 94, 173, 42, 105, 88, 128, 97, 11, 28, 115, 158, 112, 73, 21, 90, 148, 154, 68, 150, 86, 138, 33, 164, 133, 18, 132, 5, 2, 162, 20, 16, 59, 13, 35, 30, 149, 113, 121, 41, 123, 120, 163, 152, 66, 61, 172, 170, 52, 137, 70, 84, 27, 48, 65, 4, 174, 36, 182, 161, 9, 57, 60]
[146, 8, 110, 125, 151, 3, 54, 122, 131, 74, 177, 10, 143, 135, 89, 22, 69, 101, 14, 119, 102, 111, 124, 82, 139, 91, 109, 39, 145, 72, 141, 118, 15, 1, 44, 62, 99, 180, 80, 106, 159, 155, 166, 23, 179, 53, 153, 38, 7, 92, 56, 160, 17, 103, 171, 19, 31, 76, 117, 71, 129, 32, 26, 168, 24, 37, 46, 81, 98, 96, 107, 58, 165, 64, 34, 157, 136, 45, 67, 127, 83, 47, 181, 49, 142, 100, 93, 134, 63, 0, 167, 12, 108, 104, 87, 156, 147, 55, 144, 176, 85, 140, 94, 173, 42, 105, 128, 97, 11, 28, 158, 112, 73, 21, 90, 148, 154, 68, 86, 138, 33, 164, 133, 132, 5, 2, 162, 20, 16, 59, 13, 35, 30, 149, 121, 41, 123, 120, 163, 152, 66, 172, 170, 52, 137, 84, 27, 48, 65, 4, 174, 36, 182, 161, 9, 60]
[146, 110, 125, 151, 3, 54, 122, 131, 74, 177, 10, 143, 135, 89, 69, 101, 119, 102, 111, 124, 82, 91, 109, 39, 145, 141, 118, 15, 1, 44, 62, 99, 180, 80, 106, 159, 155, 166, 23, 179, 53, 153, 38, 7, 92, 56, 160, 17, 19, 117, 71, 129, 32, 26, 168, 24, 37, 46, 81, 98, 107, 58, 165, 64, 157, 136, 45, 67, 127, 83, 47, 181, 142, 100, 93, 63, 0, 167, 12, 108, 104, 87, 147, 55, 144, 85, 140, 94, 42, 128, 97, 28, 158, 73, 21, 90, 68, 86, 138, 33, 133, 132, 5, 2, 162, 16, 59, 13, 35, 30, 121, 41, 120, 163, 152, 66, 172, 170, 137, 27, 48, 65, 4, 174, 36, 182, 161, 9, 60]
[146, 110, 125, 151, 3, 54, 122, 131, 74, 177, 143, 135, 89, 69, 101, 119, 102, 111, 124, 82, 91, 39, 145, 141, 118, 15, 1, 44, 62, 99, 180, 80, 106, 155, 166, 23, 179, 53, 153, 38, 92, 160, 17, 19, 117, 32, 26, 168, 24, 37, 98, 107, 58, 157, 136, 127, 181, 142, 100, 93, 63, 0, 167, 12, 108, 87, 147, 55, 140, 94, 42, 128, 97, 28, 158, 73, 90, 68, 86, 33, 133, 132, 2, 162, 16, 59, 13, 30, 41, 120, 163, 152, 66, 172, 170, 137, 48, 4, 182, 161, 60]
[146, 110, 3, 54, 122, 177, 143, 89, 101, 102, 111, 124, 82, 91, 39, 145, 141, 15, 44, 62, 99, 180, 80, 155, 153, 160, 17, 19, 26, 168, 24, 98, 107, 58, 136, 127, 142, 100, 93, 63, 0, 108, 87, 147, 55, 140, 128, 28, 158, 73, 68, 33, 132, 2, 162, 16, 59, 13, 30, 172, 170, 137, 182, 161, 60]
[146, 54, 122, 101, 124, 82, 145, 15, 44, 62, 99, 180, 80, 153, 160, 19, 26, 24, 107, 58, 127, 100, 93, 108, 87, 147, 28, 33, 132, 2, 162, 16, 59, 13, 137, 182, 161]
[132]


Started process run_all Process-5 23820. (Seed: 12)
Number of users over time, mu poisson:  30
[23, 49, 87, 130, 156, 197, 166, 131, 96, 73, 46, 17]

UEs per slice
[121, 68, 170, 137, 174, 90, 36, 100, 2, 99, 130, 73, 176, 125, 190, 164, 60, 154, 0, 187, 177, 40, 123]
[121, 68, 170, 137, 174, 90, 36, 100, 2, 99, 130, 73, 176, 125, 190, 164, 60, 154, 0, 187, 177, 40, 123, 104, 45, 95, 58, 17, 169, 57, 22, 153, 102, 122, 26, 6, 19, 159, 71, 30, 136, 143, 37, 139, 46, 181, 105, 188, 54]
[121, 68, 170, 137, 174, 90, 36, 100, 2, 99, 130, 73, 176, 125, 190, 164, 60, 154, 0, 187, 177, 40, 123, 104, 45, 95, 58, 17, 169, 57, 22, 153, 102, 122, 26, 6, 19, 159, 71, 30, 136, 143, 37, 139, 46, 181, 105, 188, 54, 16, 192, 61, 173, 29, 140, 147, 165, 168, 133, 10, 32, 74, 93, 129, 132, 145, 113, 44, 92, 87, 65, 72, 76, 103, 115, 166, 157, 101, 34, 5, 80, 182, 189, 89, 8, 114, 7]
[121, 68, 170, 137, 174, 90, 36, 100, 2, 99, 130, 73, 176, 125, 190, 164, 60, 154, 0, 187, 177, 40, 123, 104, 45, 95, 58, 17, 169, 57, 22, 153, 102, 122, 26, 6, 19, 159, 71, 30, 136, 143, 37, 139, 46, 181, 105, 188, 54, 16, 192, 61, 173, 29, 140, 147, 165, 168, 133, 10, 32, 74, 93, 129, 132, 145, 113, 44, 92, 87, 65, 72, 76, 103, 115, 166, 157, 101, 34, 5, 80, 182, 189, 89, 8, 114, 7, 50, 155, 96, 12, 86, 49, 186, 148, 25, 191, 135, 55, 43, 20, 183, 75, 11, 117, 78, 138, 97, 171, 180, 15, 149, 128, 109, 62, 106, 83, 144, 151, 156, 69, 51, 158, 193, 118, 56, 63, 77, 1, 94]
[121, 68, 170, 137, 174, 90, 36, 100, 2, 99, 130, 73, 176, 125, 190, 164, 60, 154, 0, 187, 177, 40, 123, 104, 45, 95, 58, 17, 169, 57, 22, 153, 102, 122, 26, 6, 19, 159, 71, 30, 136, 143, 37, 139, 46, 181, 105, 188, 54, 16, 192, 61, 173, 29, 140, 147, 165, 168, 133, 10, 32, 74, 93, 129, 132, 145, 113, 44, 92, 87, 65, 72, 76, 103, 115, 166, 157, 101, 34, 5, 80, 182, 189, 89, 8, 114, 7, 50, 155, 96, 12, 86, 49, 186, 148, 25, 191, 135, 55, 43, 20, 183, 75, 11, 117, 78, 138, 97, 171, 180, 15, 149, 128, 109, 62, 106, 83, 144, 151, 156, 69, 51, 158, 193, 118, 56, 63, 77, 1, 94, 124, 59, 85, 4, 107, 13, 42, 131, 27, 81, 120, 116, 33, 9, 79, 195, 167, 66, 163, 31, 53, 150, 146, 141, 152, 194]
[121, 68, 170, 137, 174, 90, 36, 100, 2, 99, 130, 73, 176, 125, 190, 164, 60, 154, 0, 187, 177, 40, 123, 104, 45, 95, 58, 17, 169, 57, 22, 153, 102, 122, 26, 6, 19, 159, 71, 30, 136, 143, 37, 139, 46, 181, 105, 188, 54, 16, 192, 61, 173, 29, 140, 147, 165, 168, 133, 10, 32, 74, 93, 129, 132, 145, 113, 44, 92, 87, 65, 72, 76, 103, 115, 166, 157, 101, 34, 5, 80, 182, 189, 89, 8, 114, 7, 50, 155, 96, 12, 86, 49, 186, 148, 25, 191, 135, 55, 43, 20, 183, 75, 11, 117, 78, 138, 97, 171, 180, 15, 149, 128, 109, 62, 106, 83, 144, 151, 156, 69, 51, 158, 193, 118, 56, 63, 77, 1, 94, 124, 59, 85, 4, 107, 13, 42, 131, 27, 81, 120, 116, 33, 9, 79, 195, 167, 66, 163, 31, 53, 150, 146, 141, 152, 194, 108, 70, 142, 41, 161, 91, 18, 98, 126, 179, 134, 175, 35, 172, 48, 111, 47, 3, 185, 14, 21, 39, 184, 84, 160, 52, 38, 64, 110, 119, 23, 178, 88, 24, 112, 127, 196, 28, 82, 67, 162]
[121, 68, 170, 137, 90, 36, 100, 99, 130, 176, 125, 190, 164, 60, 154, 0, 187, 177, 123, 104, 45, 95, 58, 17, 169, 22, 153, 102, 122, 26, 6, 159, 71, 30, 37, 139, 46, 181, 105, 188, 54, 16, 192, 61, 173, 29, 140, 165, 133, 10, 32, 74, 93, 129, 145, 113, 44, 92, 87, 65, 72, 76, 103, 115, 166, 157, 101, 5, 80, 182, 189, 89, 8, 114, 7, 50, 96, 12, 86, 49, 186, 25, 191, 135, 55, 183, 75, 11, 117, 78, 97, 171, 180, 15, 149, 128, 109, 106, 83, 144, 156, 69, 51, 158, 193, 118, 56, 63, 77, 1, 94, 124, 59, 85, 4, 107, 13, 42, 131, 27, 81, 120, 33, 9, 79, 66, 163, 31, 53, 150, 146, 141, 152, 194, 70, 41, 161, 91, 18, 98, 179, 134, 175, 35, 172, 48, 111, 47, 3, 185, 14, 21, 84, 52, 64, 110, 119, 23, 178, 24, 127, 196, 28, 82, 67, 162]
[121, 170, 137, 90, 36, 100, 130, 176, 125, 190, 164, 60, 154, 187, 177, 104, 45, 95, 17, 169, 153, 102, 122, 6, 159, 71, 30, 37, 139, 46, 181, 188, 54, 16, 192, 61, 173, 29, 140, 165, 133, 74, 129, 145, 113, 44, 92, 87, 65, 76, 115, 157, 101, 5, 80, 189, 89, 114, 7, 50, 96, 12, 86, 49, 186, 25, 191, 135, 11, 117, 171, 180, 149, 128, 109, 106, 83, 144, 69, 51, 118, 63, 77, 1, 94, 124, 59, 85, 4, 107, 42, 27, 81, 120, 33, 79, 66, 163, 31, 53, 150, 141, 152, 194, 70, 41, 161, 18, 98, 179, 172, 48, 111, 47, 185, 14, 21, 84, 52, 64, 110, 119, 23, 178, 24, 127, 196, 28, 82, 67, 162]
[121, 170, 137, 90, 36, 100, 125, 190, 164, 60, 154, 187, 177, 45, 95, 17, 169, 102, 122, 6, 159, 71, 30, 37, 139, 46, 181, 16, 192, 61, 173, 140, 165, 133, 74, 129, 145, 113, 44, 92, 87, 65, 76, 115, 101, 5, 80, 189, 7, 96, 12, 49, 191, 11, 180, 149, 128, 109, 83, 144, 69, 51, 118, 1, 124, 59, 85, 107, 42, 27, 120, 33, 79, 163, 31, 53, 141, 152, 194, 70, 98, 179, 172, 48, 111, 14, 21, 52, 110, 119, 23, 24, 28, 82, 67, 162]
[121, 170, 90, 36, 100, 190, 164, 60, 154, 187, 177, 45, 95, 17, 169, 102, 159, 71, 37, 139, 46, 181, 16, 192, 61, 173, 165, 133, 74, 129, 145, 44, 87, 76, 101, 80, 96, 49, 191, 11, 180, 149, 128, 109, 144, 69, 51, 118, 1, 124, 59, 27, 33, 79, 163, 31, 53, 152, 194, 70, 179, 172, 48, 111, 14, 110, 119, 23, 24, 28, 82, 67, 162]
[121, 170, 90, 36, 190, 164, 60, 187, 177, 17, 169, 102, 139, 46, 181, 192, 173, 133, 44, 76, 101, 96, 191, 180, 128, 109, 144, 69, 51, 118, 1, 59, 27, 79, 31, 53, 152, 194, 172, 111, 14, 110, 119, 23, 82, 162]
[164, 60, 187, 46, 181, 96, 128, 69, 51, 118, 1, 27, 79, 31, 194, 111, 82]


Started process run_all Process-6 23823. (Seed: 13)
Number of users over time, mu poisson:  30
[35, 67, 99, 127, 153, 195, 168, 154, 122, 86, 53, 23]

UEs per slice
[66, 75, 177, 178, 47, 169, 60, 175, 37, 59, 171, 49, 33, 18, 145, 61, 85, 7, 122, 35, 172, 3, 83, 43, 24, 82, 134, 130, 42, 81, 111, 74, 150, 167, 176]
[66, 75, 177, 178, 47, 169, 60, 175, 37, 59, 171, 49, 33, 18, 145, 61, 85, 7, 122, 35, 172, 3, 83, 43, 24, 82, 134, 130, 42, 81, 111, 74, 150, 167, 176, 133, 115, 137, 101, 36, 112, 193, 89, 147, 184, 44, 146, 149, 183, 58, 100, 69, 62, 185, 124, 91, 131, 162, 95, 102, 143, 41, 186, 87, 88, 70, 139]
[66, 75, 177, 178, 47, 169, 60, 175, 37, 59, 171, 49, 33, 18, 145, 61, 85, 7, 122, 35, 172, 3, 83, 43, 24, 82, 134, 130, 42, 81, 111, 74, 150, 167, 176, 133, 115, 137, 101, 36, 112, 193, 89, 147, 184, 44, 146, 149, 183, 58, 100, 69, 62, 185, 124, 91, 131, 162, 95, 102, 143, 41, 186, 87, 88, 70, 139, 45, 11, 84, 127, 123, 194, 94, 73, 0, 153, 90, 187, 8, 39, 25, 109, 179, 156, 190, 99, 142, 52, 28, 166, 97, 173, 54, 188, 78, 38, 170, 155]
[66, 75, 177, 178, 47, 169, 60, 175, 37, 59, 171, 49, 33, 18, 145, 61, 85, 7, 122, 35, 172, 3, 83, 43, 24, 82, 134, 130, 42, 81, 111, 74, 150, 167, 176, 133, 115, 137, 101, 36, 112, 193, 89, 147, 184, 44, 146, 149, 183, 58, 100, 69, 62, 185, 124, 91, 131, 162, 95, 102, 143, 41, 186, 87, 88, 70, 139, 45, 11, 84, 127, 123, 194, 94, 73, 0, 153, 90, 187, 8, 39, 25, 109, 179, 156, 190, 99, 142, 52, 28, 166, 97, 173, 54, 188, 78, 38, 170, 155, 93, 128, 189, 164, 23, 192, 157, 55, 126, 50, 165, 9, 159, 161, 6, 104, 168, 160, 98, 46, 79, 51, 34, 182, 22, 67, 48, 15]
[66, 75, 177, 178, 47, 169, 60, 175, 37, 59, 171, 49, 33, 18, 145, 61, 85, 7, 122, 35, 172, 3, 83, 43, 24, 82, 134, 130, 42, 81, 111, 74, 150, 167, 176, 133, 115, 137, 101, 36, 112, 193, 89, 147, 184, 44, 146, 149, 183, 58, 100, 69, 62, 185, 124, 91, 131, 162, 95, 102, 143, 41, 186, 87, 88, 70, 139, 45, 11, 84, 127, 123, 194, 94, 73, 0, 153, 90, 187, 8, 39, 25, 109, 179, 156, 190, 99, 142, 52, 28, 166, 97, 173, 54, 188, 78, 38, 170, 155, 93, 128, 189, 164, 23, 192, 157, 55, 126, 50, 165, 9, 159, 161, 6, 104, 168, 160, 98, 46, 79, 51, 34, 182, 22, 67, 48, 15, 138, 10, 148, 117, 21, 103, 1, 19, 63, 17, 86, 65, 57, 120, 129, 151, 13, 113, 119, 92, 5, 2, 80, 105, 31, 136]
[66, 75, 177, 178, 47, 169, 60, 175, 37, 59, 171, 49, 33, 18, 145, 61, 85, 7, 122, 35, 172, 3, 83, 43, 24, 82, 134, 130, 42, 81, 111, 74, 150, 167, 176, 133, 115, 137, 101, 36, 112, 193, 89, 147, 184, 44, 146, 149, 183, 58, 100, 69, 62, 185, 124, 91, 131, 162, 95, 102, 143, 41, 186, 87, 88, 70, 139, 45, 11, 84, 127, 123, 194, 94, 73, 0, 153, 90, 187, 8, 39, 25, 109, 179, 156, 190, 99, 142, 52, 28, 166, 97, 173, 54, 188, 78, 38, 170, 155, 93, 128, 189, 164, 23, 192, 157, 55, 126, 50, 165, 9, 159, 161, 6, 104, 168, 160, 98, 46, 79, 51, 34, 182, 22, 67, 48, 15, 138, 10, 148, 117, 21, 103, 1, 19, 63, 17, 86, 65, 57, 120, 129, 151, 13, 113, 119, 92, 5, 2, 80, 105, 31, 136, 154, 152, 144, 135, 68, 64, 106, 14, 125, 191, 53, 132, 26, 40, 96, 141, 30, 71, 110, 158, 56, 108, 72, 181, 107, 140, 32, 118, 29, 77, 4, 114, 121, 174, 16, 12, 20, 180, 27, 163, 116, 76]
[66, 75, 177, 178, 47, 169, 60, 175, 59, 171, 49, 33, 145, 85, 7, 122, 35, 172, 3, 83, 43, 24, 82, 134, 130, 81, 74, 150, 167, 176, 133, 101, 112, 193, 89, 147, 184, 146, 149, 183, 58, 100, 69, 62, 185, 124, 91, 131, 162, 95, 102, 143, 186, 87, 88, 70, 139, 45, 11, 84, 127, 123, 194, 94, 73, 153, 90, 187, 8, 39, 25, 179, 156, 52, 28, 166, 97, 173, 54, 188, 78, 38, 170, 155, 128, 189, 192, 157, 55, 126, 50, 165, 159, 6, 104, 98, 46, 79, 51, 34, 182, 22, 48, 15, 138, 10, 148, 117, 21, 103, 1, 19, 63, 17, 86, 65, 57, 120, 151, 113, 119, 92, 5, 2, 80, 31, 136, 154, 152, 144, 135, 68, 64, 106, 14, 125, 191, 53, 132, 26, 40, 96, 141, 30, 71, 110, 56, 108, 72, 181, 107, 140, 32, 118, 29, 77, 4, 114, 121, 174, 16, 12, 20, 180, 27, 163, 116, 76]
[66, 75, 177, 178, 47, 169, 60, 175, 59, 171, 49, 145, 7, 122, 35, 172, 3, 83, 43, 24, 82, 134, 130, 81, 74, 150, 167, 176, 133, 101, 112, 193, 184, 146, 149, 183, 58, 100, 69, 62, 185, 91, 131, 162, 95, 102, 143, 186, 87, 88, 70, 139, 45, 11, 84, 127, 123, 194, 94, 73, 153, 90, 187, 8, 39, 25, 179, 156, 52, 28, 166, 173, 54, 188, 78, 38, 170, 155, 128, 189, 157, 55, 126, 165, 159, 6, 104, 98, 46, 79, 51, 34, 182, 22, 48, 15, 138, 10, 148, 117, 21, 103, 1, 63, 86, 65, 57, 120, 151, 113, 119, 92, 5, 2, 80, 31, 136, 154, 152, 144, 135, 68, 64, 106, 14, 125, 191, 53, 132, 26, 96, 141, 30, 71, 110, 56, 108, 72, 32, 118, 29, 77, 4, 114, 121, 174, 16, 12, 20, 180, 27, 163, 116, 76]
[66, 177, 178, 169, 60, 59, 171, 49, 145, 35, 83, 43, 82, 134, 130, 74, 150, 167, 176, 133, 101, 112, 193, 184, 146, 149, 58, 100, 69, 185, 91, 131, 95, 102, 143, 87, 88, 70, 139, 45, 11, 127, 123, 194, 73, 90, 187, 8, 25, 179, 52, 166, 173, 188, 78, 38, 170, 155, 128, 189, 157, 55, 165, 159, 6, 104, 98, 46, 79, 51, 182, 15, 138, 10, 148, 21, 103, 1, 63, 86, 65, 57, 120, 151, 113, 119, 5, 80, 31, 136, 154, 152, 144, 68, 64, 106, 125, 53, 132, 26, 96, 141, 30, 71, 110, 56, 108, 72, 32, 118, 29, 77, 4, 114, 121, 174, 12, 20, 27, 163, 116, 76]
[178, 169, 60, 59, 49, 145, 35, 83, 43, 134, 74, 167, 133, 101, 193, 184, 149, 58, 185, 91, 131, 95, 102, 143, 87, 88, 139, 45, 11, 127, 123, 90, 187, 25, 179, 166, 173, 78, 38, 170, 155, 128, 189, 55, 104, 98, 46, 79, 51, 15, 138, 10, 148, 21, 1, 86, 65, 57, 120, 151, 113, 119, 5, 31, 154, 152, 144, 106, 53, 132, 96, 141, 30, 110, 108, 72, 32, 118, 29, 77, 114, 121, 12, 27, 163, 116]
[169, 60, 145, 83, 43, 74, 133, 101, 149, 58, 185, 91, 102, 143, 87, 88, 139, 123, 90, 166, 173, 38, 155, 128, 55, 104, 79, 51, 15, 138, 10, 148, 1, 86, 65, 120, 5, 31, 154, 152, 144, 106, 53, 96, 72, 32, 118, 77, 114, 121, 12, 163, 116]
[133, 149, 185, 91, 102, 139, 90, 166, 173, 128, 79, 51, 15, 138, 148, 31, 152, 106, 96, 72, 32, 114, 121]


Movement profile already simulated. Results in ilp_move_users-2.sna.
Starting computations on 18 cores.
Movement profile already simulated. Results in ilp_move_users-6.sna.
Movement profile already simulated. Results in ilp_move_users-10.sna.
Starting computations on 18 cores.
Starting computations on 18 cores.
Started process process_func Process-2:1 23828. (Seed: 2, Mode: fixed, Min_sinr: 5)

Running case fixed 5 dB, seed 2, micro power 30, disaster percentage 0.

Movement profile already simulated. Results in ilp_move_users-12.sna.
Solver ilp_fixed_sliced_5 already computed. (Seed: 2)
Generating configuration files - Min Snr: 5 - Fixed (Seed: 2)
Starting computations on 18 cores.
Movement profile already simulated. Results in ilp_move_users-13.sna.
Started process process_func Process-2:2 23832. (Seed: 2, Mode: fixed, Min_sinr: 10)
Started process process_func Process-4:1 23831. (Seed: 10, Mode: fixed, Min_sinr: 5)
Started process process_func Process-3:1 23830. (Seed: 6, Mode: fixed, Min_sinr: 5)
Starting computations on 18 cores.

Running case fixed 10 dB, seed 2, micro power 30, disaster percentage 0.


Running case fixed 5 dB, seed 6, micro power 30, disaster percentage 0.


Running case fixed 5 dB, seed 10, micro power 30, disaster percentage 0.

Solver ilp_fixed_sliced_10 already computed. (Seed: 2)
Generating configuration files - Min Snr: 10 - Fixed (Seed: 2)
Started process process_func Process-3:2 23839. (Seed: 6, Mode: fixed, Min_sinr: 10)
Solver ilp_fixed_sliced_5 already computed. (Seed: 6)
Generating configuration files - Min Snr: 5 - Fixed (Seed: 6)
Started process process_func Process-4:2 23838. (Seed: 10, Mode: fixed, Min_sinr: 10)
Solver ilp_fixed_sliced_5 already computed. (Seed: 10)
Generating configuration files - Min Snr: 5 - Fixed (Seed: 10)

Running case fixed 10 dB, seed 10, micro power 30, disaster percentage 0.

Solver ilp_fixed_sliced_10 already computed. (Seed: 10)
Generating configuration files - Min Snr: 10 - Fixed (Seed: 10)
Started process process_func Process-5:1 23842. (Seed: 12, Mode: fixed, Min_sinr: 5)

Running case fixed 10 dB, seed 6, micro power 30, disaster percentage 0.

Started process process_func Process-2:3 23837. (Seed: 2, Mode: fixed, Min_sinr: 15)
Solver ilp_fixed_sliced_10 already computed. (Seed: 6)
Generating configuration files - Min Snr: 10 - Fixed (Seed: 6)
Started process process_func Process-6:1 23851. (Seed: 13, Mode: fixed, Min_sinr: 5)
Started process process_func Process-4:3 23849. (Seed: 10, Mode: fixed, Min_sinr: 15)

Running case fixed 5 dB, seed 12, micro power 30, disaster percentage 0.

Started process process_func Process-3:3 23853. (Seed: 6, Mode: fixed, Min_sinr: 15)
Solver ilp_fixed_sliced_5 already computed. (Seed: 12)
Generating configuration files - Min Snr: 5 - Fixed (Seed: 12)

Running case fixed 15 dB, seed 2, micro power 30, disaster percentage 0.

Solver ilp_fixed_sliced_15 already computed. (Seed: 2)
Generating configuration files - Min Snr: 15 - Fixed (Seed: 2)

Running case fixed 5 dB, seed 13, micro power 30, disaster percentage 0.

Solver ilp_fixed_sliced_5 already computed. (Seed: 13)
Generating configuration files - Min Snr: 5 - Fixed (Seed: 13)

Running case fixed 15 dB, seed 10, micro power 30, disaster percentage 0.


Running case fixed 15 dB, seed 6, micro power 30, disaster percentage 0.

Solver ilp_fixed_sliced_15 already computed. (Seed: 10)
Generating configuration files - Min Snr: 15 - Fixed (Seed: 10)
Solver ilp_fixed_sliced_15 already computed. (Seed: 6)
Generating configuration files - Min Snr: 15 - Fixed (Seed: 6)
Started process process_func Process-5:2 23850. (Seed: 12, Mode: fixed, Min_sinr: 10)
Started process process_func Process-6:2 23858. (Seed: 13, Mode: fixed, Min_sinr: 10)
Started process process_func Process-5:3 23857. (Seed: 12, Mode: fixed, Min_sinr: 15)

Running case fixed 10 dB, seed 12, micro power 30, disaster percentage 0.

Started process process_func Process-6:3 23863. (Seed: 13, Mode: fixed, Min_sinr: 15)
Solver ilp_fixed_sliced_10 already computed. (Seed: 12)
Generating configuration files - Min Snr: 10 - Fixed (Seed: 12)

Running case fixed 15 dB, seed 12, micro power 30, disaster percentage 0.


Running case fixed 10 dB, seed 13, micro power 30, disaster percentage 0.

Solver ilp_fixed_sliced_15 already computed. (Seed: 12)
Generating configuration files - Min Snr: 15 - Fixed (Seed: 12)
Solver ilp_fixed_sliced_10 already computed. (Seed: 13)
Generating configuration files - Min Snr: 10 - Fixed (Seed: 13)

Running case fixed 15 dB, seed 13, micro power 30, disaster percentage 0.

Solver ilp_fixed_sliced_15 already computed. (Seed: 13)
Generating configuration files - Min Snr: 15 - Fixed (Seed: 13)
All simulations are already computed. Min Snr: 10 - Fixed (Seed: 10)
All simulations are already computed. Min Snr: 10 - Fixed (Seed: 6)
All simulations are already computed. Min Snr: 5 - Fixed (Seed: 2)
All simulations are already computed. Min Snr: 15 - Fixed (Seed: 12)
All simulations are already computed. Min Snr: 10 - Fixed (Seed: 13)
All simulations are already computed. Min Snr: 5 - Fixed (Seed: 13)
All simulations are already computed. Min Snr: 15 - Fixed (Seed: 6)
All simulations are already computed. Min Snr: 15 - Fixed (Seed: 10)
All simulations are already computed. Min Snr: 5 - Fixed (Seed: 10)
All simulations are already computed. Min Snr: 5 - Fixed (Seed: 12)

Exporting .CSV files (Mode: fixed, Seed: 10).

Making ../Network_CCOpMv/_5G/results/disaster_percentage_0/micro_power_30/chosen_seed_10/ilp_fixed_sliced_video.csv.
All simulations are already computed. Min Snr: 10 - Fixed (Seed: 2)
All simulations are already computed. Min Snr: 5 - Fixed (Seed: 6)

Exporting .CSV files (Mode: fixed, Seed: 6).

Making ../Network_CCOpMv/_5G/results/disaster_percentage_0/micro_power_30/chosen_seed_6/ilp_fixed_sliced_video.csv.
All simulations are already computed. Min Snr: 15 - Fixed (Seed: 2)

Exporting .CSV files (Mode: fixed, Seed: 2).

Making ../Network_CCOpMv/_5G/results/disaster_percentage_0/micro_power_30/chosen_seed_2/ilp_fixed_sliced_video.csv.
All simulations are already computed. Min Snr: 15 - Fixed (Seed: 13)

Exporting .CSV files (Mode: fixed, Seed: 13).

Making ../Network_CCOpMv/_5G/results/disaster_percentage_0/micro_power_30/chosen_seed_13/ilp_fixed_sliced_video.csv.
All simulations are already computed. Min Snr: 10 - Fixed (Seed: 12)

Exporting .CSV files (Mode: fixed, Seed: 12).

Making ../Network_CCOpMv/_5G/results/disaster_percentage_0/micro_power_30/chosen_seed_12/ilp_fixed_sliced_video.csv.
Exported 112991 scalars, 19401 vectors, 13176 histograms
Exported 115469 scalars, 19661 vectors, 13464 histograms
Exported 120400 scalars, 20985 vectors, 14040 histograms
Exported 121584 scalars, 20392 vectors, 14184 histograms
Exported 121052 scalars, 20737 vectors, 14112 histograms
Executions ended successfully.
