-------------Calculating Solution (this may take a while)
+++++++++++++++++++Min Sinr: 10 dB (fixed)
+++++++++++++++++++With backhaul constraint. Start: 2022-05-10 19:21:02

Parameters:
- chosen seed 8
- Map with 100 sectors
- Map 4000 x 4000 m
- Sector has a side of 400 m
- Max time:  10
- users_t_m:  [[0, 0, 0, 0, 0, 0, 0, 0, 0, 0, 0, 0, 0, 0, 0, 0, 0, 0, 0, 0, 0, 0, 0, 0, 0, 0, 0, 0, 0, 0, 0, 0, 0, 0, 0, 0, 0, 0, 0, 0, 0, 0, 0, 0, 0, 0, 0, 0, 0, 0, 0, 0, 0, 0, 0, 0, 0, 0, 0, 0, 0, 0, 0, 0, 0, 0, 0, 0, 0, 0, 0, 0, 17, 0, 0, 0, 0, 0, 0, 0, 0, 0, 35, 5, 0, 0, 0, 0, 0, 0, 0, 0, 2, 1, 0, 0, 0, 0, 0, 0], [1, 0, 0, 0, 0, 2, 0, 0, 0, 0, 2, 1, 0, 0, 0, 0, 0, 0, 0, 0, 1, 1, 1, 0, 2, 2, 2, 0, 0, 0, 2, 0, 1, 1, 2, 1, 1, 1, 0, 0, 1, 2, 0, 1, 1, 0, 0, 1, 0, 0, 3, 0, 2, 2, 0, 1, 1, 2, 0, 1, 2, 1, 0, 1, 0, 1, 0, 0, 0, 0, 1, 0, 1, 1, 0, 0, 1, 0, 0, 1, 0, 2, 0, 0, 0, 0, 0, 1, 0, 0, 0, 0, 1, 0, 1, 1, 1, 1, 0, 0], [0, 0, 0, 0, 2, 0, 2, 0, 1, 0, 0, 1, 0, 1, 1, 3, 0, 0, 2, 1, 1, 1, 2, 2, 0, 1, 0, 1, 0, 3, 0, 0, 0, 1, 1, 2, 2, 0, 2, 2, 1, 2, 0, 0, 0, 0, 1, 1, 0, 1, 1, 2, 1, 0, 0, 2, 0, 0, 1, 1, 0, 0, 0, 1, 0, 0, 0, 0, 0, 0, 0, 0, 1, 0, 1, 0, 1, 0, 0, 1, 0, 0, 0, 2, 2, 1, 0, 0, 1, 0, 0, 0, 0, 0, 0, 0, 0, 0, 0, 0], [0, 0, 0, 0, 0, 0, 0, 1, 1, 0, 0, 0, 0, 0, 0, 2, 1, 0, 0, 0, 0, 0, 1, 0, 2, 0, 1, 0, 0, 0, 1, 1, 0, 1, 0, 0, 2, 0, 0, 1, 0, 1, 1, 3, 0, 0, 4, 1, 0, 0, 0, 0, 0, 1, 1, 3, 1, 1, 0, 0, 1, 1, 1, 1, 3, 0, 2, 3, 0, 1, 0, 0, 2, 1, 1, 0, 0, 1, 1, 1, 1, 0, 0, 1, 0, 2, 0, 0, 0, 0, 0, 1, 0, 1, 0, 0, 0, 1, 1, 0], [0, 0, 1, 0, 2, 1, 0, 2, 0, 0, 0, 2, 0, 0, 0, 0, 1, 0, 0, 1, 0, 1, 0, 1, 0, 0, 2, 0, 1, 2, 0, 1, 0, 0, 0, 1, 0, 1, 1, 0, 0, 2, 0, 1, 1, 1, 0, 0, 2, 0, 0, 2, 0, 1, 0, 2, 0, 2, 0, 0, 1, 0, 0, 2, 1, 1, 4, 1, 0, 1, 0, 1, 0, 0, 1, 0, 1, 0, 0, 0, 1, 0, 1, 0, 1, 0, 1, 2, 0, 1, 0, 0, 1, 1, 0, 0, 1, 0, 1, 0], [0, 1, 0, 1, 1, 1, 2, 0, 1, 0, 0, 1, 0, 1, 0, 0, 0, 0, 1, 0, 0, 0, 0, 1, 0, 1, 2, 0, 0, 3, 0, 2, 1, 0, 1, 1, 2, 0, 0, 1, 0, 1, 1, 0, 0, 2, 0, 2, 1, 1, 0, 1, 0, 0, 0, 1, 1, 1, 1, 1, 2, 1, 1, 0, 0, 1, 0, 2, 1, 2, 0, 0, 0, 1, 1, 1, 1, 0, 0, 1, 0, 0, 0, 1, 0, 0, 0, 0, 1, 0, 0, 0, 1, 0, 0, 0, 1, 1, 1, 0], [0, 0, 1, 0, 0, 0, 1, 0, 2, 1, 1, 0, 1, 2, 0, 1, 0, 0, 0, 1, 1, 1, 2, 0, 0, 1, 1, 1, 1, 0, 2, 0, 1, 0, 1, 1, 0, 2, 1, 1, 1, 2, 1, 0, 1, 1, 1, 0, 2, 0, 0, 0, 0, 0, 1, 1, 2, 0, 1, 0, 0, 0, 0, 1, 0, 2, 0, 1, 2, 1, 0, 0, 0, 2, 1, 0, 0, 0, 1, 0, 0, 0, 0, 0, 0, 0, 1, 1, 0, 1, 0, 0, 0, 0, 1, 1, 0, 1, 1, 0], [0, 0, 0, 0, 2, 3, 0, 0, 0, 3, 0, 0, 0, 0, 0, 1, 1, 1, 2, 1, 0, 1, 0, 0, 0, 0, 0, 1, 1, 0, 1, 0, 0, 0, 0, 0, 1, 0, 0, 1, 1, 1, 0, 0, 1, 0, 1, 2, 1, 0, 0, 1, 0, 1, 2, 2, 1, 0, 2, 0, 1, 0, 1, 2, 0, 0, 1, 0, 0, 3, 1, 0, 0, 0, 2, 1, 0, 0, 0, 2, 0, 0, 0, 1, 1, 1, 0, 1, 0, 1, 0, 0, 0, 0, 1, 1, 1, 0, 0, 2], [1, 2, 1, 0, 0, 0, 0, 0, 0, 1, 0, 0, 1, 0, 2, 0, 0, 0, 1, 0, 2, 1, 0, 0, 1, 1, 0, 1, 2, 0, 0, 0, 1, 1, 0, 0, 2, 1, 0, 0, 0, 1, 1, 1, 0, 1, 1, 0, 0, 2, 0, 0, 1, 1, 0, 1, 0, 0, 1, 0, 0, 0, 2, 1, 1, 1, 2, 1, 1, 0, 0, 1, 0, 0, 1, 3, 1, 0, 0, 1, 0, 0, 2, 0, 1, 0, 0, 0, 0, 0, 0, 3, 0, 2, 0, 1, 1, 0, 0, 1], [1, 1, 1, 1, 1, 0, 0, 2, 1, 0, 0, 0, 0, 0, 0, 0, 1, 1, 0, 0, 2, 0, 0, 0, 0, 0, 0, 0, 0, 0, 1, 2, 1, 3, 2, 1, 0, 0, 0, 0, 0, 0, 1, 1, 0, 0, 0, 2, 0, 0, 2, 0, 2, 3, 1, 0, 0, 1, 2, 0, 0, 1, 2, 0, 0, 1, 0, 0, 1, 0, 0, 2, 2, 0, 1, 1, 0, 3, 0, 0, 0, 0, 0, 0, 1, 0, 0, 1, 1, 0, 0, 2, 1, 1, 0, 0, 1, 0, 0, 1], [0, 0, 0, 0, 0, 1, 0, 0, 0, 1, 0, 3, 0, 1, 1, 1, 1, 1, 1, 1, 0, 3, 1, 2, 0, 0, 1, 1, 1, 0, 1, 1, 0, 0, 2, 2, 1, 1, 0, 1, 1, 0, 1, 0, 1, 1, 2, 0, 1, 0, 0, 0, 0, 0, 2, 0, 0, 0, 0, 0, 0, 0, 3, 0, 1, 2, 1, 1, 0, 0, 0, 0, 1, 1, 0, 0, 2, 1, 1, 1, 0, 1, 0, 1, 0, 1, 0, 0, 0, 0, 0, 0, 1, 1, 0, 0, 0, 0, 1, 0]]
MAX_USER_PER_ANTENNAS_m:  [60, 60, 60, 60, 60, 60, 60, 60, 60, 60, 60, 60, 60, 60, 60, 60, 60, 60, 60, 60, 60, 60, 60, 60, 60, 60, 60, 60, 60, 60, 60, 60, 60, 60, 60, 60, 60, 60, 60, 60, 60, 60, 60, 60, 60, 60, 60, 60, 60, 60, 60, 60, 60, 60, 60, 60, 60, 60, 60, 60, 60, 60, 60, 60, 60, 60, 60, 60, 60, 60, 60, 60, 60, 60, 60, 60, 60, 60, 60, 60, 60, 60, 60, 60, 60, 60, 60, 60, 60, 60, 60, 60, 60, 60, 60, 60, 60, 60, 60, 60]
antennas_map_m:  [1, 1, 1, 1, 1, 1, 1, 1, 1, 1, 1, 1, 1, 1, 1, 1, 1, 1, 1, 1, 1, 1, 1, 1, 1, 1, 1, 1, 1, 1, 1, 1, 1, 1, 1, 1, 1, 1, 1, 1, 1, 1, 1, 1, 1, 1, 1, 1, 1, 1, 1, 1, 1, 1, 1, 1, 1, 1, 1, 1, 1, 1, 1, 1, 1, 1, 1, 1, 1, 1, 1, 1, 1, 1, 1, 1, 1, 1, 1, 1, 1, 1, 1, 1, 1, 1, 1, 1, 1, 1, 1, 1, 1, 1, 1, 1, 1, 1, 1, 1]
FIRST_ANTENNA:  2
MIN_SNR_m:  [10.0, 10.0, 10.0, 10.0, 10.0, 10.0, 10.0, 10.0, 10.0, 10.0, 10.0, 10.0, 10.0, 10.0, 10.0, 10.0, 10.0, 10.0, 10.0, 10.0, 10.0, 10.0, 10.0, 10.0, 10.0, 10.0, 10.0, 10.0, 10.0, 10.0, 10.0, 10.0, 10.0, 10.0, 10.0, 10.0, 10.0, 10.0, 10.0, 10.0, 10.0, 10.0, 10.0, 10.0, 10.0, 10.0, 10.0, 10.0, 10.0, 10.0, 10.0, 10.0, 10.0, 10.0, 10.0, 10.0, 10.0, 10.0, 10.0, 10.0, 10.0, 10.0, 10.0, 10.0, 10.0, 10.0, 10.0, 10.0, 10.0, 10.0, 10.0, 10.0, 10.0, 10.0, 10.0, 10.0, 10.0, 10.0, 10.0, 10.0, 10.0, 10.0, 10.0, 10.0, 10.0, 10.0, 10.0, 10.0, 10.0, 10.0, 10.0, 10.0, 10.0, 10.0, 10.0, 10.0, 10.0, 10.0, 10.0, 10.0]
-MIN_DIST:  2000
- disaster percentage:  0

Média de carros: 4.8
t=0
$x_{0,2}$
		Usuarios totais: 0
$x_{0,44}$
		Usuarios totais: 0
$x_{0,72}$
	 $y_{0,72,72}$ = 100.39000012923819 dB
	 $y_{0,72,82}$ = 32.77045297484402 dB
	 $y_{0,72,83}$ = 22.600464572650424 dB
	 $y_{0,72,92}$ = 22.029522516313307 dB
	 $y_{0,72,93}$ = 16.588987028066 dB
		SNR medio: 93.40030099090347
		Usuarios totais: 60
Distances:
2 : 44 = 1788.8543819998317
2 : 72 = 2800.0
44 : 72 = 1442.2205101855957
t=1
$x_{1,2}$
	 $y_{1,2,0}$ = 20.70598360603269 dB
	 $y_{1,2,10}$ = 22.140405022937898 dB
	 $y_{1,2,11}$ = 21.842706434213014 dB
	 $y_{1,2,20}$ = 11.443929094455939 dB
	 $y_{1,2,21}$ = 22.542010043897818 dB
	 $y_{1,2,22}$ = 17.337719337968807 dB
	 $y_{1,2,25}$ = 10.745102421012774 dB
	 $y_{1,2,32}$ = 17.019609335241228 dB
	 $y_{1,2,33}$ = 11.885810607972616 dB
	 $y_{1,2,36}$ = 15.397800235300565 dB
		SNR medio: 18.999209582080923
		Usuarios totais: 12
$x_{1,28}$
	 $y_{1,28,5}$ = 12.83367794166 dB
	 $y_{1,28,37}$ = 27.494604046998333 dB
		SNR medio: 24.63031017147161
		Usuarios totais: 3
$x_{1,44}$
	 $y_{1,44,24}$ = 14.778873406539859 dB
	 $y_{1,44,26}$ = 22.773045718178366 dB
	 $y_{1,44,30}$ = 10.029105103748037 dB
	 $y_{1,44,34}$ = 28.95886989328281 dB
	 $y_{1,44,35}$ = 29.778951801341094 dB
	 $y_{1,44,41}$ = 14.668435134754105 dB
	 $y_{1,44,43}$ = 28.788216446194994 dB
	 $y_{1,44,44}$ = 90.68662285161011 dB
	 $y_{1,44,52}$ = 15.436238977141215 dB
	 $y_{1,44,53}$ = 28.301128484357307 dB
	 $y_{1,44,61}$ = 20.37294407193339 dB
	 $y_{1,44,65}$ = 18.690612710793104 dB
	 $y_{1,44,81}$ = 12.466659552799513 dB
	 $y_{1,44,94}$ = 14.485607467198435 dB
		SNR medio: 79.22535618575021
		Usuarios totais: 22
$x_{1,72}$
	 $y_{1,72,40}$ = 10.687632583372093 dB
	 $y_{1,72,50}$ = 16.093000517938904 dB
	 $y_{1,72,60}$ = 15.86863301014563 dB
	 $y_{1,72,63}$ = 21.31918679982344 dB
	 $y_{1,72,70}$ = 26.992825481791144 dB
	 $y_{1,72,72}$ = 100.39000012923819 dB
	 $y_{1,72,73}$ = 20.622775212477123 dB
	 $y_{1,72,87}$ = 11.02258530594348 dB
	 $y_{1,72,92}$ = 22.029522516313307 dB
		SNR medio: 90.84757543759977
		Usuarios totais: 12
$x_{1,77}$
	 $y_{1,77,47}$ = 18.896065013716708 dB
	 $y_{1,77,55}$ = 12.175683768066833 dB
	 $y_{1,77,56}$ = 22.40362289355052 dB
	 $y_{1,77,57}$ = 12.730197347992743 dB
	 $y_{1,77,59}$ = 13.891401132966308 dB
	 $y_{1,77,76}$ = 24.85477907913689 dB
	 $y_{1,77,79}$ = 11.894539287815746 dB
	 $y_{1,77,95}$ = 11.604284768622321 dB
	 $y_{1,77,96}$ = 19.40540410099588 dB
	 $y_{1,77,97}$ = 16.14200150791602 dB
		SNR medio: 18.894903007187164
		Usuarios totais: 11
Distances:
2 : 28 = 2529.8221281347037
2 : 44 = 1788.8543819998317
2 : 72 = 2800.0
2 : 77 = 3440.9301068170507
28 : 44 = 1788.8543819998317
28 : 72 = 3124.099870362662
28 : 77 = 2039.607805437114
44 : 72 = 1442.2205101855957
44 : 77 = 1697.0562748477141
72 : 77 = 2000.0
t=2
$x_{2,2}$
	 $y_{2,2,4}$ = 20.7376772358664 dB
	 $y_{2,2,11}$ = 21.842706434213014 dB
	 $y_{2,2,13}$ = 27.60235677975477 dB
	 $y_{2,2,14}$ = 24.228137186138397 dB
	 $y_{2,2,15}$ = 10.975659759059738 dB
	 $y_{2,2,20}$ = 11.443929094455939 dB
	 $y_{2,2,21}$ = 22.542010043897818 dB
	 $y_{2,2,22}$ = 17.337719337968807 dB
	 $y_{2,2,23}$ = 18.50345506189879 dB
	 $y_{2,2,25}$ = 10.745102421012774 dB
	 $y_{2,2,33}$ = 11.885810607972616 dB
	 $y_{2,2,36}$ = 15.397800235300565 dB
		SNR medio: 20.98315288032934
		Usuarios totais: 18
$x_{2,28}$
	 $y_{2,28,6}$ = 13.742523370071495 dB
	 $y_{2,28,8}$ = 19.80747409073996 dB
	 $y_{2,28,18}$ = 25.39698531063179 dB
	 $y_{2,28,19}$ = 20.54490505349378 dB
	 $y_{2,28,27}$ = 24.516848642122113 dB
	 $y_{2,28,29}$ = 34.26711424775938 dB
	 $y_{2,28,38}$ = 27.526131572325653 dB
	 $y_{2,28,39}$ = 25.1785419524453 dB
	 $y_{2,28,49}$ = 18.473188980894122 dB
		SNR medio: 26.98869499749065
		Usuarios totais: 15
$x_{2,44}$
	 $y_{2,44,34}$ = 28.95886989328281 dB
	 $y_{2,44,35}$ = 29.778951801341094 dB
	 $y_{2,44,41}$ = 14.668435134754105 dB
	 $y_{2,44,50}$ = 11.29820746614557 dB
	 $y_{2,44,51}$ = 16.54283578309048 dB
	 $y_{2,44,63}$ = 10.584900578488572 dB
	 $y_{2,44,74}$ = 10.578537901999397 dB
	 $y_{2,44,85}$ = 10.562197653581038 dB
		SNR medio: 23.66273171550672
		Usuarios totais: 11
$x_{2,72}$
	 $y_{2,72,40}$ = 10.687632583372093 dB
	 $y_{2,72,52}$ = 18.476215654661786 dB
	 $y_{2,72,72}$ = 100.39000012923819 dB
	 $y_{2,72,83}$ = 22.600464572650424 dB
	 $y_{2,72,84}$ = 17.863131673581947 dB
		SNR medio: 93.40030021500091
		Usuarios totais: 7
$x_{2,77}$
	 $y_{2,77,46}$ = 28.629920008877946 dB
	 $y_{2,77,47}$ = 18.896065013716708 dB
	 $y_{2,77,55}$ = 12.175683768066833 dB
	 $y_{2,77,58}$ = 18.589396414218072 dB
	 $y_{2,77,59}$ = 13.891401132966308 dB
	 $y_{2,77,76}$ = 24.85477907913689 dB
	 $y_{2,77,79}$ = 11.894539287815746 dB
	 $y_{2,77,88}$ = 18.27202996701608 dB
		SNR medio: 22.137629286199683
		Usuarios totais: 9
Distances:
2 : 28 = 2529.8221281347037
2 : 44 = 1788.8543819998317
2 : 72 = 2800.0
2 : 77 = 3440.9301068170507
28 : 44 = 1788.8543819998317
28 : 72 = 3124.099870362662
28 : 77 = 2039.607805437114
44 : 72 = 1442.2205101855957
44 : 77 = 1697.0562748477141
72 : 77 = 2000.0
t=3
$x_{3,2}$
	 $y_{3,2,15}$ = 10.975659759059738 dB
	 $y_{3,2,22}$ = 17.337719337968807 dB
	 $y_{3,2,31}$ = 12.396615455513341 dB
	 $y_{3,2,33}$ = 11.885810607972616 dB
	 $y_{3,2,36}$ = 15.397800235300565 dB
		SNR medio: 14.286166934685198
		Usuarios totais: 7
$x_{3,28}$
	 $y_{3,28,7}$ = 14.283566663699816 dB
	 $y_{3,28,8}$ = 19.80747409073996 dB
	 $y_{3,28,16}$ = 14.169497793746771 dB
	 $y_{3,28,26}$ = 15.302369823628183 dB
	 $y_{3,28,39}$ = 25.1785419524453 dB
	 $y_{3,28,46}$ = 11.78468597874226 dB
		SNR medio: 19.437255814206836
		Usuarios totais: 9
$x_{3,44}$
	 $y_{3,44,30}$ = 10.029105103748037 dB
	 $y_{3,44,41}$ = 14.668435134754105 dB
	 $y_{3,44,42}$ = 18.986254608776903 dB
	 $y_{3,44,43}$ = 28.788216446194994 dB
	 $y_{3,44,53}$ = 28.301128484357307 dB
	 $y_{3,44,54}$ = 29.136661485698255 dB
	 $y_{3,44,56}$ = 18.316554765398635 dB
	 $y_{3,44,63}$ = 10.584900578488572 dB
	 $y_{3,44,67}$ = 12.897025363907659 dB
	 $y_{3,44,74}$ = 10.578537901999397 dB
		SNR medio: 23.946736111437573
		Usuarios totais: 14
$x_{3,72}$
	 $y_{3,72,60}$ = 15.86863301014563 dB
	 $y_{3,72,61}$ = 21.24455814730682 dB
	 $y_{3,72,62}$ = 30.762757896117492 dB
	 $y_{3,72,64}$ = 15.933945860613946 dB
	 $y_{3,72,66}$ = 13.902996690545763 dB
	 $y_{3,72,72}$ = 100.39000012923819 dB
	 $y_{3,72,73}$ = 20.622775212477123 dB
	 $y_{3,72,80}$ = 14.04148533127335 dB
	 $y_{3,72,83}$ = 22.600464572650424 dB
	 $y_{3,72,91}$ = 10.739478681804087 dB
	 $y_{3,72,93}$ = 16.588987028066 dB
		SNR medio: 89.97607399534226
		Usuarios totais: 15
$x_{3,77}$
	 $y_{3,77,24}$ = 10.06196070214061 dB
	 $y_{3,77,47}$ = 18.896065013716708 dB
	 $y_{3,77,55}$ = 12.175683768066833 dB
	 $y_{3,77,57}$ = 12.730197347992743 dB
	 $y_{3,77,69}$ = 23.71396751898844 dB
	 $y_{3,77,77}$ = 88.10388108584394 dB
	 $y_{3,77,78}$ = 33.16260804652872 dB
	 $y_{3,77,79}$ = 11.894539287815746 dB
	 $y_{3,77,85}$ = 22.984578911967745 dB
	 $y_{3,77,97}$ = 16.14200150791602 dB
	 $y_{3,77,98}$ = 16.732305398880072 dB
		SNR medio: 77.68997259480057
		Usuarios totais: 15
Distances:
2 : 28 = 2529.8221281347037
2 : 44 = 1788.8543819998317
2 : 72 = 2800.0
2 : 77 = 3440.9301068170507
28 : 44 = 1788.8543819998317
28 : 72 = 3124.099870362662
28 : 77 = 2039.607805437114
44 : 72 = 1442.2205101855957
44 : 77 = 1697.0562748477141
72 : 77 = 2000.0
t=4
$x_{4,2}$
	 $y_{4,2,2}$ = 87.58681715075753 dB
	 $y_{4,2,4}$ = 20.7376772358664 dB
	 $y_{4,2,11}$ = 21.842706434213014 dB
	 $y_{4,2,21}$ = 22.542010043897818 dB
	 $y_{4,2,23}$ = 18.50345506189879 dB
	 $y_{4,2,31}$ = 12.396615455513341 dB
		SNR medio: 79.80530872825045
		Usuarios totais: 8
$x_{4,28}$
	 $y_{4,28,5}$ = 12.83367794166 dB
	 $y_{4,28,7}$ = 14.283566663699816 dB
	 $y_{4,28,16}$ = 14.169497793746771 dB
	 $y_{4,28,19}$ = 20.54490505349378 dB
	 $y_{4,28,26}$ = 15.302369823628183 dB
	 $y_{4,28,28}$ = 95.75555869502061 dB
	 $y_{4,28,29}$ = 34.26711424775938 dB
	 $y_{4,28,37}$ = 27.494604046998333 dB
	 $y_{4,28,38}$ = 27.526131572325653 dB
	 $y_{4,28,48}$ = 21.34353535128585 dB
	 $y_{4,28,67}$ = 11.254363894634679 dB
		SNR medio: 85.34163665311888
		Usuarios totais: 15
$x_{4,44}$
	 $y_{4,44,35}$ = 29.778951801341094 dB
	 $y_{4,44,41}$ = 14.668435134754105 dB
	 $y_{4,44,43}$ = 28.788216446194994 dB
	 $y_{4,44,44}$ = 90.68662285161011 dB
	 $y_{4,44,45}$ = 24.647002524842364 dB
	 $y_{4,44,53}$ = 28.301128484357307 dB
	 $y_{4,44,66}$ = 15.93644692366722 dB
	 $y_{4,44,74}$ = 10.578537901999397 dB
		SNR medio: 81.65573319551686
		Usuarios totais: 12
$x_{4,72}$
	 $y_{4,72,51}$ = 18.45347628316391 dB
	 $y_{4,72,60}$ = 15.86863301014563 dB
	 $y_{4,72,63}$ = 21.31918679982344 dB
	 $y_{4,72,65}$ = 13.889525896125008 dB
	 $y_{4,72,71}$ = 26.263433516445644 dB
	 $y_{4,72,80}$ = 14.04148533127335 dB
	 $y_{4,72,82}$ = 32.77045297484402 dB
	 $y_{4,72,84}$ = 17.863131673581947 dB
	 $y_{4,72,92}$ = 22.029522516313307 dB
	 $y_{4,72,93}$ = 16.588987028066 dB
		SNR medio: 24.587665129388515
		Usuarios totais: 12
$x_{4,77}$
	 $y_{4,77,55}$ = 12.175683768066833 dB
	 $y_{4,77,57}$ = 12.730197347992743 dB
	 $y_{4,77,64}$ = 15.45220987224289 dB
	 $y_{4,77,69}$ = 23.71396751898844 dB
	 $y_{4,77,76}$ = 24.85477907913689 dB
	 $y_{4,77,86}$ = 21.24756618051569 dB
	 $y_{4,77,87}$ = 25.325661260510444 dB
	 $y_{4,77,89}$ = 14.44410113573386 dB
	 $y_{4,77,96}$ = 19.40540410099588 dB
	 $y_{4,77,98}$ = 16.732305398880072 dB
		SNR medio: 20.960872484269878
		Usuarios totais: 13
Distances:
2 : 28 = 2529.8221281347037
2 : 44 = 1788.8543819998317
2 : 72 = 2800.0
2 : 77 = 3440.9301068170507
28 : 44 = 1788.8543819998317
28 : 72 = 3124.099870362662
28 : 77 = 2039.607805437114
44 : 72 = 1442.2205101855957
44 : 77 = 1697.0562748477141
72 : 77 = 2000.0
t=5
$x_{5,2}$
	 $y_{5,2,1}$ = 33.912346129080376 dB
	 $y_{5,2,3}$ = 25.5285165846647 dB
	 $y_{5,2,4}$ = 20.7376772358664 dB
	 $y_{5,2,11}$ = 21.842706434213014 dB
	 $y_{5,2,13}$ = 27.60235677975477 dB
	 $y_{5,2,23}$ = 18.50345506189879 dB
	 $y_{5,2,25}$ = 10.745102421012774 dB
	 $y_{5,2,31}$ = 12.396615455513341 dB
	 $y_{5,2,32}$ = 17.019609335241228 dB
	 $y_{5,2,36}$ = 15.397800235300565 dB
		SNR medio: 25.855796304562332
		Usuarios totais: 12
$x_{5,28}$
	 $y_{5,28,5}$ = 12.83367794166 dB
	 $y_{5,28,6}$ = 13.742523370071495 dB
	 $y_{5,28,8}$ = 19.80747409073996 dB
	 $y_{5,28,18}$ = 25.39698531063179 dB
	 $y_{5,28,29}$ = 34.26711424775938 dB
	 $y_{5,28,39}$ = 25.1785419524453 dB
	 $y_{5,28,48}$ = 21.34353535128585 dB
	 $y_{5,28,49}$ = 18.473188980894122 dB
		SNR medio: 26.642164081573622
		Usuarios totais: 11
$x_{5,44}$
	 $y_{5,44,26}$ = 22.773045718178366 dB
	 $y_{5,44,34}$ = 28.95886989328281 dB
	 $y_{5,44,35}$ = 29.778951801341094 dB
	 $y_{5,44,41}$ = 14.668435134754105 dB
	 $y_{5,44,42}$ = 18.986254608776903 dB
	 $y_{5,44,45}$ = 24.647002524842364 dB
	 $y_{5,44,47}$ = 14.658056634867549 dB
	 $y_{5,44,51}$ = 16.54283578309048 dB
	 $y_{5,44,55}$ = 22.970810271043902 dB
	 $y_{5,44,56}$ = 18.316554765398635 dB
	 $y_{5,44,61}$ = 20.37294407193339 dB
		SNR medio: 24.020217252745617
		Usuarios totais: 14
$x_{5,72}$
	 $y_{5,72,60}$ = 15.86863301014563 dB
	 $y_{5,72,62}$ = 30.762757896117492 dB
	 $y_{5,72,73}$ = 20.622775212477123 dB
	 $y_{5,72,75}$ = 16.39400770568068 dB
	 $y_{5,72,83}$ = 22.600464572650424 dB
	 $y_{5,72,92}$ = 22.029522516313307 dB
		SNR medio: 24.601943961579554
		Usuarios totais: 7
$x_{5,77}$
	 $y_{5,77,57}$ = 12.730197347992743 dB
	 $y_{5,77,58}$ = 18.589396414218072 dB
	 $y_{5,77,59}$ = 13.891401132966308 dB
	 $y_{5,77,65}$ = 18.920040999556832 dB
	 $y_{5,77,67}$ = 31.729801826716212 dB
	 $y_{5,77,68}$ = 23.278462592418336 dB
	 $y_{5,77,69}$ = 23.71396751898844 dB
	 $y_{5,77,74}$ = 12.635024847591808 dB
	 $y_{5,77,76}$ = 24.85477907913689 dB
	 $y_{5,77,79}$ = 11.894539287815746 dB
	 $y_{5,77,88}$ = 18.27202996701608 dB
	 $y_{5,77,96}$ = 19.40540410099588 dB
	 $y_{5,77,97}$ = 16.14200150791602 dB
	 $y_{5,77,98}$ = 16.732305398880072 dB
		SNR medio: 22.87319680318057
		Usuarios totais: 16
Distances:
2 : 28 = 2529.8221281347037
2 : 44 = 1788.8543819998317
2 : 72 = 2800.0
2 : 77 = 3440.9301068170507
28 : 44 = 1788.8543819998317
28 : 72 = 3124.099870362662
28 : 77 = 2039.607805437114
44 : 72 = 1442.2205101855957
44 : 77 = 1697.0562748477141
72 : 77 = 2000.0
t=6
$x_{6,2}$
	 $y_{6,2,2}$ = 87.58681715075753 dB
	 $y_{6,2,10}$ = 22.140405022937898 dB
	 $y_{6,2,12}$ = 34.66720617272664 dB
	 $y_{6,2,13}$ = 27.60235677975477 dB
	 $y_{6,2,15}$ = 10.975659759059738 dB
	 $y_{6,2,20}$ = 11.443929094455939 dB
	 $y_{6,2,21}$ = 22.542010043897818 dB
	 $y_{6,2,22}$ = 17.337719337968807 dB
	 $y_{6,2,25}$ = 10.745102421012774 dB
	 $y_{6,2,32}$ = 17.019609335241228 dB
		SNR medio: 77.58684736197475
		Usuarios totais: 12
$x_{6,28}$
	 $y_{6,28,6}$ = 13.742523370071495 dB
	 $y_{6,28,8}$ = 19.80747409073996 dB
	 $y_{6,28,9}$ = 13.667588894056209 dB
	 $y_{6,28,19}$ = 20.54490505349378 dB
	 $y_{6,28,26}$ = 15.302369823628183 dB
	 $y_{6,28,27}$ = 24.516848642122113 dB
	 $y_{6,28,28}$ = 95.75555869502061 dB
	 $y_{6,28,37}$ = 27.494604046998333 dB
	 $y_{6,28,38}$ = 27.526131572325653 dB
	 $y_{6,28,39}$ = 25.1785419524453 dB
	 $y_{6,28,48}$ = 21.34353535128585 dB
		SNR medio: 85.34163434306504
		Usuarios totais: 14
$x_{6,44}$
	 $y_{6,44,30}$ = 10.029105103748037 dB
	 $y_{6,44,34}$ = 28.95886989328281 dB
	 $y_{6,44,35}$ = 29.778951801341094 dB
	 $y_{6,44,41}$ = 14.668435134754105 dB
	 $y_{6,44,42}$ = 18.986254608776903 dB
	 $y_{6,44,44}$ = 90.68662285161011 dB
	 $y_{6,44,45}$ = 24.647002524842364 dB
	 $y_{6,44,54}$ = 29.136661485698255 dB
	 $y_{6,44,55}$ = 22.970810271043902 dB
	 $y_{6,44,56}$ = 18.316554765398635 dB
	 $y_{6,44,65}$ = 18.690612710793104 dB
	 $y_{6,44,67}$ = 12.897025363907659 dB
	 $y_{6,44,94}$ = 14.485607467198435 dB
		SNR medio: 79.54720176698218
		Usuarios totais: 17
$x_{6,72}$
	 $y_{6,72,40}$ = 10.687632583372093 dB
	 $y_{6,72,63}$ = 21.31918679982344 dB
	 $y_{6,72,73}$ = 20.622775212477123 dB
	 $y_{6,72,74}$ = 17.890207013399788 dB
	 $y_{6,72,87}$ = 11.02258530594348 dB
		SNR medio: 18.284068557743048
		Usuarios totais: 6
$x_{6,77}$
	 $y_{6,77,46}$ = 28.629920008877946 dB
	 $y_{6,77,58}$ = 18.589396414218072 dB
	 $y_{6,77,68}$ = 23.278462592418336 dB
	 $y_{6,77,69}$ = 23.71396751898844 dB
	 $y_{6,77,78}$ = 33.16260804652872 dB
	 $y_{6,77,86}$ = 21.24756618051569 dB
	 $y_{6,77,89}$ = 14.44410113573386 dB
	 $y_{6,77,95}$ = 11.604284768622321 dB
	 $y_{6,77,97}$ = 16.14200150791602 dB
	 $y_{6,77,98}$ = 16.732305398880072 dB
		SNR medio: 25.544696164261424
		Usuarios totais: 11
Distances:
2 : 28 = 2529.8221281347037
2 : 44 = 1788.8543819998317
2 : 72 = 2800.0
2 : 77 = 3440.9301068170507
28 : 44 = 1788.8543819998317
28 : 72 = 3124.099870362662
28 : 77 = 2039.607805437114
44 : 72 = 1442.2205101855957
44 : 77 = 1697.0562748477141
72 : 77 = 2000.0
t=7
$x_{7,2}$
	 $y_{7,2,4}$ = 20.7376772358664 dB
	 $y_{7,2,15}$ = 10.975659759059738 dB
	 $y_{7,2,21}$ = 22.542010043897818 dB
	 $y_{7,2,36}$ = 15.397800235300565 dB
		SNR medio: 19.360673323994625
		Usuarios totais: 5
$x_{7,28}$
	 $y_{7,28,5}$ = 12.83367794166 dB
	 $y_{7,28,9}$ = 13.667588894056209 dB
	 $y_{7,28,16}$ = 14.169497793746771 dB
	 $y_{7,28,17}$ = 20.612594455470344 dB
	 $y_{7,28,18}$ = 25.39698531063179 dB
	 $y_{7,28,19}$ = 20.54490505349378 dB
	 $y_{7,28,27}$ = 24.516848642122113 dB
	 $y_{7,28,28}$ = 95.75555869502061 dB
	 $y_{7,28,39}$ = 25.1785419524453 dB
	 $y_{7,28,48}$ = 21.34353535128585 dB
		SNR medio: 85.75556030180765
		Usuarios totais: 15
$x_{7,44}$
	 $y_{7,44,30}$ = 10.029105103748037 dB
	 $y_{7,44,41}$ = 14.668435134754105 dB
	 $y_{7,44,44}$ = 90.68662285161011 dB
	 $y_{7,44,51}$ = 16.54283578309048 dB
	 $y_{7,44,54}$ = 29.136661485698255 dB
	 $y_{7,44,62}$ = 18.819488606050143 dB
	 $y_{7,44,63}$ = 10.584900578488572 dB
	 $y_{7,44,75}$ = 10.236642763234272 dB
	 $y_{7,44,85}$ = 10.562197653581038 dB
		SNR medio: 81.14420151616032
		Usuarios totais: 11
$x_{7,72}$
	 $y_{7,72,40}$ = 10.687632583372093 dB
	 $y_{7,72,53}$ = 13.403103791522994 dB
	 $y_{7,72,60}$ = 15.86863301014563 dB
	 $y_{7,72,70}$ = 26.992825481791144 dB
	 $y_{7,72,83}$ = 22.600464572650424 dB
	 $y_{7,72,84}$ = 17.863131673581947 dB
	 $y_{7,72,94}$ = 11.86504246317027 dB
		SNR medio: 20.745474790335674
		Usuarios totais: 7
$x_{7,77}$
	 $y_{7,77,46}$ = 28.629920008877946 dB
	 $y_{7,77,47}$ = 18.896065013716708 dB
	 $y_{7,77,55}$ = 12.175683768066833 dB
	 $y_{7,77,56}$ = 22.40362289355052 dB
	 $y_{7,77,58}$ = 18.589396414218072 dB
	 $y_{7,77,66}$ = 23.137801602267047 dB
	 $y_{7,77,69}$ = 23.71396751898844 dB
	 $y_{7,77,74}$ = 12.635024847591808 dB
	 $y_{7,77,79}$ = 11.894539287815746 dB
	 $y_{7,77,87}$ = 25.325661260510444 dB
	 $y_{7,77,89}$ = 14.44410113573386 dB
	 $y_{7,77,95}$ = 11.604284768622321 dB
	 $y_{7,77,96}$ = 19.40540410099588 dB
	 $y_{7,77,99}$ = 10.40918915790192 dB
		SNR medio: 21.60507253544884
		Usuarios totais: 22
Distances:
2 : 28 = 2529.8221281347037
2 : 44 = 1788.8543819998317
2 : 72 = 2800.0
2 : 77 = 3440.9301068170507
28 : 44 = 1788.8543819998317
28 : 72 = 3124.099870362662
28 : 77 = 2039.607805437114
44 : 72 = 1442.2205101855957
44 : 77 = 1697.0562748477141
72 : 77 = 2000.0
t=8
$x_{8,2}$
	 $y_{8,2,0}$ = 20.70598360603269 dB
	 $y_{8,2,1}$ = 33.912346129080376 dB
	 $y_{8,2,2}$ = 87.58681715075753 dB
	 $y_{8,2,12}$ = 34.66720617272664 dB
	 $y_{8,2,14}$ = 24.228137186138397 dB
	 $y_{8,2,20}$ = 11.443929094455939 dB
	 $y_{8,2,21}$ = 22.542010043897818 dB
	 $y_{8,2,25}$ = 10.745102421012774 dB
	 $y_{8,2,32}$ = 17.019609335241228 dB
	 $y_{8,2,33}$ = 11.885810607972616 dB
	 $y_{8,2,36}$ = 15.397800235300565 dB
		SNR medio: 77.17293631695576
		Usuarios totais: 15
$x_{8,28}$
	 $y_{8,28,9}$ = 13.667588894056209 dB
	 $y_{8,28,18}$ = 25.39698531063179 dB
	 $y_{8,28,27}$ = 24.516848642122113 dB
	 $y_{8,28,28}$ = 95.75555869502061 dB
	 $y_{8,28,49}$ = 18.473188980894122 dB
		SNR medio: 88.76585948611152
		Usuarios totais: 7
$x_{8,44}$
	 $y_{8,44,24}$ = 14.778873406539859 dB
	 $y_{8,44,37}$ = 17.327578462737478 dB
	 $y_{8,44,41}$ = 14.668435134754105 dB
	 $y_{8,44,42}$ = 18.986254608776903 dB
	 $y_{8,44,43}$ = 28.788216446194994 dB
	 $y_{8,44,46}$ = 15.286899860501507 dB
	 $y_{8,44,53}$ = 28.301128484357307 dB
	 $y_{8,44,55}$ = 22.970810271043902 dB
	 $y_{8,44,65}$ = 18.690612710793104 dB
	 $y_{8,44,66}$ = 15.93644692366722 dB
	 $y_{8,44,74}$ = 10.578537901999397 dB
		SNR medio: 22.557021084155053
		Usuarios totais: 12
$x_{8,72}$
	 $y_{8,72,52}$ = 18.476215654661786 dB
	 $y_{8,72,62}$ = 30.762757896117492 dB
	 $y_{8,72,63}$ = 21.31918679982344 dB
	 $y_{8,72,64}$ = 15.933945860613946 dB
	 $y_{8,72,71}$ = 26.263433516445644 dB
	 $y_{8,72,82}$ = 32.77045297484402 dB
	 $y_{8,72,84}$ = 17.863131673581947 dB
	 $y_{8,72,91}$ = 10.739478681804087 dB
	 $y_{8,72,93}$ = 16.588987028066 dB
		SNR medio: 26.33607757271897
		Usuarios totais: 14
$x_{8,77}$
	 $y_{8,77,45}$ = 18.81034364028011 dB
	 $y_{8,77,58}$ = 18.589396414218072 dB
	 $y_{8,77,67}$ = 31.729801826716212 dB
	 $y_{8,77,68}$ = 23.278462592418336 dB
	 $y_{8,77,75}$ = 17.895524037578582 dB
	 $y_{8,77,76}$ = 24.85477907913689 dB
	 $y_{8,77,79}$ = 11.894539287815746 dB
	 $y_{8,77,95}$ = 11.604284768622321 dB
	 $y_{8,77,96}$ = 19.40540410099588 dB
	 $y_{8,77,99}$ = 10.40918915790192 dB
		SNR medio: 23.70307997904569
		Usuarios totais: 12
Distances:
2 : 28 = 2529.8221281347037
2 : 44 = 1788.8543819998317
2 : 72 = 2800.0
2 : 77 = 3440.9301068170507
28 : 44 = 1788.8543819998317
28 : 72 = 3124.099870362662
28 : 77 = 2039.607805437114
44 : 72 = 1442.2205101855957
44 : 77 = 1697.0562748477141
72 : 77 = 2000.0
t=9
$x_{9,2}$
	 $y_{9,2,0}$ = 20.70598360603269 dB
	 $y_{9,2,1}$ = 33.912346129080376 dB
	 $y_{9,2,2}$ = 87.58681715075753 dB
	 $y_{9,2,3}$ = 25.5285165846647 dB
	 $y_{9,2,4}$ = 20.7376772358664 dB
	 $y_{9,2,20}$ = 11.443929094455939 dB
	 $y_{9,2,31}$ = 12.396615455513341 dB
	 $y_{9,2,32}$ = 17.019609335241228 dB
	 $y_{9,2,33}$ = 11.885810607972616 dB
		SNR medio: 78.0444159181023
		Usuarios totais: 13
$x_{9,28}$
	 $y_{9,28,7}$ = 14.283566663699816 dB
	 $y_{9,28,8}$ = 19.80747409073996 dB
	 $y_{9,28,16}$ = 14.169497793746771 dB
	 $y_{9,28,17}$ = 20.612594455470344 dB
	 $y_{9,28,65}$ = 11.701700665339075 dB
		SNR medio: 17.45920256094545
		Usuarios totais: 6
$x_{9,44}$
	 $y_{9,44,30}$ = 10.029105103748037 dB
	 $y_{9,44,34}$ = 28.95886989328281 dB
	 $y_{9,44,35}$ = 29.778951801341094 dB
	 $y_{9,44,42}$ = 18.986254608776903 dB
	 $y_{9,44,43}$ = 28.788216446194994 dB
	 $y_{9,44,47}$ = 14.658056634867549 dB
	 $y_{9,44,50}$ = 11.29820746614557 dB
	 $y_{9,44,54}$ = 29.136661485698255 dB
	 $y_{9,44,61}$ = 20.37294407193339 dB
	 $y_{9,44,62}$ = 18.819488606050143 dB
	 $y_{9,44,75}$ = 10.236642763234272 dB
		SNR medio: 25.198455347014477
		Usuarios totais: 15
$x_{9,72}$
	 $y_{9,72,52}$ = 18.476215654661786 dB
	 $y_{9,72,53}$ = 13.403103791522994 dB
	 $y_{9,72,71}$ = 26.263433516445644 dB
	 $y_{9,72,72}$ = 100.39000012923819 dB
	 $y_{9,72,74}$ = 17.890207013399788 dB
	 $y_{9,72,84}$ = 17.863131673581947 dB
	 $y_{9,72,87}$ = 11.02258530594348 dB
	 $y_{9,72,91}$ = 10.739478681804087 dB
	 $y_{9,72,92}$ = 22.029522516313307 dB
	 $y_{9,72,93}$ = 16.588987028066 dB
		SNR medio: 90.39000047368535
		Usuarios totais: 16
$x_{9,77}$
	 $y_{9,77,57}$ = 12.730197347992743 dB
	 $y_{9,77,58}$ = 18.589396414218072 dB
	 $y_{9,77,68}$ = 23.278462592418336 dB
	 $y_{9,77,77}$ = 88.10388108584394 dB
	 $y_{9,77,88}$ = 18.27202996701608 dB
	 $y_{9,77,96}$ = 19.40540410099588 dB
	 $y_{9,77,99}$ = 10.40918915790192 dB
		SNR medio: 79.65290383840498
		Usuarios totais: 10
Distances:
2 : 28 = 2529.8221281347037
2 : 44 = 1788.8543819998317
2 : 72 = 2800.0
2 : 77 = 3440.9301068170507
28 : 44 = 1788.8543819998317
28 : 72 = 3124.099870362662
28 : 77 = 2039.607805437114
44 : 72 = 1442.2205101855957
44 : 77 = 1697.0562748477141
72 : 77 = 2000.0
--- Done after 0.3593897359238731 hours. ---
