-------------Calculating Solution (this may take a while)
+++++++++++++++++++Min Sinr: 5 dB (single)
+++++++++++++++++++With backhaul constraint. Start: 2022-05-10 18:47:34

Parameters:
- chosen seed 8
- Map with 100 sectors
- Map 4000 x 4000 m
- Sector has a side of 400 m
- Max time:  10
- users_t_m:  [[0, 0, 0, 0, 0, 0, 0, 0, 0, 0, 0, 0, 0, 0, 0, 0, 0, 0, 0, 0, 0, 0, 0, 0, 0, 0, 0, 0, 0, 0, 0, 0, 0, 0, 0, 0, 0, 0, 0, 0, 0, 0, 0, 0, 0, 0, 0, 0, 0, 0, 0, 0, 0, 0, 0, 0, 0, 0, 0, 0, 0, 0, 0, 0, 0, 0, 0, 0, 0, 0, 0, 0, 17, 0, 0, 0, 0, 0, 0, 0, 0, 0, 35, 5, 0, 0, 0, 0, 0, 0, 0, 0, 2, 1, 0, 0, 0, 0, 0, 0], [1, 0, 0, 0, 0, 2, 0, 0, 0, 0, 2, 1, 0, 0, 0, 0, 0, 0, 0, 0, 1, 1, 1, 0, 2, 2, 2, 0, 0, 0, 2, 0, 1, 1, 2, 1, 1, 1, 0, 0, 1, 2, 0, 1, 1, 0, 0, 1, 0, 0, 3, 0, 2, 2, 0, 1, 1, 2, 0, 1, 2, 1, 0, 1, 0, 1, 0, 0, 0, 0, 1, 0, 1, 1, 0, 0, 1, 0, 0, 1, 0, 2, 0, 0, 0, 0, 0, 1, 0, 0, 0, 0, 1, 0, 1, 1, 1, 1, 0, 0], [0, 0, 0, 0, 2, 0, 2, 0, 1, 0, 0, 1, 0, 1, 1, 3, 0, 0, 2, 1, 1, 1, 2, 2, 0, 1, 0, 1, 0, 3, 0, 0, 0, 1, 1, 2, 2, 0, 2, 2, 1, 2, 0, 0, 0, 0, 1, 1, 0, 1, 1, 2, 1, 0, 0, 2, 0, 0, 1, 1, 0, 0, 0, 1, 0, 0, 0, 0, 0, 0, 0, 0, 1, 0, 1, 0, 1, 0, 0, 1, 0, 0, 0, 2, 2, 1, 0, 0, 1, 0, 0, 0, 0, 0, 0, 0, 0, 0, 0, 0], [0, 0, 0, 0, 0, 0, 0, 1, 1, 0, 0, 0, 0, 0, 0, 2, 1, 0, 0, 0, 0, 0, 1, 0, 2, 0, 1, 0, 0, 0, 1, 1, 0, 1, 0, 0, 2, 0, 0, 1, 0, 1, 1, 3, 0, 0, 4, 1, 0, 0, 0, 0, 0, 1, 1, 3, 1, 1, 0, 0, 1, 1, 1, 1, 3, 0, 2, 3, 0, 1, 0, 0, 2, 1, 1, 0, 0, 1, 1, 1, 1, 0, 0, 1, 0, 2, 0, 0, 0, 0, 0, 1, 0, 1, 0, 0, 0, 1, 1, 0], [0, 0, 1, 0, 2, 1, 0, 2, 0, 0, 0, 2, 0, 0, 0, 0, 1, 0, 0, 1, 0, 1, 0, 1, 0, 0, 2, 0, 1, 2, 0, 1, 0, 0, 0, 1, 0, 1, 1, 0, 0, 2, 0, 1, 1, 1, 0, 0, 2, 0, 0, 2, 0, 1, 0, 2, 0, 2, 0, 0, 1, 0, 0, 2, 1, 1, 4, 1, 0, 1, 0, 1, 0, 0, 1, 0, 1, 0, 0, 0, 1, 0, 1, 0, 1, 0, 1, 2, 0, 1, 0, 0, 1, 1, 0, 0, 1, 0, 1, 0], [0, 1, 0, 1, 1, 1, 2, 0, 1, 0, 0, 1, 0, 1, 0, 0, 0, 0, 1, 0, 0, 0, 0, 1, 0, 1, 2, 0, 0, 3, 0, 2, 1, 0, 1, 1, 2, 0, 0, 1, 0, 1, 1, 0, 0, 2, 0, 2, 1, 1, 0, 1, 0, 0, 0, 1, 1, 1, 1, 1, 2, 1, 1, 0, 0, 1, 0, 2, 1, 2, 0, 0, 0, 1, 1, 1, 1, 0, 0, 1, 0, 0, 0, 1, 0, 0, 0, 0, 1, 0, 0, 0, 1, 0, 0, 0, 1, 1, 1, 0], [0, 0, 1, 0, 0, 0, 1, 0, 2, 1, 1, 0, 1, 2, 0, 1, 0, 0, 0, 1, 1, 1, 2, 0, 0, 1, 1, 1, 1, 0, 2, 0, 1, 0, 1, 1, 0, 2, 1, 1, 1, 2, 1, 0, 1, 1, 1, 0, 2, 0, 0, 0, 0, 0, 1, 1, 2, 0, 1, 0, 0, 0, 0, 1, 0, 2, 0, 1, 2, 1, 0, 0, 0, 2, 1, 0, 0, 0, 1, 0, 0, 0, 0, 0, 0, 0, 1, 1, 0, 1, 0, 0, 0, 0, 1, 1, 0, 1, 1, 0], [0, 0, 0, 0, 2, 3, 0, 0, 0, 3, 0, 0, 0, 0, 0, 1, 1, 1, 2, 1, 0, 1, 0, 0, 0, 0, 0, 1, 1, 0, 1, 0, 0, 0, 0, 0, 1, 0, 0, 1, 1, 1, 0, 0, 1, 0, 1, 2, 1, 0, 0, 1, 0, 1, 2, 2, 1, 0, 2, 0, 1, 0, 1, 2, 0, 0, 1, 0, 0, 3, 1, 0, 0, 0, 2, 1, 0, 0, 0, 2, 0, 0, 0, 1, 1, 1, 0, 1, 0, 1, 0, 0, 0, 0, 1, 1, 1, 0, 0, 2], [1, 2, 1, 0, 0, 0, 0, 0, 0, 1, 0, 0, 1, 0, 2, 0, 0, 0, 1, 0, 2, 1, 0, 0, 1, 1, 0, 1, 2, 0, 0, 0, 1, 1, 0, 0, 2, 1, 0, 0, 0, 1, 1, 1, 0, 1, 1, 0, 0, 2, 0, 0, 1, 1, 0, 1, 0, 0, 1, 0, 0, 0, 2, 1, 1, 1, 2, 1, 1, 0, 0, 1, 0, 0, 1, 3, 1, 0, 0, 1, 0, 0, 2, 0, 1, 0, 0, 0, 0, 0, 0, 3, 0, 2, 0, 1, 1, 0, 0, 1], [1, 1, 1, 1, 1, 0, 0, 2, 1, 0, 0, 0, 0, 0, 0, 0, 1, 1, 0, 0, 2, 0, 0, 0, 0, 0, 0, 0, 0, 0, 1, 2, 1, 3, 2, 1, 0, 0, 0, 0, 0, 0, 1, 1, 0, 0, 0, 2, 0, 0, 2, 0, 2, 3, 1, 0, 0, 1, 2, 0, 0, 1, 2, 0, 0, 1, 0, 0, 1, 0, 0, 2, 2, 0, 1, 1, 0, 3, 0, 0, 0, 0, 0, 0, 1, 0, 0, 1, 1, 0, 0, 2, 1, 1, 0, 0, 1, 0, 0, 1], [0, 0, 0, 0, 0, 1, 0, 0, 0, 1, 0, 3, 0, 1, 1, 1, 1, 1, 1, 1, 0, 3, 1, 2, 0, 0, 1, 1, 1, 0, 1, 1, 0, 0, 2, 2, 1, 1, 0, 1, 1, 0, 1, 0, 1, 1, 2, 0, 1, 0, 0, 0, 0, 0, 2, 0, 0, 0, 0, 0, 0, 0, 3, 0, 1, 2, 1, 1, 0, 0, 0, 0, 1, 1, 0, 0, 2, 1, 1, 1, 0, 1, 0, 1, 0, 1, 0, 0, 0, 0, 0, 0, 1, 1, 0, 0, 0, 0, 1, 0]]
MAX_USER_PER_ANTENNAS_m:  [60, 60, 60, 60, 60, 60, 60, 60, 60, 60, 60, 60, 60, 60, 60, 60, 60, 60, 60, 60, 60, 60, 60, 60, 60, 60, 60, 60, 60, 60, 60, 60, 60, 60, 60, 60, 60, 60, 60, 60, 60, 60, 60, 60, 60, 60, 60, 60, 60, 60, 60, 60, 60, 60, 60, 60, 60, 60, 60, 60, 60, 60, 60, 60, 60, 60, 60, 60, 60, 60, 60, 60, 60, 60, 60, 60, 60, 60, 60, 60, 60, 60, 60, 60, 60, 60, 60, 60, 60, 60, 60, 60, 60, 60, 60, 60, 60, 60, 60, 60]
antennas_map_m:  [1, 1, 1, 1, 1, 1, 1, 1, 1, 1, 1, 1, 1, 1, 1, 1, 1, 1, 1, 1, 1, 1, 1, 1, 1, 1, 1, 1, 1, 1, 1, 1, 1, 1, 1, 1, 1, 1, 1, 1, 1, 1, 1, 1, 1, 1, 1, 1, 1, 1, 1, 1, 1, 1, 1, 1, 1, 1, 1, 1, 1, 1, 1, 1, 1, 1, 1, 1, 1, 1, 1, 1, 1, 1, 1, 1, 1, 1, 1, 1, 1, 1, 1, 1, 1, 1, 1, 1, 1, 1, 1, 1, 1, 1, 1, 1, 1, 1, 1, 1]
FIRST_ANTENNA:  2
MIN_SNR_m:  [3.1622776601683795, 3.1622776601683795, 3.1622776601683795, 3.1622776601683795, 3.1622776601683795, 3.1622776601683795, 3.1622776601683795, 3.1622776601683795, 3.1622776601683795, 3.1622776601683795, 3.1622776601683795, 3.1622776601683795, 3.1622776601683795, 3.1622776601683795, 3.1622776601683795, 3.1622776601683795, 3.1622776601683795, 3.1622776601683795, 3.1622776601683795, 3.1622776601683795, 3.1622776601683795, 3.1622776601683795, 3.1622776601683795, 3.1622776601683795, 3.1622776601683795, 3.1622776601683795, 3.1622776601683795, 3.1622776601683795, 3.1622776601683795, 3.1622776601683795, 3.1622776601683795, 3.1622776601683795, 3.1622776601683795, 3.1622776601683795, 3.1622776601683795, 3.1622776601683795, 3.1622776601683795, 3.1622776601683795, 3.1622776601683795, 3.1622776601683795, 3.1622776601683795, 3.1622776601683795, 3.1622776601683795, 3.1622776601683795, 3.1622776601683795, 3.1622776601683795, 3.1622776601683795, 3.1622776601683795, 3.1622776601683795, 3.1622776601683795, 3.1622776601683795, 3.1622776601683795, 3.1622776601683795, 3.1622776601683795, 3.1622776601683795, 3.1622776601683795, 3.1622776601683795, 3.1622776601683795, 3.1622776601683795, 3.1622776601683795, 3.1622776601683795, 3.1622776601683795, 3.1622776601683795, 3.1622776601683795, 3.1622776601683795, 3.1622776601683795, 3.1622776601683795, 3.1622776601683795, 3.1622776601683795, 3.1622776601683795, 3.1622776601683795, 3.1622776601683795, 3.1622776601683795, 3.1622776601683795, 3.1622776601683795, 3.1622776601683795, 3.1622776601683795, 3.1622776601683795, 3.1622776601683795, 3.1622776601683795, 3.1622776601683795, 3.1622776601683795, 3.1622776601683795, 3.1622776601683795, 3.1622776601683795, 3.1622776601683795, 3.1622776601683795, 3.1622776601683795, 3.1622776601683795, 3.1622776601683795, 3.1622776601683795, 3.1622776601683795, 3.1622776601683795, 3.1622776601683795, 3.1622776601683795, 3.1622776601683795, 3.1622776601683795, 3.1622776601683795, 3.1622776601683795, 3.1622776601683795]
-MIN_DIST:  2000
- disaster percentage:  0
3.0

Média de carros: 3.0
t=0
$x_{2}$
		Usuarios totais: 0
$x_{36}$
		Usuarios totais: 0
$x_{74}$
	 $y_{0,74,72}$ = 15.058683722447597 dB
	 $y_{0,74,82}$ = 20.817571337740546 dB
	 $y_{0,74,83}$ = 16.944833872470753 dB
	 $y_{0,74,92}$ = 8.398055223043343 dB
	 $y_{0,74,93}$ = 15.099108641231837 dB
		SNR medio: 16.83984698476699
		Usuarios totais: 60
t=1
$x_{2}$
	 $y_{1,2,0}$ = 20.70598360603269 dB
	 $y_{1,2,5}$ = 6.561070239901426 dB
	 $y_{1,2,10}$ = 22.140405022937898 dB
	 $y_{1,2,11}$ = 21.842706434213014 dB
	 $y_{1,2,20}$ = 11.443929094455939 dB
	 $y_{1,2,21}$ = 22.542010043897818 dB
	 $y_{1,2,22}$ = 17.337719337968807 dB
	 $y_{1,2,30}$ = 7.090323771112708 dB
	 $y_{1,2,32}$ = 17.019609335241228 dB
	 $y_{1,2,40}$ = 8.834395652153717 dB
	 $y_{1,2,41}$ = 7.86481112330614 dB
		SNR medio: 18.369152752930773
		Usuarios totais: 15
$x_{36}$
	 $y_{1,36,24}$ = 23.03183039192274 dB
	 $y_{1,36,25}$ = 28.133439442191673 dB
	 $y_{1,36,26}$ = 26.46580266101965 dB
	 $y_{1,36,33}$ = 16.474829685702872 dB
	 $y_{1,36,34}$ = 25.12067352736301 dB
	 $y_{1,36,35}$ = 34.64355268285969 dB
	 $y_{1,36,36}$ = 91.45811134441732 dB
	 $y_{1,36,37}$ = 31.78549109130293 dB
	 $y_{1,36,43}$ = 8.614488590144134 dB
	 $y_{1,36,44}$ = 10.848869512606626 dB
	 $y_{1,36,47}$ = 22.101528370191545 dB
	 $y_{1,36,55}$ = 17.151868366998414 dB
	 $y_{1,36,56}$ = 22.77005714692568 dB
	 $y_{1,36,57}$ = 17.288694375843477 dB
	 $y_{1,36,59}$ = 10.080939482107198 dB
	 $y_{1,36,79}$ = -1.0309719139472975 dB
		SNR medio: 79.41693192382596
		Usuarios totais: 21
$x_{74}$
	 $y_{1,74,50}$ = 7.100684239969695 dB
	 $y_{1,74,52}$ = 6.929017221359629 dB
	 $y_{1,74,53}$ = 11.24480527437953 dB
	 $y_{1,74,60}$ = 4.946015620242633 dB
	 $y_{1,74,61}$ = 14.392323907915682 dB
	 $y_{1,74,63}$ = 33.379471946802596 dB
	 $y_{1,74,65}$ = 24.45150774788995 dB
	 $y_{1,74,70}$ = 9.484317342459235 dB
	 $y_{1,74,72}$ = 15.058683722447597 dB
	 $y_{1,74,73}$ = 35.804051923812494 dB
	 $y_{1,74,76}$ = 18.401424566504716 dB
	 $y_{1,74,81}$ = 8.90278765000508 dB
	 $y_{1,74,87}$ = 19.89601784213707 dB
	 $y_{1,74,92}$ = 8.398055223043343 dB
	 $y_{1,74,94}$ = 17.875081687377545 dB
	 $y_{1,74,95}$ = 19.28761232809535 dB
	 $y_{1,74,96}$ = 7.127544321645814 dB
	 $y_{1,74,97}$ = 7.459568073135088 dB
		SNR medio: 25.704754441727268
		Usuarios totais: 24
t=2
$x_{2}$
	 $y_{2,2,4}$ = 20.7376772358664 dB
	 $y_{2,2,11}$ = 21.842706434213014 dB
	 $y_{2,2,13}$ = 27.60235677975477 dB
	 $y_{2,2,14}$ = 24.228137186138397 dB
	 $y_{2,2,20}$ = 11.443929094455939 dB
	 $y_{2,2,21}$ = 22.542010043897818 dB
	 $y_{2,2,22}$ = 17.337719337968807 dB
	 $y_{2,2,23}$ = 18.50345506189879 dB
	 $y_{2,2,40}$ = 8.834395652153717 dB
	 $y_{2,2,41}$ = 7.86481112330614 dB
		SNR medio: 21.59609147061362
		Usuarios totais: 14
$x_{36}$
	 $y_{2,36,6}$ = 9.919734745429878 dB
	 $y_{2,36,8}$ = 10.293510285068763 dB
	 $y_{2,36,15}$ = 12.382001923070959 dB
	 $y_{2,36,18}$ = 11.09802256106093 dB
	 $y_{2,36,19}$ = 1.8090173846053401 dB
	 $y_{2,36,25}$ = 28.133439442191673 dB
	 $y_{2,36,27}$ = 29.850383993364247 dB
	 $y_{2,36,29}$ = 5.7828456433406785 dB
	 $y_{2,36,33}$ = 16.474829685702872 dB
	 $y_{2,36,34}$ = 25.12067352736301 dB
	 $y_{2,36,35}$ = 34.64355268285969 dB
	 $y_{2,36,36}$ = 91.45811134441732 dB
	 $y_{2,36,38}$ = 22.254817606716315 dB
	 $y_{2,36,39}$ = 6.800839279247043 dB
	 $y_{2,36,46}$ = 22.167987915179253 dB
	 $y_{2,36,47}$ = 22.101528370191545 dB
	 $y_{2,36,49}$ = 7.973100830698613 dB
	 $y_{2,36,55}$ = 17.151868366998414 dB
	 $y_{2,36,58}$ = 17.27706345229629 dB
	 $y_{2,36,59}$ = 10.080939482107198 dB
	 $y_{2,36,79}$ = -1.0309719139472975 dB
		SNR medio: 78.23593571268789
		Usuarios totais: 32
$x_{74}$
	 $y_{2,74,50}$ = 7.100684239969695 dB
	 $y_{2,74,51}$ = 11.47813492958997 dB
	 $y_{2,74,52}$ = 6.929017221359629 dB
	 $y_{2,74,63}$ = 33.379471946802596 dB
	 $y_{2,74,72}$ = 15.058683722447597 dB
	 $y_{2,74,74}$ = 79.29706565387532 dB
	 $y_{2,74,76}$ = 18.401424566504716 dB
	 $y_{2,74,83}$ = 16.944833872470753 dB
	 $y_{2,74,84}$ = 27.20400641466611 dB
	 $y_{2,74,85}$ = 18.42479047708555 dB
	 $y_{2,74,88}$ = 6.558546235257694 dB
		SNR medio: 68.88328951255941
		Usuarios totais: 14
t=3
$x_{2}$
	 $y_{3,2,22}$ = 17.337719337968807 dB
	 $y_{3,2,30}$ = 7.090323771112708 dB
	 $y_{3,2,31}$ = 12.396615455513341 dB
	 $y_{3,2,41}$ = 7.86481112330614 dB
		SNR medio: 13.158103202670766
		Usuarios totais: 4
$x_{36}$
	 $y_{3,36,7}$ = 16.481335982069453 dB
	 $y_{3,36,8}$ = 10.293510285068763 dB
	 $y_{3,36,15}$ = 12.382001923070959 dB
	 $y_{3,36,16}$ = 20.229494778511977 dB
	 $y_{3,36,24}$ = 23.03183039192274 dB
	 $y_{3,36,26}$ = 26.46580266101965 dB
	 $y_{3,36,33}$ = 16.474829685702872 dB
	 $y_{3,36,36}$ = 91.45811134441732 dB
	 $y_{3,36,39}$ = 6.800839279247043 dB
	 $y_{3,36,43}$ = 8.614488590144134 dB
	 $y_{3,36,46}$ = 22.167987915179253 dB
	 $y_{3,36,47}$ = 22.101528370191545 dB
	 $y_{3,36,55}$ = 17.151868366998414 dB
	 $y_{3,36,56}$ = 22.77005714692568 dB
	 $y_{3,36,57}$ = 17.288694375843477 dB
	 $y_{3,36,67}$ = 3.091916960292253 dB
	 $y_{3,36,69}$ = 5.087211861777888 dB
	 $y_{3,36,79}$ = -1.0309719139472975 dB
		SNR medio: 78.90539096943657
		Usuarios totais: 30
$x_{74}$
	 $y_{3,74,42}$ = 13.475214941229837 dB
	 $y_{3,74,53}$ = 11.24480527437953 dB
	 $y_{3,74,54}$ = 13.707988025718464 dB
	 $y_{3,74,60}$ = 4.946015620242633 dB
	 $y_{3,74,61}$ = 14.392323907915682 dB
	 $y_{3,74,62}$ = 22.791453512342812 dB
	 $y_{3,74,63}$ = 33.379471946802596 dB
	 $y_{3,74,64}$ = 30.799189258557448 dB
	 $y_{3,74,66}$ = 22.845579187760364 dB
	 $y_{3,74,72}$ = 15.058683722447597 dB
	 $y_{3,74,73}$ = 35.804051923812494 dB
	 $y_{3,74,74}$ = 79.29706565387532 dB
	 $y_{3,74,77}$ = 17.259577569966467 dB
	 $y_{3,74,78}$ = 4.086071917758247 dB
	 $y_{3,74,80}$ = -0.14161635377593013 dB
	 $y_{3,74,83}$ = 16.944833872470753 dB
	 $y_{3,74,85}$ = 18.42479047708555 dB
	 $y_{3,74,91}$ = 8.916870128564995 dB
	 $y_{3,74,93}$ = 15.099108641231837 dB
	 $y_{3,74,97}$ = 7.459568073135088 dB
	 $y_{3,74,98}$ = 10.064612422457543 dB
		SNR medio: 66.0752771340506
		Usuarios totais: 26
t=4
$x_{2}$
	 $y_{4,2,2}$ = 87.58681715075753 dB
	 $y_{4,2,4}$ = 20.7376772358664 dB
	 $y_{4,2,5}$ = 6.561070239901426 dB
	 $y_{4,2,11}$ = 21.842706434213014 dB
	 $y_{4,2,21}$ = 22.542010043897818 dB
	 $y_{4,2,23}$ = 18.50345506189879 dB
	 $y_{4,2,31}$ = 12.396615455513341 dB
	 $y_{4,2,41}$ = 7.86481112330614 dB
		SNR medio: 78.555921442761
		Usuarios totais: 11
$x_{36}$
	 $y_{4,36,7}$ = 16.481335982069453 dB
	 $y_{4,36,16}$ = 20.229494778511977 dB
	 $y_{4,36,19}$ = 1.8090173846053401 dB
	 $y_{4,36,26}$ = 26.46580266101965 dB
	 $y_{4,36,28}$ = 12.475991246581088 dB
	 $y_{4,36,29}$ = 5.7828456433406785 dB
	 $y_{4,36,35}$ = 34.64355268285969 dB
	 $y_{4,36,37}$ = 31.78549109130293 dB
	 $y_{4,36,38}$ = 22.254817606716315 dB
	 $y_{4,36,43}$ = 8.614488590144134 dB
	 $y_{4,36,44}$ = 10.848869512606626 dB
	 $y_{4,36,45}$ = 25.536816222702157 dB
	 $y_{4,36,48}$ = 22.310022281723036 dB
	 $y_{4,36,55}$ = 17.151868366998414 dB
	 $y_{4,36,57}$ = 17.288694375843477 dB
	 $y_{4,36,67}$ = 3.091916960292253 dB
	 $y_{4,36,69}$ = 5.087211861777888 dB
		SNR medio: 25.377420073668016
		Usuarios totais: 23
$x_{74}$
	 $y_{4,74,51}$ = 11.47813492958997 dB
	 $y_{4,74,53}$ = 11.24480527437953 dB
	 $y_{4,74,60}$ = 4.946015620242633 dB
	 $y_{4,74,63}$ = 33.379471946802596 dB
	 $y_{4,74,64}$ = 30.799189258557448 dB
	 $y_{4,74,65}$ = 24.45150774788995 dB
	 $y_{4,74,66}$ = 22.845579187760364 dB
	 $y_{4,74,71}$ = 3.995067688391118 dB
	 $y_{4,74,74}$ = 79.29706565387532 dB
	 $y_{4,74,76}$ = 18.401424566504716 dB
	 $y_{4,74,80}$ = -0.14161635377593013 dB
	 $y_{4,74,82}$ = 20.817571337740546 dB
	 $y_{4,74,84}$ = 27.20400641466611 dB
	 $y_{4,74,86}$ = 12.04228781989059 dB
	 $y_{4,74,87}$ = 19.89601784213707 dB
	 $y_{4,74,89}$ = 1.3551760333322707 dB
	 $y_{4,74,92}$ = 8.398055223043343 dB
	 $y_{4,74,93}$ = 15.099108641231837 dB
	 $y_{4,74,96}$ = 7.127544321645814 dB
	 $y_{4,74,98}$ = 10.064612422457543 dB
		SNR medio: 66.28700922033276
		Usuarios totais: 26
t=5
$x_{2}$
	 $y_{5,2,1}$ = 33.912346129080376 dB
	 $y_{5,2,3}$ = 25.5285165846647 dB
	 $y_{5,2,4}$ = 20.7376772358664 dB
	 $y_{5,2,5}$ = 6.561070239901426 dB
	 $y_{5,2,11}$ = 21.842706434213014 dB
	 $y_{5,2,13}$ = 27.60235677975477 dB
	 $y_{5,2,23}$ = 18.50345506189879 dB
	 $y_{5,2,31}$ = 12.396615455513341 dB
	 $y_{5,2,32}$ = 17.019609335241228 dB
	 $y_{5,2,41}$ = 7.86481112330614 dB
		SNR medio: 25.815142047271884
		Usuarios totais: 11
$x_{36}$
	 $y_{5,36,6}$ = 9.919734745429878 dB
	 $y_{5,36,8}$ = 10.293510285068763 dB
	 $y_{5,36,18}$ = 11.09802256106093 dB
	 $y_{5,36,25}$ = 28.133439442191673 dB
	 $y_{5,36,26}$ = 26.46580266101965 dB
	 $y_{5,36,29}$ = 5.7828456433406785 dB
	 $y_{5,36,34}$ = 25.12067352736301 dB
	 $y_{5,36,35}$ = 34.64355268285969 dB
	 $y_{5,36,36}$ = 91.45811134441732 dB
	 $y_{5,36,39}$ = 6.800839279247043 dB
	 $y_{5,36,45}$ = 25.536816222702157 dB
	 $y_{5,36,47}$ = 22.101528370191545 dB
	 $y_{5,36,48}$ = 22.310022281723036 dB
	 $y_{5,36,49}$ = 7.973100830698613 dB
	 $y_{5,36,55}$ = 17.151868366998414 dB
	 $y_{5,36,56}$ = 22.77005714692568 dB
	 $y_{5,36,57}$ = 17.288694375843477 dB
	 $y_{5,36,58}$ = 17.27706345229629 dB
	 $y_{5,36,59}$ = 10.080939482107198 dB
	 $y_{5,36,67}$ = 3.091916960292253 dB
	 $y_{5,36,68}$ = 6.810920039552229 dB
	 $y_{5,36,69}$ = 5.087211861777888 dB
	 $y_{5,36,79}$ = -1.0309719139472975 dB
		SNR medio: 77.84084987119546
		Usuarios totais: 32
$x_{74}$
	 $y_{5,74,42}$ = 13.475214941229837 dB
	 $y_{5,74,51}$ = 11.47813492958997 dB
	 $y_{5,74,60}$ = 4.946015620242633 dB
	 $y_{5,74,61}$ = 14.392323907915682 dB
	 $y_{5,74,62}$ = 22.791453512342812 dB
	 $y_{5,74,65}$ = 24.45150774788995 dB
	 $y_{5,74,73}$ = 35.804051923812494 dB
	 $y_{5,74,74}$ = 79.29706565387532 dB
	 $y_{5,74,75}$ = 27.7996626108486 dB
	 $y_{5,74,76}$ = 18.401424566504716 dB
	 $y_{5,74,83}$ = 16.944833872470753 dB
	 $y_{5,74,88}$ = 6.558546235257694 dB
	 $y_{5,74,92}$ = 8.398055223043343 dB
	 $y_{5,74,96}$ = 7.127544321645814 dB
	 $y_{5,74,97}$ = 7.459568073135088 dB
	 $y_{5,74,98}$ = 10.064612422457543 dB
		SNR medio: 67.25612595735984
		Usuarios totais: 17
t=6
$x_{2}$
	 $y_{6,2,2}$ = 87.58681715075753 dB
	 $y_{6,2,10}$ = 22.140405022937898 dB
	 $y_{6,2,12}$ = 34.66720617272664 dB
	 $y_{6,2,13}$ = 27.60235677975477 dB
	 $y_{6,2,20}$ = 11.443929094455939 dB
	 $y_{6,2,21}$ = 22.542010043897818 dB
	 $y_{6,2,22}$ = 17.337719337968807 dB
	 $y_{6,2,30}$ = 7.090323771112708 dB
	 $y_{6,2,32}$ = 17.019609335241228 dB
	 $y_{6,2,40}$ = 8.834395652153717 dB
	 $y_{6,2,41}$ = 7.86481112330614 dB
		SNR medio: 77.17292046867358
		Usuarios totais: 15
$x_{36}$
	 $y_{6,36,6}$ = 9.919734745429878 dB
	 $y_{6,36,8}$ = 10.293510285068763 dB
	 $y_{6,36,9}$ = 1.921028693878299 dB
	 $y_{6,36,15}$ = 12.382001923070959 dB
	 $y_{6,36,19}$ = 1.8090173846053401 dB
	 $y_{6,36,25}$ = 28.133439442191673 dB
	 $y_{6,36,26}$ = 26.46580266101965 dB
	 $y_{6,36,27}$ = 29.850383993364247 dB
	 $y_{6,36,28}$ = 12.475991246581088 dB
	 $y_{6,36,34}$ = 25.12067352736301 dB
	 $y_{6,36,35}$ = 34.64355268285969 dB
	 $y_{6,36,37}$ = 31.78549109130293 dB
	 $y_{6,36,38}$ = 22.254817606716315 dB
	 $y_{6,36,39}$ = 6.800839279247043 dB
	 $y_{6,36,44}$ = 10.848869512606626 dB
	 $y_{6,36,45}$ = 25.536816222702157 dB
	 $y_{6,36,46}$ = 22.167987915179253 dB
	 $y_{6,36,48}$ = 22.310022281723036 dB
	 $y_{6,36,55}$ = 17.151868366998414 dB
	 $y_{6,36,56}$ = 22.77005714692568 dB
	 $y_{6,36,58}$ = 17.27706345229629 dB
	 $y_{6,36,67}$ = 3.091916960292253 dB
	 $y_{6,36,68}$ = 6.810920039552229 dB
	 $y_{6,36,69}$ = 5.087211861777888 dB
		SNR medio: 25.254614405114587
		Usuarios totais: 29
$x_{74}$
	 $y_{6,74,42}$ = 13.475214941229837 dB
	 $y_{6,74,54}$ = 13.707988025718464 dB
	 $y_{6,74,63}$ = 33.379471946802596 dB
	 $y_{6,74,65}$ = 24.45150774788995 dB
	 $y_{6,74,73}$ = 35.804051923812494 dB
	 $y_{6,74,74}$ = 79.29706565387532 dB
	 $y_{6,74,78}$ = 4.086071917758247 dB
	 $y_{6,74,86}$ = 12.04228781989059 dB
	 $y_{6,74,87}$ = 19.89601784213707 dB
	 $y_{6,74,89}$ = 1.3551760333322707 dB
	 $y_{6,74,94}$ = 17.875081687377545 dB
	 $y_{6,74,95}$ = 19.28761232809535 dB
	 $y_{6,74,97}$ = 7.459568073135088 dB
	 $y_{6,74,98}$ = 10.064612422457543 dB
		SNR medio: 67.83612160409957
		Usuarios totais: 16
t=7
$x_{2}$
	 $y_{7,2,4}$ = 20.7376772358664 dB
	 $y_{7,2,5}$ = 6.561070239901426 dB
	 $y_{7,2,21}$ = 22.542010043897818 dB
	 $y_{7,2,30}$ = 7.090323771112708 dB
	 $y_{7,2,40}$ = 8.834395652153717 dB
	 $y_{7,2,41}$ = 7.86481112330614 dB
		SNR medio: 17.290020294491445
		Usuarios totais: 9
$x_{36}$
	 $y_{7,36,9}$ = 1.921028693878299 dB
	 $y_{7,36,15}$ = 12.382001923070959 dB
	 $y_{7,36,16}$ = 20.229494778511977 dB
	 $y_{7,36,17}$ = 12.983624022143886 dB
	 $y_{7,36,18}$ = 11.09802256106093 dB
	 $y_{7,36,19}$ = 1.8090173846053401 dB
	 $y_{7,36,27}$ = 29.850383993364247 dB
	 $y_{7,36,28}$ = 12.475991246581088 dB
	 $y_{7,36,36}$ = 91.45811134441732 dB
	 $y_{7,36,39}$ = 6.800839279247043 dB
	 $y_{7,36,44}$ = 10.848869512606626 dB
	 $y_{7,36,46}$ = 22.167987915179253 dB
	 $y_{7,36,47}$ = 22.101528370191545 dB
	 $y_{7,36,48}$ = 22.310022281723036 dB
	 $y_{7,36,55}$ = 17.151868366998414 dB
	 $y_{7,36,56}$ = 22.77005714692568 dB
	 $y_{7,36,58}$ = 17.27706345229629 dB
	 $y_{7,36,69}$ = 5.087211861777888 dB
	 $y_{7,36,79}$ = -1.0309719139472975 dB
		SNR medio: 78.6705814042221
		Usuarios totais: 28
$x_{74}$
	 $y_{7,74,51}$ = 11.47813492958997 dB
	 $y_{7,74,53}$ = 11.24480527437953 dB
	 $y_{7,74,54}$ = 13.707988025718464 dB
	 $y_{7,74,60}$ = 4.946015620242633 dB
	 $y_{7,74,62}$ = 22.791453512342812 dB
	 $y_{7,74,63}$ = 33.379471946802596 dB
	 $y_{7,74,66}$ = 22.845579187760364 dB
	 $y_{7,74,70}$ = 9.484317342459235 dB
	 $y_{7,74,74}$ = 79.29706565387532 dB
	 $y_{7,74,75}$ = 27.7996626108486 dB
	 $y_{7,74,83}$ = 16.944833872470753 dB
	 $y_{7,74,84}$ = 27.20400641466611 dB
	 $y_{7,74,85}$ = 18.42479047708555 dB
	 $y_{7,74,87}$ = 19.89601784213707 dB
	 $y_{7,74,89}$ = 1.3551760333322707 dB
	 $y_{7,74,94}$ = 17.875081687377545 dB
	 $y_{7,74,95}$ = 19.28761232809535 dB
	 $y_{7,74,96}$ = 7.127544321645814 dB
	 $y_{7,74,99}$ = 3.836828165681511 dB
		SNR medio: 66.50974014100676
		Usuarios totais: 23
t=8
$x_{2}$
	 $y_{8,2,0}$ = 20.70598360603269 dB
	 $y_{8,2,1}$ = 33.912346129080376 dB
	 $y_{8,2,2}$ = 87.58681715075753 dB
	 $y_{8,2,12}$ = 34.66720617272664 dB
	 $y_{8,2,14}$ = 24.228137186138397 dB
	 $y_{8,2,20}$ = 11.443929094455939 dB
	 $y_{8,2,21}$ = 22.542010043897818 dB
	 $y_{8,2,32}$ = 17.019609335241228 dB
	 $y_{8,2,41}$ = 7.86481112330614 dB
		SNR medio: 78.04443765136418
		Usuarios totais: 12
$x_{36}$
	 $y_{8,36,9}$ = 1.921028693878299 dB
	 $y_{8,36,18}$ = 11.09802256106093 dB
	 $y_{8,36,24}$ = 23.03183039192274 dB
	 $y_{8,36,25}$ = 28.133439442191673 dB
	 $y_{8,36,27}$ = 29.850383993364247 dB
	 $y_{8,36,28}$ = 12.475991246581088 dB
	 $y_{8,36,33}$ = 16.474829685702872 dB
	 $y_{8,36,36}$ = 91.45811134441732 dB
	 $y_{8,36,37}$ = 31.78549109130293 dB
	 $y_{8,36,43}$ = 8.614488590144134 dB
	 $y_{8,36,45}$ = 25.536816222702157 dB
	 $y_{8,36,46}$ = 22.167987915179253 dB
	 $y_{8,36,49}$ = 7.973100830698613 dB
	 $y_{8,36,55}$ = 17.151868366998414 dB
	 $y_{8,36,58}$ = 17.27706345229629 dB
	 $y_{8,36,67}$ = 3.091916960292253 dB
	 $y_{8,36,68}$ = 6.810920039552229 dB
	 $y_{8,36,79}$ = -1.0309719139472975 dB
		SNR medio: 78.90539887188235
		Usuarios totais: 21
$x_{74}$
	 $y_{8,74,42}$ = 13.475214941229837 dB
	 $y_{8,74,52}$ = 6.929017221359629 dB
	 $y_{8,74,53}$ = 11.24480527437953 dB
	 $y_{8,74,62}$ = 22.791453512342812 dB
	 $y_{8,74,63}$ = 33.379471946802596 dB
	 $y_{8,74,64}$ = 30.799189258557448 dB
	 $y_{8,74,65}$ = 24.45150774788995 dB
	 $y_{8,74,66}$ = 22.845579187760364 dB
	 $y_{8,74,71}$ = 3.995067688391118 dB
	 $y_{8,74,74}$ = 79.29706565387532 dB
	 $y_{8,74,75}$ = 27.7996626108486 dB
	 $y_{8,74,76}$ = 18.401424566504716 dB
	 $y_{8,74,82}$ = 20.817571337740546 dB
	 $y_{8,74,84}$ = 27.20400641466611 dB
	 $y_{8,74,91}$ = 8.916870128564995 dB
	 $y_{8,74,93}$ = 15.099108641231837 dB
	 $y_{8,74,95}$ = 19.28761232809535 dB
	 $y_{8,74,96}$ = 7.127544321645814 dB
	 $y_{8,74,99}$ = 3.836828165681511 dB
		SNR medio: 66.50981221257872
		Usuarios totais: 27
t=9
$x_{2}$
	 $y_{9,2,0}$ = 20.70598360603269 dB
	 $y_{9,2,1}$ = 33.912346129080376 dB
	 $y_{9,2,2}$ = 87.58681715075753 dB
	 $y_{9,2,3}$ = 25.5285165846647 dB
	 $y_{9,2,4}$ = 20.7376772358664 dB
	 $y_{9,2,20}$ = 11.443929094455939 dB
	 $y_{9,2,30}$ = 7.090323771112708 dB
	 $y_{9,2,31}$ = 12.396615455513341 dB
	 $y_{9,2,32}$ = 17.019609335241228 dB
		SNR medio: 78.04441583997576
		Usuarios totais: 11
$x_{36}$
	 $y_{9,36,7}$ = 16.481335982069453 dB
	 $y_{9,36,8}$ = 10.293510285068763 dB
	 $y_{9,36,16}$ = 20.229494778511977 dB
	 $y_{9,36,17}$ = 12.983624022143886 dB
	 $y_{9,36,33}$ = 16.474829685702872 dB
	 $y_{9,36,34}$ = 25.12067352736301 dB
	 $y_{9,36,35}$ = 34.64355268285969 dB
	 $y_{9,36,43}$ = 8.614488590144134 dB
	 $y_{9,36,47}$ = 22.101528370191545 dB
	 $y_{9,36,57}$ = 17.288694375843477 dB
	 $y_{9,36,58}$ = 17.27706345229629 dB
	 $y_{9,36,68}$ = 6.810920039552229 dB
		SNR medio: 24.942028386802715
		Usuarios totais: 18
$x_{74}$
	 $y_{9,74,42}$ = 13.475214941229837 dB
	 $y_{9,74,50}$ = 7.100684239969695 dB
	 $y_{9,74,52}$ = 6.929017221359629 dB
	 $y_{9,74,53}$ = 11.24480527437953 dB
	 $y_{9,74,54}$ = 13.707988025718464 dB
	 $y_{9,74,61}$ = 14.392323907915682 dB
	 $y_{9,74,62}$ = 22.791453512342812 dB
	 $y_{9,74,65}$ = 24.45150774788995 dB
	 $y_{9,74,71}$ = 3.995067688391118 dB
	 $y_{9,74,72}$ = 15.058683722447597 dB
	 $y_{9,74,74}$ = 79.29706565387532 dB
	 $y_{9,74,75}$ = 27.7996626108486 dB
	 $y_{9,74,77}$ = 17.259577569966467 dB
	 $y_{9,74,84}$ = 27.20400641466611 dB
	 $y_{9,74,87}$ = 19.89601784213707 dB
	 $y_{9,74,88}$ = 6.558546235257694 dB
	 $y_{9,74,91}$ = 8.916870128564995 dB
	 $y_{9,74,92}$ = 8.398055223043343 dB
	 $y_{9,74,93}$ = 15.099108641231837 dB
	 $y_{9,74,96}$ = 7.127544321645814 dB
	 $y_{9,74,99}$ = 3.836828165681511 dB
		SNR medio: 66.07497165253457
		Usuarios totais: 31
Distances:
2 : 36 = 2000.0
2 : 74 = 2912.043955712207
36 : 74 = 1788.8543819998317
--- Done after 0.00033792475859324136 hours. ---
