-------------Calculating Solution (this may take a while)
+++++++++++++++++++Min Sinr: 5 dB (single)
+++++++++++++++++++With backhaul constraint. Start: 2022-11-12 16:30:27

Parameters:
- chosen seed 2
- Map with 100 sectors
- Map 4000 x 4000 m
- Sector has a side of 400 m
- Max time:  12
- users_t_m:  [[0, 0, 0, 0, 0, 0, 0, 0, 0, 0, 0, 0, 0, 0, 0, 0, 0, 0, 0, 0, 0, 0, 0, 0, 0, 0, 0, 0, 0, 0, 0, 0, 0, 0, 0, 0, 0, 0, 0, 0, 0, 0, 0, 0, 0, 0, 0, 0, 0, 0, 0, 0, 0, 0, 0, 0, 0, 0, 0, 0, 0, 0, 0, 0, 0, 0, 0, 0, 0, 0, 0, 0, 0, 0, 0, 0, 0, 0, 21, 2, 0, 0, 0, 0, 0, 0, 0, 2, 4, 1, 0, 0, 0, 0, 0, 0, 0, 0, 1, 0], [0, 0, 1, 0, 0, 1, 1, 0, 1, 0, 0, 0, 0, 1, 0, 0, 0, 0, 1, 0, 2, 0, 0, 0, 1, 1, 1, 2, 0, 0, 1, 1, 0, 0, 0, 1, 0, 0, 0, 1, 1, 0, 1, 0, 1, 0, 0, 0, 0, 0, 1, 0, 0, 0, 0, 0, 0, 0, 0, 0, 0, 0, 1, 0, 0, 0, 0, 1, 0, 0, 0, 0, 1, 0, 1, 0, 2, 0, 19, 1, 0, 0, 0, 0, 0, 1, 0, 3, 7, 2, 1, 0, 0, 0, 1, 0, 0, 1, 0, 1], [0, 0, 0, 1, 0, 1, 1, 2, 2, 1, 0, 1, 0, 1, 0, 2, 1, 1, 1, 1, 2, 0, 0, 0, 1, 0, 0, 0, 1, 3, 2, 0, 1, 0, 0, 1, 1, 0, 0, 0, 2, 0, 1, 1, 0, 1, 0, 1, 2, 2, 0, 1, 0, 0, 2, 0, 0, 0, 0, 2, 1, 0, 0, 0, 0, 2, 0, 0, 1, 0, 4, 1, 0, 0, 0, 0, 1, 0, 21, 1, 0, 1, 0, 1, 0, 2, 0, 3, 6, 1, 1, 0, 1, 1, 0, 0, 0, 0, 1, 1], [0, 1, 1, 1, 2, 1, 1, 1, 1, 2, 0, 0, 0, 2, 0, 3, 1, 1, 0, 1, 1, 0, 1, 0, 1, 1, 2, 2, 1, 0, 0, 1, 3, 0, 0, 0, 1, 1, 3, 0, 0, 0, 0, 1, 2, 1, 1, 1, 0, 0, 1, 0, 2, 0, 1, 1, 1, 2, 0, 2, 1, 0, 3, 1, 2, 0, 3, 1, 0, 2, 1, 2, 0, 3, 0, 1, 0, 3, 20, 2, 1, 1, 2, 1, 0, 0, 1, 6, 1, 1, 1, 1, 0, 0, 1, 0, 1, 1, 2, 2], [1, 2, 0, 0, 2, 1, 0, 2, 0, 1, 0, 0, 2, 2, 1, 5, 3, 1, 2, 1, 0, 1, 0, 1, 0, 4, 1, 1, 3, 3, 3, 1, 2, 1, 1, 1, 3, 1, 1, 1, 0, 1, 2, 1, 2, 2, 2, 0, 1, 2, 0, 1, 2, 1, 2, 2, 0, 0, 0, 1, 0, 1, 1, 3, 1, 1, 1, 1, 1, 1, 1, 3, 2, 2, 2, 0, 0, 4, 39, 0, 0, 2, 0, 2, 2, 0, 2, 4, 2, 1, 2, 2, 2, 3, 1, 0, 0, 0, 0, 3], [2, 2, 1, 2, 2, 2, 0, 1, 1, 1, 1, 2, 1, 1, 0, 1, 0, 1, 1, 4, 1, 1, 0, 0, 1, 2, 3, 3, 1, 2, 1, 4, 4, 2, 0, 5, 0, 3, 3, 4, 1, 1, 0, 6, 1, 3, 3, 1, 2, 0, 0, 3, 2, 4, 3, 1, 0, 0, 1, 2, 2, 1, 2, 4, 2, 3, 1, 0, 1, 0, 0, 0, 5, 1, 5, 1, 2, 0, 19, 3, 3, 2, 3, 0, 3, 1, 1, 2, 4, 3, 1, 1, 1, 3, 1, 0, 4, 4, 5, 2], [3, 3, 3, 3, 2, 3, 3, 0, 1, 3, 1, 0, 3, 3, 0, 3, 2, 0, 0, 4, 2, 4, 2, 2, 1, 0, 2, 3, 0, 1, 2, 1, 4, 5, 0, 0, 0, 1, 2, 0, 1, 1, 3, 0, 1, 0, 1, 1, 0, 2, 1, 2, 1, 0, 4, 1, 1, 4, 3, 3, 3, 3, 3, 0, 2, 0, 2, 3, 1, 2, 1, 0, 2, 2, 1, 0, 0, 1, 2, 4, 0, 2, 0, 2, 0, 0, 2, 0, 2, 0, 3, 2, 2, 2, 3, 3, 0, 2, 3, 0], [4, 4, 1, 0, 3, 0, 1, 0, 1, 0, 2, 2, 0, 1, 2, 1, 3, 2, 1, 3, 1, 1, 1, 1, 3, 0, 0, 0, 3, 1, 4, 2, 0, 2, 0, 1, 2, 2, 2, 4, 0, 1, 0, 0, 3, 1, 2, 0, 1, 2, 2, 1, 3, 1, 2, 1, 3, 0, 2, 0, 4, 1, 2, 4, 3, 1, 2, 1, 0, 0, 0, 2, 3, 1, 3, 0, 0, 1, 1, 1, 0, 2, 0, 1, 2, 1, 0, 0, 4, 1, 2, 1, 2, 0, 4, 0, 0, 1, 0, 0], [2, 0, 0, 1, 1, 1, 0, 2, 1, 0, 0, 0, 1, 2, 0, 0, 0, 1, 2, 1, 0, 3, 0, 2, 0, 1, 0, 5, 2, 1, 0, 0, 2, 0, 2, 0, 0, 0, 0, 1, 1, 0, 1, 0, 3, 2, 0, 1, 0, 1, 2, 1, 0, 3, 0, 2, 2, 1, 0, 3, 2, 1, 3, 2, 4, 0, 0, 0, 0, 0, 2, 0, 1, 3, 1, 1, 3, 0, 1, 1, 0, 0, 1, 0, 0, 2, 0, 4, 0, 1, 1, 2, 3, 1, 1, 0, 1, 0, 1, 5], [0, 0, 0, 1, 2, 1, 0, 2, 1, 1, 1, 2, 1, 0, 3, 0, 0, 0, 2, 2, 0, 1, 0, 0, 0, 1, 0, 0, 0, 1, 1, 1, 0, 0, 0, 0, 0, 2, 0, 1, 0, 3, 2, 6, 0, 0, 3, 1, 2, 1, 0, 0, 2, 1, 0, 2, 1, 1, 1, 1, 0, 0, 0, 0, 0, 0, 0, 1, 0, 1, 0, 2, 1, 0, 1, 0, 0, 0, 0, 2, 0, 1, 0, 4, 1, 1, 1, 2, 1, 1, 1, 0, 1, 0, 1, 0, 0, 0, 2, 2], [0, 0, 0, 0, 0, 0, 0, 0, 0, 1, 0, 0, 0, 0, 0, 1, 1, 0, 0, 1, 0, 0, 0, 1, 1, 0, 1, 0, 0, 0, 0, 0, 1, 0, 1, 0, 2, 0, 0, 0, 0, 0, 0, 2, 0, 0, 0, 0, 0, 2, 0, 0, 0, 0, 0, 0, 0, 1, 1, 2, 1, 1, 0, 1, 0, 2, 2, 0, 0, 1, 0, 0, 0, 0, 2, 0, 0, 1, 1, 1, 0, 1, 2, 0, 1, 0, 1, 3, 0, 0, 2, 0, 0, 0, 0, 0, 2, 1, 1, 0], [0, 0, 0, 2, 0, 0, 0, 0, 0, 0, 0, 0, 0, 1, 0, 0, 0, 1, 0, 0, 0, 0, 0, 0, 0, 0, 0, 0, 0, 0, 0, 0, 0, 0, 0, 0, 0, 0, 0, 0, 0, 0, 1, 0, 0, 0, 0, 0, 0, 0, 0, 0, 0, 1, 0, 0, 0, 0, 1, 0, 0, 0, 0, 0, 0, 1, 0, 0, 0, 0, 0, 0, 0, 0, 0, 0, 0, 0, 0, 0, 0, 0, 0, 0, 1, 0, 0, 0, 0, 0, 0, 0, 0, 0, 0, 0, 0, 0, 0, 0]]
MAX_USER_PER_ANTENNAS_m:  [60, 60, 60, 60, 60, 60, 60, 60, 60, 60, 60, 60, 60, 60, 60, 60, 60, 60, 60, 60, 60, 60, 60, 60, 60, 60, 60, 60, 60, 60, 60, 60, 60, 60, 60, 60, 60, 60, 60, 60, 60, 60, 60, 60, 60, 60, 60, 60, 60, 60, 60, 60, 60, 60, 60, 60, 60, 60, 60, 60, 60, 60, 60, 60, 60, 60, 60, 60, 60, 60, 60, 60, 60, 60, 60, 60, 60, 60, 60, 60, 60, 60, 60, 60, 60, 60, 60, 60, 60, 60, 60, 60, 60, 60, 60, 60, 60, 60, 60, 60]
antennas_map_m:  [1, 1, 1, 1, 1, 1, 1, 1, 1, 1, 1, 1, 1, 1, 1, 1, 1, 1, 1, 1, 1, 1, 1, 1, 1, 1, 1, 1, 1, 1, 1, 1, 1, 1, 1, 1, 1, 1, 1, 1, 1, 1, 1, 1, 1, 1, 1, 1, 1, 1, 1, 1, 1, 1, 1, 1, 1, 1, 1, 1, 1, 1, 1, 1, 1, 1, 1, 1, 1, 1, 1, 1, 1, 1, 1, 1, 1, 1, 1, 1, 1, 1, 1, 1, 1, 1, 1, 1, 1, 1, 1, 1, 1, 1, 1, 1, 1, 1, 1, 1]
FIRST_ANTENNA:  4
MIN_SNR_m:  [3.1622776601683795, 3.1622776601683795, 3.1622776601683795, 3.1622776601683795, 3.1622776601683795, 3.1622776601683795, 3.1622776601683795, 3.1622776601683795, 3.1622776601683795, 3.1622776601683795, 3.1622776601683795, 3.1622776601683795, 3.1622776601683795, 3.1622776601683795, 3.1622776601683795, 3.1622776601683795, 3.1622776601683795, 3.1622776601683795, 3.1622776601683795, 3.1622776601683795, 3.1622776601683795, 3.1622776601683795, 3.1622776601683795, 3.1622776601683795, 3.1622776601683795, 3.1622776601683795, 3.1622776601683795, 3.1622776601683795, 3.1622776601683795, 3.1622776601683795, 3.1622776601683795, 3.1622776601683795, 3.1622776601683795, 3.1622776601683795, 3.1622776601683795, 3.1622776601683795, 3.1622776601683795, 3.1622776601683795, 3.1622776601683795, 3.1622776601683795, 3.1622776601683795, 3.1622776601683795, 3.1622776601683795, 3.1622776601683795, 3.1622776601683795, 3.1622776601683795, 3.1622776601683795, 3.1622776601683795, 3.1622776601683795, 3.1622776601683795, 3.1622776601683795, 3.1622776601683795, 3.1622776601683795, 3.1622776601683795, 3.1622776601683795, 3.1622776601683795, 3.1622776601683795, 3.1622776601683795, 3.1622776601683795, 3.1622776601683795, 3.1622776601683795, 3.1622776601683795, 3.1622776601683795, 3.1622776601683795, 3.1622776601683795, 3.1622776601683795, 3.1622776601683795, 3.1622776601683795, 3.1622776601683795, 3.1622776601683795, 3.1622776601683795, 3.1622776601683795, 3.1622776601683795, 3.1622776601683795, 3.1622776601683795, 3.1622776601683795, 3.1622776601683795, 3.1622776601683795, 3.1622776601683795, 3.1622776601683795, 3.1622776601683795, 3.1622776601683795, 3.1622776601683795, 3.1622776601683795, 3.1622776601683795, 3.1622776601683795, 3.1622776601683795, 3.1622776601683795, 3.1622776601683795, 3.1622776601683795, 3.1622776601683795, 3.1622776601683795, 3.1622776601683795, 3.1622776601683795, 3.1622776601683795, 3.1622776601683795, 3.1622776601683795, 3.1622776601683795, 3.1622776601683795, 3.1622776601683795]
-MIN_DIST:  2000
- disaster percentage:  0
- valid_time:  0
3.0

Média de carros: 3.0
t=0
$x_{4}$
		Usuarios totais: 0
$x_{87}$
	 $y_{87,78}$ = 27.218709391534702 dB
	 $y_{87,79}$ = 18.81707633881203 dB
	 $y_{87,87}$ = 93.4610309338494 dB
	 $y_{87,88}$ = 27.60999817859326 dB
	 $y_{87,89}$ = 18.93728946776295 dB
		SNR medio: 86.47133335347488
		Usuarios totais: 30
$x_{98}$
	 $y_{98,98}$ = 85.80215921606796 dB
		SNR medio: 85.80215921606796
		Usuarios totais: 1
t=1
$x_{4}$
	 $y_{1,4,2}$ = 17.165100009198653 dB
	 $y_{1,4,5}$ = 27.201822386857742 dB
	 $y_{1,4,6}$ = 14.58516695851381 dB
	 $y_{1,4,13}$ = 28.56660826307366 dB
	 $y_{1,4,18}$ = 6.578794135450067 dB
	 $y_{1,4,20}$ = 2.160403903949245 dB
	 $y_{1,4,24}$ = 15.048405335109862 dB
	 $y_{1,4,25}$ = 12.47980508045714 dB
	 $y_{1,4,26}$ = 12.869420849290947 dB
	 $y_{1,4,30}$ = 7.455503798947376 dB
	 $y_{1,4,31}$ = 8.409691816382008 dB
	 $y_{1,4,35}$ = 12.85848347836992 dB
	 $y_{1,4,40}$ = -0.43641532929925114 dB
	 $y_{1,4,44}$ = 18.287970308097727 dB
	 $y_{1,4,50}$ = 3.9468897362458217 dB
	 $y_{1,4,62}$ = 1.6735389926545563 dB
		SNR medio: 19.731393952880513
		Usuarios totais: 17
$x_{87}$
	 $y_{1,87,27}$ = 4.664162439317749 dB
	 $y_{1,87,39}$ = 7.739950246241932 dB
	 $y_{1,87,42}$ = 3.695224206757416 dB
	 $y_{1,87,72}$ = 3.379736235227284 dB
	 $y_{1,87,74}$ = 11.704949434653258 dB
	 $y_{1,87,76}$ = 23.709722717061098 dB
	 $y_{1,87,78}$ = 27.218709391534702 dB
	 $y_{1,87,85}$ = 22.46466428445632 dB
	 $y_{1,87,87}$ = 93.4610309338494 dB
	 $y_{1,87,90}$ = -1.5029492933695676 dB
	 $y_{1,87,94}$ = 14.206729909407386 dB
		SNR medio: 83.04710602725699
		Usuarios totais: 33
$x_{98}$
	 $y_{1,98,8}$ = 1.814519864963159 dB
	 $y_{1,98,67}$ = 16.245476003984805 dB
	 $y_{1,98,79}$ = 21.71734127885901 dB
	 $y_{1,98,88}$ = 30.691567741647006 dB
	 $y_{1,98,89}$ = 25.34432618734256 dB
	 $y_{1,98,97}$ = 36.45667086660817 dB
	 $y_{1,98,99}$ = 35.745200716239076 dB
		SNR medio: 31.49825962425508
		Usuarios totais: 14
t=2
$x_{4}$
	 $y_{2,4,3}$ = 33.198741510961526 dB
	 $y_{2,4,5}$ = 27.201822386857742 dB
	 $y_{2,4,6}$ = 14.58516695851381 dB
	 $y_{2,4,7}$ = 10.610741084835638 dB
	 $y_{2,4,9}$ = 10.066777147082433 dB
	 $y_{2,4,11}$ = 12.414328366490537 dB
	 $y_{2,4,13}$ = 28.56660826307366 dB
	 $y_{2,4,15}$ = 20.693275104617726 dB
	 $y_{2,4,16}$ = 19.961095873874015 dB
	 $y_{2,4,17}$ = 8.612943289336812 dB
	 $y_{2,4,18}$ = 6.578794135450067 dB
	 $y_{2,4,20}$ = 2.160403903949245 dB
	 $y_{2,4,24}$ = 15.048405335109862 dB
	 $y_{2,4,28}$ = 2.532140384232264 dB
	 $y_{2,4,29}$ = -0.4106783120958823 dB
	 $y_{2,4,30}$ = 7.455503798947376 dB
	 $y_{2,4,32}$ = 11.950317639358076 dB
	 $y_{2,4,35}$ = 12.85848347836992 dB
	 $y_{2,4,40}$ = -0.43641532929925114 dB
	 $y_{2,4,43}$ = 4.986101990990392 dB
	 $y_{2,4,48}$ = 8.937004486236077 dB
	 $y_{2,4,51}$ = 3.830207689161483 dB
	 $y_{2,4,60}$ = -2.201039186870503 dB
	 $y_{2,4,71}$ = 7.2324369514386575 dB
		SNR medio: 21.910013601058928
		Usuarios totais: 32
$x_{87}$
	 $y_{2,87,19}$ = 4.711096809274309 dB
	 $y_{2,87,36}$ = 12.270487014333014 dB
	 $y_{2,87,42}$ = 3.695224206757416 dB
	 $y_{2,87,45}$ = -0.15311686784596662 dB
	 $y_{2,87,54}$ = 5.359045076472739 dB
	 $y_{2,87,65}$ = 14.399490446971527 dB
	 $y_{2,87,68}$ = 7.146546829297364 dB
	 $y_{2,87,70}$ = 0.5363401629406037 dB
	 $y_{2,87,76}$ = 23.709722717061098 dB
	 $y_{2,87,78}$ = 27.218709391534702 dB
	 $y_{2,87,83}$ = 4.655127682336172 dB
	 $y_{2,87,85}$ = 22.46466428445632 dB
	 $y_{2,87,87}$ = 93.4610309338494 dB
	 $y_{2,87,90}$ = -1.5029492933695676 dB
		SNR medio: 81.99975253928753
		Usuarios totais: 42
$x_{98}$
	 $y_{2,98,8}$ = 1.814519864963159 dB
	 $y_{2,98,47}$ = 11.725868368812144 dB
	 $y_{2,98,49}$ = 5.061272727802191 dB
	 $y_{2,98,59}$ = 8.831343729080203 dB
	 $y_{2,98,79}$ = 21.71734127885901 dB
	 $y_{2,98,81}$ = 0.34474800426897884 dB
	 $y_{2,98,88}$ = 30.691567741647006 dB
	 $y_{2,98,89}$ = 25.34432618734256 dB
	 $y_{2,98,92}$ = 10.51403184198766 dB
	 $y_{2,98,93}$ = 5.706862916575233 dB
	 $y_{2,98,98}$ = 85.80215921606796 dB
	 $y_{2,98,99}$ = 35.745200716239076 dB
		SNR medio: 75.01040910540154
		Usuarios totais: 20
t=3
$x_{4}$
	 $y_{3,4,1}$ = 6.957089411723928 dB
	 $y_{3,4,2}$ = 17.165100009198653 dB
	 $y_{3,4,3}$ = 33.198741510961526 dB
	 $y_{3,4,4}$ = 89.19225902590689 dB
	 $y_{3,4,5}$ = 27.201822386857742 dB
	 $y_{3,4,6}$ = 14.58516695851381 dB
	 $y_{3,4,7}$ = 10.610741084835638 dB
	 $y_{3,4,9}$ = 10.066777147082433 dB
	 $y_{3,4,13}$ = 28.56660826307366 dB
	 $y_{3,4,15}$ = 20.693275104617726 dB
	 $y_{3,4,16}$ = 19.961095873874015 dB
	 $y_{3,4,17}$ = 8.612943289336812 dB
	 $y_{3,4,20}$ = 2.160403903949245 dB
	 $y_{3,4,22}$ = 21.405985696902462 dB
	 $y_{3,4,24}$ = 15.048405335109862 dB
	 $y_{3,4,25}$ = 12.47980508045714 dB
	 $y_{3,4,26}$ = 12.869420849290947 dB
	 $y_{3,4,28}$ = 2.532140384232264 dB
	 $y_{3,4,31}$ = 8.409691816382008 dB
	 $y_{3,4,32}$ = 11.950317639358076 dB
	 $y_{3,4,37}$ = 16.300065017953273 dB
	 $y_{3,4,43}$ = 4.986101990990392 dB
	 $y_{3,4,44}$ = 18.287970308097727 dB
	 $y_{3,4,50}$ = 3.9468897362458217 dB
	 $y_{3,4,52}$ = 13.285475384389954 dB
	 $y_{3,4,60}$ = -2.201039186870503 dB
	 $y_{3,4,62}$ = 1.6735389926545563 dB
	 $y_{3,4,71}$ = 7.2324369514386575 dB
		SNR medio: 74.72069985174818
		Usuarios totais: 41
$x_{87}$
	 $y_{3,87,19}$ = 4.711096809274309 dB
	 $y_{3,87,27}$ = 4.664162439317749 dB
	 $y_{3,87,36}$ = 12.270487014333014 dB
	 $y_{3,87,38}$ = 10.678893280966648 dB
	 $y_{3,87,45}$ = -0.15311686784596662 dB
	 $y_{3,87,46}$ = 3.946290938350387 dB
	 $y_{3,87,54}$ = 5.359045076472739 dB
	 $y_{3,87,55}$ = 9.530453905096834 dB
	 $y_{3,87,56}$ = 12.667421848013277 dB
	 $y_{3,87,57}$ = 15.860131155542021 dB
	 $y_{3,87,64}$ = 10.329286779561485 dB
	 $y_{3,87,66}$ = 18.547939538276594 dB
	 $y_{3,87,70}$ = 0.5363401629406037 dB
	 $y_{3,87,73}$ = 13.738899738298358 dB
	 $y_{3,87,78}$ = 27.218709391534702 dB
	 $y_{3,87,80}$ = -2.0652459825067244 dB
	 $y_{3,87,82}$ = 2.7428583405605877 dB
	 $y_{3,87,83}$ = 4.655127682336172 dB
	 $y_{3,87,86}$ = 25.20876603729701 dB
	 $y_{3,87,87}$ = 93.4610309338494 dB
	 $y_{3,87,90}$ = -1.5029492933695676 dB
	 $y_{3,87,91}$ = 8.693810389569904 dB
	 $y_{3,87,94}$ = 14.206729909407386 dB
		SNR medio: 79.843754752727
		Usuarios totais: 57
$x_{98}$
	 $y_{3,98,8}$ = 1.814519864963159 dB
	 $y_{3,98,47}$ = 11.725868368812144 dB
	 $y_{3,98,59}$ = 8.831343729080203 dB
	 $y_{3,98,63}$ = 5.817449252646725 dB
	 $y_{3,98,67}$ = 16.245476003984805 dB
	 $y_{3,98,69}$ = 10.650353606106336 dB
	 $y_{3,98,75}$ = 16.054980885988144 dB
	 $y_{3,98,77}$ = 30.177260611726922 dB
	 $y_{3,98,79}$ = 21.71734127885901 dB
	 $y_{3,98,81}$ = 0.34474800426897884 dB
	 $y_{3,98,88}$ = 30.691567741647006 dB
	 $y_{3,98,89}$ = 25.34432618734256 dB
	 $y_{3,98,96}$ = 25.208948309190575 dB
	 $y_{3,98,97}$ = 36.45667086660817 dB
	 $y_{3,98,98}$ = 85.80215921606796 dB
	 $y_{3,98,99}$ = 35.745200716239076 dB
		SNR medio: 73.76108882275558
		Usuarios totais: 23
t=4
$x_{4}$
	 $y_{4,4,0}$ = 6.537004263053802 dB
	 $y_{4,4,1}$ = 6.957089411723928 dB
	 $y_{4,4,4}$ = 89.19225902590689 dB
	 $y_{4,4,5}$ = 27.201822386857742 dB
	 $y_{4,4,7}$ = 10.610741084835638 dB
	 $y_{4,4,9}$ = 10.066777147082433 dB
	 $y_{4,4,12}$ = 15.197319158153078 dB
	 $y_{4,4,13}$ = 28.56660826307366 dB
	 $y_{4,4,14}$ = 42.5414942676167 dB
	 $y_{4,4,15}$ = 20.693275104617726 dB
	 $y_{4,4,16}$ = 19.961095873874015 dB
	 $y_{4,4,17}$ = 8.612943289336812 dB
	 $y_{4,4,18}$ = 6.578794135450067 dB
	 $y_{4,4,21}$ = 6.012296760875984 dB
	 $y_{4,4,23}$ = 18.081813870490578 dB
	 $y_{4,4,25}$ = 12.47980508045714 dB
	 $y_{4,4,26}$ = 12.869420849290947 dB
	 $y_{4,4,28}$ = 2.532140384232264 dB
	 $y_{4,4,29}$ = -0.4106783120958823 dB
	 $y_{4,4,30}$ = 7.455503798947376 dB
	 $y_{4,4,31}$ = 8.409691816382008 dB
	 $y_{4,4,32}$ = 11.950317639358076 dB
	 $y_{4,4,33}$ = 12.609138597894884 dB
	 $y_{4,4,34}$ = 9.448112793025729 dB
	 $y_{4,4,35}$ = 12.85848347836992 dB
	 $y_{4,4,37}$ = 16.300065017953273 dB
	 $y_{4,4,41}$ = 0.7094756376143467 dB
	 $y_{4,4,43}$ = 4.986101990990392 dB
	 $y_{4,4,44}$ = 18.287970308097727 dB
	 $y_{4,4,48}$ = 8.937004486236077 dB
	 $y_{4,4,51}$ = 3.830207689161483 dB
	 $y_{4,4,52}$ = 13.285475384389954 dB
	 $y_{4,4,62}$ = 1.6735389926545563 dB
		SNR medio: 74.00722329745668
		Usuarios totais: 57
$x_{87}$
	 $y_{4,87,19}$ = 4.711096809274309 dB
	 $y_{4,87,27}$ = 4.664162439317749 dB
	 $y_{4,87,36}$ = 12.270487014333014 dB
	 $y_{4,87,38}$ = 10.678893280966648 dB
	 $y_{4,87,39}$ = 7.739950246241932 dB
	 $y_{4,87,42}$ = 3.695224206757416 dB
	 $y_{4,87,45}$ = -0.15311686784596662 dB
	 $y_{4,87,46}$ = 3.946290938350387 dB
	 $y_{4,87,53}$ = 7.473284506335602 dB
	 $y_{4,87,54}$ = 5.359045076472739 dB
	 $y_{4,87,55}$ = 9.530453905096834 dB
	 $y_{4,87,61}$ = -0.5494208875330175 dB
	 $y_{4,87,64}$ = 10.329286779561485 dB
	 $y_{4,87,65}$ = 14.399490446971527 dB
	 $y_{4,87,66}$ = 18.547939538276594 dB
	 $y_{4,87,68}$ = 7.146546829297364 dB
	 $y_{4,87,70}$ = 0.5363401629406037 dB
	 $y_{4,87,72}$ = 3.379736235227284 dB
	 $y_{4,87,73}$ = 13.738899738298358 dB
	 $y_{4,87,74}$ = 11.704949434653258 dB
	 $y_{4,87,83}$ = 4.655127682336172 dB
	 $y_{4,87,84}$ = 11.482082980200744 dB
	 $y_{4,87,86}$ = 25.20876603729701 dB
	 $y_{4,87,87}$ = 93.4610309338494 dB
	 $y_{4,87,90}$ = -1.5029492933695676 dB
	 $y_{4,87,91}$ = 8.693810389569904 dB
	 $y_{4,87,92}$ = 10.295193689036694 dB
	 $y_{4,87,93}$ = 3.38548406772631 dB
	 $y_{4,87,94}$ = 14.206729909407386 dB
	 $y_{4,87,99}$ = 15.553280659238055 dB
		SNR medio: 78.68981966672304
		Usuarios totais: 53
$x_{98}$
	 $y_{4,98,49}$ = 5.061272727802191 dB
	 $y_{4,98,59}$ = 8.831343729080203 dB
	 $y_{4,98,63}$ = 5.817449252646725 dB
	 $y_{4,98,67}$ = 16.245476003984805 dB
	 $y_{4,98,69}$ = 10.650353606106336 dB
	 $y_{4,98,71}$ = -0.9078718619288964 dB
	 $y_{4,98,77}$ = 30.177260611726922 dB
	 $y_{4,98,78}$ = 17.650966897199496 dB
	 $y_{4,98,81}$ = 0.34474800426897884 dB
	 $y_{4,98,88}$ = 30.691567741647006 dB
	 $y_{4,98,89}$ = 25.34432618734256 dB
		SNR medio: 23.875714353164497
		Usuarios totais: 59
t=5
$x_{4}$
	 $y_{5,4,0}$ = 6.537004263053802 dB
	 $y_{5,4,1}$ = 6.957089411723928 dB
	 $y_{5,4,2}$ = 17.165100009198653 dB
	 $y_{5,4,3}$ = 33.198741510961526 dB
	 $y_{5,4,4}$ = 89.19225902590689 dB
	 $y_{5,4,5}$ = 27.201822386857742 dB
	 $y_{5,4,7}$ = 10.610741084835638 dB
	 $y_{5,4,9}$ = 10.066777147082433 dB
	 $y_{5,4,10}$ = 3.6377906665719313 dB
	 $y_{5,4,11}$ = 12.414328366490537 dB
	 $y_{5,4,12}$ = 15.197319158153078 dB
	 $y_{5,4,13}$ = 28.56660826307366 dB
	 $y_{5,4,15}$ = 20.693275104617726 dB
	 $y_{5,4,17}$ = 8.612943289336812 dB
	 $y_{5,4,18}$ = 6.578794135450067 dB
	 $y_{5,4,20}$ = 2.160403903949245 dB
	 $y_{5,4,21}$ = 6.012296760875984 dB
	 $y_{5,4,24}$ = 15.048405335109862 dB
	 $y_{5,4,25}$ = 12.47980508045714 dB
	 $y_{5,4,26}$ = 12.869420849290947 dB
	 $y_{5,4,28}$ = 2.532140384232264 dB
	 $y_{5,4,29}$ = -0.4106783120958823 dB
	 $y_{5,4,30}$ = 7.455503798947376 dB
	 $y_{5,4,31}$ = 8.409691816382008 dB
	 $y_{5,4,32}$ = 11.950317639358076 dB
	 $y_{5,4,33}$ = 12.609138597894884 dB
	 $y_{5,4,35}$ = 12.85848347836992 dB
	 $y_{5,4,37}$ = 16.300065017953273 dB
	 $y_{5,4,40}$ = -0.43641532929925114 dB
	 $y_{5,4,41}$ = 0.7094756376143467 dB
	 $y_{5,4,43}$ = 4.986101990990392 dB
		SNR medio: 74.27866190525582
		Usuarios totais: 59
$x_{87}$
	 $y_{5,87,19}$ = 4.711096809274309 dB
	 $y_{5,87,27}$ = 4.664162439317749 dB
	 $y_{5,87,38}$ = 10.678893280966648 dB
	 $y_{5,87,39}$ = 7.739950246241932 dB
	 $y_{5,87,44}$ = 3.3691298290289353 dB
	 $y_{5,87,45}$ = -0.15311686784596662 dB
	 $y_{5,87,46}$ = 3.946290938350387 dB
	 $y_{5,87,51}$ = 0.5032989633473337 dB
	 $y_{5,87,53}$ = 7.473284506335602 dB
	 $y_{5,87,54}$ = 5.359045076472739 dB
	 $y_{5,87,55}$ = 9.530453905096834 dB
	 $y_{5,87,61}$ = -0.5494208875330175 dB
	 $y_{5,87,62}$ = 1.2669502228771277 dB
	 $y_{5,87,64}$ = 10.329286779561485 dB
	 $y_{5,87,65}$ = 14.399490446971527 dB
	 $y_{5,87,66}$ = 18.547939538276594 dB
	 $y_{5,87,68}$ = 7.146546829297364 dB
	 $y_{5,87,72}$ = 3.379736235227284 dB
	 $y_{5,87,73}$ = 13.738899738298358 dB
	 $y_{5,87,74}$ = 11.704949434653258 dB
	 $y_{5,87,76}$ = 23.709722717061098 dB
	 $y_{5,87,80}$ = -2.0652459825067244 dB
	 $y_{5,87,85}$ = 22.46466428445632 dB
		SNR medio: 14.293783144143156
		Usuarios totais: 59
$x_{98}$
	 $y_{5,98,8}$ = 1.814519864963159 dB
	 $y_{5,98,47}$ = 11.725868368812144 dB
	 $y_{5,98,48}$ = 6.736473398087782 dB
	 $y_{5,98,52}$ = -0.947135529847401 dB
	 $y_{5,98,58}$ = 15.942084485438542 dB
	 $y_{5,98,59}$ = 8.831343729080203 dB
	 $y_{5,98,60}$ = -5.90885934773 dB
	 $y_{5,98,63}$ = 5.817449252646725 dB
	 $y_{5,98,75}$ = 16.054980885988144 dB
	 $y_{5,98,78}$ = 17.650966897199496 dB
	 $y_{5,98,79}$ = 21.71734127885901 dB
	 $y_{5,98,81}$ = 0.34474800426897884 dB
	 $y_{5,98,82}$ = 1.8936905992615893 dB
	 $y_{5,98,84}$ = 4.973410864575981 dB
	 $y_{5,98,86}$ = 24.95032580404785 dB
	 $y_{5,98,87}$ = 21.418786025044696 dB
	 $y_{5,98,88}$ = 30.691567741647006 dB
	 $y_{5,98,89}$ = 25.34432618734256 dB
	 $y_{5,98,90}$ = -7.781142349793839 dB
	 $y_{5,98,91}$ = 0.739809497007997 dB
	 $y_{5,98,92}$ = 10.51403184198766 dB
		SNR medio: 20.403665891133784
		Usuarios totais: 59
t=6
$x_{4}$
	 $y_{6,4,0}$ = 6.537004263053802 dB
	 $y_{6,4,1}$ = 6.957089411723928 dB
	 $y_{6,4,2}$ = 17.165100009198653 dB
	 $y_{6,4,3}$ = 33.198741510961526 dB
	 $y_{6,4,4}$ = 89.19225902590689 dB
	 $y_{6,4,5}$ = 27.201822386857742 dB
	 $y_{6,4,6}$ = 14.58516695851381 dB
	 $y_{6,4,9}$ = 10.066777147082433 dB
	 $y_{6,4,10}$ = 3.6377906665719313 dB
	 $y_{6,4,12}$ = 15.197319158153078 dB
	 $y_{6,4,13}$ = 28.56660826307366 dB
	 $y_{6,4,15}$ = 20.693275104617726 dB
	 $y_{6,4,16}$ = 19.961095873874015 dB
	 $y_{6,4,20}$ = 2.160403903949245 dB
	 $y_{6,4,21}$ = 6.012296760875984 dB
	 $y_{6,4,22}$ = 21.405985696902462 dB
	 $y_{6,4,23}$ = 18.081813870490578 dB
	 $y_{6,4,24}$ = 15.048405335109862 dB
	 $y_{6,4,26}$ = 12.869420849290947 dB
	 $y_{6,4,29}$ = -0.4106783120958823 dB
	 $y_{6,4,30}$ = 7.455503798947376 dB
	 $y_{6,4,31}$ = 8.409691816382008 dB
	 $y_{6,4,32}$ = 11.950317639358076 dB
	 $y_{6,4,37}$ = 16.300065017953273 dB
	 $y_{6,4,40}$ = -0.43641532929925114 dB
	 $y_{6,4,41}$ = 0.7094756376143467 dB
		SNR medio: 75.04254656392044
		Usuarios totais: 59
$x_{87}$
	 $y_{6,87,19}$ = 4.711096809274309 dB
	 $y_{6,87,27}$ = 4.664162439317749 dB
	 $y_{6,87,33}$ = 4.974026064084256 dB
	 $y_{6,87,38}$ = 10.678893280966648 dB
	 $y_{6,87,42}$ = 3.695224206757416 dB
	 $y_{6,87,44}$ = 3.3691298290289353 dB
	 $y_{6,87,46}$ = 3.946290938350387 dB
	 $y_{6,87,51}$ = 0.5032989633473337 dB
	 $y_{6,87,54}$ = 5.359045076472739 dB
	 $y_{6,87,55}$ = 9.530453905096834 dB
	 $y_{6,87,56}$ = 12.667421848013277 dB
	 $y_{6,87,57}$ = 15.860131155542021 dB
	 $y_{6,87,61}$ = -0.5494208875330175 dB
	 $y_{6,87,62}$ = 1.2669502228771277 dB
	 $y_{6,87,64}$ = 10.329286779561485 dB
	 $y_{6,87,66}$ = 18.547939538276594 dB
	 $y_{6,87,68}$ = 7.146546829297364 dB
	 $y_{6,87,70}$ = 0.5363401629406037 dB
	 $y_{6,87,72}$ = 3.379736235227284 dB
	 $y_{6,87,73}$ = 13.738899738298358 dB
	 $y_{6,87,74}$ = 11.704949434653258 dB
	 $y_{6,87,78}$ = 27.218709391534702 dB
	 $y_{6,87,83}$ = 4.655127682336172 dB
	 $y_{6,87,86}$ = 25.20876603729701 dB
	 $y_{6,87,90}$ = -1.5029492933695676 dB
	 $y_{6,87,91}$ = 8.693810389569904 dB
		SNR medio: 16.263111448842
		Usuarios totais: 59
$x_{98}$
	 $y_{6,98,8}$ = 1.814519864963159 dB
	 $y_{6,98,47}$ = 11.725868368812144 dB
	 $y_{6,98,49}$ = 5.061272727802191 dB
	 $y_{6,98,50}$ = -5.389424326145985 dB
	 $y_{6,98,52}$ = -0.947135529847401 dB
	 $y_{6,98,58}$ = 15.942084485438542 dB
	 $y_{6,98,59}$ = 8.831343729080203 dB
	 $y_{6,98,60}$ = -5.90885934773 dB
	 $y_{6,98,67}$ = 16.245476003984805 dB
	 $y_{6,98,69}$ = 10.650353606106336 dB
	 $y_{6,98,77}$ = 30.177260611726922 dB
	 $y_{6,98,79}$ = 21.71734127885901 dB
	 $y_{6,98,81}$ = 0.34474800426897884 dB
	 $y_{6,98,88}$ = 30.691567741647006 dB
	 $y_{6,98,92}$ = 10.51403184198766 dB
	 $y_{6,98,93}$ = 5.706862916575233 dB
	 $y_{6,98,94}$ = 11.937338134312526 dB
	 $y_{6,98,95}$ = 12.065133580197369 dB
	 $y_{6,98,97}$ = 36.45667086660817 dB
	 $y_{6,98,98}$ = 85.80215921606796 dB
		SNR medio: 72.791938663104
		Usuarios totais: 44
t=7
$x_{4}$
	 $y_{7,4,0}$ = 6.537004263053802 dB
	 $y_{7,4,1}$ = 6.957089411723928 dB
	 $y_{7,4,2}$ = 17.165100009198653 dB
	 $y_{7,4,4}$ = 89.19225902590689 dB
	 $y_{7,4,6}$ = 14.58516695851381 dB
	 $y_{7,4,10}$ = 3.6377906665719313 dB
	 $y_{7,4,11}$ = 12.414328366490537 dB
	 $y_{7,4,13}$ = 28.56660826307366 dB
	 $y_{7,4,14}$ = 42.5414942676167 dB
	 $y_{7,4,15}$ = 20.693275104617726 dB
	 $y_{7,4,16}$ = 19.961095873874015 dB
	 $y_{7,4,17}$ = 8.612943289336812 dB
	 $y_{7,4,18}$ = 6.578794135450067 dB
	 $y_{7,4,20}$ = 2.160403903949245 dB
	 $y_{7,4,21}$ = 6.012296760875984 dB
	 $y_{7,4,22}$ = 21.405985696902462 dB
	 $y_{7,4,23}$ = 18.081813870490578 dB
	 $y_{7,4,24}$ = 15.048405335109862 dB
	 $y_{7,4,28}$ = 2.532140384232264 dB
	 $y_{7,4,29}$ = -0.4106783120958823 dB
	 $y_{7,4,30}$ = 7.455503798947376 dB
	 $y_{7,4,31}$ = 8.409691816382008 dB
	 $y_{7,4,33}$ = 12.609138597894884 dB
	 $y_{7,4,35}$ = 12.85848347836992 dB
	 $y_{7,4,37}$ = 16.300065017953273 dB
	 $y_{7,4,41}$ = 0.7094756376143467 dB
	 $y_{7,4,44}$ = 18.287970308097727 dB
	 $y_{7,4,48}$ = 8.937004486236077 dB
	 $y_{7,4,50}$ = 3.9468897362458217 dB
	 $y_{7,4,51}$ = 3.830207689161483 dB
	 $y_{7,4,62}$ = 1.6735389926545563 dB
		SNR medio: 74.27874371325626
		Usuarios totais: 59
$x_{87}$
	 $y_{7,87,19}$ = 4.711096809274309 dB
	 $y_{7,87,36}$ = 12.270487014333014 dB
	 $y_{7,87,38}$ = 10.678893280966648 dB
	 $y_{7,87,39}$ = 7.739950246241932 dB
	 $y_{7,87,45}$ = -0.15311686784596662 dB
	 $y_{7,87,46}$ = 3.946290938350387 dB
	 $y_{7,87,53}$ = 7.473284506335602 dB
	 $y_{7,87,54}$ = 5.359045076472739 dB
	 $y_{7,87,55}$ = 9.530453905096834 dB
	 $y_{7,87,56}$ = 12.667421848013277 dB
	 $y_{7,87,61}$ = -0.5494208875330175 dB
	 $y_{7,87,64}$ = 10.329286779561485 dB
	 $y_{7,87,65}$ = 14.399490446971527 dB
	 $y_{7,87,66}$ = 18.547939538276594 dB
	 $y_{7,87,72}$ = 3.379736235227284 dB
	 $y_{7,87,73}$ = 13.738899738298358 dB
	 $y_{7,87,74}$ = 11.704949434653258 dB
	 $y_{7,87,78}$ = 27.218709391534702 dB
	 $y_{7,87,83}$ = 4.655127682336172 dB
	 $y_{7,87,84}$ = 11.482082980200744 dB
	 $y_{7,87,85}$ = 22.46466428445632 dB
	 $y_{7,87,90}$ = -1.5029492933695676 dB
	 $y_{7,87,91}$ = 8.693810389569904 dB
	 $y_{7,87,94}$ = 14.206729909407386 dB
		SNR medio: 16.12658869490543
		Usuarios totais: 47
$x_{98}$
	 $y_{7,98,8}$ = 1.814519864963159 dB
	 $y_{7,98,49}$ = 5.061272727802191 dB
	 $y_{7,98,52}$ = -0.947135529847401 dB
	 $y_{7,98,58}$ = 15.942084485438542 dB
	 $y_{7,98,60}$ = -5.90885934773 dB
	 $y_{7,98,63}$ = 5.817449252646725 dB
	 $y_{7,98,67}$ = 16.245476003984805 dB
	 $y_{7,98,71}$ = -0.9078718619288964 dB
	 $y_{7,98,77}$ = 30.177260611726922 dB
	 $y_{7,98,79}$ = 21.71734127885901 dB
	 $y_{7,98,81}$ = 0.34474800426897884 dB
	 $y_{7,98,88}$ = 30.691567741647006 dB
	 $y_{7,98,89}$ = 25.34432618734256 dB
	 $y_{7,98,92}$ = 10.51403184198766 dB
	 $y_{7,98,97}$ = 36.45667086660817 dB
		SNR medio: 26.831525742661
		Usuarios totais: 31
t=8
$x_{4}$
	 $y_{8,4,0}$ = 6.537004263053802 dB
	 $y_{8,4,3}$ = 33.198741510961526 dB
	 $y_{8,4,4}$ = 89.19225902590689 dB
	 $y_{8,4,5}$ = 27.201822386857742 dB
	 $y_{8,4,7}$ = 10.610741084835638 dB
	 $y_{8,4,12}$ = 15.197319158153078 dB
	 $y_{8,4,13}$ = 28.56660826307366 dB
	 $y_{8,4,17}$ = 8.612943289336812 dB
	 $y_{8,4,18}$ = 6.578794135450067 dB
	 $y_{8,4,21}$ = 6.012296760875984 dB
	 $y_{8,4,23}$ = 18.081813870490578 dB
	 $y_{8,4,25}$ = 12.47980508045714 dB
	 $y_{8,4,28}$ = 2.532140384232264 dB
	 $y_{8,4,29}$ = -0.4106783120958823 dB
	 $y_{8,4,32}$ = 11.950317639358076 dB
	 $y_{8,4,34}$ = 9.448112793025729 dB
	 $y_{8,4,40}$ = -0.43641532929925114 dB
	 $y_{8,4,44}$ = 18.287970308097727 dB
	 $y_{8,4,50}$ = 3.9468897362458217 dB
	 $y_{8,4,51}$ = 3.830207689161483 dB
	 $y_{8,4,60}$ = -2.201039186870503 dB
	 $y_{8,4,62}$ = 1.6735389926545563 dB
		SNR medio: 75.76805095388926
		Usuarios totais: 38
$x_{87}$
	 $y_{8,87,19}$ = 4.711096809274309 dB
	 $y_{8,87,27}$ = 4.664162439317749 dB
	 $y_{8,87,39}$ = 7.739950246241932 dB
	 $y_{8,87,42}$ = 3.695224206757416 dB
	 $y_{8,87,45}$ = -0.15311686784596662 dB
	 $y_{8,87,53}$ = 7.473284506335602 dB
	 $y_{8,87,55}$ = 9.530453905096834 dB
	 $y_{8,87,56}$ = 12.667421848013277 dB
	 $y_{8,87,57}$ = 15.860131155542021 dB
	 $y_{8,87,61}$ = -0.5494208875330175 dB
	 $y_{8,87,64}$ = 10.329286779561485 dB
	 $y_{8,87,70}$ = 0.5363401629406037 dB
	 $y_{8,87,72}$ = 3.379736235227284 dB
	 $y_{8,87,73}$ = 13.738899738298358 dB
	 $y_{8,87,74}$ = 11.704949434653258 dB
	 $y_{8,87,76}$ = 23.709722717061098 dB
	 $y_{8,87,78}$ = 27.218709391534702 dB
	 $y_{8,87,82}$ = 2.7428583405605877 dB
	 $y_{8,87,85}$ = 22.46466428445632 dB
	 $y_{8,87,87}$ = 93.4610309338494 dB
	 $y_{8,87,90}$ = -1.5029492933695676 dB
	 $y_{8,87,91}$ = 8.693810389569904 dB
	 $y_{8,87,94}$ = 14.206729909407386 dB
		SNR medio: 79.84375475600977
		Usuarios totais: 45
$x_{98}$
	 $y_{8,98,8}$ = 1.814519864963159 dB
	 $y_{8,98,47}$ = 11.725868368812144 dB
	 $y_{8,98,49}$ = 5.061272727802191 dB
	 $y_{8,98,59}$ = 8.831343729080203 dB
	 $y_{8,98,63}$ = 5.817449252646725 dB
	 $y_{8,98,75}$ = 16.054980885988144 dB
	 $y_{8,98,79}$ = 21.71734127885901 dB
	 $y_{8,98,89}$ = 25.34432618734256 dB
	 $y_{8,98,92}$ = 10.51403184198766 dB
	 $y_{8,98,93}$ = 5.706862916575233 dB
	 $y_{8,98,96}$ = 25.208948309190575 dB
	 $y_{8,98,98}$ = 85.80215921606796 dB
	 $y_{8,98,99}$ = 35.745200716239076 dB
		SNR medio: 74.66277893465242
		Usuarios totais: 22
t=9
$x_{4}$
	 $y_{9,4,3}$ = 33.198741510961526 dB
	 $y_{9,4,4}$ = 89.19225902590689 dB
	 $y_{9,4,5}$ = 27.201822386857742 dB
	 $y_{9,4,7}$ = 10.610741084835638 dB
	 $y_{9,4,9}$ = 10.066777147082433 dB
	 $y_{9,4,10}$ = 3.6377906665719313 dB
	 $y_{9,4,11}$ = 12.414328366490537 dB
	 $y_{9,4,12}$ = 15.197319158153078 dB
	 $y_{9,4,14}$ = 42.5414942676167 dB
	 $y_{9,4,18}$ = 6.578794135450067 dB
	 $y_{9,4,21}$ = 6.012296760875984 dB
	 $y_{9,4,25}$ = 12.47980508045714 dB
	 $y_{9,4,29}$ = -0.4106783120958823 dB
	 $y_{9,4,30}$ = 7.455503798947376 dB
	 $y_{9,4,31}$ = 8.409691816382008 dB
	 $y_{9,4,37}$ = 16.300065017953273 dB
	 $y_{9,4,41}$ = 0.7094756376143467 dB
	 $y_{9,4,43}$ = 4.986101990990392 dB
	 $y_{9,4,48}$ = 8.937004486236077 dB
	 $y_{9,4,52}$ = 13.285475384389954 dB
	 $y_{9,4,71}$ = 7.2324369514386575 dB
		SNR medio: 75.97017468082915
		Usuarios totais: 38
$x_{87}$
	 $y_{9,87,19}$ = 4.711096809274309 dB
	 $y_{9,87,39}$ = 7.739950246241932 dB
	 $y_{9,87,42}$ = 3.695224206757416 dB
	 $y_{9,87,46}$ = 3.946290938350387 dB
	 $y_{9,87,53}$ = 7.473284506335602 dB
	 $y_{9,87,55}$ = 9.530453905096834 dB
	 $y_{9,87,56}$ = 12.667421848013277 dB
	 $y_{9,87,57}$ = 15.860131155542021 dB
	 $y_{9,87,72}$ = 3.379736235227284 dB
	 $y_{9,87,74}$ = 11.704949434653258 dB
	 $y_{9,87,83}$ = 4.655127682336172 dB
	 $y_{9,87,84}$ = 11.482082980200744 dB
	 $y_{9,87,85}$ = 22.46466428445632 dB
	 $y_{9,87,86}$ = 25.20876603729701 dB
	 $y_{9,87,87}$ = 93.4610309338494 dB
	 $y_{9,87,90}$ = -1.5029492933695676 dB
	 $y_{9,87,94}$ = 14.206729909407386 dB
		SNR medio: 81.1565430012499
		Usuarios totais: 26
$x_{98}$
	 $y_{9,98,8}$ = 1.814519864963159 dB
	 $y_{9,98,47}$ = 11.725868368812144 dB
	 $y_{9,98,49}$ = 5.061272727802191 dB
	 $y_{9,98,58}$ = 15.942084485438542 dB
	 $y_{9,98,59}$ = 8.831343729080203 dB
	 $y_{9,98,67}$ = 16.245476003984805 dB
	 $y_{9,98,69}$ = 10.650353606106336 dB
	 $y_{9,98,79}$ = 21.71734127885901 dB
	 $y_{9,98,81}$ = 0.34474800426897884 dB
	 $y_{9,98,88}$ = 30.691567741647006 dB
	 $y_{9,98,89}$ = 25.34432618734256 dB
	 $y_{9,98,92}$ = 10.51403184198766 dB
	 $y_{9,98,98}$ = 85.80215921606796 dB
	 $y_{9,98,99}$ = 35.745200716239076 dB
		SNR medio: 74.34094222869481
		Usuarios totais: 17
t=10
$x_{4}$
	 $y_{10,4,9}$ = 10.066777147082433 dB
	 $y_{10,4,15}$ = 20.693275104617726 dB
	 $y_{10,4,16}$ = 19.961095873874015 dB
	 $y_{10,4,23}$ = 18.081813870490578 dB
	 $y_{10,4,24}$ = 15.048405335109862 dB
	 $y_{10,4,26}$ = 12.869420849290947 dB
	 $y_{10,4,32}$ = 11.950317639358076 dB
	 $y_{10,4,34}$ = 9.448112793025729 dB
	 $y_{10,4,43}$ = 4.986101990990392 dB
	 $y_{10,4,60}$ = -2.201039186870503 dB
		SNR medio: 15.687125850695136
		Usuarios totais: 11
$x_{87}$
	 $y_{10,87,19}$ = 4.711096809274309 dB
	 $y_{10,87,36}$ = 12.270487014333014 dB
	 $y_{10,87,57}$ = 15.860131155542021 dB
	 $y_{10,87,61}$ = -0.5494208875330175 dB
	 $y_{10,87,65}$ = 14.399490446971527 dB
	 $y_{10,87,66}$ = 18.547939538276594 dB
	 $y_{10,87,74}$ = 11.704949434653258 dB
	 $y_{10,87,78}$ = 27.218709391534702 dB
	 $y_{10,87,82}$ = 2.7428583405605877 dB
	 $y_{10,87,84}$ = 11.482082980200744 dB
	 $y_{10,87,86}$ = 25.20876603729701 dB
	 $y_{10,87,87}$ = 93.4610309338494 dB
	 $y_{10,87,90}$ = -1.5029492933695676 dB
		SNR medio: 82.32159946353781
		Usuarios totais: 21
$x_{98}$
	 $y_{10,98,49}$ = 5.061272727802191 dB
	 $y_{10,98,58}$ = 15.942084485438542 dB
	 $y_{10,98,59}$ = 8.831343729080203 dB
	 $y_{10,98,63}$ = 5.817449252646725 dB
	 $y_{10,98,69}$ = 10.650353606106336 dB
	 $y_{10,98,77}$ = 30.177260611726922 dB
	 $y_{10,98,79}$ = 21.71734127885901 dB
	 $y_{10,98,81}$ = 0.34474800426897884 dB
	 $y_{10,98,96}$ = 25.208948309190575 dB
	 $y_{10,98,97}$ = 36.45667086660817 dB
	 $y_{10,98,98}$ = 85.80215921606796 dB
		SNR medio: 75.3883009954416
		Usuarios totais: 14
t=11
$x_{4}$
	 $y_{11,4,3}$ = 33.198741510961526 dB
	 $y_{11,4,13}$ = 28.56660826307366 dB
	 $y_{11,4,17}$ = 8.612943289336812 dB
		SNR medio: 29.723330908076267
		Usuarios totais: 4
$x_{87}$
	 $y_{11,87,42}$ = 3.695224206757416 dB
	 $y_{11,87,53}$ = 7.473284506335602 dB
	 $y_{11,87,65}$ = 14.399490446971527 dB
	 $y_{11,87,84}$ = 11.482082980200744 dB
		SNR medio: 10.928684467278787
		Usuarios totais: 4
$x_{98}$
	 $y_{11,98,58}$ = 15.942084485438542 dB
		SNR medio: 15.942084485438542
		Usuarios totais: 1
Distances:
4 : 87 = 3417.6014981270123
4 : 98 = 3939.543120718442
87 : 98 = 565.685424949238
--- Done after 0.0002648444970448812 hours. ---
