-------------Calculating Solution (this may take a while)
+++++++++++++++++++Min Sinr: 15 dB (pgwo2)
+++++++++++++++++++With backhaul constraint. Start: 2023-02-03 19:44:01

Parameters:
- chosen seed 2
- Map with 100 sectors
- Map 4000 x 4000 m
- Sector has a side of 400 m
- Max time:  12
- users_t_m:  [[0, 0, 0, 0, 0, 0, 0, 0, 0, 0, 0, 0, 0, 0, 0, 0, 0, 0, 0, 0, 0, 0, 0, 0, 0, 0, 0, 0, 0, 0, 0, 0, 0, 0, 0, 0, 0, 0, 0, 0, 0, 0, 0, 0, 0, 0, 0, 0, 0, 0, 0, 0, 0, 0, 0, 0, 0, 0, 0, 0, 0, 0, 0, 0, 0, 0, 0, 0, 0, 0, 0, 0, 0, 0, 0, 0, 0, 0, 21, 2, 0, 0, 0, 0, 0, 0, 0, 2, 4, 1, 0, 0, 0, 0, 0, 0, 0, 0, 1, 0], [0, 0, 1, 0, 0, 1, 1, 0, 1, 0, 0, 0, 0, 1, 0, 0, 0, 0, 1, 0, 2, 0, 0, 0, 1, 1, 1, 2, 0, 0, 1, 1, 0, 0, 0, 1, 0, 0, 0, 1, 1, 0, 1, 0, 1, 0, 0, 0, 0, 0, 1, 0, 0, 0, 0, 0, 0, 0, 0, 0, 0, 0, 1, 0, 0, 0, 0, 1, 0, 0, 0, 0, 1, 0, 1, 0, 2, 0, 19, 1, 0, 0, 0, 0, 0, 1, 0, 3, 7, 2, 1, 0, 0, 0, 1, 0, 0, 1, 0, 1], [0, 0, 0, 1, 0, 1, 1, 2, 2, 1, 0, 1, 0, 1, 0, 2, 1, 1, 1, 1, 2, 0, 0, 0, 1, 0, 0, 0, 1, 3, 2, 0, 1, 0, 0, 1, 1, 0, 0, 0, 2, 0, 1, 1, 0, 1, 0, 1, 2, 2, 0, 1, 0, 0, 2, 0, 0, 0, 0, 2, 1, 0, 0, 0, 0, 2, 0, 0, 1, 0, 4, 1, 0, 0, 0, 0, 1, 0, 21, 1, 0, 1, 0, 1, 0, 2, 0, 3, 6, 1, 1, 0, 1, 1, 0, 0, 0, 0, 1, 1], [0, 1, 1, 1, 2, 1, 1, 1, 1, 2, 0, 0, 0, 2, 0, 3, 1, 1, 0, 1, 1, 0, 1, 0, 1, 1, 2, 2, 1, 0, 0, 1, 3, 0, 0, 0, 1, 1, 3, 0, 0, 0, 0, 1, 2, 1, 1, 1, 0, 0, 1, 0, 2, 0, 1, 1, 1, 2, 0, 2, 1, 0, 3, 1, 2, 0, 3, 1, 0, 2, 1, 2, 0, 3, 0, 1, 0, 3, 20, 2, 1, 1, 2, 1, 0, 0, 1, 6, 1, 1, 1, 1, 0, 0, 1, 0, 1, 1, 2, 2], [1, 2, 0, 0, 2, 1, 0, 2, 0, 1, 0, 0, 2, 2, 1, 5, 3, 1, 2, 1, 0, 1, 0, 1, 0, 4, 1, 1, 3, 3, 3, 1, 2, 1, 1, 1, 3, 1, 1, 1, 0, 1, 2, 1, 2, 2, 2, 0, 1, 2, 0, 1, 2, 1, 2, 2, 0, 0, 0, 1, 0, 1, 1, 3, 1, 1, 1, 1, 1, 1, 1, 3, 2, 2, 2, 0, 0, 4, 39, 0, 0, 2, 0, 2, 2, 0, 2, 4, 2, 1, 2, 2, 2, 3, 1, 0, 0, 0, 0, 3], [2, 2, 1, 2, 2, 2, 0, 1, 1, 1, 1, 2, 1, 1, 0, 1, 0, 1, 1, 4, 1, 1, 0, 0, 1, 2, 3, 3, 1, 2, 1, 4, 4, 2, 0, 5, 0, 3, 3, 4, 1, 1, 0, 6, 1, 3, 3, 1, 2, 0, 0, 3, 2, 4, 3, 1, 0, 0, 1, 2, 2, 1, 2, 4, 2, 3, 1, 0, 1, 0, 0, 0, 5, 1, 5, 1, 2, 0, 19, 3, 3, 2, 3, 0, 3, 1, 1, 2, 4, 3, 1, 1, 1, 3, 1, 0, 4, 4, 5, 2], [3, 3, 3, 3, 2, 3, 3, 0, 1, 3, 1, 0, 3, 3, 0, 3, 2, 0, 0, 4, 2, 4, 2, 2, 1, 0, 2, 3, 0, 1, 2, 1, 4, 5, 0, 0, 0, 1, 2, 0, 1, 1, 3, 0, 1, 0, 1, 1, 0, 2, 1, 2, 1, 0, 4, 1, 1, 4, 3, 3, 3, 3, 3, 0, 2, 0, 2, 3, 1, 2, 1, 0, 2, 2, 1, 0, 0, 1, 2, 4, 0, 2, 0, 2, 0, 0, 2, 0, 2, 0, 3, 2, 2, 2, 3, 3, 0, 2, 3, 0], [4, 4, 1, 0, 3, 0, 1, 0, 1, 0, 2, 2, 0, 1, 2, 1, 3, 2, 1, 3, 1, 1, 1, 1, 3, 0, 0, 0, 3, 1, 4, 2, 0, 2, 0, 1, 2, 2, 2, 4, 0, 1, 0, 0, 3, 1, 2, 0, 1, 2, 2, 1, 3, 1, 2, 1, 3, 0, 2, 0, 4, 1, 2, 4, 3, 1, 2, 1, 0, 0, 0, 2, 3, 1, 3, 0, 0, 1, 1, 1, 0, 2, 0, 1, 2, 1, 0, 0, 4, 1, 2, 1, 2, 0, 4, 0, 0, 1, 0, 0], [2, 0, 0, 1, 1, 1, 0, 2, 1, 0, 0, 0, 1, 2, 0, 0, 0, 1, 2, 1, 0, 3, 0, 2, 0, 1, 0, 5, 2, 1, 0, 0, 2, 0, 2, 0, 0, 0, 0, 1, 1, 0, 1, 0, 3, 2, 0, 1, 0, 1, 2, 1, 0, 3, 0, 2, 2, 1, 0, 3, 2, 1, 3, 2, 4, 0, 0, 0, 0, 0, 2, 0, 1, 3, 1, 1, 3, 0, 1, 1, 0, 0, 1, 0, 0, 2, 0, 4, 0, 1, 1, 2, 3, 1, 1, 0, 1, 0, 1, 5], [0, 0, 0, 1, 2, 1, 0, 2, 1, 1, 1, 2, 1, 0, 3, 0, 0, 0, 2, 2, 0, 1, 0, 0, 0, 1, 0, 0, 0, 1, 1, 1, 0, 0, 0, 0, 0, 2, 0, 1, 0, 3, 2, 6, 0, 0, 3, 1, 2, 1, 0, 0, 2, 1, 0, 2, 1, 1, 1, 1, 0, 0, 0, 0, 0, 0, 0, 1, 0, 1, 0, 2, 1, 0, 1, 0, 0, 0, 0, 2, 0, 1, 0, 4, 1, 1, 1, 2, 1, 1, 1, 0, 1, 0, 1, 0, 0, 0, 2, 2], [0, 0, 0, 0, 0, 0, 0, 0, 0, 1, 0, 0, 0, 0, 0, 1, 1, 0, 0, 1, 0, 0, 0, 1, 1, 0, 1, 0, 0, 0, 0, 0, 1, 0, 1, 0, 2, 0, 0, 0, 0, 0, 0, 2, 0, 0, 0, 0, 0, 2, 0, 0, 0, 0, 0, 0, 0, 1, 1, 2, 1, 1, 0, 1, 0, 2, 2, 0, 0, 1, 0, 0, 0, 0, 2, 0, 0, 1, 1, 1, 0, 1, 2, 0, 1, 0, 1, 3, 0, 0, 2, 0, 0, 0, 0, 0, 2, 1, 1, 0], [0, 0, 0, 2, 0, 0, 0, 0, 0, 0, 0, 0, 0, 1, 0, 0, 0, 1, 0, 0, 0, 0, 0, 0, 0, 0, 0, 0, 0, 0, 0, 0, 0, 0, 0, 0, 0, 0, 0, 0, 0, 0, 1, 0, 0, 0, 0, 0, 0, 0, 0, 0, 0, 1, 0, 0, 0, 0, 1, 0, 0, 0, 0, 0, 0, 1, 0, 0, 0, 0, 0, 0, 0, 0, 0, 0, 0, 0, 0, 0, 0, 0, 0, 0, 1, 0, 0, 0, 0, 0, 0, 0, 0, 0, 0, 0, 0, 0, 0, 0]]
users_0_m:
[0, 0, 0, 0, 0, 0, 0, 0, 0, 0]
[0, 0, 0, 0, 0, 0, 0, 0, 0, 0]
[0, 0, 0, 0, 0, 0, 0, 0, 0, 0]
[0, 0, 0, 0, 0, 0, 0, 0, 0, 0]
[0, 0, 0, 0, 0, 0, 0, 0, 0, 0]
[0, 0, 0, 0, 0, 0, 0, 0, 0, 0]
[0, 0, 0, 0, 0, 0, 0, 0, 0, 0]
[0, 0, 0, 0, 0, 0, 0, 0, 21, 2]
[0, 0, 0, 0, 0, 0, 0, 2, 4, 1]
[0, 0, 0, 0, 0, 0, 0, 0, 1, 0]
users_1_m:
[0, 0, 1, 0, 0, 1, 1, 0, 1, 0]
[0, 0, 0, 1, 0, 0, 0, 0, 1, 0]
[2, 0, 0, 0, 1, 1, 1, 2, 0, 0]
[1, 1, 0, 0, 0, 1, 0, 0, 0, 1]
[1, 0, 1, 0, 1, 0, 0, 0, 0, 0]
[1, 0, 0, 0, 0, 0, 0, 0, 0, 0]
[0, 0, 1, 0, 0, 0, 0, 1, 0, 0]
[0, 0, 1, 0, 1, 0, 2, 0, 19, 1]
[0, 0, 0, 0, 0, 1, 0, 3, 7, 2]
[1, 0, 0, 0, 1, 0, 0, 1, 0, 1]
users_2_m:
[0, 0, 0, 1, 0, 1, 1, 2, 2, 1]
[0, 1, 0, 1, 0, 2, 1, 1, 1, 1]
[2, 0, 0, 0, 1, 0, 0, 0, 1, 3]
[2, 0, 1, 0, 0, 1, 1, 0, 0, 0]
[2, 0, 1, 1, 0, 1, 0, 1, 2, 2]
[0, 1, 0, 0, 2, 0, 0, 0, 0, 2]
[1, 0, 0, 0, 0, 2, 0, 0, 1, 0]
[4, 1, 0, 0, 0, 0, 1, 0, 21, 1]
[0, 1, 0, 1, 0, 2, 0, 3, 6, 1]
[1, 0, 1, 1, 0, 0, 0, 0, 1, 1]
users_3_m:
[0, 1, 1, 1, 2, 1, 1, 1, 1, 2]
[0, 0, 0, 2, 0, 3, 1, 1, 0, 1]
[1, 0, 1, 0, 1, 1, 2, 2, 1, 0]
[0, 1, 3, 0, 0, 0, 1, 1, 3, 0]
[0, 0, 0, 1, 2, 1, 1, 1, 0, 0]
[1, 0, 2, 0, 1, 1, 1, 2, 0, 2]
[1, 0, 3, 1, 2, 0, 3, 1, 0, 2]
[1, 2, 0, 3, 0, 1, 0, 3, 20, 2]
[1, 1, 2, 1, 0, 0, 1, 6, 1, 1]
[1, 1, 0, 0, 1, 0, 1, 1, 2, 2]
users_4_m:
[1, 2, 0, 0, 2, 1, 0, 2, 0, 1]
[0, 0, 2, 2, 1, 5, 3, 1, 2, 1]
[0, 1, 0, 1, 0, 4, 1, 1, 3, 3]
[3, 1, 2, 1, 1, 1, 3, 1, 1, 1]
[0, 1, 2, 1, 2, 2, 2, 0, 1, 2]
[0, 1, 2, 1, 2, 2, 0, 0, 0, 1]
[0, 1, 1, 3, 1, 1, 1, 1, 1, 1]
[1, 3, 2, 2, 2, 0, 0, 4, 39, 0]
[0, 2, 0, 2, 2, 0, 2, 4, 2, 1]
[2, 2, 2, 3, 1, 0, 0, 0, 0, 3]
users_5_m:
[2, 2, 1, 2, 2, 2, 0, 1, 1, 1]
[1, 2, 1, 1, 0, 1, 0, 1, 1, 4]
[1, 1, 0, 0, 1, 2, 3, 3, 1, 2]
[1, 4, 4, 2, 0, 5, 0, 3, 3, 4]
[1, 1, 0, 6, 1, 3, 3, 1, 2, 0]
[0, 3, 2, 4, 3, 1, 0, 0, 1, 2]
[2, 1, 2, 4, 2, 3, 1, 0, 1, 0]
[0, 0, 5, 1, 5, 1, 2, 0, 19, 3]
[3, 2, 3, 0, 3, 1, 1, 2, 4, 3]
[1, 1, 1, 3, 1, 0, 4, 4, 5, 2]
users_6_m:
[3, 3, 3, 3, 2, 3, 3, 0, 1, 3]
[1, 0, 3, 3, 0, 3, 2, 0, 0, 4]
[2, 4, 2, 2, 1, 0, 2, 3, 0, 1]
[2, 1, 4, 5, 0, 0, 0, 1, 2, 0]
[1, 1, 3, 0, 1, 0, 1, 1, 0, 2]
[1, 2, 1, 0, 4, 1, 1, 4, 3, 3]
[3, 3, 3, 0, 2, 0, 2, 3, 1, 2]
[1, 0, 2, 2, 1, 0, 0, 1, 2, 4]
[0, 2, 0, 2, 0, 0, 2, 0, 2, 0]
[3, 2, 2, 2, 3, 3, 0, 2, 3, 0]
users_7_m:
[4, 4, 1, 0, 3, 0, 1, 0, 1, 0]
[2, 2, 0, 1, 2, 1, 3, 2, 1, 3]
[1, 1, 1, 1, 3, 0, 0, 0, 3, 1]
[4, 2, 0, 2, 0, 1, 2, 2, 2, 4]
[0, 1, 0, 0, 3, 1, 2, 0, 1, 2]
[2, 1, 3, 1, 2, 1, 3, 0, 2, 0]
[4, 1, 2, 4, 3, 1, 2, 1, 0, 0]
[0, 2, 3, 1, 3, 0, 0, 1, 1, 1]
[0, 2, 0, 1, 2, 1, 0, 0, 4, 1]
[2, 1, 2, 0, 4, 0, 0, 1, 0, 0]
users_8_m:
[2, 0, 0, 1, 1, 1, 0, 2, 1, 0]
[0, 0, 1, 2, 0, 0, 0, 1, 2, 1]
[0, 3, 0, 2, 0, 1, 0, 5, 2, 1]
[0, 0, 2, 0, 2, 0, 0, 0, 0, 1]
[1, 0, 1, 0, 3, 2, 0, 1, 0, 1]
[2, 1, 0, 3, 0, 2, 2, 1, 0, 3]
[2, 1, 3, 2, 4, 0, 0, 0, 0, 0]
[2, 0, 1, 3, 1, 1, 3, 0, 1, 1]
[0, 0, 1, 0, 0, 2, 0, 4, 0, 1]
[1, 2, 3, 1, 1, 0, 1, 0, 1, 5]
users_9_m:
[0, 0, 0, 1, 2, 1, 0, 2, 1, 1]
[1, 2, 1, 0, 3, 0, 0, 0, 2, 2]
[0, 1, 0, 0, 0, 1, 0, 0, 0, 1]
[1, 1, 0, 0, 0, 0, 0, 2, 0, 1]
[0, 3, 2, 6, 0, 0, 3, 1, 2, 1]
[0, 0, 2, 1, 0, 2, 1, 1, 1, 1]
[0, 0, 0, 0, 0, 0, 0, 1, 0, 1]
[0, 2, 1, 0, 1, 0, 0, 0, 0, 2]
[0, 1, 0, 4, 1, 1, 1, 2, 1, 1]
[1, 0, 1, 0, 1, 0, 0, 0, 2, 2]
users_10_m:
[0, 0, 0, 0, 0, 0, 0, 0, 0, 1]
[0, 0, 0, 0, 0, 1, 1, 0, 0, 1]
[0, 0, 0, 1, 1, 0, 1, 0, 0, 0]
[0, 0, 1, 0, 1, 0, 2, 0, 0, 0]
[0, 0, 0, 2, 0, 0, 0, 0, 0, 2]
[0, 0, 0, 0, 0, 0, 0, 1, 1, 2]
[1, 1, 0, 1, 0, 2, 2, 0, 0, 1]
[0, 0, 0, 0, 2, 0, 0, 1, 1, 1]
[0, 1, 2, 0, 1, 0, 1, 3, 0, 0]
[2, 0, 0, 0, 0, 0, 2, 1, 1, 0]
users_11_m:
[0, 0, 0, 2, 0, 0, 0, 0, 0, 0]
[0, 0, 0, 1, 0, 0, 0, 1, 0, 0]
[0, 0, 0, 0, 0, 0, 0, 0, 0, 0]
[0, 0, 0, 0, 0, 0, 0, 0, 0, 0]
[0, 0, 1, 0, 0, 0, 0, 0, 0, 0]
[0, 0, 0, 1, 0, 0, 0, 0, 1, 0]
[0, 0, 0, 0, 0, 1, 0, 0, 0, 0]
[0, 0, 0, 0, 0, 0, 0, 0, 0, 0]
[0, 0, 0, 0, 1, 0, 0, 0, 0, 0]
[0, 0, 0, 0, 0, 0, 0, 0, 0, 0]
MAX_USER_PER_ANTENNAS_m:  [40, 40, 40, 40, 40, 40, 40, 40, 40, 40, 40, 40, 40, 40, 40, 40, 40, 40, 40, 40, 40, 40, 40, 40, 40, 40, 40, 40, 40, 40, 40, 40, 40, 40, 40, 40, 40, 40, 40, 40, 40, 40, 40, 40, 40, 40, 40, 40, 40, 40, 40, 40, 40, 40, 40, 40, 40, 40, 40, 40, 40, 40, 40, 40, 40, 40, 40, 40, 40, 40, 40, 40, 40, 40, 40, 40, 40, 40, 40, 40, 40, 40, 40, 40, 40, 40, 40, 40, 40, 40, 40, 40, 40, 40, 40, 40, 40, 40, 40, 40]
antennas_map_m:  [1, 1, 1, 1, 1, 1, 1, 1, 1, 1, 1, 1, 1, 1, 1, 1, 1, 1, 1, 1, 1, 1, 1, 1, 1, 1, 1, 1, 1, 1, 1, 1, 1, 1, 1, 1, 1, 1, 1, 1, 1, 1, 1, 1, 1, 1, 1, 1, 1, 1, 1, 1, 1, 1, 1, 1, 1, 1, 1, 1, 1, 1, 1, 1, 1, 1, 1, 1, 1, 1, 1, 1, 1, 1, 1, 1, 1, 1, 1, 1, 1, 1, 1, 1, 1, 1, 1, 1, 1, 1, 1, 1, 1, 1, 1, 1, 1, 1, 1, 1]
FIRST_ANTENNA:  4
MIN_SNR_m:  [31.622776601683793, 31.622776601683793, 31.622776601683793, 31.622776601683793, 31.622776601683793, 31.622776601683793, 31.622776601683793, 31.622776601683793, 31.622776601683793, 31.622776601683793, 31.622776601683793, 31.622776601683793, 31.622776601683793, 31.622776601683793, 31.622776601683793, 31.622776601683793, 31.622776601683793, 31.622776601683793, 31.622776601683793, 31.622776601683793, 31.622776601683793, 31.622776601683793, 31.622776601683793, 31.622776601683793, 31.622776601683793, 31.622776601683793, 31.622776601683793, 31.622776601683793, 31.622776601683793, 31.622776601683793, 31.622776601683793, 31.622776601683793, 31.622776601683793, 31.622776601683793, 31.622776601683793, 31.622776601683793, 31.622776601683793, 31.622776601683793, 31.622776601683793, 31.622776601683793, 31.622776601683793, 31.622776601683793, 31.622776601683793, 31.622776601683793, 31.622776601683793, 31.622776601683793, 31.622776601683793, 31.622776601683793, 31.622776601683793, 31.622776601683793, 31.622776601683793, 31.622776601683793, 31.622776601683793, 31.622776601683793, 31.622776601683793, 31.622776601683793, 31.622776601683793, 31.622776601683793, 31.622776601683793, 31.622776601683793, 31.622776601683793, 31.622776601683793, 31.622776601683793, 31.622776601683793, 31.622776601683793, 31.622776601683793, 31.622776601683793, 31.622776601683793, 31.622776601683793, 31.622776601683793, 31.622776601683793, 31.622776601683793, 31.622776601683793, 31.622776601683793, 31.622776601683793, 31.622776601683793, 31.622776601683793, 31.622776601683793, 31.622776601683793, 31.622776601683793, 31.622776601683793, 31.622776601683793, 31.622776601683793, 31.622776601683793, 31.622776601683793, 31.622776601683793, 31.622776601683793, 31.622776601683793, 31.622776601683793, 31.622776601683793, 31.622776601683793, 31.622776601683793, 31.622776601683793, 31.622776601683793, 31.622776601683793, 31.622776601683793, 31.622776601683793, 31.622776601683793, 31.622776601683793, 31.622776601683793]
-MIN_DIST:  2000
- disaster percentage:  0

Slice  0
Updating fitness _wolf
--------

Run GWO to deployment +1 antenna on the map
	Pack size:  300
	Wolf dimension 1
	Max iter 100
	antennas_regions:  [4]
	users_regions:  [78 79 87 88 89 98]
	Seed_base:  63187
initial_alpha:  Wolf 0 (63187). Fitness: 0
	(1833.1381357478408, 2617.6725066589624, 0). Region: 64
initial_beta:  Wolf 1 (63188). Fitness: 0
	(394.53224520114196, 731.6836053004376, 0). Region: 10
initial_delta:  Wolf 2 (63189). Fitness: 0
	(3848.4663933725874, 1341.6592608420283, 0). Region: 39 

iter = 10
Alpha wolf:  Wolf 0 (63187). Fitness: 0
	(1342.2156673087325, 498.8436171892948, 0.0). Region: 13
iter = 20
Alpha wolf:  Wolf 0 (63187). Fitness: 0
	(2151.0346541622225, 315.10239750276634, 0.0). Region: 5
iter = 30
Alpha wolf:  Wolf 0 (63187). Fitness: 0
	(162.76502613050468, 428.67717371255185, 0.0). Region: 10
iter = 40
Alpha wolf:  Wolf 0 (63187). Fitness: 0
	(52.057848470617515, 664.3918776038975, 0.0). Region: 10
iter = 50
Alpha wolf:  Wolf 0 (63187). Fitness: 0
	(98.6683745400639, 3127.2204553336, 0.0). Region: 70
iter = 60
Alpha wolf:  Wolf 0 (63187). Fitness: 0
	(87.05283272621398, 3297.44903292874, 0.0). Region: 80
iter = 70
Alpha wolf:  Wolf 0 (63187). Fitness: 0
	(45.171219209015064, 2623.1427925814614, 0.0). Region: 60
iter = 80
Alpha wolf:  Wolf 0 (63187). Fitness: 0
	(49.218282361864894, 2094.4782561269603, 0.0). Region: 50
iter = 90
Alpha wolf:  Wolf 0 (63187). Fitness: 0
	(42.47586449687904, 2439.3928830363557, 0.0). Region: 60

Run GWO to deployment +2 antenna on the map
	Pack size:  300
	Wolf dimension 2
	Max iter 100
	antennas_regions:  [4]
	users_regions:  [78 79 87 88 89 98]
	Seed_base:  58098
initial_alpha:  Wolf 191 (58289). Fitness: 6.525176203675022
	(3086.515073254148, 3151.0524462192875, 0). Region: 77
	(3704.517158787008, 3695.944518916371, 0). Region: 99
initial_beta:  Wolf 64 (58162). Fitness: 3.2271545273046824e-05
	(3694.463230553617, 3489.9663459846383, 0). Region: 89
	(1856.013385944844, 3495.3417129085997, 0). Region: 84
initial_delta:  Wolf 45 (58143). Fitness: 3.152104422018527e-05
	(2677.8826947841903, 2291.4090353968404, 0). Region: 56
	(3616.400808328183, 3258.381784003165, 0). Region: 89 

The alpha wolf has been updated to a position with higher fitness. iter = 0
New alpha wolf:  Wolf 33 (58131). Fitness: 20.12670746575191
	(3601.8562410938252, 3720.678176983838, 0.0). Region: 99
	(3032.3140542122974, 2489.472710545785, 0.0). Region: 67
The alpha wolf has been updated to a position with higher fitness. iter = 1
New alpha wolf:  Wolf 44 (58142). Fitness: 26.42339209128285
	(3628.2334142193217, 3689.7294333912714, 0.0). Region: 99
	(2299.041454221977, 2888.5131541006485, 0.0). Region: 75
iter = 10
Alpha wolf:  Wolf 44 (58142). Fitness: 26.42339209128285
	(3628.2334142193217, 3689.7294333912714, 0.0). Region: 99
	(2299.041454221977, 2888.5131541006485, 0.0). Region: 75
iter = 20
Alpha wolf:  Wolf 44 (58142). Fitness: 26.42339209128285
	(3628.2334142193217, 3689.7294333912714, 0.0). Region: 99
	(2299.041454221977, 2888.5131541006485, 0.0). Region: 75
iter = 30
Alpha wolf:  Wolf 44 (58142). Fitness: 26.42339209128285
	(3628.2334142193217, 3689.7294333912714, 0.0). Region: 99
	(2299.041454221977, 2888.5131541006485, 0.0). Region: 75
iter = 40
Alpha wolf:  Wolf 44 (58142). Fitness: 26.42339209128285
	(3628.2334142193217, 3689.7294333912714, 0.0). Region: 99
	(2299.041454221977, 2888.5131541006485, 0.0). Region: 75
iter = 50
Alpha wolf:  Wolf 44 (58142). Fitness: 26.42339209128285
	(3628.2334142193217, 3689.7294333912714, 0.0). Region: 99
	(2299.041454221977, 2888.5131541006485, 0.0). Region: 75
iter = 60
Alpha wolf:  Wolf 44 (58142). Fitness: 26.42339209128285
	(3730.8661788113586, 3976.8653140197603, 0.0). Region: 99
	(2282.5889845143906, 3102.231951641511, 0.0). Region: 75
iter = 70
Alpha wolf:  Wolf 44 (58142). Fitness: 26.42339209128285
	(3730.8661788113586, 3976.8653140197603, 0.0). Region: 99
	(2282.5889845143906, 3102.231951641511, 0.0). Region: 75
iter = 80
Alpha wolf:  Wolf 44 (58142). Fitness: 26.42339209128285
	(3893.4153394642567, 3764.142588695715, 0.0). Region: 99
	(2072.4190021981817, 2970.9209267382307, 0.0). Region: 75
iter = 90
Alpha wolf:  Wolf 44 (58142). Fitness: 26.42339209128285
	(3703.623447661331, 3671.8208487726533, 0.0). Region: 99
	(2026.1830508643773, 3087.1953188727102, 0.0). Region: 75

- Finishing GWO - 

Best solution:  Wolf 44 (58142). Fitness: 26.42339209128285
	(3982.6472418513013, 3815.2867829638585, 0.0). Region: 99
	(2121.79638808471, 3029.2028630362192, 0.0). Region: 75
Antennas in slice 0:  [ 4 75 99]

Slice  1
Updating fitness _wolf
--------

Run GWO to deployment +1 antenna on the map
	Pack size:  300
	Wolf dimension 1
	Max iter 100
	antennas_regions:  [ 4 75 99]
	users_regions:  [ 2  5  6  8 13 18 20 24 25 26 27 30 31 35 39 40 42 44 50 62 67 72 74 76
 78 79 85 87 88 89 90 94 97 99]
	Seed_base:  31260
initial_alpha:  Wolf 0 (31260). Fitness: 0
	(41.040455096547305, 501.63901250399954, 0). Region: 10
initial_beta:  Wolf 1 (31261). Fitness: 0
	(1786.4454831540343, 328.27994921310966, 0). Region: 4
initial_delta:  Wolf 2 (31262). Fitness: 0
	(1853.2474340798512, 3999.523363343526, 0). Region: 94 

iter = 10
Alpha wolf:  Wolf 0 (31260). Fitness: 0
	(1183.1719348619822, 324.39764243422565, 0.0). Region: 2
iter = 20
Alpha wolf:  Wolf 0 (31260). Fitness: 0
	(1896.8808042304022, 547.2831375119587, 0.0). Region: 14
iter = 30
Alpha wolf:  Wolf 0 (31260). Fitness: 0
	(143.53356022778536, 513.6599564432458, 0.0). Region: 10
iter = 40
Alpha wolf:  Wolf 0 (31260). Fitness: 0
	(45.906964777372856, 796.2516913054428, 0.0). Region: 10
iter = 50
Alpha wolf:  Wolf 0 (31260). Fitness: 0
	(87.01023433973292, 3242.1676591914147, 0.0). Region: 80
iter = 60
Alpha wolf:  Wolf 0 (31260). Fitness: 0
	(76.76712432685164, 3333.3209686729338, 0.0). Region: 80
iter = 70
Alpha wolf:  Wolf 0 (31260). Fitness: 0
	(39.83402368903868, 2613.6775865711697, 0.0). Region: 60
iter = 80
Alpha wolf:  Wolf 0 (31260). Fitness: 0
	(43.402906980758246, 2086.9205912835823, 0.0). Region: 50
iter = 90
Alpha wolf:  Wolf 0 (31260). Fitness: 0
	(37.4571380230401, 2430.5906365688234, 0.0). Region: 60

Run GWO to deployment +2 antenna on the map
	Pack size:  300
	Wolf dimension 2
	Max iter 100
	antennas_regions:  [ 4 75 99]
	users_regions:  [ 2  5  6  8 13 18 20 24 25 26 27 30 31 35 39 40 42 44 50 62 67 72 74 76
 78 79 85 87 88 89 90 94 97 99]
	Seed_base:  43124
initial_alpha:  Wolf 0 (43124). Fitness: 0
	(2946.8800965637565, 3676.380315572661, 0). Region: 97
	(742.2125137786337, 3440.637746233515, 0). Region: 81
initial_beta:  Wolf 1 (43125). Fitness: 0
	(727.5851787845343, 2592.9219725446137, 0). Region: 61
	(3120.2049962662036, 559.2263745698092, 0). Region: 17
initial_delta:  Wolf 2 (43126). Fitness: 0
	(258.58511127291763, 3036.4279134519866, 0). Region: 70
	(2173.578447460981, 2161.1949197447834, 0). Region: 55 

iter = 10
Alpha wolf:  Wolf 0 (43124). Fitness: 0
	(1108.9473592731333, 1336.3603224406725, 0.0). Region: 32
	(465.449384088063, 305.215468123778, 0.0). Region: 1
iter = 20
Alpha wolf:  Wolf 0 (43124). Fitness: 0
	(1054.023623915908, 1491.511261107012, 0.0). Region: 32
	(1384.6925358727797, 390.703262411473, 0.0). Region: 3
iter = 30
Alpha wolf:  Wolf 0 (43124). Fitness: 0
	(560.0861813490261, 341.68040118146075, 0.0). Region: 1
	(2632.744166224832, 118.52707282301805, 0.0). Region: 6
iter = 40
Alpha wolf:  Wolf 0 (43124). Fitness: 0
	(485.61252578840606, 334.5806699536898, 0.0). Region: 1
	(3206.8361791079756, 378.08148967714743, 0.0). Region: 8
iter = 50
Alpha wolf:  Wolf 0 (43124). Fitness: 0
	(106.8222894005103, 368.48917034284756, 0.0). Region: 0
	(3072.3163407296397, 483.2584539558053, 0.0). Region: 17
iter = 60
Alpha wolf:  Wolf 0 (43124). Fitness: 0
	(195.59143299365945, 195.85361020879012, 0.0). Region: 0
	(3400.7239502211396, 415.2792646016261, 0.0). Region: 18
iter = 70
Alpha wolf:  Wolf 0 (43124). Fitness: 0
	(136.29784745325583, 164.9360611029565, 0.0). Region: 0
	(2999.708887642383, 519.7121040521686, 0.0). Region: 17
iter = 80
Alpha wolf:  Wolf 0 (43124). Fitness: 0
	(144.52420143206257, 215.92500219398408, 0.0). Region: 0
	(2835.906930373667, 389.9460191293311, 0.0). Region: 7
iter = 90
Alpha wolf:  Wolf 0 (43124). Fitness: 0
	(181.91940975034925, 292.7430426263075, 0.0). Region: 0
	(2449.639548719012, 328.7969214031896, 0.0). Region: 6

Run GWO to deployment +3 antenna on the map
	Pack size:  300
	Wolf dimension 3
	Max iter 100
	antennas_regions:  [ 4 75 99]
	users_regions:  [ 2  5  6  8 13 18 20 24 25 26 27 30 31 35 39 40 42 44 50 62 67 72 74 76
 78 79 85 87 88 89 90 94 97 99]
	Seed_base:  69057
initial_alpha:  Wolf 0 (69057). Fitness: 0
	(2948.289837472134, 2375.069240718735, 0). Region: 57
	(692.2732839924568, 3766.825613086278, 0). Region: 91
	(1864.3303314838824, 454.65917665717194, 0). Region: 14
initial_beta:  Wolf 1 (69058). Fitness: 0
	(833.5910445537534, 1103.5756540392522, 0). Region: 22
	(3263.336731573365, 2917.3045191633423, 0). Region: 78
	(2957.8512795266024, 174.37294427510386, 0). Region: 7
initial_delta:  Wolf 2 (69059). Fitness: 0
	(2921.422828963852, 3224.3594582405526, 0). Region: 87
	(3591.3513302381516, 1023.3340271643385, 0). Region: 28
	(2475.6680352952235, 2912.1784873090273, 0). Region: 76 

iter = 10
Alpha wolf:  Wolf 0 (69057). Fitness: 0
	(922.237581317765, 242.45513030740622, 0.0). Region: 2
	(130.04457987840934, 1161.4801562312555, 0.0). Region: 20
	(566.1950481953127, 1799.493903111963, 0.0). Region: 41
iter = 20
Alpha wolf:  Wolf 0 (69057). Fitness: 0
	(860.1401069110377, 1315.556146384194, 0.0). Region: 32
	(259.29065046352, 604.6677318822796, 0.0). Region: 10
	(368.58793797418605, 8.694146826830263, 0.0). Region: 0
iter = 30
Alpha wolf:  Wolf 0 (69057). Fitness: 0
	(195.90610773688127, 302.0019305449971, 0.0). Region: 0
	(133.4287522219927, 71.79766726503264, 0.0). Region: 0
	(143.1235490159126, 285.6773863906891, 0.0). Region: 0
iter = 40
Alpha wolf:  Wolf 0 (69057). Fitness: 0
	(303.69268427924953, 158.89680315464724, 0.0). Region: 0
	(143.92283106293547, 252.6703189226668, 0.0). Region: 0
	(809.8901490661975, 306.45858505768814, 0.0). Region: 2
iter = 50
Alpha wolf:  Wolf 0 (69057). Fitness: 0
	(358.15312306185757, 187.09464970775957, 0.0). Region: 0
	(189.39416972104607, 215.05686950483283, 0.0). Region: 0
	(664.5575038718923, 159.91286353932912, 0.0). Region: 1
iter = 60
Alpha wolf:  Wolf 0 (69057). Fitness: 0
	(771.5243337552585, 188.8504382902081, 0.0). Region: 1
	(158.66829461340342, 134.3419898328189, 0.0). Region: 0
	(854.0476271306336, 269.5075528890527, 0.0). Region: 2
iter = 70
Alpha wolf:  Wolf 0 (69057). Fitness: 0
	(442.18811095953345, 91.82460644697592, 0.0). Region: 1
	(186.96166719712156, 103.77805742089397, 0.0). Region: 0
	(592.9227996814826, 303.6708453570192, 0.0). Region: 1
iter = 80
Alpha wolf:  Wolf 0 (69057). Fitness: 0
	(382.0361520789721, 75.09095857310922, 0.0). Region: 0
	(205.52873384879314, 106.47701815513109, 0.0). Region: 0
	(450.9965598655423, 229.8392623921367, 0.0). Region: 1
iter = 90
Alpha wolf:  Wolf 0 (69057). Fitness: 0
	(392.25514782925194, 68.21972596912238, 0.0). Region: 0
	(232.35464030598501, 116.29660097162129, 0.0). Region: 0
	(438.99926579013504, 220.91093747814867, 0.0). Region: 1

Run GWO to deployment +4 antenna on the map
	Pack size:  300
	Wolf dimension 4
	Max iter 100
	antennas_regions:  [ 4 75 99]
	users_regions:  [ 2  5  6  8 13 18 20 24 25 26 27 30 31 35 39 40 42 44 50 62 67 72 74 76
 78 79 85 87 88 89 90 94 97 99]
	Seed_base:  13344
initial_alpha:  Wolf 0 (13344). Fitness: 0
	(2667.3489946590157, 1888.3162630134843, 0). Region: 46
	(3175.7807035226347, 2157.770444091254, 0). Region: 57
	(2951.987885862167, 3364.4180544860233, 0). Region: 87
	(588.2122062684684, 3171.4177898407215, 0). Region: 71
initial_beta:  Wolf 1 (13345). Fitness: 0
	(586.0839422524417, 3515.2842522759292, 0). Region: 81
	(2382.2416357482102, 3666.437769099545, 0). Region: 95
	(222.96959677195628, 470.8245371575943, 0). Region: 10
	(1871.2846918874666, 2702.960271445022, 0). Region: 64
initial_delta:  Wolf 2 (13346). Fitness: 0
	(1875.0251702336302, 52.048490986025264, 0). Region: 4
	(2473.4724111399196, 2385.48566718307, 0). Region: 56
	(2862.266015845401, 1594.9314164502746, 0). Region: 37
	(3769.7045852892356, 862.1381077870844, 0). Region: 29 

iter = 10
Alpha wolf:  Wolf 0 (13344). Fitness: 0
	(1616.9530105057147, 577.3729067404438, 0.0). Region: 14
	(1504.6845742113976, 924.2172541240654, 0.0). Region: 23
	(1539.974647397983, 1778.3883098178144, 0.0). Region: 43
	(1249.0810432446733, 2563.339921515051, 0.0). Region: 63
The alpha wolf has been updated to a position with higher fitness. iter = 19
New alpha wolf:  Wolf 281 (13625). Fitness: 3.18370312902628e-05
	(2509.7966460173684, 851.2190538004206, 0.0). Region: 26
	(3280.3432032408637, 509.93996577900407, 0.0). Region: 18
	(478.81891070948114, 1761.2261697608142, 0.0). Region: 41
	(571.5186947026518, 2945.6059362689375, 0.0). Region: 71
iter = 20
Alpha wolf:  Wolf 281 (13625). Fitness: 3.18370312902628e-05
	(2509.7966460173684, 851.2190538004206, 0.0). Region: 26
	(3280.3432032408637, 509.93996577900407, 0.0). Region: 18
	(478.81891070948114, 1761.2261697608142, 0.0). Region: 41
	(571.5186947026518, 2945.6059362689375, 0.0). Region: 71
The alpha wolf has been updated to a position with higher fitness. iter = 22
New alpha wolf:  Wolf 8 (13352). Fitness: 3.2347530411803076e-05
	(3059.1582149100423, 1091.7497613623796, 0.0). Region: 27
	(3572.766009291555, 691.3286628802471, 0.0). Region: 18
	(728.4707570456515, 1866.0228547002018, 0.0). Region: 41
	(749.8438522528669, 3771.4275447009186, 0.0). Region: 91
The alpha wolf has been updated to a position with higher fitness. iter = 24
New alpha wolf:  Wolf 78 (13422). Fitness: 4.3824283945863776e-05
	(2624.3200906321595, 1463.6858381339907, 0.0). Region: 36
	(2858.687039770483, 694.5922700975755, 0.0). Region: 17
	(715.4271586949185, 1453.8983434705417, 0.0). Region: 31
	(457.6316527247982, 2873.676450862648, 0.0). Region: 71
The alpha wolf has been updated to a position with higher fitness. iter = 26
New alpha wolf:  Wolf 113 (13457). Fitness: 4.4316691630661326e-05
	(2668.4588538487515, 1299.310227989526, 0.0). Region: 36
	(3080.632647462064, 580.9512734246425, 0.0). Region: 17
	(459.77566913366724, 3214.3110248971775, 0.0). Region: 81
	(539.8576923555927, 1369.2903304005615, 0.0). Region: 31
The alpha wolf has been updated to a position with higher fitness. iter = 28
New alpha wolf:  Wolf 204 (13548). Fitness: 4.5793914685014756e-05
	(3104.059679709646, 1736.6968104638058, 0.0). Region: 47
	(2858.195549819679, 609.0780459250819, 0.0). Region: 17
	(794.3386543531847, 3514.953999781699, 0.0). Region: 81
	(485.2338448909648, 1299.641244760915, 0.0). Region: 31
iter = 30
Alpha wolf:  Wolf 204 (13548). Fitness: 4.5793914685014756e-05
	(3104.059679709646, 1736.6968104638058, 0.0). Region: 47
	(2858.195549819679, 609.0780459250819, 0.0). Region: 17
	(794.3386543531847, 3514.953999781699, 0.0). Region: 81
	(485.2338448909648, 1299.641244760915, 0.0). Region: 31
The alpha wolf has been updated to a position with higher fitness. iter = 35
New alpha wolf:  Wolf 265 (13609). Fitness: 4.605287328814131e-05
	(3147.416190136839, 1615.2093443379745, 0.0). Region: 47
	(2805.0112543172445, 667.5459706819227, 0.0). Region: 17
	(615.4200199531399, 2926.8304986565463, 0.0). Region: 71
	(545.356148061427, 1079.077706343162, 0.0). Region: 21
The alpha wolf has been updated to a position with higher fitness. iter = 37
New alpha wolf:  Wolf 22 (13366). Fitness: 4.605287328814132e-05
	(3538.782847949745, 2300.187213017998, 0.0). Region: 58
	(3174.279170291703, 647.9413349297365, 0.0). Region: 17
	(591.1767227737776, 3010.2737000664897, 0.0). Region: 71
	(531.5714045671286, 1016.0283405322141, 0.0). Region: 21
iter = 40
Alpha wolf:  Wolf 22 (13366). Fitness: 4.605287328814132e-05
	(3538.782847949745, 2300.187213017998, 0.0). Region: 58
	(3174.279170291703, 647.9413349297365, 0.0). Region: 17
	(591.1767227737776, 3010.2737000664897, 0.0). Region: 71
	(531.5714045671286, 1016.0283405322141, 0.0). Region: 21
iter = 50
Alpha wolf:  Wolf 22 (13366). Fitness: 4.605287328814132e-05
	(3538.782847949745, 2300.187213017998, 0.0). Region: 58
	(3174.279170291703, 647.9413349297365, 0.0). Region: 17
	(591.1767227737776, 3010.2737000664897, 0.0). Region: 71
	(531.5714045671286, 1016.0283405322141, 0.0). Region: 21
iter = 60
Alpha wolf:  Wolf 22 (13366). Fitness: 4.605287328814132e-05
	(3315.638003680788, 2128.6860074100014, 0.0). Region: 58
	(2902.105800753382, 570.7132067650733, 0.0). Region: 17
	(629.612847272948, 2877.2360415464195, 0.0). Region: 71
	(592.9827027526966, 885.4890629401098, 0.0). Region: 21
iter = 70
Alpha wolf:  Wolf 22 (13366). Fitness: 4.605287328814132e-05
	(3403.355222096675, 2037.7229535232836, 0.0). Region: 58
	(3166.741120046415, 669.6238865786432, 0.0). Region: 17
	(602.2298552040293, 3159.2416773702666, 0.0). Region: 71
	(568.2804594460397, 842.9490848073871, 0.0). Region: 21
iter = 80
Alpha wolf:  Wolf 22 (13366). Fitness: 4.605287328814132e-05
	(3403.355222096675, 2037.7229535232836, 0.0). Region: 58
	(3166.741120046415, 669.6238865786432, 0.0). Region: 17
	(602.2298552040293, 3159.2416773702666, 0.0). Region: 71
	(568.2804594460397, 842.9490848073871, 0.0). Region: 21
iter = 90
Alpha wolf:  Wolf 22 (13366). Fitness: 4.605287328814132e-05
	(3381.404398411324, 2325.4005348808705, 0.0). Region: 58
	(3010.9039304625685, 685.6878680627417, 0.0). Region: 17
	(594.9663139212713, 2999.735303530568, 0.0). Region: 71
	(483.22236311615495, 1162.5815444943607, 0.0). Region: 21

- Finishing GWO - 

Best solution:  Wolf 22 (13366). Fitness: 4.605287328814132e-05
	(3515.357796196046, 2177.794203723477, 0.0). Region: 58
	(2886.7642581067994, 699.2168106065121, 0.0). Region: 17
	(574.3698662176288, 3041.4503796343815, 0.0). Region: 71
	(463.11503315683797, 1090.0906568728692, 0.0). Region: 21
Antennas in slice 1:  [ 4 17 21 58 71 75 99]

Slice  2
Updating fitness _wolf
--------

Run GWO to deployment +1 antenna on the map
	Pack size:  300
	Wolf dimension 1
	Max iter 100
	antennas_regions:  [ 4 17 21 58 71 75 99]
	users_regions:  [ 3  5  6  7  8  9 11 13 15 16 17 18 19 20 24 28 29 30 32 35 36 40 42 43
 45 47 48 49 51 54 59 60 65 68 70 71 76 78 79 81 83 85 87 88 89 90 92 93
 98 99]
	Seed_base:  21669
initial_alpha:  Wolf 0 (21669). Fitness: 0
	(3613.031186084718, 3450.454448871622, 0). Region: 89
initial_beta:  Wolf 1 (21670). Fitness: 0
	(2620.9134020701345, 1818.4135559267736, 0). Region: 46
initial_delta:  Wolf 2 (21671). Fitness: 0
	(1472.0400801133358, 3014.052238469318, 0). Region: 73 

iter = 10
Alpha wolf:  Wolf 0 (21669). Fitness: 0
	(1515.0109707301272, 787.9600446883596, 0.0). Region: 13
iter = 20
Alpha wolf:  Wolf 0 (21669). Fitness: 0
	(2428.6164428888796, 362.8378911233068, 0.0). Region: 6
iter = 30
Alpha wolf:  Wolf 0 (21669). Fitness: 0
	(183.76905841283747, 458.52479857914386, 0.0). Region: 10
iter = 40
Alpha wolf:  Wolf 0 (21669). Fitness: 0
	(58.7756597110934, 710.6801182853355, 0.0). Region: 10
iter = 50
Alpha wolf:  Wolf 0 (21669). Fitness: 0
	(111.4010466545903, 3273.942449470738, 0.0). Region: 80
iter = 60
Alpha wolf:  Wolf 0 (21669). Fitness: 0
	(98.28657586742207, 3416.221030903447, 0.0). Region: 80
iter = 70
Alpha wolf:  Wolf 0 (21669). Fitness: 0
	(51.000344558275245, 2591.803945536788, 0.0). Region: 60
iter = 80
Alpha wolf:  Wolf 0 (21669). Fitness: 0
	(55.569661456483914, 2069.455187184849, 0.0). Region: 50
iter = 90
Alpha wolf:  Wolf 0 (21669). Fitness: 0
	(47.95716747709801, 2410.2490635144463, 0.0). Region: 60

Run GWO to deployment +2 antenna on the map
	Pack size:  300
	Wolf dimension 2
	Max iter 100
	antennas_regions:  [ 4 17 21 58 71 75 99]
	users_regions:  [ 3  5  6  7  8  9 11 13 15 16 17 18 19 20 24 28 29 30 32 35 36 40 42 43
 45 47 48 49 51 54 59 60 65 68 70 71 76 78 79 81 83 85 87 88 89 90 92 93
 98 99]
	Seed_base:  26815
initial_alpha:  Wolf 0 (26815). Fitness: 0
	(732.1954626025904, 3057.458592809217, 0). Region: 71
	(1434.5484621156693, 1566.8203568502595, 0). Region: 33
initial_beta:  Wolf 1 (26816). Fitness: 0
	(295.22413303110585, 2925.265420988528, 0). Region: 70
	(2635.075921200511, 255.9561553719072, 0). Region: 6
initial_delta:  Wolf 2 (26817). Fitness: 0
	(349.25181552581284, 1926.4990249229238, 0). Region: 40
	(3989.8461677286073, 3256.948316164581, 0). Region: 89 

The alpha wolf has been updated to a position with higher fitness. iter = 0
New alpha wolf:  Wolf 42 (26857). Fitness: 2.6392660386052006e-05
	(1145.1343641259382, 2981.3586873667928, 0.0). Region: 72
	(2837.3199769591993, 94.9560339584838, 0.0). Region: 7
The alpha wolf has been updated to a position with higher fitness. iter = 3
New alpha wolf:  Wolf 77 (26892). Fitness: 4.0235765755164956e-05
	(906.4731935489982, 3089.925067992323, 0.0). Region: 72
	(3459.2869766927433, 244.46358875312518, 0.0). Region: 8
The alpha wolf has been updated to a position with higher fitness. iter = 4
New alpha wolf:  Wolf 11 (26826). Fitness: 5.597552987249464e-05
	(1179.250556730918, 3118.612715469086, 0.0). Region: 72
	(3079.7209540392346, 1013.8267536376039, 0.0). Region: 27
iter = 10
Alpha wolf:  Wolf 11 (26826). Fitness: 5.597552987249464e-05
	(1179.250556730918, 3118.612715469086, 0.0). Region: 72
	(3079.7209540392346, 1013.8267536376039, 0.0). Region: 27
iter = 20
Alpha wolf:  Wolf 11 (26826). Fitness: 5.597552987249464e-05
	(1179.250556730918, 3118.612715469086, 0.0). Region: 72
	(3079.7209540392346, 1013.8267536376039, 0.0). Region: 27
iter = 30
Alpha wolf:  Wolf 11 (26826). Fitness: 5.597552987249464e-05
	(1179.250556730918, 3118.612715469086, 0.0). Region: 72
	(3079.7209540392346, 1013.8267536376039, 0.0). Region: 27
iter = 40
Alpha wolf:  Wolf 11 (26826). Fitness: 5.597552987249464e-05
	(1179.250556730918, 3118.612715469086, 0.0). Region: 72
	(3079.7209540392346, 1013.8267536376039, 0.0). Region: 27
iter = 50
Alpha wolf:  Wolf 11 (26826). Fitness: 5.597552987249464e-05
	(1179.250556730918, 3118.612715469086, 0.0). Region: 72
	(3079.7209540392346, 1013.8267536376039, 0.0). Region: 27
iter = 60
Alpha wolf:  Wolf 11 (26826). Fitness: 5.597552987249464e-05
	(976.0335580018718, 3156.125637427402, 0.0). Region: 72
	(3187.839895526648, 1024.8347832632242, 0.0). Region: 27
iter = 70
Alpha wolf:  Wolf 11 (26826). Fitness: 5.597552987249464e-05
	(976.0335580018718, 3156.125637427402, 0.0). Region: 72
	(3187.839895526648, 1024.8347832632242, 0.0). Region: 27
iter = 80
Alpha wolf:  Wolf 11 (26826). Fitness: 5.597552987249464e-05
	(938.4333815944522, 2868.8361573002157, 0.0). Region: 72
	(2868.138504043807, 1071.0307954465861, 0.0). Region: 27
iter = 90
Alpha wolf:  Wolf 11 (26826). Fitness: 5.597552987249464e-05
	(979.9831475846472, 3081.497382452727, 0.0). Region: 72
	(2893.03107898552, 888.8990274208604, 0.0). Region: 27

- Finishing GWO - 

Best solution:  Wolf 11 (26826). Fitness: 5.597552987249464e-05
	(955.7468791375989, 2970.7105813065414, 0.0). Region: 72
	(2919.7903454131483, 1018.9223178145696, 0.0). Region: 27
Antennas in slice 2:  [ 4 17 21 27 58 71 72 75 99]

Slice  3
Updating fitness _wolf
--------
The set of antennas serves the scenario in the respective slice(3).

Slice  4
Updating fitness _wolf
--------

Run GWO to deployment +1 antenna on the map
	Pack size:  300
	Wolf dimension 1
	Max iter 100
	antennas_regions:  [ 4 17 21 27 58 71 72 75 99]
	users_regions:  [ 0  1  4  5  7  9 12 13 14 15 16 17 18 19 21 23 25 26 27 28 29 30 31 32
 33 34 35 36 37 38 39 41 42 43 44 45 46 48 49 51 52 53 54 55 59 61 62 63
 64 65 66 67 68 69 70 71 72 73 74 77 78 81 83 84 86 87 88 89 90 91 92 93
 94 99]
	Seed_base:  23792
initial_alpha:  Wolf 24 (23816). Fitness: 1.989383583974306e-05
	(3541.2768056517407, 3962.1894860129955, 0). Region: 98
initial_beta:  Wolf 43 (23835). Fitness: 1.989383583974306e-05
	(3491.7993136575724, 3809.643266427102, 0). Region: 98
initial_delta:  Wolf 48 (23840). Fitness: 1.989383583974306e-05
	(3538.5811638649943, 3878.7891374859105, 0). Region: 98 

The alpha wolf has been updated to a position with higher fitness. iter = 0
New alpha wolf:  Wolf 18 (23810). Fitness: 1.9893835839744237e-05
	(3117.037331915294, 2179.4487574378754, 0.0). Region: 57
iter = 10
Alpha wolf:  Wolf 18 (23810). Fitness: 1.9893835839744237e-05
	(3117.037331915294, 2179.4487574378754, 0.0). Region: 57
iter = 20
Alpha wolf:  Wolf 18 (23810). Fitness: 1.9893835839744237e-05
	(3062.929394469701, 2247.3320594565453, 0.0). Region: 57
iter = 30
Alpha wolf:  Wolf 18 (23810). Fitness: 1.9893835839744237e-05
	(3062.929394469701, 2247.3320594565453, 0.0). Region: 57
iter = 40
Alpha wolf:  Wolf 18 (23810). Fitness: 1.9893835839744237e-05
	(3062.929394469701, 2247.3320594565453, 0.0). Region: 57
iter = 50
Alpha wolf:  Wolf 18 (23810). Fitness: 1.9893835839744237e-05
	(2845.569619657796, 2289.108499790453, 0.0). Region: 57
iter = 60
Alpha wolf:  Wolf 18 (23810). Fitness: 1.9893835839744237e-05
	(2870.492331239585, 2254.8546802693895, 0.0). Region: 57
iter = 70
Alpha wolf:  Wolf 18 (23810). Fitness: 1.9893835839744237e-05
	(2921.3314995939645, 2032.2565831977681, 0.0). Region: 57
iter = 80
Alpha wolf:  Wolf 18 (23810). Fitness: 1.9893835839744237e-05
	(3063.8329483159073, 2198.138848587814, 0.0). Region: 57
iter = 90
Alpha wolf:  Wolf 18 (23810). Fitness: 1.9893835839744237e-05
	(3076.916429971742, 2313.2851844712864, 0.0). Region: 57

- Finishing GWO - 

Best solution:  Wolf 18 (23810). Fitness: 1.9893835839744237e-05
	(3127.7745344688255, 2311.666006326985, 0.0). Region: 57
Antennas in slice 4:  [ 4 17 21 27 57 58 71 72 75 99]

Slice  5
Updating fitness _wolf
--------

Run GWO to deployment +1 antenna on the map
	Pack size:  300
	Wolf dimension 1
	Max iter 100
	antennas_regions:  [ 4 17 21 27 57 58 71 72 75 99]
	users_regions:  [ 0  1  2  3  4  5  7  8  9 10 11 12 13 15 17 18 19 20 21 24 25 26 27 28
 29 30 31 32 33 35 37 38 39 40 41 43 44 45 46 47 48 51 52 53 54 55 58 59
 60 61 62 63 64 65 66 68 72 73 74 75 76 78 79 80 81 82 84 85 86 87 88 89
 90 91 92 93 94 96 97 98 99]
	Seed_base:  79450
initial_alpha:  Wolf 171 (79621). Fitness: 1.4924680782307814e-05
	(1313.1306938246069, 2293.9523746461687, 0). Region: 53
initial_beta:  Wolf 206 (79656). Fitness: 1.4924680782307814e-05
	(1470.739474607448, 2326.6327425266254, 0). Region: 53
initial_delta:  Wolf 283 (79733). Fitness: 1.4924680782307814e-05
	(1456.8975384139594, 2030.868861576828, 0). Region: 53 

iter = 10
Alpha wolf:  Wolf 171 (79621). Fitness: 1.4924680782307814e-05
	(1313.1306938246069, 2293.9523746461687, 0). Region: 53
iter = 20
Alpha wolf:  Wolf 171 (79621). Fitness: 1.4924680782307814e-05
	(1459.7959144863653, 2263.295713832259, 0.0). Region: 53
iter = 30
Alpha wolf:  Wolf 171 (79621). Fitness: 1.4924680782307814e-05
	(1459.7959144863653, 2263.295713832259, 0.0). Region: 53
iter = 40
Alpha wolf:  Wolf 171 (79621). Fitness: 1.4924680782307814e-05
	(1520.436412095539, 2188.3181159796914, 0.0). Region: 53
iter = 50
Alpha wolf:  Wolf 171 (79621). Fitness: 1.4924680782307814e-05
	(1304.4363517734687, 2293.824238376911, 0.0). Region: 53
iter = 60
Alpha wolf:  Wolf 171 (79621). Fitness: 1.4924680782307814e-05
	(1533.5858705940193, 2228.2911119676246, 0.0). Region: 53
iter = 70
Alpha wolf:  Wolf 171 (79621). Fitness: 1.4924680782307814e-05
	(1311.7861405335107, 2066.9584303681336, 0.0). Region: 53
iter = 80
Alpha wolf:  Wolf 171 (79621). Fitness: 1.4924680782307814e-05
	(1415.8655680945442, 2146.3536452276076, 0.0). Region: 53
iter = 90
Alpha wolf:  Wolf 171 (79621). Fitness: 1.4924680782307814e-05
	(1376.4521911557415, 2242.696591024864, 0.0). Region: 53

- Finishing GWO - 

Best solution:  Wolf 171 (79621). Fitness: 1.4924680782307814e-05
	(1368.9368476205, 2264.3196257141303, 0.0). Region: 53
Antennas in slice 5:  [ 4 17 21 27 53 57 58 71 72 75 99]

Slice  6
Updating fitness _wolf
--------
The set of antennas serves the scenario in the respective slice(6).

Slice  7
Updating fitness _wolf
--------
The set of antennas serves the scenario in the respective slice(7).

Slice  8
Updating fitness _wolf
--------
The set of antennas serves the scenario in the respective slice(8).

Slice  9
Updating fitness _wolf
--------
The set of antennas serves the scenario in the respective slice(9).

Slice  10
Updating fitness _wolf
--------
The set of antennas serves the scenario in the respective slice(10).

Slice  11
Updating fitness _wolf
--------
The set of antennas serves the scenario in the respective slice(11).

Média de carros: 9.583333333333334
t=0
Antennas: [ 4 75 99]
Users: [78 79 87 88 89 98]
MinSINR:  31.622776601683793
$x_{0,4}$
		Usuarios totais: 0
$x_{0,75}$
	 $y_{0,75,78}$ = 15.630711447769357 dB
	 $y_{0,75,87}$ = 20.75125597791937 dB
		SNR medio:  1.5818246706821186
		Usuarios totais: 23
$x_{0,99}$
	 $y_{0,99,79}$ = 18.830356664556007 dB
	 $y_{0,99,88}$ = 17.97070287741184 dB
	 $y_{0,99,89}$ = 28.81481910823554 dB
	 $y_{0,99,98}$ = 27.906398481860904 dB
		SNR medio:  11.690284641508036
		Usuarios totais: 8
Distances:
4 : 75 = 2828.42712474619
4 : 99 = 4118.2520563948
75 : 99 = 1788.8543819998317
t=1
Antennas: [ 4 17 21 58 71 75 99]
Users: [ 2  5  6  8 13 18 20 24 25 26 27 30 31 35 39 40 42 44 50 62 67 72 74 76
 78 79 85 87 88 89 90 94 97 99]
MinSINR:  31.622776601683793
$x_{1,4}$
	 $y_{1,4,24}$ = 15.048405335109862 dB
	 $y_{1,4,44}$ = 18.287970308097727 dB
		SNR medio:  16.668187821603794
		Usuarios totais: 2
$x_{1,17}$
	 $y_{1,17,6}$ = 25.198663246415705 dB
	 $y_{1,17,8}$ = 24.145562615812935 dB
	 $y_{1,17,18}$ = 26.185717790496966 dB
	 $y_{1,17,25}$ = 20.803362644263487 dB
	 $y_{1,17,26}$ = 21.378287734454105 dB
	 $y_{1,17,27}$ = 34.359057103855505 dB
	 $y_{1,17,5}$ = 20.011945216860042 dB
		SNR medio:  21.510324544019845
		Usuarios totais: 8
$x_{1,21}$
	 $y_{1,21,20}$ = 25.100359081084548 dB
	 $y_{1,21,30}$ = 18.216251136236338 dB
	 $y_{1,21,31}$ = 32.7399278148894 dB
	 $y_{1,21,40}$ = 21.935784087905475 dB
	 $y_{1,21,42}$ = 19.01905563018201 dB
	 $y_{1,21,2}$ = 17.143865227097635 dB
	 $y_{1,21,13}$ = 17.40186395903872 dB
		SNR medio:  18.944638367054267
		Usuarios totais: 8
$x_{1,58}$
	 $y_{1,58,35}$ = 17.720741813602686 dB
	 $y_{1,58,39}$ = 17.195343958308285 dB
		SNR medio:  17.458042885955486
		Usuarios totais: 2
$x_{1,71}$
	 $y_{1,71,50}$ = 22.85366833903919 dB
	 $y_{1,71,90}$ = 31.018366433530602 dB
		SNR medio:  26.936017386284895
		Usuarios totais: 2
$x_{1,75}$
	 $y_{1,75,74}$ = 30.724933658230796 dB
	 $y_{1,75,76}$ = 32.5542832593317 dB
	 $y_{1,75,85}$ = 34.45317709780282 dB
	 $y_{1,75,87}$ = 20.75125597791937 dB
	 $y_{1,75,94}$ = 18.175707474177685 dB
	 $y_{1,75,62}$ = 16.025918510079038 dB
	 $y_{1,75,67}$ = 24.83324241462067 dB
	 $y_{1,75,72}$ = 16.829276817463565 dB
	 $y_{1,75,78}$ = 15.630711447769357 dB
		SNR medio:  6.9992835552465005
		Usuarios totais: 30
$x_{1,99}$
	 $y_{1,99,89}$ = 28.81481910823554 dB
	 $y_{1,99,97}$ = 22.705319901552144 dB
	 $y_{1,99,99}$ = 92.08316212567267 dB
	 $y_{1,99,79}$ = 18.830356664556007 dB
	 $y_{1,99,88}$ = 17.97070287741184 dB
		SNR medio:  15.033696723119016
		Usuarios totais: 12
Distances:
4 : 17 = 1264.9110640673518
4 : 21 = 1442.2205101855957
4 : 58 = 2561.2496949731394
4 : 71 = 3046.3092423455632
4 : 75 = 2828.42712474619
4 : 99 = 4118.2520563948
17 : 21 = 2433.105012119288
17 : 58 = 1649.2422502470642
17 : 71 = 3394.1125496954282
17 : 75 = 2529.8221281347037
17 : 99 = 3298.4845004941285
21 : 58 = 3046.3092423455632
21 : 71 = 2000.0
21 : 75 = 2561.2496949731394
21 : 99 = 4252.05832509386
58 : 71 = 2912.043955712207
58 : 75 = 1442.2205101855957
58 : 99 = 1649.2422502470642
71 : 75 = 1600.0
71 : 99 = 3298.4845004941285
75 : 99 = 1788.8543819998317
t=2
Antennas: [ 4 17 21 27 58 71 72 75 99]
Users: [ 3  5  6  7  8  9 11 13 15 16 17 18 19 20 24 28 29 30 32 35 36 40 42 43
 45 47 48 49 51 54 59 60 65 68 70 71 76 78 79 81 83 85 87 88 89 90 92 93
 98 99]
MinSINR:  31.622776601683793
$x_{2,4}$
	 $y_{2,4,3}$ = 33.198741510961526 dB
	 $y_{2,4,24}$ = 15.048405335109862 dB
		SNR medio:  24.123573423035694
		Usuarios totais: 2
$x_{2,17}$
	 $y_{2,17,6}$ = 25.198663246415705 dB
	 $y_{2,17,8}$ = 24.145562615812935 dB
	 $y_{2,17,19}$ = 21.932728950633688 dB
	 $y_{2,17,5}$ = 20.011945216860042 dB
	 $y_{2,17,7}$ = 28.97108935316858 dB
	 $y_{2,17,15}$ = 19.865148574006454 dB
	 $y_{2,17,17}$ = 82.91810105844824 dB
	 $y_{2,17,18}$ = 26.185717790496966 dB
	 $y_{2,17,28}$ = 25.86352547409996 dB
	 $y_{2,17,29}$ = 19.925751384516943 dB
	 $y_{2,17,49}$ = 15.451443132572791 dB
	 $y_{2,17,59}$ = 16.99637651387917 dB
	 $y_{2,17,16}$ = 30.085341611182486 dB
		SNR medio:  17.8775697461047
		Usuarios totais: 20
$x_{2,21}$
	 $y_{2,21,11}$ = 24.833473417463452 dB
	 $y_{2,21,20}$ = 25.100359081084548 dB
	 $y_{2,21,30}$ = 18.216251136236338 dB
	 $y_{2,21,40}$ = 21.935784087905475 dB
	 $y_{2,21,42}$ = 19.01905563018201 dB
	 $y_{2,21,54}$ = 15.391688206639898 dB
	 $y_{2,21,13}$ = 17.40186395903872 dB
	 $y_{2,21,32}$ = 26.405825320199526 dB
		SNR medio:  14.025358403229163
		Usuarios totais: 12
$x_{2,27}$
	 $y_{2,27,9}$ = 17.43112592878532 dB
		SNR medio:  17.43112592878532
		Usuarios totais: 1
$x_{2,58}$
	 $y_{2,58,48}$ = 28.974521472615052 dB
	 $y_{2,58,68}$ = 20.78051920899874 dB
	 $y_{2,58,35}$ = 17.720741813602686 dB
	 $y_{2,58,36}$ = 18.79828181580558 dB
	 $y_{2,58,47}$ = 21.29288420381191 dB
	 $y_{2,58,79}$ = 19.837243261701175 dB
	 $y_{2,58,88}$ = 15.60667779947353 dB
		SNR medio:  11.000836121231437
		Usuarios totais: 13
$x_{2,71}$
	 $y_{2,71,60}$ = 22.210981283668247 dB
	 $y_{2,71,90}$ = 31.018366433530602 dB
	 $y_{2,71,51}$ = 22.879239347671614 dB
	 $y_{2,71,70}$ = 28.947013872309725 dB
	 $y_{2,71,71}$ = 87.73136687639112 dB
	 $y_{2,71,81}$ = 28.69721939012655 dB
	 $y_{2,71,92}$ = 29.877970016368124 dB
		SNR medio:  25.1362157220066
		Usuarios totais: 10
$x_{2,72}$
	 $y_{2,72,43}$ = 15.932271677410228 dB
	 $y_{2,72,93}$ = 21.474391829681835 dB
		SNR medio:  18.70333175354603
		Usuarios totais: 2
$x_{2,75}$
	 $y_{2,75,45}$ = 15.555917608912097 dB
	 $y_{2,75,65}$ = 35.83665102883655 dB
	 $y_{2,75,76}$ = 32.5542832593317 dB
	 $y_{2,75,87}$ = 20.75125597791937 dB
	 $y_{2,75,78}$ = 15.630711447769357 dB
	 $y_{2,75,83}$ = 21.196579930038197 dB
	 $y_{2,75,85}$ = 34.45317709780282 dB
		SNR medio:  5.676728269374518
		Usuarios totais: 31
$x_{2,99}$
	 $y_{2,99,89}$ = 28.81481910823554 dB
	 $y_{2,99,98}$ = 27.906398481860904 dB
	 $y_{2,99,99}$ = 92.08316212567267 dB
		SNR medio:  49.60145990525638
		Usuarios totais: 3
Distances:
4 : 17 = 1264.9110640673518
4 : 21 = 1442.2205101855957
4 : 27 = 1442.2205101855957
4 : 58 = 2561.2496949731394
4 : 71 = 3046.3092423455632
4 : 72 = 2912.043955712207
4 : 75 = 2828.42712474619
4 : 99 = 4118.2520563948
17 : 21 = 2433.105012119288
17 : 27 = 400.0
17 : 58 = 1649.2422502470642
17 : 71 = 3394.1125496954282
17 : 72 = 3124.099870362662
17 : 75 = 2529.8221281347037
17 : 99 = 3298.4845004941285
21 : 27 = 2400.0
21 : 58 = 3046.3092423455632
21 : 71 = 2000.0
21 : 72 = 2039.607805437114
21 : 75 = 2561.2496949731394
21 : 99 = 4252.05832509386
27 : 58 = 1264.9110640673518
27 : 71 = 3124.099870362662
27 : 72 = 2828.42712474619
27 : 75 = 2154.0659228538016
27 : 99 = 2912.043955712207
58 : 71 = 2912.043955712207
58 : 72 = 2529.8221281347037
58 : 75 = 1442.2205101855957
58 : 99 = 1649.2422502470642
71 : 72 = 400.0
71 : 75 = 1600.0
71 : 99 = 3298.4845004941285
72 : 75 = 1200.0
72 : 99 = 2912.043955712207
75 : 99 = 1788.8543819998317
t=3
Antennas: [ 4 17 21 27 58 71 72 75 99]
Users: [ 1  2  3  4  5  6  7  8  9 13 15 16 17 19 20 22 24 25 26 27 28 31 32 36
 37 38 43 44 45 46 47 50 52 54 55 56 57 59 60 62 63 64 66 67 69 70 71 73
 75 77 78 79 80 81 82 83 86 87 88 89 90 91 94 96 97 98 99]
MinSINR:  31.622776601683793
$x_{3,4}$
	 $y_{3,4,3}$ = 33.198741510961526 dB
	 $y_{3,4,4}$ = 89.19225902590689 dB
	 $y_{3,4,24}$ = 15.048405335109862 dB
	 $y_{3,4,44}$ = 18.287970308097727 dB
	 $y_{3,4,2}$ = 17.165100009198653 dB
	 $y_{3,4,5}$ = 27.201822386857742 dB
	 $y_{3,4,13}$ = 28.56660826307366 dB
	 $y_{3,4,15}$ = 20.693275104617726 dB
	 $y_{3,4,22}$ = 21.405985696902462 dB
	 $y_{3,4,37}$ = 16.300065017953273 dB
	 $y_{3,4,16}$ = 19.961095873874015 dB
		SNR medio:  19.188833033284595
		Usuarios totais: 16
$x_{3,17}$
	 $y_{3,17,6}$ = 25.198663246415705 dB
	 $y_{3,17,8}$ = 24.145562615812935 dB
	 $y_{3,17,19}$ = 21.932728950633688 dB
	 $y_{3,17,7}$ = 28.97108935316858 dB
	 $y_{3,17,17}$ = 82.91810105844824 dB
	 $y_{3,17,25}$ = 20.803362644263487 dB
	 $y_{3,17,26}$ = 21.378287734454105 dB
	 $y_{3,17,28}$ = 25.86352547409996 dB
	 $y_{3,17,59}$ = 16.99637651387917 dB
	 $y_{3,17,38}$ = 17.071245072775852 dB
		SNR medio:  20.37706733313941
		Usuarios totais: 14
$x_{3,21}$
	 $y_{3,21,1}$ = 15.141630309528296 dB
	 $y_{3,21,20}$ = 25.100359081084548 dB
	 $y_{3,21,31}$ = 32.7399278148894 dB
	 $y_{3,21,54}$ = 15.391688206639898 dB
		SNR medio:  22.093401353035535
		Usuarios totais: 4
$x_{3,27}$
	 $y_{3,27,9}$ = 17.43112592878532 dB
	 $y_{3,27,46}$ = 20.15191743555721 dB
	 $y_{3,27,27}$ = 87.28325235468373 dB
	 $y_{3,27,36}$ = 19.39259240215712 dB
	 $y_{3,27,47}$ = 16.760388628079127 dB
	 $y_{3,27,55}$ = 19.276276421836116 dB
		SNR medio:  22.536944146387324
		Usuarios totais: 8
$x_{3,58}$
	 $y_{3,58,57}$ = 25.269433052597435 dB
	 $y_{3,58,69}$ = 24.027286067579 dB
		SNR medio:  12.324179780044108
		Usuarios totais: 4
$x_{3,71}$
	 $y_{3,71,50}$ = 22.85366833903919 dB
	 $y_{3,71,52}$ = 15.673201136987345 dB
	 $y_{3,71,60}$ = 22.210981283668247 dB
	 $y_{3,71,90}$ = 31.018366433530602 dB
	 $y_{3,71,70}$ = 28.947013872309725 dB
	 $y_{3,71,71}$ = 87.73136687639112 dB
	 $y_{3,71,81}$ = 28.69721939012655 dB
	 $y_{3,71,82}$ = 31.082910000685388 dB
	 $y_{3,71,62}$ = 21.975261101042562 dB
	 $y_{3,71,63}$ = 24.091658519368707 dB
	 $y_{3,71,73}$ = 24.754685545750903 dB
	 $y_{3,71,91}$ = 19.393398988507116 dB
		SNR medio:  18.864722709863553
		Usuarios totais: 19
$x_{3,72}$
	 $y_{3,72,43}$ = 15.932271677410228 dB
	 $y_{3,72,80}$ = 19.488852576668364 dB
	 $y_{3,72,94}$ = 19.121252733059848 dB
		SNR medio:  18.180792329046145
		Usuarios totais: 3
$x_{3,75}$
	 $y_{3,75,45}$ = 15.555917608912097 dB
	 $y_{3,75,56}$ = 21.629571123968944 dB
	 $y_{3,75,86}$ = 24.17855606612919 dB
	 $y_{3,75,87}$ = 20.75125597791937 dB
	 $y_{3,75,32}$ = 16.75270368531571 dB
	 $y_{3,75,64}$ = 21.711797994391233 dB
	 $y_{3,75,66}$ = 20.47166906857916 dB
	 $y_{3,75,67}$ = 24.83324241462067 dB
	 $y_{3,75,75}$ = 87.32679349235471 dB
	 $y_{3,75,78}$ = 15.630711447769357 dB
	 $y_{3,75,83}$ = 21.196579930038197 dB
		SNR medio:  7.250969970249966
		Usuarios totais: 40
$x_{3,99}$
	 $y_{3,99,89}$ = 28.81481910823554 dB
	 $y_{3,99,96}$ = 17.277332127916083 dB
	 $y_{3,99,97}$ = 22.705319901552144 dB
	 $y_{3,99,98}$ = 27.906398481860904 dB
	 $y_{3,99,99}$ = 92.08316212567267 dB
	 $y_{3,99,77}$ = 15.88961595400572 dB
	 $y_{3,99,79}$ = 18.830356664556007 dB
	 $y_{3,99,88}$ = 17.97070287741184 dB
		SNR medio:  18.575208249323914
		Usuarios totais: 13
Distances:
4 : 17 = 1264.9110640673518
4 : 21 = 1442.2205101855957
4 : 27 = 1442.2205101855957
4 : 58 = 2561.2496949731394
4 : 71 = 3046.3092423455632
4 : 72 = 2912.043955712207
4 : 75 = 2828.42712474619
4 : 99 = 4118.2520563948
17 : 21 = 2433.105012119288
17 : 27 = 400.0
17 : 58 = 1649.2422502470642
17 : 71 = 3394.1125496954282
17 : 72 = 3124.099870362662
17 : 75 = 2529.8221281347037
17 : 99 = 3298.4845004941285
21 : 27 = 2400.0
21 : 58 = 3046.3092423455632
21 : 71 = 2000.0
21 : 72 = 2039.607805437114
21 : 75 = 2561.2496949731394
21 : 99 = 4252.05832509386
27 : 58 = 1264.9110640673518
27 : 71 = 3124.099870362662
27 : 72 = 2828.42712474619
27 : 75 = 2154.0659228538016
27 : 99 = 2912.043955712207
58 : 71 = 2912.043955712207
58 : 72 = 2529.8221281347037
58 : 75 = 1442.2205101855957
58 : 99 = 1649.2422502470642
71 : 72 = 400.0
71 : 75 = 1600.0
71 : 99 = 3298.4845004941285
72 : 75 = 1200.0
72 : 99 = 2912.043955712207
75 : 99 = 1788.8543819998317
t=4
Antennas: [ 4 17 21 27 57 58 71 72 75 99]
Users: [ 0  1  4  5  7  9 12 13 14 15 16 17 18 19 21 23 25 26 27 28 29 30 31 32
 33 34 35 36 37 38 39 41 42 43 44 45 46 48 49 51 52 53 54 55 59 61 62 63
 64 65 66 67 68 69 70 71 72 73 74 77 78 81 83 84 86 87 88 89 90 91 92 93
 94 99]
MinSINR:  31.622776601683793
$x_{4,4}$
	 $y_{4,4,4}$ = 89.19225902590689 dB
	 $y_{4,4,44}$ = 18.287970308097727 dB
	 $y_{4,4,5}$ = 27.201822386857742 dB
	 $y_{4,4,14}$ = 42.5414942676167 dB
	 $y_{4,4,15}$ = 20.693275104617726 dB
	 $y_{4,4,37}$ = 16.300065017953273 dB
		SNR medio:  17.85140717592084
		Usuarios totais: 12
$x_{4,17}$
	 $y_{4,17,19}$ = 21.932728950633688 dB
	 $y_{4,17,34}$ = 21.0420819165804 dB
	 $y_{4,17,7}$ = 28.97108935316858 dB
	 $y_{4,17,17}$ = 82.91810105844824 dB
	 $y_{4,17,18}$ = 26.185717790496966 dB
	 $y_{4,17,26}$ = 21.378287734454105 dB
	 $y_{4,17,28}$ = 25.86352547409996 dB
	 $y_{4,17,29}$ = 19.925751384516943 dB
	 $y_{4,17,16}$ = 30.085341611182486 dB
	 $y_{4,17,25}$ = 20.803362644263487 dB
	 $y_{4,17,49}$ = 15.451443132572791 dB
	 $y_{4,17,59}$ = 16.99637651387917 dB
		SNR medio:  13.814741981845701
		Usuarios totais: 24
$x_{4,21}$
	 $y_{4,21,0}$ = 15.153040565900369 dB
	 $y_{4,21,1}$ = 15.141630309528296 dB
	 $y_{4,21,21}$ = 83.50672046378654 dB
	 $y_{4,21,30}$ = 18.216251136236338 dB
	 $y_{4,21,31}$ = 32.7399278148894 dB
	 $y_{4,21,33}$ = 25.547642167166288 dB
	 $y_{4,21,42}$ = 19.01905563018201 dB
	 $y_{4,21,54}$ = 15.391688206639898 dB
	 $y_{4,21,12}$ = 22.23486048008256 dB
	 $y_{4,21,13}$ = 17.40186395903872 dB
	 $y_{4,21,23}$ = 19.364106844489385 dB
	 $y_{4,21,32}$ = 26.405825320199526 dB
		SNR medio:  15.50613064490697
		Usuarios totais: 20
$x_{4,27}$
	 $y_{4,27,9}$ = 17.43112592878532 dB
	 $y_{4,27,35}$ = 15.32613570309627 dB
	 $y_{4,27,36}$ = 19.39259240215712 dB
	 $y_{4,27,39}$ = 22.328071901805572 dB
	 $y_{4,27,46}$ = 20.15191743555721 dB
	 $y_{4,27,27}$ = 87.28325235468373 dB
	 $y_{4,27,55}$ = 19.276276421836116 dB
		SNR medio:  18.2899429225383
		Usuarios totais: 11
$x_{4,57}$
	 $y_{4,57,78}$ = 19.84461303023518 dB
	 $y_{4,57,38}$ = 20.56630992371049 dB
		SNR medio:  1.0102730738486418
		Usuarios totais: 40
$x_{4,58}$
	 $y_{4,58,48}$ = 28.974521472615052 dB
	 $y_{4,58,68}$ = 20.78051920899874 dB
	 $y_{4,58,69}$ = 24.027286067579 dB
		SNR medio:  24.594108916397598
		Usuarios totais: 3
$x_{4,71}$
	 $y_{4,71,41}$ = 15.768843158829497 dB
	 $y_{4,71,52}$ = 15.673201136987345 dB
	 $y_{4,71,90}$ = 31.018366433530602 dB
	 $y_{4,71,51}$ = 22.879239347671614 dB
	 $y_{4,71,61}$ = 32.93172237807974 dB
	 $y_{4,71,70}$ = 28.947013872309725 dB
	 $y_{4,71,71}$ = 87.73136687639112 dB
	 $y_{4,71,81}$ = 28.69721939012655 dB
	 $y_{4,71,84}$ = 16.897760561672868 dB
	 $y_{4,71,91}$ = 19.393398988507116 dB
	 $y_{4,71,92}$ = 29.877970016368124 dB
	 $y_{4,71,62}$ = 21.975261101042562 dB
	 $y_{4,71,63}$ = 24.091658519368707 dB
	 $y_{4,71,73}$ = 24.754685545750903 dB
		SNR medio:  16.02550829306546
		Usuarios totais: 25
$x_{4,72}$
	 $y_{4,72,43}$ = 15.932271677410228 dB
	 $y_{4,72,53}$ = 22.663379542216376 dB
	 $y_{4,72,93}$ = 21.474391829681835 dB
	 $y_{4,72,64}$ = 21.308008329518216 dB
	 $y_{4,72,83}$ = 25.816628307215325 dB
	 $y_{4,72,72}$ = 96.02489822815033 dB
		SNR medio:  20.32195779141923
		Usuarios totais: 10
$x_{4,75}$
	 $y_{4,75,45}$ = 15.555917608912097 dB
	 $y_{4,75,74}$ = 30.724933658230796 dB
	 $y_{4,75,65}$ = 35.83665102883655 dB
	 $y_{4,75,86}$ = 24.17855606612919 dB
	 $y_{4,75,87}$ = 20.75125597791937 dB
	 $y_{4,75,94}$ = 18.175707474177685 dB
	 $y_{4,75,66}$ = 20.47166906857916 dB
	 $y_{4,75,67}$ = 24.83324241462067 dB
		SNR medio:  13.609138092671824
		Usuarios totais: 14
$x_{4,99}$
	 $y_{4,99,89}$ = 28.81481910823554 dB
	 $y_{4,99,99}$ = 92.08316212567267 dB
	 $y_{4,99,77}$ = 15.88961595400572 dB
	 $y_{4,99,88}$ = 17.97070287741184 dB
		SNR medio:  15.47583000653258
		Usuarios totais: 10
Distances:
4 : 17 = 1264.9110640673518
4 : 21 = 1442.2205101855957
4 : 27 = 1442.2205101855957
4 : 57 = 2332.38075793812
4 : 58 = 2561.2496949731394
4 : 71 = 3046.3092423455632
4 : 72 = 2912.043955712207
4 : 75 = 2828.42712474619
4 : 99 = 4118.2520563948
17 : 21 = 2433.105012119288
17 : 27 = 400.0
17 : 57 = 1600.0
17 : 58 = 1649.2422502470642
17 : 71 = 3394.1125496954282
17 : 72 = 3124.099870362662
17 : 75 = 2529.8221281347037
17 : 99 = 3298.4845004941285
21 : 27 = 2400.0
21 : 57 = 2683.281572999748
21 : 58 = 3046.3092423455632
21 : 71 = 2000.0
21 : 72 = 2039.607805437114
21 : 75 = 2561.2496949731394
21 : 99 = 4252.05832509386
27 : 57 = 1200.0
27 : 58 = 1264.9110640673518
27 : 71 = 3124.099870362662
27 : 72 = 2828.42712474619
27 : 75 = 2154.0659228538016
27 : 99 = 2912.043955712207
57 : 58 = 400.0
57 : 71 = 2529.8221281347037
57 : 72 = 2154.0659228538016
57 : 75 = 1131.370849898476
57 : 99 = 1788.8543819998317
58 : 71 = 2912.043955712207
58 : 72 = 2529.8221281347037
58 : 75 = 1442.2205101855957
58 : 99 = 1649.2422502470642
71 : 72 = 400.0
71 : 75 = 1600.0
71 : 99 = 3298.4845004941285
72 : 75 = 1200.0
72 : 99 = 2912.043955712207
75 : 99 = 1788.8543819998317
t=5
Antennas: [ 4 17 21 27 53 57 58 71 72 75 99]
Users: [ 0  1  2  3  4  5  7  8  9 10 11 12 13 15 17 18 19 20 21 24 25 26 27 28
 29 30 31 32 33 35 37 38 39 40 41 43 44 45 46 47 48 51 52 53 54 55 58 59
 60 61 62 63 64 65 66 68 72 73 74 75 76 78 79 80 81 82 84 85 86 87 88 89
 90 91 92 93 94 96 97 98 99]
MinSINR:  31.622776601683793
$x_{5,4}$
	 $y_{5,4,3}$ = 33.198741510961526 dB
	 $y_{5,4,4}$ = 89.19225902590689 dB
	 $y_{5,4,24}$ = 15.048405335109862 dB
	 $y_{5,4,44}$ = 18.287970308097727 dB
	 $y_{5,4,5}$ = 27.201822386857742 dB
	 $y_{5,4,15}$ = 20.693275104617726 dB
		SNR medio:  22.624719296839054
		Usuarios totais: 9
$x_{5,17}$
	 $y_{5,17,8}$ = 24.145562615812935 dB
	 $y_{5,17,19}$ = 21.932728950633688 dB
	 $y_{5,17,7}$ = 28.97108935316858 dB
	 $y_{5,17,17}$ = 82.91810105844824 dB
	 $y_{5,17,18}$ = 26.185717790496966 dB
	 $y_{5,17,26}$ = 21.378287734454105 dB
	 $y_{5,17,28}$ = 25.86352547409996 dB
	 $y_{5,17,29}$ = 19.925751384516943 dB
	 $y_{5,17,25}$ = 20.803362644263487 dB
	 $y_{5,17,59}$ = 16.99637651387917 dB
		SNR medio:  16.062250195543005
		Usuarios totais: 18
$x_{5,21}$
	 $y_{5,21,0}$ = 15.153040565900369 dB
	 $y_{5,21,1}$ = 15.141630309528296 dB
	 $y_{5,21,10}$ = 23.273319833788918 dB
	 $y_{5,21,11}$ = 24.833473417463452 dB
	 $y_{5,21,20}$ = 25.100359081084548 dB
	 $y_{5,21,21}$ = 83.50672046378654 dB
	 $y_{5,21,30}$ = 18.216251136236338 dB
	 $y_{5,21,31}$ = 32.7399278148894 dB
	 $y_{5,21,2}$ = 17.143865227097635 dB
	 $y_{5,21,12}$ = 22.23486048008256 dB
	 $y_{5,21,13}$ = 17.40186395903872 dB
	 $y_{5,21,32}$ = 26.405825320199526 dB
	 $y_{5,21,33}$ = 25.547642167166288 dB
	 $y_{5,21,40}$ = 21.935784087905475 dB
	 $y_{5,21,54}$ = 15.391688206639898 dB
		SNR medio:  14.223194521141034
		Usuarios totais: 27
$x_{5,27}$
	 $y_{5,27,9}$ = 17.43112592878532 dB
	 $y_{5,27,39}$ = 22.328071901805572 dB
	 $y_{5,27,46}$ = 20.15191743555721 dB
	 $y_{5,27,27}$ = 87.28325235468373 dB
	 $y_{5,27,35}$ = 15.32613570309627 dB
	 $y_{5,27,37}$ = 28.265115669612328 dB
	 $y_{5,27,47}$ = 16.760388628079127 dB
	 $y_{5,27,38}$ = 22.86616690043381 dB
		SNR medio:  10.017920631393624
		Usuarios totais: 23
$x_{5,53}$
	 $y_{5,53,53}$ = 83.53677403351547 dB
		SNR medio:  20.884193508378868
		Usuarios totais: 4
$x_{5,57}$
		Usuarios totais: 0
$x_{5,58}$
	 $y_{5,58,48}$ = 28.974521472615052 dB
	 $y_{5,58,68}$ = 20.78051920899874 dB
	 $y_{5,58,58}$ = 84.63014826125391 dB
		SNR medio:  33.596297235716925
		Usuarios totais: 4
$x_{5,71}$
	 $y_{5,71,41}$ = 15.768843158829497 dB
	 $y_{5,71,90}$ = 31.018366433530602 dB
	 $y_{5,71,52}$ = 15.673201136987345 dB
	 $y_{5,71,60}$ = 22.210981283668247 dB
		SNR medio:  14.111898668835948
		Usuarios totais: 6
$x_{5,72}$
	 $y_{5,72,80}$ = 19.488852576668364 dB
	 $y_{5,72,93}$ = 21.474391829681835 dB
	 $y_{5,72,43}$ = 15.932271677410228 dB
	 $y_{5,72,61}$ = 26.292030163925574 dB
	 $y_{5,72,81}$ = 33.94562981908132 dB
	 $y_{5,72,82}$ = 31.182627832476584 dB
	 $y_{5,72,91}$ = 15.709402162876628 dB
	 $y_{5,72,92}$ = 18.61884345663816 dB
	 $y_{5,72,94}$ = 19.121252733059848 dB
	 $y_{5,72,51}$ = 17.35796858853233 dB
	 $y_{5,72,55}$ = 15.241069468826666 dB
	 $y_{5,72,64}$ = 21.308008329518216 dB
	 $y_{5,72,62}$ = 28.965981603661632 dB
	 $y_{5,72,63}$ = 25.4430920849332 dB
	 $y_{5,72,72}$ = 96.02489822815033 dB
	 $y_{5,72,73}$ = 17.868399151772536 dB
	 $y_{5,72,75}$ = 16.370653216549243 dB
		SNR medio:  11.008634323094068
		Usuarios totais: 40
$x_{5,75}$
	 $y_{5,75,45}$ = 15.555917608912097 dB
	 $y_{5,75,74}$ = 30.724933658230796 dB
	 $y_{5,75,76}$ = 32.5542832593317 dB
	 $y_{5,75,84}$ = 21.105245404905915 dB
	 $y_{5,75,86}$ = 24.17855606612919 dB
	 $y_{5,75,87}$ = 20.75125597791937 dB
	 $y_{5,75,65}$ = 35.83665102883655 dB
	 $y_{5,75,78}$ = 15.630711447769357 dB
	 $y_{5,75,85}$ = 34.45317709780282 dB
	 $y_{5,75,66}$ = 20.47166906857916 dB
		SNR medio:  6.281560015460424
		Usuarios totais: 40
$x_{5,99}$
	 $y_{5,99,89}$ = 28.81481910823554 dB
	 $y_{5,99,96}$ = 17.277332127916083 dB
	 $y_{5,99,97}$ = 22.705319901552144 dB
	 $y_{5,99,98}$ = 27.906398481860904 dB
	 $y_{5,99,99}$ = 92.08316212567267 dB
	 $y_{5,99,79}$ = 18.830356664556007 dB
	 $y_{5,99,88}$ = 17.97070287741184 dB
		SNR medio:  9.023523651488208
		Usuarios totais: 25
Distances:
4 : 17 = 1264.9110640673518
4 : 21 = 1442.2205101855957
4 : 27 = 1442.2205101855957
4 : 53 = 2039.607805437114
4 : 57 = 2332.38075793812
4 : 58 = 2561.2496949731394
4 : 71 = 3046.3092423455632
4 : 72 = 2912.043955712207
4 : 75 = 2828.42712474619
4 : 99 = 4118.2520563948
17 : 21 = 2433.105012119288
17 : 27 = 400.0
17 : 53 = 2262.741699796952
17 : 57 = 1600.0
17 : 58 = 1649.2422502470642
17 : 71 = 3394.1125496954282
17 : 72 = 3124.099870362662
17 : 75 = 2529.8221281347037
17 : 99 = 3298.4845004941285
21 : 27 = 2400.0
21 : 53 = 1442.2205101855957
21 : 57 = 2683.281572999748
21 : 58 = 3046.3092423455632
21 : 71 = 2000.0
21 : 72 = 2039.607805437114
21 : 75 = 2561.2496949731394
21 : 99 = 4252.05832509386
27 : 53 = 2000.0
27 : 57 = 1200.0
27 : 58 = 1264.9110640673518
27 : 71 = 3124.099870362662
27 : 72 = 2828.42712474619
27 : 75 = 2154.0659228538016
27 : 99 = 2912.043955712207
53 : 57 = 1600.0
53 : 58 = 2000.0
53 : 71 = 1131.370849898476
53 : 72 = 894.4271909999159
53 : 75 = 1131.370849898476
53 : 99 = 2884.4410203711914
57 : 58 = 400.0
57 : 71 = 2529.8221281347037
57 : 72 = 2154.0659228538016
57 : 75 = 1131.370849898476
57 : 99 = 1788.8543819998317
58 : 71 = 2912.043955712207
58 : 72 = 2529.8221281347037
58 : 75 = 1442.2205101855957
58 : 99 = 1649.2422502470642
71 : 72 = 400.0
71 : 75 = 1600.0
71 : 99 = 3298.4845004941285
72 : 75 = 1200.0
72 : 99 = 2912.043955712207
75 : 99 = 1788.8543819998317
t=6
Antennas: [ 4 17 21 27 53 57 58 71 72 75 99]
Users: [ 0  1  2  3  4  5  6  8  9 10 12 13 15 16 19 20 21 22 23 24 26 27 29 30
 31 32 33 37 38 40 41 42 44 46 47 49 50 51 52 54 55 56 57 58 59 60 61 62
 64 66 67 68 69 70 72 73 74 77 78 79 81 83 86 88 90 91 92 93 94 95 97 98]
MinSINR:  31.622776601683793
$x_{6,4}$
	 $y_{6,4,3}$ = 33.198741510961526 dB
	 $y_{6,4,4}$ = 89.19225902590689 dB
	 $y_{6,4,24}$ = 15.048405335109862 dB
	 $y_{6,4,44}$ = 18.287970308097727 dB
		SNR medio:  22.246768025725146
		Usuarios totais: 7
$x_{6,17}$
	 $y_{6,17,6}$ = 25.198663246415705 dB
	 $y_{6,17,8}$ = 24.145562615812935 dB
	 $y_{6,17,19}$ = 21.932728950633688 dB
	 $y_{6,17,5}$ = 20.011945216860042 dB
	 $y_{6,17,15}$ = 19.865148574006454 dB
	 $y_{6,17,26}$ = 21.378287734454105 dB
	 $y_{6,17,29}$ = 19.925751384516943 dB
	 $y_{6,17,16}$ = 30.085341611182486 dB
	 $y_{6,17,49}$ = 15.451443132572791 dB
	 $y_{6,17,59}$ = 16.99637651387917 dB
	 $y_{6,17,38}$ = 17.071245072775852 dB
		SNR medio:  8.925480540504237
		Usuarios totais: 26
$x_{6,21}$
	 $y_{6,21,0}$ = 15.153040565900369 dB
	 $y_{6,21,1}$ = 15.141630309528296 dB
	 $y_{6,21,10}$ = 23.273319833788918 dB
	 $y_{6,21,20}$ = 25.100359081084548 dB
	 $y_{6,21,21}$ = 83.50672046378654 dB
	 $y_{6,21,30}$ = 18.216251136236338 dB
	 $y_{6,21,31}$ = 32.7399278148894 dB
	 $y_{6,21,2}$ = 17.143865227097635 dB
	 $y_{6,21,12}$ = 22.23486048008256 dB
	 $y_{6,21,13}$ = 17.40186395903872 dB
	 $y_{6,21,22}$ = 33.87573913917632 dB
	 $y_{6,21,23}$ = 19.364106844489385 dB
	 $y_{6,21,32}$ = 26.405825320199526 dB
	 $y_{6,21,33}$ = 25.547642167166288 dB
	 $y_{6,21,40}$ = 21.935784087905475 dB
		SNR medio:  10.180536831547958
		Usuarios totais: 39
$x_{6,27}$
	 $y_{6,27,9}$ = 17.43112592878532 dB
	 $y_{6,27,46}$ = 20.15191743555721 dB
	 $y_{6,27,27}$ = 87.28325235468373 dB
		SNR medio:  17.838042245575178
		Usuarios totais: 7
$x_{6,53}$
	 $y_{6,53,42}$ = 26.9253106676273 dB
	 $y_{6,53,54}$ = 37.51457444044701 dB
	 $y_{6,53,60}$ = 16.854782941714717 dB
	 $y_{6,53,64}$ = 30.118365412759204 dB
		SNR medio:  9.284419455212353
		Usuarios totais: 12
$x_{6,57}$
	 $y_{6,57,57}$ = 83.41768979171934 dB
	 $y_{6,57,68}$ = 20.76320425159784 dB
	 $y_{6,57,69}$ = 16.03933417456956 dB
	 $y_{6,57,86}$ = 16.10715275679604 dB
	 $y_{6,57,37}$ = 16.79709380730985 dB
	 $y_{6,57,47}$ = 28.736366795173282 dB
	 $y_{6,57,55}$ = 15.111818006108393 dB
	 $y_{6,57,56}$ = 42.046437077636575 dB
	 $y_{6,57,67}$ = 25.07477712654645 dB
	 $y_{6,57,78}$ = 19.84461303023518 dB
	 $y_{6,57,66}$ = 18.291259468602476 dB
		SNR medio:  15.111487314314752
		Usuarios totais: 20
$x_{6,58}$
	 $y_{6,58,58}$ = 84.63014826125391 dB
		SNR medio:  28.21004942041797
		Usuarios totais: 3
$x_{6,71}$
	 $y_{6,71,41}$ = 15.768843158829497 dB
	 $y_{6,71,90}$ = 31.018366433530602 dB
	 $y_{6,71,50}$ = 22.85366833903919 dB
	 $y_{6,71,52}$ = 15.673201136987345 dB
	 $y_{6,71,61}$ = 32.93172237807974 dB
	 $y_{6,71,70}$ = 28.947013872309725 dB
	 $y_{6,71,81}$ = 28.69721939012655 dB
	 $y_{6,71,91}$ = 19.393398988507116 dB
	 $y_{6,71,92}$ = 29.877970016368124 dB
	 $y_{6,71,51}$ = 22.879239347671614 dB
	 $y_{6,71,62}$ = 21.975261101042562 dB
	 $y_{6,71,73}$ = 24.754685545750903 dB
		SNR medio:  12.816112596010562
		Usuarios totais: 23
$x_{6,72}$
	 $y_{6,72,93}$ = 21.474391829681835 dB
	 $y_{6,72,72}$ = 96.02489822815033 dB
		SNR medio:  29.374822514458042
		Usuarios totais: 4
$x_{6,75}$
	 $y_{6,75,74}$ = 30.724933658230796 dB
	 $y_{6,75,95}$ = 19.317916905787982 dB
	 $y_{6,75,83}$ = 21.196579930038197 dB
	 $y_{6,75,94}$ = 18.175707474177685 dB
		SNR medio:  9.935015329803852
		Usuarios totais: 9
$x_{6,99}$
	 $y_{6,99,97}$ = 22.705319901552144 dB
	 $y_{6,99,98}$ = 27.906398481860904 dB
	 $y_{6,99,77}$ = 15.88961595400572 dB
	 $y_{6,99,79}$ = 18.830356664556007 dB
	 $y_{6,99,88}$ = 17.97070287741184 dB
		SNR medio:  8.608532823282218
		Usuarios totais: 12
Distances:
4 : 17 = 1264.9110640673518
4 : 21 = 1442.2205101855957
4 : 27 = 1442.2205101855957
4 : 53 = 2039.607805437114
4 : 57 = 2332.38075793812
4 : 58 = 2561.2496949731394
4 : 71 = 3046.3092423455632
4 : 72 = 2912.043955712207
4 : 75 = 2828.42712474619
4 : 99 = 4118.2520563948
17 : 21 = 2433.105012119288
17 : 27 = 400.0
17 : 53 = 2262.741699796952
17 : 57 = 1600.0
17 : 58 = 1649.2422502470642
17 : 71 = 3394.1125496954282
17 : 72 = 3124.099870362662
17 : 75 = 2529.8221281347037
17 : 99 = 3298.4845004941285
21 : 27 = 2400.0
21 : 53 = 1442.2205101855957
21 : 57 = 2683.281572999748
21 : 58 = 3046.3092423455632
21 : 71 = 2000.0
21 : 72 = 2039.607805437114
21 : 75 = 2561.2496949731394
21 : 99 = 4252.05832509386
27 : 53 = 2000.0
27 : 57 = 1200.0
27 : 58 = 1264.9110640673518
27 : 71 = 3124.099870362662
27 : 72 = 2828.42712474619
27 : 75 = 2154.0659228538016
27 : 99 = 2912.043955712207
53 : 57 = 1600.0
53 : 58 = 2000.0
53 : 71 = 1131.370849898476
53 : 72 = 894.4271909999159
53 : 75 = 1131.370849898476
53 : 99 = 2884.4410203711914
57 : 58 = 400.0
57 : 71 = 2529.8221281347037
57 : 72 = 2154.0659228538016
57 : 75 = 1131.370849898476
57 : 99 = 1788.8543819998317
58 : 71 = 2912.043955712207
58 : 72 = 2529.8221281347037
58 : 75 = 1442.2205101855957
58 : 99 = 1649.2422502470642
71 : 72 = 400.0
71 : 75 = 1600.0
71 : 99 = 3298.4845004941285
72 : 75 = 1200.0
72 : 99 = 2912.043955712207
75 : 99 = 1788.8543819998317
t=7
Antennas: [ 4 17 21 27 53 57 58 71 72 75 99]
Users: [ 0  1  2  4  6  8 10 11 13 14 15 16 17 18 19 20 21 22 23 24 28 29 30 31
 33 35 36 37 38 39 41 44 45 46 48 49 50 51 52 53 54 55 56 58 60 61 62 63
 64 65 66 67 71 72 73 74 77 78 79 81 83 84 85 88 89 90 91 92 94 97]
MinSINR:  31.622776601683793
$x_{7,4}$
	 $y_{7,4,4}$ = 89.19225902590689 dB
	 $y_{7,4,24}$ = 15.048405335109862 dB
	 $y_{7,4,44}$ = 18.287970308097727 dB
	 $y_{7,4,14}$ = 42.5414942676167 dB
	 $y_{7,4,15}$ = 20.693275104617726 dB
	 $y_{7,4,37}$ = 16.300065017953273 dB
		SNR medio:  14.433104932807298
		Usuarios totais: 14
$x_{7,17}$
	 $y_{7,17,6}$ = 25.198663246415705 dB
	 $y_{7,17,8}$ = 24.145562615812935 dB
	 $y_{7,17,19}$ = 21.932728950633688 dB
	 $y_{7,17,17}$ = 82.91810105844824 dB
	 $y_{7,17,18}$ = 26.185717790496966 dB
	 $y_{7,17,28}$ = 25.86352547409996 dB
	 $y_{7,17,29}$ = 19.925751384516943 dB
	 $y_{7,17,16}$ = 30.085341611182486 dB
	 $y_{7,17,49}$ = 15.451443132572791 dB
	 $y_{7,17,38}$ = 17.071245072775852 dB
		SNR medio:  15.198846333523974
		Usuarios totais: 19
$x_{7,21}$
	 $y_{7,21,0}$ = 15.153040565900369 dB
	 $y_{7,21,1}$ = 15.141630309528296 dB
	 $y_{7,21,10}$ = 23.273319833788918 dB
	 $y_{7,21,11}$ = 24.833473417463452 dB
	 $y_{7,21,20}$ = 25.100359081084548 dB
	 $y_{7,21,21}$ = 83.50672046378654 dB
	 $y_{7,21,30}$ = 18.216251136236338 dB
	 $y_{7,21,31}$ = 32.7399278148894 dB
	 $y_{7,21,2}$ = 17.143865227097635 dB
	 $y_{7,21,13}$ = 17.40186395903872 dB
	 $y_{7,21,22}$ = 33.87573913917632 dB
	 $y_{7,21,23}$ = 19.364106844489385 dB
	 $y_{7,21,33}$ = 25.547642167166288 dB
	 $y_{7,21,54}$ = 15.391688206639898 dB
		SNR medio:  13.09605814879593
		Usuarios totais: 28
$x_{7,27}$
	 $y_{7,27,36}$ = 19.39259240215712 dB
	 $y_{7,27,39}$ = 22.328071901805572 dB
	 $y_{7,27,46}$ = 20.15191743555721 dB
	 $y_{7,27,35}$ = 15.32613570309627 dB
	 $y_{7,27,55}$ = 19.276276421836116 dB
		SNR medio:  9.64749938644523
		Usuarios totais: 10
$x_{7,53}$
	 $y_{7,53,53}$ = 83.53677403351547 dB
		SNR medio:  83.53677403351547
		Usuarios totais: 1
$x_{7,57}$
		Usuarios totais: 0
$x_{7,58}$
	 $y_{7,58,48}$ = 28.974521472615052 dB
	 $y_{7,58,58}$ = 84.63014826125391 dB
		SNR medio:  37.86822324462299
		Usuarios totais: 3
$x_{7,71}$
	 $y_{7,71,41}$ = 15.768843158829497 dB
	 $y_{7,71,90}$ = 31.018366433530602 dB
	 $y_{7,71,50}$ = 22.85366833903919 dB
	 $y_{7,71,52}$ = 15.673201136987345 dB
	 $y_{7,71,60}$ = 22.210981283668247 dB
	 $y_{7,71,61}$ = 32.93172237807974 dB
	 $y_{7,71,81}$ = 28.69721939012655 dB
	 $y_{7,71,84}$ = 16.897760561672868 dB
	 $y_{7,71,91}$ = 19.393398988507116 dB
	 $y_{7,71,92}$ = 29.877970016368124 dB
	 $y_{7,71,51}$ = 22.879239347671614 dB
	 $y_{7,71,71}$ = 87.73136687639112 dB
	 $y_{7,71,62}$ = 21.975261101042562 dB
	 $y_{7,71,63}$ = 24.091658519368707 dB
	 $y_{7,71,73}$ = 24.754685545750903 dB
		SNR medio:  13.891844769234474
		Usuarios totais: 30
$x_{7,72}$
	 $y_{7,72,72}$ = 96.02489822815033 dB
		SNR medio:  32.00829940938345
		Usuarios totais: 3
$x_{7,75}$
	 $y_{7,75,45}$ = 15.555917608912097 dB
	 $y_{7,75,74}$ = 30.724933658230796 dB
	 $y_{7,75,83}$ = 21.196579930038197 dB
	 $y_{7,75,94}$ = 18.175707474177685 dB
	 $y_{7,75,56}$ = 21.629571123968944 dB
	 $y_{7,75,64}$ = 21.711797994391233 dB
	 $y_{7,75,65}$ = 35.83665102883655 dB
	 $y_{7,75,67}$ = 24.83324241462067 dB
	 $y_{7,75,78}$ = 15.630711447769357 dB
	 $y_{7,75,85}$ = 34.45317709780282 dB
	 $y_{7,75,66}$ = 20.47166906857916 dB
		SNR medio:  12.3914266117775
		Usuarios totais: 21
$x_{7,99}$
	 $y_{7,99,89}$ = 28.81481910823554 dB
	 $y_{7,99,97}$ = 22.705319901552144 dB
	 $y_{7,99,77}$ = 15.88961595400572 dB
	 $y_{7,99,79}$ = 18.830356664556007 dB
	 $y_{7,99,88}$ = 17.97070287741184 dB
		SNR medio:  13.026351813220156
		Usuarios totais: 8
Distances:
4 : 17 = 1264.9110640673518
4 : 21 = 1442.2205101855957
4 : 27 = 1442.2205101855957
4 : 53 = 2039.607805437114
4 : 57 = 2332.38075793812
4 : 58 = 2561.2496949731394
4 : 71 = 3046.3092423455632
4 : 72 = 2912.043955712207
4 : 75 = 2828.42712474619
4 : 99 = 4118.2520563948
17 : 21 = 2433.105012119288
17 : 27 = 400.0
17 : 53 = 2262.741699796952
17 : 57 = 1600.0
17 : 58 = 1649.2422502470642
17 : 71 = 3394.1125496954282
17 : 72 = 3124.099870362662
17 : 75 = 2529.8221281347037
17 : 99 = 3298.4845004941285
21 : 27 = 2400.0
21 : 53 = 1442.2205101855957
21 : 57 = 2683.281572999748
21 : 58 = 3046.3092423455632
21 : 71 = 2000.0
21 : 72 = 2039.607805437114
21 : 75 = 2561.2496949731394
21 : 99 = 4252.05832509386
27 : 53 = 2000.0
27 : 57 = 1200.0
27 : 58 = 1264.9110640673518
27 : 71 = 3124.099870362662
27 : 72 = 2828.42712474619
27 : 75 = 2154.0659228538016
27 : 99 = 2912.043955712207
53 : 57 = 1600.0
53 : 58 = 2000.0
53 : 71 = 1131.370849898476
53 : 72 = 894.4271909999159
53 : 75 = 1131.370849898476
53 : 99 = 2884.4410203711914
57 : 58 = 400.0
57 : 71 = 2529.8221281347037
57 : 72 = 2154.0659228538016
57 : 75 = 1131.370849898476
57 : 99 = 1788.8543819998317
58 : 71 = 2912.043955712207
58 : 72 = 2529.8221281347037
58 : 75 = 1442.2205101855957
58 : 99 = 1649.2422502470642
71 : 72 = 400.0
71 : 75 = 1600.0
71 : 99 = 3298.4845004941285
72 : 75 = 1200.0
72 : 99 = 2912.043955712207
75 : 99 = 1788.8543819998317
t=8
Antennas: [ 4 17 21 27 53 57 58 71 72 75 99]
Users: [ 0  3  4  5  7  8 12 13 17 18 19 21 23 25 27 28 29 32 34 39 40 42 44 45
 47 49 50 51 53 55 56 57 59 60 61 62 63 64 70 72 73 74 75 76 78 79 82 85
 87 89 90 91 92 93 94 96 98 99]
MinSINR:  31.622776601683793
$x_{8,4}$
	 $y_{8,4,3}$ = 33.198741510961526 dB
	 $y_{8,4,4}$ = 89.19225902590689 dB
	 $y_{8,4,44}$ = 18.287970308097727 dB
	 $y_{8,4,5}$ = 27.201822386857742 dB
	 $y_{8,4,12}$ = 15.197319158153078 dB
	 $y_{8,4,13}$ = 28.56660826307366 dB
	 $y_{8,4,23}$ = 18.081813870490578 dB
		SNR medio:  20.88423041123102
		Usuarios totais: 11
$x_{8,17}$
	 $y_{8,17,8}$ = 24.145562615812935 dB
	 $y_{8,17,19}$ = 21.932728950633688 dB
	 $y_{8,17,34}$ = 21.0420819165804 dB
	 $y_{8,17,7}$ = 28.97108935316858 dB
	 $y_{8,17,17}$ = 82.91810105844824 dB
	 $y_{8,17,18}$ = 26.185717790496966 dB
	 $y_{8,17,28}$ = 25.86352547409996 dB
	 $y_{8,17,29}$ = 19.925751384516943 dB
	 $y_{8,17,25}$ = 20.803362644263487 dB
	 $y_{8,17,49}$ = 15.451443132572791 dB
	 $y_{8,17,59}$ = 16.99637651387917 dB
		SNR medio:  17.896220049086654
		Usuarios totais: 17
$x_{8,21}$
	 $y_{8,21,0}$ = 15.153040565900369 dB
	 $y_{8,21,21}$ = 83.50672046378654 dB
	 $y_{8,21,40}$ = 21.935784087905475 dB
	 $y_{8,21,42}$ = 19.01905563018201 dB
		SNR medio:  19.94494296396777
		Usuarios totais: 7
$x_{8,27}$
	 $y_{8,27,39}$ = 22.328071901805572 dB
	 $y_{8,27,27}$ = 87.28325235468373 dB
	 $y_{8,27,47}$ = 16.760388628079127 dB
	 $y_{8,27,55}$ = 19.276276421836116 dB
		SNR medio:  16.183109922933838
		Usuarios totais: 9
$x_{8,53}$
	 $y_{8,53,53}$ = 83.53677403351547 dB
		SNR medio:  27.845591344505156
		Usuarios totais: 3
$x_{8,57}$
	 $y_{8,57,57}$ = 83.41768979171934 dB
		SNR medio:  83.41768979171934
		Usuarios totais: 1
$x_{8,58}$
		Usuarios totais: 0
$x_{8,71}$
	 $y_{8,71,90}$ = 31.018366433530602 dB
	 $y_{8,71,50}$ = 22.85366833903919 dB
	 $y_{8,71,60}$ = 22.210981283668247 dB
	 $y_{8,71,61}$ = 32.93172237807974 dB
	 $y_{8,71,70}$ = 28.947013872309725 dB
	 $y_{8,71,82}$ = 31.082910000685388 dB
	 $y_{8,71,91}$ = 19.393398988507116 dB
	 $y_{8,71,92}$ = 29.877970016368124 dB
	 $y_{8,71,51}$ = 22.879239347671614 dB
		SNR medio:  16.079684710657315
		Usuarios totais: 15
$x_{8,72}$
	 $y_{8,72,93}$ = 21.474391829681835 dB
	 $y_{8,72,72}$ = 96.02489822815033 dB
		SNR medio:  58.749645028916085
		Usuarios totais: 2
$x_{8,75}$
	 $y_{8,75,45}$ = 15.555917608912097 dB
	 $y_{8,75,74}$ = 30.724933658230796 dB
	 $y_{8,75,76}$ = 32.5542832593317 dB
	 $y_{8,75,32}$ = 16.75270368531571 dB
	 $y_{8,75,87}$ = 20.75125597791937 dB
	 $y_{8,75,94}$ = 18.175707474177685 dB
	 $y_{8,75,56}$ = 21.629571123968944 dB
	 $y_{8,75,64}$ = 21.711797994391233 dB
	 $y_{8,75,78}$ = 15.630711447769357 dB
	 $y_{8,75,85}$ = 34.45317709780282 dB
	 $y_{8,75,62}$ = 16.025918510079038 dB
	 $y_{8,75,63}$ = 20.005829380054905 dB
	 $y_{8,75,73}$ = 23.86521109325679 dB
	 $y_{8,75,75}$ = 87.32679349235471 dB
		SNR medio:  12.102058445276295
		Usuarios totais: 31
$x_{8,99}$
	 $y_{8,99,89}$ = 28.81481910823554 dB
	 $y_{8,99,96}$ = 17.277332127916083 dB
	 $y_{8,99,98}$ = 27.906398481860904 dB
	 $y_{8,99,99}$ = 92.08316212567267 dB
	 $y_{8,99,79}$ = 18.830356664556007 dB
		SNR medio:  20.54578538980458
		Usuarios totais: 9
Distances:
4 : 17 = 1264.9110640673518
4 : 21 = 1442.2205101855957
4 : 27 = 1442.2205101855957
4 : 53 = 2039.607805437114
4 : 57 = 2332.38075793812
4 : 58 = 2561.2496949731394
4 : 71 = 3046.3092423455632
4 : 72 = 2912.043955712207
4 : 75 = 2828.42712474619
4 : 99 = 4118.2520563948
17 : 21 = 2433.105012119288
17 : 27 = 400.0
17 : 53 = 2262.741699796952
17 : 57 = 1600.0
17 : 58 = 1649.2422502470642
17 : 71 = 3394.1125496954282
17 : 72 = 3124.099870362662
17 : 75 = 2529.8221281347037
17 : 99 = 3298.4845004941285
21 : 27 = 2400.0
21 : 53 = 1442.2205101855957
21 : 57 = 2683.281572999748
21 : 58 = 3046.3092423455632
21 : 71 = 2000.0
21 : 72 = 2039.607805437114
21 : 75 = 2561.2496949731394
21 : 99 = 4252.05832509386
27 : 53 = 2000.0
27 : 57 = 1200.0
27 : 58 = 1264.9110640673518
27 : 71 = 3124.099870362662
27 : 72 = 2828.42712474619
27 : 75 = 2154.0659228538016
27 : 99 = 2912.043955712207
53 : 57 = 1600.0
53 : 58 = 2000.0
53 : 71 = 1131.370849898476
53 : 72 = 894.4271909999159
53 : 75 = 1131.370849898476
53 : 99 = 2884.4410203711914
57 : 58 = 400.0
57 : 71 = 2529.8221281347037
57 : 72 = 2154.0659228538016
57 : 75 = 1131.370849898476
57 : 99 = 1788.8543819998317
58 : 71 = 2912.043955712207
58 : 72 = 2529.8221281347037
58 : 75 = 1442.2205101855957
58 : 99 = 1649.2422502470642
71 : 72 = 400.0
71 : 75 = 1600.0
71 : 99 = 3298.4845004941285
72 : 75 = 1200.0
72 : 99 = 2912.043955712207
75 : 99 = 1788.8543819998317
t=9
Antennas: [ 4 17 21 27 53 57 58 71 72 75 99]
Users: [ 3  4  5  7  8  9 10 11 12 14 18 19 21 25 29 30 31 37 39 41 42 43 46 47
 48 49 52 53 55 56 57 58 59 67 69 71 72 74 79 81 83 84 85 86 87 88 89 90
 92 94 98 99]
MinSINR:  31.622776601683793
$x_{9,4}$
	 $y_{9,4,3}$ = 33.198741510961526 dB
	 $y_{9,4,4}$ = 89.19225902590689 dB
	 $y_{9,4,5}$ = 27.201822386857742 dB
		SNR medio:  37.39820573093154
		Usuarios totais: 4
$x_{9,17}$
	 $y_{9,17,8}$ = 24.145562615812935 dB
	 $y_{9,17,19}$ = 21.932728950633688 dB
	 $y_{9,17,7}$ = 28.97108935316858 dB
	 $y_{9,17,14}$ = 17.801600887472176 dB
	 $y_{9,17,18}$ = 26.185717790496966 dB
	 $y_{9,17,29}$ = 19.925751384516943 dB
	 $y_{9,17,25}$ = 20.803362644263487 dB
	 $y_{9,17,49}$ = 15.451443132572791 dB
	 $y_{9,17,59}$ = 16.99637651387917 dB
		SNR medio:  13.729545233772624
		Usuarios totais: 14
$x_{9,21}$
	 $y_{9,21,10}$ = 23.273319833788918 dB
	 $y_{9,21,11}$ = 24.833473417463452 dB
	 $y_{9,21,21}$ = 83.50672046378654 dB
	 $y_{9,21,30}$ = 18.216251136236338 dB
	 $y_{9,21,31}$ = 32.7399278148894 dB
	 $y_{9,21,12}$ = 22.23486048008256 dB
	 $y_{9,21,42}$ = 19.01905563018201 dB
		SNR medio:  24.86928986404769
		Usuarios totais: 9
$x_{9,27}$
	 $y_{9,27,9}$ = 17.43112592878532 dB
	 $y_{9,27,39}$ = 22.328071901805572 dB
	 $y_{9,27,46}$ = 20.15191743555721 dB
	 $y_{9,27,37}$ = 28.265115669612328 dB
	 $y_{9,27,47}$ = 16.760388628079127 dB
	 $y_{9,27,55}$ = 19.276276421836116 dB
		SNR medio:  12.421289598567567
		Usuarios totais: 10
$x_{9,53}$
	 $y_{9,53,43}$ = 34.62823765710971 dB
	 $y_{9,53,52}$ = 26.049565185026864 dB
	 $y_{9,53,53}$ = 83.53677403351547 dB
		SNR medio:  16.02384187507245
		Usuarios totais: 9
$x_{9,57}$
	 $y_{9,57,57}$ = 83.41768979171934 dB
		SNR medio:  83.41768979171934
		Usuarios totais: 1
$x_{9,58}$
	 $y_{9,58,48}$ = 28.974521472615052 dB
	 $y_{9,58,69}$ = 24.027286067579 dB
	 $y_{9,58,58}$ = 84.63014826125391 dB
		SNR medio:  34.40798895036199
		Usuarios totais: 4
$x_{9,71}$
	 $y_{9,71,41}$ = 15.768843158829497 dB
	 $y_{9,71,90}$ = 31.018366433530602 dB
	 $y_{9,71,81}$ = 28.69721939012655 dB
	 $y_{9,71,92}$ = 29.877970016368124 dB
	 $y_{9,71,71}$ = 87.73136687639112 dB
		SNR medio:  24.136720734405735
		Usuarios totais: 8
$x_{9,72}$
	 $y_{9,72,72}$ = 96.02489822815033 dB
		SNR medio:  96.02489822815033
		Usuarios totais: 1
$x_{9,75}$
	 $y_{9,75,74}$ = 30.724933658230796 dB
	 $y_{9,75,83}$ = 21.196579930038197 dB
	 $y_{9,75,84}$ = 21.105245404905915 dB
	 $y_{9,75,86}$ = 24.17855606612919 dB
	 $y_{9,75,87}$ = 20.75125597791937 dB
	 $y_{9,75,94}$ = 18.175707474177685 dB
	 $y_{9,75,56}$ = 21.629571123968944 dB
	 $y_{9,75,67}$ = 24.83324241462067 dB
	 $y_{9,75,85}$ = 34.45317709780282 dB
		SNR medio:  16.696020703676428
		Usuarios totais: 13
$x_{9,99}$
	 $y_{9,99,89}$ = 28.81481910823554 dB
	 $y_{9,99,98}$ = 27.906398481860904 dB
	 $y_{9,99,99}$ = 92.08316212567267 dB
	 $y_{9,99,79}$ = 18.830356664556007 dB
	 $y_{9,99,88}$ = 17.97070287741184 dB
		SNR medio:  23.200679907217122
		Usuarios totais: 8
Distances:
4 : 17 = 1264.9110640673518
4 : 21 = 1442.2205101855957
4 : 27 = 1442.2205101855957
4 : 53 = 2039.607805437114
4 : 57 = 2332.38075793812
4 : 58 = 2561.2496949731394
4 : 71 = 3046.3092423455632
4 : 72 = 2912.043955712207
4 : 75 = 2828.42712474619
4 : 99 = 4118.2520563948
17 : 21 = 2433.105012119288
17 : 27 = 400.0
17 : 53 = 2262.741699796952
17 : 57 = 1600.0
17 : 58 = 1649.2422502470642
17 : 71 = 3394.1125496954282
17 : 72 = 3124.099870362662
17 : 75 = 2529.8221281347037
17 : 99 = 3298.4845004941285
21 : 27 = 2400.0
21 : 53 = 1442.2205101855957
21 : 57 = 2683.281572999748
21 : 58 = 3046.3092423455632
21 : 71 = 2000.0
21 : 72 = 2039.607805437114
21 : 75 = 2561.2496949731394
21 : 99 = 4252.05832509386
27 : 53 = 2000.0
27 : 57 = 1200.0
27 : 58 = 1264.9110640673518
27 : 71 = 3124.099870362662
27 : 72 = 2828.42712474619
27 : 75 = 2154.0659228538016
27 : 99 = 2912.043955712207
53 : 57 = 1600.0
53 : 58 = 2000.0
53 : 71 = 1131.370849898476
53 : 72 = 894.4271909999159
53 : 75 = 1131.370849898476
53 : 99 = 2884.4410203711914
57 : 58 = 400.0
57 : 71 = 2529.8221281347037
57 : 72 = 2154.0659228538016
57 : 75 = 1131.370849898476
57 : 99 = 1788.8543819998317
58 : 71 = 2912.043955712207
58 : 72 = 2529.8221281347037
58 : 75 = 1442.2205101855957
58 : 99 = 1649.2422502470642
71 : 72 = 400.0
71 : 75 = 1600.0
71 : 99 = 3298.4845004941285
72 : 75 = 1200.0
72 : 99 = 2912.043955712207
75 : 99 = 1788.8543819998317
t=10
Antennas: [ 4 17 21 27 53 57 58 71 72 75 99]
Users: [ 9 15 16 19 23 24 26 32 34 36 43 49 57 58 59 60 61 63 65 66 69 74 77 78
 79 81 82 84 86 87 90 96 97 98]
MinSINR:  31.622776601683793
$x_{10,4}$
	 $y_{10,4,24}$ = 15.048405335109862 dB
	 $y_{10,4,23}$ = 18.081813870490578 dB
		SNR medio:  16.56510960280022
		Usuarios totais: 2
$x_{10,17}$
	 $y_{10,17,19}$ = 21.932728950633688 dB
	 $y_{10,17,34}$ = 21.0420819165804 dB
	 $y_{10,17,15}$ = 19.865148574006454 dB
	 $y_{10,17,26}$ = 21.378287734454105 dB
	 $y_{10,17,16}$ = 30.085341611182486 dB
	 $y_{10,17,49}$ = 15.451443132572791 dB
	 $y_{10,17,59}$ = 16.99637651387917 dB
		SNR medio:  16.305712048145455
		Usuarios totais: 9
$x_{10,21}$
		Usuarios totais: 0
$x_{10,27}$
	 $y_{10,27,9}$ = 17.43112592878532 dB
	 $y_{10,27,36}$ = 19.39259240215712 dB
		SNR medio:  12.274572776980813
		Usuarios totais: 3
$x_{10,53}$
	 $y_{10,53,43}$ = 34.62823765710971 dB
		SNR medio:  17.314118828554854
		Usuarios totais: 2
$x_{10,57}$
	 $y_{10,57,57}$ = 83.41768979171934 dB
	 $y_{10,57,69}$ = 16.03933417456956 dB
		SNR medio:  49.72851198314445
		Usuarios totais: 2
$x_{10,58}$
	 $y_{10,58,58}$ = 84.63014826125391 dB
		SNR medio:  84.63014826125391
		Usuarios totais: 1
$x_{10,71}$
	 $y_{10,71,90}$ = 31.018366433530602 dB
	 $y_{10,71,60}$ = 22.210981283668247 dB
	 $y_{10,71,61}$ = 32.93172237807974 dB
	 $y_{10,71,81}$ = 28.69721939012655 dB
	 $y_{10,71,82}$ = 31.082910000685388 dB
	 $y_{10,71,84}$ = 16.897760561672868 dB
		SNR medio:  20.354870005970422
		Usuarios totais: 8
$x_{10,72}$
		Usuarios totais: 0
$x_{10,75}$
	 $y_{10,75,74}$ = 30.724933658230796 dB
	 $y_{10,75,32}$ = 16.75270368531571 dB
	 $y_{10,75,86}$ = 24.17855606612919 dB
	 $y_{10,75,87}$ = 20.75125597791937 dB
	 $y_{10,75,65}$ = 35.83665102883655 dB
	 $y_{10,75,78}$ = 15.630711447769357 dB
	 $y_{10,75,63}$ = 20.005829380054905 dB
	 $y_{10,75,66}$ = 20.47166906857916 dB
		SNR medio:  14.180946947141157
		Usuarios totais: 13
$x_{10,99}$
	 $y_{10,99,96}$ = 17.277332127916083 dB
	 $y_{10,99,97}$ = 22.705319901552144 dB
	 $y_{10,99,98}$ = 27.906398481860904 dB
	 $y_{10,99,77}$ = 15.88961595400572 dB
	 $y_{10,99,79}$ = 18.830356664556007 dB
		SNR medio:  17.10150385498181
		Usuarios totais: 6
Distances:
4 : 17 = 1264.9110640673518
4 : 21 = 1442.2205101855957
4 : 27 = 1442.2205101855957
4 : 53 = 2039.607805437114
4 : 57 = 2332.38075793812
4 : 58 = 2561.2496949731394
4 : 71 = 3046.3092423455632
4 : 72 = 2912.043955712207
4 : 75 = 2828.42712474619
4 : 99 = 4118.2520563948
17 : 21 = 2433.105012119288
17 : 27 = 400.0
17 : 53 = 2262.741699796952
17 : 57 = 1600.0
17 : 58 = 1649.2422502470642
17 : 71 = 3394.1125496954282
17 : 72 = 3124.099870362662
17 : 75 = 2529.8221281347037
17 : 99 = 3298.4845004941285
21 : 27 = 2400.0
21 : 53 = 1442.2205101855957
21 : 57 = 2683.281572999748
21 : 58 = 3046.3092423455632
21 : 71 = 2000.0
21 : 72 = 2039.607805437114
21 : 75 = 2561.2496949731394
21 : 99 = 4252.05832509386
27 : 53 = 2000.0
27 : 57 = 1200.0
27 : 58 = 1264.9110640673518
27 : 71 = 3124.099870362662
27 : 72 = 2828.42712474619
27 : 75 = 2154.0659228538016
27 : 99 = 2912.043955712207
53 : 57 = 1600.0
53 : 58 = 2000.0
53 : 71 = 1131.370849898476
53 : 72 = 894.4271909999159
53 : 75 = 1131.370849898476
53 : 99 = 2884.4410203711914
57 : 58 = 400.0
57 : 71 = 2529.8221281347037
57 : 72 = 2154.0659228538016
57 : 75 = 1131.370849898476
57 : 99 = 1788.8543819998317
58 : 71 = 2912.043955712207
58 : 72 = 2529.8221281347037
58 : 75 = 1442.2205101855957
58 : 99 = 1649.2422502470642
71 : 72 = 400.0
71 : 75 = 1600.0
71 : 99 = 3298.4845004941285
72 : 75 = 1200.0
72 : 99 = 2912.043955712207
75 : 99 = 1788.8543819998317
t=11
Antennas: [ 4 17 21 27 53 57 58 71 72 75 99]
Users: [ 3 13 17 42 53 58 65 84]
MinSINR:  31.622776601683793
$x_{11,4}$
	 $y_{11,4,3}$ = 33.198741510961526 dB
	 $y_{11,4,13}$ = 28.56660826307366 dB
		SNR medio:  20.588449924678397
		Usuarios totais: 3
$x_{11,17}$
	 $y_{11,17,17}$ = 82.91810105844824 dB
		SNR medio:  82.91810105844824
		Usuarios totais: 1
$x_{11,21}$
		Usuarios totais: 0
$x_{11,27}$
		Usuarios totais: 0
$x_{11,53}$
	 $y_{11,53,42}$ = 26.9253106676273 dB
	 $y_{11,53,53}$ = 83.53677403351547 dB
	 $y_{11,53,65}$ = 23.290393136813634 dB
		SNR medio:  44.584159279318804
		Usuarios totais: 3
$x_{11,57}$
		Usuarios totais: 0
$x_{11,58}$
	 $y_{11,58,58}$ = 84.63014826125391 dB
		SNR medio:  84.63014826125391
		Usuarios totais: 1
$x_{11,71}$
		Usuarios totais: 0
$x_{11,72}$
		Usuarios totais: 0
$x_{11,75}$
	 $y_{11,75,84}$ = 21.105245404905915 dB
		SNR medio:  21.105245404905915
		Usuarios totais: 1
$x_{11,99}$
		Usuarios totais: 0
Distances:
4 : 17 = 1264.9110640673518
4 : 21 = 1442.2205101855957
4 : 27 = 1442.2205101855957
4 : 53 = 2039.607805437114
4 : 57 = 2332.38075793812
4 : 58 = 2561.2496949731394
4 : 71 = 3046.3092423455632
4 : 72 = 2912.043955712207
4 : 75 = 2828.42712474619
4 : 99 = 4118.2520563948
17 : 21 = 2433.105012119288
17 : 27 = 400.0
17 : 53 = 2262.741699796952
17 : 57 = 1600.0
17 : 58 = 1649.2422502470642
17 : 71 = 3394.1125496954282
17 : 72 = 3124.099870362662
17 : 75 = 2529.8221281347037
17 : 99 = 3298.4845004941285
21 : 27 = 2400.0
21 : 53 = 1442.2205101855957
21 : 57 = 2683.281572999748
21 : 58 = 3046.3092423455632
21 : 71 = 2000.0
21 : 72 = 2039.607805437114
21 : 75 = 2561.2496949731394
21 : 99 = 4252.05832509386
27 : 53 = 2000.0
27 : 57 = 1200.0
27 : 58 = 1264.9110640673518
27 : 71 = 3124.099870362662
27 : 72 = 2828.42712474619
27 : 75 = 2154.0659228538016
27 : 99 = 2912.043955712207
53 : 57 = 1600.0
53 : 58 = 2000.0
53 : 71 = 1131.370849898476
53 : 72 = 894.4271909999159
53 : 75 = 1131.370849898476
53 : 99 = 2884.4410203711914
57 : 58 = 400.0
57 : 71 = 2529.8221281347037
57 : 72 = 2154.0659228538016
57 : 75 = 1131.370849898476
57 : 99 = 1788.8543819998317
58 : 71 = 2912.043955712207
58 : 72 = 2529.8221281347037
58 : 75 = 1442.2205101855957
58 : 99 = 1649.2422502470642
71 : 72 = 400.0
71 : 75 = 1600.0
71 : 99 = 3298.4845004941285
72 : 75 = 1200.0
72 : 99 = 2912.043955712207
75 : 99 = 1788.8543819998317
--- Done after 0.39313490986824035 hours. ---
