-------------Calculating Solution (this may take a while)
+++++++++++++++++++Min Sinr: 5 dB (pgwo2)
+++++++++++++++++++With backhaul constraint. Start: 2023-02-03 18:22:17

Parameters:
- chosen seed 2
- Map with 100 sectors
- Map 4000 x 4000 m
- Sector has a side of 400 m
- Max time:  12
- users_t_m:  [[0, 0, 0, 0, 0, 0, 0, 0, 0, 0, 0, 0, 0, 0, 0, 0, 0, 0, 0, 0, 0, 0, 0, 0, 0, 0, 0, 0, 0, 0, 0, 0, 0, 0, 0, 0, 0, 0, 0, 0, 0, 0, 0, 0, 0, 0, 0, 0, 0, 0, 0, 0, 0, 0, 0, 0, 0, 0, 0, 0, 0, 0, 0, 0, 0, 0, 0, 0, 0, 0, 0, 0, 0, 0, 0, 0, 0, 0, 21, 2, 0, 0, 0, 0, 0, 0, 0, 2, 4, 1, 0, 0, 0, 0, 0, 0, 0, 0, 1, 0], [0, 0, 1, 0, 0, 1, 1, 0, 1, 0, 0, 0, 0, 1, 0, 0, 0, 0, 1, 0, 2, 0, 0, 0, 1, 1, 1, 2, 0, 0, 1, 1, 0, 0, 0, 1, 0, 0, 0, 1, 1, 0, 1, 0, 1, 0, 0, 0, 0, 0, 1, 0, 0, 0, 0, 0, 0, 0, 0, 0, 0, 0, 1, 0, 0, 0, 0, 1, 0, 0, 0, 0, 1, 0, 1, 0, 2, 0, 19, 1, 0, 0, 0, 0, 0, 1, 0, 3, 7, 2, 1, 0, 0, 0, 1, 0, 0, 1, 0, 1], [0, 0, 0, 1, 0, 1, 1, 2, 2, 1, 0, 1, 0, 1, 0, 2, 1, 1, 1, 1, 2, 0, 0, 0, 1, 0, 0, 0, 1, 3, 2, 0, 1, 0, 0, 1, 1, 0, 0, 0, 2, 0, 1, 1, 0, 1, 0, 1, 2, 2, 0, 1, 0, 0, 2, 0, 0, 0, 0, 2, 1, 0, 0, 0, 0, 2, 0, 0, 1, 0, 4, 1, 0, 0, 0, 0, 1, 0, 21, 1, 0, 1, 0, 1, 0, 2, 0, 3, 6, 1, 1, 0, 1, 1, 0, 0, 0, 0, 1, 1], [0, 1, 1, 1, 2, 1, 1, 1, 1, 2, 0, 0, 0, 2, 0, 3, 1, 1, 0, 1, 1, 0, 1, 0, 1, 1, 2, 2, 1, 0, 0, 1, 3, 0, 0, 0, 1, 1, 3, 0, 0, 0, 0, 1, 2, 1, 1, 1, 0, 0, 1, 0, 2, 0, 1, 1, 1, 2, 0, 2, 1, 0, 3, 1, 2, 0, 3, 1, 0, 2, 1, 2, 0, 3, 0, 1, 0, 3, 20, 2, 1, 1, 2, 1, 0, 0, 1, 6, 1, 1, 1, 1, 0, 0, 1, 0, 1, 1, 2, 2], [1, 2, 0, 0, 2, 1, 0, 2, 0, 1, 0, 0, 2, 2, 1, 5, 3, 1, 2, 1, 0, 1, 0, 1, 0, 4, 1, 1, 3, 3, 3, 1, 2, 1, 1, 1, 3, 1, 1, 1, 0, 1, 2, 1, 2, 2, 2, 0, 1, 2, 0, 1, 2, 1, 2, 2, 0, 0, 0, 1, 0, 1, 1, 3, 1, 1, 1, 1, 1, 1, 1, 3, 2, 2, 2, 0, 0, 4, 39, 0, 0, 2, 0, 2, 2, 0, 2, 4, 2, 1, 2, 2, 2, 3, 1, 0, 0, 0, 0, 3], [2, 2, 1, 2, 2, 2, 0, 1, 1, 1, 1, 2, 1, 1, 0, 1, 0, 1, 1, 4, 1, 1, 0, 0, 1, 2, 3, 3, 1, 2, 1, 4, 4, 2, 0, 5, 0, 3, 3, 4, 1, 1, 0, 6, 1, 3, 3, 1, 2, 0, 0, 3, 2, 4, 3, 1, 0, 0, 1, 2, 2, 1, 2, 4, 2, 3, 1, 0, 1, 0, 0, 0, 5, 1, 5, 1, 2, 0, 19, 3, 3, 2, 3, 0, 3, 1, 1, 2, 4, 3, 1, 1, 1, 3, 1, 0, 4, 4, 5, 2], [3, 3, 3, 3, 2, 3, 3, 0, 1, 3, 1, 0, 3, 3, 0, 3, 2, 0, 0, 4, 2, 4, 2, 2, 1, 0, 2, 3, 0, 1, 2, 1, 4, 5, 0, 0, 0, 1, 2, 0, 1, 1, 3, 0, 1, 0, 1, 1, 0, 2, 1, 2, 1, 0, 4, 1, 1, 4, 3, 3, 3, 3, 3, 0, 2, 0, 2, 3, 1, 2, 1, 0, 2, 2, 1, 0, 0, 1, 2, 4, 0, 2, 0, 2, 0, 0, 2, 0, 2, 0, 3, 2, 2, 2, 3, 3, 0, 2, 3, 0], [4, 4, 1, 0, 3, 0, 1, 0, 1, 0, 2, 2, 0, 1, 2, 1, 3, 2, 1, 3, 1, 1, 1, 1, 3, 0, 0, 0, 3, 1, 4, 2, 0, 2, 0, 1, 2, 2, 2, 4, 0, 1, 0, 0, 3, 1, 2, 0, 1, 2, 2, 1, 3, 1, 2, 1, 3, 0, 2, 0, 4, 1, 2, 4, 3, 1, 2, 1, 0, 0, 0, 2, 3, 1, 3, 0, 0, 1, 1, 1, 0, 2, 0, 1, 2, 1, 0, 0, 4, 1, 2, 1, 2, 0, 4, 0, 0, 1, 0, 0], [2, 0, 0, 1, 1, 1, 0, 2, 1, 0, 0, 0, 1, 2, 0, 0, 0, 1, 2, 1, 0, 3, 0, 2, 0, 1, 0, 5, 2, 1, 0, 0, 2, 0, 2, 0, 0, 0, 0, 1, 1, 0, 1, 0, 3, 2, 0, 1, 0, 1, 2, 1, 0, 3, 0, 2, 2, 1, 0, 3, 2, 1, 3, 2, 4, 0, 0, 0, 0, 0, 2, 0, 1, 3, 1, 1, 3, 0, 1, 1, 0, 0, 1, 0, 0, 2, 0, 4, 0, 1, 1, 2, 3, 1, 1, 0, 1, 0, 1, 5], [0, 0, 0, 1, 2, 1, 0, 2, 1, 1, 1, 2, 1, 0, 3, 0, 0, 0, 2, 2, 0, 1, 0, 0, 0, 1, 0, 0, 0, 1, 1, 1, 0, 0, 0, 0, 0, 2, 0, 1, 0, 3, 2, 6, 0, 0, 3, 1, 2, 1, 0, 0, 2, 1, 0, 2, 1, 1, 1, 1, 0, 0, 0, 0, 0, 0, 0, 1, 0, 1, 0, 2, 1, 0, 1, 0, 0, 0, 0, 2, 0, 1, 0, 4, 1, 1, 1, 2, 1, 1, 1, 0, 1, 0, 1, 0, 0, 0, 2, 2], [0, 0, 0, 0, 0, 0, 0, 0, 0, 1, 0, 0, 0, 0, 0, 1, 1, 0, 0, 1, 0, 0, 0, 1, 1, 0, 1, 0, 0, 0, 0, 0, 1, 0, 1, 0, 2, 0, 0, 0, 0, 0, 0, 2, 0, 0, 0, 0, 0, 2, 0, 0, 0, 0, 0, 0, 0, 1, 1, 2, 1, 1, 0, 1, 0, 2, 2, 0, 0, 1, 0, 0, 0, 0, 2, 0, 0, 1, 1, 1, 0, 1, 2, 0, 1, 0, 1, 3, 0, 0, 2, 0, 0, 0, 0, 0, 2, 1, 1, 0], [0, 0, 0, 2, 0, 0, 0, 0, 0, 0, 0, 0, 0, 1, 0, 0, 0, 1, 0, 0, 0, 0, 0, 0, 0, 0, 0, 0, 0, 0, 0, 0, 0, 0, 0, 0, 0, 0, 0, 0, 0, 0, 1, 0, 0, 0, 0, 0, 0, 0, 0, 0, 0, 1, 0, 0, 0, 0, 1, 0, 0, 0, 0, 0, 0, 1, 0, 0, 0, 0, 0, 0, 0, 0, 0, 0, 0, 0, 0, 0, 0, 0, 0, 0, 1, 0, 0, 0, 0, 0, 0, 0, 0, 0, 0, 0, 0, 0, 0, 0]]
users_0_m:
[0, 0, 0, 0, 0, 0, 0, 0, 0, 0]
[0, 0, 0, 0, 0, 0, 0, 0, 0, 0]
[0, 0, 0, 0, 0, 0, 0, 0, 0, 0]
[0, 0, 0, 0, 0, 0, 0, 0, 0, 0]
[0, 0, 0, 0, 0, 0, 0, 0, 0, 0]
[0, 0, 0, 0, 0, 0, 0, 0, 0, 0]
[0, 0, 0, 0, 0, 0, 0, 0, 0, 0]
[0, 0, 0, 0, 0, 0, 0, 0, 21, 2]
[0, 0, 0, 0, 0, 0, 0, 2, 4, 1]
[0, 0, 0, 0, 0, 0, 0, 0, 1, 0]
users_1_m:
[0, 0, 1, 0, 0, 1, 1, 0, 1, 0]
[0, 0, 0, 1, 0, 0, 0, 0, 1, 0]
[2, 0, 0, 0, 1, 1, 1, 2, 0, 0]
[1, 1, 0, 0, 0, 1, 0, 0, 0, 1]
[1, 0, 1, 0, 1, 0, 0, 0, 0, 0]
[1, 0, 0, 0, 0, 0, 0, 0, 0, 0]
[0, 0, 1, 0, 0, 0, 0, 1, 0, 0]
[0, 0, 1, 0, 1, 0, 2, 0, 19, 1]
[0, 0, 0, 0, 0, 1, 0, 3, 7, 2]
[1, 0, 0, 0, 1, 0, 0, 1, 0, 1]
users_2_m:
[0, 0, 0, 1, 0, 1, 1, 2, 2, 1]
[0, 1, 0, 1, 0, 2, 1, 1, 1, 1]
[2, 0, 0, 0, 1, 0, 0, 0, 1, 3]
[2, 0, 1, 0, 0, 1, 1, 0, 0, 0]
[2, 0, 1, 1, 0, 1, 0, 1, 2, 2]
[0, 1, 0, 0, 2, 0, 0, 0, 0, 2]
[1, 0, 0, 0, 0, 2, 0, 0, 1, 0]
[4, 1, 0, 0, 0, 0, 1, 0, 21, 1]
[0, 1, 0, 1, 0, 2, 0, 3, 6, 1]
[1, 0, 1, 1, 0, 0, 0, 0, 1, 1]
users_3_m:
[0, 1, 1, 1, 2, 1, 1, 1, 1, 2]
[0, 0, 0, 2, 0, 3, 1, 1, 0, 1]
[1, 0, 1, 0, 1, 1, 2, 2, 1, 0]
[0, 1, 3, 0, 0, 0, 1, 1, 3, 0]
[0, 0, 0, 1, 2, 1, 1, 1, 0, 0]
[1, 0, 2, 0, 1, 1, 1, 2, 0, 2]
[1, 0, 3, 1, 2, 0, 3, 1, 0, 2]
[1, 2, 0, 3, 0, 1, 0, 3, 20, 2]
[1, 1, 2, 1, 0, 0, 1, 6, 1, 1]
[1, 1, 0, 0, 1, 0, 1, 1, 2, 2]
users_4_m:
[1, 2, 0, 0, 2, 1, 0, 2, 0, 1]
[0, 0, 2, 2, 1, 5, 3, 1, 2, 1]
[0, 1, 0, 1, 0, 4, 1, 1, 3, 3]
[3, 1, 2, 1, 1, 1, 3, 1, 1, 1]
[0, 1, 2, 1, 2, 2, 2, 0, 1, 2]
[0, 1, 2, 1, 2, 2, 0, 0, 0, 1]
[0, 1, 1, 3, 1, 1, 1, 1, 1, 1]
[1, 3, 2, 2, 2, 0, 0, 4, 39, 0]
[0, 2, 0, 2, 2, 0, 2, 4, 2, 1]
[2, 2, 2, 3, 1, 0, 0, 0, 0, 3]
users_5_m:
[2, 2, 1, 2, 2, 2, 0, 1, 1, 1]
[1, 2, 1, 1, 0, 1, 0, 1, 1, 4]
[1, 1, 0, 0, 1, 2, 3, 3, 1, 2]
[1, 4, 4, 2, 0, 5, 0, 3, 3, 4]
[1, 1, 0, 6, 1, 3, 3, 1, 2, 0]
[0, 3, 2, 4, 3, 1, 0, 0, 1, 2]
[2, 1, 2, 4, 2, 3, 1, 0, 1, 0]
[0, 0, 5, 1, 5, 1, 2, 0, 19, 3]
[3, 2, 3, 0, 3, 1, 1, 2, 4, 3]
[1, 1, 1, 3, 1, 0, 4, 4, 5, 2]
users_6_m:
[3, 3, 3, 3, 2, 3, 3, 0, 1, 3]
[1, 0, 3, 3, 0, 3, 2, 0, 0, 4]
[2, 4, 2, 2, 1, 0, 2, 3, 0, 1]
[2, 1, 4, 5, 0, 0, 0, 1, 2, 0]
[1, 1, 3, 0, 1, 0, 1, 1, 0, 2]
[1, 2, 1, 0, 4, 1, 1, 4, 3, 3]
[3, 3, 3, 0, 2, 0, 2, 3, 1, 2]
[1, 0, 2, 2, 1, 0, 0, 1, 2, 4]
[0, 2, 0, 2, 0, 0, 2, 0, 2, 0]
[3, 2, 2, 2, 3, 3, 0, 2, 3, 0]
users_7_m:
[4, 4, 1, 0, 3, 0, 1, 0, 1, 0]
[2, 2, 0, 1, 2, 1, 3, 2, 1, 3]
[1, 1, 1, 1, 3, 0, 0, 0, 3, 1]
[4, 2, 0, 2, 0, 1, 2, 2, 2, 4]
[0, 1, 0, 0, 3, 1, 2, 0, 1, 2]
[2, 1, 3, 1, 2, 1, 3, 0, 2, 0]
[4, 1, 2, 4, 3, 1, 2, 1, 0, 0]
[0, 2, 3, 1, 3, 0, 0, 1, 1, 1]
[0, 2, 0, 1, 2, 1, 0, 0, 4, 1]
[2, 1, 2, 0, 4, 0, 0, 1, 0, 0]
users_8_m:
[2, 0, 0, 1, 1, 1, 0, 2, 1, 0]
[0, 0, 1, 2, 0, 0, 0, 1, 2, 1]
[0, 3, 0, 2, 0, 1, 0, 5, 2, 1]
[0, 0, 2, 0, 2, 0, 0, 0, 0, 1]
[1, 0, 1, 0, 3, 2, 0, 1, 0, 1]
[2, 1, 0, 3, 0, 2, 2, 1, 0, 3]
[2, 1, 3, 2, 4, 0, 0, 0, 0, 0]
[2, 0, 1, 3, 1, 1, 3, 0, 1, 1]
[0, 0, 1, 0, 0, 2, 0, 4, 0, 1]
[1, 2, 3, 1, 1, 0, 1, 0, 1, 5]
users_9_m:
[0, 0, 0, 1, 2, 1, 0, 2, 1, 1]
[1, 2, 1, 0, 3, 0, 0, 0, 2, 2]
[0, 1, 0, 0, 0, 1, 0, 0, 0, 1]
[1, 1, 0, 0, 0, 0, 0, 2, 0, 1]
[0, 3, 2, 6, 0, 0, 3, 1, 2, 1]
[0, 0, 2, 1, 0, 2, 1, 1, 1, 1]
[0, 0, 0, 0, 0, 0, 0, 1, 0, 1]
[0, 2, 1, 0, 1, 0, 0, 0, 0, 2]
[0, 1, 0, 4, 1, 1, 1, 2, 1, 1]
[1, 0, 1, 0, 1, 0, 0, 0, 2, 2]
users_10_m:
[0, 0, 0, 0, 0, 0, 0, 0, 0, 1]
[0, 0, 0, 0, 0, 1, 1, 0, 0, 1]
[0, 0, 0, 1, 1, 0, 1, 0, 0, 0]
[0, 0, 1, 0, 1, 0, 2, 0, 0, 0]
[0, 0, 0, 2, 0, 0, 0, 0, 0, 2]
[0, 0, 0, 0, 0, 0, 0, 1, 1, 2]
[1, 1, 0, 1, 0, 2, 2, 0, 0, 1]
[0, 0, 0, 0, 2, 0, 0, 1, 1, 1]
[0, 1, 2, 0, 1, 0, 1, 3, 0, 0]
[2, 0, 0, 0, 0, 0, 2, 1, 1, 0]
users_11_m:
[0, 0, 0, 2, 0, 0, 0, 0, 0, 0]
[0, 0, 0, 1, 0, 0, 0, 1, 0, 0]
[0, 0, 0, 0, 0, 0, 0, 0, 0, 0]
[0, 0, 0, 0, 0, 0, 0, 0, 0, 0]
[0, 0, 1, 0, 0, 0, 0, 0, 0, 0]
[0, 0, 0, 1, 0, 0, 0, 0, 1, 0]
[0, 0, 0, 0, 0, 1, 0, 0, 0, 0]
[0, 0, 0, 0, 0, 0, 0, 0, 0, 0]
[0, 0, 0, 0, 1, 0, 0, 0, 0, 0]
[0, 0, 0, 0, 0, 0, 0, 0, 0, 0]
MAX_USER_PER_ANTENNAS_m:  [40, 40, 40, 40, 40, 40, 40, 40, 40, 40, 40, 40, 40, 40, 40, 40, 40, 40, 40, 40, 40, 40, 40, 40, 40, 40, 40, 40, 40, 40, 40, 40, 40, 40, 40, 40, 40, 40, 40, 40, 40, 40, 40, 40, 40, 40, 40, 40, 40, 40, 40, 40, 40, 40, 40, 40, 40, 40, 40, 40, 40, 40, 40, 40, 40, 40, 40, 40, 40, 40, 40, 40, 40, 40, 40, 40, 40, 40, 40, 40, 40, 40, 40, 40, 40, 40, 40, 40, 40, 40, 40, 40, 40, 40, 40, 40, 40, 40, 40, 40]
antennas_map_m:  [1, 1, 1, 1, 1, 1, 1, 1, 1, 1, 1, 1, 1, 1, 1, 1, 1, 1, 1, 1, 1, 1, 1, 1, 1, 1, 1, 1, 1, 1, 1, 1, 1, 1, 1, 1, 1, 1, 1, 1, 1, 1, 1, 1, 1, 1, 1, 1, 1, 1, 1, 1, 1, 1, 1, 1, 1, 1, 1, 1, 1, 1, 1, 1, 1, 1, 1, 1, 1, 1, 1, 1, 1, 1, 1, 1, 1, 1, 1, 1, 1, 1, 1, 1, 1, 1, 1, 1, 1, 1, 1, 1, 1, 1, 1, 1, 1, 1, 1, 1]
FIRST_ANTENNA:  4
MIN_SNR_m:  [3.1622776601683795, 3.1622776601683795, 3.1622776601683795, 3.1622776601683795, 3.1622776601683795, 3.1622776601683795, 3.1622776601683795, 3.1622776601683795, 3.1622776601683795, 3.1622776601683795, 3.1622776601683795, 3.1622776601683795, 3.1622776601683795, 3.1622776601683795, 3.1622776601683795, 3.1622776601683795, 3.1622776601683795, 3.1622776601683795, 3.1622776601683795, 3.1622776601683795, 3.1622776601683795, 3.1622776601683795, 3.1622776601683795, 3.1622776601683795, 3.1622776601683795, 3.1622776601683795, 3.1622776601683795, 3.1622776601683795, 3.1622776601683795, 3.1622776601683795, 3.1622776601683795, 3.1622776601683795, 3.1622776601683795, 3.1622776601683795, 3.1622776601683795, 3.1622776601683795, 3.1622776601683795, 3.1622776601683795, 3.1622776601683795, 3.1622776601683795, 3.1622776601683795, 3.1622776601683795, 3.1622776601683795, 3.1622776601683795, 3.1622776601683795, 3.1622776601683795, 3.1622776601683795, 3.1622776601683795, 3.1622776601683795, 3.1622776601683795, 3.1622776601683795, 3.1622776601683795, 3.1622776601683795, 3.1622776601683795, 3.1622776601683795, 3.1622776601683795, 3.1622776601683795, 3.1622776601683795, 3.1622776601683795, 3.1622776601683795, 3.1622776601683795, 3.1622776601683795, 3.1622776601683795, 3.1622776601683795, 3.1622776601683795, 3.1622776601683795, 3.1622776601683795, 3.1622776601683795, 3.1622776601683795, 3.1622776601683795, 3.1622776601683795, 3.1622776601683795, 3.1622776601683795, 3.1622776601683795, 3.1622776601683795, 3.1622776601683795, 3.1622776601683795, 3.1622776601683795, 3.1622776601683795, 3.1622776601683795, 3.1622776601683795, 3.1622776601683795, 3.1622776601683795, 3.1622776601683795, 3.1622776601683795, 3.1622776601683795, 3.1622776601683795, 3.1622776601683795, 3.1622776601683795, 3.1622776601683795, 3.1622776601683795, 3.1622776601683795, 3.1622776601683795, 3.1622776601683795, 3.1622776601683795, 3.1622776601683795, 3.1622776601683795, 3.1622776601683795, 3.1622776601683795, 3.1622776601683795]
-MIN_DIST:  2000
- disaster percentage:  0

Slice  0
Updating fitness _wolf
--------

Run GWO to deployment +1 antenna on the map
	Pack size:  300
	Wolf dimension 1
	Max iter 100
	antennas_regions:  [4]
	users_regions:  [78 79 87 88 89 98]
	Seed_base:  86257
initial_alpha:  Wolf 0 (86257). Fitness: 0
	(1669.5114471238294, 2519.1697895623356, 0). Region: 64
initial_beta:  Wolf 1 (86258). Fitness: 0
	(2229.163326015909, 1666.926101468317, 0). Region: 45
initial_delta:  Wolf 2 (86259). Fitness: 0
	(2243.113999015527, 3474.718427083259, 0). Region: 85 

iter = 10
Alpha wolf:  Wolf 0 (86257). Fitness: 0
	(1706.6039023206934, 685.761713403723, 0.0). Region: 14
iter = 20
Alpha wolf:  Wolf 0 (86257). Fitness: 0
	(2736.024002869661, 369.0360277345604, 0.0). Region: 6
iter = 30
Alpha wolf:  Wolf 0 (86257). Fitness: 0
	(207.03002137094597, 466.57843632394383, 0.0). Region: 10
iter = 40
Alpha wolf:  Wolf 0 (86257). Fitness: 0
	(66.21531496976911, 723.1625467405603, 0.0). Region: 10
iter = 50
Alpha wolf:  Wolf 0 (86257). Fitness: 0
	(125.50187319808629, 3294.6883869258927, 0.0). Region: 80
iter = 60
Alpha wolf:  Wolf 0 (86257). Fitness: 0
	(110.72741012778465, 3418.899702378529, 0.0). Region: 80
iter = 70
Alpha wolf:  Wolf 0 (86257). Fitness: 0
	(57.45582261589669, 2591.097125531709, 0.0). Region: 60
iter = 80
Alpha wolf:  Wolf 0 (86257). Fitness: 0
	(62.6035106061085, 2068.8908139744926, 0.0). Region: 50
iter = 90
Alpha wolf:  Wolf 0 (86257). Fitness: 0
	(54.02744886510584, 2409.591750415734, 0.0). Region: 60

Run GWO to deployment +2 antenna on the map
	Pack size:  300
	Wolf dimension 2
	Max iter 100
	antennas_regions:  [4]
	users_regions:  [78 79 87 88 89 98]
	Seed_base:  2566
initial_alpha:  Wolf 17 (2583). Fitness: 3124.0760021634496
	(3257.087359718821, 1760.7311417158814, 0). Region: 48
	(2521.034529497261, 1910.2290154718867, 0). Region: 46
initial_beta:  Wolf 196 (2762). Fitness: 1392.4432145820838
	(3309.7268391328303, 1919.3151275031673, 0). Region: 48
	(2285.9315933455887, 2231.574543247898, 0). Region: 55
initial_delta:  Wolf 158 (2724). Fitness: 644.1452510224494
	(2726.695233183373, 2613.4963924986937, 0). Region: 66
	(2604.2774199551086, 1601.0382766512948, 0). Region: 46 

The alpha wolf has been updated to a position with higher fitness. iter = 7
New alpha wolf:  Wolf 100 (2666). Fitness: 3357.731383858412
	(3215.2175635907683, 1772.7908403049607, 0.0). Region: 48
	(1979.4756990997996, 1952.1592407839, 0.0). Region: 44
iter = 10
Alpha wolf:  Wolf 100 (2666). Fitness: 3357.731383858412
	(3215.2175635907683, 1772.7908403049607, 0.0). Region: 48
	(1979.4756990997996, 1952.1592407839, 0.0). Region: 44
iter = 20
Alpha wolf:  Wolf 100 (2666). Fitness: 3357.731383858412
	(3215.2175635907683, 1772.7908403049607, 0.0). Region: 48
	(1979.4756990997996, 1952.1592407839, 0.0). Region: 44
iter = 30
Alpha wolf:  Wolf 100 (2666). Fitness: 3357.731383858412
	(3215.2175635907683, 1772.7908403049607, 0.0). Region: 48
	(1979.4756990997996, 1952.1592407839, 0.0). Region: 44
iter = 40
Alpha wolf:  Wolf 100 (2666). Fitness: 3357.731383858412
	(3215.2175635907683, 1772.7908403049607, 0.0). Region: 48
	(1979.4756990997996, 1952.1592407839, 0.0). Region: 44
iter = 50
Alpha wolf:  Wolf 100 (2666). Fitness: 3357.731383858412
	(3215.2175635907683, 1772.7908403049607, 0.0). Region: 48
	(1979.4756990997996, 1952.1592407839, 0.0). Region: 44
iter = 60
Alpha wolf:  Wolf 100 (2666). Fitness: 3357.731383858412
	(3215.2175635907683, 1772.7908403049607, 0.0). Region: 48
	(1979.4756990997996, 1952.1592407839, 0.0). Region: 44
iter = 70
Alpha wolf:  Wolf 100 (2666). Fitness: 3357.731383858412
	(3215.2175635907683, 1772.7908403049607, 0.0). Region: 48
	(1979.4756990997996, 1952.1592407839, 0.0). Region: 44
iter = 80
Alpha wolf:  Wolf 100 (2666). Fitness: 3357.731383858412
	(3215.2175635907683, 1772.7908403049607, 0.0). Region: 48
	(1979.4756990997996, 1952.1592407839, 0.0). Region: 44
iter = 90
Alpha wolf:  Wolf 100 (2666). Fitness: 3357.731383858412
	(3215.2175635907683, 1772.7908403049607, 0.0). Region: 48
	(1979.4756990997996, 1952.1592407839, 0.0). Region: 44

- Finishing GWO - 

Best solution:  Wolf 100 (2666). Fitness: 3357.731383858412
	(3215.2175635907683, 1772.7908403049607, 0.0). Region: 48
	(1979.4756990997996, 1952.1592407839, 0.0). Region: 44
Antennas in slice 0:  [ 4 44 48]

Slice  1
Updating fitness _wolf
--------

Run GWO to deployment +1 antenna on the map
	Pack size:  300
	Wolf dimension 1
	Max iter 100
	antennas_regions:  [ 4 44 48]
	users_regions:  [ 2  5  6  8 13 18 20 24 25 26 27 30 31 35 39 40 42 44 50 62 67 72 74 76
 78 79 85 87 88 89 90 94 97 99]
	Seed_base:  90493
initial_alpha:  Wolf 245 (90738). Fitness: 9.144509822916257e-05
	(1867.644502802264, 3255.3921659530424, 0). Region: 84
initial_beta:  Wolf 294 (90787). Fitness: 9.144509822916257e-05
	(1843.2623241256376, 3326.760752484146, 0). Region: 84
initial_delta:  Wolf 66 (90559). Fitness: 8.961619626532356e-05
	(1807.6953466972468, 2304.3353925970687, 0). Region: 54 

iter = 10
Alpha wolf:  Wolf 245 (90738). Fitness: 9.144509822916257e-05
	(1867.644502802264, 3255.3921659530424, 0). Region: 84
iter = 20
Alpha wolf:  Wolf 245 (90738). Fitness: 9.144509822916257e-05
	(1778.366881539865, 3430.2603157939793, 0.0). Region: 84
iter = 30
Alpha wolf:  Wolf 245 (90738). Fitness: 9.144509822916257e-05
	(1778.366881539865, 3430.2603157939793, 0.0). Region: 84
iter = 40
Alpha wolf:  Wolf 245 (90738). Fitness: 9.144509822916257e-05
	(1652.7738486116014, 3370.1144851321137, 0.0). Region: 84
iter = 50
Alpha wolf:  Wolf 245 (90738). Fitness: 9.144509822916257e-05
	(1710.9028732014697, 3433.6626006795404, 0.0). Region: 84
iter = 60
Alpha wolf:  Wolf 245 (90738). Fitness: 9.144509822916257e-05
	(1994.3963103689614, 3333.123561088642, 0.0). Region: 84
iter = 70
Alpha wolf:  Wolf 245 (90738). Fitness: 9.144509822916257e-05
	(1994.3963103689614, 3333.123561088642, 0.0). Region: 84
iter = 80
Alpha wolf:  Wolf 245 (90738). Fitness: 9.144509822916257e-05
	(1759.066919694725, 3233.3141278522603, 0.0). Region: 84
iter = 90
Alpha wolf:  Wolf 245 (90738). Fitness: 9.144509822916257e-05
	(1862.1005876682834, 3466.431636497635, 0.0). Region: 84

- Finishing GWO - 

Best solution:  Wolf 245 (90738). Fitness: 9.144509822916257e-05
	(1832.6780889797774, 3423.5974409328346, 0.0). Region: 84
Antennas in slice 1:  [ 4 44 48 84]

Slice  2
Updating fitness _wolf
--------
The set of antennas serves the scenario in the respective slice(2).

Slice  3
Updating fitness _wolf
--------
The set of antennas serves the scenario in the respective slice(3).

Slice  4
Updating fitness _wolf
--------

Run GWO to deployment +1 antenna on the map
	Pack size:  300
	Wolf dimension 1
	Max iter 100
	antennas_regions:  [ 4 44 48 84]
	users_regions:  [ 0  1  4  5  7  9 12 13 14 15 16 17 18 19 21 23 25 26 27 28 29 30 31 32
 33 34 35 36 37 38 39 41 42 43 44 45 46 48 49 51 52 53 54 55 59 61 62 63
 64 65 66 67 68 69 70 71 72 73 74 77 78 81 83 84 86 87 88 89 90 91 92 93
 94 99]
	Seed_base:  72360
initial_alpha:  Wolf 19 (72379). Fitness: 7.621475235433836e-05
	(2289.6482924229517, 1690.528487851644, 0). Region: 45
initial_beta:  Wolf 31 (72391). Fitness: 7.621475235433836e-05
	(2011.4822532737535, 1819.5015642965063, 0). Region: 45
initial_delta:  Wolf 33 (72393). Fitness: 7.530862002331529e-05
	(3820.382657334854, 196.5392303695328, 0). Region: 9 

iter = 10
Alpha wolf:  Wolf 19 (72379). Fitness: 7.621475235433836e-05
	(2289.6482924229517, 1690.528487851644, 0). Region: 45
iter = 20
Alpha wolf:  Wolf 19 (72379). Fitness: 7.621475235433836e-05
	(2251.509231864168, 1950.7530926987695, 0.0). Region: 45
iter = 30
Alpha wolf:  Wolf 19 (72379). Fitness: 7.621475235433836e-05
	(2251.509231864168, 1950.7530926987695, 0.0). Region: 45
iter = 40
Alpha wolf:  Wolf 19 (72379). Fitness: 7.621475235433836e-05
	(2013.305830924479, 1717.5042686722036, 0.0). Region: 45
iter = 50
Alpha wolf:  Wolf 19 (72379). Fitness: 7.621475235433836e-05
	(2086.4099512122025, 1808.154588352425, 0.0). Region: 45
iter = 60
Alpha wolf:  Wolf 19 (72379). Fitness: 7.621475235433836e-05
	(2066.5237720125406, 1795.4679234874907, 0.0). Region: 45
iter = 70
Alpha wolf:  Wolf 19 (72379). Fitness: 7.621475235433836e-05
	(2092.4509158782157, 1672.375523434, 0.0). Region: 45
iter = 80
Alpha wolf:  Wolf 19 (72379). Fitness: 7.621475235433836e-05
	(2298.889530813805, 1755.9903518940932, 0.0). Region: 45
iter = 90
Alpha wolf:  Wolf 19 (72379). Fitness: 7.621475235433836e-05
	(2217.392837717562, 1951.69050850122, 0.0). Region: 45

- Finishing GWO - 

Best solution:  Wolf 19 (72379). Fitness: 7.621475235433836e-05
	(2263.550012745288, 1915.6576555476506, 0.0). Region: 45
Antennas in slice 4:  [ 4 44 45 48 84]

Slice  5
Updating fitness _wolf
--------

Run GWO to deployment +1 antenna on the map
	Pack size:  300
	Wolf dimension 1
	Max iter 100
	antennas_regions:  [ 4 44 45 48 84]
	users_regions:  [ 0  1  2  3  4  5  7  8  9 10 11 12 13 15 17 18 19 20 21 24 25 26 27 28
 29 30 31 32 33 35 37 38 39 40 41 43 44 45 46 47 48 51 52 53 54 55 58 59
 60 61 62 63 64 65 66 68 72 73 74 75 76 78 79 80 81 82 84 85 86 87 88 89
 90 91 92 93 94 96 97 98 99]
	Seed_base:  92274
initial_alpha:  Wolf 93 (92367). Fitness: 0.00011923043732399125
	(1605.7754349522381, 701.6731145134715, 0). Region: 14
initial_beta:  Wolf 124 (92398). Fitness: 0.00011923043732399125
	(1616.971264076565, 624.3669007395943, 0). Region: 14
initial_delta:  Wolf 156 (92430). Fitness: 0.00011923043732399125
	(1924.9637224018138, 758.2500744409804, 0). Region: 14 

iter = 10
Alpha wolf:  Wolf 93 (92367). Fitness: 0.00011923043732399125
	(1861.921860404735, 677.5244505868625, 0.0). Region: 14
iter = 20
Alpha wolf:  Wolf 93 (92367). Fitness: 0.00011923043732399125
	(1861.4591638713578, 763.7132631211531, 0.0). Region: 14
iter = 30
Alpha wolf:  Wolf 93 (92367). Fitness: 0.00011923043732399125
	(1619.6782304823005, 452.75269955491177, 0.0). Region: 14
iter = 40
Alpha wolf:  Wolf 93 (92367). Fitness: 0.00011923043732399125
	(1619.6782304823005, 452.75269955491177, 0.0). Region: 14
iter = 50
Alpha wolf:  Wolf 93 (92367). Fitness: 0.00011923043732399125
	(1686.9573974656432, 673.9030629105675, 0.0). Region: 14
iter = 60
Alpha wolf:  Wolf 93 (92367). Fitness: 0.00011923043732399125
	(1798.4276389248273, 643.4509744548898, 0.0). Region: 14
iter = 70
Alpha wolf:  Wolf 93 (92367). Fitness: 0.00011923043732399125
	(1666.0248949878464, 552.7107943138086, 0.0). Region: 14
iter = 80
Alpha wolf:  Wolf 93 (92367). Fitness: 0.00011923043732399125
	(1923.1719029800825, 507.46561166756055, 0.0). Region: 14
iter = 90
Alpha wolf:  Wolf 93 (92367). Fitness: 0.00011923043732399125
	(1780.9373491110332, 605.7772364884429, 0.0). Region: 14

- Finishing GWO - 

Best solution:  Wolf 93 (92367). Fitness: 0.00011923043732399125
	(1828.968354735262, 612.6150305594304, 0.0). Region: 14
Antennas in slice 5:  [ 4 14 44 45 48 84]

Slice  6
Updating fitness _wolf
--------
The set of antennas serves the scenario in the respective slice(6).

Slice  7
Updating fitness _wolf
--------
The set of antennas serves the scenario in the respective slice(7).

Slice  8
Updating fitness _wolf
--------
The set of antennas serves the scenario in the respective slice(8).

Slice  9
Updating fitness _wolf
--------
The set of antennas serves the scenario in the respective slice(9).

Slice  10
Updating fitness _wolf
--------
The set of antennas serves the scenario in the respective slice(10).

Slice  11
Updating fitness _wolf
--------
The set of antennas serves the scenario in the respective slice(11).

Média de carros: 5.166666666666667
t=0
Antennas: [ 4 44 48]
Users: [78 79 87 88 89 98]
MinSINR:  3.1622776601683795
$x_{0,4}$
		Usuarios totais: 0
$x_{0,44}$
	 $y_{0,44,87}$ = 5.061600120855303 dB
		SNR medio:  2.5308000604276515
		Usuarios totais: 2
$x_{0,48}$
	 $y_{0,48,78}$ = 5.960576633598919 dB
	 $y_{0,48,79}$ = 7.95108817164828 dB
	 $y_{0,48,88}$ = 7.752229783583715 dB
	 $y_{0,48,89}$ = 10.48026244474525 dB
	 $y_{0,48,98}$ = 10.848136994549066 dB
		SNR medio:  1.4824928975215597
		Usuarios totais: 29
Distances:
4 : 44 = 1600.0
4 : 48 = 2262.741699796952
44 : 48 = 1600.0
t=1
Antennas: [ 4 44 48 84]
Users: [ 2  5  6  8 13 18 20 24 25 26 27 30 31 35 39 40 42 44 50 62 67 72 74 76
 78 79 85 87 88 89 90 94 97 99]
MinSINR:  3.1622776601683795
$x_{1,4}$
	 $y_{1,4,2}$ = 17.165100009198653 dB
	 $y_{1,4,30}$ = 7.455503798947376 dB
		SNR medio:  12.310301904073015
		Usuarios totais: 2
$x_{1,44}$
	 $y_{1,44,8}$ = 9.716963270676047 dB
	 $y_{1,44,20}$ = 5.806020256421789 dB
	 $y_{1,44,50}$ = 10.497828239305193 dB
	 $y_{1,44,13}$ = 11.891109548210295 dB
	 $y_{1,44,24}$ = 19.038167664892583 dB
	 $y_{1,44,31}$ = 9.340662678149812 dB
	 $y_{1,44,40}$ = 6.7235992958285635 dB
	 $y_{1,44,42}$ = 12.967259528310478 dB
	 $y_{1,44,87}$ = 5.061600120855303 dB
	 $y_{1,44,94}$ = 12.887351202648532 dB
	 $y_{1,44,76}$ = 9.304783848057696 dB
	 $y_{1,44,44}$ = 89.4192955779524 dB
		SNR medio:  12.665915076956793
		Usuarios totais: 16
$x_{1,48}$
	 $y_{1,48,79}$ = 7.95108817164828 dB
	 $y_{1,48,89}$ = 10.48026244474525 dB
	 $y_{1,48,5}$ = 5.824564635873372 dB
	 $y_{1,48,18}$ = 15.802973832001115 dB
	 $y_{1,48,26}$ = 13.051357172152848 dB
	 $y_{1,48,27}$ = 17.85352912993345 dB
	 $y_{1,48,39}$ = 25.444146684544805 dB
	 $y_{1,48,78}$ = 5.960576633598919 dB
	 $y_{1,48,88}$ = 7.752229783583715 dB
	 $y_{1,48,6}$ = 6.78017316407184 dB
	 $y_{1,48,25}$ = 11.696360520920024 dB
	 $y_{1,48,35}$ = 15.643191777530589 dB
	 $y_{1,48,67}$ = 16.50790363981801 dB
	 $y_{1,48,74}$ = 7.393782062995058 dB
		SNR medio:  4.203553491335432
		Usuarios totais: 40
$x_{1,84}$
	 $y_{1,84,62}$ = 17.923463022517694 dB
	 $y_{1,84,72}$ = 19.005655397661926 dB
	 $y_{1,84,85}$ = 35.5270755065083 dB
	 $y_{1,84,90}$ = 9.64526685267063 dB
	 $y_{1,84,97}$ = 12.534250674740434 dB
	 $y_{1,84,99}$ = 7.787534102974206 dB
		SNR medio:  17.070540926178865
		Usuarios totais: 6
Distances:
4 : 44 = 1600.0
4 : 48 = 2262.741699796952
4 : 84 = 3200.0
44 : 48 = 1600.0
44 : 84 = 1600.0
48 : 84 = 2262.741699796952
t=2
Antennas: [ 4 44 48 84]
Users: [ 3  5  6  7  8  9 11 13 15 16 17 18 19 20 24 28 29 30 32 35 36 40 42 43
 45 47 48 49 51 54 59 60 65 68 70 71 76 78 79 81 83 85 87 88 89 90 92 93
 98 99]
MinSINR:  3.1622776601683795
$x_{2,4}$
	 $y_{2,4,3}$ = 33.198741510961526 dB
	 $y_{2,4,9}$ = 10.066777147082433 dB
	 $y_{2,4,30}$ = 7.455503798947376 dB
		SNR medio:  12.680255614247834
		Usuarios totais: 4
$x_{2,44}$
	 $y_{2,44,8}$ = 9.716963270676047 dB
	 $y_{2,44,20}$ = 5.806020256421789 dB
	 $y_{2,44,51}$ = 11.638543196806552 dB
	 $y_{2,44,11}$ = 14.46824745392648 dB
	 $y_{2,44,13}$ = 11.891109548210295 dB
	 $y_{2,44,16}$ = 14.282528788723624 dB
	 $y_{2,44,24}$ = 19.038167664892583 dB
	 $y_{2,44,83}$ = 7.87303745964482 dB
	 $y_{2,44,87}$ = 5.061600120855303 dB
	 $y_{2,44,32}$ = 18.640083205618325 dB
	 $y_{2,44,71}$ = 10.904698668306253 dB
		SNR medio:  8.62139997560547
		Usuarios totais: 15
$x_{2,48}$
	 $y_{2,48,19}$ = 6.325790233047542 dB
	 $y_{2,48,29}$ = 18.466703510965417 dB
	 $y_{2,48,49}$ = 27.442412588134786 dB
	 $y_{2,48,79}$ = 7.95108817164828 dB
	 $y_{2,48,89}$ = 10.48026244474525 dB
	 $y_{2,48,5}$ = 5.824564635873372 dB
	 $y_{2,48,7}$ = 8.633031893120688 dB
	 $y_{2,48,18}$ = 15.802973832001115 dB
	 $y_{2,48,28}$ = 16.141836387007857 dB
	 $y_{2,48,47}$ = 26.06624300561893 dB
	 $y_{2,48,68}$ = 13.226223431512977 dB
	 $y_{2,48,88}$ = 7.752229783583715 dB
	 $y_{2,48,98}$ = 10.848136994549066 dB
	 $y_{2,48,43}$ = 13.009194352447295 dB
	 $y_{2,48,45}$ = 15.38495374632845 dB
	 $y_{2,48,65}$ = 10.046362364434415 dB
	 $y_{2,48,76}$ = 5.519027965407304 dB
	 $y_{2,48,6}$ = 6.78017316407184 dB
	 $y_{2,48,15}$ = 5.206961344336037 dB
	 $y_{2,48,17}$ = 15.460846362738991 dB
	 $y_{2,48,35}$ = 15.643191777530589 dB
	 $y_{2,48,36}$ = 11.210915536632655 dB
	 $y_{2,48,48}$ = 89.46490920393947 dB
		SNR medio:  10.362515220847886
		Usuarios totais: 35
$x_{2,84}$
	 $y_{2,84,70}$ = 12.588376334935987 dB
	 $y_{2,84,85}$ = 35.5270755065083 dB
	 $y_{2,84,90}$ = 9.64526685267063 dB
	 $y_{2,84,92}$ = 21.34494851449942 dB
	 $y_{2,84,93}$ = 23.952725559054173 dB
	 $y_{2,84,99}$ = 7.787534102974206 dB
	 $y_{2,84,40}$ = 8.722755486469097 dB
	 $y_{2,84,42}$ = 9.100386536210749 dB
	 $y_{2,84,54}$ = 12.790553448356121 dB
	 $y_{2,84,59}$ = 6.6106793337152965 dB
	 $y_{2,84,60}$ = 8.740308202479923 dB
	 $y_{2,84,78}$ = 10.143740762521503 dB
	 $y_{2,84,81}$ = 15.443325004571136 dB
		SNR medio:  4.559941891124163
		Usuarios totais: 40
Distances:
4 : 44 = 1600.0
4 : 48 = 2262.741699796952
4 : 84 = 3200.0
44 : 48 = 1600.0
44 : 84 = 1600.0
48 : 84 = 2262.741699796952
t=3
Antennas: [ 4 44 48 84]
Users: [ 1  2  3  4  5  6  7  8  9 13 15 16 17 19 20 22 24 25 26 27 28 31 32 36
 37 38 43 44 45 46 47 50 52 54 55 56 57 59 60 62 63 64 66 67 69 70 71 73
 75 77 78 79 80 81 82 83 86 87 88 89 90 91 94 96 97 98 99]
MinSINR:  3.1622776601683795
$x_{3,4}$
	 $y_{3,4,2}$ = 17.165100009198653 dB
	 $y_{3,4,3}$ = 33.198741510961526 dB
	 $y_{3,4,9}$ = 10.066777147082433 dB
	 $y_{3,4,1}$ = 6.957089411723928 dB
	 $y_{3,4,4}$ = 89.19225902590689 dB
	 $y_{3,4,5}$ = 27.201822386857742 dB
	 $y_{3,4,7}$ = 10.610741084835638 dB
	 $y_{3,4,13}$ = 28.56660826307366 dB
	 $y_{3,4,16}$ = 19.961095873874015 dB
	 $y_{3,4,22}$ = 21.405985696902462 dB
	 $y_{3,4,24}$ = 15.048405335109862 dB
	 $y_{3,4,26}$ = 12.869420849290947 dB
	 $y_{3,4,31}$ = 8.409691816382008 dB
	 $y_{3,4,15}$ = 20.693275104617726 dB
	 $y_{3,4,25}$ = 12.47980508045714 dB
	 $y_{3,4,36}$ = 7.015305669597751 dB
	 $y_{3,4,37}$ = 16.300065017953273 dB
	 $y_{3,4,32}$ = 11.950317639358076 dB
	 $y_{3,4,52}$ = 13.285475384389954 dB
	 $y_{3,4,71}$ = 7.2324369514386575 dB
		SNR medio:  12.98701397530041
		Usuarios totais: 30
$x_{3,44}$
	 $y_{3,44,8}$ = 9.716963270676047 dB
	 $y_{3,44,20}$ = 5.806020256421789 dB
	 $y_{3,44,50}$ = 10.497828239305193 dB
	 $y_{3,44,73}$ = 19.84589259654706 dB
	 $y_{3,44,77}$ = 8.859106526126766 dB
	 $y_{3,44,44}$ = 89.4192955779524 dB
		SNR medio:  13.10410058791175
		Usuarios totais: 11
$x_{3,48}$
	 $y_{3,48,19}$ = 6.325790233047542 dB
	 $y_{3,48,38}$ = 34.613332403291224 dB
	 $y_{3,48,79}$ = 7.95108817164828 dB
	 $y_{3,48,89}$ = 10.48026244474525 dB
	 $y_{3,48,27}$ = 17.85352912993345 dB
	 $y_{3,48,28}$ = 16.141836387007857 dB
	 $y_{3,48,47}$ = 26.06624300561893 dB
	 $y_{3,48,66}$ = 11.757742081222347 dB
	 $y_{3,48,78}$ = 5.960576633598919 dB
	 $y_{3,48,88}$ = 7.752229783583715 dB
	 $y_{3,48,96}$ = 9.262368234806843 dB
	 $y_{3,48,98}$ = 10.848136994549066 dB
	 $y_{3,48,6}$ = 6.78017316407184 dB
	 $y_{3,48,17}$ = 15.460846362738991 dB
		SNR medio:  4.681353875746606
		Usuarios totais: 40
$x_{3,84}$
	 $y_{3,84,62}$ = 17.923463022517694 dB
	 $y_{3,84,70}$ = 12.588376334935987 dB
	 $y_{3,84,82}$ = 16.508205449560407 dB
	 $y_{3,84,86}$ = 14.482008215076178 dB
	 $y_{3,84,90}$ = 9.64526685267063 dB
	 $y_{3,84,91}$ = 15.503251257552861 dB
	 $y_{3,84,97}$ = 12.534250674740434 dB
	 $y_{3,84,99}$ = 7.787534102974206 dB
	 $y_{3,84,54}$ = 12.790553448356121 dB
	 $y_{3,84,59}$ = 6.6106793337152965 dB
	 $y_{3,84,60}$ = 8.740308202479923 dB
	 $y_{3,84,63}$ = 12.746991243376328 dB
	 $y_{3,84,64}$ = 27.0916420561649 dB
	 $y_{3,84,69}$ = 5.339580302485132 dB
	 $y_{3,84,75}$ = 15.611958910646862 dB
	 $y_{3,84,80}$ = 12.080047841293492 dB
	 $y_{3,84,81}$ = 15.443325004571136 dB
	 $y_{3,84,83}$ = 25.33032728668219 dB
	 $y_{3,84,87}$ = 10.728174637604667 dB
	 $y_{3,84,94}$ = 22.640430879653607 dB
	 $y_{3,84,43}$ = 9.872923028239143 dB
	 $y_{3,84,45}$ = 5.728656672875914 dB
	 $y_{3,84,46}$ = 5.357125790384487 dB
	 $y_{3,84,55}$ = 7.278187629659129 dB
	 $y_{3,84,56}$ = 9.37012037619958 dB
	 $y_{3,84,57}$ = 8.215372410497281 dB
	 $y_{3,84,67}$ = 6.804915919601939 dB
		SNR medio:  8.368841922112887
		Usuarios totais: 40
Distances:
4 : 44 = 1600.0
4 : 48 = 2262.741699796952
4 : 84 = 3200.0
44 : 48 = 1600.0
44 : 84 = 1600.0
48 : 84 = 2262.741699796952
t=4
Antennas: [ 4 44 45 48 84]
Users: [ 0  1  4  5  7  9 12 13 14 15 16 17 18 19 21 23 25 26 27 28 29 30 31 32
 33 34 35 36 37 38 39 41 42 43 44 45 46 48 49 51 52 53 54 55 59 61 62 63
 64 65 66 67 68 69 70 71 72 73 74 77 78 81 83 84 86 87 88 89 90 91 92 93
 94 99]
MinSINR:  3.1622776601683795
$x_{4,4}$
	 $y_{4,4,9}$ = 10.066777147082433 dB
	 $y_{4,4,30}$ = 7.455503798947376 dB
	 $y_{4,4,1}$ = 6.957089411723928 dB
	 $y_{4,4,7}$ = 10.610741084835638 dB
	 $y_{4,4,13}$ = 28.56660826307366 dB
	 $y_{4,4,0}$ = 6.537004263053802 dB
	 $y_{4,4,4}$ = 89.19225902590689 dB
	 $y_{4,4,5}$ = 27.201822386857742 dB
	 $y_{4,4,12}$ = 15.197319158153078 dB
	 $y_{4,4,16}$ = 19.961095873874015 dB
	 $y_{4,4,17}$ = 8.612943289336812 dB
	 $y_{4,4,18}$ = 6.578794135450067 dB
	 $y_{4,4,21}$ = 6.012296760875984 dB
	 $y_{4,4,23}$ = 18.081813870490578 dB
	 $y_{4,4,26}$ = 12.869420849290947 dB
	 $y_{4,4,31}$ = 8.409691816382008 dB
	 $y_{4,4,32}$ = 11.950317639358076 dB
	 $y_{4,4,33}$ = 12.609138597894884 dB
	 $y_{4,4,25}$ = 12.47980508045714 dB
	 $y_{4,4,36}$ = 7.015305669597751 dB
	 $y_{4,4,48}$ = 8.937004486236077 dB
	 $y_{4,4,52}$ = 13.285475384389954 dB
		SNR medio:  8.938159692135098
		Usuarios totais: 39
$x_{4,44}$
	 $y_{4,44,41}$ = 6.559899416550081 dB
	 $y_{4,44,51}$ = 11.638543196806552 dB
	 $y_{4,44,81}$ = 8.573134705294379 dB
	 $y_{4,44,83}$ = 7.87303745964482 dB
	 $y_{4,44,84}$ = 10.93751329992611 dB
	 $y_{4,44,44}$ = 89.4192955779524 dB
		SNR medio:  13.500142365617432
		Usuarios totais: 10
$x_{4,45}$
	 $y_{4,45,78}$ = 6.040358983818123 dB
	 $y_{4,45,14}$ = 5.846022455670607 dB
		SNR medio:  0.2971595359872182
		Usuarios totais: 40
$x_{4,48}$
	 $y_{4,48,29}$ = 18.466703510965417 dB
	 $y_{4,48,89}$ = 10.48026244474525 dB
	 $y_{4,48,19}$ = 6.325790233047542 dB
	 $y_{4,48,38}$ = 34.613332403291224 dB
	 $y_{4,48,39}$ = 25.444146684544805 dB
	 $y_{4,48,49}$ = 27.442412588134786 dB
	 $y_{4,48,27}$ = 17.85352912993345 dB
	 $y_{4,48,28}$ = 16.141836387007857 dB
	 $y_{4,48,66}$ = 11.757742081222347 dB
	 $y_{4,48,68}$ = 13.226223431512977 dB
	 $y_{4,48,43}$ = 13.009194352447295 dB
	 $y_{4,48,45}$ = 15.38495374632845 dB
	 $y_{4,48,46}$ = 11.89138249339473 dB
	 $y_{4,48,55}$ = 10.598435798210602 dB
	 $y_{4,48,65}$ = 10.046362364434415 dB
	 $y_{4,48,67}$ = 16.50790363981801 dB
	 $y_{4,48,73}$ = 9.012387299231733 dB
	 $y_{4,48,74}$ = 7.393782062995058 dB
	 $y_{4,48,77}$ = 14.513769972422068 dB
	 $y_{4,48,15}$ = 5.206961344336037 dB
	 $y_{4,48,34}$ = 9.737713226590614 dB
	 $y_{4,48,35}$ = 15.643191777530589 dB
	 $y_{4,48,37}$ = 20.960137140486324 dB
		SNR medio:  8.541453852815787
		Usuarios totais: 40
$x_{4,84}$
	 $y_{4,84,70}$ = 12.588376334935987 dB
	 $y_{4,84,86}$ = 14.482008215076178 dB
	 $y_{4,84,90}$ = 9.64526685267063 dB
	 $y_{4,84,91}$ = 15.503251257552861 dB
	 $y_{4,84,92}$ = 21.34494851449942 dB
	 $y_{4,84,93}$ = 23.952725559054173 dB
	 $y_{4,84,99}$ = 7.787534102974206 dB
	 $y_{4,84,61}$ = 8.691460898579862 dB
	 $y_{4,84,62}$ = 17.923463022517694 dB
	 $y_{4,84,69}$ = 5.339580302485132 dB
	 $y_{4,84,72}$ = 19.005655397661926 dB
	 $y_{4,84,87}$ = 10.728174637604667 dB
	 $y_{4,84,88}$ = 7.217514292457054 dB
	 $y_{4,84,94}$ = 22.640430879653607 dB
	 $y_{4,84,42}$ = 9.100386536210749 dB
	 $y_{4,84,53}$ = 12.333881751549 dB
	 $y_{4,84,54}$ = 12.790553448356121 dB
	 $y_{4,84,59}$ = 6.6106793337152965 dB
	 $y_{4,84,63}$ = 12.746991243376328 dB
	 $y_{4,84,64}$ = 27.0916420561649 dB
	 $y_{4,84,71}$ = 6.69639495353718 dB
		SNR medio:  7.105522989765825
		Usuarios totais: 40
Distances:
4 : 44 = 1600.0
4 : 45 = 1649.2422502470642
4 : 48 = 2262.741699796952
4 : 84 = 3200.0
44 : 45 = 400.0
44 : 48 = 1600.0
44 : 84 = 1600.0
45 : 48 = 1200.0
45 : 84 = 1649.2422502470642
48 : 84 = 2262.741699796952
t=5
Antennas: [ 4 14 44 45 48 84]
Users: [ 0  1  2  3  4  5  7  8  9 10 11 12 13 15 17 18 19 20 21 24 25 26 27 28
 29 30 31 32 33 35 37 38 39 40 41 43 44 45 46 47 48 51 52 53 54 55 58 59
 60 61 62 63 64 65 66 68 72 73 74 75 76 78 79 80 81 82 84 85 86 87 88 89
 90 91 92 93 94 96 97 98 99]
MinSINR:  3.1622776601683795
$x_{5,4}$
	 $y_{5,4,9}$ = 10.066777147082433 dB
	 $y_{5,4,30}$ = 7.455503798947376 dB
	 $y_{5,4,2}$ = 17.165100009198653 dB
	 $y_{5,4,3}$ = 33.198741510961526 dB
	 $y_{5,4,4}$ = 89.19225902590689 dB
	 $y_{5,4,26}$ = 12.869420849290947 dB
	 $y_{5,4,15}$ = 20.693275104617726 dB
	 $y_{5,4,17}$ = 8.612943289336812 dB
	 $y_{5,4,25}$ = 12.47980508045714 dB
	 $y_{5,4,35}$ = 12.85848347836992 dB
	 $y_{5,4,37}$ = 16.300065017953273 dB
	 $y_{5,4,44}$ = 18.287970308097727 dB
	 $y_{5,4,48}$ = 8.937004486236077 dB
	 $y_{5,4,52}$ = 13.285475384389954 dB
		SNR medio:  10.422326832994312
		Usuarios totais: 27
$x_{5,14}$
	 $y_{5,14,45}$ = 16.19601769088655 dB
	 $y_{5,14,46}$ = 12.37517328229113 dB
	 $y_{5,14,65}$ = 6.981224081015625 dB
		SNR medio:  3.9502683393548117
		Usuarios totais: 9
$x_{5,44}$
	 $y_{5,44,8}$ = 9.716963270676047 dB
	 $y_{5,44,20}$ = 5.806020256421789 dB
	 $y_{5,44,51}$ = 11.638543196806552 dB
	 $y_{5,44,10}$ = 6.019017498570179 dB
	 $y_{5,44,41}$ = 6.559899416550081 dB
	 $y_{5,44,1}$ = 5.6047492718664955 dB
	 $y_{5,44,11}$ = 14.46824745392648 dB
	 $y_{5,44,13}$ = 11.891109548210295 dB
	 $y_{5,44,64}$ = 20.994877333361515 dB
	 $y_{5,44,75}$ = 13.638352486682095 dB
	 $y_{5,44,0}$ = 14.073565044695243 dB
	 $y_{5,44,12}$ = 8.64374840302551 dB
	 $y_{5,44,21}$ = 6.082995714230805 dB
	 $y_{5,44,24}$ = 19.038167664892583 dB
	 $y_{5,44,27}$ = 10.55172081272508 dB
	 $y_{5,44,31}$ = 9.340662678149812 dB
	 $y_{5,44,32}$ = 18.640083205618325 dB
	 $y_{5,44,33}$ = 22.575604570267444 dB
	 $y_{5,44,43}$ = 29.60231318087888 dB
	 $y_{5,44,55}$ = 20.03057588342439 dB
		SNR medio:  6.6229304222744885
		Usuarios totais: 40
$x_{5,45}$
	 $y_{5,45,78}$ = 6.040358983818123 dB
	 $y_{5,45,81}$ = 7.371348401124806 dB
	 $y_{5,45,84}$ = 11.036713131929815 dB
	 $y_{5,45,53}$ = 16.972917189101764 dB
	 $y_{5,45,54}$ = 20.593933263111822 dB
	 $y_{5,45,63}$ = 11.944208679937873 dB
	 $y_{5,45,66}$ = 21.316381685475392 dB
	 $y_{5,45,68}$ = 12.993988993652295 dB
	 $y_{5,45,73}$ = 6.859960675571415 dB
	 $y_{5,45,76}$ = 12.256137568422773 dB
		SNR medio:  3.184648714303652
		Usuarios totais: 40
$x_{5,48}$
	 $y_{5,48,29}$ = 18.466703510965417 dB
	 $y_{5,48,79}$ = 7.95108817164828 dB
	 $y_{5,48,89}$ = 10.48026244474525 dB
	 $y_{5,48,19}$ = 6.325790233047542 dB
	 $y_{5,48,38}$ = 34.613332403291224 dB
	 $y_{5,48,39}$ = 25.444146684544805 dB
	 $y_{5,48,96}$ = 9.262368234806843 dB
	 $y_{5,48,98}$ = 10.848136994549066 dB
	 $y_{5,48,7}$ = 8.633031893120688 dB
	 $y_{5,48,18}$ = 15.802973832001115 dB
	 $y_{5,48,58}$ = 25.653843063490243 dB
	 $y_{5,48,74}$ = 7.393782062995058 dB
	 $y_{5,48,5}$ = 5.824564635873372 dB
	 $y_{5,48,28}$ = 16.141836387007857 dB
	 $y_{5,48,47}$ = 26.06624300561893 dB
		SNR medio:  5.722702588942641
		Usuarios totais: 40
$x_{5,84}$
	 $y_{5,84,82}$ = 16.508205449560407 dB
	 $y_{5,84,86}$ = 14.482008215076178 dB
	 $y_{5,84,90}$ = 9.64526685267063 dB
	 $y_{5,84,91}$ = 15.503251257552861 dB
	 $y_{5,84,92}$ = 21.34494851449942 dB
	 $y_{5,84,93}$ = 23.952725559054173 dB
	 $y_{5,84,97}$ = 12.534250674740434 dB
	 $y_{5,84,99}$ = 7.787534102974206 dB
	 $y_{5,84,60}$ = 8.740308202479923 dB
	 $y_{5,84,61}$ = 8.691460898579862 dB
	 $y_{5,84,62}$ = 17.923463022517694 dB
	 $y_{5,84,72}$ = 19.005655397661926 dB
	 $y_{5,84,80}$ = 12.080047841293492 dB
	 $y_{5,84,85}$ = 35.5270755065083 dB
	 $y_{5,84,87}$ = 10.728174637604667 dB
	 $y_{5,84,88}$ = 7.217514292457054 dB
	 $y_{5,84,94}$ = 22.640430879653607 dB
	 $y_{5,84,40}$ = 8.722755486469097 dB
	 $y_{5,84,59}$ = 6.6106793337152965 dB
		SNR medio:  6.991143903126732
		Usuarios totais: 40
Distances:
4 : 14 = 400.0
4 : 44 = 1600.0
4 : 45 = 1649.2422502470642
4 : 48 = 2262.741699796952
4 : 84 = 3200.0
14 : 44 = 1200.0
14 : 45 = 1264.9110640673518
14 : 48 = 2000.0
14 : 84 = 2800.0
44 : 45 = 400.0
44 : 48 = 1600.0
44 : 84 = 1600.0
45 : 48 = 1200.0
45 : 84 = 1649.2422502470642
48 : 84 = 2262.741699796952
t=6
Antennas: [ 4 14 44 45 48 84]
Users: [ 0  1  2  3  4  5  6  8  9 10 12 13 15 16 19 20 21 22 23 24 26 27 29 30
 31 32 33 37 38 40 41 42 44 46 47 49 50 51 52 54 55 56 57 58 59 60 61 62
 64 66 67 68 69 70 72 73 74 77 78 79 81 83 86 88 90 91 92 93 94 95 97 98]
MinSINR:  3.1622776601683795
$x_{6,4}$
	 $y_{6,4,9}$ = 10.066777147082433 dB
	 $y_{6,4,30}$ = 7.455503798947376 dB
	 $y_{6,4,2}$ = 17.165100009198653 dB
	 $y_{6,4,3}$ = 33.198741510961526 dB
	 $y_{6,4,1}$ = 6.957089411723928 dB
	 $y_{6,4,13}$ = 28.56660826307366 dB
	 $y_{6,4,0}$ = 6.537004263053802 dB
	 $y_{6,4,4}$ = 89.19225902590689 dB
	 $y_{6,4,12}$ = 15.197319158153078 dB
	 $y_{6,4,16}$ = 19.961095873874015 dB
	 $y_{6,4,21}$ = 6.012296760875984 dB
	 $y_{6,4,22}$ = 21.405985696902462 dB
	 $y_{6,4,23}$ = 18.081813870490578 dB
	 $y_{6,4,24}$ = 15.048405335109862 dB
	 $y_{6,4,26}$ = 12.869420849290947 dB
	 $y_{6,4,31}$ = 8.409691816382008 dB
	 $y_{6,4,37}$ = 16.300065017953273 dB
		SNR medio:  8.310629445224512
		Usuarios totais: 40
$x_{6,14}$
		Usuarios totais: 0
$x_{6,44}$
	 $y_{6,44,8}$ = 9.716963270676047 dB
	 $y_{6,44,20}$ = 5.806020256421789 dB
	 $y_{6,44,50}$ = 10.497828239305193 dB
	 $y_{6,44,51}$ = 11.638543196806552 dB
	 $y_{6,44,10}$ = 6.019017498570179 dB
	 $y_{6,44,41}$ = 6.559899416550081 dB
	 $y_{6,44,64}$ = 20.994877333361515 dB
	 $y_{6,44,81}$ = 8.573134705294379 dB
	 $y_{6,44,83}$ = 7.87303745964482 dB
	 $y_{6,44,42}$ = 12.967259528310478 dB
	 $y_{6,44,54}$ = 27.408726877212658 dB
	 $y_{6,44,32}$ = 18.640083205618325 dB
	 $y_{6,44,33}$ = 22.575604570267444 dB
	 $y_{6,44,57}$ = 14.48887640110874 dB
	 $y_{6,44,6}$ = 11.805646227240388 dB
	 $y_{6,44,15}$ = 11.558415948692243 dB
		SNR medio:  5.178098353377021
		Usuarios totais: 40
$x_{6,45}$
	 $y_{6,45,44}$ = 29.798854271892708 dB
	 $y_{6,45,52}$ = 7.651058492834238 dB
		SNR medio:  18.724956382363473
		Usuarios totais: 2
$x_{6,48}$
	 $y_{6,48,29}$ = 18.466703510965417 dB
	 $y_{6,48,79}$ = 7.95108817164828 dB
	 $y_{6,48,19}$ = 6.325790233047542 dB
	 $y_{6,48,38}$ = 34.613332403291224 dB
	 $y_{6,48,49}$ = 27.442412588134786 dB
	 $y_{6,48,58}$ = 25.653843063490243 dB
	 $y_{6,48,59}$ = 27.587841574135084 dB
	 $y_{6,48,66}$ = 11.757742081222347 dB
	 $y_{6,48,68}$ = 13.226223431512977 dB
	 $y_{6,48,78}$ = 5.960576633598919 dB
	 $y_{6,48,5}$ = 5.824564635873372 dB
	 $y_{6,48,27}$ = 17.85352912993345 dB
	 $y_{6,48,47}$ = 26.06624300561893 dB
	 $y_{6,48,67}$ = 16.50790363981801 dB
	 $y_{6,48,73}$ = 9.012387299231733 dB
	 $y_{6,48,74}$ = 7.393782062995058 dB
	 $y_{6,48,77}$ = 14.513769972422068 dB
	 $y_{6,48,46}$ = 11.89138249339473 dB
	 $y_{6,48,55}$ = 10.598435798210602 dB
		SNR medio:  7.466188793213621
		Usuarios totais: 40
$x_{6,84}$
	 $y_{6,84,70}$ = 12.588376334935987 dB
	 $y_{6,84,86}$ = 14.482008215076178 dB
	 $y_{6,84,90}$ = 9.64526685267063 dB
	 $y_{6,84,91}$ = 15.503251257552861 dB
	 $y_{6,84,92}$ = 21.34494851449942 dB
	 $y_{6,84,93}$ = 23.952725559054173 dB
	 $y_{6,84,95}$ = 22.946178444721554 dB
	 $y_{6,84,97}$ = 12.534250674740434 dB
	 $y_{6,84,60}$ = 8.740308202479923 dB
	 $y_{6,84,61}$ = 8.691460898579862 dB
	 $y_{6,84,62}$ = 17.923463022517694 dB
	 $y_{6,84,69}$ = 5.339580302485132 dB
	 $y_{6,84,72}$ = 19.005655397661926 dB
	 $y_{6,84,88}$ = 7.217514292457054 dB
	 $y_{6,84,94}$ = 22.640430879653607 dB
	 $y_{6,84,98}$ = 9.522500017134405 dB
	 $y_{6,84,40}$ = 8.722755486469097 dB
	 $y_{6,84,56}$ = 9.37012037619958 dB
		SNR medio:  6.254269868222238
		Usuarios totais: 40
Distances:
4 : 14 = 400.0
4 : 44 = 1600.0
4 : 45 = 1649.2422502470642
4 : 48 = 2262.741699796952
4 : 84 = 3200.0
14 : 44 = 1200.0
14 : 45 = 1264.9110640673518
14 : 48 = 2000.0
14 : 84 = 2800.0
44 : 45 = 400.0
44 : 48 = 1600.0
44 : 84 = 1600.0
45 : 48 = 1200.0
45 : 84 = 1649.2422502470642
48 : 84 = 2262.741699796952
t=7
Antennas: [ 4 14 44 45 48 84]
Users: [ 0  1  2  4  6  8 10 11 13 14 15 16 17 18 19 20 21 22 23 24 28 29 30 31
 33 35 36 37 38 39 41 44 45 46 48 49 50 51 52 53 54 55 56 58 60 61 62 63
 64 65 66 67 71 72 73 74 77 78 79 81 83 84 85 88 89 90 91 92 94 97]
MinSINR:  3.1622776601683795
$x_{7,4}$
	 $y_{7,4,30}$ = 7.455503798947376 dB
	 $y_{7,4,2}$ = 17.165100009198653 dB
	 $y_{7,4,4}$ = 89.19225902590689 dB
	 $y_{7,4,16}$ = 19.961095873874015 dB
	 $y_{7,4,21}$ = 6.012296760875984 dB
	 $y_{7,4,22}$ = 21.405985696902462 dB
	 $y_{7,4,23}$ = 18.081813870490578 dB
	 $y_{7,4,24}$ = 15.048405335109862 dB
	 $y_{7,4,31}$ = 8.409691816382008 dB
	 $y_{7,4,37}$ = 16.300065017953273 dB
		SNR medio:  10.430105581221005
		Usuarios totais: 21
$x_{7,14}$
	 $y_{7,14,14}$ = 97.46988906125637 dB
		SNR medio:  48.734944530628184
		Usuarios totais: 2
$x_{7,44}$
	 $y_{7,44,8}$ = 9.716963270676047 dB
	 $y_{7,44,20}$ = 5.806020256421789 dB
	 $y_{7,44,50}$ = 10.497828239305193 dB
	 $y_{7,44,51}$ = 11.638543196806552 dB
	 $y_{7,44,10}$ = 6.019017498570179 dB
	 $y_{7,44,41}$ = 6.559899416550081 dB
	 $y_{7,44,60}$ = 7.832345781991776 dB
	 $y_{7,44,61}$ = 8.747210464950484 dB
	 $y_{7,44,94}$ = 12.887351202648532 dB
	 $y_{7,44,1}$ = 5.6047492718664955 dB
	 $y_{7,44,11}$ = 14.46824745392648 dB
	 $y_{7,44,13}$ = 11.891109548210295 dB
	 $y_{7,44,58}$ = 6.251419827281495 dB
	 $y_{7,44,64}$ = 20.994877333361515 dB
	 $y_{7,44,66}$ = 15.255964626067126 dB
	 $y_{7,44,71}$ = 10.904698668306253 dB
	 $y_{7,44,81}$ = 8.573134705294379 dB
	 $y_{7,44,83}$ = 7.87303745964482 dB
	 $y_{7,44,0}$ = 14.073565044695243 dB
		SNR medio:  4.889899581664368
		Usuarios totais: 40
$x_{7,45}$
	 $y_{7,45,45}$ = 95.71664934534024 dB
		SNR medio:  95.71664934534024
		Usuarios totais: 1
$x_{7,48}$
	 $y_{7,48,29}$ = 18.466703510965417 dB
	 $y_{7,48,79}$ = 7.95108817164828 dB
	 $y_{7,48,89}$ = 10.48026244474525 dB
	 $y_{7,48,19}$ = 6.325790233047542 dB
	 $y_{7,48,38}$ = 34.613332403291224 dB
	 $y_{7,48,39}$ = 25.444146684544805 dB
	 $y_{7,48,49}$ = 27.442412588134786 dB
	 $y_{7,48,88}$ = 7.752229783583715 dB
	 $y_{7,48,18}$ = 15.802973832001115 dB
	 $y_{7,48,78}$ = 5.960576633598919 dB
	 $y_{7,48,17}$ = 15.460846362738991 dB
	 $y_{7,48,28}$ = 16.141836387007857 dB
	 $y_{7,48,56}$ = 8.451938913493962 dB
	 $y_{7,48,67}$ = 16.50790363981801 dB
	 $y_{7,48,73}$ = 9.012387299231733 dB
	 $y_{7,48,74}$ = 7.393782062995058 dB
	 $y_{7,48,77}$ = 14.513769972422068 dB
	 $y_{7,48,6}$ = 6.78017316407184 dB
	 $y_{7,48,15}$ = 5.206961344336037 dB
	 $y_{7,48,35}$ = 15.643191777530589 dB
	 $y_{7,48,36}$ = 11.210915536632655 dB
	 $y_{7,48,55}$ = 10.598435798210602 dB
		SNR medio:  7.429041463601263
		Usuarios totais: 40
$x_{7,84}$
	 $y_{7,84,90}$ = 9.64526685267063 dB
	 $y_{7,84,91}$ = 15.503251257552861 dB
	 $y_{7,84,92}$ = 21.34494851449942 dB
	 $y_{7,84,97}$ = 12.534250674740434 dB
	 $y_{7,84,62}$ = 17.923463022517694 dB
	 $y_{7,84,72}$ = 19.005655397661926 dB
	 $y_{7,84,85}$ = 35.5270755065083 dB
	 $y_{7,84,84}$ = 87.0222061093823 dB
	 $y_{7,84,53}$ = 12.333881751549 dB
	 $y_{7,84,54}$ = 12.790553448356121 dB
	 $y_{7,84,63}$ = 12.746991243376328 dB
	 $y_{7,84,33}$ = 11.366323227250376 dB
	 $y_{7,84,46}$ = 5.357125790384487 dB
	 $y_{7,84,65}$ = 15.522717238800709 dB
	 $y_{7,84,44}$ = 5.749805053653631 dB
	 $y_{7,84,48}$ = 7.731814935639278 dB
	 $y_{7,84,52}$ = 11.09150215861132 dB
		SNR medio:  9.490813096459236
		Usuarios totais: 33
Distances:
4 : 14 = 400.0
4 : 44 = 1600.0
4 : 45 = 1649.2422502470642
4 : 48 = 2262.741699796952
4 : 84 = 3200.0
14 : 44 = 1200.0
14 : 45 = 1264.9110640673518
14 : 48 = 2000.0
14 : 84 = 2800.0
44 : 45 = 400.0
44 : 48 = 1600.0
44 : 84 = 1600.0
45 : 48 = 1200.0
45 : 84 = 1649.2422502470642
48 : 84 = 2262.741699796952
t=8
Antennas: [ 4 14 44 45 48 84]
Users: [ 0  3  4  5  7  8 12 13 17 18 19 21 23 25 27 28 29 32 34 39 40 42 44 45
 47 49 50 51 53 55 56 57 59 60 61 62 63 64 70 72 73 74 75 76 78 79 82 85
 87 89 90 91 92 93 94 96 98 99]
MinSINR:  3.1622776601683795
$x_{8,4}$
	 $y_{8,4,3}$ = 33.198741510961526 dB
	 $y_{8,4,4}$ = 89.19225902590689 dB
		SNR medio:  61.19550026843421
		Usuarios totais: 2
$x_{8,14}$
		Usuarios totais: 0
$x_{8,44}$
	 $y_{8,44,8}$ = 9.716963270676047 dB
	 $y_{8,44,50}$ = 10.497828239305193 dB
	 $y_{8,44,51}$ = 11.638543196806552 dB
	 $y_{8,44,13}$ = 11.891109548210295 dB
	 $y_{8,44,42}$ = 12.967259528310478 dB
	 $y_{8,44,53}$ = 20.306904391482675 dB
	 $y_{8,44,63}$ = 14.552994711136265 dB
	 $y_{8,44,0}$ = 14.073565044695243 dB
	 $y_{8,44,12}$ = 8.64374840302551 dB
	 $y_{8,44,21}$ = 6.082995714230805 dB
	 $y_{8,44,23}$ = 15.049436180221761 dB
	 $y_{8,44,32}$ = 18.640083205618325 dB
	 $y_{8,44,44}$ = 89.4192955779524 dB
		SNR medio:  9.739229080466863
		Usuarios totais: 25
$x_{8,45}$
	 $y_{8,45,45}$ = 95.71664934534024 dB
		SNR medio:  47.85832467267012
		Usuarios totais: 2
$x_{8,48}$
	 $y_{8,48,29}$ = 18.466703510965417 dB
	 $y_{8,48,79}$ = 7.95108817164828 dB
	 $y_{8,48,89}$ = 10.48026244474525 dB
	 $y_{8,48,19}$ = 6.325790233047542 dB
	 $y_{8,48,39}$ = 25.444146684544805 dB
	 $y_{8,48,49}$ = 27.442412588134786 dB
	 $y_{8,48,7}$ = 8.633031893120688 dB
	 $y_{8,48,18}$ = 15.802973832001115 dB
	 $y_{8,48,78}$ = 5.960576633598919 dB
	 $y_{8,48,56}$ = 8.451938913493962 dB
	 $y_{8,48,73}$ = 9.012387299231733 dB
	 $y_{8,48,74}$ = 7.393782062995058 dB
	 $y_{8,48,76}$ = 5.519027965407304 dB
	 $y_{8,48,5}$ = 5.824564635873372 dB
	 $y_{8,48,17}$ = 15.460846362738991 dB
	 $y_{8,48,27}$ = 17.85352912993345 dB
	 $y_{8,48,28}$ = 16.141836387007857 dB
	 $y_{8,48,47}$ = 26.06624300561893 dB
	 $y_{8,48,55}$ = 10.598435798210602 dB
	 $y_{8,48,57}$ = 22.565635795580974 dB
	 $y_{8,48,25}$ = 11.696360520920024 dB
	 $y_{8,48,34}$ = 9.737713226590614 dB
		SNR medio:  8.13414686376138
		Usuarios totais: 36
$x_{8,84}$
	 $y_{8,84,70}$ = 12.588376334935987 dB
	 $y_{8,84,82}$ = 16.508205449560407 dB
	 $y_{8,84,90}$ = 9.64526685267063 dB
	 $y_{8,84,91}$ = 15.503251257552861 dB
	 $y_{8,84,92}$ = 21.34494851449942 dB
	 $y_{8,84,93}$ = 23.952725559054173 dB
	 $y_{8,84,99}$ = 7.787534102974206 dB
	 $y_{8,84,60}$ = 8.740308202479923 dB
	 $y_{8,84,61}$ = 8.691460898579862 dB
	 $y_{8,84,62}$ = 17.923463022517694 dB
	 $y_{8,84,72}$ = 19.005655397661926 dB
	 $y_{8,84,85}$ = 35.5270755065083 dB
	 $y_{8,84,87}$ = 10.728174637604667 dB
	 $y_{8,84,94}$ = 22.640430879653607 dB
	 $y_{8,84,96}$ = 24.562244138523155 dB
	 $y_{8,84,98}$ = 9.522500017134405 dB
	 $y_{8,84,40}$ = 8.722755486469097 dB
	 $y_{8,84,59}$ = 6.6106793337152965 dB
	 $y_{8,84,64}$ = 27.0916420561649 dB
	 $y_{8,84,75}$ = 15.611958910646862 dB
		SNR medio:  8.067716413972686
		Usuarios totais: 40
Distances:
4 : 14 = 400.0
4 : 44 = 1600.0
4 : 45 = 1649.2422502470642
4 : 48 = 2262.741699796952
4 : 84 = 3200.0
14 : 44 = 1200.0
14 : 45 = 1264.9110640673518
14 : 48 = 2000.0
14 : 84 = 2800.0
44 : 45 = 400.0
44 : 48 = 1600.0
44 : 84 = 1600.0
45 : 48 = 1200.0
45 : 84 = 1649.2422502470642
48 : 84 = 2262.741699796952
t=9
Antennas: [ 4 14 44 45 48 84]
Users: [ 3  4  5  7  8  9 10 11 12 14 18 19 21 25 29 30 31 37 39 41 42 43 46 47
 48 49 52 53 55 56 57 58 59 67 69 71 72 74 79 81 83 84 85 86 87 88 89 90
 92 94 98 99]
MinSINR:  3.1622776601683795
$x_{9,4}$
	 $y_{9,4,9}$ = 10.066777147082433 dB
	 $y_{9,4,30}$ = 7.455503798947376 dB
	 $y_{9,4,3}$ = 33.198741510961526 dB
	 $y_{9,4,4}$ = 89.19225902590689 dB
		SNR medio:  27.98265629657965
		Usuarios totais: 5
$x_{9,14}$
	 $y_{9,14,14}$ = 97.46988906125637 dB
		SNR medio:  32.48996302041879
		Usuarios totais: 3
$x_{9,44}$
	 $y_{9,44,8}$ = 9.716963270676047 dB
	 $y_{9,44,10}$ = 6.019017498570179 dB
	 $y_{9,44,41}$ = 6.559899416550081 dB
	 $y_{9,44,11}$ = 14.46824745392648 dB
	 $y_{9,44,12}$ = 8.64374840302551 dB
	 $y_{9,44,21}$ = 6.082995714230805 dB
	 $y_{9,44,31}$ = 9.340662678149812 dB
		SNR medio:  6.083153443512892
		Usuarios totais: 10
$x_{9,45}$
		Usuarios totais: 0
$x_{9,48}$
	 $y_{9,48,29}$ = 18.466703510965417 dB
	 $y_{9,48,79}$ = 7.95108817164828 dB
	 $y_{9,48,89}$ = 10.48026244474525 dB
	 $y_{9,48,19}$ = 6.325790233047542 dB
	 $y_{9,48,39}$ = 25.444146684544805 dB
	 $y_{9,48,49}$ = 27.442412588134786 dB
	 $y_{9,48,69}$ = 14.505722061009607 dB
	 $y_{9,48,88}$ = 7.752229783583715 dB
	 $y_{9,48,98}$ = 10.848136994549066 dB
	 $y_{9,48,7}$ = 8.633031893120688 dB
	 $y_{9,48,18}$ = 15.802973832001115 dB
	 $y_{9,48,58}$ = 25.653843063490243 dB
	 $y_{9,48,59}$ = 27.587841574135084 dB
	 $y_{9,48,5}$ = 5.824564635873372 dB
	 $y_{9,48,47}$ = 26.06624300561893 dB
	 $y_{9,48,25}$ = 11.696360520920024 dB
	 $y_{9,48,37}$ = 20.960137140486324 dB
	 $y_{9,48,48}$ = 89.46490920393947 dB
		SNR medio:  14.436255893672547
		Usuarios totais: 25
$x_{9,84}$
	 $y_{9,84,86}$ = 14.482008215076178 dB
	 $y_{9,84,90}$ = 9.64526685267063 dB
	 $y_{9,84,92}$ = 21.34494851449942 dB
	 $y_{9,84,99}$ = 7.787534102974206 dB
	 $y_{9,84,72}$ = 19.005655397661926 dB
	 $y_{9,84,85}$ = 35.5270755065083 dB
	 $y_{9,84,87}$ = 10.728174637604667 dB
	 $y_{9,84,94}$ = 22.640430879653607 dB
	 $y_{9,84,71}$ = 6.69639495353718 dB
	 $y_{9,84,81}$ = 15.443325004571136 dB
	 $y_{9,84,83}$ = 25.33032728668219 dB
	 $y_{9,84,84}$ = 87.0222061093823 dB
	 $y_{9,84,42}$ = 9.100386536210749 dB
	 $y_{9,84,53}$ = 12.333881751549 dB
	 $y_{9,84,56}$ = 9.37012037619958 dB
	 $y_{9,84,67}$ = 6.804915919601939 dB
	 $y_{9,84,74}$ = 36.959154021874724 dB
	 $y_{9,84,43}$ = 9.872923028239143 dB
	 $y_{9,84,46}$ = 5.357125790384487 dB
	 $y_{9,84,55}$ = 7.278187629659129 dB
	 $y_{9,84,57}$ = 8.215372410497281 dB
	 $y_{9,84,52}$ = 11.09150215861132 dB
		SNR medio:  10.316760975885503
		Usuarios totais: 38
Distances:
4 : 14 = 400.0
4 : 44 = 1600.0
4 : 45 = 1649.2422502470642
4 : 48 = 2262.741699796952
4 : 84 = 3200.0
14 : 44 = 1200.0
14 : 45 = 1264.9110640673518
14 : 48 = 2000.0
14 : 84 = 2800.0
44 : 45 = 400.0
44 : 48 = 1600.0
44 : 84 = 1600.0
45 : 48 = 1200.0
45 : 84 = 1649.2422502470642
48 : 84 = 2262.741699796952
t=10
Antennas: [ 4 14 44 45 48 84]
Users: [ 9 15 16 19 23 24 26 32 34 36 43 49 57 58 59 60 61 63 65 66 69 74 77 78
 79 81 82 84 86 87 90 96 97 98]
MinSINR:  3.1622776601683795
$x_{10,4}$
	 $y_{10,4,9}$ = 10.066777147082433 dB
	 $y_{10,4,16}$ = 19.961095873874015 dB
	 $y_{10,4,23}$ = 18.081813870490578 dB
	 $y_{10,4,24}$ = 15.048405335109862 dB
		SNR medio:  15.789523056639222
		Usuarios totais: 4
$x_{10,14}$
		Usuarios totais: 0
$x_{10,44}$
		Usuarios totais: 0
$x_{10,45}$
		Usuarios totais: 0
$x_{10,48}$
	 $y_{10,48,79}$ = 7.95108817164828 dB
	 $y_{10,48,19}$ = 6.325790233047542 dB
	 $y_{10,48,49}$ = 27.442412588134786 dB
	 $y_{10,48,58}$ = 25.653843063490243 dB
	 $y_{10,48,66}$ = 11.757742081222347 dB
	 $y_{10,48,26}$ = 13.051357172152848 dB
	 $y_{10,48,15}$ = 5.206961344336037 dB
	 $y_{10,48,34}$ = 9.737713226590614 dB
	 $y_{10,48,36}$ = 11.210915536632655 dB
		SNR medio:  9.861485284771279
		Usuarios totais: 12
$x_{10,84}$
	 $y_{10,84,82}$ = 16.508205449560407 dB
	 $y_{10,84,86}$ = 14.482008215076178 dB
	 $y_{10,84,90}$ = 9.64526685267063 dB
	 $y_{10,84,97}$ = 12.534250674740434 dB
	 $y_{10,84,60}$ = 8.740308202479923 dB
	 $y_{10,84,61}$ = 8.691460898579862 dB
	 $y_{10,84,69}$ = 5.339580302485132 dB
	 $y_{10,84,87}$ = 10.728174637604667 dB
	 $y_{10,84,96}$ = 24.562244138523155 dB
	 $y_{10,84,98}$ = 9.522500017134405 dB
	 $y_{10,84,59}$ = 6.6106793337152965 dB
	 $y_{10,84,78}$ = 10.143740762521503 dB
	 $y_{10,84,81}$ = 15.443325004571136 dB
	 $y_{10,84,84}$ = 87.0222061093823 dB
	 $y_{10,84,63}$ = 12.746991243376328 dB
	 $y_{10,84,74}$ = 36.959154021874724 dB
	 $y_{10,84,77}$ = 7.016850469541055 dB
	 $y_{10,84,32}$ = 12.60495167189336 dB
	 $y_{10,84,43}$ = 9.872923028239143 dB
	 $y_{10,84,57}$ = 8.215372410497281 dB
	 $y_{10,84,65}$ = 15.522717238800709 dB
		SNR medio:  11.43043035610892
		Usuarios totais: 30
Distances:
4 : 14 = 400.0
4 : 44 = 1600.0
4 : 45 = 1649.2422502470642
4 : 48 = 2262.741699796952
4 : 84 = 3200.0
14 : 44 = 1200.0
14 : 45 = 1264.9110640673518
14 : 48 = 2000.0
14 : 84 = 2800.0
44 : 45 = 400.0
44 : 48 = 1600.0
44 : 84 = 1600.0
45 : 48 = 1200.0
45 : 84 = 1649.2422502470642
48 : 84 = 2262.741699796952
t=11
Antennas: [ 4 14 44 45 48 84]
Users: [ 3 13 17 42 53 58 65 84]
MinSINR:  3.1622776601683795
$x_{11,4}$
	 $y_{11,4,3}$ = 33.198741510961526 dB
	 $y_{11,4,13}$ = 28.56660826307366 dB
	 $y_{11,4,17}$ = 8.612943289336812 dB
		SNR medio:  17.594573265843
		Usuarios totais: 4
$x_{11,14}$
		Usuarios totais: 0
$x_{11,44}$
		Usuarios totais: 0
$x_{11,45}$
		Usuarios totais: 0
$x_{11,48}$
	 $y_{11,48,58}$ = 25.653843063490243 dB
		SNR medio:  25.653843063490243
		Usuarios totais: 1
$x_{11,84}$
	 $y_{11,84,84}$ = 87.0222061093823 dB
	 $y_{11,84,42}$ = 9.100386536210749 dB
	 $y_{11,84,53}$ = 12.333881751549 dB
	 $y_{11,84,65}$ = 15.522717238800709 dB
		SNR medio:  30.99479790898569
		Usuarios totais: 4
Distances:
4 : 14 = 400.0
4 : 44 = 1600.0
4 : 45 = 1649.2422502470642
4 : 48 = 2262.741699796952
4 : 84 = 3200.0
14 : 44 = 1200.0
14 : 45 = 1264.9110640673518
14 : 48 = 2000.0
14 : 84 = 2800.0
44 : 45 = 400.0
44 : 48 = 1600.0
44 : 84 = 1600.0
45 : 48 = 1200.0
45 : 84 = 1649.2422502470642
48 : 84 = 2262.741699796952
--- Done after 0.27245692948500316 hours. ---
