-------------Calculating Solution (this may take a while)
+++++++++++++++++++Min Sinr: 15 dB (fixed)
+++++++++++++++++++With backhaul constraint. Start: 2023-04-18 21:30:25

Parameters:
- chosen seed 22
- Map with 100 sectors
- Map 4000 x 4000 m
- Sector has a side of 400 m
- Max time:  12
- users_t_m:  [[0, 0, 0, 0, 0, 0, 0, 0, 0, 0, 0, 0, 0, 0, 0, 0, 0, 0, 4, 1, 0, 0, 0, 0, 0, 0, 0, 2, 26, 3, 0, 0, 0, 0, 0, 0, 0, 0, 1, 0, 0, 0, 0, 0, 0, 0, 0, 0, 0, 0, 0, 0, 0, 0, 0, 0, 0, 0, 0, 0, 0, 0, 0, 0, 0, 0, 0, 0, 0, 0, 0, 0, 0, 0, 0, 0, 0, 0, 0, 0, 0, 0, 0, 0, 0, 0, 0, 0, 0, 0, 0, 0, 0, 0, 0, 0, 0, 0, 0, 0], [0, 3, 0, 0, 3, 1, 0, 0, 1, 0, 0, 0, 0, 1, 1, 0, 0, 0, 3, 1, 0, 1, 0, 0, 1, 0, 0, 0, 23, 2, 0, 0, 1, 0, 0, 2, 1, 0, 2, 1, 1, 0, 0, 1, 0, 0, 1, 0, 0, 1, 0, 1, 1, 0, 1, 0, 1, 1, 0, 0, 0, 1, 0, 0, 0, 0, 0, 0, 0, 0, 0, 0, 0, 0, 0, 0, 0, 0, 1, 2, 0, 0, 1, 0, 0, 1, 0, 0, 1, 0, 0, 0, 0, 1, 0, 0, 0, 1, 0, 1], [1, 0, 0, 0, 1, 0, 0, 0, 0, 1, 1, 3, 0, 1, 0, 1, 0, 1, 4, 2, 0, 0, 0, 1, 2, 1, 0, 4, 22, 0, 1, 0, 0, 0, 0, 2, 1, 0, 1, 0, 1, 1, 0, 1, 1, 2, 0, 1, 0, 1, 2, 1, 2, 1, 0, 2, 1, 1, 1, 1, 0, 0, 1, 0, 0, 0, 1, 1, 1, 1, 0, 0, 1, 0, 1, 0, 1, 3, 2, 1, 1, 0, 0, 1, 1, 0, 0, 0, 0, 1, 1, 0, 1, 2, 0, 1, 1, 1, 0, 1], [1, 0, 2, 1, 3, 0, 1, 1, 1, 2, 0, 1, 3, 1, 0, 0, 2, 0, 2, 2, 1, 2, 0, 0, 0, 2, 2, 7, 20, 2, 0, 0, 2, 0, 1, 1, 0, 0, 2, 0, 2, 0, 0, 0, 0, 2, 0, 3, 2, 2, 0, 1, 3, 0, 1, 2, 0, 0, 1, 2, 0, 0, 0, 1, 1, 0, 0, 1, 2, 3, 0, 1, 0, 2, 1, 1, 2, 0, 0, 1, 0, 0, 1, 4, 1, 0, 1, 0, 1, 1, 0, 0, 2, 0, 1, 1, 3, 2, 2, 2], [3, 5, 2, 0, 4, 1, 1, 2, 1, 2, 0, 0, 3, 1, 0, 1, 1, 0, 3, 0, 1, 1, 0, 0, 1, 0, 1, 5, 24, 0, 0, 1, 0, 5, 0, 0, 2, 0, 1, 3, 1, 0, 1, 1, 2, 1, 1, 1, 1, 0, 1, 0, 1, 3, 0, 0, 2, 1, 1, 2, 0, 1, 1, 0, 3, 0, 2, 3, 0, 0, 1, 3, 2, 2, 2, 1, 0, 4, 2, 1, 1, 2, 2, 2, 2, 0, 2, 0, 0, 1, 4, 3, 3, 0, 2, 0, 1, 1, 2, 2], [0, 3, 2, 1, 3, 3, 1, 3, 1, 1, 1, 1, 1, 2, 2, 1, 0, 4, 3, 0, 3, 2, 1, 1, 1, 0, 1, 2, 28, 3, 2, 2, 1, 3, 1, 3, 0, 1, 5, 1, 1, 1, 2, 1, 2, 1, 1, 0, 2, 3, 0, 1, 3, 2, 2, 4, 0, 0, 2, 0, 3, 3, 4, 1, 2, 1, 5, 2, 2, 3, 3, 0, 1, 3, 1, 0, 1, 1, 3, 2, 1, 0, 0, 1, 1, 0, 0, 1, 2, 1, 2, 4, 3, 2, 1, 1, 2, 1, 1, 3], [1, 0, 0, 4, 6, 0, 0, 4, 2, 1, 1, 3, 0, 1, 1, 1, 3, 1, 4, 0, 0, 1, 2, 2, 3, 2, 1, 3, 3, 2, 2, 2, 3, 3, 1, 0, 1, 2, 3, 2, 1, 1, 1, 4, 1, 2, 2, 2, 0, 1, 1, 2, 1, 1, 1, 1, 2, 1, 4, 4, 1, 1, 2, 2, 3, 0, 2, 5, 4, 3, 2, 1, 3, 2, 4, 1, 0, 2, 0, 1, 0, 2, 0, 3, 1, 2, 2, 3, 1, 2, 0, 1, 0, 1, 2, 0, 2, 1, 1, 0], [0, 2, 1, 4, 3, 2, 2, 1, 5, 1, 1, 1, 3, 2, 1, 1, 1, 0, 1, 2, 2, 3, 0, 2, 1, 0, 2, 2, 0, 2, 0, 2, 2, 1, 1, 0, 1, 3, 1, 3, 1, 1, 2, 2, 0, 3, 2, 0, 1, 1, 1, 1, 1, 1, 0, 2, 2, 2, 0, 2, 2, 2, 2, 4, 0, 4, 0, 0, 1, 0, 1, 4, 0, 0, 2, 4, 0, 1, 0, 0, 1, 3, 1, 1, 0, 2, 0, 2, 1, 4, 2, 1, 2, 0, 0, 1, 0, 1, 1, 5], [2, 2, 2, 1, 1, 1, 1, 1, 1, 0, 1, 2, 0, 1, 1, 1, 0, 1, 1, 0, 1, 0, 0, 1, 2, 0, 2, 3, 1, 1, 1, 2, 0, 1, 0, 2, 2, 2, 0, 2, 1, 1, 0, 0, 3, 2, 1, 1, 6, 0, 1, 0, 0, 4, 2, 1, 1, 1, 1, 2, 1, 1, 1, 2, 0, 0, 0, 0, 0, 1, 1, 0, 2, 2, 1, 3, 0, 0, 0, 1, 2, 1, 0, 0, 2, 0, 1, 0, 0, 2, 0, 1, 2, 3, 4, 2, 0, 0, 2, 1], [2, 1, 1, 3, 1, 1, 1, 1, 0, 1, 1, 0, 0, 1, 1, 1, 1, 0, 0, 0, 2, 0, 0, 0, 4, 1, 1, 0, 0, 0, 1, 0, 0, 0, 3, 1, 0, 2, 0, 0, 0, 0, 1, 2, 0, 1, 1, 0, 1, 1, 0, 2, 2, 3, 3, 0, 1, 1, 2, 2, 0, 1, 0, 0, 1, 1, 0, 0, 1, 2, 2, 0, 1, 2, 1, 0, 2, 0, 0, 0, 0, 2, 0, 0, 0, 0, 1, 0, 0, 0, 0, 0, 1, 1, 1, 2, 2, 2, 1, 3], [0, 2, 0, 0, 1, 0, 0, 2, 0, 0, 1, 0, 1, 1, 0, 0, 0, 0, 0, 0, 1, 1, 0, 1, 0, 0, 0, 1, 0, 1, 2, 0, 1, 1, 0, 1, 0, 0, 1, 1, 0, 0, 0, 2, 0, 0, 1, 0, 1, 1, 0, 0, 1, 1, 1, 0, 0, 0, 1, 1, 0, 1, 1, 1, 1, 0, 1, 0, 1, 0, 1, 0, 0, 0, 0, 1, 0, 0, 0, 1, 0, 0, 2, 1, 0, 0, 1, 0, 0, 1, 1, 1, 0, 1, 0, 0, 0, 3, 0, 4], [0, 0, 0, 0, 0, 0, 0, 0, 0, 1, 0, 0, 0, 0, 0, 0, 0, 0, 0, 1, 0, 0, 1, 1, 0, 0, 0, 0, 0, 0, 1, 0, 0, 0, 0, 0, 0, 1, 0, 0, 0, 0, 0, 0, 0, 0, 0, 0, 0, 0, 0, 1, 1, 0, 0, 0, 1, 1, 0, 0, 0, 0, 0, 0, 0, 0, 0, 1, 0, 0, 0, 0, 0, 0, 0, 0, 0, 0, 0, 0, 0, 0, 1, 1, 0, 0, 0, 0, 0, 0, 0, 0, 0, 0, 0, 0, 1, 0, 0, 1]]
MAX_USER_PER_ANTENNAS_m:  [40, 40, 40, 40, 40, 40, 40, 40, 40, 40, 40, 40, 40, 40, 40, 40, 40, 40, 40, 40, 40, 40, 40, 40, 40, 40, 40, 40, 40, 40, 40, 40, 40, 40, 40, 40, 40, 40, 40, 40, 40, 40, 40, 40, 40, 40, 40, 40, 40, 40, 40, 40, 40, 40, 40, 40, 40, 40, 40, 40, 40, 40, 40, 40, 40, 40, 40, 40, 40, 40, 40, 40, 40, 40, 40, 40, 40, 40, 40, 40, 40, 40, 40, 40, 40, 40, 40, 40, 40, 40, 40, 40, 40, 40, 40, 40, 40, 40, 40, 40]
antennas_map_m:  [1, 1, 1, 1, 1, 1, 1, 1, 1, 1, 1, 1, 1, 1, 1, 1, 1, 1, 1, 1, 1, 1, 1, 1, 1, 1, 1, 1, 1, 1, 1, 1, 1, 1, 1, 1, 1, 1, 1, 1, 1, 1, 1, 1, 1, 1, 1, 1, 1, 1, 1, 1, 1, 1, 1, 1, 1, 1, 1, 1, 1, 1, 1, 1, 1, 1, 1, 1, 1, 1, 1, 1, 1, 1, 1, 1, 1, 1, 1, 1, 1, 1, 1, 1, 1, 1, 1, 1, 1, 1, 1, 1, 1, 1, 1, 1, 1, 1, 1, 1]
FIRST_ANTENNA:  2
MIN_SNR_m:  [31.622776601683793, 31.622776601683793, 31.622776601683793, 31.622776601683793, 31.622776601683793, 31.622776601683793, 31.622776601683793, 31.622776601683793, 31.622776601683793, 31.622776601683793, 31.622776601683793, 31.622776601683793, 31.622776601683793, 31.622776601683793, 31.622776601683793, 31.622776601683793, 31.622776601683793, 31.622776601683793, 31.622776601683793, 31.622776601683793, 31.622776601683793, 31.622776601683793, 31.622776601683793, 31.622776601683793, 31.622776601683793, 31.622776601683793, 31.622776601683793, 31.622776601683793, 31.622776601683793, 31.622776601683793, 31.622776601683793, 31.622776601683793, 31.622776601683793, 31.622776601683793, 31.622776601683793, 31.622776601683793, 31.622776601683793, 31.622776601683793, 31.622776601683793, 31.622776601683793, 31.622776601683793, 31.622776601683793, 31.622776601683793, 31.622776601683793, 31.622776601683793, 31.622776601683793, 31.622776601683793, 31.622776601683793, 31.622776601683793, 31.622776601683793, 31.622776601683793, 31.622776601683793, 31.622776601683793, 31.622776601683793, 31.622776601683793, 31.622776601683793, 31.622776601683793, 31.622776601683793, 31.622776601683793, 31.622776601683793, 31.622776601683793, 31.622776601683793, 31.622776601683793, 31.622776601683793, 31.622776601683793, 31.622776601683793, 31.622776601683793, 31.622776601683793, 31.622776601683793, 31.622776601683793, 31.622776601683793, 31.622776601683793, 31.622776601683793, 31.622776601683793, 31.622776601683793, 31.622776601683793, 31.622776601683793, 31.622776601683793, 31.622776601683793, 31.622776601683793, 31.622776601683793, 31.622776601683793, 31.622776601683793, 31.622776601683793, 31.622776601683793, 31.622776601683793, 31.622776601683793, 31.622776601683793, 31.622776601683793, 31.622776601683793, 31.622776601683793, 31.622776601683793, 31.622776601683793, 31.622776601683793, 31.622776601683793, 31.622776601683793, 31.622776601683793, 31.622776601683793, 31.622776601683793, 31.622776601683793]
-MIN_DIST:  2000
- disaster percentage:  0

Média de carros: 7.583333333333333
t=0
$x_{0,2}$
		Usuarios totais: 0
$x_{0,5}$
		Usuarios totais: 0
$x_{0,19}$
	 $y_{0,19,18}$ = 24.463731967763493 dB
	 $y_{0,19,19}$ = 93.78919601292986 dB
	 $y_{0,19,27}$ = 18.780994163622893 dB
	 $y_{0,19,28}$ = 21.128892129866756 dB
	 $y_{0,19,29}$ = 24.612226181730534 dB
	 $y_{0,19,38}$ = 15.872942855543883 dB
		SNR medio: 86.0076849838943
		Usuarios totais: 37
Distances:
2 : 5 = 1200.0
2 : 19 = 2828.42712474619
5 : 19 = 1649.2422502470642
t=1
$x_{1,2}$
	 $y_{1,2,1}$ = 28.962915250739925 dB
	 $y_{1,2,13}$ = 29.64342172701693 dB
	 $y_{1,2,21}$ = 21.52989154718503 dB
	 $y_{1,2,24}$ = 20.483488351517906 dB
		SNR medio: 26.90806043527882
		Usuarios totais: 6
$x_{1,5}$
	 $y_{1,5,4}$ = 30.79145429638234 dB
	 $y_{1,5,5}$ = 90.82674520492998 dB
	 $y_{1,5,8}$ = 15.354213668308418 dB
	 $y_{1,5,14}$ = 29.661409237603877 dB
	 $y_{1,5,28}$ = 19.230693772233096 dB
	 $y_{1,5,35}$ = 18.315890125470517 dB
	 $y_{1,5,36}$ = 16.07116628816607 dB
	 $y_{1,5,46}$ = 19.26508194990143 dB
		SNR medio: 81.79585407959021
		Usuarios totais: 33
$x_{1,19}$
	 $y_{1,19,18}$ = 24.463731967763493 dB
	 $y_{1,19,19}$ = 93.78919601292986 dB
	 $y_{1,19,29}$ = 24.612226181730534 dB
	 $y_{1,19,38}$ = 15.872942855543883 dB
	 $y_{1,19,39}$ = 18.952212477095998 dB
		SNR medio: 86.79949721451122
		Usuarios totais: 9
$x_{1,32}$
	 $y_{1,32,32}$ = 90.069330825636 dB
	 $y_{1,32,40}$ = 16.447687076847544 dB
	 $y_{1,32,43}$ = 28.435095858909165 dB
	 $y_{1,32,52}$ = 21.9067829324252 dB
	 $y_{1,32,54}$ = 19.73824492635103 dB
		SNR medio: 83.07963501734064
		Usuarios totais: 5
$x_{1,57}$
	 $y_{1,57,49}$ = 19.128987293284098 dB
	 $y_{1,57,57}$ = 79.953347510635 dB
		SNR medio: 76.94305114609263
		Usuarios totais: 2
$x_{1,70}$
	 $y_{1,70,51}$ = 22.403846923214672 dB
	 $y_{1,70,61}$ = 29.269126807236518 dB
	 $y_{1,70,82}$ = 15.919072519944677 dB
		SNR medio: 25.474131502630794
		Usuarios totais: 3
$x_{1,74}$
	 $y_{1,74,56}$ = 15.42053498184022 dB
	 $y_{1,74,85}$ = 27.420089552565457 dB
	 $y_{1,74,93}$ = 16.992007113167773 dB
		SNR medio: 23.269864151945022
		Usuarios totais: 3
$x_{1,87}$
	 $y_{1,87,78}$ = 22.190210823605867 dB
	 $y_{1,87,79}$ = 21.105118698019723 dB
	 $y_{1,87,88}$ = 27.7750373776108 dB
	 $y_{1,87,97}$ = 21.308558857874345 dB
	 $y_{1,87,99}$ = 20.929670775176447 dB
		SNR medio: 23.62746543236287
		Usuarios totais: 6
Distances:
2 : 5 = 1200.0
2 : 19 = 2828.42712474619
2 : 32 = 1200.0
2 : 57 = 2828.42712474619
2 : 70 = 2912.043955712207
2 : 74 = 2912.043955712207
2 : 87 = 3773.5924528226415
5 : 19 = 1649.2422502470642
5 : 32 = 1697.0562748477141
5 : 57 = 2154.0659228538016
5 : 70 = 3440.9301068170507
5 : 74 = 2828.42712474619
5 : 87 = 3298.4845004941285
19 : 32 = 2912.043955712207
19 : 57 = 1788.8543819998317
19 : 70 = 4326.6615305567875
19 : 74 = 3124.099870362662
19 : 87 = 2912.043955712207
32 : 57 = 2154.0659228538016
32 : 70 = 1788.8543819998317
32 : 74 = 1788.8543819998317
32 : 87 = 2828.42712474619
57 : 70 = 2912.043955712207
57 : 74 = 1442.2205101855957
57 : 87 = 1200.0
70 : 74 = 1600.0
70 : 87 = 2828.42712474619
74 : 87 = 1264.9110640673518
t=2
$x_{2,2}$
	 $y_{2,2,0}$ = 16.961851252014597 dB
	 $y_{2,2,11}$ = 22.27751664599451 dB
	 $y_{2,2,13}$ = 29.64342172701693 dB
	 $y_{2,2,15}$ = 16.74851662503721 dB
	 $y_{2,2,24}$ = 20.483488351517906 dB
		SNR medio: 24.145983446442372
		Usuarios totais: 8
$x_{2,5}$
	 $y_{2,5,4}$ = 30.79145429638234 dB
	 $y_{2,5,23}$ = 15.033295098856087 dB
	 $y_{2,5,25}$ = 26.135966091759997 dB
	 $y_{2,5,28}$ = 19.230693772233096 dB
	 $y_{2,5,35}$ = 18.315890125470517 dB
	 $y_{2,5,36}$ = 16.07116628816607 dB
		SNR medio: 24.853963104049775
		Usuarios totais: 28
$x_{2,19}$
	 $y_{2,19,9}$ = 35.92245448103205 dB
	 $y_{2,19,17}$ = 21.12190147488677 dB
	 $y_{2,19,18}$ = 24.463731967763493 dB
	 $y_{2,19,19}$ = 93.78919601292986 dB
	 $y_{2,19,27}$ = 18.780994163622893 dB
		SNR medio: 86.79950394647844
		Usuarios totais: 12
$x_{2,32}$
	 $y_{2,32,10}$ = 19.68403747326451 dB
	 $y_{2,32,30}$ = 16.350806012724107 dB
	 $y_{2,32,40}$ = 16.447687076847544 dB
	 $y_{2,32,41}$ = 24.00508855536394 dB
	 $y_{2,32,43}$ = 28.435095858909165 dB
	 $y_{2,32,44}$ = 15.936808870821352 dB
	 $y_{2,32,52}$ = 21.9067829324252 dB
	 $y_{2,32,62}$ = 15.807508800047458 dB
		SNR medio: 22.30974911834376
		Usuarios totais: 9
$x_{2,57}$
	 $y_{2,57,38}$ = 19.111611934165865 dB
	 $y_{2,57,45}$ = 19.24511444147501 dB
	 $y_{2,57,47}$ = 36.059282830726346 dB
	 $y_{2,57,49}$ = 19.128987293284098 dB
	 $y_{2,57,57}$ = 79.953347510635 dB
	 $y_{2,57,58}$ = 31.003343782436318 dB
	 $y_{2,57,59}$ = 19.552549204168713 dB
	 $y_{2,57,67}$ = 25.455984784277803 dB
	 $y_{2,57,69}$ = 18.747587122940345 dB
		SNR medio: 70.41118840873814
		Usuarios totais: 10
$x_{2,70}$
	 $y_{2,70,50}$ = 18.409470642692256 dB
	 $y_{2,70,51}$ = 22.403846923214672 dB
	 $y_{2,70,80}$ = 24.5259288175952 dB
	 $y_{2,70,90}$ = 18.149933522697197 dB
		SNR medio: 21.703396626204658
		Usuarios totais: 5
$x_{2,74}$
	 $y_{2,74,53}$ = 15.970332684020704 dB
	 $y_{2,74,55}$ = 16.42471960603983 dB
	 $y_{2,74,56}$ = 15.42053498184022 dB
	 $y_{2,74,66}$ = 20.17763572474793 dB
	 $y_{2,74,72}$ = 20.32124733452474 dB
	 $y_{2,74,74}$ = 91.43464681360311 dB
	 $y_{2,74,76}$ = 27.351552956544595 dB
	 $y_{2,74,83}$ = 27.303603179592784 dB
	 $y_{2,74,84}$ = 29.060505738814555 dB
	 $y_{2,74,93}$ = 16.992007113167773 dB
	 $y_{2,74,95}$ = 19.223688507847854 dB
		SNR medio: 81.02072729737317
		Usuarios totais: 13
$x_{2,87}$
	 $y_{2,87,68}$ = 16.45122249506177 dB
	 $y_{2,87,77}$ = 33.038988850143554 dB
	 $y_{2,87,78}$ = 22.190210823605867 dB
	 $y_{2,87,79}$ = 21.105118698019723 dB
	 $y_{2,87,89}$ = 17.317954508857582 dB
	 $y_{2,87,92}$ = 19.88881776327119 dB
	 $y_{2,87,96}$ = 35.30280409826885 dB
	 $y_{2,87,97}$ = 21.308558857874345 dB
	 $y_{2,87,99}$ = 20.929670775176447 dB
		SNR medio: 28.348477704751115
		Usuarios totais: 12
Distances:
2 : 5 = 1200.0
2 : 19 = 2828.42712474619
2 : 32 = 1200.0
2 : 57 = 2828.42712474619
2 : 70 = 2912.043955712207
2 : 74 = 2912.043955712207
2 : 87 = 3773.5924528226415
5 : 19 = 1649.2422502470642
5 : 32 = 1697.0562748477141
5 : 57 = 2154.0659228538016
5 : 70 = 3440.9301068170507
5 : 74 = 2828.42712474619
5 : 87 = 3298.4845004941285
19 : 32 = 2912.043955712207
19 : 57 = 1788.8543819998317
19 : 70 = 4326.6615305567875
19 : 74 = 3124.099870362662
19 : 87 = 2912.043955712207
32 : 57 = 2154.0659228538016
32 : 70 = 1788.8543819998317
32 : 74 = 1788.8543819998317
32 : 87 = 2828.42712474619
57 : 70 = 2912.043955712207
57 : 74 = 1442.2205101855957
57 : 87 = 1200.0
70 : 74 = 1600.0
70 : 87 = 2828.42712474619
74 : 87 = 1264.9110640673518
t=3
$x_{3,2}$
	 $y_{3,2,0}$ = 16.961851252014597 dB
	 $y_{3,2,2}$ = 87.16839221674662 dB
	 $y_{3,2,3}$ = 30.169414286491403 dB
	 $y_{3,2,11}$ = 22.27751664599451 dB
	 $y_{3,2,12}$ = 28.564266565383022 dB
	 $y_{3,2,13}$ = 29.64342172701693 dB
	 $y_{3,2,21}$ = 21.52989154718503 dB
		SNR medio: 78.7174371598346
		Usuarios totais: 11
$x_{3,5}$
	 $y_{3,5,4}$ = 30.79145429638234 dB
	 $y_{3,5,8}$ = 15.354213668308418 dB
	 $y_{3,5,16}$ = 17.57210326931822 dB
	 $y_{3,5,25}$ = 26.135966091759997 dB
	 $y_{3,5,26}$ = 15.20474317800749 dB
	 $y_{3,5,35}$ = 18.315890125470517 dB
		SNR medio: 24.778830283539037
		Usuarios totais: 11
$x_{3,19}$
	 $y_{3,19,6}$ = 15.272953181604365 dB
	 $y_{3,19,7}$ = 22.248495071375658 dB
	 $y_{3,19,9}$ = 35.92245448103205 dB
	 $y_{3,19,18}$ = 24.463731967763493 dB
	 $y_{3,19,19}$ = 93.78919601292986 dB
	 $y_{3,19,27}$ = 18.780994163622893 dB
	 $y_{3,19,28}$ = 21.128892129866756 dB
	 $y_{3,19,29}$ = 24.612226181730534 dB
		SNR medio: 84.75830501091473
		Usuarios totais: 37
$x_{3,32}$
	 $y_{3,32,20}$ = 18.496824714515498 dB
	 $y_{3,32,32}$ = 90.069330825636 dB
	 $y_{3,32,34}$ = 20.686217792139743 dB
	 $y_{3,32,40}$ = 16.447687076847544 dB
	 $y_{3,32,52}$ = 21.9067829324252 dB
		SNR medio: 83.07963243687986
		Usuarios totais: 9
$x_{3,57}$
	 $y_{3,57,38}$ = 19.111611934165865 dB
	 $y_{3,57,45}$ = 19.24511444147501 dB
	 $y_{3,57,47}$ = 36.059282830726346 dB
	 $y_{3,57,48}$ = 19.434114079461153 dB
	 $y_{3,57,49}$ = 19.128987293284098 dB
	 $y_{3,57,54}$ = 16.03354308945697 dB
	 $y_{3,57,58}$ = 31.003343782436318 dB
	 $y_{3,57,59}$ = 19.552549204168713 dB
	 $y_{3,57,64}$ = 17.3003129434087 dB
	 $y_{3,57,67}$ = 25.455984784277803 dB
	 $y_{3,57,68}$ = 16.610178868279974 dB
	 $y_{3,57,69}$ = 18.747587122940345 dB
		SNR medio: 27.192535503619673
		Usuarios totais: 22
$x_{3,70}$
	 $y_{3,70,51}$ = 22.403846923214672 dB
	 $y_{3,70,82}$ = 15.919072519944677 dB
		SNR medio: 20.273696436625738
		Usuarios totais: 2
$x_{3,74}$
	 $y_{3,74,55}$ = 16.42471960603983 dB
	 $y_{3,74,63}$ = 27.41213481182541 dB
	 $y_{3,74,71}$ = 15.000231579610158 dB
	 $y_{3,74,73}$ = 28.749198225582717 dB
	 $y_{3,74,74}$ = 91.43464681360311 dB
	 $y_{3,74,75}$ = 29.69362802508546 dB
	 $y_{3,74,76}$ = 27.351552956544595 dB
	 $y_{3,74,83}$ = 27.303603179592784 dB
	 $y_{3,74,84}$ = 29.060505738814555 dB
	 $y_{3,74,94}$ = 15.676608678766584 dB
	 $y_{3,74,95}$ = 19.223688507847854 dB
		SNR medio: 81.02073343061977
		Usuarios totais: 17
$x_{3,87}$
	 $y_{3,87,79}$ = 21.105118698019723 dB
	 $y_{3,87,86}$ = 31.825532905564117 dB
	 $y_{3,87,88}$ = 27.7750373776108 dB
	 $y_{3,87,89}$ = 17.317954508857582 dB
	 $y_{3,87,92}$ = 19.88881776327119 dB
	 $y_{3,87,96}$ = 35.30280409826885 dB
	 $y_{3,87,97}$ = 21.308558857874345 dB
	 $y_{3,87,98}$ = 26.641694786653815 dB
	 $y_{3,87,99}$ = 20.929670775176447 dB
		SNR medio: 28.595470620162903
		Usuarios totais: 15
Distances:
2 : 5 = 1200.0
2 : 19 = 2828.42712474619
2 : 32 = 1200.0
2 : 57 = 2828.42712474619
2 : 70 = 2912.043955712207
2 : 74 = 2912.043955712207
2 : 87 = 3773.5924528226415
5 : 19 = 1649.2422502470642
5 : 32 = 1697.0562748477141
5 : 57 = 2154.0659228538016
5 : 70 = 3440.9301068170507
5 : 74 = 2828.42712474619
5 : 87 = 3298.4845004941285
19 : 32 = 2912.043955712207
19 : 57 = 1788.8543819998317
19 : 70 = 4326.6615305567875
19 : 74 = 3124.099870362662
19 : 87 = 2912.043955712207
32 : 57 = 2154.0659228538016
32 : 70 = 1788.8543819998317
32 : 74 = 1788.8543819998317
32 : 87 = 2828.42712474619
57 : 70 = 2912.043955712207
57 : 74 = 1442.2205101855957
57 : 87 = 1200.0
70 : 74 = 1600.0
70 : 87 = 2828.42712474619
74 : 87 = 1264.9110640673518
t=4
$x_{4,2}$
	 $y_{4,2,0}$ = 16.961851252014597 dB
	 $y_{4,2,1}$ = 28.962915250739925 dB
	 $y_{4,2,2}$ = 87.16839221674662 dB
	 $y_{4,2,12}$ = 28.564266565383022 dB
	 $y_{4,2,13}$ = 29.64342172701693 dB
	 $y_{4,2,15}$ = 16.74851662503721 dB
	 $y_{4,2,21}$ = 21.52989154718503 dB
	 $y_{4,2,24}$ = 20.483488351517906 dB
		SNR medio: 78.13751550545064
		Usuarios totais: 17
$x_{4,5}$
	 $y_{4,5,4}$ = 30.79145429638234 dB
	 $y_{4,5,5}$ = 90.82674520492998 dB
	 $y_{4,5,6}$ = 30.508161643726922 dB
	 $y_{4,5,16}$ = 17.57210326931822 dB
	 $y_{4,5,26}$ = 15.20474317800749 dB
	 $y_{4,5,28}$ = 19.230693772233096 dB
	 $y_{4,5,36}$ = 16.07116628816607 dB
		SNR medio: 82.37577391863674
		Usuarios totais: 34
$x_{4,19}$
	 $y_{4,19,7}$ = 22.248495071375658 dB
	 $y_{4,19,8}$ = 24.041542134336197 dB
	 $y_{4,19,9}$ = 35.92245448103205 dB
	 $y_{4,19,18}$ = 24.463731967763493 dB
	 $y_{4,19,27}$ = 18.780994163622893 dB
	 $y_{4,19,39}$ = 18.952212477095998 dB
		SNR medio: 28.999689026981166
		Usuarios totais: 16
$x_{4,32}$
	 $y_{4,32,20}$ = 18.496824714515498 dB
	 $y_{4,32,31}$ = 30.763397446916414 dB
	 $y_{4,32,33}$ = 32.393153255072335 dB
	 $y_{4,32,40}$ = 16.447687076847544 dB
	 $y_{4,32,42}$ = 25.361330821470176 dB
	 $y_{4,32,43}$ = 28.435095858909165 dB
	 $y_{4,32,44}$ = 15.936808870821352 dB
	 $y_{4,32,52}$ = 21.9067829324252 dB
	 $y_{4,32,62}$ = 15.807508800047458 dB
	 $y_{4,32,71}$ = 16.422413913356607 dB
		SNR medio: 26.39440982088945
		Usuarios totais: 17
$x_{4,57}$
	 $y_{4,57,38}$ = 19.111611934165865 dB
	 $y_{4,57,45}$ = 19.24511444147501 dB
	 $y_{4,57,46}$ = 15.595346701536712 dB
	 $y_{4,57,47}$ = 36.059282830726346 dB
	 $y_{4,57,48}$ = 19.434114079461153 dB
	 $y_{4,57,57}$ = 79.953347510635 dB
	 $y_{4,57,58}$ = 31.003343782436318 dB
	 $y_{4,57,59}$ = 19.552549204168713 dB
	 $y_{4,57,64}$ = 17.3003129434087 dB
	 $y_{4,57,66}$ = 25.377088666649215 dB
		SNR medio: 69.95361414668304
		Usuarios totais: 14
$x_{4,70}$
	 $y_{4,70,50}$ = 18.409470642692256 dB
	 $y_{4,70,61}$ = 29.269126807236518 dB
	 $y_{4,70,70}$ = 92.20158908401561 dB
	 $y_{4,70,72}$ = 16.94150119391317 dB
	 $y_{4,70,80}$ = 24.5259288175952 dB
	 $y_{4,70,82}$ = 15.919072519944677 dB
	 $y_{4,70,90}$ = 18.149933522697197 dB
	 $y_{4,70,91}$ = 27.109516757249125 dB
		SNR medio: 83.17069409486521
		Usuarios totais: 15
$x_{4,74}$
	 $y_{4,74,53}$ = 15.970332684020704 dB
	 $y_{4,74,56}$ = 15.42053498184022 dB
	 $y_{4,74,73}$ = 28.749198225582717 dB
	 $y_{4,74,74}$ = 91.43464681360311 dB
	 $y_{4,74,81}$ = 15.366092948796421 dB
	 $y_{4,74,83}$ = 27.303603179592784 dB
	 $y_{4,74,84}$ = 29.060505738814555 dB
	 $y_{4,74,94}$ = 15.676608678766584 dB
		SNR medio: 82.40375393026918
		Usuarios totais: 17
$x_{4,87}$
	 $y_{4,87,67}$ = 19.030934576604665 dB
	 $y_{4,87,75}$ = 29.261558662842546 dB
	 $y_{4,87,77}$ = 33.038988850143554 dB
	 $y_{4,87,78}$ = 22.190210823605867 dB
	 $y_{4,87,79}$ = 21.105118698019723 dB
	 $y_{4,87,86}$ = 31.825532905564117 dB
	 $y_{4,87,89}$ = 17.317954508857582 dB
	 $y_{4,87,92}$ = 19.88881776327119 dB
	 $y_{4,87,96}$ = 35.30280409826885 dB
	 $y_{4,87,97}$ = 21.308558857874345 dB
	 $y_{4,87,98}$ = 26.641694786653815 dB
	 $y_{4,87,99}$ = 20.929670775176447 dB
		SNR medio: 28.758567356767713
		Usuarios totais: 23
Distances:
2 : 5 = 1200.0
2 : 19 = 2828.42712474619
2 : 32 = 1200.0
2 : 57 = 2828.42712474619
2 : 70 = 2912.043955712207
2 : 74 = 2912.043955712207
2 : 87 = 3773.5924528226415
5 : 19 = 1649.2422502470642
5 : 32 = 1697.0562748477141
5 : 57 = 2154.0659228538016
5 : 70 = 3440.9301068170507
5 : 74 = 2828.42712474619
5 : 87 = 3298.4845004941285
19 : 32 = 2912.043955712207
19 : 57 = 1788.8543819998317
19 : 70 = 4326.6615305567875
19 : 74 = 3124.099870362662
19 : 87 = 2912.043955712207
32 : 57 = 2154.0659228538016
32 : 70 = 1788.8543819998317
32 : 74 = 1788.8543819998317
32 : 87 = 2828.42712474619
57 : 70 = 2912.043955712207
57 : 74 = 1442.2205101855957
57 : 87 = 1200.0
70 : 74 = 1600.0
70 : 87 = 2828.42712474619
74 : 87 = 1264.9110640673518
t=5
$x_{5,2}$
	 $y_{5,2,1}$ = 28.962915250739925 dB
	 $y_{5,2,2}$ = 87.16839221674662 dB
	 $y_{5,2,3}$ = 30.169414286491403 dB
	 $y_{5,2,11}$ = 22.27751664599451 dB
	 $y_{5,2,12}$ = 28.564266565383022 dB
	 $y_{5,2,13}$ = 29.64342172701693 dB
	 $y_{5,2,15}$ = 16.74851662503721 dB
	 $y_{5,2,21}$ = 21.52989154718503 dB
	 $y_{5,2,22}$ = 20.464843754552007 dB
	 $y_{5,2,24}$ = 20.483488351517906 dB
		SNR medio: 77.16842596458245
		Usuarios totais: 15
$x_{5,5}$
	 $y_{5,5,4}$ = 30.79145429638234 dB
	 $y_{5,5,5}$ = 90.82674520492998 dB
	 $y_{5,5,7}$ = 16.556472678666978 dB
	 $y_{5,5,8}$ = 15.354213668308418 dB
	 $y_{5,5,14}$ = 29.661409237603877 dB
	 $y_{5,5,17}$ = 18.13347701535845 dB
	 $y_{5,5,26}$ = 15.20474317800749 dB
	 $y_{5,5,35}$ = 18.315890125470517 dB
		SNR medio: 81.79585384551564
		Usuarios totais: 20
$x_{5,19}$
	 $y_{5,19,6}$ = 15.272953181604365 dB
	 $y_{5,19,9}$ = 35.92245448103205 dB
	 $y_{5,19,18}$ = 24.463731967763493 dB
	 $y_{5,19,27}$ = 18.780994163622893 dB
	 $y_{5,19,28}$ = 21.128892129866756 dB
	 $y_{5,19,29}$ = 24.612226181730534 dB
	 $y_{5,19,39}$ = 18.952212477095998 dB
		SNR medio: 28.35851589321779
		Usuarios totais: 39
$x_{5,32}$
	 $y_{5,32,10}$ = 19.68403747326451 dB
	 $y_{5,32,20}$ = 18.496824714515498 dB
	 $y_{5,32,23}$ = 29.55552175154135 dB
	 $y_{5,32,30}$ = 16.350806012724107 dB
	 $y_{5,32,31}$ = 30.763397446916414 dB
	 $y_{5,32,32}$ = 90.069330825636 dB
	 $y_{5,32,33}$ = 32.393153255072335 dB
	 $y_{5,32,34}$ = 20.686217792139743 dB
	 $y_{5,32,40}$ = 16.447687076847544 dB
	 $y_{5,32,41}$ = 24.00508855536394 dB
	 $y_{5,32,42}$ = 25.361330821470176 dB
	 $y_{5,32,43}$ = 28.435095858909165 dB
	 $y_{5,32,44}$ = 15.936808870821352 dB
	 $y_{5,32,52}$ = 21.9067829324252 dB
	 $y_{5,32,54}$ = 19.73824492635103 dB
	 $y_{5,32,62}$ = 15.807508800047458 dB
		SNR medio: 78.02815586300997
		Usuarios totais: 30
$x_{5,57}$
	 $y_{5,57,37}$ = 19.56407587925041 dB
	 $y_{5,57,38}$ = 19.111611934165865 dB
	 $y_{5,57,45}$ = 19.24511444147501 dB
	 $y_{5,57,46}$ = 15.595346701536712 dB
	 $y_{5,57,48}$ = 19.434114079461153 dB
	 $y_{5,57,49}$ = 19.128987293284098 dB
	 $y_{5,57,58}$ = 31.003343782436318 dB
	 $y_{5,57,67}$ = 25.455984784277803 dB
	 $y_{5,57,69}$ = 18.747587122940345 dB
		SNR medio: 23.777823268669653
		Usuarios totais: 20
$x_{5,70}$
	 $y_{5,70,51}$ = 22.403846923214672 dB
	 $y_{5,70,60}$ = 24.50048560300749 dB
	 $y_{5,70,61}$ = 29.269126807236518 dB
	 $y_{5,70,70}$ = 92.20158908401561 dB
	 $y_{5,70,80}$ = 24.5259288175952 dB
	 $y_{5,70,90}$ = 18.149933522697197 dB
	 $y_{5,70,91}$ = 27.109516757249125 dB
		SNR medio: 83.75061434404537
		Usuarios totais: 17
$x_{5,74}$
	 $y_{5,74,53}$ = 15.970332684020704 dB
	 $y_{5,74,55}$ = 16.42471960603983 dB
	 $y_{5,74,63}$ = 27.41213481182541 dB
	 $y_{5,74,64}$ = 36.441571958690986 dB
	 $y_{5,74,65}$ = 25.733790618422262 dB
	 $y_{5,74,66}$ = 20.17763572474793 dB
	 $y_{5,74,72}$ = 20.32124733452474 dB
	 $y_{5,74,73}$ = 28.749198225582717 dB
	 $y_{5,74,74}$ = 91.43464681360311 dB
	 $y_{5,74,83}$ = 27.303603179592784 dB
	 $y_{5,74,84}$ = 29.060505738814555 dB
	 $y_{5,74,93}$ = 16.992007113167773 dB
	 $y_{5,74,94}$ = 15.676608678766584 dB
	 $y_{5,74,95}$ = 19.223688507847854 dB
		SNR medio: 79.9733910868699
		Usuarios totais: 26
$x_{5,87}$
	 $y_{5,87,68}$ = 16.45122249506177 dB
	 $y_{5,87,76}$ = 26.839282010986665 dB
	 $y_{5,87,77}$ = 33.038988850143554 dB
	 $y_{5,87,78}$ = 22.190210823605867 dB
	 $y_{5,87,79}$ = 21.105118698019723 dB
	 $y_{5,87,87}$ = 88.85886131537518 dB
	 $y_{5,87,88}$ = 27.7750373776108 dB
	 $y_{5,87,89}$ = 17.317954508857582 dB
	 $y_{5,87,92}$ = 19.88881776327119 dB
	 $y_{5,87,96}$ = 35.30280409826885 dB
	 $y_{5,87,97}$ = 21.308558857874345 dB
	 $y_{5,87,98}$ = 26.641694786653815 dB
	 $y_{5,87,99}$ = 20.929670775176447 dB
		SNR medio: 77.71947126300697
		Usuarios totais: 23
Distances:
2 : 5 = 1200.0
2 : 19 = 2828.42712474619
2 : 32 = 1200.0
2 : 57 = 2828.42712474619
2 : 70 = 2912.043955712207
2 : 74 = 2912.043955712207
2 : 87 = 3773.5924528226415
5 : 19 = 1649.2422502470642
5 : 32 = 1697.0562748477141
5 : 57 = 2154.0659228538016
5 : 70 = 3440.9301068170507
5 : 74 = 2828.42712474619
5 : 87 = 3298.4845004941285
19 : 32 = 2912.043955712207
19 : 57 = 1788.8543819998317
19 : 70 = 4326.6615305567875
19 : 74 = 3124.099870362662
19 : 87 = 2912.043955712207
32 : 57 = 2154.0659228538016
32 : 70 = 1788.8543819998317
32 : 74 = 1788.8543819998317
32 : 87 = 2828.42712474619
57 : 70 = 2912.043955712207
57 : 74 = 1442.2205101855957
57 : 87 = 1200.0
70 : 74 = 1600.0
70 : 87 = 2828.42712474619
74 : 87 = 1264.9110640673518
t=6
$x_{6,2}$
	 $y_{6,2,0}$ = 16.961851252014597 dB
	 $y_{6,2,3}$ = 30.169414286491403 dB
	 $y_{6,2,11}$ = 22.27751664599451 dB
	 $y_{6,2,13}$ = 29.64342172701693 dB
	 $y_{6,2,15}$ = 16.74851662503721 dB
	 $y_{6,2,21}$ = 21.52989154718503 dB
	 $y_{6,2,22}$ = 20.464843754552007 dB
	 $y_{6,2,24}$ = 20.483488351517906 dB
		SNR medio: 25.105759144195353
		Usuarios totais: 16
$x_{6,5}$
	 $y_{6,5,4}$ = 30.79145429638234 dB
	 $y_{6,5,14}$ = 29.661409237603877 dB
	 $y_{6,5,16}$ = 17.57210326931822 dB
	 $y_{6,5,23}$ = 15.033295098856087 dB
	 $y_{6,5,25}$ = 26.135966091759997 dB
	 $y_{6,5,26}$ = 15.20474317800749 dB
	 $y_{6,5,28}$ = 19.230693772233096 dB
	 $y_{6,5,36}$ = 16.07116628816607 dB
	 $y_{6,5,46}$ = 19.26508194990143 dB
		SNR medio: 25.03113268346525
		Usuarios totais: 21
$x_{6,19}$
	 $y_{6,19,7}$ = 22.248495071375658 dB
	 $y_{6,19,8}$ = 24.041542134336197 dB
	 $y_{6,19,9}$ = 35.92245448103205 dB
	 $y_{6,19,17}$ = 21.12190147488677 dB
	 $y_{6,19,18}$ = 24.463731967763493 dB
	 $y_{6,19,27}$ = 18.780994163622893 dB
	 $y_{6,19,29}$ = 24.612226181730534 dB
	 $y_{6,19,39}$ = 18.952212477095998 dB
		SNR medio: 28.116018652262014
		Usuarios totais: 19
$x_{6,32}$
	 $y_{6,32,10}$ = 19.68403747326451 dB
	 $y_{6,32,30}$ = 16.350806012724107 dB
	 $y_{6,32,31}$ = 30.763397446916414 dB
	 $y_{6,32,32}$ = 90.069330825636 dB
	 $y_{6,32,33}$ = 32.393153255072335 dB
	 $y_{6,32,34}$ = 20.686217792139743 dB
	 $y_{6,32,40}$ = 16.447687076847544 dB
	 $y_{6,32,41}$ = 24.00508855536394 dB
	 $y_{6,32,42}$ = 25.361330821470176 dB
	 $y_{6,32,43}$ = 28.435095858909165 dB
	 $y_{6,32,44}$ = 15.936808870821352 dB
	 $y_{6,32,52}$ = 21.9067829324252 dB
	 $y_{6,32,54}$ = 19.73824492635103 dB
	 $y_{6,32,62}$ = 15.807508800047458 dB
		SNR medio: 78.60807117207631
		Usuarios totais: 24
$x_{6,57}$
	 $y_{6,57,37}$ = 19.56407587925041 dB
	 $y_{6,57,38}$ = 19.111611934165865 dB
	 $y_{6,57,45}$ = 19.24511444147501 dB
	 $y_{6,57,47}$ = 36.059282830726346 dB
	 $y_{6,57,49}$ = 19.128987293284098 dB
	 $y_{6,57,56}$ = 29.903707728356096 dB
	 $y_{6,57,57}$ = 79.953347510635 dB
	 $y_{6,57,58}$ = 31.003343782436318 dB
	 $y_{6,57,59}$ = 19.552549204168713 dB
	 $y_{6,57,67}$ = 25.455984784277803 dB
	 $y_{6,57,68}$ = 16.610178868279974 dB
	 $y_{6,57,69}$ = 18.747587122940345 dB
	 $y_{6,57,77}$ = 23.294625829000964 dB
		SNR medio: 68.81423826756756
		Usuarios totais: 35
$x_{6,70}$
	 $y_{6,70,50}$ = 18.409470642692256 dB
	 $y_{6,70,51}$ = 22.403846923214672 dB
	 $y_{6,70,60}$ = 24.50048560300749 dB
	 $y_{6,70,61}$ = 29.269126807236518 dB
	 $y_{6,70,63}$ = 18.445600532174964 dB
	 $y_{6,70,70}$ = 92.20158908401561 dB
	 $y_{6,70,71}$ = 22.46358002334408 dB
	 $y_{6,70,72}$ = 16.94150119391317 dB
	 $y_{6,70,73}$ = 22.104600084870924 dB
	 $y_{6,70,81}$ = 21.45060078759701 dB
	 $y_{6,70,91}$ = 27.109516757249125 dB
		SNR medio: 81.78766872501699
		Usuarios totais: 18
$x_{6,74}$
	 $y_{6,74,53}$ = 15.970332684020704 dB
	 $y_{6,74,55}$ = 16.42471960603983 dB
	 $y_{6,74,64}$ = 36.441571958690986 dB
	 $y_{6,74,74}$ = 91.43464681360311 dB
	 $y_{6,74,83}$ = 27.303603179592784 dB
	 $y_{6,74,84}$ = 29.060505738814555 dB
	 $y_{6,74,85}$ = 27.420089552565457 dB
	 $y_{6,74,93}$ = 16.992007113167773 dB
	 $y_{6,74,94}$ = 15.676608678766584 dB
		SNR medio: 81.8922419213601
		Usuarios totais: 18
$x_{6,87}$
	 $y_{6,87,66}$ = 15.879473564020188 dB
	 $y_{6,87,75}$ = 29.261558662842546 dB
	 $y_{6,87,79}$ = 21.105118698019723 dB
	 $y_{6,87,86}$ = 31.825532905564117 dB
	 $y_{6,87,87}$ = 88.85886131537518 dB
	 $y_{6,87,88}$ = 27.7750373776108 dB
	 $y_{6,87,89}$ = 17.317954508857582 dB
	 $y_{6,87,96}$ = 35.30280409826885 dB
	 $y_{6,87,97}$ = 21.308558857874345 dB
	 $y_{6,87,98}$ = 26.641694786653815 dB
		SNR medio: 78.85890183507288
		Usuarios totais: 16
Distances:
2 : 5 = 1200.0
2 : 19 = 2828.42712474619
2 : 32 = 1200.0
2 : 57 = 2828.42712474619
2 : 70 = 2912.043955712207
2 : 74 = 2912.043955712207
2 : 87 = 3773.5924528226415
5 : 19 = 1649.2422502470642
5 : 32 = 1697.0562748477141
5 : 57 = 2154.0659228538016
5 : 70 = 3440.9301068170507
5 : 74 = 2828.42712474619
5 : 87 = 3298.4845004941285
19 : 32 = 2912.043955712207
19 : 57 = 1788.8543819998317
19 : 70 = 4326.6615305567875
19 : 74 = 3124.099870362662
19 : 87 = 2912.043955712207
32 : 57 = 2154.0659228538016
32 : 70 = 1788.8543819998317
32 : 74 = 1788.8543819998317
32 : 87 = 2828.42712474619
57 : 70 = 2912.043955712207
57 : 74 = 1442.2205101855957
57 : 87 = 1200.0
70 : 74 = 1600.0
70 : 87 = 2828.42712474619
74 : 87 = 1264.9110640673518
t=7
$x_{7,2}$
	 $y_{7,2,1}$ = 28.962915250739925 dB
	 $y_{7,2,2}$ = 87.16839221674662 dB
	 $y_{7,2,3}$ = 30.169414286491403 dB
	 $y_{7,2,11}$ = 22.27751664599451 dB
	 $y_{7,2,12}$ = 28.564266565383022 dB
	 $y_{7,2,13}$ = 29.64342172701693 dB
	 $y_{7,2,15}$ = 16.74851662503721 dB
	 $y_{7,2,21}$ = 21.52989154718503 dB
	 $y_{7,2,24}$ = 20.483488351517906 dB
		SNR medio: 77.62599994244951
		Usuarios totais: 18
$x_{7,5}$
	 $y_{7,5,4}$ = 30.79145429638234 dB
	 $y_{7,5,5}$ = 90.82674520492998 dB
	 $y_{7,5,6}$ = 30.508161643726922 dB
	 $y_{7,5,7}$ = 16.556472678666978 dB
	 $y_{7,5,8}$ = 15.354213668308418 dB
	 $y_{7,5,14}$ = 29.661409237603877 dB
	 $y_{7,5,16}$ = 17.57210326931822 dB
	 $y_{7,5,23}$ = 15.033295098856087 dB
	 $y_{7,5,26}$ = 15.20474317800749 dB
	 $y_{7,5,36}$ = 16.07116628816607 dB
		SNR medio: 80.82675773894515
		Usuarios totais: 20
$x_{7,19}$
	 $y_{7,19,9}$ = 35.92245448103205 dB
	 $y_{7,19,18}$ = 24.463731967763493 dB
	 $y_{7,19,19}$ = 93.78919601292986 dB
	 $y_{7,19,27}$ = 18.780994163622893 dB
	 $y_{7,19,29}$ = 24.612226181730534 dB
	 $y_{7,19,39}$ = 18.952212477095998 dB
		SNR medio: 86.00769191851037
		Usuarios totais: 11
$x_{7,32}$
	 $y_{7,32,10}$ = 19.68403747326451 dB
	 $y_{7,32,20}$ = 18.496824714515498 dB
	 $y_{7,32,31}$ = 30.763397446916414 dB
	 $y_{7,32,32}$ = 90.069330825636 dB
	 $y_{7,32,33}$ = 32.393153255072335 dB
	 $y_{7,32,34}$ = 20.686217792139743 dB
	 $y_{7,32,40}$ = 16.447687076847544 dB
	 $y_{7,32,41}$ = 24.00508855536394 dB
	 $y_{7,32,42}$ = 25.361330821470176 dB
	 $y_{7,32,43}$ = 28.435095858909165 dB
	 $y_{7,32,52}$ = 21.9067829324252 dB
	 $y_{7,32,62}$ = 15.807508800047458 dB
		SNR medio: 79.27753861616242
		Usuarios totais: 18
$x_{7,57}$
	 $y_{7,57,37}$ = 19.56407587925041 dB
	 $y_{7,57,38}$ = 19.111611934165865 dB
	 $y_{7,57,45}$ = 19.24511444147501 dB
	 $y_{7,57,46}$ = 15.595346701536712 dB
	 $y_{7,57,48}$ = 19.434114079461153 dB
	 $y_{7,57,49}$ = 19.128987293284098 dB
	 $y_{7,57,56}$ = 29.903707728356096 dB
	 $y_{7,57,57}$ = 79.953347510635 dB
	 $y_{7,57,59}$ = 19.552549204168713 dB
	 $y_{7,57,68}$ = 16.610178868279974 dB
	 $y_{7,57,77}$ = 23.294625829000964 dB
		SNR medio: 69.53949921489335
		Usuarios totais: 19
$x_{7,70}$
	 $y_{7,70,50}$ = 18.409470642692256 dB
	 $y_{7,70,51}$ = 22.403846923214672 dB
	 $y_{7,70,60}$ = 24.50048560300749 dB
	 $y_{7,70,61}$ = 29.269126807236518 dB
	 $y_{7,70,63}$ = 18.445600532174964 dB
	 $y_{7,70,70}$ = 92.20158908401561 dB
	 $y_{7,70,71}$ = 22.46358002334408 dB
	 $y_{7,70,80}$ = 24.5259288175952 dB
	 $y_{7,70,82}$ = 15.919072519944677 dB
	 $y_{7,70,90}$ = 18.149933522697197 dB
	 $y_{7,70,91}$ = 27.109516757249125 dB
		SNR medio: 81.7876688203846
		Usuarios totais: 20
$x_{7,74}$
	 $y_{7,74,53}$ = 15.970332684020704 dB
	 $y_{7,74,55}$ = 16.42471960603983 dB
	 $y_{7,74,65}$ = 25.733790618422262 dB
	 $y_{7,74,74}$ = 91.43464681360311 dB
	 $y_{7,74,75}$ = 29.69362802508546 dB
	 $y_{7,74,81}$ = 15.366092948796421 dB
	 $y_{7,74,83}$ = 27.303603179592784 dB
	 $y_{7,74,85}$ = 27.420089552565457 dB
	 $y_{7,74,95}$ = 19.223688507847854 dB
		SNR medio: 81.89222982606252
		Usuarios totais: 20
$x_{7,87}$
	 $y_{7,87,87}$ = 88.85886131537518 dB
	 $y_{7,87,88}$ = 27.7750373776108 dB
	 $y_{7,87,89}$ = 17.317954508857582 dB
	 $y_{7,87,92}$ = 19.88881776327119 dB
	 $y_{7,87,97}$ = 21.308558857874345 dB
	 $y_{7,87,98}$ = 26.641694786653815 dB
	 $y_{7,87,99}$ = 20.929670775176447 dB
		SNR medio: 80.40788922369418
		Usuarios totais: 16
Distances:
2 : 5 = 1200.0
2 : 19 = 2828.42712474619
2 : 32 = 1200.0
2 : 57 = 2828.42712474619
2 : 70 = 2912.043955712207
2 : 74 = 2912.043955712207
2 : 87 = 3773.5924528226415
5 : 19 = 1649.2422502470642
5 : 32 = 1697.0562748477141
5 : 57 = 2154.0659228538016
5 : 70 = 3440.9301068170507
5 : 74 = 2828.42712474619
5 : 87 = 3298.4845004941285
19 : 32 = 2912.043955712207
19 : 57 = 1788.8543819998317
19 : 70 = 4326.6615305567875
19 : 74 = 3124.099870362662
19 : 87 = 2912.043955712207
32 : 57 = 2154.0659228538016
32 : 70 = 1788.8543819998317
32 : 74 = 1788.8543819998317
32 : 87 = 2828.42712474619
57 : 70 = 2912.043955712207
57 : 74 = 1442.2205101855957
57 : 87 = 1200.0
70 : 74 = 1600.0
70 : 87 = 2828.42712474619
74 : 87 = 1264.9110640673518
t=8
$x_{8,2}$
	 $y_{8,2,0}$ = 16.961851252014597 dB
	 $y_{8,2,1}$ = 28.962915250739925 dB
	 $y_{8,2,2}$ = 87.16839221674662 dB
	 $y_{8,2,3}$ = 30.169414286491403 dB
	 $y_{8,2,11}$ = 22.27751664599451 dB
	 $y_{8,2,13}$ = 29.64342172701693 dB
	 $y_{8,2,15}$ = 16.74851662503721 dB
	 $y_{8,2,24}$ = 20.483488351517906 dB
		SNR medio: 78.13751840626334
		Usuarios totais: 13
$x_{8,5}$
	 $y_{8,5,4}$ = 30.79145429638234 dB
	 $y_{8,5,5}$ = 90.82674520492998 dB
	 $y_{8,5,6}$ = 30.508161643726922 dB
	 $y_{8,5,7}$ = 16.556472678666978 dB
	 $y_{8,5,8}$ = 15.354213668308418 dB
	 $y_{8,5,14}$ = 29.661409237603877 dB
	 $y_{8,5,23}$ = 15.033295098856087 dB
	 $y_{8,5,26}$ = 15.20474317800749 dB
	 $y_{8,5,28}$ = 19.230693772233096 dB
	 $y_{8,5,35}$ = 18.315890125470517 dB
	 $y_{8,5,36}$ = 16.07116628816607 dB
		SNR medio: 80.41283122643819
		Usuarios totais: 14
$x_{8,19}$
	 $y_{8,19,17}$ = 21.12190147488677 dB
	 $y_{8,19,18}$ = 24.463731967763493 dB
	 $y_{8,19,27}$ = 18.780994163622893 dB
	 $y_{8,19,29}$ = 24.612226181730534 dB
	 $y_{8,19,39}$ = 18.952212477095998 dB
		SNR medio: 22.31610766325994
		Usuarios totais: 8
$x_{8,32}$
	 $y_{8,32,10}$ = 19.68403747326451 dB
	 $y_{8,32,20}$ = 18.496824714515498 dB
	 $y_{8,32,30}$ = 16.350806012724107 dB
	 $y_{8,32,31}$ = 30.763397446916414 dB
	 $y_{8,32,33}$ = 32.393153255072335 dB
	 $y_{8,32,40}$ = 16.447687076847544 dB
	 $y_{8,32,44}$ = 15.936808870821352 dB
	 $y_{8,32,54}$ = 19.73824492635103 dB
	 $y_{8,32,62}$ = 15.807508800047458 dB
		SNR medio: 25.707670592101067
		Usuarios totais: 13
$x_{8,57}$
	 $y_{8,57,37}$ = 19.56407587925041 dB
	 $y_{8,57,45}$ = 19.24511444147501 dB
	 $y_{8,57,46}$ = 15.595346701536712 dB
	 $y_{8,57,47}$ = 36.059282830726346 dB
	 $y_{8,57,48}$ = 19.434114079461153 dB
	 $y_{8,57,55}$ = 17.49533883947211 dB
	 $y_{8,57,56}$ = 29.903707728356096 dB
	 $y_{8,57,57}$ = 79.953347510635 dB
	 $y_{8,57,58}$ = 31.003343782436318 dB
	 $y_{8,57,59}$ = 19.552549204168713 dB
	 $y_{8,57,69}$ = 18.747587122940345 dB
		SNR medio: 69.53971887902219
		Usuarios totais: 19
$x_{8,70}$
	 $y_{8,70,50}$ = 18.409470642692256 dB
	 $y_{8,70,60}$ = 24.50048560300749 dB
	 $y_{8,70,61}$ = 29.269126807236518 dB
	 $y_{8,70,70}$ = 92.20158908401561 dB
	 $y_{8,70,73}$ = 22.104600084870924 dB
	 $y_{8,70,80}$ = 24.5259288175952 dB
	 $y_{8,70,81}$ = 21.45060078759701 dB
	 $y_{8,70,91}$ = 27.109516757249125 dB
		SNR medio: 83.17069521982405
		Usuarios totais: 10
$x_{8,74}$
	 $y_{8,74,41}$ = 15.915902283639795 dB
	 $y_{8,74,53}$ = 15.970332684020704 dB
	 $y_{8,74,63}$ = 27.41213481182541 dB
	 $y_{8,74,72}$ = 20.32124733452474 dB
	 $y_{8,74,74}$ = 91.43464681360311 dB
	 $y_{8,74,75}$ = 29.69362802508546 dB
	 $y_{8,74,84}$ = 29.060505738814555 dB
	 $y_{8,74,93}$ = 16.992007113167773 dB
	 $y_{8,74,94}$ = 15.676608678766584 dB
	 $y_{8,74,95}$ = 19.223688507847854 dB
		SNR medio: 81.43465507010866
		Usuarios totais: 24
$x_{8,87}$
	 $y_{8,87,79}$ = 21.105118698019723 dB
	 $y_{8,87,86}$ = 31.825532905564117 dB
	 $y_{8,87,89}$ = 17.317954508857582 dB
	 $y_{8,87,92}$ = 19.88881776327119 dB
	 $y_{8,87,98}$ = 26.641694786653815 dB
	 $y_{8,87,99}$ = 20.929670775176447 dB
		SNR medio: 25.9992468202562
		Usuarios totais: 9
Distances:
2 : 5 = 1200.0
2 : 19 = 2828.42712474619
2 : 32 = 1200.0
2 : 57 = 2828.42712474619
2 : 70 = 2912.043955712207
2 : 74 = 2912.043955712207
2 : 87 = 3773.5924528226415
5 : 19 = 1649.2422502470642
5 : 32 = 1697.0562748477141
5 : 57 = 2154.0659228538016
5 : 70 = 3440.9301068170507
5 : 74 = 2828.42712474619
5 : 87 = 3298.4845004941285
19 : 32 = 2912.043955712207
19 : 57 = 1788.8543819998317
19 : 70 = 4326.6615305567875
19 : 74 = 3124.099870362662
19 : 87 = 2912.043955712207
32 : 57 = 2154.0659228538016
32 : 70 = 1788.8543819998317
32 : 74 = 1788.8543819998317
32 : 87 = 2828.42712474619
57 : 70 = 2912.043955712207
57 : 74 = 1442.2205101855957
57 : 87 = 1200.0
70 : 74 = 1600.0
70 : 87 = 2828.42712474619
74 : 87 = 1264.9110640673518
t=9
$x_{9,2}$
	 $y_{9,2,0}$ = 16.961851252014597 dB
	 $y_{9,2,1}$ = 28.962915250739925 dB
	 $y_{9,2,2}$ = 87.16839221674662 dB
	 $y_{9,2,13}$ = 29.64342172701693 dB
	 $y_{9,2,15}$ = 16.74851662503721 dB
	 $y_{9,2,24}$ = 20.483488351517906 dB
		SNR medio: 79.38689569673633
		Usuarios totais: 10
$x_{9,5}$
	 $y_{9,5,3}$ = 15.005242669282183 dB
	 $y_{9,5,4}$ = 30.79145429638234 dB
	 $y_{9,5,5}$ = 90.82674520492998 dB
	 $y_{9,5,6}$ = 30.508161643726922 dB
	 $y_{9,5,7}$ = 16.556472678666978 dB
	 $y_{9,5,14}$ = 29.661409237603877 dB
	 $y_{9,5,16}$ = 17.57210326931822 dB
	 $y_{9,5,25}$ = 26.135966091759997 dB
	 $y_{9,5,26}$ = 15.20474317800749 dB
	 $y_{9,5,35}$ = 18.315890125470517 dB
	 $y_{9,5,46}$ = 19.26508194990143 dB
		SNR medio: 80.41283263960025
		Usuarios totais: 13
$x_{9,19}$
	 $y_{9,19,9}$ = 35.92245448103205 dB
		SNR medio: 35.92245448103205
		Usuarios totais: 1
$x_{9,32}$
	 $y_{9,32,10}$ = 19.68403747326451 dB
	 $y_{9,32,20}$ = 18.496824714515498 dB
	 $y_{9,32,30}$ = 16.350806012724107 dB
	 $y_{9,32,34}$ = 20.686217792139743 dB
	 $y_{9,32,42}$ = 25.361330821470176 dB
	 $y_{9,32,43}$ = 28.435095858909165 dB
	 $y_{9,32,52}$ = 21.9067829324252 dB
		SNR medio: 23.36812593622318
		Usuarios totais: 12
$x_{9,57}$
	 $y_{9,57,37}$ = 19.56407587925041 dB
	 $y_{9,57,45}$ = 19.24511444147501 dB
	 $y_{9,57,48}$ = 19.434114079461153 dB
	 $y_{9,57,49}$ = 19.128987293284098 dB
	 $y_{9,57,54}$ = 16.03354308945697 dB
	 $y_{9,57,56}$ = 29.903707728356096 dB
	 $y_{9,57,57}$ = 79.953347510635 dB
	 $y_{9,57,58}$ = 31.003343782436318 dB
	 $y_{9,57,59}$ = 19.552549204168713 dB
	 $y_{9,57,68}$ = 16.610178868279974 dB
	 $y_{9,57,69}$ = 18.747587122940345 dB
		SNR medio: 69.53954502895505
		Usuarios totais: 17
$x_{9,70}$
	 $y_{9,70,51}$ = 22.403846923214672 dB
	 $y_{9,70,61}$ = 29.269126807236518 dB
	 $y_{9,70,70}$ = 92.20158908401561 dB
	 $y_{9,70,73}$ = 22.104600084870924 dB
		SNR medio: 86.18099226117872
		Usuarios totais: 7
$x_{9,74}$
	 $y_{9,74,53}$ = 15.970332684020704 dB
	 $y_{9,74,64}$ = 36.441571958690986 dB
	 $y_{9,74,65}$ = 25.733790618422262 dB
	 $y_{9,74,72}$ = 20.32124733452474 dB
	 $y_{9,74,74}$ = 91.43464681360311 dB
	 $y_{9,74,81}$ = 15.366092948796421 dB
	 $y_{9,74,93}$ = 16.992007113167773 dB
	 $y_{9,74,94}$ = 15.676608678766584 dB
	 $y_{9,74,95}$ = 19.223688507847854 dB
		SNR medio: 81.89223774276726
		Usuarios totais: 13
$x_{9,87}$
	 $y_{9,87,76}$ = 26.839282010986665 dB
	 $y_{9,87,86}$ = 31.825532905564117 dB
	 $y_{9,87,92}$ = 19.88881776327119 dB
	 $y_{9,87,96}$ = 35.30280409826885 dB
	 $y_{9,87,97}$ = 21.308558857874345 dB
	 $y_{9,87,98}$ = 26.641694786653815 dB
	 $y_{9,87,99}$ = 20.929670775176447 dB
		SNR medio: 29.48280036182018
		Usuarios totais: 12
Distances:
2 : 5 = 1200.0
2 : 19 = 2828.42712474619
2 : 32 = 1200.0
2 : 57 = 2828.42712474619
2 : 70 = 2912.043955712207
2 : 74 = 2912.043955712207
2 : 87 = 3773.5924528226415
5 : 19 = 1649.2422502470642
5 : 32 = 1697.0562748477141
5 : 57 = 2154.0659228538016
5 : 70 = 3440.9301068170507
5 : 74 = 2828.42712474619
5 : 87 = 3298.4845004941285
19 : 32 = 2912.043955712207
19 : 57 = 1788.8543819998317
19 : 70 = 4326.6615305567875
19 : 74 = 3124.099870362662
19 : 87 = 2912.043955712207
32 : 57 = 2154.0659228538016
32 : 70 = 1788.8543819998317
32 : 74 = 1788.8543819998317
32 : 87 = 2828.42712474619
57 : 70 = 2912.043955712207
57 : 74 = 1442.2205101855957
57 : 87 = 1200.0
70 : 74 = 1600.0
70 : 87 = 2828.42712474619
74 : 87 = 1264.9110640673518
t=10
$x_{10,2}$
	 $y_{10,2,1}$ = 28.962915250739925 dB
	 $y_{10,2,12}$ = 28.564266565383022 dB
	 $y_{10,2,13}$ = 29.64342172701693 dB
	 $y_{10,2,21}$ = 21.52989154718503 dB
		SNR medio: 28.077849931281506
		Usuarios totais: 5
$x_{10,5}$
	 $y_{10,5,4}$ = 30.79145429638234 dB
	 $y_{10,5,7}$ = 16.556472678666978 dB
	 $y_{10,5,23}$ = 15.033295098856087 dB
	 $y_{10,5,35}$ = 18.315890125470517 dB
		SNR medio: 25.266223459218544
		Usuarios totais: 5
$x_{10,19}$
	 $y_{10,19,27}$ = 18.780994163622893 dB
	 $y_{10,19,29}$ = 24.612226181730534 dB
	 $y_{10,19,39}$ = 18.952212477095998 dB
		SNR medio: 21.6958263721447
		Usuarios totais: 3
$x_{10,32}$
	 $y_{10,32,10}$ = 19.68403747326451 dB
	 $y_{10,32,20}$ = 18.496824714515498 dB
	 $y_{10,32,30}$ = 16.350806012724107 dB
	 $y_{10,32,32}$ = 90.069330825636 dB
	 $y_{10,32,33}$ = 32.393153255072335 dB
	 $y_{10,32,43}$ = 28.435095858909165 dB
	 $y_{10,32,52}$ = 21.9067829324252 dB
	 $y_{10,32,62}$ = 15.807508800047458 dB
		SNR medio: 81.03844306270638
		Usuarios totais: 10
$x_{10,57}$
	 $y_{10,57,38}$ = 19.111611934165865 dB
	 $y_{10,57,46}$ = 15.595346701536712 dB
	 $y_{10,57,48}$ = 19.434114079461153 dB
	 $y_{10,57,49}$ = 19.128987293284098 dB
	 $y_{10,57,54}$ = 16.03354308945697 dB
	 $y_{10,57,58}$ = 31.003343782436318 dB
	 $y_{10,57,59}$ = 19.552549204168713 dB
	 $y_{10,57,66}$ = 25.377088666649215 dB
	 $y_{10,57,68}$ = 16.610178868279974 dB
		SNR medio: 23.61377999476352
		Usuarios totais: 9
$x_{10,70}$
	 $y_{10,70,61}$ = 29.269126807236518 dB
	 $y_{10,70,70}$ = 92.20158908401561 dB
	 $y_{10,70,82}$ = 15.919072519944677 dB
	 $y_{10,70,90}$ = 18.149933522697197 dB
	 $y_{10,70,91}$ = 27.109516757249125 dB
		SNR medio: 85.21189286901695
		Usuarios totais: 6
$x_{10,74}$
	 $y_{10,74,53}$ = 15.970332684020704 dB
	 $y_{10,74,63}$ = 27.41213481182541 dB
	 $y_{10,74,64}$ = 36.441571958690986 dB
	 $y_{10,74,75}$ = 29.69362802508546 dB
	 $y_{10,74,83}$ = 27.303603179592784 dB
	 $y_{10,74,93}$ = 16.992007113167773 dB
		SNR medio: 30.35906592327834
		Usuarios totais: 6
$x_{10,87}$
	 $y_{10,87,79}$ = 21.105118698019723 dB
	 $y_{10,87,86}$ = 31.825532905564117 dB
	 $y_{10,87,89}$ = 17.317954508857582 dB
	 $y_{10,87,97}$ = 21.308558857874345 dB
	 $y_{10,87,99}$ = 20.929670775176447 dB
		SNR medio: 25.942645955622247
		Usuarios totais: 10
Distances:
2 : 5 = 1200.0
2 : 19 = 2828.42712474619
2 : 32 = 1200.0
2 : 57 = 2828.42712474619
2 : 70 = 2912.043955712207
2 : 74 = 2912.043955712207
2 : 87 = 3773.5924528226415
5 : 19 = 1649.2422502470642
5 : 32 = 1697.0562748477141
5 : 57 = 2154.0659228538016
5 : 70 = 3440.9301068170507
5 : 74 = 2828.42712474619
5 : 87 = 3298.4845004941285
19 : 32 = 2912.043955712207
19 : 57 = 1788.8543819998317
19 : 70 = 4326.6615305567875
19 : 74 = 3124.099870362662
19 : 87 = 2912.043955712207
32 : 57 = 2154.0659228538016
32 : 70 = 1788.8543819998317
32 : 74 = 1788.8543819998317
32 : 87 = 2828.42712474619
57 : 70 = 2912.043955712207
57 : 74 = 1442.2205101855957
57 : 87 = 1200.0
70 : 74 = 1600.0
70 : 87 = 2828.42712474619
74 : 87 = 1264.9110640673518
t=11
$x_{11,2}$
	 $y_{11,2,22}$ = 20.464843754552007 dB
		SNR medio: 20.464843754552007
		Usuarios totais: 1
$x_{11,5}$
	 $y_{11,5,23}$ = 15.033295098856087 dB
		SNR medio: 15.033295098856087
		Usuarios totais: 1
$x_{11,19}$
	 $y_{11,19,9}$ = 35.92245448103205 dB
	 $y_{11,19,19}$ = 93.78919601292986 dB
		SNR medio: 90.77890315386199
		Usuarios totais: 2
$x_{11,32}$
	 $y_{11,32,30}$ = 16.350806012724107 dB
	 $y_{11,32,52}$ = 21.9067829324252 dB
		SNR medio: 19.962569451268305
		Usuarios totais: 2
$x_{11,57}$
	 $y_{11,57,37}$ = 19.56407587925041 dB
	 $y_{11,57,56}$ = 29.903707728356096 dB
	 $y_{11,57,57}$ = 79.953347510635 dB
	 $y_{11,57,67}$ = 25.455984784277803 dB
		SNR medio: 73.93280992210384
		Usuarios totais: 4
$x_{11,70}$
	 $y_{11,70,51}$ = 22.403846923214672 dB
	 $y_{11,70,82}$ = 15.919072519944677 dB
		SNR medio: 20.273696436625738
		Usuarios totais: 2
$x_{11,74}$
	 $y_{11,74,83}$ = 27.303603179592784 dB
		SNR medio: 27.303603179592784
		Usuarios totais: 1
$x_{11,87}$
	 $y_{11,87,96}$ = 35.30280409826885 dB
	 $y_{11,87,99}$ = 20.929670775176447 dB
		SNR medio: 32.448335943093014
		Usuarios totais: 2
Distances:
2 : 5 = 1200.0
2 : 19 = 2828.42712474619
2 : 32 = 1200.0
2 : 57 = 2828.42712474619
2 : 70 = 2912.043955712207
2 : 74 = 2912.043955712207
2 : 87 = 3773.5924528226415
5 : 19 = 1649.2422502470642
5 : 32 = 1697.0562748477141
5 : 57 = 2154.0659228538016
5 : 70 = 3440.9301068170507
5 : 74 = 2828.42712474619
5 : 87 = 3298.4845004941285
19 : 32 = 2912.043955712207
19 : 57 = 1788.8543819998317
19 : 70 = 4326.6615305567875
19 : 74 = 3124.099870362662
19 : 87 = 2912.043955712207
32 : 57 = 2154.0659228538016
32 : 70 = 1788.8543819998317
32 : 74 = 1788.8543819998317
32 : 87 = 2828.42712474619
57 : 70 = 2912.043955712207
57 : 74 = 1442.2205101855957
57 : 87 = 1200.0
70 : 74 = 1600.0
70 : 87 = 2828.42712474619
74 : 87 = 1264.9110640673518
--- Done after 0.6252112733655506 hours. ---
