-------------Calculating Solution (this may take a while)
+++++++++++++++++++Min Sinr: 5 dB (pgwo2)
+++++++++++++++++++With backhaul constraint. Start: 2023-06-30 03:45:06

Parameters:
- chosen seed 22
- Map with 100 sectors
- Map 4000 x 4000 m
- Sector has a side of 400 m
- Max time:  12
- users_t_m:  [[0, 0, 0, 0, 0, 0, 0, 0, 0, 0, 0, 0, 0, 0, 0, 0, 0, 0, 4, 1, 0, 0, 0, 0, 0, 0, 0, 2, 26, 3, 0, 0, 0, 0, 0, 0, 0, 0, 1, 0, 0, 0, 0, 0, 0, 0, 0, 0, 0, 0, 0, 0, 0, 0, 0, 0, 0, 0, 0, 0, 0, 0, 0, 0, 0, 0, 0, 0, 0, 0, 0, 0, 0, 0, 0, 0, 0, 0, 0, 0, 0, 0, 0, 0, 0, 0, 0, 0, 0, 0, 0, 0, 0, 0, 0, 0, 0, 0, 0, 0], [0, 3, 0, 0, 3, 1, 0, 0, 1, 0, 0, 0, 0, 1, 1, 0, 0, 0, 3, 1, 0, 1, 0, 0, 1, 0, 0, 0, 23, 2, 0, 0, 1, 0, 0, 2, 1, 0, 2, 1, 1, 0, 0, 1, 0, 0, 1, 0, 0, 1, 0, 1, 1, 0, 1, 0, 1, 1, 0, 0, 0, 1, 0, 0, 0, 0, 0, 0, 0, 0, 0, 0, 0, 0, 0, 0, 0, 0, 1, 2, 0, 0, 1, 0, 0, 1, 0, 0, 1, 0, 0, 0, 0, 1, 0, 0, 0, 1, 0, 1], [1, 0, 0, 0, 1, 0, 0, 0, 0, 1, 1, 3, 0, 1, 0, 1, 0, 1, 4, 2, 0, 0, 0, 1, 2, 1, 0, 4, 22, 0, 1, 0, 0, 0, 0, 2, 1, 0, 1, 0, 1, 1, 0, 1, 1, 2, 0, 1, 0, 1, 2, 1, 2, 1, 0, 2, 1, 1, 1, 1, 0, 0, 1, 0, 0, 0, 1, 1, 1, 1, 0, 0, 1, 0, 1, 0, 1, 3, 2, 1, 1, 0, 0, 1, 1, 0, 0, 0, 0, 1, 1, 0, 1, 2, 0, 1, 1, 1, 0, 1], [1, 0, 2, 1, 3, 0, 1, 1, 1, 2, 0, 1, 3, 1, 0, 0, 2, 0, 2, 2, 1, 2, 0, 0, 0, 2, 2, 7, 20, 2, 0, 0, 2, 0, 1, 1, 0, 0, 2, 0, 2, 0, 0, 0, 0, 2, 0, 3, 2, 2, 0, 1, 3, 0, 1, 2, 0, 0, 1, 2, 0, 0, 0, 1, 1, 0, 0, 1, 2, 3, 0, 1, 0, 2, 1, 1, 2, 0, 0, 1, 0, 0, 1, 4, 1, 0, 1, 0, 1, 1, 0, 0, 2, 0, 1, 1, 3, 2, 2, 2], [3, 5, 2, 0, 4, 1, 1, 2, 1, 2, 0, 0, 3, 1, 0, 1, 1, 0, 3, 0, 1, 1, 0, 0, 1, 0, 1, 5, 24, 0, 0, 1, 0, 5, 0, 0, 2, 0, 1, 3, 1, 0, 1, 1, 2, 1, 1, 1, 1, 0, 1, 0, 1, 3, 0, 0, 2, 1, 1, 2, 0, 1, 1, 0, 3, 0, 2, 3, 0, 0, 1, 3, 2, 2, 2, 1, 0, 4, 2, 1, 1, 2, 2, 2, 2, 0, 2, 0, 0, 1, 4, 3, 3, 0, 2, 0, 1, 1, 2, 2], [0, 3, 2, 1, 3, 3, 1, 3, 1, 1, 1, 1, 1, 2, 2, 1, 0, 4, 3, 0, 3, 2, 1, 1, 1, 0, 1, 2, 28, 3, 2, 2, 1, 3, 1, 3, 0, 1, 5, 1, 1, 1, 2, 1, 2, 1, 1, 0, 2, 3, 0, 1, 3, 2, 2, 4, 0, 0, 2, 0, 3, 3, 4, 1, 2, 1, 5, 2, 2, 3, 3, 0, 1, 3, 1, 0, 1, 1, 3, 2, 1, 0, 0, 1, 1, 0, 0, 1, 2, 1, 2, 4, 3, 2, 1, 1, 2, 1, 1, 3], [1, 0, 0, 4, 6, 0, 0, 4, 2, 1, 1, 3, 0, 1, 1, 1, 3, 1, 4, 0, 0, 1, 2, 2, 3, 2, 1, 3, 3, 2, 2, 2, 3, 3, 1, 0, 1, 2, 3, 2, 1, 1, 1, 4, 1, 2, 2, 2, 0, 1, 1, 2, 1, 1, 1, 1, 2, 1, 4, 4, 1, 1, 2, 2, 3, 0, 2, 5, 4, 3, 2, 1, 3, 2, 4, 1, 0, 2, 0, 1, 0, 2, 0, 3, 1, 2, 2, 3, 1, 2, 0, 1, 0, 1, 2, 0, 2, 1, 1, 0], [0, 2, 1, 4, 3, 2, 2, 1, 5, 1, 1, 1, 3, 2, 1, 1, 1, 0, 1, 2, 2, 3, 0, 2, 1, 0, 2, 2, 0, 2, 0, 2, 2, 1, 1, 0, 1, 3, 1, 3, 1, 1, 2, 2, 0, 3, 2, 0, 1, 1, 1, 1, 1, 1, 0, 2, 2, 2, 0, 2, 2, 2, 2, 4, 0, 4, 0, 0, 1, 0, 1, 4, 0, 0, 2, 4, 0, 1, 0, 0, 1, 3, 1, 1, 0, 2, 0, 2, 1, 4, 2, 1, 2, 0, 0, 1, 0, 1, 1, 5], [2, 2, 2, 1, 1, 1, 1, 1, 1, 0, 1, 2, 0, 1, 1, 1, 0, 1, 1, 0, 1, 0, 0, 1, 2, 0, 2, 3, 1, 1, 1, 2, 0, 1, 0, 2, 2, 2, 0, 2, 1, 1, 0, 0, 3, 2, 1, 1, 6, 0, 1, 0, 0, 4, 2, 1, 1, 1, 1, 2, 1, 1, 1, 2, 0, 0, 0, 0, 0, 1, 1, 0, 2, 2, 1, 3, 0, 0, 0, 1, 2, 1, 0, 0, 2, 0, 1, 0, 0, 2, 0, 1, 2, 3, 4, 2, 0, 0, 2, 1], [2, 1, 1, 3, 1, 1, 1, 1, 0, 1, 1, 0, 0, 1, 1, 1, 1, 0, 0, 0, 2, 0, 0, 0, 4, 1, 1, 0, 0, 0, 1, 0, 0, 0, 3, 1, 0, 2, 0, 0, 0, 0, 1, 2, 0, 1, 1, 0, 1, 1, 0, 2, 2, 3, 3, 0, 1, 1, 2, 2, 0, 1, 0, 0, 1, 1, 0, 0, 1, 2, 2, 0, 1, 2, 1, 0, 2, 0, 0, 0, 0, 2, 0, 0, 0, 0, 1, 0, 0, 0, 0, 0, 1, 1, 1, 2, 2, 2, 1, 3], [0, 2, 0, 0, 1, 0, 0, 2, 0, 0, 1, 0, 1, 1, 0, 0, 0, 0, 0, 0, 1, 1, 0, 1, 0, 0, 0, 1, 0, 1, 2, 0, 1, 1, 0, 1, 0, 0, 1, 1, 0, 0, 0, 2, 0, 0, 1, 0, 1, 1, 0, 0, 1, 1, 1, 0, 0, 0, 1, 1, 0, 1, 1, 1, 1, 0, 1, 0, 1, 0, 1, 0, 0, 0, 0, 1, 0, 0, 0, 1, 0, 0, 2, 1, 0, 0, 1, 0, 0, 1, 1, 1, 0, 1, 0, 0, 0, 3, 0, 4], [0, 0, 0, 0, 0, 0, 0, 0, 0, 1, 0, 0, 0, 0, 0, 0, 0, 0, 0, 1, 0, 0, 1, 1, 0, 0, 0, 0, 0, 0, 1, 0, 0, 0, 0, 0, 0, 1, 0, 0, 0, 0, 0, 0, 0, 0, 0, 0, 0, 0, 0, 1, 1, 0, 0, 0, 1, 1, 0, 0, 0, 0, 0, 0, 0, 0, 0, 1, 0, 0, 0, 0, 0, 0, 0, 0, 0, 0, 0, 0, 0, 0, 1, 1, 0, 0, 0, 0, 0, 0, 0, 0, 0, 0, 0, 0, 1, 0, 0, 1]]
MAX_USER_PER_ANTENNAS_m:  [40, 40, 40, 40, 40, 40, 40, 40, 40, 40, 40, 40, 40, 40, 40, 40, 40, 40, 40, 40, 40, 40, 40, 40, 40, 40, 40, 40, 40, 40, 40, 40, 40, 40, 40, 40, 40, 40, 40, 40, 40, 40, 40, 40, 40, 40, 40, 40, 40, 40, 40, 40, 40, 40, 40, 40, 40, 40, 40, 40, 40, 40, 40, 40, 40, 40, 40, 40, 40, 40, 40, 40, 40, 40, 40, 40, 40, 40, 40, 40, 40, 40, 40, 40, 40, 40, 40, 40, 40, 40, 40, 40, 40, 40, 40, 40, 40, 40, 40, 40]
antennas_map_m:  [1, 1, 1, 1, 1, 1, 1, 1, 1, 1, 1, 1, 1, 1, 1, 1, 1, 1, 1, 1, 1, 1, 1, 1, 1, 1, 1, 1, 1, 1, 1, 1, 1, 1, 1, 1, 1, 1, 1, 1, 1, 1, 1, 1, 1, 1, 1, 1, 1, 1, 1, 1, 1, 1, 1, 1, 1, 1, 1, 1, 1, 1, 1, 1, 1, 1, 1, 1, 1, 1, 1, 1, 1, 1, 1, 1, 1, 1, 1, 1, 1, 1, 1, 1, 1, 1, 1, 1, 1, 1, 1, 1, 1, 1, 1, 1, 1, 1, 1, 1]
FIRST_ANTENNA:  17
MIN_SNR_m:  [3.1622776601683795, 3.1622776601683795, 3.1622776601683795, 3.1622776601683795, 3.1622776601683795, 3.1622776601683795, 3.1622776601683795, 3.1622776601683795, 3.1622776601683795, 3.1622776601683795, 3.1622776601683795, 3.1622776601683795, 3.1622776601683795, 3.1622776601683795, 3.1622776601683795, 3.1622776601683795, 3.1622776601683795, 3.1622776601683795, 3.1622776601683795, 3.1622776601683795, 3.1622776601683795, 3.1622776601683795, 3.1622776601683795, 3.1622776601683795, 3.1622776601683795, 3.1622776601683795, 3.1622776601683795, 3.1622776601683795, 3.1622776601683795, 3.1622776601683795, 3.1622776601683795, 3.1622776601683795, 3.1622776601683795, 3.1622776601683795, 3.1622776601683795, 3.1622776601683795, 3.1622776601683795, 3.1622776601683795, 3.1622776601683795, 3.1622776601683795, 3.1622776601683795, 3.1622776601683795, 3.1622776601683795, 3.1622776601683795, 3.1622776601683795, 3.1622776601683795, 3.1622776601683795, 3.1622776601683795, 3.1622776601683795, 3.1622776601683795, 3.1622776601683795, 3.1622776601683795, 3.1622776601683795, 3.1622776601683795, 3.1622776601683795, 3.1622776601683795, 3.1622776601683795, 3.1622776601683795, 3.1622776601683795, 3.1622776601683795, 3.1622776601683795, 3.1622776601683795, 3.1622776601683795, 3.1622776601683795, 3.1622776601683795, 3.1622776601683795, 3.1622776601683795, 3.1622776601683795, 3.1622776601683795, 3.1622776601683795, 3.1622776601683795, 3.1622776601683795, 3.1622776601683795, 3.1622776601683795, 3.1622776601683795, 3.1622776601683795, 3.1622776601683795, 3.1622776601683795, 3.1622776601683795, 3.1622776601683795, 3.1622776601683795, 3.1622776601683795, 3.1622776601683795, 3.1622776601683795, 3.1622776601683795, 3.1622776601683795, 3.1622776601683795, 3.1622776601683795, 3.1622776601683795, 3.1622776601683795, 3.1622776601683795, 3.1622776601683795, 3.1622776601683795, 3.1622776601683795, 3.1622776601683795, 3.1622776601683795, 3.1622776601683795, 3.1622776601683795, 3.1622776601683795, 3.1622776601683795]
-MIN_DIST:  2000
- disaster percentage:  0

Slice 0
Fitnes _wolf:  7.192657861341662
The set of antennas serves the scenario in the respective slice.
Results:  [array([17])]

Slice 1
Fitnes _wolf:  -inf

Run GWO to deployment +1 antenna on the map
	Pack size:  50
	Wolf dimension 1
	Max iter 100
	antennas_regions:  [17]
	users_regions:  [ 1  4  5  8 13 14 18 19 21 24 28 29 32 35 36 38 39 40 43 46 49 51 52 54
 56 57 61 78 79 82 85 88 93 97 99]
	Fitness function:  <function fitness_pgwo2 at 0x7f11058800e0>
	Seed_base:  0
initial_alpha:  Wolf 0 (0). Fitness: -inf
	(3377.6874061001927, 3031.8176117612097, 0). Region: 78
initial_beta:  Wolf 1 (1). Fitness: -inf
	(537.4569764496049, 3389.7349477489306, 0). Region: 81
initial_delta:  Wolf 2 (2). Fitness: -inf
	(3824.1370875569974, 3791.3099482373977, 0). Region: 99 

iter = 10
Alpha wolf:  Wolf 0 (0). Fitness: -inf
	(81.56569596725637, 1533.0492192977936, 0.0). Region: 30
iter = 20
Alpha wolf:  Wolf 0 (0). Fitness: -inf
	(506.38061354998786, 371.26509241048984, 0.0). Region: 1
iter = 30
Alpha wolf:  Wolf 0 (0). Fitness: -inf
	(598.8933980431552, 353.9842352890942, 0.0). Region: 1
iter = 40
Alpha wolf:  Wolf 0 (0). Fitness: -inf
	(649.2022063175233, 83.52462599742333, 0.0). Region: 1
iter = 50
Alpha wolf:  Wolf 0 (0). Fitness: -inf
	(219.0708702761497, 119.94696641039664, 0.0). Region: 0
iter = 60
Alpha wolf:  Wolf 0 (0). Fitness: -inf
	(236.02465689898992, 202.8335175120102, 0.0). Region: 0
iter = 70
Alpha wolf:  Wolf 0 (0). Fitness: -inf
	(374.9699585333692, 209.52929749051674, 0.0). Region: 0
iter = 80
Alpha wolf:  Wolf 0 (0). Fitness: -inf
	(381.21487043359093, 170.2192979427995, 0.0). Region: 0
iter = 90
Alpha wolf:  Wolf 0 (0). Fitness: -inf
	(343.3864310843528, 177.45879215794736, 0.0). Region: 0

- Finishing GWO - 


Run GWO to deployment +2 antenna on the map
	Pack size:  50
	Wolf dimension 2
	Max iter 100
	antennas_regions:  [17]
	users_regions:  [ 1  4  5  8 13 14 18 19 21 24 28 29 32 35 36 38 39 40 43 46 49 51 52 54
 56 57 61 78 79 82 85 88 93 97 99]
	Fitness function:  <function fitness_pgwo2 at 0x7f11058800e0>
	Seed_base:  50
initial_alpha:  Wolf 0 (50). Fitness: -inf
	(1990.1462750344092, 1064.6948922901624, 0). Region: 24
	(2549.644645774764, 969.9190167350506, 0). Region: 26
initial_beta:  Wolf 1 (51). Fitness: -inf
	(974.071050837348, 2008.835958012624, 0). Region: 52
	(647.7500571632238, 3284.888863373125, 0). Region: 81
initial_delta:  Wolf 2 (52). Fitness: -inf
	(3913.4194334839867, 218.09062004182954, 0). Region: 9
	(2902.6468846973, 1935.4469732977698, 0). Region: 47 

The alpha wolf has been updated to a position with higher fitness. iter = 1
New alpha wolf:  Wolf 8 (58). Fitness: 30.73737695788915
	(2299.637951495334, 2663.7236905386144, 0.0). Region: 65
	(1869.7128515139484, 1270.8982004882866, 0.0). Region: 34
The alpha wolf has been updated to a position with higher fitness. iter = 9
New alpha wolf:  Wolf 21 (71). Fitness: 30.79113988955753
	(2150.69345532028, 2421.322573569724, 0.0). Region: 65
	(1581.9997132704605, 1268.651619925043, 0.0). Region: 33
iter = 10
Alpha wolf:  Wolf 21 (71). Fitness: 30.79113988955753
	(2150.69345532028, 2421.322573569724, 0.0). Region: 65
	(1581.9997132704605, 1268.651619925043, 0.0). Region: 33
The alpha wolf has been updated to a position with higher fitness. iter = 19
New alpha wolf:  Wolf 23 (73). Fitness: 31.775529722375186
	(2097.6811761918643, 2576.353356956655, 0.0). Region: 65
	(1360.7463619401337, 2083.858083169116, 0.0). Region: 53
iter = 20
Alpha wolf:  Wolf 23 (73). Fitness: 31.775529722375186
	(2097.6811761918643, 2576.353356956655, 0.0). Region: 65
	(1360.7463619401337, 2083.858083169116, 0.0). Region: 53
iter = 30
Alpha wolf:  Wolf 23 (73). Fitness: 31.775529722375186
	(2353.5408992192342, 2560.898751545169, 0.0). Region: 65
	(1516.0620643220295, 2070.823860242028, 0.0). Region: 53
iter = 40
Alpha wolf:  Wolf 23 (73). Fitness: 31.775529722375186
	(2353.5408992192342, 2560.898751545169, 0.0). Region: 65
	(1516.0620643220295, 2070.823860242028, 0.0). Region: 53
iter = 50
Alpha wolf:  Wolf 23 (73). Fitness: 31.775529722375186
	(2301.9869770281334, 2589.047074555607, 0.0). Region: 65
	(1302.6933072374236, 2370.6602229807686, 0.0). Region: 53
iter = 60
Alpha wolf:  Wolf 23 (73). Fitness: 31.775529722375186
	(2301.9869770281334, 2589.047074555607, 0.0). Region: 65
	(1302.6933072374236, 2370.6602229807686, 0.0). Region: 53
iter = 70
Alpha wolf:  Wolf 23 (73). Fitness: 31.775529722375186
	(2301.9869770281334, 2589.047074555607, 0.0). Region: 65
	(1302.6933072374236, 2370.6602229807686, 0.0). Region: 53
iter = 80
Alpha wolf:  Wolf 23 (73). Fitness: 31.775529722375186
	(2253.4811946047594, 2504.07549987113, 0.0). Region: 65
	(1258.8681876576643, 2150.228446390549, 0.0). Region: 53
iter = 90
Alpha wolf:  Wolf 23 (73). Fitness: 31.775529722375186
	(2287.130097359627, 2517.4693588600826, 0.0). Region: 65
	(1254.756967610791, 2104.9928824657627, 0.0). Region: 53

- Finishing GWO - 

Best solution:  Wolf 23 (73). Fitness: 31.775529722375186
	(2172.6645682056824, 2440.5889278780855, 0.0). Region: 65
	(1278.173077860809, 2076.2742100211635, 0.0). Region: 53
Antennas in slice 1:  [17 53 65]
Results:  [array([17]), array([17, 53, 65])]

Slice 2
Fitnes _wolf:  -inf

Run GWO to deployment +1 antenna on the map
	Pack size:  50
	Wolf dimension 1
	Max iter 100
	antennas_regions:  [17 53 65]
	users_regions:  [ 0  4  9 10 11 13 15 17 18 19 23 24 25 27 28 30 35 36 38 40 41 43 44 45
 47 49 50 51 52 53 55 56 57 58 59 62 66 67 68 69 72 74 76 77 78 79 80 83
 84 89 90 92 93 95 96 97 99]
	Fitness function:  <function fitness_pgwo2 at 0x7f11058800e0>
	Seed_base:  100
initial_alpha:  Wolf 0 (100). Fitness: -inf
	(582.6770204165213, 1819.7080180560854, 0). Region: 41
initial_beta:  Wolf 1 (101). Fitness: -inf
	(2324.6085300182585, 779.0179821365468, 0). Region: 15
initial_delta:  Wolf 2 (102). Fitness: -inf
	(592.6848255483344, 2463.8611483048944, 0). Region: 61 

iter = 10
Alpha wolf:  Wolf 0 (100). Fitness: -inf
	(68.34965197963697, 1041.5703581217194, 0.0). Region: 20
iter = 20
Alpha wolf:  Wolf 0 (100). Fitness: -inf
	(505.0893338271437, 256.0285682279298, 0.0). Region: 1
iter = 30
Alpha wolf:  Wolf 0 (100). Fitness: -inf
	(596.9944464309849, 244.09477418752186, 0.0). Region: 1
iter = 40
Alpha wolf:  Wolf 0 (100). Fitness: -inf
	(647.1437200652515, 57.5956281973665, 0.0). Region: 1
iter = 50
Alpha wolf:  Wolf 0 (100). Fitness: -inf
	(218.37624174730513, 82.71118592505115, 0.0). Region: 0
iter = 60
Alpha wolf:  Wolf 0 (100). Fitness: -inf
	(235.27627141083167, 139.86682015255727, 0.0). Region: 0
iter = 70
Alpha wolf:  Wolf 0 (100). Fitness: -inf
	(373.781006162254, 144.48399321903236, 0.0). Region: 0
iter = 80
Alpha wolf:  Wolf 0 (100). Fitness: -inf
	(380.00611673535013, 117.37720779037603, 0.0). Region: 0
iter = 90
Alpha wolf:  Wolf 0 (100). Fitness: -inf
	(342.2976235621623, 122.36930696513697, 0.0). Region: 0

- Finishing GWO - 


Run GWO to deployment +2 antenna on the map
	Pack size:  50
	Wolf dimension 2
	Max iter 100
	antennas_regions:  [17 53 65]
	users_regions:  [ 0  4  9 10 11 13 15 17 18 19 23 24 25 27 28 30 35 36 38 40 41 43 44 45
 47 49 50 51 52 53 55 56 57 58 59 62 66 67 68 69 72 74 76 77 78 79 80 83
 84 89 90 92 93 95 96 97 99]
	Fitness function:  <function fitness_pgwo2 at 0x7f11058800e0>
	Seed_base:  150
initial_alpha:  Wolf 49 (199). Fitness: 8.053494932733712e-05
	(1376.9831283176184, 1572.8748991096588, 0). Region: 33
	(1107.23524293901, 2851.3992520856336, 0). Region: 72
initial_beta:  Wolf 0 (150). Fitness: -inf
	(3295.228967856352, 3580.836635796672, 0). Region: 88
	(751.473642213539, 1215.4358867466128, 0). Region: 31
initial_delta:  Wolf 1 (151). Fitness: -inf
	(2826.2949409966977, 3383.9252850902753, 0). Region: 87
	(3803.1426880375734, 2531.1547435486596, 0). Region: 69 

The alpha wolf has been updated to a position with higher fitness. iter = 3
New alpha wolf:  Wolf 6 (156). Fitness: 0.00014697054876021716
	(1207.9426131447956, 1431.7466364926172, 0.0). Region: 33
	(1750.1983170612825, 1612.3052962684735, 0.0). Region: 44
The alpha wolf has been updated to a position with higher fitness. iter = 9
New alpha wolf:  Wolf 34 (184). Fitness: 0.0001564403872612681
	(1921.3879829347406, 2187.3010556746003, 0.0). Region: 54
	(904.6355131303053, 1427.2008337257553, 0.0). Region: 32
iter = 10
Alpha wolf:  Wolf 34 (184). Fitness: 0.0001564403872612681
	(1921.3879829347406, 2187.3010556746003, 0.0). Region: 54
	(904.6355131303053, 1427.2008337257553, 0.0). Region: 32
The alpha wolf has been updated to a position with higher fitness. iter = 14
New alpha wolf:  Wolf 14 (164). Fitness: 0.0001564403872633264
	(1405.3882178655103, 262.4516331447604, 0.0). Region: 3
	(1937.5154633932225, 2705.9491527742375, 0.0). Region: 64
iter = 20
Alpha wolf:  Wolf 14 (164). Fitness: 0.0001564403872633264
	(1405.3882178655103, 262.4516331447604, 0.0). Region: 3
	(1937.5154633932225, 2705.9491527742375, 0.0). Region: 64
iter = 30
Alpha wolf:  Wolf 14 (164). Fitness: 0.0001564403872633264
	(1405.3882178655103, 262.4516331447604, 0.0). Region: 3
	(1937.5154633932225, 2705.9491527742375, 0.0). Region: 64
iter = 40
Alpha wolf:  Wolf 14 (164). Fitness: 0.0001564403872633264
	(1405.3882178655103, 262.4516331447604, 0.0). Region: 3
	(1937.5154633932225, 2705.9491527742375, 0.0). Region: 64
iter = 50
Alpha wolf:  Wolf 14 (164). Fitness: 0.0001564403872633264
	(1507.0901435333756, 238.4857634034356, 0.0). Region: 3
	(1878.7340596685572, 2773.6800629450527, 0.0). Region: 64
iter = 60
Alpha wolf:  Wolf 14 (164). Fitness: 0.0001564403872633264
	(1507.0901435333756, 238.4857634034356, 0.0). Region: 3
	(1878.7340596685572, 2773.6800629450527, 0.0). Region: 64
iter = 70
Alpha wolf:  Wolf 14 (164). Fitness: 0.0001564403872633264
	(1394.535345063954, 260.3038848685104, 0.0). Region: 3
	(1851.4157249439595, 2673.3148149699464, 0.0). Region: 64
iter = 80
Alpha wolf:  Wolf 14 (164). Fitness: 0.0001564403872633264
	(1229.5758851512899, 327.1331002478151, 0.0). Region: 3
	(1665.2686689984102, 2433.2157676920274, 0.0). Region: 64
iter = 90
Alpha wolf:  Wolf 14 (164). Fitness: 0.0001564403872633264
	(1335.7463159714878, 226.75905513902939, 0.0). Region: 3
	(1729.9126857546016, 2649.468337455866, 0.0). Region: 64

- Finishing GWO - 

Best solution:  Wolf 14 (164). Fitness: 0.0001564403872633264
	(1461.7001292982036, 218.3252160537225, 0.0). Region: 3
	(1691.601333643152, 2474.4325908038127, 0.0). Region: 64
Antennas in slice 2:  [ 3 17 53 64 65]
Results:  [array([17]), array([17, 53, 65]), array([ 3, 17, 53, 64, 65])]

Slice 3
Fitnes _wolf:  0.0002000009217684515
The set of antennas serves the scenario in the respective slice.
Results:  [array([17]), array([17, 53, 65]), array([ 3, 17, 53, 64, 65]), array([ 3, 17, 53, 64, 65])]

Slice 4
Fitnes _wolf:  0.00011157418930641932
The set of antennas serves the scenario in the respective slice.
Results:  [array([17]), array([17, 53, 65]), array([ 3, 17, 53, 64, 65]), array([ 3, 17, 53, 64, 65]), array([ 3, 17, 53, 64, 65])]

Slice 5
Fitnes _wolf:  -inf

Run GWO to deployment +1 antenna on the map
	Pack size:  50
	Wolf dimension 1
	Max iter 100
	antennas_regions:  [ 3 17 53 64 65]
	users_regions:  [ 1  2  3  4  5  6  7  8  9 10 11 12 13 14 15 17 18 20 21 22 23 24 26 27
 28 29 30 31 32 33 34 35 37 38 39 40 41 42 43 44 45 46 48 49 51 52 53 54
 55 58 60 61 62 63 64 65 66 67 68 69 70 72 73 74 76 77 78 79 80 83 84 87
 88 89 90 91 92 93 94 95 96 97 98 99]
	Fitness function:  <function fitness_pgwo2 at 0x7f11058800e0>
	Seed_base:  200
initial_alpha:  Wolf 29 (229). Fitness: 0.00010014829524731613
	(2115.2242761647617, 900.7861288946151, 0). Region: 25
initial_beta:  Wolf 19 (219). Fitness: 0.00010014829524715769
	(2792.893547935207, 1360.9737613009254, 0). Region: 36
initial_delta:  Wolf 37 (237). Fitness: 9.326178219212542e-05
	(2490.1037065681817, 3620.247398869761, 0). Region: 96 

The alpha wolf has been updated to a position with higher fitness. iter = 0
New alpha wolf:  Wolf 18 (218). Fitness: 0.00010785282673906478
	(2494.159971849277, 1074.5647220029311, 0.0). Region: 26
iter = 10
Alpha wolf:  Wolf 18 (218). Fitness: 0.00010785282673906478
	(2443.5525574453245, 871.1319977245272, 0.0). Region: 26
iter = 20
Alpha wolf:  Wolf 18 (218). Fitness: 0.00010785282673906478
	(2679.1907977647397, 883.6992284874259, 0.0). Region: 26
iter = 30
Alpha wolf:  Wolf 18 (218). Fitness: 0.00010785282673906478
	(2679.1907977647397, 883.6992284874259, 0.0). Region: 26
iter = 40
Alpha wolf:  Wolf 18 (218). Fitness: 0.00010785282673906478
	(2679.1907977647397, 883.6992284874259, 0.0). Region: 26
iter = 50
Alpha wolf:  Wolf 18 (218). Fitness: 0.00010785282673906478
	(2728.8355044987075, 894.5639742001327, 0.0). Region: 26
iter = 60
Alpha wolf:  Wolf 18 (218). Fitness: 0.00010785282673906478
	(2521.3767820088824, 1190.8583354678435, 0.0). Region: 26
iter = 70
Alpha wolf:  Wolf 18 (218). Fitness: 0.00010785282673906478
	(2731.876818226642, 1043.5968576964606, 0.0). Region: 26
iter = 80
Alpha wolf:  Wolf 18 (218). Fitness: 0.00010785282673906478
	(2658.9574246916936, 855.69047868088, 0.0). Region: 26
iter = 90
Alpha wolf:  Wolf 18 (218). Fitness: 0.00010785282673906478
	(2483.6531483397002, 823.9660454957047, 0.0). Region: 26

- Finishing GWO - 

Best solution:  Wolf 18 (218). Fitness: 0.00010785282673906478
	(2594.9608013957604, 936.079412084761, 0.0). Region: 26
Antennas in slice 5:  [ 3 17 26 53 64 65]
Results:  [array([17]), array([17, 53, 65]), array([ 3, 17, 53, 64, 65]), array([ 3, 17, 53, 64, 65]), array([ 3, 17, 53, 64, 65]), array([ 3, 17, 26, 53, 64, 65])]

Slice 6
Fitnes _wolf:  0.00011607597736692898
The set of antennas serves the scenario in the respective slice.
Results:  [array([17]), array([17, 53, 65]), array([ 3, 17, 53, 64, 65]), array([ 3, 17, 53, 64, 65]), array([ 3, 17, 53, 64, 65]), array([ 3, 17, 26, 53, 64, 65]), array([ 3, 17, 26, 53, 64, 65])]

Slice 7
Fitnes _wolf:  5.9576259291486645e-05
The set of antennas serves the scenario in the respective slice.
Results:  [array([17]), array([17, 53, 65]), array([ 3, 17, 53, 64, 65]), array([ 3, 17, 53, 64, 65]), array([ 3, 17, 53, 64, 65]), array([ 3, 17, 26, 53, 64, 65]), array([ 3, 17, 26, 53, 64, 65]), array([ 3, 17, 26, 53, 64, 65])]

Slice 8
Fitnes _wolf:  0.00011245434477084886
The set of antennas serves the scenario in the respective slice.
Results:  [array([17]), array([17, 53, 65]), array([ 3, 17, 53, 64, 65]), array([ 3, 17, 53, 64, 65]), array([ 3, 17, 53, 64, 65]), array([ 3, 17, 26, 53, 64, 65]), array([ 3, 17, 26, 53, 64, 65]), array([ 3, 17, 26, 53, 64, 65]), array([ 3, 17, 26, 53, 64, 65])]

Slice 9
Fitnes _wolf:  7.008971740427551e-05
The set of antennas serves the scenario in the respective slice.
Results:  [array([17]), array([17, 53, 65]), array([ 3, 17, 53, 64, 65]), array([ 3, 17, 53, 64, 65]), array([ 3, 17, 53, 64, 65]), array([ 3, 17, 26, 53, 64, 65]), array([ 3, 17, 26, 53, 64, 65]), array([ 3, 17, 26, 53, 64, 65]), array([ 3, 17, 26, 53, 64, 65]), array([ 3, 17, 26, 53, 64, 65])]

Slice 10
Fitnes _wolf:  0.00011480889362644989
The set of antennas serves the scenario in the respective slice.
Results:  [array([17]), array([17, 53, 65]), array([ 3, 17, 53, 64, 65]), array([ 3, 17, 53, 64, 65]), array([ 3, 17, 53, 64, 65]), array([ 3, 17, 26, 53, 64, 65]), array([ 3, 17, 26, 53, 64, 65]), array([ 3, 17, 26, 53, 64, 65]), array([ 3, 17, 26, 53, 64, 65]), array([ 3, 17, 26, 53, 64, 65]), array([ 3, 17, 26, 53, 64, 65])]

Slice 11
Fitnes _wolf:  66.95819763626152
The set of antennas serves the scenario in the respective slice.
Results:  [array([17]), array([17, 53, 65]), array([ 3, 17, 53, 64, 65]), array([ 3, 17, 53, 64, 65]), array([ 3, 17, 53, 64, 65]), array([ 3, 17, 26, 53, 64, 65]), array([ 3, 17, 26, 53, 64, 65]), array([ 3, 17, 26, 53, 64, 65]), array([ 3, 17, 26, 53, 64, 65]), array([ 3, 17, 26, 53, 64, 65]), array([ 3, 17, 26, 53, 64, 65]), array([ 3, 17, 26, 53, 64, 65])]
Results:  [array([17]), array([17, 53, 65]), array([ 3, 17, 53, 64, 65]), array([ 3, 17, 53, 64, 65]), array([ 3, 17, 53, 64, 65]), array([ 3, 17, 26, 53, 64, 65]), array([ 3, 17, 26, 53, 64, 65]), array([ 3, 17, 26, 53, 64, 65]), array([ 3, 17, 26, 53, 64, 65]), array([ 3, 17, 26, 53, 64, 65]), array([ 3, 17, 26, 53, 64, 65]), array([ 3, 17, 26, 53, 64, 65])]

Média de carros: 5.083333333333333
t=0
Antennas: [17]
Users: [18 19 27 28 29 38]
connections:  {18: 17, 19: 17, 27: 17, 28: 17, 29: 17, 38: 17}
$x_{0,17}$
	 $y_{0,17,18}$ = 25.083676299194465 dB
	 $y_{0,17,19}$ = 22.079882614789597 dB
	 $y_{0,17,27}$ = 32.16590562531573 dB
	 $y_{0,17,28}$ = 26.693222215071202 dB
	 $y_{0,17,29}$ = 13.865773238669817 dB
	 $y_{0,17,38}$ = 20.741150041468416 dB
		SNR medio:  3.8008002712029523
		Usuarios totais: 37
Distances:
t=1
Antennas: [17 53 65]
Users: [ 1  4  5  8 13 14 18 19 21 24 28 29 32 35 36 38 39 40 43 46 49 51 52 54
 56 57 61 78 79 82 85 88 93 97 99]
connections:  {1: 17, 5: 17, 8: 17, 13: 53, 18: 17, 19: 17, 21: 53, 28: 17, 29: 17, 32: 53, 39: 17, 40: 53, 49: 17, 78: 65, 79: 65, 85: 65, 93: 65, 97: 65, 99: 65, 4: 17, 24: 17, 38: 65, 14: 65, 35: 65, 36: 65, 43: 65, 46: 65, 51: 65, 52: 65, 54: 65, 56: 65, 57: 65, 61: 65, 82: 65, 88: 65}
$x_{1,17}$
	 $y_{1,17,1}$ = 6.266393936345111 dB
	 $y_{1,17,5}$ = 25.64414580138572 dB
	 $y_{1,17,8}$ = 14.723885813261674 dB
	 $y_{1,17,18}$ = 25.083676299194465 dB
	 $y_{1,17,19}$ = 22.079882614789597 dB
	 $y_{1,17,28}$ = 26.693222215071202 dB
	 $y_{1,17,29}$ = 13.865773238669817 dB
	 $y_{1,17,39}$ = 20.05829202998558 dB
	 $y_{1,17,49}$ = 8.541472229091085 dB
	 $y_{1,17,4}$ = 5.921126993560819 dB
	 $y_{1,17,24}$ = 7.459778221026454 dB
		SNR medio:  4.408441234809538
		Usuarios totais: 40
$x_{1,53}$
	 $y_{1,53,13}$ = 5.643321574724808 dB
	 $y_{1,53,21}$ = 15.823650403570625 dB
	 $y_{1,53,32}$ = 18.798622096315142 dB
	 $y_{1,53,40}$ = 16.126765458612937 dB
		SNR medio:  14.098089883305878
		Usuarios totais: 4
$x_{1,65}$
	 $y_{1,65,78}$ = 16.393600608646054 dB
	 $y_{1,65,79}$ = 13.050259636997893 dB
	 $y_{1,65,85}$ = 17.957664159517094 dB
	 $y_{1,65,93}$ = 12.469956515882956 dB
	 $y_{1,65,97}$ = 6.937544839944223 dB
	 $y_{1,65,99}$ = 8.661984328177084 dB
	 $y_{1,65,38}$ = 6.136053775308056 dB
	 $y_{1,65,14}$ = 7.253679290272117 dB
	 $y_{1,65,35}$ = 14.108064739008483 dB
	 $y_{1,65,36}$ = 15.296523856817572 dB
	 $y_{1,65,43}$ = 12.521861011559594 dB
	 $y_{1,65,46}$ = 10.488058267731859 dB
	 $y_{1,65,51}$ = 10.695699655409257 dB
	 $y_{1,65,52}$ = 7.187494776117319 dB
	 $y_{1,65,54}$ = 12.073746732244672 dB
	 $y_{1,65,56}$ = 27.409718627970307 dB
	 $y_{1,65,57}$ = 12.23198393303602 dB
	 $y_{1,65,61}$ = 9.557656875189053 dB
	 $y_{1,65,82}$ = 8.578231607674098 dB
	 $y_{1,65,88}$ = 9.322503907319884 dB
		SNR medio:  10.362273354122767
		Usuarios totais: 23
Distances:
17 : 53 = 2262.741699796952
17 : 65 = 2154.0659228538016
53 : 65 = 894.4271909999159
t=2
Antennas: [ 3 17 53 64 65]
Users: [ 0  4  9 10 11 13 15 17 18 19 23 24 25 27 28 30 35 36 38 40 41 43 44 45
 47 49 50 51 52 53 55 56 57 58 59 62 66 67 68 69 72 74 76 77 78 79 80 83
 84 89 90 92 93 95 96 97 99]
connections:  {0: 3, 9: 17, 17: 17, 18: 17, 19: 17, 28: 17, 40: 53, 49: 17, 59: 64, 69: 3, 78: 65, 79: 65, 80: 64, 90: 64, 99: 65, 10: 3, 11: 65, 30: 3, 38: 17, 74: 65, 89: 65, 93: 65, 97: 65, 4: 17, 13: 3, 50: 3, 51: 65, 62: 65, 68: 65, 72: 65, 77: 65, 83: 65, 84: 65, 95: 65, 96: 65, 15: 17, 24: 17, 25: 17, 27: 65, 41: 17, 43: 65, 45: 65, 47: 17, 52: 65, 53: 53, 56: 65, 57: 17, 58: 65, 67: 65, 92: 65, 23: 65, 35: 65, 36: 65, 44: 3, 55: 3, 66: 3, 76: 3}
$x_{2,3}$
	 $y_{2,3,0}$ = 16.12802016944586 dB
	 $y_{2,3,69}$ = 5.402398797896495 dB
	 $y_{2,3,10}$ = 10.406998835347608 dB
	 $y_{2,3,30}$ = 7.047220734081094 dB
	 $y_{2,3,13}$ = 25.90018255251296 dB
	 $y_{2,3,50}$ = 11.858831500105524 dB
	 $y_{2,3,44}$ = 5.0324825884629405 dB
	 $y_{2,3,55}$ = 15.120569204758468 dB
	 $y_{2,3,66}$ = 7.285564976077467 dB
	 $y_{2,3,76}$ = 7.06179208541576 dB
		SNR medio:  9.270338453675349
		Usuarios totais: 12
$x_{2,17}$
	 $y_{2,17,9}$ = 19.02428006635452 dB
	 $y_{2,17,17}$ = 87.07028671302365 dB
	 $y_{2,17,18}$ = 25.083676299194465 dB
	 $y_{2,17,19}$ = 22.079882614789597 dB
	 $y_{2,17,28}$ = 26.693222215071202 dB
	 $y_{2,17,49}$ = 8.541472229091085 dB
	 $y_{2,17,38}$ = 20.741150041468416 dB
	 $y_{2,17,4}$ = 5.921126993560819 dB
	 $y_{2,17,15}$ = 20.741163535417982 dB
	 $y_{2,17,24}$ = 7.459778221026454 dB
	 $y_{2,17,25}$ = 20.741522349565216 dB
	 $y_{2,17,41}$ = 5.78788812371576 dB
	 $y_{2,17,47}$ = 7.140171373505439 dB
	 $y_{2,17,57}$ = 9.345335268954472 dB
		SNR medio:  7.1592739011184765
		Usuarios totais: 40
$x_{2,53}$
	 $y_{2,53,40}$ = 16.126765458612937 dB
	 $y_{2,53,53}$ = 85.68191174251326 dB
		SNR medio:  50.9043386005631
		Usuarios totais: 2
$x_{2,64}$
	 $y_{2,64,59}$ = 5.290965008449504 dB
	 $y_{2,64,80}$ = 6.844533627845038 dB
	 $y_{2,64,90}$ = 9.057388705309108 dB
		SNR medio:  7.06429578053455
		Usuarios totais: 3
$x_{2,65}$
	 $y_{2,65,78}$ = 16.393600608646054 dB
	 $y_{2,65,79}$ = 13.050259636997893 dB
	 $y_{2,65,99}$ = 8.661984328177084 dB
	 $y_{2,65,11}$ = 9.526609408802187 dB
	 $y_{2,65,74}$ = 23.206311966507045 dB
	 $y_{2,65,89}$ = 5.924714265552268 dB
	 $y_{2,65,93}$ = 12.469956515882956 dB
	 $y_{2,65,97}$ = 6.937544839944223 dB
	 $y_{2,65,51}$ = 10.695699655409257 dB
	 $y_{2,65,62}$ = 15.965269646688355 dB
	 $y_{2,65,68}$ = 12.455077391300449 dB
	 $y_{2,65,72}$ = 12.459346377825028 dB
	 $y_{2,65,77}$ = 9.895383255840073 dB
	 $y_{2,65,83}$ = 12.98920745398594 dB
	 $y_{2,65,84}$ = 9.30385032650588 dB
	 $y_{2,65,95}$ = 13.341566352015207 dB
	 $y_{2,65,96}$ = 10.657360643824063 dB
	 $y_{2,65,27}$ = 12.962437742679029 dB
	 $y_{2,65,43}$ = 12.521861011559594 dB
	 $y_{2,65,45}$ = 25.18347625376876 dB
	 $y_{2,65,52}$ = 7.187494776117319 dB
	 $y_{2,65,56}$ = 27.409718627970307 dB
	 $y_{2,65,58}$ = 14.246256417002542 dB
	 $y_{2,65,67}$ = 17.61986473169422 dB
	 $y_{2,65,92}$ = 5.069190343274272 dB
	 $y_{2,65,23}$ = 5.427584972374504 dB
	 $y_{2,65,35}$ = 14.108064739008483 dB
	 $y_{2,65,36}$ = 15.296523856817572 dB
		SNR medio:  9.024155403654262
		Usuarios totais: 40
Distances:
3 : 17 = 1649.2422502470642
3 : 53 = 2000.0
3 : 64 = 2433.105012119288
3 : 65 = 2529.8221281347037
17 : 53 = 2262.741699796952
17 : 64 = 2332.38075793812
17 : 65 = 2154.0659228538016
53 : 64 = 565.685424949238
53 : 65 = 894.4271909999159
64 : 65 = 400.0
t=3
Antennas: [ 3 17 53 64 65]
Users: [ 0  2  3  4  6  7  8  9 11 12 13 16 18 19 20 21 25 26 27 28 29 32 34 35
 38 40 45 47 48 49 51 52 54 55 58 59 63 64 67 68 69 71 73 74 75 76 79 82
 83 84 86 88 89 92 94 95 96 97 98 99]
connections:  {0: 3, 3: 3, 9: 17, 18: 17, 19: 17, 20: 3, 28: 17, 29: 17, 40: 53, 49: 17, 59: 64, 69: 3, 79: 65, 98: 65, 99: 65, 2: 3, 6: 17, 7: 17, 8: 17, 11: 3, 12: 3, 38: 17, 71: 53, 74: 65, 86: 65, 88: 65, 89: 65, 97: 65, 4: 17, 13: 3, 16: 17, 26: 3, 48: 65, 21: 3, 25: 3, 27: 3, 32: 3, 47: 65, 51: 65, 58: 65, 63: 65, 64: 64, 67: 65, 68: 3, 73: 65, 75: 65, 82: 65, 83: 65, 84: 65, 92: 65, 94: 65, 95: 65, 96: 65, 34: 65, 35: 65, 45: 65, 52: 3, 54: 3, 55: 3, 76: 3}
$x_{3,3}$
	 $y_{3,3,0}$ = 16.12802016944586 dB
	 $y_{3,3,3}$ = 82.853440735429 dB
	 $y_{3,3,20}$ = 5.971250504840867 dB
	 $y_{3,3,69}$ = 5.402398797896495 dB
	 $y_{3,3,2}$ = 23.953357989787435 dB
	 $y_{3,3,11}$ = 20.715371709986442 dB
	 $y_{3,3,12}$ = 25.413635613750742 dB
	 $y_{3,3,13}$ = 25.90018255251296 dB
	 $y_{3,3,26}$ = 9.253548769290816 dB
	 $y_{3,3,21}$ = 9.612560459578987 dB
	 $y_{3,3,25}$ = 12.380208670932603 dB
	 $y_{3,3,27}$ = 5.460534103033353 dB
	 $y_{3,3,32}$ = 6.923826892699481 dB
	 $y_{3,3,68}$ = 6.093306547312167 dB
	 $y_{3,3,52}$ = 13.413168544530492 dB
	 $y_{3,3,54}$ = 13.087459669981627 dB
	 $y_{3,3,55}$ = 15.120569204758468 dB
	 $y_{3,3,76}$ = 7.06179208541576 dB
		SNR medio:  8.01959560582062
		Usuarios totais: 38
$x_{3,17}$
	 $y_{3,17,9}$ = 19.02428006635452 dB
	 $y_{3,17,18}$ = 25.083676299194465 dB
	 $y_{3,17,19}$ = 22.079882614789597 dB
	 $y_{3,17,28}$ = 26.693222215071202 dB
	 $y_{3,17,29}$ = 13.865773238669817 dB
	 $y_{3,17,49}$ = 8.541472229091085 dB
	 $y_{3,17,6}$ = 26.01335328383533 dB
	 $y_{3,17,7}$ = 26.683209549757848 dB
	 $y_{3,17,8}$ = 14.723885813261674 dB
	 $y_{3,17,38}$ = 20.741150041468416 dB
	 $y_{3,17,4}$ = 5.921126993560819 dB
	 $y_{3,17,16}$ = 29.273531769388782 dB
		SNR medio:  5.966114102861089
		Usuarios totais: 40
$x_{3,53}$
	 $y_{3,53,40}$ = 16.126765458612937 dB
	 $y_{3,53,71}$ = 14.96173504227555 dB
		SNR medio:  10.362833500296162
		Usuarios totais: 3
$x_{3,64}$
	 $y_{3,64,59}$ = 5.290965008449504 dB
	 $y_{3,64,64}$ = 87.17910009572755 dB
		SNR medio:  30.823355034725683
		Usuarios totais: 3
$x_{3,65}$
	 $y_{3,65,79}$ = 13.050259636997893 dB
	 $y_{3,65,98}$ = 10.400264578114786 dB
	 $y_{3,65,99}$ = 8.661984328177084 dB
	 $y_{3,65,74}$ = 23.206311966507045 dB
	 $y_{3,65,86}$ = 24.3107903091244 dB
	 $y_{3,65,88}$ = 9.322503907319884 dB
	 $y_{3,65,89}$ = 5.924714265552268 dB
	 $y_{3,65,97}$ = 6.937544839944223 dB
	 $y_{3,65,48}$ = 8.72636693280279 dB
	 $y_{3,65,47}$ = 5.952765948338168 dB
	 $y_{3,65,51}$ = 10.695699655409257 dB
	 $y_{3,65,58}$ = 14.246256417002542 dB
	 $y_{3,65,63}$ = 20.933461406692686 dB
	 $y_{3,65,67}$ = 17.61986473169422 dB
	 $y_{3,65,73}$ = 19.069008810475253 dB
	 $y_{3,65,75}$ = 32.57939962017727 dB
	 $y_{3,65,82}$ = 8.578231607674098 dB
	 $y_{3,65,83}$ = 12.98920745398594 dB
	 $y_{3,65,84}$ = 9.30385032650588 dB
	 $y_{3,65,92}$ = 5.069190343274272 dB
	 $y_{3,65,94}$ = 17.430044492799013 dB
	 $y_{3,65,95}$ = 13.341566352015207 dB
	 $y_{3,65,96}$ = 10.657360643824063 dB
	 $y_{3,65,34}$ = 6.5996712801778585 dB
	 $y_{3,65,35}$ = 14.108064739008483 dB
	 $y_{3,65,45}$ = 25.18347625376876 dB
		SNR medio:  8.872446521184083
		Usuarios totais: 40
Distances:
3 : 17 = 1649.2422502470642
3 : 53 = 2000.0
3 : 64 = 2433.105012119288
3 : 65 = 2529.8221281347037
17 : 53 = 2262.741699796952
17 : 64 = 2332.38075793812
17 : 65 = 2154.0659228538016
53 : 64 = 565.685424949238
53 : 65 = 894.4271909999159
64 : 65 = 400.0
t=4
Antennas: [ 3 17 53 64 65]
Users: [ 0  1  2  4  5  6  7  8  9 12 13 15 16 18 20 21 24 26 27 28 31 33 36 38
 39 40 42 43 44 45 46 47 48 50 52 53 56 57 58 59 61 62 64 66 67 70 71 72
 73 74 75 77 78 79 80 81 82 83 84 86 89 90 91 92 94 96 97 98 99]
connections:  {0: 3, 9: 17, 18: 17, 20: 3, 28: 17, 39: 17, 40: 53, 59: 64, 70: 53, 78: 65, 79: 65, 80: 64, 90: 64, 98: 65, 99: 65, 1: 17, 2: 3, 5: 17, 6: 17, 7: 64, 8: 17, 38: 65, 4: 3, 12: 3, 16: 3, 26: 3, 31: 65, 48: 64, 71: 64, 74: 64, 81: 64, 86: 65, 89: 64, 91: 64, 97: 64, 13: 64, 15: 3, 21: 64, 24: 64, 27: 3, 33: 3, 46: 64, 47: 64, 50: 64, 57: 64, 58: 64, 62: 64, 64: 64, 67: 64, 72: 64, 73: 65, 75: 64, 77: 65, 82: 65, 83: 65, 84: 65, 92: 65, 94: 65, 96: 65, 36: 65, 42: 65, 43: 65, 44: 65, 45: 65, 52: 65, 53: 53, 56: 65, 61: 65, 66: 3}
$x_{4,3}$
	 $y_{4,3,0}$ = 16.12802016944586 dB
	 $y_{4,3,20}$ = 5.971250504840867 dB
	 $y_{4,3,2}$ = 23.953357989787435 dB
	 $y_{4,3,4}$ = 24.29080020425984 dB
	 $y_{4,3,12}$ = 25.413635613750742 dB
	 $y_{4,3,16}$ = 5.418413623897607 dB
	 $y_{4,3,26}$ = 9.253548769290816 dB
	 $y_{4,3,15}$ = 14.11589456573185 dB
	 $y_{4,3,27}$ = 5.460534103033353 dB
	 $y_{4,3,33}$ = 20.467364041930225 dB
	 $y_{4,3,66}$ = 7.285564976077467 dB
		SNR medio:  5.634228020073073
		Usuarios totais: 28
$x_{4,17}$
	 $y_{4,17,9}$ = 19.02428006635452 dB
	 $y_{4,17,18}$ = 25.083676299194465 dB
	 $y_{4,17,28}$ = 26.693222215071202 dB
	 $y_{4,17,39}$ = 20.05829202998558 dB
	 $y_{4,17,1}$ = 6.266393936345111 dB
	 $y_{4,17,5}$ = 25.64414580138572 dB
	 $y_{4,17,6}$ = 26.01335328383533 dB
	 $y_{4,17,8}$ = 14.723885813261674 dB
		SNR medio:  4.087681236135841
		Usuarios totais: 40
$x_{4,53}$
	 $y_{4,53,40}$ = 16.126765458612937 dB
	 $y_{4,53,70}$ = 9.090213903280528 dB
	 $y_{4,53,53}$ = 85.68191174251326 dB
		SNR medio:  22.179778220881346
		Usuarios totais: 5
$x_{4,64}$
	 $y_{4,64,59}$ = 5.290965008449504 dB
	 $y_{4,64,80}$ = 6.844533627845038 dB
	 $y_{4,64,90}$ = 9.057388705309108 dB
	 $y_{4,64,7}$ = 5.644830103167379 dB
	 $y_{4,64,48}$ = 5.346848396140784 dB
	 $y_{4,64,71}$ = 13.073850177858873 dB
	 $y_{4,64,74}$ = 30.08964187417959 dB
	 $y_{4,64,81}$ = 15.134017087225445 dB
	 $y_{4,64,89}$ = 8.52167179167742 dB
	 $y_{4,64,91}$ = 15.226008780491838 dB
	 $y_{4,64,97}$ = 6.867357111943875 dB
	 $y_{4,64,13}$ = 11.4694663128181 dB
	 $y_{4,64,21}$ = 5.767261177266789 dB
	 $y_{4,64,24}$ = 6.4301576206405 dB
	 $y_{4,64,46}$ = 10.400850397167972 dB
	 $y_{4,64,47}$ = 9.199503019208208 dB
	 $y_{4,64,50}$ = 7.731205389809219 dB
	 $y_{4,64,57}$ = 14.930574725935571 dB
	 $y_{4,64,58}$ = 14.410877094325855 dB
	 $y_{4,64,62}$ = 15.148610168699193 dB
	 $y_{4,64,64}$ = 87.17910009572755 dB
	 $y_{4,64,67}$ = 11.677200706142898 dB
	 $y_{4,64,72}$ = 15.696193328179788 dB
	 $y_{4,64,75}$ = 21.56292133857228 dB
		SNR medio:  8.81752585096957
		Usuarios totais: 40
$x_{4,65}$
	 $y_{4,65,78}$ = 16.393600608646054 dB
	 $y_{4,65,79}$ = 13.050259636997893 dB
	 $y_{4,65,98}$ = 10.400264578114786 dB
	 $y_{4,65,99}$ = 8.661984328177084 dB
	 $y_{4,65,38}$ = 6.136053775308056 dB
	 $y_{4,65,31}$ = 5.871520224254539 dB
	 $y_{4,65,86}$ = 24.3107903091244 dB
	 $y_{4,65,73}$ = 19.069008810475253 dB
	 $y_{4,65,77}$ = 9.895383255840073 dB
	 $y_{4,65,82}$ = 8.578231607674098 dB
	 $y_{4,65,83}$ = 12.98920745398594 dB
	 $y_{4,65,84}$ = 9.30385032650588 dB
	 $y_{4,65,92}$ = 5.069190343274272 dB
	 $y_{4,65,94}$ = 17.430044492799013 dB
	 $y_{4,65,96}$ = 10.657360643824063 dB
	 $y_{4,65,36}$ = 15.296523856817572 dB
	 $y_{4,65,42}$ = 9.061609602841315 dB
	 $y_{4,65,43}$ = 12.521861011559594 dB
	 $y_{4,65,44}$ = 7.924989364892198 dB
	 $y_{4,65,45}$ = 25.18347625376876 dB
	 $y_{4,65,52}$ = 7.187494776117319 dB
	 $y_{4,65,56}$ = 27.409718627970307 dB
	 $y_{4,65,61}$ = 9.557656875189053 dB
		SNR medio:  7.299002019103938
		Usuarios totais: 40
Distances:
3 : 17 = 1649.2422502470642
3 : 53 = 2000.0
3 : 64 = 2433.105012119288
3 : 65 = 2529.8221281347037
17 : 53 = 2262.741699796952
17 : 64 = 2332.38075793812
17 : 65 = 2154.0659228538016
53 : 64 = 565.685424949238
53 : 65 = 894.4271909999159
64 : 65 = 400.0
t=5
Antennas: [ 3 17 26 53 64 65]
Users: [ 1  2  3  4  5  6  7  8  9 10 11 12 13 14 15 17 18 20 21 22 23 24 26 27
 28 29 30 31 32 33 34 35 37 38 39 40 41 42 43 44 45 46 48 49 51 52 53 54
 55 58 60 61 62 63 64 65 66 67 68 69 70 72 73 74 76 77 78 79 80 83 84 87
 88 89 90 91 92 93 94 95 96 97 98 99]
connections:  {20: 3, 49: 17, 60: 53, 69: 3, 70: 53, 78: 65, 79: 65, 80: 64, 90: 64, 98: 65, 99: 65, 1: 3, 2: 3, 3: 3, 9: 17, 10: 3, 12: 3, 17: 17, 18: 17, 28: 17, 29: 26, 30: 3, 31: 65, 39: 17, 87: 64, 5: 3, 6: 3, 7: 64, 8: 3, 38: 65, 40: 53, 74: 65, 88: 65, 91: 53, 93: 65, 97: 65, 4: 3, 11: 3, 21: 3, 26: 26, 41: 65, 48: 65, 51: 65, 62: 65, 68: 65, 72: 65, 77: 65, 83: 65, 84: 65, 89: 65, 92: 65, 94: 53, 95: 53, 96: 53, 14: 3, 15: 3, 27: 3, 33: 3, 46: 53, 52: 3, 58: 53, 61: 53, 63: 53, 64: 64, 65: 53, 67: 53, 73: 53, 76: 3, 13: 53, 22: 3, 23: 53, 24: 53, 32: 53, 34: 53, 35: 53, 37: 53, 42: 53, 43: 64, 44: 64, 45: 64, 53: 64, 54: 64, 55: 64, 66: 64}
$x_{5,3}$
	 $y_{5,3,20}$ = 5.971250504840867 dB
	 $y_{5,3,69}$ = 5.402398797896495 dB
	 $y_{5,3,1}$ = 20.555959685694347 dB
	 $y_{5,3,2}$ = 23.953357989787435 dB
	 $y_{5,3,3}$ = 82.853440735429 dB
	 $y_{5,3,10}$ = 10.406998835347608 dB
	 $y_{5,3,12}$ = 25.413635613750742 dB
	 $y_{5,3,30}$ = 7.047220734081094 dB
	 $y_{5,3,5}$ = 27.117866144516157 dB
	 $y_{5,3,6}$ = 6.1090592302426785 dB
	 $y_{5,3,8}$ = 5.4855900453788 dB
	 $y_{5,3,4}$ = 24.29080020425984 dB
	 $y_{5,3,11}$ = 20.715371709986442 dB
	 $y_{5,3,21}$ = 9.612560459578987 dB
	 $y_{5,3,14}$ = 25.320716527279643 dB
	 $y_{5,3,15}$ = 14.11589456573185 dB
	 $y_{5,3,27}$ = 5.460534103033353 dB
	 $y_{5,3,33}$ = 20.467364041930225 dB
	 $y_{5,3,52}$ = 13.413168544530492 dB
	 $y_{5,3,76}$ = 7.06179208541576 dB
	 $y_{5,3,22}$ = 11.483031752349007 dB
		SNR medio:  9.30645030777652
		Usuarios totais: 40
$x_{5,17}$
	 $y_{5,17,49}$ = 8.541472229091085 dB
	 $y_{5,17,9}$ = 19.02428006635452 dB
	 $y_{5,17,17}$ = 87.07028671302365 dB
	 $y_{5,17,18}$ = 25.083676299194465 dB
	 $y_{5,17,28}$ = 26.693222215071202 dB
	 $y_{5,17,39}$ = 20.05829202998558 dB
		SNR medio:  4.661780738818012
		Usuarios totais: 40
$x_{5,26}$
	 $y_{5,26,29}$ = 8.26105599576968 dB
	 $y_{5,26,26}$ = 80.53635967721269 dB
		SNR medio:  22.199353918245592
		Usuarios totais: 4
$x_{5,53}$
	 $y_{5,53,60}$ = 13.29965524022731 dB
	 $y_{5,53,70}$ = 9.090213903280528 dB
	 $y_{5,53,40}$ = 16.126765458612937 dB
	 $y_{5,53,91}$ = 9.47346620881791 dB
	 $y_{5,53,94}$ = 14.550456276151536 dB
	 $y_{5,53,95}$ = 7.757755143079095 dB
	 $y_{5,53,96}$ = 7.915127434895879 dB
	 $y_{5,53,46}$ = 15.598943378045504 dB
	 $y_{5,53,58}$ = 10.609184516709547 dB
	 $y_{5,53,61}$ = 16.48287801403727 dB
	 $y_{5,53,63}$ = 33.74661979065274 dB
	 $y_{5,53,65}$ = 17.693426490705804 dB
	 $y_{5,53,67}$ = 12.366253048786888 dB
	 $y_{5,53,73}$ = 18.579750605556328 dB
	 $y_{5,53,13}$ = 5.643321574724808 dB
	 $y_{5,53,23}$ = 8.727239345240802 dB
	 $y_{5,53,24}$ = 16.723773172180415 dB
	 $y_{5,53,32}$ = 18.798622096315142 dB
	 $y_{5,53,34}$ = 20.650209972959644 dB
	 $y_{5,53,35}$ = 6.498609403055838 dB
	 $y_{5,53,37}$ = 8.840244730781166 dB
	 $y_{5,53,42}$ = 19.847782407432263 dB
		SNR medio:  7.725507455306233
		Usuarios totais: 40
$x_{5,64}$
	 $y_{5,64,80}$ = 6.844533627845038 dB
	 $y_{5,64,90}$ = 9.057388705309108 dB
	 $y_{5,64,87}$ = 10.588552716673234 dB
	 $y_{5,64,7}$ = 5.644830103167379 dB
	 $y_{5,64,64}$ = 87.17910009572755 dB
	 $y_{5,64,43}$ = 19.050647305421364 dB
	 $y_{5,64,44}$ = 15.588086033699625 dB
	 $y_{5,64,45}$ = 13.54793142903597 dB
	 $y_{5,64,53}$ = 29.29656011850311 dB
	 $y_{5,64,54}$ = 24.711136288147316 dB
	 $y_{5,64,55}$ = 27.019031849525803 dB
	 $y_{5,64,66}$ = 13.777800110204083 dB
		SNR medio:  10.088676860894601
		Usuarios totais: 26
$x_{5,65}$
	 $y_{5,65,78}$ = 16.393600608646054 dB
	 $y_{5,65,79}$ = 13.050259636997893 dB
	 $y_{5,65,98}$ = 10.400264578114786 dB
	 $y_{5,65,99}$ = 8.661984328177084 dB
	 $y_{5,65,31}$ = 5.871520224254539 dB
	 $y_{5,65,38}$ = 6.136053775308056 dB
	 $y_{5,65,74}$ = 23.206311966507045 dB
	 $y_{5,65,88}$ = 9.322503907319884 dB
	 $y_{5,65,93}$ = 12.469956515882956 dB
	 $y_{5,65,97}$ = 6.937544839944223 dB
	 $y_{5,65,41}$ = 10.080237331538655 dB
	 $y_{5,65,48}$ = 8.72636693280279 dB
	 $y_{5,65,51}$ = 10.695699655409257 dB
	 $y_{5,65,62}$ = 15.965269646688355 dB
	 $y_{5,65,68}$ = 12.455077391300449 dB
	 $y_{5,65,72}$ = 12.459346377825028 dB
	 $y_{5,65,77}$ = 9.895383255840073 dB
	 $y_{5,65,83}$ = 12.98920745398594 dB
	 $y_{5,65,84}$ = 9.30385032650588 dB
	 $y_{5,65,89}$ = 5.924714265552268 dB
	 $y_{5,65,92}$ = 5.069190343274272 dB
		SNR medio:  5.650358584046887
		Usuarios totais: 40
Distances:
3 : 17 = 1649.2422502470642
3 : 26 = 1442.2205101855957
3 : 53 = 2000.0
3 : 64 = 2433.105012119288
3 : 65 = 2529.8221281347037
17 : 26 = 565.685424949238
17 : 53 = 2262.741699796952
17 : 64 = 2332.38075793812
17 : 65 = 2154.0659228538016
26 : 53 = 1697.0562748477141
26 : 64 = 1788.8543819998317
26 : 65 = 1649.2422502470642
53 : 64 = 565.685424949238
53 : 65 = 894.4271909999159
64 : 65 = 400.0
t=6
Antennas: [ 3 17 26 53 64 65]
Users: [ 0  3  4  7  8  9 10 11 13 14 15 16 17 18 21 22 23 24 25 26 27 28 29 30
 31 32 33 34 36 37 38 39 40 41 42 43 44 45 46 47 49 50 51 52 53 54 55 56
 57 58 59 60 61 62 63 64 66 67 68 69 70 71 72 73 74 75 77 79 81 83 84 85
 86 87 88 89 91 93 94 96 97 98]
connections:  {0: 3, 49: 17, 60: 53, 69: 3, 70: 53, 79: 65, 98: 65, 3: 3, 9: 17, 10: 3, 17: 17, 18: 17, 28: 17, 29: 17, 30: 3, 31: 53, 39: 17, 40: 53, 59: 26, 71: 53, 74: 65, 81: 53, 85: 65, 86: 53, 87: 17, 88: 53, 91: 53, 93: 65, 97: 65, 7: 17, 8: 17, 11: 3, 21: 3, 38: 17, 50: 3, 51: 53, 62: 53, 68: 3, 72: 53, 77: 53, 83: 53, 84: 53, 89: 65, 94: 53, 96: 53, 4: 53, 13: 53, 16: 17, 22: 53, 26: 26, 32: 3, 41: 53, 46: 65, 52: 3, 61: 3, 64: 64, 73: 65, 75: 65, 14: 17, 15: 17, 24: 17, 25: 17, 27: 17, 33: 3, 37: 3, 43: 3, 45: 3, 47: 65, 53: 3, 54: 3, 56: 3, 66: 65, 23: 65, 34: 17, 36: 65, 42: 65, 44: 65, 55: 65, 57: 65, 58: 65, 63: 65, 67: 65}
$x_{6,3}$
	 $y_{6,3,0}$ = 16.12802016944586 dB
	 $y_{6,3,69}$ = 5.402398797896495 dB
	 $y_{6,3,3}$ = 82.853440735429 dB
	 $y_{6,3,10}$ = 10.406998835347608 dB
	 $y_{6,3,30}$ = 7.047220734081094 dB
	 $y_{6,3,11}$ = 20.715371709986442 dB
	 $y_{6,3,21}$ = 9.612560459578987 dB
	 $y_{6,3,50}$ = 11.858831500105524 dB
	 $y_{6,3,68}$ = 6.093306547312167 dB
	 $y_{6,3,32}$ = 6.923826892699481 dB
	 $y_{6,3,52}$ = 13.413168544530492 dB
	 $y_{6,3,61}$ = 5.204414103796381 dB
	 $y_{6,3,33}$ = 20.467364041930225 dB
	 $y_{6,3,37}$ = 5.628181734769356 dB
	 $y_{6,3,43}$ = 8.497552948603996 dB
	 $y_{6,3,45}$ = 7.418336452814401 dB
	 $y_{6,3,53}$ = 8.07478759791914 dB
	 $y_{6,3,54}$ = 13.087459669981627 dB
	 $y_{6,3,56}$ = 5.981046945567101 dB
		SNR medio:  6.620357210544884
		Usuarios totais: 40
$x_{6,17}$
	 $y_{6,17,49}$ = 8.541472229091085 dB
	 $y_{6,17,9}$ = 19.02428006635452 dB
	 $y_{6,17,17}$ = 87.07028671302365 dB
	 $y_{6,17,18}$ = 25.083676299194465 dB
	 $y_{6,17,28}$ = 26.693222215071202 dB
	 $y_{6,17,29}$ = 13.865773238669817 dB
	 $y_{6,17,39}$ = 20.05829202998558 dB
	 $y_{6,17,87}$ = 7.105480480511261 dB
	 $y_{6,17,7}$ = 26.683209549757848 dB
	 $y_{6,17,8}$ = 14.723885813261674 dB
	 $y_{6,17,38}$ = 20.741150041468416 dB
	 $y_{6,17,16}$ = 29.273531769388782 dB
	 $y_{6,17,14}$ = 11.348298985514646 dB
	 $y_{6,17,15}$ = 20.741163535417982 dB
	 $y_{6,17,24}$ = 7.459778221026454 dB
	 $y_{6,17,25}$ = 20.741522349565216 dB
	 $y_{6,17,27}$ = 32.16590562531573 dB
	 $y_{6,17,34}$ = 9.525852607674494 dB
		SNR medio:  10.02116954425732
		Usuarios totais: 40
$x_{6,26}$
	 $y_{6,26,59}$ = 5.103568514624811 dB
	 $y_{6,26,26}$ = 80.53635967721269 dB
		SNR medio:  17.127985638367498
		Usuarios totais: 5
$x_{6,53}$
	 $y_{6,53,60}$ = 13.29965524022731 dB
	 $y_{6,53,70}$ = 9.090213903280528 dB
	 $y_{6,53,31}$ = 6.517900701597483 dB
	 $y_{6,53,40}$ = 16.126765458612937 dB
	 $y_{6,53,71}$ = 14.96173504227555 dB
	 $y_{6,53,81}$ = 10.920167741812577 dB
	 $y_{6,53,86}$ = 9.104710700899005 dB
	 $y_{6,53,88}$ = 7.816286296113617 dB
	 $y_{6,53,91}$ = 9.47346620881791 dB
	 $y_{6,53,51}$ = 24.568479467781657 dB
	 $y_{6,53,62}$ = 17.267834163601478 dB
	 $y_{6,53,72}$ = 11.089031165962012 dB
	 $y_{6,53,77}$ = 5.066459909193128 dB
	 $y_{6,53,83}$ = 15.951608637629661 dB
	 $y_{6,53,84}$ = 7.174056665622885 dB
	 $y_{6,53,94}$ = 14.550456276151536 dB
	 $y_{6,53,96}$ = 7.915127434895879 dB
	 $y_{6,53,4}$ = 7.197286602309447 dB
	 $y_{6,53,13}$ = 5.643321574724808 dB
	 $y_{6,53,22}$ = 6.756400211143728 dB
	 $y_{6,53,41}$ = 10.805778773487319 dB
		SNR medio:  5.782418554403511
		Usuarios totais: 40
$x_{6,64}$
	 $y_{6,64,64}$ = 87.17910009572755 dB
		SNR medio:  29.059700031909184
		Usuarios totais: 3
$x_{6,65}$
	 $y_{6,65,79}$ = 13.050259636997893 dB
	 $y_{6,65,98}$ = 10.400264578114786 dB
	 $y_{6,65,74}$ = 23.206311966507045 dB
	 $y_{6,65,85}$ = 17.957664159517094 dB
	 $y_{6,65,93}$ = 12.469956515882956 dB
	 $y_{6,65,97}$ = 6.937544839944223 dB
	 $y_{6,65,89}$ = 5.924714265552268 dB
	 $y_{6,65,46}$ = 10.488058267731859 dB
	 $y_{6,65,73}$ = 19.069008810475253 dB
	 $y_{6,65,75}$ = 32.57939962017727 dB
	 $y_{6,65,47}$ = 5.952765948338168 dB
	 $y_{6,65,66}$ = 31.314883151715108 dB
	 $y_{6,65,23}$ = 5.427584972374504 dB
	 $y_{6,65,36}$ = 15.296523856817572 dB
	 $y_{6,65,42}$ = 9.061609602841315 dB
	 $y_{6,65,44}$ = 7.924989364892198 dB
	 $y_{6,65,55}$ = 30.49627216962054 dB
	 $y_{6,65,57}$ = 12.23198393303602 dB
	 $y_{6,65,58}$ = 14.246256417002542 dB
	 $y_{6,65,63}$ = 20.933461406692686 dB
	 $y_{6,65,67}$ = 17.61986473169422 dB
		SNR medio:  8.271522518357065
		Usuarios totais: 39
Distances:
3 : 17 = 1649.2422502470642
3 : 26 = 1442.2205101855957
3 : 53 = 2000.0
3 : 64 = 2433.105012119288
3 : 65 = 2529.8221281347037
17 : 26 = 565.685424949238
17 : 53 = 2262.741699796952
17 : 64 = 2332.38075793812
17 : 65 = 2154.0659228538016
26 : 53 = 1697.0562748477141
26 : 64 = 1788.8543819998317
26 : 65 = 1649.2422502470642
53 : 64 = 565.685424949238
53 : 65 = 894.4271909999159
64 : 65 = 400.0
t=7
Antennas: [ 3 17 26 53 64 65]
Users: [ 1  2  3  4  5  6  7  8  9 10 11 12 13 14 15 16 18 19 20 21 23 24 26 27
 29 31 32 33 34 36 37 38 39 40 41 42 43 45 46 48 49 50 51 52 53 55 56 57
 59 60 61 62 63 65 68 70 71 74 75 77 80 81 82 83 85 87 88 89 90 91 92 95
 97 98 99]
connections:  {20: 3, 49: 17, 60: 53, 70: 53, 80: 64, 90: 64, 98: 65, 99: 65, 1: 3, 2: 3, 3: 3, 9: 17, 10: 3, 12: 3, 18: 17, 19: 17, 29: 17, 31: 65, 39: 17, 40: 53, 59: 64, 71: 64, 74: 64, 81: 64, 85: 64, 87: 64, 88: 65, 91: 64, 97: 64, 5: 3, 6: 3, 7: 64, 8: 3, 11: 3, 21: 3, 38: 17, 50: 3, 51: 64, 62: 64, 68: 3, 77: 64, 82: 64, 83: 64, 89: 64, 95: 64, 4: 3, 13: 64, 16: 64, 26: 26, 32: 64, 41: 64, 46: 64, 48: 17, 52: 3, 61: 3, 65: 65, 75: 65, 92: 65, 24: 3, 37: 3, 43: 3, 45: 65, 53: 53, 56: 65, 14: 65, 15: 65, 23: 65, 27: 65, 33: 65, 34: 65, 36: 65, 42: 65, 55: 65, 57: 65, 63: 17}
$x_{7,3}$
	 $y_{7,3,20}$ = 5.971250504840867 dB
	 $y_{7,3,1}$ = 20.555959685694347 dB
	 $y_{7,3,2}$ = 23.953357989787435 dB
	 $y_{7,3,3}$ = 82.853440735429 dB
	 $y_{7,3,10}$ = 10.406998835347608 dB
	 $y_{7,3,12}$ = 25.413635613750742 dB
	 $y_{7,3,5}$ = 27.117866144516157 dB
	 $y_{7,3,6}$ = 6.1090592302426785 dB
	 $y_{7,3,8}$ = 5.4855900453788 dB
	 $y_{7,3,11}$ = 20.715371709986442 dB
	 $y_{7,3,21}$ = 9.612560459578987 dB
	 $y_{7,3,50}$ = 11.858831500105524 dB
	 $y_{7,3,68}$ = 6.093306547312167 dB
	 $y_{7,3,4}$ = 24.29080020425984 dB
	 $y_{7,3,52}$ = 13.413168544530492 dB
	 $y_{7,3,61}$ = 5.204414103796381 dB
	 $y_{7,3,24}$ = 21.426540533398367 dB
	 $y_{7,3,37}$ = 5.628181734769356 dB
	 $y_{7,3,43}$ = 8.497552948603996 dB
		SNR medio:  8.365197176783228
		Usuarios totais: 40
$x_{7,17}$
	 $y_{7,17,49}$ = 8.541472229091085 dB
	 $y_{7,17,9}$ = 19.02428006635452 dB
	 $y_{7,17,18}$ = 25.083676299194465 dB
	 $y_{7,17,19}$ = 22.079882614789597 dB
	 $y_{7,17,29}$ = 13.865773238669817 dB
	 $y_{7,17,39}$ = 20.05829202998558 dB
	 $y_{7,17,38}$ = 20.741150041468416 dB
	 $y_{7,17,48}$ = 10.882904666616298 dB
	 $y_{7,17,63}$ = 6.284363543453225 dB
		SNR medio:  9.160112170601439
		Usuarios totais: 16
$x_{7,26}$
	 $y_{7,26,26}$ = 80.53635967721269 dB
		SNR medio:  40.26817983860634
		Usuarios totais: 2
$x_{7,53}$
	 $y_{7,53,60}$ = 13.29965524022731 dB
	 $y_{7,53,70}$ = 9.090213903280528 dB
	 $y_{7,53,40}$ = 16.126765458612937 dB
	 $y_{7,53,53}$ = 85.68191174251326 dB
		SNR medio:  24.839709268926807
		Usuarios totais: 5
$x_{7,64}$
	 $y_{7,64,80}$ = 6.844533627845038 dB
	 $y_{7,64,90}$ = 9.057388705309108 dB
	 $y_{7,64,59}$ = 5.290965008449504 dB
	 $y_{7,64,71}$ = 13.073850177858873 dB
	 $y_{7,64,74}$ = 30.08964187417959 dB
	 $y_{7,64,81}$ = 15.134017087225445 dB
	 $y_{7,64,85}$ = 17.944627010534035 dB
	 $y_{7,64,87}$ = 10.588552716673234 dB
	 $y_{7,64,91}$ = 15.226008780491838 dB
	 $y_{7,64,97}$ = 6.867357111943875 dB
	 $y_{7,64,7}$ = 5.644830103167379 dB
	 $y_{7,64,51}$ = 5.647069536054885 dB
	 $y_{7,64,62}$ = 15.148610168699193 dB
	 $y_{7,64,77}$ = 15.84247497926468 dB
	 $y_{7,64,82}$ = 16.200531375618382 dB
	 $y_{7,64,83}$ = 14.65167367824759 dB
	 $y_{7,64,89}$ = 8.52167179167742 dB
	 $y_{7,64,95}$ = 13.848849503077375 dB
	 $y_{7,64,13}$ = 11.4694663128181 dB
	 $y_{7,64,16}$ = 13.896218914059205 dB
	 $y_{7,64,32}$ = 17.360675608039642 dB
	 $y_{7,64,41}$ = 13.502456300092263 dB
	 $y_{7,64,46}$ = 10.400850397167972 dB
		SNR medio:  7.306308019212365
		Usuarios totais: 40
$x_{7,65}$
	 $y_{7,65,98}$ = 10.400264578114786 dB
	 $y_{7,65,99}$ = 8.661984328177084 dB
	 $y_{7,65,31}$ = 5.871520224254539 dB
	 $y_{7,65,88}$ = 9.322503907319884 dB
	 $y_{7,65,65}$ = 89.82448322576693 dB
	 $y_{7,65,75}$ = 32.57939962017727 dB
	 $y_{7,65,92}$ = 5.069190343274272 dB
	 $y_{7,65,45}$ = 25.18347625376876 dB
	 $y_{7,65,56}$ = 27.409718627970307 dB
	 $y_{7,65,14}$ = 7.253679290272117 dB
	 $y_{7,65,15}$ = 9.059601815611302 dB
	 $y_{7,65,23}$ = 5.427584972374504 dB
	 $y_{7,65,27}$ = 12.962437742679029 dB
	 $y_{7,65,33}$ = 9.43317271306961 dB
	 $y_{7,65,34}$ = 6.5996712801778585 dB
	 $y_{7,65,36}$ = 15.296523856817572 dB
	 $y_{7,65,42}$ = 9.061609602841315 dB
	 $y_{7,65,55}$ = 30.49627216962054 dB
	 $y_{7,65,57}$ = 12.23198393303602 dB
		SNR medio:  8.51654047398266
		Usuarios totais: 39
Distances:
3 : 17 = 1649.2422502470642
3 : 26 = 1442.2205101855957
3 : 53 = 2000.0
3 : 64 = 2433.105012119288
3 : 65 = 2529.8221281347037
17 : 26 = 565.685424949238
17 : 53 = 2262.741699796952
17 : 64 = 2332.38075793812
17 : 65 = 2154.0659228538016
26 : 53 = 1697.0562748477141
26 : 64 = 1788.8543819998317
26 : 65 = 1649.2422502470642
53 : 64 = 565.685424949238
53 : 65 = 894.4271909999159
64 : 65 = 400.0
t=8
Antennas: [ 3 17 26 53 64 65]
Users: [ 0  1  2  3  4  5  6  7  8 10 11 13 14 15 17 18 20 23 24 26 27 28 29 30
 31 33 35 36 37 39 40 41 44 45 46 47 48 50 53 54 55 56 57 58 59 60 61 62
 63 69 70 72 73 74 75 79 80 81 84 86 89 91 92 93 94 95 98 99]
connections:  {0: 3, 20: 3, 60: 53, 69: 3, 70: 53, 79: 65, 80: 64, 98: 65, 99: 65, 1: 3, 2: 3, 3: 3, 10: 3, 17: 17, 18: 17, 28: 17, 29: 17, 30: 3, 31: 65, 39: 17, 40: 53, 59: 64, 74: 65, 81: 64, 86: 65, 91: 64, 93: 65, 5: 3, 6: 3, 7: 17, 8: 3, 11: 3, 50: 3, 62: 65, 72: 65, 84: 65, 89: 65, 94: 65, 95: 65, 4: 3, 13: 3, 26: 26, 41: 65, 46: 65, 48: 65, 61: 65, 73: 65, 75: 65, 92: 65, 14: 3, 15: 3, 27: 3, 33: 3, 45: 3, 47: 17, 53: 53, 54: 3, 56: 3, 57: 17, 58: 17, 63: 17, 23: 3, 24: 3, 35: 3, 36: 3, 37: 3, 44: 17, 55: 3}
$x_{8,3}$
	 $y_{8,3,0}$ = 16.12802016944586 dB
	 $y_{8,3,20}$ = 5.971250504840867 dB
	 $y_{8,3,69}$ = 5.402398797896495 dB
	 $y_{8,3,1}$ = 20.555959685694347 dB
	 $y_{8,3,2}$ = 23.953357989787435 dB
	 $y_{8,3,3}$ = 82.853440735429 dB
	 $y_{8,3,10}$ = 10.406998835347608 dB
	 $y_{8,3,30}$ = 7.047220734081094 dB
	 $y_{8,3,5}$ = 27.117866144516157 dB
	 $y_{8,3,6}$ = 6.1090592302426785 dB
	 $y_{8,3,8}$ = 5.4855900453788 dB
	 $y_{8,3,11}$ = 20.715371709986442 dB
	 $y_{8,3,50}$ = 11.858831500105524 dB
	 $y_{8,3,4}$ = 24.29080020425984 dB
	 $y_{8,3,13}$ = 25.90018255251296 dB
	 $y_{8,3,14}$ = 25.320716527279643 dB
	 $y_{8,3,15}$ = 14.11589456573185 dB
	 $y_{8,3,27}$ = 5.460534103033353 dB
	 $y_{8,3,33}$ = 20.467364041930225 dB
	 $y_{8,3,45}$ = 7.418336452814401 dB
	 $y_{8,3,54}$ = 13.087459669981627 dB
	 $y_{8,3,56}$ = 5.981046945567101 dB
	 $y_{8,3,23}$ = 12.853101677004133 dB
	 $y_{8,3,24}$ = 21.426540533398367 dB
	 $y_{8,3,35}$ = 15.199149794240896 dB
	 $y_{8,3,36}$ = 7.261705193343431 dB
	 $y_{8,3,37}$ = 5.628181734769356 dB
	 $y_{8,3,55}$ = 15.120569204758468 dB
		SNR medio:  11.578423732084445
		Usuarios totais: 40
$x_{8,17}$
	 $y_{8,17,17}$ = 87.07028671302365 dB
	 $y_{8,17,18}$ = 25.083676299194465 dB
	 $y_{8,17,28}$ = 26.693222215071202 dB
	 $y_{8,17,29}$ = 13.865773238669817 dB
	 $y_{8,17,39}$ = 20.05829202998558 dB
	 $y_{8,17,7}$ = 26.683209549757848 dB
	 $y_{8,17,47}$ = 7.140171373505439 dB
	 $y_{8,17,57}$ = 9.345335268954472 dB
	 $y_{8,17,58}$ = 6.167772804700775 dB
	 $y_{8,17,63}$ = 6.284363543453225 dB
	 $y_{8,17,44}$ = 9.623293686699554 dB
		SNR medio:  15.867693114867734
		Usuarios totais: 15
$x_{8,26}$
	 $y_{8,26,26}$ = 80.53635967721269 dB
		SNR medio:  40.26817983860634
		Usuarios totais: 2
$x_{8,53}$
	 $y_{8,53,60}$ = 13.29965524022731 dB
	 $y_{8,53,70}$ = 9.090213903280528 dB
	 $y_{8,53,40}$ = 16.126765458612937 dB
	 $y_{8,53,53}$ = 85.68191174251326 dB
		SNR medio:  17.742649477804864
		Usuarios totais: 7
$x_{8,64}$
	 $y_{8,64,80}$ = 6.844533627845038 dB
	 $y_{8,64,59}$ = 5.290965008449504 dB
	 $y_{8,64,81}$ = 15.134017087225445 dB
	 $y_{8,64,91}$ = 15.226008780491838 dB
		SNR medio:  7.082587417335304
		Usuarios totais: 6
$x_{8,65}$
	 $y_{8,65,79}$ = 13.050259636997893 dB
	 $y_{8,65,98}$ = 10.400264578114786 dB
	 $y_{8,65,99}$ = 8.661984328177084 dB
	 $y_{8,65,31}$ = 5.871520224254539 dB
	 $y_{8,65,74}$ = 23.206311966507045 dB
	 $y_{8,65,86}$ = 24.3107903091244 dB
	 $y_{8,65,93}$ = 12.469956515882956 dB
	 $y_{8,65,62}$ = 15.965269646688355 dB
	 $y_{8,65,72}$ = 12.459346377825028 dB
	 $y_{8,65,84}$ = 9.30385032650588 dB
	 $y_{8,65,89}$ = 5.924714265552268 dB
	 $y_{8,65,94}$ = 17.430044492799013 dB
	 $y_{8,65,95}$ = 13.341566352015207 dB
	 $y_{8,65,41}$ = 10.080237331538655 dB
	 $y_{8,65,46}$ = 10.488058267731859 dB
	 $y_{8,65,48}$ = 8.72636693280279 dB
	 $y_{8,65,61}$ = 9.557656875189053 dB
	 $y_{8,65,73}$ = 19.069008810475253 dB
	 $y_{8,65,75}$ = 32.57939962017727 dB
	 $y_{8,65,92}$ = 5.069190343274272 dB
		SNR medio:  6.69914493004084
		Usuarios totais: 40
Distances:
3 : 17 = 1649.2422502470642
3 : 26 = 1442.2205101855957
3 : 53 = 2000.0
3 : 64 = 2433.105012119288
3 : 65 = 2529.8221281347037
17 : 26 = 565.685424949238
17 : 53 = 2262.741699796952
17 : 64 = 2332.38075793812
17 : 65 = 2154.0659228538016
26 : 53 = 1697.0562748477141
26 : 64 = 1788.8543819998317
26 : 65 = 1649.2422502470642
53 : 64 = 565.685424949238
53 : 65 = 894.4271909999159
64 : 65 = 400.0
t=9
Antennas: [ 3 17 26 53 64 65]
Users: [ 0  1  2  3  4  5  6  7  9 10 13 14 15 16 20 24 25 26 30 34 35 37 42 43
 45 46 48 49 51 52 53 54 56 57 58 59 61 64 65 68 69 70 72 73 74 76 81 86
 92 93 94 95 96 97 98 99]
connections:  {0: 3, 20: 3, 49: 17, 69: 3, 70: 53, 98: 65, 99: 65, 1: 3, 2: 3, 3: 3, 9: 17, 10: 3, 30: 3, 59: 26, 74: 65, 81: 53, 86: 65, 93: 65, 97: 65, 5: 3, 6: 3, 7: 17, 51: 65, 68: 3, 72: 65, 94: 65, 95: 65, 96: 65, 4: 3, 13: 3, 16: 3, 26: 26, 46: 65, 48: 65, 52: 3, 61: 3, 64: 64, 65: 65, 73: 65, 76: 3, 92: 65, 14: 3, 15: 3, 24: 3, 25: 3, 37: 3, 43: 3, 45: 3, 53: 53, 54: 3, 56: 3, 34: 65, 35: 65, 42: 65, 57: 65, 58: 65}
$x_{9,3}$
	 $y_{9,3,0}$ = 16.12802016944586 dB
	 $y_{9,3,20}$ = 5.971250504840867 dB
	 $y_{9,3,69}$ = 5.402398797896495 dB
	 $y_{9,3,1}$ = 20.555959685694347 dB
	 $y_{9,3,2}$ = 23.953357989787435 dB
	 $y_{9,3,3}$ = 82.853440735429 dB
	 $y_{9,3,10}$ = 10.406998835347608 dB
	 $y_{9,3,30}$ = 7.047220734081094 dB
	 $y_{9,3,5}$ = 27.117866144516157 dB
	 $y_{9,3,6}$ = 6.1090592302426785 dB
	 $y_{9,3,68}$ = 6.093306547312167 dB
	 $y_{9,3,4}$ = 24.29080020425984 dB
	 $y_{9,3,13}$ = 25.90018255251296 dB
	 $y_{9,3,16}$ = 5.418413623897607 dB
	 $y_{9,3,52}$ = 13.413168544530492 dB
	 $y_{9,3,61}$ = 5.204414103796381 dB
	 $y_{9,3,76}$ = 7.06179208541576 dB
	 $y_{9,3,14}$ = 25.320716527279643 dB
	 $y_{9,3,15}$ = 14.11589456573185 dB
	 $y_{9,3,24}$ = 21.426540533398367 dB
	 $y_{9,3,25}$ = 12.380208670932603 dB
	 $y_{9,3,37}$ = 5.628181734769356 dB
	 $y_{9,3,43}$ = 8.497552948603996 dB
	 $y_{9,3,45}$ = 7.418336452814401 dB
	 $y_{9,3,54}$ = 13.087459669981627 dB
	 $y_{9,3,56}$ = 5.981046945567101 dB
		SNR medio:  10.16958971345214
		Usuarios totais: 40
$x_{9,17}$
	 $y_{9,17,49}$ = 8.541472229091085 dB
	 $y_{9,17,9}$ = 19.02428006635452 dB
	 $y_{9,17,7}$ = 26.683209549757848 dB
		SNR medio:  18.082987281734486
		Usuarios totais: 3
$x_{9,26}$
	 $y_{9,26,59}$ = 5.103568514624811 dB
	 $y_{9,26,26}$ = 80.53635967721269 dB
		SNR medio:  28.5466427306125
		Usuarios totais: 3
$x_{9,53}$
	 $y_{9,53,70}$ = 9.090213903280528 dB
	 $y_{9,53,81}$ = 10.920167741812577 dB
	 $y_{9,53,53}$ = 85.68191174251326 dB
		SNR medio:  15.098899055372339
		Usuarios totais: 7
$x_{9,64}$
	 $y_{9,64,64}$ = 87.17910009572755 dB
		SNR medio:  87.17910009572755
		Usuarios totais: 1
$x_{9,65}$
	 $y_{9,65,98}$ = 10.400264578114786 dB
	 $y_{9,65,99}$ = 8.661984328177084 dB
	 $y_{9,65,74}$ = 23.206311966507045 dB
	 $y_{9,65,86}$ = 24.3107903091244 dB
	 $y_{9,65,93}$ = 12.469956515882956 dB
	 $y_{9,65,97}$ = 6.937544839944223 dB
	 $y_{9,65,51}$ = 10.695699655409257 dB
	 $y_{9,65,72}$ = 12.459346377825028 dB
	 $y_{9,65,94}$ = 17.430044492799013 dB
	 $y_{9,65,95}$ = 13.341566352015207 dB
	 $y_{9,65,96}$ = 10.657360643824063 dB
	 $y_{9,65,46}$ = 10.488058267731859 dB
	 $y_{9,65,48}$ = 8.72636693280279 dB
	 $y_{9,65,65}$ = 89.82448322576693 dB
	 $y_{9,65,73}$ = 19.069008810475253 dB
	 $y_{9,65,92}$ = 5.069190343274272 dB
	 $y_{9,65,34}$ = 6.5996712801778585 dB
	 $y_{9,65,35}$ = 14.108064739008483 dB
	 $y_{9,65,42}$ = 9.061609602841315 dB
	 $y_{9,65,57}$ = 12.23198393303602 dB
	 $y_{9,65,58}$ = 14.246256417002542 dB
		SNR medio:  10.96759882618517
		Usuarios totais: 31
Distances:
3 : 17 = 1649.2422502470642
3 : 26 = 1442.2205101855957
3 : 53 = 2000.0
3 : 64 = 2433.105012119288
3 : 65 = 2529.8221281347037
17 : 26 = 565.685424949238
17 : 53 = 2262.741699796952
17 : 64 = 2332.38075793812
17 : 65 = 2154.0659228538016
26 : 53 = 1697.0562748477141
26 : 64 = 1788.8543819998317
26 : 65 = 1649.2422502470642
53 : 64 = 565.685424949238
53 : 65 = 894.4271909999159
64 : 65 = 400.0
t=10
Antennas: [ 3 17 26 53 64 65]
Users: [ 1  4  7 10 12 13 20 21 23 27 29 30 32 33 35 38 39 43 46 48 49 52 53 54
 58 59 61 62 63 64 66 68 70 75 79 82 83 86 89 90 91 93 97 99]
connections:  {20: 3, 49: 17, 70: 53, 79: 65, 90: 64, 99: 65, 1: 3, 10: 3, 12: 3, 29: 17, 30: 3, 39: 17, 59: 64, 86: 65, 91: 64, 93: 65, 97: 65, 7: 17, 21: 3, 38: 65, 62: 65, 68: 65, 82: 65, 83: 65, 89: 65, 4: 3, 13: 3, 32: 3, 46: 65, 48: 65, 52: 65, 61: 65, 64: 64, 75: 65, 27: 65, 33: 65, 43: 65, 53: 53, 54: 65, 58: 65, 63: 65, 66: 65, 23: 65, 35: 65}
$x_{10,3}$
	 $y_{10,3,20}$ = 5.971250504840867 dB
	 $y_{10,3,1}$ = 20.555959685694347 dB
	 $y_{10,3,10}$ = 10.406998835347608 dB
	 $y_{10,3,12}$ = 25.413635613750742 dB
	 $y_{10,3,30}$ = 7.047220734081094 dB
	 $y_{10,3,21}$ = 9.612560459578987 dB
	 $y_{10,3,4}$ = 24.29080020425984 dB
	 $y_{10,3,13}$ = 25.90018255251296 dB
	 $y_{10,3,32}$ = 6.923826892699481 dB
		SNR medio:  12.37476686206963
		Usuarios totais: 11
$x_{10,17}$
	 $y_{10,17,49}$ = 8.541472229091085 dB
	 $y_{10,17,29}$ = 13.865773238669817 dB
	 $y_{10,17,39}$ = 20.05829202998558 dB
	 $y_{10,17,7}$ = 26.683209549757848 dB
		SNR medio:  13.829749409500867
		Usuarios totais: 5
$x_{10,26}$
		Usuarios totais: 0
$x_{10,53}$
	 $y_{10,53,70}$ = 9.090213903280528 dB
	 $y_{10,53,53}$ = 85.68191174251326 dB
		SNR medio:  47.386062822896896
		Usuarios totais: 2
$x_{10,64}$
	 $y_{10,64,90}$ = 9.057388705309108 dB
	 $y_{10,64,59}$ = 5.290965008449504 dB
	 $y_{10,64,91}$ = 15.226008780491838 dB
	 $y_{10,64,64}$ = 87.17910009572755 dB
		SNR medio:  29.1883656474945
		Usuarios totais: 4
$x_{10,65}$
	 $y_{10,65,79}$ = 13.050259636997893 dB
	 $y_{10,65,99}$ = 8.661984328177084 dB
	 $y_{10,65,86}$ = 24.3107903091244 dB
	 $y_{10,65,93}$ = 12.469956515882956 dB
	 $y_{10,65,97}$ = 6.937544839944223 dB
	 $y_{10,65,38}$ = 6.136053775308056 dB
	 $y_{10,65,62}$ = 15.965269646688355 dB
	 $y_{10,65,68}$ = 12.455077391300449 dB
	 $y_{10,65,82}$ = 8.578231607674098 dB
	 $y_{10,65,83}$ = 12.98920745398594 dB
	 $y_{10,65,89}$ = 5.924714265552268 dB
	 $y_{10,65,46}$ = 10.488058267731859 dB
	 $y_{10,65,48}$ = 8.72636693280279 dB
	 $y_{10,65,52}$ = 7.187494776117319 dB
	 $y_{10,65,61}$ = 9.557656875189053 dB
	 $y_{10,65,75}$ = 32.57939962017727 dB
	 $y_{10,65,27}$ = 12.962437742679029 dB
	 $y_{10,65,33}$ = 9.43317271306961 dB
	 $y_{10,65,43}$ = 12.521861011559594 dB
	 $y_{10,65,54}$ = 12.073746732244672 dB
	 $y_{10,65,58}$ = 14.246256417002542 dB
	 $y_{10,65,63}$ = 20.933461406692686 dB
	 $y_{10,65,66}$ = 31.314883151715108 dB
	 $y_{10,65,23}$ = 5.427584972374504 dB
	 $y_{10,65,35}$ = 14.108064739008483 dB
		SNR medio:  10.282485472781257
		Usuarios totais: 32
Distances:
3 : 17 = 1649.2422502470642
3 : 26 = 1442.2205101855957
3 : 53 = 2000.0
3 : 64 = 2433.105012119288
3 : 65 = 2529.8221281347037
17 : 26 = 565.685424949238
17 : 53 = 2262.741699796952
17 : 64 = 2332.38075793812
17 : 65 = 2154.0659228538016
26 : 53 = 1697.0562748477141
26 : 64 = 1788.8543819998317
26 : 65 = 1649.2422502470642
53 : 64 = 565.685424949238
53 : 65 = 894.4271909999159
64 : 65 = 400.0
t=11
Antennas: [ 3 17 26 53 64 65]
Users: [ 9 19 22 23 30 37 51 52 56 57 67 82 83 96 99]
connections:  {99: 65, 9: 17, 19: 17, 30: 3, 51: 65, 82: 65, 83: 65, 96: 65, 22: 3, 52: 65, 37: 3, 56: 65, 57: 65, 67: 65, 23: 65}
$x_{11,3}$
	 $y_{11,3,30}$ = 7.047220734081094 dB
	 $y_{11,3,22}$ = 11.483031752349007 dB
	 $y_{11,3,37}$ = 5.628181734769356 dB
		SNR medio:  8.052811407066486
		Usuarios totais: 3
$x_{11,17}$
	 $y_{11,17,9}$ = 19.02428006635452 dB
	 $y_{11,17,19}$ = 22.079882614789597 dB
		SNR medio:  20.55208134057206
		Usuarios totais: 2
$x_{11,26}$
		Usuarios totais: 0
$x_{11,53}$
		Usuarios totais: 0
$x_{11,64}$
		Usuarios totais: 0
$x_{11,65}$
	 $y_{11,65,99}$ = 8.661984328177084 dB
	 $y_{11,65,51}$ = 10.695699655409257 dB
	 $y_{11,65,82}$ = 8.578231607674098 dB
	 $y_{11,65,83}$ = 12.98920745398594 dB
	 $y_{11,65,96}$ = 10.657360643824063 dB
	 $y_{11,65,52}$ = 7.187494776117319 dB
	 $y_{11,65,56}$ = 27.409718627970307 dB
	 $y_{11,65,57}$ = 12.23198393303602 dB
	 $y_{11,65,67}$ = 17.61986473169422 dB
	 $y_{11,65,23}$ = 5.427584972374504 dB
		SNR medio:  12.145913073026282
		Usuarios totais: 10
Distances:
3 : 17 = 1649.2422502470642
3 : 26 = 1442.2205101855957
3 : 53 = 2000.0
3 : 64 = 2433.105012119288
3 : 65 = 2529.8221281347037
17 : 26 = 565.685424949238
17 : 53 = 2262.741699796952
17 : 64 = 2332.38075793812
17 : 65 = 2154.0659228538016
26 : 53 = 1697.0562748477141
26 : 64 = 1788.8543819998317
26 : 65 = 1649.2422502470642
53 : 64 = 565.685424949238
53 : 65 = 894.4271909999159
64 : 65 = 400.0
--- Done after 0.018669136299027337 hours. ---
