-------------Calculating Solution (this may take a while)
+++++++++++++++++++Min Sinr: 5 dB (pgwo3)
+++++++++++++++++++With backhaul constraint. Start: 2023-06-30 03:48:19

Parameters:
- chosen seed 22
- Map with 100 sectors
- Map 4000 x 4000 m
- Sector has a side of 400 m
- Max time:  12
- users_t_m:  [[0, 0, 0, 0, 0, 0, 0, 0, 0, 0, 0, 0, 0, 0, 0, 0, 0, 0, 4, 1, 0, 0, 0, 0, 0, 0, 0, 2, 26, 3, 0, 0, 0, 0, 0, 0, 0, 0, 1, 0, 0, 0, 0, 0, 0, 0, 0, 0, 0, 0, 0, 0, 0, 0, 0, 0, 0, 0, 0, 0, 0, 0, 0, 0, 0, 0, 0, 0, 0, 0, 0, 0, 0, 0, 0, 0, 0, 0, 0, 0, 0, 0, 0, 0, 0, 0, 0, 0, 0, 0, 0, 0, 0, 0, 0, 0, 0, 0, 0, 0], [0, 3, 0, 0, 3, 1, 0, 0, 1, 0, 0, 0, 0, 1, 1, 0, 0, 0, 3, 1, 0, 1, 0, 0, 1, 0, 0, 0, 23, 2, 0, 0, 1, 0, 0, 2, 1, 0, 2, 1, 1, 0, 0, 1, 0, 0, 1, 0, 0, 1, 0, 1, 1, 0, 1, 0, 1, 1, 0, 0, 0, 1, 0, 0, 0, 0, 0, 0, 0, 0, 0, 0, 0, 0, 0, 0, 0, 0, 1, 2, 0, 0, 1, 0, 0, 1, 0, 0, 1, 0, 0, 0, 0, 1, 0, 0, 0, 1, 0, 1], [1, 0, 0, 0, 1, 0, 0, 0, 0, 1, 1, 3, 0, 1, 0, 1, 0, 1, 4, 2, 0, 0, 0, 1, 2, 1, 0, 4, 22, 0, 1, 0, 0, 0, 0, 2, 1, 0, 1, 0, 1, 1, 0, 1, 1, 2, 0, 1, 0, 1, 2, 1, 2, 1, 0, 2, 1, 1, 1, 1, 0, 0, 1, 0, 0, 0, 1, 1, 1, 1, 0, 0, 1, 0, 1, 0, 1, 3, 2, 1, 1, 0, 0, 1, 1, 0, 0, 0, 0, 1, 1, 0, 1, 2, 0, 1, 1, 1, 0, 1], [1, 0, 2, 1, 3, 0, 1, 1, 1, 2, 0, 1, 3, 1, 0, 0, 2, 0, 2, 2, 1, 2, 0, 0, 0, 2, 2, 7, 20, 2, 0, 0, 2, 0, 1, 1, 0, 0, 2, 0, 2, 0, 0, 0, 0, 2, 0, 3, 2, 2, 0, 1, 3, 0, 1, 2, 0, 0, 1, 2, 0, 0, 0, 1, 1, 0, 0, 1, 2, 3, 0, 1, 0, 2, 1, 1, 2, 0, 0, 1, 0, 0, 1, 4, 1, 0, 1, 0, 1, 1, 0, 0, 2, 0, 1, 1, 3, 2, 2, 2], [3, 5, 2, 0, 4, 1, 1, 2, 1, 2, 0, 0, 3, 1, 0, 1, 1, 0, 3, 0, 1, 1, 0, 0, 1, 0, 1, 5, 24, 0, 0, 1, 0, 5, 0, 0, 2, 0, 1, 3, 1, 0, 1, 1, 2, 1, 1, 1, 1, 0, 1, 0, 1, 3, 0, 0, 2, 1, 1, 2, 0, 1, 1, 0, 3, 0, 2, 3, 0, 0, 1, 3, 2, 2, 2, 1, 0, 4, 2, 1, 1, 2, 2, 2, 2, 0, 2, 0, 0, 1, 4, 3, 3, 0, 2, 0, 1, 1, 2, 2], [0, 3, 2, 1, 3, 3, 1, 3, 1, 1, 1, 1, 1, 2, 2, 1, 0, 4, 3, 0, 3, 2, 1, 1, 1, 0, 1, 2, 28, 3, 2, 2, 1, 3, 1, 3, 0, 1, 5, 1, 1, 1, 2, 1, 2, 1, 1, 0, 2, 3, 0, 1, 3, 2, 2, 4, 0, 0, 2, 0, 3, 3, 4, 1, 2, 1, 5, 2, 2, 3, 3, 0, 1, 3, 1, 0, 1, 1, 3, 2, 1, 0, 0, 1, 1, 0, 0, 1, 2, 1, 2, 4, 3, 2, 1, 1, 2, 1, 1, 3], [1, 0, 0, 4, 6, 0, 0, 4, 2, 1, 1, 3, 0, 1, 1, 1, 3, 1, 4, 0, 0, 1, 2, 2, 3, 2, 1, 3, 3, 2, 2, 2, 3, 3, 1, 0, 1, 2, 3, 2, 1, 1, 1, 4, 1, 2, 2, 2, 0, 1, 1, 2, 1, 1, 1, 1, 2, 1, 4, 4, 1, 1, 2, 2, 3, 0, 2, 5, 4, 3, 2, 1, 3, 2, 4, 1, 0, 2, 0, 1, 0, 2, 0, 3, 1, 2, 2, 3, 1, 2, 0, 1, 0, 1, 2, 0, 2, 1, 1, 0], [0, 2, 1, 4, 3, 2, 2, 1, 5, 1, 1, 1, 3, 2, 1, 1, 1, 0, 1, 2, 2, 3, 0, 2, 1, 0, 2, 2, 0, 2, 0, 2, 2, 1, 1, 0, 1, 3, 1, 3, 1, 1, 2, 2, 0, 3, 2, 0, 1, 1, 1, 1, 1, 1, 0, 2, 2, 2, 0, 2, 2, 2, 2, 4, 0, 4, 0, 0, 1, 0, 1, 4, 0, 0, 2, 4, 0, 1, 0, 0, 1, 3, 1, 1, 0, 2, 0, 2, 1, 4, 2, 1, 2, 0, 0, 1, 0, 1, 1, 5], [2, 2, 2, 1, 1, 1, 1, 1, 1, 0, 1, 2, 0, 1, 1, 1, 0, 1, 1, 0, 1, 0, 0, 1, 2, 0, 2, 3, 1, 1, 1, 2, 0, 1, 0, 2, 2, 2, 0, 2, 1, 1, 0, 0, 3, 2, 1, 1, 6, 0, 1, 0, 0, 4, 2, 1, 1, 1, 1, 2, 1, 1, 1, 2, 0, 0, 0, 0, 0, 1, 1, 0, 2, 2, 1, 3, 0, 0, 0, 1, 2, 1, 0, 0, 2, 0, 1, 0, 0, 2, 0, 1, 2, 3, 4, 2, 0, 0, 2, 1], [2, 1, 1, 3, 1, 1, 1, 1, 0, 1, 1, 0, 0, 1, 1, 1, 1, 0, 0, 0, 2, 0, 0, 0, 4, 1, 1, 0, 0, 0, 1, 0, 0, 0, 3, 1, 0, 2, 0, 0, 0, 0, 1, 2, 0, 1, 1, 0, 1, 1, 0, 2, 2, 3, 3, 0, 1, 1, 2, 2, 0, 1, 0, 0, 1, 1, 0, 0, 1, 2, 2, 0, 1, 2, 1, 0, 2, 0, 0, 0, 0, 2, 0, 0, 0, 0, 1, 0, 0, 0, 0, 0, 1, 1, 1, 2, 2, 2, 1, 3], [0, 2, 0, 0, 1, 0, 0, 2, 0, 0, 1, 0, 1, 1, 0, 0, 0, 0, 0, 0, 1, 1, 0, 1, 0, 0, 0, 1, 0, 1, 2, 0, 1, 1, 0, 1, 0, 0, 1, 1, 0, 0, 0, 2, 0, 0, 1, 0, 1, 1, 0, 0, 1, 1, 1, 0, 0, 0, 1, 1, 0, 1, 1, 1, 1, 0, 1, 0, 1, 0, 1, 0, 0, 0, 0, 1, 0, 0, 0, 1, 0, 0, 2, 1, 0, 0, 1, 0, 0, 1, 1, 1, 0, 1, 0, 0, 0, 3, 0, 4], [0, 0, 0, 0, 0, 0, 0, 0, 0, 1, 0, 0, 0, 0, 0, 0, 0, 0, 0, 1, 0, 0, 1, 1, 0, 0, 0, 0, 0, 0, 1, 0, 0, 0, 0, 0, 0, 1, 0, 0, 0, 0, 0, 0, 0, 0, 0, 0, 0, 0, 0, 1, 1, 0, 0, 0, 1, 1, 0, 0, 0, 0, 0, 0, 0, 0, 0, 1, 0, 0, 0, 0, 0, 0, 0, 0, 0, 0, 0, 0, 0, 0, 1, 1, 0, 0, 0, 0, 0, 0, 0, 0, 0, 0, 0, 0, 1, 0, 0, 1]]
MAX_USER_PER_ANTENNAS_m:  [40, 40, 40, 40, 40, 40, 40, 40, 40, 40, 40, 40, 40, 40, 40, 40, 40, 40, 40, 40, 40, 40, 40, 40, 40, 40, 40, 40, 40, 40, 40, 40, 40, 40, 40, 40, 40, 40, 40, 40, 40, 40, 40, 40, 40, 40, 40, 40, 40, 40, 40, 40, 40, 40, 40, 40, 40, 40, 40, 40, 40, 40, 40, 40, 40, 40, 40, 40, 40, 40, 40, 40, 40, 40, 40, 40, 40, 40, 40, 40, 40, 40, 40, 40, 40, 40, 40, 40, 40, 40, 40, 40, 40, 40, 40, 40, 40, 40, 40, 40]
antennas_map_m:  [1, 1, 1, 1, 1, 1, 1, 1, 1, 1, 1, 1, 1, 1, 1, 1, 1, 1, 1, 1, 1, 1, 1, 1, 1, 1, 1, 1, 1, 1, 1, 1, 1, 1, 1, 1, 1, 1, 1, 1, 1, 1, 1, 1, 1, 1, 1, 1, 1, 1, 1, 1, 1, 1, 1, 1, 1, 1, 1, 1, 1, 1, 1, 1, 1, 1, 1, 1, 1, 1, 1, 1, 1, 1, 1, 1, 1, 1, 1, 1, 1, 1, 1, 1, 1, 1, 1, 1, 1, 1, 1, 1, 1, 1, 1, 1, 1, 1, 1, 1]
FIRST_ANTENNA:  17
MIN_SNR_m:  [3.1622776601683795, 3.1622776601683795, 3.1622776601683795, 3.1622776601683795, 3.1622776601683795, 3.1622776601683795, 3.1622776601683795, 3.1622776601683795, 3.1622776601683795, 3.1622776601683795, 3.1622776601683795, 3.1622776601683795, 3.1622776601683795, 3.1622776601683795, 3.1622776601683795, 3.1622776601683795, 3.1622776601683795, 3.1622776601683795, 3.1622776601683795, 3.1622776601683795, 3.1622776601683795, 3.1622776601683795, 3.1622776601683795, 3.1622776601683795, 3.1622776601683795, 3.1622776601683795, 3.1622776601683795, 3.1622776601683795, 3.1622776601683795, 3.1622776601683795, 3.1622776601683795, 3.1622776601683795, 3.1622776601683795, 3.1622776601683795, 3.1622776601683795, 3.1622776601683795, 3.1622776601683795, 3.1622776601683795, 3.1622776601683795, 3.1622776601683795, 3.1622776601683795, 3.1622776601683795, 3.1622776601683795, 3.1622776601683795, 3.1622776601683795, 3.1622776601683795, 3.1622776601683795, 3.1622776601683795, 3.1622776601683795, 3.1622776601683795, 3.1622776601683795, 3.1622776601683795, 3.1622776601683795, 3.1622776601683795, 3.1622776601683795, 3.1622776601683795, 3.1622776601683795, 3.1622776601683795, 3.1622776601683795, 3.1622776601683795, 3.1622776601683795, 3.1622776601683795, 3.1622776601683795, 3.1622776601683795, 3.1622776601683795, 3.1622776601683795, 3.1622776601683795, 3.1622776601683795, 3.1622776601683795, 3.1622776601683795, 3.1622776601683795, 3.1622776601683795, 3.1622776601683795, 3.1622776601683795, 3.1622776601683795, 3.1622776601683795, 3.1622776601683795, 3.1622776601683795, 3.1622776601683795, 3.1622776601683795, 3.1622776601683795, 3.1622776601683795, 3.1622776601683795, 3.1622776601683795, 3.1622776601683795, 3.1622776601683795, 3.1622776601683795, 3.1622776601683795, 3.1622776601683795, 3.1622776601683795, 3.1622776601683795, 3.1622776601683795, 3.1622776601683795, 3.1622776601683795, 3.1622776601683795, 3.1622776601683795, 3.1622776601683795, 3.1622776601683795, 3.1622776601683795, 3.1622776601683795]
-MIN_DIST:  2000
- disaster percentage:  0

Slice 0
444.8586849126657
Fitnes _wolf:  0.11784068259280052
The set of antennas serves the scenario in the respective slice.
Results:  [array([17])]

Slice 1
Fitnes _wolf:  -inf

Run GWO to deployment +1 antenna on the map
	Pack size:  50
	Wolf dimension 1
	Max iter 100
	antennas_regions:  [17]
	users_regions:  [ 1  4  5  8 13 14 18 19 21 24 28 29 32 35 36 38 39 40 43 46 49 51 52 54
 56 57 61 78 79 82 85 88 93 97 99]
	Fitness function:  <function fitness_pgwo3 at 0x7f1105880170>
	Seed_base:  0
initial_alpha:  Wolf 0 (0). Fitness: -inf
	(3377.6874061001927, 3031.8176117612097, 0). Region: 78
initial_beta:  Wolf 1 (1). Fitness: -inf
	(537.4569764496049, 3389.7349477489306, 0). Region: 81
initial_delta:  Wolf 2 (2). Fitness: -inf
	(3824.1370875569974, 3791.3099482373977, 0). Region: 99 

iter = 10
Alpha wolf:  Wolf 0 (0). Fitness: -inf
	(81.56569596725637, 1533.0492192977936, 0.0). Region: 30
iter = 20
Alpha wolf:  Wolf 0 (0). Fitness: -inf
	(506.38061354998786, 371.26509241048984, 0.0). Region: 1
iter = 30
Alpha wolf:  Wolf 0 (0). Fitness: -inf
	(598.8933980431552, 353.9842352890942, 0.0). Region: 1
iter = 40
Alpha wolf:  Wolf 0 (0). Fitness: -inf
	(649.2022063175233, 83.52462599742333, 0.0). Region: 1
iter = 50
Alpha wolf:  Wolf 0 (0). Fitness: -inf
	(219.0708702761497, 119.94696641039664, 0.0). Region: 0
iter = 60
Alpha wolf:  Wolf 0 (0). Fitness: -inf
	(236.02465689898992, 202.8335175120102, 0.0). Region: 0
iter = 70
Alpha wolf:  Wolf 0 (0). Fitness: -inf
	(374.9699585333692, 209.52929749051674, 0.0). Region: 0
iter = 80
Alpha wolf:  Wolf 0 (0). Fitness: -inf
	(381.21487043359093, 170.2192979427995, 0.0). Region: 0
iter = 90
Alpha wolf:  Wolf 0 (0). Fitness: -inf
	(343.3864310843528, 177.45879215794736, 0.0). Region: 0

- Finishing GWO - 


Run GWO to deployment +2 antenna on the map
	Pack size:  50
	Wolf dimension 2
	Max iter 100
	antennas_regions:  [17]
	users_regions:  [ 1  4  5  8 13 14 18 19 21 24 28 29 32 35 36 38 39 40 43 46 49 51 52 54
 56 57 61 78 79 82 85 88 93 97 99]
	Fitness function:  <function fitness_pgwo3 at 0x7f1105880170>
	Seed_base:  50
initial_alpha:  Wolf 0 (50). Fitness: -inf
	(1990.1462750344092, 1064.6948922901624, 0). Region: 24
	(2549.644645774764, 969.9190167350506, 0). Region: 26
initial_beta:  Wolf 1 (51). Fitness: -inf
	(974.071050837348, 2008.835958012624, 0). Region: 52
	(647.7500571632238, 3284.888863373125, 0). Region: 81
initial_delta:  Wolf 2 (52). Fitness: -inf
	(3913.4194334839867, 218.09062004182954, 0). Region: 9
	(2902.6468846973, 1935.4469732977698, 0). Region: 47 

The alpha wolf has been updated to a position with higher fitness. iter = 1
New alpha wolf:  Wolf 8 (58). Fitness: 7.017892441225347
	(2299.637951495334, 2663.7236905386144, 0.0). Region: 65
	(1869.7128515139484, 1270.8982004882866, 0.0). Region: 34
iter = 10
Alpha wolf:  Wolf 8 (58). Fitness: 7.017892441225347
	(2299.637951495334, 2663.7236905386144, 0.0). Region: 65
	(1869.7128515139484, 1270.8982004882866, 0.0). Region: 34
The alpha wolf has been updated to a position with higher fitness. iter = 11
New alpha wolf:  Wolf 22 (72). Fitness: 7.096397450721646
	(2235.432372679514, 2527.903529048709, 0.0). Region: 65
	(1467.7744146665857, 2237.1012580167526, 0.0). Region: 53
iter = 20
Alpha wolf:  Wolf 22 (72). Fitness: 7.096397450721646
	(2235.432372679514, 2527.903529048709, 0.0). Region: 65
	(1467.7744146665857, 2237.1012580167526, 0.0). Region: 53
iter = 30
Alpha wolf:  Wolf 22 (72). Fitness: 7.096397450721646
	(2235.432372679514, 2527.903529048709, 0.0). Region: 65
	(1467.7744146665857, 2237.1012580167526, 0.0). Region: 53
iter = 40
Alpha wolf:  Wolf 22 (72). Fitness: 7.096397450721646
	(2235.432372679514, 2527.903529048709, 0.0). Region: 65
	(1467.7744146665857, 2237.1012580167526, 0.0). Region: 53
iter = 50
Alpha wolf:  Wolf 22 (72). Fitness: 7.096397450721646
	(2235.432372679514, 2527.903529048709, 0.0). Region: 65
	(1467.7744146665857, 2237.1012580167526, 0.0). Region: 53
iter = 60
Alpha wolf:  Wolf 22 (72). Fitness: 7.096397450721646
	(2235.432372679514, 2527.903529048709, 0.0). Region: 65
	(1467.7744146665857, 2237.1012580167526, 0.0). Region: 53
iter = 70
Alpha wolf:  Wolf 22 (72). Fitness: 7.096397450721646
	(2282.307112120362, 2644.2160654351865, 0.0). Region: 65
	(1503.7293944242797, 2156.7819529434537, 0.0). Region: 53
iter = 80
Alpha wolf:  Wolf 22 (72). Fitness: 7.096397450721646
	(2282.307112120362, 2644.2160654351865, 0.0). Region: 65
	(1503.7293944242797, 2156.7819529434537, 0.0). Region: 53
iter = 90
Alpha wolf:  Wolf 22 (72). Fitness: 7.096397450721646
	(2154.4756132619405, 2423.7908645315333, 0.0). Region: 65
	(1332.7585123145436, 2135.0866272329176, 0.0). Region: 53

- Finishing GWO - 

Best solution:  Wolf 22 (72). Fitness: 7.096397450721646
	(2271.240425301761, 2444.3134177521406, 0.0). Region: 65
	(1273.613177370373, 2094.825350297621, 0.0). Region: 53
Antennas in slice 1:  [17 53 65]
Results:  [array([17]), array([17, 53, 65])]

Slice 2
Fitnes _wolf:  -inf

Run GWO to deployment +1 antenna on the map
	Pack size:  50
	Wolf dimension 1
	Max iter 100
	antennas_regions:  [17 53 65]
	users_regions:  [ 0  4  9 10 11 13 15 17 18 19 23 24 25 27 28 30 35 36 38 40 41 43 44 45
 47 49 50 51 52 53 55 56 57 58 59 62 66 67 68 69 72 74 76 77 78 79 80 83
 84 89 90 92 93 95 96 97 99]
	Fitness function:  <function fitness_pgwo3 at 0x7f1105880170>
	Seed_base:  100
initial_alpha:  Wolf 0 (100). Fitness: -inf
	(582.6770204165213, 1819.7080180560854, 0). Region: 41
initial_beta:  Wolf 1 (101). Fitness: -inf
	(2324.6085300182585, 779.0179821365468, 0). Region: 15
initial_delta:  Wolf 2 (102). Fitness: -inf
	(592.6848255483344, 2463.8611483048944, 0). Region: 61 

iter = 10
Alpha wolf:  Wolf 0 (100). Fitness: -inf
	(68.34965197963697, 1041.5703581217194, 0.0). Region: 20
iter = 20
Alpha wolf:  Wolf 0 (100). Fitness: -inf
	(505.0893338271437, 256.0285682279298, 0.0). Region: 1
iter = 30
Alpha wolf:  Wolf 0 (100). Fitness: -inf
	(596.9944464309849, 244.09477418752186, 0.0). Region: 1
iter = 40
Alpha wolf:  Wolf 0 (100). Fitness: -inf
	(647.1437200652515, 57.5956281973665, 0.0). Region: 1
iter = 50
Alpha wolf:  Wolf 0 (100). Fitness: -inf
	(218.37624174730513, 82.71118592505115, 0.0). Region: 0
iter = 60
Alpha wolf:  Wolf 0 (100). Fitness: -inf
	(235.27627141083167, 139.86682015255727, 0.0). Region: 0
iter = 70
Alpha wolf:  Wolf 0 (100). Fitness: -inf
	(373.781006162254, 144.48399321903236, 0.0). Region: 0
iter = 80
Alpha wolf:  Wolf 0 (100). Fitness: -inf
	(380.00611673535013, 117.37720779037603, 0.0). Region: 0
iter = 90
Alpha wolf:  Wolf 0 (100). Fitness: -inf
	(342.2976235621623, 122.36930696513697, 0.0). Region: 0

- Finishing GWO - 


Run GWO to deployment +2 antenna on the map
	Pack size:  50
	Wolf dimension 2
	Max iter 100
	antennas_regions:  [17 53 65]
	users_regions:  [ 0  4  9 10 11 13 15 17 18 19 23 24 25 27 28 30 35 36 38 40 41 43 44 45
 47 49 50 51 52 53 55 56 57 58 59 62 66 67 68 69 72 74 76 77 78 79 80 83
 84 89 90 92 93 95 96 97 99]
	Fitness function:  <function fitness_pgwo3 at 0x7f1105880170>
	Seed_base:  150
initial_alpha:  Wolf 49 (199). Fitness: 1.693826185798757e-05
	(1376.9831283176184, 1572.8748991096588, 0). Region: 33
	(1107.23524293901, 2851.3992520856336, 0). Region: 72
initial_beta:  Wolf 0 (150). Fitness: -inf
	(3295.228967856352, 3580.836635796672, 0). Region: 88
	(751.473642213539, 1215.4358867466128, 0). Region: 31
initial_delta:  Wolf 1 (151). Fitness: -inf
	(2826.2949409966977, 3383.9252850902753, 0). Region: 87
	(3803.1426880375734, 2531.1547435486596, 0). Region: 69 

The alpha wolf has been updated to a position with higher fitness. iter = 3
New alpha wolf:  Wolf 6 (156). Fitness: 3.319039594910982e-05
	(1207.9426131447956, 1431.7466364926172, 0.0). Region: 33
	(1750.1983170612825, 1612.3052962684735, 0.0). Region: 44
The alpha wolf has been updated to a position with higher fitness. iter = 9
New alpha wolf:  Wolf 34 (184). Fitness: 3.388261490589809e-05
	(1921.3879829347406, 2187.3010556746003, 0.0). Region: 54
	(904.6355131303053, 1427.2008337257553, 0.0). Region: 32
iter = 10
Alpha wolf:  Wolf 34 (184). Fitness: 3.388261490589809e-05
	(1921.3879829347406, 2187.3010556746003, 0.0). Region: 54
	(904.6355131303053, 1427.2008337257553, 0.0). Region: 32
The alpha wolf has been updated to a position with higher fitness. iter = 10
New alpha wolf:  Wolf 30 (180). Fitness: 3.40314369772137e-05
	(1343.2660631740803, 1479.9874284301598, 0.0). Region: 33
	(1530.3915308195822, 2494.7276808234965, 0.0). Region: 63
The alpha wolf has been updated to a position with higher fitness. iter = 11
New alpha wolf:  Wolf 5 (155). Fitness: 3.441097191775524e-05
	(1864.4607776666785, 2264.0116296656142, 0.0). Region: 54
	(1612.73063565761, 1644.8973284957106, 0.0). Region: 44
iter = 20
Alpha wolf:  Wolf 5 (155). Fitness: 3.441097191775524e-05
	(1864.4607776666785, 2264.0116296656142, 0.0). Region: 54
	(1612.73063565761, 1644.8973284957106, 0.0). Region: 44
iter = 30
Alpha wolf:  Wolf 5 (155). Fitness: 3.441097191775524e-05
	(1864.4607776666785, 2264.0116296656142, 0.0). Region: 54
	(1612.73063565761, 1644.8973284957106, 0.0). Region: 44
iter = 40
Alpha wolf:  Wolf 5 (155). Fitness: 3.441097191775524e-05
	(1864.4607776666785, 2264.0116296656142, 0.0). Region: 54
	(1612.73063565761, 1644.8973284957106, 0.0). Region: 44
iter = 50
Alpha wolf:  Wolf 5 (155). Fitness: 3.441097191775524e-05
	(1864.4607776666785, 2264.0116296656142, 0.0). Region: 54
	(1612.73063565761, 1644.8973284957106, 0.0). Region: 44
iter = 60
Alpha wolf:  Wolf 5 (155). Fitness: 3.441097191775524e-05
	(1864.4607776666785, 2264.0116296656142, 0.0). Region: 54
	(1612.73063565761, 1644.8973284957106, 0.0). Region: 44
iter = 70
Alpha wolf:  Wolf 5 (155). Fitness: 3.441097191775524e-05
	(1890.9024416648938, 2357.3847907043028, 0.0). Region: 54
	(1856.0176076721357, 1805.8244696771183, 0.0). Region: 44
iter = 80
Alpha wolf:  Wolf 5 (155). Fitness: 3.441097191775524e-05
	(1750.8845967477414, 2168.0078569530388, 0.0). Region: 54
	(1806.4972254473707, 1621.6926331549776, 0.0). Region: 44
iter = 90
Alpha wolf:  Wolf 5 (155). Fitness: 3.441097191775524e-05
	(1882.202745295653, 2122.2368679809724, 0.0). Region: 54
	(1710.5148296549453, 1744.6877249668996, 0.0). Region: 44

- Finishing GWO - 

Best solution:  Wolf 5 (155). Fitness: 3.441097191775524e-05
	(1846.6148925737948, 2028.8245861141797, 0.0). Region: 54
	(1690.5485831589351, 1650.3772582435813, 0.0). Region: 44
Antennas in slice 2:  [17 44 53 54 65]
Results:  [array([17]), array([17, 53, 65]), array([17, 44, 53, 54, 65])]

Slice 3
Fitnes _wolf:  -inf

Run GWO to deployment +1 antenna on the map
	Pack size:  50
	Wolf dimension 1
	Max iter 100
	antennas_regions:  [17 44 53 54 65]
	users_regions:  [ 0  2  3  4  6  7  8  9 11 12 13 16 18 19 20 21 25 26 27 28 29 32 34 35
 38 40 45 47 48 49 51 52 54 55 58 59 63 64 67 68 69 71 73 74 75 76 79 82
 83 84 86 88 89 92 94 95 96 97 98 99]
	Fitness function:  <function fitness_pgwo3 at 0x7f1105880170>
	Seed_base:  200
initial_alpha:  Wolf 36 (236). Fitness: 6.7075968782556075
	(2692.9833403414827, 1981.240927881657, 0). Region: 46
initial_beta:  Wolf 19 (219). Fitness: 2.9748236395747756
	(2792.893547935207, 1360.9737613009254, 0). Region: 36
initial_delta:  Wolf 32 (232). Fitness: 2.9602559830894033
	(1124.0771747548606, 932.8449331188887, 0). Region: 22 

iter = 10
Alpha wolf:  Wolf 36 (236). Fitness: 6.7075968782556075
	(2692.9833403414827, 1981.240927881657, 0). Region: 46
iter = 20
Alpha wolf:  Wolf 36 (236). Fitness: 6.7075968782556075
	(2692.9833403414827, 1981.240927881657, 0). Region: 46
iter = 30
Alpha wolf:  Wolf 36 (236). Fitness: 6.7075968782556075
	(2692.9833403414827, 1981.240927881657, 0). Region: 46
iter = 40
Alpha wolf:  Wolf 36 (236). Fitness: 6.7075968782556075
	(2692.9833403414827, 1981.240927881657, 0). Region: 46
iter = 50
Alpha wolf:  Wolf 36 (236). Fitness: 6.7075968782556075
	(2641.8883520580257, 1603.0021231635696, 0.0). Region: 46
iter = 60
Alpha wolf:  Wolf 36 (236). Fitness: 6.7075968782556075
	(2641.8883520580257, 1603.0021231635696, 0.0). Region: 46
iter = 70
Alpha wolf:  Wolf 36 (236). Fitness: 6.7075968782556075
	(2730.1905048553353, 1809.4913838494244, 0.0). Region: 46
iter = 80
Alpha wolf:  Wolf 36 (236). Fitness: 6.7075968782556075
	(2716.548374414844, 1697.572844668469, 0.0). Region: 46
iter = 90
Alpha wolf:  Wolf 36 (236). Fitness: 6.7075968782556075
	(2456.0597275982464, 1647.0438930302164, 0.0). Region: 46

- Finishing GWO - 

Best solution:  Wolf 36 (236). Fitness: 6.7075968782556075
	(2565.7385885676567, 1871.1327992741437, 0.0). Region: 46
Antennas in slice 3:  [17 44 46 53 54 65]
Results:  [array([17]), array([17, 53, 65]), array([17, 44, 53, 54, 65]), array([17, 44, 46, 53, 54, 65])]

Slice 4
Fitnes _wolf:  3.3825786613570114e-05
The set of antennas serves the scenario in the respective slice.
Results:  [array([17]), array([17, 53, 65]), array([17, 44, 53, 54, 65]), array([17, 44, 46, 53, 54, 65]), array([17, 44, 46, 53, 54, 65])]

Slice 5
Fitnes _wolf:  2.5189639995009132e-05
The set of antennas serves the scenario in the respective slice.
Results:  [array([17]), array([17, 53, 65]), array([17, 44, 53, 54, 65]), array([17, 44, 46, 53, 54, 65]), array([17, 44, 46, 53, 54, 65]), array([17, 44, 46, 53, 54, 65])]

Slice 6
Fitnes _wolf:  1.951002677363669e-05
The set of antennas serves the scenario in the respective slice.
Results:  [array([17]), array([17, 53, 65]), array([17, 44, 53, 54, 65]), array([17, 44, 46, 53, 54, 65]), array([17, 44, 46, 53, 54, 65]), array([17, 44, 46, 53, 54, 65]), array([17, 44, 46, 53, 54, 65])]

Slice 7
Fitnes _wolf:  1.3157930347821397e-05
The set of antennas serves the scenario in the respective slice.
Results:  [array([17]), array([17, 53, 65]), array([17, 44, 53, 54, 65]), array([17, 44, 46, 53, 54, 65]), array([17, 44, 46, 53, 54, 65]), array([17, 44, 46, 53, 54, 65]), array([17, 44, 46, 53, 54, 65]), array([17, 44, 46, 53, 54, 65])]

Slice 8
Fitnes _wolf:  1.0653178566276348e-05
The set of antennas serves the scenario in the respective slice.
Results:  [array([17]), array([17, 53, 65]), array([17, 44, 53, 54, 65]), array([17, 44, 46, 53, 54, 65]), array([17, 44, 46, 53, 54, 65]), array([17, 44, 46, 53, 54, 65]), array([17, 44, 46, 53, 54, 65]), array([17, 44, 46, 53, 54, 65]), array([17, 44, 46, 53, 54, 65])]

Slice 9
Fitnes _wolf:  7.663516829081359e-06
The set of antennas serves the scenario in the respective slice.
Results:  [array([17]), array([17, 53, 65]), array([17, 44, 53, 54, 65]), array([17, 44, 46, 53, 54, 65]), array([17, 44, 46, 53, 54, 65]), array([17, 44, 46, 53, 54, 65]), array([17, 44, 46, 53, 54, 65]), array([17, 44, 46, 53, 54, 65]), array([17, 44, 46, 53, 54, 65]), array([17, 44, 46, 53, 54, 65])]

Slice 10
Fitnes _wolf:  1.0780168029314851e-05
The set of antennas serves the scenario in the respective slice.
Results:  [array([17]), array([17, 53, 65]), array([17, 44, 53, 54, 65]), array([17, 44, 46, 53, 54, 65]), array([17, 44, 46, 53, 54, 65]), array([17, 44, 46, 53, 54, 65]), array([17, 44, 46, 53, 54, 65]), array([17, 44, 46, 53, 54, 65]), array([17, 44, 46, 53, 54, 65]), array([17, 44, 46, 53, 54, 65]), array([17, 44, 46, 53, 54, 65])]

Slice 11
Fitnes _wolf:  35.39712869510592
The set of antennas serves the scenario in the respective slice.
Results:  [array([17]), array([17, 53, 65]), array([17, 44, 53, 54, 65]), array([17, 44, 46, 53, 54, 65]), array([17, 44, 46, 53, 54, 65]), array([17, 44, 46, 53, 54, 65]), array([17, 44, 46, 53, 54, 65]), array([17, 44, 46, 53, 54, 65]), array([17, 44, 46, 53, 54, 65]), array([17, 44, 46, 53, 54, 65]), array([17, 44, 46, 53, 54, 65]), array([17, 44, 46, 53, 54, 65])]
Results:  [array([17]), array([17, 53, 65]), array([17, 44, 53, 54, 65]), array([17, 44, 46, 53, 54, 65]), array([17, 44, 46, 53, 54, 65]), array([17, 44, 46, 53, 54, 65]), array([17, 44, 46, 53, 54, 65]), array([17, 44, 46, 53, 54, 65]), array([17, 44, 46, 53, 54, 65]), array([17, 44, 46, 53, 54, 65]), array([17, 44, 46, 53, 54, 65]), array([17, 44, 46, 53, 54, 65])]

Média de carros: 5.25
t=0
Antennas: [17]
Users: [18 19 27 28 29 38]
connections:  {18: 17, 19: 17, 27: 17, 28: 17, 29: 17, 38: 17}
$x_{0,17}$
	 $y_{0,17,18}$ = 25.083676299194465 dB
	 $y_{0,17,19}$ = 22.079882614789597 dB
	 $y_{0,17,27}$ = 32.16590562531573 dB
	 $y_{0,17,28}$ = 26.693222215071202 dB
	 $y_{0,17,29}$ = 13.865773238669817 dB
	 $y_{0,17,38}$ = 20.741150041468416 dB
		SNR medio:  3.8008002712029523
		Usuarios totais: 37
Distances:
t=1
Antennas: [17 53 65]
Users: [ 1  4  5  8 13 14 18 19 21 24 28 29 32 35 36 38 39 40 43 46 49 51 52 54
 56 57 61 78 79 82 85 88 93 97 99]
connections:  {1: 17, 5: 17, 8: 17, 13: 53, 18: 17, 19: 17, 21: 53, 28: 17, 29: 17, 32: 53, 39: 17, 40: 53, 49: 17, 78: 65, 79: 65, 85: 65, 93: 65, 97: 65, 99: 65, 4: 17, 24: 17, 38: 65, 14: 65, 35: 65, 36: 65, 43: 65, 46: 65, 51: 65, 52: 65, 54: 65, 56: 65, 57: 65, 61: 65, 82: 65, 88: 65}
$x_{1,17}$
	 $y_{1,17,1}$ = 6.266393936345111 dB
	 $y_{1,17,5}$ = 25.64414580138572 dB
	 $y_{1,17,8}$ = 14.723885813261674 dB
	 $y_{1,17,18}$ = 25.083676299194465 dB
	 $y_{1,17,19}$ = 22.079882614789597 dB
	 $y_{1,17,28}$ = 26.693222215071202 dB
	 $y_{1,17,29}$ = 13.865773238669817 dB
	 $y_{1,17,39}$ = 20.05829202998558 dB
	 $y_{1,17,49}$ = 8.541472229091085 dB
	 $y_{1,17,4}$ = 5.921126993560819 dB
	 $y_{1,17,24}$ = 7.459778221026454 dB
		SNR medio:  4.408441234809538
		Usuarios totais: 40
$x_{1,53}$
	 $y_{1,53,13}$ = 5.643321574724808 dB
	 $y_{1,53,21}$ = 15.823650403570625 dB
	 $y_{1,53,32}$ = 18.798622096315142 dB
	 $y_{1,53,40}$ = 16.126765458612937 dB
		SNR medio:  14.098089883305878
		Usuarios totais: 4
$x_{1,65}$
	 $y_{1,65,78}$ = 16.393600608646054 dB
	 $y_{1,65,79}$ = 13.050259636997893 dB
	 $y_{1,65,85}$ = 17.957664159517094 dB
	 $y_{1,65,93}$ = 12.469956515882956 dB
	 $y_{1,65,97}$ = 6.937544839944223 dB
	 $y_{1,65,99}$ = 8.661984328177084 dB
	 $y_{1,65,38}$ = 6.136053775308056 dB
	 $y_{1,65,14}$ = 7.253679290272117 dB
	 $y_{1,65,35}$ = 14.108064739008483 dB
	 $y_{1,65,36}$ = 15.296523856817572 dB
	 $y_{1,65,43}$ = 12.521861011559594 dB
	 $y_{1,65,46}$ = 10.488058267731859 dB
	 $y_{1,65,51}$ = 10.695699655409257 dB
	 $y_{1,65,52}$ = 7.187494776117319 dB
	 $y_{1,65,54}$ = 12.073746732244672 dB
	 $y_{1,65,56}$ = 27.409718627970307 dB
	 $y_{1,65,57}$ = 12.23198393303602 dB
	 $y_{1,65,61}$ = 9.557656875189053 dB
	 $y_{1,65,82}$ = 8.578231607674098 dB
	 $y_{1,65,88}$ = 9.322503907319884 dB
		SNR medio:  10.362273354122767
		Usuarios totais: 23
Distances:
17 : 53 = 2262.741699796952
17 : 65 = 2154.0659228538016
53 : 65 = 894.4271909999159
t=2
Antennas: [17 44 53 54 65]
Users: [ 0  4  9 10 11 13 15 17 18 19 23 24 25 27 28 30 35 36 38 40 41 43 44 45
 47 49 50 51 52 53 55 56 57 58 59 62 66 67 68 69 72 74 76 77 78 79 80 83
 84 89 90 92 93 95 96 97 99]
connections:  {0: 44, 9: 17, 10: 53, 17: 17, 18: 17, 19: 17, 59: 54, 79: 65, 80: 44, 89: 65, 90: 54, 93: 65, 99: 65, 4: 17, 11: 65, 13: 54, 28: 17, 49: 17, 50: 54, 68: 65, 69: 54, 78: 65, 97: 65, 30: 54, 40: 54, 74: 65, 84: 65, 95: 65, 15: 17, 24: 17, 25: 17, 27: 17, 38: 65, 58: 65, 92: 65, 23: 65, 35: 65, 36: 65, 41: 65, 43: 65, 44: 44, 45: 65, 47: 65, 51: 65, 52: 65, 53: 53, 55: 65, 56: 65, 57: 65, 62: 65, 66: 65, 67: 65, 72: 65, 76: 65, 77: 54, 83: 65, 96: 54}
$x_{2,17}$
	 $y_{2,17,9}$ = 19.02428006635452 dB
	 $y_{2,17,17}$ = 87.07028671302365 dB
	 $y_{2,17,18}$ = 25.083676299194465 dB
	 $y_{2,17,19}$ = 22.079882614789597 dB
	 $y_{2,17,4}$ = 5.921126993560819 dB
	 $y_{2,17,28}$ = 26.693222215071202 dB
	 $y_{2,17,49}$ = 8.541472229091085 dB
	 $y_{2,17,15}$ = 20.741163535417982 dB
	 $y_{2,17,24}$ = 7.459778221026454 dB
	 $y_{2,17,25}$ = 20.741522349565216 dB
	 $y_{2,17,27}$ = 32.16590562531573 dB
		SNR medio:  6.888057921560266
		Usuarios totais: 40
$x_{2,44}$
	 $y_{2,44,0}$ = 6.3299920998586 dB
	 $y_{2,44,80}$ = 5.359992780954585 dB
	 $y_{2,44,44}$ = 83.6099357646981 dB
		SNR medio:  31.766640215170426
		Usuarios totais: 3
$x_{2,53}$
	 $y_{2,53,10}$ = 8.353632275464818 dB
	 $y_{2,53,53}$ = 85.68191174251326 dB
		SNR medio:  47.01777200898904
		Usuarios totais: 2
$x_{2,54}$
	 $y_{2,54,59}$ = 6.170990873946195 dB
	 $y_{2,54,90}$ = 5.701123343875139 dB
	 $y_{2,54,13}$ = 9.753959852722147 dB
	 $y_{2,54,50}$ = 9.6622412052498 dB
	 $y_{2,54,69}$ = 5.802639508207875 dB
	 $y_{2,54,30}$ = 14.53214564234871 dB
	 $y_{2,54,40}$ = 10.24331853934811 dB
	 $y_{2,54,77}$ = 6.615973954055548 dB
	 $y_{2,54,96}$ = 6.4290053436968435 dB
		SNR medio:  6.242616521954197
		Usuarios totais: 12
$x_{2,65}$
	 $y_{2,65,79}$ = 13.050259636997893 dB
	 $y_{2,65,89}$ = 5.924714265552268 dB
	 $y_{2,65,93}$ = 12.469956515882956 dB
	 $y_{2,65,99}$ = 8.661984328177084 dB
	 $y_{2,65,11}$ = 9.526609408802187 dB
	 $y_{2,65,68}$ = 12.455077391300449 dB
	 $y_{2,65,78}$ = 16.393600608646054 dB
	 $y_{2,65,97}$ = 6.937544839944223 dB
	 $y_{2,65,74}$ = 23.206311966507045 dB
	 $y_{2,65,84}$ = 9.30385032650588 dB
	 $y_{2,65,95}$ = 13.341566352015207 dB
	 $y_{2,65,38}$ = 6.136053775308056 dB
	 $y_{2,65,58}$ = 14.246256417002542 dB
	 $y_{2,65,92}$ = 5.069190343274272 dB
	 $y_{2,65,23}$ = 5.427584972374504 dB
	 $y_{2,65,35}$ = 14.108064739008483 dB
	 $y_{2,65,36}$ = 15.296523856817572 dB
	 $y_{2,65,41}$ = 10.080237331538655 dB
	 $y_{2,65,43}$ = 12.521861011559594 dB
	 $y_{2,65,45}$ = 25.18347625376876 dB
	 $y_{2,65,47}$ = 5.952765948338168 dB
	 $y_{2,65,51}$ = 10.695699655409257 dB
	 $y_{2,65,52}$ = 7.187494776117319 dB
	 $y_{2,65,55}$ = 30.49627216962054 dB
	 $y_{2,65,56}$ = 27.409718627970307 dB
	 $y_{2,65,57}$ = 12.23198393303602 dB
	 $y_{2,65,62}$ = 15.965269646688355 dB
	 $y_{2,65,66}$ = 31.314883151715108 dB
	 $y_{2,65,67}$ = 17.61986473169422 dB
	 $y_{2,65,72}$ = 12.459346377825028 dB
	 $y_{2,65,76}$ = 25.596142532383226 dB
	 $y_{2,65,83}$ = 12.98920745398594 dB
		SNR medio:  11.231484333644179
		Usuarios totais: 40
Distances:
17 : 44 = 1697.0562748477141
17 : 53 = 2262.741699796952
17 : 54 = 2000.0
17 : 65 = 2154.0659228538016
44 : 53 = 565.685424949238
44 : 54 = 400.0
44 : 65 = 894.4271909999159
53 : 54 = 400.0
53 : 65 = 894.4271909999159
54 : 65 = 565.685424949238
t=3
Antennas: [17 44 46 53 54 65]
Users: [ 0  2  3  4  6  7  8  9 11 12 13 16 18 19 20 21 25 26 27 28 29 32 34 35
 38 40 45 47 48 49 51 52 54 55 58 59 63 64 67 68 69 71 73 74 75 76 79 82
 83 84 86 88 89 92 94 95 96 97 98 99]
connections:  {0: 44, 3: 46, 9: 17, 18: 17, 20: 54, 89: 65, 99: 65, 2: 54, 6: 17, 7: 17, 8: 17, 12: 54, 13: 54, 19: 17, 29: 17, 59: 54, 79: 65, 88: 65, 97: 54, 98: 54, 4: 17, 11: 54, 21: 54, 28: 17, 40: 54, 49: 17, 68: 54, 69: 54, 71: 54, 94: 65, 95: 65, 16: 17, 26: 17, 48: 54, 92: 65, 25: 65, 27: 65, 32: 54, 38: 54, 58: 65, 74: 54, 82: 54, 84: 54, 86: 54, 96: 54, 34: 54, 35: 54, 45: 65, 47: 65, 51: 54, 52: 65, 54: 65, 55: 65, 63: 65, 64: 65, 67: 65, 73: 65, 75: 65, 76: 65, 83: 44}
$x_{3,17}$
	 $y_{3,17,9}$ = 19.02428006635452 dB
	 $y_{3,17,18}$ = 25.083676299194465 dB
	 $y_{3,17,6}$ = 26.01335328383533 dB
	 $y_{3,17,7}$ = 26.683209549757848 dB
	 $y_{3,17,8}$ = 14.723885813261674 dB
	 $y_{3,17,19}$ = 22.079882614789597 dB
	 $y_{3,17,29}$ = 13.865773238669817 dB
	 $y_{3,17,4}$ = 5.921126993560819 dB
	 $y_{3,17,28}$ = 26.693222215071202 dB
	 $y_{3,17,49}$ = 8.541472229091085 dB
	 $y_{3,17,16}$ = 29.273531769388782 dB
	 $y_{3,17,26}$ = 22.846247697167897 dB
		SNR medio:  6.018741544253575
		Usuarios totais: 40
$x_{3,44}$
	 $y_{3,44,0}$ = 6.3299920998586 dB
	 $y_{3,44,83}$ = 6.364955844293689 dB
		SNR medio:  2.538989588830458
		Usuarios totais: 5
$x_{3,46}$
	 $y_{3,46,3}$ = 5.809368912259231 dB
		SNR medio:  5.809368912259231
		Usuarios totais: 1
$x_{3,53}$
		Usuarios totais: 0
$x_{3,54}$
	 $y_{3,54,20}$ = 6.2084905656664375 dB
	 $y_{3,54,2}$ = 7.317034580680911 dB
	 $y_{3,54,12}$ = 10.004785675844431 dB
	 $y_{3,54,13}$ = 9.753959852722147 dB
	 $y_{3,54,59}$ = 6.170990873946195 dB
	 $y_{3,54,97}$ = 10.97778639964315 dB
	 $y_{3,54,98}$ = 7.182443660104099 dB
	 $y_{3,54,11}$ = 5.965410392068108 dB
	 $y_{3,54,21}$ = 9.314090431829698 dB
	 $y_{3,54,40}$ = 10.24331853934811 dB
	 $y_{3,54,68}$ = 8.800661195981576 dB
	 $y_{3,54,69}$ = 5.802639508207875 dB
	 $y_{3,54,71}$ = 6.025588269444086 dB
	 $y_{3,54,48}$ = 9.519613486560445 dB
	 $y_{3,54,32}$ = 11.739290233226939 dB
	 $y_{3,54,38}$ = 6.634778166631804 dB
	 $y_{3,54,74}$ = 23.544646384412587 dB
	 $y_{3,54,82}$ = 12.202818499118791 dB
	 $y_{3,54,84}$ = 8.382665793541008 dB
	 $y_{3,54,86}$ = 14.132007129484435 dB
	 $y_{3,54,96}$ = 6.4290053436968435 dB
	 $y_{3,54,34}$ = 22.81151549252486 dB
	 $y_{3,54,35}$ = 19.762149999293072 dB
	 $y_{3,54,51}$ = 5.7556180828457855 dB
		SNR medio:  6.117032713920585
		Usuarios totais: 40
$x_{3,65}$
	 $y_{3,65,89}$ = 5.924714265552268 dB
	 $y_{3,65,99}$ = 8.661984328177084 dB
	 $y_{3,65,79}$ = 13.050259636997893 dB
	 $y_{3,65,88}$ = 9.322503907319884 dB
	 $y_{3,65,94}$ = 17.430044492799013 dB
	 $y_{3,65,95}$ = 13.341566352015207 dB
	 $y_{3,65,92}$ = 5.069190343274272 dB
	 $y_{3,65,25}$ = 10.717045244399344 dB
	 $y_{3,65,27}$ = 12.962437742679029 dB
	 $y_{3,65,58}$ = 14.246256417002542 dB
	 $y_{3,65,45}$ = 25.18347625376876 dB
	 $y_{3,65,47}$ = 5.952765948338168 dB
	 $y_{3,65,52}$ = 7.187494776117319 dB
	 $y_{3,65,54}$ = 12.073746732244672 dB
	 $y_{3,65,55}$ = 30.49627216962054 dB
	 $y_{3,65,63}$ = 20.933461406692686 dB
	 $y_{3,65,64}$ = 31.699701588666684 dB
	 $y_{3,65,67}$ = 17.61986473169422 dB
	 $y_{3,65,73}$ = 19.069008810475253 dB
	 $y_{3,65,75}$ = 32.57939962017727 dB
	 $y_{3,65,76}$ = 25.596142532383226 dB
		SNR medio:  8.924140455273562
		Usuarios totais: 38
Distances:
17 : 44 = 1697.0562748477141
17 : 46 = 1264.9110640673518
17 : 53 = 2262.741699796952
17 : 54 = 2000.0
17 : 65 = 2154.0659228538016
44 : 46 = 800.0
44 : 53 = 565.685424949238
44 : 54 = 400.0
44 : 65 = 894.4271909999159
46 : 53 = 1264.9110640673518
46 : 54 = 894.4271909999159
46 : 65 = 894.4271909999159
53 : 54 = 400.0
53 : 65 = 894.4271909999159
54 : 65 = 565.685424949238
t=4
Antennas: [17 44 46 53 54 65]
Users: [ 0  1  2  4  5  6  7  8  9 12 13 15 16 18 20 21 24 26 27 28 31 33 36 38
 39 40 42 43 44 45 46 47 48 50 52 53 56 57 58 59 61 62 64 66 67 70 71 72
 73 74 75 77 78 79 80 81 82 83 84 86 89 90 91 92 94 96 97 98 99]
connections:  {0: 44, 9: 17, 18: 17, 20: 54, 70: 53, 80: 44, 89: 65, 90: 54, 99: 65, 1: 17, 2: 54, 6: 17, 7: 17, 8: 17, 12: 54, 13: 54, 39: 17, 50: 54, 59: 54, 79: 65, 81: 44, 91: 54, 97: 54, 98: 54, 4: 17, 5: 17, 21: 54, 28: 44, 40: 44, 71: 44, 78: 54, 94: 44, 15: 44, 16: 44, 26: 44, 48: 54, 61: 44, 62: 54, 74: 54, 82: 54, 86: 54, 92: 17, 96: 54, 24: 54, 27: 17, 31: 54, 33: 54, 38: 54, 43: 65, 45: 65, 46: 46, 52: 65, 53: 53, 56: 65, 64: 65, 66: 65, 72: 65, 73: 65, 75: 65, 77: 65, 83: 65, 84: 65, 36: 17, 42: 17, 44: 17, 47: 17, 57: 17, 58: 17, 67: 65}
$x_{4,17}$
	 $y_{4,17,9}$ = 19.02428006635452 dB
	 $y_{4,17,18}$ = 25.083676299194465 dB
	 $y_{4,17,1}$ = 6.266393936345111 dB
	 $y_{4,17,6}$ = 26.01335328383533 dB
	 $y_{4,17,7}$ = 26.683209549757848 dB
	 $y_{4,17,8}$ = 14.723885813261674 dB
	 $y_{4,17,39}$ = 20.05829202998558 dB
	 $y_{4,17,4}$ = 5.921126993560819 dB
	 $y_{4,17,5}$ = 25.64414580138572 dB
	 $y_{4,17,92}$ = 5.360911656679633 dB
	 $y_{4,17,27}$ = 32.16590562531573 dB
	 $y_{4,17,36}$ = 16.412595918191315 dB
	 $y_{4,17,42}$ = 7.7704778206759215 dB
	 $y_{4,17,44}$ = 9.623293686699554 dB
	 $y_{4,17,47}$ = 7.140171373505439 dB
	 $y_{4,17,57}$ = 9.345335268954472 dB
	 $y_{4,17,58}$ = 6.167772804700775 dB
		SNR medio:  6.931705998115894
		Usuarios totais: 38
$x_{4,44}$
	 $y_{4,44,0}$ = 6.3299920998586 dB
	 $y_{4,44,80}$ = 5.359992780954585 dB
	 $y_{4,44,81}$ = 8.598007304624844 dB
	 $y_{4,44,28}$ = 15.060606016680438 dB
	 $y_{4,44,40}$ = 7.670019268471378 dB
	 $y_{4,44,71}$ = 9.336363106273723 dB
	 $y_{4,44,94}$ = 5.584222805816097 dB
	 $y_{4,44,15}$ = 9.810509535363451 dB
	 $y_{4,44,16}$ = 8.24947497877136 dB
	 $y_{4,44,26}$ = 10.670455536530397 dB
	 $y_{4,44,61}$ = 9.058793786747486 dB
		SNR medio:  2.393210930502309
		Usuarios totais: 40
$x_{4,46}$
	 $y_{4,46,46}$ = 87.50028754691434 dB
		SNR medio:  87.50028754691434
		Usuarios totais: 1
$x_{4,53}$
	 $y_{4,53,70}$ = 9.090213903280528 dB
	 $y_{4,53,53}$ = 85.68191174251326 dB
		SNR medio:  23.693031411448448
		Usuarios totais: 4
$x_{4,54}$
	 $y_{4,54,20}$ = 6.2084905656664375 dB
	 $y_{4,54,90}$ = 5.701123343875139 dB
	 $y_{4,54,2}$ = 7.317034580680911 dB
	 $y_{4,54,12}$ = 10.004785675844431 dB
	 $y_{4,54,13}$ = 9.753959852722147 dB
	 $y_{4,54,50}$ = 9.6622412052498 dB
	 $y_{4,54,59}$ = 6.170990873946195 dB
	 $y_{4,54,91}$ = 6.70395022129145 dB
	 $y_{4,54,97}$ = 10.97778639964315 dB
	 $y_{4,54,98}$ = 7.182443660104099 dB
	 $y_{4,54,21}$ = 9.314090431829698 dB
	 $y_{4,54,78}$ = 6.616189745091106 dB
	 $y_{4,54,48}$ = 9.519613486560445 dB
	 $y_{4,54,62}$ = 10.970741983397545 dB
	 $y_{4,54,74}$ = 23.544646384412587 dB
	 $y_{4,54,82}$ = 12.202818499118791 dB
	 $y_{4,54,86}$ = 14.132007129484435 dB
	 $y_{4,54,96}$ = 6.4290053436968435 dB
	 $y_{4,54,24}$ = 13.833285927361231 dB
	 $y_{4,54,31}$ = 16.068278830674913 dB
	 $y_{4,54,33}$ = 12.451443460357524 dB
	 $y_{4,54,38}$ = 6.634778166631804 dB
		SNR medio:  5.534992644191018
		Usuarios totais: 40
$x_{4,65}$
	 $y_{4,65,89}$ = 5.924714265552268 dB
	 $y_{4,65,99}$ = 8.661984328177084 dB
	 $y_{4,65,79}$ = 13.050259636997893 dB
	 $y_{4,65,43}$ = 12.521861011559594 dB
	 $y_{4,65,45}$ = 25.18347625376876 dB
	 $y_{4,65,52}$ = 7.187494776117319 dB
	 $y_{4,65,56}$ = 27.409718627970307 dB
	 $y_{4,65,64}$ = 31.699701588666684 dB
	 $y_{4,65,66}$ = 31.314883151715108 dB
	 $y_{4,65,72}$ = 12.459346377825028 dB
	 $y_{4,65,73}$ = 19.069008810475253 dB
	 $y_{4,65,75}$ = 32.57939962017727 dB
	 $y_{4,65,77}$ = 9.895383255840073 dB
	 $y_{4,65,83}$ = 12.98920745398594 dB
	 $y_{4,65,84}$ = 9.30385032650588 dB
	 $y_{4,65,67}$ = 17.61986473169422 dB
		SNR medio:  9.229005140567624
		Usuarios totais: 30
Distances:
17 : 44 = 1697.0562748477141
17 : 46 = 1264.9110640673518
17 : 53 = 2262.741699796952
17 : 54 = 2000.0
17 : 65 = 2154.0659228538016
44 : 46 = 800.0
44 : 53 = 565.685424949238
44 : 54 = 400.0
44 : 65 = 894.4271909999159
46 : 53 = 1264.9110640673518
46 : 54 = 894.4271909999159
46 : 65 = 894.4271909999159
53 : 54 = 400.0
53 : 65 = 894.4271909999159
54 : 65 = 565.685424949238
t=5
Antennas: [17 44 46 53 54 65]
Users: [ 1  2  3  4  5  6  7  8  9 10 11 12 13 14 15 17 18 20 21 22 23 24 26 27
 28 29 30 31 32 33 34 35 37 38 39 40 41 42 43 44 45 46 48 49 51 52 53 54
 55 58 60 61 62 63 64 65 66 67 68 69 70 72 73 74 76 77 78 79 80 83 84 87
 88 89 90 91 92 93 94 95 96 97 98 99]
connections:  {3: 46, 9: 17, 10: 53, 18: 17, 20: 54, 70: 53, 80: 44, 89: 65, 90: 54, 93: 65, 99: 65, 1: 17, 2: 54, 6: 17, 7: 17, 8: 17, 12: 54, 13: 54, 17: 17, 29: 17, 39: 17, 79: 65, 88: 65, 91: 54, 97: 54, 98: 54, 4: 17, 5: 17, 11: 54, 21: 54, 28: 44, 30: 44, 40: 44, 49: 17, 60: 44, 68: 54, 69: 44, 78: 54, 87: 44, 94: 44, 95: 65, 15: 17, 22: 54, 26: 17, 32: 54, 61: 54, 62: 54, 74: 54, 92: 17, 96: 54, 23: 54, 24: 54, 27: 17, 31: 54, 33: 17, 37: 17, 38: 65, 41: 65, 48: 65, 14: 65, 34: 65, 35: 65, 42: 65, 43: 65, 44: 65, 45: 65, 46: 46, 51: 65, 52: 65, 53: 53, 54: 65, 55: 53, 58: 65, 63: 65, 64: 53, 65: 53, 66: 53, 67: 53, 72: 53, 73: 53, 76: 53, 77: 53, 83: 53, 84: 53}
$x_{5,17}$
	 $y_{5,17,9}$ = 19.02428006635452 dB
	 $y_{5,17,18}$ = 25.083676299194465 dB
	 $y_{5,17,1}$ = 6.266393936345111 dB
	 $y_{5,17,6}$ = 26.01335328383533 dB
	 $y_{5,17,7}$ = 26.683209549757848 dB
	 $y_{5,17,8}$ = 14.723885813261674 dB
	 $y_{5,17,17}$ = 87.07028671302365 dB
	 $y_{5,17,29}$ = 13.865773238669817 dB
	 $y_{5,17,39}$ = 20.05829202998558 dB
	 $y_{5,17,4}$ = 5.921126993560819 dB
	 $y_{5,17,5}$ = 25.64414580138572 dB
	 $y_{5,17,49}$ = 8.541472229091085 dB
	 $y_{5,17,15}$ = 20.741163535417982 dB
	 $y_{5,17,26}$ = 22.846247697167897 dB
	 $y_{5,17,92}$ = 5.360911656679633 dB
	 $y_{5,17,27}$ = 32.16590562531573 dB
	 $y_{5,17,33}$ = 5.624038323208879 dB
	 $y_{5,17,37}$ = 23.30422967425521 dB
		SNR medio:  9.723459811662774
		Usuarios totais: 40
$x_{5,44}$
	 $y_{5,44,80}$ = 5.359992780954585 dB
	 $y_{5,44,28}$ = 15.060606016680438 dB
	 $y_{5,44,30}$ = 12.550101275427025 dB
	 $y_{5,44,40}$ = 7.670019268471378 dB
	 $y_{5,44,60}$ = 6.366891146113858 dB
	 $y_{5,44,69}$ = 7.894108837846801 dB
	 $y_{5,44,87}$ = 7.795826977496745 dB
	 $y_{5,44,94}$ = 5.584222805816097 dB
		SNR medio:  1.7070442277201732
		Usuarios totais: 40
$x_{5,46}$
	 $y_{5,46,3}$ = 5.809368912259231 dB
	 $y_{5,46,46}$ = 87.50028754691434 dB
		SNR medio:  46.65482822958678
		Usuarios totais: 2
$x_{5,53}$
	 $y_{5,53,10}$ = 8.353632275464818 dB
	 $y_{5,53,70}$ = 9.090213903280528 dB
	 $y_{5,53,53}$ = 85.68191174251326 dB
	 $y_{5,53,55}$ = 15.437819554832743 dB
	 $y_{5,53,64}$ = 21.010623822529965 dB
	 $y_{5,53,65}$ = 17.693426490705804 dB
	 $y_{5,53,66}$ = 14.38744310583121 dB
	 $y_{5,53,67}$ = 12.366253048786888 dB
	 $y_{5,53,72}$ = 11.089031165962012 dB
	 $y_{5,53,73}$ = 18.579750605556328 dB
	 $y_{5,53,76}$ = 8.568972312600451 dB
	 $y_{5,53,77}$ = 5.066459909193128 dB
	 $y_{5,53,83}$ = 15.951608637629661 dB
	 $y_{5,53,84}$ = 7.174056665622885 dB
		SNR medio:  8.944685830018205
		Usuarios totais: 28
$x_{5,54}$
	 $y_{5,54,20}$ = 6.2084905656664375 dB
	 $y_{5,54,90}$ = 5.701123343875139 dB
	 $y_{5,54,2}$ = 7.317034580680911 dB
	 $y_{5,54,12}$ = 10.004785675844431 dB
	 $y_{5,54,13}$ = 9.753959852722147 dB
	 $y_{5,54,91}$ = 6.70395022129145 dB
	 $y_{5,54,97}$ = 10.97778639964315 dB
	 $y_{5,54,98}$ = 7.182443660104099 dB
	 $y_{5,54,11}$ = 5.965410392068108 dB
	 $y_{5,54,21}$ = 9.314090431829698 dB
	 $y_{5,54,68}$ = 8.800661195981576 dB
	 $y_{5,54,78}$ = 6.616189745091106 dB
	 $y_{5,54,22}$ = 11.519248421074806 dB
	 $y_{5,54,32}$ = 11.739290233226939 dB
	 $y_{5,54,61}$ = 5.6922519745519935 dB
	 $y_{5,54,62}$ = 10.970741983397545 dB
	 $y_{5,54,74}$ = 23.544646384412587 dB
	 $y_{5,54,96}$ = 6.4290053436968435 dB
	 $y_{5,54,23}$ = 7.196054373357441 dB
	 $y_{5,54,24}$ = 13.833285927361231 dB
	 $y_{5,54,31}$ = 16.068278830674913 dB
		SNR medio:  5.038468238413815
		Usuarios totais: 40
$x_{5,65}$
	 $y_{5,65,89}$ = 5.924714265552268 dB
	 $y_{5,65,93}$ = 12.469956515882956 dB
	 $y_{5,65,99}$ = 8.661984328177084 dB
	 $y_{5,65,79}$ = 13.050259636997893 dB
	 $y_{5,65,88}$ = 9.322503907319884 dB
	 $y_{5,65,95}$ = 13.341566352015207 dB
	 $y_{5,65,38}$ = 6.136053775308056 dB
	 $y_{5,65,41}$ = 10.080237331538655 dB
	 $y_{5,65,48}$ = 8.72636693280279 dB
	 $y_{5,65,14}$ = 7.253679290272117 dB
	 $y_{5,65,34}$ = 6.5996712801778585 dB
	 $y_{5,65,35}$ = 14.108064739008483 dB
	 $y_{5,65,42}$ = 9.061609602841315 dB
	 $y_{5,65,43}$ = 12.521861011559594 dB
	 $y_{5,65,44}$ = 7.924989364892198 dB
	 $y_{5,65,45}$ = 25.18347625376876 dB
	 $y_{5,65,51}$ = 10.695699655409257 dB
	 $y_{5,65,52}$ = 7.187494776117319 dB
	 $y_{5,65,54}$ = 12.073746732244672 dB
	 $y_{5,65,58}$ = 14.246256417002542 dB
	 $y_{5,65,63}$ = 20.933461406692686 dB
		SNR medio:  5.88759133938954
		Usuarios totais: 40
Distances:
17 : 44 = 1697.0562748477141
17 : 46 = 1264.9110640673518
17 : 53 = 2262.741699796952
17 : 54 = 2000.0
17 : 65 = 2154.0659228538016
44 : 46 = 800.0
44 : 53 = 565.685424949238
44 : 54 = 400.0
44 : 65 = 894.4271909999159
46 : 53 = 1264.9110640673518
46 : 54 = 894.4271909999159
46 : 65 = 894.4271909999159
53 : 54 = 400.0
53 : 65 = 894.4271909999159
54 : 65 = 565.685424949238
t=6
Antennas: [17 44 46 53 54 65]
Users: [ 0  3  4  7  8  9 10 11 13 14 15 16 17 18 21 22 23 24 25 26 27 28 29 30
 31 32 33 34 36 37 38 39 40 41 42 43 44 45 46 47 49 50 51 52 53 54 55 56
 57 58 59 60 61 62 63 64 66 67 68 69 70 71 72 73 74 75 77 79 81 83 84 85
 86 87 88 89 91 93 94 96 97 98]
connections:  {0: 44, 3: 46, 9: 17, 10: 53, 18: 17, 70: 53, 89: 65, 93: 65, 7: 17, 8: 17, 13: 53, 17: 17, 29: 17, 39: 17, 50: 53, 59: 46, 79: 46, 81: 53, 85: 65, 88: 53, 91: 53, 97: 65, 98: 65, 4: 17, 11: 46, 21: 53, 28: 17, 30: 53, 40: 53, 49: 17, 60: 53, 68: 46, 69: 46, 71: 53, 87: 17, 94: 53, 15: 17, 16: 17, 22: 46, 26: 17, 32: 46, 61: 53, 62: 53, 74: 46, 84: 46, 86: 53, 96: 53, 23: 17, 24: 17, 25: 46, 27: 46, 31: 46, 33: 53, 37: 46, 38: 65, 41: 17, 58: 53, 14: 46, 34: 46, 36: 53, 42: 53, 43: 53, 44: 44, 45: 53, 46: 65, 47: 65, 51: 65, 52: 53, 53: 65, 54: 54, 55: 65, 56: 65, 57: 65, 63: 65, 64: 65, 66: 65, 67: 65, 72: 65, 73: 65, 75: 65, 77: 44, 83: 44}
$x_{6,17}$
	 $y_{6,17,9}$ = 19.02428006635452 dB
	 $y_{6,17,18}$ = 25.083676299194465 dB
	 $y_{6,17,7}$ = 26.683209549757848 dB
	 $y_{6,17,8}$ = 14.723885813261674 dB
	 $y_{6,17,17}$ = 87.07028671302365 dB
	 $y_{6,17,29}$ = 13.865773238669817 dB
	 $y_{6,17,39}$ = 20.05829202998558 dB
	 $y_{6,17,4}$ = 5.921126993560819 dB
	 $y_{6,17,28}$ = 26.693222215071202 dB
	 $y_{6,17,49}$ = 8.541472229091085 dB
	 $y_{6,17,87}$ = 7.105480480511261 dB
	 $y_{6,17,15}$ = 20.741163535417982 dB
	 $y_{6,17,16}$ = 29.273531769388782 dB
	 $y_{6,17,26}$ = 22.846247697167897 dB
	 $y_{6,17,23}$ = 9.943561487247038 dB
	 $y_{6,17,24}$ = 7.459778221026454 dB
	 $y_{6,17,41}$ = 5.78788812371576 dB
		SNR medio:  8.770571911561145
		Usuarios totais: 40
$x_{6,44}$
	 $y_{6,44,0}$ = 6.3299920998586 dB
	 $y_{6,44,44}$ = 83.6099357646981 dB
	 $y_{6,44,77}$ = 11.843504049778076 dB
	 $y_{6,44,83}$ = 6.364955844293689 dB
		SNR medio:  15.449769679804065
		Usuarios totais: 7
$x_{6,46}$
	 $y_{6,46,3}$ = 5.809368912259231 dB
	 $y_{6,46,59}$ = 6.366273825023654 dB
	 $y_{6,46,79}$ = 6.957112215086283 dB
	 $y_{6,46,11}$ = 5.801614372559783 dB
	 $y_{6,46,68}$ = 15.938026601412844 dB
	 $y_{6,46,69}$ = 15.684261283621524 dB
	 $y_{6,46,22}$ = 6.984167353852683 dB
	 $y_{6,46,32}$ = 5.105479904898232 dB
	 $y_{6,46,74}$ = 5.257553243774822 dB
	 $y_{6,46,84}$ = 6.307331049959586 dB
	 $y_{6,46,25}$ = 29.34518924417938 dB
	 $y_{6,46,27}$ = 23.130613037653177 dB
	 $y_{6,46,31}$ = 5.107927743828014 dB
	 $y_{6,46,37}$ = 31.014025222823363 dB
	 $y_{6,46,14}$ = 11.841295955399374 dB
	 $y_{6,46,34}$ = 18.66513807057251 dB
		SNR medio:  4.982884450922612
		Usuarios totais: 40
$x_{6,53}$
	 $y_{6,53,10}$ = 8.353632275464818 dB
	 $y_{6,53,70}$ = 9.090213903280528 dB
	 $y_{6,53,13}$ = 5.643321574724808 dB
	 $y_{6,53,50}$ = 10.363590038857836 dB
	 $y_{6,53,81}$ = 10.920167741812577 dB
	 $y_{6,53,88}$ = 7.816286296113617 dB
	 $y_{6,53,91}$ = 9.47346620881791 dB
	 $y_{6,53,21}$ = 15.823650403570625 dB
	 $y_{6,53,30}$ = 10.39658198139503 dB
	 $y_{6,53,40}$ = 16.126765458612937 dB
	 $y_{6,53,60}$ = 13.29965524022731 dB
	 $y_{6,53,71}$ = 14.96173504227555 dB
	 $y_{6,53,94}$ = 14.550456276151536 dB
	 $y_{6,53,61}$ = 16.48287801403727 dB
	 $y_{6,53,62}$ = 17.267834163601478 dB
	 $y_{6,53,86}$ = 9.104710700899005 dB
	 $y_{6,53,96}$ = 7.915127434895879 dB
	 $y_{6,53,33}$ = 28.48163322611927 dB
	 $y_{6,53,58}$ = 10.609184516709547 dB
	 $y_{6,53,36}$ = 8.246816072217385 dB
	 $y_{6,53,42}$ = 19.847782407432263 dB
	 $y_{6,53,43}$ = 30.149111022908002 dB
	 $y_{6,53,45}$ = 21.163596443481467 dB
	 $y_{6,53,52}$ = 30.201617432101898 dB
		SNR medio:  8.657245346892715
		Usuarios totais: 40
$x_{6,54}$
	 $y_{6,54,54}$ = 91.58293595892002 dB
		SNR medio:  91.58293595892002
		Usuarios totais: 1
$x_{6,65}$
	 $y_{6,65,89}$ = 5.924714265552268 dB
	 $y_{6,65,93}$ = 12.469956515882956 dB
	 $y_{6,65,85}$ = 17.957664159517094 dB
	 $y_{6,65,97}$ = 6.937544839944223 dB
	 $y_{6,65,98}$ = 10.400264578114786 dB
	 $y_{6,65,38}$ = 6.136053775308056 dB
	 $y_{6,65,46}$ = 10.488058267731859 dB
	 $y_{6,65,47}$ = 5.952765948338168 dB
	 $y_{6,65,51}$ = 10.695699655409257 dB
	 $y_{6,65,53}$ = 19.58289390875794 dB
	 $y_{6,65,55}$ = 30.49627216962054 dB
	 $y_{6,65,56}$ = 27.409718627970307 dB
	 $y_{6,65,57}$ = 12.23198393303602 dB
	 $y_{6,65,63}$ = 20.933461406692686 dB
	 $y_{6,65,64}$ = 31.699701588666684 dB
	 $y_{6,65,66}$ = 31.314883151715108 dB
	 $y_{6,65,67}$ = 17.61986473169422 dB
	 $y_{6,65,72}$ = 12.459346377825028 dB
	 $y_{6,65,73}$ = 19.069008810475253 dB
	 $y_{6,65,75}$ = 32.57939962017727 dB
		SNR medio:  8.7784424700623
		Usuarios totais: 39
Distances:
17 : 44 = 1697.0562748477141
17 : 46 = 1264.9110640673518
17 : 53 = 2262.741699796952
17 : 54 = 2000.0
17 : 65 = 2154.0659228538016
44 : 46 = 800.0
44 : 53 = 565.685424949238
44 : 54 = 400.0
44 : 65 = 894.4271909999159
46 : 53 = 1264.9110640673518
46 : 54 = 894.4271909999159
46 : 65 = 894.4271909999159
53 : 54 = 400.0
53 : 65 = 894.4271909999159
54 : 65 = 565.685424949238
t=7
Antennas: [17 44 46 53 54 65]
Users: [ 1  2  3  4  5  6  7  8  9 10 11 12 13 14 15 16 18 19 20 21 23 24 26 27
 29 31 32 33 34 36 37 38 39 40 41 42 43 45 46 48 49 50 51 52 53 55 56 57
 59 60 61 62 63 65 68 70 71 74 75 77 80 81 82 83 85 87 88 89 90 91 92 95
 97 98 99]
connections:  {3: 46, 9: 17, 10: 53, 18: 17, 20: 54, 70: 53, 80: 44, 89: 65, 90: 54, 99: 65, 1: 17, 2: 54, 6: 17, 7: 17, 8: 17, 12: 54, 13: 54, 19: 17, 29: 17, 39: 17, 50: 54, 59: 54, 81: 53, 85: 54, 88: 65, 91: 54, 97: 54, 98: 54, 4: 17, 5: 17, 11: 54, 21: 54, 40: 54, 49: 17, 60: 54, 68: 54, 71: 54, 87: 54, 95: 65, 15: 17, 16: 54, 26: 17, 32: 54, 48: 54, 61: 54, 62: 54, 74: 65, 82: 65, 23: 17, 24: 17, 31: 65, 33: 17, 37: 17, 38: 17, 41: 17, 43: 65, 45: 65, 46: 46, 51: 65, 52: 65, 53: 53, 56: 65, 65: 65, 75: 65, 77: 65, 83: 65, 92: 17, 14: 17, 27: 65, 34: 65, 36: 65, 42: 46, 55: 46, 57: 46, 63: 46}
$x_{7,17}$
	 $y_{7,17,9}$ = 19.02428006635452 dB
	 $y_{7,17,18}$ = 25.083676299194465 dB
	 $y_{7,17,1}$ = 6.266393936345111 dB
	 $y_{7,17,6}$ = 26.01335328383533 dB
	 $y_{7,17,7}$ = 26.683209549757848 dB
	 $y_{7,17,8}$ = 14.723885813261674 dB
	 $y_{7,17,19}$ = 22.079882614789597 dB
	 $y_{7,17,29}$ = 13.865773238669817 dB
	 $y_{7,17,39}$ = 20.05829202998558 dB
	 $y_{7,17,4}$ = 5.921126993560819 dB
	 $y_{7,17,5}$ = 25.64414580138572 dB
	 $y_{7,17,49}$ = 8.541472229091085 dB
	 $y_{7,17,15}$ = 20.741163535417982 dB
	 $y_{7,17,26}$ = 22.846247697167897 dB
	 $y_{7,17,23}$ = 9.943561487247038 dB
	 $y_{7,17,24}$ = 7.459778221026454 dB
	 $y_{7,17,33}$ = 5.624038323208879 dB
	 $y_{7,17,37}$ = 23.30422967425521 dB
	 $y_{7,17,38}$ = 20.741150041468416 dB
	 $y_{7,17,41}$ = 5.78788812371576 dB
	 $y_{7,17,92}$ = 5.360911656679633 dB
	 $y_{7,17,14}$ = 11.348298985514646 dB
		SNR medio:  8.676568990048336
		Usuarios totais: 40
$x_{7,44}$
	 $y_{7,44,80}$ = 5.359992780954585 dB
		SNR medio:  5.359992780954585
		Usuarios totais: 1
$x_{7,46}$
	 $y_{7,46,3}$ = 5.809368912259231 dB
	 $y_{7,46,46}$ = 87.50028754691434 dB
	 $y_{7,46,42}$ = 8.983326837586503 dB
	 $y_{7,46,55}$ = 21.47881375208742 dB
	 $y_{7,46,57}$ = 21.53835005051596 dB
	 $y_{7,46,63}$ = 11.14048001683723 dB
		SNR medio:  9.778164194762542
		Usuarios totais: 16
$x_{7,53}$
	 $y_{7,53,10}$ = 8.353632275464818 dB
	 $y_{7,53,70}$ = 9.090213903280528 dB
	 $y_{7,53,81}$ = 10.920167741812577 dB
	 $y_{7,53,53}$ = 85.68191174251326 dB
		SNR medio:  19.00765427717853
		Usuarios totais: 6
$x_{7,54}$
	 $y_{7,54,20}$ = 6.2084905656664375 dB
	 $y_{7,54,90}$ = 5.701123343875139 dB
	 $y_{7,54,2}$ = 7.317034580680911 dB
	 $y_{7,54,12}$ = 10.004785675844431 dB
	 $y_{7,54,13}$ = 9.753959852722147 dB
	 $y_{7,54,50}$ = 9.6622412052498 dB
	 $y_{7,54,59}$ = 6.170990873946195 dB
	 $y_{7,54,85}$ = 9.945584551249368 dB
	 $y_{7,54,91}$ = 6.70395022129145 dB
	 $y_{7,54,97}$ = 10.97778639964315 dB
	 $y_{7,54,98}$ = 7.182443660104099 dB
	 $y_{7,54,11}$ = 5.965410392068108 dB
	 $y_{7,54,21}$ = 9.314090431829698 dB
	 $y_{7,54,40}$ = 10.24331853934811 dB
	 $y_{7,54,60}$ = 9.136579427073826 dB
	 $y_{7,54,68}$ = 8.800661195981576 dB
	 $y_{7,54,71}$ = 6.025588269444086 dB
	 $y_{7,54,87}$ = 13.800374488094661 dB
	 $y_{7,54,16}$ = 12.015405548808602 dB
	 $y_{7,54,32}$ = 11.739290233226939 dB
	 $y_{7,54,48}$ = 9.519613486560445 dB
	 $y_{7,54,61}$ = 5.6922519745519935 dB
	 $y_{7,54,62}$ = 10.970741983397545 dB
		SNR medio:  5.071292922516468
		Usuarios totais: 40
$x_{7,65}$
	 $y_{7,65,89}$ = 5.924714265552268 dB
	 $y_{7,65,99}$ = 8.661984328177084 dB
	 $y_{7,65,88}$ = 9.322503907319884 dB
	 $y_{7,65,95}$ = 13.341566352015207 dB
	 $y_{7,65,74}$ = 23.206311966507045 dB
	 $y_{7,65,82}$ = 8.578231607674098 dB
	 $y_{7,65,31}$ = 5.871520224254539 dB
	 $y_{7,65,43}$ = 12.521861011559594 dB
	 $y_{7,65,45}$ = 25.18347625376876 dB
	 $y_{7,65,51}$ = 10.695699655409257 dB
	 $y_{7,65,52}$ = 7.187494776117319 dB
	 $y_{7,65,56}$ = 27.409718627970307 dB
	 $y_{7,65,65}$ = 89.82448322576693 dB
	 $y_{7,65,75}$ = 32.57939962017727 dB
	 $y_{7,65,77}$ = 9.895383255840073 dB
	 $y_{7,65,83}$ = 12.98920745398594 dB
	 $y_{7,65,27}$ = 12.962437742679029 dB
	 $y_{7,65,34}$ = 6.5996712801778585 dB
	 $y_{7,65,36}$ = 15.296523856817572 dB
		SNR medio:  8.668004856712054
		Usuarios totais: 39
Distances:
17 : 44 = 1697.0562748477141
17 : 46 = 1264.9110640673518
17 : 53 = 2262.741699796952
17 : 54 = 2000.0
17 : 65 = 2154.0659228538016
44 : 46 = 800.0
44 : 53 = 565.685424949238
44 : 54 = 400.0
44 : 65 = 894.4271909999159
46 : 53 = 1264.9110640673518
46 : 54 = 894.4271909999159
46 : 65 = 894.4271909999159
53 : 54 = 400.0
53 : 65 = 894.4271909999159
54 : 65 = 565.685424949238
t=8
Antennas: [17 44 46 53 54 65]
Users: [ 0  1  2  3  4  5  6  7  8 10 11 13 14 15 17 18 20 23 24 26 27 28 29 30
 31 33 35 36 37 39 40 41 44 45 46 47 48 50 53 54 55 56 57 58 59 60 61 62
 63 69 70 72 73 74 75 79 80 81 84 86 89 91 92 93 94 95 98 99]
connections:  {0: 44, 3: 46, 10: 53, 18: 17, 20: 54, 70: 53, 80: 44, 89: 65, 93: 65, 99: 65, 1: 44, 2: 53, 6: 44, 7: 44, 8: 17, 13: 53, 17: 17, 29: 17, 39: 17, 50: 53, 59: 46, 79: 65, 81: 44, 91: 53, 98: 65, 4: 53, 5: 44, 11: 65, 28: 44, 30: 44, 40: 44, 60: 44, 69: 44, 94: 44, 95: 44, 15: 44, 26: 44, 48: 65, 61: 44, 62: 44, 74: 44, 84: 65, 86: 44, 92: 44, 23: 44, 24: 44, 27: 44, 31: 44, 33: 44, 37: 53, 41: 44, 45: 65, 46: 46, 53: 53, 54: 54, 56: 65, 58: 65, 72: 65, 73: 65, 75: 65, 14: 65, 35: 65, 36: 65, 44: 65, 47: 65, 55: 65, 57: 53, 63: 53}
$x_{8,17}$
	 $y_{8,17,18}$ = 25.083676299194465 dB
	 $y_{8,17,8}$ = 14.723885813261674 dB
	 $y_{8,17,17}$ = 87.07028671302365 dB
	 $y_{8,17,29}$ = 13.865773238669817 dB
	 $y_{8,17,39}$ = 20.05829202998558 dB
		SNR medio:  26.800319015689197
		Usuarios totais: 6
$x_{8,44}$
	 $y_{8,44,0}$ = 6.3299920998586 dB
	 $y_{8,44,80}$ = 5.359992780954585 dB
	 $y_{8,44,1}$ = 8.30819787695043 dB
	 $y_{8,44,6}$ = 5.498051586994933 dB
	 $y_{8,44,7}$ = 5.564659384370714 dB
	 $y_{8,44,81}$ = 8.598007304624844 dB
	 $y_{8,44,5}$ = 10.782849662542958 dB
	 $y_{8,44,28}$ = 15.060606016680438 dB
	 $y_{8,44,30}$ = 12.550101275427025 dB
	 $y_{8,44,40}$ = 7.670019268471378 dB
	 $y_{8,44,60}$ = 6.366891146113858 dB
	 $y_{8,44,69}$ = 7.894108837846801 dB
	 $y_{8,44,94}$ = 5.584222805816097 dB
	 $y_{8,44,95}$ = 9.65024793462014 dB
	 $y_{8,44,15}$ = 9.810509535363451 dB
	 $y_{8,44,26}$ = 10.670455536530397 dB
	 $y_{8,44,61}$ = 9.058793786747486 dB
	 $y_{8,44,62}$ = 13.204001686344839 dB
	 $y_{8,44,74}$ = 14.697269226635058 dB
	 $y_{8,44,86}$ = 6.728038631728708 dB
	 $y_{8,44,92}$ = 5.8705501059843215 dB
	 $y_{8,44,23}$ = 18.213908006461622 dB
	 $y_{8,44,24}$ = 15.98808360770225 dB
	 $y_{8,44,27}$ = 13.112481047232507 dB
	 $y_{8,44,31}$ = 7.981697454092966 dB
	 $y_{8,44,33}$ = 25.68667019410816 dB
	 $y_{8,44,41}$ = 7.070547293321397 dB
		SNR medio:  6.83277385233815
		Usuarios totais: 40
$x_{8,46}$
	 $y_{8,46,3}$ = 5.809368912259231 dB
	 $y_{8,46,59}$ = 6.366273825023654 dB
	 $y_{8,46,46}$ = 87.50028754691434 dB
		SNR medio:  24.918982571049305
		Usuarios totais: 4
$x_{8,53}$
	 $y_{8,53,10}$ = 8.353632275464818 dB
	 $y_{8,53,70}$ = 9.090213903280528 dB
	 $y_{8,53,2}$ = 7.938342561562592 dB
	 $y_{8,53,13}$ = 5.643321574724808 dB
	 $y_{8,53,50}$ = 10.363590038857836 dB
	 $y_{8,53,91}$ = 9.47346620881791 dB
	 $y_{8,53,4}$ = 7.197286602309447 dB
	 $y_{8,53,37}$ = 8.840244730781166 dB
	 $y_{8,53,53}$ = 85.68191174251326 dB
	 $y_{8,53,57}$ = 12.50932621800348 dB
	 $y_{8,53,63}$ = 33.74661979065274 dB
		SNR medio:  11.696350332174623
		Usuarios totais: 17
$x_{8,54}$
	 $y_{8,54,20}$ = 6.2084905656664375 dB
	 $y_{8,54,54}$ = 91.58293595892002 dB
		SNR medio:  32.59714217486215
		Usuarios totais: 3
$x_{8,65}$
	 $y_{8,65,89}$ = 5.924714265552268 dB
	 $y_{8,65,93}$ = 12.469956515882956 dB
	 $y_{8,65,99}$ = 8.661984328177084 dB
	 $y_{8,65,79}$ = 13.050259636997893 dB
	 $y_{8,65,98}$ = 10.400264578114786 dB
	 $y_{8,65,11}$ = 9.526609408802187 dB
	 $y_{8,65,48}$ = 8.72636693280279 dB
	 $y_{8,65,84}$ = 9.30385032650588 dB
	 $y_{8,65,45}$ = 25.18347625376876 dB
	 $y_{8,65,56}$ = 27.409718627970307 dB
	 $y_{8,65,58}$ = 14.246256417002542 dB
	 $y_{8,65,72}$ = 12.459346377825028 dB
	 $y_{8,65,73}$ = 19.069008810475253 dB
	 $y_{8,65,75}$ = 32.57939962017727 dB
	 $y_{8,65,14}$ = 7.253679290272117 dB
	 $y_{8,65,35}$ = 14.108064739008483 dB
	 $y_{8,65,36}$ = 15.296523856817572 dB
	 $y_{8,65,44}$ = 7.924989364892198 dB
	 $y_{8,65,47}$ = 5.952765948338168 dB
	 $y_{8,65,55}$ = 30.49627216962054 dB
		SNR medio:  7.251087686725103
		Usuarios totais: 40
Distances:
17 : 44 = 1697.0562748477141
17 : 46 = 1264.9110640673518
17 : 53 = 2262.741699796952
17 : 54 = 2000.0
17 : 65 = 2154.0659228538016
44 : 46 = 800.0
44 : 53 = 565.685424949238
44 : 54 = 400.0
44 : 65 = 894.4271909999159
46 : 53 = 1264.9110640673518
46 : 54 = 894.4271909999159
46 : 65 = 894.4271909999159
53 : 54 = 400.0
53 : 65 = 894.4271909999159
54 : 65 = 565.685424949238
t=9
Antennas: [17 44 46 53 54 65]
Users: [ 0  1  2  3  4  5  6  7  9 10 13 14 15 16 20 24 25 26 30 34 35 37 42 43
 45 46 48 49 51 52 53 54 56 57 58 59 61 64 65 68 69 70 72 73 74 76 81 86
 92 93 94 95 96 97 98 99]
connections:  {0: 44, 3: 46, 9: 17, 10: 53, 20: 54, 70: 53, 93: 65, 99: 65, 1: 44, 2: 53, 6: 44, 7: 44, 13: 53, 59: 46, 81: 44, 97: 65, 98: 65, 4: 46, 5: 44, 30: 44, 49: 46, 68: 46, 69: 44, 94: 44, 95: 44, 15: 44, 16: 44, 26: 44, 48: 46, 61: 44, 74: 44, 86: 44, 92: 44, 96: 44, 24: 44, 25: 44, 37: 44, 43: 44, 45: 44, 46: 46, 51: 44, 52: 44, 53: 53, 54: 54, 56: 44, 58: 44, 64: 46, 65: 65, 72: 46, 73: 46, 76: 46, 14: 46, 34: 46, 35: 46, 42: 46, 57: 46}
$x_{9,17}$
	 $y_{9,17,9}$ = 19.02428006635452 dB
		SNR medio:  19.02428006635452
		Usuarios totais: 1
$x_{9,44}$
	 $y_{9,44,0}$ = 6.3299920998586 dB
	 $y_{9,44,1}$ = 8.30819787695043 dB
	 $y_{9,44,6}$ = 5.498051586994933 dB
	 $y_{9,44,7}$ = 5.564659384370714 dB
	 $y_{9,44,81}$ = 8.598007304624844 dB
	 $y_{9,44,5}$ = 10.782849662542958 dB
	 $y_{9,44,30}$ = 12.550101275427025 dB
	 $y_{9,44,69}$ = 7.894108837846801 dB
	 $y_{9,44,94}$ = 5.584222805816097 dB
	 $y_{9,44,95}$ = 9.65024793462014 dB
	 $y_{9,44,15}$ = 9.810509535363451 dB
	 $y_{9,44,16}$ = 8.24947497877136 dB
	 $y_{9,44,26}$ = 10.670455536530397 dB
	 $y_{9,44,61}$ = 9.058793786747486 dB
	 $y_{9,44,74}$ = 14.697269226635058 dB
	 $y_{9,44,86}$ = 6.728038631728708 dB
	 $y_{9,44,92}$ = 5.8705501059843215 dB
	 $y_{9,44,96}$ = 5.651424543157603 dB
	 $y_{9,44,24}$ = 15.98808360770225 dB
	 $y_{9,44,25}$ = 19.754544229569916 dB
	 $y_{9,44,37}$ = 9.262811790378407 dB
	 $y_{9,44,43}$ = 23.39522620432477 dB
	 $y_{9,44,45}$ = 25.093697008096214 dB
	 $y_{9,44,51}$ = 21.33527190257479 dB
	 $y_{9,44,52}$ = 18.710576096754338 dB
	 $y_{9,44,56}$ = 18.029905620264714 dB
	 $y_{9,44,58}$ = 6.313298084372434 dB
		SNR medio:  7.734509241450219
		Usuarios totais: 40
$x_{9,46}$
	 $y_{9,46,3}$ = 5.809368912259231 dB
	 $y_{9,46,59}$ = 6.366273825023654 dB
	 $y_{9,46,4}$ = 5.3838430095338765 dB
	 $y_{9,46,49}$ = 5.898040786423564 dB
	 $y_{9,46,68}$ = 15.938026601412844 dB
	 $y_{9,46,48}$ = 17.632592064456716 dB
	 $y_{9,46,46}$ = 87.50028754691434 dB
	 $y_{9,46,64}$ = 12.7258352195268 dB
	 $y_{9,46,72}$ = 7.450814321948641 dB
	 $y_{9,46,73}$ = 5.0516286341350565 dB
	 $y_{9,46,76}$ = 14.846239144228761 dB
	 $y_{9,46,14}$ = 11.841295955399374 dB
	 $y_{9,46,34}$ = 18.66513807057251 dB
	 $y_{9,46,35}$ = 24.619694601040464 dB
	 $y_{9,46,42}$ = 8.983326837586503 dB
	 $y_{9,46,57}$ = 21.53835005051596 dB
		SNR medio:  11.750032851346884
		Usuarios totais: 23
$x_{9,53}$
	 $y_{9,53,10}$ = 8.353632275464818 dB
	 $y_{9,53,70}$ = 9.090213903280528 dB
	 $y_{9,53,2}$ = 7.938342561562592 dB
	 $y_{9,53,13}$ = 5.643321574724808 dB
	 $y_{9,53,53}$ = 85.68191174251326 dB
		SNR medio:  14.588427757193251
		Usuarios totais: 8
$x_{9,54}$
	 $y_{9,54,20}$ = 6.2084905656664375 dB
	 $y_{9,54,54}$ = 91.58293595892002 dB
		SNR medio:  19.55828530491729
		Usuarios totais: 5
$x_{9,65}$
	 $y_{9,65,93}$ = 12.469956515882956 dB
	 $y_{9,65,99}$ = 8.661984328177084 dB
	 $y_{9,65,97}$ = 6.937544839944223 dB
	 $y_{9,65,98}$ = 10.400264578114786 dB
	 $y_{9,65,65}$ = 89.82448322576693 dB
		SNR medio:  16.036779185985747
		Usuarios totais: 8
Distances:
17 : 44 = 1697.0562748477141
17 : 46 = 1264.9110640673518
17 : 53 = 2262.741699796952
17 : 54 = 2000.0
17 : 65 = 2154.0659228538016
44 : 46 = 800.0
44 : 53 = 565.685424949238
44 : 54 = 400.0
44 : 65 = 894.4271909999159
46 : 53 = 1264.9110640673518
46 : 54 = 894.4271909999159
46 : 65 = 894.4271909999159
53 : 54 = 400.0
53 : 65 = 894.4271909999159
54 : 65 = 565.685424949238
t=10
Antennas: [17 44 46 53 54 65]
Users: [ 1  4  7 10 12 13 20 21 23 27 29 30 32 33 35 38 39 43 46 48 49 52 53 54
 58 59 61 62 63 64 66 68 70 75 79 82 83 86 89 90 91 93 97 99]
connections:  {10: 53, 20: 54, 70: 53, 89: 65, 90: 54, 93: 65, 99: 65, 1: 17, 7: 17, 12: 53, 13: 53, 29: 17, 39: 17, 59: 54, 79: 65, 91: 53, 97: 65, 4: 17, 21: 53, 30: 53, 49: 17, 68: 65, 32: 53, 48: 65, 61: 65, 62: 65, 82: 65, 86: 65, 23: 65, 27: 65, 33: 65, 38: 65, 43: 65, 46: 46, 52: 65, 53: 53, 54: 54, 58: 65, 64: 65, 66: 65, 75: 65, 83: 65, 35: 65, 63: 65}
$x_{10,17}$
	 $y_{10,17,1}$ = 6.266393936345111 dB
	 $y_{10,17,7}$ = 26.683209549757848 dB
	 $y_{10,17,29}$ = 13.865773238669817 dB
	 $y_{10,17,39}$ = 20.05829202998558 dB
	 $y_{10,17,4}$ = 5.921126993560819 dB
	 $y_{10,17,49}$ = 8.541472229091085 dB
		SNR medio:  10.167033497176282
		Usuarios totais: 8
$x_{10,44}$
		Usuarios totais: 0
$x_{10,46}$
	 $y_{10,46,46}$ = 87.50028754691434 dB
		SNR medio:  87.50028754691434
		Usuarios totais: 1
$x_{10,53}$
	 $y_{10,53,10}$ = 8.353632275464818 dB
	 $y_{10,53,70}$ = 9.090213903280528 dB
	 $y_{10,53,12}$ = 9.31219397325765 dB
	 $y_{10,53,13}$ = 5.643321574724808 dB
	 $y_{10,53,91}$ = 9.47346620881791 dB
	 $y_{10,53,21}$ = 15.823650403570625 dB
	 $y_{10,53,30}$ = 10.39658198139503 dB
	 $y_{10,53,32}$ = 18.798622096315142 dB
	 $y_{10,53,53}$ = 85.68191174251326 dB
		SNR medio:  17.25735941593398
		Usuarios totais: 10
$x_{10,54}$
	 $y_{10,54,20}$ = 6.2084905656664375 dB
	 $y_{10,54,90}$ = 5.701123343875139 dB
	 $y_{10,54,59}$ = 6.170990873946195 dB
	 $y_{10,54,54}$ = 91.58293595892002 dB
		SNR medio:  27.415885185601947
		Usuarios totais: 4
$x_{10,65}$
	 $y_{10,65,89}$ = 5.924714265552268 dB
	 $y_{10,65,93}$ = 12.469956515882956 dB
	 $y_{10,65,99}$ = 8.661984328177084 dB
	 $y_{10,65,79}$ = 13.050259636997893 dB
	 $y_{10,65,97}$ = 6.937544839944223 dB
	 $y_{10,65,68}$ = 12.455077391300449 dB
	 $y_{10,65,48}$ = 8.72636693280279 dB
	 $y_{10,65,61}$ = 9.557656875189053 dB
	 $y_{10,65,62}$ = 15.965269646688355 dB
	 $y_{10,65,82}$ = 8.578231607674098 dB
	 $y_{10,65,86}$ = 24.3107903091244 dB
	 $y_{10,65,23}$ = 5.427584972374504 dB
	 $y_{10,65,27}$ = 12.962437742679029 dB
	 $y_{10,65,33}$ = 9.43317271306961 dB
	 $y_{10,65,38}$ = 6.136053775308056 dB
	 $y_{10,65,43}$ = 12.521861011559594 dB
	 $y_{10,65,52}$ = 7.187494776117319 dB
	 $y_{10,65,58}$ = 14.246256417002542 dB
	 $y_{10,65,64}$ = 31.699701588666684 dB
	 $y_{10,65,66}$ = 31.314883151715108 dB
	 $y_{10,65,75}$ = 32.57939962017727 dB
	 $y_{10,65,83}$ = 12.98920745398594 dB
	 $y_{10,65,35}$ = 14.108064739008483 dB
	 $y_{10,65,63}$ = 20.933461406692686 dB
		SNR medio:  10.908949410248077
		Usuarios totais: 31
Distances:
17 : 44 = 1697.0562748477141
17 : 46 = 1264.9110640673518
17 : 53 = 2262.741699796952
17 : 54 = 2000.0
17 : 65 = 2154.0659228538016
44 : 46 = 800.0
44 : 53 = 565.685424949238
44 : 54 = 400.0
44 : 65 = 894.4271909999159
46 : 53 = 1264.9110640673518
46 : 54 = 894.4271909999159
46 : 65 = 894.4271909999159
53 : 54 = 400.0
53 : 65 = 894.4271909999159
54 : 65 = 565.685424949238
t=11
Antennas: [17 44 46 53 54 65]
Users: [ 9 19 22 23 30 37 51 52 56 57 67 82 83 96 99]
connections:  {9: 17, 99: 65, 19: 17, 30: 44, 22: 44, 82: 44, 96: 44, 23: 44, 37: 44, 51: 44, 52: 44, 56: 44, 83: 44, 57: 44, 67: 44}
$x_{11,17}$
	 $y_{11,17,9}$ = 19.02428006635452 dB
	 $y_{11,17,19}$ = 22.079882614789597 dB
		SNR medio:  20.55208134057206
		Usuarios totais: 2
$x_{11,44}$
	 $y_{11,44,30}$ = 12.550101275427025 dB
	 $y_{11,44,22}$ = 9.070642983365872 dB
	 $y_{11,44,82}$ = 17.935269626204047 dB
	 $y_{11,44,96}$ = 5.651424543157603 dB
	 $y_{11,44,23}$ = 18.213908006461622 dB
	 $y_{11,44,37}$ = 9.262811790378407 dB
	 $y_{11,44,51}$ = 21.33527190257479 dB
	 $y_{11,44,52}$ = 18.710576096754338 dB
	 $y_{11,44,56}$ = 18.029905620264714 dB
	 $y_{11,44,83}$ = 6.364955844293689 dB
	 $y_{11,44,57}$ = 9.778352921691976 dB
	 $y_{11,44,67}$ = 5.608647567232822 dB
		SNR medio:  12.709322348150577
		Usuarios totais: 12
$x_{11,46}$
		Usuarios totais: 0
$x_{11,53}$
		Usuarios totais: 0
$x_{11,54}$
		Usuarios totais: 0
$x_{11,65}$
	 $y_{11,65,99}$ = 8.661984328177084 dB
		SNR medio:  8.661984328177084
		Usuarios totais: 1
Distances:
17 : 44 = 1697.0562748477141
17 : 46 = 1264.9110640673518
17 : 53 = 2262.741699796952
17 : 54 = 2000.0
17 : 65 = 2154.0659228538016
44 : 46 = 800.0
44 : 53 = 565.685424949238
44 : 54 = 400.0
44 : 65 = 894.4271909999159
46 : 53 = 1264.9110640673518
46 : 54 = 894.4271909999159
46 : 65 = 894.4271909999159
53 : 54 = 400.0
53 : 65 = 894.4271909999159
54 : 65 = 565.685424949238
--- Done after 0.013852264417542351 hours. ---
