-------------Calculating Solution (this may take a while)
+++++++++++++++++++Min Sinr: 10 dB (ga)
+++++++++++++++++++With backhaul constraint. Start: 2023-06-30 02:54:30

Parameters:
- chosen seed 21
- Map with 100 sectors
- Map 4000 x 4000 m
- Sector has a side of 400 m
- Max time:  12
- users_t_m:  [[0, 0, 0, 0, 0, 0, 0, 0, 0, 0, 0, 0, 0, 0, 0, 0, 0, 0, 0, 0, 0, 0, 0, 0, 0, 0, 0, 0, 0, 0, 0, 0, 0, 0, 0, 0, 0, 0, 0, 0, 0, 0, 0, 0, 0, 0, 0, 0, 0, 0, 0, 1, 2, 1, 0, 0, 0, 0, 0, 0, 0, 19, 2, 1, 0, 0, 0, 0, 0, 0, 0, 0, 1, 0, 0, 0, 0, 0, 0, 0, 0, 0, 0, 0, 0, 0, 0, 0, 0, 0, 0, 0, 0, 0, 0, 0, 0, 0, 0, 0], [0, 0, 0, 1, 0, 0, 0, 0, 0, 0, 0, 0, 0, 0, 1, 0, 0, 0, 0, 0, 0, 1, 0, 0, 0, 0, 0, 0, 0, 1, 1, 0, 0, 0, 0, 0, 0, 0, 0, 1, 1, 0, 0, 0, 1, 0, 0, 0, 0, 1, 0, 1, 4, 0, 0, 0, 0, 1, 0, 0, 0, 18, 4, 2, 0, 1, 1, 0, 0, 0, 0, 0, 1, 0, 0, 1, 1, 0, 0, 1, 0, 1, 1, 0, 1, 2, 0, 0, 0, 1, 1, 1, 0, 0, 0, 1, 0, 0, 0, 0], [1, 1, 0, 1, 1, 1, 0, 0, 0, 1, 1, 1, 0, 2, 0, 0, 0, 1, 0, 1, 2, 0, 1, 0, 0, 1, 1, 1, 1, 2, 0, 2, 0, 0, 0, 0, 0, 1, 1, 0, 0, 0, 0, 1, 1, 0, 0, 0, 1, 1, 0, 2, 1, 3, 2, 1, 1, 0, 0, 1, 1, 21, 3, 3, 0, 0, 1, 0, 1, 0, 0, 1, 1, 0, 0, 0, 2, 1, 0, 0, 1, 1, 0, 0, 0, 0, 0, 0, 0, 0, 1, 0, 0, 1, 1, 2, 0, 0, 1, 2], [0, 0, 0, 2, 0, 3, 2, 0, 1, 2, 3, 0, 1, 1, 0, 1, 1, 1, 1, 2, 0, 1, 0, 1, 0, 0, 0, 1, 0, 0, 0, 1, 0, 0, 0, 0, 0, 0, 1, 1, 2, 0, 0, 1, 0, 1, 1, 2, 1, 1, 0, 1, 1, 2, 3, 0, 2, 0, 2, 1, 0, 26, 3, 5, 1, 1, 1, 0, 0, 1, 3, 2, 1, 1, 1, 3, 2, 0, 1, 2, 0, 0, 0, 0, 1, 5, 1, 3, 0, 0, 0, 0, 1, 0, 1, 0, 0, 2, 1, 3], [1, 1, 1, 1, 2, 0, 0, 1, 0, 1, 1, 2, 1, 1, 2, 1, 0, 0, 1, 0, 2, 2, 1, 1, 0, 1, 1, 1, 0, 4, 4, 1, 2, 2, 1, 1, 1, 2, 1, 0, 4, 0, 2, 1, 3, 0, 1, 2, 6, 1, 0, 0, 6, 4, 1, 0, 1, 1, 1, 3, 1, 22, 5, 4, 3, 2, 0, 0, 3, 0, 1, 2, 1, 2, 2, 2, 0, 2, 1, 1, 1, 0, 2, 1, 0, 2, 2, 1, 3, 1, 2, 1, 0, 1, 0, 1, 0, 2, 0, 1], [0, 0, 3, 2, 5, 5, 1, 3, 1, 2, 1, 0, 1, 2, 3, 1, 0, 2, 1, 1, 3, 0, 2, 2, 4, 2, 0, 0, 1, 1, 1, 0, 3, 3, 1, 1, 1, 3, 1, 1, 4, 1, 1, 1, 0, 1, 3, 1, 1, 0, 2, 3, 0, 3, 2, 0, 2, 1, 2, 1, 3, 27, 1, 3, 3, 1, 3, 1, 1, 0, 3, 4, 4, 2, 1, 0, 1, 0, 1, 4, 2, 1, 1, 3, 2, 1, 4, 0, 1, 0, 0, 1, 2, 2, 1, 3, 5, 2, 1, 1], [1, 2, 1, 2, 2, 0, 2, 0, 1, 1, 4, 3, 1, 1, 2, 1, 1, 2, 1, 2, 0, 2, 2, 2, 2, 2, 2, 3, 5, 2, 0, 3, 1, 4, 1, 2, 2, 1, 1, 1, 0, 1, 0, 1, 2, 3, 4, 2, 1, 0, 0, 2, 2, 7, 2, 0, 2, 2, 1, 1, 2, 3, 1, 1, 1, 2, 0, 3, 2, 2, 1, 1, 2, 1, 0, 1, 2, 2, 2, 4, 1, 0, 1, 2, 0, 2, 1, 1, 0, 2, 0, 2, 0, 0, 3, 1, 3, 4, 1, 3], [2, 5, 2, 3, 3, 0, 2, 3, 2, 0, 0, 0, 1, 2, 1, 1, 0, 1, 1, 1, 0, 1, 0, 1, 1, 0, 0, 0, 0, 0, 2, 2, 0, 1, 1, 1, 2, 3, 1, 2, 3, 1, 1, 2, 1, 0, 1, 2, 1, 1, 1, 1, 0, 0, 1, 0, 0, 1, 0, 1, 1, 1, 0, 1, 1, 1, 2, 2, 2, 0, 1, 0, 3, 0, 2, 5, 0, 1, 4, 2, 1, 1, 0, 3, 2, 1, 2, 2, 0, 2, 1, 1, 2, 3, 3, 0, 2, 1, 1, 2], [1, 1, 1, 1, 1, 2, 2, 2, 0, 2, 0, 1, 1, 1, 1, 1, 0, 0, 0, 1, 0, 0, 1, 3, 0, 0, 0, 1, 2, 0, 1, 0, 0, 0, 1, 2, 1, 0, 2, 0, 0, 0, 0, 0, 0, 2, 1, 2, 0, 1, 1, 0, 0, 0, 2, 2, 1, 0, 3, 0, 2, 1, 1, 0, 1, 2, 2, 0, 0, 0, 2, 0, 1, 0, 0, 0, 2, 1, 3, 1, 1, 0, 0, 1, 1, 3, 2, 1, 2, 1, 0, 0, 0, 3, 2, 1, 0, 1, 0, 1], [1, 0, 0, 1, 1, 2, 1, 0, 1, 0, 2, 0, 1, 0, 1, 0, 0, 1, 1, 0, 0, 0, 0, 2, 1, 0, 0, 0, 0, 0, 0, 0, 0, 0, 2, 0, 0, 0, 0, 1, 0, 2, 0, 0, 0, 2, 2, 0, 0, 0, 2, 1, 0, 1, 0, 0, 0, 0, 1, 1, 0, 1, 0, 0, 0, 1, 2, 0, 1, 0, 0, 1, 0, 0, 0, 0, 0, 1, 0, 0, 1, 2, 1, 1, 1, 0, 1, 1, 0, 0, 0, 1, 0, 1, 1, 0, 1, 1, 1, 2], [0, 0, 0, 1, 1, 0, 0, 0, 0, 0, 0, 0, 0, 0, 0, 0, 1, 0, 1, 0, 0, 0, 0, 0, 0, 0, 0, 0, 0, 0, 0, 1, 0, 0, 1, 0, 0, 0, 0, 0, 1, 0, 0, 1, 0, 0, 0, 0, 0, 0, 0, 0, 1, 0, 0, 0, 0, 0, 0, 1, 1, 0, 0, 0, 1, 1, 0, 0, 0, 3, 0, 0, 2, 2, 0, 0, 1, 0, 0, 0, 0, 0, 0, 0, 0, 0, 1, 0, 0, 0, 0, 0, 0, 2, 0, 0, 2, 0, 1, 0], [0, 0, 0, 0, 0, 0, 0, 0, 0, 0, 0, 0, 0, 0, 0, 0, 0, 0, 0, 0, 0, 0, 0, 0, 0, 0, 0, 0, 0, 0, 0, 0, 0, 0, 0, 0, 1, 0, 1, 0, 0, 0, 0, 0, 0, 0, 0, 0, 1, 0, 0, 0, 0, 0, 0, 0, 0, 0, 0, 0, 0, 0, 0, 0, 0, 0, 0, 1, 0, 0, 0, 0, 0, 0, 0, 0, 0, 0, 0, 0, 0, 0, 0, 0, 0, 0, 0, 0, 0, 0, 0, 0, 0, 0, 0, 0, 0, 0, 0, 0]]
MAX_USER_PER_ANTENNAS_m:  [40, 40, 40, 40, 40, 40, 40, 40, 40, 40, 40, 40, 40, 40, 40, 40, 40, 40, 40, 40, 40, 40, 40, 40, 40, 40, 40, 40, 40, 40, 40, 40, 40, 40, 40, 40, 40, 40, 40, 40, 40, 40, 40, 40, 40, 40, 40, 40, 40, 40, 40, 40, 40, 40, 40, 40, 40, 40, 40, 40, 40, 40, 40, 40, 40, 40, 40, 40, 40, 40, 40, 40, 40, 40, 40, 40, 40, 40, 40, 40, 40, 40, 40, 40, 40, 40, 40, 40, 40, 40, 40, 40, 40, 40, 40, 40, 40, 40, 40, 40]
antennas_map_m:  [1, 1, 1, 1, 1, 1, 1, 1, 1, 1, 1, 1, 1, 1, 1, 1, 1, 1, 1, 1, 1, 1, 1, 1, 1, 1, 1, 1, 1, 1, 1, 1, 1, 1, 1, 1, 1, 1, 1, 1, 1, 1, 1, 1, 1, 1, 1, 1, 1, 1, 1, 1, 1, 1, 1, 1, 1, 1, 1, 1, 1, 1, 1, 1, 1, 1, 1, 1, 1, 1, 1, 1, 1, 1, 1, 1, 1, 1, 1, 1, 1, 1, 1, 1, 1, 1, 1, 1, 1, 1, 1, 1, 1, 1, 1, 1, 1, 1, 1, 1]
FIRST_ANTENNA:  21
MIN_SNR_m:  [10.0, 10.0, 10.0, 10.0, 10.0, 10.0, 10.0, 10.0, 10.0, 10.0, 10.0, 10.0, 10.0, 10.0, 10.0, 10.0, 10.0, 10.0, 10.0, 10.0, 10.0, 10.0, 10.0, 10.0, 10.0, 10.0, 10.0, 10.0, 10.0, 10.0, 10.0, 10.0, 10.0, 10.0, 10.0, 10.0, 10.0, 10.0, 10.0, 10.0, 10.0, 10.0, 10.0, 10.0, 10.0, 10.0, 10.0, 10.0, 10.0, 10.0, 10.0, 10.0, 10.0, 10.0, 10.0, 10.0, 10.0, 10.0, 10.0, 10.0, 10.0, 10.0, 10.0, 10.0, 10.0, 10.0, 10.0, 10.0, 10.0, 10.0, 10.0, 10.0, 10.0, 10.0, 10.0, 10.0, 10.0, 10.0, 10.0, 10.0, 10.0, 10.0, 10.0, 10.0, 10.0, 10.0, 10.0, 10.0, 10.0, 10.0, 10.0, 10.0, 10.0, 10.0, 10.0, 10.0, 10.0, 10.0, 10.0, 10.0]
-MIN_DIST:  2000
- disaster percentage:  0
44

Starting GA of slice 0.

Generation :  1
Fitness of the best solution : 870983430.8317747
Generation :  2
Fitness of the best solution : 920983218.5618184
Generation :  3
Fitness of the best solution : 940753466.4954544
Generation :  4
Fitness of the best solution : 960773287.9943495
Generation :  5
Fitness of the best solution : 970633890.6492361
Generation :  6
Fitness of the best solution : 980453922.8449739
Generation :  7
Fitness of the best solution : 980464170.0585694
Generation :  8
Fitness of the best solution : 980464170.0585694
Generation :  9
Fitness of the best solution : 980504087.215857
Generation :  10
Fitness of the best solution : 980504087.215857
Generation :  11
Fitness of the best solution : 980504087.215857
Generation :  12
Fitness of the best solution : 980504087.215857
Generation :  13
Fitness of the best solution : 980504087.215857
Generation :  14
Fitness of the best solution : 980504087.215857
Generation :  15
Fitness of the best solution : 980504087.215857
Generation :  16
Fitness of the best solution : 980504087.215857
Generation :  17
Fitness of the best solution : 980504087.215857
Generation :  18
Fitness of the best solution : 980504087.215857
Generation :  19
Fitness of the best solution : 980504087.215857
Generation :  20
Fitness of the best solution : 980504087.215857
Generation :  21
Fitness of the best solution : 980504087.215857
Generation :  22
Fitness of the best solution : 980504087.215857
Generation :  23
Fitness of the best solution : 980504087.215857
Generation :  24
Fitness of the best solution : 980504087.215857
Generation :  25
Fitness of the best solution : 980504087.215857
Generation :  26
Fitness of the best solution : 980504087.215857
Generation :  27
Fitness of the best solution : 980573970.0585694
Generation :  28
Fitness of the best solution : 980573970.0585694
Generation :  29
Fitness of the best solution : 980573970.0585694
Generation :  30
Fitness of the best solution : 980573970.0585694
Generation :  31
Fitness of the best solution : 980573970.0585694
Generation :  32
Fitness of the best solution : 980573970.0585694
Generation :  33
Fitness of the best solution : 980573970.0585694
Generation :  34
Fitness of the best solution : 980573970.0585694
Generation :  35
Fitness of the best solution : 980573970.0585694
Generation :  36
Fitness of the best solution : 980573970.0585694
Generation :  37
Fitness of the best solution : 980573970.0585694
Generation :  38
Fitness of the best solution : 980573970.0585694
Generation :  39
Fitness of the best solution : 980573970.0585694
Generation :  40
Fitness of the best solution : 980573970.0585694
Generation :  41
Fitness of the best solution : 980573970.0585694
Generation :  42
Fitness of the best solution : 980573970.0585694
Generation :  43
Fitness of the best solution : 980573970.0585694
Generation :  44
Fitness of the best solution : 980573970.0585694
Generation :  45
Fitness of the best solution : 980573970.0585694
Generation :  46
Fitness of the best solution : 980573970.0585694
Generation :  47
Fitness of the best solution : 980573970.0585694
Generation :  48
Fitness of the best solution : 980573970.0585694
Generation :  49
Fitness of the best solution : 980573970.0585694
Generation :  50
Fitness of the best solution : 980573970.0585694
Generation :  51
Fitness of the best solution : 980573970.0585694
Generation :  52
Fitness of the best solution : 980573970.0585694
Generation :  53
Fitness of the best solution : 980573970.0585694
Generation :  54
Fitness of the best solution : 980573970.0585694
Generation :  55
Fitness of the best solution : 980573970.0585694
Generation :  56
Fitness of the best solution : 980573970.0585694
Generation :  57
Fitness of the best solution : 980573970.0585694
Parameters of the best solution : [0 0 0 0 0 0 0 0 0 0 0 0 0 0 0 0 0 0 0 0 0 1 0 0 0 0 0 0 0 0 0 0 0 0 0 0 0
 0 0 0 0 0 0 0 0 0 0 0 0 0 0 0 0 0 0 0 0 0 0 0 0 0 0 0 1 0 0 0 0 0 0 0 0 0
 0 0 0 0 0 0 0 0 0 0 0 0 0 0 0 0 0 0 0 0 0 0 0 0 0 0]
Number of antennas of the best solution = 2.0
Number of covered regions of the best solution = 57.0
Index of the best solution : 2
Total generations: 57.
Best fitness value reached after 27 generations.

21 : 64 => 2000.0

Starting GA of slice 1.

Generation :  1
Fitness of the best solution : 850973540.6657425
Generation :  2
Fitness of the best solution : 891003349.1962054
Generation :  3
Fitness of the best solution : 921003491.1095393
Generation :  4
Fitness of the best solution : 921003644.146773
Generation :  5
Fitness of the best solution : 930983393.7995454
Generation :  6
Fitness of the best solution : 940983477.0953212
Generation :  7
Fitness of the best solution : 950963635.0233339
Generation :  8
Fitness of the best solution : 950973523.467436
Generation :  9
Fitness of the best solution : 950973523.467436
Generation :  10
Fitness of the best solution : 950983442.0306815
Generation :  11
Fitness of the best solution : 950983442.0306815
Generation :  12
Fitness of the best solution : 950983442.0306815
Generation :  13
Fitness of the best solution : 950983442.0306815
Generation :  14
Fitness of the best solution : 950983442.0306815
Generation :  15
Fitness of the best solution : 950983442.0306815
Generation :  16
Fitness of the best solution : 950983442.0306815
Generation :  17
Fitness of the best solution : 950983442.0306815
Generation :  18
Fitness of the best solution : 950983442.0306815
Generation :  19
Fitness of the best solution : 950983442.0306815
Generation :  20
Fitness of the best solution : 950983442.0306815
Generation :  21
Fitness of the best solution : 950983442.0306815
Generation :  22
Fitness of the best solution : 950983442.0306815
Generation :  23
Fitness of the best solution : 950983442.0306815
Generation :  24
Fitness of the best solution : 950983442.0306815
Generation :  25
Fitness of the best solution : 950983442.0306815
Generation :  26
Fitness of the best solution : 950983442.0306815
Generation :  27
Fitness of the best solution : 950983442.0306815
Generation :  28
Fitness of the best solution : 950983442.0306815
Generation :  29
Fitness of the best solution : 950983502.6194265
Generation :  30
Fitness of the best solution : 950983502.6194265
Generation :  31
Fitness of the best solution : 950983502.6194265
Generation :  32
Fitness of the best solution : 950983502.6194265
Generation :  33
Fitness of the best solution : 950983502.6194265
Generation :  34
Fitness of the best solution : 950983502.6194265
Generation :  35
Fitness of the best solution : 950983502.6194265
Generation :  36
Fitness of the best solution : 950983502.6194265
Generation :  37
Fitness of the best solution : 950983502.6194265
Generation :  38
Fitness of the best solution : 950983502.6194265
Generation :  39
Fitness of the best solution : 950983502.6194265
Generation :  40
Fitness of the best solution : 950983502.6194265
Generation :  41
Fitness of the best solution : 950983502.6194265
Generation :  42
Fitness of the best solution : 950983502.6194265
Generation :  43
Fitness of the best solution : 950983502.6194265
Generation :  44
Fitness of the best solution : 950983502.6194265
Generation :  45
Fitness of the best solution : 950983502.6194265
Generation :  46
Fitness of the best solution : 950983502.6194265
Generation :  47
Fitness of the best solution : 950983502.6194265
Generation :  48
Fitness of the best solution : 950983502.6194265
Generation :  49
Fitness of the best solution : 950983502.6194265
Generation :  50
Fitness of the best solution : 950983502.6194265
Generation :  51
Fitness of the best solution : 950983502.6194265
Generation :  52
Fitness of the best solution : 950983502.6194265
Generation :  53
Fitness of the best solution : 950983502.6194265
Generation :  54
Fitness of the best solution : 950983502.6194265
Generation :  55
Fitness of the best solution : 950983502.6194265
Generation :  56
Fitness of the best solution : 950983502.6194265
Generation :  57
Fitness of the best solution : 950983502.6194265
Generation :  58
Fitness of the best solution : 950983502.6194265
Generation :  59
Fitness of the best solution : 950983502.6194265
Parameters of the best solution : [0 0 0 0 0 0 0 0 0 0 0 0 0 0 0 0 0 0 0 0 0 1 0 0 0 0 0 1 0 0 0 0 0 0 0 0 0
 0 0 0 0 0 0 0 0 0 0 0 0 0 0 0 0 0 0 0 0 0 0 0 0 0 0 0 1 0 0 0 0 0 0 1 0 0
 0 0 0 0 0 0 0 0 0 0 0 0 0 0 0 0 0 0 0 0 0 0 0 0 1 0]
Number of antennas of the best solution = 5.0
Number of covered regions of the best solution = 98.0
Index of the best solution : 16
Total generations: 59.
Best fitness value reached after 29 generations.

21 : 27 => 2400.0

21 : 64 => 2000.0

21 : 71 => 2000.0

21 : 98 => 3959.7979746446663

27 : 64 => 2000.0

27 : 71 => 3124.099870362662

27 : 98 => 2828.42712474619

64 : 71 => 1264.9110640673518

64 : 98 => 2000.0

71 : 98 => 2912.043955712207

Starting GA of slice 2.

Generation :  1
Fitness of the best solution : 821003709.431416
Generation :  2
Fitness of the best solution : 861003760.444407
Generation :  3
Fitness of the best solution : 901003800.6973916
Generation :  4
Fitness of the best solution : 901003788.9102516
Generation :  5
Fitness of the best solution : 901003788.9102516
Generation :  6
Fitness of the best solution : 911003683.4263679
Generation :  7
Fitness of the best solution : 921003692.1701695
Generation :  8
Fitness of the best solution : 921003740.2115678
Generation :  9
Fitness of the best solution : 921003740.2115678
Generation :  10
Fitness of the best solution : 931003727.9192545
Generation :  11
Fitness of the best solution : 931003747.9031665
Generation :  12
Fitness of the best solution : 931003747.9031665
Generation :  13
Fitness of the best solution : 931003747.9031665
Generation :  14
Fitness of the best solution : 931003747.9031665
Generation :  15
Fitness of the best solution : 931003647.1070509
Generation :  16
Fitness of the best solution : 931003647.1070509
Generation :  17
Fitness of the best solution : 931003647.1070509
Generation :  18
Fitness of the best solution : 931003670.7763973
Generation :  19
Fitness of the best solution : 941003500.7109928
Generation :  20
Fitness of the best solution : 941003500.7109928
Generation :  21
Fitness of the best solution : 941003500.7109928
Generation :  22
Fitness of the best solution : 941003500.7109928
Generation :  23
Fitness of the best solution : 941003500.7109928
Generation :  24
Fitness of the best solution : 941003500.7109928
Generation :  25
Fitness of the best solution : 941003500.7109928
Generation :  26
Fitness of the best solution : 941003500.7109928
Generation :  27
Fitness of the best solution : 941003500.7109928
Generation :  28
Fitness of the best solution : 941003500.7109928
Generation :  29
Fitness of the best solution : 941003500.7109928
Generation :  30
Fitness of the best solution : 941003500.7109928
Generation :  31
Fitness of the best solution : 941003500.7109928
Generation :  32
Fitness of the best solution : 941003500.7109928
Generation :  33
Fitness of the best solution : 941003500.7109928
Generation :  34
Fitness of the best solution : 941003500.7109928
Generation :  35
Fitness of the best solution : 941003500.7109928
Generation :  36
Fitness of the best solution : 941003500.7109928
Generation :  37
Fitness of the best solution : 941003500.7109928
Generation :  38
Fitness of the best solution : 941003500.7109928
Generation :  39
Fitness of the best solution : 941003500.7109928
Generation :  40
Fitness of the best solution : 941003500.7109928
Generation :  41
Fitness of the best solution : 941003500.7109928
Generation :  42
Fitness of the best solution : 941003500.7109928
Generation :  43
Fitness of the best solution : 941003500.7109928
Generation :  44
Fitness of the best solution : 941003500.7109928
Generation :  45
Fitness of the best solution : 941003500.7109928
Generation :  46
Fitness of the best solution : 941003500.7109928
Generation :  47
Fitness of the best solution : 941003500.7109928
Generation :  48
Fitness of the best solution : 941003500.7109928
Generation :  49
Fitness of the best solution : 941003500.7109928
Parameters of the best solution : [0 0 0 0 1 0 0 0 0 0 0 0 0 0 0 0 0 0 0 0 0 1 0 0 0 0 0 1 0 0 0 0 0 0 0 0 0
 0 0 0 0 0 0 0 0 0 0 0 0 0 0 0 0 0 0 0 0 0 0 0 0 0 0 0 1 0 0 0 0 0 0 1 0 0
 0 0 0 0 0 0 0 0 0 0 0 0 0 0 0 0 0 0 0 0 0 0 0 0 1 0]
Number of antennas of the best solution = 6.0
Number of covered regions of the best solution = 100.0
Index of the best solution : 54
Total generations: 49.
Best fitness value reached after 19 generations.

4 : 21 => 1442.2205101855957

4 : 27 => 1442.2205101855957

4 : 64 => 2400.0

4 : 71 => 3046.3092423455632

4 : 98 => 3939.543120718442

21 : 27 => 2400.0

21 : 64 => 2000.0

21 : 71 => 2000.0

21 : 98 => 3959.7979746446663

27 : 64 => 2000.0

27 : 71 => 3124.099870362662

27 : 98 => 2828.42712474619

64 : 71 => 1264.9110640673518

64 : 98 => 2000.0

71 : 98 => 2912.043955712207

Starting GA of slice 3.

Generation :  1
Fitness of the best solution : 821003690.1944134
Generation :  2
Fitness of the best solution : 861003495.1741344
Generation :  3
Fitness of the best solution : 881003703.2133582
Generation :  4
Fitness of the best solution : 861003585.661456
Generation :  5
Fitness of the best solution : 851003596.8302176
Generation :  6
Fitness of the best solution : 861003665.7799038
Generation :  7
Fitness of the best solution : 881003607.6037818
Generation :  8
Fitness of the best solution : 861003631.7140322
Generation :  9
Fitness of the best solution : 901003694.3143214
Generation :  10
Fitness of the best solution : 921003556.9040946
Generation :  11
Fitness of the best solution : 901003737.2659341
Generation :  12
Fitness of the best solution : 911003586.8322797
Generation :  13
Fitness of the best solution : 901003430.5189648
Generation :  14
Fitness of the best solution : 901003430.5189648
Generation :  15
Fitness of the best solution : 901003430.5189648
Generation :  16
Fitness of the best solution : 911003468.2245358
Generation :  17
Fitness of the best solution : 911003468.2245358
Generation :  18
Fitness of the best solution : 911003468.2245358
Generation :  19
Fitness of the best solution : 911003468.2245358
Generation :  20
Fitness of the best solution : 921003556.9040946
Generation :  21
Fitness of the best solution : 921003706.9040946
Generation :  22
Fitness of the best solution : 921003556.9040946
Generation :  23
Fitness of the best solution : 921003556.9040946
Generation :  24
Fitness of the best solution : 921003556.9040946
Generation :  25
Fitness of the best solution : 921003556.9040946
Generation :  26
Fitness of the best solution : 921003556.9040946
Generation :  27
Fitness of the best solution : 921003556.9040946
Generation :  28
Fitness of the best solution : 921003556.9040946
Generation :  29
Fitness of the best solution : 921003556.9040946
Generation :  30
Fitness of the best solution : 921003556.9040946
Generation :  31
Fitness of the best solution : 921003556.9040946
Generation :  32
Fitness of the best solution : 921003556.9040946
Generation :  33
Fitness of the best solution : 921003556.9040946
Generation :  34
Fitness of the best solution : 921003556.9040946
Generation :  35
Fitness of the best solution : 921003556.9040946
Generation :  36
Fitness of the best solution : 921003556.9040946
Generation :  37
Fitness of the best solution : 921003556.9040946
Generation :  38
Fitness of the best solution : 921003556.9040946
Generation :  39
Fitness of the best solution : 921003556.9040946
Generation :  40
Fitness of the best solution : 921003556.9040946
Parameters of the best solution : [0 0 0 0 1 0 0 0 0 0 0 0 0 0 0 0 0 0 0 0 0 1 0 0 0 0 0 1 0 0 0 0 0 0 0 0 0
 0 0 0 1 0 0 0 0 0 0 0 0 0 0 0 0 0 0 0 0 0 0 0 0 0 1 0 1 0 0 0 0 0 0 1 0 0
 0 0 0 0 0 0 0 0 0 0 0 0 0 0 0 0 0 0 0 0 0 0 0 0 1 0]
Number of antennas of the best solution = 8.0
Number of covered regions of the best solution = 100.0
Index of the best solution : 42
Total generations: 40.
Best fitness value reached after 21 generations.

4 : 21 => 1442.2205101855957

4 : 27 => 1442.2205101855957

4 : 40 => 2262.741699796952

4 : 62 => 2529.8221281347037

4 : 64 => 2400.0

4 : 71 => 3046.3092423455632

4 : 98 => 3939.543120718442

21 : 27 => 2400.0

21 : 40 => 894.4271909999159

21 : 62 => 1649.2422502470642

21 : 64 => 2000.0

21 : 71 => 2000.0

21 : 98 => 3959.7979746446663

27 : 40 => 2912.043955712207

27 : 62 => 2561.2496949731394

27 : 64 => 2000.0

27 : 71 => 3124.099870362662

27 : 98 => 2828.42712474619

40 : 62 => 1131.370849898476

40 : 64 => 1788.8543819998317

40 : 71 => 1264.9110640673518

40 : 98 => 3773.5924528226415

62 : 64 => 800.0

62 : 71 => 565.685424949238

62 : 98 => 2683.281572999748

64 : 71 => 1264.9110640673518

64 : 98 => 2000.0

71 : 98 => 2912.043955712207

Starting GA of slice 4.

Generation :  1
Fitness of the best solution : 821003500.0276135
Generation :  2
Fitness of the best solution : 821003508.3618697
Generation :  3
Fitness of the best solution : 831003646.4659185
Generation :  4
Fitness of the best solution : 831003561.343984
Generation :  5
Fitness of the best solution : 841003505.2102747
Generation :  6
Fitness of the best solution : 851003646.8006771
Generation :  7
Fitness of the best solution : 841003661.004839
Generation :  8
Fitness of the best solution : 861003677.5144666
Generation :  9
Fitness of the best solution : 841003661.004839
Generation :  10
Fitness of the best solution : 841003587.3057842
Generation :  11
Fitness of the best solution : 841003587.3057842
Generation :  12
Fitness of the best solution : 841003587.3057842
Generation :  13
Fitness of the best solution : 851003781.1512433
Generation :  14
Fitness of the best solution : 851003771.4736277
Generation :  15
Fitness of the best solution : 861003741.0973415
Generation :  16
Fitness of the best solution : 841003587.3057842
Generation :  17
Fitness of the best solution : 861003741.0973415
Generation :  18
Fitness of the best solution : 861003629.3458095
Generation :  19
Fitness of the best solution : 871003574.1286744
Generation :  20
Fitness of the best solution : 871003574.1286744
Generation :  21
Fitness of the best solution : 871003574.1286744
Generation :  22
Fitness of the best solution : 871003574.1286744
Generation :  23
Fitness of the best solution : 891003613.0978925
Generation :  24
Fitness of the best solution : 871003809.7241898
Generation :  25
Fitness of the best solution : 871003574.1286744
Generation :  26
Fitness of the best solution : 871003574.1286744
Generation :  27
Fitness of the best solution : 881003846.6496198
Generation :  28
Fitness of the best solution : 871003574.1286744
Generation :  29
Fitness of the best solution : 871003574.1286744
Generation :  30
Fitness of the best solution : 871003574.1286744
Generation :  31
Fitness of the best solution : 871003574.1286744
Generation :  32
Fitness of the best solution : 871003574.1286744
Generation :  33
Fitness of the best solution : 871003574.1286744
Generation :  34
Fitness of the best solution : 881003618.8528606
Generation :  35
Fitness of the best solution : 881003618.8528606
Generation :  36
Fitness of the best solution : 881003618.8528606
Generation :  37
Fitness of the best solution : 881003618.8528606
Generation :  38
Fitness of the best solution : 891003670.424846
Generation :  39
Fitness of the best solution : 881003622.1535109
Generation :  40
Fitness of the best solution : 881003622.1535109
Generation :  41
Fitness of the best solution : 881003622.1535109
Generation :  42
Fitness of the best solution : 881003622.1535109
Generation :  43
Fitness of the best solution : 881003622.1535109
Generation :  44
Fitness of the best solution : 881003622.1535109
Generation :  45
Fitness of the best solution : 881003622.1535109
Generation :  46
Fitness of the best solution : 881003622.1535109
Generation :  47
Fitness of the best solution : 881003622.1535109
Generation :  48
Fitness of the best solution : 881003622.1535109
Generation :  49
Fitness of the best solution : 881003622.1535109
Generation :  50
Fitness of the best solution : 881003622.1535109
Generation :  51
Fitness of the best solution : 881003622.1535109
Generation :  52
Fitness of the best solution : 881003622.1535109
Generation :  53
Fitness of the best solution : 881003622.1535109
Generation :  54
Fitness of the best solution : 841003636.2322758
Generation :  55
Fitness of the best solution : 871003607.0846071
Generation :  56
Fitness of the best solution : 871003635.5833665
Generation :  57
Fitness of the best solution : 881003588.8201777
Generation :  58
Fitness of the best solution : 881003588.8201777
Generation :  59
Fitness of the best solution : 861003649.2029661
Generation :  60
Fitness of the best solution : 861003745.9219606
Generation :  61
Fitness of the best solution : 881003693.790072
Generation :  62
Fitness of the best solution : 881003702.834842
Generation :  63
Fitness of the best solution : 901003519.5349895
Generation :  64
Fitness of the best solution : 901003519.5349895
Generation :  65
Fitness of the best solution : 891003648.0672027
Generation :  66
Fitness of the best solution : 891003553.3198836
Generation :  67
Fitness of the best solution : 891003553.3198836
Generation :  68
Fitness of the best solution : 891003648.0672027
Generation :  69
Fitness of the best solution : 891003553.3198836
Generation :  70
Fitness of the best solution : 891003553.3198836
Generation :  71
Fitness of the best solution : 891003553.3198836
Generation :  72
Fitness of the best solution : 891003553.3198836
Generation :  73
Fitness of the best solution : 891003553.3198836
Generation :  74
Fitness of the best solution : 891003499.787667
Generation :  75
Fitness of the best solution : 891003553.3198836
Generation :  76
Fitness of the best solution : 891003553.3198836
Generation :  77
Fitness of the best solution : 881003634.3335099
Generation :  78
Fitness of the best solution : 881003634.3335099
Generation :  79
Fitness of the best solution : 891003683.7121177
Generation :  80
Fitness of the best solution : 891003683.7121177
Generation :  81
Fitness of the best solution : 891003683.7121177
Generation :  82
Fitness of the best solution : 891003683.7121177
Generation :  83
Fitness of the best solution : 891003683.7121177
Generation :  84
Fitness of the best solution : 891003683.7121177
Generation :  85
Fitness of the best solution : 891003683.7121177
Generation :  86
Fitness of the best solution : 891003683.7121177
Generation :  87
Fitness of the best solution : 891003683.7121177
Generation :  88
Fitness of the best solution : 891003683.7121177
Generation :  89
Fitness of the best solution : 891003683.7121177
Generation :  90
Fitness of the best solution : 891003683.7121177
Generation :  91
Fitness of the best solution : 891003683.7121177
Generation :  92
Fitness of the best solution : 891003683.7121177
Generation :  93
Fitness of the best solution : 891003683.7121177
Generation :  94
Fitness of the best solution : 891003683.7121177
Generation :  95
Fitness of the best solution : 901003599.5349895
Generation :  96
Fitness of the best solution : 901003599.5349895
Generation :  97
Fitness of the best solution : 901003662.966447
Generation :  98
Fitness of the best solution : 901003662.966447
Generation :  99
Fitness of the best solution : 901003662.966447
Generation :  100
Fitness of the best solution : 901003662.966447
Parameters of the best solution : [0 0 0 0 1 0 0 0 0 0 0 0 0 0 0 0 0 0 0 0 0 1 0 0 0 0 0 1 0 0 0 0 0 1 0 0 0
 0 0 0 1 0 0 0 0 0 0 0 0 0 0 0 0 0 0 0 0 0 0 0 0 1 1 0 1 0 0 0 0 0 0 1 0 0
 0 0 0 0 0 0 0 0 0 0 0 0 0 0 0 0 0 0 0 0 0 0 0 0 1 0]
Number of antennas of the best solution = 10.0
Number of covered regions of the best solution = 100.0
Index of the best solution : 80
Total generations: 100.
Best fitness value reached after 97 generations.

4 : 21 => 1442.2205101855957

4 : 27 => 1442.2205101855957

4 : 33 => 1264.9110640673518

4 : 40 => 2262.741699796952

4 : 61 => 2683.281572999748

4 : 62 => 2529.8221281347037

4 : 64 => 2400.0

4 : 71 => 3046.3092423455632

4 : 98 => 3939.543120718442

21 : 27 => 2400.0

21 : 33 => 894.4271909999159

21 : 40 => 894.4271909999159

21 : 61 => 1600.0

21 : 62 => 1649.2422502470642

21 : 64 => 2000.0

21 : 71 => 2000.0

21 : 98 => 3959.7979746446663

27 : 33 => 1649.2422502470642

27 : 40 => 2912.043955712207

27 : 61 => 2884.4410203711914

27 : 62 => 2561.2496949731394

27 : 64 => 2000.0

27 : 71 => 3124.099870362662

27 : 98 => 2828.42712474619

33 : 40 => 1264.9110640673518

33 : 61 => 1442.2205101855957

33 : 62 => 1264.9110640673518

33 : 64 => 1264.9110640673518

33 : 71 => 1788.8543819998317

33 : 98 => 3124.099870362662

40 : 61 => 894.4271909999159

40 : 62 => 1131.370849898476

40 : 64 => 1788.8543819998317

40 : 71 => 1264.9110640673518

40 : 98 => 3773.5924528226415

61 : 62 => 400.0

61 : 64 => 1200.0

61 : 71 => 400.0

61 : 98 => 3046.3092423455632

62 : 64 => 800.0

62 : 71 => 565.685424949238

62 : 98 => 2683.281572999748

64 : 71 => 1264.9110640673518

64 : 98 => 2000.0

71 : 98 => 2912.043955712207

Starting GA of slice 5.

Generation :  1
Fitness of the best solution : 901003662.966447
Generation :  2
Fitness of the best solution : 901003662.966447
Generation :  3
Fitness of the best solution : 901003662.966447
Generation :  4
Fitness of the best solution : 901003662.966447
Generation :  5
Fitness of the best solution : 901003662.966447
Generation :  6
Fitness of the best solution : 901003662.966447
Generation :  7
Fitness of the best solution : 901003662.966447
Generation :  8
Fitness of the best solution : 901003662.966447
Generation :  9
Fitness of the best solution : 901003662.966447
Generation :  10
Fitness of the best solution : 901003662.966447
Generation :  11
Fitness of the best solution : 901003662.966447
Generation :  12
Fitness of the best solution : 901003662.966447
Generation :  13
Fitness of the best solution : 901003662.966447
Generation :  14
Fitness of the best solution : 901003662.966447
Generation :  15
Fitness of the best solution : 901003662.966447
Generation :  16
Fitness of the best solution : 901003662.966447
Generation :  17
Fitness of the best solution : 901003662.966447
Generation :  18
Fitness of the best solution : 901003662.966447
Generation :  19
Fitness of the best solution : 901003662.966447
Generation :  20
Fitness of the best solution : 901003662.966447
Generation :  21
Fitness of the best solution : 901003662.966447
Generation :  22
Fitness of the best solution : 901003662.966447
