-------------Calculating Solution (this may take a while)
+++++++++++++++++++Min Sinr: 5 dB (pgwo3)
+++++++++++++++++++With backhaul constraint. Start: 2023-06-30 03:34:47

Parameters:
- chosen seed 13
- Map with 100 sectors
- Map 4000 x 4000 m
- Sector has a side of 400 m
- Max time:  12
- users_t_m:  [[0, 0, 0, 0, 0, 0, 0, 0, 0, 0, 0, 0, 0, 0, 0, 0, 0, 0, 0, 0, 0, 0, 0, 0, 0, 0, 0, 0, 0, 0, 0, 0, 0, 0, 0, 0, 0, 0, 0, 0, 0, 0, 0, 0, 0, 0, 0, 0, 0, 0, 0, 0, 2, 24, 0, 0, 0, 0, 0, 0, 0, 0, 1, 8, 0, 0, 0, 0, 0, 0, 0, 0, 0, 0, 0, 0, 0, 0, 0, 0, 0, 0, 0, 0, 0, 0, 0, 0, 0, 0, 0, 0, 0, 0, 0, 0, 0, 0, 0, 0], [0, 1, 1, 0, 0, 0, 0, 1, 2, 0, 0, 0, 2, 2, 1, 0, 1, 0, 0, 1, 1, 0, 0, 1, 1, 0, 0, 1, 0, 0, 1, 0, 0, 0, 0, 0, 0, 1, 0, 0, 1, 0, 0, 0, 0, 1, 1, 0, 1, 0, 0, 0, 0, 23, 0, 0, 0, 0, 0, 0, 1, 0, 4, 1, 3, 0, 0, 0, 1, 1, 0, 0, 0, 1, 0, 0, 0, 1, 1, 0, 0, 1, 0, 0, 0, 0, 0, 0, 2, 0, 0, 0, 1, 1, 0, 0, 1, 0, 1, 1], [0, 1, 1, 0, 0, 1, 0, 3, 0, 0, 1, 1, 1, 0, 3, 1, 0, 1, 0, 1, 3, 0, 1, 0, 1, 0, 0, 0, 0, 0, 0, 0, 1, 1, 1, 0, 0, 0, 0, 0, 1, 1, 0, 0, 1, 2, 2, 0, 0, 1, 1, 2, 1, 22, 0, 0, 0, 0, 0, 0, 0, 1, 4, 4, 0, 0, 0, 0, 2, 2, 1, 0, 5, 3, 1, 0, 1, 3, 0, 2, 1, 1, 1, 0, 0, 0, 0, 0, 0, 2, 2, 1, 1, 1, 1, 0, 0, 0, 0, 2], [2, 0, 2, 1, 1, 0, 0, 1, 1, 0, 1, 3, 0, 1, 0, 0, 2, 0, 0, 0, 1, 2, 2, 2, 2, 1, 1, 0, 1, 1, 0, 1, 0, 0, 0, 4, 3, 3, 0, 3, 1, 1, 2, 1, 1, 4, 1, 0, 1, 0, 2, 1, 1, 18, 3, 0, 0, 1, 2, 0, 1, 1, 7, 2, 1, 0, 1, 2, 0, 0, 0, 0, 0, 2, 2, 1, 0, 0, 1, 1, 1, 0, 1, 1, 2, 1, 0, 1, 2, 1, 1, 2, 1, 1, 2, 2, 0, 2, 1, 1], [2, 2, 3, 0, 0, 0, 0, 4, 1, 2, 3, 1, 1, 1, 1, 1, 2, 0, 1, 1, 2, 3, 1, 3, 2, 2, 0, 1, 2, 1, 0, 3, 4, 2, 1, 1, 1, 2, 0, 4, 1, 0, 1, 0, 1, 1, 1, 1, 1, 0, 1, 2, 3, 21, 1, 1, 1, 2, 2, 3, 1, 1, 2, 0, 2, 2, 2, 1, 3, 0, 3, 0, 2, 3, 1, 1, 2, 1, 0, 1, 1, 1, 1, 0, 2, 1, 0, 2, 1, 1, 2, 2, 0, 0, 0, 0, 2, 2, 1, 1], [2, 2, 2, 2, 0, 2, 2, 5, 1, 2, 2, 2, 1, 2, 2, 1, 2, 2, 1, 3, 2, 4, 2, 2, 3, 2, 3, 1, 0, 3, 1, 1, 1, 2, 0, 0, 0, 0, 1, 0, 0, 3, 2, 2, 2, 0, 1, 1, 3, 2, 0, 1, 3, 36, 4, 2, 0, 2, 2, 0, 2, 1, 4, 4, 2, 2, 1, 4, 2, 1, 1, 2, 0, 3, 2, 2, 1, 0, 2, 2, 1, 2, 1, 2, 2, 1, 2, 0, 1, 1, 0, 1, 0, 2, 2, 1, 0, 0, 2, 4], [2, 0, 2, 2, 1, 3, 3, 2, 2, 2, 1, 2, 4, 1, 3, 0, 1, 3, 2, 2, 2, 1, 1, 1, 1, 1, 3, 2, 2, 1, 3, 0, 0, 3, 5, 1, 1, 1, 1, 1, 4, 0, 5, 2, 0, 2, 2, 2, 1, 4, 2, 1, 1, 2, 1, 1, 4, 2, 2, 0, 1, 3, 1, 2, 0, 0, 0, 0, 1, 2, 4, 2, 0, 2, 4, 2, 0, 1, 0, 0, 2, 1, 1, 0, 4, 3, 2, 0, 0, 3, 2, 0, 2, 6, 1, 2, 2, 1, 2, 2], [1, 1, 2, 2, 1, 4, 0, 1, 1, 3, 1, 1, 3, 0, 0, 0, 2, 1, 1, 0, 1, 1, 1, 2, 1, 3, 2, 1, 3, 2, 1, 2, 2, 0, 1, 2, 2, 2, 1, 1, 2, 1, 2, 1, 1, 5, 4, 0, 1, 2, 0, 1, 0, 2, 4, 2, 0, 3, 6, 3, 4, 1, 2, 4, 1, 0, 1, 1, 1, 3, 2, 1, 1, 1, 2, 2, 1, 0, 2, 1, 3, 0, 2, 0, 4, 1, 0, 2, 1, 2, 1, 2, 1, 0, 1, 1, 2, 1, 0, 3], [1, 2, 1, 3, 1, 2, 1, 3, 1, 2, 2, 1, 2, 3, 2, 0, 0, 0, 1, 0, 1, 2, 0, 0, 2, 2, 0, 1, 2, 1, 1, 3, 1, 1, 0, 1, 2, 1, 1, 1, 0, 3, 0, 0, 0, 1, 3, 1, 1, 2, 1, 1, 2, 0, 0, 1, 2, 1, 0, 3, 2, 0, 2, 1, 0, 2, 2, 3, 1, 0, 0, 1, 0, 0, 0, 1, 3, 1, 0, 2, 3, 0, 1, 2, 3, 1, 2, 1, 1, 0, 1, 3, 0, 1, 1, 3, 1, 2, 1, 1], [0, 1, 1, 2, 0, 0, 1, 1, 2, 0, 1, 0, 0, 0, 0, 2, 0, 1, 0, 1, 1, 2, 0, 1, 2, 0, 1, 0, 1, 0, 1, 1, 0, 1, 2, 1, 3, 0, 0, 1, 1, 2, 1, 1, 1, 2, 1, 0, 2, 0, 2, 2, 3, 2, 2, 1, 1, 0, 0, 1, 2, 0, 2, 1, 0, 1, 0, 0, 0, 0, 3, 2, 0, 0, 1, 2, 0, 1, 1, 0, 1, 1, 0, 0, 0, 2, 2, 0, 0, 0, 0, 1, 1, 1, 0, 0, 0, 0, 1, 4], [0, 0, 1, 0, 0, 0, 0, 1, 0, 0, 1, 0, 1, 0, 0, 1, 1, 1, 0, 0, 1, 0, 0, 0, 0, 0, 0, 1, 1, 0, 2, 0, 1, 0, 2, 2, 1, 1, 0, 1, 0, 0, 0, 2, 0, 0, 1, 0, 0, 0, 0, 0, 2, 2, 0, 0, 0, 1, 1, 0, 0, 0, 0, 0, 0, 0, 0, 2, 1, 0, 0, 1, 1, 0, 2, 2, 2, 1, 1, 0, 0, 1, 1, 1, 0, 0, 0, 0, 2, 2, 0, 0, 0, 1, 1, 0, 0, 1, 0, 1], [1, 0, 0, 0, 0, 0, 0, 0, 2, 1, 0, 0, 0, 2, 0, 0, 0, 0, 1, 1, 0, 0, 0, 0, 0, 0, 0, 0, 1, 0, 0, 0, 0, 0, 1, 1, 0, 0, 1, 0, 1, 0, 0, 0, 0, 0, 0, 0, 0, 2, 1, 0, 0, 0, 0, 1, 0, 0, 0, 0, 0, 0, 0, 1, 0, 0, 0, 0, 0, 0, 0, 0, 1, 1, 0, 0, 0, 0, 0, 1, 0, 0, 1, 0, 0, 0, 0, 1, 0, 0, 0, 0, 0, 0, 0, 0, 0, 0, 0, 0]]
MAX_USER_PER_ANTENNAS_m:  [40, 40, 40, 40, 40, 40, 40, 40, 40, 40, 40, 40, 40, 40, 40, 40, 40, 40, 40, 40, 40, 40, 40, 40, 40, 40, 40, 40, 40, 40, 40, 40, 40, 40, 40, 40, 40, 40, 40, 40, 40, 40, 40, 40, 40, 40, 40, 40, 40, 40, 40, 40, 40, 40, 40, 40, 40, 40, 40, 40, 40, 40, 40, 40, 40, 40, 40, 40, 40, 40, 40, 40, 40, 40, 40, 40, 40, 40, 40, 40, 40, 40, 40, 40, 40, 40, 40, 40, 40, 40, 40, 40, 40, 40, 40, 40, 40, 40, 40, 40]
antennas_map_m:  [1, 1, 1, 1, 1, 1, 1, 1, 1, 1, 1, 1, 1, 1, 1, 1, 1, 1, 1, 1, 1, 1, 1, 1, 1, 1, 1, 1, 1, 1, 1, 1, 1, 1, 1, 1, 1, 1, 1, 1, 1, 1, 1, 1, 1, 1, 1, 1, 1, 1, 1, 1, 1, 1, 1, 1, 1, 1, 1, 1, 1, 1, 1, 1, 1, 1, 1, 1, 1, 1, 1, 1, 1, 1, 1, 1, 1, 1, 1, 1, 1, 1, 1, 1, 1, 1, 1, 1, 1, 1, 1, 1, 1, 1, 1, 1, 1, 1, 1, 1]
FIRST_ANTENNA:  33
MIN_SNR_m:  [3.1622776601683795, 3.1622776601683795, 3.1622776601683795, 3.1622776601683795, 3.1622776601683795, 3.1622776601683795, 3.1622776601683795, 3.1622776601683795, 3.1622776601683795, 3.1622776601683795, 3.1622776601683795, 3.1622776601683795, 3.1622776601683795, 3.1622776601683795, 3.1622776601683795, 3.1622776601683795, 3.1622776601683795, 3.1622776601683795, 3.1622776601683795, 3.1622776601683795, 3.1622776601683795, 3.1622776601683795, 3.1622776601683795, 3.1622776601683795, 3.1622776601683795, 3.1622776601683795, 3.1622776601683795, 3.1622776601683795, 3.1622776601683795, 3.1622776601683795, 3.1622776601683795, 3.1622776601683795, 3.1622776601683795, 3.1622776601683795, 3.1622776601683795, 3.1622776601683795, 3.1622776601683795, 3.1622776601683795, 3.1622776601683795, 3.1622776601683795, 3.1622776601683795, 3.1622776601683795, 3.1622776601683795, 3.1622776601683795, 3.1622776601683795, 3.1622776601683795, 3.1622776601683795, 3.1622776601683795, 3.1622776601683795, 3.1622776601683795, 3.1622776601683795, 3.1622776601683795, 3.1622776601683795, 3.1622776601683795, 3.1622776601683795, 3.1622776601683795, 3.1622776601683795, 3.1622776601683795, 3.1622776601683795, 3.1622776601683795, 3.1622776601683795, 3.1622776601683795, 3.1622776601683795, 3.1622776601683795, 3.1622776601683795, 3.1622776601683795, 3.1622776601683795, 3.1622776601683795, 3.1622776601683795, 3.1622776601683795, 3.1622776601683795, 3.1622776601683795, 3.1622776601683795, 3.1622776601683795, 3.1622776601683795, 3.1622776601683795, 3.1622776601683795, 3.1622776601683795, 3.1622776601683795, 3.1622776601683795, 3.1622776601683795, 3.1622776601683795, 3.1622776601683795, 3.1622776601683795, 3.1622776601683795, 3.1622776601683795, 3.1622776601683795, 3.1622776601683795, 3.1622776601683795, 3.1622776601683795, 3.1622776601683795, 3.1622776601683795, 3.1622776601683795, 3.1622776601683795, 3.1622776601683795, 3.1622776601683795, 3.1622776601683795, 3.1622776601683795, 3.1622776601683795, 3.1622776601683795]
-MIN_DIST:  2000
- disaster percentage:  0

Slice 0
528.3186688312579
Fitnes _wolf:  9.119221717944443
The set of antennas serves the scenario in the respective slice.
Results:  [array([33])]

Slice 1
Fitnes _wolf:  -inf

Run GWO to deployment +1 antenna on the map
	Pack size:  50
	Wolf dimension 1
	Max iter 100
	antennas_regions:  [33]
	users_regions:  [ 1  2  7  8 12 13 14 16 19 20 23 24 27 30 37 40 45 46 48 53 60 62 63 64
 68 69 73 77 78 81 88 92 93 96 98 99]
	Fitness function:  <function fitness_pgwo3 at 0x7f1105880170>
	Seed_base:  0
initial_alpha:  Wolf 0 (0). Fitness: -inf
	(3377.6874061001927, 3031.8176117612097, 0). Region: 78
initial_beta:  Wolf 1 (1). Fitness: -inf
	(537.4569764496049, 3389.7349477489306, 0). Region: 81
initial_delta:  Wolf 2 (2). Fitness: -inf
	(3824.1370875569974, 3791.3099482373977, 0). Region: 99 

iter = 10
Alpha wolf:  Wolf 0 (0). Fitness: -inf
	(2707.1555633038897, 1693.9695453093293, 0.0). Region: 46
iter = 20
Alpha wolf:  Wolf 0 (0). Fitness: -inf
	(2664.8223123016487, 598.7303219539265, 0.0). Region: 16
iter = 30
Alpha wolf:  Wolf 0 (0). Fitness: -inf
	(1282.8757763871945, 153.51939188676414, 0.0). Region: 3
iter = 40
Alpha wolf:  Wolf 0 (0). Fitness: -inf
	(1965.3350755254971, 83.08357563155693, 0.0). Region: 4
iter = 50
Alpha wolf:  Wolf 0 (0). Fitness: -inf
	(1689.333302081211, 109.49205229439542, 0.0). Region: 4
iter = 60
Alpha wolf:  Wolf 0 (0). Fitness: -inf
	(2514.2494466702706, 54.76788046852023, 0.0). Region: 6
iter = 70
Alpha wolf:  Wolf 0 (0). Fitness: -inf
	(1755.1857719629681, 58.887827840463764, 0.0). Region: 4
iter = 80
Alpha wolf:  Wolf 0 (0). Fitness: -inf
	(1768.3650232499426, 74.49487933139137, 0.0). Region: 4
iter = 90
Alpha wolf:  Wolf 0 (0). Fitness: -inf
	(1697.7365012331531, 62.23656123072165, 0.0). Region: 4

- Finishing GWO - 


Run GWO to deployment +2 antenna on the map
	Pack size:  50
	Wolf dimension 2
	Max iter 100
	antennas_regions:  [33]
	users_regions:  [ 1  2  7  8 12 13 14 16 19 20 23 24 27 30 37 40 45 46 48 53 60 62 63 64
 68 69 73 77 78 81 88 92 93 96 98 99]
	Fitness function:  <function fitness_pgwo3 at 0x7f1105880170>
	Seed_base:  50
initial_alpha:  Wolf 0 (50). Fitness: -inf
	(1990.1462750344092, 1064.6948922901624, 0). Region: 24
	(2549.644645774764, 969.9190167350506, 0). Region: 26
initial_beta:  Wolf 1 (51). Fitness: -inf
	(974.071050837348, 2008.835958012624, 0). Region: 52
	(647.7500571632238, 3284.888863373125, 0). Region: 81
initial_delta:  Wolf 2 (52). Fitness: -inf
	(3913.4194334839867, 218.09062004182954, 0). Region: 9
	(2902.6468846973, 1935.4469732977698, 0). Region: 47 

The alpha wolf has been updated to a position with higher fitness. iter = 8
New alpha wolf:  Wolf 44 (94). Fitness: 6.841536190106178
	(2770.3985190295125, 1207.1261935821208, 0.0). Region: 36
	(1903.7353073260576, 3030.7094150090625, 0.0). Region: 74
iter = 10
Alpha wolf:  Wolf 44 (94). Fitness: 6.841536190106178
	(2770.3985190295125, 1207.1261935821208, 0.0). Region: 36
	(1903.7353073260576, 3030.7094150090625, 0.0). Region: 74
The alpha wolf has been updated to a position with higher fitness. iter = 17
New alpha wolf:  Wolf 34 (84). Fitness: 32.39945193704217
	(2371.665929693503, 1458.7124829003726, 0.0). Region: 35
	(2227.1130107081767, 3594.2890420885005, 0.0). Region: 85
iter = 20
Alpha wolf:  Wolf 34 (84). Fitness: 32.39945193704217
	(2371.665929693503, 1458.7124829003726, 0.0). Region: 35
	(2227.1130107081767, 3594.2890420885005, 0.0). Region: 85
iter = 30
Alpha wolf:  Wolf 34 (84). Fitness: 32.39945193704217
	(2371.665929693503, 1458.7124829003726, 0.0). Region: 35
	(2227.1130107081767, 3594.2890420885005, 0.0). Region: 85
iter = 40
Alpha wolf:  Wolf 34 (84). Fitness: 32.39945193704217
	(2371.665929693503, 1458.7124829003726, 0.0). Region: 35
	(2227.1130107081767, 3594.2890420885005, 0.0). Region: 85
iter = 50
Alpha wolf:  Wolf 34 (84). Fitness: 32.39945193704217
	(2371.665929693503, 1458.7124829003726, 0.0). Region: 35
	(2227.1130107081767, 3594.2890420885005, 0.0). Region: 85
iter = 60
Alpha wolf:  Wolf 34 (84). Fitness: 32.39945193704217
	(2392.502770193617, 1480.355295054874, 0.0). Region: 35
	(2362.2544583951735, 3253.418999412052, 0.0). Region: 85
iter = 70
Alpha wolf:  Wolf 34 (84). Fitness: 32.39945193704217
	(2392.502770193617, 1480.355295054874, 0.0). Region: 35
	(2362.2544583951735, 3253.418999412052, 0.0). Region: 85
iter = 80
Alpha wolf:  Wolf 34 (84). Fitness: 32.39945193704217
	(2399.223475027506, 1433.0477504754772, 0.0). Region: 35
	(2045.3016010185204, 3204.837821918776, 0.0). Region: 85
iter = 90
Alpha wolf:  Wolf 34 (84). Fitness: 32.39945193704217
	(2199.3181321986194, 1476.6864801174845, 0.0). Region: 35
	(2358.3099601240947, 3405.5714812819842, 0.0). Region: 85

- Finishing GWO - 

Best solution:  Wolf 34 (84). Fitness: 32.39945193704217
	(2296.8165949027252, 1367.3364365995458, 0.0). Region: 35
	(2111.628350151722, 3295.9769481469248, 0.0). Region: 85
Antennas in slice 1:  [33 35 85]
Results:  [array([33]), array([33, 35, 85])]

Slice 2
Fitnes _wolf:  -inf

Run GWO to deployment +1 antenna on the map
	Pack size:  50
	Wolf dimension 1
	Max iter 100
	antennas_regions:  [33 35 85]
	users_regions:  [ 1  2  5  7 10 11 12 14 15 17 19 20 22 24 32 33 34 40 41 44 45 46 49 50
 51 52 53 61 62 63 68 69 70 72 73 74 76 77 79 80 81 82 89 90 91 92 93 94
 99]
	Fitness function:  <function fitness_pgwo3 at 0x7f1105880170>
	Seed_base:  100
initial_alpha:  Wolf 0 (100). Fitness: -inf
	(582.6770204165213, 1819.7080180560854, 0). Region: 41
initial_beta:  Wolf 1 (101). Fitness: -inf
	(2324.6085300182585, 779.0179821365468, 0). Region: 15
initial_delta:  Wolf 2 (102). Fitness: -inf
	(592.6848255483344, 2463.8611483048944, 0). Region: 61 

The alpha wolf has been updated to a position with higher fitness. iter = 0
New alpha wolf:  Wolf 37 (137). Fitness: 2.817861993152166e-06
	(880.4649788691422, 2432.6904550826885, 0.0). Region: 62
The alpha wolf has been updated to a position with higher fitness. iter = 1
New alpha wolf:  Wolf 37 (137). Fitness: 1.1250833543287786e-05
	(2215.0282708772065, 3803.196362438701, 0.0). Region: 95
The alpha wolf has been updated to a position with higher fitness. iter = 2
New alpha wolf:  Wolf 10 (110). Fitness: 1.4315194275763279e-05
	(1989.9487918526743, 2211.93589272973, 0.0). Region: 54
iter = 10
Alpha wolf:  Wolf 10 (110). Fitness: 1.4315194275763279e-05
	(1711.4373373495573, 2077.9062573624965, 0.0). Region: 54
iter = 20
Alpha wolf:  Wolf 10 (110). Fitness: 1.4315194275763279e-05
	(1712.1599646105483, 2377.127894423436, 0.0). Region: 54
iter = 30
Alpha wolf:  Wolf 10 (110). Fitness: 1.4315194275763279e-05
	(1712.1599646105483, 2377.127894423436, 0.0). Region: 54
iter = 40
Alpha wolf:  Wolf 10 (110). Fitness: 1.4315194275763279e-05
	(1712.1599646105483, 2377.127894423436, 0.0). Region: 54
iter = 50
Alpha wolf:  Wolf 10 (110). Fitness: 1.4315194275763279e-05
	(1791.175697232593, 2192.237953901371, 0.0). Region: 54
iter = 60
Alpha wolf:  Wolf 10 (110). Fitness: 1.4315194275763279e-05
	(1615.439636628612, 2245.2683406737733, 0.0). Region: 54
iter = 70
Alpha wolf:  Wolf 10 (110). Fitness: 1.4315194275763279e-05
	(1748.2959042337625, 2301.825541874793, 0.0). Region: 54
iter = 80
Alpha wolf:  Wolf 10 (110). Fitness: 1.4315194275763279e-05
	(1779.8742668867012, 2175.686413464466, 0.0). Region: 54
iter = 90
Alpha wolf:  Wolf 10 (110). Fitness: 1.4315194275763279e-05
	(1692.2448288043927, 2185.7620828211548, 0.0). Region: 54

- Finishing GWO - 

Best solution:  Wolf 10 (110). Fitness: 1.4315194275763279e-05
	(1669.1580634023521, 2244.438411929499, 0.0). Region: 54
Antennas in slice 2:  [33 35 54 85]
Results:  [array([33]), array([33, 35, 85]), array([33, 35, 54, 85])]

Slice 3
Fitnes _wolf:  -inf

Run GWO to deployment +1 antenna on the map
	Pack size:  50
	Wolf dimension 1
	Max iter 100
	antennas_regions:  [33 35 54 85]
	users_regions:  [ 0  2  3  4  7  8 10 11 13 16 20 21 22 23 24 25 26 28 29 31 35 36 37 39
 40 41 42 43 44 45 46 48 50 51 52 53 54 57 58 60 61 62 63 64 66 67 73 74
 75 78 79 80 82 83 84 85 87 88 89 90 91 92 93 94 95 97 98 99]
	Fitness function:  <function fitness_pgwo3 at 0x7f1105880170>
	Seed_base:  150
initial_alpha:  Wolf 41 (191). Fitness: 5.074580416980017e-05
	(3036.7007710799053, 3148.2619509958736, 0). Region: 77
initial_beta:  Wolf 29 (179). Fitness: 4.9098461857520914e-05
	(3606.0056345615185, 792.7118278951082, 0). Region: 19
initial_delta:  Wolf 31 (181). Fitness: 4.799236836988138e-05
	(2323.7676232689546, 421.24831848181674, 0). Region: 15 

The alpha wolf has been updated to a position with higher fitness. iter = 0
New alpha wolf:  Wolf 40 (190). Fitness: 5.22758741936689e-05
	(2561.2845846872287, 2118.3206015720216, 0.0). Region: 56
The alpha wolf has been updated to a position with higher fitness. iter = 1
New alpha wolf:  Wolf 23 (173). Fitness: 5.254456256293267e-05
	(2704.2360239331742, 2419.6117564843235, 0.0). Region: 66
iter = 10
Alpha wolf:  Wolf 23 (173). Fitness: 5.254456256293267e-05
	(2480.0290155298353, 2609.7816742124014, 0.0). Region: 66
iter = 20
Alpha wolf:  Wolf 23 (173). Fitness: 5.254456256293267e-05
	(2701.9508961632528, 2674.0859372742884, 0.0). Region: 66
iter = 30
Alpha wolf:  Wolf 23 (173). Fitness: 5.254456256293267e-05
	(2701.9508961632528, 2674.0859372742884, 0.0). Region: 66
iter = 40
Alpha wolf:  Wolf 23 (173). Fitness: 5.254456256293267e-05
	(2517.088162579472, 2749.8208194586296, 0.0). Region: 66
iter = 50
Alpha wolf:  Wolf 23 (173). Fitness: 5.254456256293267e-05
	(2700.977160236036, 2544.6622442676144, 0.0). Region: 66
iter = 60
Alpha wolf:  Wolf 23 (173). Fitness: 5.254456256293267e-05
	(2700.977160236036, 2544.6622442676144, 0.0). Region: 66
iter = 70
Alpha wolf:  Wolf 23 (173). Fitness: 5.254456256293267e-05
	(2502.2755594485607, 2619.7757698014834, 0.0). Region: 66
iter = 80
Alpha wolf:  Wolf 23 (173). Fitness: 5.254456256293267e-05
	(2692.1774499122785, 2592.0053484067826, 0.0). Region: 66
iter = 90
Alpha wolf:  Wolf 23 (173). Fitness: 5.254456256293267e-05
	(2578.8481448261873, 2636.9825787106765, 0.0). Region: 66

- Finishing GWO - 

Best solution:  Wolf 23 (173). Fitness: 5.254456256293267e-05
	(2614.2390366533937, 2639.417682055021, 0.0). Region: 66
Antennas in slice 3:  [33 35 54 66 85]
Results:  [array([33]), array([33, 35, 85]), array([33, 35, 54, 85]), array([33, 35, 54, 66, 85])]

Slice 4
Fitnes _wolf:  0.0001062732573593985
The set of antennas serves the scenario in the respective slice.
Results:  [array([33]), array([33, 35, 85]), array([33, 35, 54, 85]), array([33, 35, 54, 66, 85]), array([33, 35, 54, 66, 85])]

Slice 5
Fitnes _wolf:  1.397810715133045e-05
The set of antennas serves the scenario in the respective slice.
Results:  [array([33]), array([33, 35, 85]), array([33, 35, 54, 85]), array([33, 35, 54, 66, 85]), array([33, 35, 54, 66, 85]), array([33, 35, 54, 66, 85])]

Slice 6
Fitnes _wolf:  0.00011136094757443658
The set of antennas serves the scenario in the respective slice.
Results:  [array([33]), array([33, 35, 85]), array([33, 35, 54, 85]), array([33, 35, 54, 66, 85]), array([33, 35, 54, 66, 85]), array([33, 35, 54, 66, 85]), array([33, 35, 54, 66, 85])]

Slice 7
Fitnes _wolf:  3.533630323791212e-05
The set of antennas serves the scenario in the respective slice.
Results:  [array([33]), array([33, 35, 85]), array([33, 35, 54, 85]), array([33, 35, 54, 66, 85]), array([33, 35, 54, 66, 85]), array([33, 35, 54, 66, 85]), array([33, 35, 54, 66, 85]), array([33, 35, 54, 66, 85])]

Slice 8
Fitnes _wolf:  2.8818635531396224e-05
The set of antennas serves the scenario in the respective slice.
Results:  [array([33]), array([33, 35, 85]), array([33, 35, 54, 85]), array([33, 35, 54, 66, 85]), array([33, 35, 54, 66, 85]), array([33, 35, 54, 66, 85]), array([33, 35, 54, 66, 85]), array([33, 35, 54, 66, 85]), array([33, 35, 54, 66, 85])]

Slice 9
Fitnes _wolf:  1.3034511608548819e-05
The set of antennas serves the scenario in the respective slice.
Results:  [array([33]), array([33, 35, 85]), array([33, 35, 54, 85]), array([33, 35, 54, 66, 85]), array([33, 35, 54, 66, 85]), array([33, 35, 54, 66, 85]), array([33, 35, 54, 66, 85]), array([33, 35, 54, 66, 85]), array([33, 35, 54, 66, 85]), array([33, 35, 54, 66, 85])]

Slice 10
Fitnes _wolf:  0.0001240703286945797
The set of antennas serves the scenario in the respective slice.
Results:  [array([33]), array([33, 35, 85]), array([33, 35, 54, 85]), array([33, 35, 54, 66, 85]), array([33, 35, 54, 66, 85]), array([33, 35, 54, 66, 85]), array([33, 35, 54, 66, 85]), array([33, 35, 54, 66, 85]), array([33, 35, 54, 66, 85]), array([33, 35, 54, 66, 85]), array([33, 35, 54, 66, 85])]

Slice 11
Fitnes _wolf:  0.00011558697921744975
The set of antennas serves the scenario in the respective slice.
Results:  [array([33]), array([33, 35, 85]), array([33, 35, 54, 85]), array([33, 35, 54, 66, 85]), array([33, 35, 54, 66, 85]), array([33, 35, 54, 66, 85]), array([33, 35, 54, 66, 85]), array([33, 35, 54, 66, 85]), array([33, 35, 54, 66, 85]), array([33, 35, 54, 66, 85]), array([33, 35, 54, 66, 85]), array([33, 35, 54, 66, 85])]
Results:  [array([33]), array([33, 35, 85]), array([33, 35, 54, 85]), array([33, 35, 54, 66, 85]), array([33, 35, 54, 66, 85]), array([33, 35, 54, 66, 85]), array([33, 35, 54, 66, 85]), array([33, 35, 54, 66, 85]), array([33, 35, 54, 66, 85]), array([33, 35, 54, 66, 85]), array([33, 35, 54, 66, 85]), array([33, 35, 54, 66, 85])]

Média de carros: 4.416666666666667
t=0
Antennas: [33]
Users: [52 53 62 63]
connections:  {52: 33, 53: 33, 62: 33, 63: 33}
$x_{0,33}$
	 $y_{0,33,52}$ = 14.271212923718679 dB
	 $y_{0,33,53}$ = 10.052772949226977 dB
	 $y_{0,33,62}$ = 12.85593952024405 dB
	 $y_{0,33,63}$ = 6.549725254771857 dB
		SNR medio:  1.249418589941759
		Usuarios totais: 35
Distances:
t=1
Antennas: [33 35 85]
Users: [ 1  2  7  8 12 13 14 16 19 20 23 24 27 30 37 40 45 46 48 53 60 62 63 64
 68 69 73 77 78 81 88 92 93 96 98 99]
connections:  {7: 35, 8: 35, 12: 33, 19: 35, 30: 33, 40: 33, 48: 35, 60: 85, 78: 85, 81: 85, 88: 85, 93: 85, 96: 85, 98: 85, 99: 85, 1: 35, 2: 35, 13: 35, 14: 35, 16: 35, 20: 35, 24: 35, 27: 35, 37: 35, 62: 35, 63: 35, 69: 35, 73: 35, 77: 85, 92: 85, 23: 35, 45: 35, 46: 35, 53: 85, 64: 85, 68: 85}
$x_{1,33}$
	 $y_{1,33,12}$ = 20.31679934020444 dB
	 $y_{1,33,30}$ = 18.30216859357523 dB
	 $y_{1,33,40}$ = 9.099949316631125 dB
		SNR medio:  11.9297293126027
		Usuarios totais: 4
$x_{1,35}$
	 $y_{1,35,7}$ = 11.58519325538174 dB
	 $y_{1,35,8}$ = 11.355078501362456 dB
	 $y_{1,35,19}$ = 7.24109773705726 dB
	 $y_{1,35,48}$ = 7.897941408461321 dB
	 $y_{1,35,1}$ = 7.5774457852083685 dB
	 $y_{1,35,2}$ = 5.770269913098332 dB
	 $y_{1,35,13}$ = 14.059168149914058 dB
	 $y_{1,35,14}$ = 18.675595644071933 dB
	 $y_{1,35,16}$ = 23.100722664109952 dB
	 $y_{1,35,20}$ = 10.868728059250628 dB
	 $y_{1,35,24}$ = 20.480056013383106 dB
	 $y_{1,35,27}$ = 12.50428249577007 dB
	 $y_{1,35,37}$ = 23.62986638109959 dB
	 $y_{1,35,62}$ = 5.42303760637779 dB
	 $y_{1,35,63}$ = 6.779070720202611 dB
	 $y_{1,35,69}$ = 7.7906701495470685 dB
	 $y_{1,35,73}$ = 9.527688722876576 dB
	 $y_{1,35,23}$ = 19.957952033272477 dB
	 $y_{1,35,45}$ = 22.585549425227427 dB
	 $y_{1,35,46}$ = 23.78129810180414 dB
		SNR medio:  10.823628510699077
		Usuarios totais: 25
$x_{1,85}$
	 $y_{1,85,60}$ = 11.267491057087184 dB
	 $y_{1,85,78}$ = 14.866290372094213 dB
	 $y_{1,85,81}$ = 6.736855605932931 dB
	 $y_{1,85,88}$ = 9.334519498826012 dB
	 $y_{1,85,93}$ = 12.275803153456053 dB
	 $y_{1,85,96}$ = 15.91127875781514 dB
	 $y_{1,85,98}$ = 12.333666016768234 dB
	 $y_{1,85,99}$ = 5.2972006285283015 dB
	 $y_{1,85,77}$ = 21.500361826341802 dB
	 $y_{1,85,92}$ = 9.336052147183835 dB
	 $y_{1,85,53}$ = 7.6489772298753 dB
	 $y_{1,85,64}$ = 18.58040876431029 dB
	 $y_{1,85,68}$ = 13.122927875746043 dB
		SNR medio:  4.16346928773593
		Usuarios totais: 38
Distances:
33 : 35 = 800.0
33 : 85 = 2154.0659228538016
35 : 85 = 2000.0
t=2
Antennas: [33 35 54 85]
Users: [ 1  2  5  7 10 11 12 14 15 17 19 20 22 24 32 33 34 40 41 44 45 46 49 50
 51 52 53 61 62 63 68 69 70 72 73 74 76 77 79 80 81 82 89 90 91 92 93 94
 99]
connections:  {7: 35, 12: 33, 17: 35, 19: 35, 49: 35, 50: 33, 79: 85, 81: 85, 82: 85, 89: 54, 90: 54, 91: 85, 99: 85, 1: 35, 2: 35, 5: 35, 10: 54, 40: 54, 69: 35, 70: 85, 72: 85, 74: 85, 80: 85, 93: 85, 94: 85, 11: 35, 14: 35, 15: 35, 20: 35, 22: 35, 24: 35, 33: 33, 41: 85, 44: 35, 51: 35, 52: 35, 62: 35, 63: 35, 73: 35, 76: 35, 77: 85, 92: 85, 32: 35, 34: 35, 45: 85, 46: 85, 53: 54, 61: 35, 68: 54}
$x_{2,33}$
	 $y_{2,33,12}$ = 20.31679934020444 dB
	 $y_{2,33,50}$ = 12.258926201738802 dB
	 $y_{2,33,33}$ = 91.90078603717625 dB
		SNR medio:  41.492170526373165
		Usuarios totais: 3
$x_{2,35}$
	 $y_{2,35,7}$ = 11.58519325538174 dB
	 $y_{2,35,17}$ = 13.49900381401244 dB
	 $y_{2,35,19}$ = 7.24109773705726 dB
	 $y_{2,35,49}$ = 9.155917800121017 dB
	 $y_{2,35,1}$ = 7.5774457852083685 dB
	 $y_{2,35,2}$ = 5.770269913098332 dB
	 $y_{2,35,5}$ = 10.495685714068031 dB
	 $y_{2,35,69}$ = 7.7906701495470685 dB
	 $y_{2,35,11}$ = 7.457759952921265 dB
	 $y_{2,35,14}$ = 18.675595644071933 dB
	 $y_{2,35,15}$ = 13.820959512207821 dB
	 $y_{2,35,20}$ = 10.868728059250628 dB
	 $y_{2,35,22}$ = 13.312819132745929 dB
	 $y_{2,35,24}$ = 20.480056013383106 dB
	 $y_{2,35,44}$ = 18.690732510943732 dB
	 $y_{2,35,51}$ = 6.7261141630851 dB
	 $y_{2,35,52}$ = 7.484038172483821 dB
	 $y_{2,35,62}$ = 5.42303760637779 dB
	 $y_{2,35,63}$ = 6.779070720202611 dB
	 $y_{2,35,73}$ = 9.527688722876576 dB
	 $y_{2,35,76}$ = 7.604904532915157 dB
	 $y_{2,35,32}$ = 15.339902323629644 dB
	 $y_{2,35,34}$ = 28.895738379882047 dB
	 $y_{2,35,61}$ = 10.372394370899116 dB
		SNR medio:  6.8643705996592645
		Usuarios totais: 40
$x_{2,54}$
	 $y_{2,54,89}$ = 8.840147281891745 dB
	 $y_{2,54,90}$ = 6.72027032669277 dB
	 $y_{2,54,10}$ = 8.064335999602207 dB
	 $y_{2,54,40}$ = 8.727077094235142 dB
	 $y_{2,54,53}$ = 27.753315742050688 dB
	 $y_{2,54,68}$ = 9.5976103548835 dB
		SNR medio:  2.3234252266452016
		Usuarios totais: 30
$x_{2,85}$
	 $y_{2,85,79}$ = 12.672895291703682 dB
	 $y_{2,85,81}$ = 6.736855605932931 dB
	 $y_{2,85,82}$ = 16.02423100306126 dB
	 $y_{2,85,91}$ = 11.05636245901296 dB
	 $y_{2,85,99}$ = 5.2972006285283015 dB
	 $y_{2,85,70}$ = 5.938279314011567 dB
	 $y_{2,85,72}$ = 13.01976290589623 dB
	 $y_{2,85,74}$ = 15.20802873981765 dB
	 $y_{2,85,80}$ = 6.021496505887001 dB
	 $y_{2,85,93}$ = 12.275803153456053 dB
	 $y_{2,85,94}$ = 29.660827035870057 dB
	 $y_{2,85,41}$ = 9.077730352036127 dB
	 $y_{2,85,77}$ = 21.500361826341802 dB
	 $y_{2,85,92}$ = 9.336052147183835 dB
	 $y_{2,85,45}$ = 9.634344025298901 dB
	 $y_{2,85,46}$ = 15.006348945371656 dB
		SNR medio:  7.633329997669616
		Usuarios totais: 26
Distances:
33 : 35 = 800.0
33 : 54 = 894.4271909999159
33 : 85 = 2154.0659228538016
35 : 54 = 894.4271909999159
35 : 85 = 2000.0
54 : 85 = 1264.9110640673518
t=3
Antennas: [33 35 54 66 85]
Users: [ 0  2  3  4  7  8 10 11 13 16 20 21 22 23 24 25 26 28 29 31 35 36 37 39
 40 41 42 43 44 45 46 48 50 51 52 53 54 57 58 60 61 62 63 64 66 67 73 74
 75 78 79 80 82 83 84 85 87 88 89 90 91 92 93 94 95 97 98 99]
connections:  {0: 33, 8: 35, 29: 33, 39: 66, 50: 33, 90: 54, 91: 85, 99: 85, 2: 33, 4: 33, 7: 66, 10: 33, 21: 33, 28: 35, 31: 33, 40: 33, 60: 85, 78: 66, 79: 66, 82: 66, 87: 66, 89: 66, 95: 66, 97: 66, 98: 66, 3: 33, 11: 33, 13: 33, 16: 33, 20: 33, 22: 33, 41: 33, 43: 33, 48: 66, 51: 33, 52: 33, 58: 66, 74: 66, 80: 66, 83: 66, 84: 66, 88: 66, 93: 66, 94: 66, 23: 33, 24: 33, 25: 33, 35: 35, 37: 33, 42: 33, 44: 33, 62: 66, 63: 33, 92: 66, 26: 66, 36: 66, 45: 35, 46: 35, 53: 35, 54: 54, 57: 35, 61: 35, 64: 35, 66: 35, 67: 35, 73: 35, 75: 35, 85: 85}
$x_{3,33}$
	 $y_{3,33,0}$ = 8.722728466148823 dB
	 $y_{3,33,29}$ = 5.3018447582191754 dB
	 $y_{3,33,50}$ = 12.258926201738802 dB
	 $y_{3,33,2}$ = 16.185002894884477 dB
	 $y_{3,33,4}$ = 6.614706619013077 dB
	 $y_{3,33,10}$ = 11.52589894002719 dB
	 $y_{3,33,21}$ = 16.658092835871543 dB
	 $y_{3,33,31}$ = 17.071947062323048 dB
	 $y_{3,33,40}$ = 9.099949316631125 dB
	 $y_{3,33,3}$ = 11.161743872350229 dB
	 $y_{3,33,11}$ = 22.836547272337754 dB
	 $y_{3,33,13}$ = 15.979465281216179 dB
	 $y_{3,33,16}$ = 11.163713375894858 dB
	 $y_{3,33,20}$ = 17.74055986948686 dB
	 $y_{3,33,22}$ = 35.02326218453848 dB
	 $y_{3,33,41}$ = 13.833255798203723 dB
	 $y_{3,33,43}$ = 28.286014318353438 dB
	 $y_{3,33,51}$ = 22.771141926225198 dB
	 $y_{3,33,52}$ = 14.271212923718679 dB
	 $y_{3,33,23}$ = 25.798571630248603 dB
	 $y_{3,33,24}$ = 23.9224840486158 dB
	 $y_{3,33,25}$ = 19.581621732234836 dB
	 $y_{3,33,37}$ = 9.287842978402978 dB
	 $y_{3,33,42}$ = 19.932259650240937 dB
	 $y_{3,33,44}$ = 18.74470053680963 dB
	 $y_{3,33,63}$ = 6.549725254771857 dB
		SNR medio:  10.508080493712683
		Usuarios totais: 40
$x_{3,35}$
	 $y_{3,35,8}$ = 11.355078501362456 dB
	 $y_{3,35,28}$ = 10.16085722513472 dB
	 $y_{3,35,35}$ = 79.70355644431544 dB
	 $y_{3,35,45}$ = 22.585549425227427 dB
	 $y_{3,35,46}$ = 23.78129810180414 dB
	 $y_{3,35,53}$ = 10.827652381820911 dB
	 $y_{3,35,57}$ = 6.089676084603099 dB
	 $y_{3,35,61}$ = 10.372394370899116 dB
	 $y_{3,35,64}$ = 9.329716159063793 dB
	 $y_{3,35,66}$ = 12.20639330543662 dB
	 $y_{3,35,67}$ = 9.217192022124706 dB
	 $y_{3,35,73}$ = 9.527688722876576 dB
	 $y_{3,35,75}$ = 5.623662271668081 dB
		SNR medio:  5.810018816219396
		Usuarios totais: 38
$x_{3,54}$
	 $y_{3,54,90}$ = 6.72027032669277 dB
	 $y_{3,54,54}$ = 83.88810351127378 dB
		SNR medio:  22.65209345949164
		Usuarios totais: 4
$x_{3,66}$
	 $y_{3,66,39}$ = 9.243231817450464 dB
	 $y_{3,66,7}$ = 5.463717022859484 dB
	 $y_{3,66,78}$ = 11.81965518432932 dB
	 $y_{3,66,79}$ = 16.46878956690118 dB
	 $y_{3,66,82}$ = 5.7148070396919195 dB
	 $y_{3,66,87}$ = 15.865232852005164 dB
	 $y_{3,66,89}$ = 5.887676279573128 dB
	 $y_{3,66,95}$ = 14.707006844648419 dB
	 $y_{3,66,97}$ = 6.405393887252856 dB
	 $y_{3,66,98}$ = 8.426989014185665 dB
	 $y_{3,66,48}$ = 11.835256787418302 dB
	 $y_{3,66,58}$ = 17.69124609152422 dB
	 $y_{3,66,74}$ = 17.480484853166047 dB
	 $y_{3,66,80}$ = 6.594757984667268 dB
	 $y_{3,66,83}$ = 9.986043513071053 dB
	 $y_{3,66,84}$ = 16.27159210633836 dB
	 $y_{3,66,88}$ = 9.11039086849388 dB
	 $y_{3,66,93}$ = 6.929335247419459 dB
	 $y_{3,66,94}$ = 8.010284038619545 dB
	 $y_{3,66,62}$ = 15.632775089409407 dB
	 $y_{3,66,92}$ = 5.819428130128415 dB
	 $y_{3,66,26}$ = 10.85072464108103 dB
	 $y_{3,66,36}$ = 9.402085724481282 dB
		SNR medio:  6.140422614617897
		Usuarios totais: 40
$x_{3,85}$
	 $y_{3,85,91}$ = 11.05636245901296 dB
	 $y_{3,85,99}$ = 5.2972006285283015 dB
	 $y_{3,85,60}$ = 11.267491057087184 dB
	 $y_{3,85,85}$ = 81.32738501460489 dB
		SNR medio:  21.789687831846667
		Usuarios totais: 5
Distances:
33 : 35 = 800.0
33 : 54 = 894.4271909999159
33 : 66 = 1697.0562748477141
33 : 85 = 2154.0659228538016
35 : 54 = 894.4271909999159
35 : 66 = 1264.9110640673518
35 : 85 = 2000.0
54 : 66 = 894.4271909999159
54 : 85 = 1264.9110640673518
66 : 85 = 894.4271909999159
t=4
Antennas: [33 35 54 66 85]
Users: [ 0  1  2  7  8  9 10 11 12 13 14 15 16 18 19 20 21 22 23 24 25 27 28 29
 31 32 33 34 35 36 37 39 40 42 44 45 46 47 48 50 51 52 53 54 55 56 57 58
 59 60 61 62 64 65 66 67 68 70 72 73 74 75 76 77 79 80 81 82 84 85 87 88
 89 90 91 96 97 98 99]
connections:  {0: 33, 8: 35, 9: 35, 12: 33, 18: 35, 19: 35, 29: 33, 39: 66, 50: 33, 59: 66, 90: 54, 91: 85, 99: 85, 1: 33, 2: 33, 7: 66, 10: 33, 21: 33, 28: 35, 31: 33, 40: 33, 60: 85, 70: 33, 79: 66, 81: 66, 82: 66, 87: 66, 89: 66, 97: 66, 98: 66, 11: 33, 13: 33, 14: 33, 16: 33, 20: 33, 22: 33, 27: 33, 48: 66, 51: 33, 52: 33, 56: 66, 58: 66, 72: 66, 74: 66, 80: 66, 84: 66, 88: 66, 96: 66, 15: 33, 23: 35, 24: 33, 25: 66, 33: 66, 35: 35, 37: 66, 42: 35, 44: 66, 62: 35, 77: 85, 32: 35, 34: 35, 36: 35, 45: 35, 46: 35, 47: 35, 53: 85, 54: 54, 55: 85, 57: 85, 61: 85, 64: 85, 65: 85, 66: 85, 67: 85, 68: 85, 73: 35, 75: 35, 76: 35, 85: 35}
$x_{4,33}$
	 $y_{4,33,0}$ = 8.722728466148823 dB
	 $y_{4,33,12}$ = 20.31679934020444 dB
	 $y_{4,33,29}$ = 5.3018447582191754 dB
	 $y_{4,33,50}$ = 12.258926201738802 dB
	 $y_{4,33,1}$ = 10.059451986135997 dB
	 $y_{4,33,2}$ = 16.185002894884477 dB
	 $y_{4,33,10}$ = 11.52589894002719 dB
	 $y_{4,33,21}$ = 16.658092835871543 dB
	 $y_{4,33,31}$ = 17.071947062323048 dB
	 $y_{4,33,40}$ = 9.099949316631125 dB
	 $y_{4,33,70}$ = 5.989543096889506 dB
	 $y_{4,33,11}$ = 22.836547272337754 dB
	 $y_{4,33,13}$ = 15.979465281216179 dB
	 $y_{4,33,14}$ = 12.142991560352186 dB
	 $y_{4,33,16}$ = 11.163713375894858 dB
	 $y_{4,33,20}$ = 17.74055986948686 dB
	 $y_{4,33,22}$ = 35.02326218453848 dB
	 $y_{4,33,27}$ = 7.492861711542247 dB
	 $y_{4,33,51}$ = 22.771141926225198 dB
	 $y_{4,33,52}$ = 14.271212923718679 dB
	 $y_{4,33,15}$ = 18.977964348010445 dB
	 $y_{4,33,24}$ = 23.9224840486158 dB
		SNR medio:  8.38780973502532
		Usuarios totais: 40
$x_{4,35}$
	 $y_{4,35,8}$ = 11.355078501362456 dB
	 $y_{4,35,9}$ = 7.325837298402149 dB
	 $y_{4,35,18}$ = 7.307957288880914 dB
	 $y_{4,35,19}$ = 7.24109773705726 dB
	 $y_{4,35,28}$ = 10.16085722513472 dB
	 $y_{4,35,23}$ = 19.957952033272477 dB
	 $y_{4,35,35}$ = 79.70355644431544 dB
	 $y_{4,35,42}$ = 6.066497982849086 dB
	 $y_{4,35,62}$ = 5.42303760637779 dB
	 $y_{4,35,32}$ = 15.339902323629644 dB
	 $y_{4,35,34}$ = 28.895738379882047 dB
	 $y_{4,35,36}$ = 33.068517798724244 dB
	 $y_{4,35,45}$ = 22.585549425227427 dB
	 $y_{4,35,46}$ = 23.78129810180414 dB
	 $y_{4,35,47}$ = 18.897991673952603 dB
	 $y_{4,35,73}$ = 9.527688722876576 dB
	 $y_{4,35,75}$ = 5.623662271668081 dB
	 $y_{4,35,76}$ = 7.604904532915157 dB
	 $y_{4,35,85}$ = 5.00577178655351 dB
		SNR medio:  10.829096571162859
		Usuarios totais: 30
$x_{4,54}$
	 $y_{4,54,90}$ = 6.72027032669277 dB
	 $y_{4,54,54}$ = 83.88810351127378 dB
		SNR medio:  30.202791279322184
		Usuarios totais: 3
$x_{4,66}$
	 $y_{4,66,39}$ = 9.243231817450464 dB
	 $y_{4,66,59}$ = 7.199197793989725 dB
	 $y_{4,66,7}$ = 5.463717022859484 dB
	 $y_{4,66,79}$ = 16.46878956690118 dB
	 $y_{4,66,81}$ = 10.001661455919844 dB
	 $y_{4,66,82}$ = 5.7148070396919195 dB
	 $y_{4,66,87}$ = 15.865232852005164 dB
	 $y_{4,66,89}$ = 5.887676279573128 dB
	 $y_{4,66,97}$ = 6.405393887252856 dB
	 $y_{4,66,98}$ = 8.426989014185665 dB
	 $y_{4,66,48}$ = 11.835256787418302 dB
	 $y_{4,66,56}$ = 32.654630332807045 dB
	 $y_{4,66,58}$ = 17.69124609152422 dB
	 $y_{4,66,72}$ = 5.029777937064438 dB
	 $y_{4,66,74}$ = 17.480484853166047 dB
	 $y_{4,66,80}$ = 6.594757984667268 dB
	 $y_{4,66,84}$ = 16.27159210633836 dB
	 $y_{4,66,88}$ = 9.11039086849388 dB
	 $y_{4,66,96}$ = 17.673133786378088 dB
	 $y_{4,66,25}$ = 6.715375300354793 dB
	 $y_{4,66,33}$ = 8.660945929887575 dB
	 $y_{4,66,37}$ = 5.490516192145847 dB
	 $y_{4,66,44}$ = 13.054385820670745 dB
		SNR medio:  6.4734797680186515
		Usuarios totais: 40
$x_{4,85}$
	 $y_{4,85,91}$ = 11.05636245901296 dB
	 $y_{4,85,99}$ = 5.2972006285283015 dB
	 $y_{4,85,60}$ = 11.267491057087184 dB
	 $y_{4,85,77}$ = 21.500361826341802 dB
	 $y_{4,85,53}$ = 7.6489772298753 dB
	 $y_{4,85,55}$ = 16.180990829730774 dB
	 $y_{4,85,57}$ = 5.035242757223017 dB
	 $y_{4,85,61}$ = 9.312424402010066 dB
	 $y_{4,85,64}$ = 18.58040876431029 dB
	 $y_{4,85,65}$ = 20.581179222590862 dB
	 $y_{4,85,66}$ = 7.910905186629535 dB
	 $y_{4,85,67}$ = 12.635970059607416 dB
	 $y_{4,85,68}$ = 13.122927875746043 dB
		SNR medio:  4.003261057467339
		Usuarios totais: 40
Distances:
33 : 35 = 800.0
33 : 54 = 894.4271909999159
33 : 66 = 1697.0562748477141
33 : 85 = 2154.0659228538016
35 : 54 = 894.4271909999159
35 : 66 = 1264.9110640673518
35 : 85 = 2000.0
54 : 66 = 894.4271909999159
54 : 85 = 1264.9110640673518
66 : 85 = 894.4271909999159
t=5
Antennas: [33 35 54 66 85]
Users: [ 0  1  2  3  5  6  7  8  9 10 11 12 13 14 15 16 17 18 19 20 21 22 23 24
 25 26 27 29 30 31 32 33 38 41 42 43 44 46 47 48 49 51 52 53 54 55 57 58
 60 61 62 63 64 65 66 67 68 69 70 71 73 74 75 76 78 79 80 81 82 83 84 85
 86 88 89 91 93 94 95 98 99]
connections:  {0: 33, 6: 35, 8: 35, 9: 35, 12: 33, 18: 35, 19: 35, 29: 33, 30: 33, 71: 54, 91: 85, 99: 85, 1: 35, 2: 35, 5: 35, 7: 35, 10: 33, 17: 35, 21: 35, 31: 33, 49: 35, 60: 85, 70: 33, 78: 85, 79: 85, 81: 85, 82: 85, 89: 54, 95: 85, 98: 85, 3: 35, 11: 35, 13: 35, 14: 35, 16: 35, 20: 35, 22: 33, 27: 33, 43: 33, 48: 54, 51: 33, 52: 33, 58: 54, 69: 85, 15: 33, 23: 33, 24: 33, 25: 33, 33: 33, 38: 33, 41: 33, 42: 33, 44: 33, 47: 85, 62: 54, 63: 54, 67: 85, 73: 85, 74: 85, 76: 85, 80: 85, 83: 85, 84: 85, 85: 85, 86: 85, 88: 85, 93: 85, 94: 54, 26: 54, 32: 33, 46: 33, 53: 66, 54: 54, 55: 66, 57: 66, 61: 54, 64: 54, 65: 54, 66: 54, 68: 54, 75: 54}
$x_{5,33}$
	 $y_{5,33,0}$ = 8.722728466148823 dB
	 $y_{5,33,12}$ = 20.31679934020444 dB
	 $y_{5,33,29}$ = 5.3018447582191754 dB
	 $y_{5,33,30}$ = 18.30216859357523 dB
	 $y_{5,33,10}$ = 11.52589894002719 dB
	 $y_{5,33,31}$ = 17.071947062323048 dB
	 $y_{5,33,70}$ = 5.989543096889506 dB
	 $y_{5,33,22}$ = 35.02326218453848 dB
	 $y_{5,33,27}$ = 7.492861711542247 dB
	 $y_{5,33,43}$ = 28.286014318353438 dB
	 $y_{5,33,51}$ = 22.771141926225198 dB
	 $y_{5,33,52}$ = 14.271212923718679 dB
	 $y_{5,33,15}$ = 18.977964348010445 dB
	 $y_{5,33,23}$ = 25.798571630248603 dB
	 $y_{5,33,24}$ = 23.9224840486158 dB
	 $y_{5,33,25}$ = 19.581621732234836 dB
	 $y_{5,33,33}$ = 91.90078603717625 dB
	 $y_{5,33,38}$ = 7.0746354365412 dB
	 $y_{5,33,41}$ = 13.833255798203723 dB
	 $y_{5,33,42}$ = 19.932259650240937 dB
	 $y_{5,33,44}$ = 18.74470053680963 dB
	 $y_{5,33,32}$ = 23.104097313768705 dB
	 $y_{5,33,46}$ = 17.617416414800758 dB
		SNR medio:  11.88908040671041
		Usuarios totais: 40
$x_{5,35}$
	 $y_{5,35,6}$ = 7.983109669775587 dB
	 $y_{5,35,8}$ = 11.355078501362456 dB
	 $y_{5,35,9}$ = 7.325837298402149 dB
	 $y_{5,35,18}$ = 7.307957288880914 dB
	 $y_{5,35,19}$ = 7.24109773705726 dB
	 $y_{5,35,1}$ = 7.5774457852083685 dB
	 $y_{5,35,2}$ = 5.770269913098332 dB
	 $y_{5,35,5}$ = 10.495685714068031 dB
	 $y_{5,35,7}$ = 11.58519325538174 dB
	 $y_{5,35,17}$ = 13.49900381401244 dB
	 $y_{5,35,21}$ = 6.600761532187704 dB
	 $y_{5,35,49}$ = 9.155917800121017 dB
	 $y_{5,35,3}$ = 13.74925107566537 dB
	 $y_{5,35,11}$ = 7.457759952921265 dB
	 $y_{5,35,13}$ = 14.059168149914058 dB
	 $y_{5,35,14}$ = 18.675595644071933 dB
	 $y_{5,35,16}$ = 23.100722664109952 dB
	 $y_{5,35,20}$ = 10.868728059250628 dB
		SNR medio:  4.845214596387231
		Usuarios totais: 40
$x_{5,54}$
	 $y_{5,54,71}$ = 10.585683042971993 dB
	 $y_{5,54,89}$ = 8.840147281891745 dB
	 $y_{5,54,48}$ = 6.324493381728814 dB
	 $y_{5,54,58}$ = 8.776149364075197 dB
	 $y_{5,54,62}$ = 19.337838383255587 dB
	 $y_{5,54,63}$ = 23.31374490395497 dB
	 $y_{5,54,94}$ = 6.657552870782638 dB
	 $y_{5,54,26}$ = 10.72977102821018 dB
	 $y_{5,54,54}$ = 83.88810351127378 dB
	 $y_{5,54,61}$ = 5.070457610205523 dB
	 $y_{5,54,64}$ = 34.12961327707069 dB
	 $y_{5,54,65}$ = 23.43719365071874 dB
	 $y_{5,54,66}$ = 8.345240907553034 dB
	 $y_{5,54,68}$ = 9.5976103548835 dB
	 $y_{5,54,75}$ = 18.003354578863934 dB
		SNR medio:  7.9153415470697235
		Usuarios totais: 35
$x_{5,66}$
	 $y_{5,66,53}$ = 9.877815098015645 dB
	 $y_{5,66,55}$ = 25.697506476377143 dB
	 $y_{5,66,57}$ = 19.60928295164676 dB
		SNR medio:  1.3796151131509888
		Usuarios totais: 40
$x_{5,85}$
	 $y_{5,85,91}$ = 11.05636245901296 dB
	 $y_{5,85,99}$ = 5.2972006285283015 dB
	 $y_{5,85,60}$ = 11.267491057087184 dB
	 $y_{5,85,78}$ = 14.866290372094213 dB
	 $y_{5,85,79}$ = 12.672895291703682 dB
	 $y_{5,85,81}$ = 6.736855605932931 dB
	 $y_{5,85,82}$ = 16.02423100306126 dB
	 $y_{5,85,95}$ = 32.492160240845095 dB
	 $y_{5,85,98}$ = 12.333666016768234 dB
	 $y_{5,85,69}$ = 6.165928855496219 dB
	 $y_{5,85,47}$ = 9.635968776855066 dB
	 $y_{5,85,67}$ = 12.635970059607416 dB
	 $y_{5,85,73}$ = 14.835092810721449 dB
	 $y_{5,85,74}$ = 15.20802873981765 dB
	 $y_{5,85,76}$ = 25.1297900722912 dB
	 $y_{5,85,80}$ = 6.021496505887001 dB
	 $y_{5,85,83}$ = 14.810963759324352 dB
	 $y_{5,85,84}$ = 30.0019748331532 dB
	 $y_{5,85,85}$ = 81.32738501460489 dB
	 $y_{5,85,86}$ = 34.41958368805288 dB
	 $y_{5,85,88}$ = 9.334519498826012 dB
	 $y_{5,85,93}$ = 12.275803153456053 dB
		SNR medio:  9.863741461078181
		Usuarios totais: 40
Distances:
33 : 35 = 800.0
33 : 54 = 894.4271909999159
33 : 66 = 1697.0562748477141
33 : 85 = 2154.0659228538016
35 : 54 = 894.4271909999159
35 : 66 = 1264.9110640673518
35 : 85 = 2000.0
54 : 66 = 894.4271909999159
54 : 85 = 1264.9110640673518
66 : 85 = 894.4271909999159
t=6
Antennas: [33 35 54 66 85]
Users: [ 0  2  3  4  5  6  7  8  9 10 11 12 13 14 16 17 18 19 20 21 22 23 24 25
 26 27 28 29 30 33 34 35 36 37 38 39 40 42 43 45 46 47 48 49 50 51 52 53
 54 55 56 57 58 60 61 62 63 68 69 70 71 73 74 75 77 80 81 82 84 85 86 89
 90 92 93 94 95 96 97 98 99]
connections:  {0: 33, 6: 35, 8: 35, 9: 35, 12: 33, 18: 35, 19: 35, 29: 33, 30: 33, 39: 66, 50: 33, 71: 54, 90: 54, 99: 85, 2: 33, 4: 33, 5: 33, 7: 35, 10: 33, 17: 35, 21: 33, 28: 35, 40: 33, 49: 35, 60: 54, 70: 33, 81: 85, 82: 85, 89: 54, 95: 85, 97: 85, 98: 85, 3: 33, 11: 33, 13: 33, 14: 33, 16: 33, 20: 33, 22: 33, 27: 35, 43: 35, 51: 35, 52: 35, 23: 35, 24: 35, 25: 35, 33: 35, 35: 35, 37: 35, 38: 35, 42: 85, 48: 35, 56: 54, 58: 35, 62: 54, 63: 54, 69: 85, 26: 85, 34: 85, 36: 85, 45: 85, 46: 85, 47: 85, 53: 85, 54: 54, 55: 85, 57: 85, 61: 85, 68: 85, 73: 54, 74: 54, 75: 54, 77: 54, 80: 54, 84: 54, 85: 54, 86: 54, 92: 54, 93: 66, 94: 54, 96: 66}
$x_{6,33}$
	 $y_{6,33,0}$ = 8.722728466148823 dB
	 $y_{6,33,12}$ = 20.31679934020444 dB
	 $y_{6,33,29}$ = 5.3018447582191754 dB
	 $y_{6,33,30}$ = 18.30216859357523 dB
	 $y_{6,33,50}$ = 12.258926201738802 dB
	 $y_{6,33,2}$ = 16.185002894884477 dB
	 $y_{6,33,4}$ = 6.614706619013077 dB
	 $y_{6,33,5}$ = 5.163062429006857 dB
	 $y_{6,33,10}$ = 11.52589894002719 dB
	 $y_{6,33,21}$ = 16.658092835871543 dB
	 $y_{6,33,40}$ = 9.099949316631125 dB
	 $y_{6,33,70}$ = 5.989543096889506 dB
	 $y_{6,33,3}$ = 11.161743872350229 dB
	 $y_{6,33,11}$ = 22.836547272337754 dB
	 $y_{6,33,13}$ = 15.979465281216179 dB
	 $y_{6,33,14}$ = 12.142991560352186 dB
	 $y_{6,33,16}$ = 11.163713375894858 dB
	 $y_{6,33,20}$ = 17.74055986948686 dB
	 $y_{6,33,22}$ = 35.02326218453848 dB
		SNR medio:  6.55467517270967
		Usuarios totais: 40
$x_{6,35}$
	 $y_{6,35,6}$ = 7.983109669775587 dB
	 $y_{6,35,8}$ = 11.355078501362456 dB
	 $y_{6,35,9}$ = 7.325837298402149 dB
	 $y_{6,35,18}$ = 7.307957288880914 dB
	 $y_{6,35,19}$ = 7.24109773705726 dB
	 $y_{6,35,7}$ = 11.58519325538174 dB
	 $y_{6,35,17}$ = 13.49900381401244 dB
	 $y_{6,35,28}$ = 10.16085722513472 dB
	 $y_{6,35,49}$ = 9.155917800121017 dB
	 $y_{6,35,27}$ = 12.50428249577007 dB
	 $y_{6,35,43}$ = 27.201447289432664 dB
	 $y_{6,35,51}$ = 6.7261141630851 dB
	 $y_{6,35,52}$ = 7.484038172483821 dB
	 $y_{6,35,23}$ = 19.957952033272477 dB
	 $y_{6,35,24}$ = 20.480056013383106 dB
	 $y_{6,35,25}$ = 25.728507182922968 dB
	 $y_{6,35,33}$ = 13.813019451731236 dB
	 $y_{6,35,35}$ = 79.70355644431544 dB
	 $y_{6,35,37}$ = 23.62986638109959 dB
	 $y_{6,35,38}$ = 15.10899588661826 dB
	 $y_{6,35,48}$ = 7.897941408461321 dB
	 $y_{6,35,58}$ = 11.947427228947603 dB
		SNR medio:  8.944931418541298
		Usuarios totais: 40
$x_{6,54}$
	 $y_{6,54,71}$ = 10.585683042971993 dB
	 $y_{6,54,90}$ = 6.72027032669277 dB
	 $y_{6,54,60}$ = 10.992242826103947 dB
	 $y_{6,54,89}$ = 8.840147281891745 dB
	 $y_{6,54,56}$ = 16.79876866049672 dB
	 $y_{6,54,62}$ = 19.337838383255587 dB
	 $y_{6,54,63}$ = 23.31374490395497 dB
	 $y_{6,54,54}$ = 83.88810351127378 dB
	 $y_{6,54,73}$ = 16.042787827122993 dB
	 $y_{6,54,74}$ = 20.188591973707233 dB
	 $y_{6,54,75}$ = 18.003354578863934 dB
	 $y_{6,54,77}$ = 6.626080873677353 dB
	 $y_{6,54,80}$ = 12.72311971932946 dB
	 $y_{6,54,84}$ = 15.188648266204936 dB
	 $y_{6,54,85}$ = 15.119999817730928 dB
	 $y_{6,54,86}$ = 5.694923038024825 dB
	 $y_{6,54,92}$ = 14.186606253818638 dB
	 $y_{6,54,94}$ = 6.657552870782638 dB
		SNR medio:  7.972011901433448
		Usuarios totais: 39
$x_{6,66}$
	 $y_{6,66,39}$ = 9.243231817450464 dB
	 $y_{6,66,93}$ = 6.929335247419459 dB
	 $y_{6,66,96}$ = 17.673133786378088 dB
		SNR medio:  3.7606334279164457
		Usuarios totais: 9
$x_{6,85}$
	 $y_{6,85,99}$ = 5.2972006285283015 dB
	 $y_{6,85,81}$ = 6.736855605932931 dB
	 $y_{6,85,82}$ = 16.02423100306126 dB
	 $y_{6,85,95}$ = 32.492160240845095 dB
	 $y_{6,85,97}$ = 11.676742370327247 dB
	 $y_{6,85,98}$ = 12.333666016768234 dB
	 $y_{6,85,42}$ = 5.741496304764041 dB
	 $y_{6,85,69}$ = 6.165928855496219 dB
	 $y_{6,85,26}$ = 6.951366468700996 dB
	 $y_{6,85,34}$ = 9.957767824765853 dB
	 $y_{6,85,36}$ = 9.207825502864608 dB
	 $y_{6,85,45}$ = 9.634344025298901 dB
	 $y_{6,85,46}$ = 15.006348945371656 dB
	 $y_{6,85,47}$ = 9.635968776855066 dB
	 $y_{6,85,53}$ = 7.6489772298753 dB
	 $y_{6,85,55}$ = 16.180990829730774 dB
	 $y_{6,85,57}$ = 5.035242757223017 dB
	 $y_{6,85,61}$ = 9.312424402010066 dB
	 $y_{6,85,68}$ = 13.122927875746043 dB
		SNR medio:  5.20406164160414
		Usuarios totais: 40
Distances:
33 : 35 = 800.0
33 : 54 = 894.4271909999159
33 : 66 = 1697.0562748477141
33 : 85 = 2154.0659228538016
35 : 54 = 894.4271909999159
35 : 66 = 1264.9110640673518
35 : 85 = 2000.0
54 : 66 = 894.4271909999159
54 : 85 = 1264.9110640673518
66 : 85 = 894.4271909999159
t=7
Antennas: [33 35 54 66 85]
Users: [ 0  1  2  3  4  5  7  8  9 10 11 12 16 17 18 20 21 22 23 24 25 26 27 28
 29 30 31 32 34 35 36 37 38 39 40 41 42 43 44 45 46 48 49 51 53 54 55 57
 58 59 60 61 62 63 64 66 67 68 69 70 71 72 73 74 75 76 78 79 80 82 84 85
 87 88 89 90 91 92 94 95 96 97 99]
connections:  {0: 33, 8: 35, 9: 35, 12: 33, 18: 35, 29: 33, 30: 33, 39: 66, 59: 66, 71: 54, 90: 54, 91: 85, 99: 85, 1: 33, 2: 33, 4: 33, 5: 33, 7: 35, 10: 33, 17: 35, 21: 33, 28: 35, 31: 33, 40: 33, 49: 35, 60: 85, 70: 33, 78: 85, 79: 85, 82: 85, 87: 85, 89: 66, 95: 85, 97: 85, 3: 33, 11: 33, 16: 33, 20: 33, 22: 33, 27: 33, 41: 33, 43: 33, 48: 35, 51: 33, 58: 35, 69: 35, 72: 85, 74: 85, 80: 85, 84: 85, 88: 85, 94: 85, 96: 85, 23: 33, 24: 33, 25: 33, 35: 35, 37: 35, 38: 35, 42: 85, 44: 35, 62: 35, 63: 35, 92: 85, 26: 85, 32: 85, 34: 85, 36: 35, 45: 66, 46: 35, 53: 66, 54: 54, 55: 66, 57: 66, 61: 66, 64: 66, 66: 66, 67: 66, 68: 66, 73: 66, 75: 66, 76: 66, 85: 66}
$x_{7,33}$
	 $y_{7,33,0}$ = 8.722728466148823 dB
	 $y_{7,33,12}$ = 20.31679934020444 dB
	 $y_{7,33,29}$ = 5.3018447582191754 dB
	 $y_{7,33,30}$ = 18.30216859357523 dB
	 $y_{7,33,1}$ = 10.059451986135997 dB
	 $y_{7,33,2}$ = 16.185002894884477 dB
	 $y_{7,33,4}$ = 6.614706619013077 dB
	 $y_{7,33,5}$ = 5.163062429006857 dB
	 $y_{7,33,10}$ = 11.52589894002719 dB
	 $y_{7,33,21}$ = 16.658092835871543 dB
	 $y_{7,33,31}$ = 17.071947062323048 dB
	 $y_{7,33,40}$ = 9.099949316631125 dB
	 $y_{7,33,70}$ = 5.989543096889506 dB
	 $y_{7,33,3}$ = 11.161743872350229 dB
	 $y_{7,33,11}$ = 22.836547272337754 dB
	 $y_{7,33,16}$ = 11.163713375894858 dB
	 $y_{7,33,20}$ = 17.74055986948686 dB
	 $y_{7,33,22}$ = 35.02326218453848 dB
	 $y_{7,33,27}$ = 7.492861711542247 dB
	 $y_{7,33,41}$ = 13.833255798203723 dB
	 $y_{7,33,43}$ = 28.286014318353438 dB
	 $y_{7,33,51}$ = 22.771141926225198 dB
	 $y_{7,33,23}$ = 25.798571630248603 dB
	 $y_{7,33,24}$ = 23.9224840486158 dB
	 $y_{7,33,25}$ = 19.581621732234836 dB
		SNR medio:  9.765574351974063
		Usuarios totais: 40
$x_{7,35}$
	 $y_{7,35,8}$ = 11.355078501362456 dB
	 $y_{7,35,9}$ = 7.325837298402149 dB
	 $y_{7,35,18}$ = 7.307957288880914 dB
	 $y_{7,35,7}$ = 11.58519325538174 dB
	 $y_{7,35,17}$ = 13.49900381401244 dB
	 $y_{7,35,28}$ = 10.16085722513472 dB
	 $y_{7,35,49}$ = 9.155917800121017 dB
	 $y_{7,35,48}$ = 7.897941408461321 dB
	 $y_{7,35,58}$ = 11.947427228947603 dB
	 $y_{7,35,69}$ = 7.7906701495470685 dB
	 $y_{7,35,35}$ = 79.70355644431544 dB
	 $y_{7,35,37}$ = 23.62986638109959 dB
	 $y_{7,35,38}$ = 15.10899588661826 dB
	 $y_{7,35,44}$ = 18.690732510943732 dB
	 $y_{7,35,62}$ = 5.42303760637779 dB
	 $y_{7,35,63}$ = 6.779070720202611 dB
	 $y_{7,35,36}$ = 33.068517798724244 dB
	 $y_{7,35,46}$ = 23.78129810180414 dB
		SNR medio:  7.60527398550843
		Usuarios totais: 40
$x_{7,54}$
	 $y_{7,54,71}$ = 10.585683042971993 dB
	 $y_{7,54,90}$ = 6.72027032669277 dB
	 $y_{7,54,54}$ = 83.88810351127378 dB
		SNR medio:  16.86567614682309
		Usuarios totais: 6
$x_{7,66}$
	 $y_{7,66,39}$ = 9.243231817450464 dB
	 $y_{7,66,59}$ = 7.199197793989725 dB
	 $y_{7,66,89}$ = 5.887676279573128 dB
	 $y_{7,66,45}$ = 14.69350884735961 dB
	 $y_{7,66,53}$ = 9.877815098015645 dB
	 $y_{7,66,55}$ = 25.697506476377143 dB
	 $y_{7,66,57}$ = 19.60928295164676 dB
	 $y_{7,66,61}$ = 7.34939881210606 dB
	 $y_{7,66,64}$ = 20.5544244585182 dB
	 $y_{7,66,66}$ = 87.82832315615371 dB
	 $y_{7,66,67}$ = 19.64191404792787 dB
	 $y_{7,66,68}$ = 18.614689677481152 dB
	 $y_{7,66,73}$ = 16.52116041952658 dB
	 $y_{7,66,75}$ = 19.34638620412089 dB
	 $y_{7,66,76}$ = 32.61025736678124 dB
	 $y_{7,66,85}$ = 16.466496429327066 dB
		SNR medio:  11.826473922726974
		Usuarios totais: 28
$x_{7,85}$
	 $y_{7,85,91}$ = 11.05636245901296 dB
	 $y_{7,85,99}$ = 5.2972006285283015 dB
	 $y_{7,85,60}$ = 11.267491057087184 dB
	 $y_{7,85,78}$ = 14.866290372094213 dB
	 $y_{7,85,79}$ = 12.672895291703682 dB
	 $y_{7,85,82}$ = 16.02423100306126 dB
	 $y_{7,85,87}$ = 21.632773804394617 dB
	 $y_{7,85,95}$ = 32.492160240845095 dB
	 $y_{7,85,97}$ = 11.676742370327247 dB
	 $y_{7,85,72}$ = 13.01976290589623 dB
	 $y_{7,85,74}$ = 15.20802873981765 dB
	 $y_{7,85,80}$ = 6.021496505887001 dB
	 $y_{7,85,84}$ = 30.0019748331532 dB
	 $y_{7,85,88}$ = 9.334519498826012 dB
	 $y_{7,85,94}$ = 29.660827035870057 dB
	 $y_{7,85,96}$ = 15.91127875781514 dB
	 $y_{7,85,42}$ = 5.741496304764041 dB
	 $y_{7,85,92}$ = 9.336052147183835 dB
	 $y_{7,85,26}$ = 6.951366468700996 dB
	 $y_{7,85,32}$ = 5.154662531150635 dB
	 $y_{7,85,34}$ = 9.957767824765853 dB
		SNR medio:  7.332134519522131
		Usuarios totais: 40
Distances:
33 : 35 = 800.0
33 : 54 = 894.4271909999159
33 : 66 = 1697.0562748477141
33 : 85 = 2154.0659228538016
35 : 54 = 894.4271909999159
35 : 66 = 1264.9110640673518
35 : 85 = 2000.0
54 : 66 = 894.4271909999159
54 : 85 = 1264.9110640673518
66 : 85 = 894.4271909999159
t=8
Antennas: [33 35 54 66 85]
Users: [ 0  1  2  3  4  5  6  7  8  9 10 11 12 13 14 18 20 21 24 25 27 28 29 30
 31 32 33 35 36 37 38 39 41 45 46 47 48 49 50 51 52 55 56 57 59 60 62 63
 65 66 67 68 71 75 76 77 79 80 82 83 84 85 86 87 88 90 91 93 94 95 96 97
 98 99]
connections:  {0: 33, 6: 35, 8: 35, 9: 35, 12: 33, 18: 35, 29: 33, 30: 33, 39: 66, 50: 33, 59: 66, 71: 54, 90: 54, 91: 85, 99: 85, 1: 33, 2: 33, 4: 33, 5: 33, 7: 35, 10: 33, 21: 33, 28: 35, 31: 33, 49: 35, 60: 85, 79: 85, 82: 85, 87: 85, 95: 85, 97: 85, 98: 85, 3: 33, 11: 33, 13: 33, 14: 33, 20: 33, 27: 33, 41: 33, 48: 35, 51: 33, 52: 33, 56: 35, 80: 85, 83: 85, 84: 85, 86: 85, 88: 85, 93: 85, 94: 85, 96: 85, 24: 33, 25: 33, 33: 35, 35: 35, 37: 35, 38: 35, 62: 35, 63: 35, 77: 85, 32: 85, 36: 85, 45: 85, 46: 85, 47: 85, 55: 85, 57: 35, 65: 35, 66: 66, 67: 35, 68: 35, 75: 35, 76: 35, 85: 35}
$x_{8,33}$
	 $y_{8,33,0}$ = 8.722728466148823 dB
	 $y_{8,33,12}$ = 20.31679934020444 dB
	 $y_{8,33,29}$ = 5.3018447582191754 dB
	 $y_{8,33,30}$ = 18.30216859357523 dB
	 $y_{8,33,50}$ = 12.258926201738802 dB
	 $y_{8,33,1}$ = 10.059451986135997 dB
	 $y_{8,33,2}$ = 16.185002894884477 dB
	 $y_{8,33,4}$ = 6.614706619013077 dB
	 $y_{8,33,5}$ = 5.163062429006857 dB
	 $y_{8,33,10}$ = 11.52589894002719 dB
	 $y_{8,33,21}$ = 16.658092835871543 dB
	 $y_{8,33,31}$ = 17.071947062323048 dB
	 $y_{8,33,3}$ = 11.161743872350229 dB
	 $y_{8,33,11}$ = 22.836547272337754 dB
	 $y_{8,33,13}$ = 15.979465281216179 dB
	 $y_{8,33,14}$ = 12.142991560352186 dB
	 $y_{8,33,20}$ = 17.74055986948686 dB
	 $y_{8,33,27}$ = 7.492861711542247 dB
	 $y_{8,33,41}$ = 13.833255798203723 dB
	 $y_{8,33,51}$ = 22.771141926225198 dB
	 $y_{8,33,52}$ = 14.271212923718679 dB
	 $y_{8,33,24}$ = 23.9224840486158 dB
	 $y_{8,33,25}$ = 19.581621732234836 dB
		SNR medio:  8.247862903085808
		Usuarios totais: 40
$x_{8,35}$
	 $y_{8,35,6}$ = 7.983109669775587 dB
	 $y_{8,35,8}$ = 11.355078501362456 dB
	 $y_{8,35,9}$ = 7.325837298402149 dB
	 $y_{8,35,18}$ = 7.307957288880914 dB
	 $y_{8,35,7}$ = 11.58519325538174 dB
	 $y_{8,35,28}$ = 10.16085722513472 dB
	 $y_{8,35,49}$ = 9.155917800121017 dB
	 $y_{8,35,48}$ = 7.897941408461321 dB
	 $y_{8,35,56}$ = 23.047808929944196 dB
	 $y_{8,35,33}$ = 13.813019451731236 dB
	 $y_{8,35,35}$ = 79.70355644431544 dB
	 $y_{8,35,37}$ = 23.62986638109959 dB
	 $y_{8,35,38}$ = 15.10899588661826 dB
	 $y_{8,35,62}$ = 5.42303760637779 dB
	 $y_{8,35,63}$ = 6.779070720202611 dB
	 $y_{8,35,57}$ = 6.089676084603099 dB
	 $y_{8,35,65}$ = 17.01326623824049 dB
	 $y_{8,35,67}$ = 9.217192022124706 dB
	 $y_{8,35,68}$ = 7.683700834148482 dB
	 $y_{8,35,75}$ = 5.623662271668081 dB
	 $y_{8,35,76}$ = 7.604904532915157 dB
	 $y_{8,35,85}$ = 5.00577178655351 dB
		SNR medio:  8.779865342295958
		Usuarios totais: 34
$x_{8,54}$
	 $y_{8,54,71}$ = 10.585683042971993 dB
	 $y_{8,54,90}$ = 6.72027032669277 dB
		SNR medio:  8.652976684832382
		Usuarios totais: 2
$x_{8,66}$
	 $y_{8,66,39}$ = 9.243231817450464 dB
	 $y_{8,66,59}$ = 7.199197793989725 dB
	 $y_{8,66,66}$ = 87.82832315615371 dB
		SNR medio:  17.378458794598984
		Usuarios totais: 6
$x_{8,85}$
	 $y_{8,85,91}$ = 11.05636245901296 dB
	 $y_{8,85,99}$ = 5.2972006285283015 dB
	 $y_{8,85,60}$ = 11.267491057087184 dB
	 $y_{8,85,79}$ = 12.672895291703682 dB
	 $y_{8,85,82}$ = 16.02423100306126 dB
	 $y_{8,85,87}$ = 21.632773804394617 dB
	 $y_{8,85,95}$ = 32.492160240845095 dB
	 $y_{8,85,97}$ = 11.676742370327247 dB
	 $y_{8,85,98}$ = 12.333666016768234 dB
	 $y_{8,85,80}$ = 6.021496505887001 dB
	 $y_{8,85,83}$ = 14.810963759324352 dB
	 $y_{8,85,84}$ = 30.0019748331532 dB
	 $y_{8,85,86}$ = 34.41958368805288 dB
	 $y_{8,85,88}$ = 9.334519498826012 dB
	 $y_{8,85,93}$ = 12.275803153456053 dB
	 $y_{8,85,94}$ = 29.660827035870057 dB
	 $y_{8,85,96}$ = 15.91127875781514 dB
	 $y_{8,85,77}$ = 21.500361826341802 dB
	 $y_{8,85,32}$ = 5.154662531150635 dB
	 $y_{8,85,36}$ = 9.207825502864608 dB
	 $y_{8,85,45}$ = 9.634344025298901 dB
	 $y_{8,85,46}$ = 15.006348945371656 dB
	 $y_{8,85,47}$ = 9.635968776855066 dB
	 $y_{8,85,55}$ = 16.180990829730774 dB
		SNR medio:  9.330261813543167
		Usuarios totais: 40
Distances:
33 : 35 = 800.0
33 : 54 = 894.4271909999159
33 : 66 = 1697.0562748477141
33 : 85 = 2154.0659228538016
35 : 54 = 894.4271909999159
35 : 66 = 1264.9110640673518
35 : 85 = 2000.0
54 : 66 = 894.4271909999159
54 : 85 = 1264.9110640673518
66 : 85 = 894.4271909999159
t=9
Antennas: [33 35 54 66 85]
Users: [ 1  2  3  6  7  8 10 15 17 19 20 21 23 24 26 28 30 31 33 34 35 36 39 40
 41 42 43 44 45 46 48 50 51 52 53 54 55 56 59 60 62 63 65 70 71 74 75 77
 78 80 81 85 86 91 92 93 98 99]
connections:  {6: 35, 8: 35, 19: 35, 30: 33, 39: 66, 50: 33, 59: 66, 71: 54, 91: 85, 99: 85, 1: 35, 2: 35, 7: 35, 10: 33, 17: 35, 21: 35, 28: 35, 31: 33, 40: 33, 60: 85, 70: 85, 78: 85, 81: 85, 98: 85, 3: 35, 20: 35, 41: 85, 43: 35, 48: 35, 51: 35, 52: 35, 56: 35, 74: 85, 80: 85, 86: 85, 93: 85, 15: 35, 23: 35, 24: 35, 33: 33, 35: 35, 42: 35, 44: 35, 62: 35, 63: 35, 77: 85, 85: 85, 92: 85, 26: 35, 34: 35, 36: 35, 45: 85, 46: 85, 53: 85, 54: 54, 55: 85, 65: 85, 75: 85}
$x_{9,33}$
	 $y_{9,33,30}$ = 18.30216859357523 dB
	 $y_{9,33,50}$ = 12.258926201738802 dB
	 $y_{9,33,10}$ = 11.52589894002719 dB
	 $y_{9,33,31}$ = 17.071947062323048 dB
	 $y_{9,33,40}$ = 9.099949316631125 dB
	 $y_{9,33,33}$ = 91.90078603717625 dB
		SNR medio:  22.87995373592452
		Usuarios totais: 7
$x_{9,35}$
	 $y_{9,35,6}$ = 7.983109669775587 dB
	 $y_{9,35,8}$ = 11.355078501362456 dB
	 $y_{9,35,19}$ = 7.24109773705726 dB
	 $y_{9,35,1}$ = 7.5774457852083685 dB
	 $y_{9,35,2}$ = 5.770269913098332 dB
	 $y_{9,35,7}$ = 11.58519325538174 dB
	 $y_{9,35,17}$ = 13.49900381401244 dB
	 $y_{9,35,21}$ = 6.600761532187704 dB
	 $y_{9,35,28}$ = 10.16085722513472 dB
	 $y_{9,35,3}$ = 13.74925107566537 dB
	 $y_{9,35,20}$ = 10.868728059250628 dB
	 $y_{9,35,43}$ = 27.201447289432664 dB
	 $y_{9,35,48}$ = 7.897941408461321 dB
	 $y_{9,35,51}$ = 6.7261141630851 dB
	 $y_{9,35,52}$ = 7.484038172483821 dB
	 $y_{9,35,56}$ = 23.047808929944196 dB
	 $y_{9,35,15}$ = 13.820959512207821 dB
	 $y_{9,35,23}$ = 19.957952033272477 dB
	 $y_{9,35,24}$ = 20.480056013383106 dB
	 $y_{9,35,35}$ = 79.70355644431544 dB
	 $y_{9,35,42}$ = 6.066497982849086 dB
	 $y_{9,35,44}$ = 18.690732510943732 dB
	 $y_{9,35,62}$ = 5.42303760637779 dB
	 $y_{9,35,63}$ = 6.779070720202611 dB
	 $y_{9,35,26}$ = 22.382444571855984 dB
	 $y_{9,35,34}$ = 28.895738379882047 dB
	 $y_{9,35,36}$ = 33.068517798724244 dB
		SNR medio:  10.850417752638904
		Usuarios totais: 40
$x_{9,54}$
	 $y_{9,54,71}$ = 10.585683042971993 dB
	 $y_{9,54,54}$ = 83.88810351127378 dB
		SNR medio:  23.618446638561444
		Usuarios totais: 4
$x_{9,66}$
	 $y_{9,66,39}$ = 9.243231817450464 dB
	 $y_{9,66,59}$ = 7.199197793989725 dB
		SNR medio:  8.221214805720095
		Usuarios totais: 2
$x_{9,85}$
	 $y_{9,85,91}$ = 11.05636245901296 dB
	 $y_{9,85,99}$ = 5.2972006285283015 dB
	 $y_{9,85,60}$ = 11.267491057087184 dB
	 $y_{9,85,70}$ = 5.938279314011567 dB
	 $y_{9,85,78}$ = 14.866290372094213 dB
	 $y_{9,85,81}$ = 6.736855605932931 dB
	 $y_{9,85,98}$ = 12.333666016768234 dB
	 $y_{9,85,41}$ = 9.077730352036127 dB
	 $y_{9,85,74}$ = 15.20802873981765 dB
	 $y_{9,85,80}$ = 6.021496505887001 dB
	 $y_{9,85,86}$ = 34.41958368805288 dB
	 $y_{9,85,93}$ = 12.275803153456053 dB
	 $y_{9,85,77}$ = 21.500361826341802 dB
	 $y_{9,85,85}$ = 81.32738501460489 dB
	 $y_{9,85,92}$ = 9.336052147183835 dB
	 $y_{9,85,45}$ = 9.634344025298901 dB
	 $y_{9,85,46}$ = 15.006348945371656 dB
	 $y_{9,85,53}$ = 7.6489772298753 dB
	 $y_{9,85,55}$ = 16.180990829730774 dB
	 $y_{9,85,65}$ = 20.581179222590862 dB
	 $y_{9,85,75}$ = 25.89795021045829 dB
		SNR medio:  10.654920525580042
		Usuarios totais: 33
Distances:
33 : 35 = 800.0
33 : 54 = 894.4271909999159
33 : 66 = 1697.0562748477141
33 : 85 = 2154.0659228538016
35 : 54 = 894.4271909999159
35 : 66 = 1264.9110640673518
35 : 85 = 2000.0
54 : 66 = 894.4271909999159
54 : 85 = 1264.9110640673518
66 : 85 = 894.4271909999159
t=10
Antennas: [33 35 54 66 85]
Users: [ 2  7 10 12 15 16 17 20 27 28 30 32 34 35 36 37 39 43 46 52 53 57 58 67
 68 71 72 74 75 76 77 78 81 82 83 88 89 93 94 97 99]
connections:  {12: 33, 30: 33, 39: 66, 71: 54, 99: 85, 2: 33, 7: 66, 10: 33, 17: 66, 28: 54, 78: 66, 81: 66, 82: 66, 89: 66, 97: 66, 16: 33, 20: 33, 27: 33, 43: 33, 52: 33, 58: 66, 72: 66, 74: 66, 83: 66, 88: 66, 93: 66, 94: 66, 15: 66, 35: 35, 37: 66, 67: 66, 76: 66, 77: 66, 32: 66, 34: 66, 36: 66, 46: 66, 53: 66, 57: 66, 68: 66, 75: 66}
$x_{10,33}$
	 $y_{10,33,12}$ = 20.31679934020444 dB
	 $y_{10,33,30}$ = 18.30216859357523 dB
	 $y_{10,33,2}$ = 16.185002894884477 dB
	 $y_{10,33,10}$ = 11.52589894002719 dB
	 $y_{10,33,16}$ = 11.163713375894858 dB
	 $y_{10,33,20}$ = 17.74055986948686 dB
	 $y_{10,33,27}$ = 7.492861711542247 dB
	 $y_{10,33,43}$ = 28.286014318353438 dB
	 $y_{10,33,52}$ = 14.271212923718679 dB
		SNR medio:  12.107019330640618
		Usuarios totais: 12
$x_{10,35}$
	 $y_{10,35,35}$ = 79.70355644431544 dB
		SNR medio:  39.85177822215772
		Usuarios totais: 2
$x_{10,54}$
	 $y_{10,54,71}$ = 10.585683042971993 dB
	 $y_{10,54,28}$ = 9.583823066565799 dB
		SNR medio:  10.084753054768896
		Usuarios totais: 2
$x_{10,66}$
	 $y_{10,66,39}$ = 9.243231817450464 dB
	 $y_{10,66,7}$ = 5.463717022859484 dB
	 $y_{10,66,17}$ = 11.461050184682463 dB
	 $y_{10,66,78}$ = 11.81965518432932 dB
	 $y_{10,66,81}$ = 10.001661455919844 dB
	 $y_{10,66,82}$ = 5.7148070396919195 dB
	 $y_{10,66,89}$ = 5.887676279573128 dB
	 $y_{10,66,97}$ = 6.405393887252856 dB
	 $y_{10,66,58}$ = 17.69124609152422 dB
	 $y_{10,66,72}$ = 5.029777937064438 dB
	 $y_{10,66,74}$ = 17.480484853166047 dB
	 $y_{10,66,83}$ = 9.986043513071053 dB
	 $y_{10,66,88}$ = 9.11039086849388 dB
	 $y_{10,66,93}$ = 6.929335247419459 dB
	 $y_{10,66,94}$ = 8.010284038619545 dB
	 $y_{10,66,15}$ = 8.70507201588974 dB
	 $y_{10,66,37}$ = 5.490516192145847 dB
	 $y_{10,66,67}$ = 19.64191404792787 dB
	 $y_{10,66,76}$ = 32.61025736678124 dB
	 $y_{10,66,77}$ = 22.780006962258398 dB
	 $y_{10,66,32}$ = 6.447213075817189 dB
	 $y_{10,66,34}$ = 13.067761903866298 dB
	 $y_{10,66,36}$ = 9.402085724481282 dB
	 $y_{10,66,46}$ = 10.912009519580636 dB
	 $y_{10,66,53}$ = 9.877815098015645 dB
	 $y_{10,66,57}$ = 19.60928295164676 dB
	 $y_{10,66,68}$ = 18.614689677481152 dB
	 $y_{10,66,75}$ = 19.34638620412089 dB
		SNR medio:  9.353882393364753
		Usuarios totais: 36
$x_{10,85}$
	 $y_{10,85,99}$ = 5.2972006285283015 dB
		SNR medio:  5.2972006285283015
		Usuarios totais: 1
Distances:
33 : 35 = 800.0
33 : 54 = 894.4271909999159
33 : 66 = 1697.0562748477141
33 : 85 = 2154.0659228538016
35 : 54 = 894.4271909999159
35 : 66 = 1264.9110640673518
35 : 85 = 2000.0
54 : 66 = 894.4271909999159
54 : 85 = 1264.9110640673518
66 : 85 = 894.4271909999159
t=11
Antennas: [33 35 54 66 85]
Users: [ 0  8  9 13 18 19 28 34 35 38 40 49 50 55 63 72 73 79 82 87]
connections:  {0: 33, 8: 35, 9: 35, 18: 35, 19: 35, 50: 33, 28: 35, 40: 33, 49: 35, 79: 66, 82: 66, 87: 66, 13: 35, 72: 66, 35: 35, 38: 35, 63: 35, 73: 35, 34: 35, 55: 35}
$x_{11,33}$
	 $y_{11,33,0}$ = 8.722728466148823 dB
	 $y_{11,33,50}$ = 12.258926201738802 dB
	 $y_{11,33,40}$ = 9.099949316631125 dB
		SNR medio:  10.027201328172916
		Usuarios totais: 3
$x_{11,35}$
	 $y_{11,35,8}$ = 11.355078501362456 dB
	 $y_{11,35,9}$ = 7.325837298402149 dB
	 $y_{11,35,18}$ = 7.307957288880914 dB
	 $y_{11,35,19}$ = 7.24109773705726 dB
	 $y_{11,35,28}$ = 10.16085722513472 dB
	 $y_{11,35,49}$ = 9.155917800121017 dB
	 $y_{11,35,13}$ = 14.059168149914058 dB
	 $y_{11,35,35}$ = 79.70355644431544 dB
	 $y_{11,35,38}$ = 15.10899588661826 dB
	 $y_{11,35,63}$ = 6.779070720202611 dB
	 $y_{11,35,73}$ = 9.527688722876576 dB
	 $y_{11,35,34}$ = 28.895738379882047 dB
	 $y_{11,35,55}$ = 24.481229661874423 dB
		SNR medio:  14.443887113540121
		Usuarios totais: 16
$x_{11,54}$
		Usuarios totais: 0
$x_{11,66}$
	 $y_{11,66,79}$ = 16.46878956690118 dB
	 $y_{11,66,82}$ = 5.7148070396919195 dB
	 $y_{11,66,87}$ = 15.865232852005164 dB
	 $y_{11,66,72}$ = 5.029777937064438 dB
		SNR medio:  10.769651848915675
		Usuarios totais: 4
$x_{11,85}$
		Usuarios totais: 0
Distances:
33 : 35 = 800.0
33 : 54 = 894.4271909999159
33 : 66 = 1697.0562748477141
33 : 85 = 2154.0659228538016
35 : 54 = 894.4271909999159
35 : 66 = 1264.9110640673518
35 : 85 = 2000.0
54 : 66 = 894.4271909999159
54 : 85 = 1264.9110640673518
66 : 85 = 894.4271909999159
--- Done after 0.01300952328575982 hours. ---
