-------------Calculating Solution (this may take a while)
+++++++++++++++++++Min Sinr: 10 dB (pgwo2)
+++++++++++++++++++With backhaul constraint. Start: 2023-02-03 18:37:58

Parameters:
- chosen seed 7
- Map with 100 sectors
- Map 4000 x 4000 m
- Sector has a side of 400 m
- Max time:  12
- users_t_m:  [[0, 0, 0, 0, 0, 0, 0, 0, 0, 0, 0, 0, 0, 0, 0, 0, 0, 0, 0, 0, 0, 0, 2, 7, 18, 0, 0, 0, 0, 0, 0, 0, 0, 1, 0, 0, 0, 0, 0, 0, 0, 0, 0, 0, 0, 0, 0, 0, 0, 0, 0, 0, 0, 0, 0, 0, 0, 0, 0, 0, 0, 0, 0, 0, 0, 0, 0, 0, 0, 0, 0, 0, 0, 0, 0, 0, 0, 0, 0, 0, 0, 0, 0, 0, 0, 0, 0, 0, 0, 0, 0, 0, 0, 0, 0, 0, 0, 0, 0, 0], [0, 1, 0, 1, 1, 0, 0, 0, 0, 1, 1, 0, 2, 0, 0, 0, 0, 0, 0, 0, 1, 1, 2, 3, 19, 0, 0, 0, 0, 0, 0, 0, 1, 4, 0, 0, 0, 0, 1, 1, 0, 0, 0, 1, 0, 1, 0, 1, 0, 0, 0, 0, 0, 0, 0, 1, 0, 0, 1, 0, 1, 0, 0, 0, 1, 0, 0, 1, 1, 0, 0, 0, 1, 0, 0, 0, 0, 1, 0, 0, 1, 0, 0, 1, 0, 0, 0, 1, 0, 0, 0, 1, 0, 0, 0, 0, 0, 1, 0, 0], [0, 2, 0, 0, 0, 0, 1, 1, 0, 1, 0, 0, 0, 0, 1, 0, 1, 0, 0, 0, 0, 0, 3, 2, 30, 0, 0, 1, 3, 2, 0, 1, 0, 1, 0, 0, 1, 1, 0, 1, 1, 0, 2, 0, 0, 1, 0, 1, 1, 0, 0, 2, 0, 2, 2, 1, 0, 0, 0, 0, 1, 1, 0, 1, 0, 0, 0, 1, 2, 0, 1, 0, 1, 2, 0, 1, 0, 1, 1, 0, 0, 0, 0, 1, 0, 0, 2, 1, 1, 1, 1, 0, 2, 0, 1, 0, 0, 0, 2, 0], [0, 2, 0, 2, 1, 1, 1, 1, 1, 2, 2, 2, 1, 1, 2, 1, 0, 2, 0, 1, 1, 1, 2, 3, 26, 1, 1, 1, 1, 0, 0, 1, 1, 1, 0, 3, 1, 1, 0, 1, 1, 0, 3, 0, 0, 0, 3, 1, 1, 1, 0, 1, 2, 0, 1, 2, 0, 0, 2, 0, 0, 1, 0, 4, 2, 0, 0, 0, 0, 1, 2, 1, 1, 1, 1, 4, 1, 3, 0, 1, 0, 0, 0, 0, 1, 0, 0, 1, 1, 2, 0, 0, 3, 0, 0, 1, 0, 2, 0, 1], [2, 0, 0, 3, 0, 2, 5, 1, 0, 2, 3, 0, 0, 2, 1, 0, 1, 0, 3, 2, 0, 3, 1, 2, 24, 1, 0, 2, 0, 1, 1, 0, 1, 5, 1, 1, 1, 2, 2, 0, 2, 3, 1, 0, 0, 1, 3, 1, 3, 0, 2, 2, 2, 2, 1, 0, 3, 1, 1, 0, 0, 1, 1, 0, 1, 1, 0, 1, 1, 1, 2, 1, 2, 0, 1, 1, 1, 2, 1, 3, 1, 1, 2, 2, 1, 1, 0, 1, 2, 1, 3, 3, 2, 2, 0, 1, 0, 3, 0, 1], [1, 3, 3, 2, 3, 0, 1, 2, 0, 2, 0, 2, 1, 5, 2, 2, 0, 1, 3, 2, 2, 1, 0, 1, 29, 0, 0, 0, 1, 1, 1, 1, 2, 1, 4, 1, 1, 1, 3, 2, 2, 3, 1, 2, 1, 1, 1, 2, 0, 4, 1, 4, 1, 0, 0, 1, 1, 1, 1, 1, 1, 2, 0, 2, 1, 1, 0, 2, 0, 2, 3, 2, 0, 1, 7, 0, 3, 4, 0, 0, 1, 3, 0, 3, 0, 3, 2, 1, 2, 0, 2, 4, 1, 3, 5, 0, 2, 6, 0, 0], [1, 2, 0, 4, 1, 1, 1, 0, 0, 2, 1, 4, 5, 3, 0, 2, 1, 1, 0, 1, 5, 0, 1, 1, 3, 0, 2, 2, 1, 2, 1, 2, 1, 0, 4, 1, 2, 0, 0, 3, 2, 0, 1, 1, 3, 2, 4, 2, 2, 5, 1, 2, 0, 2, 1, 2, 1, 1, 0, 1, 2, 1, 1, 1, 2, 1, 2, 1, 3, 0, 3, 2, 2, 5, 3, 0, 2, 2, 0, 3, 1, 2, 0, 0, 0, 2, 2, 0, 4, 2, 2, 2, 1, 2, 1, 0, 0, 1, 1, 2], [1, 0, 1, 1, 0, 0, 0, 1, 1, 1, 0, 2, 1, 0, 1, 0, 2, 0, 1, 1, 2, 0, 0, 1, 1, 3, 2, 1, 1, 3, 0, 2, 1, 1, 1, 1, 3, 1, 0, 1, 2, 3, 1, 2, 1, 0, 0, 1, 0, 1, 4, 2, 5, 2, 3, 2, 1, 3, 1, 0, 1, 2, 0, 0, 0, 1, 2, 1, 1, 0, 3, 1, 1, 2, 1, 0, 1, 2, 2, 1, 1, 1, 2, 2, 2, 0, 3, 2, 1, 0, 1, 1, 3, 3, 1, 2, 2, 1, 2, 1], [0, 0, 0, 1, 3, 0, 0, 0, 1, 2, 1, 2, 1, 1, 0, 0, 1, 2, 1, 1, 1, 3, 0, 0, 1, 1, 0, 0, 3, 1, 2, 2, 0, 1, 3, 2, 0, 1, 0, 1, 2, 2, 2, 0, 1, 3, 0, 2, 1, 1, 0, 1, 2, 2, 0, 1, 1, 2, 0, 1, 0, 2, 0, 2, 4, 0, 0, 1, 0, 1, 1, 0, 0, 1, 3, 2, 1, 0, 1, 1, 0, 1, 0, 2, 0, 2, 1, 2, 0, 2, 0, 0, 1, 0, 0, 2, 0, 2, 2, 2], [1, 3, 2, 0, 0, 3, 3, 1, 1, 0, 0, 1, 1, 1, 0, 1, 0, 2, 0, 0, 0, 0, 2, 0, 1, 1, 1, 0, 2, 0, 0, 2, 1, 0, 0, 1, 0, 1, 2, 0, 0, 0, 0, 2, 0, 3, 0, 2, 4, 1, 1, 1, 0, 1, 1, 0, 1, 0, 1, 3, 0, 0, 2, 1, 0, 1, 0, 1, 0, 1, 1, 0, 1, 1, 2, 0, 0, 1, 2, 0, 0, 0, 0, 0, 0, 0, 0, 1, 0, 1, 1, 0, 0, 1, 0, 0, 0, 0, 0, 0], [0, 0, 0, 0, 2, 1, 0, 0, 1, 2, 0, 1, 0, 0, 0, 0, 0, 0, 1, 0, 0, 1, 0, 0, 0, 1, 0, 0, 1, 0, 1, 0, 0, 0, 0, 1, 0, 1, 1, 1, 0, 0, 1, 0, 0, 0, 0, 0, 0, 0, 1, 1, 0, 0, 1, 0, 1, 0, 1, 0, 1, 0, 0, 0, 1, 1, 0, 0, 1, 1, 0, 0, 2, 0, 0, 0, 1, 1, 0, 1, 0, 1, 0, 0, 0, 0, 0, 0, 0, 1, 1, 0, 1, 2, 1, 0, 1, 0, 1, 0], [0, 0, 0, 0, 0, 0, 0, 0, 0, 0, 0, 0, 0, 0, 1, 0, 0, 1, 0, 0, 0, 0, 1, 0, 1, 1, 0, 0, 0, 0, 0, 2, 0, 0, 0, 0, 0, 0, 0, 0, 0, 0, 1, 0, 0, 0, 0, 0, 0, 0, 0, 0, 0, 0, 0, 0, 0, 1, 0, 0, 0, 0, 0, 1, 0, 0, 1, 0, 0, 1, 0, 0, 0, 0, 0, 0, 0, 0, 0, 0, 0, 0, 0, 0, 0, 0, 0, 0, 0, 0, 0, 0, 0, 0, 0, 0, 0, 0, 0, 0]]
users_0_m:
[0, 0, 0, 0, 0, 0, 0, 0, 0, 0]
[0, 0, 0, 0, 0, 0, 0, 0, 0, 0]
[0, 0, 2, 7, 18, 0, 0, 0, 0, 0]
[0, 0, 0, 1, 0, 0, 0, 0, 0, 0]
[0, 0, 0, 0, 0, 0, 0, 0, 0, 0]
[0, 0, 0, 0, 0, 0, 0, 0, 0, 0]
[0, 0, 0, 0, 0, 0, 0, 0, 0, 0]
[0, 0, 0, 0, 0, 0, 0, 0, 0, 0]
[0, 0, 0, 0, 0, 0, 0, 0, 0, 0]
[0, 0, 0, 0, 0, 0, 0, 0, 0, 0]
users_1_m:
[0, 1, 0, 1, 1, 0, 0, 0, 0, 1]
[1, 0, 2, 0, 0, 0, 0, 0, 0, 0]
[1, 1, 2, 3, 19, 0, 0, 0, 0, 0]
[0, 0, 1, 4, 0, 0, 0, 0, 1, 1]
[0, 0, 0, 1, 0, 1, 0, 1, 0, 0]
[0, 0, 0, 0, 0, 1, 0, 0, 1, 0]
[1, 0, 0, 0, 1, 0, 0, 1, 1, 0]
[0, 0, 1, 0, 0, 0, 0, 1, 0, 0]
[1, 0, 0, 1, 0, 0, 0, 1, 0, 0]
[0, 1, 0, 0, 0, 0, 0, 1, 0, 0]
users_2_m:
[0, 2, 0, 0, 0, 0, 1, 1, 0, 1]
[0, 0, 0, 0, 1, 0, 1, 0, 0, 0]
[0, 0, 3, 2, 30, 0, 0, 1, 3, 2]
[0, 1, 0, 1, 0, 0, 1, 1, 0, 1]
[1, 0, 2, 0, 0, 1, 0, 1, 1, 0]
[0, 2, 0, 2, 2, 1, 0, 0, 0, 0]
[1, 1, 0, 1, 0, 0, 0, 1, 2, 0]
[1, 0, 1, 2, 0, 1, 0, 1, 1, 0]
[0, 0, 0, 1, 0, 0, 2, 1, 1, 1]
[1, 0, 2, 0, 1, 0, 0, 0, 2, 0]
users_3_m:
[0, 2, 0, 2, 1, 1, 1, 1, 1, 2]
[2, 2, 1, 1, 2, 1, 0, 2, 0, 1]
[1, 1, 2, 3, 26, 1, 1, 1, 1, 0]
[0, 1, 1, 1, 0, 3, 1, 1, 0, 1]
[1, 0, 3, 0, 0, 0, 3, 1, 1, 1]
[0, 1, 2, 0, 1, 2, 0, 0, 2, 0]
[0, 1, 0, 4, 2, 0, 0, 0, 0, 1]
[2, 1, 1, 1, 1, 4, 1, 3, 0, 1]
[0, 0, 0, 0, 1, 0, 0, 1, 1, 2]
[0, 0, 3, 0, 0, 1, 0, 2, 0, 1]
users_4_m:
[2, 0, 0, 3, 0, 2, 5, 1, 0, 2]
[3, 0, 0, 2, 1, 0, 1, 0, 3, 2]
[0, 3, 1, 2, 24, 1, 0, 2, 0, 1]
[1, 0, 1, 5, 1, 1, 1, 2, 2, 0]
[2, 3, 1, 0, 0, 1, 3, 1, 3, 0]
[2, 2, 2, 2, 1, 0, 3, 1, 1, 0]
[0, 1, 1, 0, 1, 1, 0, 1, 1, 1]
[2, 1, 2, 0, 1, 1, 1, 2, 1, 3]
[1, 1, 2, 2, 1, 1, 0, 1, 2, 1]
[3, 3, 2, 2, 0, 1, 0, 3, 0, 1]
users_5_m:
[1, 3, 3, 2, 3, 0, 1, 2, 0, 2]
[0, 2, 1, 5, 2, 2, 0, 1, 3, 2]
[2, 1, 0, 1, 29, 0, 0, 0, 1, 1]
[1, 1, 2, 1, 4, 1, 1, 1, 3, 2]
[2, 3, 1, 2, 1, 1, 1, 2, 0, 4]
[1, 4, 1, 0, 0, 1, 1, 1, 1, 1]
[1, 2, 0, 2, 1, 1, 0, 2, 0, 2]
[3, 2, 0, 1, 7, 0, 3, 4, 0, 0]
[1, 3, 0, 3, 0, 3, 2, 1, 2, 0]
[2, 4, 1, 3, 5, 0, 2, 6, 0, 0]
users_6_m:
[1, 2, 0, 4, 1, 1, 1, 0, 0, 2]
[1, 4, 5, 3, 0, 2, 1, 1, 0, 1]
[5, 0, 1, 1, 3, 0, 2, 2, 1, 2]
[1, 2, 1, 0, 4, 1, 2, 0, 0, 3]
[2, 0, 1, 1, 3, 2, 4, 2, 2, 5]
[1, 2, 0, 2, 1, 2, 1, 1, 0, 1]
[2, 1, 1, 1, 2, 1, 2, 1, 3, 0]
[3, 2, 2, 5, 3, 0, 2, 2, 0, 3]
[1, 2, 0, 0, 0, 2, 2, 0, 4, 2]
[2, 2, 1, 2, 1, 0, 0, 1, 1, 2]
users_7_m:
[1, 0, 1, 1, 0, 0, 0, 1, 1, 1]
[0, 2, 1, 0, 1, 0, 2, 0, 1, 1]
[2, 0, 0, 1, 1, 3, 2, 1, 1, 3]
[0, 2, 1, 1, 1, 1, 3, 1, 0, 1]
[2, 3, 1, 2, 1, 0, 0, 1, 0, 1]
[4, 2, 5, 2, 3, 2, 1, 3, 1, 0]
[1, 2, 0, 0, 0, 1, 2, 1, 1, 0]
[3, 1, 1, 2, 1, 0, 1, 2, 2, 1]
[1, 1, 2, 2, 2, 0, 3, 2, 1, 0]
[1, 1, 3, 3, 1, 2, 2, 1, 2, 1]
users_8_m:
[0, 0, 0, 1, 3, 0, 0, 0, 1, 2]
[1, 2, 1, 1, 0, 0, 1, 2, 1, 1]
[1, 3, 0, 0, 1, 1, 0, 0, 3, 1]
[2, 2, 0, 1, 3, 2, 0, 1, 0, 1]
[2, 2, 2, 0, 1, 3, 0, 2, 1, 1]
[0, 1, 2, 2, 0, 1, 1, 2, 0, 1]
[0, 2, 0, 2, 4, 0, 0, 1, 0, 1]
[1, 0, 0, 1, 3, 2, 1, 0, 1, 1]
[0, 1, 0, 2, 0, 2, 1, 2, 0, 2]
[0, 0, 1, 0, 0, 2, 0, 2, 2, 2]
users_9_m:
[1, 3, 2, 0, 0, 3, 3, 1, 1, 0]
[0, 1, 1, 1, 0, 1, 0, 2, 0, 0]
[0, 0, 2, 0, 1, 1, 1, 0, 2, 0]
[0, 2, 1, 0, 0, 1, 0, 1, 2, 0]
[0, 0, 0, 2, 0, 3, 0, 2, 4, 1]
[1, 1, 0, 1, 1, 0, 1, 0, 1, 3]
[0, 0, 2, 1, 0, 1, 0, 1, 0, 1]
[1, 0, 1, 1, 2, 0, 0, 1, 2, 0]
[0, 0, 0, 0, 0, 0, 0, 1, 0, 1]
[1, 0, 0, 1, 0, 0, 0, 0, 0, 0]
users_10_m:
[0, 0, 0, 0, 2, 1, 0, 0, 1, 2]
[0, 1, 0, 0, 0, 0, 0, 0, 1, 0]
[0, 1, 0, 0, 0, 1, 0, 0, 1, 0]
[1, 0, 0, 0, 0, 1, 0, 1, 1, 1]
[0, 0, 1, 0, 0, 0, 0, 0, 0, 0]
[1, 1, 0, 0, 1, 0, 1, 0, 1, 0]
[1, 0, 0, 0, 1, 1, 0, 0, 1, 1]
[0, 0, 2, 0, 0, 0, 1, 1, 0, 1]
[0, 1, 0, 0, 0, 0, 0, 0, 0, 1]
[1, 0, 1, 2, 1, 0, 1, 0, 1, 0]
users_11_m:
[0, 0, 0, 0, 0, 0, 0, 0, 0, 0]
[0, 0, 0, 0, 1, 0, 0, 1, 0, 0]
[0, 0, 1, 0, 1, 1, 0, 0, 0, 0]
[0, 2, 0, 0, 0, 0, 0, 0, 0, 0]
[0, 0, 1, 0, 0, 0, 0, 0, 0, 0]
[0, 0, 0, 0, 0, 0, 0, 1, 0, 0]
[0, 0, 0, 1, 0, 0, 1, 0, 0, 1]
[0, 0, 0, 0, 0, 0, 0, 0, 0, 0]
[0, 0, 0, 0, 0, 0, 0, 0, 0, 0]
[0, 0, 0, 0, 0, 0, 0, 0, 0, 0]
MAX_USER_PER_ANTENNAS_m:  [40, 40, 40, 40, 40, 40, 40, 40, 40, 40, 40, 40, 40, 40, 40, 40, 40, 40, 40, 40, 40, 40, 40, 40, 40, 40, 40, 40, 40, 40, 40, 40, 40, 40, 40, 40, 40, 40, 40, 40, 40, 40, 40, 40, 40, 40, 40, 40, 40, 40, 40, 40, 40, 40, 40, 40, 40, 40, 40, 40, 40, 40, 40, 40, 40, 40, 40, 40, 40, 40, 40, 40, 40, 40, 40, 40, 40, 40, 40, 40, 40, 40, 40, 40, 40, 40, 40, 40, 40, 40, 40, 40, 40, 40, 40, 40, 40, 40, 40, 40]
antennas_map_m:  [1, 1, 1, 1, 1, 1, 1, 1, 1, 1, 1, 1, 1, 1, 1, 1, 1, 1, 1, 1, 1, 1, 1, 1, 1, 1, 1, 1, 1, 1, 1, 1, 1, 1, 1, 1, 1, 1, 1, 1, 1, 1, 1, 1, 1, 1, 1, 1, 1, 1, 1, 1, 1, 1, 1, 1, 1, 1, 1, 1, 1, 1, 1, 1, 1, 1, 1, 1, 1, 1, 1, 1, 1, 1, 1, 1, 1, 1, 1, 1, 1, 1, 1, 1, 1, 1, 1, 1, 1, 1, 1, 1, 1, 1, 1, 1, 1, 1, 1, 1]
FIRST_ANTENNA:  22
MIN_SNR_m:  [10.0, 10.0, 10.0, 10.0, 10.0, 10.0, 10.0, 10.0, 10.0, 10.0, 10.0, 10.0, 10.0, 10.0, 10.0, 10.0, 10.0, 10.0, 10.0, 10.0, 10.0, 10.0, 10.0, 10.0, 10.0, 10.0, 10.0, 10.0, 10.0, 10.0, 10.0, 10.0, 10.0, 10.0, 10.0, 10.0, 10.0, 10.0, 10.0, 10.0, 10.0, 10.0, 10.0, 10.0, 10.0, 10.0, 10.0, 10.0, 10.0, 10.0, 10.0, 10.0, 10.0, 10.0, 10.0, 10.0, 10.0, 10.0, 10.0, 10.0, 10.0, 10.0, 10.0, 10.0, 10.0, 10.0, 10.0, 10.0, 10.0, 10.0, 10.0, 10.0, 10.0, 10.0, 10.0, 10.0, 10.0, 10.0, 10.0, 10.0, 10.0, 10.0, 10.0, 10.0, 10.0, 10.0, 10.0, 10.0, 10.0, 10.0, 10.0, 10.0, 10.0, 10.0, 10.0, 10.0, 10.0, 10.0, 10.0, 10.0]
-MIN_DIST:  2000
- disaster percentage:  0

Slice  0
Updating fitness _wolf
--------
The set of antennas serves the scenario in the respective slice(0).

Slice  1
Updating fitness _wolf
--------

Run GWO to deployment +1 antenna on the map
	Pack size:  300
	Wolf dimension 1
	Max iter 100
	antennas_regions:  [22]
	users_regions:  [ 1  3  4  9 10 12 20 21 22 23 24 32 33 38 39 43 45 47 55 58 60 64 67 68
 72 77 80 83 87 91 97]
	Seed_base:  23546
initial_alpha:  Wolf 0 (23546). Fitness: 0
	(1626.7803505022925, 87.89859757021246, 0). Region: 4
initial_beta:  Wolf 1 (23547). Fitness: 0
	(1235.1184435915657, 2693.6537343745736, 0). Region: 63
initial_delta:  Wolf 2 (23548). Fitness: 0
	(1810.0617344388224, 879.5351288647222, 0). Region: 24 

iter = 10
Alpha wolf:  Wolf 0 (23546). Fitness: 0
	(297.74463106405057, 299.2938208268319, 0.0). Region: 0
iter = 20
Alpha wolf:  Wolf 0 (23546). Fitness: 0
	(261.3533329201005, 167.34842586213506, 0.0). Region: 0
iter = 30
Alpha wolf:  Wolf 0 (23546). Fitness: 0
	(150.6479659247869, 97.08165271512952, 0.0). Region: 0
iter = 40
Alpha wolf:  Wolf 0 (23546). Fitness: 0
	(214.02914798661823, 86.79050126502639, 0.0). Region: 0
iter = 50
Alpha wolf:  Wolf 0 (23546). Fitness: 0
	(187.4617171404318, 106.12381050658226, 0.0). Region: 0
iter = 60
Alpha wolf:  Wolf 0 (23546). Fitness: 0
	(275.09517902761536, 69.76166850258105, 0.0). Region: 0
iter = 70
Alpha wolf:  Wolf 0 (23546). Fitness: 0
	(343.44300089952776, 34.75814870197109, 0.0). Region: 0
iter = 80
Alpha wolf:  Wolf 0 (23546). Fitness: 0
	(394.9719556281336, 29.926511361583344, 0.0). Region: 0
iter = 90
Alpha wolf:  Wolf 0 (23546). Fitness: 0
	(432.5295785939848, 27.413289160029567, 0.0). Region: 1

Run GWO to deployment +2 antenna on the map
	Pack size:  300
	Wolf dimension 2
	Max iter 100
	antennas_regions:  [22]
	users_regions:  [ 1  3  4  9 10 12 20 21 22 23 24 32 33 38 39 43 45 47 55 58 60 64 67 68
 72 77 80 83 87 91 97]
	Seed_base:  2820
initial_alpha:  Wolf 0 (2820). Fitness: 0
	(2391.3525095609266, 1680.1440373984203, 0). Region: 45
	(8.08066703143906, 997.1066676157969, 0). Region: 20
initial_beta:  Wolf 1 (2821). Fitness: 0
	(3774.7639241970815, 518.3937098497009, 0). Region: 19
	(1807.1210363574264, 3690.1771148159673, 0). Region: 94
initial_delta:  Wolf 2 (2822). Fitness: 0
	(1572.4264327568806, 2039.3514493027865, 0). Region: 53
	(93.53430143426999, 1648.5267807656614, 0). Region: 40 

iter = 10
Alpha wolf:  Wolf 0 (2820). Fitness: 0
	(1308.8954308733926, 2798.216405691285, 0.0). Region: 63
	(832.8739271494517, 1582.4507080380074, 0.0). Region: 32
iter = 20
Alpha wolf:  Wolf 0 (2820). Fitness: 0
	(2091.483903166054, 768.4422428070686, 0.0). Region: 15
	(1633.9610290077744, 1092.9233449461883, 0.0). Region: 24
iter = 30
Alpha wolf:  Wolf 0 (2820). Fitness: 0
	(1721.8000472789145, 1780.7185424639365, 0.0). Region: 44
	(371.1194736176238, 352.0654390824167, 0.0). Region: 0
iter = 40
Alpha wolf:  Wolf 0 (2820). Fitness: 0
	(2979.021519287514, 939.730387724919, 0.0). Region: 27
	(160.87728640305534, 1287.1889833217826, 0.0). Region: 30
iter = 50
Alpha wolf:  Wolf 0 (2820). Fitness: 0
	(3585.152319249705, 774.2486834395306, 0.0). Region: 18
	(165.6379256706045, 945.7801085519792, 0.0). Region: 20
iter = 60
Alpha wolf:  Wolf 0 (2820). Fitness: 0
	(3121.6968319324696, 398.8761430091105, 0.0). Region: 7
	(284.02398773788775, 616.066800735272, 0.0). Region: 10
iter = 70
Alpha wolf:  Wolf 0 (2820). Fitness: 0
	(2469.7116109572876, 296.45280073232345, 0.0). Region: 6
	(174.2541934511453, 750.1531788629627, 0.0). Region: 10
iter = 80
Alpha wolf:  Wolf 0 (2820). Fitness: 0
	(3275.8128175989887, 270.49491589702404, 0.0). Region: 8
	(239.35364459723343, 820.2392938061284, 0.0). Region: 20
iter = 90
Alpha wolf:  Wolf 0 (2820). Fitness: 0
	(2939.1645223757396, 268.1972439569313, 0.0). Region: 7
	(269.4372144571132, 844.0395056446353, 0.0). Region: 20

Run GWO to deployment +3 antenna on the map
	Pack size:  300
	Wolf dimension 3
	Max iter 100
	antennas_regions:  [22]
	users_regions:  [ 1  3  4  9 10 12 20 21 22 23 24 32 33 38 39 43 45 47 55 58 60 64 67 68
 72 77 80 83 87 91 97]
	Seed_base:  68771
initial_alpha:  Wolf 0 (68771). Fitness: 0
	(3011.916839854102, 443.74097299629864, 0). Region: 17
	(1093.4094830489664, 3607.0889791764794, 0). Region: 92
	(2462.262439344733, 744.1373009095926, 0). Region: 16
initial_beta:  Wolf 1 (68772). Fitness: 0
	(2197.1657451864953, 1449.318601322353, 0). Region: 35
	(2471.663347974934, 3483.353016533026, 0). Region: 86
	(1837.969140390117, 440.4431151002028, 0). Region: 14
initial_delta:  Wolf 2 (68773). Fitness: 0
	(1496.8566471451802, 1372.9646336111348, 0). Region: 33
	(1984.110355025431, 3778.8222229956646, 0). Region: 94
	(2852.7540197088574, 2385.569713287852, 0). Region: 57 

iter = 10
Alpha wolf:  Wolf 0 (68771). Fitness: 0
	(1662.0459667942243, 173.45051655766662, 0.0). Region: 4
	(686.4997010554222, 539.6762852242437, 0.0). Region: 11
	(3853.737813320072, 809.7605697157621, 0.0). Region: 29
iter = 20
Alpha wolf:  Wolf 0 (68771). Fitness: 0
	(1164.0867211915913, 269.31810120502564, 0.0). Region: 2
	(1007.0413192441689, 704.5248658820962, 0.0). Region: 12
	(2741.8592156704726, 252.28160369876983, 0.0). Region: 6
iter = 30
Alpha wolf:  Wolf 0 (68771). Fitness: 0
	(812.8535393945135, 225.72407115287308, 0.0). Region: 2
	(1446.805643137447, 343.3052444466938, 0.0). Region: 3
	(1887.9725737144574, 141.66156476436404, 0.0). Region: 4
iter = 40
Alpha wolf:  Wolf 0 (68771). Fitness: 0
	(1193.0494723231054, 293.3872854127753, 0.0). Region: 2
	(1303.823061166247, 523.1314252005595, 0.0). Region: 13
	(976.8058100339169, 108.71468267784854, 0.0). Region: 2
iter = 50
Alpha wolf:  Wolf 0 (68771). Fitness: 0
	(2724.1810189467374, 282.2366974567012, 0.0). Region: 6
	(2359.361739740827, 867.7133968471808, 0.0). Region: 25
	(840.9806848264018, 267.3322287707396, 0.0). Region: 2
iter = 60
Alpha wolf:  Wolf 0 (68771). Fitness: 0
	(2904.239472319049, 312.8715444333453, 0.0). Region: 7
	(748.8209837080258, 653.5207899604977, 0.0). Region: 11
	(380.365811990942, 186.09080250674964, 0.0). Region: 0
iter = 70
Alpha wolf:  Wolf 0 (68771). Fitness: 0
	(2802.8980949588113, 388.15674242297166, 0.0). Region: 7
	(1122.5402352000378, 468.75684284745125, 0.0). Region: 12
	(684.646980766903, 109.86128266156544, 0.0). Region: 1
iter = 80
Alpha wolf:  Wolf 0 (68771). Fitness: 0
	(2935.089585131441, 298.6640667419729, 0.0). Region: 7
	(1015.2910689142655, 511.96012139259756, 0.0). Region: 12
	(341.6771749224691, 125.29722755751341, 0.0). Region: 0
iter = 90
Alpha wolf:  Wolf 0 (68771). Fitness: 0
	(2672.4589253710255, 329.39053719437464, 0.0). Region: 6
	(837.2307207002075, 609.3086809627624, 0.0). Region: 12
	(366.45520520190587, 128.45078463242263, 0.0). Region: 0

Run GWO to deployment +4 antenna on the map
	Pack size:  300
	Wolf dimension 4
	Max iter 100
	antennas_regions:  [22]
	users_regions:  [ 1  3  4  9 10 12 20 21 22 23 24 32 33 38 39 43 45 47 55 58 60 64 67 68
 72 77 80 83 87 91 97]
	Seed_base:  59251
initial_alpha:  Wolf 254 (59505). Fitness: 1.1717751762596196e-05
	(3051.977965569853, 2823.1188694975685, 0). Region: 77
	(3998.006201362462, 1316.283933421234, 0). Region: 39
	(2460.3042695406193, 1658.5006126210606, 0). Region: 46
	(243.57325186619994, 2242.0290300896795, 0). Region: 50
initial_beta:  Wolf 0 (59251). Fitness: 0
	(1234.0212760901074, 1683.8092188456671, 0). Region: 43
	(3266.8592101866884, 2176.7042652156797, 0). Region: 58
	(2560.622244330492, 3194.4355573245957, 0). Region: 76
	(1673.5316052894395, 3946.075248527278, 0). Region: 94
initial_delta:  Wolf 1 (59252). Fitness: 0
	(3279.661259469684, 1338.343556130582, 0). Region: 38
	(1129.7807817229022, 2242.78451802508, 0). Region: 52
	(430.0087542279103, 948.9606247177944, 0). Region: 21
	(2609.9692153780443, 2958.219006609624, 0). Region: 76 

The alpha wolf has been updated to a position with higher fitness. iter = 0
New alpha wolf:  Wolf 118 (59369). Fitness: 3.8296062008868005e-05
	(1465.2122988523288, 2817.6103423061295, 0.0). Region: 73
	(614.9042037076034, 1343.4487920962365, 0.0). Region: 31
	(3034.1490802873304, 810.7186897521005, 0.0). Region: 27
	(2537.6231963700275, 3587.375583571309, 0.0). Region: 86
The alpha wolf has been updated to a position with higher fitness. iter = 6
New alpha wolf:  Wolf 163 (59414). Fitness: 3.82960620089811e-05
	(3212.3477447840023, 811.1615855819242, 0.0). Region: 28
	(3648.050535027597, 2794.602241387911, 0.0). Region: 69
	(153.98191044809943, 3183.2316633777855, 0.0). Region: 70
	(1750.1707810480575, 3083.7023631994225, 0.0). Region: 74
iter = 10
Alpha wolf:  Wolf 163 (59414). Fitness: 3.82960620089811e-05
	(3212.3477447840023, 811.1615855819242, 0.0). Region: 28
	(3648.050535027597, 2794.602241387911, 0.0). Region: 69
	(153.98191044809943, 3183.2316633777855, 0.0). Region: 70
	(1750.1707810480575, 3083.7023631994225, 0.0). Region: 74
The alpha wolf has been updated to a position with higher fitness. iter = 14
New alpha wolf:  Wolf 95 (59346). Fitness: 3.8296062009039654e-05
	(1705.4170671256318, 3629.832818011983, 0.0). Region: 94
	(3181.8900208739688, 976.6595610152881, 0.0). Region: 27
	(389.3260120289842, 2339.3300587646736, 0.0). Region: 50
	(2485.0345658522565, 3407.0059479489682, 0.0). Region: 86
iter = 20
Alpha wolf:  Wolf 95 (59346). Fitness: 3.8296062009039654e-05
	(1705.4170671256318, 3629.832818011983, 0.0). Region: 94
	(3181.8900208739688, 976.6595610152881, 0.0). Region: 27
	(389.3260120289842, 2339.3300587646736, 0.0). Region: 50
	(2485.0345658522565, 3407.0059479489682, 0.0). Region: 86
iter = 30
Alpha wolf:  Wolf 95 (59346). Fitness: 3.8296062009039654e-05
	(1705.4170671256318, 3629.832818011983, 0.0). Region: 94
	(3181.8900208739688, 976.6595610152881, 0.0). Region: 27
	(389.3260120289842, 2339.3300587646736, 0.0). Region: 50
	(2485.0345658522565, 3407.0059479489682, 0.0). Region: 86
iter = 40
Alpha wolf:  Wolf 95 (59346). Fitness: 3.8296062009039654e-05
	(1705.4170671256318, 3629.832818011983, 0.0). Region: 94
	(3181.8900208739688, 976.6595610152881, 0.0). Region: 27
	(389.3260120289842, 2339.3300587646736, 0.0). Region: 50
	(2485.0345658522565, 3407.0059479489682, 0.0). Region: 86
iter = 50
Alpha wolf:  Wolf 95 (59346). Fitness: 3.8296062009039654e-05
	(1705.4170671256318, 3629.832818011983, 0.0). Region: 94
	(3181.8900208739688, 976.6595610152881, 0.0). Region: 27
	(389.3260120289842, 2339.3300587646736, 0.0). Region: 50
	(2485.0345658522565, 3407.0059479489682, 0.0). Region: 86
iter = 60
Alpha wolf:  Wolf 95 (59346). Fitness: 3.8296062009039654e-05
	(1705.4170671256318, 3629.832818011983, 0.0). Region: 94
	(3181.8900208739688, 976.6595610152881, 0.0). Region: 27
	(389.3260120289842, 2339.3300587646736, 0.0). Region: 50
	(2485.0345658522565, 3407.0059479489682, 0.0). Region: 86
The alpha wolf has been updated to a position with higher fitness. iter = 60
New alpha wolf:  Wolf 173 (59424). Fitness: 3.8694979321633816e-05
	(1334.8091637230755, 2665.6990251720445, 0.0). Region: 63
	(2992.578835133204, 1188.936683839317, 0.0). Region: 27
	(188.46487693080797, 2071.1749924021146, 0.0). Region: 50
	(2562.3657784372617, 3576.94000541227, 0.0). Region: 86
The alpha wolf has been updated to a position with higher fitness. iter = 65
New alpha wolf:  Wolf 262 (59513). Fitness: 3.909389663416473e-05
	(1545.7475020341874, 2500.7186327364916, 0.0). Region: 63
	(2848.3751092639004, 1170.4408641739112, 0.0). Region: 27
	(284.09797195675753, 3016.8170950723725, 0.0). Region: 70
	(2725.910720746765, 3558.3601854065028, 0.0). Region: 86
The alpha wolf has been updated to a position with higher fitness. iter = 67
New alpha wolf:  Wolf 277 (59528). Fitness: 3.949281394665597e-05
	(1187.0107976723675, 2000.6576386127358, 0.0). Region: 52
	(3196.4906274775076, 803.4051927163084, 0.0). Region: 27
	(187.27259869770222, 3033.668930658902, 0.0). Region: 70
	(2677.0632014617763, 3015.4866636913866, 0.0). Region: 76
The alpha wolf has been updated to a position with higher fitness. iter = 69
New alpha wolf:  Wolf 26 (59277). Fitness: 3.9492813946719135e-05
	(1137.1869418066667, 2132.179686314108, 0.0). Region: 52
	(3199.212178885722, 994.42856305029, 0.0). Region: 27
	(741.9075580930198, 3163.9047556127907, 0.0). Region: 71
	(2787.7299861811575, 3035.700862384346, 0.0). Region: 76
iter = 70
Alpha wolf:  Wolf 26 (59277). Fitness: 3.9492813946719135e-05
	(1137.1869418066667, 2132.179686314108, 0.0). Region: 52
	(3199.212178885722, 994.42856305029, 0.0). Region: 27
	(741.9075580930198, 3163.9047556127907, 0.0). Region: 71
	(2787.7299861811575, 3035.700862384346, 0.0). Region: 76
iter = 80
Alpha wolf:  Wolf 26 (59277). Fitness: 3.9492813946719135e-05
	(1137.1869418066667, 2132.179686314108, 0.0). Region: 52
	(3199.212178885722, 994.42856305029, 0.0). Region: 27
	(741.9075580930198, 3163.9047556127907, 0.0). Region: 71
	(2787.7299861811575, 3035.700862384346, 0.0). Region: 76
iter = 90
Alpha wolf:  Wolf 26 (59277). Fitness: 3.9492813946719135e-05
	(1099.9644824101783, 2258.8685147963297, 0.0). Region: 52
	(3026.863504798754, 958.8642904453529, 0.0). Region: 27
	(478.3214049498948, 3087.6040800549054, 0.0). Region: 71
	(2787.6438798322038, 2927.237740033705, 0.0). Region: 76

- Finishing GWO - 

Best solution:  Wolf 26 (59277). Fitness: 3.9492813946719135e-05
	(1177.2757287930626, 2052.040043343232, 0.0). Region: 52
	(3046.809021731018, 937.6935754089509, 0.0). Region: 27
	(451.6495993223407, 3055.909904389386, 0.0). Region: 71
	(2770.792365491225, 2916.5710727508144, 0.0). Region: 76
Antennas in slice 1:  [22 27 52 71 76]

Slice  2
Updating fitness _wolf
--------

Run GWO to deployment +1 antenna on the map
	Pack size:  300
	Wolf dimension 1
	Max iter 100
	antennas_regions:  [22 27 52 71 76]
	users_regions:  [ 1  6  7  9 14 16 22 23 24 27 28 29 31 33 36 37 39 40 42 45 47 48 51 53
 54 55 60 61 63 67 68 70 72 73 75 77 78 83 86 87 88 89 90 92 94 98]
	Seed_base:  59839
initial_alpha:  Wolf 41 (59880). Fitness: 4.1488576898215817e-05
	(3674.586188887565, 2974.168589000019, 0). Region: 79
initial_beta:  Wolf 72 (59911). Fitness: 4.1488576898215817e-05
	(3863.9215302501707, 3032.918260599549, 0). Region: 79
initial_delta:  Wolf 165 (60004). Fitness: 4.1488576898215817e-05
	(3889.28821683899, 3018.7491180654097, 0). Region: 79 

iter = 10
Alpha wolf:  Wolf 41 (59880). Fitness: 4.1488576898215817e-05
	(3674.586188887565, 2974.168589000019, 0). Region: 79
iter = 20
Alpha wolf:  Wolf 41 (59880). Fitness: 4.1488576898215817e-05
	(3674.586188887565, 2974.168589000019, 0). Region: 79
iter = 30
Alpha wolf:  Wolf 41 (59880). Fitness: 4.1488576898215817e-05
	(3818.762138639021, 3112.9176104335793, 0.0). Region: 79
iter = 40
Alpha wolf:  Wolf 41 (59880). Fitness: 4.1488576898215817e-05
	(3819.6760936474284, 2897.182364414805, 0.0). Region: 79
iter = 50
Alpha wolf:  Wolf 41 (59880). Fitness: 4.1488576898215817e-05
	(3643.0394431682507, 3148.39823700537, 0.0). Region: 79
iter = 60
Alpha wolf:  Wolf 41 (59880). Fitness: 4.1488576898215817e-05
	(3921.2385202055057, 3024.5659051018724, 0.0). Region: 79
iter = 70
Alpha wolf:  Wolf 41 (59880). Fitness: 4.1488576898215817e-05
	(3824.6184088956816, 2830.457620532773, 0.0). Region: 79
iter = 80
Alpha wolf:  Wolf 41 (59880). Fitness: 4.1488576898215817e-05
	(3852.9487617657305, 2872.3093283636977, 0.0). Region: 79
iter = 90
Alpha wolf:  Wolf 41 (59880). Fitness: 4.1488576898215817e-05
	(3674.875585154601, 3172.6593598813906, 0.0). Region: 79

- Finishing GWO - 

Best solution:  Wolf 41 (59880). Fitness: 4.1488576898215817e-05
	(3747.148751572797, 3068.131707837465, 0.0). Region: 79
Antennas in slice 2:  [22 27 52 71 76 79]

Slice  3
Updating fitness _wolf
--------
The set of antennas serves the scenario in the respective slice(3).

Slice  4
Updating fitness _wolf
--------
The set of antennas serves the scenario in the respective slice(4).

Slice  5
Updating fitness _wolf
--------

Run GWO to deployment +1 antenna on the map
	Pack size:  300
	Wolf dimension 1
	Max iter 100
	antennas_regions:  [22 27 52 71 76 79]
	users_regions:  [ 0  1  2  3  4  6  7  9 11 12 13 14 15 17 18 19 20 21 23 24 28 29 30 31
 32 33 34 35 36 37 38 39 40 41 42 43 44 45 46 47 49 50 51 52 55 56 57 58
 59 60 61 63 64 65 67 69 70 71 73 74 76 77 80 81 83 85 86 87 88 90 91 92
 93 94 96 97]
	Seed_base:  49243
initial_alpha:  Wolf 129 (49372). Fitness: 4.063619913992846e-05
	(2714.6331653490315, 637.2058315431545, 0). Region: 16
initial_beta:  Wolf 150 (49393). Fitness: 4.0636199139928365e-05
	(2631.357362882349, 1028.9056451686154, 0). Region: 26
initial_delta:  Wolf 239 (49482). Fitness: 4.0636199139928365e-05
	(2669.363306461402, 847.3623762583285, 0). Region: 26 

iter = 10
Alpha wolf:  Wolf 129 (49372). Fitness: 4.063619913992846e-05
	(2686.704520785794, 673.6235107181395, 0.0). Region: 16
iter = 20
Alpha wolf:  Wolf 129 (49372). Fitness: 4.063619913992846e-05
	(2571.2623899695877, 566.9929829154564, 0.0). Region: 16
iter = 30
Alpha wolf:  Wolf 129 (49372). Fitness: 4.063619913992846e-05
	(2673.245341591143, 409.63592578657546, 0.0). Region: 16
iter = 40
Alpha wolf:  Wolf 129 (49372). Fitness: 4.063619913992846e-05
	(2673.245341591143, 409.63592578657546, 0.0). Region: 16
iter = 50
Alpha wolf:  Wolf 129 (49372). Fitness: 4.063619913992846e-05
	(2565.043971822415, 581.1873298554531, 0.0). Region: 16
iter = 60
Alpha wolf:  Wolf 129 (49372). Fitness: 4.063619913992846e-05
	(2667.3935575134915, 479.28177464369793, 0.0). Region: 16
iter = 70
Alpha wolf:  Wolf 129 (49372). Fitness: 4.063619913992846e-05
	(2651.791666747033, 422.55078958241376, 0.0). Region: 16
iter = 80
Alpha wolf:  Wolf 129 (49372). Fitness: 4.063619913992846e-05
	(2697.8538312672213, 458.89078770813796, 0.0). Region: 16
iter = 90
Alpha wolf:  Wolf 129 (49372). Fitness: 4.063619913992846e-05
	(2560.9732006156228, 481.7786148300136, 0.0). Region: 16

- Finishing GWO - 

Best solution:  Wolf 129 (49372). Fitness: 4.063619913992846e-05
	(2523.127295902607, 458.5832085087965, 0.0). Region: 16
Antennas in slice 5:  [16 22 27 52 71 76 79]

Slice  6
Updating fitness _wolf
--------
The set of antennas serves the scenario in the respective slice(6).

Slice  7
Updating fitness _wolf
--------
The set of antennas serves the scenario in the respective slice(7).

Slice  8
Updating fitness _wolf
--------
The set of antennas serves the scenario in the respective slice(8).

Slice  9
Updating fitness _wolf
--------
The set of antennas serves the scenario in the respective slice(9).

Slice  10
Updating fitness _wolf
--------
The set of antennas serves the scenario in the respective slice(10).

Slice  11
Updating fitness _wolf
--------
The set of antennas serves the scenario in the respective slice(11).

Média de carros: 6.083333333333333
t=0
Antennas: [22]
Users: [22 23 24 33]
MinSINR:  10.0
$x_{0,22}$
	 $y_{0,22,22}$ = 91.22696134298263 dB
	 $y_{0,22,23}$ = 28.749955251169098 dB
	 $y_{0,22,24}$ = 18.561381582555768 dB
	 $y_{0,22,33}$ = 27.655465208510506 dB
		SNR medio:  5.935491549472071
		Usuarios totais: 28
Distances:
t=1
Antennas: [22 27 52 71 76]
Users: [ 1  3  4  9 10 12 20 21 22 23 24 32 33 38 39 43 45 47 55 58 60 64 67 68
 72 77 80 83 87 91 97]
MinSINR:  10.0
$x_{1,22}$
	 $y_{1,22,1}$ = 19.865674538912316 dB
	 $y_{1,22,3}$ = 17.241310992884152 dB
	 $y_{1,22,10}$ = 15.559718945142066 dB
	 $y_{1,22,12}$ = 26.22928520217536 dB
	 $y_{1,22,21}$ = 35.820272638720056 dB
	 $y_{1,22,4}$ = 14.392064438912485 dB
	 $y_{1,22,23}$ = 28.749955251169098 dB
	 $y_{1,22,24}$ = 18.561381582555768 dB
	 $y_{1,22,45}$ = 10.515664242319502 dB
	 $y_{1,22,22}$ = 91.22696134298263 dB
	 $y_{1,22,32}$ = 34.21067213597813 dB
	 $y_{1,22,33}$ = 27.655465208510506 dB
	 $y_{1,22,43}$ = 16.7690934469927 dB
		SNR medio:  9.389408420190918
		Usuarios totais: 38
$x_{1,27}$
	 $y_{1,27,9}$ = 16.226294589969598 dB
	 $y_{1,27,38}$ = 24.179652195614892 dB
	 $y_{1,27,39}$ = 19.29549894462049 dB
	 $y_{1,27,58}$ = 12.991472550939747 dB
		SNR medio:  18.173229570286182
		Usuarios totais: 4
$x_{1,52}$
	 $y_{1,52,20}$ = 14.540460861660478 dB
		SNR medio:  14.540460861660478
		Usuarios totais: 1
$x_{1,71}$
	 $y_{1,71,91}$ = 17.014384882407228 dB
	 $y_{1,71,60}$ = 23.990623954315666 dB
	 $y_{1,71,72}$ = 27.159707856099587 dB
	 $y_{1,71,80}$ = 23.446284359833996 dB
	 $y_{1,71,83}$ = 15.724339997841298 dB
		SNR medio:  21.467068210099555
		Usuarios totais: 5
$x_{1,76}$
	 $y_{1,76,67}$ = 27.085872355343213 dB
	 $y_{1,76,68}$ = 22.996388405008304 dB
	 $y_{1,76,77}$ = 36.57145113588088 dB
	 $y_{1,76,87}$ = 29.838548287311497 dB
	 $y_{1,76,97}$ = 19.23791992986621 dB
	 $y_{1,76,47}$ = 12.762654843343483 dB
	 $y_{1,76,55}$ = 16.282473863544567 dB
	 $y_{1,76,64}$ = 12.980609473702941 dB
		SNR medio:  22.219489786750135
		Usuarios totais: 8
Distances:
22 : 27 = 2000.0
22 : 52 = 1200.0
22 : 71 = 2039.607805437114
22 : 76 = 2561.2496949731394
27 : 52 = 2332.38075793812
27 : 71 = 3124.099870362662
27 : 76 = 2039.607805437114
52 : 71 = 894.4271909999159
52 : 76 = 1788.8543819998317
71 : 76 = 2000.0
t=2
Antennas: [22 27 52 71 76 79]
Users: [ 1  6  7  9 14 16 22 23 24 27 28 29 31 33 36 37 39 40 42 45 47 48 51 53
 54 55 60 61 63 67 68 70 72 73 75 77 78 83 86 87 88 89 90 92 94 98]
MinSINR:  10.0
$x_{2,22}$
	 $y_{2,22,1}$ = 19.865674538912316 dB
	 $y_{2,22,23}$ = 28.749955251169098 dB
	 $y_{2,22,24}$ = 18.561381582555768 dB
	 $y_{2,22,31}$ = 26.796677810450504 dB
	 $y_{2,22,45}$ = 10.515664242319502 dB
	 $y_{2,22,22}$ = 91.22696134298263 dB
	 $y_{2,22,33}$ = 27.655465208510506 dB
		SNR medio:  5.584294499422508
		Usuarios totais: 40
$x_{2,27}$
	 $y_{2,27,6}$ = 23.135281159182824 dB
	 $y_{2,27,7}$ = 15.74942601709104 dB
	 $y_{2,27,9}$ = 16.226294589969598 dB
	 $y_{2,27,16}$ = 27.657019642418135 dB
	 $y_{2,27,27}$ = 79.55828542042732 dB
	 $y_{2,27,28}$ = 26.28753277988612 dB
	 $y_{2,27,29}$ = 13.015326012773926 dB
	 $y_{2,27,37}$ = 32.31384221898348 dB
	 $y_{2,27,39}$ = 19.29549894462049 dB
	 $y_{2,27,48}$ = 16.72738305477192 dB
	 $y_{2,27,14}$ = 13.95284989560983 dB
	 $y_{2,27,36}$ = 27.02865822210883 dB
	 $y_{2,27,55}$ = 10.635303767715769 dB
	 $y_{2,27,47}$ = 15.013168144103886 dB
		SNR medio:  19.799757051156657
		Usuarios totais: 17
$x_{2,52}$
	 $y_{2,52,54}$ = 13.57548410995409 dB
	 $y_{2,52,75}$ = 13.589554852570643 dB
	 $y_{2,52,42}$ = 27.004144931069717 dB
		SNR medio:  10.83383677871889
		Usuarios totais: 5
$x_{2,71}$
	 $y_{2,71,90}$ = 13.694509640340272 dB
	 $y_{2,71,92}$ = 13.957934314809108 dB
	 $y_{2,71,40}$ = 17.472356492354763 dB
	 $y_{2,71,51}$ = 17.287818587079656 dB
	 $y_{2,71,53}$ = 12.990288372528482 dB
	 $y_{2,71,60}$ = 23.990623954315666 dB
	 $y_{2,71,70}$ = 34.35290529828201 dB
	 $y_{2,71,72}$ = 27.159707856099587 dB
	 $y_{2,71,83}$ = 15.724339997841298 dB
	 $y_{2,71,94}$ = 10.490740542698788 dB
	 $y_{2,71,61}$ = 27.480602057531243 dB
	 $y_{2,71,63}$ = 16.133076694667963 dB
	 $y_{2,71,73}$ = 17.91996091880064 dB
		SNR medio:  14.62675674866762
		Usuarios totais: 17
$x_{2,76}$
		Usuarios totais: 0
$x_{2,79}$
	 $y_{2,79,89}$ = 20.70789589209413 dB
	 $y_{2,79,67}$ = 12.887516634983797 dB
	 $y_{2,79,68}$ = 24.57341049183185 dB
	 $y_{2,79,77}$ = 29.48824295943372 dB
	 $y_{2,79,78}$ = 27.98950260413855 dB
	 $y_{2,79,86}$ = 14.312920142088672 dB
	 $y_{2,79,87}$ = 13.651790720161785 dB
	 $y_{2,79,88}$ = 23.11345500210372 dB
	 $y_{2,79,98}$ = 22.97433659951966 dB
		SNR medio:  15.808255920529659
		Usuarios totais: 12
Distances:
22 : 27 = 2000.0
22 : 52 = 1200.0
22 : 71 = 2039.607805437114
22 : 76 = 2561.2496949731394
22 : 79 = 3440.9301068170507
27 : 52 = 2332.38075793812
27 : 71 = 3124.099870362662
27 : 76 = 2039.607805437114
27 : 79 = 2154.0659228538016
52 : 71 = 894.4271909999159
52 : 76 = 1788.8543819998317
52 : 79 = 2912.043955712207
71 : 76 = 2000.0
71 : 79 = 3200.0
76 : 79 = 1200.0
t=3
Antennas: [22 27 52 71 76 79]
Users: [ 1  3  4  5  6  7  8  9 10 11 12 13 14 15 17 19 20 21 22 23 24 25 26 27
 28 31 32 33 35 36 37 39 40 42 46 47 48 49 51 52 54 55 58 61 63 64 69 70
 71 72 73 74 75 76 77 79 84 87 88 89 92 95 97 99]
MinSINR:  10.0
$x_{3,22}$
	 $y_{3,22,1}$ = 19.865674538912316 dB
	 $y_{3,22,3}$ = 17.241310992884152 dB
	 $y_{3,22,10}$ = 15.559718945142066 dB
	 $y_{3,22,11}$ = 29.685673869048642 dB
	 $y_{3,22,12}$ = 26.22928520217536 dB
	 $y_{3,22,13}$ = 24.342461718209208 dB
	 $y_{3,22,21}$ = 35.820272638720056 dB
	 $y_{3,22,23}$ = 28.749955251169098 dB
	 $y_{3,22,24}$ = 18.561381582555768 dB
		SNR medio:  5.401393368470416
		Usuarios totais: 40
$x_{3,27}$
	 $y_{3,27,5}$ = 10.138150535259399 dB
	 $y_{3,27,6}$ = 23.135281159182824 dB
	 $y_{3,27,7}$ = 15.74942601709104 dB
	 $y_{3,27,8}$ = 17.911773678508126 dB
	 $y_{3,27,9}$ = 16.226294589969598 dB
	 $y_{3,27,17}$ = 34.81849917354645 dB
	 $y_{3,27,19}$ = 18.46597437971195 dB
	 $y_{3,27,25}$ = 20.506531770171094 dB
	 $y_{3,27,27}$ = 79.55828542042732 dB
	 $y_{3,27,28}$ = 26.28753277988612 dB
	 $y_{3,27,37}$ = 32.31384221898348 dB
	 $y_{3,27,39}$ = 19.29549894462049 dB
	 $y_{3,27,48}$ = 16.72738305477192 dB
	 $y_{3,27,4}$ = 11.994339729373635 dB
	 $y_{3,27,14}$ = 13.95284989560983 dB
	 $y_{3,27,15}$ = 16.795082220700365 dB
	 $y_{3,27,35}$ = 16.316042977105326 dB
	 $y_{3,27,26}$ = 24.980664594692584 dB
	 $y_{3,27,32}$ = 12.96744178663711 dB
	 $y_{3,27,33}$ = 10.384693077633614 dB
	 $y_{3,27,36}$ = 27.02865822210883 dB
	 $y_{3,27,49}$ = 19.56386417671142 dB
	 $y_{3,27,55}$ = 10.635303767715769 dB
	 $y_{3,27,58}$ = 12.991472550939747 dB
	 $y_{3,27,46}$ = 21.77746851344834 dB
	 $y_{3,27,47}$ = 15.013168144103886 dB
		SNR medio:  15.586729239397437
		Usuarios totais: 35
$x_{3,52}$
	 $y_{3,52,20}$ = 14.540460861660478 dB
	 $y_{3,52,31}$ = 15.796634557471847 dB
	 $y_{3,52,42}$ = 27.004144931069717 dB
	 $y_{3,52,52}$ = 85.36211188264716 dB
	 $y_{3,52,54}$ = 13.57548410995409 dB
	 $y_{3,52,61}$ = 15.281907431314579 dB
	 $y_{3,52,70}$ = 14.446156392790925 dB
	 $y_{3,52,72}$ = 16.611587568117642 dB
	 $y_{3,52,75}$ = 13.589554852570643 dB
	 $y_{3,52,63}$ = 29.2091446451809 dB
	 $y_{3,52,64}$ = 13.180052145525678 dB
	 $y_{3,52,73}$ = 12.67492032466376 dB
	 $y_{3,52,74}$ = 11.487556977277563 dB
	 $y_{3,52,84}$ = 10.050165320702988 dB
		SNR medio:  11.712395280037919
		Usuarios totais: 25
$x_{3,71}$
	 $y_{3,71,92}$ = 13.957934314809108 dB
	 $y_{3,71,22}$ = 13.623214321869966 dB
	 $y_{3,71,40}$ = 17.472356492354763 dB
	 $y_{3,71,51}$ = 17.287818587079656 dB
	 $y_{3,71,71}$ = 92.19874702039252 dB
	 $y_{3,71,95}$ = 15.354652850277233 dB
		SNR medio:  18.877191509642582
		Usuarios totais: 9
$x_{3,76}$
	 $y_{3,76,76}$ = 91.3238156315524 dB
		SNR medio:  91.3238156315524
		Usuarios totais: 1
$x_{3,79}$
	 $y_{3,79,89}$ = 20.70789589209413 dB
	 $y_{3,79,69}$ = 27.946214246834913 dB
	 $y_{3,79,77}$ = 29.48824295943372 dB
	 $y_{3,79,79}$ = 87.04219767900958 dB
	 $y_{3,79,87}$ = 13.651790720161785 dB
	 $y_{3,79,88}$ = 23.11345500210372 dB
	 $y_{3,79,97}$ = 13.656020780639508 dB
	 $y_{3,79,99}$ = 19.313439496055267 dB
		SNR medio:  19.576604731361048
		Usuarios totais: 12
Distances:
22 : 27 = 2000.0
22 : 52 = 1200.0
22 : 71 = 2039.607805437114
22 : 76 = 2561.2496949731394
22 : 79 = 3440.9301068170507
27 : 52 = 2332.38075793812
27 : 71 = 3124.099870362662
27 : 76 = 2039.607805437114
27 : 79 = 2154.0659228538016
52 : 71 = 894.4271909999159
52 : 76 = 1788.8543819998317
52 : 79 = 2912.043955712207
71 : 76 = 2000.0
71 : 79 = 3200.0
76 : 79 = 1200.0
t=4
Antennas: [22 27 52 71 76 79]
Users: [ 0  3  5  6  7  9 10 13 14 16 18 19 21 22 23 24 25 27 29 30 32 33 34 35
 36 37 38 40 41 42 45 46 47 48 50 51 52 53 54 56 57 58 61 62 64 65 67 68
 69 70 71 72 74 75 76 77 78 79 80 81 82 83 84 85 87 88 89 90 91 92 93 95
 97 99]
MinSINR:  10.0
$x_{4,22}$
	 $y_{4,22,0}$ = 15.375364923628865 dB
	 $y_{4,22,3}$ = 17.241310992884152 dB
	 $y_{4,22,10}$ = 15.559718945142066 dB
	 $y_{4,22,13}$ = 24.342461718209208 dB
	 $y_{4,22,21}$ = 35.820272638720056 dB
	 $y_{4,22,23}$ = 28.749955251169098 dB
	 $y_{4,22,24}$ = 18.561381582555768 dB
	 $y_{4,22,30}$ = 21.253912088616133 dB
		SNR medio:  4.422609453523134
		Usuarios totais: 40
$x_{4,27}$
	 $y_{4,27,5}$ = 10.138150535259399 dB
	 $y_{4,27,6}$ = 23.135281159182824 dB
	 $y_{4,27,7}$ = 15.74942601709104 dB
	 $y_{4,27,9}$ = 16.226294589969598 dB
	 $y_{4,27,16}$ = 27.657019642418135 dB
	 $y_{4,27,18}$ = 23.785461024662965 dB
	 $y_{4,27,19}$ = 18.46597437971195 dB
	 $y_{4,27,25}$ = 20.506531770171094 dB
	 $y_{4,27,27}$ = 79.55828542042732 dB
	 $y_{4,27,29}$ = 13.015326012773926 dB
	 $y_{4,27,37}$ = 32.31384221898348 dB
	 $y_{4,27,48}$ = 16.72738305477192 dB
	 $y_{4,27,14}$ = 13.95284989560983 dB
	 $y_{4,27,35}$ = 16.316042977105326 dB
	 $y_{4,27,32}$ = 12.96744178663711 dB
	 $y_{4,27,33}$ = 10.384693077633614 dB
	 $y_{4,27,34}$ = 11.283617985730032 dB
	 $y_{4,27,36}$ = 27.02865822210883 dB
	 $y_{4,27,38}$ = 24.179652195614892 dB
	 $y_{4,27,58}$ = 12.991472550939747 dB
	 $y_{4,27,47}$ = 15.013168144103886 dB
	 $y_{4,27,57}$ = 12.023258608774 dB
		SNR medio:  11.335495781742022
		Usuarios totais: 40
$x_{4,52}$
	 $y_{4,52,45}$ = 11.058523595488111 dB
	 $y_{4,52,52}$ = 85.36211188264716 dB
	 $y_{4,52,54}$ = 13.57548410995409 dB
		SNR medio:  27.49902989702234
		Usuarios totais: 4
$x_{4,71}$
	 $y_{4,71,81}$ = 28.04710330648217 dB
	 $y_{4,71,90}$ = 13.694509640340272 dB
	 $y_{4,71,91}$ = 17.014384882407228 dB
	 $y_{4,71,92}$ = 13.957934314809108 dB
	 $y_{4,71,22}$ = 13.623214321869966 dB
	 $y_{4,71,40}$ = 17.472356492354763 dB
	 $y_{4,71,41}$ = 11.855773334647694 dB
	 $y_{4,71,50}$ = 16.42855975526045 dB
	 $y_{4,71,51}$ = 17.287818587079656 dB
	 $y_{4,71,53}$ = 12.990288372528482 dB
	 $y_{4,71,56}$ = 10.66747324261786 dB
	 $y_{4,71,61}$ = 27.480602057531243 dB
	 $y_{4,71,62}$ = 24.774302444661927 dB
	 $y_{4,71,70}$ = 34.35290529828201 dB
	 $y_{4,71,71}$ = 92.19874702039252 dB
	 $y_{4,71,72}$ = 27.159707856099587 dB
	 $y_{4,71,80}$ = 23.446284359833996 dB
	 $y_{4,71,82}$ = 23.044404714329332 dB
	 $y_{4,71,83}$ = 15.724339997841298 dB
	 $y_{4,71,93}$ = 13.131707816919516 dB
	 $y_{4,71,95}$ = 15.354652850277233 dB
	 $y_{4,71,64}$ = 16.092645705429447 dB
		SNR medio:  12.144992909299894
		Usuarios totais: 40
$x_{4,76}$
	 $y_{4,76,65}$ = 25.87670983985086 dB
	 $y_{4,76,85}$ = 21.38836854608317 dB
	 $y_{4,76,42}$ = 10.916191270834005 dB
	 $y_{4,76,67}$ = 27.085872355343213 dB
	 $y_{4,76,68}$ = 22.996388405008304 dB
	 $y_{4,76,69}$ = 12.235561422164238 dB
	 $y_{4,76,75}$ = 30.463708426170044 dB
	 $y_{4,76,76}$ = 91.3238156315524 dB
	 $y_{4,76,77}$ = 36.57145113588088 dB
	 $y_{4,76,78}$ = 13.67289186585029 dB
	 $y_{4,76,87}$ = 29.838548287311497 dB
	 $y_{4,76,88}$ = 15.635968938768087 dB
	 $y_{4,76,97}$ = 19.23791992986621 dB
	 $y_{4,76,99}$ = 10.32196695797353 dB
	 $y_{4,76,46}$ = 21.256960961917372 dB
	 $y_{4,76,74}$ = 12.408135512395887 dB
	 $y_{4,76,84}$ = 20.88550538273516 dB
		SNR medio:  18.352868037813266
		Usuarios totais: 23
$x_{4,79}$
	 $y_{4,79,89}$ = 20.70789589209413 dB
	 $y_{4,79,79}$ = 87.04219767900958 dB
		SNR medio:  26.937523392775926
		Usuarios totais: 4
Distances:
22 : 27 = 2000.0
22 : 52 = 1200.0
22 : 71 = 2039.607805437114
22 : 76 = 2561.2496949731394
22 : 79 = 3440.9301068170507
27 : 52 = 2332.38075793812
27 : 71 = 3124.099870362662
27 : 76 = 2039.607805437114
27 : 79 = 2154.0659228538016
52 : 71 = 894.4271909999159
52 : 76 = 1788.8543819998317
52 : 79 = 2912.043955712207
71 : 76 = 2000.0
71 : 79 = 3200.0
76 : 79 = 1200.0
t=5
Antennas: [16 22 27 52 71 76 79]
Users: [ 0  1  2  3  4  6  7  9 11 12 13 14 15 17 18 19 20 21 23 24 28 29 30 31
 32 33 34 35 36 37 38 39 40 41 42 43 44 45 46 47 49 50 51 52 55 56 57 58
 59 60 61 63 64 65 67 69 70 71 73 74 76 77 80 81 83 85 86 87 88 90 91 92
 93 94 96 97]
MinSINR:  10.0
$x_{5,16}$
	 $y_{5,16,24}$ = 18.040074407596563 dB
	 $y_{5,16,45}$ = 15.345680582964974 dB
		SNR medio:  1.1128584996853845
		Usuarios totais: 30
$x_{5,22}$
	 $y_{5,22,0}$ = 15.375364923628865 dB
	 $y_{5,22,1}$ = 19.865674538912316 dB
	 $y_{5,22,2}$ = 24.316132080450075 dB
	 $y_{5,22,11}$ = 29.685673869048642 dB
	 $y_{5,22,12}$ = 26.22928520217536 dB
	 $y_{5,22,21}$ = 35.820272638720056 dB
	 $y_{5,22,3}$ = 17.241310992884152 dB
	 $y_{5,22,13}$ = 24.342461718209208 dB
	 $y_{5,22,30}$ = 21.253912088616133 dB
	 $y_{5,22,31}$ = 26.796677810450504 dB
	 $y_{5,22,23}$ = 28.749955251169098 dB
	 $y_{5,22,61}$ = 13.029344252037959 dB
		SNR medio:  12.291568059404451
		Usuarios totais: 23
$x_{5,27}$
	 $y_{5,27,9}$ = 16.226294589969598 dB
	 $y_{5,27,29}$ = 13.015326012773926 dB
	 $y_{5,27,6}$ = 23.135281159182824 dB
	 $y_{5,27,7}$ = 15.74942601709104 dB
	 $y_{5,27,17}$ = 34.81849917354645 dB
	 $y_{5,27,18}$ = 23.785461024662965 dB
	 $y_{5,27,19}$ = 18.46597437971195 dB
	 $y_{5,27,28}$ = 26.28753277988612 dB
	 $y_{5,27,37}$ = 32.31384221898348 dB
	 $y_{5,27,39}$ = 19.29549894462049 dB
	 $y_{5,27,49}$ = 19.56386417671142 dB
	 $y_{5,27,58}$ = 12.991472550939747 dB
	 $y_{5,27,4}$ = 11.994339729373635 dB
	 $y_{5,27,14}$ = 13.95284989560983 dB
	 $y_{5,27,15}$ = 16.795082220700365 dB
	 $y_{5,27,32}$ = 12.96744178663711 dB
	 $y_{5,27,33}$ = 10.384693077633614 dB
	 $y_{5,27,35}$ = 16.316042977105326 dB
	 $y_{5,27,36}$ = 27.02865822210883 dB
	 $y_{5,27,38}$ = 24.179652195614892 dB
	 $y_{5,27,43}$ = 11.447919431773926 dB
	 $y_{5,27,46}$ = 21.77746851344834 dB
	 $y_{5,27,55}$ = 10.635303767715769 dB
		SNR medio:  10.828198121145043
		Usuarios totais: 40
$x_{5,52}$
	 $y_{5,52,20}$ = 14.540460861660478 dB
	 $y_{5,52,52}$ = 85.36211188264716 dB
	 $y_{5,52,73}$ = 12.67492032466376 dB
	 $y_{5,52,74}$ = 11.487556977277563 dB
		SNR medio:  11.27864091329536
		Usuarios totais: 11
$x_{5,71}$
	 $y_{5,71,81}$ = 28.04710330648217 dB
	 $y_{5,71,90}$ = 13.694509640340272 dB
	 $y_{5,71,91}$ = 17.014384882407228 dB
	 $y_{5,71,92}$ = 13.957934314809108 dB
	 $y_{5,71,40}$ = 17.472356492354763 dB
	 $y_{5,71,51}$ = 17.287818587079656 dB
	 $y_{5,71,56}$ = 10.66747324261786 dB
	 $y_{5,71,60}$ = 23.990623954315666 dB
	 $y_{5,71,70}$ = 34.35290529828201 dB
	 $y_{5,71,71}$ = 92.19874702039252 dB
	 $y_{5,71,80}$ = 23.446284359833996 dB
	 $y_{5,71,83}$ = 15.724339997841298 dB
	 $y_{5,71,93}$ = 13.131707816919516 dB
	 $y_{5,71,94}$ = 10.490740542698788 dB
	 $y_{5,71,41}$ = 11.855773334647694 dB
	 $y_{5,71,50}$ = 16.42855975526045 dB
	 $y_{5,71,64}$ = 16.092645705429447 dB
		SNR medio:  9.39634770629281
		Usuarios totais: 40
$x_{5,76}$
	 $y_{5,76,65}$ = 25.87670983985086 dB
	 $y_{5,76,85}$ = 21.38836854608317 dB
	 $y_{5,76,96}$ = 21.645303137615244 dB
	 $y_{5,76,59}$ = 11.729729659163098 dB
	 $y_{5,76,67}$ = 27.085872355343213 dB
	 $y_{5,76,69}$ = 12.235561422164238 dB
	 $y_{5,76,76}$ = 91.3238156315524 dB
	 $y_{5,76,77}$ = 36.57145113588088 dB
	 $y_{5,76,86}$ = 29.838441609080874 dB
	 $y_{5,76,87}$ = 29.838548287311497 dB
	 $y_{5,76,88}$ = 15.635968938768087 dB
	 $y_{5,76,97}$ = 19.23791992986621 dB
	 $y_{5,76,42}$ = 10.916191270834005 dB
	 $y_{5,76,47}$ = 12.762654843343483 dB
	 $y_{5,76,34}$ = 12.989409532929812 dB
	 $y_{5,76,44}$ = 13.164564772212742 dB
	 $y_{5,76,57}$ = 19.213803019945075 dB
	 $y_{5,76,63}$ = 13.265239321148556 dB
		SNR medio:  10.617988831327338
		Usuarios totais: 40
$x_{5,79}$
		Usuarios totais: 0
Distances:
16 : 22 = 1649.2422502470642
16 : 27 = 565.685424949238
16 : 52 = 2262.741699796952
16 : 71 = 3124.099870362662
16 : 76 = 2400.0
16 : 79 = 2683.281572999748
22 : 27 = 2000.0
22 : 52 = 1200.0
22 : 71 = 2039.607805437114
22 : 76 = 2561.2496949731394
22 : 79 = 3440.9301068170507
27 : 52 = 2332.38075793812
27 : 71 = 3124.099870362662
27 : 76 = 2039.607805437114
27 : 79 = 2154.0659228538016
52 : 71 = 894.4271909999159
52 : 76 = 1788.8543819998317
52 : 79 = 2912.043955712207
71 : 76 = 2000.0
71 : 79 = 3200.0
76 : 79 = 1200.0
t=6
Antennas: [16 22 27 52 71 76 79]
Users: [ 0  1  3  4  5  6  9 10 11 12 13 15 16 17 19 20 22 23 24 26 27 28 29 30
 31 32 34 35 36 39 40 42 43 44 45 46 47 48 49 50 51 53 54 55 56 57 59 60
 61 62 63 64 65 66 67 68 70 71 72 73 74 76 77 79 80 81 85 86 88 89 90 91
 92 93 94 97 98 99]
MinSINR:  10.0
$x_{6,16}$
	 $y_{6,16,16}$ = 85.92996431446511 dB
		SNR medio:  85.92996431446511
		Usuarios totais: 1
$x_{6,22}$
	 $y_{6,22,0}$ = 15.375364923628865 dB
	 $y_{6,22,1}$ = 19.865674538912316 dB
	 $y_{6,22,10}$ = 15.559718945142066 dB
	 $y_{6,22,11}$ = 29.685673869048642 dB
	 $y_{6,22,12}$ = 26.22928520217536 dB
	 $y_{6,22,3}$ = 17.241310992884152 dB
	 $y_{6,22,13}$ = 24.342461718209208 dB
	 $y_{6,22,30}$ = 21.253912088616133 dB
	 $y_{6,22,31}$ = 26.796677810450504 dB
	 $y_{6,22,4}$ = 14.392064438912485 dB
	 $y_{6,22,15}$ = 13.123746400523146 dB
	 $y_{6,22,22}$ = 91.22696134298263 dB
	 $y_{6,22,23}$ = 28.749955251169098 dB
	 $y_{6,22,24}$ = 18.561381582555768 dB
	 $y_{6,22,32}$ = 34.21067213597813 dB
	 $y_{6,22,35}$ = 11.216674845634657 dB
	 $y_{6,22,42}$ = 12.874317458569578 dB
	 $y_{6,22,43}$ = 16.7690934469927 dB
	 $y_{6,22,45}$ = 10.515664242319502 dB
	 $y_{6,22,50}$ = 10.392396372114504 dB
	 $y_{6,22,61}$ = 13.029344252037959 dB
	 $y_{6,22,62}$ = 13.757853786479913 dB
		SNR medio:  12.129255141133433
		Usuarios totais: 40
$x_{6,27}$
	 $y_{6,27,9}$ = 16.226294589969598 dB
	 $y_{6,27,29}$ = 13.015326012773926 dB
	 $y_{6,27,5}$ = 10.138150535259399 dB
	 $y_{6,27,6}$ = 23.135281159182824 dB
	 $y_{6,27,17}$ = 34.81849917354645 dB
	 $y_{6,27,19}$ = 18.46597437971195 dB
	 $y_{6,27,27}$ = 79.55828542042732 dB
	 $y_{6,27,28}$ = 26.28753277988612 dB
	 $y_{6,27,39}$ = 19.29549894462049 dB
	 $y_{6,27,48}$ = 16.72738305477192 dB
	 $y_{6,27,49}$ = 19.56386417671142 dB
	 $y_{6,27,26}$ = 24.980664594692584 dB
	 $y_{6,27,36}$ = 27.02865822210883 dB
	 $y_{6,27,46}$ = 21.77746851344834 dB
	 $y_{6,27,47}$ = 15.013168144103886 dB
	 $y_{6,27,55}$ = 10.635303767715769 dB
	 $y_{6,27,34}$ = 11.283617985730032 dB
	 $y_{6,27,44}$ = 10.497064482553071 dB
		SNR medio:  9.961200898430349
		Usuarios totais: 40
$x_{6,52}$
	 $y_{6,52,20}$ = 14.540460861660478 dB
	 $y_{6,52,54}$ = 13.57548410995409 dB
		SNR medio:  4.685990828602428
		Usuarios totais: 6
$x_{6,71}$
	 $y_{6,71,81}$ = 28.04710330648217 dB
	 $y_{6,71,90}$ = 13.694509640340272 dB
	 $y_{6,71,91}$ = 17.014384882407228 dB
	 $y_{6,71,92}$ = 13.957934314809108 dB
	 $y_{6,71,40}$ = 17.472356492354763 dB
	 $y_{6,71,51}$ = 17.287818587079656 dB
	 $y_{6,71,53}$ = 12.990288372528482 dB
	 $y_{6,71,56}$ = 10.66747324261786 dB
	 $y_{6,71,60}$ = 23.990623954315666 dB
	 $y_{6,71,70}$ = 34.35290529828201 dB
	 $y_{6,71,71}$ = 92.19874702039252 dB
	 $y_{6,71,72}$ = 27.159707856099587 dB
	 $y_{6,71,80}$ = 23.446284359833996 dB
	 $y_{6,71,93}$ = 13.131707816919516 dB
	 $y_{6,71,94}$ = 10.490740542698788 dB
	 $y_{6,71,63}$ = 16.133076694667963 dB
	 $y_{6,71,64}$ = 16.092645705429447 dB
	 $y_{6,71,73}$ = 17.91996091880064 dB
	 $y_{6,71,74}$ = 15.327324297947357 dB
		SNR medio:  11.088831402737028
		Usuarios totais: 38
$x_{6,76}$
	 $y_{6,76,65}$ = 25.87670983985086 dB
	 $y_{6,76,85}$ = 21.38836854608317 dB
	 $y_{6,76,59}$ = 11.729729659163098 dB
	 $y_{6,76,66}$ = 30.985304080549227 dB
	 $y_{6,76,67}$ = 27.085872355343213 dB
	 $y_{6,76,68}$ = 22.996388405008304 dB
	 $y_{6,76,76}$ = 91.3238156315524 dB
	 $y_{6,76,77}$ = 36.57145113588088 dB
	 $y_{6,76,86}$ = 29.838441609080874 dB
	 $y_{6,76,88}$ = 15.635968938768087 dB
	 $y_{6,76,97}$ = 19.23791992986621 dB
	 $y_{6,76,98}$ = 13.290882306446179 dB
	 $y_{6,76,99}$ = 10.32196695797353 dB
	 $y_{6,76,57}$ = 19.213803019945075 dB
		SNR medio:  15.019864896620446
		Usuarios totais: 25
$x_{6,79}$
	 $y_{6,79,89}$ = 20.70789589209413 dB
	 $y_{6,79,79}$ = 87.04219767900958 dB
		SNR medio:  21.55001871422074
		Usuarios totais: 5
Distances:
16 : 22 = 1649.2422502470642
16 : 27 = 565.685424949238
16 : 52 = 2262.741699796952
16 : 71 = 3124.099870362662
16 : 76 = 2400.0
16 : 79 = 2683.281572999748
22 : 27 = 2000.0
22 : 52 = 1200.0
22 : 71 = 2039.607805437114
22 : 76 = 2561.2496949731394
22 : 79 = 3440.9301068170507
27 : 52 = 2332.38075793812
27 : 71 = 3124.099870362662
27 : 76 = 2039.607805437114
27 : 79 = 2154.0659228538016
52 : 71 = 894.4271909999159
52 : 76 = 1788.8543819998317
52 : 79 = 2912.043955712207
71 : 76 = 2000.0
71 : 79 = 3200.0
76 : 79 = 1200.0
t=7
Antennas: [16 22 27 52 71 76 79]
Users: [ 0  2  3  7  8  9 11 12 14 16 18 19 20 23 24 25 26 27 28 29 31 32 33 34
 35 36 37 39 40 41 42 43 44 47 49 50 51 52 53 54 55 56 57 58 60 61 65 66
 67 68 70 71 72 73 74 76 77 78 79 80 81 82 83 84 86 87 88 90 91 92 93 94
 95 96 97 98 99]
MinSINR:  10.0
$x_{7,16}$
	 $y_{7,16,16}$ = 85.92996431446511 dB
		SNR medio:  42.964982157232555
		Usuarios totais: 2
$x_{7,22}$
	 $y_{7,22,0}$ = 15.375364923628865 dB
	 $y_{7,22,2}$ = 24.316132080450075 dB
	 $y_{7,22,11}$ = 29.685673869048642 dB
	 $y_{7,22,12}$ = 26.22928520217536 dB
	 $y_{7,22,3}$ = 17.241310992884152 dB
	 $y_{7,22,31}$ = 26.796677810450504 dB
	 $y_{7,22,23}$ = 28.749955251169098 dB
		SNR medio:  18.710488903311855
		Usuarios totais: 9
$x_{7,27}$
	 $y_{7,27,9}$ = 16.226294589969598 dB
	 $y_{7,27,29}$ = 13.015326012773926 dB
	 $y_{7,27,7}$ = 15.74942601709104 dB
	 $y_{7,27,8}$ = 17.911773678508126 dB
	 $y_{7,27,18}$ = 23.785461024662965 dB
	 $y_{7,27,19}$ = 18.46597437971195 dB
	 $y_{7,27,25}$ = 20.506531770171094 dB
	 $y_{7,27,27}$ = 79.55828542042732 dB
	 $y_{7,27,28}$ = 26.28753277988612 dB
	 $y_{7,27,37}$ = 32.31384221898348 dB
	 $y_{7,27,39}$ = 19.29549894462049 dB
	 $y_{7,27,49}$ = 19.56386417671142 dB
	 $y_{7,27,58}$ = 12.991472550939747 dB
	 $y_{7,27,14}$ = 13.95284989560983 dB
	 $y_{7,27,24}$ = 14.014264802207379 dB
	 $y_{7,27,26}$ = 24.980664594692584 dB
	 $y_{7,27,32}$ = 12.96744178663711 dB
	 $y_{7,27,33}$ = 10.384693077633614 dB
	 $y_{7,27,35}$ = 16.316042977105326 dB
	 $y_{7,27,36}$ = 27.02865822210883 dB
	 $y_{7,27,43}$ = 11.447919431773926 dB
	 $y_{7,27,47}$ = 15.013168144103886 dB
	 $y_{7,27,55}$ = 10.635303767715769 dB
	 $y_{7,27,34}$ = 11.283617985730032 dB
	 $y_{7,27,44}$ = 10.497064482553071 dB
	 $y_{7,27,57}$ = 12.023258608774 dB
		SNR medio:  13.681519765975745
		Usuarios totais: 37
$x_{7,52}$
	 $y_{7,52,20}$ = 14.540460861660478 dB
	 $y_{7,52,52}$ = 85.36211188264716 dB
		SNR medio:  14.271796106329662
		Usuarios totais: 7
$x_{7,71}$
	 $y_{7,71,81}$ = 28.04710330648217 dB
	 $y_{7,71,90}$ = 13.694509640340272 dB
	 $y_{7,71,91}$ = 17.014384882407228 dB
	 $y_{7,71,92}$ = 13.957934314809108 dB
	 $y_{7,71,40}$ = 17.472356492354763 dB
	 $y_{7,71,51}$ = 17.287818587079656 dB
	 $y_{7,71,53}$ = 12.990288372528482 dB
	 $y_{7,71,56}$ = 10.66747324261786 dB
	 $y_{7,71,60}$ = 23.990623954315666 dB
	 $y_{7,71,70}$ = 34.35290529828201 dB
	 $y_{7,71,71}$ = 92.19874702039252 dB
	 $y_{7,71,72}$ = 27.159707856099587 dB
	 $y_{7,71,80}$ = 23.446284359833996 dB
	 $y_{7,71,82}$ = 23.044404714329332 dB
	 $y_{7,71,83}$ = 15.724339997841298 dB
	 $y_{7,71,93}$ = 13.131707816919516 dB
	 $y_{7,71,94}$ = 10.490740542698788 dB
	 $y_{7,71,95}$ = 15.354652850277233 dB
	 $y_{7,71,41}$ = 11.855773334647694 dB
	 $y_{7,71,50}$ = 16.42855975526045 dB
	 $y_{7,71,61}$ = 27.480602057531243 dB
	 $y_{7,71,74}$ = 15.327324297947357 dB
		SNR medio:  12.027956067374907
		Usuarios totais: 40
$x_{7,76}$
	 $y_{7,76,65}$ = 25.87670983985086 dB
	 $y_{7,76,96}$ = 21.645303137615244 dB
	 $y_{7,76,54}$ = 10.760791594949211 dB
	 $y_{7,76,66}$ = 30.985304080549227 dB
	 $y_{7,76,67}$ = 27.085872355343213 dB
	 $y_{7,76,68}$ = 22.996388405008304 dB
	 $y_{7,76,76}$ = 91.3238156315524 dB
	 $y_{7,76,77}$ = 36.57145113588088 dB
	 $y_{7,76,78}$ = 13.67289186585029 dB
	 $y_{7,76,86}$ = 29.838441609080874 dB
	 $y_{7,76,87}$ = 29.838548287311497 dB
	 $y_{7,76,88}$ = 15.635968938768087 dB
	 $y_{7,76,97}$ = 19.23791992986621 dB
	 $y_{7,76,98}$ = 13.290882306446179 dB
	 $y_{7,76,99}$ = 10.32196695797353 dB
	 $y_{7,76,42}$ = 10.916191270834005 dB
	 $y_{7,76,73}$ = 11.427270880485338 dB
	 $y_{7,76,84}$ = 20.88550538273516 dB
		SNR medio:  14.743707453670018
		Usuarios totais: 30
$x_{7,79}$
	 $y_{7,79,79}$ = 87.04219767900958 dB
		SNR medio:  87.04219767900958
		Usuarios totais: 1
Distances:
16 : 22 = 1649.2422502470642
16 : 27 = 565.685424949238
16 : 52 = 2262.741699796952
16 : 71 = 3124.099870362662
16 : 76 = 2400.0
16 : 79 = 2683.281572999748
22 : 27 = 2000.0
22 : 52 = 1200.0
22 : 71 = 2039.607805437114
22 : 76 = 2561.2496949731394
22 : 79 = 3440.9301068170507
27 : 52 = 2332.38075793812
27 : 71 = 3124.099870362662
27 : 76 = 2039.607805437114
27 : 79 = 2154.0659228538016
52 : 71 = 894.4271909999159
52 : 76 = 1788.8543819998317
52 : 79 = 2912.043955712207
71 : 76 = 2000.0
71 : 79 = 3200.0
76 : 79 = 1200.0
t=8
Antennas: [16 22 27 52 71 76 79]
Users: [ 3  4  8  9 10 11 12 13 16 17 18 19 20 21 24 25 28 29 30 31 33 34 35 37
 39 40 41 42 44 45 47 48 49 51 52 53 55 56 57 59 61 63 64 67 69 70 73 74
 75 76 78 79 81 83 85 86 87 89 92 95 97 98 99]
MinSINR:  10.0
$x_{8,16}$
	 $y_{8,16,16}$ = 85.92996431446511 dB
		SNR medio:  85.92996431446511
		Usuarios totais: 1
$x_{8,22}$
	 $y_{8,22,10}$ = 15.559718945142066 dB
	 $y_{8,22,11}$ = 29.685673869048642 dB
	 $y_{8,22,12}$ = 26.22928520217536 dB
	 $y_{8,22,21}$ = 35.820272638720056 dB
	 $y_{8,22,3}$ = 17.241310992884152 dB
	 $y_{8,22,13}$ = 24.342461718209208 dB
	 $y_{8,22,30}$ = 21.253912088616133 dB
	 $y_{8,22,31}$ = 26.796677810450504 dB
	 $y_{8,22,41}$ = 18.541996756285997 dB
	 $y_{8,22,42}$ = 12.874317458569578 dB
	 $y_{8,22,45}$ = 10.515664242319502 dB
	 $y_{8,22,61}$ = 13.029344252037959 dB
		SNR medio:  11.449574362475415
		Usuarios totais: 22
$x_{8,27}$
	 $y_{8,27,9}$ = 16.226294589969598 dB
	 $y_{8,27,29}$ = 13.015326012773926 dB
	 $y_{8,27,8}$ = 17.911773678508126 dB
	 $y_{8,27,17}$ = 34.81849917354645 dB
	 $y_{8,27,18}$ = 23.785461024662965 dB
	 $y_{8,27,19}$ = 18.46597437971195 dB
	 $y_{8,27,25}$ = 20.506531770171094 dB
	 $y_{8,27,28}$ = 26.28753277988612 dB
	 $y_{8,27,37}$ = 32.31384221898348 dB
	 $y_{8,27,39}$ = 19.29549894462049 dB
	 $y_{8,27,48}$ = 16.72738305477192 dB
	 $y_{8,27,49}$ = 19.56386417671142 dB
	 $y_{8,27,4}$ = 11.994339729373635 dB
	 $y_{8,27,24}$ = 14.014264802207379 dB
	 $y_{8,27,33}$ = 10.384693077633614 dB
	 $y_{8,27,35}$ = 16.316042977105326 dB
	 $y_{8,27,47}$ = 15.013168144103886 dB
	 $y_{8,27,55}$ = 10.635303767715769 dB
	 $y_{8,27,34}$ = 11.283617985730032 dB
	 $y_{8,27,44}$ = 10.497064482553071 dB
	 $y_{8,27,57}$ = 12.023258608774 dB
		SNR medio:  11.596241730609819
		Usuarios totais: 32
$x_{8,52}$
	 $y_{8,52,20}$ = 14.540460861660478 dB
	 $y_{8,52,52}$ = 85.36211188264716 dB
		SNR medio:  33.30085758143588
		Usuarios totais: 3
$x_{8,71}$
	 $y_{8,71,81}$ = 28.04710330648217 dB
	 $y_{8,71,92}$ = 13.957934314809108 dB
	 $y_{8,71,40}$ = 17.472356492354763 dB
	 $y_{8,71,51}$ = 17.287818587079656 dB
	 $y_{8,71,53}$ = 12.990288372528482 dB
	 $y_{8,71,56}$ = 10.66747324261786 dB
	 $y_{8,71,70}$ = 34.35290529828201 dB
	 $y_{8,71,83}$ = 15.724339997841298 dB
	 $y_{8,71,95}$ = 15.354652850277233 dB
	 $y_{8,71,63}$ = 16.133076694667963 dB
	 $y_{8,71,64}$ = 16.092645705429447 dB
	 $y_{8,71,73}$ = 17.91996091880064 dB
	 $y_{8,71,74}$ = 15.327324297947357 dB
		SNR medio:  10.057733916483391
		Usuarios totais: 23
$x_{8,76}$
	 $y_{8,76,85}$ = 21.38836854608317 dB
	 $y_{8,76,75}$ = 30.463708426170044 dB
	 $y_{8,76,76}$ = 91.3238156315524 dB
		SNR medio:  28.635178520761123
		Usuarios totais: 5
$x_{8,79}$
	 $y_{8,79,89}$ = 20.70789589209413 dB
	 $y_{8,79,59}$ = 22.023520093015563 dB
	 $y_{8,79,67}$ = 12.887516634983797 dB
	 $y_{8,79,69}$ = 27.946214246834913 dB
	 $y_{8,79,78}$ = 27.98950260413855 dB
	 $y_{8,79,79}$ = 87.04219767900958 dB
	 $y_{8,79,86}$ = 14.312920142088672 dB
	 $y_{8,79,87}$ = 13.651790720161785 dB
	 $y_{8,79,97}$ = 13.656020780639508 dB
	 $y_{8,79,98}$ = 22.97433659951966 dB
	 $y_{8,79,99}$ = 19.313439496055267 dB
		SNR medio:  17.65658468053384
		Usuarios totais: 16
Distances:
16 : 22 = 1649.2422502470642
16 : 27 = 565.685424949238
16 : 52 = 2262.741699796952
16 : 71 = 3124.099870362662
16 : 76 = 2400.0
16 : 79 = 2683.281572999748
22 : 27 = 2000.0
22 : 52 = 1200.0
22 : 71 = 2039.607805437114
22 : 76 = 2561.2496949731394
22 : 79 = 3440.9301068170507
27 : 52 = 2332.38075793812
27 : 71 = 3124.099870362662
27 : 76 = 2039.607805437114
27 : 79 = 2154.0659228538016
52 : 71 = 894.4271909999159
52 : 76 = 1788.8543819998317
52 : 79 = 2912.043955712207
71 : 76 = 2000.0
71 : 79 = 3200.0
76 : 79 = 1200.0
t=9
Antennas: [16 22 27 52 71 76 79]
Users: [ 0  1  2  5  6  7  8 11 12 13 15 17 22 24 25 26 28 31 32 35 37 38 43 45
 47 48 49 50 51 53 54 56 58 59 62 63 65 67 69 70 72 73 74 77 78 87 89 90
 93]
MinSINR:  10.0
$x_{9,16}$
	 $y_{9,16,5}$ = 21.311177357954136 dB
	 $y_{9,16,6}$ = 34.89237639428871 dB
	 $y_{9,16,7}$ = 18.457537225035125 dB
	 $y_{9,16,8}$ = 24.4334934670468 dB
	 $y_{9,16,17}$ = 27.595768527329213 dB
	 $y_{9,16,25}$ = 29.04641965959307 dB
	 $y_{9,16,28}$ = 14.709298511344016 dB
	 $y_{9,16,37}$ = 12.761167765375816 dB
	 $y_{9,16,48}$ = 10.001503128085531 dB
	 $y_{9,16,15}$ = 33.48118493194231 dB
	 $y_{9,16,24}$ = 18.040074407596563 dB
	 $y_{9,16,26}$ = 21.343894110901758 dB
	 $y_{9,16,35}$ = 17.11390896366018 dB
	 $y_{9,16,38}$ = 13.339519826637911 dB
	 $y_{9,16,45}$ = 15.345680582964974 dB
		SNR medio:  11.550852031842817
		Usuarios totais: 27
$x_{9,22}$
	 $y_{9,22,0}$ = 15.375364923628865 dB
	 $y_{9,22,1}$ = 19.865674538912316 dB
	 $y_{9,22,2}$ = 24.316132080450075 dB
	 $y_{9,22,11}$ = 29.685673869048642 dB
	 $y_{9,22,12}$ = 26.22928520217536 dB
	 $y_{9,22,13}$ = 24.342461718209208 dB
	 $y_{9,22,31}$ = 26.796677810450504 dB
	 $y_{9,22,22}$ = 91.22696134298263 dB
	 $y_{9,22,32}$ = 34.21067213597813 dB
	 $y_{9,22,43}$ = 16.7690934469927 dB
	 $y_{9,22,50}$ = 10.392396372114504 dB
	 $y_{9,22,62}$ = 13.757853786479913 dB
		SNR medio:  17.524644590916992
		Usuarios totais: 19
$x_{9,27}$
		Usuarios totais: 0
$x_{9,52}$
		Usuarios totais: 0
$x_{9,71}$
	 $y_{9,71,90}$ = 13.694509640340272 dB
	 $y_{9,71,51}$ = 17.287818587079656 dB
	 $y_{9,71,53}$ = 12.990288372528482 dB
	 $y_{9,71,56}$ = 10.66747324261786 dB
	 $y_{9,71,70}$ = 34.35290529828201 dB
	 $y_{9,71,72}$ = 27.159707856099587 dB
	 $y_{9,71,93}$ = 13.131707816919516 dB
	 $y_{9,71,63}$ = 16.133076694667963 dB
	 $y_{9,71,73}$ = 17.91996091880064 dB
	 $y_{9,71,74}$ = 15.327324297947357 dB
		SNR medio:  16.242252065934853
		Usuarios totais: 11
$x_{9,76}$
	 $y_{9,76,65}$ = 25.87670983985086 dB
	 $y_{9,76,54}$ = 10.760791594949211 dB
		SNR medio:  18.318750717400036
		Usuarios totais: 2
$x_{9,79}$
	 $y_{9,79,89}$ = 20.70789589209413 dB
	 $y_{9,79,49}$ = 11.419673534125337 dB
	 $y_{9,79,58}$ = 16.47480232038218 dB
	 $y_{9,79,59}$ = 22.023520093015563 dB
	 $y_{9,79,67}$ = 12.887516634983797 dB
	 $y_{9,79,69}$ = 27.946214246834913 dB
	 $y_{9,79,77}$ = 29.48824295943372 dB
	 $y_{9,79,78}$ = 27.98950260413855 dB
	 $y_{9,79,87}$ = 13.651790720161785 dB
	 $y_{9,79,47}$ = 17.90554562554111 dB
		SNR medio:  14.321050330765079
		Usuarios totais: 14
Distances:
16 : 22 = 1649.2422502470642
16 : 27 = 565.685424949238
16 : 52 = 2262.741699796952
16 : 71 = 3124.099870362662
16 : 76 = 2400.0
16 : 79 = 2683.281572999748
22 : 27 = 2000.0
22 : 52 = 1200.0
22 : 71 = 2039.607805437114
22 : 76 = 2561.2496949731394
22 : 79 = 3440.9301068170507
27 : 52 = 2332.38075793812
27 : 71 = 3124.099870362662
27 : 76 = 2039.607805437114
27 : 79 = 2154.0659228538016
52 : 71 = 894.4271909999159
52 : 76 = 1788.8543819998317
52 : 79 = 2912.043955712207
71 : 76 = 2000.0
71 : 79 = 3200.0
76 : 79 = 1200.0
t=10
Antennas: [16 22 27 52 71 76 79]
Users: [ 4  5  8  9 11 18 21 25 28 30 35 37 38 39 42 50 51 54 56 58 60 64 65 68
 69 72 76 77 79 81 89 90 92 93 94 96 98]
MinSINR:  10.0
$x_{10,16}$
		Usuarios totais: 0
$x_{10,22}$
	 $y_{10,22,11}$ = 29.685673869048642 dB
	 $y_{10,22,21}$ = 35.820272638720056 dB
	 $y_{10,22,30}$ = 21.253912088616133 dB
		SNR medio:  28.91995286546161
		Usuarios totais: 3
$x_{10,27}$
	 $y_{10,27,9}$ = 16.226294589969598 dB
	 $y_{10,27,5}$ = 10.138150535259399 dB
	 $y_{10,27,8}$ = 17.911773678508126 dB
	 $y_{10,27,18}$ = 23.785461024662965 dB
	 $y_{10,27,25}$ = 20.506531770171094 dB
	 $y_{10,27,28}$ = 26.28753277988612 dB
	 $y_{10,27,37}$ = 32.31384221898348 dB
	 $y_{10,27,39}$ = 19.29549894462049 dB
	 $y_{10,27,58}$ = 12.991472550939747 dB
	 $y_{10,27,4}$ = 11.994339729373635 dB
	 $y_{10,27,35}$ = 16.316042977105326 dB
	 $y_{10,27,38}$ = 24.179652195614892 dB
		SNR medio:  16.56761378536392
		Usuarios totais: 14
$x_{10,52}$
		Usuarios totais: 0
$x_{10,71}$
	 $y_{10,71,81}$ = 28.04710330648217 dB
	 $y_{10,71,90}$ = 13.694509640340272 dB
	 $y_{10,71,92}$ = 13.957934314809108 dB
	 $y_{10,71,51}$ = 17.287818587079656 dB
	 $y_{10,71,56}$ = 10.66747324261786 dB
	 $y_{10,71,60}$ = 23.990623954315666 dB
	 $y_{10,71,72}$ = 27.159707856099587 dB
	 $y_{10,71,93}$ = 13.131707816919516 dB
	 $y_{10,71,94}$ = 10.490740542698788 dB
	 $y_{10,71,50}$ = 16.42855975526045 dB
	 $y_{10,71,64}$ = 16.092645705429447 dB
		SNR medio:  14.688371132465578
		Usuarios totais: 13
$x_{10,76}$
	 $y_{10,76,65}$ = 25.87670983985086 dB
	 $y_{10,76,96}$ = 21.645303137615244 dB
	 $y_{10,76,54}$ = 10.760791594949211 dB
	 $y_{10,76,68}$ = 22.996388405008304 dB
	 $y_{10,76,69}$ = 12.235561422164238 dB
	 $y_{10,76,76}$ = 91.3238156315524 dB
	 $y_{10,76,77}$ = 36.57145113588088 dB
	 $y_{10,76,98}$ = 13.290882306446179 dB
	 $y_{10,76,42}$ = 10.916191270834005 dB
		SNR medio:  27.29078830492237
		Usuarios totais: 9
$x_{10,79}$
	 $y_{10,79,89}$ = 20.70789589209413 dB
	 $y_{10,79,79}$ = 87.04219767900958 dB
		SNR medio:  53.87504678555185
		Usuarios totais: 2
Distances:
16 : 22 = 1649.2422502470642
16 : 27 = 565.685424949238
16 : 52 = 2262.741699796952
16 : 71 = 3124.099870362662
16 : 76 = 2400.0
16 : 79 = 2683.281572999748
22 : 27 = 2000.0
22 : 52 = 1200.0
22 : 71 = 2039.607805437114
22 : 76 = 2561.2496949731394
22 : 79 = 3440.9301068170507
27 : 52 = 2332.38075793812
27 : 71 = 3124.099870362662
27 : 76 = 2039.607805437114
27 : 79 = 2154.0659228538016
52 : 71 = 894.4271909999159
52 : 76 = 1788.8543819998317
52 : 79 = 2912.043955712207
71 : 76 = 2000.0
71 : 79 = 3200.0
76 : 79 = 1200.0
t=11
Antennas: [16 22 27 52 71 76 79]
Users: [14 17 22 24 25 31 42 57 63 66 69]
MinSINR:  10.0
$x_{11,16}$
		Usuarios totais: 0
$x_{11,22}$
	 $y_{11,22,31}$ = 26.796677810450504 dB
	 $y_{11,22,14}$ = 15.117393744942873 dB
	 $y_{11,22,22}$ = 91.22696134298263 dB
	 $y_{11,22,24}$ = 18.561381582555768 dB
	 $y_{11,22,42}$ = 12.874317458569578 dB
		SNR medio:  27.429455323250227
		Usuarios totais: 6
$x_{11,27}$
	 $y_{11,27,17}$ = 34.81849917354645 dB
	 $y_{11,27,25}$ = 20.506531770171094 dB
		SNR medio:  27.66251547185877
		Usuarios totais: 2
$x_{11,52}$
		Usuarios totais: 0
$x_{11,71}$
		Usuarios totais: 0
$x_{11,76}$
	 $y_{11,76,66}$ = 30.985304080549227 dB
	 $y_{11,76,69}$ = 12.235561422164238 dB
	 $y_{11,76,63}$ = 13.265239321148556 dB
	 $y_{11,76,57}$ = 19.213803019945075 dB
		SNR medio:  18.924976960951774
		Usuarios totais: 4
$x_{11,79}$
		Usuarios totais: 0
Distances:
16 : 22 = 1649.2422502470642
16 : 27 = 565.685424949238
16 : 52 = 2262.741699796952
16 : 71 = 3124.099870362662
16 : 76 = 2400.0
16 : 79 = 2683.281572999748
22 : 27 = 2000.0
22 : 52 = 1200.0
22 : 71 = 2039.607805437114
22 : 76 = 2561.2496949731394
22 : 79 = 3440.9301068170507
27 : 52 = 2332.38075793812
27 : 71 = 3124.099870362662
27 : 76 = 2039.607805437114
27 : 79 = 2154.0659228538016
52 : 71 = 894.4271909999159
52 : 76 = 1788.8543819998317
52 : 79 = 2912.043955712207
71 : 76 = 2000.0
71 : 79 = 3200.0
76 : 79 = 1200.0
--- Done after 0.2557985874679353 hours. ---
