-------------Calculating Solution (this may take a while)
+++++++++++++++++++Min Sinr: 5 dB (pgwo2)
+++++++++++++++++++With backhaul constraint. Start: 2023-02-03 18:36:25

Parameters:
- chosen seed 7
- Map with 100 sectors
- Map 4000 x 4000 m
- Sector has a side of 400 m
- Max time:  12
- users_t_m:  [[0, 0, 0, 0, 0, 0, 0, 0, 0, 0, 0, 0, 0, 0, 0, 0, 0, 0, 0, 0, 0, 0, 2, 7, 18, 0, 0, 0, 0, 0, 0, 0, 0, 1, 0, 0, 0, 0, 0, 0, 0, 0, 0, 0, 0, 0, 0, 0, 0, 0, 0, 0, 0, 0, 0, 0, 0, 0, 0, 0, 0, 0, 0, 0, 0, 0, 0, 0, 0, 0, 0, 0, 0, 0, 0, 0, 0, 0, 0, 0, 0, 0, 0, 0, 0, 0, 0, 0, 0, 0, 0, 0, 0, 0, 0, 0, 0, 0, 0, 0], [0, 1, 0, 1, 1, 0, 0, 0, 0, 1, 1, 0, 2, 0, 0, 0, 0, 0, 0, 0, 1, 1, 2, 3, 19, 0, 0, 0, 0, 0, 0, 0, 1, 4, 0, 0, 0, 0, 1, 1, 0, 0, 0, 1, 0, 1, 0, 1, 0, 0, 0, 0, 0, 0, 0, 1, 0, 0, 1, 0, 1, 0, 0, 0, 1, 0, 0, 1, 1, 0, 0, 0, 1, 0, 0, 0, 0, 1, 0, 0, 1, 0, 0, 1, 0, 0, 0, 1, 0, 0, 0, 1, 0, 0, 0, 0, 0, 1, 0, 0], [0, 2, 0, 0, 0, 0, 1, 1, 0, 1, 0, 0, 0, 0, 1, 0, 1, 0, 0, 0, 0, 0, 3, 2, 30, 0, 0, 1, 3, 2, 0, 1, 0, 1, 0, 0, 1, 1, 0, 1, 1, 0, 2, 0, 0, 1, 0, 1, 1, 0, 0, 2, 0, 2, 2, 1, 0, 0, 0, 0, 1, 1, 0, 1, 0, 0, 0, 1, 2, 0, 1, 0, 1, 2, 0, 1, 0, 1, 1, 0, 0, 0, 0, 1, 0, 0, 2, 1, 1, 1, 1, 0, 2, 0, 1, 0, 0, 0, 2, 0], [0, 2, 0, 2, 1, 1, 1, 1, 1, 2, 2, 2, 1, 1, 2, 1, 0, 2, 0, 1, 1, 1, 2, 3, 26, 1, 1, 1, 1, 0, 0, 1, 1, 1, 0, 3, 1, 1, 0, 1, 1, 0, 3, 0, 0, 0, 3, 1, 1, 1, 0, 1, 2, 0, 1, 2, 0, 0, 2, 0, 0, 1, 0, 4, 2, 0, 0, 0, 0, 1, 2, 1, 1, 1, 1, 4, 1, 3, 0, 1, 0, 0, 0, 0, 1, 0, 0, 1, 1, 2, 0, 0, 3, 0, 0, 1, 0, 2, 0, 1], [2, 0, 0, 3, 0, 2, 5, 1, 0, 2, 3, 0, 0, 2, 1, 0, 1, 0, 3, 2, 0, 3, 1, 2, 24, 1, 0, 2, 0, 1, 1, 0, 1, 5, 1, 1, 1, 2, 2, 0, 2, 3, 1, 0, 0, 1, 3, 1, 3, 0, 2, 2, 2, 2, 1, 0, 3, 1, 1, 0, 0, 1, 1, 0, 1, 1, 0, 1, 1, 1, 2, 1, 2, 0, 1, 1, 1, 2, 1, 3, 1, 1, 2, 2, 1, 1, 0, 1, 2, 1, 3, 3, 2, 2, 0, 1, 0, 3, 0, 1], [1, 3, 3, 2, 3, 0, 1, 2, 0, 2, 0, 2, 1, 5, 2, 2, 0, 1, 3, 2, 2, 1, 0, 1, 29, 0, 0, 0, 1, 1, 1, 1, 2, 1, 4, 1, 1, 1, 3, 2, 2, 3, 1, 2, 1, 1, 1, 2, 0, 4, 1, 4, 1, 0, 0, 1, 1, 1, 1, 1, 1, 2, 0, 2, 1, 1, 0, 2, 0, 2, 3, 2, 0, 1, 7, 0, 3, 4, 0, 0, 1, 3, 0, 3, 0, 3, 2, 1, 2, 0, 2, 4, 1, 3, 5, 0, 2, 6, 0, 0], [1, 2, 0, 4, 1, 1, 1, 0, 0, 2, 1, 4, 5, 3, 0, 2, 1, 1, 0, 1, 5, 0, 1, 1, 3, 0, 2, 2, 1, 2, 1, 2, 1, 0, 4, 1, 2, 0, 0, 3, 2, 0, 1, 1, 3, 2, 4, 2, 2, 5, 1, 2, 0, 2, 1, 2, 1, 1, 0, 1, 2, 1, 1, 1, 2, 1, 2, 1, 3, 0, 3, 2, 2, 5, 3, 0, 2, 2, 0, 3, 1, 2, 0, 0, 0, 2, 2, 0, 4, 2, 2, 2, 1, 2, 1, 0, 0, 1, 1, 2], [1, 0, 1, 1, 0, 0, 0, 1, 1, 1, 0, 2, 1, 0, 1, 0, 2, 0, 1, 1, 2, 0, 0, 1, 1, 3, 2, 1, 1, 3, 0, 2, 1, 1, 1, 1, 3, 1, 0, 1, 2, 3, 1, 2, 1, 0, 0, 1, 0, 1, 4, 2, 5, 2, 3, 2, 1, 3, 1, 0, 1, 2, 0, 0, 0, 1, 2, 1, 1, 0, 3, 1, 1, 2, 1, 0, 1, 2, 2, 1, 1, 1, 2, 2, 2, 0, 3, 2, 1, 0, 1, 1, 3, 3, 1, 2, 2, 1, 2, 1], [0, 0, 0, 1, 3, 0, 0, 0, 1, 2, 1, 2, 1, 1, 0, 0, 1, 2, 1, 1, 1, 3, 0, 0, 1, 1, 0, 0, 3, 1, 2, 2, 0, 1, 3, 2, 0, 1, 0, 1, 2, 2, 2, 0, 1, 3, 0, 2, 1, 1, 0, 1, 2, 2, 0, 1, 1, 2, 0, 1, 0, 2, 0, 2, 4, 0, 0, 1, 0, 1, 1, 0, 0, 1, 3, 2, 1, 0, 1, 1, 0, 1, 0, 2, 0, 2, 1, 2, 0, 2, 0, 0, 1, 0, 0, 2, 0, 2, 2, 2], [1, 3, 2, 0, 0, 3, 3, 1, 1, 0, 0, 1, 1, 1, 0, 1, 0, 2, 0, 0, 0, 0, 2, 0, 1, 1, 1, 0, 2, 0, 0, 2, 1, 0, 0, 1, 0, 1, 2, 0, 0, 0, 0, 2, 0, 3, 0, 2, 4, 1, 1, 1, 0, 1, 1, 0, 1, 0, 1, 3, 0, 0, 2, 1, 0, 1, 0, 1, 0, 1, 1, 0, 1, 1, 2, 0, 0, 1, 2, 0, 0, 0, 0, 0, 0, 0, 0, 1, 0, 1, 1, 0, 0, 1, 0, 0, 0, 0, 0, 0], [0, 0, 0, 0, 2, 1, 0, 0, 1, 2, 0, 1, 0, 0, 0, 0, 0, 0, 1, 0, 0, 1, 0, 0, 0, 1, 0, 0, 1, 0, 1, 0, 0, 0, 0, 1, 0, 1, 1, 1, 0, 0, 1, 0, 0, 0, 0, 0, 0, 0, 1, 1, 0, 0, 1, 0, 1, 0, 1, 0, 1, 0, 0, 0, 1, 1, 0, 0, 1, 1, 0, 0, 2, 0, 0, 0, 1, 1, 0, 1, 0, 1, 0, 0, 0, 0, 0, 0, 0, 1, 1, 0, 1, 2, 1, 0, 1, 0, 1, 0], [0, 0, 0, 0, 0, 0, 0, 0, 0, 0, 0, 0, 0, 0, 1, 0, 0, 1, 0, 0, 0, 0, 1, 0, 1, 1, 0, 0, 0, 0, 0, 2, 0, 0, 0, 0, 0, 0, 0, 0, 0, 0, 1, 0, 0, 0, 0, 0, 0, 0, 0, 0, 0, 0, 0, 0, 0, 1, 0, 0, 0, 0, 0, 1, 0, 0, 1, 0, 0, 1, 0, 0, 0, 0, 0, 0, 0, 0, 0, 0, 0, 0, 0, 0, 0, 0, 0, 0, 0, 0, 0, 0, 0, 0, 0, 0, 0, 0, 0, 0]]
users_0_m:
[0, 0, 0, 0, 0, 0, 0, 0, 0, 0]
[0, 0, 0, 0, 0, 0, 0, 0, 0, 0]
[0, 0, 2, 7, 18, 0, 0, 0, 0, 0]
[0, 0, 0, 1, 0, 0, 0, 0, 0, 0]
[0, 0, 0, 0, 0, 0, 0, 0, 0, 0]
[0, 0, 0, 0, 0, 0, 0, 0, 0, 0]
[0, 0, 0, 0, 0, 0, 0, 0, 0, 0]
[0, 0, 0, 0, 0, 0, 0, 0, 0, 0]
[0, 0, 0, 0, 0, 0, 0, 0, 0, 0]
[0, 0, 0, 0, 0, 0, 0, 0, 0, 0]
users_1_m:
[0, 1, 0, 1, 1, 0, 0, 0, 0, 1]
[1, 0, 2, 0, 0, 0, 0, 0, 0, 0]
[1, 1, 2, 3, 19, 0, 0, 0, 0, 0]
[0, 0, 1, 4, 0, 0, 0, 0, 1, 1]
[0, 0, 0, 1, 0, 1, 0, 1, 0, 0]
[0, 0, 0, 0, 0, 1, 0, 0, 1, 0]
[1, 0, 0, 0, 1, 0, 0, 1, 1, 0]
[0, 0, 1, 0, 0, 0, 0, 1, 0, 0]
[1, 0, 0, 1, 0, 0, 0, 1, 0, 0]
[0, 1, 0, 0, 0, 0, 0, 1, 0, 0]
users_2_m:
[0, 2, 0, 0, 0, 0, 1, 1, 0, 1]
[0, 0, 0, 0, 1, 0, 1, 0, 0, 0]
[0, 0, 3, 2, 30, 0, 0, 1, 3, 2]
[0, 1, 0, 1, 0, 0, 1, 1, 0, 1]
[1, 0, 2, 0, 0, 1, 0, 1, 1, 0]
[0, 2, 0, 2, 2, 1, 0, 0, 0, 0]
[1, 1, 0, 1, 0, 0, 0, 1, 2, 0]
[1, 0, 1, 2, 0, 1, 0, 1, 1, 0]
[0, 0, 0, 1, 0, 0, 2, 1, 1, 1]
[1, 0, 2, 0, 1, 0, 0, 0, 2, 0]
users_3_m:
[0, 2, 0, 2, 1, 1, 1, 1, 1, 2]
[2, 2, 1, 1, 2, 1, 0, 2, 0, 1]
[1, 1, 2, 3, 26, 1, 1, 1, 1, 0]
[0, 1, 1, 1, 0, 3, 1, 1, 0, 1]
[1, 0, 3, 0, 0, 0, 3, 1, 1, 1]
[0, 1, 2, 0, 1, 2, 0, 0, 2, 0]
[0, 1, 0, 4, 2, 0, 0, 0, 0, 1]
[2, 1, 1, 1, 1, 4, 1, 3, 0, 1]
[0, 0, 0, 0, 1, 0, 0, 1, 1, 2]
[0, 0, 3, 0, 0, 1, 0, 2, 0, 1]
users_4_m:
[2, 0, 0, 3, 0, 2, 5, 1, 0, 2]
[3, 0, 0, 2, 1, 0, 1, 0, 3, 2]
[0, 3, 1, 2, 24, 1, 0, 2, 0, 1]
[1, 0, 1, 5, 1, 1, 1, 2, 2, 0]
[2, 3, 1, 0, 0, 1, 3, 1, 3, 0]
[2, 2, 2, 2, 1, 0, 3, 1, 1, 0]
[0, 1, 1, 0, 1, 1, 0, 1, 1, 1]
[2, 1, 2, 0, 1, 1, 1, 2, 1, 3]
[1, 1, 2, 2, 1, 1, 0, 1, 2, 1]
[3, 3, 2, 2, 0, 1, 0, 3, 0, 1]
users_5_m:
[1, 3, 3, 2, 3, 0, 1, 2, 0, 2]
[0, 2, 1, 5, 2, 2, 0, 1, 3, 2]
[2, 1, 0, 1, 29, 0, 0, 0, 1, 1]
[1, 1, 2, 1, 4, 1, 1, 1, 3, 2]
[2, 3, 1, 2, 1, 1, 1, 2, 0, 4]
[1, 4, 1, 0, 0, 1, 1, 1, 1, 1]
[1, 2, 0, 2, 1, 1, 0, 2, 0, 2]
[3, 2, 0, 1, 7, 0, 3, 4, 0, 0]
[1, 3, 0, 3, 0, 3, 2, 1, 2, 0]
[2, 4, 1, 3, 5, 0, 2, 6, 0, 0]
users_6_m:
[1, 2, 0, 4, 1, 1, 1, 0, 0, 2]
[1, 4, 5, 3, 0, 2, 1, 1, 0, 1]
[5, 0, 1, 1, 3, 0, 2, 2, 1, 2]
[1, 2, 1, 0, 4, 1, 2, 0, 0, 3]
[2, 0, 1, 1, 3, 2, 4, 2, 2, 5]
[1, 2, 0, 2, 1, 2, 1, 1, 0, 1]
[2, 1, 1, 1, 2, 1, 2, 1, 3, 0]
[3, 2, 2, 5, 3, 0, 2, 2, 0, 3]
[1, 2, 0, 0, 0, 2, 2, 0, 4, 2]
[2, 2, 1, 2, 1, 0, 0, 1, 1, 2]
users_7_m:
[1, 0, 1, 1, 0, 0, 0, 1, 1, 1]
[0, 2, 1, 0, 1, 0, 2, 0, 1, 1]
[2, 0, 0, 1, 1, 3, 2, 1, 1, 3]
[0, 2, 1, 1, 1, 1, 3, 1, 0, 1]
[2, 3, 1, 2, 1, 0, 0, 1, 0, 1]
[4, 2, 5, 2, 3, 2, 1, 3, 1, 0]
[1, 2, 0, 0, 0, 1, 2, 1, 1, 0]
[3, 1, 1, 2, 1, 0, 1, 2, 2, 1]
[1, 1, 2, 2, 2, 0, 3, 2, 1, 0]
[1, 1, 3, 3, 1, 2, 2, 1, 2, 1]
users_8_m:
[0, 0, 0, 1, 3, 0, 0, 0, 1, 2]
[1, 2, 1, 1, 0, 0, 1, 2, 1, 1]
[1, 3, 0, 0, 1, 1, 0, 0, 3, 1]
[2, 2, 0, 1, 3, 2, 0, 1, 0, 1]
[2, 2, 2, 0, 1, 3, 0, 2, 1, 1]
[0, 1, 2, 2, 0, 1, 1, 2, 0, 1]
[0, 2, 0, 2, 4, 0, 0, 1, 0, 1]
[1, 0, 0, 1, 3, 2, 1, 0, 1, 1]
[0, 1, 0, 2, 0, 2, 1, 2, 0, 2]
[0, 0, 1, 0, 0, 2, 0, 2, 2, 2]
users_9_m:
[1, 3, 2, 0, 0, 3, 3, 1, 1, 0]
[0, 1, 1, 1, 0, 1, 0, 2, 0, 0]
[0, 0, 2, 0, 1, 1, 1, 0, 2, 0]
[0, 2, 1, 0, 0, 1, 0, 1, 2, 0]
[0, 0, 0, 2, 0, 3, 0, 2, 4, 1]
[1, 1, 0, 1, 1, 0, 1, 0, 1, 3]
[0, 0, 2, 1, 0, 1, 0, 1, 0, 1]
[1, 0, 1, 1, 2, 0, 0, 1, 2, 0]
[0, 0, 0, 0, 0, 0, 0, 1, 0, 1]
[1, 0, 0, 1, 0, 0, 0, 0, 0, 0]
users_10_m:
[0, 0, 0, 0, 2, 1, 0, 0, 1, 2]
[0, 1, 0, 0, 0, 0, 0, 0, 1, 0]
[0, 1, 0, 0, 0, 1, 0, 0, 1, 0]
[1, 0, 0, 0, 0, 1, 0, 1, 1, 1]
[0, 0, 1, 0, 0, 0, 0, 0, 0, 0]
[1, 1, 0, 0, 1, 0, 1, 0, 1, 0]
[1, 0, 0, 0, 1, 1, 0, 0, 1, 1]
[0, 0, 2, 0, 0, 0, 1, 1, 0, 1]
[0, 1, 0, 0, 0, 0, 0, 0, 0, 1]
[1, 0, 1, 2, 1, 0, 1, 0, 1, 0]
users_11_m:
[0, 0, 0, 0, 0, 0, 0, 0, 0, 0]
[0, 0, 0, 0, 1, 0, 0, 1, 0, 0]
[0, 0, 1, 0, 1, 1, 0, 0, 0, 0]
[0, 2, 0, 0, 0, 0, 0, 0, 0, 0]
[0, 0, 1, 0, 0, 0, 0, 0, 0, 0]
[0, 0, 0, 0, 0, 0, 0, 1, 0, 0]
[0, 0, 0, 1, 0, 0, 1, 0, 0, 1]
[0, 0, 0, 0, 0, 0, 0, 0, 0, 0]
[0, 0, 0, 0, 0, 0, 0, 0, 0, 0]
[0, 0, 0, 0, 0, 0, 0, 0, 0, 0]
MAX_USER_PER_ANTENNAS_m:  [40, 40, 40, 40, 40, 40, 40, 40, 40, 40, 40, 40, 40, 40, 40, 40, 40, 40, 40, 40, 40, 40, 40, 40, 40, 40, 40, 40, 40, 40, 40, 40, 40, 40, 40, 40, 40, 40, 40, 40, 40, 40, 40, 40, 40, 40, 40, 40, 40, 40, 40, 40, 40, 40, 40, 40, 40, 40, 40, 40, 40, 40, 40, 40, 40, 40, 40, 40, 40, 40, 40, 40, 40, 40, 40, 40, 40, 40, 40, 40, 40, 40, 40, 40, 40, 40, 40, 40, 40, 40, 40, 40, 40, 40, 40, 40, 40, 40, 40, 40]
antennas_map_m:  [1, 1, 1, 1, 1, 1, 1, 1, 1, 1, 1, 1, 1, 1, 1, 1, 1, 1, 1, 1, 1, 1, 1, 1, 1, 1, 1, 1, 1, 1, 1, 1, 1, 1, 1, 1, 1, 1, 1, 1, 1, 1, 1, 1, 1, 1, 1, 1, 1, 1, 1, 1, 1, 1, 1, 1, 1, 1, 1, 1, 1, 1, 1, 1, 1, 1, 1, 1, 1, 1, 1, 1, 1, 1, 1, 1, 1, 1, 1, 1, 1, 1, 1, 1, 1, 1, 1, 1, 1, 1, 1, 1, 1, 1, 1, 1, 1, 1, 1, 1]
FIRST_ANTENNA:  22
MIN_SNR_m:  [3.1622776601683795, 3.1622776601683795, 3.1622776601683795, 3.1622776601683795, 3.1622776601683795, 3.1622776601683795, 3.1622776601683795, 3.1622776601683795, 3.1622776601683795, 3.1622776601683795, 3.1622776601683795, 3.1622776601683795, 3.1622776601683795, 3.1622776601683795, 3.1622776601683795, 3.1622776601683795, 3.1622776601683795, 3.1622776601683795, 3.1622776601683795, 3.1622776601683795, 3.1622776601683795, 3.1622776601683795, 3.1622776601683795, 3.1622776601683795, 3.1622776601683795, 3.1622776601683795, 3.1622776601683795, 3.1622776601683795, 3.1622776601683795, 3.1622776601683795, 3.1622776601683795, 3.1622776601683795, 3.1622776601683795, 3.1622776601683795, 3.1622776601683795, 3.1622776601683795, 3.1622776601683795, 3.1622776601683795, 3.1622776601683795, 3.1622776601683795, 3.1622776601683795, 3.1622776601683795, 3.1622776601683795, 3.1622776601683795, 3.1622776601683795, 3.1622776601683795, 3.1622776601683795, 3.1622776601683795, 3.1622776601683795, 3.1622776601683795, 3.1622776601683795, 3.1622776601683795, 3.1622776601683795, 3.1622776601683795, 3.1622776601683795, 3.1622776601683795, 3.1622776601683795, 3.1622776601683795, 3.1622776601683795, 3.1622776601683795, 3.1622776601683795, 3.1622776601683795, 3.1622776601683795, 3.1622776601683795, 3.1622776601683795, 3.1622776601683795, 3.1622776601683795, 3.1622776601683795, 3.1622776601683795, 3.1622776601683795, 3.1622776601683795, 3.1622776601683795, 3.1622776601683795, 3.1622776601683795, 3.1622776601683795, 3.1622776601683795, 3.1622776601683795, 3.1622776601683795, 3.1622776601683795, 3.1622776601683795, 3.1622776601683795, 3.1622776601683795, 3.1622776601683795, 3.1622776601683795, 3.1622776601683795, 3.1622776601683795, 3.1622776601683795, 3.1622776601683795, 3.1622776601683795, 3.1622776601683795, 3.1622776601683795, 3.1622776601683795, 3.1622776601683795, 3.1622776601683795, 3.1622776601683795, 3.1622776601683795, 3.1622776601683795, 3.1622776601683795, 3.1622776601683795, 3.1622776601683795]
-MIN_DIST:  2000
- disaster percentage:  0

Slice  0
Updating fitness _wolf
--------
The set of antennas serves the scenario in the respective slice(0).

Slice  1
Updating fitness _wolf
--------

Run GWO to deployment +1 antenna on the map
	Pack size:  300
	Wolf dimension 1
	Max iter 100
	antennas_regions:  [22]
	users_regions:  [ 1  3  4  9 10 12 20 21 22 23 24 32 33 38 39 43 45 47 55 58 60 64 67 68
 72 77 80 83 87 91 97]
	Seed_base:  78964
initial_alpha:  Wolf 0 (78964). Fitness: 0
	(1552.8482341442516, 2983.2104581088, 0). Region: 73
initial_beta:  Wolf 1 (78965). Fitness: 0
	(1550.4068060349412, 1488.7452293775784, 0). Region: 33
initial_delta:  Wolf 2 (78966). Fitness: 0
	(2160.2999205251836, 3425.5410334580047, 0). Region: 85 

iter = 10
Alpha wolf:  Wolf 0 (78964). Fitness: 0
	(338.0768646364619, 469.6146794535058, 0.0). Region: 10
iter = 20
Alpha wolf:  Wolf 0 (78964). Fitness: 0
	(296.74672191318626, 262.68091144846073, 0.0). Region: 0
iter = 30
Alpha wolf:  Wolf 0 (78964). Fitness: 0
	(171.04922549957632, 152.38210887167378, 0.0). Region: 0
iter = 40
Alpha wolf:  Wolf 0 (78964). Fitness: 0
	(243.01370269762288, 136.22879511842785, 0.0). Region: 0
iter = 50
Alpha wolf:  Wolf 0 (78964). Fitness: 0
	(212.8484200628548, 166.5748973449277, 0.0). Region: 0
iter = 60
Alpha wolf:  Wolf 0 (78964). Fitness: 0
	(312.3495032272233, 109.49986354577385, 0.0). Region: 0
iter = 70
Alpha wolf:  Wolf 0 (78964). Fitness: 0
	(389.9532194530589, 54.557361107679554, 0.0). Region: 0
iter = 80
Alpha wolf:  Wolf 0 (78964). Fitness: 0
	(448.46040037927355, 46.973488175289056, 0.0). Region: 1
iter = 90
Alpha wolf:  Wolf 0 (78964). Fitness: 0
	(491.1042043065004, 43.028664405482466, 0.0). Region: 1

Run GWO to deployment +2 antenna on the map
	Pack size:  300
	Wolf dimension 2
	Max iter 100
	antennas_regions:  [22]
	users_regions:  [ 1  3  4  9 10 12 20 21 22 23 24 32 33 38 39 43 45 47 55 58 60 64 67 68
 72 77 80 83 87 91 97]
	Seed_base:  36896
initial_alpha:  Wolf 0 (36896). Fitness: 0
	(1795.1683721499917, 1828.8892305894046, 0). Region: 44
	(786.2504577270655, 3034.7868541762323, 0). Region: 71
initial_beta:  Wolf 1 (36897). Fitness: 0
	(2249.963859265931, 3000.9406148766357, 0). Region: 75
	(317.66161336652755, 3379.361043534755, 0). Region: 80
initial_delta:  Wolf 2 (36898). Fitness: 0
	(1809.005439462713, 1156.9559488337936, 0). Region: 24
	(119.41054142805952, 1227.2915473628875, 0). Region: 30 

The alpha wolf has been updated to a position with higher fitness. iter = 0
New alpha wolf:  Wolf 63 (36959). Fitness: 3.5503640637971595e-05
	(1922.2118676905475, 1861.9172885771407, 0.0). Region: 44
	(1363.0755125632095, 2450.1084799670975, 0.0). Region: 63
The alpha wolf has been updated to a position with higher fitness. iter = 1
New alpha wolf:  Wolf 190 (37086). Fitness: 3.5503640637996654e-05
	(1790.8203452255184, 3717.2030839793006, 0.0). Region: 94
	(1887.3017954420443, 1942.640631268563, 0.0). Region: 44
The alpha wolf has been updated to a position with higher fitness. iter = 4
New alpha wolf:  Wolf 32 (36928). Fitness: 3.651810101563416e-05
	(2087.617031118963, 1601.7625232673904, 0.0). Region: 45
	(2899.5823256558297, 2721.770802318204, 0.0). Region: 67
The alpha wolf has been updated to a position with higher fitness. iter = 5
New alpha wolf:  Wolf 3 (36899). Fitness: 3.869497912218167e-05
	(1385.5763870957348, 2487.853806361355, 0.0). Region: 63
	(2943.3399142538715, 1426.786965406463, 0.0). Region: 37
The alpha wolf has been updated to a position with higher fitness. iter = 7
New alpha wolf:  Wolf 92 (36988). Fitness: 3.873837576611468e-05
	(1895.7291168131417, 3490.321859180122, 0.0). Region: 84
	(3183.9167944331875, 1956.073438772358, 0.0). Region: 47
iter = 10
Alpha wolf:  Wolf 92 (36988). Fitness: 3.873837576611468e-05
	(1895.7291168131417, 3490.321859180122, 0.0). Region: 84
	(3183.9167944331875, 1956.073438772358, 0.0). Region: 47
iter = 20
Alpha wolf:  Wolf 92 (36988). Fitness: 3.873837576611468e-05
	(1895.7291168131417, 3490.321859180122, 0.0). Region: 84
	(3183.9167944331875, 1956.073438772358, 0.0). Region: 47
iter = 30
Alpha wolf:  Wolf 92 (36988). Fitness: 3.873837576611468e-05
	(1895.7291168131417, 3490.321859180122, 0.0). Region: 84
	(3183.9167944331875, 1956.073438772358, 0.0). Region: 47
iter = 40
Alpha wolf:  Wolf 92 (36988). Fitness: 3.873837576611468e-05
	(1895.7291168131417, 3490.321859180122, 0.0). Region: 84
	(3183.9167944331875, 1956.073438772358, 0.0). Region: 47
iter = 50
Alpha wolf:  Wolf 92 (36988). Fitness: 3.873837576611468e-05
	(1807.318825948625, 3277.062114350444, 0.0). Region: 84
	(3110.1955243651837, 1789.3644071504527, 0.0). Region: 47
iter = 60
Alpha wolf:  Wolf 92 (36988). Fitness: 3.873837576611468e-05
	(1807.318825948625, 3277.062114350444, 0.0). Region: 84
	(3110.1955243651837, 1789.3644071504527, 0.0). Region: 47
iter = 70
Alpha wolf:  Wolf 92 (36988). Fitness: 3.873837576611468e-05
	(1807.318825948625, 3277.062114350444, 0.0). Region: 84
	(3110.1955243651837, 1789.3644071504527, 0.0). Region: 47
iter = 80
Alpha wolf:  Wolf 92 (36988). Fitness: 3.873837576611468e-05
	(1780.281058371083, 3438.558821162569, 0.0). Region: 84
	(3146.4792952508637, 1680.815270009679, 0.0). Region: 47
iter = 90
Alpha wolf:  Wolf 92 (36988). Fitness: 3.873837576611468e-05
	(1655.5676102769569, 3516.214677062356, 0.0). Region: 84
	(2951.7595961027437, 1888.6943974480328, 0.0). Region: 47

- Finishing GWO - 

Best solution:  Wolf 92 (36988). Fitness: 3.873837576611468e-05
	(1888.9588176547986, 3339.26845806811, 0.0). Region: 84
	(3145.734785765814, 1802.7911788336498, 0.0). Region: 47
Antennas in slice 1:  [22 47 84]

Slice  2
Updating fitness _wolf
--------
The set of antennas serves the scenario in the respective slice(2).

Slice  3
Updating fitness _wolf
--------

Run GWO to deployment +1 antenna on the map
	Pack size:  300
	Wolf dimension 1
	Max iter 100
	antennas_regions:  [22 47 84]
	users_regions:  [ 1  3  4  5  6  7  8  9 10 11 12 13 14 15 17 19 20 21 22 23 24 25 26 27
 28 31 32 33 35 36 37 39 40 42 46 47 48 49 51 52 54 55 58 61 63 64 69 70
 71 72 73 74 75 76 77 79 84 87 88 89 92 95 97 99]
	Seed_base:  49966
initial_alpha:  Wolf 14 (49980). Fitness: 2.396757868371089e-05
	(2469.741345450635, 2607.768618320387, 0). Region: 66
initial_beta:  Wolf 141 (50107). Fitness: 2.396757868371089e-05
	(2606.8216190308485, 2682.2842541328737, 0). Region: 66
initial_delta:  Wolf 148 (50114). Fitness: 2.3961903072903028e-05
	(3952.7880746756246, 2545.8974595618706, 0). Region: 69 

iter = 10
Alpha wolf:  Wolf 14 (49980). Fitness: 2.396757868371089e-05
	(2469.741345450635, 2607.768618320387, 0). Region: 66
iter = 20
Alpha wolf:  Wolf 14 (49980). Fitness: 2.396757868371089e-05
	(2469.741345450635, 2607.768618320387, 0). Region: 66
iter = 30
Alpha wolf:  Wolf 14 (49980). Fitness: 2.396757868371089e-05
	(2766.5510197630465, 2784.190591542856, 0.0). Region: 66
iter = 40
Alpha wolf:  Wolf 14 (49980). Fitness: 2.396757868371089e-05
	(2687.402652131561, 2590.7927305726157, 0.0). Region: 66
iter = 50
Alpha wolf:  Wolf 14 (49980). Fitness: 2.396757868371089e-05
	(2556.1361283679144, 2768.0320915252637, 0.0). Region: 66
iter = 60
Alpha wolf:  Wolf 14 (49980). Fitness: 2.396757868371089e-05
	(2531.442753527567, 2674.2238894839147, 0.0). Region: 66
iter = 70
Alpha wolf:  Wolf 14 (49980). Fitness: 2.396757868371089e-05
	(2783.610029095535, 2524.0689926969835, 0.0). Region: 66
iter = 80
Alpha wolf:  Wolf 14 (49980). Fitness: 2.396757868371089e-05
	(2666.314302079414, 2799.574104814649, 0.0). Region: 66
iter = 90
Alpha wolf:  Wolf 14 (49980). Fitness: 2.396757868371089e-05
	(2426.489772636054, 2624.3111190223426, 0.0). Region: 66

- Finishing GWO - 

Best solution:  Wolf 14 (49980). Fitness: 2.396757868371089e-05
	(2507.630345765012, 2658.213207800993, 0.0). Region: 66
Antennas in slice 3:  [22 47 66 84]

Slice  4
Updating fitness _wolf
--------
The set of antennas serves the scenario in the respective slice(4).

Slice  5
Updating fitness _wolf
--------

Run GWO to deployment +1 antenna on the map
	Pack size:  300
	Wolf dimension 1
	Max iter 100
	antennas_regions:  [22 47 66 84]
	users_regions:  [ 0  1  2  3  4  6  7  9 11 12 13 14 15 17 18 19 20 21 23 24 28 29 30 31
 32 33 34 35 36 37 38 39 40 41 42 43 44 45 46 47 49 50 51 52 55 56 57 58
 59 60 61 63 64 65 67 69 70 71 73 74 76 77 80 81 83 85 86 87 88 90 91 92
 93 94 96 97]
	Seed_base:  64794
initial_alpha:  Wolf 172 (64966). Fitness: 20.775651961731324
	(2643.836920511493, 696.7483948518702, 0). Region: 16
initial_beta:  Wolf 215 (65009). Fitness: 20.775651961731324
	(2610.089896436945, 715.9615058429107, 0). Region: 16
initial_delta:  Wolf 221 (65015). Fitness: 20.775651961731324
	(2613.5881996994585, 502.6547477537382, 0). Region: 16 

iter = 10
Alpha wolf:  Wolf 172 (64966). Fitness: 20.775651961731324
	(2670.556551542946, 741.8531933999075, 0.0). Region: 16
iter = 20
Alpha wolf:  Wolf 172 (64966). Fitness: 20.775651961731324
	(2620.346309088115, 797.6227330921766, 0.0). Region: 16
iter = 30
Alpha wolf:  Wolf 172 (64966). Fitness: 20.775651961731324
	(2693.942361744438, 737.3368001248701, 0.0). Region: 16
iter = 40
Alpha wolf:  Wolf 172 (64966). Fitness: 20.775651961731324
	(2532.9846350227417, 632.5489314011695, 0.0). Region: 16
iter = 50
Alpha wolf:  Wolf 172 (64966). Fitness: 20.775651961731324
	(2424.76120435752, 613.2063616599919, 0.0). Region: 16
iter = 60
Alpha wolf:  Wolf 172 (64966). Fitness: 20.775651961731324
	(2677.456708150167, 497.02860363773635, 0.0). Region: 16
iter = 70
Alpha wolf:  Wolf 172 (64966). Fitness: 20.775651961731324
	(2657.7006878411858, 406.65140909514776, 0.0). Region: 16
iter = 80
Alpha wolf:  Wolf 172 (64966). Fitness: 20.775651961731324
	(2603.0204281713904, 484.26919645170483, 0.0). Region: 16
iter = 90
Alpha wolf:  Wolf 172 (64966). Fitness: 20.775651961731324
	(2535.3710633018445, 489.55196184531053, 0.0). Region: 16

- Finishing GWO - 

Best solution:  Wolf 172 (64966). Fitness: 20.775651961731324
	(2503.4199922320327, 472.31899057673286, 0.0). Region: 16
Antennas in slice 5:  [16 22 47 66 84]

Slice  6
Updating fitness _wolf
--------
The set of antennas serves the scenario in the respective slice(6).

Slice  7
Updating fitness _wolf
--------
The set of antennas serves the scenario in the respective slice(7).

Slice  8
Updating fitness _wolf
--------
The set of antennas serves the scenario in the respective slice(8).

Slice  9
Updating fitness _wolf
--------
The set of antennas serves the scenario in the respective slice(9).

Slice  10
Updating fitness _wolf
--------
The set of antennas serves the scenario in the respective slice(10).

Slice  11
Updating fitness _wolf
--------
The set of antennas serves the scenario in the respective slice(11).

Média de carros: 4.166666666666667
t=0
Antennas: [22]
Users: [22 23 24 33]
MinSINR:  3.1622776601683795
$x_{0,22}$
	 $y_{0,22,22}$ = 91.22696134298263 dB
	 $y_{0,22,23}$ = 28.749955251169098 dB
	 $y_{0,22,24}$ = 18.561381582555768 dB
	 $y_{0,22,33}$ = 27.655465208510506 dB
		SNR medio:  5.935491549472071
		Usuarios totais: 28
Distances:
t=1
Antennas: [22 47 84]
Users: [ 1  3  4  9 10 12 20 21 22 23 24 32 33 38 39 43 45 47 55 58 60 64 67 68
 72 77 80 83 87 91 97]
MinSINR:  3.1622776601683795
$x_{1,22}$
	 $y_{1,22,1}$ = 19.865674538912316 dB
	 $y_{1,22,3}$ = 17.241310992884152 dB
	 $y_{1,22,10}$ = 15.559718945142066 dB
	 $y_{1,22,12}$ = 26.22928520217536 dB
	 $y_{1,22,20}$ = 9.523376550977872 dB
	 $y_{1,22,21}$ = 35.820272638720056 dB
	 $y_{1,22,22}$ = 91.22696134298263 dB
	 $y_{1,22,4}$ = 14.392064438912485 dB
	 $y_{1,22,23}$ = 28.749955251169098 dB
	 $y_{1,22,24}$ = 18.561381582555768 dB
	 $y_{1,22,32}$ = 34.21067213597813 dB
	 $y_{1,22,60}$ = 8.237727440323681 dB
	 $y_{1,22,83}$ = 8.123910858279515 dB
	 $y_{1,22,33}$ = 27.655465208510506 dB
	 $y_{1,22,43}$ = 16.7690934469927 dB
		SNR medio:  9.304171764362911
		Usuarios totais: 40
$x_{1,47}$
	 $y_{1,47,9}$ = 9.227495046334695 dB
	 $y_{1,47,38}$ = 23.544724870095834 dB
	 $y_{1,47,39}$ = 12.940663717425622 dB
	 $y_{1,47,58}$ = 22.573449597583846 dB
	 $y_{1,47,67}$ = 20.48250295761551 dB
	 $y_{1,47,55}$ = 19.879317165720565 dB
	 $y_{1,47,64}$ = 11.689872240113402 dB
	 $y_{1,47,68}$ = 22.406649600878637 dB
	 $y_{1,47,87}$ = 5.162887558426291 dB
	 $y_{1,47,45}$ = 18.87669516133569 dB
	 $y_{1,47,47}$ = 84.06082009347054 dB
		SNR medio:  22.80409800081824
		Usuarios totais: 11
$x_{1,84}$
	 $y_{1,84,72}$ = 19.11988615425942 dB
	 $y_{1,84,77}$ = 13.310162036256386 dB
	 $y_{1,84,80}$ = 12.367537044125754 dB
	 $y_{1,84,91}$ = 16.107185775876758 dB
	 $y_{1,84,97}$ = 8.60892704567911 dB
		SNR medio:  13.902739611239486
		Usuarios totais: 5
Distances:
22 : 47 = 2154.0659228538016
22 : 84 = 2529.8221281347037
47 : 84 = 2000.0
t=2
Antennas: [22 47 84]
Users: [ 1  6  7  9 14 16 22 23 24 27 28 29 31 33 36 37 39 40 42 45 47 48 51 53
 54 55 60 61 63 67 68 70 72 73 75 77 78 83 86 87 88 89 90 92 94 98]
MinSINR:  3.1622776601683795
$x_{2,22}$
	 $y_{2,22,1}$ = 19.865674538912316 dB
	 $y_{2,22,22}$ = 91.22696134298263 dB
	 $y_{2,22,40}$ = 6.37696524016377 dB
	 $y_{2,22,24}$ = 18.561381582555768 dB
	 $y_{2,22,31}$ = 26.796677810450504 dB
	 $y_{2,22,42}$ = 12.874317458569578 dB
	 $y_{2,22,60}$ = 8.237727440323681 dB
		SNR medio:  4.598492635348956
		Usuarios totais: 40
$x_{2,47}$
	 $y_{2,47,7}$ = 11.97698918105749 dB
	 $y_{2,47,9}$ = 9.227495046334695 dB
	 $y_{2,47,27}$ = 13.205971078635315 dB
	 $y_{2,47,28}$ = 11.502809296047872 dB
	 $y_{2,47,37}$ = 34.21346264936746 dB
	 $y_{2,47,39}$ = 12.940663717425622 dB
	 $y_{2,47,48}$ = 43.85343654513514 dB
	 $y_{2,47,67}$ = 20.48250295761551 dB
	 $y_{2,47,78}$ = 12.800294744806152 dB
	 $y_{2,47,88}$ = 5.0719897967915415 dB
	 $y_{2,47,6}$ = 6.461423111757853 dB
	 $y_{2,47,14}$ = 8.752464742204069 dB
	 $y_{2,47,16}$ = 9.245948697839665 dB
	 $y_{2,47,23}$ = 5.266491351430119 dB
	 $y_{2,47,29}$ = 21.56627673601207 dB
	 $y_{2,47,54}$ = 12.941367044082028 dB
	 $y_{2,47,55}$ = 19.879317165720565 dB
	 $y_{2,47,33}$ = 10.655462132189939 dB
	 $y_{2,47,36}$ = 20.599608470311594 dB
	 $y_{2,47,45}$ = 18.87669516133569 dB
	 $y_{2,47,47}$ = 84.06082009347054 dB
	 $y_{2,47,53}$ = 6.352645845753244 dB
	 $y_{2,47,63}$ = 5.477908476116681 dB
	 $y_{2,47,68}$ = 22.406649600878637 dB
	 $y_{2,47,75}$ = 5.9372082237298685 dB
	 $y_{2,47,86}$ = 5.7949744117755415 dB
	 $y_{2,47,87}$ = 5.162887558426291 dB
		SNR medio:  12.706107538178603
		Usuarios totais: 35
$x_{2,84}$
	 $y_{2,84,70}$ = 7.079518559008733 dB
	 $y_{2,84,72}$ = 19.11988615425942 dB
	 $y_{2,84,77}$ = 13.310162036256386 dB
	 $y_{2,84,89}$ = 8.897606760112723 dB
	 $y_{2,84,90}$ = 6.9194989367380515 dB
	 $y_{2,84,92}$ = 11.049825293071763 dB
	 $y_{2,84,94}$ = 29.742829397172486 dB
	 $y_{2,84,98}$ = 9.052890863176344 dB
	 $y_{2,84,51}$ = 10.672673068470147 dB
	 $y_{2,84,61}$ = 5.210654106720284 dB
	 $y_{2,84,73}$ = 25.20317850419957 dB
	 $y_{2,84,83}$ = 32.59649938574313 dB
		SNR medio:  11.178451441558064
		Usuarios totais: 16
Distances:
22 : 47 = 2154.0659228538016
22 : 84 = 2529.8221281347037
47 : 84 = 2000.0
t=3
Antennas: [22 47 66 84]
Users: [ 1  3  4  5  6  7  8  9 10 11 12 13 14 15 17 19 20 21 22 23 24 25 26 27
 28 31 32 33 35 36 37 39 40 42 46 47 48 49 51 52 54 55 58 61 63 64 69 70
 71 72 73 74 75 76 77 79 84 87 88 89 92 95 97 99]
MinSINR:  3.1622776601683795
$x_{3,22}$
	 $y_{3,22,1}$ = 19.865674538912316 dB
	 $y_{3,22,3}$ = 17.241310992884152 dB
	 $y_{3,22,10}$ = 15.559718945142066 dB
	 $y_{3,22,11}$ = 29.685673869048642 dB
	 $y_{3,22,12}$ = 26.22928520217536 dB
	 $y_{3,22,13}$ = 24.342461718209208 dB
	 $y_{3,22,20}$ = 9.523376550977872 dB
	 $y_{3,22,21}$ = 35.820272638720056 dB
	 $y_{3,22,22}$ = 91.22696134298263 dB
	 $y_{3,22,40}$ = 6.37696524016377 dB
	 $y_{3,22,4}$ = 14.392064438912485 dB
	 $y_{3,22,6}$ = 5.596426748330117 dB
	 $y_{3,22,14}$ = 15.117393744942873 dB
	 $y_{3,22,15}$ = 13.123746400523146 dB
	 $y_{3,22,23}$ = 28.749955251169098 dB
	 $y_{3,22,5}$ = 5.70458354205158 dB
	 $y_{3,22,25}$ = 7.490016465427601 dB
	 $y_{3,22,26}$ = 8.005273152719894 dB
	 $y_{3,22,42}$ = 12.874317458569578 dB
	 $y_{3,22,51}$ = 8.584084083197041 dB
	 $y_{3,22,33}$ = 27.655465208510506 dB
	 $y_{3,22,35}$ = 11.216674845634657 dB
	 $y_{3,22,36}$ = 9.454807551281633 dB
	 $y_{3,22,46}$ = 7.414838918254475 dB
	 $y_{3,22,47}$ = 6.3833970425696975 dB
	 $y_{3,22,61}$ = 13.029344252037959 dB
		SNR medio:  11.766602253583711
		Usuarios totais: 40
$x_{3,47}$
	 $y_{3,47,7}$ = 11.97698918105749 dB
	 $y_{3,47,9}$ = 9.227495046334695 dB
	 $y_{3,47,17}$ = 10.063846366053014 dB
	 $y_{3,47,28}$ = 11.502809296047872 dB
	 $y_{3,47,19}$ = 11.561460625824594 dB
	 $y_{3,47,24}$ = 13.188246040465415 dB
	 $y_{3,47,27}$ = 13.205971078635315 dB
	 $y_{3,47,31}$ = 5.939946601684312 dB
	 $y_{3,47,32}$ = 6.520075781879598 dB
	 $y_{3,47,37}$ = 34.21346264936746 dB
	 $y_{3,47,39}$ = 12.940663717425622 dB
	 $y_{3,47,48}$ = 43.85343654513514 dB
	 $y_{3,47,49}$ = 19.441227384285654 dB
		SNR medio:  5.090890757854905
		Usuarios totais: 40
$x_{3,66}$
	 $y_{3,66,8}$ = 10.819543532872444 dB
	 $y_{3,66,99}$ = 10.061475640360925 dB
	 $y_{3,66,58}$ = 20.55890498354509 dB
	 $y_{3,66,69}$ = 8.84651281669106 dB
	 $y_{3,66,79}$ = 14.126033335008657 dB
	 $y_{3,66,88}$ = 18.516602422297723 dB
		SNR medio:  11.847010390110842
		Usuarios totais: 7
$x_{3,84}$
	 $y_{3,84,70}$ = 7.079518559008733 dB
	 $y_{3,84,72}$ = 19.11988615425942 dB
	 $y_{3,84,92}$ = 11.049825293071763 dB
	 $y_{3,84,97}$ = 8.60892704567911 dB
	 $y_{3,84,54}$ = 14.539724381023206 dB
	 $y_{3,84,55}$ = 6.211194731625028 dB
	 $y_{3,84,64}$ = 12.464581913492111 dB
	 $y_{3,84,71}$ = 16.016137005216805 dB
	 $y_{3,84,75}$ = 24.718496835978982 dB
	 $y_{3,84,76}$ = 10.546846106420617 dB
	 $y_{3,84,77}$ = 13.310162036256386 dB
	 $y_{3,84,84}$ = 96.24218042787535 dB
	 $y_{3,84,87}$ = 10.480105368911211 dB
	 $y_{3,84,89}$ = 8.897606760112723 dB
	 $y_{3,84,95}$ = 20.80845602901276 dB
	 $y_{3,84,52}$ = 8.763428619131048 dB
	 $y_{3,84,63}$ = 19.64252040013875 dB
	 $y_{3,84,73}$ = 25.20317850419957 dB
	 $y_{3,84,74}$ = 32.07089862782456 dB
		SNR medio:  10.450676422835373
		Usuarios totais: 35
Distances:
22 : 47 = 2154.0659228538016
22 : 66 = 2262.741699796952
22 : 84 = 2529.8221281347037
47 : 66 = 894.4271909999159
47 : 84 = 2000.0
66 : 84 = 1131.370849898476
t=4
Antennas: [22 47 66 84]
Users: [ 0  3  5  6  7  9 10 13 14 16 18 19 21 22 23 24 25 27 29 30 32 33 34 35
 36 37 38 40 41 42 45 46 47 48 50 51 52 53 54 56 57 58 61 62 64 65 67 68
 69 70 71 72 74 75 76 77 78 79 80 81 82 83 84 85 87 88 89 90 91 92 93 95
 97 99]
MinSINR:  3.1622776601683795
$x_{4,22}$
	 $y_{4,22,0}$ = 15.375364923628865 dB
	 $y_{4,22,3}$ = 17.241310992884152 dB
	 $y_{4,22,10}$ = 15.559718945142066 dB
	 $y_{4,22,13}$ = 24.342461718209208 dB
	 $y_{4,22,21}$ = 35.820272638720056 dB
	 $y_{4,22,22}$ = 91.22696134298263 dB
	 $y_{4,22,40}$ = 6.37696524016377 dB
	 $y_{4,22,6}$ = 5.596426748330117 dB
	 $y_{4,22,14}$ = 15.117393744942873 dB
	 $y_{4,22,23}$ = 28.749955251169098 dB
	 $y_{4,22,30}$ = 21.253912088616133 dB
	 $y_{4,22,41}$ = 18.541996756285997 dB
	 $y_{4,22,50}$ = 10.392396372114504 dB
	 $y_{4,22,51}$ = 8.584084083197041 dB
	 $y_{4,22,5}$ = 5.70458354205158 dB
	 $y_{4,22,16}$ = 5.410474122297671 dB
	 $y_{4,22,25}$ = 7.490016465427601 dB
	 $y_{4,22,34}$ = 21.948298676959894 dB
	 $y_{4,22,42}$ = 12.874317458569578 dB
	 $y_{4,22,83}$ = 8.123910858279515 dB
		SNR medio:  9.393270549249308
		Usuarios totais: 40
$x_{4,47}$
	 $y_{4,47,7}$ = 11.97698918105749 dB
	 $y_{4,47,9}$ = 9.227495046334695 dB
	 $y_{4,47,18}$ = 14.62021606698113 dB
	 $y_{4,47,19}$ = 11.561460625824594 dB
	 $y_{4,47,24}$ = 13.188246040465415 dB
	 $y_{4,47,27}$ = 13.205971078635315 dB
	 $y_{4,47,32}$ = 6.520075781879598 dB
	 $y_{4,47,37}$ = 34.21346264936746 dB
	 $y_{4,47,38}$ = 23.544724870095834 dB
	 $y_{4,47,58}$ = 22.573449597583846 dB
		SNR medio:  4.015802273455635
		Usuarios totais: 40
$x_{4,66}$
	 $y_{4,66,99}$ = 10.061475640360925 dB
	 $y_{4,66,48}$ = 18.815953464112553 dB
	 $y_{4,66,67}$ = 32.34010761555842 dB
	 $y_{4,66,69}$ = 8.84651281669106 dB
	 $y_{4,66,78}$ = 19.76468548005802 dB
	 $y_{4,66,79}$ = 14.126033335008657 dB
	 $y_{4,66,88}$ = 18.516602422297723 dB
	 $y_{4,66,45}$ = 19.61839294728695 dB
	 $y_{4,66,46}$ = 22.657099829519254 dB
	 $y_{4,66,47}$ = 24.2334123231487 dB
	 $y_{4,66,52}$ = 10.418150504274436 dB
	 $y_{4,66,53}$ = 13.076553858612243 dB
	 $y_{4,66,61}$ = 5.16785751430271 dB
	 $y_{4,66,62}$ = 13.556432875673949 dB
	 $y_{4,66,74}$ = 17.36235658573102 dB
	 $y_{4,66,84}$ = 14.505680317780957 dB
	 $y_{4,66,85}$ = 17.813491219380623 dB
	 $y_{4,66,87}$ = 17.469347142295476 dB
	 $y_{4,66,89}$ = 5.757804490945432 dB
	 $y_{4,66,93}$ = 5.672925702295686 dB
	 $y_{4,66,95}$ = 8.14023776625939 dB
		SNR medio:  10.25551980166433
		Usuarios totais: 31
$x_{4,84}$
	 $y_{4,84,70}$ = 7.079518559008733 dB
	 $y_{4,84,72}$ = 19.11988615425942 dB
	 $y_{4,84,80}$ = 12.367537044125754 dB
	 $y_{4,84,81}$ = 12.080746945047224 dB
	 $y_{4,84,90}$ = 6.9194989367380515 dB
	 $y_{4,84,91}$ = 16.107185775876758 dB
	 $y_{4,84,92}$ = 11.049825293071763 dB
	 $y_{4,84,97}$ = 8.60892704567911 dB
	 $y_{4,84,29}$ = 5.800019468542814 dB
	 $y_{4,84,54}$ = 14.539724381023206 dB
	 $y_{4,84,56}$ = 13.93433670946925 dB
	 $y_{4,84,57}$ = 6.521236028542916 dB
	 $y_{4,84,64}$ = 12.464581913492111 dB
	 $y_{4,84,65}$ = 20.142933911733692 dB
	 $y_{4,84,68}$ = 5.347315862591586 dB
	 $y_{4,84,71}$ = 16.016137005216805 dB
	 $y_{4,84,75}$ = 24.718496835978982 dB
	 $y_{4,84,76}$ = 10.546846106420617 dB
	 $y_{4,84,77}$ = 13.310162036256386 dB
	 $y_{4,84,82}$ = 15.372802084620389 dB
	 $y_{4,84,33}$ = 9.757866671749582 dB
	 $y_{4,84,35}$ = 5.832240866806215 dB
	 $y_{4,84,36}$ = 11.051285236830608 dB
		SNR medio:  6.96722777182705
		Usuarios totais: 40
Distances:
22 : 47 = 2154.0659228538016
22 : 66 = 2262.741699796952
22 : 84 = 2529.8221281347037
47 : 66 = 894.4271909999159
47 : 84 = 2000.0
66 : 84 = 1131.370849898476
t=5
Antennas: [16 22 47 66 84]
Users: [ 0  1  2  3  4  6  7  9 11 12 13 14 15 17 18 19 20 21 23 24 28 29 30 31
 32 33 34 35 36 37 38 39 40 41 42 43 44 45 46 47 49 50 51 52 55 56 57 58
 59 60 61 63 64 65 67 69 70 71 73 74 76 77 80 81 83 85 86 87 88 90 91 92
 93 94 96 97]
MinSINR:  3.1622776601683795
$x_{5,16}$
	 $y_{5,16,24}$ = 18.040074407596563 dB
	 $y_{5,16,19}$ = 11.883053702497534 dB
	 $y_{5,16,33}$ = 7.1873334803467515 dB
	 $y_{5,16,34}$ = 10.660994608005609 dB
	 $y_{5,16,35}$ = 17.11390896366018 dB
	 $y_{5,16,36}$ = 22.838309783882423 dB
	 $y_{5,16,37}$ = 12.761167765375816 dB
	 $y_{5,16,42}$ = 9.01142339330937 dB
		SNR medio:  2.737406652616856
		Usuarios totais: 40
$x_{5,22}$
	 $y_{5,22,0}$ = 15.375364923628865 dB
	 $y_{5,22,2}$ = 24.316132080450075 dB
	 $y_{5,22,20}$ = 9.523376550977872 dB
	 $y_{5,22,40}$ = 6.37696524016377 dB
	 $y_{5,22,1}$ = 19.865674538912316 dB
	 $y_{5,22,3}$ = 17.241310992884152 dB
	 $y_{5,22,11}$ = 29.685673869048642 dB
	 $y_{5,22,12}$ = 26.22928520217536 dB
	 $y_{5,22,13}$ = 24.342461718209208 dB
	 $y_{5,22,21}$ = 35.820272638720056 dB
	 $y_{5,22,30}$ = 21.253912088616133 dB
	 $y_{5,22,31}$ = 26.796677810450504 dB
	 $y_{5,22,32}$ = 34.21067213597813 dB
	 $y_{5,22,41}$ = 18.541996756285997 dB
	 $y_{5,22,50}$ = 10.392396372114504 dB
	 $y_{5,22,51}$ = 8.584084083197041 dB
	 $y_{5,22,83}$ = 8.123910858279515 dB
	 $y_{5,22,4}$ = 14.392064438912485 dB
		SNR medio:  8.776805807475114
		Usuarios totais: 40
$x_{5,47}$
	 $y_{5,47,59}$ = 16.616680682534167 dB
	 $y_{5,47,7}$ = 11.97698918105749 dB
	 $y_{5,47,9}$ = 9.227495046334695 dB
	 $y_{5,47,17}$ = 10.063846366053014 dB
	 $y_{5,47,28}$ = 11.502809296047872 dB
	 $y_{5,47,67}$ = 20.48250295761551 dB
	 $y_{5,47,69}$ = 20.51147350987931 dB
	 $y_{5,47,88}$ = 5.0719897967915415 dB
	 $y_{5,47,6}$ = 6.461423111757853 dB
	 $y_{5,47,14}$ = 8.752464742204069 dB
	 $y_{5,47,15}$ = 9.708246881663655 dB
	 $y_{5,47,23}$ = 5.266491351430119 dB
	 $y_{5,47,56}$ = 26.251692122420692 dB
	 $y_{5,47,63}$ = 5.477908476116681 dB
	 $y_{5,47,64}$ = 11.689872240113402 dB
	 $y_{5,47,74}$ = 11.887432563828739 dB
	 $y_{5,47,76}$ = 11.957615726138982 dB
	 $y_{5,47,86}$ = 5.7949744117755415 dB
	 $y_{5,47,87}$ = 5.162887558426291 dB
	 $y_{5,47,18}$ = 14.62021606698113 dB
	 $y_{5,47,29}$ = 21.56627673601207 dB
		SNR medio:  6.2512822206295695
		Usuarios totais: 40
$x_{5,66}$
	 $y_{5,66,60}$ = 6.50102459825743 dB
	 $y_{5,66,61}$ = 5.16785751430271 dB
	 $y_{5,66,73}$ = 14.799069570493046 dB
	 $y_{5,66,38}$ = 7.3546523565440225 dB
	 $y_{5,66,39}$ = 5.328030973058048 dB
	 $y_{5,66,43}$ = 9.562123812584957 dB
	 $y_{5,66,44}$ = 6.766869138298517 dB
	 $y_{5,66,45}$ = 19.61839294728695 dB
	 $y_{5,66,46}$ = 22.657099829519254 dB
	 $y_{5,66,47}$ = 24.2334123231487 dB
	 $y_{5,66,49}$ = 5.873576848638322 dB
	 $y_{5,66,55}$ = 13.722674844718654 dB
	 $y_{5,66,57}$ = 20.440829482862185 dB
	 $y_{5,66,58}$ = 20.55890498354509 dB
	 $y_{5,66,65}$ = 30.38407704293192 dB
		SNR medio:  8.873691511091243
		Usuarios totais: 24
$x_{5,84}$
	 $y_{5,84,70}$ = 7.079518559008733 dB
	 $y_{5,84,80}$ = 12.367537044125754 dB
	 $y_{5,84,81}$ = 12.080746945047224 dB
	 $y_{5,84,90}$ = 6.9194989367380515 dB
	 $y_{5,84,91}$ = 16.107185775876758 dB
	 $y_{5,84,92}$ = 11.049825293071763 dB
	 $y_{5,84,94}$ = 29.742829397172486 dB
	 $y_{5,84,97}$ = 8.60892704567911 dB
	 $y_{5,84,71}$ = 16.016137005216805 dB
	 $y_{5,84,77}$ = 13.310162036256386 dB
	 $y_{5,84,85}$ = 30.030274157760886 dB
	 $y_{5,84,93}$ = 29.346866636655378 dB
	 $y_{5,84,96}$ = 13.98258727645512 dB
	 $y_{5,84,52}$ = 8.763428619131048 dB
		SNR medio:  5.385138118204887
		Usuarios totais: 40
Distances:
16 : 22 = 1649.2422502470642
16 : 47 = 1264.9110640673518
16 : 66 = 2000.0
16 : 84 = 2912.043955712207
22 : 47 = 2154.0659228538016
22 : 66 = 2262.741699796952
22 : 84 = 2529.8221281347037
47 : 66 = 894.4271909999159
47 : 84 = 2000.0
66 : 84 = 1131.370849898476
t=6
Antennas: [16 22 47 66 84]
Users: [ 0  1  3  4  5  6  9 10 11 12 13 15 16 17 19 20 22 23 24 26 27 28 29 30
 31 32 34 35 36 39 40 42 43 44 45 46 47 48 49 50 51 53 54 55 56 57 59 60
 61 62 63 64 65 66 67 68 70 71 72 73 74 76 77 79 80 81 85 86 88 89 90 91
 92 93 94 97 98 99]
MinSINR:  3.1622776601683795
$x_{6,16}$
	 $y_{6,16,16}$ = 85.92996431446511 dB
		SNR medio:  85.92996431446511
		Usuarios totais: 1
$x_{6,22}$
	 $y_{6,22,0}$ = 15.375364923628865 dB
	 $y_{6,22,10}$ = 15.559718945142066 dB
	 $y_{6,22,20}$ = 9.523376550977872 dB
	 $y_{6,22,40}$ = 6.37696524016377 dB
	 $y_{6,22,1}$ = 19.865674538912316 dB
	 $y_{6,22,3}$ = 17.241310992884152 dB
	 $y_{6,22,11}$ = 29.685673869048642 dB
	 $y_{6,22,12}$ = 26.22928520217536 dB
	 $y_{6,22,13}$ = 24.342461718209208 dB
	 $y_{6,22,22}$ = 91.22696134298263 dB
	 $y_{6,22,30}$ = 21.253912088616133 dB
	 $y_{6,22,31}$ = 26.796677810450504 dB
	 $y_{6,22,32}$ = 34.21067213597813 dB
	 $y_{6,22,50}$ = 10.392396372114504 dB
	 $y_{6,22,51}$ = 8.584084083197041 dB
	 $y_{6,22,4}$ = 14.392064438912485 dB
	 $y_{6,22,6}$ = 5.596426748330117 dB
	 $y_{6,22,15}$ = 13.123746400523146 dB
	 $y_{6,22,23}$ = 28.749955251169098 dB
		SNR medio:  10.4631682163354
		Usuarios totais: 40
$x_{6,47}$
	 $y_{6,47,59}$ = 16.616680682534167 dB
	 $y_{6,47,9}$ = 9.227495046334695 dB
	 $y_{6,47,17}$ = 10.063846366053014 dB
	 $y_{6,47,28}$ = 11.502809296047872 dB
	 $y_{6,47,67}$ = 20.48250295761551 dB
	 $y_{6,47,79}$ = 5.74387986586089 dB
	 $y_{6,47,88}$ = 5.0719897967915415 dB
	 $y_{6,47,19}$ = 11.561460625824594 dB
	 $y_{6,47,24}$ = 13.188246040465415 dB
	 $y_{6,47,5}$ = 6.241385256795468 dB
	 $y_{6,47,26}$ = 18.640875305171505 dB
	 $y_{6,47,27}$ = 13.205971078635315 dB
	 $y_{6,47,34}$ = 7.585379210467465 dB
	 $y_{6,47,39}$ = 12.940663717425622 dB
	 $y_{6,47,42}$ = 7.626586781744379 dB
	 $y_{6,47,48}$ = 43.85343654513514 dB
	 $y_{6,47,49}$ = 19.441227384285654 dB
	 $y_{6,47,53}$ = 6.352645845753244 dB
	 $y_{6,47,56}$ = 26.251692122420692 dB
		SNR medio:  6.639969348134054
		Usuarios totais: 40
$x_{6,66}$
	 $y_{6,66,99}$ = 10.061475640360925 dB
	 $y_{6,66,68}$ = 15.410087251854378 dB
	 $y_{6,66,74}$ = 17.36235658573102 dB
	 $y_{6,66,86}$ = 17.255667035895343 dB
	 $y_{6,66,29}$ = 5.984822399611232 dB
	 $y_{6,66,35}$ = 8.825286578691703 dB
	 $y_{6,66,36}$ = 19.035942688124692 dB
	 $y_{6,66,43}$ = 9.562123812584957 dB
	 $y_{6,66,44}$ = 6.766869138298517 dB
	 $y_{6,66,45}$ = 19.61839294728695 dB
	 $y_{6,66,46}$ = 22.657099829519254 dB
	 $y_{6,66,47}$ = 24.2334123231487 dB
	 $y_{6,66,54}$ = 18.01193959448416 dB
	 $y_{6,66,55}$ = 13.722674844718654 dB
	 $y_{6,66,57}$ = 20.440829482862185 dB
	 $y_{6,66,65}$ = 30.38407704293192 dB
	 $y_{6,66,66}$ = 92.04007400649367 dB
		SNR medio:  10.334503858899946
		Usuarios totais: 34
$x_{6,84}$
	 $y_{6,84,70}$ = 7.079518559008733 dB
	 $y_{6,84,72}$ = 19.11988615425942 dB
	 $y_{6,84,80}$ = 12.367537044125754 dB
	 $y_{6,84,81}$ = 12.080746945047224 dB
	 $y_{6,84,90}$ = 6.9194989367380515 dB
	 $y_{6,84,91}$ = 16.107185775876758 dB
	 $y_{6,84,92}$ = 11.049825293071763 dB
	 $y_{6,84,94}$ = 29.742829397172486 dB
	 $y_{6,84,97}$ = 8.60892704567911 dB
	 $y_{6,84,71}$ = 16.016137005216805 dB
	 $y_{6,84,77}$ = 13.310162036256386 dB
	 $y_{6,84,85}$ = 30.030274157760886 dB
	 $y_{6,84,89}$ = 8.897606760112723 dB
	 $y_{6,84,93}$ = 29.346866636655378 dB
	 $y_{6,84,98}$ = 9.052890863176344 dB
	 $y_{6,84,60}$ = 11.25438658494754 dB
	 $y_{6,84,61}$ = 5.210654106720284 dB
	 $y_{6,84,62}$ = 14.586989769564298 dB
	 $y_{6,84,73}$ = 25.20317850419957 dB
	 $y_{6,84,63}$ = 19.64252040013875 dB
	 $y_{6,84,64}$ = 12.464581913492111 dB
	 $y_{6,84,76}$ = 10.546846106420617 dB
		SNR medio:  8.215976249891023
		Usuarios totais: 40
Distances:
16 : 22 = 1649.2422502470642
16 : 47 = 1264.9110640673518
16 : 66 = 2000.0
16 : 84 = 2912.043955712207
22 : 47 = 2154.0659228538016
22 : 66 = 2262.741699796952
22 : 84 = 2529.8221281347037
47 : 66 = 894.4271909999159
47 : 84 = 2000.0
66 : 84 = 1131.370849898476
t=7
Antennas: [16 22 47 66 84]
Users: [ 0  2  3  7  8  9 11 12 14 16 18 19 20 23 24 25 26 27 28 29 31 32 33 34
 35 36 37 39 40 41 42 43 44 47 49 50 51 52 53 54 55 56 57 58 60 61 65 66
 67 68 70 71 72 73 74 76 77 78 79 80 81 82 83 84 86 87 88 90 91 92 93 94
 95 96 97 98 99]
MinSINR:  3.1622776601683795
$x_{7,16}$
	 $y_{7,16,7}$ = 18.457537225035125 dB
	 $y_{7,16,8}$ = 24.4334934670468 dB
	 $y_{7,16,9}$ = 6.893786875792841 dB
	 $y_{7,16,28}$ = 14.709298511344016 dB
	 $y_{7,16,16}$ = 85.92996431446511 dB
		SNR medio:  25.07068006561398
		Usuarios totais: 6
$x_{7,22}$
	 $y_{7,22,0}$ = 15.375364923628865 dB
	 $y_{7,22,2}$ = 24.316132080450075 dB
	 $y_{7,22,20}$ = 9.523376550977872 dB
	 $y_{7,22,40}$ = 6.37696524016377 dB
	 $y_{7,22,3}$ = 17.241310992884152 dB
	 $y_{7,22,11}$ = 29.685673869048642 dB
	 $y_{7,22,12}$ = 26.22928520217536 dB
	 $y_{7,22,31}$ = 26.796677810450504 dB
	 $y_{7,22,32}$ = 34.21067213597813 dB
	 $y_{7,22,41}$ = 18.541996756285997 dB
	 $y_{7,22,50}$ = 10.392396372114504 dB
	 $y_{7,22,51}$ = 8.584084083197041 dB
	 $y_{7,22,83}$ = 8.123910858279515 dB
	 $y_{7,22,14}$ = 15.117393744942873 dB
	 $y_{7,22,23}$ = 28.749955251169098 dB
	 $y_{7,22,24}$ = 18.561381582555768 dB
	 $y_{7,22,52}$ = 13.730259164470283 dB
	 $y_{7,22,60}$ = 8.237727440323681 dB
	 $y_{7,22,61}$ = 13.029344252037959 dB
	 $y_{7,22,73}$ = 8.650350031885864 dB
	 $y_{7,22,25}$ = 7.490016465427601 dB
		SNR medio:  8.724106870211191
		Usuarios totais: 40
$x_{7,47}$
	 $y_{7,47,47}$ = 84.06082009347054 dB
		SNR medio:  84.06082009347054
		Usuarios totais: 1
$x_{7,66}$
	 $y_{7,66,99}$ = 10.061475640360925 dB
	 $y_{7,66,67}$ = 32.34010761555842 dB
	 $y_{7,66,78}$ = 19.76468548005802 dB
	 $y_{7,66,79}$ = 14.126033335008657 dB
	 $y_{7,66,88}$ = 18.516602422297723 dB
	 $y_{7,66,18}$ = 9.534669580004618 dB
	 $y_{7,66,19}$ = 5.015950891874581 dB
	 $y_{7,66,27}$ = 12.162059267653405 dB
	 $y_{7,66,37}$ = 10.691781863168274 dB
	 $y_{7,66,39}$ = 5.328030973058048 dB
	 $y_{7,66,49}$ = 5.873576848638322 dB
	 $y_{7,66,58}$ = 20.55890498354509 dB
	 $y_{7,66,26}$ = 11.613273081649709 dB
	 $y_{7,66,34}$ = 13.076931411239912 dB
	 $y_{7,66,42}$ = 7.087075352764344 dB
	 $y_{7,66,29}$ = 5.984822399611232 dB
	 $y_{7,66,33}$ = 10.909976428792191 dB
	 $y_{7,66,35}$ = 8.825286578691703 dB
	 $y_{7,66,36}$ = 19.035942688124692 dB
	 $y_{7,66,43}$ = 9.562123812584957 dB
	 $y_{7,66,44}$ = 6.766869138298517 dB
	 $y_{7,66,54}$ = 18.01193959448416 dB
	 $y_{7,66,55}$ = 13.722674844718654 dB
	 $y_{7,66,57}$ = 20.440829482862185 dB
	 $y_{7,66,65}$ = 30.38407704293192 dB
	 $y_{7,66,66}$ = 92.04007400649367 dB
		SNR medio:  11.062455763191638
		Usuarios totais: 39
$x_{7,84}$
	 $y_{7,84,70}$ = 7.079518559008733 dB
	 $y_{7,84,72}$ = 19.11988615425942 dB
	 $y_{7,84,80}$ = 12.367537044125754 dB
	 $y_{7,84,81}$ = 12.080746945047224 dB
	 $y_{7,84,90}$ = 6.9194989367380515 dB
	 $y_{7,84,91}$ = 16.107185775876758 dB
	 $y_{7,84,92}$ = 11.049825293071763 dB
	 $y_{7,84,94}$ = 29.742829397172486 dB
	 $y_{7,84,97}$ = 8.60892704567911 dB
	 $y_{7,84,71}$ = 16.016137005216805 dB
	 $y_{7,84,77}$ = 13.310162036256386 dB
	 $y_{7,84,82}$ = 15.372802084620389 dB
	 $y_{7,84,93}$ = 29.346866636655378 dB
	 $y_{7,84,96}$ = 13.98258727645512 dB
	 $y_{7,84,98}$ = 9.052890863176344 dB
	 $y_{7,84,56}$ = 13.93433670946925 dB
	 $y_{7,84,68}$ = 5.347315862591586 dB
	 $y_{7,84,76}$ = 10.546846106420617 dB
	 $y_{7,84,84}$ = 96.24218042787535 dB
	 $y_{7,84,86}$ = 16.26221374796114 dB
	 $y_{7,84,87}$ = 10.480105368911211 dB
	 $y_{7,84,95}$ = 20.80845602901276 dB
	 $y_{7,84,53}$ = 15.473204357861107 dB
	 $y_{7,84,74}$ = 32.07089862782456 dB
		SNR medio:  11.03307395728218
		Usuarios totais: 40
Distances:
16 : 22 = 1649.2422502470642
16 : 47 = 1264.9110640673518
16 : 66 = 2000.0
16 : 84 = 2912.043955712207
22 : 47 = 2154.0659228538016
22 : 66 = 2262.741699796952
22 : 84 = 2529.8221281347037
47 : 66 = 894.4271909999159
47 : 84 = 2000.0
66 : 84 = 1131.370849898476
t=8
Antennas: [16 22 47 66 84]
Users: [ 3  4  8  9 10 11 12 13 16 17 18 19 20 21 24 25 28 29 30 31 33 34 35 37
 39 40 41 42 44 45 47 48 49 51 52 53 55 56 57 59 61 63 64 67 69 70 73 74
 75 76 78 79 81 83 85 86 87 89 92 95 97 98 99]
MinSINR:  3.1622776601683795
$x_{8,16}$
	 $y_{8,16,16}$ = 85.92996431446511 dB
		SNR medio:  85.92996431446511
		Usuarios totais: 1
$x_{8,22}$
	 $y_{8,22,10}$ = 15.559718945142066 dB
	 $y_{8,22,20}$ = 9.523376550977872 dB
	 $y_{8,22,40}$ = 6.37696524016377 dB
	 $y_{8,22,3}$ = 17.241310992884152 dB
	 $y_{8,22,11}$ = 29.685673869048642 dB
	 $y_{8,22,12}$ = 26.22928520217536 dB
	 $y_{8,22,13}$ = 24.342461718209208 dB
	 $y_{8,22,21}$ = 35.820272638720056 dB
	 $y_{8,22,30}$ = 21.253912088616133 dB
	 $y_{8,22,31}$ = 26.796677810450504 dB
	 $y_{8,22,41}$ = 18.541996756285997 dB
	 $y_{8,22,51}$ = 8.584084083197041 dB
	 $y_{8,22,83}$ = 8.123910858279515 dB
	 $y_{8,22,4}$ = 14.392064438912485 dB
	 $y_{8,22,24}$ = 18.561381582555768 dB
	 $y_{8,22,52}$ = 13.730259164470283 dB
	 $y_{8,22,61}$ = 13.029344252037959 dB
	 $y_{8,22,73}$ = 8.650350031885864 dB
	 $y_{8,22,25}$ = 7.490016465427601 dB
	 $y_{8,22,34}$ = 21.948298676959894 dB
	 $y_{8,22,42}$ = 12.874317458569578 dB
	 $y_{8,22,53}$ = 9.514158900069958 dB
	 $y_{8,22,63}$ = 6.493722922818421 dB
		SNR medio:  9.369089016196451
		Usuarios totais: 40
$x_{8,47}$
	 $y_{8,47,59}$ = 16.616680682534167 dB
	 $y_{8,47,9}$ = 9.227495046334695 dB
	 $y_{8,47,17}$ = 10.063846366053014 dB
	 $y_{8,47,28}$ = 11.502809296047872 dB
	 $y_{8,47,67}$ = 20.48250295761551 dB
	 $y_{8,47,69}$ = 20.51147350987931 dB
	 $y_{8,47,78}$ = 12.800294744806152 dB
	 $y_{8,47,79}$ = 5.74387986586089 dB
	 $y_{8,47,18}$ = 14.62021606698113 dB
	 $y_{8,47,19}$ = 11.561460625824594 dB
	 $y_{8,47,37}$ = 34.21346264936746 dB
	 $y_{8,47,39}$ = 12.940663717425622 dB
	 $y_{8,47,48}$ = 43.85343654513514 dB
	 $y_{8,47,49}$ = 19.441227384285654 dB
	 $y_{8,47,56}$ = 26.251692122420692 dB
	 $y_{8,47,64}$ = 11.689872240113402 dB
	 $y_{8,47,76}$ = 11.957615726138982 dB
	 $y_{8,47,86}$ = 5.7949744117755415 dB
	 $y_{8,47,87}$ = 5.162887558426291 dB
	 $y_{8,47,29}$ = 21.56627673601207 dB
	 $y_{8,47,55}$ = 19.879317165720565 dB
	 $y_{8,47,57}$ = 36.9096165021584 dB
	 $y_{8,47,74}$ = 11.887432563828739 dB
	 $y_{8,47,33}$ = 10.655462132189939 dB
	 $y_{8,47,35}$ = 20.54422964177043 dB
	 $y_{8,47,44}$ = 6.142961603089674 dB
	 $y_{8,47,47}$ = 84.06082009347054 dB
		SNR medio:  12.902065198881663
		Usuarios totais: 40
$x_{8,66}$
	 $y_{8,66,99}$ = 10.061475640360925 dB
	 $y_{8,66,8}$ = 10.819543532872444 dB
		SNR medio:  6.960339724411123
		Usuarios totais: 3
$x_{8,84}$
	 $y_{8,84,70}$ = 7.079518559008733 dB
	 $y_{8,84,81}$ = 12.080746945047224 dB
	 $y_{8,84,92}$ = 11.049825293071763 dB
	 $y_{8,84,97}$ = 8.60892704567911 dB
	 $y_{8,84,85}$ = 30.030274157760886 dB
	 $y_{8,84,89}$ = 8.897606760112723 dB
	 $y_{8,84,98}$ = 9.052890863176344 dB
	 $y_{8,84,95}$ = 20.80845602901276 dB
	 $y_{8,84,45}$ = 6.210357361243837 dB
	 $y_{8,84,75}$ = 24.718496835978982 dB
		SNR medio:  7.696505547227354
		Usuarios totais: 18
Distances:
16 : 22 = 1649.2422502470642
16 : 47 = 1264.9110640673518
16 : 66 = 2000.0
16 : 84 = 2912.043955712207
22 : 47 = 2154.0659228538016
22 : 66 = 2262.741699796952
22 : 84 = 2529.8221281347037
47 : 66 = 894.4271909999159
47 : 84 = 2000.0
66 : 84 = 1131.370849898476
t=9
Antennas: [16 22 47 66 84]
Users: [ 0  1  2  5  6  7  8 11 12 13 15 17 22 24 25 26 28 31 32 35 37 38 43 45
 47 48 49 50 51 53 54 56 58 59 62 63 65 67 69 70 72 73 74 77 78 87 89 90
 93]
MinSINR:  3.1622776601683795
$x_{9,16}$
	 $y_{9,16,8}$ = 24.4334934670468 dB
		SNR medio:  24.4334934670468
		Usuarios totais: 1
$x_{9,22}$
	 $y_{9,22,0}$ = 15.375364923628865 dB
	 $y_{9,22,2}$ = 24.316132080450075 dB
	 $y_{9,22,1}$ = 19.865674538912316 dB
	 $y_{9,22,11}$ = 29.685673869048642 dB
	 $y_{9,22,12}$ = 26.22928520217536 dB
	 $y_{9,22,13}$ = 24.342461718209208 dB
	 $y_{9,22,22}$ = 91.22696134298263 dB
	 $y_{9,22,31}$ = 26.796677810450504 dB
	 $y_{9,22,32}$ = 34.21067213597813 dB
	 $y_{9,22,50}$ = 10.392396372114504 dB
	 $y_{9,22,51}$ = 8.584084083197041 dB
	 $y_{9,22,6}$ = 5.596426748330117 dB
	 $y_{9,22,15}$ = 13.123746400523146 dB
	 $y_{9,22,24}$ = 18.561381582555768 dB
	 $y_{9,22,62}$ = 13.757853786479913 dB
	 $y_{9,22,73}$ = 8.650350031885864 dB
	 $y_{9,22,5}$ = 5.70458354205158 dB
	 $y_{9,22,25}$ = 7.490016465427601 dB
	 $y_{9,22,26}$ = 8.005273152719894 dB
	 $y_{9,22,53}$ = 9.514158900069958 dB
	 $y_{9,22,63}$ = 6.493722922818421 dB
	 $y_{9,22,74}$ = 5.0632890930049825 dB
	 $y_{9,22,35}$ = 11.216674845634657 dB
	 $y_{9,22,43}$ = 16.7690934469927 dB
	 $y_{9,22,45}$ = 10.515664242319502 dB
		SNR medio:  11.576605621486188
		Usuarios totais: 39
$x_{9,47}$
	 $y_{9,47,59}$ = 16.616680682534167 dB
	 $y_{9,47,7}$ = 11.97698918105749 dB
	 $y_{9,47,17}$ = 10.063846366053014 dB
	 $y_{9,47,28}$ = 11.502809296047872 dB
	 $y_{9,47,67}$ = 20.48250295761551 dB
	 $y_{9,47,69}$ = 20.51147350987931 dB
	 $y_{9,47,78}$ = 12.800294744806152 dB
	 $y_{9,47,37}$ = 34.21346264936746 dB
	 $y_{9,47,38}$ = 23.544724870095834 dB
	 $y_{9,47,48}$ = 43.85343654513514 dB
	 $y_{9,47,49}$ = 19.441227384285654 dB
	 $y_{9,47,56}$ = 26.251692122420692 dB
	 $y_{9,47,58}$ = 22.573449597583846 dB
	 $y_{9,47,87}$ = 5.162887558426291 dB
	 $y_{9,47,54}$ = 12.941367044082028 dB
	 $y_{9,47,65}$ = 19.18721811257491 dB
	 $y_{9,47,47}$ = 84.06082009347054 dB
		SNR medio:  14.636477137608738
		Usuarios totais: 27
$x_{9,66}$
		Usuarios totais: 0
$x_{9,84}$
	 $y_{9,84,70}$ = 7.079518559008733 dB
	 $y_{9,84,72}$ = 19.11988615425942 dB
	 $y_{9,84,90}$ = 6.9194989367380515 dB
	 $y_{9,84,77}$ = 13.310162036256386 dB
	 $y_{9,84,89}$ = 8.897606760112723 dB
	 $y_{9,84,93}$ = 29.346866636655378 dB
		SNR medio:  14.112256513838448
		Usuarios totais: 6
Distances:
16 : 22 = 1649.2422502470642
16 : 47 = 1264.9110640673518
16 : 66 = 2000.0
16 : 84 = 2912.043955712207
22 : 47 = 2154.0659228538016
22 : 66 = 2262.741699796952
22 : 84 = 2529.8221281347037
47 : 66 = 894.4271909999159
47 : 84 = 2000.0
66 : 84 = 1131.370849898476
t=10
Antennas: [16 22 47 66 84]
Users: [ 4  5  8  9 11 18 21 25 28 30 35 37 38 39 42 50 51 54 56 58 60 64 65 68
 69 72 76 77 79 81 89 90 92 93 94 96 98]
MinSINR:  3.1622776601683795
$x_{10,16}$
	 $y_{10,16,8}$ = 24.4334934670468 dB
	 $y_{10,16,9}$ = 6.893786875792841 dB
	 $y_{10,16,11}$ = 7.88837762968852 dB
	 $y_{10,16,21}$ = 9.510610708822327 dB
	 $y_{10,16,28}$ = 14.709298511344016 dB
	 $y_{10,16,4}$ = 13.774659557108663 dB
	 $y_{10,16,18}$ = 17.763791318271316 dB
	 $y_{10,16,37}$ = 12.761167765375816 dB
	 $y_{10,16,38}$ = 13.339519826637911 dB
	 $y_{10,16,39}$ = 10.31708541692052 dB
	 $y_{10,16,58}$ = 8.172399578379952 dB
	 $y_{10,16,5}$ = 21.311177357954136 dB
	 $y_{10,16,25}$ = 29.04641965959307 dB
	 $y_{10,16,42}$ = 9.01142339330937 dB
		SNR medio:  12.43332569164033
		Usuarios totais: 16
$x_{10,22}$
	 $y_{10,22,30}$ = 21.253912088616133 dB
		SNR medio:  21.253912088616133
		Usuarios totais: 1
$x_{10,47}$
	 $y_{10,47,69}$ = 20.51147350987931 dB
	 $y_{10,47,79}$ = 5.74387986586089 dB
		SNR medio:  13.1276766878701
		Usuarios totais: 2
$x_{10,66}$
		Usuarios totais: 0
$x_{10,84}$
	 $y_{10,84,72}$ = 19.11988615425942 dB
	 $y_{10,84,81}$ = 12.080746945047224 dB
	 $y_{10,84,90}$ = 6.9194989367380515 dB
	 $y_{10,84,92}$ = 11.049825293071763 dB
	 $y_{10,84,94}$ = 29.742829397172486 dB
	 $y_{10,84,50}$ = 8.851726708585943 dB
	 $y_{10,84,51}$ = 10.672673068470147 dB
	 $y_{10,84,77}$ = 13.310162036256386 dB
	 $y_{10,84,89}$ = 8.897606760112723 dB
	 $y_{10,84,93}$ = 29.346866636655378 dB
	 $y_{10,84,96}$ = 13.98258727645512 dB
	 $y_{10,84,98}$ = 9.052890863176344 dB
	 $y_{10,84,56}$ = 13.93433670946925 dB
	 $y_{10,84,60}$ = 11.25438658494754 dB
	 $y_{10,84,64}$ = 12.464581913492111 dB
	 $y_{10,84,68}$ = 5.347315862591586 dB
	 $y_{10,84,76}$ = 10.546846106420617 dB
	 $y_{10,84,54}$ = 14.539724381023206 dB
	 $y_{10,84,65}$ = 20.142933911733692 dB
	 $y_{10,84,35}$ = 5.832240866806215 dB
		SNR medio:  12.140439382385692
		Usuarios totais: 22
Distances:
16 : 22 = 1649.2422502470642
16 : 47 = 1264.9110640673518
16 : 66 = 2000.0
16 : 84 = 2912.043955712207
22 : 47 = 2154.0659228538016
22 : 66 = 2262.741699796952
22 : 84 = 2529.8221281347037
47 : 66 = 894.4271909999159
47 : 84 = 2000.0
66 : 84 = 1131.370849898476
t=11
Antennas: [16 22 47 66 84]
Users: [14 17 22 24 25 31 42 57 63 66 69]
MinSINR:  3.1622776601683795
$x_{11,16}$
	 $y_{11,16,17}$ = 27.595768527329213 dB
		SNR medio:  27.595768527329213
		Usuarios totais: 1
$x_{11,22}$
	 $y_{11,22,22}$ = 91.22696134298263 dB
	 $y_{11,22,31}$ = 26.796677810450504 dB
	 $y_{11,22,14}$ = 15.117393744942873 dB
	 $y_{11,22,24}$ = 18.561381582555768 dB
	 $y_{11,22,25}$ = 7.490016465427601 dB
	 $y_{11,22,42}$ = 12.874317458569578 dB
	 $y_{11,22,63}$ = 6.493722922818421 dB
		SNR medio:  22.320058915968424
		Usuarios totais: 8
$x_{11,47}$
	 $y_{11,47,69}$ = 20.51147350987931 dB
	 $y_{11,47,57}$ = 36.9096165021584 dB
		SNR medio:  28.710545006018855
		Usuarios totais: 2
$x_{11,66}$
	 $y_{11,66,66}$ = 92.04007400649367 dB
		SNR medio:  92.04007400649367
		Usuarios totais: 1
$x_{11,84}$
		Usuarios totais: 0
Distances:
16 : 22 = 1649.2422502470642
16 : 47 = 1264.9110640673518
16 : 66 = 2000.0
16 : 84 = 2912.043955712207
22 : 47 = 2154.0659228538016
22 : 66 = 2262.741699796952
22 : 84 = 2529.8221281347037
47 : 66 = 894.4271909999159
47 : 84 = 2000.0
66 : 84 = 1131.370849898476
--- Done after 0.17441567765341864 hours. ---
