-------------Calculating Solution (this may take a while)
+++++++++++++++++++Min Sinr: 15 dB (single)
+++++++++++++++++++With backhaul constraint. Start: 2022-11-12 15:27:40

Parameters:
- chosen seed 7
- Map with 100 sectors
- Map 4000 x 4000 m
- Sector has a side of 400 m
- Max time:  12
- users_t_m:  [[0, 0, 0, 0, 0, 0, 0, 0, 0, 0, 0, 0, 0, 0, 0, 0, 0, 0, 0, 0, 0, 0, 2, 7, 18, 0, 0, 0, 0, 0, 0, 0, 0, 1, 0, 0, 0, 0, 0, 0, 0, 0, 0, 0, 0, 0, 0, 0, 0, 0, 0, 0, 0, 0, 0, 0, 0, 0, 0, 0, 0, 0, 0, 0, 0, 0, 0, 0, 0, 0, 0, 0, 0, 0, 0, 0, 0, 0, 0, 0, 0, 0, 0, 0, 0, 0, 0, 0, 0, 0, 0, 0, 0, 0, 0, 0, 0, 0, 0, 0], [0, 1, 0, 1, 1, 0, 0, 0, 0, 1, 1, 0, 2, 0, 0, 0, 0, 0, 0, 0, 1, 1, 2, 3, 19, 0, 0, 0, 0, 0, 0, 0, 1, 4, 0, 0, 0, 0, 1, 1, 0, 0, 0, 1, 0, 1, 0, 1, 0, 0, 0, 0, 0, 0, 0, 1, 0, 0, 1, 0, 1, 0, 0, 0, 1, 0, 0, 1, 1, 0, 0, 0, 1, 0, 0, 0, 0, 1, 0, 0, 1, 0, 0, 1, 0, 0, 0, 1, 0, 0, 0, 1, 0, 0, 0, 0, 0, 1, 0, 0], [0, 2, 0, 0, 0, 0, 1, 1, 0, 1, 0, 0, 0, 0, 1, 0, 1, 0, 0, 0, 0, 0, 3, 2, 30, 0, 0, 1, 3, 2, 0, 1, 0, 1, 0, 0, 1, 1, 0, 1, 1, 0, 2, 0, 0, 1, 0, 1, 1, 0, 0, 2, 0, 2, 2, 1, 0, 0, 0, 0, 1, 1, 0, 1, 0, 0, 0, 1, 2, 0, 1, 0, 1, 2, 0, 1, 0, 1, 1, 0, 0, 0, 0, 1, 0, 0, 2, 1, 1, 1, 1, 0, 2, 0, 1, 0, 0, 0, 2, 0], [0, 2, 0, 2, 1, 1, 1, 1, 1, 2, 2, 2, 1, 1, 2, 1, 0, 2, 0, 1, 1, 1, 2, 3, 26, 1, 1, 1, 1, 0, 0, 1, 1, 1, 0, 3, 1, 1, 0, 1, 1, 0, 3, 0, 0, 0, 3, 1, 1, 1, 0, 1, 2, 0, 1, 2, 0, 0, 2, 0, 0, 1, 0, 4, 2, 0, 0, 0, 0, 1, 2, 1, 1, 1, 1, 4, 1, 3, 0, 1, 0, 0, 0, 0, 1, 0, 0, 1, 1, 2, 0, 0, 3, 0, 0, 1, 0, 2, 0, 1], [2, 0, 0, 3, 0, 2, 5, 1, 0, 2, 3, 0, 0, 2, 1, 0, 1, 0, 3, 2, 0, 3, 1, 2, 24, 1, 0, 2, 0, 1, 1, 0, 1, 5, 1, 1, 1, 2, 2, 0, 2, 3, 1, 0, 0, 1, 3, 1, 3, 0, 2, 2, 2, 2, 1, 0, 3, 1, 1, 0, 0, 1, 1, 0, 1, 1, 0, 1, 1, 1, 2, 1, 2, 0, 1, 1, 1, 2, 1, 3, 1, 1, 2, 2, 1, 1, 0, 1, 2, 1, 3, 3, 2, 2, 0, 1, 0, 3, 0, 1], [1, 3, 3, 2, 3, 0, 1, 2, 0, 2, 0, 2, 1, 5, 2, 2, 0, 1, 3, 2, 2, 1, 0, 1, 29, 0, 0, 0, 1, 1, 1, 1, 2, 1, 4, 1, 1, 1, 3, 2, 2, 3, 1, 2, 1, 1, 1, 2, 0, 4, 1, 4, 1, 0, 0, 1, 1, 1, 1, 1, 1, 2, 0, 2, 1, 1, 0, 2, 0, 2, 3, 2, 0, 1, 7, 0, 3, 4, 0, 0, 1, 3, 0, 3, 0, 3, 2, 1, 2, 0, 2, 4, 1, 3, 5, 0, 2, 6, 0, 0], [1, 2, 0, 4, 1, 1, 1, 0, 0, 2, 1, 4, 5, 3, 0, 2, 1, 1, 0, 1, 5, 0, 1, 1, 3, 0, 2, 2, 1, 2, 1, 2, 1, 0, 4, 1, 2, 0, 0, 3, 2, 0, 1, 1, 3, 2, 4, 2, 2, 5, 1, 2, 0, 2, 1, 2, 1, 1, 0, 1, 2, 1, 1, 1, 2, 1, 2, 1, 3, 0, 3, 2, 2, 5, 3, 0, 2, 2, 0, 3, 1, 2, 0, 0, 0, 2, 2, 0, 4, 2, 2, 2, 1, 2, 1, 0, 0, 1, 1, 2], [1, 0, 1, 1, 0, 0, 0, 1, 1, 1, 0, 2, 1, 0, 1, 0, 2, 0, 1, 1, 2, 0, 0, 1, 1, 3, 2, 1, 1, 3, 0, 2, 1, 1, 1, 1, 3, 1, 0, 1, 2, 3, 1, 2, 1, 0, 0, 1, 0, 1, 4, 2, 5, 2, 3, 2, 1, 3, 1, 0, 1, 2, 0, 0, 0, 1, 2, 1, 1, 0, 3, 1, 1, 2, 1, 0, 1, 2, 2, 1, 1, 1, 2, 2, 2, 0, 3, 2, 1, 0, 1, 1, 3, 3, 1, 2, 2, 1, 2, 1], [0, 0, 0, 1, 3, 0, 0, 0, 1, 2, 1, 2, 1, 1, 0, 0, 1, 2, 1, 1, 1, 3, 0, 0, 1, 1, 0, 0, 3, 1, 2, 2, 0, 1, 3, 2, 0, 1, 0, 1, 2, 2, 2, 0, 1, 3, 0, 2, 1, 1, 0, 1, 2, 2, 0, 1, 1, 2, 0, 1, 0, 2, 0, 2, 4, 0, 0, 1, 0, 1, 1, 0, 0, 1, 3, 2, 1, 0, 1, 1, 0, 1, 0, 2, 0, 2, 1, 2, 0, 2, 0, 0, 1, 0, 0, 2, 0, 2, 2, 2], [1, 3, 2, 0, 0, 3, 3, 1, 1, 0, 0, 1, 1, 1, 0, 1, 0, 2, 0, 0, 0, 0, 2, 0, 1, 1, 1, 0, 2, 0, 0, 2, 1, 0, 0, 1, 0, 1, 2, 0, 0, 0, 0, 2, 0, 3, 0, 2, 4, 1, 1, 1, 0, 1, 1, 0, 1, 0, 1, 3, 0, 0, 2, 1, 0, 1, 0, 1, 0, 1, 1, 0, 1, 1, 2, 0, 0, 1, 2, 0, 0, 0, 0, 0, 0, 0, 0, 1, 0, 1, 1, 0, 0, 1, 0, 0, 0, 0, 0, 0], [0, 0, 0, 0, 2, 1, 0, 0, 1, 2, 0, 1, 0, 0, 0, 0, 0, 0, 1, 0, 0, 1, 0, 0, 0, 1, 0, 0, 1, 0, 1, 0, 0, 0, 0, 1, 0, 1, 1, 1, 0, 0, 1, 0, 0, 0, 0, 0, 0, 0, 1, 1, 0, 0, 1, 0, 1, 0, 1, 0, 1, 0, 0, 0, 1, 1, 0, 0, 1, 1, 0, 0, 2, 0, 0, 0, 1, 1, 0, 1, 0, 1, 0, 0, 0, 0, 0, 0, 0, 1, 1, 0, 1, 2, 1, 0, 1, 0, 1, 0], [0, 0, 0, 0, 0, 0, 0, 0, 0, 0, 0, 0, 0, 0, 1, 0, 0, 1, 0, 0, 0, 0, 1, 0, 1, 1, 0, 0, 0, 0, 0, 2, 0, 0, 0, 0, 0, 0, 0, 0, 0, 0, 1, 0, 0, 0, 0, 0, 0, 0, 0, 0, 0, 0, 0, 0, 0, 1, 0, 0, 0, 0, 0, 1, 0, 0, 1, 0, 0, 1, 0, 0, 0, 0, 0, 0, 0, 0, 0, 0, 0, 0, 0, 0, 0, 0, 0, 0, 0, 0, 0, 0, 0, 0, 0, 0, 0, 0, 0, 0]]
MAX_USER_PER_ANTENNAS_m:  [60, 60, 60, 60, 60, 60, 60, 60, 60, 60, 60, 60, 60, 60, 60, 60, 60, 60, 60, 60, 60, 60, 60, 60, 60, 60, 60, 60, 60, 60, 60, 60, 60, 60, 60, 60, 60, 60, 60, 60, 60, 60, 60, 60, 60, 60, 60, 60, 60, 60, 60, 60, 60, 60, 60, 60, 60, 60, 60, 60, 60, 60, 60, 60, 60, 60, 60, 60, 60, 60, 60, 60, 60, 60, 60, 60, 60, 60, 60, 60, 60, 60, 60, 60, 60, 60, 60, 60, 60, 60, 60, 60, 60, 60, 60, 60, 60, 60, 60, 60]
antennas_map_m:  [1, 1, 1, 1, 1, 1, 1, 1, 1, 1, 1, 1, 1, 1, 1, 1, 1, 1, 1, 1, 1, 1, 1, 1, 1, 1, 1, 1, 1, 1, 1, 1, 1, 1, 1, 1, 1, 1, 1, 1, 1, 1, 1, 1, 1, 1, 1, 1, 1, 1, 1, 1, 1, 1, 1, 1, 1, 1, 1, 1, 1, 1, 1, 1, 1, 1, 1, 1, 1, 1, 1, 1, 1, 1, 1, 1, 1, 1, 1, 1, 1, 1, 1, 1, 1, 1, 1, 1, 1, 1, 1, 1, 1, 1, 1, 1, 1, 1, 1, 1]
FIRST_ANTENNA:  22
MIN_SNR_m:  [31.622776601683793, 31.622776601683793, 31.622776601683793, 31.622776601683793, 31.622776601683793, 31.622776601683793, 31.622776601683793, 31.622776601683793, 31.622776601683793, 31.622776601683793, 31.622776601683793, 31.622776601683793, 31.622776601683793, 31.622776601683793, 31.622776601683793, 31.622776601683793, 31.622776601683793, 31.622776601683793, 31.622776601683793, 31.622776601683793, 31.622776601683793, 31.622776601683793, 31.622776601683793, 31.622776601683793, 31.622776601683793, 31.622776601683793, 31.622776601683793, 31.622776601683793, 31.622776601683793, 31.622776601683793, 31.622776601683793, 31.622776601683793, 31.622776601683793, 31.622776601683793, 31.622776601683793, 31.622776601683793, 31.622776601683793, 31.622776601683793, 31.622776601683793, 31.622776601683793, 31.622776601683793, 31.622776601683793, 31.622776601683793, 31.622776601683793, 31.622776601683793, 31.622776601683793, 31.622776601683793, 31.622776601683793, 31.622776601683793, 31.622776601683793, 31.622776601683793, 31.622776601683793, 31.622776601683793, 31.622776601683793, 31.622776601683793, 31.622776601683793, 31.622776601683793, 31.622776601683793, 31.622776601683793, 31.622776601683793, 31.622776601683793, 31.622776601683793, 31.622776601683793, 31.622776601683793, 31.622776601683793, 31.622776601683793, 31.622776601683793, 31.622776601683793, 31.622776601683793, 31.622776601683793, 31.622776601683793, 31.622776601683793, 31.622776601683793, 31.622776601683793, 31.622776601683793, 31.622776601683793, 31.622776601683793, 31.622776601683793, 31.622776601683793, 31.622776601683793, 31.622776601683793, 31.622776601683793, 31.622776601683793, 31.622776601683793, 31.622776601683793, 31.622776601683793, 31.622776601683793, 31.622776601683793, 31.622776601683793, 31.622776601683793, 31.622776601683793, 31.622776601683793, 31.622776601683793, 31.622776601683793, 31.622776601683793, 31.622776601683793, 31.622776601683793, 31.622776601683793, 31.622776601683793, 31.622776601683793]
-MIN_DIST:  2000
- disaster percentage:  0
- valid_time:  0
1.0

Média de carros: 1.0
t=0
$x_{22}$
	 $y_{22,22}$ = 91.22696134298263 dB
	 $y_{22,23}$ = 28.749955251169098 dB
	 $y_{22,24}$ = 18.561381582555768 dB
	 $y_{22,33}$ = 27.655465208510506 dB
		SNR medio: 85.20636602821588
		Usuarios totais: 28
t=1
$x_{22}$
	 $y_{1,22,1}$ = 19.865674538912316 dB
	 $y_{1,22,3}$ = 17.241310992884152 dB
	 $y_{1,22,4}$ = 14.392064438912485 dB
	 $y_{1,22,9}$ = 0.4400880029601239 dB
	 $y_{1,22,10}$ = 15.559718945142066 dB
	 $y_{1,22,12}$ = 26.22928520217536 dB
	 $y_{1,22,20}$ = 9.523376550977872 dB
	 $y_{1,22,21}$ = 35.820272638720056 dB
	 $y_{1,22,22}$ = 91.22696134298263 dB
	 $y_{1,22,23}$ = 28.749955251169098 dB
	 $y_{1,22,24}$ = 18.561381582555768 dB
	 $y_{1,22,32}$ = 34.21067213597813 dB
	 $y_{1,22,33}$ = 27.655465208510506 dB
	 $y_{1,22,38}$ = 4.051530838479579 dB
	 $y_{1,22,39}$ = -11.51993487678962 dB
	 $y_{1,22,43}$ = 16.7690934469927 dB
	 $y_{1,22,45}$ = 10.515664242319502 dB
	 $y_{1,22,47}$ = 6.3833970425696975 dB
	 $y_{1,22,55}$ = -2.242601961076218 dB
	 $y_{1,22,58}$ = -3.586762302536556 dB
	 $y_{1,22,60}$ = 8.237727440323681 dB
	 $y_{1,22,64}$ = 4.235295178431841 dB
	 $y_{1,22,67}$ = -1.4134435770397713 dB
	 $y_{1,22,68}$ = -6.81400128595763 dB
	 $y_{1,22,72}$ = 1.7604767197000084 dB
	 $y_{1,22,77}$ = 4.2148771794906565 dB
	 $y_{1,22,80}$ = 3.557034836880888 dB
	 $y_{1,22,83}$ = 8.123910858279515 dB
	 $y_{1,22,87}$ = -1.0882242762394294 dB
	 $y_{1,22,91}$ = -5.693654938018483 dB
	 $y_{1,22,97}$ = -13.423631213124054 dB
		SNR medio: 76.31337254560313
		Usuarios totais: 56
t=2
$x_{22}$
	 $y_{2,22,1}$ = 19.865674538912316 dB
	 $y_{2,22,6}$ = 5.596426748330117 dB
	 $y_{2,22,7}$ = 4.953129414120781 dB
	 $y_{2,22,9}$ = 0.4400880029601239 dB
	 $y_{2,22,14}$ = 15.117393744942873 dB
	 $y_{2,22,16}$ = 5.410474122297671 dB
	 $y_{2,22,22}$ = 91.22696134298263 dB
	 $y_{2,22,23}$ = 28.749955251169098 dB
	 $y_{2,22,24}$ = 18.561381582555768 dB
	 $y_{2,22,27}$ = 3.5998162712164676 dB
	 $y_{2,22,28}$ = -3.0566723138995684 dB
	 $y_{2,22,29}$ = -5.178294116001808 dB
	 $y_{2,22,31}$ = 26.796677810450504 dB
	 $y_{2,22,33}$ = 27.655465208510506 dB
	 $y_{2,22,36}$ = 9.454807551281633 dB
	 $y_{2,22,37}$ = -3.273039550710564 dB
	 $y_{2,22,39}$ = -11.51993487678962 dB
	 $y_{2,22,40}$ = 6.37696524016377 dB
	 $y_{2,22,42}$ = 12.874317458569578 dB
	 $y_{2,22,45}$ = 10.515664242319502 dB
	 $y_{2,22,47}$ = 6.3833970425696975 dB
	 $y_{2,22,48}$ = -3.657637597475315 dB
		SNR medio: 77.80274133103075
		Usuarios totais: 59
t=3
$x_{22}$
	 $y_{3,22,1}$ = 19.865674538912316 dB
	 $y_{3,22,3}$ = 17.241310992884152 dB
	 $y_{3,22,4}$ = 14.392064438912485 dB
	 $y_{3,22,5}$ = 5.70458354205158 dB
	 $y_{3,22,6}$ = 5.596426748330117 dB
	 $y_{3,22,7}$ = 4.953129414120781 dB
	 $y_{3,22,8}$ = -1.2905207084461097 dB
	 $y_{3,22,9}$ = 0.4400880029601239 dB
	 $y_{3,22,10}$ = 15.559718945142066 dB
	 $y_{3,22,11}$ = 29.685673869048642 dB
	 $y_{3,22,12}$ = 26.22928520217536 dB
	 $y_{3,22,13}$ = 24.342461718209208 dB
	 $y_{3,22,14}$ = 15.117393744942873 dB
	 $y_{3,22,15}$ = 13.123746400523146 dB
	 $y_{3,22,17}$ = 2.7136139634216927 dB
	 $y_{3,22,19}$ = -7.079491357575421 dB
	 $y_{3,22,20}$ = 9.523376550977872 dB
	 $y_{3,22,21}$ = 35.820272638720056 dB
	 $y_{3,22,22}$ = 91.22696134298263 dB
	 $y_{3,22,23}$ = 28.749955251169098 dB
	 $y_{3,22,24}$ = 18.561381582555768 dB
	 $y_{3,22,25}$ = 7.490016465427601 dB
	 $y_{3,22,26}$ = 8.005273152719894 dB
	 $y_{3,22,27}$ = 3.5998162712164676 dB
		SNR medio: 77.42487042673261
		Usuarios totais: 59
t=4
$x_{22}$
	 $y_{4,22,0}$ = 15.375364923628865 dB
	 $y_{4,22,3}$ = 17.241310992884152 dB
	 $y_{4,22,5}$ = 5.70458354205158 dB
	 $y_{4,22,6}$ = 5.596426748330117 dB
	 $y_{4,22,7}$ = 4.953129414120781 dB
	 $y_{4,22,9}$ = 0.4400880029601239 dB
	 $y_{4,22,10}$ = 15.559718945142066 dB
	 $y_{4,22,13}$ = 24.342461718209208 dB
	 $y_{4,22,14}$ = 15.117393744942873 dB
	 $y_{4,22,16}$ = 5.410474122297671 dB
	 $y_{4,22,18}$ = -1.6857863620940634 dB
	 $y_{4,22,19}$ = -7.079491357575421 dB
	 $y_{4,22,21}$ = 35.820272638720056 dB
	 $y_{4,22,22}$ = 91.22696134298263 dB
	 $y_{4,22,23}$ = 28.749955251169098 dB
	 $y_{4,22,24}$ = 18.561381582555768 dB
	 $y_{4,22,25}$ = 7.490016465427601 dB
	 $y_{4,22,29}$ = -5.178294116001808 dB
		SNR medio: 78.67425296000972
		Usuarios totais: 59
t=5
$x_{22}$
	 $y_{5,22,0}$ = 15.375364923628865 dB
	 $y_{5,22,1}$ = 19.865674538912316 dB
	 $y_{5,22,2}$ = 24.316132080450075 dB
	 $y_{5,22,3}$ = 17.241310992884152 dB
	 $y_{5,22,4}$ = 14.392064438912485 dB
	 $y_{5,22,6}$ = 5.596426748330117 dB
	 $y_{5,22,7}$ = 4.953129414120781 dB
	 $y_{5,22,9}$ = 0.4400880029601239 dB
	 $y_{5,22,11}$ = 29.685673869048642 dB
	 $y_{5,22,12}$ = 26.22928520217536 dB
	 $y_{5,22,13}$ = 24.342461718209208 dB
	 $y_{5,22,14}$ = 15.117393744942873 dB
	 $y_{5,22,15}$ = 13.123746400523146 dB
	 $y_{5,22,17}$ = 2.7136139634216927 dB
	 $y_{5,22,18}$ = -1.6857863620940634 dB
	 $y_{5,22,19}$ = -7.079491357575421 dB
	 $y_{5,22,20}$ = 9.523376550977872 dB
	 $y_{5,22,21}$ = 35.820272638720056 dB
	 $y_{5,22,23}$ = 28.749955251169098 dB
	 $y_{5,22,28}$ = -3.0566723138995684 dB
	 $y_{5,22,29}$ = -5.178294116001808 dB
	 $y_{5,22,30}$ = 21.253912088616133 dB
	 $y_{5,22,31}$ = 26.796677810450504 dB
	 $y_{5,22,32}$ = 34.21067213597813 dB
	 $y_{5,22,33}$ = 27.655465208510506 dB
	 $y_{5,22,34}$ = 21.948298676959894 dB
	 $y_{5,22,35}$ = 11.216674845634657 dB
	 $y_{5,22,36}$ = 9.454807551281633 dB
	 $y_{5,22,37}$ = -3.273039550710564 dB
	 $y_{5,22,38}$ = 4.051530838479579 dB
	 $y_{5,22,39}$ = -11.51993487678962 dB
	 $y_{5,22,42}$ = 12.874317458569578 dB
		SNR medio: 25.27433615530142
		Usuarios totais: 59
t=6
$x_{22}$
	 $y_{6,22,0}$ = 15.375364923628865 dB
	 $y_{6,22,1}$ = 19.865674538912316 dB
	 $y_{6,22,3}$ = 17.241310992884152 dB
	 $y_{6,22,4}$ = 14.392064438912485 dB
	 $y_{6,22,5}$ = 5.70458354205158 dB
	 $y_{6,22,6}$ = 5.596426748330117 dB
	 $y_{6,22,9}$ = 0.4400880029601239 dB
	 $y_{6,22,10}$ = 15.559718945142066 dB
	 $y_{6,22,11}$ = 29.685673869048642 dB
	 $y_{6,22,12}$ = 26.22928520217536 dB
	 $y_{6,22,13}$ = 24.342461718209208 dB
	 $y_{6,22,15}$ = 13.123746400523146 dB
	 $y_{6,22,16}$ = 5.410474122297671 dB
	 $y_{6,22,17}$ = 2.7136139634216927 dB
	 $y_{6,22,19}$ = -7.079491357575421 dB
	 $y_{6,22,20}$ = 9.523376550977872 dB
	 $y_{6,22,22}$ = 91.22696134298263 dB
	 $y_{6,22,23}$ = 28.749955251169098 dB
	 $y_{6,22,24}$ = 18.561381582555768 dB
	 $y_{6,22,26}$ = 8.005273152719894 dB
	 $y_{6,22,27}$ = 3.5998162712164676 dB
	 $y_{6,22,28}$ = -3.0566723138995684 dB
	 $y_{6,22,29}$ = -5.178294116001808 dB
	 $y_{6,22,30}$ = 21.253912088616133 dB
	 $y_{6,22,31}$ = 26.796677810450504 dB
	 $y_{6,22,32}$ = 34.21067213597813 dB
	 $y_{6,22,34}$ = 21.948298676959894 dB
	 $y_{6,22,35}$ = 11.216674845634657 dB
	 $y_{6,22,36}$ = 9.454807551281633 dB
	 $y_{6,22,42}$ = 12.874317458569578 dB
		SNR medio: 76.45576906437799
		Usuarios totais: 59
t=7
$x_{22}$
	 $y_{7,22,0}$ = 15.375364923628865 dB
	 $y_{7,22,2}$ = 24.316132080450075 dB
	 $y_{7,22,3}$ = 17.241310992884152 dB
	 $y_{7,22,7}$ = 4.953129414120781 dB
	 $y_{7,22,8}$ = -1.2905207084461097 dB
	 $y_{7,22,9}$ = 0.4400880029601239 dB
	 $y_{7,22,11}$ = 29.685673869048642 dB
	 $y_{7,22,12}$ = 26.22928520217536 dB
	 $y_{7,22,14}$ = 15.117393744942873 dB
	 $y_{7,22,16}$ = 5.410474122297671 dB
	 $y_{7,22,18}$ = -1.6857863620940634 dB
	 $y_{7,22,19}$ = -7.079491357575421 dB
	 $y_{7,22,20}$ = 9.523376550977872 dB
	 $y_{7,22,23}$ = 28.749955251169098 dB
	 $y_{7,22,24}$ = 18.561381582555768 dB
	 $y_{7,22,25}$ = 7.490016465427601 dB
	 $y_{7,22,26}$ = 8.005273152719894 dB
	 $y_{7,22,27}$ = 3.5998162712164676 dB
	 $y_{7,22,28}$ = -3.0566723138995684 dB
	 $y_{7,22,29}$ = -5.178294116001808 dB
	 $y_{7,22,31}$ = 26.796677810450504 dB
	 $y_{7,22,32}$ = 34.21067213597813 dB
	 $y_{7,22,33}$ = 27.655465208510506 dB
	 $y_{7,22,34}$ = 21.948298676959894 dB
	 $y_{7,22,35}$ = 11.216674845634657 dB
	 $y_{7,22,36}$ = 9.454807551281633 dB
	 $y_{7,22,37}$ = -3.273039550710564 dB
	 $y_{7,22,39}$ = -11.51993487678962 dB
	 $y_{7,22,40}$ = 6.37696524016377 dB
	 $y_{7,22,41}$ = 18.541996756285997 dB
	 $y_{7,22,42}$ = 12.874317458569578 dB
	 $y_{7,22,43}$ = 16.7690934469927 dB
	 $y_{7,22,44}$ = 15.001270192987562 dB
	 $y_{7,22,47}$ = 6.3833970425696975 dB
	 $y_{7,22,49}$ = -3.1081465653309976 dB
	 $y_{7,22,50}$ = 10.392396372114504 dB
	 $y_{7,22,51}$ = 8.584084083197041 dB
	 $y_{7,22,53}$ = 9.514158900069958 dB
	 $y_{7,22,56}$ = 2.767227456342937 dB
		SNR medio: 22.33725785449158
		Usuarios totais: 59
t=8
$x_{22}$
	 $y_{8,22,3}$ = 17.241310992884152 dB
	 $y_{8,22,4}$ = 14.392064438912485 dB
	 $y_{8,22,8}$ = -1.2905207084461097 dB
	 $y_{8,22,9}$ = 0.4400880029601239 dB
	 $y_{8,22,10}$ = 15.559718945142066 dB
	 $y_{8,22,11}$ = 29.685673869048642 dB
	 $y_{8,22,12}$ = 26.22928520217536 dB
	 $y_{8,22,13}$ = 24.342461718209208 dB
	 $y_{8,22,16}$ = 5.410474122297671 dB
	 $y_{8,22,17}$ = 2.7136139634216927 dB
	 $y_{8,22,18}$ = -1.6857863620940634 dB
	 $y_{8,22,19}$ = -7.079491357575421 dB
	 $y_{8,22,20}$ = 9.523376550977872 dB
	 $y_{8,22,21}$ = 35.820272638720056 dB
	 $y_{8,22,24}$ = 18.561381582555768 dB
	 $y_{8,22,25}$ = 7.490016465427601 dB
	 $y_{8,22,28}$ = -3.0566723138995684 dB
	 $y_{8,22,29}$ = -5.178294116001808 dB
	 $y_{8,22,30}$ = 21.253912088616133 dB
	 $y_{8,22,31}$ = 26.796677810450504 dB
	 $y_{8,22,33}$ = 27.655465208510506 dB
	 $y_{8,22,34}$ = 21.948298676959894 dB
	 $y_{8,22,35}$ = 11.216674845634657 dB
	 $y_{8,22,37}$ = -3.273039550710564 dB
	 $y_{8,22,39}$ = -11.51993487678962 dB
	 $y_{8,22,40}$ = 6.37696524016377 dB
	 $y_{8,22,41}$ = 18.541996756285997 dB
	 $y_{8,22,42}$ = 12.874317458569578 dB
	 $y_{8,22,44}$ = 15.001270192987562 dB
	 $y_{8,22,45}$ = 10.515664242319502 dB
	 $y_{8,22,47}$ = 6.3833970425696975 dB
	 $y_{8,22,48}$ = -3.657637597475315 dB
	 $y_{8,22,49}$ = -3.1081465653309976 dB
	 $y_{8,22,51}$ = 8.584084083197041 dB
	 $y_{8,22,52}$ = 13.730259164470283 dB
	 $y_{8,22,53}$ = 9.514158900069958 dB
	 $y_{8,22,55}$ = -2.242601961076218 dB
		SNR medio: 22.89235061437445
		Usuarios totais: 59
t=9
$x_{22}$
	 $y_{9,22,0}$ = 15.375364923628865 dB
	 $y_{9,22,1}$ = 19.865674538912316 dB
	 $y_{9,22,2}$ = 24.316132080450075 dB
	 $y_{9,22,5}$ = 5.70458354205158 dB
	 $y_{9,22,6}$ = 5.596426748330117 dB
	 $y_{9,22,7}$ = 4.953129414120781 dB
	 $y_{9,22,8}$ = -1.2905207084461097 dB
	 $y_{9,22,11}$ = 29.685673869048642 dB
	 $y_{9,22,12}$ = 26.22928520217536 dB
	 $y_{9,22,13}$ = 24.342461718209208 dB
	 $y_{9,22,15}$ = 13.123746400523146 dB
	 $y_{9,22,17}$ = 2.7136139634216927 dB
	 $y_{9,22,22}$ = 91.22696134298263 dB
	 $y_{9,22,24}$ = 18.561381582555768 dB
	 $y_{9,22,25}$ = 7.490016465427601 dB
	 $y_{9,22,26}$ = 8.005273152719894 dB
	 $y_{9,22,28}$ = -3.0566723138995684 dB
	 $y_{9,22,31}$ = 26.796677810450504 dB
	 $y_{9,22,32}$ = 34.21067213597813 dB
	 $y_{9,22,35}$ = 11.216674845634657 dB
	 $y_{9,22,37}$ = -3.273039550710564 dB
	 $y_{9,22,38}$ = 4.051530838479579 dB
	 $y_{9,22,43}$ = 16.7690934469927 dB
	 $y_{9,22,45}$ = 10.515664242319502 dB
	 $y_{9,22,47}$ = 6.3833970425696975 dB
	 $y_{9,22,48}$ = -3.657637597475315 dB
	 $y_{9,22,49}$ = -3.1081465653309976 dB
	 $y_{9,22,50}$ = 10.392396372114504 dB
	 $y_{9,22,51}$ = 8.584084083197041 dB
	 $y_{9,22,53}$ = 9.514158900069958 dB
	 $y_{9,22,54}$ = 4.1798636716714554 dB
	 $y_{9,22,56}$ = 2.767227456342937 dB
	 $y_{9,22,58}$ = -3.586762302536556 dB
	 $y_{9,22,59}$ = -2.0560430650796495 dB
	 $y_{9,22,62}$ = 13.757853786479913 dB
	 $y_{9,22,63}$ = 6.493722922818421 dB
	 $y_{9,22,65}$ = -2.6118523057383527 dB
		SNR medio: 75.54496177518475
		Usuarios totais: 59
t=10
$x_{22}$
	 $y_{10,22,4}$ = 14.392064438912485 dB
	 $y_{10,22,5}$ = 5.70458354205158 dB
	 $y_{10,22,8}$ = -1.2905207084461097 dB
	 $y_{10,22,9}$ = 0.4400880029601239 dB
	 $y_{10,22,11}$ = 29.685673869048642 dB
	 $y_{10,22,18}$ = -1.6857863620940634 dB
	 $y_{10,22,21}$ = 35.820272638720056 dB
	 $y_{10,22,25}$ = 7.490016465427601 dB
	 $y_{10,22,28}$ = -3.0566723138995684 dB
	 $y_{10,22,30}$ = 21.253912088616133 dB
	 $y_{10,22,35}$ = 11.216674845634657 dB
	 $y_{10,22,37}$ = -3.273039550710564 dB
	 $y_{10,22,38}$ = 4.051530838479579 dB
	 $y_{10,22,39}$ = -11.51993487678962 dB
	 $y_{10,22,42}$ = 12.874317458569578 dB
	 $y_{10,22,50}$ = 10.392396372114504 dB
	 $y_{10,22,51}$ = 8.584084083197041 dB
	 $y_{10,22,54}$ = 4.1798636716714554 dB
	 $y_{10,22,56}$ = 2.767227456342937 dB
	 $y_{10,22,58}$ = -3.586762302536556 dB
	 $y_{10,22,60}$ = 8.237727440323681 dB
	 $y_{10,22,64}$ = 4.235295178431841 dB
	 $y_{10,22,65}$ = -2.6118523057383527 dB
	 $y_{10,22,68}$ = -6.81400128595763 dB
	 $y_{10,22,69}$ = -5.040227701955047 dB
	 $y_{10,22,72}$ = 1.7604767197000084 dB
	 $y_{10,22,76}$ = 2.948542291378857 dB
	 $y_{10,22,77}$ = 4.2148771794906565 dB
	 $y_{10,22,79}$ = -10.3596407253373 dB
	 $y_{10,22,81}$ = 0.9437928324032612 dB
	 $y_{10,22,89}$ = -7.954405346371459 dB
	 $y_{10,22,90}$ = -1.4603260022828692 dB
	 $y_{10,22,92}$ = -5.081726173024521 dB
	 $y_{10,22,93}$ = 3.3491512392706118 dB
	 $y_{10,22,94}$ = -4.150504762340049 dB
	 $y_{10,22,96}$ = -6.09754205661045 dB
	 $y_{10,22,98}$ = -5.086379793632318 dB
		SNR medio: 21.311250622736353
		Usuarios totais: 41
t=11
$x_{22}$
	 $y_{11,22,14}$ = 15.117393744942873 dB
	 $y_{11,22,17}$ = 2.7136139634216927 dB
	 $y_{11,22,22}$ = 91.22696134298263 dB
	 $y_{11,22,24}$ = 18.561381582555768 dB
	 $y_{11,22,25}$ = 7.490016465427601 dB
	 $y_{11,22,31}$ = 26.796677810450504 dB
	 $y_{11,22,42}$ = 12.874317458569578 dB
	 $y_{11,22,57}$ = 2.2326544932239183 dB
	 $y_{11,22,63}$ = 6.493722922818421 dB
	 $y_{11,22,66}$ = 7.853230853366284 dB
	 $y_{11,22,69}$ = -5.040227701955047 dB
		SNR medio: 80.81303652775203
		Usuarios totais: 12
Distances:
--- Done after 0.0003927710321214464 hours. ---
