-------------Calculating Solution (this may take a while)
+++++++++++++++++++Min Sinr: 5 dB (fixed)
+++++++++++++++++++With backhaul constraint. Start: 2022-09-08 00:50:00

Parameters:
- chosen seed 7
- Map with 100 sectors
- Map 4000 x 4000 m
- Sector has a side of 400 m
- Max time:  12
- users_t_m:  [[0, 0, 0, 0, 0, 0, 0, 0, 0, 0, 0, 0, 0, 0, 0, 0, 0, 0, 0, 0, 0, 0, 2, 7, 18, 0, 0, 0, 0, 0, 0, 0, 0, 1, 0, 0, 0, 0, 0, 0, 0, 0, 0, 0, 0, 0, 0, 0, 0, 0, 0, 0, 0, 0, 0, 0, 0, 0, 0, 0, 0, 0, 0, 0, 0, 0, 0, 0, 0, 0, 0, 0, 0, 0, 0, 0, 0, 0, 0, 0, 0, 0, 0, 0, 0, 0, 0, 0, 0, 0, 0, 0, 0, 0, 0, 0, 0, 0, 0, 0], [0, 1, 0, 1, 1, 0, 0, 0, 0, 1, 1, 0, 2, 0, 0, 0, 0, 0, 0, 0, 1, 1, 2, 3, 19, 0, 0, 0, 0, 0, 0, 0, 1, 4, 0, 0, 0, 0, 1, 1, 0, 0, 0, 1, 0, 1, 0, 1, 0, 0, 0, 0, 0, 0, 0, 1, 0, 0, 1, 0, 1, 0, 0, 0, 1, 0, 0, 1, 1, 0, 0, 0, 1, 0, 0, 0, 0, 1, 0, 0, 1, 0, 0, 1, 0, 0, 0, 1, 0, 0, 0, 1, 0, 0, 0, 0, 0, 1, 0, 0], [0, 2, 0, 0, 0, 0, 1, 1, 0, 1, 0, 0, 0, 0, 1, 0, 1, 0, 0, 0, 0, 0, 3, 2, 30, 0, 0, 1, 3, 2, 0, 1, 0, 1, 0, 0, 1, 1, 0, 1, 1, 0, 2, 0, 0, 1, 0, 1, 1, 0, 0, 2, 0, 2, 2, 1, 0, 0, 0, 0, 1, 1, 0, 1, 0, 0, 0, 1, 2, 0, 1, 0, 1, 2, 0, 1, 0, 1, 1, 0, 0, 0, 0, 1, 0, 0, 2, 1, 1, 1, 1, 0, 2, 0, 1, 0, 0, 0, 2, 0], [0, 2, 0, 2, 1, 1, 1, 1, 1, 2, 2, 2, 1, 1, 2, 1, 0, 2, 0, 1, 1, 1, 2, 3, 26, 1, 1, 1, 1, 0, 0, 1, 1, 1, 0, 3, 1, 1, 0, 1, 1, 0, 3, 0, 0, 0, 3, 1, 1, 1, 0, 1, 2, 0, 1, 2, 0, 0, 2, 0, 0, 1, 0, 4, 2, 0, 0, 0, 0, 1, 2, 1, 1, 1, 1, 4, 1, 3, 0, 1, 0, 0, 0, 0, 1, 0, 0, 1, 1, 2, 0, 0, 3, 0, 0, 1, 0, 2, 0, 1], [2, 0, 0, 3, 0, 2, 5, 1, 0, 2, 3, 0, 0, 2, 1, 0, 1, 0, 3, 2, 0, 3, 1, 2, 24, 1, 0, 2, 0, 1, 1, 0, 1, 5, 1, 1, 1, 2, 2, 0, 2, 3, 1, 0, 0, 1, 3, 1, 3, 0, 2, 2, 2, 2, 1, 0, 3, 1, 1, 0, 0, 1, 1, 0, 1, 1, 0, 1, 1, 1, 2, 1, 2, 0, 1, 1, 1, 2, 1, 3, 1, 1, 2, 2, 1, 1, 0, 1, 2, 1, 3, 3, 2, 2, 0, 1, 0, 3, 0, 1], [1, 3, 3, 2, 3, 0, 1, 2, 0, 2, 0, 2, 1, 5, 2, 2, 0, 1, 3, 2, 2, 1, 0, 1, 29, 0, 0, 0, 1, 1, 1, 1, 2, 1, 4, 1, 1, 1, 3, 2, 2, 3, 1, 2, 1, 1, 1, 2, 0, 4, 1, 4, 1, 0, 0, 1, 1, 1, 1, 1, 1, 2, 0, 2, 1, 1, 0, 2, 0, 2, 3, 2, 0, 1, 7, 0, 3, 4, 0, 0, 1, 3, 0, 3, 0, 3, 2, 1, 2, 0, 2, 4, 1, 3, 5, 0, 2, 6, 0, 0], [1, 2, 0, 4, 1, 1, 1, 0, 0, 2, 1, 4, 5, 3, 0, 2, 1, 1, 0, 1, 5, 0, 1, 1, 3, 0, 2, 2, 1, 2, 1, 2, 1, 0, 4, 1, 2, 0, 0, 3, 2, 0, 1, 1, 3, 2, 4, 2, 2, 5, 1, 2, 0, 2, 1, 2, 1, 1, 0, 1, 2, 1, 1, 1, 2, 1, 2, 1, 3, 0, 3, 2, 2, 5, 3, 0, 2, 2, 0, 3, 1, 2, 0, 0, 0, 2, 2, 0, 4, 2, 2, 2, 1, 2, 1, 0, 0, 1, 1, 2], [1, 0, 1, 1, 0, 0, 0, 1, 1, 1, 0, 2, 1, 0, 1, 0, 2, 0, 1, 1, 2, 0, 0, 1, 1, 3, 2, 1, 1, 3, 0, 2, 1, 1, 1, 1, 3, 1, 0, 1, 2, 3, 1, 2, 1, 0, 0, 1, 0, 1, 4, 2, 5, 2, 3, 2, 1, 3, 1, 0, 1, 2, 0, 0, 0, 1, 2, 1, 1, 0, 3, 1, 1, 2, 1, 0, 1, 2, 2, 1, 1, 1, 2, 2, 2, 0, 3, 2, 1, 0, 1, 1, 3, 3, 1, 2, 2, 1, 2, 1], [0, 0, 0, 1, 3, 0, 0, 0, 1, 2, 1, 2, 1, 1, 0, 0, 1, 2, 1, 1, 1, 3, 0, 0, 1, 1, 0, 0, 3, 1, 2, 2, 0, 1, 3, 2, 0, 1, 0, 1, 2, 2, 2, 0, 1, 3, 0, 2, 1, 1, 0, 1, 2, 2, 0, 1, 1, 2, 0, 1, 0, 2, 0, 2, 4, 0, 0, 1, 0, 1, 1, 0, 0, 1, 3, 2, 1, 0, 1, 1, 0, 1, 0, 2, 0, 2, 1, 2, 0, 2, 0, 0, 1, 0, 0, 2, 0, 2, 2, 2], [1, 3, 2, 0, 0, 3, 3, 1, 1, 0, 0, 1, 1, 1, 0, 1, 0, 2, 0, 0, 0, 0, 2, 0, 1, 1, 1, 0, 2, 0, 0, 2, 1, 0, 0, 1, 0, 1, 2, 0, 0, 0, 0, 2, 0, 3, 0, 2, 4, 1, 1, 1, 0, 1, 1, 0, 1, 0, 1, 3, 0, 0, 2, 1, 0, 1, 0, 1, 0, 1, 1, 0, 1, 1, 2, 0, 0, 1, 2, 0, 0, 0, 0, 0, 0, 0, 0, 1, 0, 1, 1, 0, 0, 1, 0, 0, 0, 0, 0, 0], [0, 0, 0, 0, 2, 1, 0, 0, 1, 2, 0, 1, 0, 0, 0, 0, 0, 0, 1, 0, 0, 1, 0, 0, 0, 1, 0, 0, 1, 0, 1, 0, 0, 0, 0, 1, 0, 1, 1, 1, 0, 0, 1, 0, 0, 0, 0, 0, 0, 0, 1, 1, 0, 0, 1, 0, 1, 0, 1, 0, 1, 0, 0, 0, 1, 1, 0, 0, 1, 1, 0, 0, 2, 0, 0, 0, 1, 1, 0, 1, 0, 1, 0, 0, 0, 0, 0, 0, 0, 1, 1, 0, 1, 2, 1, 0, 1, 0, 1, 0], [0, 0, 0, 0, 0, 0, 0, 0, 0, 0, 0, 0, 0, 0, 1, 0, 0, 1, 0, 0, 0, 0, 1, 0, 1, 1, 0, 0, 0, 0, 0, 2, 0, 0, 0, 0, 0, 0, 0, 0, 0, 0, 1, 0, 0, 0, 0, 0, 0, 0, 0, 0, 0, 0, 0, 0, 0, 1, 0, 0, 0, 0, 0, 1, 0, 0, 1, 0, 0, 1, 0, 0, 0, 0, 0, 0, 0, 0, 0, 0, 0, 0, 0, 0, 0, 0, 0, 0, 0, 0, 0, 0, 0, 0, 0, 0, 0, 0, 0, 0]]
MAX_USER_PER_ANTENNAS_m:  [60, 60, 60, 60, 60, 60, 60, 60, 60, 60, 60, 60, 60, 60, 60, 60, 60, 60, 60, 60, 60, 60, 60, 60, 60, 60, 60, 60, 60, 60, 60, 60, 60, 60, 60, 60, 60, 60, 60, 60, 60, 60, 60, 60, 60, 60, 60, 60, 60, 60, 60, 60, 60, 60, 60, 60, 60, 60, 60, 60, 60, 60, 60, 60, 60, 60, 60, 60, 60, 60, 60, 60, 60, 60, 60, 60, 60, 60, 60, 60, 60, 60, 60, 60, 60, 60, 60, 60, 60, 60, 60, 60, 60, 60, 60, 60, 60, 60, 60, 60]
antennas_map_m:  [1, 1, 1, 1, 1, 1, 1, 1, 1, 1, 1, 1, 1, 1, 1, 1, 1, 1, 1, 1, 1, 1, 1, 1, 1, 1, 1, 1, 1, 1, 1, 1, 1, 1, 1, 1, 1, 1, 1, 1, 1, 1, 1, 1, 1, 1, 1, 1, 1, 1, 1, 1, 1, 1, 1, 1, 1, 1, 1, 1, 1, 1, 1, 1, 1, 1, 1, 1, 1, 1, 1, 1, 1, 1, 1, 1, 1, 1, 1, 1, 1, 1, 1, 1, 1, 1, 1, 1, 1, 1, 1, 1, 1, 1, 1, 1, 1, 1, 1, 1]
FIRST_ANTENNA:  22
MIN_SNR_m:  [3.1622776601683795, 3.1622776601683795, 3.1622776601683795, 3.1622776601683795, 3.1622776601683795, 3.1622776601683795, 3.1622776601683795, 3.1622776601683795, 3.1622776601683795, 3.1622776601683795, 3.1622776601683795, 3.1622776601683795, 3.1622776601683795, 3.1622776601683795, 3.1622776601683795, 3.1622776601683795, 3.1622776601683795, 3.1622776601683795, 3.1622776601683795, 3.1622776601683795, 3.1622776601683795, 3.1622776601683795, 3.1622776601683795, 3.1622776601683795, 3.1622776601683795, 3.1622776601683795, 3.1622776601683795, 3.1622776601683795, 3.1622776601683795, 3.1622776601683795, 3.1622776601683795, 3.1622776601683795, 3.1622776601683795, 3.1622776601683795, 3.1622776601683795, 3.1622776601683795, 3.1622776601683795, 3.1622776601683795, 3.1622776601683795, 3.1622776601683795, 3.1622776601683795, 3.1622776601683795, 3.1622776601683795, 3.1622776601683795, 3.1622776601683795, 3.1622776601683795, 3.1622776601683795, 3.1622776601683795, 3.1622776601683795, 3.1622776601683795, 3.1622776601683795, 3.1622776601683795, 3.1622776601683795, 3.1622776601683795, 3.1622776601683795, 3.1622776601683795, 3.1622776601683795, 3.1622776601683795, 3.1622776601683795, 3.1622776601683795, 3.1622776601683795, 3.1622776601683795, 3.1622776601683795, 3.1622776601683795, 3.1622776601683795, 3.1622776601683795, 3.1622776601683795, 3.1622776601683795, 3.1622776601683795, 3.1622776601683795, 3.1622776601683795, 3.1622776601683795, 3.1622776601683795, 3.1622776601683795, 3.1622776601683795, 3.1622776601683795, 3.1622776601683795, 3.1622776601683795, 3.1622776601683795, 3.1622776601683795, 3.1622776601683795, 3.1622776601683795, 3.1622776601683795, 3.1622776601683795, 3.1622776601683795, 3.1622776601683795, 3.1622776601683795, 3.1622776601683795, 3.1622776601683795, 3.1622776601683795, 3.1622776601683795, 3.1622776601683795, 3.1622776601683795, 3.1622776601683795, 3.1622776601683795, 3.1622776601683795, 3.1622776601683795, 3.1622776601683795, 3.1622776601683795, 3.1622776601683795]
-MIN_DIST:  2000
- disaster percentage:  0

Média de carros: 3.5833333333333335
t=0
$x_{0,22}$
	 $y_{0,22,22}$ = 91.22696134298263 dB
	 $y_{0,22,23}$ = 28.749955251169098 dB
	 $y_{0,22,24}$ = 18.561381582555768 dB
	 $y_{0,22,33}$ = 27.655465208510506 dB
		SNR medio: 85.20636602821588
		Usuarios totais: 28
Distances:
t=1
$x_{1,22}$
	 $y_{1,22,1}$ = 19.865674538912316 dB
	 $y_{1,22,3}$ = 17.241310992884152 dB
	 $y_{1,22,4}$ = 14.392064438912485 dB
	 $y_{1,22,10}$ = 15.559718945142066 dB
	 $y_{1,22,12}$ = 26.22928520217536 dB
	 $y_{1,22,20}$ = 9.523376550977872 dB
	 $y_{1,22,21}$ = 35.820272638720056 dB
	 $y_{1,22,22}$ = 91.22696134298263 dB
	 $y_{1,22,23}$ = 28.749955251169098 dB
	 $y_{1,22,32}$ = 34.21067213597813 dB
	 $y_{1,22,33}$ = 27.655465208510506 dB
	 $y_{1,22,60}$ = 8.237727440323681 dB
	 $y_{1,22,83}$ = 8.123910858279515 dB
		SNR medio: 80.08755546724359
		Usuarios totais: 20
$x_{1,47}$
	 $y_{1,47,9}$ = 9.227495046334695 dB
	 $y_{1,47,24}$ = 13.188246040465415 dB
	 $y_{1,47,38}$ = 23.544724870095834 dB
	 $y_{1,47,39}$ = 12.940663717425622 dB
	 $y_{1,47,43}$ = 15.167561712602847 dB
	 $y_{1,47,45}$ = 18.87669516133569 dB
	 $y_{1,47,47}$ = 84.06082009347054 dB
	 $y_{1,47,58}$ = 22.573449597583846 dB
	 $y_{1,47,64}$ = 11.689872240113402 dB
	 $y_{1,47,67}$ = 20.48250295761551 dB
	 $y_{1,47,68}$ = 22.406649600878637 dB
		SNR medio: 73.64690801611442
		Usuarios totais: 29
$x_{1,84}$
	 $y_{1,84,55}$ = 6.211194731625028 dB
	 $y_{1,84,72}$ = 19.11988615425942 dB
	 $y_{1,84,77}$ = 13.310162036256386 dB
	 $y_{1,84,80}$ = 12.367537044125754 dB
	 $y_{1,84,87}$ = 10.480105368911211 dB
	 $y_{1,84,91}$ = 16.107185775876758 dB
	 $y_{1,84,97}$ = 8.60892704567911 dB
		SNR medio: 14.191234156485798
		Usuarios totais: 7
Distances:
22 : 47 = 2154.0659228538016
22 : 84 = 2529.8221281347037
47 : 84 = 2000.0
t=2
$x_{2,22}$
	 $y_{2,22,1}$ = 19.865674538912316 dB
	 $y_{2,22,6}$ = 5.596426748330117 dB
	 $y_{2,22,14}$ = 15.117393744942873 dB
	 $y_{2,22,16}$ = 5.410474122297671 dB
	 $y_{2,22,22}$ = 91.22696134298263 dB
	 $y_{2,22,23}$ = 28.749955251169098 dB
	 $y_{2,22,24}$ = 18.561381582555768 dB
	 $y_{2,22,31}$ = 26.796677810450504 dB
	 $y_{2,22,36}$ = 9.454807551281633 dB
	 $y_{2,22,40}$ = 6.37696524016377 dB
	 $y_{2,22,42}$ = 12.874317458569578 dB
	 $y_{2,22,45}$ = 10.515664242319502 dB
	 $y_{2,22,51}$ = 8.584084083197041 dB
	 $y_{2,22,53}$ = 9.514158900069958 dB
	 $y_{2,22,60}$ = 8.237727440323681 dB
	 $y_{2,22,61}$ = 13.029344252037959 dB
	 $y_{2,22,63}$ = 6.493722922818421 dB
	 $y_{2,22,73}$ = 8.650350031885864 dB
	 $y_{2,22,83}$ = 8.123910858279515 dB
		SNR medio: 78.43943038043241
		Usuarios totais: 56
$x_{2,47}$
	 $y_{2,47,7}$ = 11.97698918105749 dB
	 $y_{2,47,9}$ = 9.227495046334695 dB
	 $y_{2,47,27}$ = 13.205971078635315 dB
	 $y_{2,47,28}$ = 11.502809296047872 dB
	 $y_{2,47,33}$ = 10.655462132189939 dB
	 $y_{2,47,37}$ = 34.21346264936746 dB
	 $y_{2,47,39}$ = 12.940663717425622 dB
	 $y_{2,47,47}$ = 84.06082009347054 dB
	 $y_{2,47,48}$ = 43.85343654513514 dB
	 $y_{2,47,67}$ = 20.48250295761551 dB
	 $y_{2,47,78}$ = 12.800294744806152 dB
	 $y_{2,47,88}$ = 5.0719897967915415 dB
		SNR medio: 73.2694704627826
		Usuarios totais: 14
$x_{2,84}$
	 $y_{2,84,29}$ = 5.800019468542814 dB
	 $y_{2,84,54}$ = 14.539724381023206 dB
	 $y_{2,84,55}$ = 6.211194731625028 dB
	 $y_{2,84,68}$ = 5.347315862591586 dB
	 $y_{2,84,70}$ = 7.079518559008733 dB
	 $y_{2,84,72}$ = 19.11988615425942 dB
	 $y_{2,84,75}$ = 24.718496835978982 dB
	 $y_{2,84,77}$ = 13.310162036256386 dB
	 $y_{2,84,86}$ = 16.26221374796114 dB
	 $y_{2,84,87}$ = 10.480105368911211 dB
	 $y_{2,84,89}$ = 8.897606760112723 dB
	 $y_{2,84,90}$ = 6.9194989367380515 dB
	 $y_{2,84,92}$ = 11.049825293071763 dB
	 $y_{2,84,94}$ = 29.742829397172486 dB
	 $y_{2,84,98}$ = 9.052890863176344 dB
		SNR medio: 19.92357445834456
		Usuarios totais: 21
Distances:
22 : 47 = 2154.0659228538016
22 : 84 = 2529.8221281347037
47 : 84 = 2000.0
t=3
$x_{3,22}$
	 $y_{3,22,1}$ = 19.865674538912316 dB
	 $y_{3,22,3}$ = 17.241310992884152 dB
	 $y_{3,22,4}$ = 14.392064438912485 dB
	 $y_{3,22,5}$ = 5.70458354205158 dB
	 $y_{3,22,6}$ = 5.596426748330117 dB
	 $y_{3,22,10}$ = 15.559718945142066 dB
	 $y_{3,22,11}$ = 29.685673869048642 dB
	 $y_{3,22,12}$ = 26.22928520217536 dB
	 $y_{3,22,13}$ = 24.342461718209208 dB
	 $y_{3,22,14}$ = 15.117393744942873 dB
	 $y_{3,22,15}$ = 13.123746400523146 dB
	 $y_{3,22,20}$ = 9.523376550977872 dB
	 $y_{3,22,21}$ = 35.820272638720056 dB
	 $y_{3,22,22}$ = 91.22696134298263 dB
	 $y_{3,22,23}$ = 28.749955251169098 dB
	 $y_{3,22,24}$ = 18.561381582555768 dB
	 $y_{3,22,25}$ = 7.490016465427601 dB
	 $y_{3,22,32}$ = 34.21067213597813 dB
	 $y_{3,22,36}$ = 9.454807551281633 dB
	 $y_{3,22,40}$ = 6.37696524016377 dB
	 $y_{3,22,42}$ = 12.874317458569578 dB
	 $y_{3,22,52}$ = 13.730259164470283 dB
	 $y_{3,22,61}$ = 13.029344252037959 dB
	 $y_{3,22,74}$ = 5.0632890930049825 dB
		SNR medio: 77.4248792684355
		Usuarios totais: 60
$x_{3,39}$
	 $y_{3,39,7}$ = 6.089238979381264 dB
	 $y_{3,39,8}$ = 10.854804080243042 dB
	 $y_{3,39,9}$ = 18.081349422756617 dB
	 $y_{3,39,17}$ = 20.710536455074006 dB
	 $y_{3,39,19}$ = 13.577682042075168 dB
	 $y_{3,39,26}$ = 15.05488183527251 dB
	 $y_{3,39,27}$ = 15.703162465218242 dB
	 $y_{3,39,28}$ = 24.910106373363703 dB
	 $y_{3,39,37}$ = 16.70422310878159 dB
	 $y_{3,39,39}$ = 87.46166384250307 dB
	 $y_{3,39,48}$ = 33.075750000445495 dB
	 $y_{3,39,49}$ = 29.762636281186246 dB
	 $y_{3,39,58}$ = 9.67917763663749 dB
	 $y_{3,39,69}$ = 9.033906736276236 dB
	 $y_{3,39,75}$ = 7.846529386156362 dB
	 $y_{3,39,77}$ = 9.69019543208708 dB
	 $y_{3,39,79}$ = 5.071221974584574 dB
	 $y_{3,39,87}$ = 17.528285489544174 dB
	 $y_{3,39,88}$ = 11.88328341386179 dB
	 $y_{3,39,97}$ = 5.563608984820576 dB
	 $y_{3,39,99}$ = 5.449881352669806 dB
		SNR medio: 74.23950002803117
		Usuarios totais: 30
$x_{3,47}$
	 $y_{3,47,31}$ = 5.939946601684312 dB
	 $y_{3,47,35}$ = 20.54422964177043 dB
	 $y_{3,47,47}$ = 84.06082009347054 dB
		SNR medio: 79.28960954574083
		Usuarios totais: 5
$x_{3,84}$
	 $y_{3,84,33}$ = 9.757866671749582 dB
	 $y_{3,84,46}$ = 15.437877303073847 dB
	 $y_{3,84,51}$ = 10.672673068470147 dB
	 $y_{3,84,54}$ = 14.539724381023206 dB
	 $y_{3,84,55}$ = 6.211194731625028 dB
	 $y_{3,84,63}$ = 19.64252040013875 dB
	 $y_{3,84,64}$ = 12.464581913492111 dB
	 $y_{3,84,70}$ = 7.079518559008733 dB
	 $y_{3,84,71}$ = 16.016137005216805 dB
	 $y_{3,84,72}$ = 19.11988615425942 dB
	 $y_{3,84,73}$ = 25.20317850419957 dB
	 $y_{3,84,76}$ = 10.546846106420617 dB
	 $y_{3,84,84}$ = 96.24218042787535 dB
	 $y_{3,84,89}$ = 8.897606760112723 dB
	 $y_{3,84,92}$ = 11.049825293071763 dB
	 $y_{3,84,95}$ = 20.80845602901276 dB
		SNR medio: 84.20098143583931
		Usuarios totais: 27
Distances:
22 : 39 = 2828.42712474619
22 : 47 = 2154.0659228538016
22 : 84 = 2529.8221281347037
39 : 47 = 894.4271909999159
39 : 84 = 2828.42712474619
47 : 84 = 2000.0
t=4
$x_{4,22}$
	 $y_{4,22,0}$ = 15.375364923628865 dB
	 $y_{4,22,3}$ = 17.241310992884152 dB
	 $y_{4,22,5}$ = 5.70458354205158 dB
	 $y_{4,22,10}$ = 15.559718945142066 dB
	 $y_{4,22,13}$ = 24.342461718209208 dB
	 $y_{4,22,14}$ = 15.117393744942873 dB
	 $y_{4,22,16}$ = 5.410474122297671 dB
	 $y_{4,22,21}$ = 35.820272638720056 dB
	 $y_{4,22,22}$ = 91.22696134298263 dB
	 $y_{4,22,24}$ = 18.561381582555768 dB
	 $y_{4,22,30}$ = 21.253912088616133 dB
	 $y_{4,22,32}$ = 34.21067213597813 dB
	 $y_{4,22,34}$ = 21.948298676959894 dB
	 $y_{4,22,35}$ = 11.216674845634657 dB
	 $y_{4,22,36}$ = 9.454807551281633 dB
	 $y_{4,22,40}$ = 6.37696524016377 dB
	 $y_{4,22,42}$ = 12.874317458569578 dB
	 $y_{4,22,45}$ = 10.515664242319502 dB
	 $y_{4,22,50}$ = 10.392396372114504 dB
	 $y_{4,22,51}$ = 8.584084083197041 dB
	 $y_{4,22,52}$ = 13.730259164470283 dB
	 $y_{4,22,61}$ = 13.029344252037959 dB
	 $y_{4,22,74}$ = 5.0632890930049825 dB
		SNR medio: 77.60970713010153
		Usuarios totais: 59
$x_{4,39}$
	 $y_{4,39,6}$ = 8.891565420817727 dB
	 $y_{4,39,7}$ = 6.089238979381264 dB
	 $y_{4,39,9}$ = 18.081349422756617 dB
	 $y_{4,39,18}$ = 20.587612629016277 dB
	 $y_{4,39,19}$ = 13.577682042075168 dB
	 $y_{4,39,23}$ = 5.87244570822962 dB
	 $y_{4,39,25}$ = 5.968676384723963 dB
	 $y_{4,39,27}$ = 15.703162465218242 dB
	 $y_{4,39,29}$ = 19.715058615963187 dB
	 $y_{4,39,37}$ = 16.70422310878159 dB
	 $y_{4,39,46}$ = 12.905855156199863 dB
	 $y_{4,39,48}$ = 33.075750000445495 dB
	 $y_{4,39,53}$ = 7.708113072736737 dB
	 $y_{4,39,56}$ = 7.20877330884808 dB
	 $y_{4,39,58}$ = 9.67917763663749 dB
	 $y_{4,39,67}$ = 11.572590309753195 dB
	 $y_{4,39,68}$ = 15.720187119162944 dB
	 $y_{4,39,69}$ = 9.033906736276236 dB
	 $y_{4,39,75}$ = 7.846529386156362 dB
	 $y_{4,39,79}$ = 5.071221974584574 dB
	 $y_{4,39,87}$ = 17.528285489544174 dB
	 $y_{4,39,88}$ = 11.88328341386179 dB
	 $y_{4,39,97}$ = 5.563608984820576 dB
	 $y_{4,39,99}$ = 5.449881352669806 dB
		SNR medio: 20.376465315062333
		Usuarios totais: 47
$x_{4,47}$
	 $y_{4,47,33}$ = 10.655462132189939 dB
	 $y_{4,47,38}$ = 23.544724870095834 dB
	 $y_{4,47,47}$ = 84.06082009347054 dB
	 $y_{4,47,54}$ = 12.941367044082028 dB
	 $y_{4,47,57}$ = 36.9096165021584 dB
	 $y_{4,47,64}$ = 11.689872240113402 dB
	 $y_{4,47,78}$ = 12.800294744806152 dB
		SNR medio: 75.60992834725911
		Usuarios totais: 12
$x_{4,84}$
	 $y_{4,84,41}$ = 10.549660732696907 dB
	 $y_{4,84,62}$ = 14.586989769564298 dB
	 $y_{4,84,65}$ = 20.142933911733692 dB
	 $y_{4,84,70}$ = 7.079518559008733 dB
	 $y_{4,84,71}$ = 16.016137005216805 dB
	 $y_{4,84,72}$ = 19.11988615425942 dB
	 $y_{4,84,76}$ = 10.546846106420617 dB
	 $y_{4,84,77}$ = 13.310162036256386 dB
	 $y_{4,84,80}$ = 12.367537044125754 dB
	 $y_{4,84,81}$ = 12.080746945047224 dB
	 $y_{4,84,82}$ = 15.372802084620389 dB
	 $y_{4,84,83}$ = 32.59649938574313 dB
	 $y_{4,84,84}$ = 96.24218042787535 dB
	 $y_{4,84,85}$ = 30.030274157760886 dB
	 $y_{4,84,89}$ = 8.897606760112723 dB
	 $y_{4,84,90}$ = 6.9194989367380515 dB
	 $y_{4,84,91}$ = 16.107185775876758 dB
	 $y_{4,84,92}$ = 11.049825293071763 dB
	 $y_{4,84,93}$ = 29.346866636655378 dB
	 $y_{4,84,95}$ = 20.80845602901276 dB
		SNR medio: 83.23188484894214
		Usuarios totais: 33
Distances:
22 : 39 = 2828.42712474619
22 : 47 = 2154.0659228538016
22 : 84 = 2529.8221281347037
39 : 47 = 894.4271909999159
39 : 84 = 2828.42712474619
47 : 84 = 2000.0
t=5
$x_{5,22}$
	 $y_{5,22,0}$ = 15.375364923628865 dB
	 $y_{5,22,1}$ = 19.865674538912316 dB
	 $y_{5,22,2}$ = 24.316132080450075 dB
	 $y_{5,22,3}$ = 17.241310992884152 dB
	 $y_{5,22,6}$ = 5.596426748330117 dB
	 $y_{5,22,11}$ = 29.685673869048642 dB
	 $y_{5,22,12}$ = 26.22928520217536 dB
	 $y_{5,22,13}$ = 24.342461718209208 dB
	 $y_{5,22,14}$ = 15.117393744942873 dB
	 $y_{5,22,15}$ = 13.123746400523146 dB
	 $y_{5,22,20}$ = 9.523376550977872 dB
	 $y_{5,22,21}$ = 35.820272638720056 dB
	 $y_{5,22,30}$ = 21.253912088616133 dB
	 $y_{5,22,32}$ = 34.21067213597813 dB
	 $y_{5,22,34}$ = 21.948298676959894 dB
	 $y_{5,22,40}$ = 6.37696524016377 dB
	 $y_{5,22,41}$ = 18.541996756285997 dB
	 $y_{5,22,42}$ = 12.874317458569578 dB
	 $y_{5,22,44}$ = 15.001270192987562 dB
	 $y_{5,22,50}$ = 10.392396372114504 dB
	 $y_{5,22,52}$ = 13.730259164470283 dB
	 $y_{5,22,60}$ = 8.237727440323681 dB
		SNR medio: 26.145333688215363
		Usuarios totais: 42
$x_{5,39}$
	 $y_{5,39,4}$ = 8.34598772226444 dB
	 $y_{5,39,7}$ = 6.089238979381264 dB
	 $y_{5,39,9}$ = 18.081349422756617 dB
	 $y_{5,39,17}$ = 20.710536455074006 dB
	 $y_{5,39,18}$ = 20.587612629016277 dB
	 $y_{5,39,19}$ = 13.577682042075168 dB
	 $y_{5,39,28}$ = 24.910106373363703 dB
	 $y_{5,39,29}$ = 19.715058615963187 dB
	 $y_{5,39,35}$ = 7.519328900744057 dB
	 $y_{5,39,37}$ = 16.70422310878159 dB
	 $y_{5,39,38}$ = 25.98600357732731 dB
	 $y_{5,39,39}$ = 87.46166384250307 dB
	 $y_{5,39,49}$ = 29.762636281186246 dB
	 $y_{5,39,57}$ = 15.93662844245327 dB
	 $y_{5,39,58}$ = 9.67917763663749 dB
	 $y_{5,39,59}$ = 20.72897137624706 dB
	 $y_{5,39,67}$ = 11.572590309753195 dB
	 $y_{5,39,69}$ = 9.033906736276236 dB
	 $y_{5,39,73}$ = 6.417010585726146 dB
	 $y_{5,39,77}$ = 9.69019543208708 dB
	 $y_{5,39,87}$ = 17.528285489544174 dB
	 $y_{5,39,88}$ = 11.88328341386179 dB
		SNR medio: 74.03745576982358
		Usuarios totais: 41
$x_{5,47}$
	 $y_{5,47,23}$ = 5.266491351430119 dB
	 $y_{5,47,24}$ = 13.188246040465415 dB
	 $y_{5,47,31}$ = 5.939946601684312 dB
	 $y_{5,47,33}$ = 10.655462132189939 dB
	 $y_{5,47,36}$ = 20.599608470311594 dB
	 $y_{5,47,43}$ = 15.167561712602847 dB
	 $y_{5,47,45}$ = 18.87669516133569 dB
	 $y_{5,47,46}$ = 23.568479493462704 dB
	 $y_{5,47,47}$ = 84.06082009347054 dB
	 $y_{5,47,74}$ = 11.887432563828739 dB
	 $y_{5,47,76}$ = 11.957615726138982 dB
	 $y_{5,47,86}$ = 5.7949744117755415 dB
		SNR medio: 73.2690166179023
		Usuarios totais: 51
$x_{5,84}$
	 $y_{5,84,51}$ = 10.672673068470147 dB
	 $y_{5,84,55}$ = 6.211194731625028 dB
	 $y_{5,84,56}$ = 13.93433670946925 dB
	 $y_{5,84,61}$ = 5.210654106720284 dB
	 $y_{5,84,63}$ = 19.64252040013875 dB
	 $y_{5,84,64}$ = 12.464581913492111 dB
	 $y_{5,84,65}$ = 20.142933911733692 dB
	 $y_{5,84,70}$ = 7.079518559008733 dB
	 $y_{5,84,71}$ = 16.016137005216805 dB
	 $y_{5,84,80}$ = 12.367537044125754 dB
	 $y_{5,84,81}$ = 12.080746945047224 dB
	 $y_{5,84,83}$ = 32.59649938574313 dB
	 $y_{5,84,85}$ = 30.030274157760886 dB
	 $y_{5,84,90}$ = 6.9194989367380515 dB
	 $y_{5,84,91}$ = 16.107185775876758 dB
	 $y_{5,84,92}$ = 11.049825293071763 dB
	 $y_{5,84,93}$ = 29.346866636655378 dB
	 $y_{5,84,94}$ = 29.742829397172486 dB
	 $y_{5,84,96}$ = 13.98258727645512 dB
	 $y_{5,84,97}$ = 8.60892704567911 dB
		SNR medio: 24.026310842962985
		Usuarios totais: 50
Distances:
22 : 39 = 2828.42712474619
22 : 47 = 2154.0659228538016
22 : 84 = 2529.8221281347037
39 : 47 = 894.4271909999159
39 : 84 = 2828.42712474619
47 : 84 = 2000.0
t=6
$x_{6,22}$
	 $y_{6,22,0}$ = 15.375364923628865 dB
	 $y_{6,22,1}$ = 19.865674538912316 dB
	 $y_{6,22,3}$ = 17.241310992884152 dB
	 $y_{6,22,4}$ = 14.392064438912485 dB
	 $y_{6,22,5}$ = 5.70458354205158 dB
	 $y_{6,22,6}$ = 5.596426748330117 dB
	 $y_{6,22,10}$ = 15.559718945142066 dB
	 $y_{6,22,11}$ = 29.685673869048642 dB
	 $y_{6,22,12}$ = 26.22928520217536 dB
	 $y_{6,22,13}$ = 24.342461718209208 dB
	 $y_{6,22,15}$ = 13.123746400523146 dB
	 $y_{6,22,16}$ = 5.410474122297671 dB
	 $y_{6,22,20}$ = 9.523376550977872 dB
	 $y_{6,22,22}$ = 91.22696134298263 dB
	 $y_{6,22,23}$ = 28.749955251169098 dB
	 $y_{6,22,26}$ = 8.005273152719894 dB
	 $y_{6,22,30}$ = 21.253912088616133 dB
	 $y_{6,22,32}$ = 34.21067213597813 dB
	 $y_{6,22,35}$ = 11.216674845634657 dB
	 $y_{6,22,36}$ = 9.454807551281633 dB
	 $y_{6,22,40}$ = 6.37696524016377 dB
	 $y_{6,22,42}$ = 12.874317458569578 dB
	 $y_{6,22,43}$ = 16.7690934469927 dB
	 $y_{6,22,45}$ = 10.515664242319502 dB
	 $y_{6,22,50}$ = 10.392396372114504 dB
	 $y_{6,22,51}$ = 8.584084083197041 dB
	 $y_{6,22,53}$ = 9.514158900069958 dB
	 $y_{6,22,60}$ = 8.237727440323681 dB
	 $y_{6,22,61}$ = 13.029344252037959 dB
	 $y_{6,22,62}$ = 13.757853786479913 dB
	 $y_{6,22,63}$ = 6.493722922818421 dB
	 $y_{6,22,66}$ = 7.853230853366284 dB
		SNR medio: 76.1754799895385
		Usuarios totais: 58
$x_{6,39}$
	 $y_{6,39,9}$ = 18.081349422756617 dB
	 $y_{6,39,19}$ = 13.577682042075168 dB
	 $y_{6,39,28}$ = 24.910106373363703 dB
	 $y_{6,39,39}$ = 87.46166384250307 dB
	 $y_{6,39,46}$ = 12.905855156199863 dB
	 $y_{6,39,49}$ = 29.762636281186246 dB
	 $y_{6,39,59}$ = 20.72897137624706 dB
	 $y_{6,39,68}$ = 15.720187119162944 dB
	 $y_{6,39,73}$ = 6.417010585726146 dB
	 $y_{6,39,79}$ = 5.071221974584574 dB
	 $y_{6,39,88}$ = 11.88328341386179 dB
	 $y_{6,39,99}$ = 5.449881352669806 dB
		SNR medio: 76.66986342214103
		Usuarios totais: 34
$x_{6,47}$
	 $y_{6,47,17}$ = 10.063846366053014 dB
	 $y_{6,47,24}$ = 13.188246040465415 dB
	 $y_{6,47,27}$ = 13.205971078635315 dB
	 $y_{6,47,31}$ = 5.939946601684312 dB
	 $y_{6,47,34}$ = 7.585379210467465 dB
	 $y_{6,47,47}$ = 84.06082009347054 dB
	 $y_{6,47,48}$ = 43.85343654513514 dB
	 $y_{6,47,55}$ = 19.879317165720565 dB
	 $y_{6,47,56}$ = 26.251692122420692 dB
	 $y_{6,47,64}$ = 11.689872240113402 dB
	 $y_{6,47,67}$ = 20.48250295761551 dB
	 $y_{6,47,76}$ = 11.957615726138982 dB
		SNR medio: 73.26943398020664
		Usuarios totais: 24
$x_{6,84}$
	 $y_{6,84,29}$ = 5.800019468542814 dB
	 $y_{6,84,44}$ = 5.49440717146345 dB
	 $y_{6,84,54}$ = 14.539724381023206 dB
	 $y_{6,84,57}$ = 6.521236028542916 dB
	 $y_{6,84,65}$ = 20.142933911733692 dB
	 $y_{6,84,70}$ = 7.079518559008733 dB
	 $y_{6,84,71}$ = 16.016137005216805 dB
	 $y_{6,84,72}$ = 19.11988615425942 dB
	 $y_{6,84,74}$ = 32.07089862782456 dB
	 $y_{6,84,77}$ = 13.310162036256386 dB
	 $y_{6,84,80}$ = 12.367537044125754 dB
	 $y_{6,84,81}$ = 12.080746945047224 dB
	 $y_{6,84,85}$ = 30.030274157760886 dB
	 $y_{6,84,86}$ = 16.26221374796114 dB
	 $y_{6,84,89}$ = 8.897606760112723 dB
	 $y_{6,84,90}$ = 6.9194989367380515 dB
	 $y_{6,84,91}$ = 16.107185775876758 dB
	 $y_{6,84,92}$ = 11.049825293071763 dB
	 $y_{6,84,93}$ = 29.346866636655378 dB
	 $y_{6,84,94}$ = 29.742829397172486 dB
	 $y_{6,84,97}$ = 8.60892704567911 dB
	 $y_{6,84,98}$ = 9.052890863176344 dB
		SNR medio: 23.45090568381937
		Usuarios totais: 39
Distances:
22 : 39 = 2828.42712474619
22 : 47 = 2154.0659228538016
22 : 84 = 2529.8221281347037
39 : 47 = 894.4271909999159
39 : 84 = 2828.42712474619
47 : 84 = 2000.0
t=7
$x_{7,22}$
	 $y_{7,22,0}$ = 15.375364923628865 dB
	 $y_{7,22,2}$ = 24.316132080450075 dB
	 $y_{7,22,3}$ = 17.241310992884152 dB
	 $y_{7,22,11}$ = 29.685673869048642 dB
	 $y_{7,22,12}$ = 26.22928520217536 dB
	 $y_{7,22,20}$ = 9.523376550977872 dB
	 $y_{7,22,31}$ = 26.796677810450504 dB
	 $y_{7,22,40}$ = 6.37696524016377 dB
	 $y_{7,22,41}$ = 18.541996756285997 dB
	 $y_{7,22,50}$ = 10.392396372114504 dB
	 $y_{7,22,51}$ = 8.584084083197041 dB
	 $y_{7,22,52}$ = 13.730259164470283 dB
	 $y_{7,22,60}$ = 8.237727440323681 dB
	 $y_{7,22,61}$ = 13.029344252037959 dB
	 $y_{7,22,73}$ = 8.650350031885864 dB
	 $y_{7,22,83}$ = 8.123910858279515 dB
		SNR medio: 21.67479457796042
		Usuarios totais: 33
$x_{7,39}$
	 $y_{7,39,7}$ = 6.089238979381264 dB
	 $y_{7,39,8}$ = 10.854804080243042 dB
	 $y_{7,39,9}$ = 18.081349422756617 dB
	 $y_{7,39,18}$ = 20.587612629016277 dB
	 $y_{7,39,19}$ = 13.577682042075168 dB
	 $y_{7,39,27}$ = 15.703162465218242 dB
	 $y_{7,39,28}$ = 24.910106373363703 dB
	 $y_{7,39,29}$ = 19.715058615963187 dB
	 $y_{7,39,36}$ = 16.340207471641264 dB
	 $y_{7,39,37}$ = 16.70422310878159 dB
	 $y_{7,39,39}$ = 87.46166384250307 dB
	 $y_{7,39,49}$ = 29.762636281186246 dB
	 $y_{7,39,57}$ = 15.93662844245327 dB
	 $y_{7,39,67}$ = 11.572590309753195 dB
	 $y_{7,39,77}$ = 9.69019543208708 dB
	 $y_{7,39,79}$ = 5.071221974584574 dB
	 $y_{7,39,87}$ = 17.528285489544174 dB
	 $y_{7,39,88}$ = 11.88328341386179 dB
	 $y_{7,39,97}$ = 5.563608984820576 dB
	 $y_{7,39,99}$ = 5.449881352669806 dB
		SNR medio: 74.4513782246998
		Usuarios totais: 28
$x_{7,47}$
	 $y_{7,47,14}$ = 8.752464742204069 dB
	 $y_{7,47,16}$ = 9.245948697839665 dB
	 $y_{7,47,23}$ = 5.266491351430119 dB
	 $y_{7,47,24}$ = 13.188246040465415 dB
	 $y_{7,47,25}$ = 6.312204097532572 dB
	 $y_{7,47,26}$ = 18.640875305171505 dB
	 $y_{7,47,32}$ = 6.520075781879598 dB
	 $y_{7,47,34}$ = 7.585379210467465 dB
	 $y_{7,47,35}$ = 20.54422964177043 dB
	 $y_{7,47,42}$ = 7.626586781744379 dB
	 $y_{7,47,43}$ = 15.167561712602847 dB
	 $y_{7,47,44}$ = 6.142961603089674 dB
	 $y_{7,47,47}$ = 84.06082009347054 dB
	 $y_{7,47,53}$ = 6.352645845753244 dB
	 $y_{7,47,54}$ = 12.941367044082028 dB
	 $y_{7,47,58}$ = 22.573449597583846 dB
	 $y_{7,47,66}$ = 19.275812832382343 dB
	 $y_{7,47,74}$ = 11.887432563828739 dB
	 $y_{7,47,78}$ = 12.800294744806152 dB
		SNR medio: 71.27329444746115
		Usuarios totais: 29
$x_{7,84}$
	 $y_{7,84,33}$ = 9.757866671749582 dB
	 $y_{7,84,55}$ = 6.211194731625028 dB
	 $y_{7,84,56}$ = 13.93433670946925 dB
	 $y_{7,84,65}$ = 20.142933911733692 dB
	 $y_{7,84,68}$ = 5.347315862591586 dB
	 $y_{7,84,70}$ = 7.079518559008733 dB
	 $y_{7,84,71}$ = 16.016137005216805 dB
	 $y_{7,84,72}$ = 19.11988615425942 dB
	 $y_{7,84,76}$ = 10.546846106420617 dB
	 $y_{7,84,80}$ = 12.367537044125754 dB
	 $y_{7,84,81}$ = 12.080746945047224 dB
	 $y_{7,84,82}$ = 15.372802084620389 dB
	 $y_{7,84,84}$ = 96.24218042787535 dB
	 $y_{7,84,86}$ = 16.26221374796114 dB
	 $y_{7,84,90}$ = 6.9194989367380515 dB
	 $y_{7,84,91}$ = 16.107185775876758 dB
	 $y_{7,84,92}$ = 11.049825293071763 dB
	 $y_{7,84,93}$ = 29.346866636655378 dB
	 $y_{7,84,94}$ = 29.742829397172486 dB
	 $y_{7,84,95}$ = 20.80845602901276 dB
	 $y_{7,84,96}$ = 13.98258727645512 dB
	 $y_{7,84,98}$ = 9.052890863176344 dB
		SNR medio: 82.81795610427457
		Usuarios totais: 36
Distances:
22 : 39 = 2828.42712474619
22 : 47 = 2154.0659228538016
22 : 84 = 2529.8221281347037
39 : 47 = 894.4271909999159
39 : 84 = 2828.42712474619
47 : 84 = 2000.0
t=8
$x_{8,22}$
	 $y_{8,22,3}$ = 17.241310992884152 dB
	 $y_{8,22,10}$ = 15.559718945142066 dB
	 $y_{8,22,11}$ = 29.685673869048642 dB
	 $y_{8,22,12}$ = 26.22928520217536 dB
	 $y_{8,22,13}$ = 24.342461718209208 dB
	 $y_{8,22,16}$ = 5.410474122297671 dB
	 $y_{8,22,20}$ = 9.523376550977872 dB
	 $y_{8,22,21}$ = 35.820272638720056 dB
	 $y_{8,22,24}$ = 18.561381582555768 dB
	 $y_{8,22,25}$ = 7.490016465427601 dB
	 $y_{8,22,30}$ = 21.253912088616133 dB
	 $y_{8,22,31}$ = 26.796677810450504 dB
	 $y_{8,22,33}$ = 27.655465208510506 dB
	 $y_{8,22,34}$ = 21.948298676959894 dB
	 $y_{8,22,35}$ = 11.216674845634657 dB
	 $y_{8,22,40}$ = 6.37696524016377 dB
	 $y_{8,22,41}$ = 18.541996756285997 dB
	 $y_{8,22,42}$ = 12.874317458569578 dB
	 $y_{8,22,44}$ = 15.001270192987562 dB
	 $y_{8,22,45}$ = 10.515664242319502 dB
	 $y_{8,22,51}$ = 8.584084083197041 dB
	 $y_{8,22,52}$ = 13.730259164470283 dB
	 $y_{8,22,53}$ = 9.514158900069958 dB
	 $y_{8,22,61}$ = 13.029344252037959 dB
	 $y_{8,22,63}$ = 6.493722922818421 dB
	 $y_{8,22,73}$ = 8.650350031885864 dB
	 $y_{8,22,74}$ = 5.0632890930049825 dB
	 $y_{8,22,83}$ = 8.123910858279515 dB
		SNR medio: 24.104168384952423
		Usuarios totais: 48
$x_{8,39}$
	 $y_{8,39,4}$ = 8.34598772226444 dB
	 $y_{8,39,8}$ = 10.854804080243042 dB
	 $y_{8,39,9}$ = 18.081349422756617 dB
	 $y_{8,39,17}$ = 20.710536455074006 dB
	 $y_{8,39,18}$ = 20.587612629016277 dB
	 $y_{8,39,19}$ = 13.577682042075168 dB
	 $y_{8,39,28}$ = 24.910106373363703 dB
	 $y_{8,39,29}$ = 19.715058615963187 dB
	 $y_{8,39,37}$ = 16.70422310878159 dB
	 $y_{8,39,39}$ = 87.46166384250307 dB
	 $y_{8,39,48}$ = 33.075750000445495 dB
	 $y_{8,39,49}$ = 29.762636281186246 dB
	 $y_{8,39,56}$ = 7.20877330884808 dB
	 $y_{8,39,57}$ = 15.93662844245327 dB
	 $y_{8,39,59}$ = 20.72897137624706 dB
	 $y_{8,39,67}$ = 11.572590309753195 dB
	 $y_{8,39,69}$ = 9.033906736276236 dB
	 $y_{8,39,75}$ = 7.846529386156362 dB
	 $y_{8,39,79}$ = 5.071221974584574 dB
	 $y_{8,39,87}$ = 17.528285489544174 dB
	 $y_{8,39,97}$ = 5.563608984820576 dB
	 $y_{8,39,99}$ = 5.449881352669806 dB
		SNR medio: 74.0374683861806
		Usuarios totais: 33
$x_{8,47}$
	 $y_{8,47,47}$ = 84.06082009347054 dB
	 $y_{8,47,78}$ = 12.800294744806152 dB
	 $y_{8,47,86}$ = 5.7949744117755415 dB
		SNR medio: 79.28960793590451
		Usuarios totais: 4
$x_{8,84}$
	 $y_{8,84,55}$ = 6.211194731625028 dB
	 $y_{8,84,64}$ = 12.464581913492111 dB
	 $y_{8,84,70}$ = 7.079518559008733 dB
	 $y_{8,84,76}$ = 10.546846106420617 dB
	 $y_{8,84,81}$ = 12.080746945047224 dB
	 $y_{8,84,85}$ = 30.030274157760886 dB
	 $y_{8,84,89}$ = 8.897606760112723 dB
	 $y_{8,84,92}$ = 11.049825293071763 dB
	 $y_{8,84,95}$ = 20.80845602901276 dB
	 $y_{8,84,98}$ = 9.052890863176344 dB
		SNR medio: 20.829288609983347
		Usuarios totais: 17
Distances:
22 : 39 = 2828.42712474619
22 : 47 = 2154.0659228538016
22 : 84 = 2529.8221281347037
39 : 47 = 894.4271909999159
39 : 84 = 2828.42712474619
47 : 84 = 2000.0
t=9
$x_{9,22}$
	 $y_{9,22,0}$ = 15.375364923628865 dB
	 $y_{9,22,1}$ = 19.865674538912316 dB
	 $y_{9,22,2}$ = 24.316132080450075 dB
	 $y_{9,22,5}$ = 5.70458354205158 dB
	 $y_{9,22,6}$ = 5.596426748330117 dB
	 $y_{9,22,11}$ = 29.685673869048642 dB
	 $y_{9,22,12}$ = 26.22928520217536 dB
	 $y_{9,22,13}$ = 24.342461718209208 dB
	 $y_{9,22,15}$ = 13.123746400523146 dB
	 $y_{9,22,22}$ = 91.22696134298263 dB
	 $y_{9,22,25}$ = 7.490016465427601 dB
	 $y_{9,22,26}$ = 8.005273152719894 dB
	 $y_{9,22,31}$ = 26.796677810450504 dB
	 $y_{9,22,32}$ = 34.21067213597813 dB
	 $y_{9,22,35}$ = 11.216674845634657 dB
	 $y_{9,22,45}$ = 10.515664242319502 dB
	 $y_{9,22,50}$ = 10.392396372114504 dB
	 $y_{9,22,51}$ = 8.584084083197041 dB
	 $y_{9,22,53}$ = 9.514158900069958 dB
	 $y_{9,22,62}$ = 13.757853786479913 dB
	 $y_{9,22,63}$ = 6.493722922818421 dB
	 $y_{9,22,73}$ = 8.650350031885864 dB
	 $y_{9,22,74}$ = 5.0632890930049825 dB
		SNR medio: 77.60970023194731
		Usuarios totais: 36
$x_{9,39}$
	 $y_{9,39,8}$ = 10.854804080243042 dB
	 $y_{9,39,38}$ = 25.98600357732731 dB
	 $y_{9,39,67}$ = 11.572590309753195 dB
	 $y_{9,39,77}$ = 9.69019543208708 dB
		SNR medio: 20.341033115907486
		Usuarios totais: 5
$x_{9,47}$
	 $y_{9,47,7}$ = 11.97698918105749 dB
	 $y_{9,47,17}$ = 10.063846366053014 dB
	 $y_{9,47,24}$ = 13.188246040465415 dB
	 $y_{9,47,28}$ = 11.502809296047872 dB
	 $y_{9,47,37}$ = 34.21346264936746 dB
	 $y_{9,47,43}$ = 15.167561712602847 dB
	 $y_{9,47,47}$ = 84.06082009347054 dB
	 $y_{9,47,48}$ = 43.85343654513514 dB
	 $y_{9,47,49}$ = 19.441227384285654 dB
	 $y_{9,47,54}$ = 12.941367044082028 dB
	 $y_{9,47,56}$ = 26.251692122420692 dB
	 $y_{9,47,58}$ = 22.573449597583846 dB
	 $y_{9,47,59}$ = 16.616680682534167 dB
	 $y_{9,47,65}$ = 19.18721811257491 dB
	 $y_{9,47,69}$ = 20.51147350987931 dB
	 $y_{9,47,78}$ = 12.800294744806152 dB
	 $y_{9,47,87}$ = 5.162887558426291 dB
		SNR medio: 71.75680808400115
		Usuarios totais: 27
$x_{9,84}$
	 $y_{9,84,70}$ = 7.079518559008733 dB
	 $y_{9,84,72}$ = 19.11988615425942 dB
	 $y_{9,84,89}$ = 8.897606760112723 dB
	 $y_{9,84,90}$ = 6.9194989367380515 dB
	 $y_{9,84,93}$ = 29.346866636655378 dB
		SNR medio: 22.83215893437735
		Usuarios totais: 5
Distances:
22 : 39 = 2828.42712474619
22 : 47 = 2154.0659228538016
22 : 84 = 2529.8221281347037
39 : 47 = 894.4271909999159
39 : 84 = 2828.42712474619
47 : 84 = 2000.0
t=10
$x_{10,22}$
	 $y_{10,22,4}$ = 14.392064438912485 dB
	 $y_{10,22,5}$ = 5.70458354205158 dB
	 $y_{10,22,11}$ = 29.685673869048642 dB
	 $y_{10,22,21}$ = 35.820272638720056 dB
	 $y_{10,22,30}$ = 21.253912088616133 dB
	 $y_{10,22,35}$ = 11.216674845634657 dB
	 $y_{10,22,42}$ = 12.874317458569578 dB
	 $y_{10,22,51}$ = 8.584084083197041 dB
		SNR medio: 27.918994623187064
		Usuarios totais: 9
$x_{10,39}$
	 $y_{10,39,8}$ = 10.854804080243042 dB
	 $y_{10,39,9}$ = 18.081349422756617 dB
	 $y_{10,39,18}$ = 20.587612629016277 dB
	 $y_{10,39,25}$ = 5.968676384723963 dB
	 $y_{10,39,28}$ = 24.910106373363703 dB
	 $y_{10,39,37}$ = 16.70422310878159 dB
	 $y_{10,39,38}$ = 25.98600357732731 dB
	 $y_{10,39,39}$ = 87.46166384250307 dB
	 $y_{10,39,56}$ = 7.20877330884808 dB
	 $y_{10,39,60}$ = 6.951529674763762 dB
	 $y_{10,39,69}$ = 9.033906736276236 dB
	 $y_{10,39,77}$ = 9.69019543208708 dB
	 $y_{10,39,79}$ = 5.071221974584574 dB
		SNR medio: 76.32223794761086
		Usuarios totais: 14
$x_{10,47}$
	 $y_{10,47,54}$ = 12.941367044082028 dB
	 $y_{10,47,58}$ = 22.573449597583846 dB
	 $y_{10,47,76}$ = 11.957615726138982 dB
		SNR medio: 18.578169484448242
		Usuarios totais: 3
$x_{10,84}$
	 $y_{10,84,50}$ = 8.851726708585943 dB
	 $y_{10,84,64}$ = 12.464581913492111 dB
	 $y_{10,84,65}$ = 20.142933911733692 dB
	 $y_{10,84,68}$ = 5.347315862591586 dB
	 $y_{10,84,72}$ = 19.11988615425942 dB
	 $y_{10,84,81}$ = 12.080746945047224 dB
	 $y_{10,84,89}$ = 8.897606760112723 dB
	 $y_{10,84,90}$ = 6.9194989367380515 dB
	 $y_{10,84,92}$ = 11.049825293071763 dB
	 $y_{10,84,93}$ = 29.346866636655378 dB
	 $y_{10,84,94}$ = 29.742829397172486 dB
	 $y_{10,84,96}$ = 13.98258727645512 dB
	 $y_{10,84,98}$ = 9.052890863176344 dB
		SNR medio: 22.064598393099605
		Usuarios totais: 15
Distances:
22 : 39 = 2828.42712474619
22 : 47 = 2154.0659228538016
22 : 84 = 2529.8221281347037
39 : 47 = 894.4271909999159
39 : 84 = 2828.42712474619
47 : 84 = 2000.0
t=11
$x_{11,22}$
	 $y_{11,22,14}$ = 15.117393744942873 dB
	 $y_{11,22,22}$ = 91.22696134298263 dB
	 $y_{11,22,24}$ = 18.561381582555768 dB
	 $y_{11,22,31}$ = 26.796677810450504 dB
	 $y_{11,22,42}$ = 12.874317458569578 dB
	 $y_{11,22,63}$ = 6.493722922818421 dB
	 $y_{11,22,66}$ = 7.853230853366284 dB
		SNR medio: 82.77598294820638
		Usuarios totais: 8
$x_{11,39}$
	 $y_{11,39,17}$ = 20.710536455074006 dB
	 $y_{11,39,57}$ = 15.93662844245327 dB
	 $y_{11,39,69}$ = 9.033906736276236 dB
		SNR medio: 17.404014015051526
		Usuarios totais: 3
$x_{11,47}$
	 $y_{11,47,25}$ = 6.312204097532572 dB
		SNR medio: 6.312204097532572
		Usuarios totais: 1
$x_{11,84}$
		Usuarios totais: 0
Distances:
22 : 39 = 2828.42712474619
22 : 47 = 2154.0659228538016
22 : 84 = 2529.8221281347037
39 : 47 = 894.4271909999159
39 : 84 = 2828.42712474619
47 : 84 = 2000.0
--- Done after 3.8108053337203134 hours. ---
