-------------Calculating Solution (this may take a while)
+++++++++++++++++++Min Sinr: 5 dB (pgwo2)
+++++++++++++++++++With backhaul constraint. Start: 2023-06-30 01:17:39

Parameters:
- chosen seed 6
- Map with 100 sectors
- Map 4000 x 4000 m
- Sector has a side of 400 m
- Max time:  12
- users_t_m:  [[0, 0, 0, 0, 0, 0, 0, 0, 0, 0, 0, 0, 0, 0, 0, 0, 0, 0, 0, 0, 0, 0, 0, 0, 0, 0, 0, 0, 0, 0, 0, 0, 0, 0, 0, 0, 0, 0, 0, 0, 0, 0, 0, 0, 0, 0, 0, 0, 0, 0, 0, 0, 0, 0, 0, 0, 0, 0, 0, 0, 0, 0, 0, 0, 0, 0, 2, 1, 0, 0, 0, 0, 0, 0, 0, 0, 4, 2, 1, 0, 0, 0, 0, 0, 0, 0, 2, 16, 0, 0, 0, 0, 0, 0, 0, 0, 0, 0, 0, 0], [1, 0, 0, 0, 0, 0, 0, 0, 0, 1, 0, 0, 0, 1, 0, 2, 0, 0, 0, 0, 0, 0, 1, 1, 1, 0, 0, 1, 1, 1, 0, 1, 0, 1, 0, 0, 0, 0, 0, 0, 0, 0, 1, 1, 0, 0, 0, 0, 0, 0, 0, 0, 0, 0, 1, 2, 1, 0, 0, 1, 1, 0, 0, 0, 0, 0, 0, 3, 0, 0, 0, 0, 0, 0, 0, 0, 5, 3, 1, 0, 0, 0, 0, 0, 1, 0, 2, 14, 1, 1, 0, 1, 0, 0, 0, 0, 0, 0, 0, 1], [1, 0, 0, 1, 0, 1, 0, 0, 1, 0, 0, 1, 0, 0, 0, 0, 0, 0, 1, 1, 1, 1, 1, 0, 0, 0, 0, 1, 1, 0, 3, 0, 0, 0, 0, 0, 2, 1, 0, 1, 3, 0, 0, 0, 0, 0, 0, 2, 0, 0, 1, 0, 1, 0, 1, 0, 0, 0, 1, 0, 1, 1, 1, 1, 0, 0, 2, 0, 0, 1, 1, 0, 0, 0, 2, 0, 5, 3, 1, 2, 1, 3, 1, 0, 3, 2, 2, 21, 1, 0, 0, 0, 1, 0, 0, 1, 0, 0, 0, 1], [2, 1, 1, 2, 0, 1, 1, 0, 0, 0, 1, 0, 0, 0, 2, 0, 1, 1, 1, 1, 0, 1, 2, 0, 0, 1, 2, 1, 2, 0, 0, 3, 3, 0, 0, 0, 1, 0, 2, 0, 1, 1, 0, 2, 2, 1, 1, 0, 0, 1, 0, 1, 0, 0, 2, 0, 2, 0, 0, 0, 1, 0, 2, 3, 1, 0, 2, 4, 0, 0, 3, 1, 1, 2, 0, 1, 4, 8, 1, 0, 1, 0, 2, 5, 1, 0, 2, 26, 2, 0, 2, 1, 0, 0, 1, 1, 0, 1, 1, 0], [1, 0, 1, 2, 2, 2, 2, 1, 2, 4, 2, 0, 3, 0, 2, 1, 1, 0, 3, 2, 0, 2, 3, 2, 2, 0, 0, 1, 1, 0, 0, 3, 1, 1, 1, 0, 3, 1, 1, 0, 2, 1, 2, 1, 1, 3, 1, 3, 3, 3, 1, 1, 1, 2, 0, 1, 0, 5, 1, 4, 0, 1, 0, 1, 0, 0, 1, 2, 3, 1, 0, 3, 0, 1, 2, 1, 2, 4, 2, 1, 1, 0, 3, 2, 0, 1, 2, 21, 0, 0, 2, 1, 0, 1, 2, 2, 0, 0, 0, 1], [2, 0, 2, 0, 1, 4, 1, 2, 1, 2, 2, 1, 3, 1, 2, 3, 2, 2, 3, 1, 0, 1, 4, 3, 0, 1, 3, 4, 2, 0, 1, 1, 1, 1, 4, 2, 1, 3, 0, 1, 0, 1, 4, 2, 0, 2, 3, 0, 0, 2, 3, 0, 0, 2, 0, 0, 2, 0, 1, 2, 1, 1, 3, 0, 3, 3, 4, 6, 4, 0, 1, 0, 0, 1, 1, 1, 5, 6, 3, 4, 1, 2, 0, 0, 0, 5, 3, 16, 4, 1, 2, 3, 3, 2, 2, 0, 1, 1, 2, 0], [3, 1, 0, 1, 4, 1, 1, 1, 2, 1, 1, 1, 0, 1, 2, 2, 0, 2, 4, 3, 2, 3, 2, 1, 1, 1, 0, 0, 2, 1, 0, 4, 2, 1, 2, 1, 1, 3, 3, 1, 1, 4, 1, 0, 2, 3, 0, 1, 1, 1, 2, 1, 1, 0, 3, 3, 2, 0, 2, 2, 0, 0, 0, 5, 0, 1, 1, 1, 3, 1, 1, 1, 0, 3, 1, 2, 2, 1, 0, 2, 2, 0, 1, 4, 2, 3, 1, 2, 2, 1, 2, 2, 1, 1, 2, 3, 3, 2, 5, 2], [3, 3, 0, 0, 1, 1, 2, 3, 1, 2, 1, 1, 3, 1, 4, 0, 2, 1, 0, 1, 1, 1, 0, 1, 3, 1, 1, 3, 1, 4, 2, 4, 3, 0, 1, 0, 1, 1, 4, 1, 0, 0, 1, 1, 0, 2, 1, 0, 2, 0, 2, 1, 2, 2, 1, 1, 2, 1, 1, 0, 2, 3, 0, 1, 0, 0, 3, 0, 0, 1, 1, 1, 0, 2, 0, 0, 2, 1, 1, 1, 2, 2, 0, 3, 2, 0, 0, 2, 1, 0, 2, 0, 1, 1, 0, 4, 0, 1, 1, 1], [0, 1, 0, 1, 3, 1, 1, 1, 2, 0, 0, 1, 1, 2, 0, 2, 0, 1, 3, 1, 1, 0, 1, 0, 2, 2, 1, 0, 0, 0, 0, 0, 1, 0, 1, 3, 1, 2, 0, 0, 1, 2, 0, 0, 1, 4, 2, 1, 1, 1, 0, 1, 2, 1, 0, 0, 0, 1, 2, 4, 0, 1, 0, 0, 2, 0, 1, 0, 0, 0, 1, 1, 4, 2, 0, 0, 0, 1, 0, 1, 3, 2, 0, 2, 0, 0, 2, 3, 1, 0, 1, 0, 5, 0, 1, 1, 1, 0, 0, 1], [1, 0, 0, 0, 0, 0, 0, 0, 0, 2, 1, 0, 4, 0, 0, 0, 2, 0, 0, 1, 0, 0, 1, 0, 0, 0, 0, 2, 3, 0, 1, 0, 0, 0, 0, 0, 0, 1, 0, 0, 3, 4, 1, 0, 1, 0, 1, 1, 2, 0, 0, 0, 1, 3, 0, 1, 0, 0, 0, 0, 0, 0, 2, 2, 0, 0, 0, 1, 0, 0, 1, 0, 1, 1, 2, 0, 1, 0, 2, 0, 0, 0, 0, 1, 0, 0, 1, 1, 2, 0, 0, 3, 0, 1, 0, 1, 0, 0, 0, 2], [0, 1, 0, 0, 1, 0, 1, 0, 1, 0, 0, 0, 0, 0, 0, 0, 0, 0, 1, 0, 0, 0, 0, 1, 0, 1, 0, 0, 0, 1, 0, 2, 0, 1, 1, 1, 0, 1, 0, 1, 0, 0, 0, 0, 0, 0, 0, 0, 0, 0, 0, 0, 0, 1, 0, 0, 0, 0, 0, 1, 1, 0, 0, 0, 0, 2, 0, 0, 0, 1, 0, 1, 0, 0, 1, 0, 1, 2, 1, 1, 0, 0, 0, 1, 1, 0, 0, 0, 0, 0, 0, 1, 2, 0, 0, 2, 1, 0, 2, 0], [0, 1, 0, 0, 1, 0, 0, 0, 0, 0, 0, 0, 0, 0, 0, 0, 0, 0, 0, 0, 0, 1, 0, 0, 0, 0, 0, 0, 0, 0, 0, 0, 0, 0, 0, 0, 0, 0, 0, 0, 0, 0, 0, 0, 0, 0, 1, 0, 0, 0, 0, 0, 0, 0, 0, 0, 0, 1, 0, 0, 0, 0, 0, 0, 0, 0, 0, 0, 0, 0, 0, 0, 1, 0, 0, 0, 1, 0, 0, 1, 1, 0, 0, 0, 0, 0, 0, 0, 0, 0, 0, 0, 1, 0, 0, 0, 0, 0, 0, 1]]
MAX_USER_PER_ANTENNAS_m:  [40, 40, 40, 40, 40, 40, 40, 40, 40, 40, 40, 40, 40, 40, 40, 40, 40, 40, 40, 40, 40, 40, 40, 40, 40, 40, 40, 40, 40, 40, 40, 40, 40, 40, 40, 40, 40, 40, 40, 40, 40, 40, 40, 40, 40, 40, 40, 40, 40, 40, 40, 40, 40, 40, 40, 40, 40, 40, 40, 40, 40, 40, 40, 40, 40, 40, 40, 40, 40, 40, 40, 40, 40, 40, 40, 40, 40, 40, 40, 40, 40, 40, 40, 40, 40, 40, 40, 40, 40, 40, 40, 40, 40, 40, 40, 40, 40, 40, 40, 40]
antennas_map_m:  [1, 1, 1, 1, 1, 1, 1, 1, 1, 1, 1, 1, 1, 1, 1, 1, 1, 1, 1, 1, 1, 1, 1, 1, 1, 1, 1, 1, 1, 1, 1, 1, 1, 1, 1, 1, 1, 1, 1, 1, 1, 1, 1, 1, 1, 1, 1, 1, 1, 1, 1, 1, 1, 1, 1, 1, 1, 1, 1, 1, 1, 1, 1, 1, 1, 1, 1, 1, 1, 1, 1, 1, 1, 1, 1, 1, 1, 1, 1, 1, 1, 1, 1, 1, 1, 1, 1, 1, 1, 1, 1, 1, 1, 1, 1, 1, 1, 1, 1, 1]
FIRST_ANTENNA:  73
MIN_SNR_m:  [3.1622776601683795, 3.1622776601683795, 3.1622776601683795, 3.1622776601683795, 3.1622776601683795, 3.1622776601683795, 3.1622776601683795, 3.1622776601683795, 3.1622776601683795, 3.1622776601683795, 3.1622776601683795, 3.1622776601683795, 3.1622776601683795, 3.1622776601683795, 3.1622776601683795, 3.1622776601683795, 3.1622776601683795, 3.1622776601683795, 3.1622776601683795, 3.1622776601683795, 3.1622776601683795, 3.1622776601683795, 3.1622776601683795, 3.1622776601683795, 3.1622776601683795, 3.1622776601683795, 3.1622776601683795, 3.1622776601683795, 3.1622776601683795, 3.1622776601683795, 3.1622776601683795, 3.1622776601683795, 3.1622776601683795, 3.1622776601683795, 3.1622776601683795, 3.1622776601683795, 3.1622776601683795, 3.1622776601683795, 3.1622776601683795, 3.1622776601683795, 3.1622776601683795, 3.1622776601683795, 3.1622776601683795, 3.1622776601683795, 3.1622776601683795, 3.1622776601683795, 3.1622776601683795, 3.1622776601683795, 3.1622776601683795, 3.1622776601683795, 3.1622776601683795, 3.1622776601683795, 3.1622776601683795, 3.1622776601683795, 3.1622776601683795, 3.1622776601683795, 3.1622776601683795, 3.1622776601683795, 3.1622776601683795, 3.1622776601683795, 3.1622776601683795, 3.1622776601683795, 3.1622776601683795, 3.1622776601683795, 3.1622776601683795, 3.1622776601683795, 3.1622776601683795, 3.1622776601683795, 3.1622776601683795, 3.1622776601683795, 3.1622776601683795, 3.1622776601683795, 3.1622776601683795, 3.1622776601683795, 3.1622776601683795, 3.1622776601683795, 3.1622776601683795, 3.1622776601683795, 3.1622776601683795, 3.1622776601683795, 3.1622776601683795, 3.1622776601683795, 3.1622776601683795, 3.1622776601683795, 3.1622776601683795, 3.1622776601683795, 3.1622776601683795, 3.1622776601683795, 3.1622776601683795, 3.1622776601683795, 3.1622776601683795, 3.1622776601683795, 3.1622776601683795, 3.1622776601683795, 3.1622776601683795, 3.1622776601683795, 3.1622776601683795, 3.1622776601683795, 3.1622776601683795, 3.1622776601683795]
-MIN_DIST:  2000
- disaster percentage:  0

Slice 0
Fitnes _wolf:  -inf

Run GWO to deployment +1 antenna on the map
	Pack size:  50
	Wolf dimension 1
	Max iter 100
	antennas_regions:  [73]
	users_regions:  [66 67 76 77 78 86 87]
	Fitness function:  <function fitness_pgwo2 at 0x7f11058800e0>
	Seed_base:  0
initial_alpha:  Wolf 13 (13). Fitness: 4570.703592027186
	(1036.0339668618942, 2741.0319718581477, 0). Region: 62
initial_beta:  Wolf 40 (40). Fitness: 202.82530123293392
	(1834.4268375482454, 3511.47161495604, 0). Region: 84
initial_delta:  Wolf 34 (34). Fitness: 119.53372415696023
	(2115.741531761649, 2342.9874189994466, 0). Region: 55 

iter = 10
Alpha wolf:  Wolf 13 (13). Fitness: 4570.703592027186
	(1036.0339668618942, 2741.0319718581477, 0). Region: 62
iter = 20
Alpha wolf:  Wolf 13 (13). Fitness: 4570.703592027186
	(826.2560828804608, 2522.534381595, 0.0). Region: 62
iter = 30
Alpha wolf:  Wolf 13 (13). Fitness: 4570.703592027186
	(907.5837413683709, 2473.123411634923, 0.0). Region: 62
iter = 40
Alpha wolf:  Wolf 13 (13). Fitness: 4570.703592027186
	(866.6806411360349, 2562.5659052736855, 0.0). Region: 62
iter = 50
Alpha wolf:  Wolf 13 (13). Fitness: 4570.703592027186
	(957.0610134461567, 2436.642513770728, 0.0). Region: 62
iter = 60
Alpha wolf:  Wolf 13 (13). Fitness: 4570.703592027186
	(1119.694313954141, 2708.6500900547876, 0.0). Region: 62
iter = 70
Alpha wolf:  Wolf 13 (13). Fitness: 4570.703592027186
	(901.2896609458658, 2528.7156336312764, 0.0). Region: 62
iter = 80
Alpha wolf:  Wolf 13 (13). Fitness: 4570.703592027186
	(955.5362277587265, 2480.9442560654807, 0.0). Region: 62
iter = 90
Alpha wolf:  Wolf 13 (13). Fitness: 4570.703592027186
	(1020.6667249470067, 2637.0367571791453, 0.0). Region: 62

- Finishing GWO - 

Best solution:  Wolf 13 (13). Fitness: 4570.703592027186
	(965.0821369270831, 2696.000450682866, 0.0). Region: 62
Antennas in slice 0:  [62 73]
Results:  [array([62, 73])]

Slice 1
Fitnes _wolf:  -inf

Run GWO to deployment +1 antenna on the map
	Pack size:  50
	Wolf dimension 1
	Max iter 100
	antennas_regions:  [62 73]
	users_regions:  [ 0  9 13 15 22 23 24 27 28 29 31 33 42 43 54 55 56 59 60 67 76 77 78 84
 86 87 88 89 91 99]
	Fitness function:  <function fitness_pgwo2 at 0x7f11058800e0>
	Seed_base:  50
initial_alpha:  Wolf 0 (50). Fitness: -inf
	(1990.1462750344092, 1064.6948922901624, 0). Region: 24
initial_beta:  Wolf 1 (51). Fitness: -inf
	(974.071050837348, 2008.835958012624, 0). Region: 52
initial_delta:  Wolf 2 (52). Fitness: -inf
	(3913.4194334839867, 218.09062004182954, 0). Region: 9 

iter = 10
Alpha wolf:  Wolf 0 (50). Fitness: -inf
	(2008.4417582681635, 297.7625818656375, 0.0). Region: 5
iter = 20
Alpha wolf:  Wolf 0 (50). Fitness: -inf
	(1551.3670223797021, 1586.3458792971546, 0.0). Region: 33
iter = 30
Alpha wolf:  Wolf 0 (50). Fitness: -inf
	(1483.864718162788, 811.9465945123962, 0.0). Region: 23
iter = 40
Alpha wolf:  Wolf 0 (50). Fitness: -inf
	(751.3334931922993, 1034.4305245607286, 0.0). Region: 21
iter = 50
Alpha wolf:  Wolf 0 (50). Fitness: -inf
	(1071.0585797486465, 724.9619990470792, 0.0). Region: 12
iter = 60
Alpha wolf:  Wolf 0 (50). Fitness: -inf
	(1394.126818005898, 952.6155726214108, 0.0). Region: 23
iter = 70
Alpha wolf:  Wolf 0 (50). Fitness: -inf
	(1027.4955508842331, 1952.9986028367377, 0.0). Region: 42
iter = 80
Alpha wolf:  Wolf 0 (50). Fitness: -inf
	(967.1938180516536, 1628.1429301518574, 0.0). Region: 42
iter = 90
Alpha wolf:  Wolf 0 (50). Fitness: -inf
	(898.6921453964972, 1689.1365185907075, 0.0). Region: 42

- Finishing GWO - 


Run GWO to deployment +2 antenna on the map
	Pack size:  50
	Wolf dimension 2
	Max iter 100
	antennas_regions:  [62 73]
	users_regions:  [ 0  9 13 15 22 23 24 27 28 29 31 33 42 43 54 55 56 59 60 67 76 77 78 84
 86 87 88 89 91 99]
	Fitness function:  <function fitness_pgwo2 at 0x7f11058800e0>
	Seed_base:  100
initial_alpha:  Wolf 0 (100). Fitness: -inf
	(582.6770204165213, 1819.7080180560854, 0). Region: 41
	(3083.1352226360887, 2822.052907736112, 0). Region: 77
initial_beta:  Wolf 1 (101). Fitness: -inf
	(2324.6085300182585, 779.0179821365468, 0). Region: 15
	(3861.0044282444446, 3695.905606707177, 0). Region: 99
initial_delta:  Wolf 2 (102). Fitness: -inf
	(592.6848255483344, 2463.8611483048944, 0). Region: 61
	(678.7432895426688, 2850.0277895008303, 0). Region: 71 

The alpha wolf has been updated to a position with higher fitness. iter = 9
New alpha wolf:  Wolf 15 (115). Fitness: 3.950831246346596e-05
	(2216.294101738748, 711.3380477440346, 0.0). Region: 15
	(3141.275069367859, 2041.8490430411211, 0.0). Region: 57
iter = 10
Alpha wolf:  Wolf 15 (115). Fitness: 3.950831246346596e-05
	(2216.294101738748, 711.3380477440346, 0.0). Region: 15
	(3141.275069367859, 2041.8490430411211, 0.0). Region: 57
The alpha wolf has been updated to a position with higher fitness. iter = 11
New alpha wolf:  Wolf 21 (121). Fitness: 70.35738092835558
	(3244.685086777413, 1344.5747836349008, 0.0). Region: 38
	(1719.4268946428, 65.49188875352016, 0.0). Region: 4
iter = 20
Alpha wolf:  Wolf 21 (121). Fitness: 70.35738092835558
	(3244.685086777413, 1344.5747836349008, 0.0). Region: 38
	(1719.4268946428, 65.49188875352016, 0.0). Region: 4
iter = 30
Alpha wolf:  Wolf 21 (121). Fitness: 70.35738092835558
	(3244.685086777413, 1344.5747836349008, 0.0). Region: 38
	(1719.4268946428, 65.49188875352016, 0.0). Region: 4
iter = 40
Alpha wolf:  Wolf 21 (121). Fitness: 70.35738092835558
	(3244.685086777413, 1344.5747836349008, 0.0). Region: 38
	(1719.4268946428, 65.49188875352016, 0.0). Region: 4
iter = 50
Alpha wolf:  Wolf 21 (121). Fitness: 70.35738092835558
	(3558.7241820412473, 1503.3416348748772, 0.0). Region: 38
	(1952.6402485228923, 149.16463579383574, 0.0). Region: 4
iter = 60
Alpha wolf:  Wolf 21 (121). Fitness: 70.35738092835558
	(3278.2984121322793, 1294.7319122398867, 0.0). Region: 38
	(1616.3533131640154, 143.9832316608748, 0.0). Region: 4
iter = 70
Alpha wolf:  Wolf 21 (121). Fitness: 70.35738092835558
	(3278.2984121322793, 1294.7319122398867, 0.0). Region: 38
	(1616.3533131640154, 143.9832316608748, 0.0). Region: 4
iter = 80
Alpha wolf:  Wolf 21 (121). Fitness: 70.35738092835558
	(3255.0582185290623, 1450.7552106946514, 0.0). Region: 38
	(1870.1796265475054, 230.61525912788318, 0.0). Region: 4
iter = 90
Alpha wolf:  Wolf 21 (121). Fitness: 70.35738092835558
	(3449.9901750322397, 1383.1099918479104, 0.0). Region: 38
	(1959.162376252076, 244.50562995611, 0.0). Region: 4

- Finishing GWO - 

Best solution:  Wolf 21 (121). Fitness: 70.35738092835558
	(3367.913487046574, 1421.5789046434431, 0.0). Region: 38
	(1879.1578614029318, 227.05282818781214, 0.0). Region: 4
Antennas in slice 1:  [ 4 38 62 73]
Results:  [array([62, 73]), array([ 4, 38, 62, 73])]

Slice 2
Fitnes _wolf:  -inf

Run GWO to deployment +1 antenna on the map
	Pack size:  50
	Wolf dimension 1
	Max iter 100
	antennas_regions:  [ 4 38 62 73]
	users_regions:  [ 0  3  5  8 11 18 19 20 21 22 27 28 30 36 37 39 40 47 50 52 54 58 60 61
 62 63 66 69 70 74 76 77 78 79 80 81 82 84 85 86 87 88 92 95 99]
	Fitness function:  <function fitness_pgwo2 at 0x7f11058800e0>
	Seed_base:  150
initial_alpha:  Wolf 32 (182). Fitness: 22.842583901689963
	(1808.263461396226, 933.802492422807, 0). Region: 24
initial_beta:  Wolf 22 (172). Fitness: 22.709120196664088
	(1410.079425379627, 855.9504538657659, 0). Region: 23
initial_delta:  Wolf 42 (192). Fitness: 22.709120196664088
	(1493.3447489910466, 1197.4545743194224, 0). Region: 23 

The alpha wolf has been updated to a position with higher fitness. iter = 0
New alpha wolf:  Wolf 42 (192). Fitness: 25.45492763280964
	(2006.5323397999932, 898.1845011778305, 0.0). Region: 25
iter = 10
Alpha wolf:  Wolf 42 (192). Fitness: 25.45492763280964
	(2017.5684815783018, 1115.6310554850788, 0.0). Region: 25
iter = 20
Alpha wolf:  Wolf 42 (192). Fitness: 25.45492763280964
	(2107.5330449320554, 897.2731461691569, 0.0). Region: 25
iter = 30
Alpha wolf:  Wolf 42 (192). Fitness: 25.45492763280964
	(2031.731255972059, 909.4817200865739, 0.0). Region: 25
iter = 40
Alpha wolf:  Wolf 42 (192). Fitness: 25.45492763280964
	(2204.905858957689, 1059.143903127604, 0.0). Region: 25
iter = 50
Alpha wolf:  Wolf 42 (192). Fitness: 25.45492763280964
	(2358.7821733184155, 997.1273188167997, 0.0). Region: 25
iter = 60
Alpha wolf:  Wolf 42 (192). Fitness: 25.45492763280964
	(2150.098700490408, 917.4827095391025, 0.0). Region: 25
iter = 70
Alpha wolf:  Wolf 42 (192). Fitness: 25.45492763280964
	(2054.3107698463355, 1019.6161278077718, 0.0). Region: 25
iter = 80
Alpha wolf:  Wolf 42 (192). Fitness: 25.45492763280964
	(2322.0562014602106, 908.885410975194, 0.0). Region: 25
iter = 90
Alpha wolf:  Wolf 42 (192). Fitness: 25.45492763280964
	(2283.646748596148, 890.4875894918673, 0.0). Region: 25

- Finishing GWO - 

Best solution:  Wolf 42 (192). Fitness: 25.45492763280964
	(2166.0421133652826, 959.0650397440779, 0.0). Region: 25
Antennas in slice 2:  [ 4 25 38 62 73]
Results:  [array([62, 73]), array([ 4, 38, 62, 73]), array([ 4, 25, 38, 62, 73])]

Slice 3
Fitnes _wolf:  -inf

Run GWO to deployment +1 antenna on the map
	Pack size:  50
	Wolf dimension 1
	Max iter 100
	antennas_regions:  [ 4 25 38 62 73]
	users_regions:  [ 0  1  2  3  5  6 10 14 16 17 18 19 21 22 25 26 27 28 31 32 36 38 40 41
 43 44 45 46 49 51 54 56 60 62 63 64 66 67 70 71 72 73 75 76 77 78 80 82
 83 84 86 87 88 90 91 94 95 97 98]
	Fitness function:  <function fitness_pgwo2 at 0x7f11058800e0>
	Seed_base:  200
initial_alpha:  Wolf 43 (243). Fitness: 3.58119834838031e-05
	(3911.9757978697667, 2102.720508395365, 0). Region: 59
initial_beta:  Wolf 46 (246). Fitness: 3.58119834838031e-05
	(3708.2991021951, 2066.707265013832, 0). Region: 59
initial_delta:  Wolf 28 (228). Fitness: 3.581198348380206e-05
	(3678.4731970872085, 2781.705190437108, 0). Region: 69 

The alpha wolf has been updated to a position with higher fitness. iter = 1
New alpha wolf:  Wolf 35 (235). Fitness: 3.581198348386093e-05
	(3486.4582368963465, 2029.3416628109776, 0.0). Region: 58
iter = 10
Alpha wolf:  Wolf 35 (235). Fitness: 3.581198348386093e-05
	(3486.4582368963465, 2029.3416628109776, 0.0). Region: 58
iter = 20
Alpha wolf:  Wolf 35 (235). Fitness: 3.581198348386093e-05
	(3383.663244035858, 2311.7273299038015, 0.0). Region: 58
iter = 30
Alpha wolf:  Wolf 35 (235). Fitness: 3.581198348386093e-05
	(3383.663244035858, 2311.7273299038015, 0.0). Region: 58
iter = 40
Alpha wolf:  Wolf 35 (235). Fitness: 3.581198348386093e-05
	(3542.3762401810827, 2287.750805836429, 0.0). Region: 58
iter = 50
Alpha wolf:  Wolf 35 (235). Fitness: 3.581198348386093e-05
	(3542.3762401810827, 2287.750805836429, 0.0). Region: 58
iter = 60
Alpha wolf:  Wolf 35 (235). Fitness: 3.581198348386093e-05
	(3542.3762401810827, 2287.750805836429, 0.0). Region: 58
iter = 70
Alpha wolf:  Wolf 35 (235). Fitness: 3.581198348386093e-05
	(3597.733234654782, 2069.6044972342133, 0.0). Region: 58
iter = 80
Alpha wolf:  Wolf 35 (235). Fitness: 3.581198348386093e-05
	(3392.268047529777, 2127.743958495678, 0.0). Region: 58
iter = 90
Alpha wolf:  Wolf 35 (235). Fitness: 3.581198348386093e-05
	(3588.394881445638, 2221.9553864961135, 0.0). Region: 58

- Finishing GWO - 

Best solution:  Wolf 35 (235). Fitness: 3.581198348386093e-05
	(3375.1556685574697, 2317.1280227201505, 0.0). Region: 58
Antennas in slice 3:  [ 4 25 38 58 62 73]
Results:  [array([62, 73]), array([ 4, 38, 62, 73]), array([ 4, 25, 38, 62, 73]), array([ 4, 25, 38, 58, 62, 73])]

Slice 4
Fitnes _wolf:  4.113217047588079e-05
The set of antennas serves the scenario in the respective slice.
Results:  [array([62, 73]), array([ 4, 38, 62, 73]), array([ 4, 25, 38, 62, 73]), array([ 4, 25, 38, 58, 62, 73]), array([ 4, 25, 38, 58, 62, 73])]

Slice 5
Fitnes _wolf:  8.315955388632084e-05
The set of antennas serves the scenario in the respective slice.
Results:  [array([62, 73]), array([ 4, 38, 62, 73]), array([ 4, 25, 38, 62, 73]), array([ 4, 25, 38, 58, 62, 73]), array([ 4, 25, 38, 58, 62, 73]), array([ 4, 25, 38, 58, 62, 73])]

Slice 6
Fitnes _wolf:  2.6142261873083986e-05
The set of antennas serves the scenario in the respective slice.
Results:  [array([62, 73]), array([ 4, 38, 62, 73]), array([ 4, 25, 38, 62, 73]), array([ 4, 25, 38, 58, 62, 73]), array([ 4, 25, 38, 58, 62, 73]), array([ 4, 25, 38, 58, 62, 73]), array([ 4, 25, 38, 58, 62, 73])]

Slice 7
Fitnes _wolf:  2.3940420582373332e-05
The set of antennas serves the scenario in the respective slice.
Results:  [array([62, 73]), array([ 4, 38, 62, 73]), array([ 4, 25, 38, 62, 73]), array([ 4, 25, 38, 58, 62, 73]), array([ 4, 25, 38, 58, 62, 73]), array([ 4, 25, 38, 58, 62, 73]), array([ 4, 25, 38, 58, 62, 73]), array([ 4, 25, 38, 58, 62, 73])]

Slice 8
Fitnes _wolf:  3.679508559300103e-05
The set of antennas serves the scenario in the respective slice.
Results:  [array([62, 73]), array([ 4, 38, 62, 73]), array([ 4, 25, 38, 62, 73]), array([ 4, 25, 38, 58, 62, 73]), array([ 4, 25, 38, 58, 62, 73]), array([ 4, 25, 38, 58, 62, 73]), array([ 4, 25, 38, 58, 62, 73]), array([ 4, 25, 38, 58, 62, 73]), array([ 4, 25, 38, 58, 62, 73])]

Slice 9
Fitnes _wolf:  8.126566301939268e-06
The set of antennas serves the scenario in the respective slice.
Results:  [array([62, 73]), array([ 4, 38, 62, 73]), array([ 4, 25, 38, 62, 73]), array([ 4, 25, 38, 58, 62, 73]), array([ 4, 25, 38, 58, 62, 73]), array([ 4, 25, 38, 58, 62, 73]), array([ 4, 25, 38, 58, 62, 73]), array([ 4, 25, 38, 58, 62, 73]), array([ 4, 25, 38, 58, 62, 73]), array([ 4, 25, 38, 58, 62, 73])]

Slice 10
Fitnes _wolf:  4.450171204164964e-05
The set of antennas serves the scenario in the respective slice.
Results:  [array([62, 73]), array([ 4, 38, 62, 73]), array([ 4, 25, 38, 62, 73]), array([ 4, 25, 38, 58, 62, 73]), array([ 4, 25, 38, 58, 62, 73]), array([ 4, 25, 38, 58, 62, 73]), array([ 4, 25, 38, 58, 62, 73]), array([ 4, 25, 38, 58, 62, 73]), array([ 4, 25, 38, 58, 62, 73]), array([ 4, 25, 38, 58, 62, 73]), array([ 4, 25, 38, 58, 62, 73])]

Slice 11
Fitnes _wolf:  2.5025106892630308e-05
The set of antennas serves the scenario in the respective slice.
Results:  [array([62, 73]), array([ 4, 38, 62, 73]), array([ 4, 25, 38, 62, 73]), array([ 4, 25, 38, 58, 62, 73]), array([ 4, 25, 38, 58, 62, 73]), array([ 4, 25, 38, 58, 62, 73]), array([ 4, 25, 38, 58, 62, 73]), array([ 4, 25, 38, 58, 62, 73]), array([ 4, 25, 38, 58, 62, 73]), array([ 4, 25, 38, 58, 62, 73]), array([ 4, 25, 38, 58, 62, 73]), array([ 4, 25, 38, 58, 62, 73])]
Results:  [array([62, 73]), array([ 4, 38, 62, 73]), array([ 4, 25, 38, 62, 73]), array([ 4, 25, 38, 58, 62, 73]), array([ 4, 25, 38, 58, 62, 73]), array([ 4, 25, 38, 58, 62, 73]), array([ 4, 25, 38, 58, 62, 73]), array([ 4, 25, 38, 58, 62, 73]), array([ 4, 25, 38, 58, 62, 73]), array([ 4, 25, 38, 58, 62, 73]), array([ 4, 25, 38, 58, 62, 73]), array([ 4, 25, 38, 58, 62, 73])]

Média de carros: 5.416666666666667
t=0
Antennas: [62 73]
Users: [66 67 76 77 78 86 87]
connections:  {66: 73, 67: 73, 78: 62, 86: 62, 76: 62, 77: 62, 87: 62}
$x_{0,62}$
	 $y_{0,62,78}$ = 6.693545766092697 dB
	 $y_{0,62,86}$ = 5.9365696139718125 dB
	 $y_{0,62,76}$ = 5.411459756928565 dB
	 $y_{0,62,77}$ = 5.041446163994124 dB
	 $y_{0,62,87}$ = 6.620528798757363 dB
		SNR medio:  1.1881420039897825
		Usuarios totais: 25
$x_{0,73}$
	 $y_{0,73,66}$ = 5.901238183503409 dB
	 $y_{0,73,67}$ = 8.875273586048834 dB
		SNR medio:  4.925503923184081
		Usuarios totais: 3
Distances:
62 : 73 = 565.685424949238
t=1
Antennas: [ 4 38 62 73]
Users: [ 0  9 13 15 22 23 24 27 28 29 31 33 42 43 54 55 56 59 60 67 76 77 78 84
 86 87 88 89 91 99]
connections:  {0: 4, 9: 38, 23: 4, 78: 62, 86: 62, 89: 38, 99: 38, 13: 38, 15: 62, 24: 38, 28: 38, 29: 38, 33: 62, 54: 62, 56: 38, 59: 38, 60: 62, 67: 38, 84: 62, 87: 62, 88: 38, 91: 62, 22: 62, 27: 38, 31: 62, 42: 62, 43: 62, 55: 62, 76: 62, 77: 62}
$x_{1,4}$
	 $y_{1,4,0}$ = 8.039802952979159 dB
	 $y_{1,4,23}$ = 21.524522171335846 dB
		SNR medio:  14.782162562157502
		Usuarios totais: 2
$x_{1,38}$
	 $y_{1,38,9}$ = 13.047828925877866 dB
	 $y_{1,38,89}$ = 14.569721332564 dB
	 $y_{1,38,99}$ = 5.561628862270622 dB
	 $y_{1,38,13}$ = 6.592929301053275 dB
	 $y_{1,38,24}$ = 9.392450902034142 dB
	 $y_{1,38,28}$ = 28.693030142802286 dB
	 $y_{1,38,29}$ = 26.427572784279064 dB
	 $y_{1,38,56}$ = 11.401157305084155 dB
	 $y_{1,38,59}$ = 13.384913130034477 dB
	 $y_{1,38,67}$ = 10.867732750799775 dB
	 $y_{1,38,88}$ = 12.112380001673202 dB
	 $y_{1,38,27}$ = 25.75413877908069 dB
		SNR medio:  12.700391729825254
		Usuarios totais: 14
$x_{1,62}$
	 $y_{1,62,78}$ = 6.693545766092697 dB
	 $y_{1,62,86}$ = 5.9365696139718125 dB
	 $y_{1,62,15}$ = 5.377267787145854 dB
	 $y_{1,62,33}$ = 8.752145924666934 dB
	 $y_{1,62,54}$ = 24.12547219106453 dB
	 $y_{1,62,60}$ = 24.447976111712705 dB
	 $y_{1,62,84}$ = 14.532445192000736 dB
	 $y_{1,62,87}$ = 6.620528798757363 dB
	 $y_{1,62,91}$ = 9.447295425435243 dB
	 $y_{1,62,22}$ = 9.942032592283795 dB
	 $y_{1,62,31}$ = 13.45317370581671 dB
	 $y_{1,62,42}$ = 20.35087669991033 dB
	 $y_{1,62,43}$ = 12.498431984733628 dB
	 $y_{1,62,55}$ = 13.135674344107457 dB
	 $y_{1,62,76}$ = 5.411459756928565 dB
	 $y_{1,62,77}$ = 5.041446163994124 dB
		SNR medio:  4.888587948911118
		Usuarios totais: 38
$x_{1,73}$
		Usuarios totais: 0
Distances:
4 : 38 = 2000.0
4 : 62 = 2529.8221281347037
4 : 73 = 2828.42712474619
38 : 62 = 2683.281572999748
38 : 73 = 2561.2496949731394
62 : 73 = 565.685424949238
t=2
Antennas: [ 4 25 38 62 73]
Users: [ 0  3  5  8 11 18 19 20 21 22 27 28 30 36 37 39 40 47 50 52 54 58 60 61
 62 63 66 69 70 74 76 77 78 79 80 81 82 84 85 86 87 88 92 95 99]
connections:  {20: 25, 39: 38, 69: 38, 78: 62, 79: 38, 85: 73, 99: 38, 0: 25, 3: 38, 19: 38, 21: 62, 30: 25, 37: 38, 40: 38, 50: 62, 54: 62, 58: 38, 60: 62, 61: 62, 66: 38, 70: 62, 74: 62, 80: 62, 81: 62, 82: 62, 84: 62, 86: 62, 87: 62, 92: 73, 95: 73, 11: 25, 52: 25, 63: 25, 77: 38, 88: 38, 8: 38, 18: 38, 22: 25, 28: 38, 36: 38, 47: 38, 62: 25, 76: 38, 5: 38, 27: 38}
$x_{2,4}$
		Usuarios totais: 0
$x_{2,25}$
	 $y_{2,25,20}$ = 12.333911996807004 dB
	 $y_{2,25,0}$ = 6.6487950087171725 dB
	 $y_{2,25,30}$ = 6.375948521364336 dB
	 $y_{2,25,11}$ = 12.336842393470661 dB
	 $y_{2,25,52}$ = 9.016916230143579 dB
	 $y_{2,25,63}$ = 5.100292215094299 dB
	 $y_{2,25,22}$ = 16.241068485341813 dB
	 $y_{2,25,62}$ = 5.1467583038474345 dB
		SNR medio:  7.32005331547863
		Usuarios totais: 10
$x_{2,38}$
	 $y_{2,38,39}$ = 27.914346685920705 dB
	 $y_{2,38,69}$ = 14.356613408054102 dB
	 $y_{2,38,79}$ = 11.388435118825328 dB
	 $y_{2,38,99}$ = 5.561628862270622 dB
	 $y_{2,38,3}$ = 6.214849059895727 dB
	 $y_{2,38,19}$ = 17.012493701996476 dB
	 $y_{2,38,37}$ = 34.750375743099454 dB
	 $y_{2,38,40}$ = 5.24875987439664 dB
	 $y_{2,38,58}$ = 29.72100965920366 dB
	 $y_{2,38,66}$ = 8.182149902755668 dB
	 $y_{2,38,77}$ = 7.864567691803018 dB
	 $y_{2,38,88}$ = 12.112380001673202 dB
	 $y_{2,38,8}$ = 20.31551062526181 dB
	 $y_{2,38,18}$ = 20.2711803026978 dB
	 $y_{2,38,28}$ = 28.693030142802286 dB
	 $y_{2,38,36}$ = 28.24265891352198 dB
	 $y_{2,38,47}$ = 25.88078257104098 dB
	 $y_{2,38,76}$ = 7.625496937117674 dB
	 $y_{2,38,5}$ = 10.378576120860515 dB
	 $y_{2,38,27}$ = 25.75413877908069 dB
		SNR medio:  10.859030753196198
		Usuarios totais: 32
$x_{2,62}$
	 $y_{2,62,78}$ = 6.693545766092697 dB
	 $y_{2,62,21}$ = 13.0953617996974 dB
	 $y_{2,62,50}$ = 12.973965736220975 dB
	 $y_{2,62,54}$ = 24.12547219106453 dB
	 $y_{2,62,60}$ = 24.447976111712705 dB
	 $y_{2,62,61}$ = 23.230934937822695 dB
	 $y_{2,62,70}$ = 16.081826354102105 dB
	 $y_{2,62,74}$ = 26.430433690848318 dB
	 $y_{2,62,80}$ = 14.449882233726981 dB
	 $y_{2,62,81}$ = 17.51512474086229 dB
	 $y_{2,62,82}$ = 27.96554084479793 dB
	 $y_{2,62,84}$ = 14.532445192000736 dB
	 $y_{2,62,86}$ = 5.9365696139718125 dB
	 $y_{2,62,87}$ = 6.620528798757363 dB
		SNR medio:  5.852490200291964
		Usuarios totais: 40
$x_{2,73}$
	 $y_{2,73,85}$ = 7.777191665437442 dB
	 $y_{2,73,92}$ = 19.848341275310617 dB
	 $y_{2,73,95}$ = 11.839868742686178 dB
		SNR medio:  9.86635042085856
		Usuarios totais: 4
Distances:
4 : 25 = 894.4271909999159
4 : 38 = 2000.0
4 : 62 = 2529.8221281347037
4 : 73 = 2828.42712474619
25 : 38 = 1264.9110640673518
25 : 62 = 2000.0
25 : 73 = 2154.0659228538016
38 : 62 = 2683.281572999748
38 : 73 = 2561.2496949731394
62 : 73 = 565.685424949238
t=3
Antennas: [ 4 25 38 58 62 73]
Users: [ 0  1  2  3  5  6 10 14 16 17 18 19 21 22 25 26 27 28 31 32 36 38 40 41
 43 44 45 46 49 51 54 56 60 62 63 64 66 67 70 71 72 73 75 76 77 78 80 82
 83 84 86 87 88 90 91 94 95 97 98]
connections:  {1: 4, 90: 62, 98: 58, 0: 4, 2: 4, 3: 4, 6: 4, 10: 4, 19: 25, 21: 4, 25: 25, 40: 62, 51: 62, 60: 62, 70: 62, 71: 62, 78: 62, 80: 62, 84: 62, 87: 62, 91: 62, 94: 62, 97: 73, 41: 25, 54: 58, 63: 25, 72: 25, 73: 73, 82: 58, 83: 25, 86: 25, 95: 58, 14: 25, 22: 25, 28: 25, 38: 38, 43: 4, 49: 25, 64: 25, 66: 58, 67: 58, 75: 25, 77: 58, 88: 58, 5: 25, 16: 25, 17: 25, 18: 25, 26: 25, 31: 25, 32: 25, 36: 25, 45: 25, 46: 25, 56: 25, 62: 58, 76: 58, 27: 58, 44: 58}
$x_{3,4}$
	 $y_{3,4,1}$ = 6.181048896118 dB
	 $y_{3,4,0}$ = 8.039802952979159 dB
	 $y_{3,4,2}$ = 20.5211254561452 dB
	 $y_{3,4,3}$ = 30.750400947598266 dB
	 $y_{3,4,6}$ = 12.19164095877477 dB
	 $y_{3,4,10}$ = 14.811269867665857 dB
	 $y_{3,4,21}$ = 6.525550059188419 dB
	 $y_{3,4,43}$ = 9.39114402835456 dB
		SNR medio:  9.855634833347658
		Usuarios totais: 11
$x_{3,25}$
	 $y_{3,25,19}$ = 6.693468240494681 dB
	 $y_{3,25,25}$ = 86.0520168990596 dB
	 $y_{3,25,41}$ = 8.37539574075467 dB
	 $y_{3,25,63}$ = 5.100292215094299 dB
	 $y_{3,25,72}$ = 5.743260893679093 dB
	 $y_{3,25,83}$ = 6.400960979264681 dB
	 $y_{3,25,86}$ = 9.546602727635943 dB
	 $y_{3,25,14}$ = 21.106573221804823 dB
	 $y_{3,25,22}$ = 16.241068485341813 dB
	 $y_{3,25,28}$ = 9.004110126184884 dB
	 $y_{3,25,49}$ = 7.403309735199343 dB
	 $y_{3,25,64}$ = 10.26453321801479 dB
	 $y_{3,25,75}$ = 9.587363176171408 dB
	 $y_{3,25,5}$ = 21.255122747047082 dB
	 $y_{3,25,16}$ = 18.92219249787476 dB
	 $y_{3,25,17}$ = 16.63707850565237 dB
	 $y_{3,25,18}$ = 19.140701347228898 dB
	 $y_{3,25,26}$ = 26.422316574344777 dB
	 $y_{3,25,31}$ = 13.676168874164148 dB
	 $y_{3,25,32}$ = 16.239236257243334 dB
	 $y_{3,25,36}$ = 19.46973986214664 dB
	 $y_{3,25,45}$ = 20.348947556220367 dB
	 $y_{3,25,46}$ = 12.255100948967012 dB
	 $y_{3,25,56}$ = 20.175720749939387 dB
		SNR medio:  10.15153203948822
		Usuarios totais: 40
$x_{3,38}$
	 $y_{3,38,38}$ = 93.38123652005163 dB
		SNR medio:  46.690618260025815
		Usuarios totais: 2
$x_{3,58}$
	 $y_{3,58,98}$ = 6.076182937576959 dB
	 $y_{3,58,54}$ = 10.901068258887278 dB
	 $y_{3,58,82}$ = 6.85574612689328 dB
	 $y_{3,58,95}$ = 6.482251226809865 dB
	 $y_{3,58,66}$ = 17.90956214735415 dB
	 $y_{3,58,67}$ = 20.906642502368925 dB
	 $y_{3,58,77}$ = 16.963503852792556 dB
	 $y_{3,58,88}$ = 15.984235786771052 dB
	 $y_{3,58,62}$ = 7.863959105733613 dB
	 $y_{3,58,76}$ = 12.614744944015925 dB
	 $y_{3,58,27}$ = 9.098350102418493 dB
	 $y_{3,58,44}$ = 7.553403696129919 dB
		SNR medio:  4.490633893153291
		Usuarios totais: 31
$x_{3,62}$
	 $y_{3,62,90}$ = 9.223480682697101 dB
	 $y_{3,62,40}$ = 19.9633707906831 dB
	 $y_{3,62,51}$ = 26.41929784644222 dB
	 $y_{3,62,60}$ = 24.447976111712705 dB
	 $y_{3,62,70}$ = 16.081826354102105 dB
	 $y_{3,62,71}$ = 23.725596033859176 dB
	 $y_{3,62,78}$ = 6.693545766092697 dB
	 $y_{3,62,80}$ = 14.449882233726981 dB
	 $y_{3,62,84}$ = 14.532445192000736 dB
	 $y_{3,62,87}$ = 6.620528798757363 dB
	 $y_{3,62,91}$ = 9.447295425435243 dB
	 $y_{3,62,94}$ = 10.529071596541684 dB
		SNR medio:  4.553357920801278
		Usuarios totais: 40
$x_{3,73}$
	 $y_{3,73,97}$ = 12.704658665228578 dB
	 $y_{3,73,73}$ = 85.4843272968802 dB
		SNR medio:  32.72966198736959
		Usuarios totais: 3
Distances:
4 : 25 = 894.4271909999159
4 : 38 = 2000.0
4 : 58 = 2561.2496949731394
4 : 62 = 2529.8221281347037
4 : 73 = 2828.42712474619
25 : 38 = 1264.9110640673518
25 : 58 = 1697.0562748477141
25 : 62 = 2000.0
25 : 73 = 2154.0659228538016
38 : 58 = 800.0
38 : 62 = 2683.281572999748
38 : 73 = 2561.2496949731394
58 : 62 = 2433.105012119288
58 : 73 = 2154.0659228538016
62 : 73 = 565.685424949238
t=4
Antennas: [ 4 25 38 58 62 73]
Users: [ 0  2  3  4  5  6  7  8  9 10 12 14 15 16 18 19 21 22 23 24 27 28 31 32
 33 34 36 37 38 40 41 42 43 44 45 46 47 48 49 50 51 52 53 55 57 58 59 61
 63 66 67 68 69 71 73 74 75 76 77 78 79 80 82 83 85 86 87 90 91 93 94 95
 99]
connections:  {90: 62, 0: 4, 2: 4, 3: 4, 4: 4, 6: 4, 9: 38, 10: 4, 19: 38, 21: 4, 23: 4, 40: 38, 50: 62, 51: 62, 61: 62, 69: 38, 71: 62, 78: 62, 79: 38, 80: 62, 85: 58, 87: 62, 91: 62, 93: 62, 94: 62, 99: 38, 7: 4, 12: 62, 14: 4, 15: 62, 41: 25, 53: 38, 59: 38, 63: 25, 73: 73, 74: 58, 82: 58, 83: 25, 86: 58, 95: 58, 22: 4, 24: 4, 28: 4, 33: 4, 34: 4, 37: 38, 38: 38, 42: 4, 43: 4, 48: 38, 49: 38, 52: 58, 57: 38, 58: 58, 66: 38, 67: 38, 68: 38, 75: 58, 77: 38, 5: 4, 8: 4, 16: 4, 18: 4, 32: 58, 36: 4, 45: 58, 46: 4, 47: 58, 27: 58, 31: 58, 44: 58, 55: 58, 76: 58}
$x_{4,4}$
	 $y_{4,4,0}$ = 8.039802952979159 dB
	 $y_{4,4,2}$ = 20.5211254561452 dB
	 $y_{4,4,3}$ = 30.750400947598266 dB
	 $y_{4,4,4}$ = 91.2232040240684 dB
	 $y_{4,4,6}$ = 12.19164095877477 dB
	 $y_{4,4,10}$ = 14.811269867665857 dB
	 $y_{4,4,21}$ = 6.525550059188419 dB
	 $y_{4,4,23}$ = 21.524522171335846 dB
	 $y_{4,4,7}$ = 10.642461865994306 dB
	 $y_{4,4,14}$ = 35.10266413175036 dB
	 $y_{4,4,22}$ = 9.493663686864892 dB
	 $y_{4,4,24}$ = 11.921088842867533 dB
	 $y_{4,4,28}$ = 7.711916685471792 dB
	 $y_{4,4,33}$ = 6.35065862191847 dB
	 $y_{4,4,34}$ = 14.850651365295263 dB
	 $y_{4,4,42}$ = 11.418663623300262 dB
	 $y_{4,4,43}$ = 9.39114402835456 dB
	 $y_{4,4,5}$ = 28.945297735401525 dB
	 $y_{4,4,8}$ = 7.796508150845568 dB
	 $y_{4,4,16}$ = 13.546213461293846 dB
	 $y_{4,4,18}$ = 6.786614025386939 dB
	 $y_{4,4,36}$ = 10.223382439087317 dB
	 $y_{4,4,46}$ = 7.027050255131414 dB
		SNR medio:  9.919887383917999
		Usuarios totais: 40
$x_{4,25}$
	 $y_{4,25,41}$ = 8.37539574075467 dB
	 $y_{4,25,63}$ = 5.100292215094299 dB
	 $y_{4,25,83}$ = 6.400960979264681 dB
		SNR medio:  4.9691622337784125
		Usuarios totais: 4
$x_{4,38}$
	 $y_{4,38,9}$ = 13.047828925877866 dB
	 $y_{4,38,19}$ = 17.012493701996476 dB
	 $y_{4,38,40}$ = 5.24875987439664 dB
	 $y_{4,38,69}$ = 14.356613408054102 dB
	 $y_{4,38,79}$ = 11.388435118825328 dB
	 $y_{4,38,99}$ = 5.561628862270622 dB
	 $y_{4,38,53}$ = 8.443493125711967 dB
	 $y_{4,38,59}$ = 13.384913130034477 dB
	 $y_{4,38,37}$ = 34.750375743099454 dB
	 $y_{4,38,38}$ = 93.38123652005163 dB
	 $y_{4,38,48}$ = 21.759932135169407 dB
	 $y_{4,38,49}$ = 38.22009397717665 dB
	 $y_{4,38,57}$ = 18.019702964551115 dB
	 $y_{4,38,66}$ = 8.182149902755668 dB
	 $y_{4,38,67}$ = 10.867732750799775 dB
	 $y_{4,38,68}$ = 9.332930158214026 dB
	 $y_{4,38,77}$ = 7.864567691803018 dB
		SNR medio:  8.270572199769706
		Usuarios totais: 40
$x_{4,58}$
	 $y_{4,58,85}$ = 12.815472107972568 dB
	 $y_{4,58,74}$ = 11.173115529090012 dB
	 $y_{4,58,82}$ = 6.85574612689328 dB
	 $y_{4,58,86}$ = 8.465222850535042 dB
	 $y_{4,58,95}$ = 6.482251226809865 dB
	 $y_{4,58,52}$ = 5.006229819835795 dB
	 $y_{4,58,58}$ = 89.09863070432121 dB
	 $y_{4,58,75}$ = 14.618321442270528 dB
	 $y_{4,58,32}$ = 6.488970281551644 dB
	 $y_{4,58,45}$ = 6.308038341253251 dB
	 $y_{4,58,47}$ = 19.666007211089294 dB
	 $y_{4,58,27}$ = 9.098350102418493 dB
	 $y_{4,58,31}$ = 5.956475351193532 dB
	 $y_{4,58,44}$ = 7.553403696129919 dB
	 $y_{4,58,55}$ = 15.714940648572039 dB
	 $y_{4,58,76}$ = 12.614744944015925 dB
		SNR medio:  8.496997156569728
		Usuarios totais: 28
$x_{4,62}$
	 $y_{4,62,90}$ = 9.223480682697101 dB
	 $y_{4,62,50}$ = 12.973965736220975 dB
	 $y_{4,62,51}$ = 26.41929784644222 dB
	 $y_{4,62,61}$ = 23.230934937822695 dB
	 $y_{4,62,71}$ = 23.725596033859176 dB
	 $y_{4,62,78}$ = 6.693545766092697 dB
	 $y_{4,62,80}$ = 14.449882233726981 dB
	 $y_{4,62,87}$ = 6.620528798757363 dB
	 $y_{4,62,91}$ = 9.447295425435243 dB
	 $y_{4,62,93}$ = 12.769555790343134 dB
	 $y_{4,62,94}$ = 10.529071596541684 dB
	 $y_{4,62,12}$ = 8.446353241810527 dB
	 $y_{4,62,15}$ = 5.377267787145854 dB
		SNR medio:  4.247669396922391
		Usuarios totais: 40
$x_{4,73}$
	 $y_{4,73,73}$ = 85.4843272968802 dB
		SNR medio:  85.4843272968802
		Usuarios totais: 1
Distances:
4 : 25 = 894.4271909999159
4 : 38 = 2000.0
4 : 58 = 2561.2496949731394
4 : 62 = 2529.8221281347037
4 : 73 = 2828.42712474619
25 : 38 = 1264.9110640673518
25 : 58 = 1697.0562748477141
25 : 62 = 2000.0
25 : 73 = 2154.0659228538016
38 : 58 = 800.0
38 : 62 = 2683.281572999748
38 : 73 = 2561.2496949731394
58 : 62 = 2433.105012119288
58 : 73 = 2154.0659228538016
62 : 73 = 565.685424949238
t=5
Antennas: [ 4 25 38 58 62 73]
Users: [ 0  2  4  5  6  7  8  9 10 11 12 13 14 15 16 17 18 19 21 22 23 25 26 27
 28 30 31 32 33 34 35 36 37 39 41 42 43 45 46 49 50 53 56 58 59 60 61 62
 64 65 66 67 68 70 73 74 75 76 77 78 79 80 81 85 86 87 88 89 90 91 92 93
 94 96 97 98]
connections:  {89: 38, 90: 62, 96: 73, 98: 58, 0: 4, 2: 4, 4: 4, 6: 4, 9: 58, 10: 4, 19: 38, 21: 4, 23: 4, 25: 25, 30: 62, 39: 58, 50: 62, 60: 62, 61: 62, 70: 62, 78: 62, 79: 58, 80: 62, 81: 62, 85: 58, 87: 62, 91: 62, 92: 62, 93: 62, 94: 73, 97: 62, 11: 4, 12: 4, 15: 4, 35: 58, 41: 73, 53: 73, 59: 58, 73: 73, 74: 58, 86: 58, 7: 4, 14: 58, 22: 4, 28: 4, 33: 4, 34: 4, 37: 58, 42: 4, 43: 4, 49: 58, 58: 58, 64: 73, 66: 58, 67: 58, 68: 38, 75: 73, 77: 73, 88: 73, 8: 4, 13: 4, 16: 38, 17: 38, 18: 38, 26: 38, 31: 73, 36: 38, 46: 38, 62: 73, 5: 73, 27: 73, 32: 73, 45: 73, 56: 73, 65: 38, 76: 38}
$x_{5,4}$
	 $y_{5,4,0}$ = 8.039802952979159 dB
	 $y_{5,4,2}$ = 20.5211254561452 dB
	 $y_{5,4,4}$ = 91.2232040240684 dB
	 $y_{5,4,6}$ = 12.19164095877477 dB
	 $y_{5,4,10}$ = 14.811269867665857 dB
	 $y_{5,4,21}$ = 6.525550059188419 dB
	 $y_{5,4,23}$ = 21.524522171335846 dB
	 $y_{5,4,11}$ = 7.347194285487376 dB
	 $y_{5,4,12}$ = 21.842256836333902 dB
	 $y_{5,4,15}$ = 21.054597183893435 dB
	 $y_{5,4,7}$ = 10.642461865994306 dB
	 $y_{5,4,22}$ = 9.493663686864892 dB
	 $y_{5,4,28}$ = 7.711916685471792 dB
	 $y_{5,4,33}$ = 6.35065862191847 dB
	 $y_{5,4,34}$ = 14.850651365295263 dB
	 $y_{5,4,42}$ = 11.418663623300262 dB
	 $y_{5,4,43}$ = 9.39114402835456 dB
	 $y_{5,4,8}$ = 7.796508150845568 dB
	 $y_{5,4,13}$ = 26.96782940092585 dB
		SNR medio:  8.242616530621083
		Usuarios totais: 40
$x_{5,25}$
	 $y_{5,25,25}$ = 86.0520168990596 dB
		SNR medio:  86.0520168990596
		Usuarios totais: 1
$x_{5,38}$
	 $y_{5,38,89}$ = 14.569721332564 dB
	 $y_{5,38,19}$ = 17.012493701996476 dB
	 $y_{5,38,68}$ = 9.332930158214026 dB
	 $y_{5,38,16}$ = 10.842436453470128 dB
	 $y_{5,38,17}$ = 11.352067591897082 dB
	 $y_{5,38,18}$ = 20.2711803026978 dB
	 $y_{5,38,26}$ = 18.090556025478477 dB
	 $y_{5,38,36}$ = 28.24265891352198 dB
	 $y_{5,38,46}$ = 20.40562143923951 dB
	 $y_{5,38,65}$ = 9.820577293500264 dB
	 $y_{5,38,76}$ = 7.625496937117674 dB
		SNR medio:  5.98449071963205
		Usuarios totais: 28
$x_{5,58}$
	 $y_{5,58,98}$ = 6.076182937576959 dB
	 $y_{5,58,9}$ = 5.61249438658885 dB
	 $y_{5,58,39}$ = 13.689293493383076 dB
	 $y_{5,58,79}$ = 16.401251847687092 dB
	 $y_{5,58,85}$ = 12.815472107972568 dB
	 $y_{5,58,35}$ = 10.382085466867068 dB
	 $y_{5,58,59}$ = 30.962091921051808 dB
	 $y_{5,58,74}$ = 11.173115529090012 dB
	 $y_{5,58,86}$ = 8.465222850535042 dB
	 $y_{5,58,14}$ = 6.333680713145299 dB
	 $y_{5,58,37}$ = 12.924721672846132 dB
	 $y_{5,58,49}$ = 23.542759235138377 dB
	 $y_{5,58,58}$ = 89.09863070432121 dB
	 $y_{5,58,66}$ = 17.90956214735415 dB
	 $y_{5,58,67}$ = 20.906642502368925 dB
		SNR medio:  7.157330187898164
		Usuarios totais: 40
$x_{5,62}$
	 $y_{5,62,90}$ = 9.223480682697101 dB
	 $y_{5,62,30}$ = 12.506397053185538 dB
	 $y_{5,62,50}$ = 12.973965736220975 dB
	 $y_{5,62,60}$ = 24.447976111712705 dB
	 $y_{5,62,61}$ = 23.230934937822695 dB
	 $y_{5,62,70}$ = 16.081826354102105 dB
	 $y_{5,62,78}$ = 6.693545766092697 dB
	 $y_{5,62,80}$ = 14.449882233726981 dB
	 $y_{5,62,81}$ = 17.51512474086229 dB
	 $y_{5,62,87}$ = 6.620528798757363 dB
	 $y_{5,62,91}$ = 9.447295425435243 dB
	 $y_{5,62,92}$ = 6.630499572915426 dB
	 $y_{5,62,93}$ = 12.769555790343134 dB
	 $y_{5,62,97}$ = 7.848000681369868 dB
		SNR medio:  4.510975347131104
		Usuarios totais: 40
$x_{5,73}$
	 $y_{5,73,96}$ = 15.314184431900344 dB
	 $y_{5,73,94}$ = 14.790951750364002 dB
	 $y_{5,73,41}$ = 6.194698473444248 dB
	 $y_{5,73,53}$ = 24.697362263443793 dB
	 $y_{5,73,73}$ = 85.4843272968802 dB
	 $y_{5,73,64}$ = 22.536408515383002 dB
	 $y_{5,73,75}$ = 20.031934581606606 dB
	 $y_{5,73,77}$ = 6.734376231982111 dB
	 $y_{5,73,88}$ = 5.359174323417946 dB
	 $y_{5,73,31}$ = 9.910022911078187 dB
	 $y_{5,73,62}$ = 17.25029086059594 dB
	 $y_{5,73,5}$ = 10.808774133233925 dB
	 $y_{5,73,27}$ = 5.33876879747848 dB
	 $y_{5,73,32}$ = 6.411962690957438 dB
	 $y_{5,73,45}$ = 11.015216164284226 dB
	 $y_{5,73,56}$ = 9.732685088307477 dB
		SNR medio:  7.147661539851524
		Usuarios totais: 38
Distances:
4 : 25 = 894.4271909999159
4 : 38 = 2000.0
4 : 58 = 2561.2496949731394
4 : 62 = 2529.8221281347037
4 : 73 = 2828.42712474619
25 : 38 = 1264.9110640673518
25 : 58 = 1697.0562748477141
25 : 62 = 2000.0
25 : 73 = 2154.0659228538016
38 : 58 = 800.0
38 : 62 = 2683.281572999748
38 : 73 = 2561.2496949731394
58 : 62 = 2433.105012119288
58 : 73 = 2154.0659228538016
62 : 73 = 565.685424949238
t=6
Antennas: [ 4 25 38 58 62 73]
Users: [ 0  1  3  4  5  6  7  8  9 10 11 13 14 15 17 18 19 20 21 22 23 24 25 28
 29 31 32 33 34 35 36 37 38 39 40 41 42 44 45 47 48 49 50 51 52 54 55 56
 58 59 63 65 66 67 68 69 70 71 73 74 75 76 77 79 80 82 83 84 85 86 87 88
 89 90 91 92 93 94 95 96 97 98 99]
connections:  {1: 4, 20: 25, 89: 38, 90: 62, 96: 73, 98: 58, 0: 25, 3: 4, 4: 4, 6: 4, 9: 58, 10: 4, 19: 25, 21: 4, 23: 4, 25: 25, 39: 58, 40: 62, 50: 62, 51: 62, 69: 58, 70: 62, 71: 62, 79: 58, 80: 62, 84: 62, 85: 58, 87: 62, 91: 62, 92: 62, 93: 62, 94: 62, 97: 62, 99: 58, 7: 4, 11: 62, 14: 58, 15: 62, 24: 4, 28: 4, 29: 62, 35: 62, 37: 58, 38: 38, 41: 62, 48: 58, 49: 58, 54: 62, 58: 58, 59: 62, 63: 25, 66: 58, 67: 58, 68: 58, 73: 73, 74: 62, 82: 62, 83: 25, 86: 62, 88: 58, 95: 58, 5: 25, 8: 58, 13: 58, 18: 25, 22: 25, 33: 62, 34: 25, 42: 25, 52: 58, 75: 58, 77: 73, 17: 25, 31: 25, 32: 25, 36: 25, 45: 25, 47: 4, 55: 4, 56: 73, 65: 73, 76: 73, 44: 4}
$x_{6,4}$
	 $y_{6,4,1}$ = 6.181048896118 dB
	 $y_{6,4,3}$ = 30.750400947598266 dB
	 $y_{6,4,4}$ = 91.2232040240684 dB
	 $y_{6,4,6}$ = 12.19164095877477 dB
	 $y_{6,4,10}$ = 14.811269867665857 dB
	 $y_{6,4,21}$ = 6.525550059188419 dB
	 $y_{6,4,23}$ = 21.524522171335846 dB
	 $y_{6,4,7}$ = 10.642461865994306 dB
	 $y_{6,4,24}$ = 11.921088842867533 dB
	 $y_{6,4,28}$ = 7.711916685471792 dB
	 $y_{6,4,47}$ = 8.19422959565324 dB
	 $y_{6,4,55}$ = 11.843399019931496 dB
	 $y_{6,4,44}$ = 9.016409701349772 dB
		SNR medio:  11.02441557436444
		Usuarios totais: 22
$x_{6,25}$
	 $y_{6,25,20}$ = 12.333911996807004 dB
	 $y_{6,25,0}$ = 6.6487950087171725 dB
	 $y_{6,25,19}$ = 6.693468240494681 dB
	 $y_{6,25,25}$ = 86.0520168990596 dB
	 $y_{6,25,63}$ = 5.100292215094299 dB
	 $y_{6,25,83}$ = 6.400960979264681 dB
	 $y_{6,25,5}$ = 21.255122747047082 dB
	 $y_{6,25,18}$ = 19.140701347228898 dB
	 $y_{6,25,22}$ = 16.241068485341813 dB
	 $y_{6,25,34}$ = 26.52002122641869 dB
	 $y_{6,25,42}$ = 13.54654965681209 dB
	 $y_{6,25,17}$ = 16.63707850565237 dB
	 $y_{6,25,31}$ = 13.676168874164148 dB
	 $y_{6,25,32}$ = 16.239236257243334 dB
	 $y_{6,25,36}$ = 19.46973986214664 dB
	 $y_{6,25,45}$ = 20.348947556220367 dB
		SNR medio:  7.657601996442823
		Usuarios totais: 40
$x_{6,38}$
	 $y_{6,38,89}$ = 14.569721332564 dB
	 $y_{6,38,38}$ = 93.38123652005163 dB
		SNR medio:  26.987739463153908
		Usuarios totais: 4
$x_{6,58}$
	 $y_{6,58,98}$ = 6.076182937576959 dB
	 $y_{6,58,9}$ = 5.61249438658885 dB
	 $y_{6,58,39}$ = 13.689293493383076 dB
	 $y_{6,58,69}$ = 21.95386380301538 dB
	 $y_{6,58,79}$ = 16.401251847687092 dB
	 $y_{6,58,85}$ = 12.815472107972568 dB
	 $y_{6,58,99}$ = 10.533320680553118 dB
	 $y_{6,58,14}$ = 6.333680713145299 dB
	 $y_{6,58,37}$ = 12.924721672846132 dB
	 $y_{6,58,48}$ = 33.051947546958985 dB
	 $y_{6,58,49}$ = 23.542759235138377 dB
	 $y_{6,58,58}$ = 89.09863070432121 dB
	 $y_{6,58,66}$ = 17.90956214735415 dB
	 $y_{6,58,67}$ = 20.906642502368925 dB
	 $y_{6,58,68}$ = 29.855915484952945 dB
	 $y_{6,58,88}$ = 15.984235786771052 dB
	 $y_{6,58,95}$ = 6.482251226809865 dB
	 $y_{6,58,8}$ = 6.44966772646994 dB
	 $y_{6,58,13}$ = 9.432059268920327 dB
	 $y_{6,58,52}$ = 5.006229819835795 dB
	 $y_{6,58,75}$ = 14.618321442270528 dB
		SNR medio:  9.466962613373514
		Usuarios totais: 40
$x_{6,62}$
	 $y_{6,62,90}$ = 9.223480682697101 dB
	 $y_{6,62,40}$ = 19.9633707906831 dB
	 $y_{6,62,50}$ = 12.973965736220975 dB
	 $y_{6,62,51}$ = 26.41929784644222 dB
	 $y_{6,62,70}$ = 16.081826354102105 dB
	 $y_{6,62,71}$ = 23.725596033859176 dB
	 $y_{6,62,80}$ = 14.449882233726981 dB
	 $y_{6,62,84}$ = 14.532445192000736 dB
	 $y_{6,62,87}$ = 6.620528798757363 dB
	 $y_{6,62,91}$ = 9.447295425435243 dB
	 $y_{6,62,92}$ = 6.630499572915426 dB
	 $y_{6,62,93}$ = 12.769555790343134 dB
	 $y_{6,62,94}$ = 10.529071596541684 dB
	 $y_{6,62,97}$ = 7.848000681369868 dB
	 $y_{6,62,11}$ = 7.540976097426267 dB
	 $y_{6,62,15}$ = 5.377267787145854 dB
	 $y_{6,62,29}$ = 13.199484694843974 dB
	 $y_{6,62,35}$ = 7.548836807608637 dB
	 $y_{6,62,41}$ = 13.991348691568959 dB
	 $y_{6,62,54}$ = 24.12547219106453 dB
	 $y_{6,62,59}$ = 5.3198187607922165 dB
	 $y_{6,62,74}$ = 26.430433690848318 dB
	 $y_{6,62,82}$ = 27.96554084479793 dB
	 $y_{6,62,86}$ = 5.9365696139718125 dB
	 $y_{6,62,33}$ = 8.752145924666934 dB
		SNR medio:  8.435067795995764
		Usuarios totais: 40
$x_{6,73}$
	 $y_{6,73,96}$ = 15.314184431900344 dB
	 $y_{6,73,73}$ = 85.4843272968802 dB
	 $y_{6,73,77}$ = 6.734376231982111 dB
	 $y_{6,73,56}$ = 9.732685088307477 dB
	 $y_{6,73,65}$ = 12.76610308875155 dB
	 $y_{6,73,76}$ = 11.83593812656062 dB
		SNR medio:  11.822301188698525
		Usuarios totais: 12
Distances:
4 : 25 = 894.4271909999159
4 : 38 = 2000.0
4 : 58 = 2561.2496949731394
4 : 62 = 2529.8221281347037
4 : 73 = 2828.42712474619
25 : 38 = 1264.9110640673518
25 : 58 = 1697.0562748477141
25 : 62 = 2000.0
25 : 73 = 2154.0659228538016
38 : 58 = 800.0
38 : 62 = 2683.281572999748
38 : 73 = 2561.2496949731394
58 : 62 = 2433.105012119288
58 : 73 = 2154.0659228538016
62 : 73 = 565.685424949238
t=7
Antennas: [ 4 25 38 58 62 73]
Users: [ 0  1  4  5  6  7  8  9 10 11 12 13 14 16 17 19 20 21 23 24 25 26 27 28
 29 30 31 32 34 36 37 38 39 42 43 45 46 48 50 51 52 53 54 55 56 57 58 60
 61 63 66 69 70 71 73 76 77 78 79 80 81 83 84 87 88 90 92 93 95 97 98 99]
connections:  {1: 4, 20: 25, 90: 62, 98: 58, 0: 4, 4: 4, 6: 4, 9: 58, 10: 4, 19: 25, 21: 4, 23: 4, 25: 25, 30: 25, 39: 58, 50: 62, 51: 62, 60: 62, 61: 62, 69: 58, 70: 62, 71: 62, 78: 62, 79: 58, 80: 62, 81: 62, 84: 62, 87: 62, 92: 62, 93: 62, 97: 62, 99: 58, 7: 4, 11: 62, 12: 62, 14: 4, 24: 4, 28: 4, 29: 62, 37: 58, 38: 38, 48: 58, 53: 62, 54: 62, 57: 58, 58: 58, 63: 62, 66: 58, 73: 73, 83: 62, 88: 58, 95: 58, 5: 4, 8: 4, 13: 4, 16: 4, 26: 4, 34: 62, 42: 4, 43: 4, 52: 58, 77: 58, 17: 4, 31: 4, 32: 58, 36: 4, 45: 58, 46: 4, 55: 4, 56: 58, 76: 58, 27: 58}
$x_{7,4}$
	 $y_{7,4,1}$ = 6.181048896118 dB
	 $y_{7,4,0}$ = 8.039802952979159 dB
	 $y_{7,4,4}$ = 91.2232040240684 dB
	 $y_{7,4,6}$ = 12.19164095877477 dB
	 $y_{7,4,10}$ = 14.811269867665857 dB
	 $y_{7,4,21}$ = 6.525550059188419 dB
	 $y_{7,4,23}$ = 21.524522171335846 dB
	 $y_{7,4,7}$ = 10.642461865994306 dB
	 $y_{7,4,14}$ = 35.10266413175036 dB
	 $y_{7,4,24}$ = 11.921088842867533 dB
	 $y_{7,4,28}$ = 7.711916685471792 dB
	 $y_{7,4,5}$ = 28.945297735401525 dB
	 $y_{7,4,8}$ = 7.796508150845568 dB
	 $y_{7,4,13}$ = 26.96782940092585 dB
	 $y_{7,4,16}$ = 13.546213461293846 dB
	 $y_{7,4,26}$ = 11.160560941141426 dB
	 $y_{7,4,42}$ = 11.418663623300262 dB
	 $y_{7,4,43}$ = 9.39114402835456 dB
	 $y_{7,4,17}$ = 17.92155408197091 dB
	 $y_{7,4,31}$ = 12.714497487426485 dB
	 $y_{7,4,36}$ = 10.223382439087317 dB
	 $y_{7,4,46}$ = 7.027050255131414 dB
	 $y_{7,4,55}$ = 11.843399019931496 dB
		SNR medio:  10.123878745667312
		Usuarios totais: 39
$x_{7,25}$
	 $y_{7,25,20}$ = 12.333911996807004 dB
	 $y_{7,25,19}$ = 6.693468240494681 dB
	 $y_{7,25,25}$ = 86.0520168990596 dB
	 $y_{7,25,30}$ = 6.375948521364336 dB
		SNR medio:  22.29106913154512
		Usuarios totais: 5
$x_{7,38}$
	 $y_{7,38,38}$ = 93.38123652005163 dB
		SNR medio:  23.345309130012907
		Usuarios totais: 4
$x_{7,58}$
	 $y_{7,58,98}$ = 6.076182937576959 dB
	 $y_{7,58,9}$ = 5.61249438658885 dB
	 $y_{7,58,39}$ = 13.689293493383076 dB
	 $y_{7,58,69}$ = 21.95386380301538 dB
	 $y_{7,58,79}$ = 16.401251847687092 dB
	 $y_{7,58,99}$ = 10.533320680553118 dB
	 $y_{7,58,37}$ = 12.924721672846132 dB
	 $y_{7,58,48}$ = 33.051947546958985 dB
	 $y_{7,58,57}$ = 27.02344757275641 dB
	 $y_{7,58,58}$ = 89.09863070432121 dB
	 $y_{7,58,66}$ = 17.90956214735415 dB
	 $y_{7,58,88}$ = 15.984235786771052 dB
	 $y_{7,58,95}$ = 6.482251226809865 dB
	 $y_{7,58,52}$ = 5.006229819835795 dB
	 $y_{7,58,77}$ = 16.963503852792556 dB
	 $y_{7,58,32}$ = 6.488970281551644 dB
	 $y_{7,58,45}$ = 6.308038341253251 dB
	 $y_{7,58,56}$ = 12.776882024377812 dB
	 $y_{7,58,76}$ = 12.614744944015925 dB
	 $y_{7,58,27}$ = 9.098350102418493 dB
		SNR medio:  9.885654947796223
		Usuarios totais: 35
$x_{7,62}$
	 $y_{7,62,90}$ = 9.223480682697101 dB
	 $y_{7,62,50}$ = 12.973965736220975 dB
	 $y_{7,62,51}$ = 26.41929784644222 dB
	 $y_{7,62,60}$ = 24.447976111712705 dB
	 $y_{7,62,61}$ = 23.230934937822695 dB
	 $y_{7,62,70}$ = 16.081826354102105 dB
	 $y_{7,62,71}$ = 23.725596033859176 dB
	 $y_{7,62,78}$ = 6.693545766092697 dB
	 $y_{7,62,80}$ = 14.449882233726981 dB
	 $y_{7,62,81}$ = 17.51512474086229 dB
	 $y_{7,62,84}$ = 14.532445192000736 dB
	 $y_{7,62,87}$ = 6.620528798757363 dB
	 $y_{7,62,92}$ = 6.630499572915426 dB
	 $y_{7,62,93}$ = 12.769555790343134 dB
	 $y_{7,62,97}$ = 7.848000681369868 dB
	 $y_{7,62,11}$ = 7.540976097426267 dB
	 $y_{7,62,12}$ = 8.446353241810527 dB
	 $y_{7,62,29}$ = 13.199484694843974 dB
	 $y_{7,62,53}$ = 16.673050160773187 dB
	 $y_{7,62,54}$ = 24.12547219106453 dB
	 $y_{7,62,63}$ = 29.611333425879465 dB
	 $y_{7,62,83}$ = 17.98042787935347 dB
	 $y_{7,62,34}$ = 14.306747264484912 dB
		SNR medio:  8.876162635864045
		Usuarios totais: 40
$x_{7,73}$
	 $y_{7,73,73}$ = 85.4843272968802 dB
		SNR medio:  42.7421636484401
		Usuarios totais: 2
Distances:
4 : 25 = 894.4271909999159
4 : 38 = 2000.0
4 : 58 = 2561.2496949731394
4 : 62 = 2529.8221281347037
4 : 73 = 2828.42712474619
25 : 38 = 1264.9110640673518
25 : 58 = 1697.0562748477141
25 : 62 = 2000.0
25 : 73 = 2154.0659228538016
38 : 58 = 800.0
38 : 62 = 2683.281572999748
38 : 73 = 2561.2496949731394
58 : 62 = 2433.105012119288
58 : 73 = 2154.0659228538016
62 : 73 = 565.685424949238
t=8
Antennas: [ 4 25 38 58 62 73]
Users: [ 1  3  4  5  6  7  8 11 12 13 15 17 18 19 20 22 24 25 26 32 34 35 36 37
 40 41 44 45 46 47 48 49 51 52 53 57 58 59 61 64 66 70 71 72 73 77 79 80
 81 83 86 87 88 90 92 94 95 96 99]
connections:  {1: 4, 20: 25, 90: 62, 96: 73, 3: 4, 4: 4, 6: 4, 19: 25, 25: 25, 40: 62, 51: 62, 61: 62, 70: 62, 71: 62, 79: 38, 80: 62, 81: 62, 87: 62, 92: 62, 94: 62, 99: 38, 7: 4, 11: 62, 12: 62, 15: 62, 24: 4, 35: 62, 37: 25, 41: 62, 48: 25, 49: 25, 53: 62, 57: 38, 58: 58, 59: 62, 66: 38, 72: 62, 73: 73, 83: 62, 86: 25, 95: 73, 22: 25, 34: 25, 52: 25, 64: 25, 77: 38, 88: 38, 5: 25, 8: 25, 13: 25, 17: 25, 18: 25, 26: 25, 32: 25, 36: 25, 45: 25, 46: 25, 47: 25, 44: 25}
$x_{8,4}$
	 $y_{8,4,1}$ = 6.181048896118 dB
	 $y_{8,4,3}$ = 30.750400947598266 dB
	 $y_{8,4,4}$ = 91.2232040240684 dB
	 $y_{8,4,6}$ = 12.19164095877477 dB
	 $y_{8,4,7}$ = 10.642461865994306 dB
	 $y_{8,4,24}$ = 11.921088842867533 dB
		SNR medio:  18.10109394838014
		Usuarios totais: 9
$x_{8,25}$
	 $y_{8,25,20}$ = 12.333911996807004 dB
	 $y_{8,25,19}$ = 6.693468240494681 dB
	 $y_{8,25,25}$ = 86.0520168990596 dB
	 $y_{8,25,37}$ = 14.94583251967039 dB
	 $y_{8,25,48}$ = 18.986875241131713 dB
	 $y_{8,25,49}$ = 7.403309735199343 dB
	 $y_{8,25,86}$ = 9.546602727635943 dB
	 $y_{8,25,22}$ = 16.241068485341813 dB
	 $y_{8,25,34}$ = 26.52002122641869 dB
	 $y_{8,25,52}$ = 9.016916230143579 dB
	 $y_{8,25,64}$ = 10.26453321801479 dB
	 $y_{8,25,5}$ = 21.255122747047082 dB
	 $y_{8,25,8}$ = 8.84667880335482 dB
	 $y_{8,25,13}$ = 24.387933652963056 dB
	 $y_{8,25,17}$ = 16.63707850565237 dB
	 $y_{8,25,18}$ = 19.140701347228898 dB
	 $y_{8,25,26}$ = 26.422316574344777 dB
	 $y_{8,25,32}$ = 16.239236257243334 dB
	 $y_{8,25,36}$ = 19.46973986214664 dB
	 $y_{8,25,45}$ = 20.348947556220367 dB
	 $y_{8,25,46}$ = 12.255100948967012 dB
	 $y_{8,25,47}$ = 15.684836748557771 dB
	 $y_{8,25,44}$ = 17.309781868907706 dB
		SNR medio:  12.111167538681984
		Usuarios totais: 36
$x_{8,38}$
	 $y_{8,38,79}$ = 11.388435118825328 dB
	 $y_{8,38,99}$ = 5.561628862270622 dB
	 $y_{8,38,57}$ = 18.019702964551115 dB
	 $y_{8,38,66}$ = 8.182149902755668 dB
	 $y_{8,38,77}$ = 7.864567691803018 dB
	 $y_{8,38,88}$ = 12.112380001673202 dB
		SNR medio:  10.521477423646493
		Usuarios totais: 6
$x_{8,58}$
	 $y_{8,58,58}$ = 89.09863070432121 dB
		SNR medio:  44.549315352160605
		Usuarios totais: 2
$x_{8,62}$
	 $y_{8,62,90}$ = 9.223480682697101 dB
	 $y_{8,62,40}$ = 19.9633707906831 dB
	 $y_{8,62,51}$ = 26.41929784644222 dB
	 $y_{8,62,61}$ = 23.230934937822695 dB
	 $y_{8,62,70}$ = 16.081826354102105 dB
	 $y_{8,62,71}$ = 23.725596033859176 dB
	 $y_{8,62,80}$ = 14.449882233726981 dB
	 $y_{8,62,81}$ = 17.51512474086229 dB
	 $y_{8,62,87}$ = 6.620528798757363 dB
	 $y_{8,62,92}$ = 6.630499572915426 dB
	 $y_{8,62,94}$ = 10.529071596541684 dB
	 $y_{8,62,11}$ = 7.540976097426267 dB
	 $y_{8,62,12}$ = 8.446353241810527 dB
	 $y_{8,62,15}$ = 5.377267787145854 dB
	 $y_{8,62,35}$ = 7.548836807608637 dB
	 $y_{8,62,41}$ = 13.991348691568959 dB
	 $y_{8,62,53}$ = 16.673050160773187 dB
	 $y_{8,62,59}$ = 5.3198187607922165 dB
	 $y_{8,62,72}$ = 34.560794437816 dB
	 $y_{8,62,83}$ = 17.98042787935347 dB
		SNR medio:  7.295712186317632
		Usuarios totais: 40
$x_{8,73}$
	 $y_{8,73,96}$ = 15.314184431900344 dB
	 $y_{8,73,73}$ = 85.4843272968802 dB
	 $y_{8,73,95}$ = 11.839868742686178 dB
		SNR medio:  28.15959511786668
		Usuarios totais: 4
Distances:
4 : 25 = 894.4271909999159
4 : 38 = 2000.0
4 : 58 = 2561.2496949731394
4 : 62 = 2529.8221281347037
4 : 73 = 2828.42712474619
25 : 38 = 1264.9110640673518
25 : 58 = 1697.0562748477141
25 : 62 = 2000.0
25 : 73 = 2154.0659228538016
38 : 58 = 800.0
38 : 62 = 2683.281572999748
38 : 73 = 2561.2496949731394
58 : 62 = 2433.105012119288
58 : 73 = 2154.0659228538016
62 : 73 = 565.685424949238
t=9
Antennas: [ 4 25 38 58 62 73]
Users: [ 0  9 10 12 16 19 22 27 28 30 37 40 41 42 44 46 47 48 52 53 55 62 63 67
 70 72 73 74 76 78 83 86 87 88 91 93 95 99]
connections:  {0: 4, 9: 38, 10: 38, 19: 38, 30: 25, 40: 38, 70: 62, 78: 62, 87: 62, 91: 62, 93: 62, 99: 38, 12: 62, 28: 38, 37: 38, 41: 62, 48: 38, 53: 62, 63: 62, 67: 38, 72: 62, 73: 73, 74: 62, 83: 62, 86: 62, 88: 38, 95: 62, 16: 38, 22: 62, 42: 62, 47: 38, 52: 62, 27: 38, 46: 62, 55: 62, 62: 62, 76: 62, 44: 62}
$x_{9,4}$
	 $y_{9,4,0}$ = 8.039802952979159 dB
		SNR medio:  8.039802952979159
		Usuarios totais: 1
$x_{9,25}$
	 $y_{9,25,30}$ = 6.375948521364336 dB
		SNR medio:  6.375948521364336
		Usuarios totais: 1
$x_{9,38}$
	 $y_{9,38,9}$ = 13.047828925877866 dB
	 $y_{9,38,10}$ = 5.84774095878204 dB
	 $y_{9,38,19}$ = 17.012493701996476 dB
	 $y_{9,38,40}$ = 5.24875987439664 dB
	 $y_{9,38,99}$ = 5.561628862270622 dB
	 $y_{9,38,28}$ = 28.693030142802286 dB
	 $y_{9,38,37}$ = 34.750375743099454 dB
	 $y_{9,38,48}$ = 21.759932135169407 dB
	 $y_{9,38,67}$ = 10.867732750799775 dB
	 $y_{9,38,88}$ = 12.112380001673202 dB
	 $y_{9,38,16}$ = 10.842436453470128 dB
	 $y_{9,38,47}$ = 25.88078257104098 dB
	 $y_{9,38,27}$ = 25.75413877908069 dB
		SNR medio:  9.451272213063461
		Usuarios totais: 23
$x_{9,58}$
		Usuarios totais: 0
$x_{9,62}$
	 $y_{9,62,70}$ = 16.081826354102105 dB
	 $y_{9,62,78}$ = 6.693545766092697 dB
	 $y_{9,62,87}$ = 6.620528798757363 dB
	 $y_{9,62,91}$ = 9.447295425435243 dB
	 $y_{9,62,93}$ = 12.769555790343134 dB
	 $y_{9,62,12}$ = 8.446353241810527 dB
	 $y_{9,62,41}$ = 13.991348691568959 dB
	 $y_{9,62,53}$ = 16.673050160773187 dB
	 $y_{9,62,63}$ = 29.611333425879465 dB
	 $y_{9,62,72}$ = 34.560794437816 dB
	 $y_{9,62,74}$ = 26.430433690848318 dB
	 $y_{9,62,83}$ = 17.98042787935347 dB
	 $y_{9,62,86}$ = 5.9365696139718125 dB
	 $y_{9,62,95}$ = 5.65277813850733 dB
	 $y_{9,62,22}$ = 9.942032592283795 dB
	 $y_{9,62,42}$ = 20.35087669991033 dB
	 $y_{9,62,52}$ = 32.18017593120054 dB
	 $y_{9,62,46}$ = 7.426915313401167 dB
	 $y_{9,62,55}$ = 13.135674344107457 dB
	 $y_{9,62,62}$ = 98.35484475425727 dB
	 $y_{9,62,76}$ = 5.411459756928565 dB
	 $y_{9,62,44}$ = 10.27370544350046 dB
		SNR medio:  11.33254239585692
		Usuarios totais: 36
$x_{9,73}$
	 $y_{9,73,73}$ = 85.4843272968802 dB
		SNR medio:  85.4843272968802
		Usuarios totais: 1
Distances:
4 : 25 = 894.4271909999159
4 : 38 = 2000.0
4 : 58 = 2561.2496949731394
4 : 62 = 2529.8221281347037
4 : 73 = 2828.42712474619
25 : 38 = 1264.9110640673518
25 : 58 = 1697.0562748477141
25 : 62 = 2000.0
25 : 73 = 2154.0659228538016
38 : 58 = 800.0
38 : 62 = 2683.281572999748
38 : 73 = 2561.2496949731394
58 : 62 = 2433.105012119288
58 : 73 = 2154.0659228538016
62 : 73 = 565.685424949238
t=10
Antennas: [ 4 25 38 58 62 73]
Users: [ 1  4  6  8 18 23 25 29 31 33 34 35 37 39 53 59 60 65 69 71 74 76 77 78
 79 83 84 91 92 95 96 98]
connections:  {1: 4, 96: 73, 98: 58, 4: 4, 6: 4, 23: 4, 25: 25, 39: 58, 60: 73, 69: 58, 71: 73, 78: 58, 79: 58, 84: 73, 91: 73, 92: 73, 29: 58, 35: 58, 37: 58, 53: 73, 59: 58, 74: 58, 83: 73, 95: 58, 8: 58, 18: 58, 33: 58, 34: 4, 77: 58, 31: 58, 65: 58, 76: 58}
$x_{10,4}$
	 $y_{10,4,1}$ = 6.181048896118 dB
	 $y_{10,4,4}$ = 91.2232040240684 dB
	 $y_{10,4,6}$ = 12.19164095877477 dB
	 $y_{10,4,23}$ = 21.524522171335846 dB
	 $y_{10,4,34}$ = 14.850651365295263 dB
		SNR medio:  29.19421348311846
		Usuarios totais: 5
$x_{10,25}$
	 $y_{10,25,25}$ = 86.0520168990596 dB
		SNR medio:  86.0520168990596
		Usuarios totais: 1
$x_{10,38}$
		Usuarios totais: 0
$x_{10,58}$
	 $y_{10,58,98}$ = 6.076182937576959 dB
	 $y_{10,58,39}$ = 13.689293493383076 dB
	 $y_{10,58,69}$ = 21.95386380301538 dB
	 $y_{10,58,78}$ = 18.39085309618781 dB
	 $y_{10,58,79}$ = 16.401251847687092 dB
	 $y_{10,58,29}$ = 12.313789809496427 dB
	 $y_{10,58,35}$ = 10.382085466867068 dB
	 $y_{10,58,37}$ = 12.924721672846132 dB
	 $y_{10,58,59}$ = 30.962091921051808 dB
	 $y_{10,58,74}$ = 11.173115529090012 dB
	 $y_{10,58,95}$ = 6.482251226809865 dB
	 $y_{10,58,8}$ = 6.44966772646994 dB
	 $y_{10,58,18}$ = 10.680774708766393 dB
	 $y_{10,58,33}$ = 5.126739826730528 dB
	 $y_{10,58,77}$ = 16.963503852792556 dB
	 $y_{10,58,31}$ = 5.956475351193532 dB
	 $y_{10,58,65}$ = 14.053981056052208 dB
	 $y_{10,58,76}$ = 12.614744944015925 dB
		SNR medio:  10.112842968262294
		Usuarios totais: 23
$x_{10,62}$
		Usuarios totais: 0
$x_{10,73}$
	 $y_{10,73,96}$ = 15.314184431900344 dB
	 $y_{10,73,60}$ = 14.458821245372135 dB
	 $y_{10,73,71}$ = 16.44393133527879 dB
	 $y_{10,73,84}$ = 28.445685140039217 dB
	 $y_{10,73,91}$ = 8.100777449029493 dB
	 $y_{10,73,92}$ = 19.848341275310617 dB
	 $y_{10,73,53}$ = 24.697362263443793 dB
	 $y_{10,73,83}$ = 34.88161576170889 dB
		SNR medio:  18.021190989120367
		Usuarios totais: 9
Distances:
4 : 25 = 894.4271909999159
4 : 38 = 2000.0
4 : 58 = 2561.2496949731394
4 : 62 = 2529.8221281347037
4 : 73 = 2828.42712474619
25 : 38 = 1264.9110640673518
25 : 58 = 1697.0562748477141
25 : 62 = 2000.0
25 : 73 = 2154.0659228538016
38 : 58 = 800.0
38 : 62 = 2683.281572999748
38 : 73 = 2561.2496949731394
58 : 62 = 2433.105012119288
58 : 73 = 2154.0659228538016
62 : 73 = 565.685424949238
t=11
Antennas: [ 4 25 38 58 62 73]
Users: [ 1  4 21 46 57 72 76 79 80 92 99]
connections:  {1: 4, 4: 4, 21: 4, 79: 38, 80: 62, 92: 62, 99: 38, 57: 38, 72: 62, 46: 4, 76: 38}
$x_{11,4}$
	 $y_{11,4,1}$ = 6.181048896118 dB
	 $y_{11,4,4}$ = 91.2232040240684 dB
	 $y_{11,4,21}$ = 6.525550059188419 dB
	 $y_{11,4,46}$ = 7.027050255131414 dB
		SNR medio:  27.739213308626557
		Usuarios totais: 4
$x_{11,25}$
		Usuarios totais: 0
$x_{11,38}$
	 $y_{11,38,79}$ = 11.388435118825328 dB
	 $y_{11,38,99}$ = 5.561628862270622 dB
	 $y_{11,38,57}$ = 18.019702964551115 dB
	 $y_{11,38,76}$ = 7.625496937117674 dB
		SNR medio:  10.648815970691185
		Usuarios totais: 4
$x_{11,58}$
		Usuarios totais: 0
$x_{11,62}$
	 $y_{11,62,80}$ = 14.449882233726981 dB
	 $y_{11,62,92}$ = 6.630499572915426 dB
	 $y_{11,62,72}$ = 34.560794437816 dB
		SNR medio:  18.547058748152804
		Usuarios totais: 3
$x_{11,73}$
		Usuarios totais: 0
Distances:
4 : 25 = 894.4271909999159
4 : 38 = 2000.0
4 : 58 = 2561.2496949731394
4 : 62 = 2529.8221281347037
4 : 73 = 2828.42712474619
25 : 38 = 1264.9110640673518
25 : 58 = 1697.0562748477141
25 : 62 = 2000.0
25 : 73 = 2154.0659228538016
38 : 58 = 800.0
38 : 62 = 2683.281572999748
38 : 73 = 2561.2496949731394
58 : 62 = 2433.105012119288
58 : 73 = 2154.0659228538016
62 : 73 = 565.685424949238
--- Done after 0.015445467034975688 hours. ---
