-------------Calculating Solution (this may take a while)
+++++++++++++++++++Min Sinr: 15 dB (pgwo2)
+++++++++++++++++++With backhaul constraint. Start: 2023-02-03 20:12:41

Parameters:
- chosen seed 4
- Map with 100 sectors
- Map 4000 x 4000 m
- Sector has a side of 400 m
- Max time:  12
- users_t_m:  [[0, 0, 0, 0, 0, 0, 0, 0, 0, 0, 0, 0, 4, 3, 0, 0, 0, 0, 0, 0, 0, 0, 1, 25, 0, 0, 0, 0, 0, 0, 0, 0, 0, 0, 0, 0, 0, 0, 0, 0, 0, 0, 0, 0, 0, 0, 0, 0, 0, 0, 0, 0, 0, 0, 0, 0, 0, 0, 0, 0, 0, 0, 0, 0, 0, 0, 0, 0, 0, 0, 0, 0, 0, 0, 0, 0, 0, 0, 0, 0, 0, 0, 0, 0, 0, 0, 0, 0, 0, 0, 0, 0, 0, 0, 0, 0, 0, 0, 0, 0], [0, 0, 0, 0, 0, 1, 0, 0, 0, 0, 0, 0, 4, 3, 0, 0, 0, 0, 0, 0, 1, 0, 3, 39, 1, 2, 1, 0, 1, 0, 0, 0, 0, 1, 0, 0, 0, 1, 0, 2, 1, 1, 0, 1, 0, 1, 1, 0, 0, 1, 0, 0, 0, 0, 0, 0, 0, 1, 0, 0, 1, 1, 0, 0, 0, 0, 0, 1, 0, 1, 0, 0, 0, 0, 1, 2, 1, 1, 0, 0, 1, 0, 1, 1, 1, 0, 0, 0, 1, 0, 0, 0, 0, 1, 0, 0, 0, 0, 0, 0], [0, 1, 1, 1, 1, 1, 0, 1, 0, 2, 1, 0, 4, 3, 1, 1, 1, 0, 2, 0, 0, 1, 2, 18, 3, 0, 1, 1, 0, 2, 1, 0, 0, 1, 0, 1, 1, 0, 2, 1, 0, 0, 1, 2, 1, 1, 0, 0, 1, 0, 0, 2, 1, 0, 0, 1, 0, 2, 4, 0, 1, 0, 0, 0, 3, 2, 4, 0, 2, 1, 0, 0, 2, 1, 1, 0, 1, 0, 0, 0, 0, 0, 1, 0, 2, 2, 1, 1, 0, 0, 0, 2, 3, 1, 1, 1, 0, 2, 1, 0], [2, 1, 1, 0, 2, 0, 0, 2, 0, 2, 2, 0, 3, 5, 3, 0, 2, 0, 1, 1, 1, 0, 5, 26, 0, 0, 0, 1, 0, 0, 3, 0, 1, 0, 2, 2, 2, 3, 0, 2, 1, 1, 2, 0, 1, 1, 0, 2, 3, 2, 1, 1, 2, 1, 0, 0, 0, 1, 2, 2, 1, 2, 1, 0, 1, 1, 0, 0, 0, 1, 1, 1, 0, 0, 1, 1, 0, 0, 1, 3, 2, 2, 1, 3, 0, 2, 0, 4, 3, 1, 3, 0, 2, 0, 1, 0, 3, 0, 2, 1], [2, 0, 2, 0, 2, 1, 3, 1, 0, 1, 1, 0, 4, 4, 0, 4, 1, 0, 3, 1, 1, 1, 4, 15, 1, 4, 1, 2, 3, 4, 1, 4, 0, 2, 1, 2, 1, 1, 2, 4, 2, 2, 4, 0, 0, 0, 1, 1, 1, 2, 1, 2, 0, 1, 5, 1, 0, 0, 2, 1, 3, 2, 1, 2, 0, 1, 2, 0, 1, 0, 1, 3, 0, 2, 1, 0, 2, 1, 2, 2, 2, 3, 2, 1, 1, 0, 4, 1, 2, 1, 3, 0, 0, 4, 1, 0, 4, 0, 1, 1], [2, 2, 2, 1, 0, 0, 0, 3, 1, 2, 4, 1, 4, 6, 2, 3, 2, 0, 1, 1, 2, 1, 3, 25, 3, 3, 3, 2, 1, 1, 0, 2, 2, 2, 0, 2, 3, 0, 1, 2, 2, 2, 5, 1, 3, 1, 2, 4, 1, 0, 3, 3, 1, 1, 0, 6, 2, 2, 0, 2, 0, 0, 1, 2, 4, 2, 2, 0, 1, 0, 3, 1, 3, 1, 1, 1, 3, 0, 3, 2, 0, 2, 2, 2, 2, 1, 4, 1, 1, 0, 2, 1, 0, 1, 1, 4, 0, 2, 1, 3], [3, 0, 1, 5, 1, 1, 1, 2, 1, 4, 0, 1, 2, 1, 2, 2, 2, 1, 2, 2, 1, 3, 2, 5, 2, 2, 3, 4, 0, 4, 1, 0, 2, 1, 2, 3, 1, 3, 3, 5, 2, 1, 3, 1, 2, 0, 2, 3, 1, 2, 1, 0, 3, 0, 1, 1, 1, 2, 1, 2, 5, 3, 2, 0, 1, 2, 2, 1, 0, 2, 2, 0, 0, 0, 0, 2, 2, 1, 2, 3, 1, 3, 1, 0, 3, 3, 0, 2, 2, 4, 1, 0, 2, 1, 2, 0, 2, 1, 4, 0], [1, 0, 0, 1, 2, 1, 4, 0, 1, 3, 2, 3, 0, 2, 0, 0, 1, 3, 1, 1, 4, 1, 1, 2, 1, 0, 0, 0, 1, 3, 0, 0, 2, 0, 5, 0, 0, 2, 3, 0, 2, 3, 1, 3, 2, 2, 0, 3, 1, 0, 2, 2, 1, 2, 3, 4, 1, 0, 0, 2, 1, 1, 0, 0, 7, 1, 1, 0, 0, 2, 1, 0, 2, 3, 3, 0, 4, 2, 2, 0, 0, 3, 2, 2, 1, 0, 1, 2, 3, 1, 2, 1, 1, 2, 0, 1, 0, 2, 1, 0], [2, 4, 0, 0, 2, 0, 1, 2, 0, 2, 2, 2, 1, 0, 2, 0, 4, 2, 3, 2, 1, 2, 2, 2, 1, 0, 3, 0, 0, 1, 1, 2, 1, 1, 2, 0, 0, 0, 1, 2, 2, 1, 0, 0, 0, 1, 0, 1, 0, 1, 0, 0, 3, 0, 0, 0, 0, 1, 0, 0, 1, 1, 0, 0, 1, 1, 1, 1, 3, 1, 0, 1, 2, 1, 0, 2, 1, 0, 1, 0, 1, 2, 0, 2, 3, 0, 1, 1, 0, 0, 5, 3, 1, 0, 0, 1, 0, 1, 2, 2], [0, 2, 0, 0, 1, 1, 0, 0, 1, 0, 0, 1, 1, 0, 1, 2, 0, 0, 2, 1, 1, 1, 0, 1, 0, 1, 1, 2, 0, 2, 2, 0, 1, 0, 1, 1, 0, 1, 1, 0, 2, 2, 0, 0, 0, 0, 1, 3, 3, 0, 0, 0, 0, 0, 1, 0, 0, 1, 1, 2, 1, 0, 0, 1, 2, 2, 1, 3, 0, 0, 0, 1, 1, 0, 0, 0, 1, 1, 1, 0, 1, 1, 2, 4, 1, 0, 0, 2, 0, 0, 0, 1, 1, 1, 0, 0, 1, 0, 1, 0], [1, 0, 0, 0, 0, 0, 1, 0, 0, 2, 0, 1, 1, 1, 1, 1, 0, 0, 0, 1, 3, 0, 0, 1, 1, 2, 1, 1, 3, 0, 0, 1, 0, 1, 0, 1, 1, 1, 0, 0, 1, 0, 0, 1, 0, 0, 1, 0, 2, 0, 0, 0, 2, 0, 0, 0, 1, 0, 0, 0, 0, 1, 0, 0, 0, 0, 0, 0, 0, 0, 0, 0, 1, 0, 0, 0, 0, 1, 0, 0, 1, 0, 2, 0, 1, 0, 0, 0, 0, 0, 0, 0, 2, 0, 0, 0, 0, 0, 1, 1], [0, 0, 0, 0, 0, 0, 2, 1, 0, 0, 2, 1, 1, 0, 0, 0, 0, 0, 0, 0, 1, 0, 1, 1, 0, 1, 0, 0, 0, 0, 0, 0, 0, 0, 0, 2, 0, 0, 0, 0, 0, 0, 0, 0, 0, 0, 0, 0, 0, 0, 0, 0, 1, 0, 0, 0, 0, 0, 0, 0, 0, 0, 1, 0, 0, 1, 0, 0, 0, 0, 1, 0, 0, 0, 1, 0, 0, 0, 0, 0, 0, 0, 0, 0, 0, 2, 0, 0, 0, 0, 0, 0, 0, 0, 1, 0, 0, 1, 0, 0]]
users_0_m:
[0, 0, 0, 0, 0, 0, 0, 0, 0, 0]
[0, 0, 4, 3, 0, 0, 0, 0, 0, 0]
[0, 0, 1, 25, 0, 0, 0, 0, 0, 0]
[0, 0, 0, 0, 0, 0, 0, 0, 0, 0]
[0, 0, 0, 0, 0, 0, 0, 0, 0, 0]
[0, 0, 0, 0, 0, 0, 0, 0, 0, 0]
[0, 0, 0, 0, 0, 0, 0, 0, 0, 0]
[0, 0, 0, 0, 0, 0, 0, 0, 0, 0]
[0, 0, 0, 0, 0, 0, 0, 0, 0, 0]
[0, 0, 0, 0, 0, 0, 0, 0, 0, 0]
users_1_m:
[0, 0, 0, 0, 0, 1, 0, 0, 0, 0]
[0, 0, 4, 3, 0, 0, 0, 0, 0, 0]
[1, 0, 3, 39, 1, 2, 1, 0, 1, 0]
[0, 0, 0, 1, 0, 0, 0, 1, 0, 2]
[1, 1, 0, 1, 0, 1, 1, 0, 0, 1]
[0, 0, 0, 0, 0, 0, 0, 1, 0, 0]
[1, 1, 0, 0, 0, 0, 0, 1, 0, 1]
[0, 0, 0, 0, 1, 2, 1, 1, 0, 0]
[1, 0, 1, 1, 1, 0, 0, 0, 1, 0]
[0, 0, 0, 1, 0, 0, 0, 0, 0, 0]
users_2_m:
[0, 1, 1, 1, 1, 1, 0, 1, 0, 2]
[1, 0, 4, 3, 1, 1, 1, 0, 2, 0]
[0, 1, 2, 18, 3, 0, 1, 1, 0, 2]
[1, 0, 0, 1, 0, 1, 1, 0, 2, 1]
[0, 0, 1, 2, 1, 1, 0, 0, 1, 0]
[0, 2, 1, 0, 0, 1, 0, 2, 4, 0]
[1, 0, 0, 0, 3, 2, 4, 0, 2, 1]
[0, 0, 2, 1, 1, 0, 1, 0, 0, 0]
[0, 0, 1, 0, 2, 2, 1, 1, 0, 0]
[0, 2, 3, 1, 1, 1, 0, 2, 1, 0]
users_3_m:
[2, 1, 1, 0, 2, 0, 0, 2, 0, 2]
[2, 0, 3, 5, 3, 0, 2, 0, 1, 1]
[1, 0, 5, 26, 0, 0, 0, 1, 0, 0]
[3, 0, 1, 0, 2, 2, 2, 3, 0, 2]
[1, 1, 2, 0, 1, 1, 0, 2, 3, 2]
[1, 1, 2, 1, 0, 0, 0, 1, 2, 2]
[1, 2, 1, 0, 1, 1, 0, 0, 0, 1]
[1, 1, 0, 0, 1, 1, 0, 0, 1, 3]
[2, 2, 1, 3, 0, 2, 0, 4, 3, 1]
[3, 0, 2, 0, 1, 0, 3, 0, 2, 1]
users_4_m:
[2, 0, 2, 0, 2, 1, 3, 1, 0, 1]
[1, 0, 4, 4, 0, 4, 1, 0, 3, 1]
[1, 1, 4, 15, 1, 4, 1, 2, 3, 4]
[1, 4, 0, 2, 1, 2, 1, 1, 2, 4]
[2, 2, 4, 0, 0, 0, 1, 1, 1, 2]
[1, 2, 0, 1, 5, 1, 0, 0, 2, 1]
[3, 2, 1, 2, 0, 1, 2, 0, 1, 0]
[1, 3, 0, 2, 1, 0, 2, 1, 2, 2]
[2, 3, 2, 1, 1, 0, 4, 1, 2, 1]
[3, 0, 0, 4, 1, 0, 4, 0, 1, 1]
users_5_m:
[2, 2, 2, 1, 0, 0, 0, 3, 1, 2]
[4, 1, 4, 6, 2, 3, 2, 0, 1, 1]
[2, 1, 3, 25, 3, 3, 3, 2, 1, 1]
[0, 2, 2, 2, 0, 2, 3, 0, 1, 2]
[2, 2, 5, 1, 3, 1, 2, 4, 1, 0]
[3, 3, 1, 1, 0, 6, 2, 2, 0, 2]
[0, 0, 1, 2, 4, 2, 2, 0, 1, 0]
[3, 1, 3, 1, 1, 1, 3, 0, 3, 2]
[0, 2, 2, 2, 2, 1, 4, 1, 1, 0]
[2, 1, 0, 1, 1, 4, 0, 2, 1, 3]
users_6_m:
[3, 0, 1, 5, 1, 1, 1, 2, 1, 4]
[0, 1, 2, 1, 2, 2, 2, 1, 2, 2]
[1, 3, 2, 5, 2, 2, 3, 4, 0, 4]
[1, 0, 2, 1, 2, 3, 1, 3, 3, 5]
[2, 1, 3, 1, 2, 0, 2, 3, 1, 2]
[1, 0, 3, 0, 1, 1, 1, 2, 1, 2]
[5, 3, 2, 0, 1, 2, 2, 1, 0, 2]
[2, 0, 0, 0, 0, 2, 2, 1, 2, 3]
[1, 3, 1, 0, 3, 3, 0, 2, 2, 4]
[1, 0, 2, 1, 2, 0, 2, 1, 4, 0]
users_7_m:
[1, 0, 0, 1, 2, 1, 4, 0, 1, 3]
[2, 3, 0, 2, 0, 0, 1, 3, 1, 1]
[4, 1, 1, 2, 1, 0, 0, 0, 1, 3]
[0, 0, 2, 0, 5, 0, 0, 2, 3, 0]
[2, 3, 1, 3, 2, 2, 0, 3, 1, 0]
[2, 2, 1, 2, 3, 4, 1, 0, 0, 2]
[1, 1, 0, 0, 7, 1, 1, 0, 0, 2]
[1, 0, 2, 3, 3, 0, 4, 2, 2, 0]
[0, 3, 2, 2, 1, 0, 1, 2, 3, 1]
[2, 1, 1, 2, 0, 1, 0, 2, 1, 0]
users_8_m:
[2, 4, 0, 0, 2, 0, 1, 2, 0, 2]
[2, 2, 1, 0, 2, 0, 4, 2, 3, 2]
[1, 2, 2, 2, 1, 0, 3, 0, 0, 1]
[1, 2, 1, 1, 2, 0, 0, 0, 1, 2]
[2, 1, 0, 0, 0, 1, 0, 1, 0, 1]
[0, 0, 3, 0, 0, 0, 0, 1, 0, 0]
[1, 1, 0, 0, 1, 1, 1, 1, 3, 1]
[0, 1, 2, 1, 0, 2, 1, 0, 1, 0]
[1, 2, 0, 2, 3, 0, 1, 1, 0, 0]
[5, 3, 1, 0, 0, 1, 0, 1, 2, 2]
users_9_m:
[0, 2, 0, 0, 1, 1, 0, 0, 1, 0]
[0, 1, 1, 0, 1, 2, 0, 0, 2, 1]
[1, 1, 0, 1, 0, 1, 1, 2, 0, 2]
[2, 0, 1, 0, 1, 1, 0, 1, 1, 0]
[2, 2, 0, 0, 0, 0, 1, 3, 3, 0]
[0, 0, 0, 0, 1, 0, 0, 1, 1, 2]
[1, 0, 0, 1, 2, 2, 1, 3, 0, 0]
[0, 1, 1, 0, 0, 0, 1, 1, 1, 0]
[1, 1, 2, 4, 1, 0, 0, 2, 0, 0]
[0, 1, 1, 1, 0, 0, 1, 0, 1, 0]
users_10_m:
[1, 0, 0, 0, 0, 0, 1, 0, 0, 2]
[0, 1, 1, 1, 1, 1, 0, 0, 0, 1]
[3, 0, 0, 1, 1, 2, 1, 1, 3, 0]
[0, 1, 0, 1, 0, 1, 1, 1, 0, 0]
[1, 0, 0, 1, 0, 0, 1, 0, 2, 0]
[0, 0, 2, 0, 0, 0, 1, 0, 0, 0]
[0, 1, 0, 0, 0, 0, 0, 0, 0, 0]
[0, 0, 1, 0, 0, 0, 0, 1, 0, 0]
[1, 0, 2, 0, 1, 0, 0, 0, 0, 0]
[0, 0, 2, 0, 0, 0, 0, 0, 1, 1]
users_11_m:
[0, 0, 0, 0, 0, 0, 2, 1, 0, 0]
[2, 1, 1, 0, 0, 0, 0, 0, 0, 0]
[1, 0, 1, 1, 0, 1, 0, 0, 0, 0]
[0, 0, 0, 0, 0, 2, 0, 0, 0, 0]
[0, 0, 0, 0, 0, 0, 0, 0, 0, 0]
[0, 0, 1, 0, 0, 0, 0, 0, 0, 0]
[0, 0, 1, 0, 0, 1, 0, 0, 0, 0]
[1, 0, 0, 0, 1, 0, 0, 0, 0, 0]
[0, 0, 0, 0, 0, 2, 0, 0, 0, 0]
[0, 0, 0, 0, 1, 0, 0, 1, 0, 0]
MAX_USER_PER_ANTENNAS_m:  [40, 40, 40, 40, 40, 40, 40, 40, 40, 40, 40, 40, 40, 40, 40, 40, 40, 40, 40, 40, 40, 40, 40, 40, 40, 40, 40, 40, 40, 40, 40, 40, 40, 40, 40, 40, 40, 40, 40, 40, 40, 40, 40, 40, 40, 40, 40, 40, 40, 40, 40, 40, 40, 40, 40, 40, 40, 40, 40, 40, 40, 40, 40, 40, 40, 40, 40, 40, 40, 40, 40, 40, 40, 40, 40, 40, 40, 40, 40, 40, 40, 40, 40, 40, 40, 40, 40, 40, 40, 40, 40, 40, 40, 40, 40, 40, 40, 40, 40, 40]
antennas_map_m:  [1, 1, 1, 1, 1, 1, 1, 1, 1, 1, 1, 1, 1, 1, 1, 1, 1, 1, 1, 1, 1, 1, 1, 1, 1, 1, 1, 1, 1, 1, 1, 1, 1, 1, 1, 1, 1, 1, 1, 1, 1, 1, 1, 1, 1, 1, 1, 1, 1, 1, 1, 1, 1, 1, 1, 1, 1, 1, 1, 1, 1, 1, 1, 1, 1, 1, 1, 1, 1, 1, 1, 1, 1, 1, 1, 1, 1, 1, 1, 1, 1, 1, 1, 1, 1, 1, 1, 1, 1, 1, 1, 1, 1, 1, 1, 1, 1, 1, 1, 1]
FIRST_ANTENNA:  37
MIN_SNR_m:  [31.622776601683793, 31.622776601683793, 31.622776601683793, 31.622776601683793, 31.622776601683793, 31.622776601683793, 31.622776601683793, 31.622776601683793, 31.622776601683793, 31.622776601683793, 31.622776601683793, 31.622776601683793, 31.622776601683793, 31.622776601683793, 31.622776601683793, 31.622776601683793, 31.622776601683793, 31.622776601683793, 31.622776601683793, 31.622776601683793, 31.622776601683793, 31.622776601683793, 31.622776601683793, 31.622776601683793, 31.622776601683793, 31.622776601683793, 31.622776601683793, 31.622776601683793, 31.622776601683793, 31.622776601683793, 31.622776601683793, 31.622776601683793, 31.622776601683793, 31.622776601683793, 31.622776601683793, 31.622776601683793, 31.622776601683793, 31.622776601683793, 31.622776601683793, 31.622776601683793, 31.622776601683793, 31.622776601683793, 31.622776601683793, 31.622776601683793, 31.622776601683793, 31.622776601683793, 31.622776601683793, 31.622776601683793, 31.622776601683793, 31.622776601683793, 31.622776601683793, 31.622776601683793, 31.622776601683793, 31.622776601683793, 31.622776601683793, 31.622776601683793, 31.622776601683793, 31.622776601683793, 31.622776601683793, 31.622776601683793, 31.622776601683793, 31.622776601683793, 31.622776601683793, 31.622776601683793, 31.622776601683793, 31.622776601683793, 31.622776601683793, 31.622776601683793, 31.622776601683793, 31.622776601683793, 31.622776601683793, 31.622776601683793, 31.622776601683793, 31.622776601683793, 31.622776601683793, 31.622776601683793, 31.622776601683793, 31.622776601683793, 31.622776601683793, 31.622776601683793, 31.622776601683793, 31.622776601683793, 31.622776601683793, 31.622776601683793, 31.622776601683793, 31.622776601683793, 31.622776601683793, 31.622776601683793, 31.622776601683793, 31.622776601683793, 31.622776601683793, 31.622776601683793, 31.622776601683793, 31.622776601683793, 31.622776601683793, 31.622776601683793, 31.622776601683793, 31.622776601683793, 31.622776601683793, 31.622776601683793]
-MIN_DIST:  2000
- disaster percentage:  0

Slice  0
Updating fitness _wolf
--------

Run GWO to deployment +1 antenna on the map
	Pack size:  300
	Wolf dimension 1
	Max iter 100
	antennas_regions:  [37]
	users_regions:  [12 13 22 23]
	Seed_base:  18736
initial_alpha:  Wolf 254 (18990). Fitness: 14.2848378921953
	(1899.7028075427647, 879.5898611321525, 0). Region: 24
initial_beta:  Wolf 14 (18750). Fitness: 3.3313721296411424e-05
	(1250.298558558066, 764.9840407592965, 0). Region: 13
initial_delta:  Wolf 161 (18897). Fitness: 3.3313721296411424e-05
	(1398.0271407691353, 493.3349020037423, 0). Region: 13 

The alpha wolf has been updated to a position with higher fitness. iter = 0
New alpha wolf:  Wolf 72 (18808). Fitness: 34.74738757862851
	(812.9088481882355, 1365.423568472763, 0.0). Region: 32
iter = 10
Alpha wolf:  Wolf 72 (18808). Fitness: 34.74738757862851
	(1007.2113100515583, 1498.9656573283614, 0.0). Region: 32
iter = 20
Alpha wolf:  Wolf 72 (18808). Fitness: 34.74738757862851
	(1113.9506474128884, 1293.3287114895647, 0.0). Region: 32
iter = 30
Alpha wolf:  Wolf 72 (18808). Fitness: 34.74738757862851
	(1161.9278093536352, 1400.6808231248074, 0.0). Region: 32
iter = 40
Alpha wolf:  Wolf 72 (18808). Fitness: 34.74738757862851
	(952.4213214649459, 1533.9290098766087, 0.0). Region: 32
iter = 50
Alpha wolf:  Wolf 72 (18808). Fitness: 34.74738757862851
	(895.7407163249511, 1426.1653602681156, 0.0). Region: 32
iter = 60
Alpha wolf:  Wolf 72 (18808). Fitness: 34.74738757862851
	(950.7978496158813, 1363.581365262203, 0.0). Region: 32
iter = 70
Alpha wolf:  Wolf 72 (18808). Fitness: 34.74738757862851
	(892.7401840945554, 1397.1945764882569, 0.0). Region: 32
iter = 80
Alpha wolf:  Wolf 72 (18808). Fitness: 34.74738757862851
	(1053.1833517289824, 1431.327627086089, 0.0). Region: 32
iter = 90
Alpha wolf:  Wolf 72 (18808). Fitness: 34.74738757862851
	(1078.1736508916883, 1421.5558152943315, 0.0). Region: 32

- Finishing GWO - 

Best solution:  Wolf 72 (18808). Fitness: 34.74738757862851
	(1044.9846646620483, 1347.7682770144215, 0.0). Region: 32
Antennas in slice 0:  [32 37]

Slice  1
Updating fitness _wolf
--------

Run GWO to deployment +1 antenna on the map
	Pack size:  300
	Wolf dimension 1
	Max iter 100
	antennas_regions:  [32 37]
	users_regions:  [ 5 12 13 20 22 23 24 25 26 28 33 37 39 40 41 43 45 46 49 57 60 61 67 69
 74 75 76 77 80 82 83 84 88 93]
	Seed_base:  23386
initial_alpha:  Wolf 0 (23386). Fitness: 0
	(1213.7605486892328, 3038.959225148972, 0). Region: 73
initial_beta:  Wolf 1 (23387). Fitness: 0
	(3183.1649687906806, 3625.619940551052, 0). Region: 97
initial_delta:  Wolf 2 (23388). Fitness: 0
	(3144.7954541340046, 1608.2485826273617, 0). Region: 47 

iter = 10
Alpha wolf:  Wolf 0 (23386). Fitness: 0
	(1998.6142505120845, 1051.889316460397, 0.0). Region: 24
iter = 20
Alpha wolf:  Wolf 0 (23386). Fitness: 0
	(1304.1677437029884, 1535.5275564302888, 0.0). Region: 33
iter = 30
Alpha wolf:  Wolf 0 (23386). Fitness: 0
	(1399.5248359684006, 1078.692436175036, 0.0). Region: 23
iter = 40
Alpha wolf:  Wolf 0 (23386). Fitness: 0
	(2760.640877889259, 3297.604510571326, 0.0). Region: 86
iter = 50
Alpha wolf:  Wolf 0 (23386). Fitness: 0
	(561.4718940271808, 3231.513726262293, 0.0). Region: 81
iter = 60
Alpha wolf:  Wolf 0 (23386). Fitness: 0
	(1482.2339770360077, 3602.477730601704, 0.0). Region: 93
iter = 70
Alpha wolf:  Wolf 0 (23386). Fitness: 0
	(884.2763562017135, 2512.7972927122164, 0.0). Region: 62
iter = 80
Alpha wolf:  Wolf 0 (23386). Fitness: 0
	(899.5374704457251, 2450.7273973977653, 0.0). Region: 62
iter = 90
Alpha wolf:  Wolf 0 (23386). Fitness: 0
	(915.2658133996929, 2385.6913335312097, 0.0). Region: 52

Run GWO to deployment +2 antenna on the map
	Pack size:  300
	Wolf dimension 2
	Max iter 100
	antennas_regions:  [32 37]
	users_regions:  [ 5 12 13 20 22 23 24 25 26 28 33 37 39 40 41 43 45 46 49 57 60 61 67 69
 74 75 76 77 80 82 83 84 88 93]
	Seed_base:  42931
initial_alpha:  Wolf 0 (42931). Fitness: 0
	(3733.485142016784, 1907.0807649759192, 0). Region: 49
	(3900.366301909008, 3746.632406967982, 0). Region: 99
initial_beta:  Wolf 1 (42932). Fitness: 0
	(163.05040147464567, 2398.0402581720896, 0). Region: 50
	(3214.6380312569154, 261.3808986154753, 0). Region: 8
initial_delta:  Wolf 2 (42933). Fitness: 0
	(3458.17239359763, 814.7295586491006, 0). Region: 28
	(2362.1183836538694, 3126.3869286245276, 0). Region: 75 

iter = 10
Alpha wolf:  Wolf 0 (42931). Fitness: 0
	(717.5515475917097, 1001.0802567100138, 0.0). Region: 21
	(3504.338129076027, 434.2840671958745, 0.0). Region: 18
iter = 20
Alpha wolf:  Wolf 0 (42931). Fitness: 0
	(778.2170394126106, 387.03657489688453, 0.0). Region: 1
	(2948.9398991717, 3136.3679422148944, 0.0). Region: 77
iter = 30
Alpha wolf:  Wolf 0 (42931). Fitness: 0
	(2262.678219465261, 168.49803307098728, 0.0). Region: 5
	(2259.366299982927, 1035.5472343238578, 0.0). Region: 25
iter = 40
Alpha wolf:  Wolf 0 (42931). Fitness: 0
	(2166.0281749146197, 95.1016518636555, 0.0). Region: 5
	(2549.0879842283166, 208.56203799656868, 0.0). Region: 6
iter = 50
Alpha wolf:  Wolf 0 (42931). Fitness: 0
	(1764.5548732060254, 92.58022715810132, 0.0). Region: 4
	(1806.5733826959863, 129.5961946420462, 0.0). Region: 4
iter = 60
Alpha wolf:  Wolf 0 (42931). Fitness: 0
	(1627.0362352234824, 136.16057049942896, 0.0). Region: 4
	(1456.35693870995, 163.31689789866184, 0.0). Region: 3
iter = 70
Alpha wolf:  Wolf 0 (42931). Fitness: 0
	(1769.3285542364201, 109.59151664009528, 0.0). Region: 4
	(956.5499170973328, 95.38255032373925, 0.0). Region: 2
iter = 80
Alpha wolf:  Wolf 0 (42931). Fitness: 0
	(1820.5716965827687, 126.23888982488239, 0.0). Region: 4
	(881.1973817302369, 102.72433176692297, 0.0). Region: 2
iter = 90
Alpha wolf:  Wolf 0 (42931). Fitness: 0
	(1718.0610080281458, 117.01183073209552, 0.0). Region: 4
	(608.1051549219056, 108.70055034096784, 0.0). Region: 1

Run GWO to deployment +3 antenna on the map
	Pack size:  300
	Wolf dimension 3
	Max iter 100
	antennas_regions:  [32 37]
	users_regions:  [ 5 12 13 20 22 23 24 25 26 28 33 37 39 40 41 43 45 46 49 57 60 61 67 69
 74 75 76 77 80 82 83 84 88 93]
	Seed_base:  69280
initial_alpha:  Wolf 0 (69280). Fitness: 0
	(2081.7145679615596, 3312.977024666057, 0). Region: 85
	(2432.2863776669597, 3371.712374426229, 0). Region: 86
	(2952.823974958008, 284.6247241255262, 0). Region: 7
initial_beta:  Wolf 1 (69281). Fitness: 0
	(2265.050205950254, 3330.4245005870844, 0). Region: 85
	(3761.22498942288, 942.9994222486853, 0). Region: 29
	(1067.1826887434056, 1528.498669647404, 0). Region: 32
initial_delta:  Wolf 2 (69282). Fitness: 0
	(171.59398569686334, 1520.1585163866232, 0). Region: 30
	(2506.4670617427764, 1289.6659543394721, 0). Region: 36
	(1166.5930765965445, 329.34509390463785, 0). Region: 2 

iter = 10
Alpha wolf:  Wolf 0 (69280). Fitness: 0
	(1702.3076566187083, 3601.3465435972694, 0.0). Region: 94
	(1515.6652680744676, 998.0051741902968, 0.0). Region: 23
	(301.40052442832103, 1450.581364717913, 0.0). Region: 30
iter = 20
Alpha wolf:  Wolf 0 (69280). Fitness: 0
	(2904.869487624197, 924.4356833459984, 0.0). Region: 27
	(2744.4027989741376, 348.0407800086969, 0.0). Region: 6
	(661.6030224291846, 2933.186906546209, 0.0). Region: 71
iter = 30
Alpha wolf:  Wolf 0 (69280). Fitness: 0
	(2144.5820141540507, 2158.775137268848, 0.0). Region: 55
	(376.2272018650757, 990.6973771407966, 0.0). Region: 20
	(353.7310195778751, 556.7785855580886, 0.0). Region: 10
iter = 40
Alpha wolf:  Wolf 0 (69280). Fitness: 0
	(1793.9370827974683, 695.1749201893805, 0.0). Region: 14
	(224.92498875214216, 637.125101484758, 0.0). Region: 10
	(71.84775776900433, 619.1404768205603, 0.0). Region: 10
iter = 50
Alpha wolf:  Wolf 0 (69280). Fitness: 0
	(439.23413924359994, 461.9015416678447, 0.0). Region: 11
	(364.38554239903334, 364.57396220777275, 0.0). Region: 0
	(93.01751490691754, 600.7982015256503, 0.0). Region: 10
iter = 60
Alpha wolf:  Wolf 0 (69280). Fitness: 0
	(379.45406257500895, 962.3847455286128, 0.0). Region: 20
	(306.54942257466047, 434.2237221301715, 0.0). Region: 10
	(98.21868849800036, 278.7489998549643, 0.0). Region: 0
iter = 70
Alpha wolf:  Wolf 0 (69280). Fitness: 0
	(216.8473266245477, 979.0158659147128, 0.0). Region: 20
	(206.3736263163943, 468.73105344533957, 0.0). Region: 10
	(111.00988518421362, 218.01239718742465, 0.0). Region: 0
iter = 80
Alpha wolf:  Wolf 0 (69280). Fitness: 0
	(298.157922254448, 865.2776668945386, 0.0). Region: 20
	(337.379948726197, 453.94053320833837, 0.0). Region: 10
	(81.13701251265674, 243.35094626406118, 0.0). Region: 0
iter = 90
Alpha wolf:  Wolf 0 (69280). Fitness: 0
	(313.54816739274884, 815.5569164173776, 0.0). Region: 20
	(346.08693307702606, 571.9559394054324, 0.0). Region: 10
	(89.53017397943417, 265.3772412755575, 0.0). Region: 0

Run GWO to deployment +4 antenna on the map
	Pack size:  300
	Wolf dimension 4
	Max iter 100
	antennas_regions:  [32 37]
	users_regions:  [ 5 12 13 20 22 23 24 25 26 28 33 37 39 40 41 43 45 46 49 57 60 61 67 69
 74 75 76 77 80 82 83 84 88 93]
	Seed_base:  69296
initial_alpha:  Wolf 0 (69296). Fitness: 0
	(3863.823957937671, 3209.319511923636, 0). Region: 89
	(1841.8153980787172, 1884.3299429157491, 0). Region: 44
	(2224.802649879206, 1379.502176197195, 0). Region: 35
	(1411.320432033187, 1249.7367765467247, 0). Region: 33
initial_beta:  Wolf 1 (69297). Fitness: 0
	(2677.3675714946257, 1705.3495369397913, 0). Region: 46
	(2402.5798459963617, 2082.0929842607006, 0). Region: 56
	(72.4923241213542, 2244.0108525423766, 0). Region: 50
	(3485.7629630711526, 1292.5590280591935, 0). Region: 38
initial_delta:  Wolf 2 (69298). Fitness: 0
	(3068.8255779974675, 97.16843428682287, 0). Region: 7
	(1882.228225059694, 1958.3481266481097, 0). Region: 44
	(242.4201432688373, 697.2177588909685, 0). Region: 10
	(2173.2587548689157, 2092.0967126498713, 0). Region: 55 

iter = 10
Alpha wolf:  Wolf 0 (69296). Fitness: 0
	(3299.214697986986, 698.6351377706717, 0.0). Region: 18
	(3834.747796122214, 406.9691118466156, 0.0). Region: 19
	(1715.3514449563481, 647.3598709901325, 0.0). Region: 14
	(2486.887010509545, 29.878220836785886, 0.0). Region: 6
iter = 20
Alpha wolf:  Wolf 0 (69296). Fitness: 0
	(2479.217195309392, 1096.2042215296008, 0.0). Region: 26
	(385.64672409502884, 2202.729790915186, 0.0). Region: 50
	(690.3764524146242, 1408.2822639744782, 0.0). Region: 31
	(2468.0394274000228, 77.94586494857887, 0.0). Region: 6
iter = 30
Alpha wolf:  Wolf 0 (69296). Fitness: 0
	(804.6532082910605, 666.4948924786027, 0.0). Region: 12
	(1802.1259809441744, 3378.16346163275, 0.0). Region: 84
	(300.1394914636121, 3964.8850188972638, 0.0). Region: 90
	(3469.2433583371753, 108.67930113149112, 0.0). Region: 8
iter = 40
Alpha wolf:  Wolf 0 (69296). Fitness: 0
	(3203.6274089760627, 470.85289179085396, 0.0). Region: 18
	(992.842931522108, 2262.3907840034726, 0.0). Region: 52
	(188.51810645479284, 868.4579620829425, 0.0). Region: 20
	(1911.6865480194, 117.47025250089264, 0.0). Region: 4
iter = 50
Alpha wolf:  Wolf 0 (69296). Fitness: 0
	(2682.203292083993, 137.99385648808212, 0.0). Region: 6
	(878.4084582769285, 2963.2243266265104, 0.0). Region: 72
	(162.4619352629888, 1518.6523889100254, 0.0). Region: 30
	(2810.313178593158, 64.89421048370866, 0.0). Region: 7
iter = 60
Alpha wolf:  Wolf 0 (69296). Fitness: 0
	(1425.6461009061354, 222.22922151684318, 0.0). Region: 3
	(555.2550121716946, 2609.058532276036, 0.0). Region: 61
	(163.60538714079848, 630.136553995203, 0.0). Region: 10
	(1748.1660856519538, 210.26910149654478, 0.0). Region: 4
iter = 70
Alpha wolf:  Wolf 0 (69296). Fitness: 0
	(937.9959944669956, 327.4868601528899, 0.0). Region: 2
	(374.3866781112762, 2225.7343867158684, 0.0). Region: 50
	(245.25071897249904, 701.4476793992094, 0.0). Region: 10
	(1381.923886664564, 139.09122260682523, 0.0). Region: 3
iter = 80
Alpha wolf:  Wolf 0 (69296). Fitness: 0
	(1120.3643927569888, 296.2367001570651, 0.0). Region: 2
	(380.6610730547227, 1772.2063417744744, 0.0). Region: 40
	(249.1714546023693, 838.2386975496507, 0.0). Region: 20
	(781.2080847606624, 131.13591440390078, 0.0). Region: 1
iter = 90
Alpha wolf:  Wolf 0 (69296). Fitness: 0
	(1086.6310457356267, 275.5013607369165, 0.0). Region: 2
	(334.53831556150556, 2301.833375205546, 0.0). Region: 50
	(232.40151942704665, 926.2423484939454, 0.0). Region: 20
	(805.2596546183911, 105.78981699872412, 0.0). Region: 2

Run GWO to deployment +5 antenna on the map
	Pack size:  300
	Wolf dimension 5
	Max iter 100
	antennas_regions:  [32 37]
	users_regions:  [ 5 12 13 20 22 23 24 25 26 28 33 37 39 40 41 43 45 46 49 57 60 61 67 69
 74 75 76 77 80 82 83 84 88 93]
	Seed_base:  33782
initial_alpha:  Wolf 0 (33782). Fitness: 0
	(3763.6160172947075, 1065.8689794125937, 0). Region: 29
	(2451.6833910723803, 2478.4840912957393, 0). Region: 66
	(1637.5799493352265, 860.2153159092576, 0). Region: 24
	(2445.2416450763035, 1965.3642643543963, 0). Region: 46
	(1393.6065713633288, 1435.8552013120711, 0). Region: 33
initial_beta:  Wolf 1 (33783). Fitness: 0
	(325.2336393116235, 557.8912865412335, 0). Region: 10
	(2612.0633393106145, 949.4544890053422, 0). Region: 26
	(2205.924529422285, 3236.5481167874714, 0). Region: 85
	(3018.463935053127, 2703.121258707689, 0). Region: 67
	(3679.3651956094927, 2081.7252531366707, 0). Region: 59
initial_delta:  Wolf 2 (33784). Fitness: 0
	(3389.075723951044, 2548.2798705726245, 0). Region: 68
	(2212.398173874639, 1938.831540499053, 0). Region: 45
	(3808.7114041646414, 2981.9606946890926, 0). Region: 79
	(2507.2875714875577, 1405.3294760314557, 0). Region: 36
	(3172.835472592595, 3418.4425525699025, 0). Region: 87 

iter = 10
Alpha wolf:  Wolf 0 (33782). Fitness: 0
	(415.6261835176149, 2153.6604036415565, 0.0). Region: 51
	(2160.2126534937315, 2893.5069564279675, 0.0). Region: 75
	(714.7038060439113, 756.5849004101661, 0.0). Region: 11
	(991.1138543219306, 2210.9163710377406, 0.0). Region: 52
	(1795.9623146999004, 347.7900444747934, 0.0). Region: 4
iter = 20
Alpha wolf:  Wolf 0 (33782). Fitness: 0
	(108.4253633559477, 268.74633950382776, 0.0). Region: 0
	(273.1610861252812, 2173.4277843958193, 0.0). Region: 50
	(1008.3138475930903, 347.75290815664476, 0.0). Region: 2
	(1668.9893043497043, 1629.9116725412068, 0.0). Region: 44
	(9.838379937599862, 167.88442062959194, 0.0). Region: 0
iter = 30
Alpha wolf:  Wolf 0 (33782). Fitness: 0
	(152.512483109448, 1510.8970669344667, 0.0). Region: 30
	(252.08232240529537, 358.9515262320525, 0.0). Region: 0
	(707.1259720545486, 66.1601696998144, 0.0). Region: 1
	(1742.702425517039, 117.4195094007047, 0.0). Region: 4
	(258.7625689639544, 232.72017156576527, 0.0). Region: 0
iter = 40
Alpha wolf:  Wolf 0 (33782). Fitness: 0
	(182.09182193683583, 67.02585981935906, 0.0). Region: 0
	(27.165071588719048, 320.19715155579854, 0.0). Region: 0
	(2642.4432147544876, 66.37546339574597, 0.0). Region: 6
	(1138.9327996859715, 388.23736488800864, 0.0). Region: 2
	(841.3977148406077, 162.53433507232467, 0.0). Region: 2
iter = 50
Alpha wolf:  Wolf 0 (33782). Fitness: 0
	(225.17756187823446, 123.63618199132523, 0.0). Region: 0
	(73.23315314615735, 379.0195173413996, 0.0). Region: 0
	(1372.2047393699734, 93.85797445886175, 0.0). Region: 3
	(1049.2890950284846, 377.76941304010944, 0.0). Region: 2
	(2139.7752692960503, 242.55063927167032, 0.0). Region: 5
iter = 60
Alpha wolf:  Wolf 0 (33782). Fitness: 0
	(209.2622445629856, 112.69447728945556, 0.0). Region: 0
	(66.05606293722461, 555.4218712541439, 0.0). Region: 10
	(928.154368037786, 86.47028517438748, 0.0). Region: 2
	(996.3950185015658, 311.5800082502352, 0.0). Region: 2
	(1129.946588655525, 209.32885838874085, 0.0). Region: 2
iter = 70
Alpha wolf:  Wolf 0 (33782). Fitness: 0
	(218.33965210666034, 50.139215745642346, 0.0). Region: 0
	(85.35127452549554, 761.5756160640208, 0.0). Region: 10
	(853.0485178709871, 100.78570034833524, 0.0). Region: 2
	(1250.2758579450474, 207.40702661730722, 0.0). Region: 3
	(968.5409177386293, 196.1267148030638, 0.0). Region: 2
iter = 80
Alpha wolf:  Wolf 0 (33782). Fitness: 0
	(279.9611180991851, 59.20624031785162, 0.0). Region: 0
	(80.90733728893741, 646.205540522044, 0.0). Region: 10
	(747.7650700353024, 95.53599727025608, 0.0). Region: 1
	(1344.1618283145463, 242.26547911943186, 0.0). Region: 3
	(811.9397706651264, 294.26087606880435, 0.0). Region: 2
iter = 90
Alpha wolf:  Wolf 0 (33782). Fitness: 0
	(320.99739377931473, 73.17244767349838, 0.0). Region: 0
	(80.02438470131376, 571.4016416579217, 0.0). Region: 10
	(669.0233527377832, 117.95137348969246, 0.0). Region: 1
	(1205.9533986489396, 273.8077767790595, 0.0). Region: 3
	(1053.2839788675583, 265.6013513085088, 0.0). Region: 2

Run GWO to deployment +6 antenna on the map
	Pack size:  300
	Wolf dimension 6
	Max iter 100
	antennas_regions:  [32 37]
	users_regions:  [ 5 12 13 20 22 23 24 25 26 28 33 37 39 40 41 43 45 46 49 57 60 61 67 69
 74 75 76 77 80 82 83 84 88 93]
	Seed_base:  58768
initial_alpha:  Wolf 171 (58939). Fitness: 2.474544330005779e-05
	(766.5567162894282, 892.0427930963655, 0). Region: 21
	(3751.7460446651094, 3060.4704432885187, 0). Region: 79
	(2498.7659649377174, 764.8816659012411, 0). Region: 16
	(572.7904778855999, 3427.6900171832194, 0). Region: 81
	(1679.3685961987017, 3447.0578133658864, 0). Region: 84
	(1317.5780861402316, 298.1564179883822, 0). Region: 3
initial_beta:  Wolf 0 (58768). Fitness: 0
	(656.7723323668368, 3843.715941084291, 0). Region: 91
	(2892.541741643433, 481.4156330039885, 0). Region: 17
	(833.1672360592033, 2164.782493025389, 0). Region: 52
	(2028.033768287968, 3288.4095908226464, 0). Region: 85
	(977.4803632415998, 2040.3666844579043, 0). Region: 52
	(2728.1751087717817, 966.1347386034231, 0). Region: 26
initial_delta:  Wolf 1 (58769). Fitness: 0
	(1289.7707704850743, 3792.0915312927805, 0). Region: 93
	(776.8553929319309, 2725.818979532391, 0). Region: 61
	(3656.5728586336327, 2308.49106605955, 0). Region: 59
	(2351.1851302923556, 2130.4595115712254, 0). Region: 55
	(2268.160092595136, 1316.208926886211, 0). Region: 35
	(3513.1175757461747, 473.3638789939838, 0). Region: 18 

The alpha wolf has been updated to a position with higher fitness. iter = 3
New alpha wolf:  Wolf 249 (59017). Fitness: 5.418167127478259e-05
	(845.6645352229021, 3134.760484336157, 0.0). Region: 72
	(1400.34820284949, 3060.9910311455697, 0.0). Region: 73
	(1440.412608763736, 571.832453635999, 0.0). Region: 13
	(3809.845380315328, 2474.065012719745, 0.0). Region: 69
	(3001.1776869609184, 2220.076879307711, 0.0). Region: 57
	(519.8543754188413, 1431.8581794020174, 0.0). Region: 31
iter = 10
Alpha wolf:  Wolf 249 (59017). Fitness: 5.418167127478259e-05
	(845.6645352229021, 3134.760484336157, 0.0). Region: 72
	(1400.34820284949, 3060.9910311455697, 0.0). Region: 73
	(1440.412608763736, 571.832453635999, 0.0). Region: 13
	(3809.845380315328, 2474.065012719745, 0.0). Region: 69
	(3001.1776869609184, 2220.076879307711, 0.0). Region: 57
	(519.8543754188413, 1431.8581794020174, 0.0). Region: 31
The alpha wolf has been updated to a position with higher fitness. iter = 10
New alpha wolf:  Wolf 77 (58845). Fitness: 6.276522082795159e-05
	(625.7474137206466, 1757.0385931742633, 0.0). Region: 41
	(2922.6459018788864, 1847.909927197595, 0.0). Region: 47
	(2438.6738491375813, 702.4619855280577, 0.0). Region: 16
	(2411.4348357712943, 2801.030583388373, 0.0). Region: 76
	(1522.7920669610833, 3350.9232441335225, 0.0). Region: 83
	(678.6959798393978, 867.6555656506209, 0.0). Region: 21
The alpha wolf has been updated to a position with higher fitness. iter = 14
New alpha wolf:  Wolf 55 (58823). Fitness: 6.704755623907091e-05
	(680.5223052998939, 2514.9708983667197, 0.0). Region: 61
	(2930.3166265719246, 2297.898877615184, 0.0). Region: 57
	(1598.825181583602, 722.4962181193241, 0.0). Region: 13
	(2703.574135824386, 3047.1274935198735, 0.0). Region: 76
	(786.2069261358756, 3663.5634731102273, 0.0). Region: 91
	(455.86702337223915, 1354.6013239161668, 0.0). Region: 31
The alpha wolf has been updated to a position with higher fitness. iter = 16
New alpha wolf:  Wolf 180 (58948). Fitness: 0.0001412607756446445
	(560.6788340822866, 3353.434287751228, 0.0). Region: 81
	(3038.2265936773556, 2518.437529648728, 0.0). Region: 67
	(2151.8239498114744, 612.5353463085378, 0.0). Region: 15
	(3954.7421208876913, 2324.8023479619883, 0.0). Region: 59
	(1359.3402305840596, 3186.6038344717367, 0.0). Region: 73
	(385.146529692223, 100.2548351029945, 0.0). Region: 0
iter = 20
Alpha wolf:  Wolf 180 (58948). Fitness: 0.0001412607756446445
	(560.6788340822866, 3353.434287751228, 0.0). Region: 81
	(3038.2265936773556, 2518.437529648728, 0.0). Region: 67
	(2151.8239498114744, 612.5353463085378, 0.0). Region: 15
	(3954.7421208876913, 2324.8023479619883, 0.0). Region: 59
	(1359.3402305840596, 3186.6038344717367, 0.0). Region: 73
	(385.146529692223, 100.2548351029945, 0.0). Region: 0
The alpha wolf has been updated to a position with higher fitness. iter = 22
New alpha wolf:  Wolf 285 (59053). Fitness: 0.0004277952419732722
	(633.8151599347973, 3429.8594219827046, 0.0). Region: 81
	(2900.506612605563, 3464.891433005945, 0.0). Region: 87
	(2859.1713227618193, 594.1972619251651, 0.0). Region: 17
	(3226.3695205493386, 2254.839503513435, 0.0). Region: 58
	(1169.2240488937134, 3878.756173991055, 0.0). Region: 92
	(390.3397759822649, 549.4594415500258, 0.0). Region: 10
The alpha wolf has been updated to a position with higher fitness. iter = 26
New alpha wolf:  Wolf 224 (58992). Fitness: 0.00042779524577986767
	(785.9104334251757, 3235.033894045164, 0.0). Region: 81
	(3126.5216087018725, 3997.371550171052, 0.0). Region: 97
	(1655.6314904267642, 674.8239085834502, 0.0). Region: 14
	(3522.1459389474567, 2446.82423744254, 0.0). Region: 68
	(1096.9999036615727, 3043.254509880239, 0.0). Region: 72
	(269.04309486547254, 783.2918743590658, 0.0). Region: 10
iter = 30
Alpha wolf:  Wolf 224 (58992). Fitness: 0.00042779524577986767
	(785.9104334251757, 3235.033894045164, 0.0). Region: 81
	(3126.5216087018725, 3997.371550171052, 0.0). Region: 97
	(1655.6314904267642, 674.8239085834502, 0.0). Region: 14
	(3522.1459389474567, 2446.82423744254, 0.0). Region: 68
	(1096.9999036615727, 3043.254509880239, 0.0). Region: 72
	(269.04309486547254, 783.2918743590658, 0.0). Region: 10
The alpha wolf has been updated to a position with higher fitness. iter = 36
New alpha wolf:  Wolf 132 (58900). Fitness: 0.00044680836410022277
	(427.16322445247494, 3031.996237089378, 0.0). Region: 71
	(3486.129391184735, 1762.8723062540314, 0.0). Region: 48
	(2748.0352877656305, 684.2369277487438, 0.0). Region: 16
	(3051.885208975526, 3398.376508268215, 0.0). Region: 87
	(1341.7150483521407, 3087.3840285552724, 0.0). Region: 73
	(490.10222871384826, 641.9065684521448, 0.0). Region: 11
iter = 40
Alpha wolf:  Wolf 132 (58900). Fitness: 0.00044680836410022277
	(427.16322445247494, 3031.996237089378, 0.0). Region: 71
	(3486.129391184735, 1762.8723062540314, 0.0). Region: 48
	(2748.0352877656305, 684.2369277487438, 0.0). Region: 16
	(3051.885208975526, 3398.376508268215, 0.0). Region: 87
	(1341.7150483521407, 3087.3840285552724, 0.0). Region: 73
	(490.10222871384826, 641.9065684521448, 0.0). Region: 11
The alpha wolf has been updated to a position with higher fitness. iter = 47
New alpha wolf:  Wolf 63 (58831). Fitness: 0.00044680836782499977
	(572.183433414306, 3022.8517766468563, 0.0). Region: 71
	(3492.338960081727, 2081.1161062420942, 0.0). Region: 58
	(2615.126953047412, 795.5980132618172, 0.0). Region: 16
	(2421.594821593016, 3634.9757942967117, 0.0). Region: 96
	(1537.3746107686857, 2988.46044291795, 0.0). Region: 73
	(471.1981071763301, 605.6823985439598, 0.0). Region: 11
iter = 50
Alpha wolf:  Wolf 63 (58831). Fitness: 0.00044680836782499977
	(572.183433414306, 3022.8517766468563, 0.0). Region: 71
	(3492.338960081727, 2081.1161062420942, 0.0). Region: 58
	(2615.126953047412, 795.5980132618172, 0.0). Region: 16
	(2421.594821593016, 3634.9757942967117, 0.0). Region: 96
	(1537.3746107686857, 2988.46044291795, 0.0). Region: 73
	(471.1981071763301, 605.6823985439598, 0.0). Region: 11
The alpha wolf has been updated to a position with higher fitness. iter = 58
New alpha wolf:  Wolf 60 (58828). Fitness: 0.00044680836792703973
	(443.67348464738626, 3580.053581678344, 0.0). Region: 81
	(3090.673875753612, 1975.7403344181807, 0.0). Region: 47
	(2597.486524629443, 797.9110835042061, 0.0). Region: 16
	(2550.2724526943402, 3620.0453765753437, 0.0). Region: 96
	(1438.3759564402128, 3151.551376631587, 0.0). Region: 73
	(528.745055900125, 520.7471877737744, 0.0). Region: 11
iter = 60
Alpha wolf:  Wolf 60 (58828). Fitness: 0.00044680836792703973
	(443.67348464738626, 3580.053581678344, 0.0). Region: 81
	(3090.673875753612, 1975.7403344181807, 0.0). Region: 47
	(2597.486524629443, 797.9110835042061, 0.0). Region: 16
	(2550.2724526943402, 3620.0453765753437, 0.0). Region: 96
	(1438.3759564402128, 3151.551376631587, 0.0). Region: 73
	(528.745055900125, 520.7471877737744, 0.0). Region: 11
The alpha wolf has been updated to a position with higher fitness. iter = 63
New alpha wolf:  Wolf 234 (59002). Fitness: 0.0004515616484503904
	(550.0192288046363, 2902.0478035549886, 0.0). Region: 71
	(3172.9794728274373, 1846.2986947768968, 0.0). Region: 47
	(2776.9482836831767, 762.364795071529, 0.0). Region: 16
	(2692.267253520027, 3818.994217358042, 0.0). Region: 96
	(1338.2079392401197, 2927.6434258388244, 0.0). Region: 73
	(401.09993062392095, 467.7137879877567, 0.0). Region: 11
iter = 70
Alpha wolf:  Wolf 234 (59002). Fitness: 0.0004515616484503904
	(550.0192288046363, 2902.0478035549886, 0.0). Region: 71
	(3172.9794728274373, 1846.2986947768968, 0.0). Region: 47
	(2776.9482836831767, 762.364795071529, 0.0). Region: 16
	(2692.267253520027, 3818.994217358042, 0.0). Region: 96
	(1338.2079392401197, 2927.6434258388244, 0.0). Region: 73
	(401.09993062392095, 467.7137879877567, 0.0). Region: 11
iter = 80
Alpha wolf:  Wolf 234 (59002). Fitness: 0.0004515616484503904
	(550.0192288046363, 2902.0478035549886, 0.0). Region: 71
	(3172.9794728274373, 1846.2986947768968, 0.0). Region: 47
	(2776.9482836831767, 762.364795071529, 0.0). Region: 16
	(2692.267253520027, 3818.994217358042, 0.0). Region: 96
	(1338.2079392401197, 2927.6434258388244, 0.0). Region: 73
	(401.09993062392095, 467.7137879877567, 0.0). Region: 11
iter = 90
Alpha wolf:  Wolf 234 (59002). Fitness: 0.0004515616484503904
	(477.0444963814487, 2899.328313011913, 0.0). Region: 71
	(3049.5871034857346, 1735.2436527219243, 0.0). Region: 47
	(2664.433100903695, 617.9327744415154, 0.0). Region: 16
	(2636.0657389555167, 3904.755410104267, 0.0). Region: 96
	(1346.3512748402093, 3020.227273120473, 0.0). Region: 73
	(510.98183141075475, 449.6550582503745, 0.0). Region: 11

- Finishing GWO - 

Best solution:  Wolf 234 (59002). Fitness: 0.0004515616484503904
	(483.73898350905563, 2905.727421232569, 0.0). Region: 71
	(3039.005277625859, 1734.751271617517, 0.0). Region: 47
	(2590.1443564439405, 617.8578958149244, 0.0). Region: 16
	(2604.14370820411, 3836.150905924, 0.0). Region: 96
	(1371.88818169257, 2959.2027271961097, 0.0). Region: 73
	(495.6329089682288, 464.92369586624443, 0.0). Region: 11
Antennas in slice 1:  [11 16 32 37 47 71 73 96]

Slice  2
Updating fitness _wolf
--------

Run GWO to deployment +1 antenna on the map
	Pack size:  300
	Wolf dimension 1
	Max iter 100
	antennas_regions:  [11 16 32 37 47 71 73 96]
	users_regions:  [ 1  2  3  4  5  7  9 10 12 13 14 15 16 18 21 22 23 24 26 27 29 30 33 35
 36 38 39 42 43 44 45 48 51 52 55 57 58 60 64 65 66 68 69 72 73 74 76 82
 84 85 86 87 91 92 93 94 95 97 98]
	Seed_base:  82058
initial_alpha:  Wolf 0 (82058). Fitness: 0
	(3960.529619501532, 292.0360682993768, 0). Region: 9
initial_beta:  Wolf 1 (82059). Fitness: 0
	(2591.580715828193, 1104.205232786157, 0). Region: 26
initial_delta:  Wolf 2 (82060). Fitness: 0
	(1262.7277399741095, 2065.7932615096315, 0). Region: 53 

iter = 10
Alpha wolf:  Wolf 0 (82058). Fitness: 0
	(2045.6556556641394, 2261.997652354304, 0.0). Region: 55
iter = 20
Alpha wolf:  Wolf 0 (82058). Fitness: 0
	(1380.700475269887, 1974.4253095500662, 0.0). Region: 43
iter = 30
Alpha wolf:  Wolf 0 (82058). Fitness: 0
	(1506.4949475313526, 1389.795096282619, 0.0). Region: 33
iter = 40
Alpha wolf:  Wolf 0 (82058). Fitness: 0
	(2949.8737646962186, 3899.478994940915, 0.0). Region: 97
iter = 50
Alpha wolf:  Wolf 0 (82058). Fitness: 0
	(599.9532414451869, 3196.5438067240343, 0.0). Region: 71
iter = 60
Alpha wolf:  Wolf 0 (82058). Fitness: 0
	(1583.8211826433867, 3601.3987267076054, 0.0). Region: 93
iter = 70
Alpha wolf:  Wolf 0 (82058). Fitness: 0
	(944.8816084108423, 2512.043817173319, 0.0). Region: 62
iter = 80
Alpha wolf:  Wolf 0 (82058). Fitness: 0
	(961.1886668003283, 2449.9925338448056, 0.0). Region: 62
iter = 90
Alpha wolf:  Wolf 0 (82058). Fitness: 0
	(977.9949761444091, 2384.975971385471, 0.0). Region: 52

Run GWO to deployment +2 antenna on the map
	Pack size:  300
	Wolf dimension 2
	Max iter 100
	antennas_regions:  [11 16 32 37 47 71 73 96]
	users_regions:  [ 1  2  3  4  5  7  9 10 12 13 14 15 16 18 21 22 23 24 26 27 29 30 33 35
 36 38 39 42 43 44 45 48 51 52 55 57 58 60 64 65 66 68 69 72 73 74 76 82
 84 85 86 87 91 92 93 94 95 97 98]
	Seed_base:  19834
initial_alpha:  Wolf 86 (19920). Fitness: 0.00011264071029558254
	(2803.021227639724, 8.329653137030046, 0). Region: 7
	(1798.1249838939939, 1650.2040592270776, 0). Region: 44
initial_beta:  Wolf 0 (19834). Fitness: 0
	(2378.035319518632, 1480.2761753139869, 0). Region: 35
	(3111.670627343713, 631.4539453435107, 0). Region: 17
initial_delta:  Wolf 1 (19835). Fitness: 0
	(2849.783283201222, 2280.3108622581135, 0). Region: 57
	(1485.2380486351153, 3715.7904168572386, 0). Region: 93 

The alpha wolf has been updated to a position with higher fitness. iter = 1
New alpha wolf:  Wolf 138 (19972). Fitness: 0.00012149946373331069
	(3674.4970736573277, 413.10589032956597, 0.0). Region: 19
	(1843.751383912075, 1567.74217612691, 0.0). Region: 34
The alpha wolf has been updated to a position with higher fitness. iter = 2
New alpha wolf:  Wolf 128 (19962). Fitness: 0.00012149946373400855
	(3470.5592537001635, 119.26136907572368, 0.0). Region: 8
	(1781.6823254535793, 1480.1047385090963, 0.0). Region: 34
iter = 10
Alpha wolf:  Wolf 128 (19962). Fitness: 0.00012149946373400855
	(3470.5592537001635, 119.26136907572368, 0.0). Region: 8
	(1781.6823254535793, 1480.1047385090963, 0.0). Region: 34
iter = 20
Alpha wolf:  Wolf 128 (19962). Fitness: 0.00012149946373400855
	(3330.430344287797, 9.460230281059486, 0.0). Region: 8
	(1877.5371928707195, 1551.6468870904419, 0.0). Region: 34
iter = 30
Alpha wolf:  Wolf 128 (19962). Fitness: 0.00012149946373400855
	(3205.475967957588, 20.453868800382537, 0.0). Region: 8
	(1867.1024570700033, 1250.181462801448, 0.0). Region: 34
iter = 40
Alpha wolf:  Wolf 128 (19962). Fitness: 0.00012149946373400855
	(3205.475967957588, 20.453868800382537, 0.0). Region: 8
	(1867.1024570700033, 1250.181462801448, 0.0). Region: 34
iter = 50
Alpha wolf:  Wolf 128 (19962). Fitness: 0.00012149946373400855
	(3458.011576225981, 28.196513985170824, 0.0). Region: 8
	(1725.7147835706285, 1319.0831008520836, 0.0). Region: 34
iter = 60
Alpha wolf:  Wolf 128 (19962). Fitness: 0.00012149946373400855
	(3458.011576225981, 28.196513985170824, 0.0). Region: 8
	(1725.7147835706285, 1319.0831008520836, 0.0). Region: 34
iter = 70
Alpha wolf:  Wolf 128 (19962). Fitness: 0.00012149946373400855
	(3458.011576225981, 28.196513985170824, 0.0). Region: 8
	(1725.7147835706285, 1319.0831008520836, 0.0). Region: 34
iter = 80
Alpha wolf:  Wolf 128 (19962). Fitness: 0.00012149946373400855
	(3346.350883629064, 29.39884456423477, 0.0). Region: 8
	(1732.067717866385, 1579.5984649239463, 0.0). Region: 34
iter = 90
Alpha wolf:  Wolf 128 (19962). Fitness: 0.00012149946373400855
	(3243.0066901359787, 32.149434965692166, 0.0). Region: 8
	(1707.6301302551838, 1411.4809049149621, 0.0). Region: 34

- Finishing GWO - 

Best solution:  Wolf 128 (19962). Fitness: 0.00012149946373400855
	(3396.2943621461513, 30.451195949338974, 0.0). Region: 8
	(1623.5246476764162, 1217.2286833981848, 0.0). Region: 34
Antennas in slice 2:  [ 8 11 16 32 34 37 47 71 73 96]

Slice  3
Updating fitness _wolf
--------

Run GWO to deployment +1 antenna on the map
	Pack size:  300
	Wolf dimension 1
	Max iter 100
	antennas_regions:  [ 8 11 16 32 34 37 47 71 73 96]
	users_regions:  [ 0  1  2  4  7  9 10 12 13 14 16 18 19 20 22 23 27 30 32 34 35 36 37 39
 40 41 42 44 45 47 48 49 50 51 52 53 57 58 59 60 61 62 64 65 69 70 71 74
 75 78 79 80 81 82 83 85 87 88 89 90 92 94 96 98 99]
	Seed_base:  85040
initial_alpha:  Wolf 23 (85063). Fitness: 2.6479938150671824e-05
	(3149.7971386783106, 3675.430919960669, 0). Region: 97
initial_beta:  Wolf 239 (85279). Fitness: 2.6479938150671824e-05
	(3083.401101802327, 3831.3489384074696, 0). Region: 97
initial_delta:  Wolf 81 (85121). Fitness: 2.6468995094982046e-05
	(3693.3002586256057, 3335.5251947905044, 0). Region: 89 

iter = 10
Alpha wolf:  Wolf 23 (85063). Fitness: 2.6479938150671824e-05
	(3074.0762240810172, 3991.4826168737154, 0.0). Region: 97
iter = 20
Alpha wolf:  Wolf 23 (85063). Fitness: 2.6479938150671824e-05
	(3074.0762240810172, 3991.4826168737154, 0.0). Region: 97
iter = 30
Alpha wolf:  Wolf 23 (85063). Fitness: 2.6479938150671824e-05
	(3074.0762240810172, 3991.4826168737154, 0.0). Region: 97
iter = 40
Alpha wolf:  Wolf 23 (85063). Fitness: 2.6479938150671824e-05
	(3074.0762240810172, 3991.4826168737154, 0.0). Region: 97
iter = 50
Alpha wolf:  Wolf 23 (85063). Fitness: 2.6479938150671824e-05
	(2840.7312091755803, 3817.8898440637613, 0.0). Region: 97
iter = 60
Alpha wolf:  Wolf 23 (85063). Fitness: 2.6479938150671824e-05
	(2935.779533868066, 3826.36491368763, 0.0). Region: 97
iter = 70
Alpha wolf:  Wolf 23 (85063). Fitness: 2.6479938150671824e-05
	(2992.720007214523, 3734.172128927121, 0.0). Region: 97
iter = 80
Alpha wolf:  Wolf 23 (85063). Fitness: 2.6479938150671824e-05
	(3133.8705302133917, 3961.075628254817, 0.0). Region: 97
iter = 90
Alpha wolf:  Wolf 23 (85063). Fitness: 2.6479938150671824e-05
	(3077.2856579298245, 3771.004993664659, 0.0). Region: 97

- Finishing GWO - 

Best solution:  Wolf 23 (85063). Fitness: 2.6479938150671824e-05
	(2988.167555004131, 3736.914834700133, 0.0). Region: 97
Antennas in slice 3:  [ 8 11 16 32 34 37 47 71 73 96 97]

Slice  4
Updating fitness _wolf
--------
The set of antennas serves the scenario in the respective slice(4).

Slice  5
Updating fitness _wolf
--------
The set of antennas serves the scenario in the respective slice(5).

Slice  6
Updating fitness _wolf
--------
The set of antennas serves the scenario in the respective slice(6).

Slice  7
Updating fitness _wolf
--------
The set of antennas serves the scenario in the respective slice(7).

Slice  8
Updating fitness _wolf
--------
The set of antennas serves the scenario in the respective slice(8).

Slice  9
Updating fitness _wolf
--------
The set of antennas serves the scenario in the respective slice(9).

Slice  10
Updating fitness _wolf
--------
The set of antennas serves the scenario in the respective slice(10).

Slice  11
Updating fitness _wolf
--------
The set of antennas serves the scenario in the respective slice(11).

Média de carros: 9.916666666666666
t=0
Antennas: [32 37]
Users: [12 13 22 23]
MinSINR:  31.622776601683793
$x_{0,32}$
	 $y_{0,32,12}$ = 17.848025001127823 dB
	 $y_{0,32,13}$ = 16.297017236129918 dB
	 $y_{0,32,22}$ = 25.359622736238705 dB
	 $y_{0,32,23}$ = 21.213906391971975 dB
		SNR medio:  2.4460173141051036
		Usuarios totais: 33
$x_{0,37}$
		Usuarios totais: 0
Distances:
32 : 37 = 2000.0
t=1
Antennas: [11 16 32 37 47 71 73 96]
Users: [ 5 12 13 20 22 23 24 25 26 28 33 37 39 40 41 43 45 46 49 57 60 61 67 69
 74 75 76 77 80 82 83 84 88 93]
MinSINR:  31.622776601683793
$x_{1,11}$
	 $y_{1,11,20}$ = 20.637433527720532 dB
	 $y_{1,11,12}$ = 28.904430962530554 dB
	 $y_{1,11,22}$ = 27.097276505397545 dB
	 $y_{1,11,24}$ = 15.931310344273541 dB
	 $y_{1,11,33}$ = 18.145978714690045 dB
	 $y_{1,11,13}$ = 22.533090465214087 dB
	 $y_{1,11,43}$ = 16.112245108685613 dB
		SNR medio:  10.668697544893709
		Usuarios totais: 14
$x_{1,16}$
	 $y_{1,16,5}$ = 18.652743304059683 dB
		SNR medio:  18.652743304059683
		Usuarios totais: 1
$x_{1,32}$
	 $y_{1,32,41}$ = 25.512854551452477 dB
	 $y_{1,32,23}$ = 21.213906391971975 dB
		SNR medio:  1.1681690235856113
		Usuarios totais: 40
$x_{1,37}$
	 $y_{1,37,39}$ = 18.400482609853896 dB
	 $y_{1,37,37}$ = 82.79913553742686 dB
		SNR medio:  33.73320604909359
		Usuarios totais: 3
$x_{1,47}$
	 $y_{1,47,49}$ = 20.88365131746221 dB
	 $y_{1,47,57}$ = 23.379690167074557 dB
	 $y_{1,47,25}$ = 16.876693386336328 dB
	 $y_{1,47,45}$ = 18.766685970956473 dB
	 $y_{1,47,46}$ = 24.851185922140345 dB
	 $y_{1,47,67}$ = 16.463202617539878 dB
	 $y_{1,47,26}$ = 20.802558738425162 dB
	 $y_{1,47,28}$ = 16.24615838224784 dB
		SNR medio:  17.58553627802031
		Usuarios totais: 9
$x_{1,71}$
	 $y_{1,71,60}$ = 27.757066124291683 dB
	 $y_{1,71,82}$ = 26.001124711320813 dB
		SNR medio:  26.879095417806248
		Usuarios totais: 2
$x_{1,73}$
	 $y_{1,73,40}$ = 16.546941069603193 dB
	 $y_{1,73,84}$ = 26.471049184241608 dB
	 $y_{1,73,93}$ = 19.517610862476985 dB
	 $y_{1,73,61}$ = 17.437032847736575 dB
	 $y_{1,73,74}$ = 32.03326075712994 dB
	 $y_{1,73,75}$ = 18.136071046209125 dB
	 $y_{1,73,80}$ = 15.828812840962087 dB
	 $y_{1,73,83}$ = 26.533519559022437 dB
		SNR medio:  19.167144240820218
		Usuarios totais: 9
$x_{1,96}$
	 $y_{1,96,69}$ = 15.18291954129971 dB
	 $y_{1,96,76}$ = 21.800309760953382 dB
	 $y_{1,96,77}$ = 18.581104107127913 dB
	 $y_{1,96,88}$ = 19.712605133048825 dB
		SNR medio:  18.819234635607458
		Usuarios totais: 4
Distances:
11 : 16 = 2000.0
11 : 32 = 894.4271909999159
11 : 37 = 2529.8221281347037
11 : 47 = 2683.281572999748
11 : 71 = 2400.0
11 : 73 = 2529.8221281347037
11 : 96 = 3773.5924528226415
16 : 32 = 1788.8543819998317
16 : 37 = 894.4271909999159
16 : 47 = 1264.9110640673518
16 : 71 = 3124.099870362662
16 : 73 = 2683.281572999748
16 : 96 = 3200.0
32 : 37 = 2000.0
32 : 47 = 2039.607805437114
32 : 71 = 1649.2422502470642
32 : 73 = 1649.2422502470642
32 : 96 = 2884.4410203711914
37 : 47 = 400.0
37 : 71 = 2884.4410203711914
37 : 73 = 2262.741699796952
37 : 96 = 2433.105012119288
47 : 71 = 2683.281572999748
47 : 73 = 2000.0
47 : 96 = 2039.607805437114
71 : 73 = 800.0
71 : 96 = 2154.0659228538016
73 : 96 = 1442.2205101855957
t=2
Antennas: [ 8 11 16 32 34 37 47 71 73 96]
Users: [ 1  2  3  4  5  7  9 10 12 13 14 15 16 18 21 22 23 24 26 27 29 30 33 35
 36 38 39 42 43 44 45 48 51 52 55 57 58 60 64 65 66 68 69 72 73 74 76 82
 84 85 86 87 91 92 93 94 95 97 98]
MinSINR:  31.622776601683793
$x_{2,8}$
	 $y_{2,8,9}$ = 28.709894356948283 dB
	 $y_{2,8,18}$ = 27.708240567176006 dB
	 $y_{2,8,7}$ = 30.19723242923868 dB
		SNR medio:  17.323073470672593
		Usuarios totais: 5
$x_{2,11}$
	 $y_{2,11,1}$ = 28.088275015159653 dB
	 $y_{2,11,2}$ = 15.771967475678935 dB
	 $y_{2,11,3}$ = 24.226904728234558 dB
	 $y_{2,11,10}$ = 30.1802652246715 dB
	 $y_{2,11,21}$ = 27.889389019873946 dB
	 $y_{2,11,22}$ = 27.097276505397545 dB
	 $y_{2,11,30}$ = 19.01960361888287 dB
	 $y_{2,11,12}$ = 28.904430962530554 dB
	 $y_{2,11,13}$ = 22.533090465214087 dB
	 $y_{2,11,23}$ = 17.183929164643388 dB
	 $y_{2,11,24}$ = 15.931310344273541 dB
	 $y_{2,11,33}$ = 18.145978714690045 dB
	 $y_{2,11,43}$ = 16.112245108685613 dB
		SNR medio:  7.463709393536826
		Usuarios totais: 39
$x_{2,16}$
	 $y_{2,16,16}$ = 88.95170643088753 dB
		SNR medio:  88.95170643088753
		Usuarios totais: 1
$x_{2,32}$
		Usuarios totais: 0
$x_{2,34}$
	 $y_{2,34,4}$ = 16.121902625864706 dB
	 $y_{2,34,44}$ = 29.922987809835476 dB
	 $y_{2,34,5}$ = 15.390514450487487 dB
	 $y_{2,34,14}$ = 27.909790075335565 dB
	 $y_{2,34,15}$ = 25.554812381923256 dB
	 $y_{2,34,35}$ = 30.008234088756723 dB
	 $y_{2,34,42}$ = 23.45022925282369 dB
		SNR medio:  24.05121009786099
		Usuarios totais: 7
$x_{2,37}$
	 $y_{2,37,39}$ = 18.400482609853896 dB
	 $y_{2,37,29}$ = 28.872422252294896 dB
		SNR medio:  15.757634954049598
		Usuarios totais: 3
$x_{2,47}$
	 $y_{2,47,57}$ = 23.379690167074557 dB
	 $y_{2,47,68}$ = 19.50297733671563 dB
	 $y_{2,47,36}$ = 26.166409462582223 dB
	 $y_{2,47,48}$ = 26.20694873986602 dB
	 $y_{2,47,58}$ = 21.193232742349522 dB
	 $y_{2,47,66}$ = 19.904213358139216 dB
	 $y_{2,47,38}$ = 18.206578952143943 dB
	 $y_{2,47,45}$ = 18.766685970956473 dB
	 $y_{2,47,55}$ = 17.325105801560795 dB
	 $y_{2,47,26}$ = 20.802558738425162 dB
	 $y_{2,47,27}$ = 17.622453450286685 dB
		SNR medio:  11.453842736005011
		Usuarios totais: 20
$x_{2,71}$
	 $y_{2,71,60}$ = 27.757066124291683 dB
	 $y_{2,71,82}$ = 26.001124711320813 dB
	 $y_{2,71,92}$ = 18.366319538779237 dB
	 $y_{2,71,51}$ = 26.159830341938388 dB
		SNR medio:  14.040620102332875
		Usuarios totais: 7
$x_{2,73}$
	 $y_{2,73,64}$ = 32.93592876076171 dB
	 $y_{2,73,65}$ = 16.274157496020536 dB
	 $y_{2,73,84}$ = 26.471049184241608 dB
	 $y_{2,73,93}$ = 19.517610862476985 dB
	 $y_{2,73,52}$ = 25.290409333208643 dB
	 $y_{2,73,72}$ = 30.184830398207396 dB
	 $y_{2,73,73}$ = 84.66112882404568 dB
	 $y_{2,73,74}$ = 32.03326075712994 dB
	 $y_{2,73,91}$ = 15.652666902952959 dB
		SNR medio:  18.868069501269698
		Usuarios totais: 15
$x_{2,96}$
	 $y_{2,96,69}$ = 15.18291954129971 dB
	 $y_{2,96,76}$ = 21.800309760953382 dB
	 $y_{2,96,85}$ = 25.074108214734338 dB
	 $y_{2,96,86}$ = 29.41623394931719 dB
	 $y_{2,96,87}$ = 30.605603239361386 dB
	 $y_{2,96,94}$ = 17.588365636257308 dB
	 $y_{2,96,95}$ = 18.23411178201907 dB
	 $y_{2,96,97}$ = 30.21621249616676 dB
	 $y_{2,96,98}$ = 24.673125421696454 dB
		SNR medio:  19.344635458345962
		Usuarios totais: 11
Distances:
8 : 11 = 2828.42712474619
8 : 16 = 894.4271909999159
8 : 32 = 2683.281572999748
8 : 34 = 2000.0
8 : 37 = 1264.9110640673518
8 : 47 = 1649.2422502470642
8 : 71 = 3959.7979746446663
8 : 73 = 3440.9301068170507
8 : 96 = 3687.817782917155
11 : 16 = 2000.0
11 : 32 = 894.4271909999159
11 : 34 = 1442.2205101855957
11 : 37 = 2529.8221281347037
11 : 47 = 2683.281572999748
11 : 71 = 2400.0
11 : 73 = 2529.8221281347037
11 : 96 = 3773.5924528226415
16 : 32 = 1788.8543819998317
16 : 34 = 1131.370849898476
16 : 37 = 894.4271909999159
16 : 47 = 1264.9110640673518
16 : 71 = 3124.099870362662
16 : 73 = 2683.281572999748
16 : 96 = 3200.0
32 : 34 = 800.0
32 : 37 = 2000.0
32 : 47 = 2039.607805437114
32 : 71 = 1649.2422502470642
32 : 73 = 1649.2422502470642
32 : 96 = 2884.4410203711914
34 : 37 = 1200.0
34 : 47 = 1264.9110640673518
34 : 71 = 2000.0
34 : 73 = 1649.2422502470642
34 : 96 = 2529.8221281347037
37 : 47 = 400.0
37 : 71 = 2884.4410203711914
37 : 73 = 2262.741699796952
37 : 96 = 2433.105012119288
47 : 71 = 2683.281572999748
47 : 73 = 2000.0
47 : 96 = 2039.607805437114
71 : 73 = 800.0
71 : 96 = 2154.0659228538016
73 : 96 = 1442.2205101855957
t=3
Antennas: [ 8 11 16 32 34 37 47 71 73 96 97]
Users: [ 0  1  2  4  7  9 10 12 13 14 16 18 19 20 22 23 27 30 32 34 35 36 37 39
 40 41 42 44 45 47 48 49 50 51 52 53 57 58 59 60 61 62 64 65 69 70 71 74
 75 78 79 80 81 82 83 85 87 88 89 90 92 94 96 98 99]
MinSINR:  31.622776601683793
$x_{3,8}$
	 $y_{3,8,9}$ = 28.709894356948283 dB
	 $y_{3,8,18}$ = 27.708240567176006 dB
	 $y_{3,8,19}$ = 17.61960843149194 dB
	 $y_{3,8,7}$ = 30.19723242923868 dB
		SNR medio:  17.372495964142484
		Usuarios totais: 6
$x_{3,11}$
	 $y_{3,11,0}$ = 18.689447271697176 dB
	 $y_{3,11,1}$ = 28.088275015159653 dB
	 $y_{3,11,2}$ = 15.771967475678935 dB
	 $y_{3,11,10}$ = 30.1802652246715 dB
	 $y_{3,11,20}$ = 20.637433527720532 dB
	 $y_{3,11,22}$ = 27.097276505397545 dB
	 $y_{3,11,30}$ = 19.01960361888287 dB
	 $y_{3,11,12}$ = 28.904430962530554 dB
	 $y_{3,11,13}$ = 22.533090465214087 dB
		SNR medio:  9.170512611606647
		Usuarios totais: 23
$x_{3,16}$
	 $y_{3,16,16}$ = 88.95170643088753 dB
		SNR medio:  44.47585321544376
		Usuarios totais: 2
$x_{3,32}$
	 $y_{3,32,41}$ = 25.512854551452477 dB
	 $y_{3,32,32}$ = 88.07142624703926 dB
		SNR medio:  56.792140399245866
		Usuarios totais: 2
$x_{3,34}$
	 $y_{3,34,4}$ = 16.121902625864706 dB
	 $y_{3,34,44}$ = 29.922987809835476 dB
	 $y_{3,34,14}$ = 27.909790075335565 dB
	 $y_{3,34,34}$ = 87.52257524257831 dB
	 $y_{3,34,35}$ = 30.008234088756723 dB
	 $y_{3,34,42}$ = 23.45022925282369 dB
	 $y_{3,34,23}$ = 24.928224165288967 dB
	 $y_{3,34,45}$ = 30.193190606865386 dB
		SNR medio:  6.9245418940345855
		Usuarios totais: 39
$x_{3,37}$
	 $y_{3,37,39}$ = 18.400482609853896 dB
	 $y_{3,37,37}$ = 82.79913553742686 dB
		SNR medio:  20.23992362945615
		Usuarios totais: 5
$x_{3,47}$
	 $y_{3,47,57}$ = 23.379690167074557 dB
	 $y_{3,47,59}$ = 20.618247137353535 dB
	 $y_{3,47,36}$ = 26.166409462582223 dB
	 $y_{3,47,47}$ = 90.8874763149847 dB
	 $y_{3,47,48}$ = 26.20694873986602 dB
	 $y_{3,47,49}$ = 20.88365131746221 dB
	 $y_{3,47,58}$ = 21.193232742349522 dB
	 $y_{3,47,27}$ = 17.622453450286685 dB
		SNR medio:  16.463873955463963
		Usuarios totais: 15
$x_{3,71}$
	 $y_{3,71,50}$ = 27.875285491849255 dB
	 $y_{3,71,60}$ = 27.757066124291683 dB
	 $y_{3,71,81}$ = 31.031066923495956 dB
	 $y_{3,71,82}$ = 26.001124711320813 dB
	 $y_{3,71,90}$ = 21.54858431632242 dB
	 $y_{3,71,92}$ = 18.366319538779237 dB
	 $y_{3,71,51}$ = 26.159830341938388 dB
	 $y_{3,71,52}$ = 21.8844415863891 dB
	 $y_{3,71,61}$ = 27.121335588689774 dB
	 $y_{3,71,70}$ = 28.24999441611044 dB
	 $y_{3,71,74}$ = 21.015232962160866 dB
	 $y_{3,71,80}$ = 26.85298069044339 dB
	 $y_{3,71,83}$ = 17.645258718867936 dB
	 $y_{3,71,71}$ = 93.71614592565538 dB
		SNR medio:  18.05324640592672
		Usuarios totais: 23
$x_{3,73}$
	 $y_{3,73,40}$ = 16.546941069603193 dB
	 $y_{3,73,62}$ = 27.063589957978735 dB
	 $y_{3,73,64}$ = 32.93592876076171 dB
	 $y_{3,73,65}$ = 16.274157496020536 dB
	 $y_{3,73,53}$ = 21.669962783355942 dB
	 $y_{3,73,75}$ = 18.136071046209125 dB
		SNR medio:  22.104441852321543
		Usuarios totais: 6
$x_{3,96}$
	 $y_{3,96,69}$ = 15.18291954129971 dB
	 $y_{3,96,96}$ = 92.49254652547273 dB
		SNR medio:  26.91886651669311
		Usuarios totais: 4
$x_{3,97}$
	 $y_{3,97,79}$ = 17.830726759338887 dB
	 $y_{3,97,99}$ = 19.92936913024255 dB
	 $y_{3,97,78}$ = 15.328720035789615 dB
	 $y_{3,97,85}$ = 23.850526395091265 dB
	 $y_{3,97,87}$ = 31.80851293556499 dB
	 $y_{3,97,88}$ = 24.412668018568866 dB
	 $y_{3,97,89}$ = 15.955981692327384 dB
	 $y_{3,97,94}$ = 17.433616763636138 dB
	 $y_{3,97,98}$ = 29.33137856640265 dB
		SNR medio:  10.882305572053465
		Usuarios totais: 18
Distances:
8 : 11 = 2828.42712474619
8 : 16 = 894.4271909999159
8 : 32 = 2683.281572999748
8 : 34 = 2000.0
8 : 37 = 1264.9110640673518
8 : 47 = 1649.2422502470642
8 : 71 = 3959.7979746446663
8 : 73 = 3440.9301068170507
8 : 96 = 3687.817782917155
8 : 97 = 3622.154055254967
11 : 16 = 2000.0
11 : 32 = 894.4271909999159
11 : 34 = 1442.2205101855957
11 : 37 = 2529.8221281347037
11 : 47 = 2683.281572999748
11 : 71 = 2400.0
11 : 73 = 2529.8221281347037
11 : 96 = 3773.5924528226415
11 : 97 = 4000.0
16 : 32 = 1788.8543819998317
16 : 34 = 1131.370849898476
16 : 37 = 894.4271909999159
16 : 47 = 1264.9110640673518
16 : 71 = 3124.099870362662
16 : 73 = 2683.281572999748
16 : 96 = 3200.0
16 : 97 = 3224.9030993194197
32 : 34 = 800.0
32 : 37 = 2000.0
32 : 47 = 2039.607805437114
32 : 71 = 1649.2422502470642
32 : 73 = 1649.2422502470642
32 : 96 = 2884.4410203711914
32 : 97 = 3124.099870362662
34 : 37 = 1200.0
34 : 47 = 1264.9110640673518
34 : 71 = 2000.0
34 : 73 = 1649.2422502470642
34 : 96 = 2529.8221281347037
34 : 97 = 2683.281572999748
37 : 47 = 400.0
37 : 71 = 2884.4410203711914
37 : 73 = 2262.741699796952
37 : 96 = 2433.105012119288
37 : 97 = 2400.0
47 : 71 = 2683.281572999748
47 : 73 = 2000.0
47 : 96 = 2039.607805437114
47 : 97 = 2000.0
71 : 73 = 800.0
71 : 96 = 2154.0659228538016
71 : 97 = 2529.8221281347037
73 : 96 = 1442.2205101855957
73 : 97 = 1788.8543819998317
96 : 97 = 400.0
t=4
Antennas: [ 8 11 16 32 34 37 47 71 73 96 97]
Users: [ 0  2  4  5  6  7  9 10 12 13 15 16 18 19 20 21 22 23 24 25 26 27 28 29
 30 31 33 34 35 36 37 38 39 40 41 42 46 47 48 49 50 51 53 54 55 58 59 60
 61 62 63 65 66 68 70 71 73 74 76 77 78 79 80 81 82 83 84 86 87 88 89 90
 93 94 96 98 99]
MinSINR:  31.622776601683793
$x_{4,8}$
	 $y_{4,8,9}$ = 28.709894356948283 dB
	 $y_{4,8,6}$ = 16.271989569013442 dB
	 $y_{4,8,18}$ = 27.708240567176006 dB
	 $y_{4,8,19}$ = 17.61960843149194 dB
	 $y_{4,8,49}$ = 15.73225492178446 dB
		SNR medio:  10.604198784641413
		Usuarios totais: 10
$x_{4,11}$
	 $y_{4,11,0}$ = 18.689447271697176 dB
	 $y_{4,11,2}$ = 15.771967475678935 dB
	 $y_{4,11,10}$ = 30.1802652246715 dB
	 $y_{4,11,21}$ = 27.889389019873946 dB
	 $y_{4,11,22}$ = 27.097276505397545 dB
	 $y_{4,11,30}$ = 19.01960361888287 dB
	 $y_{4,11,13}$ = 22.533090465214087 dB
	 $y_{4,11,23}$ = 17.183929164643388 dB
	 $y_{4,11,24}$ = 15.931310344273541 dB
		SNR medio:  6.267621906139773
		Usuarios totais: 31
$x_{4,16}$
	 $y_{4,16,16}$ = 88.95170643088753 dB
		SNR medio:  88.95170643088753
		Usuarios totais: 1
$x_{4,32}$
	 $y_{4,32,41}$ = 25.512854551452477 dB
		SNR medio:  12.756427275726239
		Usuarios totais: 2
$x_{4,34}$
	 $y_{4,34,4}$ = 16.121902625864706 dB
	 $y_{4,34,5}$ = 15.390514450487487 dB
	 $y_{4,34,15}$ = 25.554812381923256 dB
	 $y_{4,34,20}$ = 19.29227211601777 dB
	 $y_{4,34,31}$ = 16.327304675408698 dB
	 $y_{4,34,34}$ = 87.52257524257831 dB
	 $y_{4,34,35}$ = 30.008234088756723 dB
	 $y_{4,34,42}$ = 23.45022925282369 dB
	 $y_{4,34,54}$ = 23.299818822313497 dB
	 $y_{4,34,12}$ = 16.31577581355441 dB
	 $y_{4,34,25}$ = 24.86235103548171 dB
	 $y_{4,34,33}$ = 28.16784379854967 dB
	 $y_{4,34,55}$ = 24.106193738563533 dB
	 $y_{4,34,26}$ = 15.345177768366469 dB
		SNR medio:  10.16013905029694
		Usuarios totais: 36
$x_{4,37}$
	 $y_{4,37,39}$ = 18.400482609853896 dB
	 $y_{4,37,29}$ = 28.872422252294896 dB
	 $y_{4,37,36}$ = 26.099428232364602 dB
	 $y_{4,37,46}$ = 21.083050185266842 dB
	 $y_{4,37,48}$ = 22.12954425347914 dB
	 $y_{4,37,58}$ = 20.81390120134853 dB
	 $y_{4,37,7}$ = 23.176466176255815 dB
	 $y_{4,37,28}$ = 26.79841355448974 dB
	 $y_{4,37,37}$ = 82.79913553742686 dB
	 $y_{4,37,38}$ = 33.05891161707294 dB
	 $y_{4,37,27}$ = 24.950047147323602 dB
		SNR medio:  14.917354671235314
		Usuarios totais: 22
$x_{4,47}$
	 $y_{4,47,59}$ = 20.618247137353535 dB
	 $y_{4,47,68}$ = 19.50297733671563 dB
	 $y_{4,47,47}$ = 90.8874763149847 dB
		SNR medio:  43.66956692968463
		Usuarios totais: 3
$x_{4,71}$
	 $y_{4,71,50}$ = 27.875285491849255 dB
	 $y_{4,71,60}$ = 27.757066124291683 dB
	 $y_{4,71,81}$ = 31.031066923495956 dB
	 $y_{4,71,82}$ = 26.001124711320813 dB
	 $y_{4,71,90}$ = 21.54858431632242 dB
	 $y_{4,71,51}$ = 26.159830341938388 dB
	 $y_{4,71,61}$ = 27.121335588689774 dB
	 $y_{4,71,63}$ = 22.33857860072615 dB
	 $y_{4,71,70}$ = 28.24999441611044 dB
	 $y_{4,71,74}$ = 21.015232962160866 dB
	 $y_{4,71,80}$ = 26.85298069044339 dB
	 $y_{4,71,83}$ = 17.645258718867936 dB
	 $y_{4,71,71}$ = 93.71614592565538 dB
		SNR medio:  15.281249415841247
		Usuarios totais: 26
$x_{4,73}$
	 $y_{4,73,40}$ = 16.546941069603193 dB
	 $y_{4,73,62}$ = 27.063589957978735 dB
	 $y_{4,73,65}$ = 16.274157496020536 dB
	 $y_{4,73,84}$ = 26.471049184241608 dB
	 $y_{4,73,93}$ = 19.517610862476985 dB
	 $y_{4,73,53}$ = 21.669962783355942 dB
	 $y_{4,73,66}$ = 20.905851468091043 dB
	 $y_{4,73,73}$ = 84.66112882404568 dB
		SNR medio:  16.65073511755812
		Usuarios totais: 14
$x_{4,96}$
	 $y_{4,96,76}$ = 21.800309760953382 dB
	 $y_{4,96,96}$ = 92.49254652547273 dB
		SNR medio:  19.04880938107102
		Usuarios totais: 6
$x_{4,97}$
	 $y_{4,97,79}$ = 17.830726759338887 dB
	 $y_{4,97,99}$ = 19.92936913024255 dB
	 $y_{4,97,77}$ = 19.777398463449785 dB
	 $y_{4,97,78}$ = 15.328720035789615 dB
	 $y_{4,97,86}$ = 20.851251595271663 dB
	 $y_{4,97,87}$ = 31.80851293556499 dB
	 $y_{4,97,88}$ = 24.412668018568866 dB
	 $y_{4,97,89}$ = 15.955981692327384 dB
	 $y_{4,97,94}$ = 17.433616763636138 dB
	 $y_{4,97,98}$ = 29.33137856640265 dB
		SNR medio:  13.291226497537032
		Usuarios totais: 16
Distances:
8 : 11 = 2828.42712474619
8 : 16 = 894.4271909999159
8 : 32 = 2683.281572999748
8 : 34 = 2000.0
8 : 37 = 1264.9110640673518
8 : 47 = 1649.2422502470642
8 : 71 = 3959.7979746446663
8 : 73 = 3440.9301068170507
8 : 96 = 3687.817782917155
8 : 97 = 3622.154055254967
11 : 16 = 2000.0
11 : 32 = 894.4271909999159
11 : 34 = 1442.2205101855957
11 : 37 = 2529.8221281347037
11 : 47 = 2683.281572999748
11 : 71 = 2400.0
11 : 73 = 2529.8221281347037
11 : 96 = 3773.5924528226415
11 : 97 = 4000.0
16 : 32 = 1788.8543819998317
16 : 34 = 1131.370849898476
16 : 37 = 894.4271909999159
16 : 47 = 1264.9110640673518
16 : 71 = 3124.099870362662
16 : 73 = 2683.281572999748
16 : 96 = 3200.0
16 : 97 = 3224.9030993194197
32 : 34 = 800.0
32 : 37 = 2000.0
32 : 47 = 2039.607805437114
32 : 71 = 1649.2422502470642
32 : 73 = 1649.2422502470642
32 : 96 = 2884.4410203711914
32 : 97 = 3124.099870362662
34 : 37 = 1200.0
34 : 47 = 1264.9110640673518
34 : 71 = 2000.0
34 : 73 = 1649.2422502470642
34 : 96 = 2529.8221281347037
34 : 97 = 2683.281572999748
37 : 47 = 400.0
37 : 71 = 2884.4410203711914
37 : 73 = 2262.741699796952
37 : 96 = 2433.105012119288
37 : 97 = 2400.0
47 : 71 = 2683.281572999748
47 : 73 = 2000.0
47 : 96 = 2039.607805437114
47 : 97 = 2000.0
71 : 73 = 800.0
71 : 96 = 2154.0659228538016
71 : 97 = 2529.8221281347037
73 : 96 = 1442.2205101855957
73 : 97 = 1788.8543819998317
96 : 97 = 400.0
t=5
Antennas: [ 8 11 16 32 34 37 47 71 73 96 97]
Users: [ 0  1  2  3  7  8  9 10 11 12 13 14 15 16 18 19 20 21 22 23 24 25 26 27
 28 29 31 32 33 35 36 38 39 40 41 42 43 44 45 46 47 48 50 51 52 53 55 56
 57 59 62 63 64 65 66 68 70 71 72 73 74 75 76 78 79 81 82 83 84 85 86 87
 88 90 91 93 94 95 97 98 99]
MinSINR:  31.622776601683793
$x_{5,8}$
	 $y_{5,8,9}$ = 28.709894356948283 dB
	 $y_{5,8,8}$ = 91.98028916982014 dB
	 $y_{5,8,18}$ = 27.708240567176006 dB
	 $y_{5,8,7}$ = 30.19723242923868 dB
		SNR medio:  25.513665217597584
		Usuarios totais: 7
$x_{5,11}$
	 $y_{5,11,0}$ = 18.689447271697176 dB
	 $y_{5,11,1}$ = 28.088275015159653 dB
	 $y_{5,11,2}$ = 15.771967475678935 dB
	 $y_{5,11,3}$ = 24.226904728234558 dB
	 $y_{5,11,10}$ = 30.1802652246715 dB
	 $y_{5,11,21}$ = 27.889389019873946 dB
	 $y_{5,11,20}$ = 20.637433527720532 dB
	 $y_{5,11,22}$ = 27.097276505397545 dB
	 $y_{5,11,11}$ = 86.18846938110921 dB
	 $y_{5,11,12}$ = 28.904430962530554 dB
	 $y_{5,11,13}$ = 22.533090465214087 dB
	 $y_{5,11,24}$ = 15.931310344273541 dB
	 $y_{5,11,33}$ = 18.145978714690045 dB
	 $y_{5,11,43}$ = 16.112245108685613 dB
		SNR medio:  11.188131874851084
		Usuarios totais: 34
$x_{5,16}$
	 $y_{5,16,16}$ = 88.95170643088753 dB
		SNR medio:  44.47585321544376
		Usuarios totais: 2
$x_{5,32}$
	 $y_{5,32,41}$ = 25.512854551452477 dB
	 $y_{5,32,23}$ = 21.213906391971975 dB
	 $y_{5,32,32}$ = 88.07142624703926 dB
		SNR medio:  4.6482133513953
		Usuarios totais: 29
$x_{5,34}$
	 $y_{5,34,44}$ = 29.922987809835476 dB
	 $y_{5,34,14}$ = 27.909790075335565 dB
	 $y_{5,34,15}$ = 25.554812381923256 dB
	 $y_{5,34,31}$ = 16.327304675408698 dB
	 $y_{5,34,35}$ = 30.008234088756723 dB
	 $y_{5,34,42}$ = 23.45022925282369 dB
		SNR medio:  9.010197546122553
		Usuarios totais: 17
$x_{5,37}$
	 $y_{5,37,39}$ = 18.400482609853896 dB
	 $y_{5,37,29}$ = 28.872422252294896 dB
		SNR medio:  15.757634954049598
		Usuarios totais: 3
$x_{5,47}$
	 $y_{5,47,57}$ = 23.379690167074557 dB
	 $y_{5,47,59}$ = 20.618247137353535 dB
	 $y_{5,47,68}$ = 19.50297733671563 dB
	 $y_{5,47,19}$ = 15.70973177990166 dB
	 $y_{5,47,36}$ = 26.166409462582223 dB
	 $y_{5,47,46}$ = 24.851185922140345 dB
	 $y_{5,47,47}$ = 90.8874763149847 dB
	 $y_{5,47,48}$ = 26.20694873986602 dB
	 $y_{5,47,56}$ = 21.068983544079984 dB
	 $y_{5,47,66}$ = 19.904213358139216 dB
	 $y_{5,47,25}$ = 16.876693386336328 dB
	 $y_{5,47,28}$ = 16.24615838224784 dB
	 $y_{5,47,38}$ = 18.206578952143943 dB
	 $y_{5,47,45}$ = 18.766685970956473 dB
	 $y_{5,47,55}$ = 17.325105801560795 dB
	 $y_{5,47,26}$ = 20.802558738425162 dB
	 $y_{5,47,27}$ = 17.622453450286685 dB
		SNR medio:  11.193029687697164
		Usuarios totais: 37
$x_{5,71}$
	 $y_{5,71,50}$ = 27.875285491849255 dB
	 $y_{5,71,81}$ = 31.031066923495956 dB
	 $y_{5,71,82}$ = 26.001124711320813 dB
	 $y_{5,71,90}$ = 21.54858431632242 dB
	 $y_{5,71,51}$ = 26.159830341938388 dB
	 $y_{5,71,71}$ = 93.71614592565538 dB
		SNR medio:  17.41015674696786
		Usuarios totais: 13
$x_{5,73}$
	 $y_{5,73,40}$ = 16.546941069603193 dB
	 $y_{5,73,62}$ = 27.063589957978735 dB
	 $y_{5,73,64}$ = 32.93592876076171 dB
	 $y_{5,73,65}$ = 16.274157496020536 dB
	 $y_{5,73,84}$ = 26.471049184241608 dB
	 $y_{5,73,93}$ = 19.517610862476985 dB
	 $y_{5,73,52}$ = 25.290409333208643 dB
	 $y_{5,73,53}$ = 21.669962783355942 dB
	 $y_{5,73,63}$ = 27.239742619923234 dB
	 $y_{5,73,70}$ = 18.22211257897918 dB
	 $y_{5,73,72}$ = 30.184830398207396 dB
	 $y_{5,73,73}$ = 84.66112882404568 dB
	 $y_{5,73,74}$ = 32.03326075712994 dB
	 $y_{5,73,75}$ = 18.136071046209125 dB
	 $y_{5,73,83}$ = 26.533519559022437 dB
	 $y_{5,73,91}$ = 15.652666902952959 dB
		SNR medio:  15.658320790504188
		Usuarios totais: 28
$x_{5,96}$
	 $y_{5,96,76}$ = 21.800309760953382 dB
	 $y_{5,96,95}$ = 18.23411178201907 dB
	 $y_{5,96,78}$ = 20.34125967030785 dB
	 $y_{5,96,85}$ = 25.074108214734338 dB
	 $y_{5,96,86}$ = 29.41623394931719 dB
	 $y_{5,96,87}$ = 30.605603239361386 dB
	 $y_{5,96,88}$ = 19.712605133048825 dB
	 $y_{5,96,94}$ = 17.588365636257308 dB
	 $y_{5,96,98}$ = 24.673125421696454 dB
		SNR medio:  10.918195937247148
		Usuarios totais: 19
$x_{5,97}$
	 $y_{5,97,79}$ = 17.830726759338887 dB
	 $y_{5,97,99}$ = 19.92936913024255 dB
	 $y_{5,97,97}$ = 86.52186395826715 dB
		SNR medio:  17.754565692549797
		Usuarios totais: 7
Distances:
8 : 11 = 2828.42712474619
8 : 16 = 894.4271909999159
8 : 32 = 2683.281572999748
8 : 34 = 2000.0
8 : 37 = 1264.9110640673518
8 : 47 = 1649.2422502470642
8 : 71 = 3959.7979746446663
8 : 73 = 3440.9301068170507
8 : 96 = 3687.817782917155
8 : 97 = 3622.154055254967
11 : 16 = 2000.0
11 : 32 = 894.4271909999159
11 : 34 = 1442.2205101855957
11 : 37 = 2529.8221281347037
11 : 47 = 2683.281572999748
11 : 71 = 2400.0
11 : 73 = 2529.8221281347037
11 : 96 = 3773.5924528226415
11 : 97 = 4000.0
16 : 32 = 1788.8543819998317
16 : 34 = 1131.370849898476
16 : 37 = 894.4271909999159
16 : 47 = 1264.9110640673518
16 : 71 = 3124.099870362662
16 : 73 = 2683.281572999748
16 : 96 = 3200.0
16 : 97 = 3224.9030993194197
32 : 34 = 800.0
32 : 37 = 2000.0
32 : 47 = 2039.607805437114
32 : 71 = 1649.2422502470642
32 : 73 = 1649.2422502470642
32 : 96 = 2884.4410203711914
32 : 97 = 3124.099870362662
34 : 37 = 1200.0
34 : 47 = 1264.9110640673518
34 : 71 = 2000.0
34 : 73 = 1649.2422502470642
34 : 96 = 2529.8221281347037
34 : 97 = 2683.281572999748
37 : 47 = 400.0
37 : 71 = 2884.4410203711914
37 : 73 = 2262.741699796952
37 : 96 = 2433.105012119288
37 : 97 = 2400.0
47 : 71 = 2683.281572999748
47 : 73 = 2000.0
47 : 96 = 2039.607805437114
47 : 97 = 2000.0
71 : 73 = 800.0
71 : 96 = 2154.0659228538016
71 : 97 = 2529.8221281347037
73 : 96 = 1442.2205101855957
73 : 97 = 1788.8543819998317
96 : 97 = 400.0
t=6
Antennas: [ 8 11 16 32 34 37 47 71 73 96 97]
Users: [ 0  2  3  4  5  6  7  8  9 11 12 13 14 15 16 17 18 19 20 21 22 23 24 25
 26 27 29 30 32 33 34 35 36 37 38 39 40 41 42 43 44 46 47 48 49 50 52 54
 55 56 57 58 59 60 61 62 64 65 66 67 69 70 75 76 77 78 79 80 81 82 84 85
 87 88 89 90 92 93 94 96 97 98]
MinSINR:  31.622776601683793
$x_{6,8}$
	 $y_{6,8,9}$ = 28.709894356948283 dB
	 $y_{6,8,6}$ = 16.271989569013442 dB
	 $y_{6,8,8}$ = 91.98028916982014 dB
	 $y_{6,8,18}$ = 27.708240567176006 dB
	 $y_{6,8,19}$ = 17.61960843149194 dB
	 $y_{6,8,49}$ = 15.73225492178446 dB
		SNR medio:  16.50185641801952
		Usuarios totais: 12
$x_{6,11}$
	 $y_{6,11,0}$ = 18.689447271697176 dB
	 $y_{6,11,2}$ = 15.771967475678935 dB
	 $y_{6,11,3}$ = 24.226904728234558 dB
	 $y_{6,11,21}$ = 27.889389019873946 dB
	 $y_{6,11,20}$ = 20.637433527720532 dB
	 $y_{6,11,22}$ = 27.097276505397545 dB
	 $y_{6,11,30}$ = 19.01960361888287 dB
	 $y_{6,11,11}$ = 86.18846938110921 dB
	 $y_{6,11,12}$ = 28.904430962530554 dB
	 $y_{6,11,13}$ = 22.533090465214087 dB
	 $y_{6,11,23}$ = 17.183929164643388 dB
	 $y_{6,11,24}$ = 15.931310344273541 dB
	 $y_{6,11,33}$ = 18.145978714690045 dB
	 $y_{6,11,43}$ = 16.112245108685613 dB
		SNR medio:  12.356257803056275
		Usuarios totais: 29
$x_{6,16}$
	 $y_{6,16,16}$ = 88.95170643088753 dB
		SNR medio:  44.47585321544376
		Usuarios totais: 2
$x_{6,32}$
	 $y_{6,32,41}$ = 25.512854551452477 dB
	 $y_{6,32,32}$ = 88.07142624703926 dB
		SNR medio:  37.861426932830575
		Usuarios totais: 3
$x_{6,34}$
	 $y_{6,34,4}$ = 16.121902625864706 dB
	 $y_{6,34,44}$ = 29.922987809835476 dB
	 $y_{6,34,5}$ = 15.390514450487487 dB
	 $y_{6,34,14}$ = 27.909790075335565 dB
	 $y_{6,34,15}$ = 25.554812381923256 dB
	 $y_{6,34,34}$ = 87.52257524257831 dB
	 $y_{6,34,35}$ = 30.008234088756723 dB
	 $y_{6,34,42}$ = 23.45022925282369 dB
	 $y_{6,34,54}$ = 23.299818822313497 dB
	 $y_{6,34,25}$ = 24.86235103548171 dB
		SNR medio:  16.002274515021075
		Usuarios totais: 19
$x_{6,37}$
	 $y_{6,37,39}$ = 18.400482609853896 dB
	 $y_{6,37,29}$ = 28.872422252294896 dB
	 $y_{6,37,36}$ = 26.099428232364602 dB
	 $y_{6,37,46}$ = 21.083050185266842 dB
	 $y_{6,37,48}$ = 22.12954425347914 dB
	 $y_{6,37,56}$ = 24.56612540841698 dB
	 $y_{6,37,58}$ = 20.81390120134853 dB
	 $y_{6,37,7}$ = 23.176466176255815 dB
	 $y_{6,37,17}$ = 19.626353135192502 dB
	 $y_{6,37,37}$ = 82.79913553742686 dB
	 $y_{6,37,38}$ = 33.05891161707294 dB
	 $y_{6,37,55}$ = 17.16709108858086 dB
	 $y_{6,37,26}$ = 19.129892857253054 dB
	 $y_{6,37,27}$ = 24.950047147323602 dB
		SNR medio:  11.93352661569158
		Usuarios totais: 32
$x_{6,47}$
	 $y_{6,47,57}$ = 23.379690167074557 dB
	 $y_{6,47,59}$ = 20.618247137353535 dB
	 $y_{6,47,47}$ = 90.8874763149847 dB
	 $y_{6,47,67}$ = 16.463202617539878 dB
		SNR medio:  18.918577029619083
		Usuarios totais: 8
$x_{6,71}$
	 $y_{6,71,50}$ = 27.875285491849255 dB
	 $y_{6,71,60}$ = 27.757066124291683 dB
	 $y_{6,71,81}$ = 31.031066923495956 dB
	 $y_{6,71,82}$ = 26.001124711320813 dB
	 $y_{6,71,90}$ = 21.54858431632242 dB
	 $y_{6,71,92}$ = 18.366319538779237 dB
	 $y_{6,71,52}$ = 21.8844415863891 dB
	 $y_{6,71,61}$ = 27.121335588689774 dB
	 $y_{6,71,70}$ = 28.24999441611044 dB
	 $y_{6,71,80}$ = 26.85298069044339 dB
		SNR medio:  11.667645426713277
		Usuarios totais: 22
$x_{6,73}$
	 $y_{6,73,40}$ = 16.546941069603193 dB
	 $y_{6,73,62}$ = 27.063589957978735 dB
	 $y_{6,73,64}$ = 32.93592876076171 dB
	 $y_{6,73,65}$ = 16.274157496020536 dB
	 $y_{6,73,84}$ = 26.471049184241608 dB
	 $y_{6,73,93}$ = 19.517610862476985 dB
	 $y_{6,73,66}$ = 20.905851468091043 dB
	 $y_{6,73,75}$ = 18.136071046209125 dB
		SNR medio:  11.856746656358863
		Usuarios totais: 15
$x_{6,96}$
	 $y_{6,96,69}$ = 15.18291954129971 dB
	 $y_{6,96,76}$ = 21.800309760953382 dB
	 $y_{6,96,77}$ = 18.581104107127913 dB
	 $y_{6,96,78}$ = 20.34125967030785 dB
	 $y_{6,96,85}$ = 25.074108214734338 dB
	 $y_{6,96,87}$ = 30.605603239361386 dB
	 $y_{6,96,88}$ = 19.712605133048825 dB
	 $y_{6,96,89}$ = 16.47928293508116 dB
	 $y_{6,96,94}$ = 17.588365636257308 dB
	 $y_{6,96,96}$ = 92.49254652547273 dB
	 $y_{6,96,98}$ = 24.673125421696454 dB
		SNR medio:  11.635816545590039
		Usuarios totais: 26
$x_{6,97}$
	 $y_{6,97,79}$ = 17.830726759338887 dB
	 $y_{6,97,97}$ = 86.52186395826715 dB
		SNR medio:  26.08814767940151
		Usuarios totais: 4
Distances:
8 : 11 = 2828.42712474619
8 : 16 = 894.4271909999159
8 : 32 = 2683.281572999748
8 : 34 = 2000.0
8 : 37 = 1264.9110640673518
8 : 47 = 1649.2422502470642
8 : 71 = 3959.7979746446663
8 : 73 = 3440.9301068170507
8 : 96 = 3687.817782917155
8 : 97 = 3622.154055254967
11 : 16 = 2000.0
11 : 32 = 894.4271909999159
11 : 34 = 1442.2205101855957
11 : 37 = 2529.8221281347037
11 : 47 = 2683.281572999748
11 : 71 = 2400.0
11 : 73 = 2529.8221281347037
11 : 96 = 3773.5924528226415
11 : 97 = 4000.0
16 : 32 = 1788.8543819998317
16 : 34 = 1131.370849898476
16 : 37 = 894.4271909999159
16 : 47 = 1264.9110640673518
16 : 71 = 3124.099870362662
16 : 73 = 2683.281572999748
16 : 96 = 3200.0
16 : 97 = 3224.9030993194197
32 : 34 = 800.0
32 : 37 = 2000.0
32 : 47 = 2039.607805437114
32 : 71 = 1649.2422502470642
32 : 73 = 1649.2422502470642
32 : 96 = 2884.4410203711914
32 : 97 = 3124.099870362662
34 : 37 = 1200.0
34 : 47 = 1264.9110640673518
34 : 71 = 2000.0
34 : 73 = 1649.2422502470642
34 : 96 = 2529.8221281347037
34 : 97 = 2683.281572999748
37 : 47 = 400.0
37 : 71 = 2884.4410203711914
37 : 73 = 2262.741699796952
37 : 96 = 2433.105012119288
37 : 97 = 2400.0
47 : 71 = 2683.281572999748
47 : 73 = 2000.0
47 : 96 = 2039.607805437114
47 : 97 = 2000.0
71 : 73 = 800.0
71 : 96 = 2154.0659228538016
71 : 97 = 2529.8221281347037
73 : 96 = 1442.2205101855957
73 : 97 = 1788.8543819998317
96 : 97 = 400.0
t=7
Antennas: [ 8 11 16 32 34 37 47 71 73 96 97]
Users: [ 0  3  4  5  6  8  9 10 11 13 16 17 18 19 20 21 22 23 24 28 29 32 34 37
 38 40 41 42 43 44 45 47 48 50 51 52 53 54 55 56 59 60 61 64 65 66 69 70
 72 73 74 76 77 78 81 82 83 84 86 87 88 89 90 91 92 93 95 97 98]
MinSINR:  31.622776601683793
$x_{7,8}$
	 $y_{7,8,9}$ = 28.709894356948283 dB
	 $y_{7,8,6}$ = 16.271989569013442 dB
	 $y_{7,8,8}$ = 91.98028916982014 dB
	 $y_{7,8,18}$ = 27.708240567176006 dB
	 $y_{7,8,19}$ = 17.61960843149194 dB
	 $y_{7,8,17}$ = 20.496979862022584 dB
		SNR medio:  15.599000150497876
		Usuarios totais: 13
$x_{7,11}$
	 $y_{7,11,0}$ = 18.689447271697176 dB
	 $y_{7,11,3}$ = 24.226904728234558 dB
	 $y_{7,11,10}$ = 30.1802652246715 dB
	 $y_{7,11,21}$ = 27.889389019873946 dB
	 $y_{7,11,20}$ = 20.637433527720532 dB
	 $y_{7,11,22}$ = 27.097276505397545 dB
	 $y_{7,11,11}$ = 86.18846938110921 dB
	 $y_{7,11,13}$ = 22.533090465214087 dB
	 $y_{7,11,23}$ = 17.183929164643388 dB
	 $y_{7,11,24}$ = 15.931310344273541 dB
		SNR medio:  16.14208420182419
		Usuarios totais: 18
$x_{7,16}$
	 $y_{7,16,16}$ = 88.95170643088753 dB
		SNR medio:  88.95170643088753
		Usuarios totais: 1
$x_{7,32}$
	 $y_{7,32,41}$ = 25.512854551452477 dB
	 $y_{7,32,32}$ = 88.07142624703926 dB
		SNR medio:  22.716856159698345
		Usuarios totais: 5
$x_{7,34}$
	 $y_{7,34,4}$ = 16.121902625864706 dB
	 $y_{7,34,44}$ = 29.922987809835476 dB
	 $y_{7,34,5}$ = 15.390514450487487 dB
	 $y_{7,34,34}$ = 87.52257524257831 dB
	 $y_{7,34,42}$ = 23.45022925282369 dB
	 $y_{7,34,54}$ = 23.299818822313497 dB
	 $y_{7,34,45}$ = 30.193190606865386 dB
	 $y_{7,34,55}$ = 24.106193738563533 dB
		SNR medio:  12.500370627466605
		Usuarios totais: 20
$x_{7,37}$
	 $y_{7,37,29}$ = 28.872422252294896 dB
	 $y_{7,37,37}$ = 82.79913553742686 dB
		SNR medio:  22.334311557944353
		Usuarios totais: 5
$x_{7,47}$
	 $y_{7,47,59}$ = 20.618247137353535 dB
	 $y_{7,47,47}$ = 90.8874763149847 dB
	 $y_{7,47,48}$ = 26.20694873986602 dB
	 $y_{7,47,56}$ = 21.068983544079984 dB
	 $y_{7,47,28}$ = 16.24615838224784 dB
	 $y_{7,47,38}$ = 18.206578952143943 dB
		SNR medio:  17.56676300642509
		Usuarios totais: 11
$x_{7,71}$
	 $y_{7,71,50}$ = 27.875285491849255 dB
	 $y_{7,71,60}$ = 27.757066124291683 dB
	 $y_{7,71,81}$ = 31.031066923495956 dB
	 $y_{7,71,82}$ = 26.001124711320813 dB
	 $y_{7,71,90}$ = 21.54858431632242 dB
	 $y_{7,71,92}$ = 18.366319538779237 dB
	 $y_{7,71,51}$ = 26.159830341938388 dB
		SNR medio:  13.749175188307522
		Usuarios totais: 13
$x_{7,73}$
	 $y_{7,73,40}$ = 16.546941069603193 dB
	 $y_{7,73,64}$ = 32.93592876076171 dB
	 $y_{7,73,65}$ = 16.274157496020536 dB
	 $y_{7,73,84}$ = 26.471049184241608 dB
	 $y_{7,73,93}$ = 19.517610862476985 dB
	 $y_{7,73,52}$ = 25.290409333208643 dB
	 $y_{7,73,53}$ = 21.669962783355942 dB
	 $y_{7,73,61}$ = 17.437032847736575 dB
	 $y_{7,73,66}$ = 20.905851468091043 dB
	 $y_{7,73,70}$ = 18.22211257897918 dB
	 $y_{7,73,72}$ = 30.184830398207396 dB
	 $y_{7,73,73}$ = 84.66112882404568 dB
	 $y_{7,73,74}$ = 32.03326075712994 dB
	 $y_{7,73,83}$ = 26.533519559022437 dB
	 $y_{7,73,91}$ = 15.652666902952959 dB
	 $y_{7,73,43}$ = 15.960484248660691 dB
		SNR medio:  12.736271123469532
		Usuarios totais: 33
$x_{7,96}$
	 $y_{7,96,69}$ = 15.18291954129971 dB
	 $y_{7,96,76}$ = 21.800309760953382 dB
	 $y_{7,96,95}$ = 18.23411178201907 dB
	 $y_{7,96,77}$ = 18.581104107127913 dB
	 $y_{7,96,78}$ = 20.34125967030785 dB
	 $y_{7,96,86}$ = 29.41623394931719 dB
	 $y_{7,96,87}$ = 30.605603239361386 dB
	 $y_{7,96,88}$ = 19.712605133048825 dB
	 $y_{7,96,89}$ = 16.47928293508116 dB
	 $y_{7,96,98}$ = 24.673125421696454 dB
		SNR medio:  11.31718713369542
		Usuarios totais: 19
$x_{7,97}$
	 $y_{7,97,97}$ = 86.52186395826715 dB
		SNR medio:  43.260931979133574
		Usuarios totais: 2
Distances:
8 : 11 = 2828.42712474619
8 : 16 = 894.4271909999159
8 : 32 = 2683.281572999748
8 : 34 = 2000.0
8 : 37 = 1264.9110640673518
8 : 47 = 1649.2422502470642
8 : 71 = 3959.7979746446663
8 : 73 = 3440.9301068170507
8 : 96 = 3687.817782917155
8 : 97 = 3622.154055254967
11 : 16 = 2000.0
11 : 32 = 894.4271909999159
11 : 34 = 1442.2205101855957
11 : 37 = 2529.8221281347037
11 : 47 = 2683.281572999748
11 : 71 = 2400.0
11 : 73 = 2529.8221281347037
11 : 96 = 3773.5924528226415
11 : 97 = 4000.0
16 : 32 = 1788.8543819998317
16 : 34 = 1131.370849898476
16 : 37 = 894.4271909999159
16 : 47 = 1264.9110640673518
16 : 71 = 3124.099870362662
16 : 73 = 2683.281572999748
16 : 96 = 3200.0
16 : 97 = 3224.9030993194197
32 : 34 = 800.0
32 : 37 = 2000.0
32 : 47 = 2039.607805437114
32 : 71 = 1649.2422502470642
32 : 73 = 1649.2422502470642
32 : 96 = 2884.4410203711914
32 : 97 = 3124.099870362662
34 : 37 = 1200.0
34 : 47 = 1264.9110640673518
34 : 71 = 2000.0
34 : 73 = 1649.2422502470642
34 : 96 = 2529.8221281347037
34 : 97 = 2683.281572999748
37 : 47 = 400.0
37 : 71 = 2884.4410203711914
37 : 73 = 2262.741699796952
37 : 96 = 2433.105012119288
37 : 97 = 2400.0
47 : 71 = 2683.281572999748
47 : 73 = 2000.0
47 : 96 = 2039.607805437114
47 : 97 = 2000.0
71 : 73 = 800.0
71 : 96 = 2154.0659228538016
71 : 97 = 2529.8221281347037
73 : 96 = 1442.2205101855957
73 : 97 = 1788.8543819998317
96 : 97 = 400.0
t=8
Antennas: [ 8 11 16 32 34 37 47 71 73 96 97]
Users: [ 0  1  4  6  7  9 10 11 12 14 16 17 18 19 20 21 22 23 24 26 29 30 31 32
 33 34 38 39 40 41 45 47 49 52 57 60 61 64 65 66 67 68 69 71 72 73 75 76
 78 80 81 83 84 86 87 90 91 92 95 97 98 99]
MinSINR:  31.622776601683793
$x_{8,8}$
	 $y_{8,8,9}$ = 28.709894356948283 dB
	 $y_{8,8,6}$ = 16.271989569013442 dB
	 $y_{8,8,18}$ = 27.708240567176006 dB
	 $y_{8,8,19}$ = 17.61960843149194 dB
	 $y_{8,8,49}$ = 15.73225492178446 dB
	 $y_{8,8,7}$ = 30.19723242923868 dB
	 $y_{8,8,17}$ = 20.496979862022584 dB
		SNR medio:  12.056630779821186
		Usuarios totais: 13
$x_{8,11}$
	 $y_{8,11,0}$ = 18.689447271697176 dB
	 $y_{8,11,1}$ = 28.088275015159653 dB
	 $y_{8,11,10}$ = 30.1802652246715 dB
	 $y_{8,11,21}$ = 27.889389019873946 dB
	 $y_{8,11,20}$ = 20.637433527720532 dB
	 $y_{8,11,22}$ = 27.097276505397545 dB
	 $y_{8,11,30}$ = 19.01960361888287 dB
	 $y_{8,11,11}$ = 86.18846938110921 dB
	 $y_{8,11,12}$ = 28.904430962530554 dB
	 $y_{8,11,23}$ = 17.183929164643388 dB
	 $y_{8,11,24}$ = 15.931310344273541 dB
	 $y_{8,11,33}$ = 18.145978714690045 dB
		SNR medio:  16.09313375003095
		Usuarios totais: 21
$x_{8,16}$
	 $y_{8,16,16}$ = 88.95170643088753 dB
		SNR medio:  22.23792660772188
		Usuarios totais: 4
$x_{8,32}$
	 $y_{8,32,41}$ = 25.512854551452477 dB
	 $y_{8,32,32}$ = 88.07142624703926 dB
		SNR medio:  56.792140399245866
		Usuarios totais: 2
$x_{8,34}$
	 $y_{8,34,4}$ = 16.121902625864706 dB
	 $y_{8,34,14}$ = 27.909790075335565 dB
	 $y_{8,34,31}$ = 16.327304675408698 dB
	 $y_{8,34,34}$ = 87.52257524257831 dB
	 $y_{8,34,45}$ = 30.193190606865386 dB
	 $y_{8,34,26}$ = 15.345177768366469 dB
		SNR medio:  16.118328416201596
		Usuarios totais: 12
$x_{8,37}$
	 $y_{8,37,39}$ = 18.400482609853896 dB
	 $y_{8,37,29}$ = 28.872422252294896 dB
		SNR medio:  15.757634954049598
		Usuarios totais: 3
$x_{8,47}$
	 $y_{8,47,57}$ = 23.379690167074557 dB
	 $y_{8,47,68}$ = 19.50297733671563 dB
	 $y_{8,47,47}$ = 90.8874763149847 dB
	 $y_{8,47,67}$ = 16.463202617539878 dB
	 $y_{8,47,38}$ = 18.206578952143943 dB
		SNR medio:  24.062846484065535
		Usuarios totais: 7
$x_{8,71}$
	 $y_{8,71,60}$ = 27.757066124291683 dB
	 $y_{8,71,81}$ = 31.031066923495956 dB
	 $y_{8,71,90}$ = 21.54858431632242 dB
	 $y_{8,71,92}$ = 18.366319538779237 dB
	 $y_{8,71,52}$ = 21.8844415863891 dB
	 $y_{8,71,61}$ = 27.121335588689774 dB
	 $y_{8,71,72}$ = 33.18876422648215 dB
	 $y_{8,71,80}$ = 26.85298069044339 dB
	 $y_{8,71,83}$ = 17.645258718867936 dB
	 $y_{8,71,91}$ = 24.77596047685661 dB
	 $y_{8,71,71}$ = 93.71614592565538 dB
		SNR medio:  15.631269278012438
		Usuarios totais: 22
$x_{8,73}$
	 $y_{8,73,40}$ = 16.546941069603193 dB
	 $y_{8,73,64}$ = 32.93592876076171 dB
	 $y_{8,73,65}$ = 16.274157496020536 dB
	 $y_{8,73,84}$ = 26.471049184241608 dB
	 $y_{8,73,66}$ = 20.905851468091043 dB
	 $y_{8,73,73}$ = 84.66112882404568 dB
	 $y_{8,73,75}$ = 18.136071046209125 dB
		SNR medio:  19.63010253172481
		Usuarios totais: 11
$x_{8,96}$
	 $y_{8,96,69}$ = 15.18291954129971 dB
	 $y_{8,96,76}$ = 21.800309760953382 dB
	 $y_{8,96,95}$ = 18.23411178201907 dB
	 $y_{8,96,78}$ = 20.34125967030785 dB
	 $y_{8,96,86}$ = 29.41623394931719 dB
	 $y_{8,96,87}$ = 30.605603239361386 dB
	 $y_{8,96,98}$ = 24.673125421696454 dB
		SNR medio:  20.03169542061938
		Usuarios totais: 8
$x_{8,97}$
	 $y_{8,97,99}$ = 19.92936913024255 dB
	 $y_{8,97,97}$ = 86.52186395826715 dB
		SNR medio:  35.48374436283657
		Usuarios totais: 3
Distances:
8 : 11 = 2828.42712474619
8 : 16 = 894.4271909999159
8 : 32 = 2683.281572999748
8 : 34 = 2000.0
8 : 37 = 1264.9110640673518
8 : 47 = 1649.2422502470642
8 : 71 = 3959.7979746446663
8 : 73 = 3440.9301068170507
8 : 96 = 3687.817782917155
8 : 97 = 3622.154055254967
11 : 16 = 2000.0
11 : 32 = 894.4271909999159
11 : 34 = 1442.2205101855957
11 : 37 = 2529.8221281347037
11 : 47 = 2683.281572999748
11 : 71 = 2400.0
11 : 73 = 2529.8221281347037
11 : 96 = 3773.5924528226415
11 : 97 = 4000.0
16 : 32 = 1788.8543819998317
16 : 34 = 1131.370849898476
16 : 37 = 894.4271909999159
16 : 47 = 1264.9110640673518
16 : 71 = 3124.099870362662
16 : 73 = 2683.281572999748
16 : 96 = 3200.0
16 : 97 = 3224.9030993194197
32 : 34 = 800.0
32 : 37 = 2000.0
32 : 47 = 2039.607805437114
32 : 71 = 1649.2422502470642
32 : 73 = 1649.2422502470642
32 : 96 = 2884.4410203711914
32 : 97 = 3124.099870362662
34 : 37 = 1200.0
34 : 47 = 1264.9110640673518
34 : 71 = 2000.0
34 : 73 = 1649.2422502470642
34 : 96 = 2529.8221281347037
34 : 97 = 2683.281572999748
37 : 47 = 400.0
37 : 71 = 2884.4410203711914
37 : 73 = 2262.741699796952
37 : 96 = 2433.105012119288
37 : 97 = 2400.0
47 : 71 = 2683.281572999748
47 : 73 = 2000.0
47 : 96 = 2039.607805437114
47 : 97 = 2000.0
71 : 73 = 800.0
71 : 96 = 2154.0659228538016
71 : 97 = 2529.8221281347037
73 : 96 = 1442.2205101855957
73 : 97 = 1788.8543819998317
96 : 97 = 400.0
t=9
Antennas: [ 8 11 16 32 34 37 47 71 73 96 97]
Users: [ 1  4  5  8 11 12 14 15 18 19 20 21 23 25 26 27 29 30 32 34 35 37 38 40
 41 46 47 48 54 57 58 59 60 63 64 65 66 67 71 72 76 77 78 80 81 82 83 84
 87 91 92 93 96 98]
MinSINR:  31.622776601683793
$x_{9,8}$
	 $y_{9,8,8}$ = 91.98028916982014 dB
	 $y_{9,8,18}$ = 27.708240567176006 dB
	 $y_{9,8,19}$ = 17.61960843149194 dB
		SNR medio:  34.32703454212202
		Usuarios totais: 4
$x_{9,11}$
	 $y_{9,11,1}$ = 28.088275015159653 dB
	 $y_{9,11,21}$ = 27.889389019873946 dB
	 $y_{9,11,30}$ = 19.01960361888287 dB
	 $y_{9,11,11}$ = 86.18846938110921 dB
		SNR medio:  26.864289505837615
		Usuarios totais: 6
$x_{9,16}$
		Usuarios totais: 0
$x_{9,32}$
	 $y_{9,32,41}$ = 25.512854551452477 dB
	 $y_{9,32,32}$ = 88.07142624703926 dB
		SNR medio:  37.861426932830575
		Usuarios totais: 3
$x_{9,34}$
	 $y_{9,34,4}$ = 16.121902625864706 dB
	 $y_{9,34,5}$ = 15.390514450487487 dB
	 $y_{9,34,14}$ = 27.909790075335565 dB
	 $y_{9,34,15}$ = 25.554812381923256 dB
	 $y_{9,34,20}$ = 19.29227211601777 dB
	 $y_{9,34,34}$ = 87.52257524257831 dB
	 $y_{9,34,35}$ = 30.008234088756723 dB
	 $y_{9,34,54}$ = 23.299818822313497 dB
	 $y_{9,34,12}$ = 16.31577581355441 dB
	 $y_{9,34,23}$ = 24.928224165288967 dB
		SNR medio:  26.031265434738245
		Usuarios totais: 11
$x_{9,37}$
	 $y_{9,37,29}$ = 28.872422252294896 dB
	 $y_{9,37,37}$ = 82.79913553742686 dB
		SNR medio:  37.22385259657392
		Usuarios totais: 3
$x_{9,47}$
	 $y_{9,47,57}$ = 23.379690167074557 dB
	 $y_{9,47,59}$ = 20.618247137353535 dB
	 $y_{9,47,46}$ = 24.851185922140345 dB
	 $y_{9,47,47}$ = 90.8874763149847 dB
	 $y_{9,47,48}$ = 26.20694873986602 dB
	 $y_{9,47,58}$ = 21.193232742349522 dB
	 $y_{9,47,66}$ = 19.904213358139216 dB
	 $y_{9,47,67}$ = 16.463202617539878 dB
	 $y_{9,47,25}$ = 16.876693386336328 dB
	 $y_{9,47,38}$ = 18.206578952143943 dB
	 $y_{9,47,26}$ = 20.802558738425162 dB
	 $y_{9,47,27}$ = 17.622453450286685 dB
		SNR medio:  15.850624076331993
		Usuarios totais: 20
$x_{9,71}$
	 $y_{9,71,60}$ = 27.757066124291683 dB
	 $y_{9,71,81}$ = 31.031066923495956 dB
	 $y_{9,71,82}$ = 26.001124711320813 dB
	 $y_{9,71,92}$ = 18.366319538779237 dB
	 $y_{9,71,71}$ = 93.71614592565538 dB
		SNR medio:  32.811953870590514
		Usuarios totais: 6
$x_{9,73}$
	 $y_{9,73,40}$ = 16.546941069603193 dB
	 $y_{9,73,64}$ = 32.93592876076171 dB
	 $y_{9,73,65}$ = 16.274157496020536 dB
	 $y_{9,73,84}$ = 26.471049184241608 dB
	 $y_{9,73,93}$ = 19.517610862476985 dB
	 $y_{9,73,63}$ = 27.239742619923234 dB
	 $y_{9,73,72}$ = 30.184830398207396 dB
	 $y_{9,73,80}$ = 15.828812840962087 dB
	 $y_{9,73,83}$ = 26.533519559022437 dB
	 $y_{9,73,91}$ = 15.652666902952959 dB
		SNR medio:  14.19907873088576
		Usuarios totais: 16
$x_{9,96}$
	 $y_{9,96,76}$ = 21.800309760953382 dB
	 $y_{9,96,77}$ = 18.581104107127913 dB
	 $y_{9,96,78}$ = 20.34125967030785 dB
	 $y_{9,96,87}$ = 30.605603239361386 dB
	 $y_{9,96,96}$ = 92.49254652547273 dB
	 $y_{9,96,98}$ = 24.673125421696454 dB
		SNR medio:  29.784849817845675
		Usuarios totais: 7
$x_{9,97}$
		Usuarios totais: 0
Distances:
8 : 11 = 2828.42712474619
8 : 16 = 894.4271909999159
8 : 32 = 2683.281572999748
8 : 34 = 2000.0
8 : 37 = 1264.9110640673518
8 : 47 = 1649.2422502470642
8 : 71 = 3959.7979746446663
8 : 73 = 3440.9301068170507
8 : 96 = 3687.817782917155
8 : 97 = 3622.154055254967
11 : 16 = 2000.0
11 : 32 = 894.4271909999159
11 : 34 = 1442.2205101855957
11 : 37 = 2529.8221281347037
11 : 47 = 2683.281572999748
11 : 71 = 2400.0
11 : 73 = 2529.8221281347037
11 : 96 = 3773.5924528226415
11 : 97 = 4000.0
16 : 32 = 1788.8543819998317
16 : 34 = 1131.370849898476
16 : 37 = 894.4271909999159
16 : 47 = 1264.9110640673518
16 : 71 = 3124.099870362662
16 : 73 = 2683.281572999748
16 : 96 = 3200.0
16 : 97 = 3224.9030993194197
32 : 34 = 800.0
32 : 37 = 2000.0
32 : 47 = 2039.607805437114
32 : 71 = 1649.2422502470642
32 : 73 = 1649.2422502470642
32 : 96 = 2884.4410203711914
32 : 97 = 3124.099870362662
34 : 37 = 1200.0
34 : 47 = 1264.9110640673518
34 : 71 = 2000.0
34 : 73 = 1649.2422502470642
34 : 96 = 2529.8221281347037
34 : 97 = 2683.281572999748
37 : 47 = 400.0
37 : 71 = 2884.4410203711914
37 : 73 = 2262.741699796952
37 : 96 = 2433.105012119288
37 : 97 = 2400.0
47 : 71 = 2683.281572999748
47 : 73 = 2000.0
47 : 96 = 2039.607805437114
47 : 97 = 2000.0
71 : 73 = 800.0
71 : 96 = 2154.0659228538016
71 : 97 = 2529.8221281347037
73 : 96 = 1442.2205101855957
73 : 97 = 1788.8543819998317
96 : 97 = 400.0
t=10
Antennas: [ 8 11 16 32 34 37 47 71 73 96 97]
Users: [ 0  6  9 11 12 13 14 15 19 20 23 24 25 26 27 28 31 33 35 36 37 40 43 46
 48 52 56 61 72 77 80 82 84 92 98 99]
MinSINR:  31.622776601683793
$x_{10,8}$
	 $y_{10,8,9}$ = 28.709894356948283 dB
	 $y_{10,8,6}$ = 16.271989569013442 dB
	 $y_{10,8,19}$ = 17.61960843149194 dB
		SNR medio:  15.650373089363416
		Usuarios totais: 4
$x_{10,11}$
	 $y_{10,11,0}$ = 18.689447271697176 dB
	 $y_{10,11,11}$ = 86.18846938110921 dB
	 $y_{10,11,13}$ = 22.533090465214087 dB
		SNR medio:  42.47033570600683
		Usuarios totais: 3
$x_{10,16}$
		Usuarios totais: 0
$x_{10,32}$
		Usuarios totais: 0
$x_{10,34}$
	 $y_{10,34,14}$ = 27.909790075335565 dB
	 $y_{10,34,15}$ = 25.554812381923256 dB
	 $y_{10,34,20}$ = 19.29227211601777 dB
	 $y_{10,34,31}$ = 16.327304675408698 dB
	 $y_{10,34,35}$ = 30.008234088756723 dB
	 $y_{10,34,12}$ = 16.31577581355441 dB
	 $y_{10,34,23}$ = 24.928224165288967 dB
	 $y_{10,34,24}$ = 23.497752184965464 dB
	 $y_{10,34,25}$ = 24.86235103548171 dB
	 $y_{10,34,33}$ = 28.16784379854967 dB
	 $y_{10,34,26}$ = 15.345177768366469 dB
	 $y_{10,34,43}$ = 29.020023806055775 dB
		SNR medio:  18.748637460646965
		Usuarios totais: 15
$x_{10,37}$
	 $y_{10,37,37}$ = 82.79913553742686 dB
		SNR medio:  82.79913553742686
		Usuarios totais: 1
$x_{10,47}$
	 $y_{10,47,36}$ = 26.166409462582223 dB
	 $y_{10,47,46}$ = 24.851185922140345 dB
	 $y_{10,47,48}$ = 26.20694873986602 dB
	 $y_{10,47,56}$ = 21.068983544079984 dB
	 $y_{10,47,28}$ = 16.24615838224784 dB
	 $y_{10,47,27}$ = 17.622453450286685 dB
		SNR medio:  14.684682166800346
		Usuarios totais: 9
$x_{10,71}$
	 $y_{10,71,82}$ = 26.001124711320813 dB
	 $y_{10,71,92}$ = 18.366319538779237 dB
	 $y_{10,71,52}$ = 21.8844415863891 dB
	 $y_{10,71,61}$ = 27.121335588689774 dB
	 $y_{10,71,72}$ = 33.18876422648215 dB
	 $y_{10,71,80}$ = 26.85298069044339 dB
		SNR medio:  17.04610737134494
		Usuarios totais: 9
$x_{10,73}$
	 $y_{10,73,40}$ = 16.546941069603193 dB
	 $y_{10,73,84}$ = 26.471049184241608 dB
		SNR medio:  21.5089951269224
		Usuarios totais: 2
$x_{10,96}$
		Usuarios totais: 0
$x_{10,97}$
	 $y_{10,97,99}$ = 19.92936913024255 dB
	 $y_{10,97,77}$ = 19.777398463449785 dB
	 $y_{10,97,98}$ = 29.33137856640265 dB
		SNR medio:  23.01271538669833
		Usuarios totais: 3
Distances:
8 : 11 = 2828.42712474619
8 : 16 = 894.4271909999159
8 : 32 = 2683.281572999748
8 : 34 = 2000.0
8 : 37 = 1264.9110640673518
8 : 47 = 1649.2422502470642
8 : 71 = 3959.7979746446663
8 : 73 = 3440.9301068170507
8 : 96 = 3687.817782917155
8 : 97 = 3622.154055254967
11 : 16 = 2000.0
11 : 32 = 894.4271909999159
11 : 34 = 1442.2205101855957
11 : 37 = 2529.8221281347037
11 : 47 = 2683.281572999748
11 : 71 = 2400.0
11 : 73 = 2529.8221281347037
11 : 96 = 3773.5924528226415
11 : 97 = 4000.0
16 : 32 = 1788.8543819998317
16 : 34 = 1131.370849898476
16 : 37 = 894.4271909999159
16 : 47 = 1264.9110640673518
16 : 71 = 3124.099870362662
16 : 73 = 2683.281572999748
16 : 96 = 3200.0
16 : 97 = 3224.9030993194197
32 : 34 = 800.0
32 : 37 = 2000.0
32 : 47 = 2039.607805437114
32 : 71 = 1649.2422502470642
32 : 73 = 1649.2422502470642
32 : 96 = 2884.4410203711914
32 : 97 = 3124.099870362662
34 : 37 = 1200.0
34 : 47 = 1264.9110640673518
34 : 71 = 2000.0
34 : 73 = 1649.2422502470642
34 : 96 = 2529.8221281347037
34 : 97 = 2683.281572999748
37 : 47 = 400.0
37 : 71 = 2884.4410203711914
37 : 73 = 2262.741699796952
37 : 96 = 2433.105012119288
37 : 97 = 2400.0
47 : 71 = 2683.281572999748
47 : 73 = 2000.0
47 : 96 = 2039.607805437114
47 : 97 = 2000.0
71 : 73 = 800.0
71 : 96 = 2154.0659228538016
71 : 97 = 2529.8221281347037
73 : 96 = 1442.2205101855957
73 : 97 = 1788.8543819998317
96 : 97 = 400.0
t=11
Antennas: [ 8 11 16 32 34 37 47 71 73 96 97]
Users: [ 6  7 10 11 12 20 22 23 25 35 52 62 65 70 74 85 94 97]
MinSINR:  31.622776601683793
$x_{11,8}$
		Usuarios totais: 0
$x_{11,11}$
	 $y_{11,11,10}$ = 30.1802652246715 dB
	 $y_{11,11,20}$ = 20.637433527720532 dB
	 $y_{11,11,22}$ = 27.097276505397545 dB
	 $y_{11,11,11}$ = 86.18846938110921 dB
	 $y_{11,11,12}$ = 28.904430962530554 dB
	 $y_{11,11,23}$ = 17.183929164643388 dB
		SNR medio:  30.027400680867537
		Usuarios totais: 7
$x_{11,16}$
	 $y_{11,16,6}$ = 34.02604835522159 dB
	 $y_{11,16,7}$ = 17.74839969196681 dB
	 $y_{11,16,25}$ = 22.16680271617625 dB
		SNR medio:  18.485312690841162
		Usuarios totais: 4
$x_{11,32}$
		Usuarios totais: 0
$x_{11,34}$
	 $y_{11,34,35}$ = 30.008234088756723 dB
		SNR medio:  15.004117044378361
		Usuarios totais: 2
$x_{11,37}$
		Usuarios totais: 0
$x_{11,47}$
		Usuarios totais: 0
$x_{11,71}$
		Usuarios totais: 0
$x_{11,73}$
	 $y_{11,73,62}$ = 27.063589957978735 dB
	 $y_{11,73,65}$ = 16.274157496020536 dB
	 $y_{11,73,52}$ = 25.290409333208643 dB
	 $y_{11,73,70}$ = 18.22211257897918 dB
	 $y_{11,73,74}$ = 32.03326075712994 dB
		SNR medio:  23.776706024663405
		Usuarios totais: 5
$x_{11,96}$
	 $y_{11,96,85}$ = 25.074108214734338 dB
	 $y_{11,96,94}$ = 17.588365636257308 dB
		SNR medio:  14.220824616997215
		Usuarios totais: 3
$x_{11,97}$
	 $y_{11,97,97}$ = 86.52186395826715 dB
		SNR medio:  86.52186395826715
		Usuarios totais: 1
Distances:
8 : 11 = 2828.42712474619
8 : 16 = 894.4271909999159
8 : 32 = 2683.281572999748
8 : 34 = 2000.0
8 : 37 = 1264.9110640673518
8 : 47 = 1649.2422502470642
8 : 71 = 3959.7979746446663
8 : 73 = 3440.9301068170507
8 : 96 = 3687.817782917155
8 : 97 = 3622.154055254967
11 : 16 = 2000.0
11 : 32 = 894.4271909999159
11 : 34 = 1442.2205101855957
11 : 37 = 2529.8221281347037
11 : 47 = 2683.281572999748
11 : 71 = 2400.0
11 : 73 = 2529.8221281347037
11 : 96 = 3773.5924528226415
11 : 97 = 4000.0
16 : 32 = 1788.8543819998317
16 : 34 = 1131.370849898476
16 : 37 = 894.4271909999159
16 : 47 = 1264.9110640673518
16 : 71 = 3124.099870362662
16 : 73 = 2683.281572999748
16 : 96 = 3200.0
16 : 97 = 3224.9030993194197
32 : 34 = 800.0
32 : 37 = 2000.0
32 : 47 = 2039.607805437114
32 : 71 = 1649.2422502470642
32 : 73 = 1649.2422502470642
32 : 96 = 2884.4410203711914
32 : 97 = 3124.099870362662
34 : 37 = 1200.0
34 : 47 = 1264.9110640673518
34 : 71 = 2000.0
34 : 73 = 1649.2422502470642
34 : 96 = 2529.8221281347037
34 : 97 = 2683.281572999748
37 : 47 = 400.0
37 : 71 = 2884.4410203711914
37 : 73 = 2262.741699796952
37 : 96 = 2433.105012119288
37 : 97 = 2400.0
47 : 71 = 2683.281572999748
47 : 73 = 2000.0
47 : 96 = 2039.607805437114
47 : 97 = 2000.0
71 : 73 = 800.0
71 : 96 = 2154.0659228538016
71 : 97 = 2529.8221281347037
73 : 96 = 1442.2205101855957
73 : 97 = 1788.8543819998317
96 : 97 = 400.0
--- Done after 0.2709151299794515 hours. ---
