-------------Calculating Solution (this may take a while)
+++++++++++++++++++Min Sinr: 10 dB (pgwo2)
+++++++++++++++++++With backhaul constraint. Start: 2023-02-03 18:22:17

Parameters:
- chosen seed 4
- Map with 100 sectors
- Map 4000 x 4000 m
- Sector has a side of 400 m
- Max time:  12
- users_t_m:  [[0, 0, 0, 0, 0, 0, 0, 0, 0, 0, 0, 0, 4, 3, 0, 0, 0, 0, 0, 0, 0, 0, 1, 25, 0, 0, 0, 0, 0, 0, 0, 0, 0, 0, 0, 0, 0, 0, 0, 0, 0, 0, 0, 0, 0, 0, 0, 0, 0, 0, 0, 0, 0, 0, 0, 0, 0, 0, 0, 0, 0, 0, 0, 0, 0, 0, 0, 0, 0, 0, 0, 0, 0, 0, 0, 0, 0, 0, 0, 0, 0, 0, 0, 0, 0, 0, 0, 0, 0, 0, 0, 0, 0, 0, 0, 0, 0, 0, 0, 0], [0, 0, 0, 0, 0, 1, 0, 0, 0, 0, 0, 0, 4, 3, 0, 0, 0, 0, 0, 0, 1, 0, 3, 39, 1, 2, 1, 0, 1, 0, 0, 0, 0, 1, 0, 0, 0, 1, 0, 2, 1, 1, 0, 1, 0, 1, 1, 0, 0, 1, 0, 0, 0, 0, 0, 0, 0, 1, 0, 0, 1, 1, 0, 0, 0, 0, 0, 1, 0, 1, 0, 0, 0, 0, 1, 2, 1, 1, 0, 0, 1, 0, 1, 1, 1, 0, 0, 0, 1, 0, 0, 0, 0, 1, 0, 0, 0, 0, 0, 0], [0, 1, 1, 1, 1, 1, 0, 1, 0, 2, 1, 0, 4, 3, 1, 1, 1, 0, 2, 0, 0, 1, 2, 18, 3, 0, 1, 1, 0, 2, 1, 0, 0, 1, 0, 1, 1, 0, 2, 1, 0, 0, 1, 2, 1, 1, 0, 0, 1, 0, 0, 2, 1, 0, 0, 1, 0, 2, 4, 0, 1, 0, 0, 0, 3, 2, 4, 0, 2, 1, 0, 0, 2, 1, 1, 0, 1, 0, 0, 0, 0, 0, 1, 0, 2, 2, 1, 1, 0, 0, 0, 2, 3, 1, 1, 1, 0, 2, 1, 0], [2, 1, 1, 0, 2, 0, 0, 2, 0, 2, 2, 0, 3, 5, 3, 0, 2, 0, 1, 1, 1, 0, 5, 26, 0, 0, 0, 1, 0, 0, 3, 0, 1, 0, 2, 2, 2, 3, 0, 2, 1, 1, 2, 0, 1, 1, 0, 2, 3, 2, 1, 1, 2, 1, 0, 0, 0, 1, 2, 2, 1, 2, 1, 0, 1, 1, 0, 0, 0, 1, 1, 1, 0, 0, 1, 1, 0, 0, 1, 3, 2, 2, 1, 3, 0, 2, 0, 4, 3, 1, 3, 0, 2, 0, 1, 0, 3, 0, 2, 1], [2, 0, 2, 0, 2, 1, 3, 1, 0, 1, 1, 0, 4, 4, 0, 4, 1, 0, 3, 1, 1, 1, 4, 15, 1, 4, 1, 2, 3, 4, 1, 4, 0, 2, 1, 2, 1, 1, 2, 4, 2, 2, 4, 0, 0, 0, 1, 1, 1, 2, 1, 2, 0, 1, 5, 1, 0, 0, 2, 1, 3, 2, 1, 2, 0, 1, 2, 0, 1, 0, 1, 3, 0, 2, 1, 0, 2, 1, 2, 2, 2, 3, 2, 1, 1, 0, 4, 1, 2, 1, 3, 0, 0, 4, 1, 0, 4, 0, 1, 1], [2, 2, 2, 1, 0, 0, 0, 3, 1, 2, 4, 1, 4, 6, 2, 3, 2, 0, 1, 1, 2, 1, 3, 25, 3, 3, 3, 2, 1, 1, 0, 2, 2, 2, 0, 2, 3, 0, 1, 2, 2, 2, 5, 1, 3, 1, 2, 4, 1, 0, 3, 3, 1, 1, 0, 6, 2, 2, 0, 2, 0, 0, 1, 2, 4, 2, 2, 0, 1, 0, 3, 1, 3, 1, 1, 1, 3, 0, 3, 2, 0, 2, 2, 2, 2, 1, 4, 1, 1, 0, 2, 1, 0, 1, 1, 4, 0, 2, 1, 3], [3, 0, 1, 5, 1, 1, 1, 2, 1, 4, 0, 1, 2, 1, 2, 2, 2, 1, 2, 2, 1, 3, 2, 5, 2, 2, 3, 4, 0, 4, 1, 0, 2, 1, 2, 3, 1, 3, 3, 5, 2, 1, 3, 1, 2, 0, 2, 3, 1, 2, 1, 0, 3, 0, 1, 1, 1, 2, 1, 2, 5, 3, 2, 0, 1, 2, 2, 1, 0, 2, 2, 0, 0, 0, 0, 2, 2, 1, 2, 3, 1, 3, 1, 0, 3, 3, 0, 2, 2, 4, 1, 0, 2, 1, 2, 0, 2, 1, 4, 0], [1, 0, 0, 1, 2, 1, 4, 0, 1, 3, 2, 3, 0, 2, 0, 0, 1, 3, 1, 1, 4, 1, 1, 2, 1, 0, 0, 0, 1, 3, 0, 0, 2, 0, 5, 0, 0, 2, 3, 0, 2, 3, 1, 3, 2, 2, 0, 3, 1, 0, 2, 2, 1, 2, 3, 4, 1, 0, 0, 2, 1, 1, 0, 0, 7, 1, 1, 0, 0, 2, 1, 0, 2, 3, 3, 0, 4, 2, 2, 0, 0, 3, 2, 2, 1, 0, 1, 2, 3, 1, 2, 1, 1, 2, 0, 1, 0, 2, 1, 0], [2, 4, 0, 0, 2, 0, 1, 2, 0, 2, 2, 2, 1, 0, 2, 0, 4, 2, 3, 2, 1, 2, 2, 2, 1, 0, 3, 0, 0, 1, 1, 2, 1, 1, 2, 0, 0, 0, 1, 2, 2, 1, 0, 0, 0, 1, 0, 1, 0, 1, 0, 0, 3, 0, 0, 0, 0, 1, 0, 0, 1, 1, 0, 0, 1, 1, 1, 1, 3, 1, 0, 1, 2, 1, 0, 2, 1, 0, 1, 0, 1, 2, 0, 2, 3, 0, 1, 1, 0, 0, 5, 3, 1, 0, 0, 1, 0, 1, 2, 2], [0, 2, 0, 0, 1, 1, 0, 0, 1, 0, 0, 1, 1, 0, 1, 2, 0, 0, 2, 1, 1, 1, 0, 1, 0, 1, 1, 2, 0, 2, 2, 0, 1, 0, 1, 1, 0, 1, 1, 0, 2, 2, 0, 0, 0, 0, 1, 3, 3, 0, 0, 0, 0, 0, 1, 0, 0, 1, 1, 2, 1, 0, 0, 1, 2, 2, 1, 3, 0, 0, 0, 1, 1, 0, 0, 0, 1, 1, 1, 0, 1, 1, 2, 4, 1, 0, 0, 2, 0, 0, 0, 1, 1, 1, 0, 0, 1, 0, 1, 0], [1, 0, 0, 0, 0, 0, 1, 0, 0, 2, 0, 1, 1, 1, 1, 1, 0, 0, 0, 1, 3, 0, 0, 1, 1, 2, 1, 1, 3, 0, 0, 1, 0, 1, 0, 1, 1, 1, 0, 0, 1, 0, 0, 1, 0, 0, 1, 0, 2, 0, 0, 0, 2, 0, 0, 0, 1, 0, 0, 0, 0, 1, 0, 0, 0, 0, 0, 0, 0, 0, 0, 0, 1, 0, 0, 0, 0, 1, 0, 0, 1, 0, 2, 0, 1, 0, 0, 0, 0, 0, 0, 0, 2, 0, 0, 0, 0, 0, 1, 1], [0, 0, 0, 0, 0, 0, 2, 1, 0, 0, 2, 1, 1, 0, 0, 0, 0, 0, 0, 0, 1, 0, 1, 1, 0, 1, 0, 0, 0, 0, 0, 0, 0, 0, 0, 2, 0, 0, 0, 0, 0, 0, 0, 0, 0, 0, 0, 0, 0, 0, 0, 0, 1, 0, 0, 0, 0, 0, 0, 0, 0, 0, 1, 0, 0, 1, 0, 0, 0, 0, 1, 0, 0, 0, 1, 0, 0, 0, 0, 0, 0, 0, 0, 0, 0, 2, 0, 0, 0, 0, 0, 0, 0, 0, 1, 0, 0, 1, 0, 0]]
users_0_m:
[0, 0, 0, 0, 0, 0, 0, 0, 0, 0]
[0, 0, 4, 3, 0, 0, 0, 0, 0, 0]
[0, 0, 1, 25, 0, 0, 0, 0, 0, 0]
[0, 0, 0, 0, 0, 0, 0, 0, 0, 0]
[0, 0, 0, 0, 0, 0, 0, 0, 0, 0]
[0, 0, 0, 0, 0, 0, 0, 0, 0, 0]
[0, 0, 0, 0, 0, 0, 0, 0, 0, 0]
[0, 0, 0, 0, 0, 0, 0, 0, 0, 0]
[0, 0, 0, 0, 0, 0, 0, 0, 0, 0]
[0, 0, 0, 0, 0, 0, 0, 0, 0, 0]
users_1_m:
[0, 0, 0, 0, 0, 1, 0, 0, 0, 0]
[0, 0, 4, 3, 0, 0, 0, 0, 0, 0]
[1, 0, 3, 39, 1, 2, 1, 0, 1, 0]
[0, 0, 0, 1, 0, 0, 0, 1, 0, 2]
[1, 1, 0, 1, 0, 1, 1, 0, 0, 1]
[0, 0, 0, 0, 0, 0, 0, 1, 0, 0]
[1, 1, 0, 0, 0, 0, 0, 1, 0, 1]
[0, 0, 0, 0, 1, 2, 1, 1, 0, 0]
[1, 0, 1, 1, 1, 0, 0, 0, 1, 0]
[0, 0, 0, 1, 0, 0, 0, 0, 0, 0]
users_2_m:
[0, 1, 1, 1, 1, 1, 0, 1, 0, 2]
[1, 0, 4, 3, 1, 1, 1, 0, 2, 0]
[0, 1, 2, 18, 3, 0, 1, 1, 0, 2]
[1, 0, 0, 1, 0, 1, 1, 0, 2, 1]
[0, 0, 1, 2, 1, 1, 0, 0, 1, 0]
[0, 2, 1, 0, 0, 1, 0, 2, 4, 0]
[1, 0, 0, 0, 3, 2, 4, 0, 2, 1]
[0, 0, 2, 1, 1, 0, 1, 0, 0, 0]
[0, 0, 1, 0, 2, 2, 1, 1, 0, 0]
[0, 2, 3, 1, 1, 1, 0, 2, 1, 0]
users_3_m:
[2, 1, 1, 0, 2, 0, 0, 2, 0, 2]
[2, 0, 3, 5, 3, 0, 2, 0, 1, 1]
[1, 0, 5, 26, 0, 0, 0, 1, 0, 0]
[3, 0, 1, 0, 2, 2, 2, 3, 0, 2]
[1, 1, 2, 0, 1, 1, 0, 2, 3, 2]
[1, 1, 2, 1, 0, 0, 0, 1, 2, 2]
[1, 2, 1, 0, 1, 1, 0, 0, 0, 1]
[1, 1, 0, 0, 1, 1, 0, 0, 1, 3]
[2, 2, 1, 3, 0, 2, 0, 4, 3, 1]
[3, 0, 2, 0, 1, 0, 3, 0, 2, 1]
users_4_m:
[2, 0, 2, 0, 2, 1, 3, 1, 0, 1]
[1, 0, 4, 4, 0, 4, 1, 0, 3, 1]
[1, 1, 4, 15, 1, 4, 1, 2, 3, 4]
[1, 4, 0, 2, 1, 2, 1, 1, 2, 4]
[2, 2, 4, 0, 0, 0, 1, 1, 1, 2]
[1, 2, 0, 1, 5, 1, 0, 0, 2, 1]
[3, 2, 1, 2, 0, 1, 2, 0, 1, 0]
[1, 3, 0, 2, 1, 0, 2, 1, 2, 2]
[2, 3, 2, 1, 1, 0, 4, 1, 2, 1]
[3, 0, 0, 4, 1, 0, 4, 0, 1, 1]
users_5_m:
[2, 2, 2, 1, 0, 0, 0, 3, 1, 2]
[4, 1, 4, 6, 2, 3, 2, 0, 1, 1]
[2, 1, 3, 25, 3, 3, 3, 2, 1, 1]
[0, 2, 2, 2, 0, 2, 3, 0, 1, 2]
[2, 2, 5, 1, 3, 1, 2, 4, 1, 0]
[3, 3, 1, 1, 0, 6, 2, 2, 0, 2]
[0, 0, 1, 2, 4, 2, 2, 0, 1, 0]
[3, 1, 3, 1, 1, 1, 3, 0, 3, 2]
[0, 2, 2, 2, 2, 1, 4, 1, 1, 0]
[2, 1, 0, 1, 1, 4, 0, 2, 1, 3]
users_6_m:
[3, 0, 1, 5, 1, 1, 1, 2, 1, 4]
[0, 1, 2, 1, 2, 2, 2, 1, 2, 2]
[1, 3, 2, 5, 2, 2, 3, 4, 0, 4]
[1, 0, 2, 1, 2, 3, 1, 3, 3, 5]
[2, 1, 3, 1, 2, 0, 2, 3, 1, 2]
[1, 0, 3, 0, 1, 1, 1, 2, 1, 2]
[5, 3, 2, 0, 1, 2, 2, 1, 0, 2]
[2, 0, 0, 0, 0, 2, 2, 1, 2, 3]
[1, 3, 1, 0, 3, 3, 0, 2, 2, 4]
[1, 0, 2, 1, 2, 0, 2, 1, 4, 0]
users_7_m:
[1, 0, 0, 1, 2, 1, 4, 0, 1, 3]
[2, 3, 0, 2, 0, 0, 1, 3, 1, 1]
[4, 1, 1, 2, 1, 0, 0, 0, 1, 3]
[0, 0, 2, 0, 5, 0, 0, 2, 3, 0]
[2, 3, 1, 3, 2, 2, 0, 3, 1, 0]
[2, 2, 1, 2, 3, 4, 1, 0, 0, 2]
[1, 1, 0, 0, 7, 1, 1, 0, 0, 2]
[1, 0, 2, 3, 3, 0, 4, 2, 2, 0]
[0, 3, 2, 2, 1, 0, 1, 2, 3, 1]
[2, 1, 1, 2, 0, 1, 0, 2, 1, 0]
users_8_m:
[2, 4, 0, 0, 2, 0, 1, 2, 0, 2]
[2, 2, 1, 0, 2, 0, 4, 2, 3, 2]
[1, 2, 2, 2, 1, 0, 3, 0, 0, 1]
[1, 2, 1, 1, 2, 0, 0, 0, 1, 2]
[2, 1, 0, 0, 0, 1, 0, 1, 0, 1]
[0, 0, 3, 0, 0, 0, 0, 1, 0, 0]
[1, 1, 0, 0, 1, 1, 1, 1, 3, 1]
[0, 1, 2, 1, 0, 2, 1, 0, 1, 0]
[1, 2, 0, 2, 3, 0, 1, 1, 0, 0]
[5, 3, 1, 0, 0, 1, 0, 1, 2, 2]
users_9_m:
[0, 2, 0, 0, 1, 1, 0, 0, 1, 0]
[0, 1, 1, 0, 1, 2, 0, 0, 2, 1]
[1, 1, 0, 1, 0, 1, 1, 2, 0, 2]
[2, 0, 1, 0, 1, 1, 0, 1, 1, 0]
[2, 2, 0, 0, 0, 0, 1, 3, 3, 0]
[0, 0, 0, 0, 1, 0, 0, 1, 1, 2]
[1, 0, 0, 1, 2, 2, 1, 3, 0, 0]
[0, 1, 1, 0, 0, 0, 1, 1, 1, 0]
[1, 1, 2, 4, 1, 0, 0, 2, 0, 0]
[0, 1, 1, 1, 0, 0, 1, 0, 1, 0]
users_10_m:
[1, 0, 0, 0, 0, 0, 1, 0, 0, 2]
[0, 1, 1, 1, 1, 1, 0, 0, 0, 1]
[3, 0, 0, 1, 1, 2, 1, 1, 3, 0]
[0, 1, 0, 1, 0, 1, 1, 1, 0, 0]
[1, 0, 0, 1, 0, 0, 1, 0, 2, 0]
[0, 0, 2, 0, 0, 0, 1, 0, 0, 0]
[0, 1, 0, 0, 0, 0, 0, 0, 0, 0]
[0, 0, 1, 0, 0, 0, 0, 1, 0, 0]
[1, 0, 2, 0, 1, 0, 0, 0, 0, 0]
[0, 0, 2, 0, 0, 0, 0, 0, 1, 1]
users_11_m:
[0, 0, 0, 0, 0, 0, 2, 1, 0, 0]
[2, 1, 1, 0, 0, 0, 0, 0, 0, 0]
[1, 0, 1, 1, 0, 1, 0, 0, 0, 0]
[0, 0, 0, 0, 0, 2, 0, 0, 0, 0]
[0, 0, 0, 0, 0, 0, 0, 0, 0, 0]
[0, 0, 1, 0, 0, 0, 0, 0, 0, 0]
[0, 0, 1, 0, 0, 1, 0, 0, 0, 0]
[1, 0, 0, 0, 1, 0, 0, 0, 0, 0]
[0, 0, 0, 0, 0, 2, 0, 0, 0, 0]
[0, 0, 0, 0, 1, 0, 0, 1, 0, 0]
MAX_USER_PER_ANTENNAS_m:  [40, 40, 40, 40, 40, 40, 40, 40, 40, 40, 40, 40, 40, 40, 40, 40, 40, 40, 40, 40, 40, 40, 40, 40, 40, 40, 40, 40, 40, 40, 40, 40, 40, 40, 40, 40, 40, 40, 40, 40, 40, 40, 40, 40, 40, 40, 40, 40, 40, 40, 40, 40, 40, 40, 40, 40, 40, 40, 40, 40, 40, 40, 40, 40, 40, 40, 40, 40, 40, 40, 40, 40, 40, 40, 40, 40, 40, 40, 40, 40, 40, 40, 40, 40, 40, 40, 40, 40, 40, 40, 40, 40, 40, 40, 40, 40, 40, 40, 40, 40]
antennas_map_m:  [1, 1, 1, 1, 1, 1, 1, 1, 1, 1, 1, 1, 1, 1, 1, 1, 1, 1, 1, 1, 1, 1, 1, 1, 1, 1, 1, 1, 1, 1, 1, 1, 1, 1, 1, 1, 1, 1, 1, 1, 1, 1, 1, 1, 1, 1, 1, 1, 1, 1, 1, 1, 1, 1, 1, 1, 1, 1, 1, 1, 1, 1, 1, 1, 1, 1, 1, 1, 1, 1, 1, 1, 1, 1, 1, 1, 1, 1, 1, 1, 1, 1, 1, 1, 1, 1, 1, 1, 1, 1, 1, 1, 1, 1, 1, 1, 1, 1, 1, 1]
FIRST_ANTENNA:  37
MIN_SNR_m:  [10.0, 10.0, 10.0, 10.0, 10.0, 10.0, 10.0, 10.0, 10.0, 10.0, 10.0, 10.0, 10.0, 10.0, 10.0, 10.0, 10.0, 10.0, 10.0, 10.0, 10.0, 10.0, 10.0, 10.0, 10.0, 10.0, 10.0, 10.0, 10.0, 10.0, 10.0, 10.0, 10.0, 10.0, 10.0, 10.0, 10.0, 10.0, 10.0, 10.0, 10.0, 10.0, 10.0, 10.0, 10.0, 10.0, 10.0, 10.0, 10.0, 10.0, 10.0, 10.0, 10.0, 10.0, 10.0, 10.0, 10.0, 10.0, 10.0, 10.0, 10.0, 10.0, 10.0, 10.0, 10.0, 10.0, 10.0, 10.0, 10.0, 10.0, 10.0, 10.0, 10.0, 10.0, 10.0, 10.0, 10.0, 10.0, 10.0, 10.0, 10.0, 10.0, 10.0, 10.0, 10.0, 10.0, 10.0, 10.0, 10.0, 10.0, 10.0, 10.0, 10.0, 10.0, 10.0, 10.0, 10.0, 10.0, 10.0, 10.0]
-MIN_DIST:  2000
- disaster percentage:  0

Slice  0
Updating fitness _wolf
--------

Run GWO to deployment +1 antenna on the map
	Pack size:  300
	Wolf dimension 1
	Max iter 100
	antennas_regions:  [37]
	users_regions:  [12 13 22 23]
	Seed_base:  28916
initial_alpha:  Wolf 188 (29104). Fitness: 48.821141102795934
	(1049.4320752173141, 1241.5735972203743, 0). Region: 32
initial_beta:  Wolf 42 (28958). Fitness: 20.969152239674504
	(1777.0769776736404, 1405.8179507733453, 0). Region: 34
initial_delta:  Wolf 45 (28961). Fitness: 20.969152239674504
	(1662.3885617914614, 1221.938907134995, 0). Region: 34 

iter = 10
Alpha wolf:  Wolf 188 (29104). Fitness: 48.821141102795934
	(1110.4018786105353, 1454.486530913547, 0.0). Region: 32
iter = 20
Alpha wolf:  Wolf 188 (29104). Fitness: 48.821141102795934
	(1027.788697702291, 1243.3024163842483, 0.0). Region: 32
iter = 30
Alpha wolf:  Wolf 188 (29104). Fitness: 48.821141102795934
	(1107.487070086493, 1387.6210530379835, 0.0). Region: 32
iter = 40
Alpha wolf:  Wolf 188 (29104). Fitness: 48.821141102795934
	(906.7133550469928, 1478.0613568065987, 0.0). Region: 32
iter = 50
Alpha wolf:  Wolf 188 (29104). Fitness: 48.821141102795934
	(850.7369935023358, 1425.9350501174022, 0.0). Region: 32
iter = 60
Alpha wolf:  Wolf 188 (29104). Fitness: 48.821141102795934
	(1199.908125409344, 1490.6464327446865, 0.0). Region: 32
iter = 70
Alpha wolf:  Wolf 188 (29104). Fitness: 48.821141102795934
	(934.5426380834284, 1485.9618546115712, 0.0). Region: 32
iter = 80
Alpha wolf:  Wolf 188 (29104). Fitness: 48.821141102795934
	(1069.9330421819416, 1480.23049578024, 0.0). Region: 32
iter = 90
Alpha wolf:  Wolf 188 (29104). Fitness: 48.821141102795934
	(1089.4705026714198, 1442.1806045335347, 0.0). Region: 32

- Finishing GWO - 

Best solution:  Wolf 188 (29104). Fitness: 48.821141102795934
	(1055.9337738229146, 1367.322501180683, 0.0). Region: 32
Antennas in slice 0:  [32 37]

Slice  1
Updating fitness _wolf
--------

Run GWO to deployment +1 antenna on the map
	Pack size:  300
	Wolf dimension 1
	Max iter 100
	antennas_regions:  [32 37]
	users_regions:  [ 5 12 13 20 22 23 24 25 26 28 33 37 39 40 41 43 45 46 49 57 60 61 67 69
 74 75 76 77 80 82 83 84 88 93]
	Seed_base:  66639
initial_alpha:  Wolf 0 (66639). Fitness: 0
	(555.5375980025254, 1462.0758969241235, 0). Region: 31
initial_beta:  Wolf 1 (66640). Fitness: 0
	(2541.1821651092027, 2281.6000816914934, 0). Region: 56
initial_delta:  Wolf 2 (66641). Fitness: 0
	(3618.664747475148, 365.7240590439015, 0). Region: 9 

iter = 10
Alpha wolf:  Wolf 0 (66639). Fitness: 0
	(2110.7801277581766, 1629.8495764032332, 0.0). Region: 45
iter = 20
Alpha wolf:  Wolf 0 (66639). Fitness: 0
	(1297.2861536873072, 2074.336580178489, 0.0). Region: 53
iter = 30
Alpha wolf:  Wolf 0 (66639). Fitness: 0
	(1392.0793937850503, 1467.0981144536756, 0.0). Region: 33
iter = 40
Alpha wolf:  Wolf 0 (66639). Fitness: 0
	(2745.958412176723, 3845.1133804253827, 0.0). Region: 96
iter = 50
Alpha wolf:  Wolf 0 (66639). Fitness: 0
	(558.4857074051164, 3203.5771436105483, 0.0). Region: 81
iter = 60
Alpha wolf:  Wolf 0 (66639). Fitness: 0
	(1474.350719975233, 3601.6148748251444, 0.0). Region: 93
iter = 70
Alpha wolf:  Wolf 0 (66639). Fitness: 0
	(879.5733349940608, 2512.1947547255113, 0.0). Region: 62
iter = 80
Alpha wolf:  Wolf 0 (66639). Fitness: 0
	(894.7532830467135, 2450.1397430110665, 0.0). Region: 62
iter = 90
Alpha wolf:  Wolf 0 (66639). Fitness: 0
	(910.3979748547978, 2385.1192739953563, 0.0). Region: 52

Run GWO to deployment +2 antenna on the map
	Pack size:  300
	Wolf dimension 2
	Max iter 100
	antennas_regions:  [32 37]
	users_regions:  [ 5 12 13 20 22 23 24 25 26 28 33 37 39 40 41 43 45 46 49 57 60 61 67 69
 74 75 76 77 80 82 83 84 88 93]
	Seed_base:  7561
initial_alpha:  Wolf 0 (7561). Fitness: 0
	(2474.1230808253367, 1769.4070024412895, 0). Region: 46
	(2566.904002969395, 3069.0824913671568, 0). Region: 76
initial_beta:  Wolf 1 (7562). Fitness: 0
	(3666.484598143037, 1305.40009799035, 0). Region: 39
	(2796.916364963323, 1377.0895493657215, 0). Region: 36
initial_delta:  Wolf 2 (7563). Fitness: 0
	(1635.2371853298812, 2652.2735071839898, 0). Region: 64
	(318.192422772273, 1447.9111860585342, 0). Region: 30 

iter = 10
Alpha wolf:  Wolf 0 (7561). Fitness: 0
	(789.4923170759254, 1280.6671946995693, 0.0). Region: 31
	(3086.981620999233, 445.48708850771175, 0.0). Region: 17
iter = 20
Alpha wolf:  Wolf 0 (7561). Fitness: 0
	(923.376296858481, 495.04907413879664, 0.0). Region: 12
	(2690.1140067884203, 3201.4412639807724, 0.0). Region: 86
iter = 30
Alpha wolf:  Wolf 0 (7561). Fitness: 0
	(2684.903087848409, 215.52170015905585, 0.0). Region: 6
	(2061.454417002136, 1041.0830365300067, 0.0). Region: 25
iter = 40
Alpha wolf:  Wolf 0 (7561). Fitness: 0
	(2452.3786885079735, 121.64218987569154, 0.0). Region: 6
	(2325.798225832371, 209.6606390898716, 0.0). Region: 5
iter = 50
Alpha wolf:  Wolf 0 (7561). Fitness: 0
	(2034.7355048104791, 118.41709739103109, 0.0). Region: 5
	(1648.324888880122, 130.27878682863778, 0.0). Region: 4
iter = 60
Alpha wolf:  Wolf 0 (7561). Fitness: 0
	(1876.1987970019186, 174.15964545122893, 0.0). Region: 4
	(1328.7859835433212, 164.17709938836109, 0.0). Region: 3
iter = 70
Alpha wolf:  Wolf 0 (7561). Fitness: 0
	(2040.2816072347468, 140.17582044855993, 0.0). Region: 5
	(872.7600278571579, 95.88493686754146, 0.0). Region: 2
iter = 80
Alpha wolf:  Wolf 0 (7561). Fitness: 0
	(2099.3720687410814, 161.46906709788254, 0.0). Region: 5
	(804.0080686644184, 103.26538798554594, 0.0). Region: 2
iter = 90
Alpha wolf:  Wolf 0 (7561). Fitness: 0
	(1981.1630046855764, 149.6669621693927, 0.0). Region: 4
	(554.8376121972103, 109.2730837195559, 0.0). Region: 1

Run GWO to deployment +3 antenna on the map
	Pack size:  300
	Wolf dimension 3
	Max iter 100
	antennas_regions:  [32 37]
	users_regions:  [ 5 12 13 20 22 23 24 25 26 28 33 37 39 40 41 43 45 46 49 57 60 61 67 69
 74 75 76 77 80 82 83 84 88 93]
	Seed_base:  63858
initial_alpha:  Wolf 49 (63907). Fitness: 0.00016289045818372697
	(3141.169979000169, 3012.646615855636, 0). Region: 77
	(2158.460419793712, 1006.4975588179946, 0). Region: 25
	(400.2922821402044, 2900.6428126923943, 0). Region: 71
initial_beta:  Wolf 155 (64013). Fitness: 8.673686865641685e-05
	(1204.714281852592, 3403.3811521473535, 0). Region: 83
	(2624.1827744405305, 2764.7103949985403, 0). Region: 66
	(2715.7275311225576, 689.1535107035555, 0). Region: 16
initial_delta:  Wolf 299 (64157). Fitness: 8.5814136011118e-05
	(1669.625519115086, 794.7359183153267, 0). Region: 14
	(2482.5925589659923, 2529.949409147406, 0). Region: 66
	(1450.5552674108255, 3360.2160481296564, 0). Region: 83 

The alpha wolf has been updated to a position with higher fitness. iter = 0
New alpha wolf:  Wolf 250 (64108). Fitness: 0.0004325484773176304
	(2020.0382294305323, 538.0764583243362, 0.0). Region: 15
	(3443.2785753053686, 2157.971133202713, 0.0). Region: 58
	(860.9742628907848, 3150.8503388301588, 0.0). Region: 72
The alpha wolf has been updated to a position with higher fitness. iter = 9
New alpha wolf:  Wolf 215 (64073). Fitness: 0.00043730175728928837
	(2759.7030909970017, 2451.528863709809, 0.0). Region: 66
	(1811.6624092486984, 156.6259641768194, 0.0). Region: 4
	(1214.2466250713917, 3120.130225540179, 0.0). Region: 73
iter = 10
Alpha wolf:  Wolf 215 (64073). Fitness: 0.00043730175728928837
	(2759.7030909970017, 2451.528863709809, 0.0). Region: 66
	(1811.6624092486984, 156.6259641768194, 0.0). Region: 4
	(1214.2466250713917, 3120.130225540179, 0.0). Region: 73
The alpha wolf has been updated to a position with higher fitness. iter = 11
New alpha wolf:  Wolf 146 (64004). Fitness: 0.00043730175730254594
	(2784.8577612933086, 2684.6506078619655, 0.0). Region: 66
	(2431.81217203204, 589.974281447918, 0.0). Region: 16
	(850.9874763942031, 3181.9635516080552, 0.0). Region: 72
The alpha wolf has been updated to a position with higher fitness. iter = 13
New alpha wolf:  Wolf 116 (63974). Fitness: 0.0004420550372713992
	(2540.5387922769687, 2490.298815931733, 0.0). Region: 66
	(2712.8903289397654, 613.0285686316339, 0.0). Region: 16
	(1410.4462539047672, 3015.206658327856, 0.0). Region: 73
The alpha wolf has been updated to a position with higher fitness. iter = 14
New alpha wolf:  Wolf 119 (63977). Fitness: 0.0004563148772011605
	(3401.294719720964, 2763.9232328002927, 0.0). Region: 68
	(2405.964965643494, 528.0690248217061, 0.0). Region: 16
	(1249.5016965726536, 3052.0811759602675, 0.0). Region: 73
iter = 20
Alpha wolf:  Wolf 119 (63977). Fitness: 0.0004563148772011605
	(3401.294719720964, 2763.9232328002927, 0.0). Region: 68
	(2405.964965643494, 528.0690248217061, 0.0). Region: 16
	(1249.5016965726536, 3052.0811759602675, 0.0). Region: 73
The alpha wolf has been updated to a position with higher fitness. iter = 21
New alpha wolf:  Wolf 9 (63867). Fitness: 0.0004610681570867024
	(3705.935702694608, 2914.8760590951815, 0.0). Region: 79
	(1079.409076730621, 53.434137840958336, 0.0). Region: 2
	(1474.687727936946, 2990.3849331767515, 0.0). Region: 73
The alpha wolf has been updated to a position with higher fitness. iter = 26
New alpha wolf:  Wolf 52 (63910). Fitness: 0.0004610681571568802
	(3765.4980351930626, 2828.13881063845, 0.0). Region: 79
	(2527.6573915008416, 786.5463931686293, 0.0). Region: 16
	(1374.2118718489023, 3091.631196212522, 0.0). Region: 73
iter = 30
Alpha wolf:  Wolf 52 (63910). Fitness: 0.0004610681571568802
	(3765.4980351930626, 2828.13881063845, 0.0). Region: 79
	(2527.6573915008416, 786.5463931686293, 0.0). Region: 16
	(1374.2118718489023, 3091.631196212522, 0.0). Region: 73
iter = 40
Alpha wolf:  Wolf 52 (63910). Fitness: 0.0004610681571568802
	(3765.4980351930626, 2828.13881063845, 0.0). Region: 79
	(2527.6573915008416, 786.5463931686293, 0.0). Region: 16
	(1374.2118718489023, 3091.631196212522, 0.0). Region: 73
iter = 50
Alpha wolf:  Wolf 52 (63910). Fitness: 0.0004610681571568802
	(3765.4980351930626, 2828.13881063845, 0.0). Region: 79
	(2527.6573915008416, 786.5463931686293, 0.0). Region: 16
	(1374.2118718489023, 3091.631196212522, 0.0). Region: 73
iter = 60
Alpha wolf:  Wolf 52 (63910). Fitness: 0.0004610681571568802
	(3765.4980351930626, 2828.13881063845, 0.0). Region: 79
	(2527.6573915008416, 786.5463931686293, 0.0). Region: 16
	(1374.2118718489023, 3091.631196212522, 0.0). Region: 73
iter = 70
Alpha wolf:  Wolf 52 (63910). Fitness: 0.0004610681571568802
	(3958.5953517538364, 3058.5250017002622, 0.0). Region: 79
	(2560.5771558935357, 643.3548232651203, 0.0). Region: 16
	(1462.7800788795114, 3123.8711573067035, 0.0). Region: 73
iter = 80
Alpha wolf:  Wolf 52 (63910). Fitness: 0.0004610681571568802
	(3958.5953517538364, 3058.5250017002622, 0.0). Region: 79
	(2560.5771558935357, 643.3548232651203, 0.0). Region: 16
	(1462.7800788795114, 3123.8711573067035, 0.0). Region: 73
iter = 90
Alpha wolf:  Wolf 52 (63910). Fitness: 0.0004610681571568802
	(3780.517408954085, 2962.718001784685, 0.0). Region: 79
	(2600.886008584227, 729.6895870636656, 0.0). Region: 16
	(1426.6423676492623, 2930.9448950384694, 0.0). Region: 73

- Finishing GWO - 

Best solution:  Wolf 52 (63910). Fitness: 0.0004610681571568802
	(3670.176913975315, 2923.733845774138, 0.0). Region: 79
	(2651.3364363891365, 691.2474150713708, 0.0). Region: 16
	(1302.773049354053, 2848.5532924438203, 0.0). Region: 73
Antennas in slice 1:  [16 32 37 73 79]

Slice  2
Updating fitness _wolf
--------

Run GWO to deployment +1 antenna on the map
	Pack size:  300
	Wolf dimension 1
	Max iter 100
	antennas_regions:  [16 32 37 73 79]
	users_regions:  [ 1  2  3  4  5  7  9 10 12 13 14 15 16 18 21 22 23 24 26 27 29 30 33 35
 36 38 39 42 43 44 45 48 51 52 55 57 58 60 64 65 66 68 69 72 73 74 76 82
 84 85 86 87 91 92 93 94 95 97 98]
	Seed_base:  17051
initial_alpha:  Wolf 138 (17189). Fitness: 0.0001227392501093144
	(615.0946203371382, 1245.5015158704011, 0). Region: 31
initial_beta:  Wolf 207 (17258). Fitness: 0.0001227392501093144
	(467.9044413812106, 1582.1641875131313, 0). Region: 31
initial_delta:  Wolf 215 (17266). Fitness: 0.0001227392501093144
	(422.19617723759575, 1468.3385101948877, 0). Region: 31 

iter = 10
Alpha wolf:  Wolf 138 (17189). Fitness: 0.0001227392501093144
	(666.6069077112163, 1594.8335941562163, 0.0). Region: 31
iter = 20
Alpha wolf:  Wolf 138 (17189). Fitness: 0.0001227392501093144
	(433.5429202160349, 1249.2742889115384, 0.0). Region: 31
iter = 30
Alpha wolf:  Wolf 138 (17189). Fitness: 0.0001227392501093144
	(568.0027255916284, 1395.5437356900175, 0.0). Region: 31
iter = 40
Alpha wolf:  Wolf 138 (17189). Fitness: 0.0001227392501093144
	(594.3114648069052, 1490.1412120472073, 0.0). Region: 31
iter = 50
Alpha wolf:  Wolf 138 (17189). Fitness: 0.0001227392501093144
	(402.80576701632674, 1414.880538425646, 0.0). Region: 31
iter = 60
Alpha wolf:  Wolf 138 (17189). Fitness: 0.0001227392501093144
	(753.3638029599766, 1483.5842913265635, 0.0). Region: 31
iter = 70
Alpha wolf:  Wolf 138 (17189). Fitness: 0.0001227392501093144
	(400.64410151815383, 1234.9575462544585, 0.0). Region: 31
iter = 80
Alpha wolf:  Wolf 138 (17189). Fitness: 0.0001227392501093144
	(511.66255940712756, 1416.315069098153, 0.0). Region: 31
iter = 90
Alpha wolf:  Wolf 138 (17189). Fitness: 0.0001227392501093144
	(523.384909338287, 1406.557883622359, 0.0). Region: 31

- Finishing GWO - 

Best solution:  Wolf 138 (17189). Fitness: 0.0001227392501093144
	(507.2737619948281, 1333.5488307494907, 0.0). Region: 31
Antennas in slice 2:  [16 31 32 37 73 79]

Slice  3
Updating fitness _wolf
--------

Run GWO to deployment +1 antenna on the map
	Pack size:  300
	Wolf dimension 1
	Max iter 100
	antennas_regions:  [16 31 32 37 73 79]
	users_regions:  [ 0  1  2  4  7  9 10 12 13 14 16 18 19 20 22 23 27 30 32 34 35 36 37 39
 40 41 42 44 45 47 48 49 50 51 52 53 57 58 59 60 61 62 64 65 69 70 71 74
 75 78 79 80 81 82 83 85 87 88 89 90 92 94 96 98 99]
	Seed_base:  86493
initial_alpha:  Wolf 76 (86569). Fitness: 6.502983932615356e-05
	(1047.8113773557984, 2987.425046198446, 0). Region: 72
initial_beta:  Wolf 130 (86623). Fitness: 6.502983932615356e-05
	(1103.7908207144067, 3062.9280967092905, 0). Region: 72
initial_delta:  Wolf 262 (86755). Fitness: 6.502983932615356e-05
	(1110.1013037514233, 3170.220353895603, 0). Region: 72 

iter = 10
Alpha wolf:  Wolf 76 (86569). Fitness: 6.502983932615356e-05
	(1021.9288526214359, 3160.775007967819, 0.0). Region: 72
iter = 20
Alpha wolf:  Wolf 76 (86569). Fitness: 6.502983932615356e-05
	(1128.1636918416684, 2828.6675959719323, 0.0). Region: 72
iter = 30
Alpha wolf:  Wolf 76 (86569). Fitness: 6.502983932615356e-05
	(1128.1636918416684, 2828.6675959719323, 0.0). Region: 72
iter = 40
Alpha wolf:  Wolf 76 (86569). Fitness: 6.502983932615356e-05
	(1128.1636918416684, 2828.6675959719323, 0.0). Region: 72
iter = 50
Alpha wolf:  Wolf 76 (86569). Fitness: 6.502983932615356e-05
	(1067.638816693738, 2813.057457629488, 0.0). Region: 72
iter = 60
Alpha wolf:  Wolf 76 (86569). Fitness: 6.502983932615356e-05
	(974.3097499581618, 2917.6919440622264, 0.0). Region: 72
iter = 70
Alpha wolf:  Wolf 76 (86569). Fitness: 6.502983932615356e-05
	(1031.6721074356833, 2823.965712063404, 0.0). Region: 72
iter = 80
Alpha wolf:  Wolf 76 (86569). Fitness: 6.502983932615356e-05
	(963.870495148823, 3183.1773628700475, 0.0). Region: 72
iter = 90
Alpha wolf:  Wolf 76 (86569). Fitness: 6.502983932615356e-05
	(990.4676065468349, 3088.805232841274, 0.0). Region: 72

- Finishing GWO - 

Best solution:  Wolf 76 (86569). Fitness: 6.502983932615356e-05
	(956.0303126263614, 3045.53753732494, 0.0). Region: 72
Antennas in slice 3:  [16 31 32 37 72 73 79]

Slice  4
Updating fitness _wolf
--------
The set of antennas serves the scenario in the respective slice(4).

Slice  5
Updating fitness _wolf
--------
The set of antennas serves the scenario in the respective slice(5).

Slice  6
Updating fitness _wolf
--------
The set of antennas serves the scenario in the respective slice(6).

Slice  7
Updating fitness _wolf
--------
The set of antennas serves the scenario in the respective slice(7).

Slice  8
Updating fitness _wolf
--------
The set of antennas serves the scenario in the respective slice(8).

Slice  9
Updating fitness _wolf
--------
The set of antennas serves the scenario in the respective slice(9).

Slice  10
Updating fitness _wolf
--------
The set of antennas serves the scenario in the respective slice(10).

Slice  11
Updating fitness _wolf
--------
The set of antennas serves the scenario in the respective slice(11).

Média de carros: 6.333333333333333
t=0
Antennas: [32 37]
Users: [12 13 22 23]
MinSINR:  10.0
$x_{0,32}$
	 $y_{0,32,12}$ = 17.848025001127823 dB
	 $y_{0,32,13}$ = 16.297017236129918 dB
	 $y_{0,32,22}$ = 25.359622736238705 dB
	 $y_{0,32,23}$ = 21.213906391971975 dB
		SNR medio:  2.4460173141051036
		Usuarios totais: 33
$x_{0,37}$
		Usuarios totais: 0
Distances:
32 : 37 = 2000.0
t=1
Antennas: [16 32 37 73 79]
Users: [ 5 12 13 20 22 23 24 25 26 28 33 37 39 40 41 43 45 46 49 57 60 61 67 69
 74 75 76 77 80 82 83 84 88 93]
MinSINR:  10.0
$x_{1,16}$
	 $y_{1,16,5}$ = 18.652743304059683 dB
	 $y_{1,16,23}$ = 13.21862546597771 dB
		SNR medio:  0.7967842192509348
		Usuarios totais: 40
$x_{1,32}$
	 $y_{1,32,20}$ = 11.624621624547103 dB
	 $y_{1,32,22}$ = 25.359622736238705 dB
	 $y_{1,32,33}$ = 26.441147429297416 dB
	 $y_{1,32,12}$ = 17.848025001127823 dB
	 $y_{1,32,13}$ = 16.297017236129918 dB
	 $y_{1,32,24}$ = 18.598147974150976 dB
	 $y_{1,32,40}$ = 13.401859793376985 dB
	 $y_{1,32,41}$ = 25.512854551452477 dB
	 $y_{1,32,43}$ = 17.937919927197697 dB
	 $y_{1,32,61}$ = 11.70751963251891 dB
	 $y_{1,32,74}$ = 12.809676760505013 dB
	 $y_{1,32,45}$ = 12.175163512137033 dB
	 $y_{1,32,75}$ = 11.873726000329157 dB
		SNR medio:  10.551776294238534
		Usuarios totais: 21
$x_{1,37}$
	 $y_{1,37,39}$ = 18.400482609853896 dB
	 $y_{1,37,25}$ = 13.399832315570563 dB
	 $y_{1,37,26}$ = 19.129892857253054 dB
	 $y_{1,37,28}$ = 26.79841355448974 dB
	 $y_{1,37,37}$ = 82.79913553742686 dB
	 $y_{1,37,46}$ = 21.083050185266842 dB
	 $y_{1,37,57}$ = 13.589726913313797 dB
	 $y_{1,37,67}$ = 11.92541092139217 dB
		SNR medio:  20.71259448945669
		Usuarios totais: 10
$x_{1,73}$
	 $y_{1,73,60}$ = 13.435682044550504 dB
	 $y_{1,73,80}$ = 15.828812840962087 dB
	 $y_{1,73,82}$ = 13.802079534540269 dB
	 $y_{1,73,83}$ = 26.533519559022437 dB
	 $y_{1,73,84}$ = 26.471049184241608 dB
	 $y_{1,73,93}$ = 19.517610862476985 dB
		SNR medio:  19.264792337632315
		Usuarios totais: 6
$x_{1,79}$
	 $y_{1,79,49}$ = 18.88995869077675 dB
	 $y_{1,79,69}$ = 32.18847917322262 dB
	 $y_{1,79,76}$ = 12.07983491395376 dB
	 $y_{1,79,77}$ = 22.54767340454049 dB
	 $y_{1,79,88}$ = 22.315547099907747 dB
		SNR medio:  21.604298656480275
		Usuarios totais: 5
Distances:
16 : 32 = 1788.8543819998317
16 : 37 = 894.4271909999159
16 : 73 = 2683.281572999748
16 : 79 = 2683.281572999748
32 : 37 = 2000.0
32 : 73 = 1649.2422502470642
32 : 79 = 3224.9030993194197
37 : 73 = 2262.741699796952
37 : 79 = 1788.8543819998317
73 : 79 = 2400.0
t=2
Antennas: [16 31 32 37 73 79]
Users: [ 1  2  3  4  5  7  9 10 12 13 14 15 16 18 21 22 23 24 26 27 29 30 33 35
 36 38 39 42 43 44 45 48 51 52 55 57 58 60 64 65 66 68 69 72 73 74 76 82
 84 85 86 87 91 92 93 94 95 97 98]
MinSINR:  10.0
$x_{2,16}$
	 $y_{2,16,5}$ = 18.652743304059683 dB
	 $y_{2,16,9}$ = 11.000489927871314 dB
	 $y_{2,16,14}$ = 22.253209555359447 dB
	 $y_{2,16,2}$ = 10.652006295722003 dB
	 $y_{2,16,3}$ = 12.767137253933498 dB
	 $y_{2,16,7}$ = 17.74839969196681 dB
	 $y_{2,16,15}$ = 29.103530221860396 dB
	 $y_{2,16,16}$ = 88.95170643088753 dB
	 $y_{2,16,18}$ = 16.95073409028508 dB
	 $y_{2,16,26}$ = 25.98633799133333 dB
	 $y_{2,16,27}$ = 22.97269239610118 dB
	 $y_{2,16,29}$ = 15.051532191877158 dB
	 $y_{2,16,38}$ = 17.552166953742244 dB
	 $y_{2,16,12}$ = 10.58033199499826 dB
	 $y_{2,16,13}$ = 17.556983738428812 dB
	 $y_{2,16,24}$ = 13.301461124614008 dB
	 $y_{2,16,35}$ = 12.430656060240253 dB
	 $y_{2,16,48}$ = 13.34529872054054 dB
		SNR medio:  12.995083377373154
		Usuarios totais: 29
$x_{2,31}$
	 $y_{2,31,1}$ = 13.634222805234728 dB
	 $y_{2,31,10}$ = 14.439818268755602 dB
	 $y_{2,31,21}$ = 23.768967997560225 dB
	 $y_{2,31,22}$ = 22.933680391396862 dB
	 $y_{2,31,30}$ = 27.208417165722437 dB
	 $y_{2,31,33}$ = 18.977450206648086 dB
	 $y_{2,31,51}$ = 15.094168064132234 dB
	 $y_{2,31,55}$ = 11.030606715245256 dB
	 $y_{2,31,23}$ = 15.20104582999528 dB
	 $y_{2,31,42}$ = 26.040801296081213 dB
	 $y_{2,31,43}$ = 19.563742388065947 dB
		SNR medio:  6.706223262220576
		Usuarios totais: 31
$x_{2,32}$
	 $y_{2,32,4}$ = 10.364366262526005 dB
		SNR medio:  10.364366262526005
		Usuarios totais: 1
$x_{2,37}$
	 $y_{2,37,36}$ = 26.099428232364602 dB
	 $y_{2,37,39}$ = 18.400482609853896 dB
		SNR medio:  22.24995542110925
		Usuarios totais: 2
$x_{2,73}$
	 $y_{2,73,73}$ = 84.66112882404568 dB
	 $y_{2,73,82}$ = 13.802079534540269 dB
	 $y_{2,73,84}$ = 26.471049184241608 dB
	 $y_{2,73,85}$ = 12.609668232727216 dB
	 $y_{2,73,91}$ = 15.652666902952959 dB
	 $y_{2,73,92}$ = 14.728574890784174 dB
	 $y_{2,73,93}$ = 19.517610862476985 dB
	 $y_{2,73,94}$ = 14.09572338775152 dB
	 $y_{2,73,95}$ = 13.64735558852206 dB
	 $y_{2,73,44}$ = 13.320218359492742 dB
	 $y_{2,73,52}$ = 25.290409333208643 dB
	 $y_{2,73,60}$ = 13.435682044550504 dB
	 $y_{2,73,64}$ = 32.93592876076171 dB
	 $y_{2,73,65}$ = 16.274157496020536 dB
	 $y_{2,73,66}$ = 20.905851468091043 dB
	 $y_{2,73,72}$ = 30.184830398207396 dB
	 $y_{2,73,74}$ = 32.03326075712994 dB
	 $y_{2,73,45}$ = 10.61650043135839 dB
		SNR medio:  13.672756548562113
		Usuarios totais: 30
$x_{2,79}$
	 $y_{2,79,69}$ = 32.18847917322262 dB
	 $y_{2,79,76}$ = 12.07983491395376 dB
	 $y_{2,79,86}$ = 13.927909992547868 dB
	 $y_{2,79,87}$ = 10.62174541997517 dB
	 $y_{2,79,97}$ = 16.232312423607596 dB
	 $y_{2,79,98}$ = 21.28524764905754 dB
	 $y_{2,79,57}$ = 12.852792228440876 dB
	 $y_{2,79,58}$ = 14.452649046809597 dB
	 $y_{2,79,68}$ = 23.952197300469507 dB
		SNR medio:  10.506211209872303
		Usuarios totais: 15
Distances:
16 : 31 = 2154.0659228538016
16 : 32 = 1788.8543819998317
16 : 37 = 894.4271909999159
16 : 73 = 2683.281572999748
16 : 79 = 2683.281572999748
31 : 32 = 400.0
31 : 37 = 2400.0
31 : 73 = 1788.8543819998317
31 : 79 = 3577.7087639996635
32 : 37 = 2000.0
32 : 73 = 1649.2422502470642
32 : 79 = 3224.9030993194197
37 : 73 = 2262.741699796952
37 : 79 = 1788.8543819998317
73 : 79 = 2400.0
t=3
Antennas: [16 31 32 37 72 73 79]
Users: [ 0  1  2  4  7  9 10 12 13 14 16 18 19 20 22 23 27 30 32 34 35 36 37 39
 40 41 42 44 45 47 48 49 50 51 52 53 57 58 59 60 61 62 64 65 69 70 71 74
 75 78 79 80 81 82 83 85 87 88 89 90 92 94 96 98 99]
MinSINR:  10.0
$x_{3,16}$
	 $y_{3,16,9}$ = 11.000489927871314 dB
	 $y_{3,16,14}$ = 22.253209555359447 dB
	 $y_{3,16,2}$ = 10.652006295722003 dB
	 $y_{3,16,7}$ = 17.74839969196681 dB
	 $y_{3,16,16}$ = 88.95170643088753 dB
	 $y_{3,16,18}$ = 16.95073409028508 dB
	 $y_{3,16,19}$ = 14.99933043434008 dB
	 $y_{3,16,27}$ = 22.97269239610118 dB
	 $y_{3,16,23}$ = 13.21862546597771 dB
	 $y_{3,16,45}$ = 10.266917975159572 dB
		SNR medio:  5.725352806591769
		Usuarios totais: 40
$x_{3,31}$
	 $y_{3,31,0}$ = 13.384801817326888 dB
	 $y_{3,31,1}$ = 13.634222805234728 dB
	 $y_{3,31,10}$ = 14.439818268755602 dB
	 $y_{3,31,20}$ = 29.037001713595956 dB
	 $y_{3,31,22}$ = 22.933680391396862 dB
	 $y_{3,31,30}$ = 27.208417165722437 dB
	 $y_{3,31,70}$ = 12.124404114482175 dB
	 $y_{3,31,12}$ = 12.6648959595814 dB
	 $y_{3,31,13}$ = 14.559987968211857 dB
	 $y_{3,31,40}$ = 22.832264692952933 dB
	 $y_{3,31,41}$ = 34.002185745482166 dB
	 $y_{3,31,50}$ = 17.628951498231828 dB
	 $y_{3,31,51}$ = 15.094168064132234 dB
	 $y_{3,31,52}$ = 23.824712470255363 dB
	 $y_{3,31,60}$ = 13.696883684972121 dB
	 $y_{3,31,42}$ = 26.040801296081213 dB
	 $y_{3,31,53}$ = 18.54540955314343 dB
	 $y_{3,31,61}$ = 13.283038027910322 dB
		SNR medio:  9.855304149641986
		Usuarios totais: 35
$x_{3,32}$
	 $y_{3,32,4}$ = 10.364366262526005 dB
	 $y_{3,32,44}$ = 14.82925637847795 dB
	 $y_{3,32,64}$ = 11.852640157835282 dB
	 $y_{3,32,32}$ = 88.07142624703926 dB
		SNR medio:  25.0235378091757
		Usuarios totais: 5
$x_{3,37}$
	 $y_{3,37,36}$ = 26.099428232364602 dB
	 $y_{3,37,39}$ = 18.400482609853896 dB
	 $y_{3,37,37}$ = 82.79913553742686 dB
	 $y_{3,37,35}$ = 22.291598055042826 dB
		SNR medio:  16.621182714965354
		Usuarios totais: 9
$x_{3,72}$
	 $y_{3,72,90}$ = 14.55606438547072 dB
	 $y_{3,72,80}$ = 11.023033067037105 dB
	 $y_{3,72,81}$ = 22.778709732600944 dB
	 $y_{3,72,82}$ = 24.449064177989413 dB
	 $y_{3,72,83}$ = 20.531911062362354 dB
	 $y_{3,72,85}$ = 14.609773679596486 dB
	 $y_{3,72,92}$ = 11.9821310142313 dB
	 $y_{3,72,94}$ = 17.983198530034457 dB
	 $y_{3,72,34}$ = 15.613521682727693 dB
	 $y_{3,72,62}$ = 25.70501291371653 dB
	 $y_{3,72,65}$ = 11.544228782926325 dB
	 $y_{3,72,71}$ = 26.399921283830295 dB
	 $y_{3,72,74}$ = 16.477179952956945 dB
		SNR medio:  10.620625012067297
		Usuarios totais: 22
$x_{3,73}$
		Usuarios totais: 0
$x_{3,79}$
	 $y_{3,79,49}$ = 18.88995869077675 dB
	 $y_{3,79,69}$ = 32.18847917322262 dB
	 $y_{3,79,78}$ = 33.771137250762216 dB
	 $y_{3,79,79}$ = 88.67139915692377 dB
	 $y_{3,79,87}$ = 10.62174541997517 dB
	 $y_{3,79,88}$ = 22.315547099907747 dB
	 $y_{3,79,89}$ = 26.15265252289845 dB
	 $y_{3,79,98}$ = 21.28524764905754 dB
	 $y_{3,79,99}$ = 21.477923465227192 dB
	 $y_{3,79,47}$ = 13.640155944310038 dB
	 $y_{3,79,57}$ = 12.852792228440876 dB
	 $y_{3,79,58}$ = 14.452649046809597 dB
	 $y_{3,79,59}$ = 15.941534894650815 dB
	 $y_{3,79,96}$ = 10.819085965771734 dB
	 $y_{3,79,48}$ = 14.199125292707919 dB
	 $y_{3,79,75}$ = 11.74870654552737 dB
		SNR medio:  11.532129385842808
		Usuarios totais: 32
Distances:
16 : 31 = 2154.0659228538016
16 : 32 = 1788.8543819998317
16 : 37 = 894.4271909999159
16 : 72 = 2884.4410203711914
16 : 73 = 2683.281572999748
16 : 79 = 2683.281572999748
31 : 32 = 400.0
31 : 37 = 2400.0
31 : 72 = 1649.2422502470642
31 : 73 = 1788.8543819998317
31 : 79 = 3577.7087639996635
32 : 37 = 2000.0
32 : 72 = 1600.0
32 : 73 = 1649.2422502470642
32 : 79 = 3224.9030993194197
37 : 72 = 2561.2496949731394
37 : 73 = 2262.741699796952
37 : 79 = 1788.8543819998317
72 : 73 = 400.0
72 : 79 = 2800.0
73 : 79 = 2400.0
t=4
Antennas: [16 31 32 37 72 73 79]
Users: [ 0  2  4  5  6  7  9 10 12 13 15 16 18 19 20 21 22 23 24 25 26 27 28 29
 30 31 33 34 35 36 37 38 39 40 41 42 46 47 48 49 50 51 53 54 55 58 59 60
 61 62 63 65 66 68 70 71 73 74 76 77 78 79 80 81 82 83 84 86 87 88 89 90
 93 94 96 98 99]
MinSINR:  10.0
$x_{4,16}$
	 $y_{4,16,5}$ = 18.652743304059683 dB
	 $y_{4,16,6}$ = 34.02604835522159 dB
	 $y_{4,16,9}$ = 11.000489927871314 dB
	 $y_{4,16,2}$ = 10.652006295722003 dB
	 $y_{4,16,7}$ = 17.74839969196681 dB
	 $y_{4,16,15}$ = 29.103530221860396 dB
	 $y_{4,16,16}$ = 88.95170643088753 dB
	 $y_{4,16,18}$ = 16.95073409028508 dB
	 $y_{4,16,19}$ = 14.99933043434008 dB
	 $y_{4,16,25}$ = 22.16680271617625 dB
	 $y_{4,16,26}$ = 25.98633799133333 dB
	 $y_{4,16,27}$ = 22.97269239610118 dB
	 $y_{4,16,28}$ = 19.723333512517 dB
	 $y_{4,16,29}$ = 15.051532191877158 dB
	 $y_{4,16,38}$ = 17.552166953742244 dB
	 $y_{4,16,12}$ = 10.58033199499826 dB
	 $y_{4,16,24}$ = 13.301461124614008 dB
	 $y_{4,16,34}$ = 10.497048871633353 dB
	 $y_{4,16,46}$ = 10.477700554747912 dB
		SNR medio:  10.259859926498878
		Usuarios totais: 40
$x_{4,31}$
	 $y_{4,31,0}$ = 13.384801817326888 dB
	 $y_{4,31,10}$ = 14.439818268755602 dB
	 $y_{4,31,20}$ = 29.037001713595956 dB
	 $y_{4,31,21}$ = 23.768967997560225 dB
	 $y_{4,31,22}$ = 22.933680391396862 dB
	 $y_{4,31,30}$ = 27.208417165722437 dB
	 $y_{4,31,70}$ = 12.124404114482175 dB
	 $y_{4,31,13}$ = 14.559987968211857 dB
	 $y_{4,31,23}$ = 15.20104582999528 dB
	 $y_{4,31,31}$ = 84.86112751929656 dB
	 $y_{4,31,33}$ = 18.977450206648086 dB
	 $y_{4,31,40}$ = 22.832264692952933 dB
	 $y_{4,31,41}$ = 34.002185745482166 dB
		SNR medio:  8.333278835785675
		Usuarios totais: 40
$x_{4,32}$
	 $y_{4,32,4}$ = 10.364366262526005 dB
		SNR medio:  5.1821831312630025
		Usuarios totais: 2
$x_{4,37}$
	 $y_{4,37,36}$ = 26.099428232364602 dB
	 $y_{4,37,39}$ = 18.400482609853896 dB
	 $y_{4,37,37}$ = 82.79913553742686 dB
	 $y_{4,37,35}$ = 22.291598055042826 dB
		SNR medio:  18.698830554336023
		Usuarios totais: 8
$x_{4,72}$
	 $y_{4,72,90}$ = 14.55606438547072 dB
	 $y_{4,72,80}$ = 11.023033067037105 dB
	 $y_{4,72,81}$ = 22.778709732600944 dB
	 $y_{4,72,82}$ = 24.449064177989413 dB
	 $y_{4,72,83}$ = 20.531911062362354 dB
	 $y_{4,72,84}$ = 15.566577612722668 dB
	 $y_{4,72,93}$ = 18.199605833609183 dB
	 $y_{4,72,94}$ = 17.983198530034457 dB
	 $y_{4,72,50}$ = 10.943227502979056 dB
	 $y_{4,72,51}$ = 19.722952014257444 dB
	 $y_{4,72,55}$ = 10.53223380032739 dB
	 $y_{4,72,60}$ = 17.988210148954167 dB
	 $y_{4,72,42}$ = 16.23694798140376 dB
	 $y_{4,72,66}$ = 17.444590542504187 dB
	 $y_{4,72,53}$ = 20.347365196705596 dB
	 $y_{4,72,54}$ = 10.052381896009535 dB
	 $y_{4,72,61}$ = 30.430139508354713 dB
	 $y_{4,72,62}$ = 25.70501291371653 dB
	 $y_{4,72,65}$ = 11.544228782926325 dB
		SNR medio:  8.40088636724914
		Usuarios totais: 40
$x_{4,73}$
	 $y_{4,73,73}$ = 84.66112882404568 dB
	 $y_{4,73,63}$ = 27.239742619923234 dB
	 $y_{4,73,71}$ = 22.6093881544046 dB
	 $y_{4,73,74}$ = 32.03326075712994 dB
		SNR medio:  20.817940044437933
		Usuarios totais: 8
$x_{4,79}$
	 $y_{4,79,49}$ = 18.88995869077675 dB
	 $y_{4,79,76}$ = 12.07983491395376 dB
	 $y_{4,79,77}$ = 22.54767340454049 dB
	 $y_{4,79,78}$ = 33.771137250762216 dB
	 $y_{4,79,79}$ = 88.67139915692377 dB
	 $y_{4,79,86}$ = 13.927909992547868 dB
	 $y_{4,79,87}$ = 10.62174541997517 dB
	 $y_{4,79,88}$ = 22.315547099907747 dB
	 $y_{4,79,89}$ = 26.15265252289845 dB
	 $y_{4,79,98}$ = 21.28524764905754 dB
	 $y_{4,79,99}$ = 21.477923465227192 dB
	 $y_{4,79,47}$ = 13.640155944310038 dB
	 $y_{4,79,58}$ = 14.452649046809597 dB
	 $y_{4,79,59}$ = 15.941534894650815 dB
	 $y_{4,79,68}$ = 23.952197300469507 dB
	 $y_{4,79,96}$ = 10.819085965771734 dB
	 $y_{4,79,48}$ = 14.199125292707919 dB
		SNR medio:  13.267095793492778
		Usuarios totais: 29
Distances:
16 : 31 = 2154.0659228538016
16 : 32 = 1788.8543819998317
16 : 37 = 894.4271909999159
16 : 72 = 2884.4410203711914
16 : 73 = 2683.281572999748
16 : 79 = 2683.281572999748
31 : 32 = 400.0
31 : 37 = 2400.0
31 : 72 = 1649.2422502470642
31 : 73 = 1788.8543819998317
31 : 79 = 3577.7087639996635
32 : 37 = 2000.0
32 : 72 = 1600.0
32 : 73 = 1649.2422502470642
32 : 79 = 3224.9030993194197
37 : 72 = 2561.2496949731394
37 : 73 = 2262.741699796952
37 : 79 = 1788.8543819998317
72 : 73 = 400.0
72 : 79 = 2800.0
73 : 79 = 2400.0
t=5
Antennas: [16 31 32 37 72 73 79]
Users: [ 0  1  2  3  7  8  9 10 11 12 13 14 15 16 18 19 20 21 22 23 24 25 26 27
 28 29 31 32 33 35 36 38 39 40 41 42 43 44 45 46 47 48 50 51 52 53 55 56
 57 59 62 63 64 65 66 68 70 71 72 73 74 75 76 78 79 81 82 83 84 85 86 87
 88 90 91 93 94 95 97 98 99]
MinSINR:  10.0
$x_{5,16}$
	 $y_{5,16,9}$ = 11.000489927871314 dB
	 $y_{5,16,14}$ = 22.253209555359447 dB
	 $y_{5,16,3}$ = 12.767137253933498 dB
	 $y_{5,16,16}$ = 88.95170643088753 dB
	 $y_{5,16,23}$ = 13.21862546597771 dB
	 $y_{5,16,46}$ = 10.477700554747912 dB
	 $y_{5,16,56}$ = 10.26996837657589 dB
	 $y_{5,16,45}$ = 10.266917975159572 dB
	 $y_{5,16,66}$ = 10.116465018763321 dB
		SNR medio:  4.8544159117763135
		Usuarios totais: 39
$x_{5,31}$
	 $y_{5,31,0}$ = 13.384801817326888 dB
	 $y_{5,31,1}$ = 13.634222805234728 dB
	 $y_{5,31,2}$ = 12.995526771237962 dB
	 $y_{5,31,10}$ = 14.439818268755602 dB
	 $y_{5,31,11}$ = 21.557370044215645 dB
	 $y_{5,31,20}$ = 29.037001713595956 dB
	 $y_{5,31,21}$ = 23.768967997560225 dB
	 $y_{5,31,22}$ = 22.933680391396862 dB
	 $y_{5,31,70}$ = 12.124404114482175 dB
	 $y_{5,31,12}$ = 12.6648959595814 dB
	 $y_{5,31,13}$ = 14.559987968211857 dB
	 $y_{5,31,31}$ = 84.86112751929656 dB
	 $y_{5,31,33}$ = 18.977450206648086 dB
	 $y_{5,31,40}$ = 22.832264692952933 dB
	 $y_{5,31,41}$ = 34.002185745482166 dB
	 $y_{5,31,43}$ = 19.563742388065947 dB
	 $y_{5,31,52}$ = 23.824712470255363 dB
		SNR medio:  9.879054021857508
		Usuarios totais: 40
$x_{5,32}$
	 $y_{5,32,32}$ = 88.07142624703926 dB
		SNR medio:  44.03571312351963
		Usuarios totais: 2
$x_{5,37}$
	 $y_{5,37,36}$ = 26.099428232364602 dB
	 $y_{5,37,39}$ = 18.400482609853896 dB
	 $y_{5,37,7}$ = 23.176466176255815 dB
	 $y_{5,37,8}$ = 12.0494165953383 dB
	 $y_{5,37,15}$ = 12.221158061493014 dB
	 $y_{5,37,18}$ = 12.120325111236639 dB
	 $y_{5,37,19}$ = 12.74432423652101 dB
	 $y_{5,37,25}$ = 13.399832315570563 dB
	 $y_{5,37,26}$ = 19.129892857253054 dB
	 $y_{5,37,27}$ = 24.950047147323602 dB
	 $y_{5,37,28}$ = 26.79841355448974 dB
	 $y_{5,37,29}$ = 28.872422252294896 dB
	 $y_{5,37,38}$ = 33.05891161707294 dB
	 $y_{5,37,47}$ = 30.173032450866472 dB
	 $y_{5,37,57}$ = 13.589726913313797 dB
	 $y_{5,37,59}$ = 11.811663078504125 dB
	 $y_{5,37,68}$ = 10.596822106694006 dB
	 $y_{5,37,24}$ = 14.555999094042619 dB
	 $y_{5,37,35}$ = 22.291598055042826 dB
	 $y_{5,37,48}$ = 22.12954425347914 dB
		SNR medio:  9.704237667975276
		Usuarios totais: 40
$x_{5,72}$
	 $y_{5,72,90}$ = 14.55606438547072 dB
	 $y_{5,72,55}$ = 10.53223380032739 dB
	 $y_{5,72,42}$ = 16.23694798140376 dB
	 $y_{5,72,51}$ = 19.722952014257444 dB
	 $y_{5,72,72}$ = 88.760051183792 dB
		SNR medio:  7.884644703434279
		Usuarios totais: 19
$x_{5,73}$
	 $y_{5,73,95}$ = 13.64735558852206 dB
	 $y_{5,73,44}$ = 13.320218359492742 dB
	 $y_{5,73,64}$ = 32.93592876076171 dB
	 $y_{5,73,73}$ = 84.66112882404568 dB
	 $y_{5,73,81}$ = 11.081359918853622 dB
	 $y_{5,73,82}$ = 13.802079534540269 dB
	 $y_{5,73,83}$ = 26.533519559022437 dB
	 $y_{5,73,84}$ = 26.471049184241608 dB
	 $y_{5,73,85}$ = 12.609668232727216 dB
	 $y_{5,73,91}$ = 15.652666902952959 dB
	 $y_{5,73,93}$ = 19.517610862476985 dB
	 $y_{5,73,94}$ = 14.09572338775152 dB
	 $y_{5,73,50}$ = 10.553322711844856 dB
	 $y_{5,73,53}$ = 21.669962783355942 dB
	 $y_{5,73,62}$ = 27.063589957978735 dB
	 $y_{5,73,63}$ = 27.239742619923234 dB
	 $y_{5,73,65}$ = 16.274157496020536 dB
	 $y_{5,73,71}$ = 22.6093881544046 dB
	 $y_{5,73,74}$ = 32.03326075712994 dB
	 $y_{5,73,75}$ = 18.136071046209125 dB
		SNR medio:  12.775216795618215
		Usuarios totais: 36
$x_{5,79}$
	 $y_{5,79,76}$ = 12.07983491395376 dB
	 $y_{5,79,78}$ = 33.771137250762216 dB
	 $y_{5,79,79}$ = 88.67139915692377 dB
	 $y_{5,79,86}$ = 13.927909992547868 dB
	 $y_{5,79,87}$ = 10.62174541997517 dB
	 $y_{5,79,88}$ = 22.315547099907747 dB
	 $y_{5,79,97}$ = 16.232312423607596 dB
	 $y_{5,79,98}$ = 21.28524764905754 dB
	 $y_{5,79,99}$ = 21.477923465227192 dB
		SNR medio:  12.019152868598145
		Usuarios totais: 20
Distances:
16 : 31 = 2154.0659228538016
16 : 32 = 1788.8543819998317
16 : 37 = 894.4271909999159
16 : 72 = 2884.4410203711914
16 : 73 = 2683.281572999748
16 : 79 = 2683.281572999748
31 : 32 = 400.0
31 : 37 = 2400.0
31 : 72 = 1649.2422502470642
31 : 73 = 1788.8543819998317
31 : 79 = 3577.7087639996635
32 : 37 = 2000.0
32 : 72 = 1600.0
32 : 73 = 1649.2422502470642
32 : 79 = 3224.9030993194197
37 : 72 = 2561.2496949731394
37 : 73 = 2262.741699796952
37 : 79 = 1788.8543819998317
72 : 73 = 400.0
72 : 79 = 2800.0
73 : 79 = 2400.0
t=6
Antennas: [16 31 32 37 72 73 79]
Users: [ 0  2  3  4  5  6  7  8  9 11 12 13 14 15 16 17 18 19 20 21 22 23 24 25
 26 27 29 30 32 33 34 35 36 37 38 39 40 41 42 43 44 46 47 48 49 50 52 54
 55 56 57 58 59 60 61 62 64 65 66 67 69 70 75 76 77 78 79 80 81 82 84 85
 87 88 89 90 92 93 94 96 97 98]
MinSINR:  10.0
$x_{6,16}$
	 $y_{6,16,5}$ = 18.652743304059683 dB
	 $y_{6,16,6}$ = 34.02604835522159 dB
	 $y_{6,16,9}$ = 11.000489927871314 dB
	 $y_{6,16,14}$ = 22.253209555359447 dB
	 $y_{6,16,2}$ = 10.652006295722003 dB
	 $y_{6,16,3}$ = 12.767137253933498 dB
	 $y_{6,16,7}$ = 17.74839969196681 dB
	 $y_{6,16,8}$ = 17.02337842216778 dB
	 $y_{6,16,15}$ = 29.103530221860396 dB
	 $y_{6,16,16}$ = 88.95170643088753 dB
	 $y_{6,16,17}$ = 41.94823191176155 dB
	 $y_{6,16,18}$ = 16.95073409028508 dB
	 $y_{6,16,19}$ = 14.99933043434008 dB
	 $y_{6,16,25}$ = 22.16680271617625 dB
	 $y_{6,16,26}$ = 25.98633799133333 dB
	 $y_{6,16,27}$ = 22.97269239610118 dB
	 $y_{6,16,29}$ = 15.051532191877158 dB
	 $y_{6,16,13}$ = 17.556983738428812 dB
		SNR medio:  10.995282373233838
		Usuarios totais: 40
$x_{6,31}$
	 $y_{6,31,0}$ = 13.384801817326888 dB
	 $y_{6,31,11}$ = 21.557370044215645 dB
	 $y_{6,31,20}$ = 29.037001713595956 dB
	 $y_{6,31,21}$ = 23.768967997560225 dB
	 $y_{6,31,22}$ = 22.933680391396862 dB
	 $y_{6,31,30}$ = 27.208417165722437 dB
	 $y_{6,31,70}$ = 12.124404114482175 dB
	 $y_{6,31,12}$ = 12.6648959595814 dB
	 $y_{6,31,23}$ = 15.20104582999528 dB
	 $y_{6,31,40}$ = 22.832264692952933 dB
	 $y_{6,31,41}$ = 34.002185745482166 dB
	 $y_{6,31,43}$ = 19.563742388065947 dB
	 $y_{6,31,50}$ = 17.628951498231828 dB
	 $y_{6,31,52}$ = 23.824712470255363 dB
	 $y_{6,31,55}$ = 11.030606715245256 dB
	 $y_{6,31,60}$ = 13.696883684972121 dB
	 $y_{6,31,42}$ = 26.040801296081213 dB
	 $y_{6,31,54}$ = 10.372226361415557 dB
		SNR medio:  9.39139368122577
		Usuarios totais: 38
$x_{6,32}$
	 $y_{6,32,4}$ = 10.364366262526005 dB
	 $y_{6,32,44}$ = 14.82925637847795 dB
	 $y_{6,32,64}$ = 11.852640157835282 dB
	 $y_{6,32,32}$ = 88.07142624703926 dB
		SNR medio:  20.85294817431308
		Usuarios totais: 6
$x_{6,37}$
	 $y_{6,37,36}$ = 26.099428232364602 dB
	 $y_{6,37,39}$ = 18.400482609853896 dB
	 $y_{6,37,37}$ = 82.79913553742686 dB
	 $y_{6,37,38}$ = 33.05891161707294 dB
	 $y_{6,37,24}$ = 14.555999094042619 dB
	 $y_{6,37,35}$ = 22.291598055042826 dB
	 $y_{6,37,56}$ = 24.56612540841698 dB
		SNR medio:  12.32064891967893
		Usuarios totais: 18
$x_{6,72}$
	 $y_{6,72,90}$ = 14.55606438547072 dB
	 $y_{6,72,80}$ = 11.023033067037105 dB
	 $y_{6,72,81}$ = 22.778709732600944 dB
	 $y_{6,72,82}$ = 24.449064177989413 dB
	 $y_{6,72,84}$ = 15.566577612722668 dB
	 $y_{6,72,85}$ = 14.609773679596486 dB
	 $y_{6,72,92}$ = 11.9821310142313 dB
	 $y_{6,72,93}$ = 18.199605833609183 dB
	 $y_{6,72,94}$ = 17.983198530034457 dB
	 $y_{6,72,34}$ = 15.613521682727693 dB
	 $y_{6,72,66}$ = 17.444590542504187 dB
	 $y_{6,72,33}$ = 16.396501089146597 dB
	 $y_{6,72,62}$ = 25.70501291371653 dB
	 $y_{6,72,65}$ = 11.544228782926325 dB
	 $y_{6,72,61}$ = 30.430139508354713 dB
	 $y_{6,72,75}$ = 19.25484894924668 dB
		SNR medio:  9.275387145223066
		Usuarios totais: 31
$x_{6,73}$
		Usuarios totais: 0
$x_{6,79}$
	 $y_{6,79,49}$ = 18.88995869077675 dB
	 $y_{6,79,69}$ = 32.18847917322262 dB
	 $y_{6,79,76}$ = 12.07983491395376 dB
	 $y_{6,79,77}$ = 22.54767340454049 dB
	 $y_{6,79,78}$ = 33.771137250762216 dB
	 $y_{6,79,79}$ = 88.67139915692377 dB
	 $y_{6,79,87}$ = 10.62174541997517 dB
	 $y_{6,79,88}$ = 22.315547099907747 dB
	 $y_{6,79,89}$ = 26.15265252289845 dB
	 $y_{6,79,97}$ = 16.232312423607596 dB
	 $y_{6,79,98}$ = 21.28524764905754 dB
	 $y_{6,79,47}$ = 13.640155944310038 dB
	 $y_{6,79,57}$ = 12.852792228440876 dB
	 $y_{6,79,58}$ = 14.452649046809597 dB
	 $y_{6,79,59}$ = 15.941534894650815 dB
	 $y_{6,79,67}$ = 24.76662030743269 dB
	 $y_{6,79,96}$ = 10.819085965771734 dB
	 $y_{6,79,46}$ = 12.560621595269168 dB
	 $y_{6,79,48}$ = 14.199125292707919 dB
		SNR medio:  10.871501871308178
		Usuarios totais: 39
Distances:
16 : 31 = 2154.0659228538016
16 : 32 = 1788.8543819998317
16 : 37 = 894.4271909999159
16 : 72 = 2884.4410203711914
16 : 73 = 2683.281572999748
16 : 79 = 2683.281572999748
31 : 32 = 400.0
31 : 37 = 2400.0
31 : 72 = 1649.2422502470642
31 : 73 = 1788.8543819998317
31 : 79 = 3577.7087639996635
32 : 37 = 2000.0
32 : 72 = 1600.0
32 : 73 = 1649.2422502470642
32 : 79 = 3224.9030993194197
37 : 72 = 2561.2496949731394
37 : 73 = 2262.741699796952
37 : 79 = 1788.8543819998317
72 : 73 = 400.0
72 : 79 = 2800.0
73 : 79 = 2400.0
t=7
Antennas: [16 31 32 37 72 73 79]
Users: [ 0  3  4  5  6  8  9 10 11 13 16 17 18 19 20 21 22 23 24 28 29 32 34 37
 38 40 41 42 43 44 45 47 48 50 51 52 53 54 55 56 59 60 61 64 65 66 69 70
 72 73 74 76 77 78 81 82 83 84 86 87 88 89 90 91 92 93 95 97 98]
MinSINR:  10.0
$x_{7,16}$
	 $y_{7,16,5}$ = 18.652743304059683 dB
	 $y_{7,16,6}$ = 34.02604835522159 dB
	 $y_{7,16,9}$ = 11.000489927871314 dB
	 $y_{7,16,3}$ = 12.767137253933498 dB
	 $y_{7,16,8}$ = 17.02337842216778 dB
	 $y_{7,16,16}$ = 88.95170643088753 dB
	 $y_{7,16,17}$ = 41.94823191176155 dB
	 $y_{7,16,18}$ = 16.95073409028508 dB
	 $y_{7,16,19}$ = 14.99933043434008 dB
	 $y_{7,16,28}$ = 19.723333512517 dB
	 $y_{7,16,29}$ = 15.051532191877158 dB
	 $y_{7,16,38}$ = 17.552166953742244 dB
	 $y_{7,16,13}$ = 17.556983738428812 dB
	 $y_{7,16,23}$ = 13.21862546597771 dB
	 $y_{7,16,24}$ = 13.301461124614008 dB
	 $y_{7,16,34}$ = 10.497048871633353 dB
	 $y_{7,16,48}$ = 13.34529872054054 dB
	 $y_{7,16,56}$ = 10.26996837657589 dB
	 $y_{7,16,66}$ = 10.116465018763321 dB
	 $y_{7,16,45}$ = 10.266917975159572 dB
		SNR medio:  10.716305317904151
		Usuarios totais: 38
$x_{7,31}$
	 $y_{7,31,0}$ = 13.384801817326888 dB
		SNR medio:  13.384801817326888
		Usuarios totais: 1
$x_{7,32}$
	 $y_{7,32,4}$ = 10.364366262526005 dB
	 $y_{7,32,10}$ = 11.668997330682146 dB
	 $y_{7,32,11}$ = 15.15164807946438 dB
	 $y_{7,32,20}$ = 11.624621624547103 dB
	 $y_{7,32,21}$ = 12.029707776709813 dB
	 $y_{7,32,22}$ = 25.359622736238705 dB
	 $y_{7,32,44}$ = 14.82925637847795 dB
	 $y_{7,32,64}$ = 11.852640157835282 dB
	 $y_{7,32,40}$ = 13.401859793376985 dB
	 $y_{7,32,41}$ = 25.512854551452477 dB
	 $y_{7,32,43}$ = 17.937919927197697 dB
	 $y_{7,32,51}$ = 20.433734435399998 dB
	 $y_{7,32,65}$ = 12.280073147704755 dB
	 $y_{7,32,74}$ = 12.809676760505013 dB
	 $y_{7,32,32}$ = 88.07142624703926 dB
	 $y_{7,32,42}$ = 36.88342554177506 dB
	 $y_{7,32,61}$ = 11.70751963251891 dB
		SNR medio:  8.797983759586288
		Usuarios totais: 40
$x_{7,37}$
	 $y_{7,37,37}$ = 82.79913553742686 dB
	 $y_{7,37,55}$ = 17.16709108858086 dB
		SNR medio:  16.661037771001286
		Usuarios totais: 6
$x_{7,72}$
	 $y_{7,72,90}$ = 14.55606438547072 dB
	 $y_{7,72,72}$ = 88.760051183792 dB
		SNR medio:  25.82902889231568
		Usuarios totais: 4
$x_{7,73}$
	 $y_{7,73,95}$ = 13.64735558852206 dB
	 $y_{7,73,70}$ = 18.22211257897918 dB
	 $y_{7,73,73}$ = 84.66112882404568 dB
	 $y_{7,73,81}$ = 11.081359918853622 dB
	 $y_{7,73,82}$ = 13.802079534540269 dB
	 $y_{7,73,83}$ = 26.533519559022437 dB
	 $y_{7,73,84}$ = 26.471049184241608 dB
	 $y_{7,73,91}$ = 15.652666902952959 dB
	 $y_{7,73,92}$ = 14.728574890784174 dB
	 $y_{7,73,93}$ = 19.517610862476985 dB
	 $y_{7,73,50}$ = 10.553322711844856 dB
	 $y_{7,73,52}$ = 25.290409333208643 dB
	 $y_{7,73,60}$ = 13.435682044550504 dB
	 $y_{7,73,53}$ = 21.669962783355942 dB
	 $y_{7,73,54}$ = 14.34120093553284 dB
		SNR medio:  12.677232140496603
		Usuarios totais: 26
$x_{7,79}$
	 $y_{7,79,69}$ = 32.18847917322262 dB
	 $y_{7,79,76}$ = 12.07983491395376 dB
	 $y_{7,79,77}$ = 22.54767340454049 dB
	 $y_{7,79,78}$ = 33.771137250762216 dB
	 $y_{7,79,86}$ = 13.927909992547868 dB
	 $y_{7,79,87}$ = 10.62174541997517 dB
	 $y_{7,79,88}$ = 22.315547099907747 dB
	 $y_{7,79,89}$ = 26.15265252289845 dB
	 $y_{7,79,97}$ = 16.232312423607596 dB
	 $y_{7,79,98}$ = 21.28524764905754 dB
	 $y_{7,79,47}$ = 13.640155944310038 dB
	 $y_{7,79,59}$ = 15.941534894650815 dB
		SNR medio:  9.628169227577374
		Usuarios totais: 25
Distances:
16 : 31 = 2154.0659228538016
16 : 32 = 1788.8543819998317
16 : 37 = 894.4271909999159
16 : 72 = 2884.4410203711914
16 : 73 = 2683.281572999748
16 : 79 = 2683.281572999748
31 : 32 = 400.0
31 : 37 = 2400.0
31 : 72 = 1649.2422502470642
31 : 73 = 1788.8543819998317
31 : 79 = 3577.7087639996635
32 : 37 = 2000.0
32 : 72 = 1600.0
32 : 73 = 1649.2422502470642
32 : 79 = 3224.9030993194197
37 : 72 = 2561.2496949731394
37 : 73 = 2262.741699796952
37 : 79 = 1788.8543819998317
72 : 73 = 400.0
72 : 79 = 2800.0
73 : 79 = 2400.0
t=8
Antennas: [16 31 32 37 72 73 79]
Users: [ 0  1  4  6  7  9 10 11 12 14 16 17 18 19 20 21 22 23 24 26 29 30 31 32
 33 34 38 39 40 41 45 47 49 52 57 60 61 64 65 66 67 68 69 71 72 73 75 76
 78 80 81 83 84 86 87 90 91 92 95 97 98 99]
MinSINR:  10.0
$x_{8,16}$
	 $y_{8,16,6}$ = 34.02604835522159 dB
	 $y_{8,16,9}$ = 11.000489927871314 dB
	 $y_{8,16,14}$ = 22.253209555359447 dB
	 $y_{8,16,7}$ = 17.74839969196681 dB
	 $y_{8,16,16}$ = 88.95170643088753 dB
	 $y_{8,16,17}$ = 41.94823191176155 dB
	 $y_{8,16,18}$ = 16.95073409028508 dB
	 $y_{8,16,19}$ = 14.99933043434008 dB
	 $y_{8,16,26}$ = 25.98633799133333 dB
	 $y_{8,16,29}$ = 15.051532191877158 dB
	 $y_{8,16,38}$ = 17.552166953742244 dB
	 $y_{8,16,12}$ = 10.58033199499826 dB
	 $y_{8,16,23}$ = 13.21862546597771 dB
	 $y_{8,16,24}$ = 13.301461124614008 dB
	 $y_{8,16,34}$ = 10.497048871633353 dB
	 $y_{8,16,66}$ = 10.116465018763321 dB
	 $y_{8,16,45}$ = 10.266917975159572 dB
		SNR medio:  12.079001225348142
		Usuarios totais: 31
$x_{8,31}$
	 $y_{8,31,0}$ = 13.384801817326888 dB
	 $y_{8,31,1}$ = 13.634222805234728 dB
	 $y_{8,31,10}$ = 14.439818268755602 dB
	 $y_{8,31,11}$ = 21.557370044215645 dB
	 $y_{8,31,20}$ = 29.037001713595956 dB
	 $y_{8,31,21}$ = 23.768967997560225 dB
	 $y_{8,31,22}$ = 22.933680391396862 dB
	 $y_{8,31,30}$ = 27.208417165722437 dB
	 $y_{8,31,31}$ = 84.86112751929656 dB
	 $y_{8,31,33}$ = 18.977450206648086 dB
	 $y_{8,31,40}$ = 22.832264692952933 dB
	 $y_{8,31,41}$ = 34.002185745482166 dB
	 $y_{8,31,52}$ = 23.824712470255363 dB
	 $y_{8,31,60}$ = 13.696883684972121 dB
	 $y_{8,31,61}$ = 13.283038027910322 dB
		SNR medio:  13.979331205604664
		Usuarios totais: 27
$x_{8,32}$
	 $y_{8,32,4}$ = 10.364366262526005 dB
	 $y_{8,32,64}$ = 11.852640157835282 dB
	 $y_{8,32,32}$ = 88.07142624703926 dB
		SNR medio:  27.572108166850136
		Usuarios totais: 4
$x_{8,37}$
	 $y_{8,37,39}$ = 18.400482609853896 dB
		SNR medio:  9.200241304926948
		Usuarios totais: 2
$x_{8,72}$
	 $y_{8,72,90}$ = 14.55606438547072 dB
	 $y_{8,72,80}$ = 11.023033067037105 dB
	 $y_{8,72,81}$ = 22.778709732600944 dB
	 $y_{8,72,83}$ = 20.531911062362354 dB
	 $y_{8,72,84}$ = 15.566577612722668 dB
	 $y_{8,72,91}$ = 11.717618269624381 dB
	 $y_{8,72,92}$ = 11.9821310142313 dB
	 $y_{8,72,65}$ = 11.544228782926325 dB
	 $y_{8,72,71}$ = 26.399921283830295 dB
	 $y_{8,72,72}$ = 88.760051183792 dB
	 $y_{8,72,75}$ = 19.25484894924668 dB
		SNR medio:  11.04848240625412
		Usuarios totais: 23
$x_{8,73}$
	 $y_{8,73,95}$ = 13.64735558852206 dB
	 $y_{8,73,73}$ = 84.66112882404568 dB
		SNR medio:  49.15424220628387
		Usuarios totais: 2
$x_{8,79}$
	 $y_{8,79,49}$ = 18.88995869077675 dB
	 $y_{8,79,69}$ = 32.18847917322262 dB
	 $y_{8,79,76}$ = 12.07983491395376 dB
	 $y_{8,79,78}$ = 33.771137250762216 dB
	 $y_{8,79,86}$ = 13.927909992547868 dB
	 $y_{8,79,87}$ = 10.62174541997517 dB
	 $y_{8,79,97}$ = 16.232312423607596 dB
	 $y_{8,79,98}$ = 21.28524764905754 dB
	 $y_{8,79,99}$ = 21.477923465227192 dB
	 $y_{8,79,47}$ = 13.640155944310038 dB
	 $y_{8,79,57}$ = 12.852792228440876 dB
	 $y_{8,79,67}$ = 24.76662030743269 dB
	 $y_{8,79,68}$ = 23.952197300469507 dB
		SNR medio:  15.04037145645787
		Usuarios totais: 17
Distances:
16 : 31 = 2154.0659228538016
16 : 32 = 1788.8543819998317
16 : 37 = 894.4271909999159
16 : 72 = 2884.4410203711914
16 : 73 = 2683.281572999748
16 : 79 = 2683.281572999748
31 : 32 = 400.0
31 : 37 = 2400.0
31 : 72 = 1649.2422502470642
31 : 73 = 1788.8543819998317
31 : 79 = 3577.7087639996635
32 : 37 = 2000.0
32 : 72 = 1600.0
32 : 73 = 1649.2422502470642
32 : 79 = 3224.9030993194197
37 : 72 = 2561.2496949731394
37 : 73 = 2262.741699796952
37 : 79 = 1788.8543819998317
72 : 73 = 400.0
72 : 79 = 2800.0
73 : 79 = 2400.0
t=9
Antennas: [16 31 32 37 72 73 79]
Users: [ 1  4  5  8 11 12 14 15 18 19 20 21 23 25 26 27 29 30 32 34 35 37 38 40
 41 46 47 48 54 57 58 59 60 63 64 65 66 67 71 72 76 77 78 80 81 82 83 84
 87 91 92 93 96 98]
MinSINR:  10.0
$x_{9,16}$
	 $y_{9,16,5}$ = 18.652743304059683 dB
	 $y_{9,16,14}$ = 22.253209555359447 dB
	 $y_{9,16,8}$ = 17.02337842216778 dB
	 $y_{9,16,15}$ = 29.103530221860396 dB
	 $y_{9,16,18}$ = 16.95073409028508 dB
	 $y_{9,16,19}$ = 14.99933043434008 dB
	 $y_{9,16,25}$ = 22.16680271617625 dB
	 $y_{9,16,26}$ = 25.98633799133333 dB
	 $y_{9,16,27}$ = 22.97269239610118 dB
	 $y_{9,16,29}$ = 15.051532191877158 dB
	 $y_{9,16,38}$ = 17.552166953742244 dB
	 $y_{9,16,12}$ = 10.58033199499826 dB
	 $y_{9,16,23}$ = 13.21862546597771 dB
	 $y_{9,16,34}$ = 10.497048871633353 dB
	 $y_{9,16,35}$ = 12.430656060240253 dB
	 $y_{9,16,46}$ = 10.477700554747912 dB
	 $y_{9,16,48}$ = 13.34529872054054 dB
	 $y_{9,16,66}$ = 10.116465018763321 dB
		SNR medio:  12.6407743735085
		Usuarios totais: 24
$x_{9,31}$
	 $y_{9,31,1}$ = 13.634222805234728 dB
	 $y_{9,31,11}$ = 21.557370044215645 dB
	 $y_{9,31,20}$ = 29.037001713595956 dB
	 $y_{9,31,21}$ = 23.768967997560225 dB
	 $y_{9,31,30}$ = 27.208417165722437 dB
		SNR medio:  16.457997103761283
		Usuarios totais: 7
$x_{9,32}$
	 $y_{9,32,4}$ = 10.364366262526005 dB
	 $y_{9,32,64}$ = 11.852640157835282 dB
	 $y_{9,32,32}$ = 88.07142624703926 dB
		SNR medio:  27.572108166850136
		Usuarios totais: 4
$x_{9,37}$
	 $y_{9,37,37}$ = 82.79913553742686 dB
		SNR medio:  82.79913553742686
		Usuarios totais: 1
$x_{9,72}$
	 $y_{9,72,72}$ = 88.760051183792 dB
		SNR medio:  88.760051183792
		Usuarios totais: 1
$x_{9,73}$
	 $y_{9,73,80}$ = 15.828812840962087 dB
	 $y_{9,73,81}$ = 11.081359918853622 dB
	 $y_{9,73,82}$ = 13.802079534540269 dB
	 $y_{9,73,83}$ = 26.533519559022437 dB
	 $y_{9,73,84}$ = 26.471049184241608 dB
	 $y_{9,73,91}$ = 15.652666902952959 dB
	 $y_{9,73,92}$ = 14.728574890784174 dB
	 $y_{9,73,93}$ = 19.517610862476985 dB
	 $y_{9,73,40}$ = 16.546941069603193 dB
	 $y_{9,73,41}$ = 10.729824614256756 dB
	 $y_{9,73,60}$ = 13.435682044550504 dB
	 $y_{9,73,65}$ = 16.274157496020536 dB
	 $y_{9,73,71}$ = 22.6093881544046 dB
	 $y_{9,73,54}$ = 14.34120093553284 dB
	 $y_{9,73,63}$ = 27.239742619923234 dB
		SNR medio:  12.036027755823898
		Usuarios totais: 22
$x_{9,79}$
	 $y_{9,79,76}$ = 12.07983491395376 dB
	 $y_{9,79,77}$ = 22.54767340454049 dB
	 $y_{9,79,78}$ = 33.771137250762216 dB
	 $y_{9,79,87}$ = 10.62174541997517 dB
	 $y_{9,79,98}$ = 21.28524764905754 dB
	 $y_{9,79,47}$ = 13.640155944310038 dB
	 $y_{9,79,57}$ = 12.852792228440876 dB
	 $y_{9,79,58}$ = 14.452649046809597 dB
	 $y_{9,79,59}$ = 15.941534894650815 dB
	 $y_{9,79,67}$ = 24.76662030743269 dB
	 $y_{9,79,96}$ = 10.819085965771734 dB
		SNR medio:  11.33991041327676
		Usuarios totais: 17
Distances:
16 : 31 = 2154.0659228538016
16 : 32 = 1788.8543819998317
16 : 37 = 894.4271909999159
16 : 72 = 2884.4410203711914
16 : 73 = 2683.281572999748
16 : 79 = 2683.281572999748
31 : 32 = 400.0
31 : 37 = 2400.0
31 : 72 = 1649.2422502470642
31 : 73 = 1788.8543819998317
31 : 79 = 3577.7087639996635
32 : 37 = 2000.0
32 : 72 = 1600.0
32 : 73 = 1649.2422502470642
32 : 79 = 3224.9030993194197
37 : 72 = 2561.2496949731394
37 : 73 = 2262.741699796952
37 : 79 = 1788.8543819998317
72 : 73 = 400.0
72 : 79 = 2800.0
73 : 79 = 2400.0
t=10
Antennas: [16 31 32 37 72 73 79]
Users: [ 0  6  9 11 12 13 14 15 19 20 23 24 25 26 27 28 31 33 35 36 37 40 43 46
 48 52 56 61 72 77 80 82 84 92 98 99]
MinSINR:  10.0
$x_{10,16}$
	 $y_{10,16,6}$ = 34.02604835522159 dB
	 $y_{10,16,9}$ = 11.000489927871314 dB
	 $y_{10,16,14}$ = 22.253209555359447 dB
	 $y_{10,16,15}$ = 29.103530221860396 dB
	 $y_{10,16,19}$ = 14.99933043434008 dB
	 $y_{10,16,25}$ = 22.16680271617625 dB
	 $y_{10,16,26}$ = 25.98633799133333 dB
	 $y_{10,16,27}$ = 22.97269239610118 dB
	 $y_{10,16,28}$ = 19.723333512517 dB
	 $y_{10,16,12}$ = 10.58033199499826 dB
	 $y_{10,16,13}$ = 17.556983738428812 dB
	 $y_{10,16,23}$ = 13.21862546597771 dB
	 $y_{10,16,24}$ = 13.301461124614008 dB
	 $y_{10,16,35}$ = 12.430656060240253 dB
	 $y_{10,16,46}$ = 10.477700554747912 dB
	 $y_{10,16,48}$ = 13.34529872054054 dB
	 $y_{10,16,56}$ = 10.26996837657589 dB
		SNR medio:  13.791490961222907
		Usuarios totais: 22
$x_{10,31}$
	 $y_{10,31,0}$ = 13.384801817326888 dB
	 $y_{10,31,11}$ = 21.557370044215645 dB
	 $y_{10,31,20}$ = 29.037001713595956 dB
	 $y_{10,31,31}$ = 84.86112751929656 dB
	 $y_{10,31,33}$ = 18.977450206648086 dB
	 $y_{10,31,40}$ = 22.832264692952933 dB
	 $y_{10,31,43}$ = 19.563742388065947 dB
	 $y_{10,31,52}$ = 23.824712470255363 dB
	 $y_{10,31,61}$ = 13.283038027910322 dB
		SNR medio:  20.610125740022312
		Usuarios totais: 12
$x_{10,32}$
		Usuarios totais: 0
$x_{10,37}$
	 $y_{10,37,36}$ = 26.099428232364602 dB
	 $y_{10,37,37}$ = 82.79913553742686 dB
		SNR medio:  54.44928188489573
		Usuarios totais: 2
$x_{10,72}$
	 $y_{10,72,72}$ = 88.760051183792 dB
		SNR medio:  88.760051183792
		Usuarios totais: 1
$x_{10,73}$
	 $y_{10,73,80}$ = 15.828812840962087 dB
	 $y_{10,73,82}$ = 13.802079534540269 dB
	 $y_{10,73,84}$ = 26.471049184241608 dB
	 $y_{10,73,92}$ = 14.728574890784174 dB
		SNR medio:  11.805086075088022
		Usuarios totais: 6
$x_{10,79}$
	 $y_{10,79,77}$ = 22.54767340454049 dB
	 $y_{10,79,98}$ = 21.28524764905754 dB
	 $y_{10,79,99}$ = 21.477923465227192 dB
		SNR medio:  21.770281506275072
		Usuarios totais: 3
Distances:
16 : 31 = 2154.0659228538016
16 : 32 = 1788.8543819998317
16 : 37 = 894.4271909999159
16 : 72 = 2884.4410203711914
16 : 73 = 2683.281572999748
16 : 79 = 2683.281572999748
31 : 32 = 400.0
31 : 37 = 2400.0
31 : 72 = 1649.2422502470642
31 : 73 = 1788.8543819998317
31 : 79 = 3577.7087639996635
32 : 37 = 2000.0
32 : 72 = 1600.0
32 : 73 = 1649.2422502470642
32 : 79 = 3224.9030993194197
37 : 72 = 2561.2496949731394
37 : 73 = 2262.741699796952
37 : 79 = 1788.8543819998317
72 : 73 = 400.0
72 : 79 = 2800.0
73 : 79 = 2400.0
t=11
Antennas: [16 31 32 37 72 73 79]
Users: [ 6  7 10 11 12 20 22 23 25 35 52 62 65 70 74 85 94 97]
MinSINR:  10.0
$x_{11,16}$
	 $y_{11,16,6}$ = 34.02604835522159 dB
	 $y_{11,16,7}$ = 17.74839969196681 dB
	 $y_{11,16,25}$ = 22.16680271617625 dB
	 $y_{11,16,35}$ = 12.430656060240253 dB
		SNR medio:  14.39531780393415
		Usuarios totais: 6
$x_{11,31}$
	 $y_{11,31,10}$ = 14.439818268755602 dB
	 $y_{11,31,11}$ = 21.557370044215645 dB
	 $y_{11,31,20}$ = 29.037001713595956 dB
	 $y_{11,31,22}$ = 22.933680391396862 dB
	 $y_{11,31,70}$ = 12.124404114482175 dB
	 $y_{11,31,12}$ = 12.6648959595814 dB
	 $y_{11,31,23}$ = 15.20104582999528 dB
	 $y_{11,31,52}$ = 23.824712470255363 dB
		SNR medio:  16.864769865808697
		Usuarios totais: 9
$x_{11,32}$
		Usuarios totais: 0
$x_{11,37}$
		Usuarios totais: 0
$x_{11,72}$
	 $y_{11,72,85}$ = 14.609773679596486 dB
	 $y_{11,72,94}$ = 17.983198530034457 dB
	 $y_{11,72,62}$ = 25.70501291371653 dB
	 $y_{11,72,65}$ = 11.544228782926325 dB
	 $y_{11,72,74}$ = 16.477179952956945 dB
		SNR medio:  14.386565643205124
		Usuarios totais: 6
$x_{11,73}$
		Usuarios totais: 0
$x_{11,79}$
	 $y_{11,79,97}$ = 16.232312423607596 dB
		SNR medio:  16.232312423607596
		Usuarios totais: 1
Distances:
16 : 31 = 2154.0659228538016
16 : 32 = 1788.8543819998317
16 : 37 = 894.4271909999159
16 : 72 = 2884.4410203711914
16 : 73 = 2683.281572999748
16 : 79 = 2683.281572999748
31 : 32 = 400.0
31 : 37 = 2400.0
31 : 72 = 1649.2422502470642
31 : 73 = 1788.8543819998317
31 : 79 = 3577.7087639996635
32 : 37 = 2000.0
32 : 72 = 1600.0
32 : 73 = 1649.2422502470642
32 : 79 = 3224.9030993194197
37 : 72 = 2561.2496949731394
37 : 73 = 2262.741699796952
37 : 79 = 1788.8543819998317
72 : 73 = 400.0
72 : 79 = 2800.0
73 : 79 = 2400.0
--- Done after 0.24480834457609388 hours. ---
