-------------Calculating Solution (this may take a while)
+++++++++++++++++++Min Sinr: 15 dB (gwo)
+++++++++++++++++++With backhaul constraint. Start: 2023-01-19 04:58:34

Parameters:
- chosen seed 4
- Map with 100 sectors
- Map 4000 x 4000 m
- Sector has a side of 400 m
- Max time:  12
- users_t_m:  [[0, 0, 0, 0, 0, 0, 0, 0, 0, 0, 0, 0, 4, 3, 0, 0, 0, 0, 0, 0, 0, 0, 1, 25, 0, 0, 0, 0, 0, 0, 0, 0, 0, 0, 0, 0, 0, 0, 0, 0, 0, 0, 0, 0, 0, 0, 0, 0, 0, 0, 0, 0, 0, 0, 0, 0, 0, 0, 0, 0, 0, 0, 0, 0, 0, 0, 0, 0, 0, 0, 0, 0, 0, 0, 0, 0, 0, 0, 0, 0, 0, 0, 0, 0, 0, 0, 0, 0, 0, 0, 0, 0, 0, 0, 0, 0, 0, 0, 0, 0], [0, 0, 0, 0, 0, 1, 0, 0, 0, 0, 0, 0, 4, 3, 0, 0, 0, 0, 0, 0, 1, 0, 3, 39, 1, 2, 1, 0, 1, 0, 0, 0, 0, 1, 0, 0, 0, 1, 0, 2, 1, 1, 0, 1, 0, 1, 1, 0, 0, 1, 0, 0, 0, 0, 0, 0, 0, 1, 0, 0, 1, 1, 0, 0, 0, 0, 0, 1, 0, 1, 0, 0, 0, 0, 1, 2, 1, 1, 0, 0, 1, 0, 1, 1, 1, 0, 0, 0, 1, 0, 0, 0, 0, 1, 0, 0, 0, 0, 0, 0], [0, 1, 1, 1, 1, 1, 0, 1, 0, 2, 1, 0, 4, 3, 1, 1, 1, 0, 2, 0, 0, 1, 2, 18, 3, 0, 1, 1, 0, 2, 1, 0, 0, 1, 0, 1, 1, 0, 2, 1, 0, 0, 1, 2, 1, 1, 0, 0, 1, 0, 0, 2, 1, 0, 0, 1, 0, 2, 4, 0, 1, 0, 0, 0, 3, 2, 4, 0, 2, 1, 0, 0, 2, 1, 1, 0, 1, 0, 0, 0, 0, 0, 1, 0, 2, 2, 1, 1, 0, 0, 0, 2, 3, 1, 1, 1, 0, 2, 1, 0], [2, 1, 1, 0, 2, 0, 0, 2, 0, 2, 2, 0, 3, 5, 3, 0, 2, 0, 1, 1, 1, 0, 5, 26, 0, 0, 0, 1, 0, 0, 3, 0, 1, 0, 2, 2, 2, 3, 0, 2, 1, 1, 2, 0, 1, 1, 0, 2, 3, 2, 1, 1, 2, 1, 0, 0, 0, 1, 2, 2, 1, 2, 1, 0, 1, 1, 0, 0, 0, 1, 1, 1, 0, 0, 1, 1, 0, 0, 1, 3, 2, 2, 1, 3, 0, 2, 0, 4, 3, 1, 3, 0, 2, 0, 1, 0, 3, 0, 2, 1], [2, 0, 2, 0, 2, 1, 3, 1, 0, 1, 1, 0, 4, 4, 0, 4, 1, 0, 3, 1, 1, 1, 4, 15, 1, 4, 1, 2, 3, 4, 1, 4, 0, 2, 1, 2, 1, 1, 2, 4, 2, 2, 4, 0, 0, 0, 1, 1, 1, 2, 1, 2, 0, 1, 5, 1, 0, 0, 2, 1, 3, 2, 1, 2, 0, 1, 2, 0, 1, 0, 1, 3, 0, 2, 1, 0, 2, 1, 2, 2, 2, 3, 2, 1, 1, 0, 4, 1, 2, 1, 3, 0, 0, 4, 1, 0, 4, 0, 1, 1], [2, 2, 2, 1, 0, 0, 0, 3, 1, 2, 4, 1, 4, 6, 2, 3, 2, 0, 1, 1, 2, 1, 3, 25, 3, 3, 3, 2, 1, 1, 0, 2, 2, 2, 0, 2, 3, 0, 1, 2, 2, 2, 5, 1, 3, 1, 2, 4, 1, 0, 3, 3, 1, 1, 0, 6, 2, 2, 0, 2, 0, 0, 1, 2, 4, 2, 2, 0, 1, 0, 3, 1, 3, 1, 1, 1, 3, 0, 3, 2, 0, 2, 2, 2, 2, 1, 4, 1, 1, 0, 2, 1, 0, 1, 1, 4, 0, 2, 1, 3], [3, 0, 1, 5, 1, 1, 1, 2, 1, 4, 0, 1, 2, 1, 2, 2, 2, 1, 2, 2, 1, 3, 2, 5, 2, 2, 3, 4, 0, 4, 1, 0, 2, 1, 2, 3, 1, 3, 3, 5, 2, 1, 3, 1, 2, 0, 2, 3, 1, 2, 1, 0, 3, 0, 1, 1, 1, 2, 1, 2, 5, 3, 2, 0, 1, 2, 2, 1, 0, 2, 2, 0, 0, 0, 0, 2, 2, 1, 2, 3, 1, 3, 1, 0, 3, 3, 0, 2, 2, 4, 1, 0, 2, 1, 2, 0, 2, 1, 4, 0], [1, 0, 0, 1, 2, 1, 4, 0, 1, 3, 2, 3, 0, 2, 0, 0, 1, 3, 1, 1, 4, 1, 1, 2, 1, 0, 0, 0, 1, 3, 0, 0, 2, 0, 5, 0, 0, 2, 3, 0, 2, 3, 1, 3, 2, 2, 0, 3, 1, 0, 2, 2, 1, 2, 3, 4, 1, 0, 0, 2, 1, 1, 0, 0, 7, 1, 1, 0, 0, 2, 1, 0, 2, 3, 3, 0, 4, 2, 2, 0, 0, 3, 2, 2, 1, 0, 1, 2, 3, 1, 2, 1, 1, 2, 0, 1, 0, 2, 1, 0], [2, 4, 0, 0, 2, 0, 1, 2, 0, 2, 2, 2, 1, 0, 2, 0, 4, 2, 3, 2, 1, 2, 2, 2, 1, 0, 3, 0, 0, 1, 1, 2, 1, 1, 2, 0, 0, 0, 1, 2, 2, 1, 0, 0, 0, 1, 0, 1, 0, 1, 0, 0, 3, 0, 0, 0, 0, 1, 0, 0, 1, 1, 0, 0, 1, 1, 1, 1, 3, 1, 0, 1, 2, 1, 0, 2, 1, 0, 1, 0, 1, 2, 0, 2, 3, 0, 1, 1, 0, 0, 5, 3, 1, 0, 0, 1, 0, 1, 2, 2], [0, 2, 0, 0, 1, 1, 0, 0, 1, 0, 0, 1, 1, 0, 1, 2, 0, 0, 2, 1, 1, 1, 0, 1, 0, 1, 1, 2, 0, 2, 2, 0, 1, 0, 1, 1, 0, 1, 1, 0, 2, 2, 0, 0, 0, 0, 1, 3, 3, 0, 0, 0, 0, 0, 1, 0, 0, 1, 1, 2, 1, 0, 0, 1, 2, 2, 1, 3, 0, 0, 0, 1, 1, 0, 0, 0, 1, 1, 1, 0, 1, 1, 2, 4, 1, 0, 0, 2, 0, 0, 0, 1, 1, 1, 0, 0, 1, 0, 1, 0], [1, 0, 0, 0, 0, 0, 1, 0, 0, 2, 0, 1, 1, 1, 1, 1, 0, 0, 0, 1, 3, 0, 0, 1, 1, 2, 1, 1, 3, 0, 0, 1, 0, 1, 0, 1, 1, 1, 0, 0, 1, 0, 0, 1, 0, 0, 1, 0, 2, 0, 0, 0, 2, 0, 0, 0, 1, 0, 0, 0, 0, 1, 0, 0, 0, 0, 0, 0, 0, 0, 0, 0, 1, 0, 0, 0, 0, 1, 0, 0, 1, 0, 2, 0, 1, 0, 0, 0, 0, 0, 0, 0, 2, 0, 0, 0, 0, 0, 1, 1], [0, 0, 0, 0, 0, 0, 2, 1, 0, 0, 2, 1, 1, 0, 0, 0, 0, 0, 0, 0, 1, 0, 1, 1, 0, 1, 0, 0, 0, 0, 0, 0, 0, 0, 0, 2, 0, 0, 0, 0, 0, 0, 0, 0, 0, 0, 0, 0, 0, 0, 0, 0, 1, 0, 0, 0, 0, 0, 0, 0, 0, 0, 1, 0, 0, 1, 0, 0, 0, 0, 1, 0, 0, 0, 1, 0, 0, 0, 0, 0, 0, 0, 0, 0, 0, 2, 0, 0, 0, 0, 0, 0, 0, 0, 1, 0, 0, 1, 0, 0]]
MAX_USER_PER_ANTENNAS_m:  [40, 40, 40, 40, 40, 40, 40, 40, 40, 40, 40, 40, 40, 40, 40, 40, 40, 40, 40, 40, 40, 40, 40, 40, 40, 40, 40, 40, 40, 40, 40, 40, 40, 40, 40, 40, 40, 40, 40, 40, 40, 40, 40, 40, 40, 40, 40, 40, 40, 40, 40, 40, 40, 40, 40, 40, 40, 40, 40, 40, 40, 40, 40, 40, 40, 40, 40, 40, 40, 40, 40, 40, 40, 40, 40, 40, 40, 40, 40, 40, 40, 40, 40, 40, 40, 40, 40, 40, 40, 40, 40, 40, 40, 40, 40, 40, 40, 40, 40, 40]
antennas_map_m:  [1, 1, 1, 1, 1, 1, 1, 1, 1, 1, 1, 1, 1, 1, 1, 1, 1, 1, 1, 1, 1, 1, 1, 1, 1, 1, 1, 1, 1, 1, 1, 1, 1, 1, 1, 1, 1, 1, 1, 1, 1, 1, 1, 1, 1, 1, 1, 1, 1, 1, 1, 1, 1, 1, 1, 1, 1, 1, 1, 1, 1, 1, 1, 1, 1, 1, 1, 1, 1, 1, 1, 1, 1, 1, 1, 1, 1, 1, 1, 1, 1, 1, 1, 1, 1, 1, 1, 1, 1, 1, 1, 1, 1, 1, 1, 1, 1, 1, 1, 1]
FIRST_ANTENNA:  37
MIN_SNR_m:  [31.622776601683793, 31.622776601683793, 31.622776601683793, 31.622776601683793, 31.622776601683793, 31.622776601683793, 31.622776601683793, 31.622776601683793, 31.622776601683793, 31.622776601683793, 31.622776601683793, 31.622776601683793, 31.622776601683793, 31.622776601683793, 31.622776601683793, 31.622776601683793, 31.622776601683793, 31.622776601683793, 31.622776601683793, 31.622776601683793, 31.622776601683793, 31.622776601683793, 31.622776601683793, 31.622776601683793, 31.622776601683793, 31.622776601683793, 31.622776601683793, 31.622776601683793, 31.622776601683793, 31.622776601683793, 31.622776601683793, 31.622776601683793, 31.622776601683793, 31.622776601683793, 31.622776601683793, 31.622776601683793, 31.622776601683793, 31.622776601683793, 31.622776601683793, 31.622776601683793, 31.622776601683793, 31.622776601683793, 31.622776601683793, 31.622776601683793, 31.622776601683793, 31.622776601683793, 31.622776601683793, 31.622776601683793, 31.622776601683793, 31.622776601683793, 31.622776601683793, 31.622776601683793, 31.622776601683793, 31.622776601683793, 31.622776601683793, 31.622776601683793, 31.622776601683793, 31.622776601683793, 31.622776601683793, 31.622776601683793, 31.622776601683793, 31.622776601683793, 31.622776601683793, 31.622776601683793, 31.622776601683793, 31.622776601683793, 31.622776601683793, 31.622776601683793, 31.622776601683793, 31.622776601683793, 31.622776601683793, 31.622776601683793, 31.622776601683793, 31.622776601683793, 31.622776601683793, 31.622776601683793, 31.622776601683793, 31.622776601683793, 31.622776601683793, 31.622776601683793, 31.622776601683793, 31.622776601683793, 31.622776601683793, 31.622776601683793, 31.622776601683793, 31.622776601683793, 31.622776601683793, 31.622776601683793, 31.622776601683793, 31.622776601683793, 31.622776601683793, 31.622776601683793, 31.622776601683793, 31.622776601683793, 31.622776601683793, 31.622776601683793, 31.622776601683793, 31.622776601683793, 31.622776601683793, 31.622776601683793]
-MIN_DIST:  2000
- disaster percentage:  0

Slice  0

Run GWO to deployment +1 antenna on the map
	Pack size:  300
	Wolf dimension 1
	Max iter 200
	antennas_regions:  [37]
	users_regions:  [12 13 22 23]
	Seed_base:  89048
initial_alpha:  Wolf 140 (89188). Fitness: 0.38
	(1376.5981738801956, 439.867057329232, 0). Region: 13
initial_beta:  Wolf 39 (89087). Fitness: 0.37
	(1475.5862125977596, 1095.9960168753064, 0). Region: 23
initial_delta:  Wolf 261 (89309). Fitness: 0.37
	(1302.1192775181728, 1132.9154455010041, 0). Region: 23 

iter = 10
Alpha wolf:  Wolf 140 (89188). Fitness: 0.38
	(1396.6020087551817, 661.8533763127317, 0.0). Region: 13
iter = 20
Alpha wolf:  Wolf 140 (89188). Fitness: 0.38
	(1496.570036326747, 412.7347487940477, 0.0). Region: 13
iter = 30
Alpha wolf:  Wolf 140 (89188). Fitness: 0.38
	(1598.33652691075, 467.0232062433082, 0.0). Region: 13
iter = 40
Alpha wolf:  Wolf 140 (89188). Fitness: 0.38
	(1482.2353831725873, 685.2236435665513, 0.0). Region: 13
iter = 50
Alpha wolf:  Wolf 140 (89188). Fitness: 0.38
	(1409.9671554278416, 406.3609927008142, 0.0). Region: 13
iter = 60
Alpha wolf:  Wolf 140 (89188). Fitness: 0.38
	(1238.4774986218374, 527.4652169310442, 0.0). Region: 13
iter = 70
Alpha wolf:  Wolf 140 (89188). Fitness: 0.38
	(1474.8927729795323, 670.8896136993028, 0.0). Region: 13
iter = 80
Alpha wolf:  Wolf 140 (89188). Fitness: 0.38
	(1492.0939027231584, 482.0408014184386, 0.0). Region: 13
iter = 90
Alpha wolf:  Wolf 140 (89188). Fitness: 0.38
	(1512.027346871856, 595.0016534181848, 0.0). Region: 13
iter = 100
Alpha wolf:  Wolf 140 (89188). Fitness: 0.38
	(1273.7538626481983, 524.8961302239165, 0.0). Region: 13
iter = 110
Alpha wolf:  Wolf 140 (89188). Fitness: 0.38
	(1548.065717701124, 674.5455177664587, 0.0). Region: 13
iter = 120
Alpha wolf:  Wolf 140 (89188). Fitness: 0.38
	(1476.7193928884474, 670.9965628826683, 0.0). Region: 13
iter = 130
Alpha wolf:  Wolf 140 (89188). Fitness: 0.38
	(1385.244900072777, 724.0507905306431, 0.0). Region: 13
iter = 140
Alpha wolf:  Wolf 140 (89188). Fitness: 0.38
	(1475.507612885623, 598.204672480681, 0.0). Region: 13
iter = 150
Alpha wolf:  Wolf 140 (89188). Fitness: 0.38
	(1525.4065588554345, 534.0815782844603, 0.0). Region: 13
iter = 160
Alpha wolf:  Wolf 140 (89188). Fitness: 0.38
	(1443.9080629840887, 479.29578983170904, 0.0). Region: 13
iter = 170
Alpha wolf:  Wolf 140 (89188). Fitness: 0.38
	(1384.0126938171225, 499.1621225024447, 0.0). Region: 13
iter = 180
Alpha wolf:  Wolf 140 (89188). Fitness: 0.38
	(1289.2396915005222, 454.9029456933489, 0.0). Region: 13
iter = 190
Alpha wolf:  Wolf 140 (89188). Fitness: 0.38
	(1314.1462520752243, 467.6693840274534, 0.0). Region: 13

- Finishing GWO - 

Best solution:  Wolf 140 (89188). Fitness: 0.38
	(1311.6589451260147, 452.27694562434806, 0.0). Region: 13
Antennas in slice 0:  [13 37]

Slice  1

Run GWO to deployment +1 antenna on the map
	Pack size:  300
	Wolf dimension 1
	Max iter 200
	antennas_regions:  [13 37]
	users_regions:  [ 5 12 13 20 22 23 24 25 26 28 33 37 39 40 41 43 45 46 49 57 60 61 67 69
 74 75 76 77 80 82 83 84 88 93]
	Seed_base:  19845
initial_alpha:  Wolf 0 (19845). Fitness: 0
	(601.0245214297472, 3930.568052648776, 0). Region: 91
initial_beta:  Wolf 1 (19846). Fitness: 0
	(3746.8170271870936, 420.34912164391704, 0). Region: 19
initial_delta:  Wolf 2 (19847). Fitness: 0
	(3484.962257370755, 2792.0188516622206, 0). Region: 68 

iter = 10
Alpha wolf:  Wolf 0 (19845). Fitness: 0
	(1722.5953416953912, 1279.1013420238648, 0.0). Region: 34
iter = 20
Alpha wolf:  Wolf 0 (19845). Fitness: 0
	(1206.0639643094635, 1584.5625228852946, 0.0). Region: 33
iter = 30
Alpha wolf:  Wolf 0 (19845). Fitness: 0
	(1127.1887355471208, 577.0936617685552, 0.0). Region: 12
iter = 40
Alpha wolf:  Wolf 0 (19845). Fitness: 0
	(2738.8077368868544, 1517.6681291415807, 0.0). Region: 36
iter = 50
Alpha wolf:  Wolf 0 (19845). Fitness: 0
	(17.22248311285341, 1836.8705184755447, 0.0). Region: 40
iter = 60
Alpha wolf:  Wolf 0 (19845). Fitness: 0
	(622.9632165660006, 3217.748968959204, 0.0). Region: 81
iter = 70
Alpha wolf:  Wolf 0 (19845). Fitness: 0
	(159.65094365542083, 1275.9216421252459, 0.0). Region: 30
iter = 80
Alpha wolf:  Wolf 0 (19845). Fitness: 0
	(146.11542721893977, 1334.3484412399746, 0.0). Region: 30
iter = 90
Alpha wolf:  Wolf 0 (19845). Fitness: 0
	(164.62595441330274, 1138.524286649976, 0.0). Region: 20
iter = 100
Alpha wolf:  Wolf 0 (19845). Fitness: 0
	(164.33958128283416, 628.0327265003325, 0.0). Region: 10
iter = 110
Alpha wolf:  Wolf 0 (19845). Fitness: 0
	(252.3087135293042, 513.977518267932, 0.0). Region: 10
iter = 120
Alpha wolf:  Wolf 0 (19845). Fitness: 0
	(283.14996885085594, 386.3915474561809, 0.0). Region: 0
iter = 130
Alpha wolf:  Wolf 0 (19845). Fitness: 0
	(480.31878554565196, 679.4556685022195, 0.0). Region: 11
iter = 140
Alpha wolf:  Wolf 0 (19845). Fitness: 0
	(404.4735537442234, 411.92111017864295, 0.0). Region: 11
iter = 150
Alpha wolf:  Wolf 0 (19845). Fitness: 0
	(269.4347735894847, 363.24887468315626, 0.0). Region: 0
iter = 160
Alpha wolf:  Wolf 0 (19845). Fitness: 0
	(320.1288961002044, 338.60260251370994, 0.0). Region: 0
iter = 170
Alpha wolf:  Wolf 0 (19845). Fitness: 0
	(301.20291641452786, 353.7300455038124, 0.0). Region: 0
iter = 180
Alpha wolf:  Wolf 0 (19845). Fitness: 0
	(275.43150698077534, 315.30170275493083, 0.0). Region: 0
iter = 190
Alpha wolf:  Wolf 0 (19845). Fitness: 0
	(280.75251251589685, 324.1503588952722, 0.0). Region: 0

Run GWO to deployment +2 antenna on the map
	Pack size:  300
	Wolf dimension 2
	Max iter 200
	antennas_regions:  [13 37]
	users_regions:  [ 5 12 13 20 22 23 24 25 26 28 33 37 39 40 41 43 45 46 49 57 60 61 67 69
 74 75 76 77 80 82 83 84 88 93]
	Seed_base:  63755
initial_alpha:  Wolf 0 (63755). Fitness: 0
	(2468.1820137397763, 3040.562785421895, 0). Region: 76
	(1998.4601877277842, 2751.4291885204934, 0). Region: 64
initial_beta:  Wolf 1 (63756). Fitness: 0
	(2329.299395551401, 3964.3564318787962, 0). Region: 95
	(1536.188424077237, 637.6735597043632, 0). Region: 13
initial_delta:  Wolf 2 (63757). Fitness: 0
	(1690.9258508733749, 729.2580097882407, 0). Region: 14
	(2394.4898792879503, 1942.9692114300283, 0). Region: 45 

iter = 10
Alpha wolf:  Wolf 0 (63755). Fitness: 0
	(811.0257333938182, 1415.2902298180302, 0.0). Region: 32
	(3333.1972921135516, 284.73273647994904, 0.0). Region: 8
iter = 20
Alpha wolf:  Wolf 0 (63755). Fitness: 0
	(1015.9004799686802, 616.7820954175077, 0.0). Region: 12
	(2956.5995085497134, 2489.2195554982054, 0.0). Region: 67
iter = 30
Alpha wolf:  Wolf 0 (63755). Fitness: 0
	(3876.5038756662434, 244.25418895796048, 0.0). Region: 9
	(2348.9256010376184, 598.906874659755, 0.0). Region: 15
iter = 40
Alpha wolf:  Wolf 0 (63755). Fitness: 0
	(1606.6249421915545, 66.77711429988146, 0.0). Region: 4
	(1926.9393829351586, 46.226867903170394, 0.0). Region: 4
iter = 50
Alpha wolf:  Wolf 0 (63755). Fitness: 0
	(1682.532160899304, 75.83841945939703, 0.0). Region: 4
	(1122.5248080250985, 20.61458692584559, 0.0). Region: 2
iter = 60
Alpha wolf:  Wolf 0 (63755). Fitness: 0
	(1369.2455944981384, 130.60778008958474, 0.0). Region: 3
	(800.1184219402918, 29.128130189549346, 0.0). Region: 2
iter = 70
Alpha wolf:  Wolf 0 (63755). Fitness: 0
	(1297.5071847883664, 72.92781883421353, 0.0). Region: 3
	(297.60663269033336, 12.045630587916875, 0.0). Region: 0
iter = 80
Alpha wolf:  Wolf 0 (63755). Fitness: 0
	(1421.8007559920989, 73.0150982458023, 0.0). Region: 3
	(248.41160748237212, 12.49646041797769, 0.0). Region: 0
iter = 90
Alpha wolf:  Wolf 0 (63755). Fitness: 0
	(740.5462571130995, 63.34519164182618, 0.0). Region: 1
	(69.49218384640075, 16.00405611185471, 0.0). Region: 0
iter = 100
Alpha wolf:  Wolf 0 (63755). Fitness: 0
	(386.62484054385055, 36.148163896899675, 0.0). Region: 0
	(38.35830819338062, 4.761235802729541, 0.0). Region: 0
iter = 110
Alpha wolf:  Wolf 0 (63755). Fitness: 0
	(302.07976510113264, 15.362539877120264, 0.0). Region: 0
	(24.08311147148668, 3.749353060209952, 0.0). Region: 0
iter = 120
Alpha wolf:  Wolf 0 (63755). Fitness: 0
	(432.52065833354345, 12.255822509473202, 0.0). Region: 1
	(10.368598520403832, 3.17743853000977, 0.0). Region: 0
iter = 130
Alpha wolf:  Wolf 0 (63755). Fitness: 0
	(508.8784297402917, 27.43944694900845, 0.0). Region: 1
	(8.387087636951104, 2.623968788743837, 0.0). Region: 0
iter = 140
Alpha wolf:  Wolf 0 (63755). Fitness: 0
	(858.4727733273978, 19.829475983879526, 0.0). Region: 2
	(4.704494384614471, 1.3338176792937224, 0.0). Region: 0
iter = 150
Alpha wolf:  Wolf 0 (63755). Fitness: 0
	(532.912874805828, 17.41409815649633, 0.0). Region: 1
	(3.305650973376636, 0.9678212599185546, 0.0). Region: 0
iter = 160
Alpha wolf:  Wolf 0 (63755). Fitness: 0
	(496.60200514100103, 18.37367588081642, 0.0). Region: 1
	(3.930093147432502, 0.91912636545714, 0.0). Region: 0
iter = 170
Alpha wolf:  Wolf 0 (63755). Fitness: 0
	(364.75617879101117, 16.950335849028694, 0.0). Region: 0
	(3.4543640891638274, 0.9366575523016067, 0.0). Region: 0
iter = 180
Alpha wolf:  Wolf 0 (63755). Fitness: 0
	(363.04721373870285, 13.909989595660093, 0.0). Region: 0
	(3.3117821095252626, 0.9390378060918405, 0.0). Region: 0
iter = 190
Alpha wolf:  Wolf 0 (63755). Fitness: 0
	(333.8804341512449, 14.815568285473157, 0.0). Region: 0
	(3.5512714837649435, 0.8436940444994893, 0.0). Region: 0

Run GWO to deployment +3 antenna on the map
	Pack size:  300
	Wolf dimension 3
	Max iter 200
	antennas_regions:  [13 37]
	users_regions:  [ 5 12 13 20 22 23 24 25 26 28 33 37 39 40 41 43 45 46 49 57 60 61 67 69
 74 75 76 77 80 82 83 84 88 93]
	Seed_base:  73660
initial_alpha:  Wolf 0 (73660). Fitness: 0
	(2029.0886374308252, 69.00183077227729, 0). Region: 5
	(3610.2824899580596, 3371.570054419888, 0). Region: 89
	(3646.9682033984086, 2624.7950963468156, 0). Region: 69
initial_beta:  Wolf 1 (73661). Fitness: 0
	(27.82419649488732, 3291.667385040472, 0). Region: 80
	(3996.125707946916, 791.3742910988861, 0). Region: 19
	(1167.7347491365485, 2801.3769157978577, 0). Region: 72
initial_delta:  Wolf 2 (73662). Fitness: 0
	(2016.3523033207732, 1290.9328461554726, 0). Region: 35
	(1277.0702762216945, 3063.5225024049378, 0). Region: 73
	(3069.1674938529527, 3751.8556363595003, 0). Region: 97 

iter = 10
Alpha wolf:  Wolf 0 (73660). Fitness: 0
	(785.8660639934875, 3348.155769981907, 0.0). Region: 81
	(1272.9853563261659, 1351.2123145716473, 0.0). Region: 33
	(417.9730622581842, 3890.94712757011, 0.0). Region: 91
iter = 20
Alpha wolf:  Wolf 0 (73660). Fitness: 0
	(1636.4694848486474, 628.9396377522772, 0.0). Region: 14
	(3380.80952000418, 528.447320849568, 0.0). Region: 18
	(1025.8237709266098, 2937.218377177537, 0.0). Region: 72
iter = 30
Alpha wolf:  Wolf 0 (73660). Fitness: 0
	(1229.5270819166708, 1952.3923576301243, 0.0). Region: 43
	(18.019035424232715, 2165.444669328323, 0.0). Region: 50
	(371.88015856738366, 625.5430250276613, 0.0). Region: 10
iter = 40
Alpha wolf:  Wolf 0 (73660). Fitness: 0
	(1302.7873469260444, 249.3398561377894, 0.0). Region: 3
	(30.426466318621017, 765.9464574231929, 0.0). Region: 10
	(61.502355318081335, 683.4827430768106, 0.0). Region: 10
iter = 50
Alpha wolf:  Wolf 0 (73660). Fitness: 0
	(130.66526914130318, 151.62318470627469, 0.0). Region: 0
	(96.79160841605172, 238.2441865957341, 0.0). Region: 0
	(70.29889222475248, 545.8845942621936, 0.0). Region: 10
iter = 60
Alpha wolf:  Wolf 0 (73660). Fitness: 0
	(105.51353457519761, 446.95594448400345, 0.0). Region: 10
	(70.11208245257228, 186.70517441862575, 0.0). Region: 0
	(86.61757746326447, 119.06722572671784, 0.0). Region: 0
iter = 70
Alpha wolf:  Wolf 0 (73660). Fitness: 0
	(27.08287227614304, 448.37724182187435, 0.0). Region: 10
	(23.474606330491042, 170.78018611404482, 0.0). Region: 0
	(88.65776031758435, 51.02189183731899, 0.0). Region: 0
iter = 80
Alpha wolf:  Wolf 0 (73660). Fitness: 0
	(74.59797560814104, 411.61666165891234, 0.0). Region: 10
	(107.47003613977074, 145.6274912801736, 0.0). Region: 0
	(50.335518479864795, 61.19483748757095, 0.0). Region: 0
iter = 90
Alpha wolf:  Wolf 0 (73660). Fitness: 0
	(92.17650980251655, 300.7044777084264, 0.0). Region: 0
	(107.22460283747228, 366.18353993582184, 0.0). Region: 0
	(81.32839534891106, 62.7402634764904, 0.0). Region: 0
iter = 100
Alpha wolf:  Wolf 0 (73660). Fitness: 0
	(44.64556399392721, 203.8813261606893, 0.0). Region: 0
	(140.2014393946133, 255.90019388693736, 0.0). Region: 0
	(30.965892811401147, 22.74466604910645, 0.0). Region: 0
iter = 110
Alpha wolf:  Wolf 0 (73660). Fitness: 0
	(62.30272140111596, 247.7470871482548, 0.0). Region: 0
	(168.6103091183432, 274.20478559342257, 0.0). Region: 0
	(20.529695357183677, 9.813016879038052, 0.0). Region: 0
iter = 120
Alpha wolf:  Wolf 0 (73660). Fitness: 0
	(65.7452221658662, 130.48417700154016, 0.0). Region: 0
	(108.12840777215354, 202.65320785510318, 0.0). Region: 0
	(33.719414213440544, 3.8324301807113317, 0.0). Region: 0
iter = 130
Alpha wolf:  Wolf 0 (73660). Fitness: 0
	(33.03490939457754, 199.86058105163494, 0.0). Region: 0
	(29.446888045999003, 133.14669557096414, 0.0). Region: 0
	(36.18856274591373, 7.5638102669919896, 0.0). Region: 0
iter = 140
Alpha wolf:  Wolf 0 (73660). Fitness: 0
	(30.948044064374972, 223.8106329013714, 0.0). Region: 0
	(59.21087845044099, 230.66701562678705, 0.0). Region: 0
	(53.730869017841464, 6.031581991366799, 0.0). Region: 0
iter = 150
Alpha wolf:  Wolf 0 (73660). Fitness: 0
	(23.356403298089862, 208.18699149881778, 0.0). Region: 0
	(60.211791003826626, 178.04331227956413, 0.0). Region: 0
	(65.53076032082784, 4.704389898417468, 0.0). Region: 0
iter = 160
Alpha wolf:  Wolf 0 (73660). Fitness: 0
	(24.76794117393654, 179.29161743463334, 0.0). Region: 0
	(68.91772884870137, 156.92383204883856, 0.0). Region: 0
	(68.99430854532335, 6.965268569031932, 0.0). Region: 0
iter = 170
Alpha wolf:  Wolf 0 (73660). Fitness: 0
	(26.010377372006648, 180.9808623123945, 0.0). Region: 0
	(61.10016233832338, 175.91766847357826, 0.0). Region: 0
	(71.13156002837151, 5.592350755183356, 0.0). Region: 0
iter = 180
Alpha wolf:  Wolf 0 (73660). Fitness: 0
	(27.269473064118678, 162.4709630570055, 0.0). Region: 0
	(58.01656316439184, 183.01065784754582, 0.0). Region: 0
	(64.91033378359161, 5.659903319756417, 0.0). Region: 0
iter = 190
Alpha wolf:  Wolf 0 (73660). Fitness: 0
	(24.92103077100977, 168.96855453785116, 0.0). Region: 0
	(61.58688827317344, 180.18462411406563, 0.0). Region: 0
	(60.31275526337766, 5.74500886387457, 0.0). Region: 0

Run GWO to deployment +4 antenna on the map
	Pack size:  300
	Wolf dimension 4
	Max iter 200
	antennas_regions:  [13 37]
	users_regions:  [ 5 12 13 20 22 23 24 25 26 28 33 37 39 40 41 43 45 46 49 57 60 61 67 69
 74 75 76 77 80 82 83 84 88 93]
	Seed_base:  61453
initial_alpha:  Wolf 0 (61453). Fitness: 0
	(1852.3483849552513, 503.97538968481206, 0). Region: 14
	(1160.5111399070167, 3448.6277576718203, 0). Region: 82
	(720.8748036440169, 679.7083897602389, 0). Region: 11
	(3239.5791756007784, 3258.882712843458, 0). Region: 88
initial_beta:  Wolf 1 (61454). Fitness: 0
	(3764.1769177359, 2117.153102437683, 0). Region: 59
	(998.6795287538066, 464.27383502426346, 0). Region: 12
	(3493.180178028287, 3021.4865390850546, 0). Region: 78
	(2968.623914627597, 1092.4378318427302, 0). Region: 27
initial_delta:  Wolf 2 (61455). Fitness: 0
	(2972.192630844514, 3406.325761636947, 0). Region: 87
	(592.3476048230833, 2520.5255990924766, 0). Region: 61
	(2135.6446763874987, 2047.9544613054163, 0). Region: 55
	(1204.6711878903823, 2579.5684873707755, 0). Region: 63 

iter = 10
Alpha wolf:  Wolf 0 (61453). Fitness: 0
	(3423.2233182586974, 625.9173870608577, 0.0). Region: 18
	(1848.8198784099034, 1160.7844973049225, 0.0). Region: 24
	(1811.4018032941285, 707.0189643025305, 0.0). Region: 14
	(2060.9710731818177, 370.9113527288883, 0.0). Region: 5
iter = 20
Alpha wolf:  Wolf 0 (61453). Fitness: 0
	(2349.434934081141, 1013.4848166152487, 0.0). Region: 25
	(24.876711190046837, 1797.1053368344797, 0.0). Region: 40
	(638.9775906343775, 1421.2124508788265, 0.0). Region: 31
	(2205.164659413901, 48.77032378763116, 0.0). Region: 5
iter = 30
Alpha wolf:  Wolf 0 (61453). Fitness: 0
	(275.6013544571166, 551.0763228237339, 0.0). Region: 10
	(875.4024285009897, 2873.4479914406493, 0.0). Region: 72
	(120.40320392732735, 3707.02846027134, 0.0). Region: 90
	(3394.438549000185, 65.12725633877807, 0.0). Region: 8
iter = 40
Alpha wolf:  Wolf 0 (61453). Fitness: 0
	(2897.150266446412, 389.80791586235387, 0.0). Region: 7
	(365.90306227716616, 1796.7416305467655, 0.0). Region: 40
	(40.45177975842631, 116.89117559338695, 0.0). Region: 0
	(1141.4080205093087, 79.64420983743327, 0.0). Region: 2
iter = 50
Alpha wolf:  Wolf 0 (61453). Fitness: 0
	(1704.7716379058768, 24.267053529064587, 0.0). Region: 4
	(341.0535223771275, 2617.599617017846, 0.0). Region: 60
	(18.720670915544368, 910.432047600914, 0.0). Region: 20
	(1689.1349261538192, 24.195360427146557, 0.0). Region: 4
iter = 60
Alpha wolf:  Wolf 0 (61453). Fitness: 0
	(682.2625013232034, 99.79582523302288, 0.0). Region: 1
	(156.1744273650857, 1964.19390643066, 0.0). Region: 40
	(15.054184683599733, 226.04958415856186, 0.0). Region: 0
	(850.3292527586909, 192.08661210012832, 0.0). Region: 2
iter = 70
Alpha wolf:  Wolf 0 (61453). Fitness: 0
	(176.5070494314108, 210.86848469799978, 0.0). Region: 0
	(60.491626972928174, 1645.5480820279301, 0.0). Region: 40
	(30.25444771329609, 198.6856326286468, 0.0). Region: 0
	(552.1854811497758, 78.35977030739119, 0.0). Region: 1
iter = 80
Alpha wolf:  Wolf 0 (61453). Fitness: 0
	(420.7468415383546, 186.94962374771993, 0.0). Region: 1
	(51.87224546721911, 776.4652056787887, 0.0). Region: 10
	(38.69329786816249, 299.3593482925444, 0.0). Region: 0
	(187.3579766053989, 66.97408359308704, 0.0). Region: 0
iter = 90
Alpha wolf:  Wolf 0 (61453). Fitness: 0
	(353.4229888829973, 77.1554333194912, 0.0). Region: 0
	(28.858341139043183, 1669.1693519647954, 0.0). Region: 40
	(34.34082364186156, 352.69323554738196, 0.0). Region: 0
	(167.78392322770873, 14.29508605899953, 0.0). Region: 0
iter = 100
Alpha wolf:  Wolf 0 (61453). Fitness: 0
	(269.56621721909727, 76.61833917837573, 0.0). Region: 0
	(52.193683881119355, 763.7528959895636, 0.0). Region: 10
	(22.5968716934087, 210.24199916475337, 0.0). Region: 0
	(144.7808006003843, 16.83023930372196, 0.0). Region: 0
iter = 110
Alpha wolf:  Wolf 0 (61453). Fitness: 0
	(211.10011763239464, 58.02790931901136, 0.0). Region: 0
	(111.2769883615313, 1975.1438233826634, 0.0). Region: 40
	(16.548232355846025, 119.63602754381351, 0.0). Region: 0
	(87.60695621994785, 29.27467772286245, 0.0). Region: 0
iter = 120
Alpha wolf:  Wolf 0 (61453). Fitness: 0
	(198.13650948745527, 71.19868574552625, 0.0). Region: 0
	(70.54871344339827, 2423.2533287197934, 0.0). Region: 60
	(17.402242511181534, 75.80099221550532, 0.0). Region: 0
	(133.90286890197078, 27.899592476921413, 0.0). Region: 0
iter = 130
Alpha wolf:  Wolf 0 (61453). Fitness: 0
	(296.45032801576747, 55.8727961721591, 0.0). Region: 0
	(51.09359997868522, 2494.383991073576, 0.0). Region: 60
	(11.907251413134492, 52.55771883638137, 0.0). Region: 0
	(164.1112757372369, 18.450257335372562, 0.0). Region: 0
iter = 140
Alpha wolf:  Wolf 0 (61453). Fitness: 0
	(199.56294759746095, 43.736995575122734, 0.0). Region: 0
	(31.643968970200774, 2150.2915618939332, 0.0). Region: 50
	(8.916593505844443, 64.37752329905558, 0.0). Region: 0
	(115.02110763250728, 13.904970468158298, 0.0). Region: 0
iter = 150
Alpha wolf:  Wolf 0 (61453). Fitness: 0
	(238.1417393116845, 34.63617949322615, 0.0). Region: 0
	(40.21012447126192, 2036.5779040721068, 0.0). Region: 50
	(6.900225677498652, 76.69468002590558, 0.0). Region: 0
	(88.49253106552544, 18.256990060161215, 0.0). Region: 0
iter = 160
Alpha wolf:  Wolf 0 (61453). Fitness: 0
	(245.27900027274723, 35.84625418851226, 0.0). Region: 0
	(32.31277908544974, 2383.430330736331, 0.0). Region: 50
	(7.063302352530025, 64.00113047108056, 0.0). Region: 0
	(80.861965746561, 21.57536045755255, 0.0). Region: 0
iter = 170
Alpha wolf:  Wolf 0 (61453). Fitness: 0
	(209.2819933358656, 43.669874784157045, 0.0). Region: 0
	(30.206649524267306, 2574.339335058089, 0.0). Region: 60
	(8.293144653754393, 53.31472144811515, 0.0). Region: 0
	(78.28726611719418, 19.663553776119507, 0.0). Region: 0
iter = 180
Alpha wolf:  Wolf 0 (61453). Fitness: 0
	(217.03133187681954, 47.87851891986773, 0.0). Region: 0
	(27.70293859887385, 2909.70922491088, 0.0). Region: 70
	(9.16795051268415, 48.0792386538102, 0.0). Region: 0
	(75.91866023149004, 19.48839033866124, 0.0). Region: 0
iter = 190
Alpha wolf:  Wolf 0 (61453). Fitness: 0
	(207.02813806931263, 45.50871422816813, 0.0). Region: 0
	(26.920428296856564, 3028.9015493071065, 0.0). Region: 70
	(8.606104512762167, 43.79695881256917, 0.0). Region: 0
	(83.16859800118439, 19.960095685529346, 0.0). Region: 0

Run GWO to deployment +5 antenna on the map
	Pack size:  300
	Wolf dimension 5
	Max iter 200
	antennas_regions:  [13 37]
	users_regions:  [ 5 12 13 20 22 23 24 25 26 28 33 37 39 40 41 43 45 46 49 57 60 61 67 69
 74 75 76 77 80 82 83 84 88 93]
	Seed_base:  31941
initial_alpha:  Wolf 0 (31941). Fitness: 0
	(37.65370575080196, 1829.3729487275057, 0). Region: 40
	(1501.4266119196816, 3032.279277003898, 0). Region: 73
	(3560.212412389552, 2043.7557567067377, 0). Region: 58
	(434.63137935928665, 1982.3131233268252, 0). Region: 41
	(2490.033809125649, 3139.454293534779, 0). Region: 76
initial_beta:  Wolf 1 (31942). Fitness: 0
	(98.55176398755772, 2363.9834745946455, 0). Region: 50
	(3756.6577714805867, 953.4245285935627, 0). Region: 29
	(3572.5095464104606, 2631.15846443488, 0). Region: 68
	(1632.9151250823024, 647.5284464743268, 0). Region: 14
	(2445.263398067809, 1277.5820549077644, 0). Region: 36
initial_delta:  Wolf 2 (31943). Fitness: 0
	(3187.2170519495, 3346.2943089483406, 0). Region: 87
	(1177.5002804250457, 1453.2983771288964, 0). Region: 32
	(837.1643927405547, 1388.373360512209, 0). Region: 32
	(961.9081431598637, 977.7509783399787, 0). Region: 22
	(2787.1009656475107, 342.32805545547683, 0). Region: 6 

iter = 10
Alpha wolf:  Wolf 0 (31941). Fitness: 0
	(1100.9659429202345, 2664.6329377048787, 0.0). Region: 62
	(1395.359166022364, 2867.5619139207756, 0.0). Region: 73
	(284.30257663346197, 647.3665917652718, 0.0). Region: 10
	(252.60107148760727, 1061.467396521642, 0.0). Region: 20
	(1551.4128023804515, 556.7210158678528, 0.0). Region: 13
iter = 20
Alpha wolf:  Wolf 0 (31941). Fitness: 0
	(203.14436884155535, 230.9921121774552, 0.0). Region: 0
	(239.38427962633378, 2287.2959184602337, 0.0). Region: 50
	(491.3063730254906, 195.878576540002, 0.0). Region: 1
	(483.5605223285804, 744.397370450893, 0.0). Region: 11
	(37.497700054069504, 287.6541008688974, 0.0). Region: 0
iter = 30
Alpha wolf:  Wolf 0 (31941). Fitness: 0
	(390.2705842883439, 1771.2962187818423, 0.0). Region: 40
	(187.60336819348075, 374.04092131226554, 0.0). Region: 0
	(152.57460348027217, 29.331780681888368, 0.0). Region: 0
	(561.9349410244916, 114.94097995358871, 0.0). Region: 1
	(385.0411559734914, 466.8837274200057, 0.0). Region: 10
iter = 40
Alpha wolf:  Wolf 0 (31941). Fitness: 0
	(701.9236364759963, 48.559174817766234, 0.0). Region: 1
	(33.931645405908775, 338.24988801318614, 0.0). Region: 0
	(1644.661064549301, 30.475555559558842, 0.0). Region: 4
	(290.28686657087854, 171.91658143846553, 0.0). Region: 0
	(2047.1649769018572, 165.31552086931163, 0.0). Region: 5
iter = 50
Alpha wolf:  Wolf 0 (31941). Fitness: 0
	(1123.2483996242158, 73.10924211735876, 0.0). Region: 2
	(30.620142532187515, 430.25776281317576, 0.0). Region: 10
	(238.82084494155038, 49.28219215585999, 0.0). Region: 0
	(266.35423269715716, 175.57520857393231, 0.0). Region: 0
	(3529.9788288939476, 308.9978438792438, 0.0). Region: 8
iter = 60
Alpha wolf:  Wolf 0 (31941). Fitness: 0
	(1134.1423641987762, 28.86137633606302, 0.0). Region: 2
	(19.063142540141502, 475.7350699292618, 0.0). Region: 10
	(175.79246570094352, 36.007926496524476, 0.0). Region: 0
	(225.14271264175446, 126.68850292401183, 0.0). Region: 0
	(1087.7420080550955, 236.3992412199733, 0.0). Region: 2
iter = 70
Alpha wolf:  Wolf 0 (31941). Fitness: 0
	(1235.2029721163558, 1.3185987665879153, 0.0). Region: 3
	(37.01450626505617, 962.2758238030374, 0.0). Region: 20
	(153.29937168782757, 52.37835419681467, 0.0). Region: 0
	(338.44163767149496, 31.237682926798712, 0.0). Region: 0
	(626.1722789135703, 133.28648936123923, 0.0). Region: 1
iter = 80
Alpha wolf:  Wolf 0 (31941). Fitness: 0
	(2223.7417152281832, 2.5715072032844284, 0.0). Region: 5
	(28.632219113318133, 476.64833824448397, 0.0). Region: 10
	(102.15731325833406, 35.128200688732875, 0.0). Region: 0
	(258.4214146234551, 41.426879453389226, 0.0). Region: 0
	(418.33368733555426, 307.217514311963, 0.0). Region: 1
iter = 90
Alpha wolf:  Wolf 0 (31941). Fitness: 0
	(2678.433534020387, 5.280434975876639, 0.0). Region: 6
	(24.819775137596498, 283.8846386765837, 0.0). Region: 0
	(74.18762703646536, 97.15463417347866, 0.0). Region: 0
	(199.6023110911113, 53.950105602355826, 0.0). Region: 0
	(1021.5610544896308, 162.19306267047114, 0.0). Region: 2
iter = 100
Alpha wolf:  Wolf 0 (31941). Fitness: 0
	(3186.1606169313736, 3.795268464993301, 0.0). Region: 7
	(49.68536753446821, 264.523212424373, 0.0). Region: 0
	(30.55950715271863, 61.175960506009154, 0.0). Region: 0
	(174.46502846843578, 54.757737213315586, 0.0). Region: 0
	(429.2583868345788, 145.64403753268672, 0.0). Region: 1
iter = 110
Alpha wolf:  Wolf 0 (31941). Fitness: 0
	(2659.0450520772683, 2.8761848716441443, 0.0). Region: 6
	(37.672346457503444, 312.0133747888348, 0.0). Region: 0
	(33.15115255742662, 52.85682663289862, 0.0). Region: 0
	(166.43205225178542, 39.50656822045299, 0.0). Region: 0
	(574.1649232543557, 120.72590245063732, 0.0). Region: 1
iter = 120
Alpha wolf:  Wolf 0 (31941). Fitness: 0
	(2688.3464034428325, 5.4761454870641995, 0.0). Region: 6
	(19.37924711708745, 270.1084249654346, 0.0). Region: 0
	(35.541866623457985, 36.960399955997275, 0.0). Region: 0
	(164.02173095924746, 32.697402522631705, 0.0). Region: 0
	(353.55968220143865, 52.67827475126692, 0.0). Region: 0
iter = 130
Alpha wolf:  Wolf 0 (31941). Fitness: 0
	(2313.1542855618145, 4.153709670382609, 0.0). Region: 5
	(28.803997559382587, 233.31212573135787, 0.0). Region: 0
	(46.0523928988807, 22.85440465750638, 0.0). Region: 0
	(246.1083092733494, 31.83754237861868, 0.0). Region: 0
	(388.3277237591502, 70.53525976662371, 0.0). Region: 0
iter = 140
Alpha wolf:  Wolf 0 (31941). Fitness: 0
	(2070.667131394939, 3.639112355299085, 0.0). Region: 5
	(27.272712083194925, 262.9717663533463, 0.0). Region: 0
	(68.6189100672689, 29.997599045668956, 0.0). Region: 0
	(206.87517802035018, 31.059436800415288, 0.0). Region: 0
	(364.99153755995883, 68.77326815738499, 0.0). Region: 0
iter = 150
Alpha wolf:  Wolf 0 (31941). Fitness: 0
	(2255.202549768725, 5.295218349321258, 0.0). Region: 5
	(29.539505080096262, 193.23011628572885, 0.0). Region: 0
	(72.3857370257357, 29.648565462808648, 0.0). Region: 0
	(248.85656643977887, 19.37403782763515, 0.0). Region: 0
	(424.60751512461184, 55.259783805248006, 0.0). Region: 1
iter = 160
Alpha wolf:  Wolf 0 (31941). Fitness: 0
	(2476.262518136199, 5.291582214138534, 0.0). Region: 6
	(30.663450795145913, 271.9000242480284, 0.0). Region: 0
	(86.9126966004122, 29.82412177467996, 0.0). Region: 0
	(383.8382959408107, 22.972410863576233, 0.0). Region: 0
	(442.45507591030724, 40.11896398342598, 0.0). Region: 1
iter = 170
Alpha wolf:  Wolf 0 (31941). Fitness: 0
	(2883.254117617171, 5.698754123555595, 0.0). Region: 7
	(36.50943052441321, 249.28189210583415, 0.0). Region: 0
	(96.28606479215313, 38.37440628703552, 0.0). Region: 0
	(295.9019602250951, 20.61000461348451, 0.0). Region: 0
	(605.8915067867398, 37.82250495254239, 0.0). Region: 1
iter = 180
Alpha wolf:  Wolf 0 (31941). Fitness: 0
	(2487.739367839141, 5.4043867941812325, 0.0). Region: 6
	(36.783069279593015, 257.85442839358836, 0.0). Region: 0
	(78.65227354460166, 33.80052379518729, 0.0). Region: 0
	(325.77062269030654, 25.286765037658974, 0.0). Region: 0
	(627.4062664253581, 41.13737968572124, 0.0). Region: 1
iter = 190
Alpha wolf:  Wolf 0 (31941). Fitness: 0
	(2962.943230763927, 5.54105823417346, 0.0). Region: 7
	(37.43978961163893, 230.98410395522046, 0.0). Region: 0
	(77.61651870247722, 32.5537794998678, 0.0). Region: 0
	(306.0420923690402, 26.513688870168, 0.0). Region: 0
	(623.3502886999258, 41.078784327491555, 0.0). Region: 1

Run GWO to deployment +6 antenna on the map
	Pack size:  300
	Wolf dimension 6
	Max iter 200
	antennas_regions:  [13 37]
	users_regions:  [ 5 12 13 20 22 23 24 25 26 28 33 37 39 40 41 43 45 46 49 57 60 61 67 69
 74 75 76 77 80 82 83 84 88 93]
	Seed_base:  5495
initial_alpha:  Wolf 0 (5495). Fitness: 0
	(359.19107984055955, 3362.633172760556, 0). Region: 80
	(1723.2100565481487, 1885.5957550556836, 0). Region: 44
	(1780.3044891893735, 1041.1791797706442, 0). Region: 24
	(1384.396260927554, 861.5377556696604, 0). Region: 23
	(3580.536280533369, 1240.669351194784, 0). Region: 38
	(3869.9469558928668, 1547.4039626497795, 0). Region: 39
initial_beta:  Wolf 1 (5496). Fitness: 0
	(1084.5661505816374, 1733.274963095354, 0). Region: 42
	(116.50338996189724, 509.7388535505347, 0). Region: 10
	(2833.495849503944, 970.1886190470748, 0). Region: 27
	(2562.4065091479065, 2461.4270940252627, 0). Region: 66
	(3059.4129962406846, 177.1568724143808, 0). Region: 7
	(3580.04196703795, 1897.2944708910497, 0). Region: 48
initial_delta:  Wolf 2 (5497). Fitness: 0
	(2409.209682202739, 3999.168327951439, 0). Region: 96
	(1077.4918329950647, 2328.47496686811, 0). Region: 52
	(3932.3978275581776, 1828.3572575322223, 0). Region: 49
	(1680.0115377175903, 1559.666040404319, 0). Region: 34
	(378.2279830581228, 2401.398008437442, 0). Region: 60
	(115.07483584679478, 2455.8167333349106, 0). Region: 60 

The alpha wolf has been updated to a position with higher fitness. iter = 6
New alpha wolf:  Wolf 150 (5645). Fitness: 0.86
	(2158.572499632988, 1816.0167518578994, 0.0). Region: 45
	(2209.0201499536042, 2765.3257409413054, 0.0). Region: 65
	(3605.901019664896, 2782.135559984929, 0.0). Region: 69
	(575.9338212487834, 1078.6800172457636, 0.0). Region: 21
	(1240.7351099909113, 3278.807722163065, 0.0). Region: 83
	(1481.272541520295, 2161.7901390268335, 0.0). Region: 53
The alpha wolf has been updated to a position with higher fitness. iter = 8
New alpha wolf:  Wolf 179 (5674). Fitness: 0.94
	(1917.877550773553, 653.864185086382, 0.0). Region: 14
	(3162.596233791214, 2434.365678058143, 0.0). Region: 67
	(3545.4148364970933, 17.393852086480024, 0.0). Region: 8
	(588.8721887223942, 467.09672410045926, 0.0). Region: 11
	(616.456723256035, 3949.772936330178, 0.0). Region: 91
	(781.5653056518637, 2727.223378139992, 0.0). Region: 61
iter = 10
Alpha wolf:  Wolf 179 (5674). Fitness: 0.94
	(1917.877550773553, 653.864185086382, 0.0). Region: 14
	(3162.596233791214, 2434.365678058143, 0.0). Region: 67
	(3545.4148364970933, 17.393852086480024, 0.0). Region: 8
	(588.8721887223942, 467.09672410045926, 0.0). Region: 11
	(616.456723256035, 3949.772936330178, 0.0). Region: 91
	(781.5653056518637, 2727.223378139992, 0.0). Region: 61
iter = 20
Alpha wolf:  Wolf 179 (5674). Fitness: 0.94
	(1917.877550773553, 653.864185086382, 0.0). Region: 14
	(3162.596233791214, 2434.365678058143, 0.0). Region: 67
	(3545.4148364970933, 17.393852086480024, 0.0). Region: 8
	(588.8721887223942, 467.09672410045926, 0.0). Region: 11
	(616.456723256035, 3949.772936330178, 0.0). Region: 91
	(781.5653056518637, 2727.223378139992, 0.0). Region: 61
iter = 30
Alpha wolf:  Wolf 179 (5674). Fitness: 0.94
	(1917.877550773553, 653.864185086382, 0.0). Region: 14
	(3162.596233791214, 2434.365678058143, 0.0). Region: 67
	(3545.4148364970933, 17.393852086480024, 0.0). Region: 8
	(588.8721887223942, 467.09672410045926, 0.0). Region: 11
	(616.456723256035, 3949.772936330178, 0.0). Region: 91
	(781.5653056518637, 2727.223378139992, 0.0). Region: 61
iter = 40
Alpha wolf:  Wolf 179 (5674). Fitness: 0.94
	(1917.877550773553, 653.864185086382, 0.0). Region: 14
	(3162.596233791214, 2434.365678058143, 0.0). Region: 67
	(3545.4148364970933, 17.393852086480024, 0.0). Region: 8
	(588.8721887223942, 467.09672410045926, 0.0). Region: 11
	(616.456723256035, 3949.772936330178, 0.0). Region: 91
	(781.5653056518637, 2727.223378139992, 0.0). Region: 61
iter = 50
Alpha wolf:  Wolf 179 (5674). Fitness: 0.94
	(1917.877550773553, 653.864185086382, 0.0). Region: 14
	(3162.596233791214, 2434.365678058143, 0.0). Region: 67
	(3545.4148364970933, 17.393852086480024, 0.0). Region: 8
	(588.8721887223942, 467.09672410045926, 0.0). Region: 11
	(616.456723256035, 3949.772936330178, 0.0). Region: 91
	(781.5653056518637, 2727.223378139992, 0.0). Region: 61
The alpha wolf has been updated to a position with higher fitness. iter = 57
New alpha wolf:  Wolf 247 (5742). Fitness: 0.95
	(867.2699988490141, 2179.6859534486593, 0.0). Region: 52
	(2669.644061724221, 3010.0527949366115, 0.0). Region: 76
	(3221.9774345696105, 83.4503903320078, 0.0). Region: 8
	(242.71161603710726, 798.4879151241481, 0.0). Region: 10
	(2245.1728306566342, 2210.1029086807143, 0.0). Region: 55
	(607.0385525548437, 3268.601363943667, 0.0). Region: 81
iter = 60
Alpha wolf:  Wolf 247 (5742). Fitness: 0.95
	(867.2699988490141, 2179.6859534486593, 0.0). Region: 52
	(2669.644061724221, 3010.0527949366115, 0.0). Region: 76
	(3221.9774345696105, 83.4503903320078, 0.0). Region: 8
	(242.71161603710726, 798.4879151241481, 0.0). Region: 10
	(2245.1728306566342, 2210.1029086807143, 0.0). Region: 55
	(607.0385525548437, 3268.601363943667, 0.0). Region: 81
iter = 70
Alpha wolf:  Wolf 247 (5742). Fitness: 0.95
	(867.2699988490141, 2179.6859534486593, 0.0). Region: 52
	(2669.644061724221, 3010.0527949366115, 0.0). Region: 76
	(3221.9774345696105, 83.4503903320078, 0.0). Region: 8
	(242.71161603710726, 798.4879151241481, 0.0). Region: 10
	(2245.1728306566342, 2210.1029086807143, 0.0). Region: 55
	(607.0385525548437, 3268.601363943667, 0.0). Region: 81
The alpha wolf has been updated to a position with higher fitness. iter = 79
New alpha wolf:  Wolf 120 (5615). Fitness: 0.96
	(1254.2322849122766, 2590.5695256080503, 0.0). Region: 63
	(3874.1092996859516, 3445.7674607382005, 0.0). Region: 89
	(3292.0208233896856, 113.1976474213908, 0.0). Region: 8
	(162.84921222254437, 793.4973070672814, 0.0). Region: 10
	(1987.0418589101173, 3325.9019210611714, 0.0). Region: 84
	(610.4329585453804, 3243.372871418699, 0.0). Region: 81
iter = 80
Alpha wolf:  Wolf 120 (5615). Fitness: 0.96
	(1254.2322849122766, 2590.5695256080503, 0.0). Region: 63
	(3874.1092996859516, 3445.7674607382005, 0.0). Region: 89
	(3292.0208233896856, 113.1976474213908, 0.0). Region: 8
	(162.84921222254437, 793.4973070672814, 0.0). Region: 10
	(1987.0418589101173, 3325.9019210611714, 0.0). Region: 84
	(610.4329585453804, 3243.372871418699, 0.0). Region: 81
iter = 90
Alpha wolf:  Wolf 120 (5615). Fitness: 0.96
	(1254.2322849122766, 2590.5695256080503, 0.0). Region: 63
	(3874.1092996859516, 3445.7674607382005, 0.0). Region: 89
	(3292.0208233896856, 113.1976474213908, 0.0). Region: 8
	(162.84921222254437, 793.4973070672814, 0.0). Region: 10
	(1987.0418589101173, 3325.9019210611714, 0.0). Region: 84
	(610.4329585453804, 3243.372871418699, 0.0). Region: 81
The alpha wolf has been updated to a position with higher fitness. iter = 91
New alpha wolf:  Wolf 269 (5764). Fitness: 0.97
	(1163.9242011515216, 1681.8518893067821, 0.0). Region: 42
	(2869.333504606333, 2700.340054636996, 0.0). Region: 67
	(3523.5683828656847, 99.16763680113101, 0.0). Region: 8
	(266.6641049306818, 667.3854067713087, 0.0). Region: 10
	(1819.9193344998123, 3296.721392562328, 0.0). Region: 84
	(570.6337802209642, 3541.9108698307487, 0.0). Region: 81
iter = 100
Alpha wolf:  Wolf 269 (5764). Fitness: 0.97
	(1163.9242011515216, 1681.8518893067821, 0.0). Region: 42
	(2869.333504606333, 2700.340054636996, 0.0). Region: 67
	(3523.5683828656847, 99.16763680113101, 0.0). Region: 8
	(266.6641049306818, 667.3854067713087, 0.0). Region: 10
	(1819.9193344998123, 3296.721392562328, 0.0). Region: 84
	(570.6337802209642, 3541.9108698307487, 0.0). Region: 81
The alpha wolf has been updated to a position with higher fitness. iter = 106
New alpha wolf:  Wolf 250 (5745). Fitness: 0.98
	(1158.1292478398686, 2051.365985228205, 0.0). Region: 52
	(2941.2954387102386, 2823.387306021889, 0.0). Region: 77
	(3204.5809159770415, 72.4804530876681, 0.0). Region: 8
	(134.43505025182793, 659.4462795285164, 0.0). Region: 10
	(1662.2778770544512, 3442.4740746697216, 0.0). Region: 84
	(475.1473652681323, 3492.009203715934, 0.0). Region: 81
iter = 110
Alpha wolf:  Wolf 250 (5745). Fitness: 0.98
	(1158.1292478398686, 2051.365985228205, 0.0). Region: 52
	(2941.2954387102386, 2823.387306021889, 0.0). Region: 77
	(3204.5809159770415, 72.4804530876681, 0.0). Region: 8
	(134.43505025182793, 659.4462795285164, 0.0). Region: 10
	(1662.2778770544512, 3442.4740746697216, 0.0). Region: 84
	(475.1473652681323, 3492.009203715934, 0.0). Region: 81
The alpha wolf has been updated to a position with higher fitness. iter = 110
New alpha wolf:  Wolf 169 (5664). Fitness: 0.99
	(906.5867148804392, 2132.3675182106135, 0.0). Region: 52
	(3385.920942257552, 2974.1909642068213, 0.0). Region: 78
	(3337.929813768628, 49.596566678240045, 0.0). Region: 8
	(144.93362106807228, 603.6774957926852, 0.0). Region: 10
	(1907.2456990822184, 3502.4640862652905, 0.0). Region: 84
	(428.1065111400968, 3483.0616793047166, 0.0). Region: 81
iter = 120
Alpha wolf:  Wolf 169 (5664). Fitness: 0.99
	(906.5867148804392, 2132.3675182106135, 0.0). Region: 52
	(3385.920942257552, 2974.1909642068213, 0.0). Region: 78
	(3337.929813768628, 49.596566678240045, 0.0). Region: 8
	(144.93362106807228, 603.6774957926852, 0.0). Region: 10
	(1907.2456990822184, 3502.4640862652905, 0.0). Region: 84
	(428.1065111400968, 3483.0616793047166, 0.0). Region: 81
iter = 130
Alpha wolf:  Wolf 169 (5664). Fitness: 0.99
	(906.5867148804392, 2132.3675182106135, 0.0). Region: 52
	(3385.920942257552, 2974.1909642068213, 0.0). Region: 78
	(3337.929813768628, 49.596566678240045, 0.0). Region: 8
	(144.93362106807228, 603.6774957926852, 0.0). Region: 10
	(1907.2456990822184, 3502.4640862652905, 0.0). Region: 84
	(428.1065111400968, 3483.0616793047166, 0.0). Region: 81
iter = 140
Alpha wolf:  Wolf 169 (5664). Fitness: 0.99
	(906.5867148804392, 2132.3675182106135, 0.0). Region: 52
	(3385.920942257552, 2974.1909642068213, 0.0). Region: 78
	(3337.929813768628, 49.596566678240045, 0.0). Region: 8
	(144.93362106807228, 603.6774957926852, 0.0). Region: 10
	(1907.2456990822184, 3502.4640862652905, 0.0). Region: 84
	(428.1065111400968, 3483.0616793047166, 0.0). Region: 81
iter = 150
Alpha wolf:  Wolf 169 (5664). Fitness: 0.99
	(906.5867148804392, 2132.3675182106135, 0.0). Region: 52
	(3385.920942257552, 2974.1909642068213, 0.0). Region: 78
	(3337.929813768628, 49.596566678240045, 0.0). Region: 8
	(144.93362106807228, 603.6774957926852, 0.0). Region: 10
	(1907.2456990822184, 3502.4640862652905, 0.0). Region: 84
	(428.1065111400968, 3483.0616793047166, 0.0). Region: 81
iter = 160
Alpha wolf:  Wolf 169 (5664). Fitness: 0.99
	(906.5867148804392, 2132.3675182106135, 0.0). Region: 52
	(3385.920942257552, 2974.1909642068213, 0.0). Region: 78
	(3337.929813768628, 49.596566678240045, 0.0). Region: 8
	(144.93362106807228, 603.6774957926852, 0.0). Region: 10
	(1907.2456990822184, 3502.4640862652905, 0.0). Region: 84
	(428.1065111400968, 3483.0616793047166, 0.0). Region: 81
iter = 170
Alpha wolf:  Wolf 169 (5664). Fitness: 0.99
	(938.2094492220906, 2233.504923436559, 0.0). Region: 52
	(3375.233849316812, 2940.4566844699093, 0.0). Region: 78
	(3350.188609877949, 56.41763225635448, 0.0). Region: 8
	(179.73888982832165, 600.9490364977195, 0.0). Region: 10
	(1983.7920967425252, 3408.075904179079, 0.0). Region: 84
	(447.2294976655403, 3436.89455663601, 0.0). Region: 81
iter = 180
Alpha wolf:  Wolf 169 (5664). Fitness: 0.99
	(901.2155250240422, 2376.7772591830253, 0.0). Region: 52
	(3423.8441814929447, 2848.3377205605434, 0.0). Region: 78
	(3509.3826261379145, 55.09055235092325, 0.0). Region: 8
	(168.4947269253591, 621.203140810039, 0.0). Region: 10
	(1929.99652189869, 3317.336589810408, 0.0). Region: 84
	(473.74673224873425, 3538.4808187089166, 0.0). Region: 81
iter = 190
Alpha wolf:  Wolf 169 (5664). Fitness: 0.99
	(931.5075127362634, 2292.1975678869735, 0.0). Region: 52
	(3387.8504137329373, 3074.9779439287386, 0.0). Region: 78
	(3497.2999035728926, 55.97359358005433, 0.0). Region: 8
	(169.42731264328307, 648.7516718987972, 0.0). Region: 10
	(1966.0384261043732, 3363.533416961448, 0.0). Region: 84
	(527.792203145762, 3504.7644985913885, 0.0). Region: 81

- Finishing GWO - 

Best solution:  Wolf 169 (5664). Fitness: 0.99
	(957.116223109319, 2321.919291088021, 0.0). Region: 52
	(3376.61167260023, 3165.121801783139, 0.0). Region: 78
	(3529.6459264224504, 56.73167882725221, 0.0). Region: 8
	(173.10208219273431, 620.2026797277604, 0.0). Region: 10
	(1927.3784473656417, 3354.5220349582505, 0.0). Region: 84
	(520.7894422007837, 3325.5769063001285, 0.0). Region: 81
Antennas in slice 1:  [ 8 10 13 37 52 78 81 84]

Slice  2
The set of antennas serves the scenario in the respective slice.

Slice  3

Run GWO to deployment +1 antenna on the map
	Pack size:  300
	Wolf dimension 1
	Max iter 200
	antennas_regions:  [ 8 10 13 37 52 78 81 84]
	users_regions:  [ 0  1  2  4  7  9 10 12 13 14 16 18 19 20 22 23 27 30 32 34 35 36 37 39
 40 41 42 44 45 47 48 49 50 51 52 53 57 58 59 60 61 62 64 65 69 70 71 74
 75 78 79 80 81 82 83 85 87 88 89 90 92 94 96 98 99]
	Seed_base:  31021
initial_alpha:  Wolf 5 (31026). Fitness: 1.0
	(3830.3996529294873, 2800.0182622468874, 0). Region: 79
initial_beta:  Wolf 6 (31027). Fitness: 1.0
	(3661.1185949839187, 2933.2322598041897, 0). Region: 79
initial_delta:  Wolf 7 (31028). Fitness: 1.0
	(2896.5311393731636, 1666.8531262698712, 0). Region: 47 

iter = 10
Alpha wolf:  Wolf 5 (31026). Fitness: 1.0
	(3706.619414581124, 2660.000941449379, 0.0). Region: 69
iter = 20
Alpha wolf:  Wolf 5 (31026). Fitness: 1.0
	(3734.6901066663604, 1958.8295140478451, 0.0). Region: 49
iter = 30
Alpha wolf:  Wolf 5 (31026). Fitness: 1.0
	(3734.057620895821, 2474.9773452645204, 0.0). Region: 69
iter = 40
Alpha wolf:  Wolf 5 (31026). Fitness: 1.0
	(3230.4907666091894, 2723.7972659315587, 0.0). Region: 68
iter = 50
Alpha wolf:  Wolf 5 (31026). Fitness: 1.0
	(3909.801039515362, 2806.2136715070783, 0.0). Region: 79
iter = 60
Alpha wolf:  Wolf 5 (31026). Fitness: 1.0
	(2853.0390300944155, 3319.9469482135505, 0.0). Region: 87
iter = 70
Alpha wolf:  Wolf 5 (31026). Fitness: 1.0
	(3717.5403571613533, 3159.6317757807574, 0.0). Region: 79
iter = 80
Alpha wolf:  Wolf 5 (31026). Fitness: 1.0
	(3234.9202438582442, 1885.9954465324238, 0.0). Region: 48
iter = 90
Alpha wolf:  Wolf 5 (31026). Fitness: 1.0
	(3629.5871138883836, 2314.058793458319, 0.0). Region: 59
iter = 100
Alpha wolf:  Wolf 5 (31026). Fitness: 1.0
	(3213.867790077642, 1490.443741617315, 0.0). Region: 38
iter = 110
Alpha wolf:  Wolf 5 (31026). Fitness: 1.0
	(3962.005697065452, 2222.800549622544, 0.0). Region: 59
iter = 120
Alpha wolf:  Wolf 5 (31026). Fitness: 1.0
	(2861.0493968663013, 2157.2247614096514, 0.0). Region: 57
iter = 130
Alpha wolf:  Wolf 5 (31026). Fitness: 1.0
	(3491.9018877087456, 2779.391094322953, 0.0). Region: 68
iter = 140
Alpha wolf:  Wolf 5 (31026). Fitness: 1.0
	(3596.3158415647545, 2014.0908460991118, 0.0). Region: 58
iter = 150
Alpha wolf:  Wolf 5 (31026). Fitness: 1.0
	(3602.6308365813456, 1865.722981614263, 0.0). Region: 49
iter = 160
Alpha wolf:  Wolf 5 (31026). Fitness: 1.0
	(3464.4543805581743, 1736.6895249018075, 0.0). Region: 48
iter = 170
Alpha wolf:  Wolf 5 (31026). Fitness: 1.0
	(3511.0428248400895, 1864.5073417859694, 0.0). Region: 48
iter = 180
Alpha wolf:  Wolf 5 (31026). Fitness: 1.0
	(3162.3465198366375, 1676.9785629712517, 0.0). Region: 47
iter = 190
Alpha wolf:  Wolf 5 (31026). Fitness: 1.0
	(3223.4392524498517, 1724.0414447423523, 0.0). Region: 48

- Finishing GWO - 

Best solution:  Wolf 5 (31026). Fitness: 1.0
	(3217.3381941846005, 1667.2979360823124, 0.0). Region: 48
Antennas in slice 3:  [ 8 10 13 37 48 52 78 81 84]

Slice  4
The set of antennas serves the scenario in the respective slice.

Slice  5
The set of antennas serves the scenario in the respective slice.

Slice  6
The set of antennas serves the scenario in the respective slice.

Slice  7
The set of antennas serves the scenario in the respective slice.

Slice  8
The set of antennas serves the scenario in the respective slice.

Slice  9
The set of antennas serves the scenario in the respective slice.

Slice  10
The set of antennas serves the scenario in the respective slice.

Slice  11
The set of antennas serves the scenario in the respective slice.

Média de carros: 8.25
t=0
Antennas: [13 37]
Users: [12 13 22 23]
MinSINR:  31.622776601683793
$x_{0,13}$
	 $y_{0,13,12}$ = 28.908118959778335 dB
	 $y_{0,13,13}$ = 85.7785682722354 dB
	 $y_{0,13,22}$ = 21.846062733447496 dB
	 $y_{0,13,23}$ = 35.73247181785314 dB
		SNR medio:  5.220158235858011
		Usuarios totais: 33
$x_{0,37}$
		Usuarios totais: 0
Distances:
13 : 37 = 1788.8543819998317
t=1
Antennas: [ 8 10 13 37 52 78 81 84]
Users: [ 5 12 13 20 22 23 24 25 26 28 33 37 39 40 41 43 45 46 49 57 60 61 67 69
 74 75 76 77 80 82 83 84 88 93]
MinSINR:  31.622776601683793
$x_{1,8}$
	 $y_{1,8,49}$ = 15.73225492178446 dB
		SNR medio:  15.73225492178446
		Usuarios totais: 1
$x_{1,10}$
	 $y_{1,10,20}$ = 36.88589956987455 dB
	 $y_{1,10,23}$ = 17.114504116815908 dB
		SNR medio:  1.3500100921672615
		Usuarios totais: 40
$x_{1,13}$
	 $y_{1,13,5}$ = 23.133655122554586 dB
	 $y_{1,13,13}$ = 85.7785682722354 dB
	 $y_{1,13,22}$ = 21.846062733447496 dB
	 $y_{1,13,24}$ = 22.746055348268456 dB
	 $y_{1,13,25}$ = 17.068356009479686 dB
	 $y_{1,13,12}$ = 28.908118959778335 dB
	 $y_{1,13,33}$ = 19.31338382805903 dB
		SNR medio:  14.586280018254865
		Usuarios totais: 15
$x_{1,37}$
	 $y_{1,37,26}$ = 19.129892857253054 dB
	 $y_{1,37,28}$ = 26.79841355448974 dB
	 $y_{1,37,39}$ = 18.400482609853896 dB
	 $y_{1,37,45}$ = 17.242134584599597 dB
	 $y_{1,37,46}$ = 21.083050185266842 dB
	 $y_{1,37,37}$ = 82.79913553742686 dB
		SNR medio:  26.493301332698568
		Usuarios totais: 7
$x_{1,52}$
	 $y_{1,52,41}$ = 29.124596301714163 dB
	 $y_{1,52,43}$ = 28.87431341347866 dB
		SNR medio:  28.99945485759641
		Usuarios totais: 2
$x_{1,78}$
	 $y_{1,78,67}$ = 19.985117437757197 dB
	 $y_{1,78,69}$ = 24.855001334902525 dB
	 $y_{1,78,77}$ = 30.001612842690932 dB
	 $y_{1,78,88}$ = 30.679449876498055 dB
		SNR medio:  26.380295372962177
		Usuarios totais: 4
$x_{1,81}$
	 $y_{1,81,80}$ = 29.769552367648046 dB
	 $y_{1,81,40}$ = 21.351489174971107 dB
	 $y_{1,81,60}$ = 19.149587814424038 dB
	 $y_{1,81,61}$ = 23.96744356481156 dB
		SNR medio:  23.559518230463688
		Usuarios totais: 4
$x_{1,84}$
	 $y_{1,84,57}$ = 17.038399389958357 dB
	 $y_{1,84,75}$ = 23.499586975605027 dB
	 $y_{1,84,76}$ = 15.552872581616754 dB
	 $y_{1,84,84}$ = 95.1205744341936 dB
	 $y_{1,84,93}$ = 24.337229986909037 dB
	 $y_{1,84,82}$ = 17.809164514340125 dB
	 $y_{1,84,83}$ = 31.56595676494412 dB
	 $y_{1,84,74}$ = 27.925125395951156 dB
		SNR medio:  28.094323338168692
		Usuarios totais: 9
Distances:
8 : 10 = 3224.9030993194197
8 : 13 = 2039.607805437114
8 : 37 = 1264.9110640673518
8 : 52 = 3124.099870362662
8 : 78 = 2800.0
8 : 81 = 4252.05832509386
8 : 84 = 3577.7087639996635
10 : 13 = 1200.0
10 : 37 = 2912.043955712207
10 : 52 = 1788.8543819998317
10 : 78 = 4000.0
10 : 81 = 2828.42712474619
10 : 84 = 3224.9030993194197
13 : 37 = 1788.8543819998317
13 : 52 = 1649.2422502470642
13 : 78 = 3124.099870362662
13 : 81 = 2912.043955712207
13 : 84 = 2828.42712474619
37 : 52 = 2154.0659228538016
37 : 78 = 1649.2422502470642
37 : 81 = 3124.099870362662
37 : 84 = 2332.38075793812
52 : 78 = 2529.8221281347037
52 : 81 = 1264.9110640673518
52 : 84 = 1442.2205101855957
78 : 81 = 2828.42712474619
78 : 84 = 1649.2422502470642
81 : 84 = 1200.0
t=2
Antennas: [ 8 10 13 37 52 78 81 84]
Users: [ 1  2  3  4  5  7  9 10 12 13 14 15 16 18 21 22 23 24 26 27 29 30 33 35
 36 38 39 42 43 44 45 48 51 52 55 57 58 60 64 65 66 68 69 72 73 74 76 82
 84 85 86 87 91 92 93 94 95 97 98]
MinSINR:  31.622776601683793
$x_{2,8}$
	 $y_{2,8,9}$ = 28.709894356948283 dB
	 $y_{2,8,18}$ = 27.708240567176006 dB
		SNR medio:  14.104533731031072
		Usuarios totais: 4
$x_{2,10}$
	 $y_{2,10,10}$ = 87.96353918740145 dB
		SNR medio:  87.96353918740145
		Usuarios totais: 1
$x_{2,13}$
	 $y_{2,13,4}$ = 27.118474494122168 dB
	 $y_{2,13,5}$ = 23.133655122554586 dB
	 $y_{2,13,13}$ = 85.7785682722354 dB
	 $y_{2,13,14}$ = 24.067881086610242 dB
	 $y_{2,13,15}$ = 20.494721004756215 dB
	 $y_{2,13,22}$ = 21.846062733447496 dB
	 $y_{2,13,24}$ = 22.746055348268456 dB
	 $y_{2,13,1}$ = 18.047715962851157 dB
	 $y_{2,13,2}$ = 23.870075477672998 dB
	 $y_{2,13,3}$ = 27.59211139305272 dB
	 $y_{2,13,12}$ = 28.908118959778335 dB
	 $y_{2,13,33}$ = 19.31338382805903 dB
	 $y_{2,13,35}$ = 18.43538791488342 dB
	 $y_{2,13,44}$ = 16.676647802974855 dB
	 $y_{2,13,23}$ = 35.73247181785314 dB
		SNR medio:  10.344033280478008
		Usuarios totais: 40
$x_{2,37}$
	 $y_{2,37,16}$ = 16.543076211237008 dB
	 $y_{2,37,26}$ = 19.129892857253054 dB
	 $y_{2,37,29}$ = 28.872422252294896 dB
	 $y_{2,37,36}$ = 26.099428232364602 dB
	 $y_{2,37,38}$ = 33.05891161707294 dB
	 $y_{2,37,39}$ = 18.400482609853896 dB
	 $y_{2,37,45}$ = 17.242134584599597 dB
	 $y_{2,37,48}$ = 22.12954425347914 dB
	 $y_{2,37,58}$ = 20.81390120134853 dB
	 $y_{2,37,7}$ = 23.176466176255815 dB
	 $y_{2,37,27}$ = 24.950047147323602 dB
	 $y_{2,37,55}$ = 17.16709108858086 dB
		SNR medio:  15.740199895980235
		Usuarios totais: 17
$x_{2,52}$
	 $y_{2,52,43}$ = 28.87431341347866 dB
	 $y_{2,52,51}$ = 26.13991443561771 dB
	 $y_{2,52,64}$ = 15.18395484723196 dB
	 $y_{2,52,65}$ = 15.56745692739689 dB
	 $y_{2,52,21}$ = 15.121002253190781 dB
	 $y_{2,52,30}$ = 18.410500802513198 dB
	 $y_{2,52,52}$ = 89.30373302607748 dB
	 $y_{2,52,60}$ = 16.98990640595649 dB
	 $y_{2,52,66}$ = 15.779589241382197 dB
	 $y_{2,52,72}$ = 24.38175075272339 dB
	 $y_{2,52,74}$ = 15.758121531389861 dB
		SNR medio:  14.075512181847932
		Usuarios totais: 20
$x_{2,78}$
	 $y_{2,78,68}$ = 31.556755181327375 dB
	 $y_{2,78,69}$ = 24.855001334902525 dB
	 $y_{2,78,86}$ = 19.897892364513098 dB
	 $y_{2,78,87}$ = 19.321745057290826 dB
	 $y_{2,78,98}$ = 17.65472346928597 dB
		SNR medio:  18.881019567886632
		Usuarios totais: 6
$x_{2,81}$
	 $y_{2,81,91}$ = 27.769020992336422 dB
	 $y_{2,81,92}$ = 21.811063946081674 dB
		SNR medio:  9.91601698768362
		Usuarios totais: 5
$x_{2,84}$
	 $y_{2,84,57}$ = 17.038399389958357 dB
	 $y_{2,84,73}$ = 28.733173902645746 dB
	 $y_{2,84,76}$ = 15.552872581616754 dB
	 $y_{2,84,84}$ = 95.1205744341936 dB
	 $y_{2,84,85}$ = 38.76172601911752 dB
	 $y_{2,84,93}$ = 24.337229986909037 dB
	 $y_{2,84,94}$ = 30.649313484252204 dB
	 $y_{2,84,95}$ = 19.94044572549437 dB
	 $y_{2,84,97}$ = 18.191304288054823 dB
	 $y_{2,84,42}$ = 16.43754941618593 dB
	 $y_{2,84,82}$ = 17.809164514340125 dB
		SNR medio:  21.504783582851235
		Usuarios totais: 15
Distances:
8 : 10 = 3224.9030993194197
8 : 13 = 2039.607805437114
8 : 37 = 1264.9110640673518
8 : 52 = 3124.099870362662
8 : 78 = 2800.0
8 : 81 = 4252.05832509386
8 : 84 = 3577.7087639996635
10 : 13 = 1200.0
10 : 37 = 2912.043955712207
10 : 52 = 1788.8543819998317
10 : 78 = 4000.0
10 : 81 = 2828.42712474619
10 : 84 = 3224.9030993194197
13 : 37 = 1788.8543819998317
13 : 52 = 1649.2422502470642
13 : 78 = 3124.099870362662
13 : 81 = 2912.043955712207
13 : 84 = 2828.42712474619
37 : 52 = 2154.0659228538016
37 : 78 = 1649.2422502470642
37 : 81 = 3124.099870362662
37 : 84 = 2332.38075793812
52 : 78 = 2529.8221281347037
52 : 81 = 1264.9110640673518
52 : 84 = 1442.2205101855957
78 : 81 = 2828.42712474619
78 : 84 = 1649.2422502470642
81 : 84 = 1200.0
t=3
Antennas: [ 8 10 13 37 48 52 78 81 84]
Users: [ 0  1  2  4  7  9 10 12 13 14 16 18 19 20 22 23 27 30 32 34 35 36 37 39
 40 41 42 44 45 47 48 49 50 51 52 53 57 58 59 60 61 62 64 65 69 70 71 74
 75 78 79 80 81 82 83 85 87 88 89 90 92 94 96 98 99]
MinSINR:  31.622776601683793
$x_{3,8}$
	 $y_{3,8,9}$ = 28.709894356948283 dB
	 $y_{3,8,18}$ = 27.708240567176006 dB
	 $y_{3,8,19}$ = 17.61960843149194 dB
	 $y_{3,8,7}$ = 30.19723242923868 dB
	 $y_{3,8,49}$ = 15.73225492178446 dB
		SNR medio:  14.995903838329921
		Usuarios totais: 8
$x_{3,10}$
	 $y_{3,10,0}$ = 32.52877716911162 dB
	 $y_{3,10,10}$ = 87.96353918740145 dB
	 $y_{3,10,20}$ = 36.88589956987455 dB
	 $y_{3,10,23}$ = 17.114504116815908 dB
		SNR medio:  5.6287974207485005
		Usuarios totais: 31
$x_{3,13}$
	 $y_{3,13,4}$ = 27.118474494122168 dB
	 $y_{3,13,13}$ = 85.7785682722354 dB
	 $y_{3,13,14}$ = 24.067881086610242 dB
	 $y_{3,13,22}$ = 21.846062733447496 dB
	 $y_{3,13,1}$ = 18.047715962851157 dB
	 $y_{3,13,2}$ = 23.870075477672998 dB
	 $y_{3,13,12}$ = 28.908118959778335 dB
	 $y_{3,13,32}$ = 19.96598613239432 dB
	 $y_{3,13,34}$ = 23.06796563437996 dB
	 $y_{3,13,35}$ = 18.43538791488342 dB
	 $y_{3,13,44}$ = 16.676647802974855 dB
		SNR medio:  11.837803248898089
		Usuarios totais: 26
$x_{3,37}$
	 $y_{3,37,16}$ = 16.543076211237008 dB
	 $y_{3,37,36}$ = 26.099428232364602 dB
	 $y_{3,37,39}$ = 18.400482609853896 dB
	 $y_{3,37,45}$ = 17.242134584599597 dB
	 $y_{3,37,47}$ = 30.173032450866472 dB
	 $y_{3,37,58}$ = 20.81390120134853 dB
	 $y_{3,37,27}$ = 24.950047147323602 dB
	 $y_{3,37,37}$ = 82.79913553742686 dB
		SNR medio:  15.801415865001369
		Usuarios totais: 15
$x_{3,48}$
	 $y_{3,48,59}$ = 25.255005148162724 dB
	 $y_{3,48,48}$ = 83.50990852435243 dB
	 $y_{3,48,57}$ = 16.458405281231975 dB
		SNR medio:  20.870553158957854
		Usuarios totais: 6
$x_{3,52}$
	 $y_{3,52,41}$ = 29.124596301714163 dB
	 $y_{3,52,50}$ = 21.89702900392959 dB
	 $y_{3,52,51}$ = 26.13991443561771 dB
	 $y_{3,52,53}$ = 29.07677109406147 dB
	 $y_{3,52,64}$ = 15.18395484723196 dB
	 $y_{3,52,65}$ = 15.56745692739689 dB
	 $y_{3,52,30}$ = 18.410500802513198 dB
	 $y_{3,52,42}$ = 25.884176353157812 dB
	 $y_{3,52,52}$ = 89.30373302607748 dB
	 $y_{3,52,60}$ = 16.98990640595649 dB
	 $y_{3,52,61}$ = 21.952932826800378 dB
	 $y_{3,52,62}$ = 33.994518378587806 dB
	 $y_{3,52,71}$ = 15.927230209518015 dB
	 $y_{3,52,74}$ = 15.758121531389861 dB
		SNR medio:  19.747939060208044
		Usuarios totais: 19
$x_{3,78}$
	 $y_{3,78,87}$ = 19.321745057290826 dB
	 $y_{3,78,88}$ = 30.679449876498055 dB
	 $y_{3,78,89}$ = 28.632452183831006 dB
	 $y_{3,78,98}$ = 17.65472346928597 dB
	 $y_{3,78,99}$ = 16.76038227941507 dB
	 $y_{3,78,69}$ = 24.855001334902525 dB
	 $y_{3,78,78}$ = 91.95752577233151 dB
	 $y_{3,78,79}$ = 26.86607988692576 dB
	 $y_{3,78,96}$ = 16.248133408516296 dB
		SNR medio:  14.367131224684053
		Usuarios totais: 19
$x_{3,81}$
	 $y_{3,81,70}$ = 29.270546774899472 dB
	 $y_{3,81,80}$ = 29.769552367648046 dB
	 $y_{3,81,90}$ = 30.21486950680466 dB
	 $y_{3,81,92}$ = 21.811063946081674 dB
	 $y_{3,81,40}$ = 21.351489174971107 dB
	 $y_{3,81,81}$ = 94.93774222228271 dB
	 $y_{3,81,82}$ = 33.25229462803884 dB
	 $y_{3,81,83}$ = 20.357635580210868 dB
		SNR medio:  18.73101294672916
		Usuarios totais: 15
$x_{3,84}$
	 $y_{3,84,75}$ = 23.499586975605027 dB
	 $y_{3,84,85}$ = 38.76172601911752 dB
	 $y_{3,84,94}$ = 30.649313484252204 dB
		SNR medio:  23.227656619743687
		Usuarios totais: 4
Distances:
8 : 10 = 3224.9030993194197
8 : 13 = 2039.607805437114
8 : 37 = 1264.9110640673518
8 : 48 = 1600.0
8 : 52 = 3124.099870362662
8 : 78 = 2800.0
8 : 81 = 4252.05832509386
8 : 84 = 3577.7087639996635
10 : 13 = 1200.0
10 : 37 = 2912.043955712207
10 : 48 = 3417.6014981270123
10 : 52 = 1788.8543819998317
10 : 78 = 4000.0
10 : 81 = 2828.42712474619
10 : 84 = 3224.9030993194197
13 : 37 = 1788.8543819998317
13 : 48 = 2332.38075793812
13 : 52 = 1649.2422502470642
13 : 78 = 3124.099870362662
13 : 81 = 2912.043955712207
13 : 84 = 2828.42712474619
37 : 48 = 565.685424949238
37 : 52 = 2154.0659228538016
37 : 78 = 1649.2422502470642
37 : 81 = 3124.099870362662
37 : 84 = 2332.38075793812
48 : 52 = 2433.105012119288
48 : 78 = 1200.0
48 : 81 = 3224.9030993194197
48 : 84 = 2262.741699796952
52 : 78 = 2529.8221281347037
52 : 81 = 1264.9110640673518
52 : 84 = 1442.2205101855957
78 : 81 = 2828.42712474619
78 : 84 = 1649.2422502470642
81 : 84 = 1200.0
t=4
Antennas: [ 8 10 13 37 48 52 78 81 84]
Users: [ 0  2  4  5  6  7  9 10 12 13 15 16 18 19 20 21 22 23 24 25 26 27 28 29
 30 31 33 34 35 36 37 38 39 40 41 42 46 47 48 49 50 51 53 54 55 58 59 60
 61 62 63 65 66 68 70 71 73 74 76 77 78 79 80 81 82 83 84 86 87 88 89 90
 93 94 96 98 99]
MinSINR:  31.622776601683793
$x_{4,8}$
	 $y_{4,8,6}$ = 16.271989569013442 dB
	 $y_{4,8,9}$ = 28.709894356948283 dB
	 $y_{4,8,18}$ = 27.708240567176006 dB
	 $y_{4,8,19}$ = 17.61960843149194 dB
	 $y_{4,8,7}$ = 30.19723242923868 dB
	 $y_{4,8,49}$ = 15.73225492178446 dB
		SNR medio:  12.385383661422985
		Usuarios totais: 11
$x_{4,10}$
	 $y_{4,10,0}$ = 32.52877716911162 dB
	 $y_{4,10,10}$ = 87.96353918740145 dB
	 $y_{4,10,20}$ = 36.88589956987455 dB
	 $y_{4,10,23}$ = 17.114504116815908 dB
		SNR medio:  9.183827370694923
		Usuarios totais: 19
$x_{4,13}$
	 $y_{4,13,4}$ = 27.118474494122168 dB
	 $y_{4,13,5}$ = 23.133655122554586 dB
	 $y_{4,13,13}$ = 85.7785682722354 dB
	 $y_{4,13,15}$ = 20.494721004756215 dB
	 $y_{4,13,22}$ = 21.846062733447496 dB
	 $y_{4,13,24}$ = 22.746055348268456 dB
	 $y_{4,13,25}$ = 17.068356009479686 dB
	 $y_{4,13,2}$ = 23.870075477672998 dB
	 $y_{4,13,12}$ = 28.908118959778335 dB
	 $y_{4,13,31}$ = 16.450538041298017 dB
	 $y_{4,13,33}$ = 19.31338382805903 dB
	 $y_{4,13,34}$ = 23.06796563437996 dB
	 $y_{4,13,35}$ = 18.43538791488342 dB
		SNR medio:  9.949467509741021
		Usuarios totais: 35
$x_{4,37}$
	 $y_{4,37,16}$ = 16.543076211237008 dB
	 $y_{4,37,26}$ = 19.129892857253054 dB
	 $y_{4,37,28}$ = 26.79841355448974 dB
	 $y_{4,37,29}$ = 28.872422252294896 dB
	 $y_{4,37,36}$ = 26.099428232364602 dB
	 $y_{4,37,38}$ = 33.05891161707294 dB
	 $y_{4,37,39}$ = 18.400482609853896 dB
	 $y_{4,37,46}$ = 21.083050185266842 dB
	 $y_{4,37,47}$ = 30.173032450866472 dB
	 $y_{4,37,55}$ = 17.16709108858086 dB
	 $y_{4,37,58}$ = 20.81390120134853 dB
	 $y_{4,37,27}$ = 24.950047147323602 dB
	 $y_{4,37,37}$ = 82.79913553742686 dB
		SNR medio:  15.245370206057473
		Usuarios totais: 24
$x_{4,48}$
	 $y_{4,48,59}$ = 25.255005148162724 dB
	 $y_{4,48,48}$ = 83.50990852435243 dB
		SNR medio:  54.382456836257575
		Usuarios totais: 2
$x_{4,52}$
	 $y_{4,52,41}$ = 29.124596301714163 dB
	 $y_{4,52,50}$ = 21.89702900392959 dB
	 $y_{4,52,51}$ = 26.13991443561771 dB
	 $y_{4,52,53}$ = 29.07677109406147 dB
	 $y_{4,52,54}$ = 22.235890231326877 dB
	 $y_{4,52,63}$ = 21.839144088023104 dB
	 $y_{4,52,65}$ = 15.56745692739689 dB
	 $y_{4,52,21}$ = 15.121002253190781 dB
	 $y_{4,52,30}$ = 18.410500802513198 dB
	 $y_{4,52,42}$ = 25.884176353157812 dB
	 $y_{4,52,60}$ = 16.98990640595649 dB
	 $y_{4,52,61}$ = 21.952932826800378 dB
	 $y_{4,52,62}$ = 33.994518378587806 dB
	 $y_{4,52,66}$ = 15.779589241382197 dB
	 $y_{4,52,71}$ = 15.927230209518015 dB
	 $y_{4,52,74}$ = 15.758121531389861 dB
		SNR medio:  10.8030868776427
		Usuarios totais: 32
$x_{4,78}$
	 $y_{4,78,77}$ = 30.001612842690932 dB
	 $y_{4,78,86}$ = 19.897892364513098 dB
	 $y_{4,78,87}$ = 19.321745057290826 dB
	 $y_{4,78,88}$ = 30.679449876498055 dB
	 $y_{4,78,89}$ = 28.632452183831006 dB
	 $y_{4,78,98}$ = 17.65472346928597 dB
	 $y_{4,78,99}$ = 16.76038227941507 dB
	 $y_{4,78,68}$ = 31.556755181327375 dB
	 $y_{4,78,78}$ = 91.95752577233151 dB
	 $y_{4,78,79}$ = 26.86607988692576 dB
	 $y_{4,78,96}$ = 16.248133408516296 dB
		SNR medio:  16.478837616131294
		Usuarios totais: 20
$x_{4,81}$
	 $y_{4,81,70}$ = 29.270546774899472 dB
	 $y_{4,81,80}$ = 29.769552367648046 dB
	 $y_{4,81,90}$ = 30.21486950680466 dB
	 $y_{4,81,40}$ = 21.351489174971107 dB
	 $y_{4,81,81}$ = 94.93774222228271 dB
	 $y_{4,81,82}$ = 33.25229462803884 dB
	 $y_{4,81,83}$ = 20.357635580210868 dB
		SNR medio:  18.511009303918264
		Usuarios totais: 14
$x_{4,84}$
	 $y_{4,84,73}$ = 28.733173902645746 dB
	 $y_{4,84,76}$ = 15.552872581616754 dB
	 $y_{4,84,84}$ = 95.1205744341936 dB
	 $y_{4,84,93}$ = 24.337229986909037 dB
	 $y_{4,84,94}$ = 30.649313484252204 dB
		SNR medio:  19.439316438961736
		Usuarios totais: 10
Distances:
8 : 10 = 3224.9030993194197
8 : 13 = 2039.607805437114
8 : 37 = 1264.9110640673518
8 : 48 = 1600.0
8 : 52 = 3124.099870362662
8 : 78 = 2800.0
8 : 81 = 4252.05832509386
8 : 84 = 3577.7087639996635
10 : 13 = 1200.0
10 : 37 = 2912.043955712207
10 : 48 = 3417.6014981270123
10 : 52 = 1788.8543819998317
10 : 78 = 4000.0
10 : 81 = 2828.42712474619
10 : 84 = 3224.9030993194197
13 : 37 = 1788.8543819998317
13 : 48 = 2332.38075793812
13 : 52 = 1649.2422502470642
13 : 78 = 3124.099870362662
13 : 81 = 2912.043955712207
13 : 84 = 2828.42712474619
37 : 48 = 565.685424949238
37 : 52 = 2154.0659228538016
37 : 78 = 1649.2422502470642
37 : 81 = 3124.099870362662
37 : 84 = 2332.38075793812
48 : 52 = 2433.105012119288
48 : 78 = 1200.0
48 : 81 = 3224.9030993194197
48 : 84 = 2262.741699796952
52 : 78 = 2529.8221281347037
52 : 81 = 1264.9110640673518
52 : 84 = 1442.2205101855957
78 : 81 = 2828.42712474619
78 : 84 = 1649.2422502470642
81 : 84 = 1200.0
t=5
Antennas: [ 8 10 13 37 48 52 78 81 84]
Users: [ 0  1  2  3  7  8  9 10 11 12 13 14 15 16 18 19 20 21 22 23 24 25 26 27
 28 29 31 32 33 35 36 38 39 40 41 42 43 44 45 46 47 48 50 51 52 53 55 56
 57 59 62 63 64 65 66 68 70 71 72 73 74 75 76 78 79 81 82 83 84 85 86 87
 88 90 91 93 94 95 97 98 99]
MinSINR:  31.622776601683793
$x_{5,8}$
	 $y_{5,8,8}$ = 91.98028916982014 dB
	 $y_{5,8,9}$ = 28.709894356948283 dB
	 $y_{5,8,18}$ = 27.708240567176006 dB
	 $y_{5,8,19}$ = 17.61960843149194 dB
	 $y_{5,8,7}$ = 30.19723242923868 dB
		SNR medio:  24.52690811933438
		Usuarios totais: 8
$x_{5,10}$
	 $y_{5,10,0}$ = 32.52877716911162 dB
	 $y_{5,10,10}$ = 87.96353918740145 dB
	 $y_{5,10,20}$ = 36.88589956987455 dB
	 $y_{5,10,40}$ = 15.499309068787923 dB
	 $y_{5,10,23}$ = 17.114504116815908 dB
		SNR medio:  5.42834368891404
		Usuarios totais: 35
$x_{5,13}$
	 $y_{5,13,13}$ = 85.7785682722354 dB
	 $y_{5,13,14}$ = 24.067881086610242 dB
	 $y_{5,13,15}$ = 20.494721004756215 dB
	 $y_{5,13,22}$ = 21.846062733447496 dB
	 $y_{5,13,24}$ = 22.746055348268456 dB
	 $y_{5,13,25}$ = 17.068356009479686 dB
	 $y_{5,13,1}$ = 18.047715962851157 dB
	 $y_{5,13,2}$ = 23.870075477672998 dB
	 $y_{5,13,3}$ = 27.59211139305272 dB
	 $y_{5,13,11}$ = 17.605134184305882 dB
	 $y_{5,13,12}$ = 28.908118959778335 dB
	 $y_{5,13,31}$ = 16.450538041298017 dB
	 $y_{5,13,32}$ = 19.96598613239432 dB
	 $y_{5,13,33}$ = 19.31338382805903 dB
	 $y_{5,13,35}$ = 18.43538791488342 dB
		SNR medio:  10.057634114449828
		Usuarios totais: 38
$x_{5,37}$
	 $y_{5,37,16}$ = 16.543076211237008 dB
	 $y_{5,37,26}$ = 19.129892857253054 dB
	 $y_{5,37,28}$ = 26.79841355448974 dB
	 $y_{5,37,29}$ = 28.872422252294896 dB
	 $y_{5,37,36}$ = 26.099428232364602 dB
	 $y_{5,37,38}$ = 33.05891161707294 dB
	 $y_{5,37,39}$ = 18.400482609853896 dB
	 $y_{5,37,45}$ = 17.242134584599597 dB
	 $y_{5,37,46}$ = 21.083050185266842 dB
	 $y_{5,37,47}$ = 30.173032450866472 dB
	 $y_{5,37,55}$ = 17.16709108858086 dB
	 $y_{5,37,56}$ = 24.56612540841698 dB
	 $y_{5,37,27}$ = 24.950047147323602 dB
		SNR medio:  10.136136939987349
		Usuarios totais: 30
$x_{5,48}$
	 $y_{5,48,59}$ = 25.255005148162724 dB
	 $y_{5,48,48}$ = 83.50990852435243 dB
		SNR medio:  36.25497122417172
		Usuarios totais: 3
$x_{5,52}$
	 $y_{5,52,41}$ = 29.124596301714163 dB
	 $y_{5,52,43}$ = 28.87431341347866 dB
	 $y_{5,52,50}$ = 21.89702900392959 dB
	 $y_{5,52,51}$ = 26.13991443561771 dB
	 $y_{5,52,53}$ = 29.07677109406147 dB
	 $y_{5,52,63}$ = 21.839144088023104 dB
	 $y_{5,52,64}$ = 15.18395484723196 dB
	 $y_{5,52,65}$ = 15.56745692739689 dB
	 $y_{5,52,21}$ = 15.121002253190781 dB
	 $y_{5,52,42}$ = 25.884176353157812 dB
	 $y_{5,52,44}$ = 18.156565900743942 dB
	 $y_{5,52,52}$ = 89.30373302607748 dB
	 $y_{5,52,62}$ = 33.994518378587806 dB
	 $y_{5,52,66}$ = 15.779589241382197 dB
	 $y_{5,52,71}$ = 15.927230209518015 dB
	 $y_{5,52,72}$ = 24.38175075272339 dB
	 $y_{5,52,74}$ = 15.758121531389861 dB
		SNR medio:  12.278051882172914
		Usuarios totais: 36
$x_{5,78}$
	 $y_{5,78,86}$ = 19.897892364513098 dB
	 $y_{5,78,87}$ = 19.321745057290826 dB
	 $y_{5,78,88}$ = 30.679449876498055 dB
	 $y_{5,78,98}$ = 17.65472346928597 dB
	 $y_{5,78,99}$ = 16.76038227941507 dB
	 $y_{5,78,68}$ = 31.556755181327375 dB
	 $y_{5,78,78}$ = 91.95752577233151 dB
	 $y_{5,78,79}$ = 26.86607988692576 dB
		SNR medio:  15.91840961797423
		Usuarios totais: 16
$x_{5,81}$
	 $y_{5,81,70}$ = 29.270546774899472 dB
	 $y_{5,81,90}$ = 30.21486950680466 dB
	 $y_{5,81,91}$ = 27.769020992336422 dB
	 $y_{5,81,81}$ = 94.93774222228271 dB
		SNR medio:  22.774022437040408
		Usuarios totais: 8
$x_{5,84}$
	 $y_{5,84,73}$ = 28.733173902645746 dB
	 $y_{5,84,75}$ = 23.499586975605027 dB
	 $y_{5,84,76}$ = 15.552872581616754 dB
	 $y_{5,84,84}$ = 95.1205744341936 dB
	 $y_{5,84,85}$ = 38.76172601911752 dB
	 $y_{5,84,93}$ = 24.337229986909037 dB
	 $y_{5,84,94}$ = 30.649313484252204 dB
	 $y_{5,84,95}$ = 19.94044572549437 dB
	 $y_{5,84,97}$ = 18.191304288054823 dB
	 $y_{5,84,57}$ = 17.038399389958357 dB
	 $y_{5,84,82}$ = 17.809164514340125 dB
	 $y_{5,84,83}$ = 31.56595676494412 dB
		SNR medio:  16.418170366687807
		Usuarios totais: 22
Distances:
8 : 10 = 3224.9030993194197
8 : 13 = 2039.607805437114
8 : 37 = 1264.9110640673518
8 : 48 = 1600.0
8 : 52 = 3124.099870362662
8 : 78 = 2800.0
8 : 81 = 4252.05832509386
8 : 84 = 3577.7087639996635
10 : 13 = 1200.0
10 : 37 = 2912.043955712207
10 : 48 = 3417.6014981270123
10 : 52 = 1788.8543819998317
10 : 78 = 4000.0
10 : 81 = 2828.42712474619
10 : 84 = 3224.9030993194197
13 : 37 = 1788.8543819998317
13 : 48 = 2332.38075793812
13 : 52 = 1649.2422502470642
13 : 78 = 3124.099870362662
13 : 81 = 2912.043955712207
13 : 84 = 2828.42712474619
37 : 48 = 565.685424949238
37 : 52 = 2154.0659228538016
37 : 78 = 1649.2422502470642
37 : 81 = 3124.099870362662
37 : 84 = 2332.38075793812
48 : 52 = 2433.105012119288
48 : 78 = 1200.0
48 : 81 = 3224.9030993194197
48 : 84 = 2262.741699796952
52 : 78 = 2529.8221281347037
52 : 81 = 1264.9110640673518
52 : 84 = 1442.2205101855957
78 : 81 = 2828.42712474619
78 : 84 = 1649.2422502470642
81 : 84 = 1200.0
t=6
Antennas: [ 8 10 13 37 48 52 78 81 84]
Users: [ 0  2  3  4  5  6  7  8  9 11 12 13 14 15 16 17 18 19 20 21 22 23 24 25
 26 27 29 30 32 33 34 35 36 37 38 39 40 41 42 43 44 46 47 48 49 50 52 54
 55 56 57 58 59 60 61 62 64 65 66 67 69 70 75 76 77 78 79 80 81 82 84 85
 87 88 89 90 92 93 94 96 97 98]
MinSINR:  31.622776601683793
$x_{6,8}$
	 $y_{6,8,6}$ = 16.271989569013442 dB
	 $y_{6,8,8}$ = 91.98028916982014 dB
	 $y_{6,8,9}$ = 28.709894356948283 dB
	 $y_{6,8,18}$ = 27.708240567176006 dB
	 $y_{6,8,19}$ = 17.61960843149194 dB
	 $y_{6,8,7}$ = 30.19723242923868 dB
	 $y_{6,8,49}$ = 15.73225492178446 dB
		SNR medio:  16.301393531819496
		Usuarios totais: 14
$x_{6,10}$
	 $y_{6,10,0}$ = 32.52877716911162 dB
	 $y_{6,10,20}$ = 36.88589956987455 dB
		SNR medio:  17.353669184746543
		Usuarios totais: 4
$x_{6,13}$
	 $y_{6,13,4}$ = 27.118474494122168 dB
	 $y_{6,13,5}$ = 23.133655122554586 dB
	 $y_{6,13,13}$ = 85.7785682722354 dB
	 $y_{6,13,14}$ = 24.067881086610242 dB
	 $y_{6,13,15}$ = 20.494721004756215 dB
	 $y_{6,13,22}$ = 21.846062733447496 dB
	 $y_{6,13,24}$ = 22.746055348268456 dB
	 $y_{6,13,25}$ = 17.068356009479686 dB
	 $y_{6,13,2}$ = 23.870075477672998 dB
	 $y_{6,13,3}$ = 27.59211139305272 dB
	 $y_{6,13,11}$ = 17.605134184305882 dB
	 $y_{6,13,12}$ = 28.908118959778335 dB
	 $y_{6,13,32}$ = 19.96598613239432 dB
	 $y_{6,13,33}$ = 19.31338382805903 dB
	 $y_{6,13,34}$ = 23.06796563437996 dB
	 $y_{6,13,35}$ = 18.43538791488342 dB
	 $y_{6,13,44}$ = 16.676647802974855 dB
	 $y_{6,13,23}$ = 35.73247181785314 dB
		SNR medio:  12.795163708562944
		Usuarios totais: 37
$x_{6,37}$
	 $y_{6,37,16}$ = 16.543076211237008 dB
	 $y_{6,37,26}$ = 19.129892857253054 dB
	 $y_{6,37,29}$ = 28.872422252294896 dB
	 $y_{6,37,36}$ = 26.099428232364602 dB
	 $y_{6,37,38}$ = 33.05891161707294 dB
	 $y_{6,37,39}$ = 18.400482609853896 dB
	 $y_{6,37,46}$ = 21.083050185266842 dB
	 $y_{6,37,47}$ = 30.173032450866472 dB
	 $y_{6,37,55}$ = 17.16709108858086 dB
	 $y_{6,37,56}$ = 24.56612540841698 dB
	 $y_{6,37,58}$ = 20.81390120134853 dB
	 $y_{6,37,17}$ = 19.626353135192502 dB
	 $y_{6,37,27}$ = 24.950047147323602 dB
	 $y_{6,37,37}$ = 82.79913553742686 dB
		SNR medio:  11.273027939249975
		Usuarios totais: 34
$x_{6,48}$
	 $y_{6,48,59}$ = 25.255005148162724 dB
	 $y_{6,48,48}$ = 83.50990852435243 dB
		SNR medio:  36.25497122417172
		Usuarios totais: 3
$x_{6,52}$
	 $y_{6,52,41}$ = 29.124596301714163 dB
	 $y_{6,52,43}$ = 28.87431341347866 dB
	 $y_{6,52,50}$ = 21.89702900392959 dB
	 $y_{6,52,54}$ = 22.235890231326877 dB
	 $y_{6,52,64}$ = 15.18395484723196 dB
	 $y_{6,52,65}$ = 15.56745692739689 dB
	 $y_{6,52,21}$ = 15.121002253190781 dB
	 $y_{6,52,30}$ = 18.410500802513198 dB
	 $y_{6,52,52}$ = 89.30373302607748 dB
	 $y_{6,52,60}$ = 16.98990640595649 dB
	 $y_{6,52,61}$ = 21.952932826800378 dB
	 $y_{6,52,62}$ = 33.994518378587806 dB
	 $y_{6,52,66}$ = 15.779589241382197 dB
		SNR medio:  13.247516294599478
		Usuarios totais: 26
$x_{6,78}$
	 $y_{6,78,77}$ = 30.001612842690932 dB
	 $y_{6,78,87}$ = 19.321745057290826 dB
	 $y_{6,78,88}$ = 30.679449876498055 dB
	 $y_{6,78,89}$ = 28.632452183831006 dB
	 $y_{6,78,98}$ = 17.65472346928597 dB
	 $y_{6,78,67}$ = 19.985117437757197 dB
	 $y_{6,78,69}$ = 24.855001334902525 dB
	 $y_{6,78,78}$ = 91.95752577233151 dB
	 $y_{6,78,79}$ = 26.86607988692576 dB
	 $y_{6,78,96}$ = 16.248133408516296 dB
		SNR medio:  13.31312353347957
		Usuarios totais: 23
$x_{6,81}$
	 $y_{6,81,70}$ = 29.270546774899472 dB
	 $y_{6,81,80}$ = 29.769552367648046 dB
	 $y_{6,81,90}$ = 30.21486950680466 dB
	 $y_{6,81,92}$ = 21.811063946081674 dB
	 $y_{6,81,40}$ = 21.351489174971107 dB
	 $y_{6,81,81}$ = 94.93774222228271 dB
		SNR medio:  20.668660362971607
		Usuarios totais: 11
$x_{6,84}$
	 $y_{6,84,75}$ = 23.499586975605027 dB
	 $y_{6,84,76}$ = 15.552872581616754 dB
	 $y_{6,84,84}$ = 95.1205744341936 dB
	 $y_{6,84,85}$ = 38.76172601911752 dB
	 $y_{6,84,93}$ = 24.337229986909037 dB
	 $y_{6,84,94}$ = 30.649313484252204 dB
	 $y_{6,84,97}$ = 18.191304288054823 dB
	 $y_{6,84,42}$ = 16.43754941618593 dB
	 $y_{6,84,57}$ = 17.038399389958357 dB
	 $y_{6,84,82}$ = 17.809164514340125 dB
		SNR medio:  14.869886054511673
		Usuarios totais: 20
Distances:
8 : 10 = 3224.9030993194197
8 : 13 = 2039.607805437114
8 : 37 = 1264.9110640673518
8 : 48 = 1600.0
8 : 52 = 3124.099870362662
8 : 78 = 2800.0
8 : 81 = 4252.05832509386
8 : 84 = 3577.7087639996635
10 : 13 = 1200.0
10 : 37 = 2912.043955712207
10 : 48 = 3417.6014981270123
10 : 52 = 1788.8543819998317
10 : 78 = 4000.0
10 : 81 = 2828.42712474619
10 : 84 = 3224.9030993194197
13 : 37 = 1788.8543819998317
13 : 48 = 2332.38075793812
13 : 52 = 1649.2422502470642
13 : 78 = 3124.099870362662
13 : 81 = 2912.043955712207
13 : 84 = 2828.42712474619
37 : 48 = 565.685424949238
37 : 52 = 2154.0659228538016
37 : 78 = 1649.2422502470642
37 : 81 = 3124.099870362662
37 : 84 = 2332.38075793812
48 : 52 = 2433.105012119288
48 : 78 = 1200.0
48 : 81 = 3224.9030993194197
48 : 84 = 2262.741699796952
52 : 78 = 2529.8221281347037
52 : 81 = 1264.9110640673518
52 : 84 = 1442.2205101855957
78 : 81 = 2828.42712474619
78 : 84 = 1649.2422502470642
81 : 84 = 1200.0
t=7
Antennas: [ 8 10 13 37 48 52 78 81 84]
Users: [ 0  3  4  5  6  8  9 10 11 13 16 17 18 19 20 21 22 23 24 28 29 32 34 37
 38 40 41 42 43 44 45 47 48 50 51 52 53 54 55 56 59 60 61 64 65 66 69 70
 72 73 74 76 77 78 81 82 83 84 86 87 88 89 90 91 92 93 95 97 98]
MinSINR:  31.622776601683793
$x_{7,8}$
	 $y_{7,8,6}$ = 16.271989569013442 dB
	 $y_{7,8,8}$ = 91.98028916982014 dB
	 $y_{7,8,9}$ = 28.709894356948283 dB
	 $y_{7,8,18}$ = 27.708240567176006 dB
	 $y_{7,8,19}$ = 17.61960843149194 dB
		SNR medio:  18.229002209444978
		Usuarios totais: 10
$x_{7,10}$
	 $y_{7,10,0}$ = 32.52877716911162 dB
	 $y_{7,10,10}$ = 87.96353918740145 dB
	 $y_{7,10,20}$ = 36.88589956987455 dB
	 $y_{7,10,40}$ = 15.499309068787923 dB
		SNR medio:  19.208613888352836
		Usuarios totais: 9
$x_{7,13}$
	 $y_{7,13,4}$ = 27.118474494122168 dB
	 $y_{7,13,5}$ = 23.133655122554586 dB
	 $y_{7,13,13}$ = 85.7785682722354 dB
	 $y_{7,13,22}$ = 21.846062733447496 dB
	 $y_{7,13,24}$ = 22.746055348268456 dB
	 $y_{7,13,3}$ = 27.59211139305272 dB
	 $y_{7,13,11}$ = 17.605134184305882 dB
		SNR medio:  20.52909650436243
		Usuarios totais: 11
$x_{7,37}$
	 $y_{7,37,16}$ = 16.543076211237008 dB
	 $y_{7,37,37}$ = 82.79913553742686 dB
		SNR medio:  33.114070582887955
		Usuarios totais: 3
$x_{7,48}$
	 $y_{7,48,59}$ = 25.255005148162724 dB
	 $y_{7,48,28}$ = 20.20835082757185 dB
	 $y_{7,48,29}$ = 19.84065613903455 dB
	 $y_{7,48,38}$ = 26.582701128706205 dB
	 $y_{7,48,45}$ = 18.295724035698825 dB
	 $y_{7,48,47}$ = 30.382883226702887 dB
	 $y_{7,48,48}$ = 83.50990852435243 dB
	 $y_{7,48,56}$ = 23.35009578204719 dB
	 $y_{7,48,69}$ = 18.271174958787753 dB
	 $y_{7,48,17}$ = 17.009335612469116 dB
		SNR medio:  13.46218263731112
		Usuarios totais: 21
$x_{7,52}$
	 $y_{7,52,41}$ = 29.124596301714163 dB
	 $y_{7,52,43}$ = 28.87431341347866 dB
	 $y_{7,52,50}$ = 21.89702900392959 dB
	 $y_{7,52,51}$ = 26.13991443561771 dB
	 $y_{7,52,53}$ = 29.07677109406147 dB
	 $y_{7,52,54}$ = 22.235890231326877 dB
	 $y_{7,52,64}$ = 15.18395484723196 dB
	 $y_{7,52,65}$ = 15.56745692739689 dB
	 $y_{7,52,21}$ = 15.121002253190781 dB
	 $y_{7,52,32}$ = 21.434375287892408 dB
	 $y_{7,52,34}$ = 16.873236203881717 dB
	 $y_{7,52,42}$ = 25.884176353157812 dB
	 $y_{7,52,44}$ = 18.156565900743942 dB
	 $y_{7,52,52}$ = 89.30373302607748 dB
	 $y_{7,52,60}$ = 16.98990640595649 dB
	 $y_{7,52,61}$ = 21.952932826800378 dB
	 $y_{7,52,66}$ = 15.779589241382197 dB
	 $y_{7,52,23}$ = 16.330294616374417 dB
		SNR medio:  11.148143459255378
		Usuarios totais: 40
$x_{7,78}$
	 $y_{7,78,77}$ = 30.001612842690932 dB
	 $y_{7,78,86}$ = 19.897892364513098 dB
	 $y_{7,78,87}$ = 19.321745057290826 dB
	 $y_{7,78,88}$ = 30.679449876498055 dB
	 $y_{7,78,89}$ = 28.632452183831006 dB
	 $y_{7,78,98}$ = 17.65472346928597 dB
	 $y_{7,78,78}$ = 91.95752577233151 dB
		SNR medio:  19.84545013053678
		Usuarios totais: 12
$x_{7,81}$
	 $y_{7,81,70}$ = 29.270546774899472 dB
	 $y_{7,81,90}$ = 30.21486950680466 dB
	 $y_{7,81,91}$ = 27.769020992336422 dB
	 $y_{7,81,92}$ = 21.811063946081674 dB
	 $y_{7,81,81}$ = 94.93774222228271 dB
		SNR medio:  25.500405430300617
		Usuarios totais: 8
$x_{7,84}$
	 $y_{7,84,73}$ = 28.733173902645746 dB
	 $y_{7,84,76}$ = 15.552872581616754 dB
	 $y_{7,84,84}$ = 95.1205744341936 dB
	 $y_{7,84,93}$ = 24.337229986909037 dB
	 $y_{7,84,95}$ = 19.94044572549437 dB
	 $y_{7,84,97}$ = 18.191304288054823 dB
	 $y_{7,84,55}$ = 18.49006765284018 dB
	 $y_{7,84,82}$ = 17.809164514340125 dB
	 $y_{7,84,83}$ = 31.56595676494412 dB
	 $y_{7,84,72}$ = 17.65169234468887 dB
	 $y_{7,84,74}$ = 27.925125395951156 dB
		SNR medio:  12.127600291987648
		Usuarios totais: 26
Distances:
8 : 10 = 3224.9030993194197
8 : 13 = 2039.607805437114
8 : 37 = 1264.9110640673518
8 : 48 = 1600.0
8 : 52 = 3124.099870362662
8 : 78 = 2800.0
8 : 81 = 4252.05832509386
8 : 84 = 3577.7087639996635
10 : 13 = 1200.0
10 : 37 = 2912.043955712207
10 : 48 = 3417.6014981270123
10 : 52 = 1788.8543819998317
10 : 78 = 4000.0
10 : 81 = 2828.42712474619
10 : 84 = 3224.9030993194197
13 : 37 = 1788.8543819998317
13 : 48 = 2332.38075793812
13 : 52 = 1649.2422502470642
13 : 78 = 3124.099870362662
13 : 81 = 2912.043955712207
13 : 84 = 2828.42712474619
37 : 48 = 565.685424949238
37 : 52 = 2154.0659228538016
37 : 78 = 1649.2422502470642
37 : 81 = 3124.099870362662
37 : 84 = 2332.38075793812
48 : 52 = 2433.105012119288
48 : 78 = 1200.0
48 : 81 = 3224.9030993194197
48 : 84 = 2262.741699796952
52 : 78 = 2529.8221281347037
52 : 81 = 1264.9110640673518
52 : 84 = 1442.2205101855957
78 : 81 = 2828.42712474619
78 : 84 = 1649.2422502470642
81 : 84 = 1200.0
t=8
Antennas: [ 8 10 13 37 48 52 78 81 84]
Users: [ 0  1  4  6  7  9 10 11 12 14 16 17 18 19 20 21 22 23 24 26 29 30 31 32
 33 34 38 39 40 41 45 47 49 52 57 60 61 64 65 66 67 68 69 71 72 73 75 76
 78 80 81 83 84 86 87 90 91 92 95 97 98 99]
MinSINR:  31.622776601683793
$x_{8,8}$
	 $y_{8,8,6}$ = 16.271989569013442 dB
	 $y_{8,8,9}$ = 28.709894356948283 dB
	 $y_{8,8,18}$ = 27.708240567176006 dB
	 $y_{8,8,19}$ = 17.61960843149194 dB
	 $y_{8,8,7}$ = 30.19723242923868 dB
	 $y_{8,8,49}$ = 15.73225492178446 dB
		SNR medio:  12.385383661422985
		Usuarios totais: 11
$x_{8,10}$
	 $y_{8,10,0}$ = 32.52877716911162 dB
	 $y_{8,10,10}$ = 87.96353918740145 dB
	 $y_{8,10,20}$ = 36.88589956987455 dB
	 $y_{8,10,21}$ = 25.726520187751973 dB
	 $y_{8,10,30}$ = 23.132721225872032 dB
		SNR medio:  25.779682167501456
		Usuarios totais: 8
$x_{8,13}$
	 $y_{8,13,4}$ = 27.118474494122168 dB
	 $y_{8,13,14}$ = 24.067881086610242 dB
	 $y_{8,13,22}$ = 21.846062733447496 dB
	 $y_{8,13,24}$ = 22.746055348268456 dB
	 $y_{8,13,1}$ = 18.047715962851157 dB
	 $y_{8,13,11}$ = 17.605134184305882 dB
	 $y_{8,13,12}$ = 28.908118959778335 dB
	 $y_{8,13,31}$ = 16.450538041298017 dB
	 $y_{8,13,32}$ = 19.96598613239432 dB
	 $y_{8,13,33}$ = 19.31338382805903 dB
	 $y_{8,13,34}$ = 23.06796563437996 dB
	 $y_{8,13,23}$ = 35.73247181785314 dB
		SNR medio:  12.494081282880375
		Usuarios totais: 22
$x_{8,37}$
	 $y_{8,37,16}$ = 16.543076211237008 dB
	 $y_{8,37,26}$ = 19.129892857253054 dB
	 $y_{8,37,29}$ = 28.872422252294896 dB
	 $y_{8,37,38}$ = 33.05891161707294 dB
	 $y_{8,37,39}$ = 18.400482609853896 dB
	 $y_{8,37,45}$ = 17.242134584599597 dB
	 $y_{8,37,47}$ = 30.173032450866472 dB
	 $y_{8,37,17}$ = 19.626353135192502 dB
		SNR medio:  12.203087047891358
		Usuarios totais: 15
$x_{8,48}$
		Usuarios totais: 0
$x_{8,52}$
	 $y_{8,52,41}$ = 29.124596301714163 dB
	 $y_{8,52,64}$ = 15.18395484723196 dB
	 $y_{8,52,65}$ = 15.56745692739689 dB
	 $y_{8,52,52}$ = 89.30373302607748 dB
		SNR medio:  24.86329018373675
		Usuarios totais: 6
$x_{8,78}$
	 $y_{8,78,86}$ = 19.897892364513098 dB
	 $y_{8,78,87}$ = 19.321745057290826 dB
	 $y_{8,78,98}$ = 17.65472346928597 dB
	 $y_{8,78,99}$ = 16.76038227941507 dB
	 $y_{8,78,66}$ = 18.162865265011675 dB
	 $y_{8,78,67}$ = 19.985117437757197 dB
	 $y_{8,78,68}$ = 31.556755181327375 dB
	 $y_{8,78,69}$ = 24.855001334902525 dB
	 $y_{8,78,78}$ = 91.95752577233151 dB
		SNR medio:  20.011692935525787
		Usuarios totais: 13
$x_{8,81}$
	 $y_{8,81,80}$ = 29.769552367648046 dB
	 $y_{8,81,90}$ = 30.21486950680466 dB
	 $y_{8,81,91}$ = 27.769020992336422 dB
	 $y_{8,81,92}$ = 21.811063946081674 dB
	 $y_{8,81,40}$ = 21.351489174971107 dB
	 $y_{8,81,60}$ = 19.149587814424038 dB
	 $y_{8,81,61}$ = 23.96744356481156 dB
	 $y_{8,81,71}$ = 26.664712895290222 dB
	 $y_{8,81,81}$ = 94.93774222228271 dB
	 $y_{8,81,83}$ = 20.357635580210868 dB
	 $y_{8,81,72}$ = 25.96139266482504 dB
		SNR medio:  16.283548129985064
		Usuarios totais: 21
$x_{8,84}$
	 $y_{8,84,73}$ = 28.733173902645746 dB
	 $y_{8,84,75}$ = 23.499586975605027 dB
	 $y_{8,84,76}$ = 15.552872581616754 dB
	 $y_{8,84,84}$ = 95.1205744341936 dB
	 $y_{8,84,95}$ = 19.94044572549437 dB
	 $y_{8,84,97}$ = 18.191304288054823 dB
	 $y_{8,84,57}$ = 17.038399389958357 dB
		SNR medio:  21.80763572975687
		Usuarios totais: 10
Distances:
8 : 10 = 3224.9030993194197
8 : 13 = 2039.607805437114
8 : 37 = 1264.9110640673518
8 : 48 = 1600.0
8 : 52 = 3124.099870362662
8 : 78 = 2800.0
8 : 81 = 4252.05832509386
8 : 84 = 3577.7087639996635
10 : 13 = 1200.0
10 : 37 = 2912.043955712207
10 : 48 = 3417.6014981270123
10 : 52 = 1788.8543819998317
10 : 78 = 4000.0
10 : 81 = 2828.42712474619
10 : 84 = 3224.9030993194197
13 : 37 = 1788.8543819998317
13 : 48 = 2332.38075793812
13 : 52 = 1649.2422502470642
13 : 78 = 3124.099870362662
13 : 81 = 2912.043955712207
13 : 84 = 2828.42712474619
37 : 48 = 565.685424949238
37 : 52 = 2154.0659228538016
37 : 78 = 1649.2422502470642
37 : 81 = 3124.099870362662
37 : 84 = 2332.38075793812
48 : 52 = 2433.105012119288
48 : 78 = 1200.0
48 : 81 = 3224.9030993194197
48 : 84 = 2262.741699796952
52 : 78 = 2529.8221281347037
52 : 81 = 1264.9110640673518
52 : 84 = 1442.2205101855957
78 : 81 = 2828.42712474619
78 : 84 = 1649.2422502470642
81 : 84 = 1200.0
t=9
Antennas: [ 8 10 13 37 48 52 78 81 84]
Users: [ 1  4  5  8 11 12 14 15 18 19 20 21 23 25 26 27 29 30 32 34 35 37 38 40
 41 46 47 48 54 57 58 59 60 63 64 65 66 67 71 72 76 77 78 80 81 82 83 84
 87 91 92 93 96 98]
MinSINR:  31.622776601683793
$x_{9,8}$
	 $y_{9,8,8}$ = 91.98028916982014 dB
	 $y_{9,8,18}$ = 27.708240567176006 dB
	 $y_{9,8,19}$ = 17.61960843149194 dB
		SNR medio:  34.32703454212202
		Usuarios totais: 4
$x_{9,10}$
	 $y_{9,10,20}$ = 36.88589956987455 dB
		SNR medio:  36.88589956987455
		Usuarios totais: 1
$x_{9,13}$
	 $y_{9,13,4}$ = 27.118474494122168 dB
	 $y_{9,13,5}$ = 23.133655122554586 dB
	 $y_{9,13,14}$ = 24.067881086610242 dB
	 $y_{9,13,15}$ = 20.494721004756215 dB
	 $y_{9,13,25}$ = 17.068356009479686 dB
	 $y_{9,13,1}$ = 18.047715962851157 dB
	 $y_{9,13,11}$ = 17.605134184305882 dB
	 $y_{9,13,12}$ = 28.908118959778335 dB
	 $y_{9,13,35}$ = 18.43538791488342 dB
		SNR medio:  17.716313158121974
		Usuarios totais: 11
$x_{9,37}$
	 $y_{9,37,26}$ = 19.129892857253054 dB
	 $y_{9,37,37}$ = 82.79913553742686 dB
		SNR medio:  50.96451419733996
		Usuarios totais: 2
$x_{9,48}$
	 $y_{9,48,59}$ = 25.255005148162724 dB
	 $y_{9,48,29}$ = 19.84065613903455 dB
	 $y_{9,48,38}$ = 26.582701128706205 dB
	 $y_{9,48,46}$ = 20.27563921846911 dB
	 $y_{9,48,47}$ = 30.382883226702887 dB
	 $y_{9,48,48}$ = 83.50990852435243 dB
	 $y_{9,48,57}$ = 16.458405281231975 dB
	 $y_{9,48,58}$ = 30.41568274673898 dB
	 $y_{9,48,67}$ = 15.12646758938925 dB
	 $y_{9,48,27}$ = 19.246425218392446 dB
		SNR medio:  15.110198643220027
		Usuarios totais: 19
$x_{9,52}$
	 $y_{9,52,41}$ = 29.124596301714163 dB
	 $y_{9,52,54}$ = 22.235890231326877 dB
	 $y_{9,52,63}$ = 21.839144088023104 dB
	 $y_{9,52,64}$ = 15.18395484723196 dB
	 $y_{9,52,65}$ = 15.56745692739689 dB
	 $y_{9,52,21}$ = 15.121002253190781 dB
	 $y_{9,52,30}$ = 18.410500802513198 dB
	 $y_{9,52,32}$ = 21.434375287892408 dB
	 $y_{9,52,34}$ = 16.873236203881717 dB
	 $y_{9,52,60}$ = 16.98990640595649 dB
	 $y_{9,52,66}$ = 15.779589241382197 dB
	 $y_{9,52,71}$ = 15.927230209518015 dB
	 $y_{9,52,23}$ = 16.330294616374417 dB
	 $y_{9,52,72}$ = 24.38175075272339 dB
		SNR medio:  14.73327378717365
		Usuarios totais: 18
$x_{9,78}$
	 $y_{9,78,77}$ = 30.001612842690932 dB
	 $y_{9,78,87}$ = 19.321745057290826 dB
	 $y_{9,78,98}$ = 17.65472346928597 dB
	 $y_{9,78,78}$ = 91.95752577233151 dB
	 $y_{9,78,96}$ = 16.248133408516296 dB
		SNR medio:  29.197290091685925
		Usuarios totais: 6
$x_{9,81}$
	 $y_{9,81,80}$ = 29.769552367648046 dB
	 $y_{9,81,91}$ = 27.769020992336422 dB
	 $y_{9,81,92}$ = 21.811063946081674 dB
	 $y_{9,81,40}$ = 21.351489174971107 dB
	 $y_{9,81,81}$ = 94.93774222228271 dB
	 $y_{9,81,82}$ = 33.25229462803884 dB
	 $y_{9,81,83}$ = 20.357635580210868 dB
		SNR medio:  20.770733242630808
		Usuarios totais: 12
$x_{9,84}$
	 $y_{9,84,76}$ = 15.552872581616754 dB
	 $y_{9,84,84}$ = 95.1205744341936 dB
	 $y_{9,84,93}$ = 24.337229986909037 dB
		SNR medio:  45.003559000906456
		Usuarios totais: 3
Distances:
8 : 10 = 3224.9030993194197
8 : 13 = 2039.607805437114
8 : 37 = 1264.9110640673518
8 : 48 = 1600.0
8 : 52 = 3124.099870362662
8 : 78 = 2800.0
8 : 81 = 4252.05832509386
8 : 84 = 3577.7087639996635
10 : 13 = 1200.0
10 : 37 = 2912.043955712207
10 : 48 = 3417.6014981270123
10 : 52 = 1788.8543819998317
10 : 78 = 4000.0
10 : 81 = 2828.42712474619
10 : 84 = 3224.9030993194197
13 : 37 = 1788.8543819998317
13 : 48 = 2332.38075793812
13 : 52 = 1649.2422502470642
13 : 78 = 3124.099870362662
13 : 81 = 2912.043955712207
13 : 84 = 2828.42712474619
37 : 48 = 565.685424949238
37 : 52 = 2154.0659228538016
37 : 78 = 1649.2422502470642
37 : 81 = 3124.099870362662
37 : 84 = 2332.38075793812
48 : 52 = 2433.105012119288
48 : 78 = 1200.0
48 : 81 = 3224.9030993194197
48 : 84 = 2262.741699796952
52 : 78 = 2529.8221281347037
52 : 81 = 1264.9110640673518
52 : 84 = 1442.2205101855957
78 : 81 = 2828.42712474619
78 : 84 = 1649.2422502470642
81 : 84 = 1200.0
t=10
Antennas: [ 8 10 13 37 48 52 78 81 84]
Users: [ 0  6  9 11 12 13 14 15 19 20 23 24 25 26 27 28 31 33 35 36 37 40 43 46
 48 52 56 61 72 77 80 82 84 92 98 99]
MinSINR:  31.622776601683793
$x_{10,8}$
	 $y_{10,8,6}$ = 16.271989569013442 dB
	 $y_{10,8,9}$ = 28.709894356948283 dB
	 $y_{10,8,19}$ = 17.61960843149194 dB
		SNR medio:  15.650373089363416
		Usuarios totais: 4
$x_{10,10}$
	 $y_{10,10,0}$ = 32.52877716911162 dB
	 $y_{10,10,20}$ = 36.88589956987455 dB
	 $y_{10,10,40}$ = 15.499309068787923 dB
		SNR medio:  16.98279716155482
		Usuarios totais: 5
$x_{10,13}$
	 $y_{10,13,13}$ = 85.7785682722354 dB
	 $y_{10,13,14}$ = 24.067881086610242 dB
	 $y_{10,13,15}$ = 20.494721004756215 dB
	 $y_{10,13,24}$ = 22.746055348268456 dB
	 $y_{10,13,25}$ = 17.068356009479686 dB
	 $y_{10,13,11}$ = 17.605134184305882 dB
	 $y_{10,13,12}$ = 28.908118959778335 dB
	 $y_{10,13,31}$ = 16.450538041298017 dB
	 $y_{10,13,33}$ = 19.31338382805903 dB
	 $y_{10,13,35}$ = 18.43538791488342 dB
	 $y_{10,13,23}$ = 35.73247181785314 dB
		SNR medio:  25.55005137229399
		Usuarios totais: 12
$x_{10,37}$
	 $y_{10,37,26}$ = 19.129892857253054 dB
	 $y_{10,37,28}$ = 26.79841355448974 dB
	 $y_{10,37,36}$ = 26.099428232364602 dB
	 $y_{10,37,46}$ = 21.083050185266842 dB
	 $y_{10,37,56}$ = 24.56612540841698 dB
	 $y_{10,37,27}$ = 24.950047147323602 dB
	 $y_{10,37,37}$ = 82.79913553742686 dB
		SNR medio:  25.047343658060186
		Usuarios totais: 9
$x_{10,48}$
	 $y_{10,48,48}$ = 83.50990852435243 dB
		SNR medio:  41.75495426217621
		Usuarios totais: 2
$x_{10,52}$
	 $y_{10,52,43}$ = 28.87431341347866 dB
	 $y_{10,52,52}$ = 89.30373302607748 dB
		SNR medio:  39.392682146518716
		Usuarios totais: 3
$x_{10,78}$
	 $y_{10,78,77}$ = 30.001612842690932 dB
	 $y_{10,78,98}$ = 17.65472346928597 dB
	 $y_{10,78,99}$ = 16.76038227941507 dB
		SNR medio:  21.47223953046399
		Usuarios totais: 3
$x_{10,81}$
	 $y_{10,81,80}$ = 29.769552367648046 dB
	 $y_{10,81,92}$ = 21.811063946081674 dB
	 $y_{10,81,61}$ = 23.96744356481156 dB
	 $y_{10,81,82}$ = 33.25229462803884 dB
	 $y_{10,81,72}$ = 25.96139266482504 dB
		SNR medio:  19.25167816734359
		Usuarios totais: 7
$x_{10,84}$
	 $y_{10,84,84}$ = 95.1205744341936 dB
		SNR medio:  95.1205744341936
		Usuarios totais: 1
Distances:
8 : 10 = 3224.9030993194197
8 : 13 = 2039.607805437114
8 : 37 = 1264.9110640673518
8 : 48 = 1600.0
8 : 52 = 3124.099870362662
8 : 78 = 2800.0
8 : 81 = 4252.05832509386
8 : 84 = 3577.7087639996635
10 : 13 = 1200.0
10 : 37 = 2912.043955712207
10 : 48 = 3417.6014981270123
10 : 52 = 1788.8543819998317
10 : 78 = 4000.0
10 : 81 = 2828.42712474619
10 : 84 = 3224.9030993194197
13 : 37 = 1788.8543819998317
13 : 48 = 2332.38075793812
13 : 52 = 1649.2422502470642
13 : 78 = 3124.099870362662
13 : 81 = 2912.043955712207
13 : 84 = 2828.42712474619
37 : 48 = 565.685424949238
37 : 52 = 2154.0659228538016
37 : 78 = 1649.2422502470642
37 : 81 = 3124.099870362662
37 : 84 = 2332.38075793812
48 : 52 = 2433.105012119288
48 : 78 = 1200.0
48 : 81 = 3224.9030993194197
48 : 84 = 2262.741699796952
52 : 78 = 2529.8221281347037
52 : 81 = 1264.9110640673518
52 : 84 = 1442.2205101855957
78 : 81 = 2828.42712474619
78 : 84 = 1649.2422502470642
81 : 84 = 1200.0
t=11
Antennas: [ 8 10 13 37 48 52 78 81 84]
Users: [ 6  7 10 11 12 20 22 23 25 35 52 62 65 70 74 85 94 97]
MinSINR:  31.622776601683793
$x_{11,8}$
	 $y_{11,8,6}$ = 16.271989569013442 dB
	 $y_{11,8,7}$ = 30.19723242923868 dB
		SNR medio:  15.48974066608404
		Usuarios totais: 3
$x_{11,10}$
	 $y_{11,10,10}$ = 87.96353918740145 dB
	 $y_{11,10,20}$ = 36.88589956987455 dB
	 $y_{11,10,11}$ = 29.76609625717697 dB
	 $y_{11,10,12}$ = 25.052519606134098 dB
	 $y_{11,10,23}$ = 17.114504116815908 dB
		SNR medio:  32.7970931229005
		Usuarios totais: 6
$x_{11,13}$
	 $y_{11,13,22}$ = 21.846062733447496 dB
	 $y_{11,13,25}$ = 17.068356009479686 dB
	 $y_{11,13,35}$ = 18.43538791488342 dB
		SNR medio:  14.33745166445265
		Usuarios totais: 4
$x_{11,37}$
		Usuarios totais: 0
$x_{11,48}$
		Usuarios totais: 0
$x_{11,52}$
	 $y_{11,52,65}$ = 15.56745692739689 dB
	 $y_{11,52,52}$ = 89.30373302607748 dB
	 $y_{11,52,62}$ = 33.994518378587806 dB
		SNR medio:  46.28856944402073
		Usuarios totais: 3
$x_{11,78}$
		Usuarios totais: 0
$x_{11,81}$
	 $y_{11,81,70}$ = 29.270546774899472 dB
		SNR medio:  29.270546774899472
		Usuarios totais: 1
$x_{11,84}$
	 $y_{11,84,85}$ = 38.76172601911752 dB
	 $y_{11,84,94}$ = 30.649313484252204 dB
	 $y_{11,84,97}$ = 18.191304288054823 dB
	 $y_{11,84,74}$ = 27.925125395951156 dB
		SNR medio:  23.10549383747514
		Usuarios totais: 5
Distances:
8 : 10 = 3224.9030993194197
8 : 13 = 2039.607805437114
8 : 37 = 1264.9110640673518
8 : 48 = 1600.0
8 : 52 = 3124.099870362662
8 : 78 = 2800.0
8 : 81 = 4252.05832509386
8 : 84 = 3577.7087639996635
10 : 13 = 1200.0
10 : 37 = 2912.043955712207
10 : 48 = 3417.6014981270123
10 : 52 = 1788.8543819998317
10 : 78 = 4000.0
10 : 81 = 2828.42712474619
10 : 84 = 3224.9030993194197
13 : 37 = 1788.8543819998317
13 : 48 = 2332.38075793812
13 : 52 = 1649.2422502470642
13 : 78 = 3124.099870362662
13 : 81 = 2912.043955712207
13 : 84 = 2828.42712474619
37 : 48 = 565.685424949238
37 : 52 = 2154.0659228538016
37 : 78 = 1649.2422502470642
37 : 81 = 3124.099870362662
37 : 84 = 2332.38075793812
48 : 52 = 2433.105012119288
48 : 78 = 1200.0
48 : 81 = 3224.9030993194197
48 : 84 = 2262.741699796952
52 : 78 = 2529.8221281347037
52 : 81 = 1264.9110640673518
52 : 84 = 1442.2205101855957
78 : 81 = 2828.42712474619
78 : 84 = 1649.2422502470642
81 : 84 = 1200.0
--- Done after 0.23205373644828797 hours. ---
