-------------Calculating Solution (this may take a while)
+++++++++++++++++++Min Sinr: 5 dB (pgwo2)
+++++++++++++++++++With backhaul constraint. Start: 2023-02-06 00:28:53

Parameters:
- chosen seed 8
- Map with 100 sectors
- Map 4000 x 4000 m
- Sector has a side of 400 m
- Max time:  12
- users_t_m:  [[0, 0, 0, 0, 0, 0, 0, 0, 0, 0, 0, 0, 0, 0, 0, 0, 0, 0, 0, 0, 0, 0, 0, 0, 0, 0, 0, 0, 0, 0, 0, 0, 0, 0, 0, 0, 0, 0, 0, 0, 0, 0, 0, 0, 0, 0, 0, 0, 0, 0, 0, 0, 0, 0, 0, 0, 0, 0, 0, 0, 0, 0, 0, 0, 0, 0, 0, 0, 0, 0, 0, 0, 9, 1, 0, 0, 0, 0, 0, 0, 0, 0, 25, 1, 0, 0, 0, 0, 0, 0, 0, 0, 0, 1, 0, 0, 0, 0, 0, 0], [1, 1, 1, 1, 0, 0, 0, 0, 0, 0, 2, 0, 1, 0, 0, 0, 0, 0, 0, 0, 0, 0, 0, 1, 0, 0, 0, 0, 0, 0, 0, 0, 0, 0, 1, 1, 1, 0, 1, 0, 0, 0, 0, 0, 0, 0, 0, 0, 0, 0, 1, 0, 0, 0, 0, 0, 0, 0, 2, 0, 0, 2, 3, 1, 1, 1, 1, 0, 0, 0, 1, 0, 6, 2, 0, 1, 0, 1, 0, 0, 0, 0, 16, 3, 1, 0, 0, 0, 0, 2, 0, 0, 0, 2, 0, 1, 0, 0, 1, 1], [1, 1, 0, 0, 0, 0, 2, 2, 0, 0, 0, 1, 1, 0, 3, 0, 1, 1, 1, 2, 1, 0, 0, 0, 1, 0, 0, 1, 1, 0, 4, 0, 0, 0, 1, 0, 0, 0, 1, 1, 0, 1, 0, 1, 0, 1, 0, 1, 0, 0, 0, 0, 0, 0, 1, 2, 0, 1, 0, 0, 0, 0, 1, 0, 0, 0, 0, 0, 2, 1, 0, 3, 4, 3, 0, 2, 2, 1, 0, 1, 0, 1, 21, 3, 1, 1, 0, 0, 1, 1, 1, 0, 1, 3, 0, 1, 0, 0, 1, 0], [0, 0, 1, 0, 0, 1, 0, 0, 1, 1, 1, 2, 1, 1, 2, 0, 0, 3, 0, 0, 4, 2, 2, 1, 1, 1, 1, 1, 1, 0, 2, 0, 1, 1, 1, 0, 0, 1, 0, 1, 0, 0, 1, 1, 2, 0, 2, 1, 1, 2, 2, 0, 2, 0, 1, 0, 0, 0, 1, 1, 1, 0, 2, 3, 0, 4, 1, 0, 0, 0, 1, 0, 5, 6, 0, 2, 2, 1, 1, 1, 0, 2, 18, 3, 2, 0, 0, 1, 0, 1, 1, 2, 1, 3, 1, 0, 2, 1, 0, 1], [0, 3, 2, 2, 2, 2, 2, 1, 2, 0, 5, 3, 0, 3, 1, 1, 0, 4, 0, 1, 1, 1, 2, 1, 0, 2, 1, 1, 4, 3, 0, 2, 0, 1, 0, 0, 1, 0, 1, 2, 1, 0, 1, 0, 1, 2, 1, 1, 1, 0, 1, 1, 1, 1, 1, 1, 1, 2, 0, 1, 2, 1, 0, 2, 0, 0, 1, 4, 3, 2, 1, 1, 8, 3, 1, 2, 2, 1, 2, 1, 1, 2, 17, 4, 2, 0, 1, 0, 0, 1, 0, 4, 1, 3, 0, 1, 0, 2, 0, 1], [2, 1, 1, 3, 2, 3, 2, 0, 2, 2, 0, 1, 1, 0, 1, 2, 1, 4, 0, 2, 1, 4, 1, 1, 2, 1, 1, 0, 1, 1, 3, 0, 5, 0, 4, 0, 1, 0, 1, 1, 2, 1, 0, 1, 1, 1, 3, 1, 3, 1, 4, 5, 2, 2, 4, 1, 2, 4, 0, 0, 0, 0, 1, 2, 0, 5, 0, 1, 1, 3, 3, 2, 7, 0, 0, 4, 2, 1, 4, 1, 0, 1, 22, 6, 5, 1, 1, 1, 3, 1, 1, 2, 2, 3, 0, 0, 0, 0, 4, 0], [3, 3, 2, 2, 1, 0, 0, 1, 1, 0, 1, 1, 0, 3, 3, 1, 2, 1, 1, 1, 1, 0, 2, 1, 1, 3, 3, 2, 1, 1, 1, 0, 1, 1, 1, 0, 0, 2, 1, 0, 5, 1, 1, 3, 2, 0, 4, 1, 0, 1, 2, 3, 2, 6, 1, 1, 1, 2, 3, 0, 6, 3, 4, 3, 2, 2, 0, 5, 1, 2, 0, 0, 0, 1, 1, 1, 0, 1, 0, 0, 2, 0, 5, 1, 1, 1, 2, 2, 2, 3, 0, 1, 2, 2, 1, 1, 2, 1, 3, 2], [1, 1, 2, 1, 1, 0, 2, 0, 1, 0, 3, 3, 0, 0, 4, 2, 1, 1, 1, 0, 1, 3, 4, 0, 2, 2, 1, 1, 2, 4, 3, 0, 0, 2, 1, 1, 2, 1, 2, 3, 0, 1, 1, 3, 0, 1, 3, 1, 0, 2, 0, 0, 1, 1, 0, 1, 1, 1, 1, 1, 2, 3, 1, 2, 3, 1, 0, 0, 2, 0, 1, 1, 1, 0, 1, 1, 2, 0, 3, 0, 1, 3, 2, 3, 1, 1, 1, 1, 1, 0, 1, 1, 1, 1, 0, 3, 1, 0, 0, 3], [1, 1, 0, 1, 4, 2, 1, 0, 4, 1, 2, 1, 1, 1, 1, 0, 2, 0, 3, 2, 1, 0, 1, 1, 2, 1, 0, 0, 1, 2, 0, 0, 1, 2, 1, 0, 0, 2, 0, 0, 2, 1, 0, 2, 0, 2, 1, 2, 0, 0, 2, 1, 2, 1, 3, 0, 2, 1, 1, 0, 0, 1, 0, 1, 2, 1, 2, 0, 2, 1, 0, 1, 1, 0, 1, 1, 0, 1, 0, 3, 1, 0, 2, 0, 3, 3, 1, 0, 0, 0, 0, 1, 1, 1, 0, 2, 2, 3, 0, 0], [0, 1, 1, 1, 0, 2, 2, 1, 0, 0, 2, 0, 1, 1, 1, 3, 1, 0, 0, 1, 1, 1, 0, 2, 1, 2, 1, 1, 2, 0, 1, 1, 4, 2, 1, 0, 1, 2, 0, 0, 0, 0, 2, 0, 1, 0, 0, 2, 1, 1, 1, 1, 0, 1, 0, 2, 0, 3, 1, 3, 0, 1, 1, 0, 0, 0, 1, 2, 0, 0, 0, 1, 0, 1, 0, 1, 1, 2, 0, 3, 1, 0, 1, 0, 0, 0, 0, 0, 0, 0, 0, 1, 1, 1, 0, 1, 1, 1, 1, 1], [0, 1, 1, 0, 1, 2, 0, 0, 0, 1, 2, 1, 1, 0, 2, 0, 1, 1, 0, 0, 0, 0, 1, 2, 2, 3, 0, 1, 1, 0, 0, 1, 2, 0, 0, 0, 0, 0, 1, 0, 0, 0, 0, 0, 2, 1, 0, 3, 1, 1, 0, 1, 1, 0, 0, 0, 0, 1, 0, 1, 2, 2, 0, 0, 0, 0, 0, 1, 1, 0, 1, 1, 1, 1, 1, 0, 0, 0, 0, 1, 0, 0, 0, 0, 0, 0, 0, 1, 0, 1, 0, 0, 0, 0, 0, 0, 1, 0, 0, 1], [0, 0, 1, 1, 0, 0, 0, 0, 1, 0, 0, 0, 0, 0, 0, 0, 0, 1, 0, 0, 0, 0, 0, 0, 1, 0, 0, 1, 3, 0, 0, 0, 0, 0, 0, 0, 1, 0, 0, 0, 0, 1, 0, 0, 0, 0, 1, 0, 0, 0, 0, 0, 1, 0, 0, 0, 0, 0, 0, 0, 0, 0, 0, 0, 0, 0, 0, 0, 1, 1, 1, 0, 1, 1, 0, 0, 0, 0, 0, 1, 0, 0, 0, 0, 0, 1, 0, 0, 1, 0, 0, 0, 1, 1, 1, 1, 0, 1, 1, 1]]
users_0_m:
[0, 0, 0, 0, 0, 0, 0, 0, 0, 0]
[0, 0, 0, 0, 0, 0, 0, 0, 0, 0]
[0, 0, 0, 0, 0, 0, 0, 0, 0, 0]
[0, 0, 0, 0, 0, 0, 0, 0, 0, 0]
[0, 0, 0, 0, 0, 0, 0, 0, 0, 0]
[0, 0, 0, 0, 0, 0, 0, 0, 0, 0]
[0, 0, 0, 0, 0, 0, 0, 0, 0, 0]
[0, 0, 9, 1, 0, 0, 0, 0, 0, 0]
[0, 0, 25, 1, 0, 0, 0, 0, 0, 0]
[0, 0, 0, 1, 0, 0, 0, 0, 0, 0]
users_1_m:
[1, 1, 1, 1, 0, 0, 0, 0, 0, 0]
[2, 0, 1, 0, 0, 0, 0, 0, 0, 0]
[0, 0, 0, 1, 0, 0, 0, 0, 0, 0]
[0, 0, 0, 0, 1, 1, 1, 0, 1, 0]
[0, 0, 0, 0, 0, 0, 0, 0, 0, 0]
[1, 0, 0, 0, 0, 0, 0, 0, 2, 0]
[0, 2, 3, 1, 1, 1, 1, 0, 0, 0]
[1, 0, 6, 2, 0, 1, 0, 1, 0, 0]
[0, 0, 16, 3, 1, 0, 0, 0, 0, 2]
[0, 0, 0, 2, 0, 1, 0, 0, 1, 1]
users_2_m:
[1, 1, 0, 0, 0, 0, 2, 2, 0, 0]
[0, 1, 1, 0, 3, 0, 1, 1, 1, 2]
[1, 0, 0, 0, 1, 0, 0, 1, 1, 0]
[4, 0, 0, 0, 1, 0, 0, 0, 1, 1]
[0, 1, 0, 1, 0, 1, 0, 1, 0, 0]
[0, 0, 0, 0, 1, 2, 0, 1, 0, 0]
[0, 0, 1, 0, 0, 0, 0, 0, 2, 1]
[0, 3, 4, 3, 0, 2, 2, 1, 0, 1]
[0, 1, 21, 3, 1, 1, 0, 0, 1, 1]
[1, 0, 1, 3, 0, 1, 0, 0, 1, 0]
users_3_m:
[0, 0, 1, 0, 0, 1, 0, 0, 1, 1]
[1, 2, 1, 1, 2, 0, 0, 3, 0, 0]
[4, 2, 2, 1, 1, 1, 1, 1, 1, 0]
[2, 0, 1, 1, 1, 0, 0, 1, 0, 1]
[0, 0, 1, 1, 2, 0, 2, 1, 1, 2]
[2, 0, 2, 0, 1, 0, 0, 0, 1, 1]
[1, 0, 2, 3, 0, 4, 1, 0, 0, 0]
[1, 0, 5, 6, 0, 2, 2, 1, 1, 1]
[0, 2, 18, 3, 2, 0, 0, 1, 0, 1]
[1, 2, 1, 3, 1, 0, 2, 1, 0, 1]
users_4_m:
[0, 3, 2, 2, 2, 2, 2, 1, 2, 0]
[5, 3, 0, 3, 1, 1, 0, 4, 0, 1]
[1, 1, 2, 1, 0, 2, 1, 1, 4, 3]
[0, 2, 0, 1, 0, 0, 1, 0, 1, 2]
[1, 0, 1, 0, 1, 2, 1, 1, 1, 0]
[1, 1, 1, 1, 1, 1, 1, 2, 0, 1]
[2, 1, 0, 2, 0, 0, 1, 4, 3, 2]
[1, 1, 8, 3, 1, 2, 2, 1, 2, 1]
[1, 2, 17, 4, 2, 0, 1, 0, 0, 1]
[0, 4, 1, 3, 0, 1, 0, 2, 0, 1]
users_5_m:
[2, 1, 1, 3, 2, 3, 2, 0, 2, 2]
[0, 1, 1, 0, 1, 2, 1, 4, 0, 2]
[1, 4, 1, 1, 2, 1, 1, 0, 1, 1]
[3, 0, 5, 0, 4, 0, 1, 0, 1, 1]
[2, 1, 0, 1, 1, 1, 3, 1, 3, 1]
[4, 5, 2, 2, 4, 1, 2, 4, 0, 0]
[0, 0, 1, 2, 0, 5, 0, 1, 1, 3]
[3, 2, 7, 0, 0, 4, 2, 1, 4, 1]
[0, 1, 22, 6, 5, 1, 1, 1, 3, 1]
[1, 2, 2, 3, 0, 0, 0, 0, 4, 0]
users_6_m:
[3, 3, 2, 2, 1, 0, 0, 1, 1, 0]
[1, 1, 0, 3, 3, 1, 2, 1, 1, 1]
[1, 0, 2, 1, 1, 3, 3, 2, 1, 1]
[1, 0, 1, 1, 1, 0, 0, 2, 1, 0]
[5, 1, 1, 3, 2, 0, 4, 1, 0, 1]
[2, 3, 2, 6, 1, 1, 1, 2, 3, 0]
[6, 3, 4, 3, 2, 2, 0, 5, 1, 2]
[0, 0, 0, 1, 1, 1, 0, 1, 0, 0]
[2, 0, 5, 1, 1, 1, 2, 2, 2, 3]
[0, 1, 2, 2, 1, 1, 2, 1, 3, 2]
users_7_m:
[1, 1, 2, 1, 1, 0, 2, 0, 1, 0]
[3, 3, 0, 0, 4, 2, 1, 1, 1, 0]
[1, 3, 4, 0, 2, 2, 1, 1, 2, 4]
[3, 0, 0, 2, 1, 1, 2, 1, 2, 3]
[0, 1, 1, 3, 0, 1, 3, 1, 0, 2]
[0, 0, 1, 1, 0, 1, 1, 1, 1, 1]
[2, 3, 1, 2, 3, 1, 0, 0, 2, 0]
[1, 1, 1, 0, 1, 1, 2, 0, 3, 0]
[1, 3, 2, 3, 1, 1, 1, 1, 1, 0]
[1, 1, 1, 1, 0, 3, 1, 0, 0, 3]
users_8_m:
[1, 1, 0, 1, 4, 2, 1, 0, 4, 1]
[2, 1, 1, 1, 1, 0, 2, 0, 3, 2]
[1, 0, 1, 1, 2, 1, 0, 0, 1, 2]
[0, 0, 1, 2, 1, 0, 0, 2, 0, 0]
[2, 1, 0, 2, 0, 2, 1, 2, 0, 0]
[2, 1, 2, 1, 3, 0, 2, 1, 1, 0]
[0, 1, 0, 1, 2, 1, 2, 0, 2, 1]
[0, 1, 1, 0, 1, 1, 0, 1, 0, 3]
[1, 0, 2, 0, 3, 3, 1, 0, 0, 0]
[0, 1, 1, 1, 0, 2, 2, 3, 0, 0]
users_9_m:
[0, 1, 1, 1, 0, 2, 2, 1, 0, 0]
[2, 0, 1, 1, 1, 3, 1, 0, 0, 1]
[1, 1, 0, 2, 1, 2, 1, 1, 2, 0]
[1, 1, 4, 2, 1, 0, 1, 2, 0, 0]
[0, 0, 2, 0, 1, 0, 0, 2, 1, 1]
[1, 1, 0, 1, 0, 2, 0, 3, 1, 3]
[0, 1, 1, 0, 0, 0, 1, 2, 0, 0]
[0, 1, 0, 1, 0, 1, 1, 2, 0, 3]
[1, 0, 1, 0, 0, 0, 0, 0, 0, 0]
[0, 1, 1, 1, 0, 1, 1, 1, 1, 1]
users_10_m:
[0, 1, 1, 0, 1, 2, 0, 0, 0, 1]
[2, 1, 1, 0, 2, 0, 1, 1, 0, 0]
[0, 0, 1, 2, 2, 3, 0, 1, 1, 0]
[0, 1, 2, 0, 0, 0, 0, 0, 1, 0]
[0, 0, 0, 0, 2, 1, 0, 3, 1, 1]
[0, 1, 1, 0, 0, 0, 0, 1, 0, 1]
[2, 2, 0, 0, 0, 0, 0, 1, 1, 0]
[1, 1, 1, 1, 1, 0, 0, 0, 0, 1]
[0, 0, 0, 0, 0, 0, 0, 1, 0, 1]
[0, 0, 0, 0, 0, 0, 1, 0, 0, 1]
users_11_m:
[0, 0, 1, 1, 0, 0, 0, 0, 1, 0]
[0, 0, 0, 0, 0, 0, 0, 1, 0, 0]
[0, 0, 0, 0, 1, 0, 0, 1, 3, 0]
[0, 0, 0, 0, 0, 0, 1, 0, 0, 0]
[0, 1, 0, 0, 0, 0, 1, 0, 0, 0]
[0, 0, 1, 0, 0, 0, 0, 0, 0, 0]
[0, 0, 0, 0, 0, 0, 0, 0, 1, 1]
[1, 0, 1, 1, 0, 0, 0, 0, 0, 1]
[0, 0, 0, 0, 0, 1, 0, 0, 1, 0]
[0, 0, 1, 1, 1, 1, 0, 1, 1, 1]
MAX_USER_PER_ANTENNAS_m:  [40, 40, 40, 40, 40, 40, 40, 40, 40, 40, 40, 40, 40, 40, 40, 40, 40, 40, 40, 40, 40, 40, 40, 40, 40, 40, 40, 40, 40, 40, 40, 40, 40, 40, 40, 40, 40, 40, 40, 40, 40, 40, 40, 40, 40, 40, 40, 40, 40, 40, 40, 40, 40, 40, 40, 40, 40, 40, 40, 40, 40, 40, 40, 40, 40, 40, 40, 40, 40, 40, 40, 40, 40, 40, 40, 40, 40, 40, 40, 40, 40, 40, 40, 40, 40, 40, 40, 40, 40, 40, 40, 40, 40, 40, 40, 40, 40, 40, 40, 40]
antennas_map_m:  [1, 1, 1, 1, 1, 1, 1, 1, 1, 1, 1, 1, 1, 1, 1, 1, 1, 1, 1, 1, 1, 1, 1, 1, 1, 1, 1, 1, 1, 1, 1, 1, 1, 1, 1, 1, 1, 1, 1, 1, 1, 1, 1, 1, 1, 1, 1, 1, 1, 1, 1, 1, 1, 1, 1, 1, 1, 1, 1, 1, 1, 1, 1, 1, 1, 1, 1, 1, 1, 1, 1, 1, 1, 1, 1, 1, 1, 1, 1, 1, 1, 1, 1, 1, 1, 1, 1, 1, 1, 1, 1, 1, 1, 1, 1, 1, 1, 1, 1, 1]
FIRST_ANTENNA:  2
MIN_SNR_m:  [3.1622776601683795, 3.1622776601683795, 3.1622776601683795, 3.1622776601683795, 3.1622776601683795, 3.1622776601683795, 3.1622776601683795, 3.1622776601683795, 3.1622776601683795, 3.1622776601683795, 3.1622776601683795, 3.1622776601683795, 3.1622776601683795, 3.1622776601683795, 3.1622776601683795, 3.1622776601683795, 3.1622776601683795, 3.1622776601683795, 3.1622776601683795, 3.1622776601683795, 3.1622776601683795, 3.1622776601683795, 3.1622776601683795, 3.1622776601683795, 3.1622776601683795, 3.1622776601683795, 3.1622776601683795, 3.1622776601683795, 3.1622776601683795, 3.1622776601683795, 3.1622776601683795, 3.1622776601683795, 3.1622776601683795, 3.1622776601683795, 3.1622776601683795, 3.1622776601683795, 3.1622776601683795, 3.1622776601683795, 3.1622776601683795, 3.1622776601683795, 3.1622776601683795, 3.1622776601683795, 3.1622776601683795, 3.1622776601683795, 3.1622776601683795, 3.1622776601683795, 3.1622776601683795, 3.1622776601683795, 3.1622776601683795, 3.1622776601683795, 3.1622776601683795, 3.1622776601683795, 3.1622776601683795, 3.1622776601683795, 3.1622776601683795, 3.1622776601683795, 3.1622776601683795, 3.1622776601683795, 3.1622776601683795, 3.1622776601683795, 3.1622776601683795, 3.1622776601683795, 3.1622776601683795, 3.1622776601683795, 3.1622776601683795, 3.1622776601683795, 3.1622776601683795, 3.1622776601683795, 3.1622776601683795, 3.1622776601683795, 3.1622776601683795, 3.1622776601683795, 3.1622776601683795, 3.1622776601683795, 3.1622776601683795, 3.1622776601683795, 3.1622776601683795, 3.1622776601683795, 3.1622776601683795, 3.1622776601683795, 3.1622776601683795, 3.1622776601683795, 3.1622776601683795, 3.1622776601683795, 3.1622776601683795, 3.1622776601683795, 3.1622776601683795, 3.1622776601683795, 3.1622776601683795, 3.1622776601683795, 3.1622776601683795, 3.1622776601683795, 3.1622776601683795, 3.1622776601683795, 3.1622776601683795, 3.1622776601683795, 3.1622776601683795, 3.1622776601683795, 3.1622776601683795, 3.1622776601683795]
-MIN_DIST:  2000
- disaster percentage:  0

Slice  0
Updating fitness _wolf
--------

Run GWO to deployment +1 antenna on the map
	Pack size:  300
	Wolf dimension 1
	Max iter 100
	antennas_regions:  [2]
	users_regions:  [72 73 82 83 93]
	Seed_base:  40047
initial_alpha:  Wolf 0 (40047). Fitness: 2107.226774043848
	(1318.8605853784527, 1664.3295082895136, 0). Region: 43
initial_beta:  Wolf 50 (40097). Fitness: 2107.226774043848
	(1336.2473463752694, 1712.055341095392, 0). Region: 43
initial_delta:  Wolf 78 (40125). Fitness: 2107.226774043848
	(1566.1040586803897, 1809.188631883699, 0). Region: 43 

iter = 10
Alpha wolf:  Wolf 0 (40047). Fitness: 2107.226774043848
	(1318.8605853784527, 1664.3295082895136, 0). Region: 43
iter = 20
Alpha wolf:  Wolf 0 (40047). Fitness: 2107.226774043848
	(1422.6192791938795, 1627.1695699579504, 0.0). Region: 43
iter = 30
Alpha wolf:  Wolf 0 (40047). Fitness: 2107.226774043848
	(1209.4541873309765, 1664.792341271061, 0.0). Region: 43
iter = 40
Alpha wolf:  Wolf 0 (40047). Fitness: 2107.226774043848
	(1209.4541873309765, 1664.792341271061, 0.0). Region: 43
iter = 50
Alpha wolf:  Wolf 0 (40047). Fitness: 2107.226774043848
	(1209.4541873309765, 1664.792341271061, 0.0). Region: 43
iter = 60
Alpha wolf:  Wolf 0 (40047). Fitness: 2107.226774043848
	(1575.3603598612026, 1900.54703314584, 0.0). Region: 43
iter = 70
Alpha wolf:  Wolf 0 (40047). Fitness: 2107.226774043848
	(1424.168324342267, 1803.4826221776977, 0.0). Region: 43
iter = 80
Alpha wolf:  Wolf 0 (40047). Fitness: 2107.226774043848
	(1288.2910413286677, 1821.8870171964236, 0.0). Region: 43
iter = 90
Alpha wolf:  Wolf 0 (40047). Fitness: 2107.226774043848
	(1342.9609638781942, 1690.0234224329515, 0.0). Region: 43

- Finishing GWO - 

Best solution:  Wolf 0 (40047). Fitness: 2107.226774043848
	(1458.8146709629575, 1655.9103066463813, 0.0). Region: 43
Antennas in slice 0:  [ 2 43]

Slice  1
Updating fitness _wolf
--------

Run GWO to deployment +1 antenna on the map
	Pack size:  300
	Wolf dimension 1
	Max iter 100
	antennas_regions:  [ 2 43]
	users_regions:  [ 0  1  2  3 10 12 23 34 35 36 38 50 58 61 62 63 64 65 66 70 72 73 75 77
 82 83 84 89 93 95 98 99]
	Seed_base:  70785
initial_alpha:  Wolf 113 (70898). Fitness: 0.00012627051722284232
	(2744.6956385458725, 2827.1884322660085, 0). Region: 76
initial_beta:  Wolf 196 (70981). Fitness: 0.00012627051722284232
	(2599.073939624561, 2981.3517264948014, 0). Region: 76
initial_delta:  Wolf 233 (71018). Fitness: 0.00012627051722284232
	(2491.1730697511766, 2917.9612757642544, 0). Region: 76 

iter = 10
Alpha wolf:  Wolf 113 (70898). Fitness: 0.00012627051722284232
	(2744.6956385458725, 2827.1884322660085, 0). Region: 76
iter = 20
Alpha wolf:  Wolf 113 (70898). Fitness: 0.00012627051722284232
	(2744.6956385458725, 2827.1884322660085, 0). Region: 76
iter = 30
Alpha wolf:  Wolf 113 (70898). Fitness: 0.00012627051722284232
	(2744.6956385458725, 2827.1884322660085, 0). Region: 76
iter = 40
Alpha wolf:  Wolf 113 (70898). Fitness: 0.00012627051722284232
	(2744.6956385458725, 2827.1884322660085, 0). Region: 76
iter = 50
Alpha wolf:  Wolf 113 (70898). Fitness: 0.00012627051722284232
	(2744.6956385458725, 2827.1884322660085, 0). Region: 76
iter = 60
Alpha wolf:  Wolf 113 (70898). Fitness: 0.00012627051722284232
	(2744.6956385458725, 2827.1884322660085, 0). Region: 76
iter = 70
Alpha wolf:  Wolf 113 (70898). Fitness: 0.00012627051722284232
	(2564.3117402724047, 3031.9098871951996, 0.0). Region: 76
iter = 80
Alpha wolf:  Wolf 113 (70898). Fitness: 0.00012627051722284232
	(2528.1889430770907, 2923.6047964387567, 0.0). Region: 76
iter = 90
Alpha wolf:  Wolf 113 (70898). Fitness: 0.00012627051722284232
	(2530.0415518615573, 2864.8156275222536, 0.0). Region: 76

- Finishing GWO - 

Best solution:  Wolf 113 (70898). Fitness: 0.00012627051722284232
	(2791.708790174075, 2889.520543886689, 0.0). Region: 76
Antennas in slice 1:  [ 2 43 76]

Slice  2
Updating fitness _wolf
--------

Run GWO to deployment +1 antenna on the map
	Pack size:  300
	Wolf dimension 1
	Max iter 100
	antennas_regions:  [ 2 43 76]
	users_regions:  [ 0  1  6  7 11 12 14 16 17 18 19 20 24 27 28 30 34 38 39 41 43 45 47 54
 55 57 62 68 69 71 72 73 75 76 77 79 81 82 83 84 85 88 89 90 92 93 95 98]
	Seed_base:  41423
initial_alpha:  Wolf 32 (41455). Fitness: 3.799113511681873e-05
	(1407.5871820614366, 2367.251356413721, 0). Region: 53
initial_beta:  Wolf 79 (41502). Fitness: 3.799113511681873e-05
	(1332.3536328247587, 2398.743527981917, 0). Region: 53
initial_delta:  Wolf 119 (41542). Fitness: 3.799113511681873e-05
	(1225.1953986274407, 2225.101545768398, 0). Region: 53 

iter = 10
Alpha wolf:  Wolf 32 (41455). Fitness: 3.799113511681873e-05
	(1517.3439987224892, 2010.6437266538026, 0.0). Region: 53
iter = 20
Alpha wolf:  Wolf 32 (41455). Fitness: 3.799113511681873e-05
	(1517.3439987224892, 2010.6437266538026, 0.0). Region: 53
iter = 30
Alpha wolf:  Wolf 32 (41455). Fitness: 3.799113511681873e-05
	(1517.3439987224892, 2010.6437266538026, 0.0). Region: 53
iter = 40
Alpha wolf:  Wolf 32 (41455). Fitness: 3.799113511681873e-05
	(1517.3439987224892, 2010.6437266538026, 0.0). Region: 53
iter = 50
Alpha wolf:  Wolf 32 (41455). Fitness: 3.799113511681873e-05
	(1243.0298245961958, 2021.0256041350003, 0.0). Region: 53
iter = 60
Alpha wolf:  Wolf 32 (41455). Fitness: 3.799113511681873e-05
	(1549.217964251527, 2266.8364149285408, 0.0). Region: 53
iter = 70
Alpha wolf:  Wolf 32 (41455). Fitness: 3.799113511681873e-05
	(1380.0216675863803, 2303.664579322751, 0.0). Region: 53
iter = 80
Alpha wolf:  Wolf 32 (41455). Fitness: 3.799113511681873e-05
	(1287.8579877069367, 2200.7146479993885, 0.0). Region: 53
iter = 90
Alpha wolf:  Wolf 32 (41455). Fitness: 3.799113511681873e-05
	(1320.3887763835914, 2075.365537225979, 0.0). Region: 53

- Finishing GWO - 

Best solution:  Wolf 32 (41455). Fitness: 3.799113511681873e-05
	(1518.8402437500094, 2076.419338270322, 0.0). Region: 53
Antennas in slice 2:  [ 2 43 53 76]

Slice  3
Updating fitness _wolf
--------

Run GWO to deployment +1 antenna on the map
	Pack size:  300
	Wolf dimension 1
	Max iter 100
	antennas_regions:  [ 2 43 53 76]
	users_regions:  [ 2  5  8  9 10 11 12 13 14 17 20 21 22 23 24 25 26 27 28 30 32 33 34 37
 39 42 43 44 46 47 48 49 50 52 54 58 59 60 62 63 65 66 70 72 73 75 76 77
 78 79 81 82 83 84 87 89 90 91 92 93 94 96 97 99]
	Seed_base:  95821
initial_alpha:  Wolf 56 (95877). Fitness: 0.00019173922711875847
	(2540.0844916279393, 1428.1946466005975, 0). Region: 36
initial_beta:  Wolf 176 (95997). Fitness: 0.00019173922711875847
	(2605.3413502759304, 1435.9901696624618, 0). Region: 36
initial_delta:  Wolf 211 (96032). Fitness: 0.00019173922711875847
	(2536.931865522539, 1578.745397495139, 0). Region: 36 

iter = 10
Alpha wolf:  Wolf 56 (95877). Fitness: 0.00019173922711875847
	(2540.0844916279393, 1428.1946466005975, 0). Region: 36
iter = 20
Alpha wolf:  Wolf 56 (95877). Fitness: 0.00019173922711875847
	(2441.677009886198, 1398.049629500339, 0.0). Region: 36
iter = 30
Alpha wolf:  Wolf 56 (95877). Fitness: 0.00019173922711875847
	(2448.069619726907, 1258.1949020581035, 0.0). Region: 36
iter = 40
Alpha wolf:  Wolf 56 (95877). Fitness: 0.00019173922711875847
	(2448.069619726907, 1258.1949020581035, 0.0). Region: 36
iter = 50
Alpha wolf:  Wolf 56 (95877). Fitness: 0.00019173922711875847
	(2676.4828037668667, 1281.000041096914, 0.0). Region: 36
iter = 60
Alpha wolf:  Wolf 56 (95877). Fitness: 0.00019173922711875847
	(2468.943930016175, 1253.499257342387, 0.0). Region: 36
iter = 70
Alpha wolf:  Wolf 56 (95877). Fitness: 0.00019173922711875847
	(2797.5024743385006, 1537.4129070354265, 0.0). Region: 36
iter = 80
Alpha wolf:  Wolf 56 (95877). Fitness: 0.00019173922711875847
	(2504.2951990808765, 1363.7439573305069, 0.0). Region: 36
iter = 90
Alpha wolf:  Wolf 56 (95877). Fitness: 0.00019173922711875847
	(2552.7298224796436, 1203.8237555247636, 0.0). Region: 36

- Finishing GWO - 

Best solution:  Wolf 56 (95877). Fitness: 0.00019173922711875847
	(2785.096627670395, 1240.9629116728895, 0.0). Region: 36
Antennas in slice 3:  [ 2 36 43 53 76]

Slice  4
Updating fitness _wolf
--------
The set of antennas serves the scenario in the respective slice(4).

Slice  5
Updating fitness _wolf
--------
The set of antennas serves the scenario in the respective slice(5).

Slice  6
Updating fitness _wolf
--------
The set of antennas serves the scenario in the respective slice(6).

Slice  7
Updating fitness _wolf
--------
The set of antennas serves the scenario in the respective slice(7).

Slice  8
Updating fitness _wolf
--------
The set of antennas serves the scenario in the respective slice(8).

Slice  9
Updating fitness _wolf
--------
The set of antennas serves the scenario in the respective slice(9).

Slice  10
Updating fitness _wolf
--------
The set of antennas serves the scenario in the respective slice(10).

Slice  11
Updating fitness _wolf
--------
The set of antennas serves the scenario in the respective slice(11).

Média de carros: 4.5
t=0
Antennas: [ 2 43]
Users: [72 73 82 83 93]
MinSINR:  3.1622776601683795
$x_{0,2}$
		Usuarios totais: 0
$x_{0,43}$
	 $y_{0,43,72}$ = 6.17512347014393 dB
	 $y_{0,43,73}$ = 11.228256902632552 dB
	 $y_{0,43,82}$ = 7.8819776900948 dB
	 $y_{0,43,83}$ = 8.947163457213037 dB
	 $y_{0,43,93}$ = 9.40071306031615 dB
		SNR medio:  1.1792766102810937
		Usuarios totais: 37
Distances:
2 : 43 = 1649.2422502470642
t=1
Antennas: [ 2 43 76]
Users: [ 0  1  2  3 10 12 23 34 35 36 38 50 58 61 62 63 64 65 66 70 72 73 75 77
 82 83 84 89 93 95 98 99]
MinSINR:  3.1622776601683795
$x_{1,2}$
	 $y_{1,2,0}$ = 20.70598360603269 dB
	 $y_{1,2,2}$ = 87.58681715075753 dB
	 $y_{1,2,3}$ = 25.5285165846647 dB
	 $y_{1,2,10}$ = 22.140405022937898 dB
	 $y_{1,2,12}$ = 34.66720617272664 dB
		SNR medio:  31.77148808951991
		Usuarios totais: 6
$x_{1,43}$
	 $y_{1,43,34}$ = 20.94383034032542 dB
	 $y_{1,43,50}$ = 11.317470427971443 dB
	 $y_{1,43,70}$ = 6.938790906987947 dB
	 $y_{1,43,82}$ = 7.8819776900948 dB
	 $y_{1,43,1}$ = 6.878786321445304 dB
	 $y_{1,43,23}$ = 12.981461555139788 dB
	 $y_{1,43,35}$ = 18.885258168861697 dB
	 $y_{1,43,61}$ = 5.8266497817530745 dB
	 $y_{1,43,63}$ = 25.938605504628356 dB
	 $y_{1,43,64}$ = 20.92358769137921 dB
	 $y_{1,43,65}$ = 7.1066227776848905 dB
	 $y_{1,43,66}$ = 12.796329492836833 dB
	 $y_{1,43,72}$ = 6.17512347014393 dB
	 $y_{1,43,73}$ = 11.228256902632552 dB
	 $y_{1,43,75}$ = 9.317762250792939 dB
	 $y_{1,43,83}$ = 8.947163457213037 dB
		SNR medio:  4.852191918497281
		Usuarios totais: 40
$x_{1,76}$
	 $y_{1,76,38}$ = 5.708884163646076 dB
	 $y_{1,76,58}$ = 17.3999700420337 dB
	 $y_{1,76,77}$ = 30.159242673057335 dB
	 $y_{1,76,89}$ = 12.339012726668841 dB
	 $y_{1,76,95}$ = 18.15653449790331 dB
	 $y_{1,76,98}$ = 11.669828903416288 dB
	 $y_{1,76,99}$ = 7.666644983695136 dB
	 $y_{1,76,84}$ = 16.589991829084383 dB
	 $y_{1,76,93}$ = 14.229273204940284 dB
	 $y_{1,76,36}$ = 12.52017640279999 dB
	 $y_{1,76,62}$ = 9.834694757270029 dB
		SNR medio:  9.76714088653221
		Usuarios totais: 16
Distances:
2 : 43 = 1649.2422502470642
2 : 76 = 3224.9030993194197
43 : 76 = 1697.0562748477141
t=2
Antennas: [ 2 43 53 76]
Users: [ 0  1  6  7 11 12 14 16 17 18 19 20 24 27 28 30 34 38 39 41 43 45 47 54
 55 57 62 68 69 71 72 73 75 76 77 79 81 82 83 84 85 88 89 90 92 93 95 98]
MinSINR:  3.1622776601683795
$x_{2,2}$
	 $y_{2,2,0}$ = 20.70598360603269 dB
	 $y_{2,2,14}$ = 24.228137186138397 dB
	 $y_{2,2,19}$ = 7.541069266532077 dB
	 $y_{2,2,12}$ = 34.66720617272664 dB
	 $y_{2,2,16}$ = 6.670737064963532 dB
		SNR medio:  11.726641662049166
		Usuarios totais: 8
$x_{2,43}$
	 $y_{2,43,6}$ = 6.535419033162469 dB
	 $y_{2,43,7}$ = 12.68864005454705 dB
	 $y_{2,43,27}$ = 5.2194599695458805 dB
	 $y_{2,43,82}$ = 7.8819776900948 dB
	 $y_{2,43,1}$ = 6.878786321445304 dB
	 $y_{2,43,17}$ = 7.312350788243208 dB
	 $y_{2,43,34}$ = 20.94383034032542 dB
	 $y_{2,43,84}$ = 7.0426983517150745 dB
	 $y_{2,43,92}$ = 7.628679206615828 dB
	 $y_{2,43,20}$ = 7.80163616538826 dB
	 $y_{2,43,24}$ = 21.137144312826635 dB
	 $y_{2,43,30}$ = 13.537958221207049 dB
	 $y_{2,43,41}$ = 19.24831767307586 dB
	 $y_{2,43,43}$ = 93.85261000140946 dB
	 $y_{2,43,45}$ = 22.997819787164147 dB
		SNR medio:  6.51768319791916
		Usuarios totais: 40
$x_{2,53}$
	 $y_{2,53,18}$ = 5.509369335318041 dB
	 $y_{2,53,28}$ = 5.806713837283411 dB
	 $y_{2,53,39}$ = 9.615419531781114 dB
	 $y_{2,53,81}$ = 8.195980543559259 dB
	 $y_{2,53,90}$ = 6.629476025336842 dB
		SNR medio:  7.151391854655733
		Usuarios totais: 5
$x_{2,76}$
	 $y_{2,76,38}$ = 5.708884163646076 dB
	 $y_{2,76,69}$ = 12.34524873656045 dB
	 $y_{2,76,77}$ = 30.159242673057335 dB
	 $y_{2,76,79}$ = 16.372794333479717 dB
	 $y_{2,76,88}$ = 16.403221647095194 dB
	 $y_{2,76,89}$ = 12.339012726668841 dB
	 $y_{2,76,98}$ = 11.669828903416288 dB
	 $y_{2,76,68}$ = 12.858048823891153 dB
	 $y_{2,76,71}$ = 11.619484604607493 dB
	 $y_{2,76,76}$ = 85.76063786406152 dB
	 $y_{2,76,85}$ = 23.109111358536836 dB
	 $y_{2,76,95}$ = 18.15653449790331 dB
	 $y_{2,76,47}$ = 12.546089634037827 dB
	 $y_{2,76,54}$ = 15.059301341873919 dB
	 $y_{2,76,55}$ = 14.145001865464963 dB
	 $y_{2,76,57}$ = 21.304744110538536 dB
	 $y_{2,76,72}$ = 8.454172953165681 dB
	 $y_{2,76,73}$ = 12.665304192437759 dB
	 $y_{2,76,75}$ = 31.464618005921082 dB
	 $y_{2,76,83}$ = 22.356544450297122 dB
	 $y_{2,76,93}$ = 14.229273204940284 dB
	 $y_{2,76,11}$ = 8.036010068768562 dB
	 $y_{2,76,62}$ = 9.834694757270029 dB
		SNR medio:  11.226258024148422
		Usuarios totais: 38
Distances:
2 : 43 = 1649.2422502470642
2 : 53 = 2039.607805437114
2 : 76 = 3224.9030993194197
43 : 53 = 400.0
43 : 76 = 1697.0562748477141
53 : 76 = 1442.2205101855957
t=3
Antennas: [ 2 36 43 53 76]
Users: [ 2  5  8  9 10 11 12 13 14 17 20 21 22 23 24 25 26 27 28 30 32 33 34 37
 39 42 43 44 46 47 48 49 50 52 54 58 59 60 62 63 65 66 70 72 73 75 76 77
 78 79 81 82 83 84 87 89 90 91 92 93 94 96 97 99]
MinSINR:  3.1622776601683795
$x_{3,2}$
	 $y_{3,2,9}$ = 9.078301549389693 dB
	 $y_{3,2,10}$ = 22.140405022937898 dB
	 $y_{3,2,14}$ = 24.228137186138397 dB
	 $y_{3,2,2}$ = 87.58681715075753 dB
		SNR medio:  28.6067321818447
		Usuarios totais: 5
$x_{3,36}$
	 $y_{3,36,8}$ = 10.293510285068763 dB
		SNR medio:  10.293510285068763
		Usuarios totais: 1
$x_{3,43}$
	 $y_{3,43,82}$ = 7.8819776900948 dB
	 $y_{3,43,27}$ = 5.2194599695458805 dB
	 $y_{3,43,50}$ = 11.317470427971443 dB
	 $y_{3,43,70}$ = 6.938790906987947 dB
	 $y_{3,43,78}$ = 9.355363076975337 dB
	 $y_{3,43,84}$ = 7.0426983517150745 dB
	 $y_{3,43,92}$ = 7.628679206615828 dB
	 $y_{3,43,94}$ = 7.8864995821949435 dB
	 $y_{3,43,13}$ = 7.489292242006485 dB
	 $y_{3,43,17}$ = 7.312350788243208 dB
	 $y_{3,43,20}$ = 7.80163616538826 dB
	 $y_{3,43,21}$ = 16.149017992843838 dB
	 $y_{3,43,30}$ = 13.537958221207049 dB
	 $y_{3,43,34}$ = 20.94383034032542 dB
		SNR medio:  3.4126256240528874
		Usuarios totais: 40
$x_{3,53}$
	 $y_{3,53,90}$ = 6.629476025336842 dB
	 $y_{3,53,91}$ = 7.4865633640436045 dB
	 $y_{3,53,12}$ = 7.392851573998044 dB
	 $y_{3,53,28}$ = 5.806713837283411 dB
	 $y_{3,53,39}$ = 9.615419531781114 dB
	 $y_{3,53,81}$ = 8.195980543559259 dB
	 $y_{3,53,22}$ = 19.8751060153226 dB
	 $y_{3,53,23}$ = 21.162977642806908 dB
	 $y_{3,53,24}$ = 9.767481517813337 dB
	 $y_{3,53,32}$ = 26.80847559814093 dB
	 $y_{3,53,42}$ = 23.109884732780174 dB
	 $y_{3,53,43}$ = 28.966782141815173 dB
	 $y_{3,53,44}$ = 35.79456416964007 dB
	 $y_{3,53,52}$ = 34.89860186786196 dB
	 $y_{3,53,65}$ = 16.705224158070195 dB
	 $y_{3,53,73}$ = 20.441019073278085 dB
	 $y_{3,53,75}$ = 14.95124482687919 dB
	 $y_{3,53,76}$ = 21.57019744945248 dB
	 $y_{3,53,25}$ = 5.497703664050391 dB
	 $y_{3,53,33}$ = 16.717349286403902 dB
		SNR medio:  9.754103343437645
		Usuarios totais: 35
$x_{3,76}$
	 $y_{3,76,77}$ = 30.159242673057335 dB
	 $y_{3,76,79}$ = 16.372794333479717 dB
	 $y_{3,76,89}$ = 12.339012726668841 dB
	 $y_{3,76,97}$ = 19.228260025060308 dB
	 $y_{3,76,99}$ = 7.666644983695136 dB
	 $y_{3,76,49}$ = 7.6624579031961275 dB
	 $y_{3,76,58}$ = 17.3999700420337 dB
	 $y_{3,76,59}$ = 7.506486964829179 dB
	 $y_{3,76,87}$ = 14.587244420791478 dB
	 $y_{3,76,96}$ = 27.908439462204257 dB
	 $y_{3,76,5}$ = 5.186977835992934 dB
	 $y_{3,76,26}$ = 9.728146007620808 dB
	 $y_{3,76,60}$ = 5.8486610505892145 dB
	 $y_{3,76,72}$ = 8.454172953165681 dB
	 $y_{3,76,83}$ = 22.356544450297122 dB
	 $y_{3,76,93}$ = 14.229273204940284 dB
	 $y_{3,76,11}$ = 8.036010068768562 dB
	 $y_{3,76,37}$ = 8.40292551926737 dB
	 $y_{3,76,46}$ = 10.715625133721801 dB
	 $y_{3,76,47}$ = 12.546089634037827 dB
	 $y_{3,76,48}$ = 5.266919134238236 dB
	 $y_{3,76,54}$ = 15.059301341873919 dB
	 $y_{3,76,62}$ = 9.834694757270029 dB
	 $y_{3,76,63}$ = 9.019289739995259 dB
	 $y_{3,76,66}$ = 29.890914285029908 dB
		SNR medio:  8.385152466295628
		Usuarios totais: 40
Distances:
2 : 36 = 2000.0
2 : 43 = 1649.2422502470642
2 : 53 = 2039.607805437114
2 : 76 = 3224.9030993194197
36 : 43 = 1264.9110640673518
36 : 53 = 1442.2205101855957
36 : 76 = 1600.0
43 : 53 = 400.0
43 : 76 = 1697.0562748477141
53 : 76 = 1442.2205101855957
t=4
Antennas: [ 2 36 43 53 76]
Users: [ 1  2  3  4  5  6  7  8 10 11 13 14 15 17 19 20 21 22 23 25 26 27 28 29
 31 33 36 38 39 40 42 44 45 46 47 48 50 51 52 53 54 55 56 57 59 60 61 63
 66 67 68 69 70 71 72 73 74 75 76 77 78 79 80 81 82 83 84 86 89 91 92 93
 95 97 99]
MinSINR:  3.1622776601683795
$x_{4,2}$
	 $y_{4,2,3}$ = 25.5285165846647 dB
	 $y_{4,2,10}$ = 22.140405022937898 dB
	 $y_{4,2,19}$ = 7.541069266532077 dB
	 $y_{4,2,4}$ = 20.7376772358664 dB
	 $y_{4,2,14}$ = 24.228137186138397 dB
	 $y_{4,2,2}$ = 87.58681715075753 dB
	 $y_{4,2,21}$ = 22.542010043897818 dB
	 $y_{4,2,31}$ = 12.396615455513341 dB
	 $y_{4,2,11}$ = 21.842706434213014 dB
	 $y_{4,2,22}$ = 17.337719337968807 dB
	 $y_{4,2,23}$ = 18.50345506189879 dB
	 $y_{4,2,25}$ = 10.745102421012774 dB
	 $y_{4,2,33}$ = 11.885810607972616 dB
	 $y_{4,2,40}$ = 8.834395652153717 dB
	 $y_{4,2,42}$ = 6.840902748583943 dB
	 $y_{4,2,44}$ = 6.978925114228218 dB
	 $y_{4,2,52}$ = 6.358971522623136 dB
		SNR medio:  11.44928402920563
		Usuarios totais: 29
$x_{4,36}$
	 $y_{4,36,8}$ = 10.293510285068763 dB
	 $y_{4,36,36}$ = 91.45811134441732 dB
		SNR medio:  33.917207209828696
		Usuarios totais: 3
$x_{4,43}$
	 $y_{4,43,82}$ = 7.8819776900948 dB
	 $y_{4,43,1}$ = 6.878786321445304 dB
	 $y_{4,43,6}$ = 6.535419033162469 dB
	 $y_{4,43,7}$ = 12.68864005454705 dB
	 $y_{4,43,27}$ = 5.2194599695458805 dB
	 $y_{4,43,50}$ = 11.317470427971443 dB
	 $y_{4,43,51}$ = 19.937967825775914 dB
	 $y_{4,43,70}$ = 6.938790906987947 dB
	 $y_{4,43,78}$ = 9.355363076975337 dB
	 $y_{4,43,84}$ = 7.0426983517150745 dB
	 $y_{4,43,92}$ = 7.628679206615828 dB
	 $y_{4,43,13}$ = 7.489292242006485 dB
	 $y_{4,43,17}$ = 7.312350788243208 dB
	 $y_{4,43,20}$ = 7.80163616538826 dB
		SNR medio:  3.100713301511875
		Usuarios totais: 40
$x_{4,53}$
	 $y_{4,53,80}$ = 6.323253566785624 dB
	 $y_{4,53,91}$ = 7.4865633640436045 dB
	 $y_{4,53,28}$ = 5.806713837283411 dB
	 $y_{4,53,39}$ = 9.615419531781114 dB
	 $y_{4,53,81}$ = 8.195980543559259 dB
	 $y_{4,53,53}$ = 91.82398719173588 dB
	 $y_{4,53,45}$ = 16.796866190051645 dB
	 $y_{4,53,46}$ = 5.408674466741871 dB
	 $y_{4,53,47}$ = 5.342607161288214 dB
	 $y_{4,53,48}$ = 5.123074878137629 dB
	 $y_{4,53,54}$ = 27.3657498889811 dB
	 $y_{4,53,55}$ = 18.529094987955887 dB
	 $y_{4,53,56}$ = 11.734818380241379 dB
	 $y_{4,53,57}$ = 6.036614731965187 dB
	 $y_{4,53,63}$ = 31.855408265543147 dB
	 $y_{4,53,66}$ = 9.034310132799533 dB
	 $y_{4,53,68}$ = 8.006593281229641 dB
	 $y_{4,53,71}$ = 14.316581206088955 dB
	 $y_{4,53,73}$ = 20.441019073278085 dB
	 $y_{4,53,74}$ = 8.931550662831114 dB
	 $y_{4,53,75}$ = 14.95124482687919 dB
	 $y_{4,53,76}$ = 21.57019744945248 dB
	 $y_{4,53,95}$ = 8.512169685145068 dB
		SNR medio:  9.080212332594973
		Usuarios totais: 40
$x_{4,76}$
	 $y_{4,76,77}$ = 30.159242673057335 dB
	 $y_{4,76,79}$ = 16.372794333479717 dB
	 $y_{4,76,89}$ = 12.339012726668841 dB
	 $y_{4,76,97}$ = 19.228260025060308 dB
	 $y_{4,76,99}$ = 7.666644983695136 dB
	 $y_{4,76,29}$ = 5.128315488403786 dB
	 $y_{4,76,38}$ = 5.708884163646076 dB
	 $y_{4,76,59}$ = 7.506486964829179 dB
	 $y_{4,76,67}$ = 25.265463507143437 dB
	 $y_{4,76,69}$ = 12.34524873656045 dB
	 $y_{4,76,5}$ = 5.186977835992934 dB
	 $y_{4,76,60}$ = 5.8486610505892145 dB
	 $y_{4,76,61}$ = 9.42591642718645 dB
	 $y_{4,76,72}$ = 8.454172953165681 dB
	 $y_{4,76,83}$ = 22.356544450297122 dB
	 $y_{4,76,86}$ = 34.911616926118995 dB
	 $y_{4,76,93}$ = 14.229273204940284 dB
	 $y_{4,76,15}$ = 12.895770206448262 dB
	 $y_{4,76,26}$ = 9.728146007620808 dB
		SNR medio:  6.6189358166226
		Usuarios totais: 40
Distances:
2 : 36 = 2000.0
2 : 43 = 1649.2422502470642
2 : 53 = 2039.607805437114
2 : 76 = 3224.9030993194197
36 : 43 = 1264.9110640673518
36 : 53 = 1442.2205101855957
36 : 76 = 1600.0
43 : 53 = 400.0
43 : 76 = 1697.0562748477141
53 : 76 = 1442.2205101855957
t=5
Antennas: [ 2 36 43 53 76]
Users: [ 0  1  2  3  4  5  6  8  9 11 12 14 15 16 17 19 20 21 22 23 24 25 26 28
 29 30 32 34 36 38 39 40 41 43 44 45 46 47 48 49 50 51 52 53 54 55 56 57
 62 63 65 67 68 69 70 71 72 75 76 77 78 79 81 82 83 84 85 86 87 88 89 90
 91 92 93 98]
MinSINR:  3.1622776601683795
$x_{5,2}$
	 $y_{5,2,0}$ = 20.70598360603269 dB
	 $y_{5,2,3}$ = 25.5285165846647 dB
	 $y_{5,2,9}$ = 9.078301549389693 dB
	 $y_{5,2,19}$ = 7.541069266532077 dB
	 $y_{5,2,4}$ = 20.7376772358664 dB
	 $y_{5,2,12}$ = 34.66720617272664 dB
	 $y_{5,2,14}$ = 24.228137186138397 dB
	 $y_{5,2,2}$ = 87.58681715075753 dB
	 $y_{5,2,16}$ = 6.670737064963532 dB
	 $y_{5,2,17}$ = 6.580381264995282 dB
	 $y_{5,2,21}$ = 22.542010043897818 dB
	 $y_{5,2,30}$ = 7.090323771112708 dB
	 $y_{5,2,11}$ = 21.842706434213014 dB
	 $y_{5,2,15}$ = 10.975659759059738 dB
	 $y_{5,2,62}$ = 7.041843314463847 dB
	 $y_{5,2,23}$ = 18.50345506189879 dB
	 $y_{5,2,24}$ = 9.353041791881566 dB
	 $y_{5,2,25}$ = 10.745102421012774 dB
	 $y_{5,2,32}$ = 17.019609335241228 dB
	 $y_{5,2,36}$ = 15.397800235300565 dB
		SNR medio:  9.595909481253724
		Usuarios totais: 40
$x_{5,36}$
	 $y_{5,36,8}$ = 10.293510285068763 dB
	 $y_{5,36,78}$ = 8.17540498587357 dB
	 $y_{5,36,81}$ = 8.685620616253075 dB
	 $y_{5,36,34}$ = 25.12067352736301 dB
	 $y_{5,36,26}$ = 26.46580266101965 dB
	 $y_{5,36,45}$ = 25.536816222702157 dB
	 $y_{5,36,46}$ = 22.167987915179253 dB
	 $y_{5,36,47}$ = 22.101528370191545 dB
	 $y_{5,36,48}$ = 22.310022281723036 dB
	 $y_{5,36,54}$ = 15.998976168825152 dB
	 $y_{5,36,55}$ = 17.151868366998414 dB
	 $y_{5,36,56}$ = 22.77005714692568 dB
	 $y_{5,36,57}$ = 17.288694375843477 dB
	 $y_{5,36,63}$ = 17.609676090390636 dB
	 $y_{5,36,65}$ = 8.367724730538214 dB
	 $y_{5,36,68}$ = 6.810920039552229 dB
	 $y_{5,36,22}$ = 12.36201196894585 dB
		SNR medio:  7.230432393834843
		Usuarios totais: 40
$x_{5,43}$
	 $y_{5,43,82}$ = 7.8819776900948 dB
	 $y_{5,43,1}$ = 6.878786321445304 dB
	 $y_{5,43,6}$ = 6.535419033162469 dB
	 $y_{5,43,50}$ = 11.317470427971443 dB
	 $y_{5,43,51}$ = 19.937967825775914 dB
	 $y_{5,43,70}$ = 6.938790906987947 dB
	 $y_{5,43,92}$ = 7.628679206615828 dB
	 $y_{5,43,20}$ = 7.80163616538826 dB
		SNR medio:  1.8730181894360491
		Usuarios totais: 40
$x_{5,53}$
	 $y_{5,53,90}$ = 6.629476025336842 dB
	 $y_{5,53,91}$ = 7.4865633640436045 dB
	 $y_{5,53,28}$ = 5.806713837283411 dB
	 $y_{5,53,39}$ = 9.615419531781114 dB
	 $y_{5,53,53}$ = 91.82398719173588 dB
	 $y_{5,53,86}$ = 9.17787938930843 dB
	 $y_{5,53,93}$ = 6.461561910783814 dB
	 $y_{5,53,71}$ = 14.316581206088955 dB
	 $y_{5,53,75}$ = 14.95124482687919 dB
	 $y_{5,53,76}$ = 21.57019744945248 dB
	 $y_{5,53,40}$ = 13.36733321173844 dB
	 $y_{5,53,41}$ = 17.834220987524333 dB
	 $y_{5,53,43}$ = 28.966782141815173 dB
	 $y_{5,53,44}$ = 35.79456416964007 dB
	 $y_{5,53,52}$ = 34.89860186786196 dB
		SNR medio:  12.257735658125911
		Usuarios totais: 26
$x_{5,76}$
	 $y_{5,76,77}$ = 30.159242673057335 dB
	 $y_{5,76,79}$ = 16.372794333479717 dB
	 $y_{5,76,88}$ = 16.403221647095194 dB
	 $y_{5,76,89}$ = 12.339012726668841 dB
	 $y_{5,76,98}$ = 11.669828903416288 dB
	 $y_{5,76,29}$ = 5.128315488403786 dB
	 $y_{5,76,38}$ = 5.708884163646076 dB
	 $y_{5,76,49}$ = 7.6624579031961275 dB
	 $y_{5,76,67}$ = 25.265463507143437 dB
	 $y_{5,76,69}$ = 12.34524873656045 dB
	 $y_{5,76,84}$ = 16.589991829084383 dB
	 $y_{5,76,85}$ = 23.109111358536836 dB
	 $y_{5,76,87}$ = 14.587244420791478 dB
	 $y_{5,76,5}$ = 5.186977835992934 dB
	 $y_{5,76,72}$ = 8.454172953165681 dB
	 $y_{5,76,83}$ = 22.356544450297122 dB
		SNR medio:  5.8334628232633925
		Usuarios totais: 40
Distances:
2 : 36 = 2000.0
2 : 43 = 1649.2422502470642
2 : 53 = 2039.607805437114
2 : 76 = 3224.9030993194197
36 : 43 = 1264.9110640673518
36 : 53 = 1442.2205101855957
36 : 76 = 1600.0
43 : 53 = 400.0
43 : 76 = 1697.0562748477141
53 : 76 = 1442.2205101855957
t=6
Antennas: [ 2 36 43 53 76]
Users: [ 0  1  2  3  4  7  8 10 11 13 14 15 16 17 18 19 20 22 23 24 25 26 27 28
 29 30 32 33 34 37 38 40 41 42 43 44 46 47 49 50 51 52 53 54 55 56 57 58
 60 61 62 63 64 65 67 68 69 73 74 75 77 80 82 83 84 85 86 87 88 89 91 92
 93 94 95 96 97 98 99]
MinSINR:  3.1622776601683795
$x_{6,2}$
	 $y_{6,2,0}$ = 20.70598360603269 dB
	 $y_{6,2,3}$ = 25.5285165846647 dB
	 $y_{6,2,10}$ = 22.140405022937898 dB
	 $y_{6,2,19}$ = 7.541069266532077 dB
	 $y_{6,2,1}$ = 33.912346129080376 dB
	 $y_{6,2,4}$ = 20.7376772358664 dB
	 $y_{6,2,14}$ = 24.228137186138397 dB
	 $y_{6,2,2}$ = 87.58681715075753 dB
	 $y_{6,2,13}$ = 27.60235677975477 dB
	 $y_{6,2,16}$ = 6.670737064963532 dB
	 $y_{6,2,17}$ = 6.580381264995282 dB
	 $y_{6,2,20}$ = 11.443929094455939 dB
	 $y_{6,2,30}$ = 7.090323771112708 dB
	 $y_{6,2,62}$ = 7.041843314463847 dB
	 $y_{6,2,22}$ = 17.337719337968807 dB
	 $y_{6,2,23}$ = 18.50345506189879 dB
	 $y_{6,2,24}$ = 9.353041791881566 dB
	 $y_{6,2,25}$ = 10.745102421012774 dB
	 $y_{6,2,32}$ = 17.019609335241228 dB
	 $y_{6,2,33}$ = 11.885810607972616 dB
	 $y_{6,2,41}$ = 7.86481112330614 dB
	 $y_{6,2,42}$ = 6.840902748583943 dB
		SNR medio:  10.470794253836463
		Usuarios totais: 39
$x_{6,36}$
	 $y_{6,36,8}$ = 10.293510285068763 dB
		SNR medio:  10.293510285068763
		Usuarios totais: 1
$x_{6,43}$
	 $y_{6,43,82}$ = 7.8819776900948 dB
	 $y_{6,43,7}$ = 12.68864005454705 dB
	 $y_{6,43,27}$ = 5.2194599695458805 dB
	 $y_{6,43,50}$ = 11.317470427971443 dB
	 $y_{6,43,51}$ = 19.937967825775914 dB
	 $y_{6,43,92}$ = 7.628679206615828 dB
	 $y_{6,43,34}$ = 20.94383034032542 dB
	 $y_{6,43,60}$ = 6.863037810808493 dB
	 $y_{6,43,83}$ = 8.947163457213037 dB
	 $y_{6,43,86}$ = 7.227867786595368 dB
	 $y_{6,43,93}$ = 9.40071306031615 dB
	 $y_{6,43,11}$ = 7.566238825382953 dB
	 $y_{6,43,15}$ = 12.352495825013008 dB
	 $y_{6,43,46}$ = 11.244335649977927 dB
	 $y_{6,43,47}$ = 6.579945061741256 dB
	 $y_{6,43,54}$ = 26.514803174783438 dB
	 $y_{6,43,55}$ = 11.517663085980445 dB
	 $y_{6,43,56}$ = 10.03318298052426 dB
	 $y_{6,43,57}$ = 7.411777594077577 dB
	 $y_{6,43,73}$ = 11.228256902632552 dB
		SNR medio:  5.56263766824807
		Usuarios totais: 40
$x_{6,53}$
	 $y_{6,53,80}$ = 6.323253566785624 dB
	 $y_{6,53,91}$ = 7.4865633640436045 dB
	 $y_{6,53,18}$ = 5.509369335318041 dB
	 $y_{6,53,28}$ = 5.806713837283411 dB
	 $y_{6,53,53}$ = 91.82398719173588 dB
	 $y_{6,53,68}$ = 8.006593281229641 dB
	 $y_{6,53,95}$ = 8.512169685145068 dB
	 $y_{6,53,63}$ = 31.855408265543147 dB
	 $y_{6,53,64}$ = 29.197651541051428 dB
	 $y_{6,53,65}$ = 16.705224158070195 dB
	 $y_{6,53,74}$ = 8.931550662831114 dB
	 $y_{6,53,75}$ = 14.95124482687919 dB
	 $y_{6,53,40}$ = 13.36733321173844 dB
	 $y_{6,53,43}$ = 28.966782141815173 dB
	 $y_{6,53,44}$ = 35.79456416964007 dB
	 $y_{6,53,52}$ = 34.89860186786196 dB
		SNR medio:  10.23932385608741
		Usuarios totais: 34
$x_{6,76}$
	 $y_{6,76,77}$ = 30.159242673057335 dB
	 $y_{6,76,88}$ = 16.403221647095194 dB
	 $y_{6,76,89}$ = 12.339012726668841 dB
	 $y_{6,76,97}$ = 19.228260025060308 dB
	 $y_{6,76,98}$ = 11.669828903416288 dB
	 $y_{6,76,99}$ = 7.666644983695136 dB
	 $y_{6,76,29}$ = 5.128315488403786 dB
	 $y_{6,76,38}$ = 5.708884163646076 dB
	 $y_{6,76,49}$ = 7.6624579031961275 dB
	 $y_{6,76,58}$ = 17.3999700420337 dB
	 $y_{6,76,67}$ = 25.265463507143437 dB
	 $y_{6,76,69}$ = 12.34524873656045 dB
	 $y_{6,76,84}$ = 16.589991829084383 dB
	 $y_{6,76,85}$ = 23.109111358536836 dB
	 $y_{6,76,87}$ = 14.587244420791478 dB
	 $y_{6,76,94}$ = 8.65620583868801 dB
	 $y_{6,76,96}$ = 27.908439462204257 dB
	 $y_{6,76,26}$ = 9.728146007620808 dB
	 $y_{6,76,37}$ = 8.40292551926737 dB
	 $y_{6,76,61}$ = 9.42591642718645 dB
		SNR medio:  7.234613291583908
		Usuarios totais: 40
Distances:
2 : 36 = 2000.0
2 : 43 = 1649.2422502470642
2 : 53 = 2039.607805437114
2 : 76 = 3224.9030993194197
36 : 43 = 1264.9110640673518
36 : 53 = 1442.2205101855957
36 : 76 = 1600.0
43 : 53 = 400.0
43 : 76 = 1697.0562748477141
53 : 76 = 1442.2205101855957
t=7
Antennas: [ 2 36 43 53 76]
Users: [ 0  1  2  3  4  6  8 10 11 14 15 16 17 18 20 21 22 24 25 26 27 28 29 30
 33 34 35 36 37 38 39 41 42 43 45 46 47 49 52 53 55 56 57 58 59 60 61 62
 63 64 65 68 70 71 72 74 75 76 78 80 81 82 83 84 85 86 87 88 90 91 92 93
 95 96 99]
MinSINR:  3.1622776601683795
$x_{7,2}$
	 $y_{7,2,0}$ = 20.70598360603269 dB
	 $y_{7,2,3}$ = 25.5285165846647 dB
	 $y_{7,2,10}$ = 22.140405022937898 dB
	 $y_{7,2,1}$ = 33.912346129080376 dB
	 $y_{7,2,4}$ = 20.7376772358664 dB
	 $y_{7,2,14}$ = 24.228137186138397 dB
	 $y_{7,2,2}$ = 87.58681715075753 dB
	 $y_{7,2,17}$ = 6.580381264995282 dB
	 $y_{7,2,22}$ = 17.337719337968807 dB
	 $y_{7,2,24}$ = 9.353041791881566 dB
	 $y_{7,2,41}$ = 7.86481112330614 dB
	 $y_{7,2,42}$ = 6.840902748583943 dB
	 $y_{7,2,52}$ = 6.358971522623136 dB
	 $y_{7,2,15}$ = 10.975659759059738 dB
	 $y_{7,2,25}$ = 10.745102421012774 dB
	 $y_{7,2,33}$ = 11.885810607972616 dB
		SNR medio:  11.130423568720069
		Usuarios totais: 29
$x_{7,36}$
	 $y_{7,36,8}$ = 10.293510285068763 dB
	 $y_{7,36,36}$ = 91.45811134441732 dB
		SNR medio:  33.917207209828696
		Usuarios totais: 3
$x_{7,43}$
	 $y_{7,43,82}$ = 7.8819776900948 dB
	 $y_{7,43,6}$ = 6.535419033162469 dB
	 $y_{7,43,27}$ = 5.2194599695458805 dB
	 $y_{7,43,78}$ = 9.355363076975337 dB
	 $y_{7,43,43}$ = 93.85261000140946 dB
	 $y_{7,43,64}$ = 20.92358769137921 dB
	 $y_{7,43,75}$ = 9.317762250792939 dB
		SNR medio:  10.205745314224005
		Usuarios totais: 15
$x_{7,53}$
	 $y_{7,53,80}$ = 6.323253566785624 dB
	 $y_{7,53,90}$ = 6.629476025336842 dB
	 $y_{7,53,91}$ = 7.4865633640436045 dB
	 $y_{7,53,18}$ = 5.509369335318041 dB
	 $y_{7,53,28}$ = 5.806713837283411 dB
	 $y_{7,53,39}$ = 9.615419531781114 dB
	 $y_{7,53,70}$ = 11.607653387166224 dB
	 $y_{7,53,81}$ = 8.195980543559259 dB
	 $y_{7,53,92}$ = 6.621656111302613 dB
	 $y_{7,53,16}$ = 9.434524374547493 dB
	 $y_{7,53,20}$ = 5.164556520530624 dB
	 $y_{7,53,21}$ = 8.190517232676626 dB
	 $y_{7,53,26}$ = 8.154412448494753 dB
	 $y_{7,53,30}$ = 9.90788173717067 dB
	 $y_{7,53,34}$ = 15.936353986241627 dB
	 $y_{7,53,37}$ = 6.263113846684817 dB
	 $y_{7,53,53}$ = 91.82398719173588 dB
	 $y_{7,53,60}$ = 9.253504438717727 dB
	 $y_{7,53,61}$ = 11.578673879057618 dB
	 $y_{7,53,68}$ = 8.006593281229641 dB
	 $y_{7,53,71}$ = 14.316581206088955 dB
	 $y_{7,53,72}$ = 17.469971247182613 dB
	 $y_{7,53,83}$ = 12.28980125809889 dB
	 $y_{7,53,86}$ = 9.17787938930843 dB
	 $y_{7,53,93}$ = 6.461561910783814 dB
		SNR medio:  7.780649991278173
		Usuarios totais: 40
$x_{7,76}$
	 $y_{7,76,88}$ = 16.403221647095194 dB
	 $y_{7,76,99}$ = 7.666644983695136 dB
	 $y_{7,76,29}$ = 5.128315488403786 dB
	 $y_{7,76,38}$ = 5.708884163646076 dB
	 $y_{7,76,49}$ = 7.6624579031961275 dB
	 $y_{7,76,58}$ = 17.3999700420337 dB
	 $y_{7,76,59}$ = 7.506486964829179 dB
	 $y_{7,76,84}$ = 16.589991829084383 dB
	 $y_{7,76,85}$ = 23.109111358536836 dB
	 $y_{7,76,87}$ = 14.587244420791478 dB
	 $y_{7,76,96}$ = 27.908439462204257 dB
	 $y_{7,76,76}$ = 85.76063786406152 dB
	 $y_{7,76,95}$ = 18.15653449790331 dB
	 $y_{7,76,11}$ = 8.036010068768562 dB
	 $y_{7,76,35}$ = 14.068988314007584 dB
	 $y_{7,76,45}$ = 17.33105987792466 dB
	 $y_{7,76,46}$ = 10.715625133721801 dB
	 $y_{7,76,47}$ = 12.546089634037827 dB
	 $y_{7,76,55}$ = 14.145001865464963 dB
	 $y_{7,76,56}$ = 19.23320642651251 dB
	 $y_{7,76,57}$ = 21.304744110538536 dB
	 $y_{7,76,62}$ = 9.834694757270029 dB
	 $y_{7,76,63}$ = 9.019289739995259 dB
	 $y_{7,76,65}$ = 20.281671813283666 dB
	 $y_{7,76,74}$ = 17.66191916462091 dB
		SNR medio:  10.694156038290682
		Usuarios totais: 40
Distances:
2 : 36 = 2000.0
2 : 43 = 1649.2422502470642
2 : 53 = 2039.607805437114
2 : 76 = 3224.9030993194197
36 : 43 = 1264.9110640673518
36 : 53 = 1442.2205101855957
36 : 76 = 1600.0
43 : 53 = 400.0
43 : 76 = 1697.0562748477141
53 : 76 = 1442.2205101855957
t=8
Antennas: [ 2 36 43 53 76]
Users: [ 0  1  3  4  5  6  8  9 10 11 12 13 14 16 18 19 20 22 23 24 25 28 29 32
 33 34 37 40 41 43 45 46 47 50 51 52 53 54 56 57 58 61 63 64 65 66 68 69
 71 72 74 75 77 79 80 82 84 85 86 91 92 93 95 96 97]
MinSINR:  3.1622776601683795
$x_{8,2}$
	 $y_{8,2,0}$ = 20.70598360603269 dB
	 $y_{8,2,3}$ = 25.5285165846647 dB
	 $y_{8,2,9}$ = 9.078301549389693 dB
	 $y_{8,2,10}$ = 22.140405022937898 dB
	 $y_{8,2,19}$ = 7.541069266532077 dB
	 $y_{8,2,1}$ = 33.912346129080376 dB
	 $y_{8,2,4}$ = 20.7376772358664 dB
	 $y_{8,2,12}$ = 34.66720617272664 dB
	 $y_{8,2,14}$ = 24.228137186138397 dB
	 $y_{8,2,13}$ = 27.60235677975477 dB
	 $y_{8,2,16}$ = 6.670737064963532 dB
	 $y_{8,2,20}$ = 11.443929094455939 dB
	 $y_{8,2,22}$ = 17.337719337968807 dB
	 $y_{8,2,23}$ = 18.50345506189879 dB
	 $y_{8,2,24}$ = 9.353041791881566 dB
	 $y_{8,2,32}$ = 17.019609335241228 dB
	 $y_{8,2,40}$ = 8.834395652153717 dB
	 $y_{8,2,41}$ = 7.86481112330614 dB
	 $y_{8,2,52}$ = 6.358971522623136 dB
	 $y_{8,2,25}$ = 10.745102421012774 dB
	 $y_{8,2,33}$ = 11.885810607972616 dB
		SNR medio:  11.35998653376135
		Usuarios totais: 31
$x_{8,36}$
	 $y_{8,36,8}$ = 10.293510285068763 dB
	 $y_{8,36,6}$ = 9.919734745429878 dB
	 $y_{8,36,18}$ = 11.09802256106093 dB
	 $y_{8,36,28}$ = 12.475991246581088 dB
	 $y_{8,36,29}$ = 5.7828456433406785 dB
	 $y_{8,36,58}$ = 17.27706345229629 dB
	 $y_{8,36,69}$ = 5.087211861777888 dB
	 $y_{8,36,34}$ = 25.12067352736301 dB
	 $y_{8,36,63}$ = 17.609676090390636 dB
	 $y_{8,36,64}$ = 7.8921628940110935 dB
	 $y_{8,36,65}$ = 8.367724730538214 dB
	 $y_{8,36,66}$ = 15.092677578741032 dB
	 $y_{8,36,74}$ = 11.4042135203278 dB
	 $y_{8,36,75}$ = 6.181819555386795 dB
		SNR medio:  7.436514895105185
		Usuarios totais: 22
$x_{8,43}$
	 $y_{8,43,82}$ = 7.8819776900948 dB
	 $y_{8,43,43}$ = 93.85261000140946 dB
		SNR medio:  25.433646922876065
		Usuarios totais: 4
$x_{8,53}$
	 $y_{8,53,80}$ = 6.323253566785624 dB
	 $y_{8,53,91}$ = 7.4865633640436045 dB
	 $y_{8,53,50}$ = 14.559313436175998 dB
	 $y_{8,53,51}$ = 19.837996651683227 dB
	 $y_{8,53,92}$ = 6.621656111302613 dB
	 $y_{8,53,53}$ = 91.82398719173588 dB
		SNR medio:  20.95039576024671
		Usuarios totais: 7
$x_{8,76}$
	 $y_{8,76,77}$ = 30.159242673057335 dB
	 $y_{8,76,79}$ = 16.372794333479717 dB
	 $y_{8,76,97}$ = 19.228260025060308 dB
	 $y_{8,76,84}$ = 16.589991829084383 dB
	 $y_{8,76,85}$ = 23.109111358536836 dB
	 $y_{8,76,96}$ = 27.908439462204257 dB
	 $y_{8,76,5}$ = 5.186977835992934 dB
	 $y_{8,76,37}$ = 8.40292551926737 dB
	 $y_{8,76,61}$ = 9.42591642718645 dB
	 $y_{8,76,68}$ = 12.858048823891153 dB
	 $y_{8,76,71}$ = 11.619484604607493 dB
	 $y_{8,76,72}$ = 8.454172953165681 dB
	 $y_{8,76,86}$ = 34.911616926118995 dB
	 $y_{8,76,93}$ = 14.229273204940284 dB
	 $y_{8,76,95}$ = 18.15653449790331 dB
	 $y_{8,76,11}$ = 8.036010068768562 dB
	 $y_{8,76,45}$ = 17.33105987792466 dB
	 $y_{8,76,46}$ = 10.715625133721801 dB
	 $y_{8,76,47}$ = 12.546089634037827 dB
	 $y_{8,76,54}$ = 15.059301341873919 dB
	 $y_{8,76,56}$ = 19.23320642651251 dB
	 $y_{8,76,57}$ = 21.304744110538536 dB
		SNR medio:  9.020970676696859
		Usuarios totais: 40
Distances:
2 : 36 = 2000.0
2 : 43 = 1649.2422502470642
2 : 53 = 2039.607805437114
2 : 76 = 3224.9030993194197
36 : 43 = 1264.9110640673518
36 : 53 = 1442.2205101855957
36 : 76 = 1600.0
43 : 53 = 400.0
43 : 76 = 1697.0562748477141
53 : 76 = 1442.2205101855957
t=9
Antennas: [ 2 36 43 53 76]
Users: [ 1  2  3  5  6  7 10 12 13 14 15 16 19 20 21 23 24 25 26 27 28 30 31 32
 33 34 36 37 42 44 47 48 49 50 51 53 55 57 58 59 61 62 66 67 71 73 75 76
 77 79 80 82 91 92 93 95 96 97 98 99]
MinSINR:  3.1622776601683795
$x_{9,2}$
	 $y_{9,2,3}$ = 25.5285165846647 dB
	 $y_{9,2,10}$ = 22.140405022937898 dB
	 $y_{9,2,19}$ = 7.541069266532077 dB
	 $y_{9,2,1}$ = 33.912346129080376 dB
	 $y_{9,2,12}$ = 34.66720617272664 dB
	 $y_{9,2,14}$ = 24.228137186138397 dB
	 $y_{9,2,2}$ = 87.58681715075753 dB
	 $y_{9,2,13}$ = 27.60235677975477 dB
	 $y_{9,2,16}$ = 6.670737064963532 dB
	 $y_{9,2,20}$ = 11.443929094455939 dB
	 $y_{9,2,21}$ = 22.542010043897818 dB
	 $y_{9,2,30}$ = 7.090323771112708 dB
	 $y_{9,2,31}$ = 12.396615455513341 dB
	 $y_{9,2,23}$ = 18.50345506189879 dB
	 $y_{9,2,24}$ = 9.353041791881566 dB
	 $y_{9,2,32}$ = 17.019609335241228 dB
	 $y_{9,2,42}$ = 6.840902748583943 dB
	 $y_{9,2,44}$ = 6.978925114228218 dB
	 $y_{9,2,25}$ = 10.745102421012774 dB
	 $y_{9,2,33}$ = 11.885810607972616 dB
		SNR medio:  14.452761314405532
		Usuarios totais: 28
$x_{9,36}$
	 $y_{9,36,36}$ = 91.45811134441732 dB
		SNR medio:  91.45811134441732
		Usuarios totais: 1
$x_{9,43}$
	 $y_{9,43,82}$ = 7.8819776900948 dB
	 $y_{9,43,6}$ = 6.535419033162469 dB
	 $y_{9,43,7}$ = 12.68864005454705 dB
	 $y_{9,43,27}$ = 5.2194599695458805 dB
	 $y_{9,43,50}$ = 11.317470427971443 dB
	 $y_{9,43,51}$ = 19.937967825775914 dB
	 $y_{9,43,92}$ = 7.628679206615828 dB
	 $y_{9,43,34}$ = 20.94383034032542 dB
	 $y_{9,43,75}$ = 9.317762250792939 dB
		SNR medio:  10.147120679883175
		Usuarios totais: 10
$x_{9,53}$
	 $y_{9,53,80}$ = 6.323253566785624 dB
	 $y_{9,53,91}$ = 7.4865633640436045 dB
	 $y_{9,53,28}$ = 5.806713837283411 dB
	 $y_{9,53,53}$ = 91.82398719173588 dB
		SNR medio:  22.288103591969705
		Usuarios totais: 5
$x_{9,76}$
	 $y_{9,76,77}$ = 30.159242673057335 dB
	 $y_{9,76,79}$ = 16.372794333479717 dB
	 $y_{9,76,97}$ = 19.228260025060308 dB
	 $y_{9,76,98}$ = 11.669828903416288 dB
	 $y_{9,76,99}$ = 7.666644983695136 dB
	 $y_{9,76,49}$ = 7.6624579031961275 dB
	 $y_{9,76,58}$ = 17.3999700420337 dB
	 $y_{9,76,59}$ = 7.506486964829179 dB
	 $y_{9,76,67}$ = 25.265463507143437 dB
	 $y_{9,76,96}$ = 27.908439462204257 dB
	 $y_{9,76,5}$ = 5.186977835992934 dB
	 $y_{9,76,26}$ = 9.728146007620808 dB
	 $y_{9,76,37}$ = 8.40292551926737 dB
	 $y_{9,76,48}$ = 5.266919134238236 dB
	 $y_{9,76,61}$ = 9.42591642718645 dB
	 $y_{9,76,71}$ = 11.619484604607493 dB
	 $y_{9,76,76}$ = 85.76063786406152 dB
	 $y_{9,76,93}$ = 14.229273204940284 dB
	 $y_{9,76,95}$ = 18.15653449790331 dB
	 $y_{9,76,15}$ = 12.895770206448262 dB
	 $y_{9,76,47}$ = 12.546089634037827 dB
	 $y_{9,76,55}$ = 14.145001865464963 dB
	 $y_{9,76,57}$ = 21.304744110538536 dB
	 $y_{9,76,62}$ = 9.834694757270029 dB
	 $y_{9,76,66}$ = 29.890914285029908 dB
	 $y_{9,76,73}$ = 12.665304192437759 dB
		SNR medio:  11.297473073629028
		Usuarios totais: 40
Distances:
2 : 36 = 2000.0
2 : 43 = 1649.2422502470642
2 : 53 = 2039.607805437114
2 : 76 = 3224.9030993194197
36 : 43 = 1264.9110640673518
36 : 53 = 1442.2205101855957
36 : 76 = 1600.0
43 : 53 = 400.0
43 : 76 = 1697.0562748477141
53 : 76 = 1442.2205101855957
t=10
Antennas: [ 2 36 43 53 76]
Users: [ 1  2  4  5  9 10 11 12 14 16 17 22 23 24 25 27 28 31 32 38 44 45 47 48
 49 51 52 57 59 60 61 67 68 70 71 72 73 74 79 87 89 96 99]
MinSINR:  3.1622776601683795
$x_{10,2}$
	 $y_{10,2,9}$ = 9.078301549389693 dB
	 $y_{10,2,10}$ = 22.140405022937898 dB
	 $y_{10,2,1}$ = 33.912346129080376 dB
	 $y_{10,2,4}$ = 20.7376772358664 dB
	 $y_{10,2,12}$ = 34.66720617272664 dB
	 $y_{10,2,14}$ = 24.228137186138397 dB
	 $y_{10,2,2}$ = 87.58681715075753 dB
	 $y_{10,2,5}$ = 6.561070239901426 dB
	 $y_{10,2,16}$ = 6.670737064963532 dB
	 $y_{10,2,17}$ = 6.580381264995282 dB
	 $y_{10,2,31}$ = 12.396615455513341 dB
	 $y_{10,2,22}$ = 17.337719337968807 dB
	 $y_{10,2,23}$ = 18.50345506189879 dB
	 $y_{10,2,24}$ = 9.353041791881566 dB
	 $y_{10,2,32}$ = 17.019609335241228 dB
	 $y_{10,2,44}$ = 6.978925114228218 dB
	 $y_{10,2,52}$ = 6.358971522623136 dB
		SNR medio:  14.171309026504673
		Usuarios totais: 24
$x_{10,36}$
	 $y_{10,36,27}$ = 29.850383993364247 dB
	 $y_{10,36,28}$ = 12.475991246581088 dB
		SNR medio:  21.163187619972668
		Usuarios totais: 2
$x_{10,43}$
	 $y_{10,43,51}$ = 19.937967825775914 dB
	 $y_{10,43,70}$ = 6.938790906987947 dB
		SNR medio:  13.43837936638193
		Usuarios totais: 2
$x_{10,53}$
		Usuarios totais: 0
$x_{10,76}$
	 $y_{10,76,79}$ = 16.372794333479717 dB
	 $y_{10,76,89}$ = 12.339012726668841 dB
	 $y_{10,76,99}$ = 7.666644983695136 dB
	 $y_{10,76,38}$ = 5.708884163646076 dB
	 $y_{10,76,49}$ = 7.6624579031961275 dB
	 $y_{10,76,59}$ = 7.506486964829179 dB
	 $y_{10,76,67}$ = 25.265463507143437 dB
	 $y_{10,76,87}$ = 14.587244420791478 dB
	 $y_{10,76,96}$ = 27.908439462204257 dB
	 $y_{10,76,48}$ = 5.266919134238236 dB
	 $y_{10,76,60}$ = 5.8486610505892145 dB
	 $y_{10,76,61}$ = 9.42591642718645 dB
	 $y_{10,76,68}$ = 12.858048823891153 dB
	 $y_{10,76,71}$ = 11.619484604607493 dB
	 $y_{10,76,72}$ = 8.454172953165681 dB
	 $y_{10,76,11}$ = 8.036010068768562 dB
	 $y_{10,76,45}$ = 17.33105987792466 dB
	 $y_{10,76,47}$ = 12.546089634037827 dB
	 $y_{10,76,57}$ = 21.304744110538536 dB
	 $y_{10,76,73}$ = 12.665304192437759 dB
	 $y_{10,76,74}$ = 17.66191916462091 dB
	 $y_{10,76,25}$ = 5.078269386815691 dB
		SNR medio:  9.754072424802729
		Usuarios totais: 28
Distances:
2 : 36 = 2000.0
2 : 43 = 1649.2422502470642
2 : 53 = 2039.607805437114
2 : 76 = 3224.9030993194197
36 : 43 = 1264.9110640673518
36 : 53 = 1442.2205101855957
36 : 76 = 1600.0
43 : 53 = 400.0
43 : 76 = 1697.0562748477141
53 : 76 = 1442.2205101855957
t=11
Antennas: [ 2 36 43 53 76]
Users: [ 2  3  8 17 24 27 28 36 41 46 52 68 69 70 72 73 79 85 88 92 93 94 95 97
 98 99]
MinSINR:  3.1622776601683795
$x_{11,2}$
	 $y_{11,2,3}$ = 25.5285165846647 dB
	 $y_{11,2,2}$ = 87.58681715075753 dB
		SNR medio:  56.55766686771111
		Usuarios totais: 2
$x_{11,36}$
	 $y_{11,36,8}$ = 10.293510285068763 dB
	 $y_{11,36,27}$ = 29.850383993364247 dB
	 $y_{11,36,28}$ = 12.475991246581088 dB
	 $y_{11,36,17}$ = 12.983624022143886 dB
	 $y_{11,36,24}$ = 23.03183039192274 dB
	 $y_{11,36,41}$ = 15.966956524324473 dB
	 $y_{11,36,52}$ = 6.772559797978346 dB
	 $y_{11,36,36}$ = 91.45811134441732 dB
		SNR medio:  20.283296760580086
		Usuarios totais: 10
$x_{11,43}$
		Usuarios totais: 0
$x_{11,53}$
	 $y_{11,53,70}$ = 11.607653387166224 dB
	 $y_{11,53,92}$ = 6.621656111302613 dB
		SNR medio:  9.114654749234418
		Usuarios totais: 2
$x_{11,76}$
	 $y_{11,76,79}$ = 16.372794333479717 dB
	 $y_{11,76,88}$ = 16.403221647095194 dB
	 $y_{11,76,97}$ = 19.228260025060308 dB
	 $y_{11,76,98}$ = 11.669828903416288 dB
	 $y_{11,76,99}$ = 7.666644983695136 dB
	 $y_{11,76,69}$ = 12.34524873656045 dB
	 $y_{11,76,85}$ = 23.109111358536836 dB
	 $y_{11,76,94}$ = 8.65620583868801 dB
	 $y_{11,76,68}$ = 12.858048823891153 dB
	 $y_{11,76,72}$ = 8.454172953165681 dB
	 $y_{11,76,93}$ = 14.229273204940284 dB
	 $y_{11,76,95}$ = 18.15653449790331 dB
	 $y_{11,76,46}$ = 10.715625133721801 dB
	 $y_{11,76,73}$ = 12.665304192437759 dB
		SNR medio:  13.752162473756568
		Usuarios totais: 14
Distances:
2 : 36 = 2000.0
2 : 43 = 1649.2422502470642
2 : 53 = 2039.607805437114
2 : 76 = 3224.9030993194197
36 : 43 = 1264.9110640673518
36 : 53 = 1442.2205101855957
36 : 76 = 1600.0
43 : 53 = 400.0
43 : 76 = 1697.0562748477141
53 : 76 = 1442.2205101855957
--- Done after 0.3198557728528976 hours. ---
