-------------Calculating Solution (this may take a while)
+++++++++++++++++++Min Sinr: 10 dB (single)
+++++++++++++++++++With backhaul constraint. Start: 2022-05-10 18:47:35

Parameters:
- chosen seed 8
- Map with 100 sectors
- Map 4000 x 4000 m
- Sector has a side of 400 m
- Max time:  10
- users_t_m:  [[0, 0, 0, 0, 0, 0, 0, 0, 0, 0, 0, 0, 0, 0, 0, 0, 0, 0, 0, 0, 0, 0, 0, 0, 0, 0, 0, 0, 0, 0, 0, 0, 0, 0, 0, 0, 0, 0, 0, 0, 0, 0, 0, 0, 0, 0, 0, 0, 0, 0, 0, 0, 0, 0, 0, 0, 0, 0, 0, 0, 0, 0, 0, 0, 0, 0, 0, 0, 0, 0, 0, 0, 17, 0, 0, 0, 0, 0, 0, 0, 0, 0, 35, 5, 0, 0, 0, 0, 0, 0, 0, 0, 2, 1, 0, 0, 0, 0, 0, 0], [1, 0, 0, 0, 0, 2, 0, 0, 0, 0, 2, 1, 0, 0, 0, 0, 0, 0, 0, 0, 1, 1, 1, 0, 2, 2, 2, 0, 0, 0, 2, 0, 1, 1, 2, 1, 1, 1, 0, 0, 1, 2, 0, 1, 1, 0, 0, 1, 0, 0, 3, 0, 2, 2, 0, 1, 1, 2, 0, 1, 2, 1, 0, 1, 0, 1, 0, 0, 0, 0, 1, 0, 1, 1, 0, 0, 1, 0, 0, 1, 0, 2, 0, 0, 0, 0, 0, 1, 0, 0, 0, 0, 1, 0, 1, 1, 1, 1, 0, 0], [0, 0, 0, 0, 2, 0, 2, 0, 1, 0, 0, 1, 0, 1, 1, 3, 0, 0, 2, 1, 1, 1, 2, 2, 0, 1, 0, 1, 0, 3, 0, 0, 0, 1, 1, 2, 2, 0, 2, 2, 1, 2, 0, 0, 0, 0, 1, 1, 0, 1, 1, 2, 1, 0, 0, 2, 0, 0, 1, 1, 0, 0, 0, 1, 0, 0, 0, 0, 0, 0, 0, 0, 1, 0, 1, 0, 1, 0, 0, 1, 0, 0, 0, 2, 2, 1, 0, 0, 1, 0, 0, 0, 0, 0, 0, 0, 0, 0, 0, 0], [0, 0, 0, 0, 0, 0, 0, 1, 1, 0, 0, 0, 0, 0, 0, 2, 1, 0, 0, 0, 0, 0, 1, 0, 2, 0, 1, 0, 0, 0, 1, 1, 0, 1, 0, 0, 2, 0, 0, 1, 0, 1, 1, 3, 0, 0, 4, 1, 0, 0, 0, 0, 0, 1, 1, 3, 1, 1, 0, 0, 1, 1, 1, 1, 3, 0, 2, 3, 0, 1, 0, 0, 2, 1, 1, 0, 0, 1, 1, 1, 1, 0, 0, 1, 0, 2, 0, 0, 0, 0, 0, 1, 0, 1, 0, 0, 0, 1, 1, 0], [0, 0, 1, 0, 2, 1, 0, 2, 0, 0, 0, 2, 0, 0, 0, 0, 1, 0, 0, 1, 0, 1, 0, 1, 0, 0, 2, 0, 1, 2, 0, 1, 0, 0, 0, 1, 0, 1, 1, 0, 0, 2, 0, 1, 1, 1, 0, 0, 2, 0, 0, 2, 0, 1, 0, 2, 0, 2, 0, 0, 1, 0, 0, 2, 1, 1, 4, 1, 0, 1, 0, 1, 0, 0, 1, 0, 1, 0, 0, 0, 1, 0, 1, 0, 1, 0, 1, 2, 0, 1, 0, 0, 1, 1, 0, 0, 1, 0, 1, 0], [0, 1, 0, 1, 1, 1, 2, 0, 1, 0, 0, 1, 0, 1, 0, 0, 0, 0, 1, 0, 0, 0, 0, 1, 0, 1, 2, 0, 0, 3, 0, 2, 1, 0, 1, 1, 2, 0, 0, 1, 0, 1, 1, 0, 0, 2, 0, 2, 1, 1, 0, 1, 0, 0, 0, 1, 1, 1, 1, 1, 2, 1, 1, 0, 0, 1, 0, 2, 1, 2, 0, 0, 0, 1, 1, 1, 1, 0, 0, 1, 0, 0, 0, 1, 0, 0, 0, 0, 1, 0, 0, 0, 1, 0, 0, 0, 1, 1, 1, 0], [0, 0, 1, 0, 0, 0, 1, 0, 2, 1, 1, 0, 1, 2, 0, 1, 0, 0, 0, 1, 1, 1, 2, 0, 0, 1, 1, 1, 1, 0, 2, 0, 1, 0, 1, 1, 0, 2, 1, 1, 1, 2, 1, 0, 1, 1, 1, 0, 2, 0, 0, 0, 0, 0, 1, 1, 2, 0, 1, 0, 0, 0, 0, 1, 0, 2, 0, 1, 2, 1, 0, 0, 0, 2, 1, 0, 0, 0, 1, 0, 0, 0, 0, 0, 0, 0, 1, 1, 0, 1, 0, 0, 0, 0, 1, 1, 0, 1, 1, 0], [0, 0, 0, 0, 2, 3, 0, 0, 0, 3, 0, 0, 0, 0, 0, 1, 1, 1, 2, 1, 0, 1, 0, 0, 0, 0, 0, 1, 1, 0, 1, 0, 0, 0, 0, 0, 1, 0, 0, 1, 1, 1, 0, 0, 1, 0, 1, 2, 1, 0, 0, 1, 0, 1, 2, 2, 1, 0, 2, 0, 1, 0, 1, 2, 0, 0, 1, 0, 0, 3, 1, 0, 0, 0, 2, 1, 0, 0, 0, 2, 0, 0, 0, 1, 1, 1, 0, 1, 0, 1, 0, 0, 0, 0, 1, 1, 1, 0, 0, 2], [1, 2, 1, 0, 0, 0, 0, 0, 0, 1, 0, 0, 1, 0, 2, 0, 0, 0, 1, 0, 2, 1, 0, 0, 1, 1, 0, 1, 2, 0, 0, 0, 1, 1, 0, 0, 2, 1, 0, 0, 0, 1, 1, 1, 0, 1, 1, 0, 0, 2, 0, 0, 1, 1, 0, 1, 0, 0, 1, 0, 0, 0, 2, 1, 1, 1, 2, 1, 1, 0, 0, 1, 0, 0, 1, 3, 1, 0, 0, 1, 0, 0, 2, 0, 1, 0, 0, 0, 0, 0, 0, 3, 0, 2, 0, 1, 1, 0, 0, 1], [1, 1, 1, 1, 1, 0, 0, 2, 1, 0, 0, 0, 0, 0, 0, 0, 1, 1, 0, 0, 2, 0, 0, 0, 0, 0, 0, 0, 0, 0, 1, 2, 1, 3, 2, 1, 0, 0, 0, 0, 0, 0, 1, 1, 0, 0, 0, 2, 0, 0, 2, 0, 2, 3, 1, 0, 0, 1, 2, 0, 0, 1, 2, 0, 0, 1, 0, 0, 1, 0, 0, 2, 2, 0, 1, 1, 0, 3, 0, 0, 0, 0, 0, 0, 1, 0, 0, 1, 1, 0, 0, 2, 1, 1, 0, 0, 1, 0, 0, 1], [0, 0, 0, 0, 0, 1, 0, 0, 0, 1, 0, 3, 0, 1, 1, 1, 1, 1, 1, 1, 0, 3, 1, 2, 0, 0, 1, 1, 1, 0, 1, 1, 0, 0, 2, 2, 1, 1, 0, 1, 1, 0, 1, 0, 1, 1, 2, 0, 1, 0, 0, 0, 0, 0, 2, 0, 0, 0, 0, 0, 0, 0, 3, 0, 1, 2, 1, 1, 0, 0, 0, 0, 1, 1, 0, 0, 2, 1, 1, 1, 0, 1, 0, 1, 0, 1, 0, 0, 0, 0, 0, 0, 1, 1, 0, 0, 0, 0, 1, 0]]
MAX_USER_PER_ANTENNAS_m:  [60, 60, 60, 60, 60, 60, 60, 60, 60, 60, 60, 60, 60, 60, 60, 60, 60, 60, 60, 60, 60, 60, 60, 60, 60, 60, 60, 60, 60, 60, 60, 60, 60, 60, 60, 60, 60, 60, 60, 60, 60, 60, 60, 60, 60, 60, 60, 60, 60, 60, 60, 60, 60, 60, 60, 60, 60, 60, 60, 60, 60, 60, 60, 60, 60, 60, 60, 60, 60, 60, 60, 60, 60, 60, 60, 60, 60, 60, 60, 60, 60, 60, 60, 60, 60, 60, 60, 60, 60, 60, 60, 60, 60, 60, 60, 60, 60, 60, 60, 60]
antennas_map_m:  [1, 1, 1, 1, 1, 1, 1, 1, 1, 1, 1, 1, 1, 1, 1, 1, 1, 1, 1, 1, 1, 1, 1, 1, 1, 1, 1, 1, 1, 1, 1, 1, 1, 1, 1, 1, 1, 1, 1, 1, 1, 1, 1, 1, 1, 1, 1, 1, 1, 1, 1, 1, 1, 1, 1, 1, 1, 1, 1, 1, 1, 1, 1, 1, 1, 1, 1, 1, 1, 1, 1, 1, 1, 1, 1, 1, 1, 1, 1, 1, 1, 1, 1, 1, 1, 1, 1, 1, 1, 1, 1, 1, 1, 1, 1, 1, 1, 1, 1, 1]
FIRST_ANTENNA:  2
MIN_SNR_m:  [10.0, 10.0, 10.0, 10.0, 10.0, 10.0, 10.0, 10.0, 10.0, 10.0, 10.0, 10.0, 10.0, 10.0, 10.0, 10.0, 10.0, 10.0, 10.0, 10.0, 10.0, 10.0, 10.0, 10.0, 10.0, 10.0, 10.0, 10.0, 10.0, 10.0, 10.0, 10.0, 10.0, 10.0, 10.0, 10.0, 10.0, 10.0, 10.0, 10.0, 10.0, 10.0, 10.0, 10.0, 10.0, 10.0, 10.0, 10.0, 10.0, 10.0, 10.0, 10.0, 10.0, 10.0, 10.0, 10.0, 10.0, 10.0, 10.0, 10.0, 10.0, 10.0, 10.0, 10.0, 10.0, 10.0, 10.0, 10.0, 10.0, 10.0, 10.0, 10.0, 10.0, 10.0, 10.0, 10.0, 10.0, 10.0, 10.0, 10.0, 10.0, 10.0, 10.0, 10.0, 10.0, 10.0, 10.0, 10.0, 10.0, 10.0, 10.0, 10.0, 10.0, 10.0, 10.0, 10.0, 10.0, 10.0, 10.0, 10.0]
-MIN_DIST:  2000
- disaster percentage:  0
5.0

Média de carros: 5.0
t=0
$x_{2}$
		Usuarios totais: 0
$x_{12}$
		Usuarios totais: 0
$x_{48}$
		Usuarios totais: 0
$x_{66}$
		Usuarios totais: 0
$x_{72}$
	 $y_{0,72,72}$ = 100.39000012923819 dB
	 $y_{0,72,82}$ = 32.77045297484402 dB
	 $y_{0,72,83}$ = 22.600464572650424 dB
	 $y_{0,72,92}$ = 22.029522516313307 dB
	 $y_{0,72,93}$ = 16.588987028066 dB
		SNR medio: 93.40030099090347
		Usuarios totais: 60
t=1
$x_{2}$
	 $y_{1,2,0}$ = 20.70598360603269 dB
	 $y_{1,2,5}$ = 6.561070239901426 dB
		SNR medio: 17.859766429431822
		Usuarios totais: 3
$x_{12}$
	 $y_{1,12,10}$ = 13.33746004163163 dB
	 $y_{1,12,11}$ = 29.785946121944193 dB
	 $y_{1,12,20}$ = 20.129897975175695 dB
	 $y_{1,12,21}$ = 26.008532608476628 dB
	 $y_{1,12,22}$ = 23.289406478951392 dB
	 $y_{1,12,24}$ = 18.78549612841789 dB
	 $y_{1,12,25}$ = 9.09004049502056 dB
	 $y_{1,12,30}$ = 20.182314583045482 dB
	 $y_{1,12,32}$ = 23.184367448164593 dB
	 $y_{1,12,33}$ = 20.608347758694464 dB
	 $y_{1,12,34}$ = 16.7342652135237 dB
	 $y_{1,12,40}$ = 12.620932633652018 dB
	 $y_{1,12,41}$ = 8.763624805043364 dB
	 $y_{1,12,43}$ = 4.619623861974503 dB
		SNR medio: 22.109944588765785
		Usuarios totais: 20
$x_{48}$
	 $y_{1,48,26}$ = 12.033238458366753 dB
	 $y_{1,48,35}$ = 13.19100994794249 dB
	 $y_{1,48,36}$ = 14.396510953420716 dB
	 $y_{1,48,37}$ = 25.12758493948651 dB
	 $y_{1,48,47}$ = 25.346759230586358 dB
	 $y_{1,48,57}$ = 21.861463395249046 dB
	 $y_{1,48,59}$ = 16.38497856709111 dB
	 $y_{1,48,79}$ = 15.751823680696901 dB
		SNR medio: 20.823913149586613
		Usuarios totais: 10
$x_{66}$
	 $y_{1,66,44}$ = 18.973585656499367 dB
	 $y_{1,66,55}$ = 27.65123638925067 dB
	 $y_{1,66,56}$ = 31.833304126184444 dB
	 $y_{1,66,65}$ = 29.430241420116914 dB
	 $y_{1,66,76}$ = 28.131057005164976 dB
	 $y_{1,66,87}$ = 15.29958886587147 dB
	 $y_{1,66,95}$ = 14.709826129527372 dB
	 $y_{1,66,96}$ = 9.786074604021778 dB
	 $y_{1,66,97}$ = 13.330182534352986 dB
		SNR medio: 26.264861991652353
		Usuarios totais: 9
$x_{72}$
	 $y_{1,72,50}$ = 16.093000517938904 dB
	 $y_{1,72,52}$ = 18.476215654661786 dB
	 $y_{1,72,53}$ = 13.403103791522994 dB
	 $y_{1,72,60}$ = 15.86863301014563 dB
	 $y_{1,72,61}$ = 21.24455814730682 dB
	 $y_{1,72,63}$ = 21.31918679982344 dB
	 $y_{1,72,70}$ = 26.992825481791144 dB
	 $y_{1,72,72}$ = 100.39000012923819 dB
	 $y_{1,72,73}$ = 20.622775212477123 dB
	 $y_{1,72,81}$ = 22.8698508787634 dB
	 $y_{1,72,92}$ = 22.029522516313307 dB
	 $y_{1,72,94}$ = 11.86504246317027 dB
		SNR medio: 89.59818823433025
		Usuarios totais: 18
t=2
$x_{2}$
	 $y_{2,2,4}$ = 20.7376772358664 dB
	 $y_{2,2,6}$ = 4.057047483827404 dB
		SNR medio: 17.819655509082196
		Usuarios totais: 4
$x_{12}$
	 $y_{2,12,11}$ = 29.785946121944193 dB
	 $y_{2,12,13}$ = 34.330428355043985 dB
	 $y_{2,12,14}$ = 10.74356749645122 dB
	 $y_{2,12,15}$ = 12.902452738885728 dB
	 $y_{2,12,20}$ = 20.129897975175695 dB
	 $y_{2,12,21}$ = 26.008532608476628 dB
	 $y_{2,12,22}$ = 23.289406478951392 dB
	 $y_{2,12,23}$ = 23.430246526263517 dB
	 $y_{2,12,25}$ = 9.09004049502056 dB
	 $y_{2,12,33}$ = 20.608347758694464 dB
	 $y_{2,12,34}$ = 16.7342652135237 dB
	 $y_{2,12,40}$ = 12.620932633652018 dB
	 $y_{2,12,41}$ = 8.763624805043364 dB
		SNR medio: 25.69585218652588
		Usuarios totais: 18
$x_{48}$
	 $y_{2,48,8}$ = 7.334688593632109 dB
	 $y_{2,48,18}$ = 14.164389005276433 dB
	 $y_{2,48,19}$ = 12.800855947495563 dB
	 $y_{2,48,27}$ = 12.654623954098554 dB
	 $y_{2,48,29}$ = 22.777971978179394 dB
	 $y_{2,48,35}$ = 13.19100994794249 dB
	 $y_{2,48,36}$ = 14.396510953420716 dB
	 $y_{2,48,38}$ = 28.250416726494763 dB
	 $y_{2,48,39}$ = 13.738197129664911 dB
	 $y_{2,48,46}$ = 21.208984295371835 dB
	 $y_{2,48,47}$ = 25.346759230586358 dB
	 $y_{2,48,49}$ = 28.854796667894888 dB
	 $y_{2,48,58}$ = 33.822772753938466 dB
	 $y_{2,48,59}$ = 16.38497856709111 dB
	 $y_{2,48,79}$ = 15.751823680696901 dB
		SNR medio: 24.991701597506392
		Usuarios totais: 22
$x_{66}$
	 $y_{2,66,55}$ = 27.65123638925067 dB
	 $y_{2,66,76}$ = 28.131057005164976 dB
	 $y_{2,66,85}$ = 22.920390808848808 dB
	 $y_{2,66,88}$ = 17.367114581447055 dB
		SNR medio: 25.69080730534939
		Usuarios totais: 5
$x_{72}$
	 $y_{2,72,50}$ = 16.093000517938904 dB
	 $y_{2,72,51}$ = 18.45347628316391 dB
	 $y_{2,72,52}$ = 18.476215654661786 dB
	 $y_{2,72,63}$ = 21.31918679982344 dB
	 $y_{2,72,72}$ = 100.39000012923819 dB
	 $y_{2,72,74}$ = 17.890207013399788 dB
	 $y_{2,72,83}$ = 22.600464572650424 dB
	 $y_{2,72,84}$ = 17.863131673581947 dB
		SNR medio: 91.35910050595648
		Usuarios totais: 11
t=3
$x_{2}$
		Usuarios totais: 0
$x_{12}$
	 $y_{3,12,15}$ = 12.902452738885728 dB
	 $y_{3,12,22}$ = 23.289406478951392 dB
	 $y_{3,12,24}$ = 18.78549612841789 dB
	 $y_{3,12,30}$ = 20.182314583045482 dB
	 $y_{3,12,31}$ = 22.806773017324616 dB
	 $y_{3,12,33}$ = 20.608347758694464 dB
	 $y_{3,12,41}$ = 8.763624805043364 dB
	 $y_{3,12,42}$ = 15.660071802852315 dB
	 $y_{3,12,43}$ = 4.619623861974503 dB
		SNR medio: 19.298670637751073
		Usuarios totais: 13
$x_{48}$
	 $y_{3,48,7}$ = 7.350036626614212 dB
	 $y_{3,48,8}$ = 7.334688593632109 dB
	 $y_{3,48,16}$ = 0.5712714165667596 dB
	 $y_{3,48,26}$ = 12.033238458366753 dB
	 $y_{3,48,36}$ = 14.396510953420716 dB
	 $y_{3,48,39}$ = 13.738197129664911 dB
	 $y_{3,48,46}$ = 21.208984295371835 dB
	 $y_{3,48,47}$ = 25.346759230586358 dB
	 $y_{3,48,57}$ = 21.861463395249046 dB
	 $y_{3,48,69}$ = 17.309700941161154 dB
	 $y_{3,48,79}$ = 15.751823680696901 dB
		SNR medio: 18.609767219674303
		Usuarios totais: 15
$x_{66}$
	 $y_{3,66,54}$ = 13.963803383884795 dB
	 $y_{3,66,55}$ = 27.65123638925067 dB
	 $y_{3,66,56}$ = 31.833304126184444 dB
	 $y_{3,66,64}$ = 10.790046434119148 dB
	 $y_{3,66,66}$ = 85.40221118464044 dB
	 $y_{3,66,67}$ = 26.902739312405373 dB
	 $y_{3,66,77}$ = 22.67315180952039 dB
	 $y_{3,66,78}$ = 22.221949956259266 dB
	 $y_{3,66,85}$ = 22.920390808848808 dB
	 $y_{3,66,97}$ = 13.330182534352986 dB
	 $y_{3,66,98}$ = 12.680633439069112 dB
		SNR medio: 74.98832467230277
		Usuarios totais: 19
$x_{72}$
	 $y_{3,72,53}$ = 13.403103791522994 dB
	 $y_{3,72,60}$ = 15.86863301014563 dB
	 $y_{3,72,61}$ = 21.24455814730682 dB
	 $y_{3,72,62}$ = 30.762757896117492 dB
	 $y_{3,72,63}$ = 21.31918679982344 dB
	 $y_{3,72,72}$ = 100.39000012923819 dB
	 $y_{3,72,73}$ = 20.622775212477123 dB
	 $y_{3,72,74}$ = 17.890207013399788 dB
	 $y_{3,72,80}$ = 14.04148533127335 dB
	 $y_{3,72,83}$ = 22.600464572650424 dB
	 $y_{3,72,91}$ = 10.739478681804087 dB
	 $y_{3,72,93}$ = 16.588987028066 dB
		SNR medio: 89.59818844803542
		Usuarios totais: 13
t=4
$x_{2}$
	 $y_{4,2,2}$ = 87.58681715075753 dB
	 $y_{4,2,4}$ = 20.7376772358664 dB
	 $y_{4,2,5}$ = 6.561070239901426 dB
		SNR medio: 82.815605535015
		Usuarios totais: 4
$x_{12}$
	 $y_{4,12,11}$ = 29.785946121944193 dB
	 $y_{4,12,21}$ = 26.008532608476628 dB
	 $y_{4,12,23}$ = 23.430246526263517 dB
	 $y_{4,12,31}$ = 22.806773017324616 dB
	 $y_{4,12,41}$ = 8.763624805043364 dB
	 $y_{4,12,43}$ = 4.619623861974503 dB
		SNR medio: 24.70402042624269
		Usuarios totais: 8
$x_{48}$
	 $y_{4,48,7}$ = 7.350036626614212 dB
	 $y_{4,48,16}$ = 0.5712714165667596 dB
	 $y_{4,48,19}$ = 12.800855947495563 dB
	 $y_{4,48,26}$ = 12.033238458366753 dB
	 $y_{4,48,28}$ = 19.358453386067296 dB
	 $y_{4,48,29}$ = 22.777971978179394 dB
	 $y_{4,48,35}$ = 13.19100994794249 dB
	 $y_{4,48,37}$ = 25.12758493948651 dB
	 $y_{4,48,38}$ = 28.250416726494763 dB
	 $y_{4,48,48}$ = 92.23396637243272 dB
	 $y_{4,48,57}$ = 21.861463395249046 dB
	 $y_{4,48,69}$ = 17.309700941161154 dB
		SNR medio: 81.44215790978336
		Usuarios totais: 17
$x_{66}$
	 $y_{4,66,44}$ = 18.973585656499367 dB
	 $y_{4,66,45}$ = 12.141187437199335 dB
	 $y_{4,66,55}$ = 27.65123638925067 dB
	 $y_{4,66,64}$ = 10.790046434119148 dB
	 $y_{4,66,65}$ = 29.430241420116914 dB
	 $y_{4,66,66}$ = 85.40221118464044 dB
	 $y_{4,66,67}$ = 26.902739312405373 dB
	 $y_{4,66,76}$ = 28.131057005164976 dB
	 $y_{4,66,86}$ = 16.910320224214274 dB
	 $y_{4,66,87}$ = 15.29958886587147 dB
	 $y_{4,66,89}$ = 2.0399363574219365 dB
	 $y_{4,66,96}$ = 9.786074604021778 dB
	 $y_{4,66,98}$ = 12.680633439069112 dB
		SNR medio: 74.2628129600501
		Usuarios totais: 18
$x_{72}$
	 $y_{4,72,51}$ = 18.45347628316391 dB
	 $y_{4,72,53}$ = 13.403103791522994 dB
	 $y_{4,72,60}$ = 15.86863301014563 dB
	 $y_{4,72,63}$ = 21.31918679982344 dB
	 $y_{4,72,71}$ = 26.263433516445644 dB
	 $y_{4,72,74}$ = 17.890207013399788 dB
	 $y_{4,72,80}$ = 14.04148533127335 dB
	 $y_{4,72,82}$ = 32.77045297484402 dB
	 $y_{4,72,84}$ = 17.863131673581947 dB
	 $y_{4,72,92}$ = 22.029522516313307 dB
	 $y_{4,72,93}$ = 16.588987028066 dB
		SNR medio: 24.261825386384672
		Usuarios totais: 13
t=5
$x_{2}$
	 $y_{5,2,1}$ = 33.912346129080376 dB
	 $y_{5,2,3}$ = 25.5285165846647 dB
	 $y_{5,2,4}$ = 20.7376772358664 dB
	 $y_{5,2,5}$ = 6.561070239901426 dB
	 $y_{5,2,6}$ = 4.057047483827404 dB
		SNR medio: 27.700322006664322
		Usuarios totais: 6
$x_{12}$
	 $y_{5,12,11}$ = 29.785946121944193 dB
	 $y_{5,12,13}$ = 34.330428355043985 dB
	 $y_{5,12,23}$ = 23.430246526263517 dB
	 $y_{5,12,25}$ = 9.09004049502056 dB
	 $y_{5,12,31}$ = 22.806773017324616 dB
	 $y_{5,12,32}$ = 23.184367448164593 dB
	 $y_{5,12,34}$ = 16.7342652135237 dB
	 $y_{5,12,41}$ = 8.763624805043364 dB
	 $y_{5,12,42}$ = 15.660071802852315 dB
		SNR medio: 26.873588369834746
		Usuarios totais: 10
$x_{48}$
	 $y_{5,48,8}$ = 7.334688593632109 dB
	 $y_{5,48,18}$ = 14.164389005276433 dB
	 $y_{5,48,26}$ = 12.033238458366753 dB
	 $y_{5,48,29}$ = 22.777971978179394 dB
	 $y_{5,48,35}$ = 13.19100994794249 dB
	 $y_{5,48,36}$ = 14.396510953420716 dB
	 $y_{5,48,39}$ = 13.738197129664911 dB
	 $y_{5,48,47}$ = 25.346759230586358 dB
	 $y_{5,48,48}$ = 92.23396637243272 dB
	 $y_{5,48,49}$ = 28.854796667894888 dB
	 $y_{5,48,57}$ = 21.861463395249046 dB
	 $y_{5,48,58}$ = 33.822772753938466 dB
	 $y_{5,48,59}$ = 16.38497856709111 dB
	 $y_{5,48,68}$ = 15.738478069268865 dB
	 $y_{5,48,69}$ = 17.309700941161154 dB
	 $y_{5,48,79}$ = 15.751823680696901 dB
		SNR medio: 80.19277733991152
		Usuarios totais: 22
$x_{66}$
	 $y_{5,66,45}$ = 12.141187437199335 dB
	 $y_{5,66,55}$ = 27.65123638925067 dB
	 $y_{5,66,56}$ = 31.833304126184444 dB
	 $y_{5,66,65}$ = 29.430241420116914 dB
	 $y_{5,66,67}$ = 26.902739312405373 dB
	 $y_{5,66,75}$ = 19.354820570353482 dB
	 $y_{5,66,76}$ = 28.131057005164976 dB
	 $y_{5,66,88}$ = 17.367114581447055 dB
	 $y_{5,66,96}$ = 9.786074604021778 dB
	 $y_{5,66,97}$ = 13.330182534352986 dB
	 $y_{5,66,98}$ = 12.680633439069112 dB
		SNR medio: 25.952556890490417
		Usuarios totais: 13
$x_{72}$
	 $y_{5,72,51}$ = 18.45347628316391 dB
	 $y_{5,72,60}$ = 15.86863301014563 dB
	 $y_{5,72,61}$ = 21.24455814730682 dB
	 $y_{5,72,62}$ = 30.762757896117492 dB
	 $y_{5,72,73}$ = 20.622775212477123 dB
	 $y_{5,72,74}$ = 17.890207013399788 dB
	 $y_{5,72,83}$ = 22.600464572650424 dB
	 $y_{5,72,92}$ = 22.029522516313307 dB
		SNR medio: 23.874673010560596
		Usuarios totais: 9
t=6
$x_{2}$
	 $y_{6,2,2}$ = 87.58681715075753 dB
	 $y_{6,2,6}$ = 4.057047483827404 dB
		SNR medio: 84.57651721338442
		Usuarios totais: 2
$x_{12}$
	 $y_{6,12,10}$ = 13.33746004163163 dB
	 $y_{6,12,12}$ = 85.86030165303855 dB
	 $y_{6,12,13}$ = 34.330428355043985 dB
	 $y_{6,12,15}$ = 12.902452738885728 dB
	 $y_{6,12,20}$ = 20.129897975175695 dB
	 $y_{6,12,21}$ = 26.008532608476628 dB
	 $y_{6,12,22}$ = 23.289406478951392 dB
	 $y_{6,12,25}$ = 9.09004049502056 dB
	 $y_{6,12,30}$ = 20.182314583045482 dB
	 $y_{6,12,32}$ = 23.184367448164593 dB
	 $y_{6,12,34}$ = 16.7342652135237 dB
	 $y_{6,12,40}$ = 12.620932633652018 dB
	 $y_{6,12,41}$ = 8.763624805043364 dB
	 $y_{6,12,42}$ = 15.660071802852315 dB
		SNR medio: 74.39906519891248
		Usuarios totais: 18
$x_{48}$
	 $y_{6,48,8}$ = 7.334688593632109 dB
	 $y_{6,48,9}$ = 13.18275620326743 dB
	 $y_{6,48,19}$ = 12.800855947495563 dB
	 $y_{6,48,26}$ = 12.033238458366753 dB
	 $y_{6,48,27}$ = 12.654623954098554 dB
	 $y_{6,48,28}$ = 19.358453386067296 dB
	 $y_{6,48,35}$ = 13.19100994794249 dB
	 $y_{6,48,37}$ = 25.12758493948651 dB
	 $y_{6,48,38}$ = 28.250416726494763 dB
	 $y_{6,48,39}$ = 13.738197129664911 dB
	 $y_{6,48,46}$ = 21.208984295371835 dB
	 $y_{6,48,48}$ = 92.23396637243272 dB
	 $y_{6,48,58}$ = 33.822772753938466 dB
	 $y_{6,48,68}$ = 15.738478069268865 dB
	 $y_{6,48,69}$ = 17.309700941161154 dB
		SNR medio: 80.47306375074885
		Usuarios totais: 19
$x_{66}$
	 $y_{6,66,44}$ = 18.973585656499367 dB
	 $y_{6,66,45}$ = 12.141187437199335 dB
	 $y_{6,66,54}$ = 13.963803383884795 dB
	 $y_{6,66,55}$ = 27.65123638925067 dB
	 $y_{6,66,56}$ = 31.833304126184444 dB
	 $y_{6,66,65}$ = 29.430241420116914 dB
	 $y_{6,66,67}$ = 26.902739312405373 dB
	 $y_{6,66,78}$ = 22.221949956259266 dB
	 $y_{6,66,86}$ = 16.910320224214274 dB
	 $y_{6,66,87}$ = 15.29958886587147 dB
	 $y_{6,66,89}$ = 2.0399363574219365 dB
	 $y_{6,66,95}$ = 14.709826129527372 dB
	 $y_{6,66,97}$ = 13.330182534352986 dB
	 $y_{6,66,98}$ = 12.680633439069112 dB
		SNR medio: 24.467006398375904
		Usuarios totais: 16
$x_{72}$
	 $y_{6,72,63}$ = 21.31918679982344 dB
	 $y_{6,72,73}$ = 20.622775212477123 dB
	 $y_{6,72,74}$ = 17.890207013399788 dB
	 $y_{6,72,94}$ = 11.86504246317027 dB
		SNR medio: 19.135453050860626
		Usuarios totais: 5
t=7
$x_{2}$
	 $y_{7,2,4}$ = 20.7376772358664 dB
	 $y_{7,2,5}$ = 6.561070239901426 dB
		SNR medio: 17.890289085416434
		Usuarios totais: 5
$x_{12}$
	 $y_{7,12,15}$ = 12.902452738885728 dB
	 $y_{7,12,21}$ = 26.008532608476628 dB
	 $y_{7,12,30}$ = 20.182314583045482 dB
	 $y_{7,12,40}$ = 12.620932633652018 dB
	 $y_{7,12,41}$ = 8.763624805043364 dB
		SNR medio: 20.40202118785912
		Usuarios totais: 5
$x_{48}$
	 $y_{7,48,9}$ = 13.18275620326743 dB
	 $y_{7,48,16}$ = 0.5712714165667596 dB
	 $y_{7,48,17}$ = 13.054938236098081 dB
	 $y_{7,48,18}$ = 14.164389005276433 dB
	 $y_{7,48,19}$ = 12.800855947495563 dB
	 $y_{7,48,27}$ = 12.654623954098554 dB
	 $y_{7,48,28}$ = 19.358453386067296 dB
	 $y_{7,48,36}$ = 14.396510953420716 dB
	 $y_{7,48,39}$ = 13.738197129664911 dB
	 $y_{7,48,46}$ = 21.208984295371835 dB
	 $y_{7,48,47}$ = 25.346759230586358 dB
	 $y_{7,48,48}$ = 92.23396637243272 dB
	 $y_{7,48,58}$ = 33.822772753938466 dB
	 $y_{7,48,69}$ = 17.309700941161154 dB
	 $y_{7,48,79}$ = 15.751823680696901 dB
		SNR medio: 80.47306214426192
		Usuarios totais: 23
$x_{66}$
	 $y_{7,66,44}$ = 18.973585656499367 dB
	 $y_{7,66,54}$ = 13.963803383884795 dB
	 $y_{7,66,55}$ = 27.65123638925067 dB
	 $y_{7,66,56}$ = 31.833304126184444 dB
	 $y_{7,66,66}$ = 85.40221118464044 dB
	 $y_{7,66,75}$ = 19.354820570353482 dB
	 $y_{7,66,85}$ = 22.920390808848808 dB
	 $y_{7,66,87}$ = 15.29958886587147 dB
	 $y_{7,66,89}$ = 2.0399363574219365 dB
	 $y_{7,66,95}$ = 14.709826129527372 dB
	 $y_{7,66,96}$ = 9.786074604021778 dB
	 $y_{7,66,99}$ = 10.145778568522047 dB
		SNR medio: 74.61043100206271
		Usuarios totais: 15
$x_{72}$
	 $y_{7,72,51}$ = 18.45347628316391 dB
	 $y_{7,72,53}$ = 13.403103791522994 dB
	 $y_{7,72,60}$ = 15.86863301014563 dB
	 $y_{7,72,62}$ = 30.762757896117492 dB
	 $y_{7,72,63}$ = 21.31918679982344 dB
	 $y_{7,72,70}$ = 26.992825481791144 dB
	 $y_{7,72,74}$ = 17.890207013399788 dB
	 $y_{7,72,83}$ = 22.600464572650424 dB
	 $y_{7,72,84}$ = 17.863131673581947 dB
	 $y_{7,72,94}$ = 11.86504246317027 dB
		SNR medio: 23.57634304217199
		Usuarios totais: 12
t=8
$x_{2}$
	 $y_{8,2,0}$ = 20.70598360603269 dB
	 $y_{8,2,1}$ = 33.912346129080376 dB
	 $y_{8,2,2}$ = 87.58681715075753 dB
		SNR medio: 82.81562412948966
		Usuarios totais: 4
$x_{12}$
	 $y_{8,12,12}$ = 85.86030165303855 dB
	 $y_{8,12,14}$ = 10.74356749645122 dB
	 $y_{8,12,20}$ = 20.129897975175695 dB
	 $y_{8,12,21}$ = 26.008532608476628 dB
	 $y_{8,12,24}$ = 18.78549612841789 dB
	 $y_{8,12,25}$ = 9.09004049502056 dB
	 $y_{8,12,32}$ = 23.184367448164593 dB
	 $y_{8,12,33}$ = 20.608347758694464 dB
	 $y_{8,12,41}$ = 8.763624805043364 dB
	 $y_{8,12,42}$ = 15.660071802852315 dB
	 $y_{8,12,43}$ = 4.619623861974503 dB
		SNR medio: 75.44638570604928
		Usuarios totais: 13
$x_{48}$
	 $y_{8,48,9}$ = 13.18275620326743 dB
	 $y_{8,48,18}$ = 14.164389005276433 dB
	 $y_{8,48,27}$ = 12.654623954098554 dB
	 $y_{8,48,28}$ = 19.358453386067296 dB
	 $y_{8,48,36}$ = 14.396510953420716 dB
	 $y_{8,48,37}$ = 25.12758493948651 dB
	 $y_{8,48,46}$ = 21.208984295371835 dB
	 $y_{8,48,49}$ = 28.854796667894888 dB
	 $y_{8,48,58}$ = 33.822772753938466 dB
	 $y_{8,48,68}$ = 15.738478069268865 dB
	 $y_{8,48,79}$ = 15.751823680696901 dB
		SNR medio: 25.487360235279258
		Usuarios totais: 14
$x_{66}$
	 $y_{8,66,45}$ = 12.141187437199335 dB
	 $y_{8,66,55}$ = 27.65123638925067 dB
	 $y_{8,66,64}$ = 10.790046434119148 dB
	 $y_{8,66,65}$ = 29.430241420116914 dB
	 $y_{8,66,66}$ = 85.40221118464044 dB
	 $y_{8,66,67}$ = 26.902739312405373 dB
	 $y_{8,66,75}$ = 19.354820570353482 dB
	 $y_{8,66,76}$ = 28.131057005164976 dB
	 $y_{8,66,95}$ = 14.709826129527372 dB
	 $y_{8,66,96}$ = 9.786074604021778 dB
	 $y_{8,66,99}$ = 10.145778568522047 dB
		SNR medio: 74.98831893112624
		Usuarios totais: 14
$x_{72}$
	 $y_{8,72,52}$ = 18.476215654661786 dB
	 $y_{8,72,53}$ = 13.403103791522994 dB
	 $y_{8,72,62}$ = 30.762757896117492 dB
	 $y_{8,72,63}$ = 21.31918679982344 dB
	 $y_{8,72,71}$ = 26.263433516445644 dB
	 $y_{8,72,74}$ = 17.890207013399788 dB
	 $y_{8,72,82}$ = 32.77045297484402 dB
	 $y_{8,72,84}$ = 17.863131673581947 dB
	 $y_{8,72,91}$ = 10.739478681804087 dB
	 $y_{8,72,93}$ = 16.588987028066 dB
		SNR medio: 25.927811941319163
		Usuarios totais: 15
t=9
$x_{2}$
	 $y_{9,2,0}$ = 20.70598360603269 dB
	 $y_{9,2,1}$ = 33.912346129080376 dB
	 $y_{9,2,2}$ = 87.58681715075753 dB
	 $y_{9,2,3}$ = 25.5285165846647 dB
	 $y_{9,2,4}$ = 20.7376772358664 dB
		SNR medio: 80.59714023414286
		Usuarios totais: 5
$x_{12}$
	 $y_{9,12,20}$ = 20.129897975175695 dB
	 $y_{9,12,30}$ = 20.182314583045482 dB
	 $y_{9,12,31}$ = 22.806773017324616 dB
	 $y_{9,12,32}$ = 23.184367448164593 dB
	 $y_{9,12,33}$ = 20.608347758694464 dB
	 $y_{9,12,34}$ = 16.7342652135237 dB
	 $y_{9,12,42}$ = 15.660071802852315 dB
	 $y_{9,12,43}$ = 4.619623861974503 dB
		SNR medio: 20.044486121319327
		Usuarios totais: 13
$x_{48}$
	 $y_{9,48,7}$ = 7.350036626614212 dB
	 $y_{9,48,8}$ = 7.334688593632109 dB
	 $y_{9,48,16}$ = 0.5712714165667596 dB
	 $y_{9,48,17}$ = 13.054938236098081 dB
	 $y_{9,48,35}$ = 13.19100994794249 dB
	 $y_{9,48,47}$ = 25.346759230586358 dB
	 $y_{9,48,57}$ = 21.861463395249046 dB
	 $y_{9,48,58}$ = 33.822772753938466 dB
	 $y_{9,48,68}$ = 15.738478069268865 dB
		SNR medio: 25.22588700190356
		Usuarios totais: 12
$x_{66}$
	 $y_{9,66,54}$ = 13.963803383884795 dB
	 $y_{9,66,65}$ = 29.430241420116914 dB
	 $y_{9,66,75}$ = 19.354820570353482 dB
	 $y_{9,66,77}$ = 22.67315180952039 dB
	 $y_{9,66,87}$ = 15.29958886587147 dB
	 $y_{9,66,88}$ = 17.367114581447055 dB
	 $y_{9,66,96}$ = 9.786074604021778 dB
	 $y_{9,66,99}$ = 10.145778568522047 dB
		SNR medio: 22.046277873182834
		Usuarios totais: 10
$x_{72}$
	 $y_{9,72,50}$ = 16.093000517938904 dB
	 $y_{9,72,52}$ = 18.476215654661786 dB
	 $y_{9,72,53}$ = 13.403103791522994 dB
	 $y_{9,72,61}$ = 21.24455814730682 dB
	 $y_{9,72,62}$ = 30.762757896117492 dB
	 $y_{9,72,71}$ = 26.263433516445644 dB
	 $y_{9,72,72}$ = 100.39000012923819 dB
	 $y_{9,72,74}$ = 17.890207013399788 dB
	 $y_{9,72,84}$ = 17.863131673581947 dB
	 $y_{9,72,91}$ = 10.739478681804087 dB
	 $y_{9,72,92}$ = 22.029522516313307 dB
	 $y_{9,72,93}$ = 16.588987028066 dB
		SNR medio: 89.59818855042231
		Usuarios totais: 20
Distances:
2 : 12 = 400.0
2 : 48 = 2884.4410203711914
2 : 66 = 2884.4410203711914
2 : 72 = 2800.0
12 : 48 = 2683.281572999748
12 : 66 = 2561.2496949731394
12 : 72 = 2400.0
48 : 66 = 1131.370849898476
48 : 72 = 2683.281572999748
66 : 72 = 1649.2422502470642
--- Done after 0.00028672059377034503 hours. ---
