-------------Calculating Solution (this may take a while)
+++++++++++++++++++Min Sinr: 10 dB (fixed)
+++++++++++++++++++With backhaul constraint. Start: 2023-01-06 21:38:07

Parameters:
- chosen seed 8
- Map with 100 sectors
- Map 4000 x 4000 m
- Sector has a side of 400 m
- Max time:  12
- users_t_m:  [[0, 0, 0, 0, 0, 0, 0, 0, 0, 0, 0, 0, 0, 0, 0, 0, 0, 0, 0, 0, 0, 0, 0, 0, 0, 0, 0, 0, 0, 0, 0, 0, 0, 0, 0, 0, 0, 0, 0, 0, 0, 0, 0, 0, 0, 0, 0, 0, 0, 0, 0, 0, 0, 0, 0, 0, 0, 0, 0, 0, 0, 0, 0, 0, 0, 0, 0, 0, 0, 0, 0, 0, 9, 1, 0, 0, 0, 0, 0, 0, 0, 0, 25, 1, 0, 0, 0, 0, 0, 0, 0, 0, 0, 1, 0, 0, 0, 0, 0, 0], [1, 1, 1, 1, 0, 0, 0, 0, 0, 0, 2, 0, 1, 0, 0, 0, 0, 0, 0, 0, 0, 0, 0, 1, 0, 0, 0, 0, 0, 0, 0, 0, 0, 0, 1, 1, 1, 0, 1, 0, 0, 0, 0, 0, 0, 0, 0, 0, 0, 0, 1, 0, 0, 0, 0, 0, 0, 0, 2, 0, 0, 2, 3, 1, 1, 1, 1, 0, 0, 0, 1, 0, 6, 2, 0, 1, 0, 1, 0, 0, 0, 0, 16, 3, 1, 0, 0, 0, 0, 2, 0, 0, 0, 2, 0, 1, 0, 0, 1, 1], [1, 1, 0, 0, 0, 0, 2, 2, 0, 0, 0, 1, 1, 0, 3, 0, 1, 1, 1, 2, 1, 0, 0, 0, 1, 0, 0, 1, 1, 0, 4, 0, 0, 0, 1, 0, 0, 0, 1, 1, 0, 1, 0, 1, 0, 1, 0, 1, 0, 0, 0, 0, 0, 0, 1, 2, 0, 1, 0, 0, 0, 0, 1, 0, 0, 0, 0, 0, 2, 1, 0, 3, 4, 3, 0, 2, 2, 1, 0, 1, 0, 1, 21, 3, 1, 1, 0, 0, 1, 1, 1, 0, 1, 3, 0, 1, 0, 0, 1, 0], [0, 0, 1, 0, 0, 1, 0, 0, 1, 1, 1, 2, 1, 1, 2, 0, 0, 3, 0, 0, 4, 2, 2, 1, 1, 1, 1, 1, 1, 0, 2, 0, 1, 1, 1, 0, 0, 1, 0, 1, 0, 0, 1, 1, 2, 0, 2, 1, 1, 2, 2, 0, 2, 0, 1, 0, 0, 0, 1, 1, 1, 0, 2, 3, 0, 4, 1, 0, 0, 0, 1, 0, 5, 6, 0, 2, 2, 1, 1, 1, 0, 2, 18, 3, 2, 0, 0, 1, 0, 1, 1, 2, 1, 3, 1, 0, 2, 1, 0, 1], [0, 3, 2, 2, 2, 2, 2, 1, 2, 0, 5, 3, 0, 3, 1, 1, 0, 4, 0, 1, 1, 1, 2, 1, 0, 2, 1, 1, 4, 3, 0, 2, 0, 1, 0, 0, 1, 0, 1, 2, 1, 0, 1, 0, 1, 2, 1, 1, 1, 0, 1, 1, 1, 1, 1, 1, 1, 2, 0, 1, 2, 1, 0, 2, 0, 0, 1, 4, 3, 2, 1, 1, 8, 3, 1, 2, 2, 1, 2, 1, 1, 2, 17, 4, 2, 0, 1, 0, 0, 1, 0, 4, 1, 3, 0, 1, 0, 2, 0, 1], [2, 1, 1, 3, 2, 3, 2, 0, 2, 2, 0, 1, 1, 0, 1, 2, 1, 4, 0, 2, 1, 4, 1, 1, 2, 1, 1, 0, 1, 1, 3, 0, 5, 0, 4, 0, 1, 0, 1, 1, 2, 1, 0, 1, 1, 1, 3, 1, 3, 1, 4, 5, 2, 2, 4, 1, 2, 4, 0, 0, 0, 0, 1, 2, 0, 5, 0, 1, 1, 3, 3, 2, 7, 0, 0, 4, 2, 1, 4, 1, 0, 1, 22, 6, 5, 1, 1, 1, 3, 1, 1, 2, 2, 3, 0, 0, 0, 0, 4, 0], [3, 3, 2, 2, 1, 0, 0, 1, 1, 0, 1, 1, 0, 3, 3, 1, 2, 1, 1, 1, 1, 0, 2, 1, 1, 3, 3, 2, 1, 1, 1, 0, 1, 1, 1, 0, 0, 2, 1, 0, 5, 1, 1, 3, 2, 0, 4, 1, 0, 1, 2, 3, 2, 6, 1, 1, 1, 2, 3, 0, 6, 3, 4, 3, 2, 2, 0, 5, 1, 2, 0, 0, 0, 1, 1, 1, 0, 1, 0, 0, 2, 0, 5, 1, 1, 1, 2, 2, 2, 3, 0, 1, 2, 2, 1, 1, 2, 1, 3, 2], [1, 1, 2, 1, 1, 0, 2, 0, 1, 0, 3, 3, 0, 0, 4, 2, 1, 1, 1, 0, 1, 3, 4, 0, 2, 2, 1, 1, 2, 4, 3, 0, 0, 2, 1, 1, 2, 1, 2, 3, 0, 1, 1, 3, 0, 1, 3, 1, 0, 2, 0, 0, 1, 1, 0, 1, 1, 1, 1, 1, 2, 3, 1, 2, 3, 1, 0, 0, 2, 0, 1, 1, 1, 0, 1, 1, 2, 0, 3, 0, 1, 3, 2, 3, 1, 1, 1, 1, 1, 0, 1, 1, 1, 1, 0, 3, 1, 0, 0, 3], [1, 1, 0, 1, 4, 2, 1, 0, 4, 1, 2, 1, 1, 1, 1, 0, 2, 0, 3, 2, 1, 0, 1, 1, 2, 1, 0, 0, 1, 2, 0, 0, 1, 2, 1, 0, 0, 2, 0, 0, 2, 1, 0, 2, 0, 2, 1, 2, 0, 0, 2, 1, 2, 1, 3, 0, 2, 1, 1, 0, 0, 1, 0, 1, 2, 1, 2, 0, 2, 1, 0, 1, 1, 0, 1, 1, 0, 1, 0, 3, 1, 0, 2, 0, 3, 3, 1, 0, 0, 0, 0, 1, 1, 1, 0, 2, 2, 3, 0, 0], [0, 1, 1, 1, 0, 2, 2, 1, 0, 0, 2, 0, 1, 1, 1, 3, 1, 0, 0, 1, 1, 1, 0, 2, 1, 2, 1, 1, 2, 0, 1, 1, 4, 2, 1, 0, 1, 2, 0, 0, 0, 0, 2, 0, 1, 0, 0, 2, 1, 1, 1, 1, 0, 1, 0, 2, 0, 3, 1, 3, 0, 1, 1, 0, 0, 0, 1, 2, 0, 0, 0, 1, 0, 1, 0, 1, 1, 2, 0, 3, 1, 0, 1, 0, 0, 0, 0, 0, 0, 0, 0, 1, 1, 1, 0, 1, 1, 1, 1, 1], [0, 1, 1, 0, 1, 2, 0, 0, 0, 1, 2, 1, 1, 0, 2, 0, 1, 1, 0, 0, 0, 0, 1, 2, 2, 3, 0, 1, 1, 0, 0, 1, 2, 0, 0, 0, 0, 0, 1, 0, 0, 0, 0, 0, 2, 1, 0, 3, 1, 1, 0, 1, 1, 0, 0, 0, 0, 1, 0, 1, 2, 2, 0, 0, 0, 0, 0, 1, 1, 0, 1, 1, 1, 1, 1, 0, 0, 0, 0, 1, 0, 0, 0, 0, 0, 0, 0, 1, 0, 1, 0, 0, 0, 0, 0, 0, 1, 0, 0, 1], [0, 0, 1, 1, 0, 0, 0, 0, 1, 0, 0, 0, 0, 0, 0, 0, 0, 1, 0, 0, 0, 0, 0, 0, 1, 0, 0, 1, 3, 0, 0, 0, 0, 0, 0, 0, 1, 0, 0, 0, 0, 1, 0, 0, 0, 0, 1, 0, 0, 0, 0, 0, 1, 0, 0, 0, 0, 0, 0, 0, 0, 0, 0, 0, 0, 0, 0, 0, 1, 1, 1, 0, 1, 1, 0, 0, 0, 0, 0, 1, 0, 0, 0, 0, 0, 1, 0, 0, 1, 0, 0, 0, 1, 1, 1, 1, 0, 1, 1, 1]]
MAX_USER_PER_ANTENNAS_m:  [40, 40, 40, 40, 40, 40, 40, 40, 40, 40, 40, 40, 40, 40, 40, 40, 40, 40, 40, 40, 40, 40, 40, 40, 40, 40, 40, 40, 40, 40, 40, 40, 40, 40, 40, 40, 40, 40, 40, 40, 40, 40, 40, 40, 40, 40, 40, 40, 40, 40, 40, 40, 40, 40, 40, 40, 40, 40, 40, 40, 40, 40, 40, 40, 40, 40, 40, 40, 40, 40, 40, 40, 40, 40, 40, 40, 40, 40, 40, 40, 40, 40, 40, 40, 40, 40, 40, 40, 40, 40, 40, 40, 40, 40, 40, 40, 40, 40, 40, 40]
antennas_map_m:  [1, 1, 1, 1, 1, 1, 1, 1, 1, 1, 1, 1, 1, 1, 1, 1, 1, 1, 1, 1, 1, 1, 1, 1, 1, 1, 1, 1, 1, 1, 1, 1, 1, 1, 1, 1, 1, 1, 1, 1, 1, 1, 1, 1, 1, 1, 1, 1, 1, 1, 1, 1, 1, 1, 1, 1, 1, 1, 1, 1, 1, 1, 1, 1, 1, 1, 1, 1, 1, 1, 1, 1, 1, 1, 1, 1, 1, 1, 1, 1, 1, 1, 1, 1, 1, 1, 1, 1, 1, 1, 1, 1, 1, 1, 1, 1, 1, 1, 1, 1]
FIRST_ANTENNA:  2
MIN_SNR_m:  [10.0, 10.0, 10.0, 10.0, 10.0, 10.0, 10.0, 10.0, 10.0, 10.0, 10.0, 10.0, 10.0, 10.0, 10.0, 10.0, 10.0, 10.0, 10.0, 10.0, 10.0, 10.0, 10.0, 10.0, 10.0, 10.0, 10.0, 10.0, 10.0, 10.0, 10.0, 10.0, 10.0, 10.0, 10.0, 10.0, 10.0, 10.0, 10.0, 10.0, 10.0, 10.0, 10.0, 10.0, 10.0, 10.0, 10.0, 10.0, 10.0, 10.0, 10.0, 10.0, 10.0, 10.0, 10.0, 10.0, 10.0, 10.0, 10.0, 10.0, 10.0, 10.0, 10.0, 10.0, 10.0, 10.0, 10.0, 10.0, 10.0, 10.0, 10.0, 10.0, 10.0, 10.0, 10.0, 10.0, 10.0, 10.0, 10.0, 10.0, 10.0, 10.0, 10.0, 10.0, 10.0, 10.0, 10.0, 10.0, 10.0, 10.0, 10.0, 10.0, 10.0, 10.0, 10.0, 10.0, 10.0, 10.0, 10.0, 10.0]
-MIN_DIST:  2000
- disaster percentage:  0

Média de carros: 5.5
t=0
$x_{0,2}$
		Usuarios totais: 0
$x_{0,46}$
		Usuarios totais: 0
$x_{0,72}$
	 $y_{0,72,72}$ = 100.39000012923819 dB
	 $y_{0,72,73}$ = 20.622775212477123 dB
	 $y_{0,72,82}$ = 32.77045297484402 dB
	 $y_{0,72,83}$ = 22.600464572650424 dB
	 $y_{0,72,93}$ = 16.588987028066 dB
		SNR medio: 93.40030097337566
		Usuarios totais: 37
Distances:
2 : 46 = 2262.741699796952
2 : 72 = 2800.0
46 : 72 = 2000.0
t=1
$x_{1,2}$
	 $y_{1,2,0}$ = 20.70598360603269 dB
	 $y_{1,2,1}$ = 33.912346129080376 dB
	 $y_{1,2,2}$ = 87.58681715075753 dB
	 $y_{1,2,3}$ = 25.5285165846647 dB
	 $y_{1,2,10}$ = 22.140405022937898 dB
	 $y_{1,2,12}$ = 34.66720617272664 dB
	 $y_{1,2,23}$ = 18.50345506189879 dB
	 $y_{1,2,36}$ = 15.397800235300565 dB
		SNR medio: 78.55596372107809
		Usuarios totais: 9
$x_{1,46}$
	 $y_{1,46,34}$ = 15.956824197141628 dB
	 $y_{1,46,35}$ = 23.69291796141937 dB
	 $y_{1,46,38}$ = 17.64790126761224 dB
	 $y_{1,46,58}$ = 16.4962235940732 dB
	 $y_{1,46,64}$ = 11.719927756249717 dB
	 $y_{1,46,66}$ = 23.614137283345556 dB
	 $y_{1,46,75}$ = 10.046646398687386 dB
	 $y_{1,46,77}$ = 11.633999644312382 dB
		SNR medio: 19.068993357379988
		Usuarios totais: 9
$x_{1,72}$
	 $y_{1,72,50}$ = 16.093000517938904 dB
	 $y_{1,72,61}$ = 21.24455814730682 dB
	 $y_{1,72,62}$ = 30.762757896117492 dB
	 $y_{1,72,63}$ = 21.31918679982344 dB
	 $y_{1,72,65}$ = 13.889525896125008 dB
	 $y_{1,72,70}$ = 26.992825481791144 dB
	 $y_{1,72,72}$ = 100.39000012923819 dB
	 $y_{1,72,73}$ = 20.622775212477123 dB
	 $y_{1,72,82}$ = 32.77045297484402 dB
	 $y_{1,72,83}$ = 22.600464572650424 dB
	 $y_{1,72,93}$ = 16.588987028066 dB
		SNR medio: 89.97607496954238
		Usuarios totais: 38
$x_{1,87}$
	 $y_{1,87,84}$ = 12.561174100876116 dB
	 $y_{1,87,89}$ = 21.57379532990319 dB
	 $y_{1,87,95}$ = 17.19207563574524 dB
	 $y_{1,87,98}$ = 23.47844634524573 dB
	 $y_{1,87,99}$ = 18.617492291677905 dB
		SNR medio: 20.082546007115774
		Usuarios totais: 6
Distances:
2 : 46 = 2262.741699796952
2 : 72 = 2800.0
2 : 87 = 3773.5924528226415
46 : 72 = 2000.0
46 : 87 = 1649.2422502470642
72 : 87 = 2039.607805437114
t=2
$x_{2,2}$
	 $y_{2,2,0}$ = 20.70598360603269 dB
	 $y_{2,2,1}$ = 33.912346129080376 dB
	 $y_{2,2,11}$ = 21.842706434213014 dB
	 $y_{2,2,12}$ = 34.66720617272664 dB
	 $y_{2,2,20}$ = 11.443929094455939 dB
		SNR medio: 30.550075887674097
		Usuarios totais: 5
$x_{2,16}$
	 $y_{2,16,6}$ = 30.326418312087142 dB
	 $y_{2,16,7}$ = 23.190131008773747 dB
	 $y_{2,16,16}$ = 87.43874585563327 dB
	 $y_{2,16,18}$ = 18.452058340724278 dB
	 $y_{2,16,19}$ = 13.350216698591666 dB
	 $y_{2,16,24}$ = 13.14816956099196 dB
	 $y_{2,16,27}$ = 24.02533023128541 dB
	 $y_{2,16,28}$ = 24.689116749772296 dB
	 $y_{2,16,30}$ = 10.638815367731809 dB
	 $y_{2,16,38}$ = 11.091307827652486 dB
		SNR medio: 77.4387612881944
		Usuarios totais: 16
$x_{2,46}$
	 $y_{2,46,14}$ = 13.612834907211152 dB
	 $y_{2,46,17}$ = 12.777148546444437 dB
	 $y_{2,46,34}$ = 15.956824197141628 dB
	 $y_{2,46,39}$ = 15.634067020488757 dB
	 $y_{2,46,41}$ = 10.382590144864636 dB
	 $y_{2,46,43}$ = 23.451069821724587 dB
	 $y_{2,46,45}$ = 25.926383943285074 dB
	 $y_{2,46,47}$ = 28.427478412814395 dB
	 $y_{2,46,55}$ = 24.802356325860117 dB
	 $y_{2,46,68}$ = 12.090323968704212 dB
	 $y_{2,46,69}$ = 12.315578616935625 dB
	 $y_{2,46,77}$ = 11.633999644312382 dB
		SNR medio: 21.73141856102614
		Usuarios totais: 16
$x_{2,72}$
	 $y_{2,72,62}$ = 30.762757896117492 dB
	 $y_{2,72,71}$ = 26.263433516445644 dB
	 $y_{2,72,72}$ = 100.39000012923819 dB
	 $y_{2,72,73}$ = 20.622775212477123 dB
	 $y_{2,72,75}$ = 16.39400770568068 dB
	 $y_{2,72,81}$ = 22.8698508787634 dB
	 $y_{2,72,83}$ = 22.600464572650424 dB
	 $y_{2,72,84}$ = 17.863131673581947 dB
	 $y_{2,72,90}$ = 13.836038968702809 dB
	 $y_{2,72,92}$ = 22.029522516313307 dB
	 $y_{2,72,93}$ = 16.588987028066 dB
		SNR medio: 89.97607424637243
		Usuarios totais: 23
$x_{2,87}$
	 $y_{2,87,54}$ = 12.852428690474994 dB
	 $y_{2,87,57}$ = 13.00956337558307 dB
	 $y_{2,87,76}$ = 31.651796451578434 dB
	 $y_{2,87,79}$ = 17.352251761449338 dB
	 $y_{2,87,82}$ = 10.75400720072156 dB
	 $y_{2,87,85}$ = 11.824483097177477 dB
	 $y_{2,87,88}$ = 34.42529660562199 dB
	 $y_{2,87,89}$ = 21.57379532990319 dB
	 $y_{2,87,95}$ = 17.19207563574524 dB
	 $y_{2,87,98}$ = 23.47844634524573 dB
		SNR medio: 26.787620172982134
		Usuarios totais: 31
Distances:
2 : 16 = 1649.2422502470642
2 : 46 = 2262.741699796952
2 : 72 = 2800.0
2 : 87 = 3773.5924528226415
16 : 46 = 1200.0
16 : 72 = 2884.4410203711914
16 : 87 = 2828.42712474619
46 : 72 = 2000.0
46 : 87 = 1649.2422502470642
72 : 87 = 2039.607805437114
t=3
$x_{3,2}$
	 $y_{3,2,2}$ = 87.58681715075753 dB
	 $y_{3,2,10}$ = 22.140405022937898 dB
	 $y_{3,2,11}$ = 21.842706434213014 dB
	 $y_{3,2,12}$ = 34.66720617272664 dB
	 $y_{3,2,13}$ = 27.60235677975477 dB
	 $y_{3,2,14}$ = 24.228137186138397 dB
	 $y_{3,2,20}$ = 11.443929094455939 dB
	 $y_{3,2,21}$ = 22.542010043897818 dB
	 $y_{3,2,22}$ = 17.337719337968807 dB
	 $y_{3,2,23}$ = 18.50345506189879 dB
	 $y_{3,2,25}$ = 10.745102421012774 dB
	 $y_{3,2,32}$ = 17.019609335241228 dB
	 $y_{3,2,33}$ = 11.885810607972616 dB
		SNR medio: 76.44741755851604
		Usuarios totais: 20
$x_{3,16}$
	 $y_{3,16,5}$ = 26.773238351030855 dB
	 $y_{3,16,8}$ = 19.926607104790335 dB
	 $y_{3,16,17}$ = 31.589549416535334 dB
	 $y_{3,16,24}$ = 13.14816956099196 dB
	 $y_{3,16,26}$ = 32.301830982638165 dB
	 $y_{3,16,27}$ = 24.02533023128541 dB
	 $y_{3,16,30}$ = 10.638815367731809 dB
	 $y_{3,16,34}$ = 12.990192446583904 dB
	 $y_{3,16,37}$ = 23.980622237865205 dB
	 $y_{3,16,44}$ = 10.907632837501524 dB
		SNR medio: 26.3165980542245
		Usuarios totais: 14
$x_{3,46}$
	 $y_{3,46,9}$ = 10.234632683006168 dB
	 $y_{3,46,28}$ = 12.7651987783548 dB
	 $y_{3,46,39}$ = 15.634067020488757 dB
	 $y_{3,46,42}$ = 12.161615608537346 dB
	 $y_{3,46,43}$ = 23.451069821724587 dB
	 $y_{3,46,46}$ = 85.1361392126654 dB
	 $y_{3,46,48}$ = 15.309353422982838 dB
	 $y_{3,46,58}$ = 16.4962235940732 dB
	 $y_{3,46,66}$ = 23.614137283345556 dB
	 $y_{3,46,77}$ = 11.633999644312382 dB
		SNR medio: 75.13614755593592
		Usuarios totais: 11
$x_{3,65}$
	 $y_{3,65,59}$ = 10.295837544655214 dB
	 $y_{3,65,63}$ = 18.19203975280726 dB
	 $y_{3,65,65}$ = 80.4105763604885 dB
	 $y_{3,65,73}$ = 15.523718214690945 dB
	 $y_{3,65,83}$ = 11.673222841264021 dB
	 $y_{3,65,91}$ = 10.59910184127098 dB
		SNR medio: 72.62906932935745
		Usuarios totais: 19
$x_{3,72}$
	 $y_{3,72,50}$ = 16.093000517938904 dB
	 $y_{3,72,52}$ = 18.476215654661786 dB
	 $y_{3,72,60}$ = 15.86863301014563 dB
	 $y_{3,72,62}$ = 30.762757896117492 dB
	 $y_{3,72,70}$ = 26.992825481791144 dB
	 $y_{3,72,72}$ = 100.39000012923819 dB
	 $y_{3,72,81}$ = 22.8698508787634 dB
	 $y_{3,72,82}$ = 32.77045297484402 dB
	 $y_{3,72,90}$ = 13.836038968702809 dB
	 $y_{3,72,92}$ = 22.029522516313307 dB
	 $y_{3,72,93}$ = 16.588987028066 dB
		SNR medio: 89.97607492819596
		Usuarios totais: 38
$x_{3,87}$
	 $y_{3,87,47}$ = 13.50395460656091 dB
	 $y_{3,87,49}$ = 11.361092972185617 dB
	 $y_{3,87,54}$ = 12.852428690474994 dB
	 $y_{3,87,75}$ = 12.165863969448367 dB
	 $y_{3,87,76}$ = 31.651796451578434 dB
	 $y_{3,87,78}$ = 17.93695617461077 dB
	 $y_{3,87,79}$ = 17.352251761449338 dB
	 $y_{3,87,84}$ = 12.561174100876116 dB
	 $y_{3,87,87}$ = 84.18250326925201 dB
	 $y_{3,87,89}$ = 21.57379532990319 dB
	 $y_{3,87,94}$ = 20.395758223848688 dB
	 $y_{3,87,96}$ = 22.354534229097055 dB
	 $y_{3,87,97}$ = 25.628357228546207 dB
	 $y_{3,87,99}$ = 18.617492291677905 dB
		SNR medio: 72.72126489747593
		Usuarios totais: 19
Distances:
2 : 16 = 1649.2422502470642
2 : 46 = 2262.741699796952
2 : 65 = 2683.281572999748
2 : 72 = 2800.0
2 : 87 = 3773.5924528226415
16 : 46 = 1200.0
16 : 65 = 2039.607805437114
16 : 72 = 2884.4410203711914
16 : 87 = 2828.42712474619
46 : 65 = 894.4271909999159
46 : 72 = 2000.0
46 : 87 = 1649.2422502470642
65 : 72 = 1264.9110640673518
65 : 87 = 1131.370849898476
72 : 87 = 2039.607805437114
t=4
$x_{4,2}$
	 $y_{4,2,1}$ = 33.912346129080376 dB
	 $y_{4,2,2}$ = 87.58681715075753 dB
	 $y_{4,2,3}$ = 25.5285165846647 dB
	 $y_{4,2,4}$ = 20.7376772358664 dB
	 $y_{4,2,10}$ = 22.140405022937898 dB
	 $y_{4,2,11}$ = 21.842706434213014 dB
	 $y_{4,2,13}$ = 27.60235677975477 dB
	 $y_{4,2,14}$ = 24.228137186138397 dB
	 $y_{4,2,15}$ = 10.975659759059738 dB
	 $y_{4,2,20}$ = 11.443929094455939 dB
	 $y_{4,2,21}$ = 22.542010043897818 dB
	 $y_{4,2,22}$ = 17.337719337968807 dB
	 $y_{4,2,23}$ = 18.50345506189879 dB
	 $y_{4,2,25}$ = 10.745102421012774 dB
	 $y_{4,2,31}$ = 12.396615455513341 dB
	 $y_{4,2,33}$ = 11.885810607972616 dB
	 $y_{4,2,36}$ = 15.397800235300565 dB
		SNR medio: 75.28236203848338
		Usuarios totais: 33
$x_{4,16}$
	 $y_{4,16,5}$ = 26.773238351030855 dB
	 $y_{4,16,6}$ = 30.326418312087142 dB
	 $y_{4,16,7}$ = 23.190131008773747 dB
	 $y_{4,16,8}$ = 19.926607104790335 dB
	 $y_{4,16,17}$ = 31.589549416535334 dB
	 $y_{4,16,19}$ = 13.350216698591666 dB
	 $y_{4,16,26}$ = 32.301830982638165 dB
	 $y_{4,16,27}$ = 24.02533023128541 dB
	 $y_{4,16,28}$ = 24.689116749772296 dB
	 $y_{4,16,38}$ = 11.091307827652486 dB
	 $y_{4,16,47}$ = 12.306758840357872 dB
	 $y_{4,16,56}$ = 11.587629009969646 dB
		SNR medio: 26.701220788941022
		Usuarios totais: 21
$x_{4,46}$
	 $y_{4,46,29}$ = 13.992675684560993 dB
	 $y_{4,46,39}$ = 15.634067020488757 dB
	 $y_{4,46,42}$ = 12.161615608537346 dB
	 $y_{4,46,44}$ = 24.178829804730213 dB
	 $y_{4,46,46}$ = 85.1361392126654 dB
	 $y_{4,46,74}$ = 10.45652098492809 dB
		SNR medio: 77.35463138023833
		Usuarios totais: 9
$x_{4,65}$
	 $y_{4,65,48}$ = 13.459206607587703 dB
	 $y_{4,65,52}$ = 11.921234536058051 dB
	 $y_{4,65,53}$ = 25.384605071905412 dB
	 $y_{4,65,59}$ = 10.295837544655214 dB
	 $y_{4,65,63}$ = 18.19203975280726 dB
	 $y_{4,65,73}$ = 15.523718214690945 dB
	 $y_{4,65,75}$ = 30.61201834318409 dB
	 $y_{4,65,76}$ = 24.6548128582329 dB
	 $y_{4,65,77}$ = 14.12952319484205 dB
	 $y_{4,65,79}$ = 13.98447472974945 dB
	 $y_{4,65,83}$ = 11.673222841264021 dB
	 $y_{4,65,86}$ = 20.847262780906206 dB
	 $y_{4,65,91}$ = 10.59910184127098 dB
	 $y_{4,65,95}$ = 13.820566957806847 dB
		SNR medio: 21.8867027500321
		Usuarios totais: 25
$x_{4,72}$
	 $y_{4,72,40}$ = 10.687632583372093 dB
	 $y_{4,72,50}$ = 16.093000517938904 dB
	 $y_{4,72,51}$ = 18.45347628316391 dB
	 $y_{4,72,60}$ = 15.86863301014563 dB
	 $y_{4,72,61}$ = 21.24455814730682 dB
	 $y_{4,72,70}$ = 26.992825481791144 dB
	 $y_{4,72,71}$ = 26.263433516445644 dB
	 $y_{4,72,72}$ = 100.39000012923819 dB
	 $y_{4,72,80}$ = 14.04148533127335 dB
	 $y_{4,72,81}$ = 22.8698508787634 dB
	 $y_{4,72,82}$ = 32.77045297484402 dB
	 $y_{4,72,92}$ = 22.029522516313307 dB
	 $y_{4,72,93}$ = 16.588987028066 dB
		SNR medio: 89.25056800926691
		Usuarios totais: 40
$x_{4,87}$
	 $y_{4,87,45}$ = 12.929183069659857 dB
	 $y_{4,87,54}$ = 12.852428690474994 dB
	 $y_{4,87,55}$ = 12.620438464447034 dB
	 $y_{4,87,57}$ = 13.00956337558307 dB
	 $y_{4,87,66}$ = 19.649748983733957 dB
	 $y_{4,87,67}$ = 18.400321004915327 dB
	 $y_{4,87,68}$ = 19.773740377949395 dB
	 $y_{4,87,69}$ = 14.000688298734815 dB
	 $y_{4,87,78}$ = 17.93695617461077 dB
	 $y_{4,87,84}$ = 12.561174100876116 dB
	 $y_{4,87,89}$ = 21.57379532990319 dB
	 $y_{4,87,97}$ = 25.628357228546207 dB
	 $y_{4,87,99}$ = 18.617492291677905 dB
		SNR medio: 18.949846531468886
		Usuarios totais: 24
Distances:
2 : 16 = 1649.2422502470642
2 : 46 = 2262.741699796952
2 : 65 = 2683.281572999748
2 : 72 = 2800.0
2 : 87 = 3773.5924528226415
16 : 46 = 1200.0
16 : 65 = 2039.607805437114
16 : 72 = 2884.4410203711914
16 : 87 = 2828.42712474619
46 : 65 = 894.4271909999159
46 : 72 = 2000.0
46 : 87 = 1649.2422502470642
65 : 72 = 1264.9110640673518
65 : 87 = 1131.370849898476
72 : 87 = 2039.607805437114
t=5
$x_{5,2}$
	 $y_{5,2,0}$ = 20.70598360603269 dB
	 $y_{5,2,1}$ = 33.912346129080376 dB
	 $y_{5,2,2}$ = 87.58681715075753 dB
	 $y_{5,2,3}$ = 25.5285165846647 dB
	 $y_{5,2,4}$ = 20.7376772358664 dB
	 $y_{5,2,11}$ = 21.842706434213014 dB
	 $y_{5,2,12}$ = 34.66720617272664 dB
	 $y_{5,2,14}$ = 24.228137186138397 dB
	 $y_{5,2,15}$ = 10.975659759059738 dB
	 $y_{5,2,20}$ = 11.443929094455939 dB
	 $y_{5,2,21}$ = 22.542010043897818 dB
	 $y_{5,2,22}$ = 17.337719337968807 dB
	 $y_{5,2,23}$ = 18.50345506189879 dB
	 $y_{5,2,25}$ = 10.745102421012774 dB
	 $y_{5,2,32}$ = 17.019609335241228 dB
	 $y_{5,2,36}$ = 15.397800235300565 dB
		SNR medio: 75.5456690241956
		Usuarios totais: 28
$x_{5,16}$
	 $y_{5,16,5}$ = 26.773238351030855 dB
	 $y_{5,16,6}$ = 30.326418312087142 dB
	 $y_{5,16,8}$ = 19.926607104790335 dB
	 $y_{5,16,16}$ = 87.43874585563327 dB
	 $y_{5,16,17}$ = 31.589549416535334 dB
	 $y_{5,16,19}$ = 13.350216698591666 dB
	 $y_{5,16,24}$ = 13.14816956099196 dB
	 $y_{5,16,26}$ = 32.301830982638165 dB
	 $y_{5,16,28}$ = 24.689116749772296 dB
	 $y_{5,16,30}$ = 10.638815367731809 dB
	 $y_{5,16,34}$ = 12.990192446583904 dB
	 $y_{5,16,38}$ = 11.091307827652486 dB
	 $y_{5,16,44}$ = 10.907632837501524 dB
	 $y_{5,16,47}$ = 12.306758840357872 dB
	 $y_{5,16,56}$ = 11.587629009969646 dB
		SNR medio: 75.67787413377233
		Usuarios totais: 30
$x_{5,46}$
	 $y_{5,46,9}$ = 10.234632683006168 dB
	 $y_{5,46,29}$ = 13.992675684560993 dB
	 $y_{5,46,39}$ = 15.634067020488757 dB
	 $y_{5,46,41}$ = 10.382590144864636 dB
	 $y_{5,46,43}$ = 23.451069821724587 dB
	 $y_{5,46,46}$ = 85.1361392126654 dB
	 $y_{5,46,67}$ = 27.14508576318265 dB
	 $y_{5,46,68}$ = 12.090323968704212 dB
	 $y_{5,46,69}$ = 12.315578616935625 dB
		SNR medio: 75.59372551073861
		Usuarios totais: 14
$x_{5,65}$
	 $y_{5,65,45}$ = 23.405310689000572 dB
	 $y_{5,65,48}$ = 13.459206607587703 dB
	 $y_{5,65,52}$ = 11.921234536058051 dB
	 $y_{5,65,53}$ = 25.384605071905412 dB
	 $y_{5,65,54}$ = 25.388109043526754 dB
	 $y_{5,65,55}$ = 22.251829396613644 dB
	 $y_{5,65,62}$ = 16.628602259407216 dB
	 $y_{5,65,63}$ = 18.19203975280726 dB
	 $y_{5,65,65}$ = 80.4105763604885 dB
	 $y_{5,65,75}$ = 30.61201834318409 dB
	 $y_{5,65,76}$ = 24.6548128582329 dB
	 $y_{5,65,77}$ = 14.12952319484205 dB
	 $y_{5,65,79}$ = 13.98447472974945 dB
	 $y_{5,65,84}$ = 18.050890535731696 dB
	 $y_{5,65,85}$ = 20.63724513434164 dB
	 $y_{5,65,86}$ = 20.847262780906206 dB
	 $y_{5,65,91}$ = 10.59910184127098 dB
	 $y_{5,65,92}$ = 10.159085581092825 dB
		SNR medio: 67.85797163472735
		Usuarios totais: 40
$x_{5,72}$
	 $y_{5,72,40}$ = 10.687632583372093 dB
	 $y_{5,72,50}$ = 16.093000517938904 dB
	 $y_{5,72,51}$ = 18.45347628316391 dB
	 $y_{5,72,70}$ = 26.992825481791144 dB
	 $y_{5,72,71}$ = 26.263433516445644 dB
	 $y_{5,72,72}$ = 100.39000012923819 dB
	 $y_{5,72,81}$ = 22.8698508787634 dB
	 $y_{5,72,83}$ = 22.600464572650424 dB
	 $y_{5,72,90}$ = 13.836038968702809 dB
	 $y_{5,72,93}$ = 16.588987028066 dB
		SNR medio: 90.39000072123507
		Usuarios totais: 34
$x_{5,87}$
	 $y_{5,87,49}$ = 11.361092972185617 dB
	 $y_{5,87,57}$ = 13.00956337558307 dB
	 $y_{5,87,78}$ = 17.93695617461077 dB
	 $y_{5,87,82}$ = 10.75400720072156 dB
	 $y_{5,87,87}$ = 84.18250326925201 dB
	 $y_{5,87,88}$ = 34.42529660562199 dB
	 $y_{5,87,89}$ = 21.57379532990319 dB
	 $y_{5,87,98}$ = 23.47844634524573 dB
		SNR medio: 75.15165718681891
		Usuarios totais: 40
Distances:
2 : 16 = 1649.2422502470642
2 : 46 = 2262.741699796952
2 : 65 = 2683.281572999748
2 : 72 = 2800.0
2 : 87 = 3773.5924528226415
16 : 46 = 1200.0
16 : 65 = 2039.607805437114
16 : 72 = 2884.4410203711914
16 : 87 = 2828.42712474619
46 : 65 = 894.4271909999159
46 : 72 = 2000.0
46 : 87 = 1649.2422502470642
65 : 72 = 1264.9110640673518
65 : 87 = 1131.370849898476
72 : 87 = 2039.607805437114
t=6
$x_{6,2}$
	 $y_{6,2,0}$ = 20.70598360603269 dB
	 $y_{6,2,1}$ = 33.912346129080376 dB
	 $y_{6,2,2}$ = 87.58681715075753 dB
	 $y_{6,2,3}$ = 25.5285165846647 dB
	 $y_{6,2,10}$ = 22.140405022937898 dB
	 $y_{6,2,11}$ = 21.842706434213014 dB
	 $y_{6,2,13}$ = 27.60235677975477 dB
	 $y_{6,2,14}$ = 24.228137186138397 dB
	 $y_{6,2,15}$ = 10.975659759059738 dB
	 $y_{6,2,20}$ = 11.443929094455939 dB
	 $y_{6,2,22}$ = 17.337719337968807 dB
	 $y_{6,2,32}$ = 17.019609335241228 dB
	 $y_{6,2,33}$ = 11.885810607972616 dB
		SNR medio: 76.44741572452648
		Usuarios totais: 24
$x_{6,16}$
	 $y_{6,16,4}$ = 13.977757006122204 dB
	 $y_{6,16,7}$ = 23.190131008773747 dB
	 $y_{6,16,8}$ = 19.926607104790335 dB
	 $y_{6,16,16}$ = 87.43874585563327 dB
	 $y_{6,16,17}$ = 31.589549416535334 dB
	 $y_{6,16,18}$ = 18.452058340724278 dB
	 $y_{6,16,19}$ = 13.350216698591666 dB
	 $y_{6,16,23}$ = 15.780507141159887 dB
	 $y_{6,16,24}$ = 13.14816956099196 dB
	 $y_{6,16,25}$ = 28.791022551767767 dB
	 $y_{6,16,26}$ = 32.301830982638165 dB
	 $y_{6,16,27}$ = 24.02533023128541 dB
	 $y_{6,16,28}$ = 24.689116749772296 dB
	 $y_{6,16,30}$ = 10.638815367731809 dB
	 $y_{6,16,34}$ = 12.990192446583904 dB
	 $y_{6,16,37}$ = 23.980622237865205 dB
	 $y_{6,16,38}$ = 11.091307827652486 dB
	 $y_{6,16,44}$ = 10.907632837501524 dB
	 $y_{6,16,47}$ = 12.306758840357872 dB
	 $y_{6,16,56}$ = 11.587629009969646 dB
		SNR medio: 74.42848713820526
		Usuarios totais: 28
$x_{6,46}$
	 $y_{6,46,29}$ = 13.992675684560993 dB
	 $y_{6,46,41}$ = 10.382590144864636 dB
	 $y_{6,46,42}$ = 12.161615608537346 dB
	 $y_{6,46,43}$ = 23.451069821724587 dB
	 $y_{6,46,46}$ = 85.1361392126654 dB
	 $y_{6,46,57}$ = 16.39896030682253 dB
	 $y_{6,46,58}$ = 16.4962235940732 dB
	 $y_{6,46,64}$ = 11.719927756249717 dB
	 $y_{6,46,67}$ = 27.14508576318265 dB
	 $y_{6,46,68}$ = 12.090323968704212 dB
	 $y_{6,46,69}$ = 12.315578616935625 dB
		SNR medio: 74.72222471758337
		Usuarios totais: 25
$x_{6,65}$
	 $y_{6,65,53}$ = 25.384605071905412 dB
	 $y_{6,65,62}$ = 16.628602259407216 dB
	 $y_{6,65,65}$ = 80.4105763604885 dB
	 $y_{6,65,91}$ = 10.59910184127098 dB
		SNR medio: 74.38999237042674
		Usuarios totais: 13
$x_{6,72}$
	 $y_{6,72,40}$ = 10.687632583372093 dB
	 $y_{6,72,50}$ = 16.093000517938904 dB
	 $y_{6,72,51}$ = 18.45347628316391 dB
	 $y_{6,72,52}$ = 18.476215654661786 dB
	 $y_{6,72,60}$ = 15.86863301014563 dB
	 $y_{6,72,61}$ = 21.24455814730682 dB
	 $y_{6,72,63}$ = 21.31918679982344 dB
	 $y_{6,72,73}$ = 20.622775212477123 dB
	 $y_{6,72,74}$ = 17.890207013399788 dB
	 $y_{6,72,80}$ = 14.04148533127335 dB
	 $y_{6,72,82}$ = 32.77045297484402 dB
	 $y_{6,72,83}$ = 22.600464572650424 dB
	 $y_{6,72,92}$ = 22.029522516313307 dB
	 $y_{6,72,93}$ = 16.588987028066 dB
	 $y_{6,72,94}$ = 11.86504246317027 dB
		SNR medio: 23.00667502653581
		Usuarios totais: 39
$x_{6,87}$
	 $y_{6,87,49}$ = 11.361092972185617 dB
	 $y_{6,87,54}$ = 12.852428690474994 dB
	 $y_{6,87,55}$ = 12.620438464447034 dB
	 $y_{6,87,75}$ = 12.165863969448367 dB
	 $y_{6,87,77}$ = 28.105783346243015 dB
	 $y_{6,87,84}$ = 12.561174100876116 dB
	 $y_{6,87,85}$ = 11.824483097177477 dB
	 $y_{6,87,86}$ = 39.340997788458296 dB
	 $y_{6,87,87}$ = 84.18250326925201 dB
	 $y_{6,87,88}$ = 34.42529660562199 dB
	 $y_{6,87,89}$ = 21.57379532990319 dB
	 $y_{6,87,95}$ = 17.19207563574524 dB
	 $y_{6,87,96}$ = 22.354534229097055 dB
	 $y_{6,87,97}$ = 25.628357228546207 dB
	 $y_{6,87,98}$ = 23.47844634524573 dB
	 $y_{6,87,99}$ = 18.617492291677905 dB
		SNR medio: 72.14152125483801
		Usuarios totais: 25
Distances:
2 : 16 = 1649.2422502470642
2 : 46 = 2262.741699796952
2 : 65 = 2683.281572999748
2 : 72 = 2800.0
2 : 87 = 3773.5924528226415
16 : 46 = 1200.0
16 : 65 = 2039.607805437114
16 : 72 = 2884.4410203711914
16 : 87 = 2828.42712474619
46 : 65 = 894.4271909999159
46 : 72 = 2000.0
46 : 87 = 1649.2422502470642
65 : 72 = 1264.9110640673518
65 : 87 = 1131.370849898476
72 : 87 = 2039.607805437114
t=7
$x_{7,2}$
	 $y_{7,2,0}$ = 20.70598360603269 dB
	 $y_{7,2,1}$ = 33.912346129080376 dB
	 $y_{7,2,2}$ = 87.58681715075753 dB
	 $y_{7,2,3}$ = 25.5285165846647 dB
	 $y_{7,2,4}$ = 20.7376772358664 dB
	 $y_{7,2,10}$ = 22.140405022937898 dB
	 $y_{7,2,11}$ = 21.842706434213014 dB
	 $y_{7,2,14}$ = 24.228137186138397 dB
	 $y_{7,2,15}$ = 10.975659759059738 dB
	 $y_{7,2,20}$ = 11.443929094455939 dB
	 $y_{7,2,21}$ = 22.542010043897818 dB
	 $y_{7,2,25}$ = 10.745102421012774 dB
		SNR medio: 76.79503386684875
		Usuarios totais: 24
$x_{7,16}$
	 $y_{7,16,6}$ = 30.326418312087142 dB
	 $y_{7,16,8}$ = 19.926607104790335 dB
	 $y_{7,16,16}$ = 87.43874585563327 dB
	 $y_{7,16,17}$ = 31.589549416535334 dB
	 $y_{7,16,18}$ = 18.452058340724278 dB
	 $y_{7,16,24}$ = 13.14816956099196 dB
	 $y_{7,16,26}$ = 32.301830982638165 dB
	 $y_{7,16,27}$ = 24.02533023128541 dB
	 $y_{7,16,28}$ = 24.689116749772296 dB
	 $y_{7,16,30}$ = 10.638815367731809 dB
	 $y_{7,16,33}$ = 10.552591468058608 dB
	 $y_{7,16,34}$ = 12.990192446583904 dB
	 $y_{7,16,35}$ = 22.390021145239928 dB
	 $y_{7,16,36}$ = 17.06998068431332 dB
	 $y_{7,16,37}$ = 23.980622237865205 dB
	 $y_{7,16,38}$ = 11.091307827652486 dB
	 $y_{7,16,47}$ = 12.306758840357872 dB
	 $y_{7,16,56}$ = 11.587629009969646 dB
		SNR medio: 74.88606401347351
		Usuarios totais: 26
$x_{7,46}$
	 $y_{7,46,29}$ = 13.992675684560993 dB
	 $y_{7,46,39}$ = 15.634067020488757 dB
	 $y_{7,46,41}$ = 10.382590144864636 dB
	 $y_{7,46,42}$ = 12.161615608537346 dB
	 $y_{7,46,46}$ = 85.1361392126654 dB
	 $y_{7,46,58}$ = 16.4962235940732 dB
		SNR medio: 77.35462848795227
		Usuarios totais: 13
$x_{7,65}$
	 $y_{7,65,22}$ = 11.28507314442568 dB
	 $y_{7,65,43}$ = 10.153753608344374 dB
	 $y_{7,65,59}$ = 10.295837544655214 dB
	 $y_{7,65,62}$ = 16.628602259407216 dB
	 $y_{7,65,65}$ = 80.4105763604885 dB
		SNR medio: 73.42087949859616
		Usuarios totais: 10
$x_{7,72}$
	 $y_{7,72,52}$ = 18.476215654661786 dB
	 $y_{7,72,53}$ = 13.403103791522994 dB
	 $y_{7,72,60}$ = 15.86863301014563 dB
	 $y_{7,72,61}$ = 21.24455814730682 dB
	 $y_{7,72,63}$ = 21.31918679982344 dB
	 $y_{7,72,64}$ = 15.933945860613946 dB
	 $y_{7,72,70}$ = 26.992825481791144 dB
	 $y_{7,72,71}$ = 26.263433516445644 dB
	 $y_{7,72,72}$ = 100.39000012923819 dB
	 $y_{7,72,74}$ = 17.890207013399788 dB
	 $y_{7,72,75}$ = 16.39400770568068 dB
	 $y_{7,72,80}$ = 14.04148533127335 dB
	 $y_{7,72,81}$ = 22.8698508787634 dB
	 $y_{7,72,82}$ = 32.77045297484402 dB
	 $y_{7,72,83}$ = 22.600464572650424 dB
	 $y_{7,72,84}$ = 17.863131673581947 dB
	 $y_{7,72,90}$ = 13.836038968702809 dB
	 $y_{7,72,91}$ = 10.739478681804087 dB
	 $y_{7,72,92}$ = 22.029522516313307 dB
	 $y_{7,72,93}$ = 16.588987028066 dB
		SNR medio: 87.37970178565007
		Usuarios totais: 31
$x_{7,87}$
	 $y_{7,87,45}$ = 12.929183069659857 dB
	 $y_{7,87,49}$ = 11.361092972185617 dB
	 $y_{7,87,55}$ = 12.620438464447034 dB
	 $y_{7,87,57}$ = 13.00956337558307 dB
	 $y_{7,87,68}$ = 19.773740377949395 dB
	 $y_{7,87,76}$ = 31.651796451578434 dB
	 $y_{7,87,78}$ = 17.93695617461077 dB
	 $y_{7,87,85}$ = 11.824483097177477 dB
	 $y_{7,87,86}$ = 39.340997788458296 dB
	 $y_{7,87,87}$ = 84.18250326925201 dB
	 $y_{7,87,88}$ = 34.42529660562199 dB
	 $y_{7,87,95}$ = 17.19207563574524 dB
	 $y_{7,87,96}$ = 22.354534229097055 dB
	 $y_{7,87,99}$ = 18.617492291677905 dB
		SNR medio: 72.72144449298838
		Usuarios totais: 23
Distances:
2 : 16 = 1649.2422502470642
2 : 46 = 2262.741699796952
2 : 65 = 2683.281572999748
2 : 72 = 2800.0
2 : 87 = 3773.5924528226415
16 : 46 = 1200.0
16 : 65 = 2039.607805437114
16 : 72 = 2884.4410203711914
16 : 87 = 2828.42712474619
46 : 65 = 894.4271909999159
46 : 72 = 2000.0
46 : 87 = 1649.2422502470642
65 : 72 = 1264.9110640673518
65 : 87 = 1131.370849898476
72 : 87 = 2039.607805437114
t=8
$x_{8,2}$
	 $y_{8,2,0}$ = 20.70598360603269 dB
	 $y_{8,2,1}$ = 33.912346129080376 dB
	 $y_{8,2,3}$ = 25.5285165846647 dB
	 $y_{8,2,4}$ = 20.7376772358664 dB
	 $y_{8,2,10}$ = 22.140405022937898 dB
	 $y_{8,2,11}$ = 21.842706434213014 dB
	 $y_{8,2,12}$ = 34.66720617272664 dB
	 $y_{8,2,13}$ = 27.60235677975477 dB
	 $y_{8,2,14}$ = 24.228137186138397 dB
	 $y_{8,2,20}$ = 11.443929094455939 dB
	 $y_{8,2,22}$ = 17.337719337968807 dB
	 $y_{8,2,23}$ = 18.50345506189879 dB
	 $y_{8,2,25}$ = 10.745102421012774 dB
	 $y_{8,2,32}$ = 17.019609335241228 dB
	 $y_{8,2,33}$ = 11.885810607972616 dB
		SNR medio: 26.90649669090326
		Usuarios totais: 20
$x_{8,16}$
	 $y_{8,16,5}$ = 26.773238351030855 dB
	 $y_{8,16,6}$ = 30.326418312087142 dB
	 $y_{8,16,8}$ = 19.926607104790335 dB
	 $y_{8,16,16}$ = 87.43874585563327 dB
	 $y_{8,16,18}$ = 18.452058340724278 dB
	 $y_{8,16,19}$ = 13.350216698591666 dB
	 $y_{8,16,24}$ = 13.14816956099196 dB
	 $y_{8,16,28}$ = 24.689116749772296 dB
	 $y_{8,16,34}$ = 12.990192446583904 dB
	 $y_{8,16,37}$ = 23.980622237865205 dB
	 $y_{8,16,47}$ = 12.306758840357872 dB
	 $y_{8,16,56}$ = 11.587629009969646 dB
		SNR medio: 76.64695188134628
		Usuarios totais: 24
$x_{8,46}$
	 $y_{8,46,9}$ = 10.234632683006168 dB
	 $y_{8,46,29}$ = 13.992675684560993 dB
	 $y_{8,46,41}$ = 10.382590144864636 dB
	 $y_{8,46,43}$ = 23.451069821724587 dB
	 $y_{8,46,46}$ = 85.1361392126654 dB
	 $y_{8,46,57}$ = 16.39896030682253 dB
	 $y_{8,46,58}$ = 16.4962235940732 dB
	 $y_{8,46,64}$ = 11.719927756249717 dB
	 $y_{8,46,68}$ = 12.090323968704212 dB
		SNR medio: 75.59371927218751
		Usuarios totais: 13
$x_{8,65}$
	 $y_{8,65,65}$ = 80.4105763604885 dB
	 $y_{8,65,91}$ = 10.59910184127098 dB
	 $y_{8,65,92}$ = 10.159085581092825 dB
		SNR medio: 75.63936467671373
		Usuarios totais: 3
$x_{8,72}$
	 $y_{8,72,40}$ = 10.687632583372093 dB
	 $y_{8,72,50}$ = 16.093000517938904 dB
	 $y_{8,72,51}$ = 18.45347628316391 dB
	 $y_{8,72,52}$ = 18.476215654661786 dB
	 $y_{8,72,53}$ = 13.403103791522994 dB
	 $y_{8,72,61}$ = 21.24455814730682 dB
	 $y_{8,72,63}$ = 21.31918679982344 dB
	 $y_{8,72,66}$ = 13.902996690545763 dB
	 $y_{8,72,71}$ = 26.263433516445644 dB
	 $y_{8,72,72}$ = 100.39000012923819 dB
	 $y_{8,72,74}$ = 17.890207013399788 dB
	 $y_{8,72,75}$ = 16.39400770568068 dB
	 $y_{8,72,80}$ = 14.04148533127335 dB
	 $y_{8,72,82}$ = 32.77045297484402 dB
	 $y_{8,72,93}$ = 16.588987028066 dB
		SNR medio: 88.62908872949788
		Usuarios totais: 20
$x_{8,87}$
	 $y_{8,87,45}$ = 12.929183069659857 dB
	 $y_{8,87,54}$ = 12.852428690474994 dB
	 $y_{8,87,69}$ = 14.000688298734815 dB
	 $y_{8,87,77}$ = 28.105783346243015 dB
	 $y_{8,87,79}$ = 17.352251761449338 dB
	 $y_{8,87,84}$ = 12.561174100876116 dB
	 $y_{8,87,85}$ = 11.824483097177477 dB
	 $y_{8,87,86}$ = 39.340997788458296 dB
	 $y_{8,87,95}$ = 17.19207563574524 dB
	 $y_{8,87,96}$ = 22.354534229097055 dB
	 $y_{8,87,97}$ = 25.628357228546207 dB
		SNR medio: 29.577414998889818
		Usuarios totais: 24
Distances:
2 : 16 = 1649.2422502470642
2 : 46 = 2262.741699796952
2 : 65 = 2683.281572999748
2 : 72 = 2800.0
2 : 87 = 3773.5924528226415
16 : 46 = 1200.0
16 : 65 = 2039.607805437114
16 : 72 = 2884.4410203711914
16 : 87 = 2828.42712474619
46 : 65 = 894.4271909999159
46 : 72 = 2000.0
46 : 87 = 1649.2422502470642
65 : 72 = 1264.9110640673518
65 : 87 = 1131.370849898476
72 : 87 = 2039.607805437114
t=9
$x_{9,2}$
	 $y_{9,2,1}$ = 33.912346129080376 dB
	 $y_{9,2,2}$ = 87.58681715075753 dB
	 $y_{9,2,3}$ = 25.5285165846647 dB
	 $y_{9,2,10}$ = 22.140405022937898 dB
	 $y_{9,2,12}$ = 34.66720617272664 dB
	 $y_{9,2,13}$ = 27.60235677975477 dB
	 $y_{9,2,14}$ = 24.228137186138397 dB
	 $y_{9,2,15}$ = 10.975659759059738 dB
	 $y_{9,2,20}$ = 11.443929094455939 dB
	 $y_{9,2,21}$ = 22.542010043897818 dB
	 $y_{9,2,23}$ = 18.50345506189879 dB
	 $y_{9,2,25}$ = 10.745102421012774 dB
	 $y_{9,2,31}$ = 12.396615455513341 dB
	 $y_{9,2,32}$ = 17.019609335241228 dB
	 $y_{9,2,33}$ = 11.885810607972616 dB
	 $y_{9,2,36}$ = 15.397800235300565 dB
		SNR medio: 75.54567151520803
		Usuarios totais: 25
$x_{9,16}$
	 $y_{9,16,5}$ = 26.773238351030855 dB
	 $y_{9,16,6}$ = 30.326418312087142 dB
	 $y_{9,16,7}$ = 23.190131008773747 dB
	 $y_{9,16,16}$ = 87.43874585563327 dB
	 $y_{9,16,19}$ = 13.350216698591666 dB
	 $y_{9,16,24}$ = 13.14816956099196 dB
	 $y_{9,16,27}$ = 24.02533023128541 dB
	 $y_{9,16,28}$ = 24.689116749772296 dB
	 $y_{9,16,30}$ = 10.638815367731809 dB
	 $y_{9,16,34}$ = 12.990192446583904 dB
	 $y_{9,16,37}$ = 23.980622237865205 dB
	 $y_{9,16,44}$ = 10.907632837501524 dB
	 $y_{9,16,47}$ = 12.306758840357872 dB
		SNR medio: 76.29933318630349
		Usuarios totais: 18
$x_{9,46}$
	 $y_{9,46,26}$ = 16.527605411307448 dB
	 $y_{9,46,42}$ = 12.161615608537346 dB
	 $y_{9,46,48}$ = 15.309353422982838 dB
	 $y_{9,46,57}$ = 16.39896030682253 dB
	 $y_{9,46,58}$ = 16.4962235940732 dB
	 $y_{9,46,75}$ = 10.046646398687386 dB
		SNR medio: 15.09066150312534
		Usuarios totais: 9
$x_{9,65}$
	 $y_{9,65,59}$ = 10.295837544655214 dB
	 $y_{9,65,79}$ = 13.98447472974945 dB
	 $y_{9,65,96}$ = 13.519518544345857 dB
		SNR medio: 12.879674321983991
		Usuarios totais: 7
$x_{9,72}$
	 $y_{9,72,50}$ = 16.093000517938904 dB
	 $y_{9,72,51}$ = 18.45347628316391 dB
	 $y_{9,72,53}$ = 13.403103791522994 dB
	 $y_{9,72,61}$ = 21.24455814730682 dB
	 $y_{9,72,62}$ = 30.762757896117492 dB
	 $y_{9,72,66}$ = 13.902996690545763 dB
	 $y_{9,72,71}$ = 26.263433516445644 dB
	 $y_{9,72,73}$ = 20.622775212477123 dB
	 $y_{9,72,80}$ = 14.04148533127335 dB
	 $y_{9,72,91}$ = 10.739478681804087 dB
	 $y_{9,72,92}$ = 22.029522516313307 dB
	 $y_{9,72,93}$ = 16.588987028066 dB
		SNR medio: 22.755331376342433
		Usuarios totais: 12
$x_{9,87}$
	 $y_{9,87,49}$ = 11.361092972185617 dB
	 $y_{9,87,55}$ = 12.620438464447034 dB
	 $y_{9,87,67}$ = 18.400321004915327 dB
	 $y_{9,87,76}$ = 31.651796451578434 dB
	 $y_{9,87,77}$ = 28.105783346243015 dB
	 $y_{9,87,82}$ = 10.75400720072156 dB
	 $y_{9,87,95}$ = 17.19207563574524 dB
	 $y_{9,87,97}$ = 25.628357228546207 dB
	 $y_{9,87,98}$ = 23.47844634524573 dB
	 $y_{9,87,99}$ = 18.617492291677905 dB
		SNR medio: 24.677095847929557
		Usuarios totais: 13
Distances:
2 : 16 = 1649.2422502470642
2 : 46 = 2262.741699796952
2 : 65 = 2683.281572999748
2 : 72 = 2800.0
2 : 87 = 3773.5924528226415
16 : 46 = 1200.0
16 : 65 = 2039.607805437114
16 : 72 = 2884.4410203711914
16 : 87 = 2828.42712474619
46 : 65 = 894.4271909999159
46 : 72 = 2000.0
46 : 87 = 1649.2422502470642
65 : 72 = 1264.9110640673518
65 : 87 = 1131.370849898476
72 : 87 = 2039.607805437114
t=10
$x_{10,2}$
	 $y_{10,2,1}$ = 33.912346129080376 dB
	 $y_{10,2,2}$ = 87.58681715075753 dB
	 $y_{10,2,4}$ = 20.7376772358664 dB
	 $y_{10,2,10}$ = 22.140405022937898 dB
	 $y_{10,2,11}$ = 21.842706434213014 dB
	 $y_{10,2,12}$ = 34.66720617272664 dB
	 $y_{10,2,14}$ = 24.228137186138397 dB
	 $y_{10,2,22}$ = 17.337719337968807 dB
	 $y_{10,2,23}$ = 18.50345506189879 dB
	 $y_{10,2,25}$ = 10.745102421012774 dB
	 $y_{10,2,31}$ = 12.396615455513341 dB
	 $y_{10,2,32}$ = 17.019609335241228 dB
		SNR medio: 76.79505234472694
		Usuarios totais: 18
$x_{10,16}$
	 $y_{10,16,5}$ = 26.773238351030855 dB
	 $y_{10,16,16}$ = 87.43874585563327 dB
	 $y_{10,16,17}$ = 31.589549416535334 dB
	 $y_{10,16,24}$ = 13.14816956099196 dB
	 $y_{10,16,27}$ = 24.02533023128541 dB
	 $y_{10,16,38}$ = 11.091307827652486 dB
		SNR medio: 79.6572506135168
		Usuarios totais: 8
$x_{10,46}$
	 $y_{10,46,9}$ = 10.234632683006168 dB
	 $y_{10,46,28}$ = 12.7651987783548 dB
	 $y_{10,46,44}$ = 24.178829804730213 dB
	 $y_{10,46,48}$ = 15.309353422982838 dB
	 $y_{10,46,57}$ = 16.39896030682253 dB
		SNR medio: 18.678256412839566
		Usuarios totais: 6
$x_{10,65}$
	 $y_{10,65,47}$ = 16.496804255585786 dB
	 $y_{10,65,59}$ = 10.295837544655214 dB
	 $y_{10,65,79}$ = 13.98447472974945 dB
	 $y_{10,65,96}$ = 13.519518544345857 dB
		SNR medio: 14.101768693803113
		Usuarios totais: 6
$x_{10,72}$
	 $y_{10,72,51}$ = 18.45347628316391 dB
	 $y_{10,72,52}$ = 18.476215654661786 dB
	 $y_{10,72,60}$ = 15.86863301014563 dB
	 $y_{10,72,61}$ = 21.24455814730682 dB
	 $y_{10,72,70}$ = 26.992825481791144 dB
	 $y_{10,72,71}$ = 26.263433516445644 dB
	 $y_{10,72,72}$ = 100.39000012923819 dB
	 $y_{10,72,73}$ = 20.622775212477123 dB
	 $y_{10,72,74}$ = 17.890207013399788 dB
		SNR medio: 90.84757559562335
		Usuarios totais: 11
$x_{10,87}$
	 $y_{10,87,45}$ = 12.929183069659857 dB
	 $y_{10,87,49}$ = 11.361092972185617 dB
	 $y_{10,87,67}$ = 18.400321004915327 dB
	 $y_{10,87,68}$ = 19.773740377949395 dB
	 $y_{10,87,87}$ = 84.18250326925201 dB
	 $y_{10,87,89}$ = 21.57379532990319 dB
	 $y_{10,87,99}$ = 18.617492291677905 dB
		SNR medio: 75.7315297296539
		Usuarios totais: 7
Distances:
2 : 16 = 1649.2422502470642
2 : 46 = 2262.741699796952
2 : 65 = 2683.281572999748
2 : 72 = 2800.0
2 : 87 = 3773.5924528226415
16 : 46 = 1200.0
16 : 65 = 2039.607805437114
16 : 72 = 2884.4410203711914
16 : 87 = 2828.42712474619
46 : 65 = 894.4271909999159
46 : 72 = 2000.0
46 : 87 = 1649.2422502470642
65 : 72 = 1264.9110640673518
65 : 87 = 1131.370849898476
72 : 87 = 2039.607805437114
t=11
$x_{11,2}$
	 $y_{11,2,2}$ = 87.58681715075753 dB
	 $y_{11,2,3}$ = 25.5285165846647 dB
		SNR medio: 84.57651989779043
		Usuarios totais: 2
$x_{11,16}$
	 $y_{11,16,8}$ = 19.926607104790335 dB
	 $y_{11,16,17}$ = 31.589549416535334 dB
	 $y_{11,16,24}$ = 13.14816956099196 dB
	 $y_{11,16,27}$ = 24.02533023128541 dB
	 $y_{11,16,28}$ = 24.689116749772296 dB
		SNR medio: 26.248955281973668
		Usuarios totais: 7
$x_{11,46}$
	 $y_{11,46,41}$ = 10.382590144864636 dB
	 $y_{11,46,46}$ = 85.1361392126654 dB
		SNR medio: 82.12583940138039
		Usuarios totais: 2
$x_{11,65}$
	 $y_{11,65,36}$ = 10.324341147300487 dB
		SNR medio: 10.324341147300487
		Usuarios totais: 1
$x_{11,72}$
	 $y_{11,72,52}$ = 18.476215654661786 dB
	 $y_{11,72,70}$ = 26.992825481791144 dB
	 $y_{11,72,72}$ = 100.39000012923819 dB
	 $y_{11,72,73}$ = 20.622775212477123 dB
	 $y_{11,72,92}$ = 22.029522516313307 dB
	 $y_{11,72,93}$ = 16.588987028066 dB
		SNR medio: 92.60848797926278
		Usuarios totais: 6
$x_{11,87}$
	 $y_{11,87,68}$ = 19.773740377949395 dB
	 $y_{11,87,69}$ = 14.000688298734815 dB
	 $y_{11,87,79}$ = 17.352251761449338 dB
	 $y_{11,87,85}$ = 11.824483097177477 dB
	 $y_{11,87,88}$ = 34.42529660562199 dB
	 $y_{11,87,94}$ = 20.395758223848688 dB
	 $y_{11,87,95}$ = 17.19207563574524 dB
	 $y_{11,87,97}$ = 25.628357228546207 dB
	 $y_{11,87,98}$ = 23.47844634524573 dB
	 $y_{11,87,99}$ = 18.617492291677905 dB
		SNR medio: 25.778158129627165
		Usuarios totais: 10
Distances:
2 : 16 = 1649.2422502470642
2 : 46 = 2262.741699796952
2 : 65 = 2683.281572999748
2 : 72 = 2800.0
2 : 87 = 3773.5924528226415
16 : 46 = 1200.0
16 : 65 = 2039.607805437114
16 : 72 = 2884.4410203711914
16 : 87 = 2828.42712474619
46 : 65 = 894.4271909999159
46 : 72 = 2000.0
46 : 87 = 1649.2422502470642
65 : 72 = 1264.9110640673518
65 : 87 = 1131.370849898476
72 : 87 = 2039.607805437114
--- Done after 12.813507681488991 hours. ---
