-------------Calculating Solution (this may take a while)
+++++++++++++++++++Min Sinr: 10 dB (pgwo2)
+++++++++++++++++++With backhaul constraint. Start: 2023-06-30 05:00:41

Parameters:
- chosen seed 25
- Map with 100 sectors
- Map 4000 x 4000 m
- Sector has a side of 400 m
- Max time:  12
- users_t_m:  [[0, 0, 0, 0, 0, 0, 0, 0, 0, 0, 0, 0, 0, 0, 0, 0, 0, 0, 0, 0, 0, 0, 0, 0, 0, 0, 0, 0, 0, 0, 0, 0, 0, 0, 0, 0, 0, 0, 0, 0, 0, 0, 0, 0, 0, 0, 0, 0, 0, 0, 0, 0, 0, 0, 0, 0, 0, 0, 0, 0, 0, 0, 0, 0, 0, 0, 0, 0, 0, 0, 0, 0, 0, 1, 2, 0, 0, 0, 0, 0, 0, 0, 0, 1, 4, 0, 0, 0, 0, 0, 0, 0, 0, 1, 28, 0, 0, 0, 0, 0], [0, 0, 0, 0, 1, 0, 0, 0, 0, 0, 0, 0, 0, 0, 1, 2, 1, 1, 0, 0, 2, 1, 1, 1, 0, 1, 1, 0, 1, 0, 0, 0, 0, 0, 1, 0, 0, 0, 0, 0, 1, 0, 1, 2, 0, 1, 0, 0, 1, 0, 0, 0, 0, 0, 0, 0, 0, 0, 1, 0, 0, 0, 1, 0, 2, 0, 0, 0, 0, 0, 0, 3, 0, 0, 3, 0, 0, 0, 0, 0, 0, 0, 1, 3, 4, 1, 0, 0, 1, 0, 0, 0, 0, 2, 18, 0, 0, 1, 0, 1], [0, 0, 0, 1, 1, 2, 1, 1, 1, 1, 0, 1, 0, 0, 2, 1, 1, 1, 0, 0, 0, 0, 0, 2, 0, 1, 0, 0, 0, 0, 2, 0, 0, 0, 0, 1, 0, 0, 0, 0, 1, 1, 0, 0, 2, 0, 1, 1, 0, 1, 0, 1, 1, 0, 0, 0, 2, 0, 0, 1, 0, 1, 2, 0, 0, 2, 0, 0, 0, 1, 0, 1, 0, 2, 2, 0, 1, 1, 1, 1, 0, 1, 0, 1, 5, 4, 1, 2, 2, 0, 0, 0, 3, 0, 18, 3, 0, 2, 1, 1], [0, 0, 0, 3, 1, 0, 1, 0, 0, 3, 0, 1, 0, 1, 0, 0, 0, 2, 1, 2, 0, 0, 1, 1, 0, 3, 1, 1, 1, 0, 0, 0, 0, 2, 2, 0, 1, 0, 1, 1, 1, 2, 1, 0, 0, 1, 1, 1, 2, 1, 1, 1, 3, 0, 0, 1, 3, 0, 0, 1, 1, 2, 2, 0, 0, 1, 0, 0, 2, 1, 3, 1, 2, 5, 2, 1, 0, 2, 0, 3, 0, 1, 0, 1, 3, 1, 2, 0, 1, 1, 1, 0, 0, 0, 28, 1, 1, 3, 0, 2], [1, 0, 1, 0, 0, 1, 1, 0, 1, 1, 3, 1, 0, 2, 3, 0, 2, 2, 2, 0, 1, 2, 1, 1, 0, 0, 0, 1, 1, 2, 2, 1, 3, 3, 3, 2, 1, 3, 2, 0, 0, 0, 2, 1, 2, 0, 2, 1, 1, 2, 1, 2, 3, 0, 0, 0, 3, 2, 2, 1, 0, 2, 0, 1, 3, 0, 3, 1, 1, 2, 0, 0, 1, 3, 4, 1, 2, 0, 1, 3, 1, 0, 1, 4, 7, 3, 1, 1, 1, 2, 2, 1, 0, 1, 22, 0, 1, 1, 0, 3], [1, 0, 3, 4, 2, 1, 0, 1, 2, 2, 0, 2, 0, 3, 4, 4, 2, 1, 1, 0, 2, 1, 4, 3, 1, 1, 2, 1, 3, 1, 2, 2, 1, 2, 3, 0, 3, 2, 1, 1, 1, 1, 1, 2, 0, 0, 2, 0, 0, 0, 1, 0, 5, 2, 2, 3, 4, 2, 0, 1, 2, 1, 1, 1, 2, 1, 0, 1, 3, 0, 2, 2, 0, 4, 4, 2, 0, 0, 1, 0, 1, 0, 1, 5, 0, 2, 1, 1, 0, 4, 4, 3, 0, 1, 24, 1, 1, 3, 3, 5], [0, 1, 0, 0, 2, 1, 1, 2, 3, 5, 3, 1, 2, 0, 2, 4, 4, 0, 0, 2, 2, 1, 1, 0, 2, 2, 0, 4, 1, 0, 2, 0, 3, 3, 2, 1, 2, 0, 1, 0, 3, 2, 1, 0, 2, 0, 3, 1, 1, 2, 2, 0, 2, 2, 1, 0, 0, 1, 1, 1, 2, 1, 2, 1, 3, 3, 0, 4, 1, 2, 2, 5, 0, 1, 2, 0, 2, 3, 1, 1, 4, 0, 0, 4, 0, 2, 0, 1, 0, 2, 2, 3, 2, 2, 2, 1, 2, 4, 1, 1], [1, 1, 0, 3, 1, 1, 0, 3, 2, 0, 1, 0, 0, 4, 3, 1, 0, 1, 1, 0, 1, 0, 1, 0, 1, 0, 0, 3, 0, 2, 1, 3, 4, 4, 0, 0, 1, 1, 1, 1, 4, 2, 0, 1, 2, 0, 1, 0, 1, 2, 0, 0, 2, 2, 3, 2, 0, 0, 3, 1, 2, 2, 2, 1, 0, 3, 2, 1, 1, 1, 1, 4, 0, 1, 0, 2, 2, 1, 0, 2, 1, 3, 1, 5, 1, 1, 2, 2, 0, 0, 1, 2, 0, 3, 1, 0, 2, 1, 2, 1], [3, 0, 1, 0, 1, 0, 2, 1, 0, 1, 0, 0, 3, 1, 1, 0, 1, 0, 1, 0, 6, 0, 2, 1, 0, 2, 0, 1, 0, 1, 0, 3, 2, 0, 0, 1, 1, 0, 0, 1, 1, 3, 4, 1, 1, 0, 0, 0, 0, 1, 1, 2, 1, 0, 1, 2, 3, 1, 1, 0, 1, 1, 0, 2, 1, 1, 1, 0, 0, 0, 1, 0, 1, 1, 1, 0, 1, 1, 0, 1, 0, 1, 4, 2, 1, 2, 4, 1, 1, 2, 1, 1, 1, 2, 3, 0, 2, 0, 1, 0], [0, 2, 0, 0, 0, 0, 2, 0, 1, 1, 0, 1, 1, 2, 2, 1, 1, 0, 1, 0, 3, 1, 0, 1, 1, 3, 0, 2, 0, 0, 1, 2, 1, 1, 1, 1, 1, 0, 0, 1, 2, 1, 2, 1, 1, 0, 0, 1, 0, 0, 0, 0, 0, 0, 1, 0, 1, 1, 0, 3, 2, 0, 0, 1, 0, 0, 0, 2, 0, 0, 0, 0, 0, 1, 0, 0, 1, 3, 1, 0, 0, 2, 0, 0, 2, 1, 0, 2, 0, 2, 0, 1, 0, 2, 0, 1, 0, 1, 0, 1], [0, 0, 1, 1, 1, 0, 0, 0, 0, 1, 0, 0, 0, 1, 1, 0, 1, 0, 0, 1, 0, 1, 0, 0, 1, 0, 0, 0, 1, 2, 0, 0, 0, 1, 1, 1, 1, 1, 1, 0, 0, 0, 1, 0, 0, 0, 0, 0, 0, 0, 0, 1, 0, 1, 1, 0, 0, 2, 0, 0, 0, 2, 2, 0, 0, 0, 0, 0, 0, 0, 0, 1, 0, 1, 0, 1, 0, 0, 0, 1, 0, 1, 1, 1, 0, 0, 1, 0, 1, 0, 2, 0, 0, 1, 0, 1, 1, 1, 0, 1], [0, 0, 1, 0, 0, 1, 0, 0, 0, 0, 0, 0, 0, 0, 0, 0, 0, 1, 0, 0, 0, 1, 0, 0, 0, 0, 0, 0, 1, 0, 0, 0, 0, 0, 0, 0, 0, 0, 0, 0, 1, 0, 0, 0, 0, 0, 0, 0, 0, 0, 0, 1, 0, 0, 1, 0, 1, 0, 0, 0, 0, 0, 0, 0, 0, 0, 0, 0, 0, 0, 0, 1, 0, 0, 0, 1, 0, 0, 0, 0, 0, 0, 1, 0, 0, 1, 0, 1, 0, 1, 0, 0, 0, 0, 0, 0, 0, 0, 0, 0]]
MAX_USER_PER_ANTENNAS_m:  [40, 40, 40, 40, 40, 40, 40, 40, 40, 40, 40, 40, 40, 40, 40, 40, 40, 40, 40, 40, 40, 40, 40, 40, 40, 40, 40, 40, 40, 40, 40, 40, 40, 40, 40, 40, 40, 40, 40, 40, 40, 40, 40, 40, 40, 40, 40, 40, 40, 40, 40, 40, 40, 40, 40, 40, 40, 40, 40, 40, 40, 40, 40, 40, 40, 40, 40, 40, 40, 40, 40, 40, 40, 40, 40, 40, 40, 40, 40, 40, 40, 40, 40, 40, 40, 40, 40, 40, 40, 40, 40, 40, 40, 40, 40, 40, 40, 40, 40, 40]
antennas_map_m:  [1, 1, 1, 1, 1, 1, 1, 1, 1, 1, 1, 1, 1, 1, 1, 1, 1, 1, 1, 1, 1, 1, 1, 1, 1, 1, 1, 1, 1, 1, 1, 1, 1, 1, 1, 1, 1, 1, 1, 1, 1, 1, 1, 1, 1, 1, 1, 1, 1, 1, 1, 1, 1, 1, 1, 1, 1, 1, 1, 1, 1, 1, 1, 1, 1, 1, 1, 1, 1, 1, 1, 1, 1, 1, 1, 1, 1, 1, 1, 1, 1, 1, 1, 1, 1, 1, 1, 1, 1, 1, 1, 1, 1, 1, 1, 1, 1, 1, 1, 1]
FIRST_ANTENNA:  48
MIN_SNR_m:  [10.0, 10.0, 10.0, 10.0, 10.0, 10.0, 10.0, 10.0, 10.0, 10.0, 10.0, 10.0, 10.0, 10.0, 10.0, 10.0, 10.0, 10.0, 10.0, 10.0, 10.0, 10.0, 10.0, 10.0, 10.0, 10.0, 10.0, 10.0, 10.0, 10.0, 10.0, 10.0, 10.0, 10.0, 10.0, 10.0, 10.0, 10.0, 10.0, 10.0, 10.0, 10.0, 10.0, 10.0, 10.0, 10.0, 10.0, 10.0, 10.0, 10.0, 10.0, 10.0, 10.0, 10.0, 10.0, 10.0, 10.0, 10.0, 10.0, 10.0, 10.0, 10.0, 10.0, 10.0, 10.0, 10.0, 10.0, 10.0, 10.0, 10.0, 10.0, 10.0, 10.0, 10.0, 10.0, 10.0, 10.0, 10.0, 10.0, 10.0, 10.0, 10.0, 10.0, 10.0, 10.0, 10.0, 10.0, 10.0, 10.0, 10.0, 10.0, 10.0, 10.0, 10.0, 10.0, 10.0, 10.0, 10.0, 10.0, 10.0]
-MIN_DIST:  2000
- disaster percentage:  0

Slice 0
Fitnes _wolf:  -inf

Run GWO to deployment +1 antenna on the map
	Pack size:  50
	Wolf dimension 1
	Max iter 100
	antennas_regions:  [48]
	users_regions:  [73 74 83 84 93 94]
	Fitness function:  <function fitness_pgwo2 at 0x7f11058800e0>
	Seed_base:  0
initial_alpha:  Wolf 17 (17). Fitness: 24.774091189017376
	(2087.9356388499727, 3226.7631084747163, 0). Region: 85
initial_beta:  Wolf 12 (12). Fitness: 17.259958988830345
	(1898.2827147541923, 2629.890010629021, 0). Region: 64
initial_delta:  Wolf 0 (0). Fitness: -inf
	(3377.6874061001927, 3031.8176117612097, 0). Region: 78 

iter = 10
Alpha wolf:  Wolf 17 (17). Fitness: 24.774091189017376
	(2087.9356388499727, 3226.7631084747163, 0). Region: 85
iter = 20
Alpha wolf:  Wolf 17 (17). Fitness: 24.774091189017376
	(2087.9356388499727, 3226.7631084747163, 0). Region: 85
iter = 30
Alpha wolf:  Wolf 17 (17). Fitness: 24.774091189017376
	(2204.3354827056546, 3485.365306222439, 0.0). Region: 85
iter = 40
Alpha wolf:  Wolf 17 (17). Fitness: 24.774091189017376
	(2204.3354827056546, 3485.365306222439, 0.0). Region: 85
iter = 50
Alpha wolf:  Wolf 17 (17). Fitness: 24.774091189017376
	(2320.7244090154713, 3371.4046856579175, 0.0). Region: 85
iter = 60
Alpha wolf:  Wolf 17 (17). Fitness: 24.774091189017376
	(2312.1169711197144, 3491.48974943083, 0.0). Region: 85
iter = 70
Alpha wolf:  Wolf 17 (17). Fitness: 24.774091189017376
	(2217.708059429712, 3318.64574350784, 0.0). Region: 85
iter = 80
Alpha wolf:  Wolf 17 (17). Fitness: 24.774091189017376
	(2217.708059429712, 3318.64574350784, 0.0). Region: 85
iter = 90
Alpha wolf:  Wolf 17 (17). Fitness: 24.774091189017376
	(2055.30061935135, 3467.0524892061403, 0.0). Region: 85

- Finishing GWO - 

Best solution:  Wolf 17 (17). Fitness: 24.774091189017376
	(2083.6551100370434, 3418.4358509700633, 0.0). Region: 85
Antennas in slice 0:  [48 85]
Results:  [array([48, 85])]

Slice 1
Fitnes _wolf:  -inf

Run GWO to deployment +1 antenna on the map
	Pack size:  50
	Wolf dimension 1
	Max iter 100
	antennas_regions:  [48 85]
	users_regions:  [ 4 14 15 16 17 20 21 22 23 25 26 28 34 40 42 43 45 48 58 62 64 71 74 82
 83 84 85 88 93 94 97 99]
	Fitness function:  <function fitness_pgwo2 at 0x7f11058800e0>
	Seed_base:  50
initial_alpha:  Wolf 0 (50). Fitness: -inf
	(1990.1462750344092, 1064.6948922901624, 0). Region: 24
initial_beta:  Wolf 1 (51). Fitness: -inf
	(974.071050837348, 2008.835958012624, 0). Region: 52
initial_delta:  Wolf 2 (52). Fitness: -inf
	(3913.4194334839867, 218.09062004182954, 0). Region: 9 

iter = 10
Alpha wolf:  Wolf 0 (50). Fitness: -inf
	(882.8274131629807, 2579.300686769935, 0.0). Region: 62
iter = 20
Alpha wolf:  Wolf 0 (50). Fitness: -inf
	(273.20793641691387, 918.894270435846, 0.0). Region: 20
iter = 30
Alpha wolf:  Wolf 0 (50). Fitness: -inf
	(737.3145052642018, 1682.8693309482844, 0.0). Region: 41
iter = 40
Alpha wolf:  Wolf 0 (50). Fitness: -inf
	(495.55169462709955, 359.2486693038727, 0.0). Region: 1
iter = 50
Alpha wolf:  Wolf 0 (50). Fitness: -inf
	(415.8657787111077, 291.5301064585758, 0.0). Region: 1
iter = 60
Alpha wolf:  Wolf 0 (50). Fitness: -inf
	(179.84173233564962, 337.6427161403049, 0.0). Region: 0
iter = 70
Alpha wolf:  Wolf 0 (50). Fitness: -inf
	(119.53427266973642, 353.4523840311175, 0.0). Region: 0
iter = 80
Alpha wolf:  Wolf 0 (50). Fitness: -inf
	(148.0024175495103, 370.8294965107392, 0.0). Region: 0
iter = 90
Alpha wolf:  Wolf 0 (50). Fitness: -inf
	(157.91746581556487, 393.4662807108863, 0.0). Region: 0

- Finishing GWO - 


Run GWO to deployment +2 antenna on the map
	Pack size:  50
	Wolf dimension 2
	Max iter 100
	antennas_regions:  [48 85]
	users_regions:  [ 4 14 15 16 17 20 21 22 23 25 26 28 34 40 42 43 45 48 58 62 64 71 74 82
 83 84 85 88 93 94 97 99]
	Fitness function:  <function fitness_pgwo2 at 0x7f11058800e0>
	Seed_base:  100
initial_alpha:  Wolf 0 (100). Fitness: -inf
	(582.6770204165213, 1819.7080180560854, 0). Region: 41
	(3083.1352226360887, 2822.052907736112, 0). Region: 77
initial_beta:  Wolf 1 (101). Fitness: -inf
	(2324.6085300182585, 779.0179821365468, 0). Region: 15
	(3861.0044282444446, 3695.905606707177, 0). Region: 99
initial_delta:  Wolf 2 (102). Fitness: -inf
	(592.6848255483344, 2463.8611483048944, 0). Region: 61
	(678.7432895426688, 2850.0277895008303, 0). Region: 71 

iter = 10
Alpha wolf:  Wolf 0 (100). Fitness: -inf
	(488.45412063729196, 1207.1824163479391, 0.0). Region: 31
	(1966.1691813811835, 1383.257178940226, 0.0). Region: 34
iter = 20
Alpha wolf:  Wolf 0 (100). Fitness: -inf
	(120.27697144509477, 1586.629939675051, 0.0). Region: 30
	(732.7124868157498, 2578.0046570646505, 0.0). Region: 61
iter = 30
Alpha wolf:  Wolf 0 (100). Fitness: -inf
	(62.70114364727158, 2425.130725915974, 0.0). Region: 60
	(1194.874174457173, 1209.2573493388763, 0.0). Region: 32
iter = 40
Alpha wolf:  Wolf 0 (100). Fitness: -inf
	(61.22895773046927, 2942.712684420345, 0.0). Region: 70
	(772.3448776177645, 1685.105749705896, 0.0). Region: 41
iter = 50
Alpha wolf:  Wolf 0 (100). Fitness: -inf
	(40.29212948472417, 2268.7781578758613, 0.0). Region: 50
	(549.1206561195443, 1147.9070653422004, 0.0). Region: 21
iter = 60
Alpha wolf:  Wolf 0 (100). Fitness: -inf
	(47.09584717903616, 2368.1105996493684, 0.0). Region: 50
	(449.77657841080514, 1852.1799442045817, 0.0). Region: 41
iter = 70
Alpha wolf:  Wolf 0 (100). Fitness: -inf
	(57.30239498140891, 2689.6792626697325, 0.0). Region: 60
	(684.7660673658135, 2199.5506430676287, 0.0). Region: 51
iter = 80
Alpha wolf:  Wolf 0 (100). Fitness: -inf
	(61.84075866725136, 1697.5844597691196, 0.0). Region: 40
	(710.6385476023112, 2594.522425919335, 0.0). Region: 61
iter = 90
Alpha wolf:  Wolf 0 (100). Fitness: -inf
	(60.188313512615665, 1637.5875499240783, 0.0). Region: 40
	(863.9783935132087, 2522.9520702338923, 0.0). Region: 62

- Finishing GWO - 


Run GWO to deployment +3 antenna on the map
	Pack size:  50
	Wolf dimension 3
	Max iter 100
	antennas_regions:  [48 85]
	users_regions:  [ 4 14 15 16 17 20 21 22 23 25 26 28 34 40 42 43 45 48 58 62 64 71 74 82
 83 84 85 88 93 94 97 99]
	Fitness function:  <function fitness_pgwo2 at 0x7f11058800e0>
	Seed_base:  150
initial_alpha:  Wolf 20 (170). Fitness: 6.693482981354465e-05
	(3149.6054334934965, 3639.6277492389127, 0). Region: 97
	(2346.3067209789806, 1258.3922175201358, 0). Region: 35
	(968.9116575099602, 1061.7264384178166, 0). Region: 22
initial_beta:  Wolf 0 (150). Fitness: -inf
	(3295.228967856352, 3580.836635796672, 0). Region: 88
	(751.473642213539, 1215.4358867466128, 0). Region: 31
	(1913.193826237758, 651.6169136788617, 0). Region: 14
initial_delta:  Wolf 1 (151). Fitness: -inf
	(2826.2949409966977, 3383.9252850902753, 0). Region: 87
	(3803.1426880375734, 2531.1547435486596, 0). Region: 69
	(818.4409842517395, 3893.295803136745, 0). Region: 92 

The alpha wolf has been updated to a position with higher fitness. iter = 1
New alpha wolf:  Wolf 37 (187). Fitness: 0.00011522207585541424
	(2106.5113680645723, 3618.301476986795, 0.0). Region: 95
	(797.9499645272714, 1439.5013710776466, 0.0). Region: 31
	(2378.09773343119, 1339.0544591211767, 0.0). Region: 35
iter = 10
Alpha wolf:  Wolf 37 (187). Fitness: 0.00011522207585541424
	(2106.5113680645723, 3618.301476986795, 0.0). Region: 95
	(797.9499645272714, 1439.5013710776466, 0.0). Region: 31
	(2378.09773343119, 1339.0544591211767, 0.0). Region: 35
iter = 20
Alpha wolf:  Wolf 37 (187). Fitness: 0.00011522207585541424
	(2106.5113680645723, 3618.301476986795, 0.0). Region: 95
	(797.9499645272714, 1439.5013710776466, 0.0). Region: 31
	(2378.09773343119, 1339.0544591211767, 0.0). Region: 35
The alpha wolf has been updated to a position with higher fitness. iter = 25
New alpha wolf:  Wolf 3 (153). Fitness: 0.0001165464675319133
	(2651.847316921183, 3197.8386618696513, 0.0). Region: 76
	(686.6580142707721, 1360.5613194482776, 0.0). Region: 31
	(2225.397720605833, 1286.7492939930419, 0.0). Region: 35
iter = 30
Alpha wolf:  Wolf 3 (153). Fitness: 0.0001165464675319133
	(2651.847316921183, 3197.8386618696513, 0.0). Region: 76
	(686.6580142707721, 1360.5613194482776, 0.0). Region: 31
	(2225.397720605833, 1286.7492939930419, 0.0). Region: 35
iter = 40
Alpha wolf:  Wolf 3 (153). Fitness: 0.0001165464675319133
	(2651.847316921183, 3197.8386618696513, 0.0). Region: 76
	(686.6580142707721, 1360.5613194482776, 0.0). Region: 31
	(2225.397720605833, 1286.7492939930419, 0.0). Region: 35
The alpha wolf has been updated to a position with higher fitness. iter = 40
New alpha wolf:  Wolf 22 (172). Fitness: 0.00011654646753358741
	(2027.8038333629215, 3761.1894098305456, 0.0). Region: 95
	(244.09725378215774, 1531.5491220687993, 0.0). Region: 30
	(1614.9134718788166, 2195.1525804519642, 0.0). Region: 54
The alpha wolf has been updated to a position with higher fitness. iter = 43
New alpha wolf:  Wolf 17 (167). Fitness: 0.00011802248809474641
	(2723.2546445919843, 2883.9705147529776, 0.0). Region: 76
	(401.75909411981365, 996.0370378876244, 0.0). Region: 21
	(1670.2086873065973, 2379.110575856629, 0.0). Region: 54
iter = 50
Alpha wolf:  Wolf 17 (167). Fitness: 0.00011802248809474641
	(2723.2546445919843, 2883.9705147529776, 0.0). Region: 76
	(401.75909411981365, 996.0370378876244, 0.0). Region: 21
	(1670.2086873065973, 2379.110575856629, 0.0). Region: 54
The alpha wolf has been updated to a position with higher fitness. iter = 54
New alpha wolf:  Wolf 1 (151). Fitness: 0.00012051964256784763
	(2970.3079261301705, 3278.722285514619, 0.0). Region: 87
	(428.9011610224089, 676.7197389845221, 0.0). Region: 11
	(1984.4526924448676, 2014.4929995658463, 0.0). Region: 54
The alpha wolf has been updated to a position with higher fitness. iter = 55
New alpha wolf:  Wolf 43 (193). Fitness: 0.00012051964256901926
	(3384.9483564585953, 2949.6649880489676, 0.0). Region: 78
	(487.6590145594687, 627.9475520336659, 0.0). Region: 11
	(1790.799264361151, 2153.8369945113254, 0.0). Region: 54
The alpha wolf has been updated to a position with higher fitness. iter = 56
New alpha wolf:  Wolf 3 (153). Fitness: 0.00012051964256922904
	(2483.734718499312, 3071.3049988849816, 0.0). Region: 76
	(497.48992493326983, 753.650944621767, 0.0). Region: 11
	(1656.387093927244, 2160.3830423824625, 0.0). Region: 54
iter = 60
Alpha wolf:  Wolf 3 (153). Fitness: 0.00012051964256922904
	(2483.734718499312, 3071.3049988849816, 0.0). Region: 76
	(497.48992493326983, 753.650944621767, 0.0). Region: 11
	(1656.387093927244, 2160.3830423824625, 0.0). Region: 54
iter = 70
Alpha wolf:  Wolf 3 (153). Fitness: 0.00012051964256922904
	(2624.7168324914574, 3095.1259180682773, 0.0). Region: 76
	(447.3464722725187, 594.741016773527, 0.0). Region: 11
	(1822.434706357276, 2145.203856762085, 0.0). Region: 54
iter = 80
Alpha wolf:  Wolf 3 (153). Fitness: 0.00012051964256922904
	(2524.9408846782253, 3165.074518006063, 0.0). Region: 76
	(429.10002066867355, 611.3169757068824, 0.0). Region: 11
	(1758.551859969165, 2361.0910616205038, 0.0). Region: 54
iter = 90
Alpha wolf:  Wolf 3 (153). Fitness: 0.00012051964256922904
	(2524.9408846782253, 3165.074518006063, 0.0). Region: 76
	(429.10002066867355, 611.3169757068824, 0.0). Region: 11
	(1758.551859969165, 2361.0910616205038, 0.0). Region: 54

- Finishing GWO - 

Best solution:  Wolf 3 (153). Fitness: 0.00012051964256922904
	(2582.09434515438, 3152.6291516462734, 0.0). Region: 76
	(420.23583913848216, 598.4266350790847, 0.0). Region: 11
	(1839.065885934434, 2251.6639467605464, 0.0). Region: 54
Antennas in slice 1:  [11 48 54 76 85]
Results:  [array([48, 85]), array([11, 48, 54, 76, 85])]

Slice 2
Fitnes _wolf:  -inf

Run GWO to deployment +1 antenna on the map
	Pack size:  50
	Wolf dimension 1
	Max iter 100
	antennas_regions:  [11 48 54 76 85]
	users_regions:  [ 3  4  5  6  7  8  9 11 14 15 16 17 23 25 30 35 40 41 44 46 47 49 51 52
 56 59 61 62 65 69 71 73 74 76 77 78 79 81 83 84 85 86 87 88 92 94 95 97
 98 99]
	Fitness function:  <function fitness_pgwo2 at 0x7f11058800e0>
	Seed_base:  200
initial_alpha:  Wolf 0 (200). Fitness: -inf
	(182.43720834157574, 813.787899449597, 0). Region: 20
initial_beta:  Wolf 1 (201). Fitness: -inf
	(268.4090350376151, 1302.3982173307095, 0). Region: 30
initial_delta:  Wolf 2 (202). Fitness: -inf
	(3055.5262978535816, 2579.1230043452256, 0). Region: 67 

iter = 10
Alpha wolf:  Wolf 0 (200). Fitness: -inf
	(375.61052284148343, 721.6463807655674, 0.0). Region: 10
iter = 20
Alpha wolf:  Wolf 0 (200). Fitness: -inf
	(117.46599371868832, 638.6355310013889, 0.0). Region: 10
iter = 30
Alpha wolf:  Wolf 0 (200). Fitness: -inf
	(316.9010245474249, 1169.7905963971948, 0.0). Region: 20
iter = 40
Alpha wolf:  Wolf 0 (200). Fitness: -inf
	(212.99029893049547, 249.71974703484796, 0.0). Region: 0
iter = 50
Alpha wolf:  Wolf 0 (200). Fitness: -inf
	(178.74094162956095, 202.6474435922511, 0.0). Region: 0
iter = 60
Alpha wolf:  Wolf 0 (200). Fitness: -inf
	(77.29676791774662, 234.70108835259876, 0.0). Region: 0
iter = 70
Alpha wolf:  Wolf 0 (200). Fitness: -inf
	(51.376356381647874, 245.69065241867193, 0.0). Region: 0
iter = 80
Alpha wolf:  Wolf 0 (200). Fitness: -inf
	(63.61209031971823, 257.7697733842135, 0.0). Region: 0
iter = 90
Alpha wolf:  Wolf 0 (200). Fitness: -inf
	(67.87362169378268, 273.50497996385053, 0.0). Region: 0

- Finishing GWO - 


Run GWO to deployment +2 antenna on the map
	Pack size:  50
	Wolf dimension 2
	Max iter 100
	antennas_regions:  [11 48 54 76 85]
	users_regions:  [ 3  4  5  6  7  8  9 11 14 15 16 17 23 25 30 35 40 41 44 46 47 49 51 52
 56 59 61 62 65 69 71 73 74 76 77 78 79 81 83 84 85 86 87 88 92 94 95 97
 98 99]
	Fitness function:  <function fitness_pgwo2 at 0x7f11058800e0>
	Seed_base:  250
initial_alpha:  Wolf 0 (250). Fitness: -inf
	(1550.2251804418927, 3732.074563417412, 0). Region: 93
	(2248.585631592364, 273.1373817682061, 0). Region: 5
initial_beta:  Wolf 1 (251). Fitness: -inf
	(1779.142906074199, 1529.7804097549533, 0). Region: 34
	(2311.895209155092, 1828.0321731264287, 0). Region: 45
initial_delta:  Wolf 2 (252). Fitness: -inf
	(3107.712794002624, 64.88281358430959, 0). Region: 7
	(2746.7622247923678, 2162.4204857878153, 0). Region: 56 

iter = 10
Alpha wolf:  Wolf 0 (250). Fitness: -inf
	(1371.2499249074065, 1717.3356429035716, 0.0). Region: 43
	(2595.135598794687, 1299.32779950838, 0.0). Region: 36
iter = 20
Alpha wolf:  Wolf 0 (250). Fitness: -inf
	(337.64662049738314, 2238.8955599344217, 0.0). Region: 50
	(721.7812047498479, 2617.498637135266, 0.0). Region: 61
iter = 30
Alpha wolf:  Wolf 0 (250). Fitness: -inf
	(176.01714839245076, 2342.374144552984, 0.0). Region: 50
	(1166.780364464014, 1229.2097070704942, 0.0). Region: 32
iter = 40
Alpha wolf:  Wolf 0 (250). Fitness: -inf
	(171.8843694008383, 2951.294935469407, 0.0). Region: 70
	(754.224488173436, 1712.9084374203853, 0.0). Region: 41
iter = 50
Alpha wolf:  Wolf 0 (250). Fitness: -inf
	(113.10967106095947, 2277.342332404169, 0.0). Region: 50
	(536.2374584437503, 1166.8464709763416, 0.0). Region: 21
iter = 60
Alpha wolf:  Wolf 0 (250). Fitness: -inf
	(132.20933842123202, 2370.4848919304386, 0.0). Region: 50
	(439.22414243094096, 1882.739201421326, 0.0). Region: 41
iter = 70
Alpha wolf:  Wolf 0 (250). Fitness: -inf
	(160.86156602394607, 2692.3760333994055, 0.0). Region: 60
	(668.7004240355345, 2235.8411957609983, 0.0). Region: 51
iter = 80
Alpha wolf:  Wolf 0 (250). Fitness: -inf
	(173.601841363706, 1699.2865199908604, 0.0). Region: 40
	(693.9658969167346, 2637.3296479802184, 0.0). Region: 61
iter = 90
Alpha wolf:  Wolf 0 (250). Fitness: -inf
	(168.96303149494537, 1639.2294550512752, 0.0). Region: 40
	(843.7081590831555, 2564.5784475742994, 0.0). Region: 62

- Finishing GWO - 


Run GWO to deployment +3 antenna on the map
	Pack size:  50
	Wolf dimension 3
	Max iter 100
	antennas_regions:  [11 48 54 76 85]
	users_regions:  [ 3  4  5  6  7  8  9 11 14 15 16 17 23 25 30 35 40 41 44 46 47 49 51 52
 56 59 61 62 65 69 71 73 74 76 77 78 79 81 83 84 85 86 87 88 92 94 95 97
 98 99]
	Fitness function:  <function fitness_pgwo2 at 0x7f11058800e0>
	Seed_base:  300
initial_alpha:  Wolf 0 (300). Fitness: -inf
	(2390.7831417453117, 1378.839432224314, 0). Region: 35
	(5.979582384540105, 1385.7692041697906, 0). Region: 30
	(3292.6369576744937, 1693.7951914114713, 0). Region: 48
initial_beta:  Wolf 1 (301). Fitness: -inf
	(1594.9404128206654, 3197.7275582602206, 0). Region: 73
	(1973.3975393123583, 1836.1784115916585, 0). Region: 44
	(944.148777411379, 2673.4198815001178, 0). Region: 62
initial_delta:  Wolf 2 (302). Fitness: -inf
	(3860.815988704271, 2156.073387508652, 0). Region: 59
	(2213.8113202763097, 1899.3996363681886, 0). Region: 45
	(756.0530547075527, 150.16178423399572, 0). Region: 1 

The alpha wolf has been updated to a position with higher fitness. iter = 1
New alpha wolf:  Wolf 43 (343). Fitness: 5.5079745466415606e-05
	(3313.078194217573, 2870.245985706454, 0.0). Region: 78
	(1018.7749371018501, 2589.8997507920435, 0.0). Region: 62
	(2774.748706762152, 362.25075314275324, 0.0). Region: 6
The alpha wolf has been updated to a position with higher fitness. iter = 2
New alpha wolf:  Wolf 23 (323). Fitness: 5.798836637724196e-05
	(3770.88069739928, 2588.0554033797403, 0.0). Region: 69
	(348.54215498213193, 2085.320055376405, 0.0). Region: 50
	(2718.8208010775415, 37.17044983107155, 0.0). Region: 6
The alpha wolf has been updated to a position with higher fitness. iter = 4
New alpha wolf:  Wolf 40 (340). Fitness: 0.00012104745054945616
	(2723.616312816239, 3808.5346463933047, 0.0). Region: 96
	(950.582693433557, 3477.255799459337, 0.0). Region: 82
	(3880.830385896256, 122.72367505820657, 0.0). Region: 9
The alpha wolf has been updated to a position with higher fitness. iter = 5
New alpha wolf:  Wolf 29 (329). Fitness: 0.00012147106803393525
	(3242.7643678259283, 3317.279909316532, 0.0). Region: 88
	(281.376339290637, 2023.5947743423576, 0.0). Region: 50
	(3023.952150019517, 200.2900716321065, 0.0). Region: 7
The alpha wolf has been updated to a position with higher fitness. iter = 6
New alpha wolf:  Wolf 35 (335). Fitness: 0.0001298297052258165
	(2905.6704162457454, 2509.871959769149, 0.0). Region: 67
	(294.83017190966353, 2961.760771982157, 0.0). Region: 70
	(2910.207667949887, 135.2051475487034, 0.0). Region: 7
iter = 10
Alpha wolf:  Wolf 35 (335). Fitness: 0.0001298297052258165
	(2905.6704162457454, 2509.871959769149, 0.0). Region: 67
	(294.83017190966353, 2961.760771982157, 0.0). Region: 70
	(2910.207667949887, 135.2051475487034, 0.0). Region: 7
The alpha wolf has been updated to a position with higher fitness. iter = 16
New alpha wolf:  Wolf 21 (321). Fitness: 0.00012982970522859647
	(3017.537094855936, 2300.327283412081, 0.0). Region: 57
	(61.91395203572324, 2998.8500947453563, 0.0). Region: 70
	(3089.6546374231166, 167.58959971990734, 0.0). Region: 7
iter = 20
Alpha wolf:  Wolf 21 (321). Fitness: 0.00012982970522859647
	(3017.537094855936, 2300.327283412081, 0.0). Region: 57
	(61.91395203572324, 2998.8500947453563, 0.0). Region: 70
	(3089.6546374231166, 167.58959971990734, 0.0). Region: 7
iter = 30
Alpha wolf:  Wolf 21 (321). Fitness: 0.00012982970522859647
	(3017.537094855936, 2300.327283412081, 0.0). Region: 57
	(61.91395203572324, 2998.8500947453563, 0.0). Region: 70
	(3089.6546374231166, 167.58959971990734, 0.0). Region: 7
iter = 40
Alpha wolf:  Wolf 21 (321). Fitness: 0.00012982970522859647
	(3017.537094855936, 2300.327283412081, 0.0). Region: 57
	(61.91395203572324, 2998.8500947453563, 0.0). Region: 70
	(3089.6546374231166, 167.58959971990734, 0.0). Region: 7
iter = 50
Alpha wolf:  Wolf 21 (321). Fitness: 0.00012982970522859647
	(3017.537094855936, 2300.327283412081, 0.0). Region: 57
	(61.91395203572324, 2998.8500947453563, 0.0). Region: 70
	(3089.6546374231166, 167.58959971990734, 0.0). Region: 7
iter = 60
Alpha wolf:  Wolf 21 (321). Fitness: 0.00012982970522859647
	(3017.537094855936, 2300.327283412081, 0.0). Region: 57
	(61.91395203572324, 2998.8500947453563, 0.0). Region: 70
	(3089.6546374231166, 167.58959971990734, 0.0). Region: 7
iter = 70
Alpha wolf:  Wolf 21 (321). Fitness: 0.00012982970522859647
	(3017.537094855936, 2300.327283412081, 0.0). Region: 57
	(61.91395203572324, 2998.8500947453563, 0.0). Region: 70
	(3089.6546374231166, 167.58959971990734, 0.0). Region: 7
iter = 80
Alpha wolf:  Wolf 21 (321). Fitness: 0.00012982970522859647
	(2875.391759153752, 2265.19380337108, 0.0). Region: 57
	(78.67437170836874, 2890.2617714069793, 0.0). Region: 70
	(3073.4105561337115, 213.43183821255496, 0.0). Region: 7
iter = 90
Alpha wolf:  Wolf 21 (321). Fitness: 0.00012982970522859647
	(3110.4334910121547, 2299.731239832209, 0.0). Region: 57
	(75.08084130699243, 3036.3151694634166, 0.0). Region: 70
	(3030.9267547930176, 212.77610013833743, 0.0). Region: 7

- Finishing GWO - 

Best solution:  Wolf 21 (321). Fitness: 0.00012982970522859647
	(3034.9226254099167, 2344.2185824341655, 0.0). Region: 57
	(72.61394213373302, 3080.559063235546, 0.0). Region: 70
	(3060.7157115994455, 208.9720996922412, 0.0). Region: 7
Antennas in slice 2:  [ 7 11 48 54 57 70 76 85]
Results:  [array([48, 85]), array([11, 48, 54, 76, 85]), array([ 7, 11, 48, 54, 57, 70, 76, 85])]

Slice 3
Fitnes _wolf:  0.0001145440561727162
The set of antennas serves the scenario in the respective slice.
Results:  [array([48, 85]), array([11, 48, 54, 76, 85]), array([ 7, 11, 48, 54, 57, 70, 76, 85]), array([ 7, 11, 48, 54, 57, 70, 76, 85])]

Slice 4
Fitnes _wolf:  0.00012354689753237775
The set of antennas serves the scenario in the respective slice.
Results:  [array([48, 85]), array([11, 48, 54, 76, 85]), array([ 7, 11, 48, 54, 57, 70, 76, 85]), array([ 7, 11, 48, 54, 57, 70, 76, 85]), array([ 7, 11, 48, 54, 57, 70, 76, 85])]

Slice 5
Fitnes _wolf:  0.00014937499756386503
The set of antennas serves the scenario in the respective slice.
Results:  [array([48, 85]), array([11, 48, 54, 76, 85]), array([ 7, 11, 48, 54, 57, 70, 76, 85]), array([ 7, 11, 48, 54, 57, 70, 76, 85]), array([ 7, 11, 48, 54, 57, 70, 76, 85]), array([ 7, 11, 48, 54, 57, 70, 76, 85])]

Slice 6
Fitnes _wolf:  0.00011601778466120981
The set of antennas serves the scenario in the respective slice.
Results:  [array([48, 85]), array([11, 48, 54, 76, 85]), array([ 7, 11, 48, 54, 57, 70, 76, 85]), array([ 7, 11, 48, 54, 57, 70, 76, 85]), array([ 7, 11, 48, 54, 57, 70, 76, 85]), array([ 7, 11, 48, 54, 57, 70, 76, 85]), array([ 7, 11, 48, 54, 57, 70, 76, 85])]

Slice 7
Fitnes _wolf:  0.00010952946326747256
The set of antennas serves the scenario in the respective slice.
Results:  [array([48, 85]), array([11, 48, 54, 76, 85]), array([ 7, 11, 48, 54, 57, 70, 76, 85]), array([ 7, 11, 48, 54, 57, 70, 76, 85]), array([ 7, 11, 48, 54, 57, 70, 76, 85]), array([ 7, 11, 48, 54, 57, 70, 76, 85]), array([ 7, 11, 48, 54, 57, 70, 76, 85]), array([ 7, 11, 48, 54, 57, 70, 76, 85])]

Slice 8
Fitnes _wolf:  0.0001449809674451277
The set of antennas serves the scenario in the respective slice.
Results:  [array([48, 85]), array([11, 48, 54, 76, 85]), array([ 7, 11, 48, 54, 57, 70, 76, 85]), array([ 7, 11, 48, 54, 57, 70, 76, 85]), array([ 7, 11, 48, 54, 57, 70, 76, 85]), array([ 7, 11, 48, 54, 57, 70, 76, 85]), array([ 7, 11, 48, 54, 57, 70, 76, 85]), array([ 7, 11, 48, 54, 57, 70, 76, 85]), array([ 7, 11, 48, 54, 57, 70, 76, 85])]

Slice 9
Fitnes _wolf:  0.00012160494639729081
The set of antennas serves the scenario in the respective slice.
Results:  [array([48, 85]), array([11, 48, 54, 76, 85]), array([ 7, 11, 48, 54, 57, 70, 76, 85]), array([ 7, 11, 48, 54, 57, 70, 76, 85]), array([ 7, 11, 48, 54, 57, 70, 76, 85]), array([ 7, 11, 48, 54, 57, 70, 76, 85]), array([ 7, 11, 48, 54, 57, 70, 76, 85]), array([ 7, 11, 48, 54, 57, 70, 76, 85]), array([ 7, 11, 48, 54, 57, 70, 76, 85]), array([ 7, 11, 48, 54, 57, 70, 76, 85])]

Slice 10
Fitnes _wolf:  0.00014837467364603774
The set of antennas serves the scenario in the respective slice.
Results:  [array([48, 85]), array([11, 48, 54, 76, 85]), array([ 7, 11, 48, 54, 57, 70, 76, 85]), array([ 7, 11, 48, 54, 57, 70, 76, 85]), array([ 7, 11, 48, 54, 57, 70, 76, 85]), array([ 7, 11, 48, 54, 57, 70, 76, 85]), array([ 7, 11, 48, 54, 57, 70, 76, 85]), array([ 7, 11, 48, 54, 57, 70, 76, 85]), array([ 7, 11, 48, 54, 57, 70, 76, 85]), array([ 7, 11, 48, 54, 57, 70, 76, 85]), array([ 7, 11, 48, 54, 57, 70, 76, 85])]

Slice 11
Fitnes _wolf:  9.431686632121843e-05
The set of antennas serves the scenario in the respective slice.
Results:  [array([48, 85]), array([11, 48, 54, 76, 85]), array([ 7, 11, 48, 54, 57, 70, 76, 85]), array([ 7, 11, 48, 54, 57, 70, 76, 85]), array([ 7, 11, 48, 54, 57, 70, 76, 85]), array([ 7, 11, 48, 54, 57, 70, 76, 85]), array([ 7, 11, 48, 54, 57, 70, 76, 85]), array([ 7, 11, 48, 54, 57, 70, 76, 85]), array([ 7, 11, 48, 54, 57, 70, 76, 85]), array([ 7, 11, 48, 54, 57, 70, 76, 85]), array([ 7, 11, 48, 54, 57, 70, 76, 85]), array([ 7, 11, 48, 54, 57, 70, 76, 85])]
Results:  [array([48, 85]), array([11, 48, 54, 76, 85]), array([ 7, 11, 48, 54, 57, 70, 76, 85]), array([ 7, 11, 48, 54, 57, 70, 76, 85]), array([ 7, 11, 48, 54, 57, 70, 76, 85]), array([ 7, 11, 48, 54, 57, 70, 76, 85]), array([ 7, 11, 48, 54, 57, 70, 76, 85]), array([ 7, 11, 48, 54, 57, 70, 76, 85]), array([ 7, 11, 48, 54, 57, 70, 76, 85]), array([ 7, 11, 48, 54, 57, 70, 76, 85]), array([ 7, 11, 48, 54, 57, 70, 76, 85]), array([ 7, 11, 48, 54, 57, 70, 76, 85])]

Média de carros: 7.25
t=0
Antennas: [48 85]
Users: [73 74 83 84 93 94]
connections:  {73: 85, 74: 85, 83: 85, 84: 85, 93: 85, 94: 85}
$x_{0,48}$
		Usuarios totais: 0
$x_{0,85}$
	 $y_{0,85,73}$ = 20.52157780184585 dB
	 $y_{0,85,74}$ = 20.785578670188457 dB
	 $y_{0,85,83}$ = 14.81143009585297 dB
	 $y_{0,85,84}$ = 25.740955703955663 dB
	 $y_{0,85,93}$ = 17.36872556565268 dB
	 $y_{0,85,94}$ = 22.983722874366123 dB
		SNR medio:  3.3030267759962633
		Usuarios totais: 37
Distances:
48 : 85 = 2000.0
t=1
Antennas: [11 48 54 76 85]
Users: [ 4 14 15 16 17 20 21 22 23 25 26 28 34 40 42 43 45 48 58 62 64 71 74 82
 83 84 85 88 93 94 97 99]
connections:  {15: 54, 16: 54, 17: 48, 20: 11, 22: 11, 23: 11, 25: 48, 28: 48, 40: 54, 42: 54, 71: 54, 99: 76, 4: 54, 14: 11, 21: 54, 26: 11, 34: 54, 43: 54, 48: 48, 58: 48, 62: 54, 82: 54, 85: 85, 88: 76, 93: 54, 94: 76, 97: 76, 45: 76, 64: 76, 74: 76, 83: 76, 84: 76}
$x_{1,11}$
	 $y_{1,11,20}$ = 27.17252378841428 dB
	 $y_{1,11,22}$ = 19.03219544959576 dB
	 $y_{1,11,23}$ = 16.842913878054816 dB
	 $y_{1,11,14}$ = 17.662544892768352 dB
	 $y_{1,11,26}$ = 13.553502770032082 dB
		SNR medio:  15.710613463144215
		Usuarios totais: 6
$x_{1,48}$
	 $y_{1,48,17}$ = 10.778488672072285 dB
	 $y_{1,48,25}$ = 14.502514113945324 dB
	 $y_{1,48,28}$ = 14.682107919383256 dB
	 $y_{1,48,48}$ = 87.38833289839025 dB
	 $y_{1,48,58}$ = 26.40657796069219 dB
		SNR medio:  30.75160431289666
		Usuarios totais: 5
$x_{1,54}$
	 $y_{1,54,15}$ = 13.685659222271454 dB
	 $y_{1,54,16}$ = 10.6993309136586 dB
	 $y_{1,54,40}$ = 11.059705698105589 dB
	 $y_{1,54,42}$ = 21.215354291783953 dB
	 $y_{1,54,71}$ = 11.10363556434163 dB
	 $y_{1,54,4}$ = 12.633107060059288 dB
	 $y_{1,54,21}$ = 10.178273525464164 dB
	 $y_{1,54,34}$ = 22.54035093996265 dB
	 $y_{1,54,43}$ = 22.75028333013674 dB
	 $y_{1,54,62}$ = 23.60432694655188 dB
	 $y_{1,54,82}$ = 12.99022162595017 dB
	 $y_{1,54,93}$ = 11.948044435480142 dB
		SNR medio:  10.84754667963331
		Usuarios totais: 17
$x_{1,76}$
	 $y_{1,76,99}$ = 11.744427509778035 dB
	 $y_{1,76,88}$ = 19.705457098193264 dB
	 $y_{1,76,94}$ = 15.300570155353526 dB
	 $y_{1,76,97}$ = 15.471499300108718 dB
	 $y_{1,76,45}$ = 18.648689437995586 dB
	 $y_{1,76,64}$ = 15.562822574139332 dB
	 $y_{1,76,74}$ = 10.556193654974322 dB
	 $y_{1,76,83}$ = 10.545819230671299 dB
	 $y_{1,76,84}$ = 12.846171605635845 dB
		SNR medio:  3.834754428436763
		Usuarios totais: 34
$x_{1,85}$
	 $y_{1,85,85}$ = 83.84686355946835 dB
		SNR medio:  83.84686355946835
		Usuarios totais: 1
Distances:
11 : 48 = 3046.3092423455632
11 : 54 = 2000.0
11 : 76 = 3124.099870362662
11 : 85 = 3224.9030993194197
48 : 54 = 1649.2422502470642
48 : 76 = 1442.2205101855957
48 : 85 = 2000.0
54 : 76 = 1131.370849898476
54 : 85 = 1264.9110640673518
76 : 85 = 565.685424949238
t=2
Antennas: [ 7 11 48 54 57 70 76 85]
Users: [ 3  4  5  6  7  8  9 11 14 15 16 17 23 25 30 35 40 41 44 46 47 49 51 52
 56 59 61 62 65 69 71 73 74 76 77 78 79 81 83 84 85 86 87 88 92 94 95 97
 98 99]
connections:  {5: 7, 6: 7, 9: 7, 11: 11, 23: 11, 30: 11, 40: 54, 51: 70, 79: 57, 92: 70, 98: 76, 99: 76, 3: 11, 7: 7, 8: 7, 14: 11, 16: 7, 17: 7, 25: 7, 41: 11, 49: 57, 52: 70, 59: 57, 71: 70, 77: 57, 78: 57, 81: 70, 85: 85, 86: 85, 88: 85, 94: 85, 95: 85, 97: 85, 4: 7, 15: 7, 35: 57, 44: 57, 46: 57, 47: 57, 61: 85, 62: 70, 69: 57, 76: 76, 83: 85, 87: 85, 65: 85, 74: 85, 84: 70, 73: 85, 56: 70}
$x_{2,7}$
	 $y_{2,7,5}$ = 15.252590732400762 dB
	 $y_{2,7,6}$ = 32.84186597421612 dB
	 $y_{2,7,9}$ = 24.2588673683843 dB
	 $y_{2,7,7}$ = 80.6378973616124 dB
	 $y_{2,7,8}$ = 31.044345106056895 dB
	 $y_{2,7,16}$ = 32.492811517674184 dB
	 $y_{2,7,17}$ = 20.05818263424345 dB
	 $y_{2,7,25}$ = 14.264525433050082 dB
	 $y_{2,7,4}$ = 16.074054272384345 dB
	 $y_{2,7,15}$ = 18.11159051862596 dB
		SNR medio:  25.912430083513502
		Usuarios totais: 11
$x_{2,11}$
	 $y_{2,11,11}$ = 85.70587555383476 dB
	 $y_{2,11,23}$ = 16.842913878054816 dB
	 $y_{2,11,30}$ = 21.75964454313271 dB
	 $y_{2,11,3}$ = 10.917785823681584 dB
	 $y_{2,11,14}$ = 17.662544892768352 dB
	 $y_{2,11,41}$ = 12.235257895924036 dB
		SNR medio:  18.34711362082181
		Usuarios totais: 9
$x_{2,48}$
		Usuarios totais: 0
$x_{2,54}$
	 $y_{2,54,40}$ = 11.059705698105589 dB
		SNR medio:  11.059705698105589
		Usuarios totais: 1
$x_{2,57}$
	 $y_{2,57,79}$ = 15.902122492249745 dB
	 $y_{2,57,49}$ = 25.103598115642967 dB
	 $y_{2,57,59}$ = 19.927129894463633 dB
	 $y_{2,57,77}$ = 13.587650534444037 dB
	 $y_{2,57,78}$ = 12.245843990143783 dB
	 $y_{2,57,35}$ = 16.487419228752458 dB
	 $y_{2,57,44}$ = 11.66871509286102 dB
	 $y_{2,57,46}$ = 22.121263399914568 dB
	 $y_{2,57,47}$ = 23.90411056928997 dB
	 $y_{2,57,69}$ = 13.956781228103395 dB
		SNR medio:  15.900421322351416
		Usuarios totais: 11
$x_{2,70}$
	 $y_{2,70,51}$ = 19.638496595821948 dB
	 $y_{2,70,92}$ = 16.933810646192953 dB
	 $y_{2,70,52}$ = 14.57190146923574 dB
	 $y_{2,70,71}$ = 30.59816205493233 dB
	 $y_{2,70,81}$ = 21.703433272413974 dB
	 $y_{2,70,62}$ = 19.021715596531465 dB
	 $y_{2,70,84}$ = 10.773909595860658 dB
	 $y_{2,70,56}$ = 10.024060371795628 dB
		SNR medio:  8.954093100174044
		Usuarios totais: 16
$x_{2,76}$
	 $y_{2,76,98}$ = 12.727209963328988 dB
	 $y_{2,76,99}$ = 11.744427509778035 dB
	 $y_{2,76,76}$ = 85.92133414227902 dB
		SNR medio:  36.79765720512868
		Usuarios totais: 3
$x_{2,85}$
	 $y_{2,85,85}$ = 83.84686355946835 dB
	 $y_{2,85,86}$ = 27.97485953999957 dB
	 $y_{2,85,88}$ = 15.558101183172141 dB
	 $y_{2,85,94}$ = 22.983722874366123 dB
	 $y_{2,85,95}$ = 28.122920068555032 dB
	 $y_{2,85,97}$ = 16.673090621624866 dB
	 $y_{2,85,61}$ = 10.081538209056362 dB
	 $y_{2,85,83}$ = 14.81143009585297 dB
	 $y_{2,85,87}$ = 21.28762758402543 dB
	 $y_{2,85,65}$ = 15.427676071957862 dB
	 $y_{2,85,74}$ = 20.785578670188457 dB
	 $y_{2,85,73}$ = 20.52157780184585 dB
		SNR medio:  7.451874657002826
		Usuarios totais: 40
Distances:
7 : 11 = 2433.105012119288
7 : 48 = 1649.2422502470642
7 : 54 = 2332.38075793812
7 : 57 = 2000.0
7 : 70 = 3959.7979746446663
7 : 76 = 2828.42712474619
7 : 85 = 3298.4845004941285
11 : 48 = 3046.3092423455632
11 : 54 = 2000.0
11 : 57 = 2884.4410203711914
11 : 70 = 2433.105012119288
11 : 76 = 3124.099870362662
11 : 85 = 3224.9030993194197
48 : 54 = 1649.2422502470642
48 : 57 = 565.685424949238
48 : 70 = 3417.6014981270123
48 : 76 = 1442.2205101855957
48 : 85 = 2000.0
54 : 57 = 1200.0
54 : 70 = 1788.8543819998317
54 : 76 = 1131.370849898476
54 : 85 = 1264.9110640673518
57 : 70 = 2912.043955712207
57 : 76 = 894.4271909999159
57 : 85 = 1442.2205101855957
70 : 76 = 2400.0
70 : 85 = 2039.607805437114
76 : 85 = 565.685424949238
t=3
Antennas: [ 7 11 48 54 57 70 76 85]
Users: [ 3  4  6  9 11 13 17 18 19 22 23 25 26 27 28 33 34 36 38 39 40 41 42 45
 46 47 48 49 50 51 52 55 56 59 60 61 62 65 68 69 70 71 72 73 74 75 77 79
 81 83 84 85 86 88 89 90 94 95 96 97 99]
connections:  {6: 7, 9: 7, 11: 11, 22: 11, 23: 11, 40: 54, 42: 54, 51: 70, 70: 70, 79: 57, 90: 70, 99: 76, 3: 11, 13: 11, 17: 7, 18: 7, 19: 7, 25: 7, 27: 7, 33: 11, 36: 57, 38: 57, 41: 11, 49: 57, 50: 11, 52: 70, 59: 57, 60: 11, 71: 70, 77: 57, 81: 70, 85: 85, 86: 76, 88: 76, 89: 76, 94: 76, 95: 76, 96: 76, 97: 76, 4: 7, 26: 7, 28: 7, 34: 11, 39: 7, 46: 57, 47: 76, 48: 48, 62: 70, 69: 57, 83: 54, 45: 11, 55: 57, 61: 70, 65: 57, 68: 57, 72: 70, 74: 57, 75: 54, 84: 70, 73: 70, 56: 70}
$x_{3,7}$
	 $y_{3,7,6}$ = 32.84186597421612 dB
	 $y_{3,7,9}$ = 24.2588673683843 dB
	 $y_{3,7,17}$ = 20.05818263424345 dB
	 $y_{3,7,18}$ = 21.957897140193182 dB
	 $y_{3,7,19}$ = 21.264725708298513 dB
	 $y_{3,7,25}$ = 14.264525433050082 dB
	 $y_{3,7,27}$ = 19.977522440742774 dB
	 $y_{3,7,4}$ = 16.074054272384345 dB
	 $y_{3,7,26}$ = 15.008204156810095 dB
	 $y_{3,7,28}$ = 10.811142871829531 dB
	 $y_{3,7,39}$ = 16.982875006506106 dB
		SNR medio:  12.558815470979914
		Usuarios totais: 17
$x_{3,11}$
	 $y_{3,11,11}$ = 85.70587555383476 dB
	 $y_{3,11,22}$ = 19.03219544959576 dB
	 $y_{3,11,23}$ = 16.842913878054816 dB
	 $y_{3,11,3}$ = 10.917785823681584 dB
	 $y_{3,11,13}$ = 15.961459547706298 dB
	 $y_{3,11,33}$ = 11.11320544329709 dB
	 $y_{3,11,41}$ = 12.235257895924036 dB
	 $y_{3,11,50}$ = 10.678826877030659 dB
	 $y_{3,11,60}$ = 15.06673832081185 dB
	 $y_{3,11,34}$ = 10.130454848432365 dB
	 $y_{3,11,45}$ = 11.843645096855454 dB
		SNR medio:  13.720522420951541
		Usuarios totais: 16
$x_{3,48}$
	 $y_{3,48,48}$ = 87.38833289839025 dB
		SNR medio:  43.69416644919512
		Usuarios totais: 2
$x_{3,54}$
	 $y_{3,54,40}$ = 11.059705698105589 dB
	 $y_{3,54,42}$ = 21.215354291783953 dB
	 $y_{3,54,83}$ = 12.74128931256574 dB
	 $y_{3,54,75}$ = 16.448296978945834 dB
		SNR medio:  15.366161570350279
		Usuarios totais: 4
$x_{3,57}$
	 $y_{3,57,79}$ = 15.902122492249745 dB
	 $y_{3,57,36}$ = 12.216689376794733 dB
	 $y_{3,57,38}$ = 17.656158527378963 dB
	 $y_{3,57,49}$ = 25.103598115642967 dB
	 $y_{3,57,59}$ = 19.927129894463633 dB
	 $y_{3,57,77}$ = 13.587650534444037 dB
	 $y_{3,57,46}$ = 22.121263399914568 dB
	 $y_{3,57,69}$ = 13.956781228103395 dB
	 $y_{3,57,55}$ = 18.922800735039644 dB
	 $y_{3,57,65}$ = 23.85653328535747 dB
	 $y_{3,57,68}$ = 28.075943537957684 dB
	 $y_{3,57,74}$ = 16.2889278667341 dB
		SNR medio:  13.389152882004758
		Usuarios totais: 17
$x_{3,70}$
	 $y_{3,70,51}$ = 19.638496595821948 dB
	 $y_{3,70,70}$ = 83.45292603237095 dB
	 $y_{3,70,90}$ = 26.783230584674115 dB
	 $y_{3,70,52}$ = 14.57190146923574 dB
	 $y_{3,70,71}$ = 30.59816205493233 dB
	 $y_{3,70,81}$ = 21.703433272413974 dB
	 $y_{3,70,62}$ = 19.021715596531465 dB
	 $y_{3,70,61}$ = 22.41014077969963 dB
	 $y_{3,70,72}$ = 17.84059048869146 dB
	 $y_{3,70,84}$ = 10.773909595860658 dB
	 $y_{3,70,73}$ = 14.200320576331649 dB
	 $y_{3,70,56}$ = 10.024060371795628 dB
		SNR medio:  10.778477311791098
		Usuarios totais: 27
$x_{3,76}$
	 $y_{3,76,99}$ = 11.744427509778035 dB
	 $y_{3,76,86}$ = 36.35648217772811 dB
	 $y_{3,76,88}$ = 19.705457098193264 dB
	 $y_{3,76,89}$ = 13.287722849606638 dB
	 $y_{3,76,94}$ = 15.300570155353526 dB
	 $y_{3,76,95}$ = 27.81333166029411 dB
	 $y_{3,76,96}$ = 14.105749882861573 dB
	 $y_{3,76,97}$ = 15.471499300108718 dB
	 $y_{3,76,47}$ = 17.39618588366706 dB
		SNR medio:  4.279535662939776
		Usuarios totais: 40
$x_{3,85}$
	 $y_{3,85,85}$ = 83.84686355946835 dB
		SNR medio:  83.84686355946835
		Usuarios totais: 1
Distances:
7 : 11 = 2433.105012119288
7 : 48 = 1649.2422502470642
7 : 54 = 2332.38075793812
7 : 57 = 2000.0
7 : 70 = 3959.7979746446663
7 : 76 = 2828.42712474619
7 : 85 = 3298.4845004941285
11 : 48 = 3046.3092423455632
11 : 54 = 2000.0
11 : 57 = 2884.4410203711914
11 : 70 = 2433.105012119288
11 : 76 = 3124.099870362662
11 : 85 = 3224.9030993194197
48 : 54 = 1649.2422502470642
48 : 57 = 565.685424949238
48 : 70 = 3417.6014981270123
48 : 76 = 1442.2205101855957
48 : 85 = 2000.0
54 : 57 = 1200.0
54 : 70 = 1788.8543819998317
54 : 76 = 1131.370849898476
54 : 85 = 1264.9110640673518
57 : 70 = 2912.043955712207
57 : 76 = 894.4271909999159
57 : 85 = 1442.2205101855957
70 : 76 = 2400.0
70 : 85 = 2039.607805437114
76 : 85 = 565.685424949238
t=4
Antennas: [ 7 11 48 54 57 70 76 85]
Users: [ 0  2  5  6  8  9 10 11 13 14 16 17 18 20 21 22 23 27 28 29 30 31 32 33
 34 35 36 37 38 42 43 44 46 47 48 49 50 51 52 56 57 58 59 61 63 64 66 67
 68 69 72 73 74 75 76 78 79 80 82 83 84 85 86 87 88 89 90 91 93 94 96 97
 99]
connections:  {0: 11, 2: 11, 5: 7, 6: 7, 9: 7, 10: 11, 11: 11, 20: 11, 22: 11, 23: 11, 30: 11, 31: 11, 32: 11, 42: 54, 51: 70, 79: 57, 90: 70, 91: 70, 99: 76, 8: 7, 13: 11, 14: 11, 16: 7, 17: 7, 18: 7, 21: 11, 27: 7, 29: 57, 33: 11, 36: 57, 38: 57, 49: 57, 50: 11, 52: 70, 59: 57, 63: 70, 78: 57, 80: 70, 85: 85, 86: 76, 88: 76, 89: 76, 93: 85, 94: 76, 96: 76, 97: 76, 28: 57, 34: 11, 35: 76, 43: 11, 44: 57, 46: 57, 47: 76, 48: 48, 57: 57, 58: 76, 61: 70, 69: 76, 72: 70, 76: 76, 83: 85, 87: 57, 64: 57, 68: 57, 74: 57, 75: 85, 82: 70, 84: 70, 37: 57, 66: 57, 67: 57, 73: 57, 56: 70}
$x_{4,7}$
	 $y_{4,7,5}$ = 15.252590732400762 dB
	 $y_{4,7,6}$ = 32.84186597421612 dB
	 $y_{4,7,9}$ = 24.2588673683843 dB
	 $y_{4,7,8}$ = 31.044345106056895 dB
	 $y_{4,7,16}$ = 32.492811517674184 dB
	 $y_{4,7,17}$ = 20.05818263424345 dB
	 $y_{4,7,18}$ = 21.957897140193182 dB
	 $y_{4,7,27}$ = 19.977522440742774 dB
		SNR medio:  17.98946208308288
		Usuarios totais: 11
$x_{4,11}$
	 $y_{4,11,0}$ = 25.291295685225435 dB
	 $y_{4,11,2}$ = 24.62582423041401 dB
	 $y_{4,11,10}$ = 26.282653597052075 dB
	 $y_{4,11,11}$ = 85.70587555383476 dB
	 $y_{4,11,20}$ = 27.17252378841428 dB
	 $y_{4,11,22}$ = 19.03219544959576 dB
	 $y_{4,11,23}$ = 16.842913878054816 dB
	 $y_{4,11,30}$ = 21.75964454313271 dB
	 $y_{4,11,31}$ = 18.899096012330446 dB
	 $y_{4,11,32}$ = 13.02307592300943 dB
	 $y_{4,11,13}$ = 15.961459547706298 dB
	 $y_{4,11,14}$ = 17.662544892768352 dB
	 $y_{4,11,21}$ = 38.942924031079365 dB
	 $y_{4,11,33}$ = 11.11320544329709 dB
	 $y_{4,11,50}$ = 10.678826877030659 dB
	 $y_{4,11,34}$ = 10.130454848432365 dB
	 $y_{4,11,43}$ = 14.73518174707415 dB
		SNR medio:  13.261989868281733
		Usuarios totais: 30
$x_{4,48}$
	 $y_{4,48,48}$ = 87.38833289839025 dB
		SNR medio:  87.38833289839025
		Usuarios totais: 1
$x_{4,54}$
	 $y_{4,54,42}$ = 21.215354291783953 dB
		SNR medio:  10.607677145891977
		Usuarios totais: 2
$x_{4,57}$
	 $y_{4,57,79}$ = 15.902122492249745 dB
	 $y_{4,57,29}$ = 13.533794688992998 dB
	 $y_{4,57,36}$ = 12.216689376794733 dB
	 $y_{4,57,38}$ = 17.656158527378963 dB
	 $y_{4,57,49}$ = 25.103598115642967 dB
	 $y_{4,57,59}$ = 19.927129894463633 dB
	 $y_{4,57,78}$ = 12.245843990143783 dB
	 $y_{4,57,28}$ = 12.248097546207902 dB
	 $y_{4,57,44}$ = 11.66871509286102 dB
	 $y_{4,57,46}$ = 22.121263399914568 dB
	 $y_{4,57,57}$ = 83.3739319882365 dB
	 $y_{4,57,87}$ = 12.664011138383358 dB
	 $y_{4,57,64}$ = 14.683269276226298 dB
	 $y_{4,57,68}$ = 28.075943537957684 dB
	 $y_{4,57,74}$ = 16.2889278667341 dB
	 $y_{4,57,37}$ = 23.68418667755607 dB
	 $y_{4,57,66}$ = 23.49062021920743 dB
	 $y_{4,57,67}$ = 24.05900030916412 dB
	 $y_{4,57,73}$ = 10.116543257599318 dB
		SNR medio:  10.501574931466187
		Usuarios totais: 38
$x_{4,70}$
	 $y_{4,70,51}$ = 19.638496595821948 dB
	 $y_{4,70,90}$ = 26.783230584674115 dB
	 $y_{4,70,91}$ = 14.622064253208165 dB
	 $y_{4,70,52}$ = 14.57190146923574 dB
	 $y_{4,70,63}$ = 13.731630540884424 dB
	 $y_{4,70,80}$ = 35.75009716248937 dB
	 $y_{4,70,61}$ = 22.41014077969963 dB
	 $y_{4,70,72}$ = 17.84059048869146 dB
	 $y_{4,70,82}$ = 17.307701877834802 dB
	 $y_{4,70,84}$ = 10.773909595860658 dB
	 $y_{4,70,56}$ = 10.024060371795628 dB
		SNR medio:  8.477242655008164
		Usuarios totais: 24
$x_{4,76}$
	 $y_{4,76,99}$ = 11.744427509778035 dB
	 $y_{4,76,86}$ = 36.35648217772811 dB
	 $y_{4,76,88}$ = 19.705457098193264 dB
	 $y_{4,76,89}$ = 13.287722849606638 dB
	 $y_{4,76,94}$ = 15.300570155353526 dB
	 $y_{4,76,96}$ = 14.105749882861573 dB
	 $y_{4,76,97}$ = 15.471499300108718 dB
	 $y_{4,76,35}$ = 11.481603312906302 dB
	 $y_{4,76,47}$ = 17.39618588366706 dB
	 $y_{4,76,58}$ = 19.230023711364154 dB
	 $y_{4,76,69}$ = 14.699857701282482 dB
	 $y_{4,76,76}$ = 85.92133414227902 dB
		SNR medio:  6.8675228431282225
		Usuarios totais: 40
$x_{4,85}$
	 $y_{4,85,85}$ = 83.84686355946835 dB
	 $y_{4,85,93}$ = 17.36872556565268 dB
	 $y_{4,85,83}$ = 14.81143009585297 dB
	 $y_{4,85,75}$ = 27.22092380285808 dB
		SNR medio:  15.91643811375912
		Usuarios totais: 9
Distances:
7 : 11 = 2433.105012119288
7 : 48 = 1649.2422502470642
7 : 54 = 2332.38075793812
7 : 57 = 2000.0
7 : 70 = 3959.7979746446663
7 : 76 = 2828.42712474619
7 : 85 = 3298.4845004941285
11 : 48 = 3046.3092423455632
11 : 54 = 2000.0
11 : 57 = 2884.4410203711914
11 : 70 = 2433.105012119288
11 : 76 = 3124.099870362662
11 : 85 = 3224.9030993194197
48 : 54 = 1649.2422502470642
48 : 57 = 565.685424949238
48 : 70 = 3417.6014981270123
48 : 76 = 1442.2205101855957
48 : 85 = 2000.0
54 : 57 = 1200.0
54 : 70 = 1788.8543819998317
54 : 76 = 1131.370849898476
54 : 85 = 1264.9110640673518
57 : 70 = 2912.043955712207
57 : 76 = 894.4271909999159
57 : 85 = 1442.2205101855957
70 : 76 = 2400.0
70 : 85 = 2039.607805437114
76 : 85 = 565.685424949238
t=5
Antennas: [ 7 11 48 54 57 70 76 85]
Users: [ 0  2  3  4  5  7  8  9 11 13 14 15 16 17 18 20 21 22 23 24 25 26 27 28
 29 30 31 32 33 34 36 37 38 39 40 41 42 43 46 50 52 53 54 55 56 57 59 60
 61 62 63 64 65 67 68 70 71 73 74 75 78 80 82 83 85 86 87 89 90 91 93 94
 95 96 97 98 99]
connections:  {0: 11, 2: 11, 5: 7, 9: 7, 11: 11, 20: 11, 22: 11, 23: 11, 24: 48, 30: 11, 31: 11, 32: 11, 40: 54, 42: 54, 70: 70, 90: 70, 91: 70, 98: 76, 99: 76, 3: 11, 7: 7, 8: 7, 13: 11, 14: 11, 16: 7, 17: 7, 18: 7, 21: 11, 25: 7, 27: 7, 29: 48, 33: 11, 36: 48, 38: 48, 41: 11, 50: 11, 52: 70, 59: 48, 60: 11, 63: 70, 71: 70, 78: 76, 80: 70, 85: 85, 86: 76, 89: 76, 93: 54, 94: 76, 95: 76, 96: 76, 97: 85, 53: 11, 4: 7, 26: 7, 34: 54, 43: 54, 57: 57, 62: 70, 83: 54, 87: 85, 15: 7, 28: 7, 39: 7, 46: 54, 54: 54, 55: 54, 61: 54, 64: 54, 65: 54, 68: 48, 74: 54, 75: 54, 82: 54, 37: 54, 67: 54, 73: 54, 56: 70}
$x_{5,7}$
	 $y_{5,7,5}$ = 15.252590732400762 dB
	 $y_{5,7,9}$ = 24.2588673683843 dB
	 $y_{5,7,7}$ = 80.6378973616124 dB
	 $y_{5,7,8}$ = 31.044345106056895 dB
	 $y_{5,7,16}$ = 32.492811517674184 dB
	 $y_{5,7,17}$ = 20.05818263424345 dB
	 $y_{5,7,18}$ = 21.957897140193182 dB
	 $y_{5,7,25}$ = 14.264525433050082 dB
	 $y_{5,7,27}$ = 19.977522440742774 dB
	 $y_{5,7,4}$ = 16.074054272384345 dB
	 $y_{5,7,26}$ = 15.008204156810095 dB
	 $y_{5,7,15}$ = 18.11159051862596 dB
	 $y_{5,7,28}$ = 10.811142871829531 dB
	 $y_{5,7,39}$ = 16.982875006506106 dB
		SNR medio:  14.038854440021419
		Usuarios totais: 24
$x_{5,11}$
	 $y_{5,11,0}$ = 25.291295685225435 dB
	 $y_{5,11,2}$ = 24.62582423041401 dB
	 $y_{5,11,11}$ = 85.70587555383476 dB
	 $y_{5,11,20}$ = 27.17252378841428 dB
	 $y_{5,11,22}$ = 19.03219544959576 dB
	 $y_{5,11,23}$ = 16.842913878054816 dB
	 $y_{5,11,30}$ = 21.75964454313271 dB
	 $y_{5,11,31}$ = 18.899096012330446 dB
	 $y_{5,11,32}$ = 13.02307592300943 dB
	 $y_{5,11,3}$ = 10.917785823681584 dB
	 $y_{5,11,13}$ = 15.961459547706298 dB
	 $y_{5,11,14}$ = 17.662544892768352 dB
	 $y_{5,11,21}$ = 38.942924031079365 dB
	 $y_{5,11,33}$ = 11.11320544329709 dB
	 $y_{5,11,41}$ = 12.235257895924036 dB
	 $y_{5,11,50}$ = 10.678826877030659 dB
	 $y_{5,11,60}$ = 15.06673832081185 dB
	 $y_{5,11,53}$ = 18.15068235127474 dB
		SNR medio:  10.07704675618964
		Usuarios totais: 40
$x_{5,48}$
	 $y_{5,48,24}$ = 11.232353921856884 dB
	 $y_{5,48,29}$ = 27.217196610592765 dB
	 $y_{5,48,36}$ = 18.401329167508635 dB
	 $y_{5,48,38}$ = 31.78557652721041 dB
	 $y_{5,48,59}$ = 29.84204480567277 dB
	 $y_{5,48,68}$ = 12.27880202344869 dB
		SNR medio:  13.075730305629014
		Usuarios totais: 10
$x_{5,54}$
	 $y_{5,54,40}$ = 11.059705698105589 dB
	 $y_{5,54,42}$ = 21.215354291783953 dB
	 $y_{5,54,93}$ = 11.948044435480142 dB
	 $y_{5,54,34}$ = 22.54035093996265 dB
	 $y_{5,54,43}$ = 22.75028333013674 dB
	 $y_{5,54,83}$ = 12.74128931256574 dB
	 $y_{5,54,46}$ = 24.94477569907869 dB
	 $y_{5,54,54}$ = 85.20344624802479 dB
	 $y_{5,54,55}$ = 18.650213741824047 dB
	 $y_{5,54,61}$ = 13.077920629366673 dB
	 $y_{5,54,64}$ = 32.74385877524985 dB
	 $y_{5,54,65}$ = 17.28721760580693 dB
	 $y_{5,54,74}$ = 16.521415572074815 dB
	 $y_{5,54,75}$ = 16.448296978945834 dB
	 $y_{5,54,82}$ = 12.99022162595017 dB
	 $y_{5,54,37}$ = 10.345601300417627 dB
	 $y_{5,54,67}$ = 10.61808026277967 dB
	 $y_{5,54,73}$ = 16.261653965221356 dB
		SNR medio:  9.930203431915137
		Usuarios totais: 38
$x_{5,57}$
	 $y_{5,57,57}$ = 83.3739319882365 dB
		SNR medio:  41.68696599411825
		Usuarios totais: 2
$x_{5,70}$
	 $y_{5,70,70}$ = 83.45292603237095 dB
	 $y_{5,70,90}$ = 26.783230584674115 dB
	 $y_{5,70,91}$ = 14.622064253208165 dB
	 $y_{5,70,52}$ = 14.57190146923574 dB
	 $y_{5,70,63}$ = 13.731630540884424 dB
	 $y_{5,70,71}$ = 30.59816205493233 dB
	 $y_{5,70,80}$ = 35.75009716248937 dB
	 $y_{5,70,62}$ = 19.021715596531465 dB
	 $y_{5,70,56}$ = 10.024060371795628 dB
		SNR medio:  10.806773394179226
		Usuarios totais: 23
$x_{5,76}$
	 $y_{5,76,98}$ = 12.727209963328988 dB
	 $y_{5,76,99}$ = 11.744427509778035 dB
	 $y_{5,76,78}$ = 17.68750969168923 dB
	 $y_{5,76,86}$ = 36.35648217772811 dB
	 $y_{5,76,89}$ = 13.287722849606638 dB
	 $y_{5,76,94}$ = 15.300570155353526 dB
	 $y_{5,76,95}$ = 27.81333166029411 dB
	 $y_{5,76,96}$ = 14.105749882861573 dB
		SNR medio:  3.725575097266005
		Usuarios totais: 40
$x_{5,85}$
	 $y_{5,85,85}$ = 83.84686355946835 dB
	 $y_{5,85,97}$ = 16.673090621624866 dB
	 $y_{5,85,87}$ = 21.28762758402543 dB
		SNR medio:  20.301263627519774
		Usuarios totais: 6
Distances:
7 : 11 = 2433.105012119288
7 : 48 = 1649.2422502470642
7 : 54 = 2332.38075793812
7 : 57 = 2000.0
7 : 70 = 3959.7979746446663
7 : 76 = 2828.42712474619
7 : 85 = 3298.4845004941285
11 : 48 = 3046.3092423455632
11 : 54 = 2000.0
11 : 57 = 2884.4410203711914
11 : 70 = 2433.105012119288
11 : 76 = 3124.099870362662
11 : 85 = 3224.9030993194197
48 : 54 = 1649.2422502470642
48 : 57 = 565.685424949238
48 : 70 = 3417.6014981270123
48 : 76 = 1442.2205101855957
48 : 85 = 2000.0
54 : 57 = 1200.0
54 : 70 = 1788.8543819998317
54 : 76 = 1131.370849898476
54 : 85 = 1264.9110640673518
57 : 70 = 2912.043955712207
57 : 76 = 894.4271909999159
57 : 85 = 1442.2205101855957
70 : 76 = 2400.0
70 : 85 = 2039.607805437114
76 : 85 = 565.685424949238
t=6
Antennas: [ 7 11 48 54 57 70 76 85]
Users: [ 1  4  5  6  7  8  9 10 11 12 14 15 16 19 20 21 22 24 25 27 28 30 32 33
 34 35 36 38 40 41 42 44 46 47 48 49 50 52 53 54 57 58 59 60 61 62 63 64
 65 67 68 69 70 71 73 74 76 77 78 79 80 83 85 87 89 90 91 92 93 94 95 96
 97 98 99]
connections:  {1: 11, 5: 7, 6: 7, 9: 7, 10: 11, 11: 11, 12: 11, 20: 11, 22: 11, 24: 48, 30: 11, 32: 11, 40: 54, 42: 54, 70: 70, 79: 57, 90: 70, 91: 70, 92: 70, 98: 76, 99: 76, 7: 7, 8: 7, 14: 11, 16: 7, 19: 7, 21: 11, 25: 7, 27: 7, 33: 11, 36: 48, 38: 48, 41: 11, 49: 48, 50: 11, 52: 70, 59: 48, 60: 11, 63: 70, 71: 70, 77: 76, 78: 76, 80: 70, 85: 85, 89: 76, 93: 54, 94: 76, 95: 76, 96: 76, 97: 76, 4: 11, 15: 7, 28: 7, 34: 11, 35: 76, 44: 48, 46: 48, 47: 76, 48: 48, 53: 11, 57: 57, 58: 76, 61: 70, 62: 70, 69: 76, 76: 76, 83: 76, 87: 76, 54: 54, 64: 76, 65: 76, 68: 76, 74: 76, 67: 48, 73: 76}
$x_{6,7}$
	 $y_{6,7,5}$ = 15.252590732400762 dB
	 $y_{6,7,6}$ = 32.84186597421612 dB
	 $y_{6,7,9}$ = 24.2588673683843 dB
	 $y_{6,7,7}$ = 80.6378973616124 dB
	 $y_{6,7,8}$ = 31.044345106056895 dB
	 $y_{6,7,16}$ = 32.492811517674184 dB
	 $y_{6,7,19}$ = 21.264725708298513 dB
	 $y_{6,7,25}$ = 14.264525433050082 dB
	 $y_{6,7,27}$ = 19.977522440742774 dB
	 $y_{6,7,15}$ = 18.11159051862596 dB
	 $y_{6,7,28}$ = 10.811142871829531 dB
		SNR medio:  10.377858104582469
		Usuarios totais: 29
$x_{6,11}$
	 $y_{6,11,1}$ = 27.267031012353712 dB
	 $y_{6,11,10}$ = 26.282653597052075 dB
	 $y_{6,11,11}$ = 85.70587555383476 dB
	 $y_{6,11,12}$ = 28.94089481377563 dB
	 $y_{6,11,20}$ = 27.17252378841428 dB
	 $y_{6,11,22}$ = 19.03219544959576 dB
	 $y_{6,11,30}$ = 21.75964454313271 dB
	 $y_{6,11,32}$ = 13.02307592300943 dB
	 $y_{6,11,14}$ = 17.662544892768352 dB
	 $y_{6,11,21}$ = 38.942924031079365 dB
	 $y_{6,11,33}$ = 11.11320544329709 dB
	 $y_{6,11,41}$ = 12.235257895924036 dB
	 $y_{6,11,50}$ = 10.678826877030659 dB
	 $y_{6,11,60}$ = 15.06673832081185 dB
	 $y_{6,11,4}$ = 16.456303815518822 dB
	 $y_{6,11,34}$ = 10.130454848432365 dB
	 $y_{6,11,53}$ = 18.15068235127474 dB
		SNR medio:  12.109722216888049
		Usuarios totais: 33
$x_{6,48}$
	 $y_{6,48,24}$ = 11.232353921856884 dB
	 $y_{6,48,36}$ = 18.401329167508635 dB
	 $y_{6,48,38}$ = 31.78557652721041 dB
	 $y_{6,48,49}$ = 38.808307252730415 dB
	 $y_{6,48,59}$ = 29.84204480567277 dB
	 $y_{6,48,44}$ = 10.761581095957013 dB
	 $y_{6,48,46}$ = 16.937195901523197 dB
	 $y_{6,48,48}$ = 87.38833289839025 dB
	 $y_{6,48,67}$ = 11.000232125456023 dB
		SNR medio:  14.230941872016976
		Usuarios totais: 18
$x_{6,54}$
	 $y_{6,54,40}$ = 11.059705698105589 dB
	 $y_{6,54,42}$ = 21.215354291783953 dB
	 $y_{6,54,93}$ = 11.948044435480142 dB
	 $y_{6,54,54}$ = 85.20344624802479 dB
		SNR medio:  18.489507239056355
		Usuarios totais: 7
$x_{6,57}$
	 $y_{6,57,79}$ = 15.902122492249745 dB
	 $y_{6,57,57}$ = 83.3739319882365 dB
		SNR medio:  49.638027240243126
		Usuarios totais: 2
$x_{6,70}$
	 $y_{6,70,70}$ = 83.45292603237095 dB
	 $y_{6,70,90}$ = 26.783230584674115 dB
	 $y_{6,70,91}$ = 14.622064253208165 dB
	 $y_{6,70,92}$ = 16.933810646192953 dB
	 $y_{6,70,52}$ = 14.57190146923574 dB
	 $y_{6,70,63}$ = 13.731630540884424 dB
	 $y_{6,70,71}$ = 30.59816205493233 dB
	 $y_{6,70,80}$ = 35.75009716248937 dB
	 $y_{6,70,61}$ = 22.41014077969963 dB
	 $y_{6,70,62}$ = 19.021715596531465 dB
		SNR medio:  11.578153296675795
		Usuarios totais: 24
$x_{6,76}$
	 $y_{6,76,98}$ = 12.727209963328988 dB
	 $y_{6,76,99}$ = 11.744427509778035 dB
	 $y_{6,76,77}$ = 32.90778408075164 dB
	 $y_{6,76,78}$ = 17.68750969168923 dB
	 $y_{6,76,89}$ = 13.287722849606638 dB
	 $y_{6,76,94}$ = 15.300570155353526 dB
	 $y_{6,76,95}$ = 27.81333166029411 dB
	 $y_{6,76,96}$ = 14.105749882861573 dB
	 $y_{6,76,97}$ = 15.471499300108718 dB
	 $y_{6,76,35}$ = 11.481603312906302 dB
	 $y_{6,76,47}$ = 17.39618588366706 dB
	 $y_{6,76,58}$ = 19.230023711364154 dB
	 $y_{6,76,69}$ = 14.699857701282482 dB
	 $y_{6,76,76}$ = 85.92133414227902 dB
	 $y_{6,76,83}$ = 10.545819230671299 dB
	 $y_{6,76,87}$ = 22.67159204918967 dB
	 $y_{6,76,64}$ = 15.562822574139332 dB
	 $y_{6,76,65}$ = 31.874375230055733 dB
	 $y_{6,76,68}$ = 21.886623725485578 dB
	 $y_{6,76,74}$ = 10.556193654974322 dB
	 $y_{6,76,73}$ = 13.373901309601393 dB
		SNR medio:  11.185798400497147
		Usuarios totais: 39
$x_{6,85}$
	 $y_{6,85,85}$ = 83.84686355946835 dB
		SNR medio:  41.92343177973417
		Usuarios totais: 2
Distances:
7 : 11 = 2433.105012119288
7 : 48 = 1649.2422502470642
7 : 54 = 2332.38075793812
7 : 57 = 2000.0
7 : 70 = 3959.7979746446663
7 : 76 = 2828.42712474619
7 : 85 = 3298.4845004941285
11 : 48 = 3046.3092423455632
11 : 54 = 2000.0
11 : 57 = 2884.4410203711914
11 : 70 = 2433.105012119288
11 : 76 = 3124.099870362662
11 : 85 = 3224.9030993194197
48 : 54 = 1649.2422502470642
48 : 57 = 565.685424949238
48 : 70 = 3417.6014981270123
48 : 76 = 1442.2205101855957
48 : 85 = 2000.0
54 : 57 = 1200.0
54 : 70 = 1788.8543819998317
54 : 76 = 1131.370849898476
54 : 85 = 1264.9110640673518
57 : 70 = 2912.043955712207
57 : 76 = 894.4271909999159
57 : 85 = 1442.2205101855957
70 : 76 = 2400.0
70 : 85 = 2039.607805437114
76 : 85 = 565.685424949238
t=7
Antennas: [ 7 11 48 54 57 70 76 85]
Users: [ 0  1  3  4  5  7  8 10 13 14 15 17 18 20 22 24 27 29 30 31 32 33 36 37
 38 39 40 41 43 44 46 48 49 52 53 54 55 58 59 60 61 62 63 65 66 67 68 69
 70 71 73 75 76 77 79 80 81 82 83 84 85 86 87 90 91 93 94 96 97 98 99]
connections:  {0: 11, 1: 11, 5: 7, 10: 11, 20: 11, 22: 11, 24: 48, 30: 11, 31: 11, 32: 11, 40: 54, 70: 70, 79: 57, 90: 70, 91: 70, 98: 76, 99: 76, 3: 11, 7: 7, 8: 7, 13: 11, 14: 11, 17: 7, 18: 7, 27: 7, 29: 57, 33: 11, 36: 57, 38: 57, 41: 11, 49: 57, 52: 54, 59: 57, 60: 11, 63: 54, 71: 54, 77: 57, 80: 70, 81: 54, 85: 85, 86: 76, 93: 54, 94: 76, 96: 76, 97: 76, 4: 11, 15: 54, 39: 7, 43: 11, 44: 54, 46: 54, 48: 48, 53: 11, 58: 57, 61: 54, 62: 54, 69: 57, 76: 76, 82: 54, 83: 54, 87: 57, 37: 54, 54: 54, 55: 54, 65: 54, 75: 76, 84: 76, 66: 57, 67: 57, 68: 57, 73: 57}
$x_{7,7}$
	 $y_{7,7,5}$ = 15.252590732400762 dB
	 $y_{7,7,7}$ = 80.6378973616124 dB
	 $y_{7,7,8}$ = 31.044345106056895 dB
	 $y_{7,7,17}$ = 20.05818263424345 dB
	 $y_{7,7,18}$ = 21.957897140193182 dB
	 $y_{7,7,27}$ = 19.977522440742774 dB
	 $y_{7,7,39}$ = 16.982875006506106 dB
		SNR medio:  17.15927586847963
		Usuarios totais: 12
$x_{7,11}$
	 $y_{7,11,0}$ = 25.291295685225435 dB
	 $y_{7,11,1}$ = 27.267031012353712 dB
	 $y_{7,11,10}$ = 26.282653597052075 dB
	 $y_{7,11,20}$ = 27.17252378841428 dB
	 $y_{7,11,22}$ = 19.03219544959576 dB
	 $y_{7,11,30}$ = 21.75964454313271 dB
	 $y_{7,11,31}$ = 18.899096012330446 dB
	 $y_{7,11,32}$ = 13.02307592300943 dB
	 $y_{7,11,3}$ = 10.917785823681584 dB
	 $y_{7,11,13}$ = 15.961459547706298 dB
	 $y_{7,11,14}$ = 17.662544892768352 dB
	 $y_{7,11,33}$ = 11.11320544329709 dB
	 $y_{7,11,41}$ = 12.235257895924036 dB
	 $y_{7,11,60}$ = 15.06673832081185 dB
	 $y_{7,11,4}$ = 16.456303815518822 dB
	 $y_{7,11,43}$ = 14.73518174707415 dB
	 $y_{7,11,53}$ = 18.15068235127474 dB
		SNR medio:  8.88647645283345
		Usuarios totais: 35
$x_{7,48}$
	 $y_{7,48,24}$ = 11.232353921856884 dB
	 $y_{7,48,48}$ = 87.38833289839025 dB
		SNR medio:  49.310343410123565
		Usuarios totais: 2
$x_{7,54}$
	 $y_{7,54,40}$ = 11.059705698105589 dB
	 $y_{7,54,52}$ = 15.972825761978868 dB
	 $y_{7,54,63}$ = 20.017367744618284 dB
	 $y_{7,54,71}$ = 11.10363556434163 dB
	 $y_{7,54,81}$ = 12.21749694252199 dB
	 $y_{7,54,93}$ = 11.948044435480142 dB
	 $y_{7,54,15}$ = 13.685659222271454 dB
	 $y_{7,54,44}$ = 17.26390706116061 dB
	 $y_{7,54,46}$ = 24.94477569907869 dB
	 $y_{7,54,61}$ = 13.077920629366673 dB
	 $y_{7,54,62}$ = 23.60432694655188 dB
	 $y_{7,54,82}$ = 12.99022162595017 dB
	 $y_{7,54,83}$ = 12.74128931256574 dB
	 $y_{7,54,37}$ = 10.345601300417627 dB
	 $y_{7,54,54}$ = 85.20344624802479 dB
	 $y_{7,54,55}$ = 18.650213741824047 dB
	 $y_{7,54,65}$ = 17.28721760580693 dB
		SNR medio:  8.302841388501626
		Usuarios totais: 40
$x_{7,57}$
	 $y_{7,57,79}$ = 15.902122492249745 dB
	 $y_{7,57,29}$ = 13.533794688992998 dB
	 $y_{7,57,36}$ = 12.216689376794733 dB
	 $y_{7,57,38}$ = 17.656158527378963 dB
	 $y_{7,57,49}$ = 25.103598115642967 dB
	 $y_{7,57,59}$ = 19.927129894463633 dB
	 $y_{7,57,77}$ = 13.587650534444037 dB
	 $y_{7,57,58}$ = 27.34641767743406 dB
	 $y_{7,57,69}$ = 13.956781228103395 dB
	 $y_{7,57,87}$ = 12.664011138383358 dB
	 $y_{7,57,66}$ = 23.49062021920743 dB
	 $y_{7,57,67}$ = 24.05900030916412 dB
	 $y_{7,57,68}$ = 28.075943537957684 dB
	 $y_{7,57,73}$ = 10.116543257599318 dB
		SNR medio:  12.268402904657927
		Usuarios totais: 21
$x_{7,70}$
	 $y_{7,70,70}$ = 83.45292603237095 dB
	 $y_{7,70,90}$ = 26.783230584674115 dB
	 $y_{7,70,91}$ = 14.622064253208165 dB
	 $y_{7,70,80}$ = 35.75009716248937 dB
		SNR medio:  32.12166360654852
		Usuarios totais: 5
$x_{7,76}$
	 $y_{7,76,98}$ = 12.727209963328988 dB
	 $y_{7,76,99}$ = 11.744427509778035 dB
	 $y_{7,76,86}$ = 36.35648217772811 dB
	 $y_{7,76,94}$ = 15.300570155353526 dB
	 $y_{7,76,96}$ = 14.105749882861573 dB
	 $y_{7,76,97}$ = 15.471499300108718 dB
	 $y_{7,76,76}$ = 85.92133414227902 dB
	 $y_{7,76,75}$ = 26.551464449704312 dB
	 $y_{7,76,84}$ = 12.846171605635845 dB
		SNR medio:  16.501779227627008
		Usuarios totais: 14
$x_{7,85}$
	 $y_{7,85,85}$ = 83.84686355946835 dB
		SNR medio:  83.84686355946835
		Usuarios totais: 1
Distances:
7 : 11 = 2433.105012119288
7 : 48 = 1649.2422502470642
7 : 54 = 2332.38075793812
7 : 57 = 2000.0
7 : 70 = 3959.7979746446663
7 : 76 = 2828.42712474619
7 : 85 = 3298.4845004941285
11 : 48 = 3046.3092423455632
11 : 54 = 2000.0
11 : 57 = 2884.4410203711914
11 : 70 = 2433.105012119288
11 : 76 = 3124.099870362662
11 : 85 = 3224.9030993194197
48 : 54 = 1649.2422502470642
48 : 57 = 565.685424949238
48 : 70 = 3417.6014981270123
48 : 76 = 1442.2205101855957
48 : 85 = 2000.0
54 : 57 = 1200.0
54 : 70 = 1788.8543819998317
54 : 76 = 1131.370849898476
54 : 85 = 1264.9110640673518
57 : 70 = 2912.043955712207
57 : 76 = 894.4271909999159
57 : 85 = 1442.2205101855957
70 : 76 = 2400.0
70 : 85 = 2039.607805437114
76 : 85 = 565.685424949238
t=8
Antennas: [ 7 11 48 54 57 70 76 85]
Users: [ 0  2  4  6  7  9 12 13 14 16 18 20 22 23 25 27 29 31 32 35 36 39 40 41
 42 43 44 49 50 51 52 54 55 56 57 58 60 61 63 64 65 66 70 72 73 74 76 77
 79 81 82 83 84 85 86 87 88 89 90 91 92 93 94 96 98]
connections:  {0: 11, 2: 11, 6: 7, 9: 7, 12: 11, 20: 11, 22: 11, 23: 11, 31: 11, 32: 11, 40: 54, 42: 54, 51: 70, 70: 70, 79: 57, 90: 70, 91: 70, 92: 70, 98: 76, 7: 7, 13: 11, 14: 11, 16: 54, 18: 7, 25: 7, 27: 7, 29: 57, 36: 57, 41: 11, 49: 57, 50: 11, 52: 54, 60: 11, 63: 54, 77: 57, 81: 54, 85: 85, 86: 85, 88: 85, 89: 85, 93: 54, 94: 85, 96: 85, 4: 11, 35: 54, 39: 7, 43: 11, 44: 54, 57: 57, 58: 57, 61: 54, 72: 54, 76: 76, 82: 54, 83: 54, 87: 85, 54: 54, 55: 54, 64: 54, 65: 54, 74: 54, 84: 54, 66: 54, 73: 54, 56: 54}
$x_{8,7}$
	 $y_{8,7,6}$ = 32.84186597421612 dB
	 $y_{8,7,9}$ = 24.2588673683843 dB
	 $y_{8,7,7}$ = 80.6378973616124 dB
	 $y_{8,7,18}$ = 21.957897140193182 dB
	 $y_{8,7,25}$ = 14.264525433050082 dB
	 $y_{8,7,27}$ = 19.977522440742774 dB
	 $y_{8,7,39}$ = 16.982875006506106 dB
		SNR medio:  23.43571674718944
		Usuarios totais: 9
$x_{8,11}$
	 $y_{8,11,0}$ = 25.291295685225435 dB
	 $y_{8,11,2}$ = 24.62582423041401 dB
	 $y_{8,11,12}$ = 28.94089481377563 dB
	 $y_{8,11,20}$ = 27.17252378841428 dB
	 $y_{8,11,22}$ = 19.03219544959576 dB
	 $y_{8,11,23}$ = 16.842913878054816 dB
	 $y_{8,11,31}$ = 18.899096012330446 dB
	 $y_{8,11,32}$ = 13.02307592300943 dB
	 $y_{8,11,13}$ = 15.961459547706298 dB
	 $y_{8,11,14}$ = 17.662544892768352 dB
	 $y_{8,11,41}$ = 12.235257895924036 dB
	 $y_{8,11,50}$ = 10.678826877030659 dB
	 $y_{8,11,60}$ = 15.06673832081185 dB
	 $y_{8,11,4}$ = 16.456303815518822 dB
	 $y_{8,11,43}$ = 14.73518174707415 dB
		SNR medio:  9.220804429255132
		Usuarios totais: 30
$x_{8,48}$
		Usuarios totais: 0
$x_{8,54}$
	 $y_{8,54,40}$ = 11.059705698105589 dB
	 $y_{8,54,42}$ = 21.215354291783953 dB
	 $y_{8,54,16}$ = 10.6993309136586 dB
	 $y_{8,54,52}$ = 15.972825761978868 dB
	 $y_{8,54,63}$ = 20.017367744618284 dB
	 $y_{8,54,81}$ = 12.21749694252199 dB
	 $y_{8,54,93}$ = 11.948044435480142 dB
	 $y_{8,54,35}$ = 17.797754029193626 dB
	 $y_{8,54,44}$ = 17.26390706116061 dB
	 $y_{8,54,61}$ = 13.077920629366673 dB
	 $y_{8,54,72}$ = 18.691512106234697 dB
	 $y_{8,54,82}$ = 12.99022162595017 dB
	 $y_{8,54,83}$ = 12.74128931256574 dB
	 $y_{8,54,54}$ = 85.20344624802479 dB
	 $y_{8,54,55}$ = 18.650213741824047 dB
	 $y_{8,54,64}$ = 32.74385877524985 dB
	 $y_{8,54,65}$ = 17.28721760580693 dB
	 $y_{8,54,74}$ = 16.521415572074815 dB
	 $y_{8,54,84}$ = 11.276394156457997 dB
	 $y_{8,54,66}$ = 14.302335309973529 dB
	 $y_{8,54,73}$ = 16.261653965221356 dB
	 $y_{8,54,56}$ = 24.08895142122948 dB
		SNR medio:  12.706712274955342
		Usuarios totais: 34
$x_{8,57}$
	 $y_{8,57,79}$ = 15.902122492249745 dB
	 $y_{8,57,29}$ = 13.533794688992998 dB
	 $y_{8,57,36}$ = 12.216689376794733 dB
	 $y_{8,57,49}$ = 25.103598115642967 dB
	 $y_{8,57,77}$ = 13.587650534444037 dB
	 $y_{8,57,57}$ = 83.3739319882365 dB
	 $y_{8,57,58}$ = 27.34641767743406 dB
		SNR medio:  27.294886410542148
		Usuarios totais: 7
$x_{8,70}$
	 $y_{8,70,51}$ = 19.638496595821948 dB
	 $y_{8,70,70}$ = 83.45292603237095 dB
	 $y_{8,70,90}$ = 26.783230584674115 dB
	 $y_{8,70,91}$ = 14.622064253208165 dB
	 $y_{8,70,92}$ = 16.933810646192953 dB
		SNR medio:  26.905088018711364
		Usuarios totais: 6
$x_{8,76}$
	 $y_{8,76,98}$ = 12.727209963328988 dB
	 $y_{8,76,76}$ = 85.92133414227902 dB
		SNR medio:  49.324272052804005
		Usuarios totais: 2
$x_{8,85}$
	 $y_{8,85,85}$ = 83.84686355946835 dB
	 $y_{8,85,86}$ = 27.97485953999957 dB
	 $y_{8,85,88}$ = 15.558101183172141 dB
	 $y_{8,85,89}$ = 11.06096262891154 dB
	 $y_{8,85,94}$ = 22.983722874366123 dB
	 $y_{8,85,96}$ = 25.2291578553845 dB
	 $y_{8,85,87}$ = 21.28762758402543 dB
		SNR medio:  13.862753015021841
		Usuarios totais: 15
Distances:
7 : 11 = 2433.105012119288
7 : 48 = 1649.2422502470642
7 : 54 = 2332.38075793812
7 : 57 = 2000.0
7 : 70 = 3959.7979746446663
7 : 76 = 2828.42712474619
7 : 85 = 3298.4845004941285
11 : 48 = 3046.3092423455632
11 : 54 = 2000.0
11 : 57 = 2884.4410203711914
11 : 70 = 2433.105012119288
11 : 76 = 3124.099870362662
11 : 85 = 3224.9030993194197
48 : 54 = 1649.2422502470642
48 : 57 = 565.685424949238
48 : 70 = 3417.6014981270123
48 : 76 = 1442.2205101855957
48 : 85 = 2000.0
54 : 57 = 1200.0
54 : 70 = 1788.8543819998317
54 : 76 = 1131.370849898476
54 : 85 = 1264.9110640673518
57 : 70 = 2912.043955712207
57 : 76 = 894.4271909999159
57 : 85 = 1442.2205101855957
70 : 76 = 2400.0
70 : 85 = 2039.607805437114
76 : 85 = 565.685424949238
t=9
Antennas: [ 7 11 48 54 57 70 76 85]
Users: [ 1  6  8  9 11 12 13 14 15 16 18 20 21 23 24 25 27 30 31 32 33 34 35 36
 39 40 41 42 43 44 47 54 56 57 59 60 63 67 73 76 77 78 81 84 85 87 89 91
 93 95 97 99]
connections:  {1: 11, 6: 7, 9: 7, 11: 11, 12: 11, 20: 11, 23: 11, 24: 48, 30: 11, 31: 11, 32: 11, 40: 54, 42: 54, 91: 70, 99: 76, 8: 7, 13: 11, 14: 11, 16: 7, 18: 7, 21: 11, 25: 7, 27: 7, 33: 11, 36: 48, 41: 11, 59: 48, 60: 11, 63: 54, 77: 76, 78: 76, 81: 54, 85: 85, 89: 76, 93: 54, 95: 76, 97: 76, 15: 7, 34: 11, 35: 54, 39: 7, 43: 11, 44: 54, 47: 76, 57: 57, 76: 76, 87: 76, 54: 54, 84: 76, 67: 76, 73: 76, 56: 76}
$x_{9,7}$
	 $y_{9,7,6}$ = 32.84186597421612 dB
	 $y_{9,7,9}$ = 24.2588673683843 dB
	 $y_{9,7,8}$ = 31.044345106056895 dB
	 $y_{9,7,16}$ = 32.492811517674184 dB
	 $y_{9,7,18}$ = 21.957897140193182 dB
	 $y_{9,7,25}$ = 14.264525433050082 dB
	 $y_{9,7,27}$ = 19.977522440742774 dB
	 $y_{9,7,15}$ = 18.11159051862596 dB
	 $y_{9,7,39}$ = 16.982875006506106 dB
		SNR medio:  16.302484654265353
		Usuarios totais: 13
$x_{9,11}$
	 $y_{9,11,1}$ = 27.267031012353712 dB
	 $y_{9,11,11}$ = 85.70587555383476 dB
	 $y_{9,11,12}$ = 28.94089481377563 dB
	 $y_{9,11,20}$ = 27.17252378841428 dB
	 $y_{9,11,23}$ = 16.842913878054816 dB
	 $y_{9,11,30}$ = 21.75964454313271 dB
	 $y_{9,11,31}$ = 18.899096012330446 dB
	 $y_{9,11,32}$ = 13.02307592300943 dB
	 $y_{9,11,13}$ = 15.961459547706298 dB
	 $y_{9,11,14}$ = 17.662544892768352 dB
	 $y_{9,11,21}$ = 38.942924031079365 dB
	 $y_{9,11,33}$ = 11.11320544329709 dB
	 $y_{9,11,41}$ = 12.235257895924036 dB
	 $y_{9,11,60}$ = 15.06673832081185 dB
	 $y_{9,11,34}$ = 10.130454848432365 dB
	 $y_{9,11,43}$ = 14.73518174707415 dB
		SNR medio:  16.32429661965214
		Usuarios totais: 23
$x_{9,48}$
	 $y_{9,48,24}$ = 11.232353921856884 dB
	 $y_{9,48,36}$ = 18.401329167508635 dB
	 $y_{9,48,59}$ = 29.84204480567277 dB
		SNR medio:  11.895145579007657
		Usuarios totais: 5
$x_{9,54}$
	 $y_{9,54,40}$ = 11.059705698105589 dB
	 $y_{9,54,42}$ = 21.215354291783953 dB
	 $y_{9,54,63}$ = 20.017367744618284 dB
	 $y_{9,54,81}$ = 12.21749694252199 dB
	 $y_{9,54,93}$ = 11.948044435480142 dB
	 $y_{9,54,35}$ = 17.797754029193626 dB
	 $y_{9,54,44}$ = 17.26390706116061 dB
	 $y_{9,54,54}$ = 85.20344624802479 dB
		SNR medio:  16.39358970424075
		Usuarios totais: 12
$x_{9,57}$
	 $y_{9,57,57}$ = 83.3739319882365 dB
		SNR medio:  83.3739319882365
		Usuarios totais: 1
$x_{9,70}$
	 $y_{9,70,91}$ = 14.622064253208165 dB
		SNR medio:  14.622064253208165
		Usuarios totais: 1
$x_{9,76}$
	 $y_{9,76,99}$ = 11.744427509778035 dB
	 $y_{9,76,77}$ = 32.90778408075164 dB
	 $y_{9,76,78}$ = 17.68750969168923 dB
	 $y_{9,76,89}$ = 13.287722849606638 dB
	 $y_{9,76,95}$ = 27.81333166029411 dB
	 $y_{9,76,97}$ = 15.471499300108718 dB
	 $y_{9,76,47}$ = 17.39618588366706 dB
	 $y_{9,76,76}$ = 85.92133414227902 dB
	 $y_{9,76,87}$ = 22.67159204918967 dB
	 $y_{9,76,84}$ = 12.846171605635845 dB
	 $y_{9,76,67}$ = 29.004197781909696 dB
	 $y_{9,76,73}$ = 13.373901309601393 dB
	 $y_{9,76,56}$ = 22.285873533474415 dB
		SNR medio:  16.96902796831502
		Usuarios totais: 19
$x_{9,85}$
	 $y_{9,85,85}$ = 83.84686355946835 dB
		SNR medio:  83.84686355946835
		Usuarios totais: 1
Distances:
7 : 11 = 2433.105012119288
7 : 48 = 1649.2422502470642
7 : 54 = 2332.38075793812
7 : 57 = 2000.0
7 : 70 = 3959.7979746446663
7 : 76 = 2828.42712474619
7 : 85 = 3298.4845004941285
11 : 48 = 3046.3092423455632
11 : 54 = 2000.0
11 : 57 = 2884.4410203711914
11 : 70 = 2433.105012119288
11 : 76 = 3124.099870362662
11 : 85 = 3224.9030993194197
48 : 54 = 1649.2422502470642
48 : 57 = 565.685424949238
48 : 70 = 3417.6014981270123
48 : 76 = 1442.2205101855957
48 : 85 = 2000.0
54 : 57 = 1200.0
54 : 70 = 1788.8543819998317
54 : 76 = 1131.370849898476
54 : 85 = 1264.9110640673518
57 : 70 = 2912.043955712207
57 : 76 = 894.4271909999159
57 : 85 = 1442.2205101855957
70 : 76 = 2400.0
70 : 85 = 2039.607805437114
76 : 85 = 565.685424949238
t=10
Antennas: [ 7 11 48 54 57 70 76 85]
Users: [ 2  3  4  9 13 14 16 19 21 24 28 29 33 34 35 36 37 38 42 51 53 54 57 61
 62 71 73 75 79 81 82 83 86 88 90 93 95 96 97 99]
connections:  {2: 11, 9: 7, 24: 48, 42: 54, 51: 70, 79: 57, 90: 70, 99: 76, 3: 11, 13: 11, 14: 11, 16: 7, 19: 7, 21: 11, 29: 48, 33: 11, 36: 48, 38: 48, 71: 70, 81: 70, 86: 76, 88: 76, 93: 54, 95: 76, 96: 76, 97: 76, 4: 11, 28: 48, 34: 11, 35: 76, 53: 11, 57: 57, 61: 70, 62: 70, 82: 70, 83: 76, 37: 48, 54: 54, 75: 76, 73: 70}
$x_{10,7}$
	 $y_{10,7,9}$ = 24.2588673683843 dB
	 $y_{10,7,16}$ = 32.492811517674184 dB
	 $y_{10,7,19}$ = 21.264725708298513 dB
		SNR medio:  26.005468198119
		Usuarios totais: 3
$x_{10,11}$
	 $y_{10,11,2}$ = 24.62582423041401 dB
	 $y_{10,11,3}$ = 10.917785823681584 dB
	 $y_{10,11,13}$ = 15.961459547706298 dB
	 $y_{10,11,14}$ = 17.662544892768352 dB
	 $y_{10,11,21}$ = 38.942924031079365 dB
	 $y_{10,11,33}$ = 11.11320544329709 dB
	 $y_{10,11,4}$ = 16.456303815518822 dB
	 $y_{10,11,34}$ = 10.130454848432365 dB
	 $y_{10,11,53}$ = 18.15068235127474 dB
		SNR medio:  18.217909442685848
		Usuarios totais: 9
$x_{10,48}$
	 $y_{10,48,24}$ = 11.232353921856884 dB
	 $y_{10,48,29}$ = 27.217196610592765 dB
	 $y_{10,48,36}$ = 18.401329167508635 dB
	 $y_{10,48,38}$ = 31.78557652721041 dB
	 $y_{10,48,28}$ = 14.682107919383256 dB
	 $y_{10,48,37}$ = 21.485273410996925 dB
		SNR medio:  17.82911965107841
		Usuarios totais: 7
$x_{10,54}$
	 $y_{10,54,42}$ = 21.215354291783953 dB
	 $y_{10,54,93}$ = 11.948044435480142 dB
	 $y_{10,54,54}$ = 85.20344624802479 dB
		SNR medio:  39.455614991762964
		Usuarios totais: 3
$x_{10,57}$
	 $y_{10,57,79}$ = 15.902122492249745 dB
	 $y_{10,57,57}$ = 83.3739319882365 dB
		SNR medio:  33.092018160162084
		Usuarios totais: 3
$x_{10,70}$
	 $y_{10,70,51}$ = 19.638496595821948 dB
	 $y_{10,70,90}$ = 26.783230584674115 dB
	 $y_{10,70,71}$ = 30.59816205493233 dB
	 $y_{10,70,81}$ = 21.703433272413974 dB
	 $y_{10,70,61}$ = 22.41014077969963 dB
	 $y_{10,70,62}$ = 19.021715596531465 dB
	 $y_{10,70,82}$ = 17.307701877834802 dB
	 $y_{10,70,73}$ = 14.200320576331649 dB
		SNR medio:  15.605745576203628
		Usuarios totais: 11
$x_{10,76}$
	 $y_{10,76,99}$ = 11.744427509778035 dB
	 $y_{10,76,86}$ = 36.35648217772811 dB
	 $y_{10,76,88}$ = 19.705457098193264 dB
	 $y_{10,76,95}$ = 27.81333166029411 dB
	 $y_{10,76,96}$ = 14.105749882861573 dB
	 $y_{10,76,97}$ = 15.471499300108718 dB
	 $y_{10,76,35}$ = 11.481603312906302 dB
	 $y_{10,76,83}$ = 10.545819230671299 dB
	 $y_{10,76,75}$ = 26.551464449704312 dB
		SNR medio:  19.308426069138413
		Usuarios totais: 9
$x_{10,85}$
		Usuarios totais: 0
Distances:
7 : 11 = 2433.105012119288
7 : 48 = 1649.2422502470642
7 : 54 = 2332.38075793812
7 : 57 = 2000.0
7 : 70 = 3959.7979746446663
7 : 76 = 2828.42712474619
7 : 85 = 3298.4845004941285
11 : 48 = 3046.3092423455632
11 : 54 = 2000.0
11 : 57 = 2884.4410203711914
11 : 70 = 2433.105012119288
11 : 76 = 3124.099870362662
11 : 85 = 3224.9030993194197
48 : 54 = 1649.2422502470642
48 : 57 = 565.685424949238
48 : 70 = 3417.6014981270123
48 : 76 = 1442.2205101855957
48 : 85 = 2000.0
54 : 57 = 1200.0
54 : 70 = 1788.8543819998317
54 : 76 = 1131.370849898476
54 : 85 = 1264.9110640673518
57 : 70 = 2912.043955712207
57 : 76 = 894.4271909999159
57 : 85 = 1442.2205101855957
70 : 76 = 2400.0
70 : 85 = 2039.607805437114
76 : 85 = 565.685424949238
t=11
Antennas: [ 7 11 48 54 57 70 76 85]
Users: [ 2  5 17 21 28 40 51 54 56 71 75 82 85 87 89]
connections:  {2: 11, 5: 7, 40: 54, 51: 70, 17: 7, 21: 11, 71: 54, 85: 85, 89: 85, 28: 7, 82: 54, 87: 85, 54: 54, 75: 54, 56: 54}
$x_{11,7}$
	 $y_{11,7,5}$ = 15.252590732400762 dB
	 $y_{11,7,17}$ = 20.05818263424345 dB
	 $y_{11,7,28}$ = 10.811142871829531 dB
		SNR medio:  15.373972079491248
		Usuarios totais: 3
$x_{11,11}$
	 $y_{11,11,2}$ = 24.62582423041401 dB
	 $y_{11,11,21}$ = 38.942924031079365 dB
		SNR medio:  31.784374130746688
		Usuarios totais: 2
$x_{11,48}$
		Usuarios totais: 0
$x_{11,54}$
	 $y_{11,54,40}$ = 11.059705698105589 dB
	 $y_{11,54,71}$ = 11.10363556434163 dB
	 $y_{11,54,82}$ = 12.99022162595017 dB
	 $y_{11,54,54}$ = 85.20344624802479 dB
	 $y_{11,54,75}$ = 16.448296978945834 dB
	 $y_{11,54,56}$ = 24.08895142122948 dB
		SNR medio:  26.815709589432913
		Usuarios totais: 6
$x_{11,57}$
		Usuarios totais: 0
$x_{11,70}$
	 $y_{11,70,51}$ = 19.638496595821948 dB
		SNR medio:  19.638496595821948
		Usuarios totais: 1
$x_{11,76}$
		Usuarios totais: 0
$x_{11,85}$
	 $y_{11,85,85}$ = 83.84686355946835 dB
	 $y_{11,85,89}$ = 11.06096262891154 dB
	 $y_{11,85,87}$ = 21.28762758402543 dB
		SNR medio:  38.73181792413511
		Usuarios totais: 3
Distances:
7 : 11 = 2433.105012119288
7 : 48 = 1649.2422502470642
7 : 54 = 2332.38075793812
7 : 57 = 2000.0
7 : 70 = 3959.7979746446663
7 : 76 = 2828.42712474619
7 : 85 = 3298.4845004941285
11 : 48 = 3046.3092423455632
11 : 54 = 2000.0
11 : 57 = 2884.4410203711914
11 : 70 = 2433.105012119288
11 : 76 = 3124.099870362662
11 : 85 = 3224.9030993194197
48 : 54 = 1649.2422502470642
48 : 57 = 565.685424949238
48 : 70 = 3417.6014981270123
48 : 76 = 1442.2205101855957
48 : 85 = 2000.0
54 : 57 = 1200.0
54 : 70 = 1788.8543819998317
54 : 76 = 1131.370849898476
54 : 85 = 1264.9110640673518
57 : 70 = 2912.043955712207
57 : 76 = 894.4271909999159
57 : 85 = 1442.2205101855957
70 : 76 = 2400.0
70 : 85 = 2039.607805437114
76 : 85 = 565.685424949238
--- Done after 0.009902936816215515 hours. ---
