-------------Generating sinr map
-------------Generating ues map
-------------Calculating Solution (this may take a while)
+++++++++++++++++++Min Sinr: 5 dB (fixed)
+++++++++++++++++++With backhaul constraint. Start: 2022-03-31 00:32:34


Mťdia de carros: 3.4
t=0
$x_{0,1}$
	 $y_{0,1,10}$ = 21.18860227451411 dB
	 $y_{0,1,11}$ = 38.943484009909746 dB
	 $y_{0,1,12}$ = 18.59659739187707 dB
	 $y_{0,1,20}$ = 21.608969275809642 dB
	 $y_{0,1,21}$ = 13.161390025155242 dB
	 $y_{0,1,22}$ = 17.11835536674046 dB
		SNR medio: 31.389079209845868
		Usuarios totais: 60
Distances:
t=1
$x_{1,1}$
	 $y_{1,1,1}$ = 76.94079470276888 dB
	 $y_{1,1,2}$ = 26.99971360136061 dB
	 $y_{1,1,3}$ = 11.965023605989785 dB
	 $y_{1,1,4}$ = 10.358289490368747 dB
	 $y_{1,1,5}$ = 9.907714854852742 dB
	 $y_{1,1,10}$ = 21.18860227451411 dB
	 $y_{1,1,13}$ = 18.66154431079198 dB
	 $y_{1,1,14}$ = 7.638975081717149 dB
	 $y_{1,1,16}$ = 6.047568392018007 dB
	 $y_{1,1,21}$ = 13.161390025155242 dB
	 $y_{1,1,22}$ = 17.11835536674046 dB
	 $y_{1,1,25}$ = 6.23178323865659 dB
	 $y_{1,1,31}$ = 6.232226736321792 dB
	 $y_{1,1,33}$ = 8.95024643878412 dB
	 $y_{1,1,41}$ = 8.325631179663006 dB
	 $y_{1,1,42}$ = 8.939772723328673 dB
	 $y_{1,1,43}$ = 9.978017566310399 dB
	 $y_{1,1,53}$ = 5.37403061027382 dB
	 $y_{1,1,61}$ = 6.465028923255943 dB
		SNR medio: 64.15333540015605
		Usuarios totais: 25
$x_{1,36}$
	 $y_{1,36,7}$ = 20.511408581905926 dB
	 $y_{1,36,8}$ = 6.080964061242099 dB
	 $y_{1,36,12}$ = 6.90554924957371 dB
	 $y_{1,36,19}$ = 10.791212692204624 dB
	 $y_{1,36,26}$ = 37.28899462982995 dB
	 $y_{1,36,27}$ = 25.02043749755086 dB
	 $y_{1,36,29}$ = 15.704902945189971 dB
	 $y_{1,36,36}$ = 85.11533655659478 dB
	 $y_{1,36,37}$ = 26.29788512518452 dB
	 $y_{1,36,44}$ = 18.30456176451436 dB
	 $y_{1,36,46}$ = 32.436685225844016 dB
	 $y_{1,36,48}$ = 24.900443030621958 dB
	 $y_{1,36,56}$ = 15.699033480009462 dB
	 $y_{1,36,64}$ = 6.965179215202809 dB
	 $y_{1,36,65}$ = 8.525180607814463 dB
	 $y_{1,36,84}$ = 5.746593484402609 dB
		SNR medio: 73.0742497861657
		Usuarios totais: 19
$x_{1,75}$
	 $y_{1,75,55}$ = 20.730482412655434 dB
	 $y_{1,75,62}$ = 9.282348100432955 dB
	 $y_{1,75,63}$ = 10.373940359847097 dB
	 $y_{1,75,70}$ = 6.517402560548348 dB
	 $y_{1,75,71}$ = 8.341724725463393 dB
	 $y_{1,75,72}$ = 11.932689829072046 dB
	 $y_{1,75,73}$ = 15.940140739292389 dB
	 $y_{1,75,78}$ = 9.37650985691289 dB
	 $y_{1,75,85}$ = 32.376361176440625 dB
	 $y_{1,75,90}$ = 9.03903383454255 dB
	 $y_{1,75,91}$ = 7.583053270535331 dB
	 $y_{1,75,92}$ = 14.392097554002845 dB
	 $y_{1,75,97}$ = 16.161965252816472 dB
		SNR medio: 21.921530028251293
		Usuarios totais: 16
Distances:
1 : 36 = 2332.38075793812
1 : 75 = 3224.9030993194197
36 : 75 = 1649.2422502470642
t=2
$x_{2,1}$
	 $y_{2,1,4}$ = 10.358289490368747 dB
	 $y_{2,1,5}$ = 9.907714854852742 dB
	 $y_{2,1,13}$ = 18.66154431079198 dB
	 $y_{2,1,14}$ = 7.638975081717149 dB
	 $y_{2,1,15}$ = 17.300472022218443 dB
	 $y_{2,1,21}$ = 13.161390025155242 dB
	 $y_{2,1,30}$ = 13.895524958614772 dB
	 $y_{2,1,42}$ = 8.939772723328673 dB
	 $y_{2,1,43}$ = 9.978017566310399 dB
	 $y_{2,1,47}$ = 5.068951275854673 dB
	 $y_{2,1,54}$ = 6.225786897074926 dB
		SNR medio: 13.08975866454211
		Usuarios totais: 17
$x_{2,36}$
	 $y_{2,36,8}$ = 6.080964061242099 dB
	 $y_{2,36,18}$ = 14.558881928740433 dB
	 $y_{2,36,26}$ = 37.28899462982995 dB
	 $y_{2,36,28}$ = 15.481856885137134 dB
	 $y_{2,36,29}$ = 15.704902945189971 dB
	 $y_{2,36,34}$ = 17.652914299299482 dB
	 $y_{2,36,35}$ = 32.99446163752292 dB
	 $y_{2,36,37}$ = 26.29788512518452 dB
	 $y_{2,36,39}$ = 15.63122159396498 dB
	 $y_{2,36,56}$ = 15.699033480009462 dB
	 $y_{2,36,58}$ = 8.274917561227568 dB
	 $y_{2,36,59}$ = 6.509932358516522 dB
	 $y_{2,36,64}$ = 6.965179215202809 dB
	 $y_{2,36,66}$ = 13.027296959710043 dB
	 $y_{2,36,68}$ = 12.821317646107843 dB
	 $y_{2,36,76}$ = 5.384301758876319 dB
	 $y_{2,36,87}$ = 5.1047402956186545 dB
	 $y_{2,36,94}$ = 6.18451663343356 dB
		SNR medio: 26.52094850802839
		Usuarios totais: 24
$x_{2,75}$
	 $y_{2,75,63}$ = 10.373940359847097 dB
	 $y_{2,75,69}$ = 23.512497488137683 dB
	 $y_{2,75,72}$ = 11.932689829072046 dB
	 $y_{2,75,74}$ = 31.747304690876106 dB
	 $y_{2,75,75}$ = 95.67916794251022 dB
	 $y_{2,75,83}$ = 24.76865850362921 dB
	 $y_{2,75,84}$ = 16.180133298180564 dB
	 $y_{2,75,88}$ = 10.370476571738692 dB
	 $y_{2,75,92}$ = 14.392097554002845 dB
	 $y_{2,75,96}$ = 8.106542856149957 dB
	 $y_{2,75,98}$ = 5.791329186014934 dB
		SNR medio: 85.26524360008665
		Usuarios totais: 19
Distances:
1 : 36 = 2332.38075793812
1 : 75 = 3224.9030993194197
36 : 75 = 1649.2422502470642
t=3
$x_{3,1}$
	 $y_{3,1,1}$ = 76.94079470276888 dB
	 $y_{3,1,3}$ = 11.965023605989785 dB
	 $y_{3,1,4}$ = 10.358289490368747 dB
	 $y_{3,1,10}$ = 21.18860227451411 dB
	 $y_{3,1,11}$ = 38.943484009909746 dB
	 $y_{3,1,12}$ = 18.59659739187707 dB
	 $y_{3,1,13}$ = 18.66154431079198 dB
	 $y_{3,1,14}$ = 7.638975081717149 dB
	 $y_{3,1,16}$ = 6.047568392018007 dB
	 $y_{3,1,21}$ = 13.161390025155242 dB
	 $y_{3,1,22}$ = 17.11835536674046 dB
	 $y_{3,1,30}$ = 13.895524958614772 dB
	 $y_{3,1,33}$ = 8.95024643878412 dB
	 $y_{3,1,50}$ = 8.902882390552449 dB
	 $y_{3,1,52}$ = 9.313470778916411 dB
	 $y_{3,1,53}$ = 5.37403061027382 dB
		SNR medio: 64.90032203548782
		Usuarios totais: 20
$x_{3,36}$
	 $y_{3,36,8}$ = 6.080964061242099 dB
	 $y_{3,36,18}$ = 14.558881928740433 dB
	 $y_{3,36,27}$ = 25.02043749755086 dB
	 $y_{3,36,29}$ = 15.704902945189971 dB
	 $y_{3,36,34}$ = 17.652914299299482 dB
	 $y_{3,36,35}$ = 32.99446163752292 dB
	 $y_{3,36,36}$ = 85.11533655659478 dB
	 $y_{3,36,37}$ = 26.29788512518452 dB
	 $y_{3,36,38}$ = 9.81539297790195 dB
	 $y_{3,36,44}$ = 18.30456176451436 dB
	 $y_{3,36,46}$ = 32.436685225844016 dB
	 $y_{3,36,49}$ = 11.43291926966296 dB
	 $y_{3,36,56}$ = 15.699033480009462 dB
	 $y_{3,36,57}$ = 19.17738963501644 dB
	 $y_{3,36,58}$ = 8.274917561227568 dB
	 $y_{3,36,59}$ = 6.509932358516522 dB
	 $y_{3,36,65}$ = 8.525180607814463 dB
	 $y_{3,36,66}$ = 13.027296959710043 dB
		SNR medio: 72.56267659315955
		Usuarios totais: 21
$x_{3,75}$
	 $y_{3,75,55}$ = 20.730482412655434 dB
	 $y_{3,75,60}$ = 5.799083739731856 dB
	 $y_{3,75,62}$ = 9.282348100432955 dB
	 $y_{3,75,63}$ = 10.373940359847097 dB
	 $y_{3,75,64}$ = 23.960304911133804 dB
	 $y_{3,75,72}$ = 11.932689829072046 dB
	 $y_{3,75,73}$ = 15.940140739292389 dB
	 $y_{3,75,75}$ = 95.67916794251022 dB
	 $y_{3,75,77}$ = 17.573097432210815 dB
	 $y_{3,75,81}$ = 17.342643796747666 dB
	 $y_{3,75,85}$ = 32.376361176440625 dB
	 $y_{3,75,87}$ = 7.9037651124053525 dB
	 $y_{3,75,94}$ = 15.806807002780445 dB
	 $y_{3,75,99}$ = 11.373714427916866 dB
		SNR medio: 84.21789033770563
		Usuarios totais: 19
Distances:
1 : 36 = 2332.38075793812
1 : 75 = 3224.9030993194197
36 : 75 = 1649.2422502470642
t=4
$x_{4,1}$
	 $y_{4,1,3}$ = 11.965023605989785 dB
	 $y_{4,1,10}$ = 21.18860227451411 dB
	 $y_{4,1,12}$ = 18.59659739187707 dB
	 $y_{4,1,13}$ = 18.66154431079198 dB
	 $y_{4,1,16}$ = 6.047568392018007 dB
	 $y_{4,1,21}$ = 13.161390025155242 dB
	 $y_{4,1,22}$ = 17.11835536674046 dB
	 $y_{4,1,23}$ = 14.300552883131104 dB
	 $y_{4,1,31}$ = 6.232226736321792 dB
	 $y_{4,1,33}$ = 8.95024643878412 dB
	 $y_{4,1,47}$ = 5.068951275854673 dB
	 $y_{4,1,54}$ = 6.225786897074926 dB
		SNR medio: 15.395782717430958
		Usuarios totais: 16
$x_{4,36}$
	 $y_{4,36,8}$ = 6.080964061242099 dB
	 $y_{4,36,9}$ = 11.175208760349875 dB
	 $y_{4,36,18}$ = 14.558881928740433 dB
	 $y_{4,36,19}$ = 10.791212692204624 dB
	 $y_{4,36,27}$ = 25.02043749755086 dB
	 $y_{4,36,28}$ = 15.481856885137134 dB
	 $y_{4,36,34}$ = 17.652914299299482 dB
	 $y_{4,36,35}$ = 32.99446163752292 dB
	 $y_{4,36,38}$ = 9.81539297790195 dB
	 $y_{4,36,39}$ = 15.63122159396498 dB
	 $y_{4,36,57}$ = 19.17738963501644 dB
	 $y_{4,36,59}$ = 6.509932358516522 dB
	 $y_{4,36,62}$ = 5.709305084828685 dB
	 $y_{4,36,63}$ = 7.735228976949259 dB
		SNR medio: 22.696441721798976
		Usuarios totais: 19
$x_{4,74}$
	 $y_{4,74,51}$ = 13.422415182929143 dB
	 $y_{4,74,65}$ = 23.738651244605464 dB
	 $y_{4,74,71}$ = 14.195666146132595 dB
	 $y_{4,74,74}$ = 84.52444564873079 dB
	 $y_{4,74,84}$ = 32.157160250371746 dB
	 $y_{4,74,87}$ = 11.850628275376891 dB
	 $y_{4,74,89}$ = 7.547709105260225 dB
	 $y_{4,74,90}$ = 7.943466581789465 dB
	 $y_{4,74,92}$ = 11.172384051392157 dB
	 $y_{4,74,95}$ = 18.137245755453804 dB
		SNR medio: 74.52447680810457
		Usuarios totais: 14
$x_{4,75}$
	 $y_{4,75,55}$ = 20.730482412655434 dB
	 $y_{4,75,70}$ = 6.517402560548348 dB
	 $y_{4,75,75}$ = 95.67916794251022 dB
	 $y_{4,75,78}$ = 9.37650985691289 dB
	 $y_{4,75,97}$ = 16.161965252816472 dB
	 $y_{4,75,98}$ = 5.791329186014934 dB
	 $y_{4,75,99}$ = 11.373714427916866 dB
		SNR medio: 87.22818776588602
		Usuarios totais: 11
Distances:
1 : 36 = 2332.38075793812
1 : 74 = 3046.3092423455632
1 : 75 = 3224.9030993194197
36 : 74 = 1788.8543819998317
36 : 75 = 1649.2422502470642
74 : 75 = 400.0
t=5
$x_{5,1}$
	 $y_{5,1,0}$ = 33.99499373474137 dB
	 $y_{5,1,1}$ = 76.94079470276888 dB
	 $y_{5,1,3}$ = 11.965023605989785 dB
	 $y_{5,1,13}$ = 18.66154431079198 dB
	 $y_{5,1,23}$ = 14.300552883131104 dB
	 $y_{5,1,41}$ = 8.325631179663006 dB
	 $y_{5,1,42}$ = 8.939772723328673 dB
	 $y_{5,1,45}$ = 13.85590217475098 dB
	 $y_{5,1,47}$ = 5.068951275854673 dB
	 $y_{5,1,53}$ = 5.37403061027382 dB
	 $y_{5,1,54}$ = 6.225786897074926 dB
		SNR medio: 66.52710281460485
		Usuarios totais: 13
$x_{5,36}$
	 $y_{5,36,6}$ = 18.339056029328546 dB
	 $y_{5,36,9}$ = 11.175208760349875 dB
	 $y_{5,36,17}$ = 17.73933099065097 dB
	 $y_{5,36,27}$ = 25.02043749755086 dB
	 $y_{5,36,28}$ = 15.481856885137134 dB
	 $y_{5,36,35}$ = 32.99446163752292 dB
	 $y_{5,36,38}$ = 9.81539297790195 dB
	 $y_{5,36,39}$ = 15.63122159396498 dB
	 $y_{5,36,49}$ = 11.43291926966296 dB
	 $y_{5,36,57}$ = 19.17738963501644 dB
	 $y_{5,36,95}$ = 7.331498434645525 dB
		SNR medio: 23.793443017788398
		Usuarios totais: 21
$x_{5,74}$
	 $y_{5,74,44}$ = 12.753549414402471 dB
	 $y_{5,74,55}$ = 21.83343675805331 dB
	 $y_{5,74,64}$ = 29.325568647858887 dB
	 $y_{5,74,73}$ = 27.631030360064145 dB
	 $y_{5,74,74}$ = 84.52444564873079 dB
	 $y_{5,74,76}$ = 14.526450596773216 dB
	 $y_{5,74,82}$ = 12.239717022441198 dB
	 $y_{5,74,83}$ = 31.88766376972201 dB
	 $y_{5,74,85}$ = 28.306244522706137 dB
	 $y_{5,74,89}$ = 7.547709105260225 dB
	 $y_{5,74,96}$ = 9.301904097433152 dB
		SNR medio: 74.11057837035268
		Usuarios totais: 13
$x_{5,75}$
	 $y_{5,75,66}$ = 27.82206871116466 dB
	 $y_{5,75,70}$ = 6.517402560548348 dB
	 $y_{5,75,75}$ = 95.67916794251022 dB
	 $y_{5,75,77}$ = 17.573097432210815 dB
	 $y_{5,75,79}$ = 9.721070500437051 dB
	 $y_{5,75,81}$ = 17.342643796747666 dB
	 $y_{5,75,86}$ = 24.20727387913935 dB
	 $y_{5,75,97}$ = 16.161965252816472 dB
	 $y_{5,75,98}$ = 5.791329186014934 dB
	 $y_{5,75,99}$ = 11.373714427916866 dB
		SNR medio: 85.67916917955792
		Usuarios totais: 13
Distances:
1 : 36 = 2332.38075793812
1 : 74 = 3046.3092423455632
1 : 75 = 3224.9030993194197
36 : 74 = 1788.8543819998317
36 : 75 = 1649.2422502470642
74 : 75 = 400.0
t=6
$x_{6,1}$
	 $y_{6,1,3}$ = 11.965023605989785 dB
	 $y_{6,1,11}$ = 38.943484009909746 dB
	 $y_{6,1,14}$ = 7.638975081717149 dB
	 $y_{6,1,15}$ = 17.300472022218443 dB
	 $y_{6,1,16}$ = 6.047568392018007 dB
	 $y_{6,1,22}$ = 17.11835536674046 dB
	 $y_{6,1,23}$ = 14.300552883131104 dB
	 $y_{6,1,30}$ = 13.895524958614772 dB
	 $y_{6,1,31}$ = 6.232226736321792 dB
	 $y_{6,1,32}$ = 7.62215832166585 dB
	 $y_{6,1,41}$ = 8.325631179663006 dB
	 $y_{6,1,42}$ = 8.939772723328673 dB
	 $y_{6,1,45}$ = 13.85590217475098 dB
	 $y_{6,1,47}$ = 5.068951275854673 dB
	 $y_{6,1,52}$ = 9.313470778916411 dB
	 $y_{6,1,53}$ = 5.37403061027382 dB
	 $y_{6,1,54}$ = 6.225786897074926 dB
		SNR medio: 26.775585447543616
		Usuarios totais: 23
$x_{6,36}$
	 $y_{6,36,8}$ = 6.080964061242099 dB
	 $y_{6,36,18}$ = 14.558881928740433 dB
	 $y_{6,36,24}$ = 6.852787282756466 dB
	 $y_{6,36,26}$ = 37.28899462982995 dB
	 $y_{6,36,27}$ = 25.02043749755086 dB
	 $y_{6,36,37}$ = 26.29788512518452 dB
	 $y_{6,36,39}$ = 15.63122159396498 dB
	 $y_{6,36,44}$ = 18.30456176451436 dB
	 $y_{6,36,51}$ = 11.660085463537797 dB
	 $y_{6,36,56}$ = 15.699033480009462 dB
	 $y_{6,36,58}$ = 8.274917561227568 dB
	 $y_{6,36,59}$ = 6.509932358516522 dB
	 $y_{6,36,65}$ = 8.525180607814463 dB
	 $y_{6,36,66}$ = 13.027296959710043 dB
	 $y_{6,36,95}$ = 7.331498434645525 dB
		SNR medio: 26.258708805516097
		Usuarios totais: 18
$x_{6,74}$
	 $y_{6,74,38}$ = 5.086846696020729 dB
	 $y_{6,74,62}$ = 17.687752581329846 dB
	 $y_{6,74,63}$ = 22.347662012284985 dB
	 $y_{6,74,73}$ = 27.631030360064145 dB
	 $y_{6,74,89}$ = 7.547709105260225 dB
		SNR medio: 22.14258100901342
		Usuarios totais: 5
$x_{6,75}$
	 $y_{6,75,25}$ = 5.666387549941277 dB
	 $y_{6,75,60}$ = 5.799083739731856 dB
	 $y_{6,75,64}$ = 23.960304911133804 dB
	 $y_{6,75,67}$ = 17.79342649781219 dB
	 $y_{6,75,83}$ = 24.76865850362921 dB
	 $y_{6,75,84}$ = 16.180133298180564 dB
	 $y_{6,75,92}$ = 14.392097554002845 dB
	 $y_{6,75,94}$ = 15.806807002780445 dB
	 $y_{6,75,97}$ = 16.161965252816472 dB
	 $y_{6,75,98}$ = 5.791329186014934 dB
		SNR medio: 18.85680423368431
		Usuarios totais: 14
Distances:
1 : 36 = 2332.38075793812
1 : 74 = 3046.3092423455632
1 : 75 = 3224.9030993194197
36 : 74 = 1788.8543819998317
36 : 75 = 1649.2422502470642
74 : 75 = 400.0
t=7
$x_{7,1}$
	 $y_{7,1,0}$ = 33.99499373474137 dB
	 $y_{7,1,4}$ = 10.358289490368747 dB
	 $y_{7,1,12}$ = 18.59659739187707 dB
	 $y_{7,1,15}$ = 17.300472022218443 dB
	 $y_{7,1,21}$ = 13.161390025155242 dB
	 $y_{7,1,23}$ = 14.300552883131104 dB
	 $y_{7,1,31}$ = 6.232226736321792 dB
	 $y_{7,1,32}$ = 7.62215832166585 dB
	 $y_{7,1,33}$ = 8.95024643878412 dB
	 $y_{7,1,40}$ = 5.347143701820755 dB
	 $y_{7,1,42}$ = 8.939772723328673 dB
	 $y_{7,1,45}$ = 13.85590217475098 dB
	 $y_{7,1,47}$ = 5.068951275854673 dB
	 $y_{7,1,52}$ = 9.313470778916411 dB
	 $y_{7,1,61}$ = 6.465028923255943 dB
		SNR medio: 22.653134758815554
		Usuarios totais: 21
$x_{7,36}$
	 $y_{7,36,6}$ = 18.339056029328546 dB
	 $y_{7,36,7}$ = 20.511408581905926 dB
	 $y_{7,36,9}$ = 11.175208760349875 dB
	 $y_{7,36,17}$ = 17.73933099065097 dB
	 $y_{7,36,24}$ = 6.852787282756466 dB
	 $y_{7,36,28}$ = 15.481856885137134 dB
	 $y_{7,36,29}$ = 15.704902945189971 dB
	 $y_{7,36,34}$ = 17.652914299299482 dB
	 $y_{7,36,36}$ = 85.11533655659478 dB
	 $y_{7,36,38}$ = 9.81539297790195 dB
	 $y_{7,36,39}$ = 15.63122159396498 dB
	 $y_{7,36,57}$ = 19.17738963501644 dB
	 $y_{7,36,58}$ = 8.274917561227568 dB
	 $y_{7,36,63}$ = 7.735228976949259 dB
	 $y_{7,36,65}$ = 8.525180607814463 dB
	 $y_{7,36,66}$ = 13.027296959710043 dB
	 $y_{7,36,67}$ = 15.293413201775891 dB
	 $y_{7,36,76}$ = 5.384301758876319 dB
		SNR medio: 72.56261946168651
		Usuarios totais: 20
$x_{7,74}$
	 $y_{7,74,46}$ = 5.912684052323868 dB
	 $y_{7,74,51}$ = 13.422415182929143 dB
	 $y_{7,74,56}$ = 13.222991601557538 dB
	 $y_{7,74,64}$ = 29.325568647858887 dB
	 $y_{7,74,80}$ = 13.97196515842677 dB
	 $y_{7,74,83}$ = 31.88766376972201 dB
	 $y_{7,74,84}$ = 32.157160250371746 dB
		SNR medio: 27.69349663149747
		Usuarios totais: 11
$x_{7,75}$
	 $y_{7,75,26}$ = 10.042602500946487 dB
	 $y_{7,75,72}$ = 11.932689829072046 dB
	 $y_{7,75,79}$ = 9.721070500437051 dB
	 $y_{7,75,81}$ = 17.342643796747666 dB
	 $y_{7,75,92}$ = 14.392097554002845 dB
	 $y_{7,75,95}$ = 18.75447304348036 dB
	 $y_{7,75,98}$ = 5.791329186014934 dB
	 $y_{7,75,99}$ = 11.373714427916866 dB
		SNR medio: 14.178629683083663
		Usuarios totais: 8
Distances:
1 : 36 = 2332.38075793812
1 : 74 = 3046.3092423455632
1 : 75 = 3224.9030993194197
36 : 74 = 1788.8543819998317
36 : 75 = 1649.2422502470642
74 : 75 = 400.0
t=8
$x_{8,1}$
	 $y_{8,1,0}$ = 33.99499373474137 dB
	 $y_{8,1,5}$ = 9.907714854852742 dB
	 $y_{8,1,15}$ = 17.300472022218443 dB
	 $y_{8,1,21}$ = 13.161390025155242 dB
	 $y_{8,1,22}$ = 17.11835536674046 dB
	 $y_{8,1,32}$ = 7.62215832166585 dB
	 $y_{8,1,33}$ = 8.95024643878412 dB
	 $y_{8,1,40}$ = 5.347143701820755 dB
	 $y_{8,1,42}$ = 8.939772723328673 dB
	 $y_{8,1,43}$ = 9.978017566310399 dB
	 $y_{8,1,45}$ = 13.85590217475098 dB
	 $y_{8,1,47}$ = 5.068951275854673 dB
	 $y_{8,1,50}$ = 8.902882390552449 dB
	 $y_{8,1,61}$ = 6.465028923255943 dB
		SNR medio: 22.88322507354237
		Usuarios totais: 19
$x_{8,36}$
	 $y_{8,36,8}$ = 6.080964061242099 dB
	 $y_{8,36,12}$ = 6.90554924957371 dB
	 $y_{8,36,17}$ = 17.73933099065097 dB
	 $y_{8,36,24}$ = 6.852787282756466 dB
	 $y_{8,36,26}$ = 37.28899462982995 dB
	 $y_{8,36,27}$ = 25.02043749755086 dB
	 $y_{8,36,28}$ = 15.481856885137134 dB
	 $y_{8,36,34}$ = 17.652914299299482 dB
	 $y_{8,36,37}$ = 26.29788512518452 dB
	 $y_{8,36,39}$ = 15.63122159396498 dB
	 $y_{8,36,48}$ = 24.900443030621958 dB
	 $y_{8,36,55}$ = 13.730009895544356 dB
	 $y_{8,36,58}$ = 8.274917561227568 dB
	 $y_{8,36,59}$ = 6.509932358516522 dB
	 $y_{8,36,63}$ = 7.735228976949259 dB
	 $y_{8,36,65}$ = 8.525180607814463 dB
	 $y_{8,36,68}$ = 12.821317646107843 dB
	 $y_{8,36,78}$ = 12.273322773485575 dB
		SNR medio: 25.706171209781196
		Usuarios totais: 20
$x_{8,74}$
	 $y_{8,74,67}$ = 12.06683771756343 dB
	 $y_{8,74,73}$ = 27.631030360064145 dB
	 $y_{8,74,81}$ = 11.093665687085135 dB
	 $y_{8,74,88}$ = 5.84171487758681 dB
	 $y_{8,74,92}$ = 11.172384051392157 dB
	 $y_{8,74,94}$ = 17.197790669708 dB
		SNR medio: 20.530248163521975
		Usuarios totais: 8
$x_{8,75}$
	 $y_{8,75,56}$ = 16.549129538683985 dB
	 $y_{8,75,72}$ = 11.932689829072046 dB
	 $y_{8,75,76}$ = 29.096317200824075 dB
	 $y_{8,75,82}$ = 15.244367357366883 dB
	 $y_{8,75,83}$ = 24.76865850362921 dB
	 $y_{8,75,84}$ = 16.180133298180564 dB
	 $y_{8,75,91}$ = 7.583053270535331 dB
	 $y_{8,75,93}$ = 14.717336084151455 dB
	 $y_{8,75,96}$ = 8.106542856149957 dB
	 $y_{8,75,97}$ = 16.161965252816472 dB
		SNR medio: 21.241286301399857
		Usuarios totais: 13
Distances:
1 : 36 = 2332.38075793812
1 : 74 = 3046.3092423455632
1 : 75 = 3224.9030993194197
36 : 74 = 1788.8543819998317
36 : 75 = 1649.2422502470642
74 : 75 = 400.0
t=9
$x_{9,1}$
	 $y_{9,1,0}$ = 33.99499373474137 dB
	 $y_{9,1,3}$ = 11.965023605989785 dB
	 $y_{9,1,4}$ = 10.358289490368747 dB
	 $y_{9,1,16}$ = 6.047568392018007 dB
	 $y_{9,1,20}$ = 21.608969275809642 dB
	 $y_{9,1,22}$ = 17.11835536674046 dB
	 $y_{9,1,23}$ = 14.300552883131104 dB
	 $y_{9,1,32}$ = 7.62215832166585 dB
	 $y_{9,1,41}$ = 8.325631179663006 dB
	 $y_{9,1,42}$ = 8.939772723328673 dB
	 $y_{9,1,43}$ = 9.978017566310399 dB
	 $y_{9,1,47}$ = 5.068951275854673 dB
	 $y_{9,1,50}$ = 8.902882390552449 dB
	 $y_{9,1,54}$ = 6.225786897074926 dB
		SNR medio: 23.023319036155
		Usuarios totais: 21
$x_{9,36}$
	 $y_{9,36,9}$ = 11.175208760349875 dB
	 $y_{9,36,17}$ = 17.73933099065097 dB
	 $y_{9,36,26}$ = 37.28899462982995 dB
	 $y_{9,36,28}$ = 15.481856885137134 dB
	 $y_{9,36,35}$ = 32.99446163752292 dB
	 $y_{9,36,36}$ = 85.11533655659478 dB
	 $y_{9,36,37}$ = 26.29788512518452 dB
	 $y_{9,36,39}$ = 15.63122159396498 dB
	 $y_{9,36,46}$ = 32.436685225844016 dB
	 $y_{9,36,48}$ = 24.900443030621958 dB
	 $y_{9,36,57}$ = 19.17738963501644 dB
	 $y_{9,36,58}$ = 8.274917561227568 dB
	 $y_{9,36,62}$ = 5.709305084828685 dB
	 $y_{9,36,84}$ = 5.746593484402609 dB
		SNR medio: 73.6541909882422
		Usuarios totais: 18
$x_{9,74}$
	 $y_{9,74,60}$ = 7.974552716459328 dB
	 $y_{9,74,63}$ = 22.347662012284985 dB
	 $y_{9,74,74}$ = 84.52444564873079 dB
	 $y_{9,74,94}$ = 17.197790669708 dB
		SNR medio: 78.5038492662213
		Usuarios totais: 8
$x_{9,75}$
	 $y_{9,75,69}$ = 23.512497488137683 dB
	 $y_{9,75,70}$ = 6.517402560548348 dB
	 $y_{9,75,73}$ = 15.940140739292389 dB
	 $y_{9,75,75}$ = 95.67916794251022 dB
	 $y_{9,75,79}$ = 9.721070500437051 dB
	 $y_{9,75,82}$ = 15.244367357366883 dB
	 $y_{9,75,85}$ = 32.376361176440625 dB
	 $y_{9,75,91}$ = 7.583053270535331 dB
	 $y_{9,75,99}$ = 11.373714427916866 dB
		SNR medio: 86.1367452663974
		Usuarios totais: 13
Distances:
1 : 36 = 2332.38075793812
1 : 74 = 3046.3092423455632
1 : 75 = 3224.9030993194197
36 : 74 = 1788.8543819998317
36 : 75 = 1649.2422502470642
74 : 75 = 400.0
--- Done after 0.09351970493793488 hours. ---
