-------------Calculating Solution (this may take a while)
+++++++++++++++++++Min Sinr: 5 dB (varying)
+++++++++++++++++++With backhaul constraint. Start: 2022-05-10 08:53:31

Parameters:
- chosen seed 6
- Map with 100 sectors
- Map 4000 x 4000 m
- Sector has a side of 400 m
- Max time:  10
- users_t_m:  [[0, 0, 0, 0, 0, 0, 0, 0, 0, 0, 0, 0, 0, 0, 0, 0, 0, 0, 0, 0, 0, 0, 0, 0, 0, 0, 0, 0, 0, 0, 0, 0, 0, 0, 0, 0, 0, 0, 0, 0, 0, 0, 0, 0, 0, 0, 0, 0, 0, 0, 0, 0, 0, 0, 0, 0, 0, 0, 0, 0, 0, 0, 0, 0, 0, 0, 4, 3, 0, 0, 0, 0, 0, 0, 0, 0, 10, 9, 1, 0, 0, 0, 0, 0, 0, 0, 4, 29, 0, 0, 0, 0, 0, 0, 0, 0, 0, 0, 0, 0], [0, 0, 0, 1, 0, 1, 0, 0, 0, 2, 1, 0, 0, 0, 0, 0, 2, 0, 0, 2, 0, 0, 0, 0, 1, 2, 1, 2, 0, 1, 0, 2, 0, 0, 0, 0, 0, 1, 0, 0, 1, 0, 0, 1, 1, 1, 3, 0, 1, 0, 0, 0, 0, 1, 1, 2, 0, 0, 0, 1, 1, 0, 3, 1, 0, 0, 0, 0, 2, 1, 0, 0, 0, 0, 1, 1, 0, 2, 0, 0, 1, 0, 1, 5, 0, 0, 3, 1, 0, 1, 0, 0, 0, 1, 0, 0, 0, 0, 2, 1], [2, 0, 1, 1, 2, 2, 0, 2, 0, 1, 0, 0, 1, 1, 1, 0, 0, 0, 1, 0, 1, 1, 0, 1, 0, 1, 0, 0, 0, 1, 1, 0, 0, 2, 0, 0, 1, 1, 0, 0, 1, 2, 1, 1, 0, 1, 0, 0, 1, 0, 1, 0, 0, 1, 1, 1, 1, 2, 1, 1, 2, 0, 1, 1, 1, 0, 1, 1, 0, 1, 1, 1, 0, 0, 0, 1, 0, 0, 0, 0, 1, 0, 0, 1, 0, 0, 1, 0, 0, 0, 0, 0, 0, 1, 2, 0, 1, 1, 0, 0], [0, 0, 0, 1, 0, 0, 0, 0, 1, 0, 0, 1, 1, 0, 0, 1, 1, 0, 0, 0, 0, 0, 0, 0, 0, 1, 0, 2, 0, 0, 0, 1, 2, 1, 1, 1, 0, 3, 1, 1, 0, 0, 1, 0, 0, 1, 1, 0, 2, 0, 0, 1, 1, 2, 0, 1, 0, 1, 0, 2, 0, 1, 0, 1, 1, 1, 1, 2, 0, 1, 0, 0, 0, 0, 1, 1, 1, 0, 1, 0, 0, 0, 1, 2, 1, 0, 1, 0, 2, 1, 1, 0, 4, 0, 0, 1, 0, 0, 1, 0], [0, 0, 1, 1, 1, 1, 0, 1, 1, 0, 0, 0, 1, 0, 0, 0, 0, 1, 1, 0, 0, 0, 2, 0, 1, 2, 3, 0, 0, 1, 2, 1, 1, 0, 0, 0, 0, 0, 0, 2, 1, 0, 1, 0, 3, 0, 0, 1, 0, 1, 2, 1, 1, 1, 0, 0, 0, 1, 0, 0, 1, 0, 1, 0, 1, 0, 0, 1, 0, 1, 0, 0, 0, 1, 0, 1, 1, 0, 1, 0, 1, 0, 1, 1, 0, 4, 0, 0, 0, 2, 0, 1, 0, 1, 0, 0, 0, 1, 0, 2], [0, 1, 1, 0, 0, 0, 0, 0, 0, 0, 0, 1, 4, 3, 2, 0, 0, 0, 0, 1, 0, 0, 0, 0, 0, 0, 1, 0, 0, 0, 1, 0, 1, 1, 1, 0, 2, 0, 1, 0, 0, 1, 1, 2, 4, 2, 0, 1, 1, 2, 0, 0, 0, 1, 1, 2, 0, 2, 0, 0, 2, 1, 0, 1, 2, 0, 2, 0, 0, 0, 1, 0, 0, 0, 1, 0, 0, 0, 1, 0, 0, 0, 1, 0, 0, 1, 0, 0, 0, 2, 1, 1, 0, 0, 0, 1, 0, 0, 0, 1], [1, 0, 1, 1, 1, 0, 0, 1, 0, 0, 0, 1, 1, 0, 0, 0, 0, 0, 1, 2, 1, 0, 0, 1, 1, 0, 1, 1, 0, 3, 0, 1, 0, 1, 3, 0, 1, 1, 1, 1, 0, 0, 0, 1, 2, 0, 0, 0, 0, 0, 0, 0, 1, 1, 0, 1, 1, 1, 0, 0, 2, 0, 2, 1, 1, 0, 1, 0, 0, 1, 0, 1, 1, 0, 1, 2, 1, 1, 0, 0, 0, 0, 3, 0, 1, 0, 0, 1, 0, 0, 1, 0, 2, 0, 0, 0, 0, 0, 1, 1], [0, 2, 0, 0, 0, 2, 2, 0, 2, 1, 1, 0, 1, 1, 1, 1, 2, 2, 1, 0, 1, 1, 0, 2, 1, 0, 0, 0, 0, 0, 1, 1, 1, 1, 0, 2, 0, 0, 0, 0, 0, 3, 0, 0, 0, 0, 1, 0, 0, 1, 2, 2, 0, 0, 0, 0, 0, 0, 0, 0, 0, 1, 1, 0, 1, 0, 2, 0, 0, 1, 0, 0, 0, 1, 1, 0, 0, 1, 0, 1, 0, 0, 1, 1, 0, 0, 1, 1, 0, 0, 0, 1, 1, 1, 1, 0, 0, 1, 1, 1], [0, 0, 0, 0, 0, 3, 0, 0, 0, 1, 2, 1, 1, 0, 1, 1, 0, 1, 1, 1, 1, 0, 0, 1, 0, 2, 0, 0, 0, 1, 0, 0, 1, 2, 1, 1, 0, 0, 0, 0, 1, 0, 0, 2, 0, 1, 1, 0, 1, 0, 1, 2, 0, 1, 1, 0, 1, 0, 1, 1, 0, 0, 2, 0, 0, 1, 1, 1, 1, 0, 0, 0, 1, 2, 1, 1, 0, 2, 0, 1, 1, 1, 0, 0, 1, 2, 0, 0, 0, 1, 0, 0, 0, 1, 0, 1, 1, 0, 0, 0], [0, 1, 0, 1, 0, 0, 0, 1, 1, 0, 1, 0, 0, 0, 0, 2, 0, 0, 0, 0, 0, 0, 0, 1, 1, 3, 0, 1, 1, 0, 0, 0, 2, 2, 3, 1, 2, 0, 0, 0, 3, 0, 0, 1, 1, 1, 2, 2, 0, 0, 0, 0, 0, 0, 0, 1, 1, 0, 0, 0, 0, 1, 1, 1, 2, 1, 2, 0, 0, 0, 1, 0, 0, 0, 0, 1, 0, 2, 0, 0, 1, 0, 1, 0, 0, 0, 0, 1, 0, 2, 0, 1, 0, 1, 0, 1, 1, 1, 0, 2], [0, 0, 0, 1, 0, 0, 2, 1, 1, 0, 1, 0, 1, 0, 1, 2, 1, 0, 0, 1, 2, 0, 4, 1, 2, 0, 0, 0, 1, 0, 1, 1, 0, 1, 0, 2, 1, 0, 1, 2, 0, 0, 0, 1, 0, 0, 0, 2, 1, 1, 0, 0, 0, 1, 1, 2, 0, 1, 0, 1, 0, 0, 1, 0, 1, 0, 2, 0, 1, 0, 0, 0, 0, 0, 1, 2, 0, 1, 1, 1, 0, 0, 0, 0, 1, 1, 0, 0, 0, 1, 1, 1, 1, 1, 0, 0, 0, 0, 0, 0]]
MAX_USER_PER_ANTENNAS_m:  [60, 60, 60, 60, 60, 60, 60, 60, 60, 60, 60, 60, 60, 60, 60, 60, 60, 60, 60, 60, 60, 60, 60, 60, 60, 60, 60, 60, 60, 60, 60, 60, 60, 60, 60, 60, 60, 60, 60, 60, 60, 60, 60, 60, 60, 60, 60, 60, 60, 60, 60, 60, 60, 60, 60, 60, 60, 60, 60, 60, 60, 60, 60, 60, 60, 60, 60, 60, 60, 60, 60, 60, 60, 60, 60, 60, 60, 60, 60, 60, 60, 60, 60, 60, 60, 60, 60, 60, 60, 60, 60, 60, 60, 60, 60, 60, 60, 60, 60, 60]
antennas_map_m:  [1, 1, 1, 1, 1, 1, 1, 1, 1, 1, 1, 1, 1, 1, 1, 1, 1, 1, 1, 1, 1, 1, 1, 1, 1, 1, 1, 1, 1, 1, 1, 1, 1, 1, 1, 1, 1, 1, 1, 1, 1, 1, 1, 1, 1, 1, 1, 1, 1, 1, 1, 1, 1, 1, 1, 1, 1, 1, 1, 1, 1, 1, 1, 1, 1, 1, 1, 1, 1, 1, 1, 1, 1, 1, 1, 1, 1, 1, 1, 1, 1, 1, 1, 1, 1, 1, 1, 1, 1, 1, 1, 1, 1, 1, 1, 1, 1, 1, 1, 1]
FIRST_ANTENNA:  57
MIN_SNR_m:  [3.1622776601683795, 3.1622776601683795, 3.1622776601683795, 3.1622776601683795, 3.1622776601683795, 3.1622776601683795, 3.1622776601683795, 3.1622776601683795, 3.1622776601683795, 3.1622776601683795, 3.1622776601683795, 3.1622776601683795, 3.1622776601683795, 3.1622776601683795, 3.1622776601683795, 3.1622776601683795, 3.1622776601683795, 3.1622776601683795, 3.1622776601683795, 3.1622776601683795, 3.1622776601683795, 3.1622776601683795, 3.1622776601683795, 3.1622776601683795, 3.1622776601683795, 3.1622776601683795, 3.1622776601683795, 3.1622776601683795, 3.1622776601683795, 3.1622776601683795, 3.1622776601683795, 3.1622776601683795, 3.1622776601683795, 3.1622776601683795, 3.1622776601683795, 3.1622776601683795, 3.1622776601683795, 3.1622776601683795, 3.1622776601683795, 3.1622776601683795, 3.1622776601683795, 3.1622776601683795, 3.1622776601683795, 3.1622776601683795, 3.1622776601683795, 3.1622776601683795, 3.1622776601683795, 3.1622776601683795, 3.1622776601683795, 3.1622776601683795, 3.1622776601683795, 3.1622776601683795, 3.1622776601683795, 3.1622776601683795, 3.1622776601683795, 3.1622776601683795, 3.1622776601683795, 3.1622776601683795, 3.1622776601683795, 3.1622776601683795, 3.1622776601683795, 3.1622776601683795, 3.1622776601683795, 3.1622776601683795, 3.1622776601683795, 3.1622776601683795, 3.1622776601683795, 3.1622776601683795, 3.1622776601683795, 3.1622776601683795, 3.1622776601683795, 3.1622776601683795, 3.1622776601683795, 3.1622776601683795, 3.1622776601683795, 3.1622776601683795, 3.1622776601683795, 3.1622776601683795, 3.1622776601683795, 3.1622776601683795, 3.1622776601683795, 3.1622776601683795, 3.1622776601683795, 3.1622776601683795, 3.1622776601683795, 3.1622776601683795, 3.1622776601683795, 3.1622776601683795, 3.1622776601683795, 3.1622776601683795, 3.1622776601683795, 3.1622776601683795, 3.1622776601683795, 3.1622776601683795, 3.1622776601683795, 3.1622776601683795, 3.1622776601683795, 3.1622776601683795, 3.1622776601683795, 3.1622776601683795]
-MIN_DIST:  2000
- disaster percentage:  0

Média de carros: 3.3
t=0
$x_{0,57}$
	 $y_{0,57,66}$ = 23.0239127808036 dB
	 $y_{0,57,67}$ = 30.71827388841561 dB
	 $y_{0,57,76}$ = 18.963286520368285 dB
	 $y_{0,57,77}$ = 23.56648477772241 dB
	 $y_{0,57,78}$ = 15.16403857040659 dB
	 $y_{0,57,86}$ = 10.30730767620382 dB
	 $y_{0,57,87}$ = 8.13889723586965 dB
		SNR medio: 23.946160704135533
		Usuarios totais: 60
Distances:
t=1
$x_{1,33}$
	 $y_{1,33,3}$ = 11.652252575045978 dB
	 $y_{1,33,5}$ = 12.051679160271249 dB
	 $y_{1,33,9}$ = 6.011630697952468 dB
	 $y_{1,33,10}$ = 13.472661695964092 dB
	 $y_{1,33,24}$ = 23.442054870653976 dB
	 $y_{1,33,25}$ = 23.11479864498405 dB
	 $y_{1,33,31}$ = 16.650066478238017 dB
	 $y_{1,33,40}$ = 7.15899816756874 dB
	 $y_{1,33,43}$ = 31.040985296092657 dB
	 $y_{1,33,44}$ = 21.541084825084468 dB
	 $y_{1,33,45}$ = 19.367780614665875 dB
	 $y_{1,33,46}$ = 11.610940103516754 dB
	 $y_{1,33,53}$ = 22.812898643038977 dB
	 $y_{1,33,54}$ = 17.351076968558218 dB
	 $y_{1,33,60}$ = 13.60981821313689 dB
	 $y_{1,33,62}$ = 10.472012058041273 dB
	 $y_{1,33,74}$ = 9.196659531301691 dB
	 $y_{1,33,80}$ = 6.012922373583848 dB
	 $y_{1,33,83}$ = 10.192054122841952 dB
	 $y_{1,33,93}$ = 11.988300400592877 dB
		SNR medio: 20.731030410611872
		Usuarios totais: 31
$x_{1,57}$
	 $y_{1,57,16}$ = 5.669359047483823 dB
	 $y_{1,57,26}$ = 8.052714942990917 dB
	 $y_{1,57,27}$ = 15.165616324556467 dB
	 $y_{1,57,29}$ = 6.197318971778543 dB
	 $y_{1,57,48}$ = 20.751731609416296 dB
	 $y_{1,57,55}$ = 15.419244521689237 dB
	 $y_{1,57,59}$ = 13.277091127746274 dB
	 $y_{1,57,63}$ = 6.3436038066618465 dB
	 $y_{1,57,69}$ = 18.400167867524303 dB
	 $y_{1,57,75}$ = 15.980590178808583 dB
	 $y_{1,57,77}$ = 23.56648477772241 dB
	 $y_{1,57,86}$ = 10.30730767620382 dB
	 $y_{1,57,87}$ = 8.13889723586965 dB
	 $y_{1,57,99}$ = 9.28559834393181 dB
		SNR medio: 16.23449358134518
		Usuarios totais: 20
$x_{1,66}$
	 $y_{1,66,19}$ = 5.765690094506766 dB
	 $y_{1,66,37}$ = 19.818367804797234 dB
	 $y_{1,66,68}$ = 21.689672298890997 dB
	 $y_{1,66,82}$ = 7.571362215532957 dB
	 $y_{1,66,89}$ = 5.665128516120234 dB
	 $y_{1,66,98}$ = 11.33995238151681 dB
		SNR medio: 16.536177059364306
		Usuarios totais: 9
Distances:
33 : 57 = 1788.8543819998317
33 : 66 = 1697.0562748477141
57 : 66 = 565.685424949238
t=2
$x_{2,33}$
	 $pastx_{2,33}$ : 1.0
	 $y_{2,33,2}$ = 13.924242088199549 dB
	 $y_{2,33,3}$ = 11.652252575045978 dB
	 $y_{2,33,4}$ = 9.347506915832525 dB
	 $y_{2,33,5}$ = 12.051679160271249 dB
	 $y_{2,33,7}$ = 7.689925789043684 dB
	 $y_{2,33,9}$ = 6.011630697952468 dB
	 $y_{2,33,12}$ = 16.391021021405834 dB
	 $y_{2,33,14}$ = 18.491995411608357 dB
	 $y_{2,33,18}$ = 7.987426856933041 dB
	 $y_{2,33,21}$ = 18.98830794196276 dB
	 $y_{2,33,23}$ = 29.799105432423403 dB
	 $y_{2,33,25}$ = 23.11479864498405 dB
	 $y_{2,33,30}$ = 20.994401101106746 dB
	 $y_{2,33,33}$ = 85.83853061217451 dB
	 $y_{2,33,40}$ = 7.15899816756874 dB
	 $y_{2,33,41}$ = 16.297867107085594 dB
	 $y_{2,33,42}$ = 20.636727744846894 dB
	 $y_{2,33,45}$ = 19.367780614665875 dB
	 $y_{2,33,50}$ = 7.988898558757313 dB
	 $y_{2,33,53}$ = 22.812898643038977 dB
	 $y_{2,33,55}$ = 7.665082636978752 dB
	 $y_{2,33,56}$ = 6.679131199214822 dB
	 $y_{2,33,60}$ = 13.60981821313689 dB
	 $y_{2,33,62}$ = 10.472012058041273 dB
	 $y_{2,33,63}$ = 15.640479966882651 dB
	 $y_{2,33,71}$ = 8.47464522854338 dB
	 $y_{2,33,80}$ = 6.012922373583848 dB
	 $y_{2,33,83}$ = 10.192054122841952 dB
	 $y_{2,33,93}$ = 11.988300400592877 dB
	 $y_{2,33,96}$ = 5.15855599190715 dB
		SNR medio: 71.06734216157105
		Usuarios totais: 36
$x_{2,52}$
	 $pastx_{2,52}$ : 0.0
	 $y_{2,52,0}$ = 6.298372134111418 dB
	 $y_{2,52,20}$ = 10.123070775948634 dB
	 $y_{2,52,70}$ = 11.159941748092393 dB
		SNR medio: 9.639949269166092
		Usuarios totais: 4
$x_{2,57}$
	 $y_{2,57,13}$ = 8.566423155901504 dB
	 $y_{2,57,36}$ = 24.30388451477137 dB
	 $y_{2,57,37}$ = 10.469315178378679 dB
	 $y_{2,57,43}$ = 9.943004919676426 dB
	 $y_{2,57,48}$ = 20.751731609416296 dB
	 $y_{2,57,54}$ = 9.539107845206246 dB
	 $y_{2,57,57}$ = 83.17981810482522 dB
	 $y_{2,57,58}$ = 30.800205293031595 dB
	 $y_{2,57,59}$ = 13.277091127746274 dB
	 $y_{2,57,64}$ = 9.831840805784765 dB
	 $y_{2,57,69}$ = 18.400167867524303 dB
	 $y_{2,57,75}$ = 15.980590178808583 dB
	 $y_{2,57,86}$ = 10.30730767620382 dB
		SNR medio: 72.0404217175158
		Usuarios totais: 14
$x_{2,66}$
	 $pastx_{2,66}$ : 1.0
	 $y_{2,66,29}$ = 8.989369764014498 dB
	 $y_{2,66,66}$ = 84.15984910003118 dB
	 $y_{2,66,67}$ = 32.029615851178846 dB
	 $y_{2,66,94}$ = 15.457787187958573 dB
	 $y_{2,66,97}$ = 9.424977427037106 dB
		SNR medio: 77.17017651279527
		Usuarios totais: 6
Distances:
33 : 52 = 894.4271909999159
33 : 57 = 1788.8543819998317
33 : 66 = 1697.0562748477141
52 : 57 = 2000.0
52 : 66 = 1649.2422502470642
57 : 66 = 565.685424949238
t=3
$x_{3,35}$
	 $pastx_{3,35}$ : 0.0
	 $y_{3,35,8}$ = 12.277139608816427 dB
	 $y_{3,35,15}$ = 11.200084969598635 dB
	 $y_{3,35,27}$ = 23.582224110456607 dB
	 $y_{3,35,32}$ = 7.642113392322528 dB
	 $y_{3,35,35}$ = 91.72148849100412 dB
	 $y_{3,35,67}$ = 13.662359258431366 dB
	 $y_{3,35,69}$ = 10.93305235049074 dB
	 $y_{3,35,75}$ = 5.174672248794195 dB
	 $y_{3,35,98}$ = 6.612171723651926 dB
		SNR medio: 82.17906429517937
		Usuarios totais: 12
$x_{3,52}$
	 $pastx_{3,52}$ : 1.0
	 $y_{3,52,3}$ = 7.001418160813927 dB
	 $y_{3,52,11}$ = 9.639410116545605 dB
	 $y_{3,52,12}$ = 8.128386682558983 dB
	 $y_{3,52,25}$ = 7.22861572758228 dB
	 $y_{3,52,31}$ = 16.945019651977503 dB
	 $y_{3,52,33}$ = 18.946882707959446 dB
	 $y_{3,52,45}$ = 13.193768005355182 dB
	 $y_{3,52,46}$ = 6.780048728007557 dB
	 $y_{3,52,51}$ = 27.327098472920326 dB
	 $y_{3,52,52}$ = 87.04427397507258 dB
	 $y_{3,52,53}$ = 32.69732845426063 dB
	 $y_{3,52,61}$ = 27.421117259868197 dB
	 $y_{3,52,63}$ = 30.752770028427022 dB
	 $y_{3,52,66}$ = 13.805371023393946 dB
	 $y_{3,52,76}$ = 14.888524762894264 dB
	 $y_{3,52,82}$ = 15.745969680200375 dB
	 $y_{3,52,84}$ = 5.77772702999559 dB
	 $y_{3,52,90}$ = 6.395437787211591 dB
	 $y_{3,52,92}$ = 5.615844748962559 dB
	 $y_{3,52,95}$ = 8.963739356335395 dB
		SNR medio: 74.03401205441892
		Usuarios totais: 24
$x_{3,57}$
	 $y_{3,57,16}$ = 5.669359047483823 dB
	 $y_{3,57,34}$ = 7.19907266177168 dB
	 $y_{3,57,37}$ = 10.469315178378679 dB
	 $y_{3,57,38}$ = 18.930458167568716 dB
	 $y_{3,57,39}$ = 14.095110258967523 dB
	 $y_{3,57,42}$ = 5.561574346121375 dB
	 $y_{3,57,48}$ = 20.751731609416296 dB
	 $y_{3,57,55}$ = 15.419244521689237 dB
	 $y_{3,57,57}$ = 83.17981810482522 dB
	 $y_{3,57,59}$ = 13.277091127746274 dB
	 $y_{3,57,64}$ = 9.831840805784765 dB
	 $y_{3,57,65}$ = 11.463363057431991 dB
	 $y_{3,57,74}$ = 16.24891731403521 dB
	 $y_{3,57,78}$ = 15.16403857040659 dB
	 $y_{3,57,83}$ = 6.83022716077943 dB
	 $y_{3,57,86}$ = 10.30730767620382 dB
	 $y_{3,57,88}$ = 16.651616675600593 dB
	 $y_{3,57,89}$ = 8.35867020776331 dB
		SNR medio: 70.62710286487011
		Usuarios totais: 24
Distances:
35 : 52 = 1442.2205101855957
35 : 57 = 1131.370849898476
52 : 57 = 2000.0
t=4
$x_{4,35}$
	 $pastx_{4,35}$ : 1.0
	 $y_{4,35,2}$ = 12.34898932416948 dB
	 $y_{4,35,3}$ = 13.553981318647075 dB
	 $y_{4,35,4}$ = 13.108166076230532 dB
	 $y_{4,35,5}$ = 11.219520403753307 dB
	 $y_{4,35,7}$ = 11.719191896443746 dB
	 $y_{4,35,8}$ = 12.277139608816427 dB
	 $y_{4,35,12}$ = 15.761825981808144 dB
	 $y_{4,35,17}$ = 17.959598458044184 dB
	 $y_{4,35,18}$ = 7.989526863122052 dB
	 $y_{4,35,24}$ = 29.38244985216177 dB
	 $y_{4,35,25}$ = 29.812773609818876 dB
	 $y_{4,35,30}$ = 8.623104935569586 dB
	 $y_{4,35,44}$ = 24.894128306383536 dB
	 $y_{4,35,69}$ = 10.93305235049074 dB
	 $y_{4,35,83}$ = 11.32153589219513 dB
		SNR medio: 22.002825614671142
		Usuarios totais: 19
$x_{4,57}$
	 $y_{4,57,26}$ = 8.052714942990917 dB
	 $y_{4,57,39}$ = 14.095110258967523 dB
	 $y_{4,57,42}$ = 5.561574346121375 dB
	 $y_{4,57,47}$ = 25.629686720008834 dB
	 $y_{4,57,49}$ = 18.323588820283533 dB
	 $y_{4,57,57}$ = 83.17981810482522 dB
	 $y_{4,57,64}$ = 9.831840805784765 dB
	 $y_{4,57,67}$ = 30.71827388841561 dB
	 $y_{4,57,75}$ = 15.980590178808583 dB
	 $y_{4,57,76}$ = 18.963286520368285 dB
	 $y_{4,57,78}$ = 15.16403857040659 dB
	 $y_{4,57,85}$ = 15.108039725227073 dB
	 $y_{4,57,89}$ = 8.35867020776331 dB
	 $y_{4,57,99}$ = 9.28559834393181 dB
		SNR medio: 71.71857654244901
		Usuarios totais: 22
$x_{4,62}$
	 $pastx_{4,62}$ : 0.0
	 $y_{4,62,22}$ = 9.942032592283795 dB
	 $y_{4,62,29}$ = 13.199484694843974 dB
	 $y_{4,62,31}$ = 13.45317370581671 dB
	 $y_{4,62,32}$ = 5.787080903292704 dB
	 $y_{4,62,40}$ = 19.9633707906831 dB
	 $y_{4,62,50}$ = 12.973965736220975 dB
	 $y_{4,62,51}$ = 26.41929784644222 dB
	 $y_{4,62,52}$ = 32.18017593120054 dB
	 $y_{4,62,53}$ = 16.673050160773187 dB
	 $y_{4,62,60}$ = 24.447976111712705 dB
	 $y_{4,62,62}$ = 98.35484475425727 dB
	 $y_{4,62,73}$ = 29.990516694690683 dB
	 $y_{4,62,80}$ = 14.449882233726981 dB
	 $y_{4,62,82}$ = 27.96554084479793 dB
	 $y_{4,62,91}$ = 9.447295425435243 dB
	 $y_{4,62,93}$ = 12.769555790343134 dB
	 $y_{4,62,97}$ = 7.848000681369868 dB
		SNR medio: 86.05035825316145
		Usuarios totais: 19
Distances:
35 : 57 = 1131.370849898476
35 : 62 = 1697.0562748477141
57 : 62 = 2039.607805437114
t=5
$x_{5,15}$
	 $pastx_{5,15}$ : 0.0
	 $y_{5,15,1}$ = 6.47512867585246 dB
	 $y_{5,15,2}$ = 11.015575823850753 dB
	 $y_{5,15,11}$ = 7.010616661453668 dB
	 $y_{5,15,14}$ = 30.48308480039094 dB
	 $y_{5,15,19}$ = 6.622102363963478 dB
	 $y_{5,15,26}$ = 22.561792447151362 dB
	 $y_{5,15,30}$ = 5.655201233290171 dB
	 $y_{5,15,32}$ = 5.243817755246852 dB
	 $y_{5,15,34}$ = 18.51257878994062 dB
	 $y_{5,15,38}$ = 12.254882836250658 dB
	 $y_{5,15,43}$ = 6.246826095484863 dB
	 $y_{5,15,45}$ = 13.462817669703526 dB
	 $y_{5,15,47}$ = 12.182023239498648 dB
	 $y_{5,15,48}$ = 8.049637689697278 dB
	 $y_{5,15,54}$ = 9.827658924075251 dB
	 $y_{5,15,63}$ = 7.592470313392113 dB
		SNR medio: 19.673815735758197
		Usuarios totais: 19
$x_{5,57}$
	 $y_{5,57,13}$ = 8.566423155901504 dB
	 $y_{5,57,36}$ = 24.30388451477137 dB
	 $y_{5,57,42}$ = 5.561574346121375 dB
	 $y_{5,57,49}$ = 18.323588820283533 dB
	 $y_{5,57,57}$ = 83.17981810482522 dB
	 $y_{5,57,66}$ = 23.0239127808036 dB
	 $y_{5,57,74}$ = 16.24891731403521 dB
	 $y_{5,57,85}$ = 15.108039725227073 dB
	 $y_{5,57,89}$ = 8.35867020776331 dB
	 $y_{5,57,99}$ = 9.28559834393181 dB
		SNR medio: 73.17983144308323
		Usuarios totais: 17
$x_{5,62}$
	 $pastx_{5,62}$ : 1.0
	 $y_{5,62,12}$ = 8.446353241810527 dB
	 $y_{5,62,33}$ = 8.752145924666934 dB
	 $y_{5,62,41}$ = 13.991348691568959 dB
	 $y_{5,62,53}$ = 16.673050160773187 dB
	 $y_{5,62,55}$ = 13.135674344107457 dB
	 $y_{5,62,61}$ = 23.230934937822695 dB
	 $y_{5,62,70}$ = 16.081826354102105 dB
	 $y_{5,62,82}$ = 27.96554084479793 dB
	 $y_{5,62,90}$ = 9.223480682697101 dB
	 $y_{5,62,91}$ = 9.447295425435243 dB
	 $y_{5,62,95}$ = 5.65277813850733 dB
		SNR medio: 19.605307901543604
		Usuarios totais: 15
$x_{5,64}$
	 $pastx_{5,64}$ : 0.0
	 $y_{5,64,44}$ = 18.428986423328567 dB
	 $y_{5,64,60}$ = 12.10591807087593 dB
	 $y_{5,64,64}$ = 84.89626104783994 dB
	 $y_{5,64,78}$ = 7.34509144840159 dB
		SNR medio: 78.8756624189318
		Usuarios totais: 9
Distances:
15 : 57 = 1788.8543819998317
15 : 62 = 2332.38075793812
15 : 64 = 2039.607805437114
57 : 62 = 2039.607805437114
57 : 64 = 1264.9110640673518
62 : 64 = 800.0
t=6
$x_{6,15}$
	 $pastx_{6,15}$ : 1.0
	 $y_{6,15,0}$ = 6.208567894762069 dB
	 $y_{6,15,2}$ = 11.015575823850753 dB
	 $y_{6,15,3}$ = 24.098034702405087 dB
	 $y_{6,15,4}$ = 24.15458090160773 dB
	 $y_{6,15,7}$ = 19.466499153093835 dB
	 $y_{6,15,11}$ = 7.010616661453668 dB
	 $y_{6,15,18}$ = 15.321607656050844 dB
	 $y_{6,15,19}$ = 6.622102363963478 dB
	 $y_{6,15,20}$ = 8.06481356013066 dB
	 $y_{6,15,24}$ = 29.105408290533276 dB
	 $y_{6,15,26}$ = 22.561792447151362 dB
	 $y_{6,15,27}$ = 13.59737621578546 dB
	 $y_{6,15,34}$ = 18.51257878994062 dB
	 $y_{6,15,36}$ = 20.596905931239263 dB
	 $y_{6,15,37}$ = 7.153362479871134 dB
	 $y_{6,15,39}$ = 6.847951078185787 dB
	 $y_{6,15,43}$ = 6.246826095484863 dB
	 $y_{6,15,52}$ = 5.055812188345968 dB
		SNR medio: 20.218409326725922
		Usuarios totais: 21
$x_{6,57}$
	 $y_{6,57,29}$ = 6.197318971778543 dB
	 $y_{6,57,38}$ = 18.930458167568716 dB
	 $y_{6,57,44}$ = 9.018800796205568 dB
	 $y_{6,57,55}$ = 15.419244521689237 dB
	 $y_{6,57,56}$ = 24.72122228015732 dB
	 $y_{6,57,57}$ = 83.17981810482522 dB
	 $y_{6,57,66}$ = 23.0239127808036 dB
	 $y_{6,57,69}$ = 18.400167867524303 dB
	 $y_{6,57,74}$ = 16.24891731403521 dB
	 $y_{6,57,75}$ = 15.980590178808583 dB
	 $y_{6,57,76}$ = 18.963286520368285 dB
	 $y_{6,57,77}$ = 23.56648477772241 dB
	 $y_{6,57,87}$ = 8.13889723586965 dB
	 $y_{6,57,99}$ = 9.28559834393181 dB
		SNR medio: 71.71856060290213
		Usuarios totais: 18
$x_{6,64}$
	 $pastx_{6,64}$ : 1.0
	 $y_{6,64,12}$ = 6.380513397851757 dB
	 $y_{6,64,23}$ = 9.919540238849265 dB
	 $y_{6,64,31}$ = 6.3194493698831025 dB
	 $y_{6,64,33}$ = 11.800368366614805 dB
	 $y_{6,64,53}$ = 28.895981579219807 dB
	 $y_{6,64,60}$ = 12.10591807087593 dB
	 $y_{6,64,62}$ = 13.042790983431303 dB
	 $y_{6,64,63}$ = 33.94386246254403 dB
	 $y_{6,64,64}$ = 84.89626104783994 dB
	 $y_{6,64,71}$ = 14.697262372114594 dB
	 $y_{6,64,72}$ = 12.870847246254186 dB
	 $y_{6,64,82}$ = 15.126426680706345 dB
	 $y_{6,64,84}$ = 19.09534989530563 dB
	 $y_{6,64,90}$ = 11.179026270938394 dB
	 $y_{6,64,92}$ = 9.774399070909212 dB
	 $y_{6,64,98}$ = 11.963504912824845 dB
		SNR medio: 72.85511081733002
		Usuarios totais: 21
Distances:
15 : 57 = 1788.8543819998317
15 : 64 = 2039.607805437114
57 : 64 = 1264.9110640673518
t=7
$x_{7,24}$
	 $pastx_{7,24}$ : 0.0
	 $y_{7,24,1}$ = 10.113016563198727 dB
	 $y_{7,24,5}$ = 21.527822053518406 dB
	 $y_{7,24,8}$ = 10.881865190292217 dB
	 $y_{7,24,10}$ = 6.9847946079822805 dB
	 $y_{7,24,12}$ = 13.97848748897772 dB
	 $y_{7,24,14}$ = 27.19384289411748 dB
	 $y_{7,24,20}$ = 8.858388645562115 dB
	 $y_{7,24,21}$ = 9.620538000230312 dB
	 $y_{7,24,23}$ = 29.713779722725562 dB
	 $y_{7,24,24}$ = 89.61107259218174 dB
	 $y_{7,24,30}$ = 9.941096357981095 dB
	 $y_{7,24,31}$ = 10.318955048760998 dB
	 $y_{7,24,32}$ = 9.150253402927163 dB
	 $y_{7,24,33}$ = 16.780067959318245 dB
	 $y_{7,24,35}$ = 25.979250945602033 dB
	 $y_{7,24,41}$ = 6.463065030028474 dB
	 $y_{7,24,46}$ = 9.6129613800247 dB
	 $y_{7,24,50}$ = 11.535213117727835 dB
	 $y_{7,24,61}$ = 8.77980950810101 dB
	 $y_{7,24,73}$ = 5.160789459442071 dB
		SNR medio: 76.60078300511707
		Usuarios totais: 28
$x_{7,37}$
	 $pastx_{7,37}$ : 0.0
	 $y_{7,37,9}$ = 5.503088858130269 dB
	 $y_{7,37,49}$ = 12.59113288545268 dB
	 $y_{7,37,87}$ = 10.36871986904032 dB
		SNR medio: 10.36051623383762
		Usuarios totais: 3
$x_{7,57}$
	 $y_{7,57,6}$ = 9.384132598525838 dB
	 $y_{7,57,13}$ = 8.566423155901504 dB
	 $y_{7,57,15}$ = 5.3839756493434265 dB
	 $y_{7,57,16}$ = 5.669359047483823 dB
	 $y_{7,57,17}$ = 6.47845682939348 dB
	 $y_{7,57,18}$ = 6.474271433833636 dB
	 $y_{7,57,64}$ = 9.831840805784765 dB
	 $y_{7,57,66}$ = 23.0239127808036 dB
	 $y_{7,57,69}$ = 18.400167867524303 dB
	 $y_{7,57,77}$ = 23.56648477772241 dB
	 $y_{7,57,79}$ = 14.084072638930195 dB
	 $y_{7,57,83}$ = 6.83022716077943 dB
	 $y_{7,57,86}$ = 10.30730767620382 dB
		SNR medio: 16.49348193380624
		Usuarios totais: 17
$x_{7,74}$
	 $pastx_{7,74}$ : 0.0
	 $y_{7,74,51}$ = 7.945628021763781 dB
	 $y_{7,74,62}$ = 8.624241388211288 dB
	 $y_{7,74,74}$ = 83.71830062039695 dB
	 $y_{7,74,82}$ = 23.340043542057742 dB
	 $y_{7,74,91}$ = 5.55727389659819 dB
	 $y_{7,74,92}$ = 12.874633537120076 dB
	 $y_{7,74,93}$ = 21.919489341552023 dB
	 $y_{7,74,94}$ = 16.74021881530048 dB
	 $y_{7,74,97}$ = 7.372290823854144 dB
	 $y_{7,74,98}$ = 5.595512296239946 dB
	 $y_{7,74,99}$ = 7.995290539845769 dB
		SNR medio: 73.30438244776465
		Usuarios totais: 12
Distances:
24 : 37 = 1264.9110640673518
24 : 57 = 1697.0562748477141
24 : 74 = 2000.0
37 : 57 = 800.0
37 : 74 = 2000.0
57 : 74 = 1442.2205101855957
t=8
$x_{8,24}$
	 $pastx_{8,24}$ : 1.0
	 $y_{8,24,5}$ = 21.527822053518406 dB
	 $y_{8,24,10}$ = 6.9847946079822805 dB
	 $y_{8,24,11}$ = 8.2374119686381 dB
	 $y_{8,24,12}$ = 13.97848748897772 dB
	 $y_{8,24,14}$ = 27.19384289411748 dB
	 $y_{8,24,15}$ = 20.72645997003906 dB
	 $y_{8,24,19}$ = 8.550845937889804 dB
	 $y_{8,24,20}$ = 8.858388645562115 dB
	 $y_{8,24,23}$ = 29.713779722725562 dB
	 $y_{8,24,32}$ = 9.150253402927163 dB
	 $y_{8,24,33}$ = 16.780067959318245 dB
	 $y_{8,24,34}$ = 23.938488829540603 dB
	 $y_{8,24,35}$ = 25.979250945602033 dB
	 $y_{8,24,40}$ = 8.2650547865301 dB
	 $y_{8,24,43}$ = 17.73724016286836 dB
	 $y_{8,24,48}$ = 6.56991402665804 dB
	 $y_{8,24,50}$ = 11.535213117727835 dB
	 $y_{8,24,53}$ = 11.408297259912729 dB
	 $y_{8,24,58}$ = 8.992950575419002 dB
	 $y_{8,24,65}$ = 18.801212391380403 dB
	 $y_{8,24,66}$ = 9.159045580551691 dB
	 $y_{8,24,67}$ = 6.311260715790439 dB
	 $y_{8,24,68}$ = 5.792830148434206 dB
	 $y_{8,24,73}$ = 5.160789459442071 dB
		SNR medio: 20.4695037928205
		Usuarios totais: 30
$x_{8,37}$
	 $pastx_{8,37}$ : 1.0
	 $y_{8,37,9}$ = 5.503088858130269 dB
	 $y_{8,37,17}$ = 21.84626512688621 dB
	 $y_{8,37,29}$ = 9.69446811908405 dB
	 $y_{8,37,46}$ = 26.160099231397126 dB
	 $y_{8,37,51}$ = 5.105725888213868 dB
	 $y_{8,37,59}$ = 17.455606654764026 dB
	 $y_{8,37,62}$ = 5.350613305454601 dB
	 $y_{8,37,79}$ = 5.131148054462557 dB
	 $y_{8,37,81}$ = 6.893300957578987 dB
	 $y_{8,37,85}$ = 7.550493155436271 dB
		SNR medio: 18.162907877700007
		Usuarios totais: 13
$x_{8,57}$
	 $y_{8,57,18}$ = 6.474271433833636 dB
	 $y_{8,57,25}$ = 12.6100304730777 dB
	 $y_{8,57,45}$ = 16.85059468712663 dB
	 $y_{8,57,54}$ = 9.539107845206246 dB
	 $y_{8,57,56}$ = 24.72122228015732 dB
	 $y_{8,57,75}$ = 15.980590178808583 dB
	 $y_{8,57,77}$ = 23.56648477772241 dB
	 $y_{8,57,89}$ = 8.35867020776331 dB
	 $y_{8,57,96}$ = 9.44957057692838 dB
		SNR medio: 18.648302796700953
		Usuarios totais: 11
$x_{8,74}$
	 $pastx_{8,74}$ : 1.0
	 $y_{8,74,72}$ = 19.496944999090317 dB
	 $y_{8,74,74}$ = 83.71830062039695 dB
	 $y_{8,74,80}$ = 7.625571658685274 dB
	 $y_{8,74,84}$ = 35.24233741088878 dB
	 $y_{8,74,93}$ = 21.919489341552023 dB
	 $y_{8,74,95}$ = 13.704751101985806 dB
		SNR medio: 75.93685485515377
		Usuarios totais: 6
Distances:
24 : 37 = 1264.9110640673518
24 : 57 = 1697.0562748477141
24 : 74 = 2000.0
37 : 57 = 800.0
37 : 74 = 2000.0
57 : 74 = 1442.2205101855957
t=9
$x_{9,33}$
	 $pastx_{9,33}$ : 0.0
	 $y_{9,33,1}$ = 17.957386535686084 dB
	 $y_{9,33,3}$ = 11.652252575045978 dB
	 $y_{9,33,7}$ = 7.689925789043684 dB
	 $y_{9,33,10}$ = 13.472661695964092 dB
	 $y_{9,33,23}$ = 29.799105432423403 dB
	 $y_{9,33,24}$ = 23.442054870653976 dB
	 $y_{9,33,27}$ = 9.996794913825198 dB
	 $y_{9,33,32}$ = 30.00906921152722 dB
	 $y_{9,33,33}$ = 85.83853061217451 dB
	 $y_{9,33,35}$ = 18.11785578787824 dB
	 $y_{9,33,44}$ = 21.541084825084468 dB
		SNR medio: 75.42463207103538
		Usuarios totais: 13
$x_{9,36}$
	 $pastx_{9,36}$ : 0.0
	 $y_{9,36,8}$ = 11.997379875551587 dB
	 $y_{9,36,36}$ = 92.54831194607706 dB
	 $y_{9,36,47}$ = 28.388143425990847 dB
		SNR medio: 87.77710110349011
		Usuarios totais: 5
$x_{9,57}$
	 $y_{9,57,25}$ = 12.6100304730777 dB
	 $y_{9,57,28}$ = 13.328341755646562 dB
	 $y_{9,57,34}$ = 7.19907266177168 dB
	 $y_{9,57,43}$ = 9.943004919676426 dB
	 $y_{9,57,45}$ = 16.85059468712663 dB
	 $y_{9,57,55}$ = 15.419244521689237 dB
	 $y_{9,57,56}$ = 24.72122228015732 dB
	 $y_{9,57,64}$ = 9.831840805784765 dB
	 $y_{9,57,65}$ = 11.463363057431991 dB
	 $y_{9,57,66}$ = 23.0239127808036 dB
	 $y_{9,57,75}$ = 15.980590178808583 dB
	 $y_{9,57,77}$ = 23.56648477772241 dB
	 $y_{9,57,87}$ = 8.13889723586965 dB
	 $y_{9,57,89}$ = 8.35867020776331 dB
	 $y_{9,57,96}$ = 9.44957057692838 dB
	 $y_{9,57,99}$ = 9.28559834393181 dB
		SNR medio: 17.765955368145477
		Usuarios totais: 25
$x_{9,62}$
	 $pastx_{9,62}$ : 0.0
	 $y_{9,62,15}$ = 5.377267787145854 dB
	 $y_{9,62,40}$ = 19.9633707906831 dB
	 $y_{9,62,46}$ = 7.426915313401167 dB
	 $y_{9,62,61}$ = 23.230934937822695 dB
	 $y_{9,62,62}$ = 98.35484475425727 dB
	 $y_{9,62,63}$ = 29.611333425879465 dB
	 $y_{9,62,70}$ = 16.081826354102105 dB
	 $y_{9,62,80}$ = 14.449882233726981 dB
	 $y_{9,62,82}$ = 27.96554084479793 dB
	 $y_{9,62,91}$ = 9.447295425435243 dB
	 $y_{9,62,93}$ = 12.769555790343134 dB
	 $y_{9,62,95}$ = 5.65277813850733 dB
	 $y_{9,62,97}$ = 7.848000681369868 dB
		SNR medio: 87.21541247750744
		Usuarios totais: 17
Distances:
33 : 36 = 1200.0
33 : 57 = 1788.8543819998317
33 : 62 = 1264.9110640673518
36 : 57 = 894.4271909999159
36 : 62 = 2000.0
57 : 62 = 2039.607805437114
--- Done after 1.473431966304779 hours. ---
