-------------Calculating Solution (this may take a while)
+++++++++++++++++++Min Sinr: 15 dB (fixed)
+++++++++++++++++++With backhaul constraint. Start: 2022-11-12 14:39:51

Parameters:
- chosen seed 6
- Map with 100 sectors
- Map 4000 x 4000 m
- Sector has a side of 400 m
- Max time:  12
- users_t_m:  [[0, 0, 0, 0, 0, 0, 0, 0, 0, 0, 0, 0, 0, 0, 0, 0, 0, 0, 0, 0, 0, 0, 0, 0, 0, 0, 0, 0, 0, 0, 0, 0, 0, 0, 0, 0, 0, 0, 0, 0, 0, 0, 0, 0, 0, 0, 0, 0, 0, 0, 0, 0, 0, 0, 0, 0, 0, 0, 0, 0, 0, 0, 0, 0, 0, 0, 2, 1, 0, 0, 0, 0, 0, 0, 0, 0, 4, 2, 1, 0, 0, 0, 0, 0, 0, 0, 2, 16, 0, 0, 0, 0, 0, 0, 0, 0, 0, 0, 0, 0], [1, 0, 0, 0, 0, 0, 0, 0, 0, 1, 0, 0, 0, 1, 0, 2, 0, 0, 0, 0, 0, 0, 1, 1, 1, 0, 0, 1, 1, 1, 0, 1, 0, 1, 0, 0, 0, 0, 0, 0, 0, 0, 1, 1, 0, 0, 0, 0, 0, 0, 0, 0, 0, 0, 1, 2, 1, 0, 0, 1, 1, 0, 0, 0, 0, 0, 0, 3, 0, 0, 0, 0, 0, 0, 0, 0, 5, 3, 1, 0, 0, 0, 0, 0, 1, 0, 2, 14, 1, 1, 0, 1, 0, 0, 0, 0, 0, 0, 0, 1], [1, 0, 0, 1, 0, 1, 0, 0, 1, 0, 0, 1, 0, 0, 0, 0, 0, 0, 1, 1, 1, 1, 1, 0, 0, 0, 0, 1, 1, 0, 3, 0, 0, 0, 0, 0, 2, 1, 0, 1, 3, 0, 0, 0, 0, 0, 0, 2, 0, 0, 1, 0, 1, 0, 1, 0, 0, 0, 1, 0, 1, 1, 1, 1, 0, 0, 2, 0, 0, 1, 1, 0, 0, 0, 2, 0, 5, 3, 1, 2, 1, 3, 1, 0, 3, 2, 2, 21, 1, 0, 0, 0, 1, 0, 0, 1, 0, 0, 0, 1], [2, 1, 1, 2, 0, 1, 1, 0, 0, 0, 1, 0, 0, 0, 2, 0, 1, 1, 1, 1, 0, 1, 2, 0, 0, 1, 2, 1, 2, 0, 0, 3, 3, 0, 0, 0, 1, 0, 2, 0, 1, 1, 0, 2, 2, 1, 1, 0, 0, 1, 0, 1, 0, 0, 2, 0, 2, 0, 0, 0, 1, 0, 2, 3, 1, 0, 2, 4, 0, 0, 3, 1, 1, 2, 0, 1, 4, 8, 1, 0, 1, 0, 2, 5, 1, 0, 2, 26, 2, 0, 2, 1, 0, 0, 1, 1, 0, 1, 1, 0], [1, 0, 1, 2, 2, 2, 2, 1, 2, 4, 2, 0, 3, 0, 2, 1, 1, 0, 3, 2, 0, 2, 3, 2, 2, 0, 0, 1, 1, 0, 0, 3, 1, 1, 1, 0, 3, 1, 1, 0, 2, 1, 2, 1, 1, 3, 1, 3, 3, 3, 1, 1, 1, 2, 0, 1, 0, 5, 1, 4, 0, 1, 0, 1, 0, 0, 1, 2, 3, 1, 0, 3, 0, 1, 2, 1, 2, 4, 2, 1, 1, 0, 3, 2, 0, 1, 2, 21, 0, 0, 2, 1, 0, 1, 2, 2, 0, 0, 0, 1], [2, 0, 2, 0, 1, 4, 1, 2, 1, 2, 2, 1, 3, 1, 2, 3, 2, 2, 3, 1, 0, 1, 4, 3, 0, 1, 3, 4, 2, 0, 1, 1, 1, 1, 4, 2, 1, 3, 0, 1, 0, 1, 4, 2, 0, 2, 3, 0, 0, 2, 3, 0, 0, 2, 0, 0, 2, 0, 1, 2, 1, 1, 3, 0, 3, 3, 4, 6, 4, 0, 1, 0, 0, 1, 1, 1, 5, 6, 3, 4, 1, 2, 0, 0, 0, 5, 3, 16, 4, 1, 2, 3, 3, 2, 2, 0, 1, 1, 2, 0], [3, 1, 0, 1, 4, 1, 1, 1, 2, 1, 1, 1, 0, 1, 2, 2, 0, 2, 4, 3, 2, 3, 2, 1, 1, 1, 0, 0, 2, 1, 0, 4, 2, 1, 2, 1, 1, 3, 3, 1, 1, 4, 1, 0, 2, 3, 0, 1, 1, 1, 2, 1, 1, 0, 3, 3, 2, 0, 2, 2, 0, 0, 0, 5, 0, 1, 1, 1, 3, 1, 1, 1, 0, 3, 1, 2, 2, 1, 0, 2, 2, 0, 1, 4, 2, 3, 1, 2, 2, 1, 2, 2, 1, 1, 2, 3, 3, 2, 5, 2], [3, 3, 0, 0, 1, 1, 2, 3, 1, 2, 1, 1, 3, 1, 4, 0, 2, 1, 0, 1, 1, 1, 0, 1, 3, 1, 1, 3, 1, 4, 2, 4, 3, 0, 1, 0, 1, 1, 4, 1, 0, 0, 1, 1, 0, 2, 1, 0, 2, 0, 2, 1, 2, 2, 1, 1, 2, 1, 1, 0, 2, 3, 0, 1, 0, 0, 3, 0, 0, 1, 1, 1, 0, 2, 0, 0, 2, 1, 1, 1, 2, 2, 0, 3, 2, 0, 0, 2, 1, 0, 2, 0, 1, 1, 0, 4, 0, 1, 1, 1], [0, 1, 0, 1, 3, 1, 1, 1, 2, 0, 0, 1, 1, 2, 0, 2, 0, 1, 3, 1, 1, 0, 1, 0, 2, 2, 1, 0, 0, 0, 0, 0, 1, 0, 1, 3, 1, 2, 0, 0, 1, 2, 0, 0, 1, 4, 2, 1, 1, 1, 0, 1, 2, 1, 0, 0, 0, 1, 2, 4, 0, 1, 0, 0, 2, 0, 1, 0, 0, 0, 1, 1, 4, 2, 0, 0, 0, 1, 0, 1, 3, 2, 0, 2, 0, 0, 2, 3, 1, 0, 1, 0, 5, 0, 1, 1, 1, 0, 0, 1], [1, 0, 0, 0, 0, 0, 0, 0, 0, 2, 1, 0, 4, 0, 0, 0, 2, 0, 0, 1, 0, 0, 1, 0, 0, 0, 0, 2, 3, 0, 1, 0, 0, 0, 0, 0, 0, 1, 0, 0, 3, 4, 1, 0, 1, 0, 1, 1, 2, 0, 0, 0, 1, 3, 0, 1, 0, 0, 0, 0, 0, 0, 2, 2, 0, 0, 0, 1, 0, 0, 1, 0, 1, 1, 2, 0, 1, 0, 2, 0, 0, 0, 0, 1, 0, 0, 1, 1, 2, 0, 0, 3, 0, 1, 0, 1, 0, 0, 0, 2], [0, 1, 0, 0, 1, 0, 1, 0, 1, 0, 0, 0, 0, 0, 0, 0, 0, 0, 1, 0, 0, 0, 0, 1, 0, 1, 0, 0, 0, 1, 0, 2, 0, 1, 1, 1, 0, 1, 0, 1, 0, 0, 0, 0, 0, 0, 0, 0, 0, 0, 0, 0, 0, 1, 0, 0, 0, 0, 0, 1, 1, 0, 0, 0, 0, 2, 0, 0, 0, 1, 0, 1, 0, 0, 1, 0, 1, 2, 1, 1, 0, 0, 0, 1, 1, 0, 0, 0, 0, 0, 0, 1, 2, 0, 0, 2, 1, 0, 2, 0], [0, 1, 0, 0, 1, 0, 0, 0, 0, 0, 0, 0, 0, 0, 0, 0, 0, 0, 0, 0, 0, 1, 0, 0, 0, 0, 0, 0, 0, 0, 0, 0, 0, 0, 0, 0, 0, 0, 0, 0, 0, 0, 0, 0, 0, 0, 1, 0, 0, 0, 0, 0, 0, 0, 0, 0, 0, 1, 0, 0, 0, 0, 0, 0, 0, 0, 0, 0, 0, 0, 0, 0, 1, 0, 0, 0, 1, 0, 0, 1, 1, 0, 0, 0, 0, 0, 0, 0, 0, 0, 0, 0, 1, 0, 0, 0, 0, 0, 0, 1]]
MAX_USER_PER_ANTENNAS_m:  [60, 60, 60, 60, 60, 60, 60, 60, 60, 60, 60, 60, 60, 60, 60, 60, 60, 60, 60, 60, 60, 60, 60, 60, 60, 60, 60, 60, 60, 60, 60, 60, 60, 60, 60, 60, 60, 60, 60, 60, 60, 60, 60, 60, 60, 60, 60, 60, 60, 60, 60, 60, 60, 60, 60, 60, 60, 60, 60, 60, 60, 60, 60, 60, 60, 60, 60, 60, 60, 60, 60, 60, 60, 60, 60, 60, 60, 60, 60, 60, 60, 60, 60, 60, 60, 60, 60, 60, 60, 60, 60, 60, 60, 60, 60, 60, 60, 60, 60, 60]
antennas_map_m:  [1, 1, 1, 1, 1, 1, 1, 1, 1, 1, 1, 1, 1, 1, 1, 1, 1, 1, 1, 1, 1, 1, 1, 1, 1, 1, 1, 1, 1, 1, 1, 1, 1, 1, 1, 1, 1, 1, 1, 1, 1, 1, 1, 1, 1, 1, 1, 1, 1, 1, 1, 1, 1, 1, 1, 1, 1, 1, 1, 1, 1, 1, 1, 1, 1, 1, 1, 1, 1, 1, 1, 1, 1, 1, 1, 1, 1, 1, 1, 1, 1, 1, 1, 1, 1, 1, 1, 1, 1, 1, 1, 1, 1, 1, 1, 1, 1, 1, 1, 1]
FIRST_ANTENNA:  57
MIN_SNR_m:  [31.622776601683793, 31.622776601683793, 31.622776601683793, 31.622776601683793, 31.622776601683793, 31.622776601683793, 31.622776601683793, 31.622776601683793, 31.622776601683793, 31.622776601683793, 31.622776601683793, 31.622776601683793, 31.622776601683793, 31.622776601683793, 31.622776601683793, 31.622776601683793, 31.622776601683793, 31.622776601683793, 31.622776601683793, 31.622776601683793, 31.622776601683793, 31.622776601683793, 31.622776601683793, 31.622776601683793, 31.622776601683793, 31.622776601683793, 31.622776601683793, 31.622776601683793, 31.622776601683793, 31.622776601683793, 31.622776601683793, 31.622776601683793, 31.622776601683793, 31.622776601683793, 31.622776601683793, 31.622776601683793, 31.622776601683793, 31.622776601683793, 31.622776601683793, 31.622776601683793, 31.622776601683793, 31.622776601683793, 31.622776601683793, 31.622776601683793, 31.622776601683793, 31.622776601683793, 31.622776601683793, 31.622776601683793, 31.622776601683793, 31.622776601683793, 31.622776601683793, 31.622776601683793, 31.622776601683793, 31.622776601683793, 31.622776601683793, 31.622776601683793, 31.622776601683793, 31.622776601683793, 31.622776601683793, 31.622776601683793, 31.622776601683793, 31.622776601683793, 31.622776601683793, 31.622776601683793, 31.622776601683793, 31.622776601683793, 31.622776601683793, 31.622776601683793, 31.622776601683793, 31.622776601683793, 31.622776601683793, 31.622776601683793, 31.622776601683793, 31.622776601683793, 31.622776601683793, 31.622776601683793, 31.622776601683793, 31.622776601683793, 31.622776601683793, 31.622776601683793, 31.622776601683793, 31.622776601683793, 31.622776601683793, 31.622776601683793, 31.622776601683793, 31.622776601683793, 31.622776601683793, 31.622776601683793, 31.622776601683793, 31.622776601683793, 31.622776601683793, 31.622776601683793, 31.622776601683793, 31.622776601683793, 31.622776601683793, 31.622776601683793, 31.622776601683793, 31.622776601683793, 31.622776601683793, 31.622776601683793]
-MIN_DIST:  2000
- disaster percentage:  0

Média de carros: 7.5
t=0
$x_{0,57}$
	 $y_{0,57,66}$ = 23.0239127808036 dB
	 $y_{0,57,67}$ = 30.71827388841561 dB
	 $y_{0,57,76}$ = 18.963286520368285 dB
	 $y_{0,57,77}$ = 23.56648477772241 dB
	 $y_{0,57,78}$ = 15.16403857040659 dB
		SNR medio: 25.364092845606805
		Usuarios totais: 10
$x_{0,86}$
	 $y_{0,86,86}$ = 85.42714439782725 dB
	 $y_{0,86,87}$ = 21.275791954472282 dB
		SNR medio: 82.41684611092793
		Usuarios totais: 18
Distances:
57 : 86 = 1264.9110640673518
t=1
$x_{1,3}$
	 $y_{1,3,0}$ = 17.037560504935428 dB
	 $y_{1,3,13}$ = 23.30339636107213 dB
	 $y_{1,3,15}$ = 19.678788948415985 dB
	 $y_{1,3,31}$ = 18.473080156831344 dB
		SNR medio: 20.291253407115075
		Usuarios totais: 5
$x_{1,27}$
	 $y_{1,27,9}$ = 15.709181813782081 dB
	 $y_{1,27,27}$ = 87.57782305245155 dB
	 $y_{1,27,28}$ = 33.5603464729778 dB
	 $y_{1,27,29}$ = 19.916387604923088 dB
		SNR medio: 81.55724138582491
		Usuarios totais: 4
$x_{1,41}$
	 $y_{1,41,22}$ = 21.161912900018095 dB
	 $y_{1,41,23}$ = 16.754765546937236 dB
	 $y_{1,41,33}$ = 18.180038732022695 dB
	 $y_{1,41,42}$ = 31.992757842972168 dB
	 $y_{1,41,60}$ = 22.124756006320325 dB
		SNR medio: 25.99701608504141
		Usuarios totais: 5
$x_{1,54}$
	 $y_{1,54,24}$ = 15.97242239511246 dB
	 $y_{1,54,43}$ = 21.832943396135377 dB
	 $y_{1,54,54}$ = 86.5145365500916 dB
	 $y_{1,54,84}$ = 15.479037712802167 dB
		SNR medio: 80.49393884013733
		Usuarios totais: 4
$x_{1,57}$
	 $y_{1,57,55}$ = 15.419244521689237 dB
	 $y_{1,57,56}$ = 24.72122228015732 dB
	 $y_{1,57,67}$ = 30.71827388841561 dB
	 $y_{1,57,76}$ = 18.963286520368285 dB
	 $y_{1,57,77}$ = 23.56648477772241 dB
	 $y_{1,57,88}$ = 16.651616675600593 dB
		SNR medio: 24.92199359030494
		Usuarios totais: 15
$x_{1,78}$
	 $y_{1,78,59}$ = 20.206880384487775 dB
	 $y_{1,78,78}$ = 93.35485397790814 dB
	 $y_{1,78,87}$ = 18.622776493154632 dB
	 $y_{1,78,89}$ = 21.215036948678048 dB
		SNR medio: 87.33425468641515
		Usuarios totais: 17
$x_{1,86}$
	 $y_{1,86,86}$ = 85.42714439782725 dB
	 $y_{1,86,99}$ = 15.702745093806826 dB
		SNR medio: 82.41684490393523
		Usuarios totais: 3
$x_{1,91}$
	 $y_{1,91,91}$ = 87.390488090037 dB
		SNR medio: 87.390488090037
		Usuarios totais: 1
Distances:
3 : 27 = 1788.8543819998317
3 : 41 = 1788.8543819998317
3 : 54 = 2039.607805437114
3 : 57 = 2561.2496949731394
3 : 78 = 3440.9301068170507
3 : 86 = 3417.6014981270123
3 : 91 = 3687.817782917155
27 : 41 = 2529.8221281347037
27 : 54 = 1697.0562748477141
27 : 57 = 1200.0
27 : 78 = 2039.607805437114
27 : 86 = 2433.105012119288
27 : 91 = 3687.817782917155
41 : 54 = 1264.9110640673518
41 : 57 = 2433.105012119288
41 : 78 = 3046.3092423455632
41 : 86 = 2561.2496949731394
41 : 91 = 2000.0
54 : 57 = 1200.0
54 : 78 = 1788.8543819998317
54 : 86 = 1442.2205101855957
54 : 91 = 2000.0
57 : 78 = 894.4271909999159
57 : 86 = 1264.9110640673518
57 : 91 = 2884.4410203711914
78 : 86 = 894.4271909999159
78 : 91 = 2912.043955712207
86 : 91 = 2039.607805437114
t=2
$x_{2,3}$
	 $y_{2,3,0}$ = 17.037560504935428 dB
	 $y_{2,3,3}$ = 92.34193944114404 dB
	 $y_{2,3,5}$ = 16.681812846077932 dB
	 $y_{2,3,11}$ = 17.30643802834409 dB
	 $y_{2,3,20}$ = 17.64298631164681 dB
		SNR medio: 85.35223992720559
		Usuarios totais: 5
$x_{2,27}$
	 $y_{2,27,8}$ = 24.295167611038522 dB
	 $y_{2,27,18}$ = 26.93259653762661 dB
	 $y_{2,27,19}$ = 19.995898764857372 dB
	 $y_{2,27,27}$ = 87.57782305245155 dB
	 $y_{2,27,28}$ = 33.5603464729778 dB
	 $y_{2,27,37}$ = 37.92525685835436 dB
		SNR medio: 79.79638135541963
		Usuarios totais: 6
$x_{2,41}$
	 $y_{2,41,21}$ = 15.102300474617735 dB
	 $y_{2,41,22}$ = 21.161912900018095 dB
	 $y_{2,41,30}$ = 29.30157379913001 dB
	 $y_{2,41,40}$ = 27.573367780473873 dB
	 $y_{2,41,50}$ = 18.662079273206444 dB
	 $y_{2,41,52}$ = 19.688181019481334 dB
	 $y_{2,41,60}$ = 22.124756006320325 dB
	 $y_{2,41,61}$ = 15.554123019194051 dB
	 $y_{2,41,70}$ = 15.439223902856412 dB
		SNR medio: 23.439555054071374
		Usuarios totais: 13
$x_{2,54}$
	 $y_{2,54,54}$ = 86.5145365500916 dB
	 $y_{2,54,62}$ = 23.843144709351606 dB
	 $y_{2,54,63}$ = 23.678143590585904 dB
	 $y_{2,54,84}$ = 15.479037712802167 dB
		SNR medio: 80.49394158687726
		Usuarios totais: 6
$x_{2,57}$
	 $y_{2,57,36}$ = 24.30388451477137 dB
	 $y_{2,57,47}$ = 25.629686720008834 dB
	 $y_{2,57,58}$ = 30.800205293031595 dB
	 $y_{2,57,66}$ = 23.0239127808036 dB
	 $y_{2,57,69}$ = 18.400167867524303 dB
	 $y_{2,57,74}$ = 16.24891731403521 dB
	 $y_{2,57,76}$ = 18.963286520368285 dB
	 $y_{2,57,77}$ = 23.56648477772241 dB
	 $y_{2,57,85}$ = 15.108039725227073 dB
	 $y_{2,57,88}$ = 16.651616675600593 dB
		SNR medio: 24.038102574151385
		Usuarios totais: 21
$x_{2,78}$
	 $y_{2,78,39}$ = 15.81028828190827 dB
	 $y_{2,78,78}$ = 93.35485397790814 dB
	 $y_{2,78,79}$ = 28.84106298477674 dB
	 $y_{2,78,87}$ = 18.622776493154632 dB
		SNR medio: 87.33425582319413
		Usuarios totais: 25
$x_{2,86}$
	 $y_{2,86,86}$ = 85.42714439782725 dB
	 $y_{2,86,95}$ = 30.958383193446366 dB
	 $y_{2,86,99}$ = 15.702745093806826 dB
		SNR medio: 80.65594783393776
		Usuarios totais: 4
$x_{2,91}$
	 $y_{2,91,80}$ = 23.52133662767085 dB
	 $y_{2,91,81}$ = 33.84786796574641 dB
	 $y_{2,91,82}$ = 20.255263616495938 dB
	 $y_{2,91,92}$ = 25.80466751692677 dB
		SNR medio: 28.944608761420895
		Usuarios totais: 6
Distances:
3 : 27 = 1788.8543819998317
3 : 41 = 1788.8543819998317
3 : 54 = 2039.607805437114
3 : 57 = 2561.2496949731394
3 : 78 = 3440.9301068170507
3 : 86 = 3417.6014981270123
3 : 91 = 3687.817782917155
27 : 41 = 2529.8221281347037
27 : 54 = 1697.0562748477141
27 : 57 = 1200.0
27 : 78 = 2039.607805437114
27 : 86 = 2433.105012119288
27 : 91 = 3687.817782917155
41 : 54 = 1264.9110640673518
41 : 57 = 2433.105012119288
41 : 78 = 3046.3092423455632
41 : 86 = 2561.2496949731394
41 : 91 = 2000.0
54 : 57 = 1200.0
54 : 78 = 1788.8543819998317
54 : 86 = 1442.2205101855957
54 : 91 = 2000.0
57 : 78 = 894.4271909999159
57 : 86 = 1264.9110640673518
57 : 91 = 2884.4410203711914
78 : 86 = 894.4271909999159
78 : 91 = 2912.043955712207
86 : 91 = 2039.607805437114
t=3
$x_{3,3}$
	 $y_{3,3,0}$ = 17.037560504935428 dB
	 $y_{3,3,1}$ = 20.44943049716639 dB
	 $y_{3,3,2}$ = 21.065556742210134 dB
	 $y_{3,3,3}$ = 92.34193944114404 dB
	 $y_{3,3,5}$ = 16.681812846077932 dB
	 $y_{3,3,14}$ = 27.62794379916123 dB
		SNR medio: 84.56042925475464
		Usuarios totais: 9
$x_{3,27}$
	 $y_{3,27,6}$ = 16.049372002158307 dB
	 $y_{3,27,16}$ = 22.408494985723706 dB
	 $y_{3,27,17}$ = 27.684512604523164 dB
	 $y_{3,27,18}$ = 26.93259653762661 dB
	 $y_{3,27,19}$ = 19.995898764857372 dB
	 $y_{3,27,25}$ = 24.486946476835456 dB
	 $y_{3,27,26}$ = 29.18304874289386 dB
	 $y_{3,27,27}$ = 87.57782305245155 dB
	 $y_{3,27,28}$ = 33.5603464729778 dB
		SNR medio: 78.03543417309953
		Usuarios totais: 11
$x_{3,41}$
	 $y_{3,41,10}$ = 21.15567468220216 dB
	 $y_{3,41,21}$ = 15.102300474617735 dB
	 $y_{3,41,22}$ = 21.161912900018095 dB
	 $y_{3,41,31}$ = 29.61585837517245 dB
	 $y_{3,41,32}$ = 26.35048231352353 dB
	 $y_{3,41,40}$ = 27.573367780473873 dB
	 $y_{3,41,41}$ = 91.86709785541981 dB
	 $y_{3,41,51}$ = 38.88616262252409 dB
	 $y_{3,41,60}$ = 22.124756006320325 dB
	 $y_{3,41,64}$ = 17.996722525793714 dB
	 $y_{3,41,70}$ = 15.439223902856412 dB
		SNR medio: 81.45319985438002
		Usuarios totais: 18
$x_{3,54}$
	 $y_{3,54,43}$ = 21.832943396135377 dB
	 $y_{3,54,44}$ = 32.435341208429804 dB
	 $y_{3,54,54}$ = 86.5145365500916 dB
	 $y_{3,54,62}$ = 23.843144709351606 dB
	 $y_{3,54,63}$ = 23.678143590585904 dB
	 $y_{3,54,73}$ = 17.523527098812934 dB
		SNR medio: 78.73304765695379
		Usuarios totais: 13
$x_{3,57}$
	 $y_{3,57,36}$ = 24.30388451477137 dB
	 $y_{3,57,38}$ = 18.930458167568716 dB
	 $y_{3,57,45}$ = 16.85059468712663 dB
	 $y_{3,57,46}$ = 32.610433547138086 dB
	 $y_{3,57,49}$ = 18.323588820283533 dB
	 $y_{3,57,56}$ = 24.72122228015732 dB
	 $y_{3,57,66}$ = 23.0239127808036 dB
	 $y_{3,57,67}$ = 30.71827388841561 dB
	 $y_{3,57,75}$ = 15.980590178808583 dB
	 $y_{3,57,76}$ = 18.963286520368285 dB
	 $y_{3,57,77}$ = 23.56648477772241 dB
	 $y_{3,57,88}$ = 16.651616675600593 dB
		SNR medio: 25.60013085868767
		Usuarios totais: 29
$x_{3,78}$
	 $y_{3,78,78}$ = 93.35485397790814 dB
		SNR medio: 93.35485397790814
		Usuarios totais: 1
$x_{3,86}$
	 $y_{3,86,71}$ = 16.4587003677038 dB
	 $y_{3,86,84}$ = 17.57690499559199 dB
	 $y_{3,86,86}$ = 85.42714439782725 dB
	 $y_{3,86,87}$ = 21.275791954472282 dB
	 $y_{3,86,94}$ = 15.827057299753506 dB
	 $y_{3,86,95}$ = 30.958383193446366 dB
	 $y_{3,86,97}$ = 24.594351582920055 dB
	 $y_{3,86,98}$ = 18.465639008803038 dB
		SNR medio: 76.3962679169278
		Usuarios totais: 34
$x_{3,91}$
	 $y_{3,91,72}$ = 16.272294060503114 dB
	 $y_{3,91,80}$ = 23.52133662767085 dB
	 $y_{3,91,82}$ = 20.255263616495938 dB
	 $y_{3,91,83}$ = 17.449094193385662 dB
	 $y_{3,91,90}$ = 34.368885252694284 dB
	 $y_{3,91,91}$ = 87.390488090037 dB
		SNR medio: 79.60900064212495
		Usuarios totais: 12
Distances:
3 : 27 = 1788.8543819998317
3 : 41 = 1788.8543819998317
3 : 54 = 2039.607805437114
3 : 57 = 2561.2496949731394
3 : 78 = 3440.9301068170507
3 : 86 = 3417.6014981270123
3 : 91 = 3687.817782917155
27 : 41 = 2529.8221281347037
27 : 54 = 1697.0562748477141
27 : 57 = 1200.0
27 : 78 = 2039.607805437114
27 : 86 = 2433.105012119288
27 : 91 = 3687.817782917155
41 : 54 = 1264.9110640673518
41 : 57 = 2433.105012119288
41 : 78 = 3046.3092423455632
41 : 86 = 2561.2496949731394
41 : 91 = 2000.0
54 : 57 = 1200.0
54 : 78 = 1788.8543819998317
54 : 86 = 1442.2205101855957
54 : 91 = 2000.0
57 : 78 = 894.4271909999159
57 : 86 = 1264.9110640673518
57 : 91 = 2884.4410203711914
78 : 86 = 894.4271909999159
78 : 91 = 2912.043955712207
86 : 91 = 2039.607805437114
t=4
$x_{4,3}$
	 $y_{4,3,0}$ = 17.037560504935428 dB
	 $y_{4,3,2}$ = 21.065556742210134 dB
	 $y_{4,3,3}$ = 92.34193944114404 dB
	 $y_{4,3,4}$ = 25.641342006825752 dB
	 $y_{4,3,5}$ = 16.681812846077932 dB
	 $y_{4,3,12}$ = 27.949153113632335 dB
	 $y_{4,3,14}$ = 27.62794379916123 dB
	 $y_{4,3,15}$ = 19.678788948415985 dB
	 $y_{4,3,31}$ = 18.473080156831344 dB
	 $y_{4,3,34}$ = 17.351361272335566 dB
		SNR medio: 82.34194453657494
		Usuarios totais: 18
$x_{4,27}$
	 $y_{4,27,6}$ = 16.049372002158307 dB
	 $y_{4,27,7}$ = 15.865454226146639 dB
	 $y_{4,27,8}$ = 24.295167611038522 dB
	 $y_{4,27,9}$ = 15.709181813782081 dB
	 $y_{4,27,16}$ = 22.408494985723706 dB
	 $y_{4,27,18}$ = 26.93259653762661 dB
	 $y_{4,27,19}$ = 19.995898764857372 dB
	 $y_{4,27,24}$ = 18.95058171122659 dB
	 $y_{4,27,27}$ = 87.57782305245155 dB
	 $y_{4,27,28}$ = 33.5603464729778 dB
	 $y_{4,27,37}$ = 37.92525685835436 dB
		SNR medio: 77.16396980488541
		Usuarios totais: 20
$x_{4,41}$
	 $y_{4,41,10}$ = 21.15567468220216 dB
	 $y_{4,41,21}$ = 15.102300474617735 dB
	 $y_{4,41,22}$ = 21.161912900018095 dB
	 $y_{4,41,23}$ = 16.754765546937236 dB
	 $y_{4,41,32}$ = 26.35048231352353 dB
	 $y_{4,41,33}$ = 18.180038732022695 dB
	 $y_{4,41,40}$ = 27.573367780473873 dB
	 $y_{4,41,41}$ = 91.86709785541981 dB
	 $y_{4,41,42}$ = 31.992757842972168 dB
	 $y_{4,41,50}$ = 18.662079273206444 dB
	 $y_{4,41,51}$ = 38.88616262252409 dB
	 $y_{4,41,61}$ = 15.554123019194051 dB
		SNR medio: 81.07531602067056
		Usuarios totais: 19
$x_{4,54}$
	 $y_{4,54,43}$ = 21.832943396135377 dB
	 $y_{4,54,44}$ = 32.435341208429804 dB
	 $y_{4,54,52}$ = 18.894841510536594 dB
	 $y_{4,54,53}$ = 33.909273505068185 dB
	 $y_{4,54,63}$ = 23.678143590585904 dB
	 $y_{4,54,73}$ = 17.523527098812934 dB
		SNR medio: 28.96873568117444
		Usuarios totais: 7
$x_{4,57}$
	 $y_{4,57,36}$ = 24.30388451477137 dB
	 $y_{4,57,38}$ = 18.930458167568716 dB
	 $y_{4,57,45}$ = 16.85059468712663 dB
	 $y_{4,57,46}$ = 32.610433547138086 dB
	 $y_{4,57,47}$ = 25.629686720008834 dB
	 $y_{4,57,48}$ = 20.751731609416296 dB
	 $y_{4,57,49}$ = 18.323588820283533 dB
	 $y_{4,57,55}$ = 15.419244521689237 dB
	 $y_{4,57,57}$ = 83.17981810482522 dB
	 $y_{4,57,58}$ = 30.800205293031595 dB
	 $y_{4,57,66}$ = 23.0239127808036 dB
	 $y_{4,57,67}$ = 30.71827388841561 dB
	 $y_{4,57,68}$ = 22.522787157892864 dB
	 $y_{4,57,69}$ = 18.400167867524303 dB
	 $y_{4,57,74}$ = 16.24891731403521 dB
	 $y_{4,57,75}$ = 15.980590178808583 dB
	 $y_{4,57,76}$ = 18.963286520368285 dB
	 $y_{4,57,77}$ = 23.56648477772241 dB
	 $y_{4,57,85}$ = 15.108039725227073 dB
		SNR medio: 70.39240861358533
		Usuarios totais: 41
$x_{4,78}$
	 $y_{4,78,59}$ = 20.206880384487775 dB
	 $y_{4,78,78}$ = 93.35485397790814 dB
	 $y_{4,78,79}$ = 28.84106298477674 dB
		SNR medio: 88.58364317713219
		Usuarios totais: 7
$x_{4,86}$
	 $y_{4,86,71}$ = 16.4587003677038 dB
	 $y_{4,86,86}$ = 85.42714439782725 dB
	 $y_{4,86,87}$ = 21.275791954472282 dB
	 $y_{4,86,94}$ = 15.827057299753506 dB
	 $y_{4,86,95}$ = 30.958383193446366 dB
	 $y_{4,86,99}$ = 15.702745093806826 dB
		SNR medio: 77.64565057394438
		Usuarios totais: 31
$x_{4,91}$
	 $y_{4,91,80}$ = 23.52133662767085 dB
	 $y_{4,91,82}$ = 20.255263616495938 dB
	 $y_{4,91,83}$ = 17.449094193385662 dB
	 $y_{4,91,90}$ = 34.368885252694284 dB
	 $y_{4,91,91}$ = 87.390488090037 dB
	 $y_{4,91,93}$ = 18.172021786140817 dB
		SNR medio: 79.60900082633478
		Usuarios totais: 10
Distances:
3 : 27 = 1788.8543819998317
3 : 41 = 1788.8543819998317
3 : 54 = 2039.607805437114
3 : 57 = 2561.2496949731394
3 : 78 = 3440.9301068170507
3 : 86 = 3417.6014981270123
3 : 91 = 3687.817782917155
27 : 41 = 2529.8221281347037
27 : 54 = 1697.0562748477141
27 : 57 = 1200.0
27 : 78 = 2039.607805437114
27 : 86 = 2433.105012119288
27 : 91 = 3687.817782917155
41 : 54 = 1264.9110640673518
41 : 57 = 2433.105012119288
41 : 78 = 3046.3092423455632
41 : 86 = 2561.2496949731394
41 : 91 = 2000.0
54 : 57 = 1200.0
54 : 78 = 1788.8543819998317
54 : 86 = 1442.2205101855957
54 : 91 = 2000.0
57 : 78 = 894.4271909999159
57 : 86 = 1264.9110640673518
57 : 91 = 2884.4410203711914
78 : 86 = 894.4271909999159
78 : 91 = 2912.043955712207
86 : 91 = 2039.607805437114
t=5
$x_{5,3}$
	 $y_{5,3,0}$ = 17.037560504935428 dB
	 $y_{5,3,2}$ = 21.065556742210134 dB
	 $y_{5,3,4}$ = 25.641342006825752 dB
	 $y_{5,3,5}$ = 16.681812846077932 dB
	 $y_{5,3,11}$ = 17.30643802834409 dB
	 $y_{5,3,12}$ = 27.949153113632335 dB
	 $y_{5,3,13}$ = 23.30339636107213 dB
	 $y_{5,3,14}$ = 27.62794379916123 dB
	 $y_{5,3,15}$ = 19.678788948415985 dB
	 $y_{5,3,23}$ = 15.571461014803404 dB
	 $y_{5,3,34}$ = 17.351361272335566 dB
		SNR medio: 23.098791767024043
		Usuarios totais: 26
$x_{5,27}$
	 $y_{5,27,6}$ = 16.049372002158307 dB
	 $y_{5,27,7}$ = 15.865454226146639 dB
	 $y_{5,27,8}$ = 24.295167611038522 dB
	 $y_{5,27,9}$ = 15.709181813782081 dB
	 $y_{5,27,16}$ = 22.408494985723706 dB
	 $y_{5,27,17}$ = 27.684512604523164 dB
	 $y_{5,27,18}$ = 26.93259653762661 dB
	 $y_{5,27,19}$ = 19.995898764857372 dB
	 $y_{5,27,25}$ = 24.486946476835456 dB
	 $y_{5,27,26}$ = 29.18304874289386 dB
	 $y_{5,27,27}$ = 87.57782305245155 dB
	 $y_{5,27,28}$ = 33.5603464729778 dB
	 $y_{5,27,35}$ = 23.72080981068342 dB
	 $y_{5,27,37}$ = 37.92525685835436 dB
		SNR medio: 76.11663035804287
		Usuarios totais: 29
$x_{5,41}$
	 $y_{5,41,10}$ = 21.15567468220216 dB
	 $y_{5,41,21}$ = 15.102300474617735 dB
	 $y_{5,41,22}$ = 21.161912900018095 dB
	 $y_{5,41,30}$ = 29.30157379913001 dB
	 $y_{5,41,31}$ = 29.61585837517245 dB
	 $y_{5,41,32}$ = 26.35048231352353 dB
	 $y_{5,41,33}$ = 18.180038732022695 dB
	 $y_{5,41,41}$ = 91.86709785541981 dB
	 $y_{5,41,42}$ = 31.992757842972168 dB
	 $y_{5,41,50}$ = 18.662079273206444 dB
	 $y_{5,41,60}$ = 22.124756006320325 dB
	 $y_{5,41,61}$ = 15.554123019194051 dB
	 $y_{5,41,70}$ = 15.439223902856412 dB
		SNR medio: 80.7276768979368
		Usuarios totais: 22
$x_{5,54}$
	 $y_{5,54,36}$ = 17.163796274482763 dB
	 $y_{5,54,43}$ = 21.832943396135377 dB
	 $y_{5,54,46}$ = 22.489860987600423 dB
	 $y_{5,54,53}$ = 33.909273505068185 dB
	 $y_{5,54,56}$ = 23.04725885915876 dB
	 $y_{5,54,62}$ = 23.843144709351606 dB
	 $y_{5,54,64}$ = 33.37636552904701 dB
	 $y_{5,54,73}$ = 17.523527098812934 dB
	 $y_{5,54,74}$ = 16.44851167050109 dB
	 $y_{5,54,75}$ = 23.019472094285533 dB
		SNR medio: 27.606413093972936
		Usuarios totais: 19
$x_{5,57}$
	 $y_{5,57,45}$ = 16.85059468712663 dB
	 $y_{5,57,49}$ = 18.323588820283533 dB
	 $y_{5,57,58}$ = 30.800205293031595 dB
	 $y_{5,57,66}$ = 23.0239127808036 dB
	 $y_{5,57,67}$ = 30.71827388841561 dB
	 $y_{5,57,76}$ = 18.963286520368285 dB
	 $y_{5,57,77}$ = 23.56648477772241 dB
	 $y_{5,57,85}$ = 15.108039725227073 dB
	 $y_{5,57,88}$ = 16.651616675600593 dB
		SNR medio: 25.348670164899794
		Usuarios totais: 35
$x_{5,78}$
	 $y_{5,78,39}$ = 15.81028828190827 dB
	 $y_{5,78,59}$ = 20.206880384487775 dB
	 $y_{5,78,68}$ = 23.773918740554365 dB
	 $y_{5,78,78}$ = 93.35485397790814 dB
	 $y_{5,78,79}$ = 28.84106298477674 dB
	 $y_{5,78,89}$ = 21.215036948678048 dB
		SNR medio: 85.57334404056257
		Usuarios totais: 15
$x_{5,86}$
	 $y_{5,86,65}$ = 18.244201654403042 dB
	 $y_{5,86,86}$ = 85.42714439782725 dB
	 $y_{5,86,87}$ = 21.275791954472282 dB
	 $y_{5,86,93}$ = 16.43013813584743 dB
	 $y_{5,86,96}$ = 25.861822052241436 dB
	 $y_{5,86,97}$ = 24.594351582920055 dB
	 $y_{5,86,98}$ = 18.465639008803038 dB
		SNR medio: 76.97617630481415
		Usuarios totais: 28
$x_{5,91}$
	 $y_{5,91,80}$ = 23.52133662767085 dB
	 $y_{5,91,81}$ = 33.84786796574641 dB
	 $y_{5,91,90}$ = 34.368885252694284 dB
	 $y_{5,91,91}$ = 87.390488090037 dB
	 $y_{5,91,92}$ = 25.80466751692677 dB
	 $y_{5,91,94}$ = 15.317302510656432 dB
		SNR medio: 79.60902151971044
		Usuarios totais: 13
Distances:
3 : 27 = 1788.8543819998317
3 : 41 = 1788.8543819998317
3 : 54 = 2039.607805437114
3 : 57 = 2561.2496949731394
3 : 78 = 3440.9301068170507
3 : 86 = 3417.6014981270123
3 : 91 = 3687.817782917155
27 : 41 = 2529.8221281347037
27 : 54 = 1697.0562748477141
27 : 57 = 1200.0
27 : 78 = 2039.607805437114
27 : 86 = 2433.105012119288
27 : 91 = 3687.817782917155
41 : 54 = 1264.9110640673518
41 : 57 = 2433.105012119288
41 : 78 = 3046.3092423455632
41 : 86 = 2561.2496949731394
41 : 91 = 2000.0
54 : 57 = 1200.0
54 : 78 = 1788.8543819998317
54 : 86 = 1442.2205101855957
54 : 91 = 2000.0
57 : 78 = 894.4271909999159
57 : 86 = 1264.9110640673518
57 : 91 = 2884.4410203711914
78 : 86 = 894.4271909999159
78 : 91 = 2912.043955712207
86 : 91 = 2039.607805437114
t=6
$x_{6,3}$
	 $y_{6,3,0}$ = 17.037560504935428 dB
	 $y_{6,3,1}$ = 20.44943049716639 dB
	 $y_{6,3,3}$ = 92.34193944114404 dB
	 $y_{6,3,4}$ = 25.641342006825752 dB
	 $y_{6,3,5}$ = 16.681812846077932 dB
	 $y_{6,3,11}$ = 17.30643802834409 dB
	 $y_{6,3,13}$ = 23.30339636107213 dB
	 $y_{6,3,14}$ = 27.62794379916123 dB
	 $y_{6,3,20}$ = 17.64298631164681 dB
	 $y_{6,3,23}$ = 15.571461014803404 dB
	 $y_{6,3,31}$ = 18.473080156831344 dB
		SNR medio: 81.92801660655961
		Usuarios totais: 21
$x_{6,27}$
	 $y_{6,27,6}$ = 16.049372002158307 dB
	 $y_{6,27,7}$ = 15.865454226146639 dB
	 $y_{6,27,8}$ = 24.295167611038522 dB
	 $y_{6,27,9}$ = 15.709181813782081 dB
	 $y_{6,27,15}$ = 19.97649686841791 dB
	 $y_{6,27,17}$ = 27.684512604523164 dB
	 $y_{6,27,18}$ = 26.93259653762661 dB
	 $y_{6,27,19}$ = 19.995898764857372 dB
	 $y_{6,27,24}$ = 18.95058171122659 dB
	 $y_{6,27,25}$ = 24.486946476835456 dB
	 $y_{6,27,28}$ = 33.5603464729778 dB
	 $y_{6,27,29}$ = 19.916387604923088 dB
	 $y_{6,27,35}$ = 23.72080981068342 dB
	 $y_{6,27,37}$ = 37.92525685835436 dB
		SNR medio: 28.884867202561054
		Usuarios totais: 25
$x_{6,41}$
	 $y_{6,41,10}$ = 21.15567468220216 dB
	 $y_{6,41,21}$ = 15.102300474617735 dB
	 $y_{6,41,22}$ = 21.161912900018095 dB
	 $y_{6,41,32}$ = 26.35048231352353 dB
	 $y_{6,41,33}$ = 18.180038732022695 dB
	 $y_{6,41,40}$ = 27.573367780473873 dB
	 $y_{6,41,41}$ = 91.86709785541981 dB
	 $y_{6,41,42}$ = 31.992757842972168 dB
	 $y_{6,41,50}$ = 18.662079273206444 dB
	 $y_{6,41,51}$ = 38.88616262252409 dB
	 $y_{6,41,63}$ = 18.114256217636978 dB
		SNR medio: 81.45320157725149
		Usuarios totais: 23
$x_{6,54}$
	 $y_{6,54,34}$ = 19.466651186493962 dB
	 $y_{6,54,44}$ = 32.435341208429804 dB
	 $y_{6,54,52}$ = 18.894841510536594 dB
	 $y_{6,54,54}$ = 86.5145365500916 dB
	 $y_{6,54,73}$ = 17.523527098812934 dB
		SNR medio: 79.52485564004826
		Usuarios totais: 11
$x_{6,57}$
	 $y_{6,57,36}$ = 24.30388451477137 dB
	 $y_{6,57,38}$ = 18.930458167568716 dB
	 $y_{6,57,45}$ = 16.85059468712663 dB
	 $y_{6,57,47}$ = 25.629686720008834 dB
	 $y_{6,57,48}$ = 20.751731609416296 dB
	 $y_{6,57,49}$ = 18.323588820283533 dB
	 $y_{6,57,55}$ = 15.419244521689237 dB
	 $y_{6,57,56}$ = 24.72122228015732 dB
	 $y_{6,57,58}$ = 30.800205293031595 dB
	 $y_{6,57,66}$ = 23.0239127808036 dB
	 $y_{6,57,67}$ = 30.71827388841561 dB
	 $y_{6,57,68}$ = 22.522787157892864 dB
	 $y_{6,57,69}$ = 18.400167867524303 dB
	 $y_{6,57,74}$ = 16.24891731403521 dB
	 $y_{6,57,75}$ = 15.980590178808583 dB
	 $y_{6,57,76}$ = 18.963286520368285 dB
	 $y_{6,57,77}$ = 23.56648477772241 dB
	 $y_{6,57,85}$ = 15.108039725227073 dB
	 $y_{6,57,88}$ = 16.651616675600593 dB
		SNR medio: 23.818399134394745
		Usuarios totais: 34
$x_{6,78}$
	 $y_{6,78,39}$ = 15.81028828190827 dB
	 $y_{6,78,59}$ = 20.206880384487775 dB
	 $y_{6,78,79}$ = 28.84106298477674 dB
	 $y_{6,78,87}$ = 18.622776493154632 dB
	 $y_{6,78,89}$ = 21.215036948678048 dB
		SNR medio: 23.478681791498197
		Usuarios totais: 8
$x_{6,86}$
	 $y_{6,86,65}$ = 18.244201654403042 dB
	 $y_{6,86,71}$ = 16.4587003677038 dB
	 $y_{6,86,84}$ = 17.57690499559199 dB
	 $y_{6,86,86}$ = 85.42714439782725 dB
	 $y_{6,86,93}$ = 16.43013813584743 dB
	 $y_{6,86,94}$ = 15.827057299753506 dB
	 $y_{6,86,95}$ = 30.958383193446366 dB
	 $y_{6,86,96}$ = 25.861822052241436 dB
	 $y_{6,86,97}$ = 24.594351582920055 dB
	 $y_{6,86,98}$ = 18.465639008803038 dB
	 $y_{6,86,99}$ = 15.702745093806826 dB
		SNR medio: 75.0132459062712
		Usuarios totais: 23
$x_{6,91}$
	 $y_{6,91,70}$ = 16.072955007078036 dB
	 $y_{6,91,80}$ = 23.52133662767085 dB
	 $y_{6,91,82}$ = 20.255263616495938 dB
	 $y_{6,91,83}$ = 17.449094193385662 dB
	 $y_{6,91,90}$ = 34.368885252694284 dB
	 $y_{6,91,91}$ = 87.390488090037 dB
	 $y_{6,91,92}$ = 25.80466751692677 dB
		SNR medio: 78.93953574514934
		Usuarios totais: 13
Distances:
3 : 27 = 1788.8543819998317
3 : 41 = 1788.8543819998317
3 : 54 = 2039.607805437114
3 : 57 = 2561.2496949731394
3 : 78 = 3440.9301068170507
3 : 86 = 3417.6014981270123
3 : 91 = 3687.817782917155
27 : 41 = 2529.8221281347037
27 : 54 = 1697.0562748477141
27 : 57 = 1200.0
27 : 78 = 2039.607805437114
27 : 86 = 2433.105012119288
27 : 91 = 3687.817782917155
41 : 54 = 1264.9110640673518
41 : 57 = 2433.105012119288
41 : 78 = 3046.3092423455632
41 : 86 = 2561.2496949731394
41 : 91 = 2000.0
54 : 57 = 1200.0
54 : 78 = 1788.8543819998317
54 : 86 = 1442.2205101855957
54 : 91 = 2000.0
57 : 78 = 894.4271909999159
57 : 86 = 1264.9110640673518
57 : 91 = 2884.4410203711914
78 : 86 = 894.4271909999159
78 : 91 = 2912.043955712207
86 : 91 = 2039.607805437114
t=7
$x_{7,3}$
	 $y_{7,3,0}$ = 17.037560504935428 dB
	 $y_{7,3,1}$ = 20.44943049716639 dB
	 $y_{7,3,4}$ = 25.641342006825752 dB
	 $y_{7,3,5}$ = 16.681812846077932 dB
	 $y_{7,3,11}$ = 17.30643802834409 dB
	 $y_{7,3,12}$ = 27.949153113632335 dB
	 $y_{7,3,13}$ = 23.30339636107213 dB
	 $y_{7,3,14}$ = 27.62794379916123 dB
	 $y_{7,3,20}$ = 17.64298631164681 dB
		SNR medio: 23.686414141549793
		Usuarios totais: 18
$x_{7,27}$
	 $y_{7,27,6}$ = 16.049372002158307 dB
	 $y_{7,27,7}$ = 15.865454226146639 dB
	 $y_{7,27,8}$ = 24.295167611038522 dB
	 $y_{7,27,9}$ = 15.709181813782081 dB
	 $y_{7,27,16}$ = 22.408494985723706 dB
	 $y_{7,27,17}$ = 27.684512604523164 dB
	 $y_{7,27,19}$ = 19.995898764857372 dB
	 $y_{7,27,24}$ = 18.95058171122659 dB
	 $y_{7,27,25}$ = 24.486946476835456 dB
	 $y_{7,27,26}$ = 29.18304874289386 dB
	 $y_{7,27,27}$ = 87.57782305245155 dB
	 $y_{7,27,28}$ = 33.5603464729778 dB
	 $y_{7,27,29}$ = 19.916387604923088 dB
	 $y_{7,27,37}$ = 37.92525685835436 dB
		SNR medio: 76.1166261677968
		Usuarios totais: 26
$x_{7,41}$
	 $y_{7,41,10}$ = 21.15567468220216 dB
	 $y_{7,41,21}$ = 15.102300474617735 dB
	 $y_{7,41,23}$ = 16.754765546937236 dB
	 $y_{7,41,30}$ = 29.30157379913001 dB
	 $y_{7,41,31}$ = 29.61585837517245 dB
	 $y_{7,41,32}$ = 26.35048231352353 dB
	 $y_{7,41,42}$ = 31.992757842972168 dB
	 $y_{7,41,50}$ = 18.662079273206444 dB
	 $y_{7,41,51}$ = 38.88616262252409 dB
	 $y_{7,41,52}$ = 19.688181019481334 dB
	 $y_{7,41,60}$ = 22.124756006320325 dB
	 $y_{7,41,61}$ = 15.554123019194051 dB
	 $y_{7,41,70}$ = 15.439223902856412 dB
		SNR medio: 29.698889050571573
		Usuarios totais: 24
$x_{7,54}$
	 $y_{7,54,34}$ = 19.466651186493962 dB
	 $y_{7,54,43}$ = 21.832943396135377 dB
	 $y_{7,54,53}$ = 33.909273505068185 dB
	 $y_{7,54,54}$ = 86.5145365500916 dB
	 $y_{7,54,63}$ = 23.678143590585904 dB
	 $y_{7,54,73}$ = 17.523527098812934 dB
		SNR medio: 78.73305302643931
		Usuarios totais: 8
$x_{7,57}$
	 $y_{7,57,36}$ = 24.30388451477137 dB
	 $y_{7,57,38}$ = 18.930458167568716 dB
	 $y_{7,57,45}$ = 16.85059468712663 dB
	 $y_{7,57,46}$ = 32.610433547138086 dB
	 $y_{7,57,48}$ = 20.751731609416296 dB
	 $y_{7,57,55}$ = 15.419244521689237 dB
	 $y_{7,57,56}$ = 24.72122228015732 dB
	 $y_{7,57,57}$ = 83.17981810482522 dB
	 $y_{7,57,58}$ = 30.800205293031595 dB
	 $y_{7,57,66}$ = 23.0239127808036 dB
	 $y_{7,57,69}$ = 18.400167867524303 dB
	 $y_{7,57,76}$ = 18.963286520368285 dB
	 $y_{7,57,77}$ = 23.56648477772241 dB
	 $y_{7,57,88}$ = 16.651616675600593 dB
		SNR medio: 71.71863161482801
		Usuarios totais: 23
$x_{7,78}$
	 $y_{7,78,39}$ = 15.81028828190827 dB
	 $y_{7,78,78}$ = 93.35485397790814 dB
	 $y_{7,78,79}$ = 28.84106298477674 dB
	 $y_{7,78,87}$ = 18.622776493154632 dB
		SNR medio: 87.33425582319413
		Usuarios totais: 5
$x_{7,86}$
	 $y_{7,86,71}$ = 16.4587003677038 dB
	 $y_{7,86,84}$ = 17.57690499559199 dB
	 $y_{7,86,93}$ = 16.43013813584743 dB
	 $y_{7,86,95}$ = 30.958383193446366 dB
	 $y_{7,86,97}$ = 24.594351582920055 dB
	 $y_{7,86,98}$ = 18.465639008803038 dB
	 $y_{7,86,99}$ = 15.702745093806826 dB
		SNR medio: 24.072211729017955
		Usuarios totais: 11
$x_{7,91}$
	 $y_{7,91,80}$ = 23.52133662767085 dB
	 $y_{7,91,81}$ = 33.84786796574641 dB
	 $y_{7,91,83}$ = 17.449094193385662 dB
	 $y_{7,91,90}$ = 34.368885252694284 dB
	 $y_{7,91,92}$ = 25.80466751692677 dB
		SNR medio: 30.660378600007284
		Usuarios totais: 10
Distances:
3 : 27 = 1788.8543819998317
3 : 41 = 1788.8543819998317
3 : 54 = 2039.607805437114
3 : 57 = 2561.2496949731394
3 : 78 = 3440.9301068170507
3 : 86 = 3417.6014981270123
3 : 91 = 3687.817782917155
27 : 41 = 2529.8221281347037
27 : 54 = 1697.0562748477141
27 : 57 = 1200.0
27 : 78 = 2039.607805437114
27 : 86 = 2433.105012119288
27 : 91 = 3687.817782917155
41 : 54 = 1264.9110640673518
41 : 57 = 2433.105012119288
41 : 78 = 3046.3092423455632
41 : 86 = 2561.2496949731394
41 : 91 = 2000.0
54 : 57 = 1200.0
54 : 78 = 1788.8543819998317
54 : 86 = 1442.2205101855957
54 : 91 = 2000.0
57 : 78 = 894.4271909999159
57 : 86 = 1264.9110640673518
57 : 91 = 2884.4410203711914
78 : 86 = 894.4271909999159
78 : 91 = 2912.043955712207
86 : 91 = 2039.607805437114
t=8
$x_{8,3}$
	 $y_{8,3,1}$ = 20.44943049716639 dB
	 $y_{8,3,3}$ = 92.34193944114404 dB
	 $y_{8,3,4}$ = 25.641342006825752 dB
	 $y_{8,3,5}$ = 16.681812846077932 dB
	 $y_{8,3,11}$ = 17.30643802834409 dB
	 $y_{8,3,12}$ = 27.949153113632335 dB
	 $y_{8,3,13}$ = 23.30339636107213 dB
	 $y_{8,3,20}$ = 17.64298631164681 dB
	 $y_{8,3,34}$ = 17.351361272335566 dB
		SNR medio: 82.79951821639322
		Usuarios totais: 12
$x_{8,27}$
	 $y_{8,27,6}$ = 16.049372002158307 dB
	 $y_{8,27,7}$ = 15.865454226146639 dB
	 $y_{8,27,8}$ = 24.295167611038522 dB
	 $y_{8,27,15}$ = 19.97649686841791 dB
	 $y_{8,27,17}$ = 27.684512604523164 dB
	 $y_{8,27,18}$ = 26.93259653762661 dB
	 $y_{8,27,19}$ = 19.995898764857372 dB
	 $y_{8,27,24}$ = 18.95058171122659 dB
	 $y_{8,27,25}$ = 24.486946476835456 dB
	 $y_{8,27,26}$ = 29.18304874289386 dB
	 $y_{8,27,37}$ = 37.92525685835436 dB
		SNR medio: 29.136819945633967
		Usuarios totais: 18
$x_{8,41}$
	 $y_{8,41,22}$ = 21.161912900018095 dB
	 $y_{8,41,32}$ = 26.35048231352353 dB
	 $y_{8,41,40}$ = 27.573367780473873 dB
	 $y_{8,41,41}$ = 91.86709785541981 dB
	 $y_{8,41,51}$ = 38.88616262252409 dB
	 $y_{8,41,61}$ = 15.554123019194051 dB
		SNR medio: 84.08561051948641
		Usuarios totais: 7
$x_{8,54}$
	 $y_{8,54,35}$ = 17.42549095632242 dB
	 $y_{8,54,44}$ = 32.435341208429804 dB
	 $y_{8,54,52}$ = 18.894841510536594 dB
	 $y_{8,54,53}$ = 33.909273505068185 dB
	 $y_{8,54,64}$ = 33.37636552904701 dB
	 $y_{8,54,73}$ = 17.523527098812934 dB
		SNR medio: 30.39889399687988
		Usuarios totais: 11
$x_{8,57}$
	 $y_{8,57,36}$ = 24.30388451477137 dB
	 $y_{8,57,45}$ = 16.85059468712663 dB
	 $y_{8,57,46}$ = 32.610433547138086 dB
	 $y_{8,57,47}$ = 25.629686720008834 dB
	 $y_{8,57,48}$ = 20.751731609416296 dB
	 $y_{8,57,49}$ = 18.323588820283533 dB
	 $y_{8,57,57}$ = 83.17981810482522 dB
	 $y_{8,57,58}$ = 30.800205293031595 dB
	 $y_{8,57,66}$ = 23.0239127808036 dB
	 $y_{8,57,77}$ = 23.56648477772241 dB
	 $y_{8,57,88}$ = 16.651616675600593 dB
		SNR medio: 72.76598253115444
		Usuarios totais: 16
$x_{8,78}$
	 $y_{8,78,59}$ = 20.206880384487775 dB
	 $y_{8,78,79}$ = 28.84106298477674 dB
	 $y_{8,78,87}$ = 18.622776493154632 dB
		SNR medio: 24.976148595073564
		Usuarios totais: 8
$x_{8,86}$
	 $y_{8,86,71}$ = 16.4587003677038 dB
	 $y_{8,86,86}$ = 85.42714439782725 dB
	 $y_{8,86,95}$ = 30.958383193446366 dB
	 $y_{8,86,96}$ = 25.861822052241436 dB
	 $y_{8,86,99}$ = 15.702745093806826 dB
		SNR medio: 78.43746568860249
		Usuarios totais: 6
$x_{8,91}$
	 $y_{8,91,70}$ = 16.072955007078036 dB
	 $y_{8,91,72}$ = 16.272294060503114 dB
	 $y_{8,91,80}$ = 23.52133662767085 dB
	 $y_{8,91,81}$ = 33.84786796574641 dB
	 $y_{8,91,83}$ = 17.449094193385662 dB
	 $y_{8,91,90}$ = 34.368885252694284 dB
	 $y_{8,91,92}$ = 25.80466751692677 dB
	 $y_{8,91,94}$ = 15.317302510656432 dB
		SNR medio: 28.70552332885559
		Usuarios totais: 19
Distances:
3 : 27 = 1788.8543819998317
3 : 41 = 1788.8543819998317
3 : 54 = 2039.607805437114
3 : 57 = 2561.2496949731394
3 : 78 = 3440.9301068170507
3 : 86 = 3417.6014981270123
3 : 91 = 3687.817782917155
27 : 41 = 2529.8221281347037
27 : 54 = 1697.0562748477141
27 : 57 = 1200.0
27 : 78 = 2039.607805437114
27 : 86 = 2433.105012119288
27 : 91 = 3687.817782917155
41 : 54 = 1264.9110640673518
41 : 57 = 2433.105012119288
41 : 78 = 3046.3092423455632
41 : 86 = 2561.2496949731394
41 : 91 = 2000.0
54 : 57 = 1200.0
54 : 78 = 1788.8543819998317
54 : 86 = 1442.2205101855957
54 : 91 = 2000.0
57 : 78 = 894.4271909999159
57 : 86 = 1264.9110640673518
57 : 91 = 2884.4410203711914
78 : 86 = 894.4271909999159
78 : 91 = 2912.043955712207
86 : 91 = 2039.607805437114
t=9
$x_{9,3}$
	 $y_{9,3,0}$ = 17.037560504935428 dB
	 $y_{9,3,12}$ = 27.949153113632335 dB
		SNR medio: 25.27737674091864
		Usuarios totais: 5
$x_{9,27}$
	 $y_{9,27,9}$ = 15.709181813782081 dB
	 $y_{9,27,16}$ = 22.408494985723706 dB
	 $y_{9,27,19}$ = 19.995898764857372 dB
	 $y_{9,27,27}$ = 87.57782305245155 dB
	 $y_{9,27,28}$ = 33.5603464729778 dB
	 $y_{9,27,37}$ = 37.92525685835436 dB
		SNR medio: 79.79637717592843
		Usuarios totais: 11
$x_{9,41}$
	 $y_{9,41,10}$ = 21.15567468220216 dB
	 $y_{9,41,22}$ = 21.161912900018095 dB
	 $y_{9,41,30}$ = 29.30157379913001 dB
	 $y_{9,41,40}$ = 27.573367780473873 dB
	 $y_{9,41,41}$ = 91.86709785541981 dB
	 $y_{9,41,42}$ = 31.992757842972168 dB
		SNR medio: 84.08559458142626
		Usuarios totais: 11
$x_{9,54}$
	 $y_{9,54,44}$ = 32.435341208429804 dB
	 $y_{9,54,52}$ = 18.894841510536594 dB
	 $y_{9,54,53}$ = 33.909273505068185 dB
	 $y_{9,54,62}$ = 23.843144709351606 dB
	 $y_{9,54,63}$ = 23.678143590585904 dB
	 $y_{9,54,73}$ = 17.523527098812934 dB
		SNR medio: 29.05035663995994
		Usuarios totais: 10
$x_{9,57}$
	 $y_{9,57,46}$ = 32.610433547138086 dB
	 $y_{9,57,47}$ = 25.629686720008834 dB
	 $y_{9,57,48}$ = 20.751731609416296 dB
	 $y_{9,57,55}$ = 15.419244521689237 dB
	 $y_{9,57,67}$ = 30.71827388841561 dB
	 $y_{9,57,74}$ = 16.24891731403521 dB
	 $y_{9,57,76}$ = 18.963286520368285 dB
	 $y_{9,57,88}$ = 16.651616675600593 dB
		SNR medio: 26.639836576824347
		Usuarios totais: 11
$x_{9,78}$
	 $y_{9,78,78}$ = 93.35485397790814 dB
	 $y_{9,78,87}$ = 18.622776493154632 dB
		SNR medio: 90.34455416734355
		Usuarios totais: 3
$x_{9,86}$
	 $y_{9,86,86}$ = 85.42714439782725 dB
	 $y_{9,86,95}$ = 30.958383193446366 dB
	 $y_{9,86,99}$ = 15.702745093806826 dB
		SNR medio: 80.65594783393776
		Usuarios totais: 4
$x_{9,91}$
	 $y_{9,91,70}$ = 16.072955007078036 dB
	 $y_{9,91,72}$ = 16.272294060503114 dB
	 $y_{9,91,83}$ = 17.449094193385662 dB
	 $y_{9,91,91}$ = 87.390488090037 dB
	 $y_{9,91,93}$ = 18.172021786140817 dB
		SNR medio: 80.40078966315303
		Usuarios totais: 7
Distances:
3 : 27 = 1788.8543819998317
3 : 41 = 1788.8543819998317
3 : 54 = 2039.607805437114
3 : 57 = 2561.2496949731394
3 : 78 = 3440.9301068170507
3 : 86 = 3417.6014981270123
3 : 91 = 3687.817782917155
27 : 41 = 2529.8221281347037
27 : 54 = 1697.0562748477141
27 : 57 = 1200.0
27 : 78 = 2039.607805437114
27 : 86 = 2433.105012119288
27 : 91 = 3687.817782917155
41 : 54 = 1264.9110640673518
41 : 57 = 2433.105012119288
41 : 78 = 3046.3092423455632
41 : 86 = 2561.2496949731394
41 : 91 = 2000.0
54 : 57 = 1200.0
54 : 78 = 1788.8543819998317
54 : 86 = 1442.2205101855957
54 : 91 = 2000.0
57 : 78 = 894.4271909999159
57 : 86 = 1264.9110640673518
57 : 91 = 2884.4410203711914
78 : 86 = 894.4271909999159
78 : 91 = 2912.043955712207
86 : 91 = 2039.607805437114
t=10
$x_{10,3}$
	 $y_{10,3,1}$ = 20.44943049716639 dB
	 $y_{10,3,4}$ = 25.641342006825752 dB
	 $y_{10,3,23}$ = 15.571461014803404 dB
		SNR medio: 22.334392866931324
		Usuarios totais: 3
$x_{10,27}$
	 $y_{10,27,6}$ = 16.049372002158307 dB
	 $y_{10,27,8}$ = 24.295167611038522 dB
	 $y_{10,27,18}$ = 26.93259653762661 dB
	 $y_{10,27,25}$ = 24.486946476835456 dB
	 $y_{10,27,29}$ = 19.916387604923088 dB
	 $y_{10,27,35}$ = 23.72080981068342 dB
	 $y_{10,27,37}$ = 37.92525685835436 dB
		SNR medio: 30.36807713142215
		Usuarios totais: 7
$x_{10,41}$
	 $y_{10,41,31}$ = 29.61585837517245 dB
	 $y_{10,41,33}$ = 18.180038732022695 dB
	 $y_{10,41,60}$ = 22.124756006320325 dB
		SNR medio: 25.81388908176807
		Usuarios totais: 4
$x_{10,54}$
	 $y_{10,54,34}$ = 19.466651186493962 dB
	 $y_{10,54,53}$ = 33.909273505068185 dB
	 $y_{10,54,65}$ = 30.155878169103843 dB
		SNR medio: 30.77361070332143
		Usuarios totais: 4
$x_{10,57}$
	 $y_{10,57,69}$ = 18.400167867524303 dB
	 $y_{10,57,74}$ = 16.24891731403521 dB
	 $y_{10,57,76}$ = 18.963286520368285 dB
	 $y_{10,57,77}$ = 23.56648477772241 dB
		SNR medio: 20.185285982596376
		Usuarios totais: 5
$x_{10,78}$
	 $y_{10,78,39}$ = 15.81028828190827 dB
	 $y_{10,78,59}$ = 20.206880384487775 dB
	 $y_{10,78,78}$ = 93.35485397790814 dB
	 $y_{10,78,79}$ = 28.84106298477674 dB
	 $y_{10,78,98}$ = 17.949411862973278 dB
		SNR medio: 86.36515588250482
		Usuarios totais: 6
$x_{10,86}$
	 $y_{10,86,71}$ = 16.4587003677038 dB
	 $y_{10,86,84}$ = 17.57690499559199 dB
	 $y_{10,86,95}$ = 30.958383193446366 dB
	 $y_{10,86,96}$ = 25.861822052241436 dB
		SNR medio: 26.370000538936825
		Usuarios totais: 5
$x_{10,91}$
	 $y_{10,91,83}$ = 17.449094193385662 dB
	 $y_{10,91,91}$ = 87.390488090037 dB
	 $y_{10,91,92}$ = 25.80466751692677 dB
		SNR medio: 82.61927899744335
		Usuarios totais: 4
Distances:
3 : 27 = 1788.8543819998317
3 : 41 = 1788.8543819998317
3 : 54 = 2039.607805437114
3 : 57 = 2561.2496949731394
3 : 78 = 3440.9301068170507
3 : 86 = 3417.6014981270123
3 : 91 = 3687.817782917155
27 : 41 = 2529.8221281347037
27 : 54 = 1697.0562748477141
27 : 57 = 1200.0
27 : 78 = 2039.607805437114
27 : 86 = 2433.105012119288
27 : 91 = 3687.817782917155
41 : 54 = 1264.9110640673518
41 : 57 = 2433.105012119288
41 : 78 = 3046.3092423455632
41 : 86 = 2561.2496949731394
41 : 91 = 2000.0
54 : 57 = 1200.0
54 : 78 = 1788.8543819998317
54 : 86 = 1442.2205101855957
54 : 91 = 2000.0
57 : 78 = 894.4271909999159
57 : 86 = 1264.9110640673518
57 : 91 = 2884.4410203711914
78 : 86 = 894.4271909999159
78 : 91 = 2912.043955712207
86 : 91 = 2039.607805437114
t=11
$x_{11,3}$
	 $y_{11,3,1}$ = 20.44943049716639 dB
	 $y_{11,3,4}$ = 25.641342006825752 dB
		SNR medio: 23.779013239780813
		Usuarios totais: 2
$x_{11,27}$
		Usuarios totais: 0
$x_{11,41}$
	 $y_{11,41,21}$ = 15.102300474617735 dB
		SNR medio: 15.102300474617735
		Usuarios totais: 1
$x_{11,54}$
		Usuarios totais: 0
$x_{11,57}$
	 $y_{11,57,46}$ = 32.610433547138086 dB
	 $y_{11,57,57}$ = 83.17981810482522 dB
	 $y_{11,57,76}$ = 18.963286520368285 dB
		SNR medio: 78.40864529537471
		Usuarios totais: 3
$x_{11,78}$
	 $y_{11,78,79}$ = 28.84106298477674 dB
		SNR medio: 28.84106298477674
		Usuarios totais: 1
$x_{11,86}$
	 $y_{11,86,99}$ = 15.702745093806826 dB
		SNR medio: 15.702745093806826
		Usuarios totais: 1
$x_{11,91}$
	 $y_{11,91,72}$ = 16.272294060503114 dB
	 $y_{11,91,80}$ = 23.52133662767085 dB
	 $y_{11,91,92}$ = 25.80466751692677 dB
		SNR medio: 23.344266671210427
		Usuarios totais: 3
Distances:
3 : 27 = 1788.8543819998317
3 : 41 = 1788.8543819998317
3 : 54 = 2039.607805437114
3 : 57 = 2561.2496949731394
3 : 78 = 3440.9301068170507
3 : 86 = 3417.6014981270123
3 : 91 = 3687.817782917155
27 : 41 = 2529.8221281347037
27 : 54 = 1697.0562748477141
27 : 57 = 1200.0
27 : 78 = 2039.607805437114
27 : 86 = 2433.105012119288
27 : 91 = 3687.817782917155
41 : 54 = 1264.9110640673518
41 : 57 = 2433.105012119288
41 : 78 = 3046.3092423455632
41 : 86 = 2561.2496949731394
41 : 91 = 2000.0
54 : 57 = 1200.0
54 : 78 = 1788.8543819998317
54 : 86 = 1442.2205101855957
54 : 91 = 2000.0
57 : 78 = 894.4271909999159
57 : 86 = 1264.9110640673518
57 : 91 = 2884.4410203711914
78 : 86 = 894.4271909999159
78 : 91 = 2912.043955712207
86 : 91 = 2039.607805437114
--- Done after 0.1504472286833657 hours. ---
