-------------Calculating Solution (this may take a while)
+++++++++++++++++++Min Sinr: 5 dB (pgwo3)
+++++++++++++++++++With backhaul constraint. Start: 2023-06-30 02:25:32

Parameters:
- chosen seed 6
- Map with 100 sectors
- Map 4000 x 4000 m
- Sector has a side of 400 m
- Max time:  12
- users_t_m:  [[0, 0, 0, 0, 0, 0, 0, 0, 0, 0, 0, 0, 0, 0, 0, 0, 0, 0, 0, 0, 0, 0, 0, 0, 0, 0, 0, 0, 0, 0, 0, 0, 0, 0, 0, 0, 0, 0, 0, 0, 0, 0, 0, 0, 0, 0, 0, 0, 0, 0, 0, 0, 0, 0, 0, 0, 0, 0, 0, 0, 0, 0, 0, 0, 0, 0, 2, 1, 0, 0, 0, 0, 0, 0, 0, 0, 4, 2, 1, 0, 0, 0, 0, 0, 0, 0, 2, 16, 0, 0, 0, 0, 0, 0, 0, 0, 0, 0, 0, 0], [1, 0, 0, 0, 0, 0, 0, 0, 0, 1, 0, 0, 0, 1, 0, 2, 0, 0, 0, 0, 0, 0, 1, 1, 1, 0, 0, 1, 1, 1, 0, 1, 0, 1, 0, 0, 0, 0, 0, 0, 0, 0, 1, 1, 0, 0, 0, 0, 0, 0, 0, 0, 0, 0, 1, 2, 1, 0, 0, 1, 1, 0, 0, 0, 0, 0, 0, 3, 0, 0, 0, 0, 0, 0, 0, 0, 5, 3, 1, 0, 0, 0, 0, 0, 1, 0, 2, 14, 1, 1, 0, 1, 0, 0, 0, 0, 0, 0, 0, 1], [1, 0, 0, 1, 0, 1, 0, 0, 1, 0, 0, 1, 0, 0, 0, 0, 0, 0, 1, 1, 1, 1, 1, 0, 0, 0, 0, 1, 1, 0, 3, 0, 0, 0, 0, 0, 2, 1, 0, 1, 3, 0, 0, 0, 0, 0, 0, 2, 0, 0, 1, 0, 1, 0, 1, 0, 0, 0, 1, 0, 1, 1, 1, 1, 0, 0, 2, 0, 0, 1, 1, 0, 0, 0, 2, 0, 5, 3, 1, 2, 1, 3, 1, 0, 3, 2, 2, 21, 1, 0, 0, 0, 1, 0, 0, 1, 0, 0, 0, 1], [2, 1, 1, 2, 0, 1, 1, 0, 0, 0, 1, 0, 0, 0, 2, 0, 1, 1, 1, 1, 0, 1, 2, 0, 0, 1, 2, 1, 2, 0, 0, 3, 3, 0, 0, 0, 1, 0, 2, 0, 1, 1, 0, 2, 2, 1, 1, 0, 0, 1, 0, 1, 0, 0, 2, 0, 2, 0, 0, 0, 1, 0, 2, 3, 1, 0, 2, 4, 0, 0, 3, 1, 1, 2, 0, 1, 4, 8, 1, 0, 1, 0, 2, 5, 1, 0, 2, 26, 2, 0, 2, 1, 0, 0, 1, 1, 0, 1, 1, 0], [1, 0, 1, 2, 2, 2, 2, 1, 2, 4, 2, 0, 3, 0, 2, 1, 1, 0, 3, 2, 0, 2, 3, 2, 2, 0, 0, 1, 1, 0, 0, 3, 1, 1, 1, 0, 3, 1, 1, 0, 2, 1, 2, 1, 1, 3, 1, 3, 3, 3, 1, 1, 1, 2, 0, 1, 0, 5, 1, 4, 0, 1, 0, 1, 0, 0, 1, 2, 3, 1, 0, 3, 0, 1, 2, 1, 2, 4, 2, 1, 1, 0, 3, 2, 0, 1, 2, 21, 0, 0, 2, 1, 0, 1, 2, 2, 0, 0, 0, 1], [2, 0, 2, 0, 1, 4, 1, 2, 1, 2, 2, 1, 3, 1, 2, 3, 2, 2, 3, 1, 0, 1, 4, 3, 0, 1, 3, 4, 2, 0, 1, 1, 1, 1, 4, 2, 1, 3, 0, 1, 0, 1, 4, 2, 0, 2, 3, 0, 0, 2, 3, 0, 0, 2, 0, 0, 2, 0, 1, 2, 1, 1, 3, 0, 3, 3, 4, 6, 4, 0, 1, 0, 0, 1, 1, 1, 5, 6, 3, 4, 1, 2, 0, 0, 0, 5, 3, 16, 4, 1, 2, 3, 3, 2, 2, 0, 1, 1, 2, 0], [3, 1, 0, 1, 4, 1, 1, 1, 2, 1, 1, 1, 0, 1, 2, 2, 0, 2, 4, 3, 2, 3, 2, 1, 1, 1, 0, 0, 2, 1, 0, 4, 2, 1, 2, 1, 1, 3, 3, 1, 1, 4, 1, 0, 2, 3, 0, 1, 1, 1, 2, 1, 1, 0, 3, 3, 2, 0, 2, 2, 0, 0, 0, 5, 0, 1, 1, 1, 3, 1, 1, 1, 0, 3, 1, 2, 2, 1, 0, 2, 2, 0, 1, 4, 2, 3, 1, 2, 2, 1, 2, 2, 1, 1, 2, 3, 3, 2, 5, 2], [3, 3, 0, 0, 1, 1, 2, 3, 1, 2, 1, 1, 3, 1, 4, 0, 2, 1, 0, 1, 1, 1, 0, 1, 3, 1, 1, 3, 1, 4, 2, 4, 3, 0, 1, 0, 1, 1, 4, 1, 0, 0, 1, 1, 0, 2, 1, 0, 2, 0, 2, 1, 2, 2, 1, 1, 2, 1, 1, 0, 2, 3, 0, 1, 0, 0, 3, 0, 0, 1, 1, 1, 0, 2, 0, 0, 2, 1, 1, 1, 2, 2, 0, 3, 2, 0, 0, 2, 1, 0, 2, 0, 1, 1, 0, 4, 0, 1, 1, 1], [0, 1, 0, 1, 3, 1, 1, 1, 2, 0, 0, 1, 1, 2, 0, 2, 0, 1, 3, 1, 1, 0, 1, 0, 2, 2, 1, 0, 0, 0, 0, 0, 1, 0, 1, 3, 1, 2, 0, 0, 1, 2, 0, 0, 1, 4, 2, 1, 1, 1, 0, 1, 2, 1, 0, 0, 0, 1, 2, 4, 0, 1, 0, 0, 2, 0, 1, 0, 0, 0, 1, 1, 4, 2, 0, 0, 0, 1, 0, 1, 3, 2, 0, 2, 0, 0, 2, 3, 1, 0, 1, 0, 5, 0, 1, 1, 1, 0, 0, 1], [1, 0, 0, 0, 0, 0, 0, 0, 0, 2, 1, 0, 4, 0, 0, 0, 2, 0, 0, 1, 0, 0, 1, 0, 0, 0, 0, 2, 3, 0, 1, 0, 0, 0, 0, 0, 0, 1, 0, 0, 3, 4, 1, 0, 1, 0, 1, 1, 2, 0, 0, 0, 1, 3, 0, 1, 0, 0, 0, 0, 0, 0, 2, 2, 0, 0, 0, 1, 0, 0, 1, 0, 1, 1, 2, 0, 1, 0, 2, 0, 0, 0, 0, 1, 0, 0, 1, 1, 2, 0, 0, 3, 0, 1, 0, 1, 0, 0, 0, 2], [0, 1, 0, 0, 1, 0, 1, 0, 1, 0, 0, 0, 0, 0, 0, 0, 0, 0, 1, 0, 0, 0, 0, 1, 0, 1, 0, 0, 0, 1, 0, 2, 0, 1, 1, 1, 0, 1, 0, 1, 0, 0, 0, 0, 0, 0, 0, 0, 0, 0, 0, 0, 0, 1, 0, 0, 0, 0, 0, 1, 1, 0, 0, 0, 0, 2, 0, 0, 0, 1, 0, 1, 0, 0, 1, 0, 1, 2, 1, 1, 0, 0, 0, 1, 1, 0, 0, 0, 0, 0, 0, 1, 2, 0, 0, 2, 1, 0, 2, 0], [0, 1, 0, 0, 1, 0, 0, 0, 0, 0, 0, 0, 0, 0, 0, 0, 0, 0, 0, 0, 0, 1, 0, 0, 0, 0, 0, 0, 0, 0, 0, 0, 0, 0, 0, 0, 0, 0, 0, 0, 0, 0, 0, 0, 0, 0, 1, 0, 0, 0, 0, 0, 0, 0, 0, 0, 0, 1, 0, 0, 0, 0, 0, 0, 0, 0, 0, 0, 0, 0, 0, 0, 1, 0, 0, 0, 1, 0, 0, 1, 1, 0, 0, 0, 0, 0, 0, 0, 0, 0, 0, 0, 1, 0, 0, 0, 0, 0, 0, 1]]
MAX_USER_PER_ANTENNAS_m:  [40, 40, 40, 40, 40, 40, 40, 40, 40, 40, 40, 40, 40, 40, 40, 40, 40, 40, 40, 40, 40, 40, 40, 40, 40, 40, 40, 40, 40, 40, 40, 40, 40, 40, 40, 40, 40, 40, 40, 40, 40, 40, 40, 40, 40, 40, 40, 40, 40, 40, 40, 40, 40, 40, 40, 40, 40, 40, 40, 40, 40, 40, 40, 40, 40, 40, 40, 40, 40, 40, 40, 40, 40, 40, 40, 40, 40, 40, 40, 40, 40, 40, 40, 40, 40, 40, 40, 40, 40, 40, 40, 40, 40, 40, 40, 40, 40, 40, 40, 40]
antennas_map_m:  [1, 1, 1, 1, 1, 1, 1, 1, 1, 1, 1, 1, 1, 1, 1, 1, 1, 1, 1, 1, 1, 1, 1, 1, 1, 1, 1, 1, 1, 1, 1, 1, 1, 1, 1, 1, 1, 1, 1, 1, 1, 1, 1, 1, 1, 1, 1, 1, 1, 1, 1, 1, 1, 1, 1, 1, 1, 1, 1, 1, 1, 1, 1, 1, 1, 1, 1, 1, 1, 1, 1, 1, 1, 1, 1, 1, 1, 1, 1, 1, 1, 1, 1, 1, 1, 1, 1, 1, 1, 1, 1, 1, 1, 1, 1, 1, 1, 1, 1, 1]
FIRST_ANTENNA:  73
MIN_SNR_m:  [3.1622776601683795, 3.1622776601683795, 3.1622776601683795, 3.1622776601683795, 3.1622776601683795, 3.1622776601683795, 3.1622776601683795, 3.1622776601683795, 3.1622776601683795, 3.1622776601683795, 3.1622776601683795, 3.1622776601683795, 3.1622776601683795, 3.1622776601683795, 3.1622776601683795, 3.1622776601683795, 3.1622776601683795, 3.1622776601683795, 3.1622776601683795, 3.1622776601683795, 3.1622776601683795, 3.1622776601683795, 3.1622776601683795, 3.1622776601683795, 3.1622776601683795, 3.1622776601683795, 3.1622776601683795, 3.1622776601683795, 3.1622776601683795, 3.1622776601683795, 3.1622776601683795, 3.1622776601683795, 3.1622776601683795, 3.1622776601683795, 3.1622776601683795, 3.1622776601683795, 3.1622776601683795, 3.1622776601683795, 3.1622776601683795, 3.1622776601683795, 3.1622776601683795, 3.1622776601683795, 3.1622776601683795, 3.1622776601683795, 3.1622776601683795, 3.1622776601683795, 3.1622776601683795, 3.1622776601683795, 3.1622776601683795, 3.1622776601683795, 3.1622776601683795, 3.1622776601683795, 3.1622776601683795, 3.1622776601683795, 3.1622776601683795, 3.1622776601683795, 3.1622776601683795, 3.1622776601683795, 3.1622776601683795, 3.1622776601683795, 3.1622776601683795, 3.1622776601683795, 3.1622776601683795, 3.1622776601683795, 3.1622776601683795, 3.1622776601683795, 3.1622776601683795, 3.1622776601683795, 3.1622776601683795, 3.1622776601683795, 3.1622776601683795, 3.1622776601683795, 3.1622776601683795, 3.1622776601683795, 3.1622776601683795, 3.1622776601683795, 3.1622776601683795, 3.1622776601683795, 3.1622776601683795, 3.1622776601683795, 3.1622776601683795, 3.1622776601683795, 3.1622776601683795, 3.1622776601683795, 3.1622776601683795, 3.1622776601683795, 3.1622776601683795, 3.1622776601683795, 3.1622776601683795, 3.1622776601683795, 3.1622776601683795, 3.1622776601683795, 3.1622776601683795, 3.1622776601683795, 3.1622776601683795, 3.1622776601683795, 3.1622776601683795, 3.1622776601683795, 3.1622776601683795, 3.1622776601683795]
-MIN_DIST:  2000
- disaster percentage:  0

Slice 0
Fitnes _wolf:  -inf

Run GWO to deployment +1 antenna on the map
	Pack size:  50
	Wolf dimension 1
	Max iter 100
	antennas_regions:  [73]
	users_regions:  [66 67 76 77 78 86 87]
	Fitness function:  <function fitness_pgwo3 at 0x7f1105880170>
	Seed_base:  0
initial_alpha:  Wolf 13 (13). Fitness: 1196.879268391283
	(1036.0339668618942, 2741.0319718581477, 0). Region: 62
initial_beta:  Wolf 40 (40). Fitness: 52.586419358141576
	(1834.4268375482454, 3511.47161495604, 0). Region: 84
initial_delta:  Wolf 34 (34). Fitness: 35.79564278417967
	(2115.741531761649, 2342.9874189994466, 0). Region: 55 

iter = 10
Alpha wolf:  Wolf 13 (13). Fitness: 1196.879268391283
	(1036.0339668618942, 2741.0319718581477, 0). Region: 62
iter = 20
Alpha wolf:  Wolf 13 (13). Fitness: 1196.879268391283
	(826.2560828804608, 2522.534381595, 0.0). Region: 62
iter = 30
Alpha wolf:  Wolf 13 (13). Fitness: 1196.879268391283
	(907.5837413683709, 2473.123411634923, 0.0). Region: 62
iter = 40
Alpha wolf:  Wolf 13 (13). Fitness: 1196.879268391283
	(866.6806411360349, 2562.5659052736855, 0.0). Region: 62
iter = 50
Alpha wolf:  Wolf 13 (13). Fitness: 1196.879268391283
	(957.0610134461567, 2436.642513770728, 0.0). Region: 62
iter = 60
Alpha wolf:  Wolf 13 (13). Fitness: 1196.879268391283
	(1119.694313954141, 2708.6500900547876, 0.0). Region: 62
iter = 70
Alpha wolf:  Wolf 13 (13). Fitness: 1196.879268391283
	(901.2896609458658, 2528.7156336312764, 0.0). Region: 62
iter = 80
Alpha wolf:  Wolf 13 (13). Fitness: 1196.879268391283
	(955.5362277587265, 2480.9442560654807, 0.0). Region: 62
iter = 90
Alpha wolf:  Wolf 13 (13). Fitness: 1196.879268391283
	(1020.6667249470067, 2637.0367571791453, 0.0). Region: 62

- Finishing GWO - 

Best solution:  Wolf 13 (13). Fitness: 1196.879268391283
	(965.0821369270831, 2696.000450682866, 0.0). Region: 62
Antennas in slice 0:  [62 73]
Results:  [array([62, 73])]

Slice 1
Fitnes _wolf:  -inf

Run GWO to deployment +1 antenna on the map
	Pack size:  50
	Wolf dimension 1
	Max iter 100
	antennas_regions:  [62 73]
	users_regions:  [ 0  9 13 15 22 23 24 27 28 29 31 33 42 43 54 55 56 59 60 67 76 77 78 84
 86 87 88 89 91 99]
	Fitness function:  <function fitness_pgwo3 at 0x7f1105880170>
	Seed_base:  50
initial_alpha:  Wolf 0 (50). Fitness: -inf
	(1990.1462750344092, 1064.6948922901624, 0). Region: 24
initial_beta:  Wolf 1 (51). Fitness: -inf
	(974.071050837348, 2008.835958012624, 0). Region: 52
initial_delta:  Wolf 2 (52). Fitness: -inf
	(3913.4194334839867, 218.09062004182954, 0). Region: 9 

iter = 10
Alpha wolf:  Wolf 0 (50). Fitness: -inf
	(2008.4417582681635, 297.7625818656375, 0.0). Region: 5
iter = 20
Alpha wolf:  Wolf 0 (50). Fitness: -inf
	(1551.3670223797021, 1586.3458792971546, 0.0). Region: 33
iter = 30
Alpha wolf:  Wolf 0 (50). Fitness: -inf
	(1483.864718162788, 811.9465945123962, 0.0). Region: 23
iter = 40
Alpha wolf:  Wolf 0 (50). Fitness: -inf
	(751.3334931922993, 1034.4305245607286, 0.0). Region: 21
iter = 50
Alpha wolf:  Wolf 0 (50). Fitness: -inf
	(1071.0585797486465, 724.9619990470792, 0.0). Region: 12
iter = 60
Alpha wolf:  Wolf 0 (50). Fitness: -inf
	(1394.126818005898, 952.6155726214108, 0.0). Region: 23
iter = 70
Alpha wolf:  Wolf 0 (50). Fitness: -inf
	(1027.4955508842331, 1952.9986028367377, 0.0). Region: 42
iter = 80
Alpha wolf:  Wolf 0 (50). Fitness: -inf
	(967.1938180516536, 1628.1429301518574, 0.0). Region: 42
iter = 90
Alpha wolf:  Wolf 0 (50). Fitness: -inf
	(898.6921453964972, 1689.1365185907075, 0.0). Region: 42

- Finishing GWO - 


Run GWO to deployment +2 antenna on the map
	Pack size:  50
	Wolf dimension 2
	Max iter 100
	antennas_regions:  [62 73]
	users_regions:  [ 0  9 13 15 22 23 24 27 28 29 31 33 42 43 54 55 56 59 60 67 76 77 78 84
 86 87 88 89 91 99]
	Fitness function:  <function fitness_pgwo3 at 0x7f1105880170>
	Seed_base:  100
initial_alpha:  Wolf 0 (100). Fitness: -inf
	(582.6770204165213, 1819.7080180560854, 0). Region: 41
	(3083.1352226360887, 2822.052907736112, 0). Region: 77
initial_beta:  Wolf 1 (101). Fitness: -inf
	(2324.6085300182585, 779.0179821365468, 0). Region: 15
	(3861.0044282444446, 3695.905606707177, 0). Region: 99
initial_delta:  Wolf 2 (102). Fitness: -inf
	(592.6848255483344, 2463.8611483048944, 0). Region: 61
	(678.7432895426688, 2850.0277895008303, 0). Region: 71 

The alpha wolf has been updated to a position with higher fitness. iter = 9
New alpha wolf:  Wolf 15 (115). Fitness: 7.145964420197518e-06
	(2216.294101738748, 711.3380477440346, 0.0). Region: 15
	(3141.275069367859, 2041.8490430411211, 0.0). Region: 57
iter = 10
Alpha wolf:  Wolf 15 (115). Fitness: 7.145964420197518e-06
	(2216.294101738748, 711.3380477440346, 0.0). Region: 15
	(3141.275069367859, 2041.8490430411211, 0.0). Region: 57
The alpha wolf has been updated to a position with higher fitness. iter = 11
New alpha wolf:  Wolf 21 (121). Fitness: 11.222766673336725
	(3244.685086777413, 1344.5747836349008, 0.0). Region: 38
	(1719.4268946428, 65.49188875352016, 0.0). Region: 4
iter = 20
Alpha wolf:  Wolf 21 (121). Fitness: 11.222766673336725
	(3244.685086777413, 1344.5747836349008, 0.0). Region: 38
	(1719.4268946428, 65.49188875352016, 0.0). Region: 4
iter = 30
Alpha wolf:  Wolf 21 (121). Fitness: 11.222766673336725
	(3244.685086777413, 1344.5747836349008, 0.0). Region: 38
	(1719.4268946428, 65.49188875352016, 0.0). Region: 4
iter = 40
Alpha wolf:  Wolf 21 (121). Fitness: 11.222766673336725
	(3244.685086777413, 1344.5747836349008, 0.0). Region: 38
	(1719.4268946428, 65.49188875352016, 0.0). Region: 4
iter = 50
Alpha wolf:  Wolf 21 (121). Fitness: 11.222766673336725
	(3558.7241820412473, 1503.3416348748772, 0.0). Region: 38
	(1952.6402485228923, 149.16463579383574, 0.0). Region: 4
iter = 60
Alpha wolf:  Wolf 21 (121). Fitness: 11.222766673336725
	(3278.2984121322793, 1294.7319122398867, 0.0). Region: 38
	(1616.3533131640154, 143.9832316608748, 0.0). Region: 4
iter = 70
Alpha wolf:  Wolf 21 (121). Fitness: 11.222766673336725
	(3278.2984121322793, 1294.7319122398867, 0.0). Region: 38
	(1616.3533131640154, 143.9832316608748, 0.0). Region: 4
iter = 80
Alpha wolf:  Wolf 21 (121). Fitness: 11.222766673336725
	(3255.0582185290623, 1450.7552106946514, 0.0). Region: 38
	(1870.1796265475054, 230.61525912788318, 0.0). Region: 4
iter = 90
Alpha wolf:  Wolf 21 (121). Fitness: 11.222766673336725
	(3449.9901750322397, 1383.1099918479104, 0.0). Region: 38
	(1959.162376252076, 244.50562995611, 0.0). Region: 4

- Finishing GWO - 

Best solution:  Wolf 21 (121). Fitness: 11.222766673336725
	(3367.913487046574, 1421.5789046434431, 0.0). Region: 38
	(1879.1578614029318, 227.05282818781214, 0.0). Region: 4
Antennas in slice 1:  [ 4 38 62 73]
Results:  [array([62, 73]), array([ 4, 38, 62, 73])]

Slice 2
Fitnes _wolf:  -inf

Run GWO to deployment +1 antenna on the map
	Pack size:  50
	Wolf dimension 1
	Max iter 100
	antennas_regions:  [ 4 38 62 73]
	users_regions:  [ 0  3  5  8 11 18 19 20 21 22 27 28 30 36 37 39 40 47 50 52 54 58 60 61
 62 63 66 69 70 74 76 77 78 79 80 81 82 84 85 86 87 88 92 95 99]
	Fitness function:  <function fitness_pgwo3 at 0x7f1105880170>
	Seed_base:  150
initial_alpha:  Wolf 32 (182). Fitness: 3.6987803483471517
	(1808.263461396226, 933.802492422807, 0). Region: 24
initial_beta:  Wolf 22 (172). Fitness: 3.6973883337997804
	(1410.079425379627, 855.9504538657659, 0). Region: 23
initial_delta:  Wolf 42 (192). Fitness: 3.6973883337997804
	(1493.3447489910466, 1197.4545743194224, 0). Region: 23 

The alpha wolf has been updated to a position with higher fitness. iter = 0
New alpha wolf:  Wolf 42 (192). Fitness: 4.123135743685777
	(2006.5323397999932, 898.1845011778305, 0.0). Region: 25
iter = 10
Alpha wolf:  Wolf 42 (192). Fitness: 4.123135743685777
	(2017.5684815783018, 1115.6310554850788, 0.0). Region: 25
The alpha wolf has been updated to a position with higher fitness. iter = 13
New alpha wolf:  Wolf 16 (166). Fitness: 4.16931078462062
	(518.3744267324092, 1706.061752295742, 0.0). Region: 41
iter = 20
Alpha wolf:  Wolf 16 (166). Fitness: 4.16931078462062
	(457.8621855573709, 1643.8369443279983, 0.0). Region: 41
iter = 30
Alpha wolf:  Wolf 16 (166). Fitness: 4.16931078462062
	(687.919879441512, 1648.5270722967282, 0.0). Region: 41
iter = 40
Alpha wolf:  Wolf 16 (166). Fitness: 4.16931078462062
	(577.5309074601644, 1837.515845085439, 0.0). Region: 41
iter = 50
Alpha wolf:  Wolf 16 (166). Fitness: 4.16931078462062
	(592.4869245071351, 1629.7126730252844, 0.0). Region: 41
iter = 60
Alpha wolf:  Wolf 16 (166). Fitness: 4.16931078462062
	(756.1406472347142, 1969.5584957485244, 0.0). Region: 41
iter = 70
Alpha wolf:  Wolf 16 (166). Fitness: 4.16931078462062
	(435.72188861798134, 1910.832587036729, 0.0). Region: 41
iter = 80
Alpha wolf:  Wolf 16 (166). Fitness: 4.16931078462062
	(517.3131220832618, 1624.4181142091834, 0.0). Region: 41
iter = 90
Alpha wolf:  Wolf 16 (166). Fitness: 4.16931078462062
	(504.6083845826256, 1785.0588656356194, 0.0). Region: 41

- Finishing GWO - 

Best solution:  Wolf 16 (166). Fitness: 4.16931078462062
	(478.62071830237693, 1922.5281442401647, 0.0). Region: 41
Antennas in slice 2:  [ 4 38 41 62 73]
Results:  [array([62, 73]), array([ 4, 38, 62, 73]), array([ 4, 38, 41, 62, 73])]

Slice 3
Fitnes _wolf:  -inf

Run GWO to deployment +1 antenna on the map
	Pack size:  50
	Wolf dimension 1
	Max iter 100
	antennas_regions:  [ 4 38 41 62 73]
	users_regions:  [ 0  1  2  3  5  6 10 14 16 17 18 19 21 22 25 26 27 28 31 32 36 38 40 41
 43 44 45 46 49 51 54 56 60 62 63 64 66 67 70 71 72 73 75 76 77 78 80 82
 83 84 86 87 88 90 91 94 95 97 98]
	Fitness function:  <function fitness_pgwo3 at 0x7f1105880170>
	Seed_base:  200
initial_alpha:  Wolf 14 (214). Fitness: 5.319713012187471e-06
	(2069.133839862071, 1421.3972513333638, 0). Region: 35
initial_beta:  Wolf 43 (243). Fitness: 4.608765909630716e-06
	(3911.9757978697667, 2102.720508395365, 0). Region: 59
initial_delta:  Wolf 46 (246). Fitness: 4.608765909630716e-06
	(3708.2991021951, 2066.707265013832, 0). Region: 59 

iter = 10
Alpha wolf:  Wolf 14 (214). Fitness: 5.319713012187471e-06
	(2069.133839862071, 1421.3972513333638, 0). Region: 35
iter = 20
Alpha wolf:  Wolf 14 (214). Fitness: 5.319713012187471e-06
	(2087.6362049955715, 1559.9785327508635, 0.0). Region: 35
iter = 30
Alpha wolf:  Wolf 14 (214). Fitness: 5.319713012187471e-06
	(2087.6362049955715, 1559.9785327508635, 0.0). Region: 35
iter = 40
Alpha wolf:  Wolf 14 (214). Fitness: 5.319713012187471e-06
	(2219.23628928591, 1433.4021978896494, 0.0). Region: 35
iter = 50
Alpha wolf:  Wolf 14 (214). Fitness: 5.319713012187471e-06
	(2366.089247320777, 1357.417518708311, 0.0). Region: 35
iter = 60
Alpha wolf:  Wolf 14 (214). Fitness: 5.319713012187471e-06
	(2155.7333182240855, 1249.5191708859566, 0.0). Region: 35
iter = 70
Alpha wolf:  Wolf 14 (214). Fitness: 5.319713012187471e-06
	(2054.585414294535, 1529.826683484229, 0.0). Region: 35
iter = 80
Alpha wolf:  Wolf 14 (214). Fitness: 5.319713012187471e-06
	(2306.0033129735457, 1300.1183542435406, 0.0). Region: 35
iter = 90
Alpha wolf:  Wolf 14 (214). Fitness: 5.319713012187471e-06
	(2236.234847746512, 1360.5678841458912, 0.0). Region: 35

- Finishing GWO - 

Best solution:  Wolf 14 (214). Fitness: 5.319713012187471e-06
	(2121.071558667647, 1465.3471125327017, 0.0). Region: 35
Antennas in slice 3:  [ 4 35 38 41 62 73]
Results:  [array([62, 73]), array([ 4, 38, 62, 73]), array([ 4, 38, 41, 62, 73]), array([ 4, 35, 38, 41, 62, 73])]

Slice 4
Fitnes _wolf:  6.196673309982677e-06
The set of antennas serves the scenario in the respective slice.
Results:  [array([62, 73]), array([ 4, 38, 62, 73]), array([ 4, 38, 41, 62, 73]), array([ 4, 35, 38, 41, 62, 73]), array([ 4, 35, 38, 41, 62, 73])]

Slice 5
Fitnes _wolf:  7.685433308745906e-06
The set of antennas serves the scenario in the respective slice.
Results:  [array([62, 73]), array([ 4, 38, 62, 73]), array([ 4, 38, 41, 62, 73]), array([ 4, 35, 38, 41, 62, 73]), array([ 4, 35, 38, 41, 62, 73]), array([ 4, 35, 38, 41, 62, 73])]

Slice 6
Fitnes _wolf:  3.5976522158834743e-06
The set of antennas serves the scenario in the respective slice.
Results:  [array([62, 73]), array([ 4, 38, 62, 73]), array([ 4, 38, 41, 62, 73]), array([ 4, 35, 38, 41, 62, 73]), array([ 4, 35, 38, 41, 62, 73]), array([ 4, 35, 38, 41, 62, 73]), array([ 4, 35, 38, 41, 62, 73])]

Slice 7
Fitnes _wolf:  4.007864171287035e-06
The set of antennas serves the scenario in the respective slice.
Results:  [array([62, 73]), array([ 4, 38, 62, 73]), array([ 4, 38, 41, 62, 73]), array([ 4, 35, 38, 41, 62, 73]), array([ 4, 35, 38, 41, 62, 73]), array([ 4, 35, 38, 41, 62, 73]), array([ 4, 35, 38, 41, 62, 73]), array([ 4, 35, 38, 41, 62, 73])]

Slice 8
Fitnes _wolf:  3.937460559369123e-06
The set of antennas serves the scenario in the respective slice.
Results:  [array([62, 73]), array([ 4, 38, 62, 73]), array([ 4, 38, 41, 62, 73]), array([ 4, 35, 38, 41, 62, 73]), array([ 4, 35, 38, 41, 62, 73]), array([ 4, 35, 38, 41, 62, 73]), array([ 4, 35, 38, 41, 62, 73]), array([ 4, 35, 38, 41, 62, 73]), array([ 4, 35, 38, 41, 62, 73])]

Slice 9
Fitnes _wolf:  1.2720695714052817e-06
The set of antennas serves the scenario in the respective slice.
Results:  [array([62, 73]), array([ 4, 38, 62, 73]), array([ 4, 38, 41, 62, 73]), array([ 4, 35, 38, 41, 62, 73]), array([ 4, 35, 38, 41, 62, 73]), array([ 4, 35, 38, 41, 62, 73]), array([ 4, 35, 38, 41, 62, 73]), array([ 4, 35, 38, 41, 62, 73]), array([ 4, 35, 38, 41, 62, 73]), array([ 4, 35, 38, 41, 62, 73])]

Slice 10
Fitnes _wolf:  5.083332048671245e-06
The set of antennas serves the scenario in the respective slice.
Results:  [array([62, 73]), array([ 4, 38, 62, 73]), array([ 4, 38, 41, 62, 73]), array([ 4, 35, 38, 41, 62, 73]), array([ 4, 35, 38, 41, 62, 73]), array([ 4, 35, 38, 41, 62, 73]), array([ 4, 35, 38, 41, 62, 73]), array([ 4, 35, 38, 41, 62, 73]), array([ 4, 35, 38, 41, 62, 73]), array([ 4, 35, 38, 41, 62, 73]), array([ 4, 35, 38, 41, 62, 73])]

Slice 11
Fitnes _wolf:  4.1096835039902465e-06
The set of antennas serves the scenario in the respective slice.
Results:  [array([62, 73]), array([ 4, 38, 62, 73]), array([ 4, 38, 41, 62, 73]), array([ 4, 35, 38, 41, 62, 73]), array([ 4, 35, 38, 41, 62, 73]), array([ 4, 35, 38, 41, 62, 73]), array([ 4, 35, 38, 41, 62, 73]), array([ 4, 35, 38, 41, 62, 73]), array([ 4, 35, 38, 41, 62, 73]), array([ 4, 35, 38, 41, 62, 73]), array([ 4, 35, 38, 41, 62, 73]), array([ 4, 35, 38, 41, 62, 73])]
Results:  [array([62, 73]), array([ 4, 38, 62, 73]), array([ 4, 38, 41, 62, 73]), array([ 4, 35, 38, 41, 62, 73]), array([ 4, 35, 38, 41, 62, 73]), array([ 4, 35, 38, 41, 62, 73]), array([ 4, 35, 38, 41, 62, 73]), array([ 4, 35, 38, 41, 62, 73]), array([ 4, 35, 38, 41, 62, 73]), array([ 4, 35, 38, 41, 62, 73]), array([ 4, 35, 38, 41, 62, 73]), array([ 4, 35, 38, 41, 62, 73])]

Média de carros: 5.416666666666667
t=0
Antennas: [62 73]
Users: [66 67 76 77 78 86 87]
connections:  {66: 73, 67: 73, 78: 62, 86: 62, 76: 62, 77: 62, 87: 62}
$x_{0,62}$
	 $y_{0,62,78}$ = 6.693545766092697 dB
	 $y_{0,62,86}$ = 5.9365696139718125 dB
	 $y_{0,62,76}$ = 5.411459756928565 dB
	 $y_{0,62,77}$ = 5.041446163994124 dB
	 $y_{0,62,87}$ = 6.620528798757363 dB
		SNR medio:  1.1881420039897825
		Usuarios totais: 25
$x_{0,73}$
	 $y_{0,73,66}$ = 5.901238183503409 dB
	 $y_{0,73,67}$ = 8.875273586048834 dB
		SNR medio:  4.925503923184081
		Usuarios totais: 3
Distances:
62 : 73 = 565.685424949238
t=1
Antennas: [ 4 38 62 73]
Users: [ 0  9 13 15 22 23 24 27 28 29 31 33 42 43 54 55 56 59 60 67 76 77 78 84
 86 87 88 89 91 99]
connections:  {0: 4, 9: 38, 23: 4, 78: 62, 86: 62, 89: 38, 99: 38, 13: 38, 15: 62, 24: 38, 28: 38, 29: 38, 33: 62, 54: 62, 56: 38, 59: 38, 60: 62, 67: 38, 84: 62, 87: 62, 88: 38, 91: 62, 22: 62, 27: 38, 31: 62, 42: 62, 43: 62, 55: 62, 76: 62, 77: 62}
$x_{1,4}$
	 $y_{1,4,0}$ = 8.039802952979159 dB
	 $y_{1,4,23}$ = 21.524522171335846 dB
		SNR medio:  14.782162562157502
		Usuarios totais: 2
$x_{1,38}$
	 $y_{1,38,9}$ = 13.047828925877866 dB
	 $y_{1,38,89}$ = 14.569721332564 dB
	 $y_{1,38,99}$ = 5.561628862270622 dB
	 $y_{1,38,13}$ = 6.592929301053275 dB
	 $y_{1,38,24}$ = 9.392450902034142 dB
	 $y_{1,38,28}$ = 28.693030142802286 dB
	 $y_{1,38,29}$ = 26.427572784279064 dB
	 $y_{1,38,56}$ = 11.401157305084155 dB
	 $y_{1,38,59}$ = 13.384913130034477 dB
	 $y_{1,38,67}$ = 10.867732750799775 dB
	 $y_{1,38,88}$ = 12.112380001673202 dB
	 $y_{1,38,27}$ = 25.75413877908069 dB
		SNR medio:  12.700391729825254
		Usuarios totais: 14
$x_{1,62}$
	 $y_{1,62,78}$ = 6.693545766092697 dB
	 $y_{1,62,86}$ = 5.9365696139718125 dB
	 $y_{1,62,15}$ = 5.377267787145854 dB
	 $y_{1,62,33}$ = 8.752145924666934 dB
	 $y_{1,62,54}$ = 24.12547219106453 dB
	 $y_{1,62,60}$ = 24.447976111712705 dB
	 $y_{1,62,84}$ = 14.532445192000736 dB
	 $y_{1,62,87}$ = 6.620528798757363 dB
	 $y_{1,62,91}$ = 9.447295425435243 dB
	 $y_{1,62,22}$ = 9.942032592283795 dB
	 $y_{1,62,31}$ = 13.45317370581671 dB
	 $y_{1,62,42}$ = 20.35087669991033 dB
	 $y_{1,62,43}$ = 12.498431984733628 dB
	 $y_{1,62,55}$ = 13.135674344107457 dB
	 $y_{1,62,76}$ = 5.411459756928565 dB
	 $y_{1,62,77}$ = 5.041446163994124 dB
		SNR medio:  4.888587948911118
		Usuarios totais: 38
$x_{1,73}$
		Usuarios totais: 0
Distances:
4 : 38 = 2000.0
4 : 62 = 2529.8221281347037
4 : 73 = 2828.42712474619
38 : 62 = 2683.281572999748
38 : 73 = 2561.2496949731394
62 : 73 = 565.685424949238
t=2
Antennas: [ 4 38 41 62 73]
Users: [ 0  3  5  8 11 18 19 20 21 22 27 28 30 36 37 39 40 47 50 52 54 58 60 61
 62 63 66 69 70 74 76 77 78 79 80 81 82 84 85 86 87 88 92 95 99]
connections:  {19: 38, 20: 41, 37: 38, 39: 38, 58: 38, 69: 38, 78: 62, 79: 38, 85: 73, 86: 62, 99: 38, 0: 41, 8: 38, 18: 38, 28: 38, 30: 62, 66: 38, 81: 62, 87: 62, 88: 38, 92: 62, 95: 62, 3: 38, 5: 38, 11: 62, 21: 62, 27: 38, 36: 62, 40: 62, 47: 38, 50: 62, 52: 41, 54: 41, 60: 41, 61: 41, 63: 41, 70: 41, 74: 41, 77: 38, 80: 41, 82: 41, 84: 41, 22: 41, 62: 41, 76: 38}
$x_{2,4}$
		Usuarios totais: 0
$x_{2,38}$
	 $y_{2,38,19}$ = 17.012493701996476 dB
	 $y_{2,38,37}$ = 34.750375743099454 dB
	 $y_{2,38,39}$ = 27.914346685920705 dB
	 $y_{2,38,58}$ = 29.72100965920366 dB
	 $y_{2,38,69}$ = 14.356613408054102 dB
	 $y_{2,38,79}$ = 11.388435118825328 dB
	 $y_{2,38,99}$ = 5.561628862270622 dB
	 $y_{2,38,8}$ = 20.31551062526181 dB
	 $y_{2,38,18}$ = 20.2711803026978 dB
	 $y_{2,38,28}$ = 28.693030142802286 dB
	 $y_{2,38,66}$ = 8.182149902755668 dB
	 $y_{2,38,88}$ = 12.112380001673202 dB
	 $y_{2,38,3}$ = 6.214849059895727 dB
	 $y_{2,38,5}$ = 10.378576120860515 dB
	 $y_{2,38,27}$ = 25.75413877908069 dB
	 $y_{2,38,47}$ = 25.88078257104098 dB
	 $y_{2,38,77}$ = 7.864567691803018 dB
	 $y_{2,38,76}$ = 7.625496937117674 dB
		SNR medio:  11.629539456087397
		Usuarios totais: 27
$x_{2,41}$
	 $y_{2,41,20}$ = 22.701725388883617 dB
	 $y_{2,41,0}$ = 5.982780378739179 dB
	 $y_{2,41,52}$ = 19.688181019481334 dB
	 $y_{2,41,54}$ = 14.404399538873434 dB
	 $y_{2,41,60}$ = 22.124756006320325 dB
	 $y_{2,41,61}$ = 15.554123019194051 dB
	 $y_{2,41,63}$ = 18.114256217636978 dB
	 $y_{2,41,70}$ = 15.439223902856412 dB
	 $y_{2,41,74}$ = 8.143160186842294 dB
	 $y_{2,41,80}$ = 7.510354557080973 dB
	 $y_{2,41,82}$ = 14.39069653316217 dB
	 $y_{2,41,84}$ = 12.33390578286901 dB
	 $y_{2,41,22}$ = 21.161912900018095 dB
	 $y_{2,41,62}$ = 13.72041049559779 dB
		SNR medio:  12.427640348679741
		Usuarios totais: 17
$x_{2,62}$
	 $y_{2,62,78}$ = 6.693545766092697 dB
	 $y_{2,62,86}$ = 5.9365696139718125 dB
	 $y_{2,62,30}$ = 12.506397053185538 dB
	 $y_{2,62,81}$ = 17.51512474086229 dB
	 $y_{2,62,87}$ = 6.620528798757363 dB
	 $y_{2,62,92}$ = 6.630499572915426 dB
	 $y_{2,62,95}$ = 5.65277813850733 dB
	 $y_{2,62,11}$ = 7.540976097426267 dB
	 $y_{2,62,21}$ = 13.0953617996974 dB
	 $y_{2,62,36}$ = 6.917674252945858 dB
	 $y_{2,62,40}$ = 19.9633707906831 dB
	 $y_{2,62,50}$ = 12.973965736220975 dB
		SNR medio:  3.0511698090316512
		Usuarios totais: 40
$x_{2,73}$
	 $y_{2,73,85}$ = 7.777191665437442 dB
		SNR medio:  3.888595832718721
		Usuarios totais: 2
Distances:
4 : 38 = 2000.0
4 : 41 = 2000.0
4 : 62 = 2529.8221281347037
4 : 73 = 2828.42712474619
38 : 41 = 2828.42712474619
38 : 62 = 2683.281572999748
38 : 73 = 2561.2496949731394
41 : 62 = 894.4271909999159
41 : 73 = 1442.2205101855957
62 : 73 = 565.685424949238
t=3
Antennas: [ 4 35 38 41 62 73]
Users: [ 0  1  2  3  5  6 10 14 16 17 18 19 21 22 25 26 27 28 31 32 36 38 40 41
 43 44 45 46 49 51 54 56 60 62 63 64 66 67 70 71 72 73 75 76 77 78 80 82
 83 84 86 87 88 90 91 94 95 97 98]
connections:  {1: 4, 19: 38, 49: 38, 86: 62, 98: 35, 0: 4, 2: 4, 6: 4, 38: 38, 78: 62, 87: 62, 88: 38, 90: 62, 91: 62, 94: 62, 95: 62, 97: 62, 10: 38, 14: 4, 16: 4, 18: 4, 25: 4, 26: 4, 28: 4, 41: 41, 45: 38, 56: 38, 60: 62, 66: 38, 67: 38, 70: 62, 72: 62, 77: 38, 80: 41, 82: 41, 84: 41, 17: 38, 21: 4, 31: 4, 36: 38, 40: 38, 46: 38, 51: 41, 54: 41, 63: 41, 71: 41, 73: 73, 75: 41, 83: 41, 3: 38, 5: 38, 22: 4, 27: 38, 32: 38, 43: 4, 62: 4, 64: 38, 76: 38, 44: 4}
$x_{3,4}$
	 $y_{3,4,1}$ = 6.181048896118 dB
	 $y_{3,4,0}$ = 8.039802952979159 dB
	 $y_{3,4,2}$ = 20.5211254561452 dB
	 $y_{3,4,6}$ = 12.19164095877477 dB
	 $y_{3,4,14}$ = 35.10266413175036 dB
	 $y_{3,4,16}$ = 13.546213461293846 dB
	 $y_{3,4,18}$ = 6.786614025386939 dB
	 $y_{3,4,25}$ = 15.581732829082526 dB
	 $y_{3,4,26}$ = 11.160560941141426 dB
	 $y_{3,4,28}$ = 7.711916685471792 dB
	 $y_{3,4,21}$ = 6.525550059188419 dB
	 $y_{3,4,31}$ = 12.714497487426485 dB
	 $y_{3,4,22}$ = 9.493663686864892 dB
	 $y_{3,4,43}$ = 9.39114402835456 dB
	 $y_{3,4,62}$ = 8.846635451921912 dB
	 $y_{3,4,44}$ = 9.016409701349772 dB
		SNR medio:  7.415816182817309
		Usuarios totais: 26
$x_{3,35}$
	 $y_{3,35,98}$ = 6.612171723651926 dB
		SNR medio:  6.612171723651926
		Usuarios totais: 1
$x_{3,38}$
	 $y_{3,38,19}$ = 17.012493701996476 dB
	 $y_{3,38,49}$ = 38.22009397717665 dB
	 $y_{3,38,38}$ = 93.38123652005163 dB
	 $y_{3,38,88}$ = 12.112380001673202 dB
	 $y_{3,38,10}$ = 5.84774095878204 dB
	 $y_{3,38,45}$ = 12.787828303746721 dB
	 $y_{3,38,56}$ = 11.401157305084155 dB
	 $y_{3,38,66}$ = 8.182149902755668 dB
	 $y_{3,38,67}$ = 10.867732750799775 dB
	 $y_{3,38,77}$ = 7.864567691803018 dB
	 $y_{3,38,17}$ = 11.352067591897082 dB
	 $y_{3,38,36}$ = 28.24265891352198 dB
	 $y_{3,38,40}$ = 5.24875987439664 dB
	 $y_{3,38,46}$ = 20.40562143923951 dB
	 $y_{3,38,3}$ = 6.214849059895727 dB
	 $y_{3,38,5}$ = 10.378576120860515 dB
	 $y_{3,38,27}$ = 25.75413877908069 dB
	 $y_{3,38,32}$ = 8.204901058590451 dB
	 $y_{3,38,64}$ = 5.384837534292899 dB
	 $y_{3,38,76}$ = 7.625496937117674 dB
		SNR medio:  8.662232210569062
		Usuarios totais: 40
$x_{3,41}$
	 $y_{3,41,41}$ = 91.86709785541981 dB
	 $y_{3,41,80}$ = 7.510354557080973 dB
	 $y_{3,41,82}$ = 14.39069653316217 dB
	 $y_{3,41,84}$ = 12.33390578286901 dB
	 $y_{3,41,51}$ = 38.88616262252409 dB
	 $y_{3,41,54}$ = 14.404399538873434 dB
	 $y_{3,41,63}$ = 18.114256217636978 dB
	 $y_{3,41,71}$ = 9.366904359249531 dB
	 $y_{3,41,75}$ = 7.526354782244255 dB
	 $y_{3,41,83}$ = 11.298423823238608 dB
		SNR medio:  12.53880867068327
		Usuarios totais: 18
$x_{3,62}$
	 $y_{3,62,86}$ = 5.9365696139718125 dB
	 $y_{3,62,78}$ = 6.693545766092697 dB
	 $y_{3,62,87}$ = 6.620528798757363 dB
	 $y_{3,62,90}$ = 9.223480682697101 dB
	 $y_{3,62,91}$ = 9.447295425435243 dB
	 $y_{3,62,94}$ = 10.529071596541684 dB
	 $y_{3,62,95}$ = 5.65277813850733 dB
	 $y_{3,62,97}$ = 7.848000681369868 dB
	 $y_{3,62,60}$ = 24.447976111712705 dB
	 $y_{3,62,70}$ = 16.081826354102105 dB
	 $y_{3,62,72}$ = 34.560794437816 dB
		SNR medio:  3.4260466901750974
		Usuarios totais: 40
$x_{3,73}$
	 $y_{3,73,73}$ = 85.4843272968802 dB
		SNR medio:  42.7421636484401
		Usuarios totais: 2
Distances:
4 : 35 = 1264.9110640673518
4 : 38 = 2000.0
4 : 41 = 2000.0
4 : 62 = 2529.8221281347037
4 : 73 = 2828.42712474619
35 : 38 = 1200.0
35 : 41 = 1649.2422502470642
35 : 62 = 1697.0562748477141
35 : 73 = 1788.8543819998317
38 : 41 = 2828.42712474619
38 : 62 = 2683.281572999748
38 : 73 = 2561.2496949731394
41 : 62 = 894.4271909999159
41 : 73 = 1442.2205101855957
62 : 73 = 565.685424949238
t=4
Antennas: [ 4 35 38 41 62 73]
Users: [ 0  2  3  4  5  6  7  8  9 10 12 14 15 16 18 19 21 22 23 24 27 28 31 32
 33 34 36 37 38 40 41 42 43 44 45 46 47 48 49 50 51 52 53 55 57 58 59 61
 63 66 67 68 69 71 73 74 75 76 77 78 79 80 82 83 85 86 87 90 91 93 94 95
 99]
connections:  {9: 38, 19: 38, 49: 38, 68: 38, 79: 38, 85: 73, 86: 62, 99: 38, 0: 4, 2: 4, 4: 4, 6: 4, 37: 38, 38: 38, 48: 38, 58: 38, 59: 38, 69: 38, 78: 62, 87: 62, 90: 62, 91: 62, 94: 62, 95: 62, 7: 38, 8: 38, 10: 38, 12: 62, 14: 4, 15: 62, 16: 38, 18: 38, 23: 4, 24: 38, 28: 38, 41: 41, 45: 38, 57: 73, 66: 73, 67: 73, 77: 62, 34: 4, 36: 4, 40: 41, 46: 4, 50: 73, 53: 73, 61: 73, 74: 73, 80: 73, 82: 73, 93: 73, 3: 4, 5: 73, 21: 4, 27: 73, 31: 73, 32: 73, 33: 4, 47: 4, 51: 73, 52: 73, 55: 73, 63: 73, 71: 73, 73: 73, 75: 73, 76: 73, 83: 73, 22: 4, 42: 4, 43: 4, 44: 4}
$x_{4,4}$
	 $y_{4,4,0}$ = 8.039802952979159 dB
	 $y_{4,4,2}$ = 20.5211254561452 dB
	 $y_{4,4,4}$ = 91.2232040240684 dB
	 $y_{4,4,6}$ = 12.19164095877477 dB
	 $y_{4,4,14}$ = 35.10266413175036 dB
	 $y_{4,4,23}$ = 21.524522171335846 dB
	 $y_{4,4,34}$ = 14.850651365295263 dB
	 $y_{4,4,36}$ = 10.223382439087317 dB
	 $y_{4,4,46}$ = 7.027050255131414 dB
	 $y_{4,4,3}$ = 30.750400947598266 dB
	 $y_{4,4,21}$ = 6.525550059188419 dB
	 $y_{4,4,33}$ = 6.35065862191847 dB
	 $y_{4,4,47}$ = 8.19422959565324 dB
	 $y_{4,4,22}$ = 9.493663686864892 dB
	 $y_{4,4,42}$ = 11.418663623300262 dB
	 $y_{4,4,43}$ = 9.39114402835456 dB
	 $y_{4,4,44}$ = 9.016409701349772 dB
		SNR medio:  10.39482546729319
		Usuarios totais: 30
$x_{4,35}$
		Usuarios totais: 0
$x_{4,38}$
	 $y_{4,38,9}$ = 13.047828925877866 dB
	 $y_{4,38,19}$ = 17.012493701996476 dB
	 $y_{4,38,49}$ = 38.22009397717665 dB
	 $y_{4,38,68}$ = 9.332930158214026 dB
	 $y_{4,38,79}$ = 11.388435118825328 dB
	 $y_{4,38,99}$ = 5.561628862270622 dB
	 $y_{4,38,37}$ = 34.750375743099454 dB
	 $y_{4,38,38}$ = 93.38123652005163 dB
	 $y_{4,38,48}$ = 21.759932135169407 dB
	 $y_{4,38,58}$ = 29.72100965920366 dB
	 $y_{4,38,59}$ = 13.384913130034477 dB
	 $y_{4,38,69}$ = 14.356613408054102 dB
	 $y_{4,38,7}$ = 11.85309259369265 dB
	 $y_{4,38,8}$ = 20.31551062526181 dB
	 $y_{4,38,10}$ = 5.84774095878204 dB
	 $y_{4,38,16}$ = 10.842436453470128 dB
	 $y_{4,38,18}$ = 20.2711803026978 dB
	 $y_{4,38,24}$ = 9.392450902034142 dB
	 $y_{4,38,28}$ = 28.693030142802286 dB
	 $y_{4,38,45}$ = 12.787828303746721 dB
		SNR medio:  10.548019040561531
		Usuarios totais: 40
$x_{4,41}$
	 $y_{4,41,41}$ = 91.86709785541981 dB
	 $y_{4,41,40}$ = 27.573367780473873 dB
		SNR medio:  39.81348854529789
		Usuarios totais: 3
$x_{4,62}$
	 $y_{4,62,86}$ = 5.9365696139718125 dB
	 $y_{4,62,78}$ = 6.693545766092697 dB
	 $y_{4,62,87}$ = 6.620528798757363 dB
	 $y_{4,62,90}$ = 9.223480682697101 dB
	 $y_{4,62,91}$ = 9.447295425435243 dB
	 $y_{4,62,94}$ = 10.529071596541684 dB
	 $y_{4,62,95}$ = 5.65277813850733 dB
	 $y_{4,62,12}$ = 8.446353241810527 dB
	 $y_{4,62,15}$ = 5.377267787145854 dB
	 $y_{4,62,77}$ = 5.041446163994124 dB
		SNR medio:  1.8242084303738433
		Usuarios totais: 40
$x_{4,73}$
	 $y_{4,73,85}$ = 7.777191665437442 dB
	 $y_{4,73,57}$ = 5.810729115214286 dB
	 $y_{4,73,66}$ = 5.901238183503409 dB
	 $y_{4,73,67}$ = 8.875273586048834 dB
	 $y_{4,73,50}$ = 6.388578083029131 dB
	 $y_{4,73,53}$ = 24.697362263443793 dB
	 $y_{4,73,61}$ = 19.92024080552669 dB
	 $y_{4,73,74}$ = 44.111703940785944 dB
	 $y_{4,73,80}$ = 7.012195273528761 dB
	 $y_{4,73,82}$ = 21.80699883042537 dB
	 $y_{4,73,93}$ = 18.917143352638092 dB
	 $y_{4,73,5}$ = 10.808774133233925 dB
	 $y_{4,73,27}$ = 5.33876879747848 dB
	 $y_{4,73,31}$ = 9.910022911078187 dB
	 $y_{4,73,32}$ = 6.411962690957438 dB
	 $y_{4,73,51}$ = 11.561200388101597 dB
	 $y_{4,73,52}$ = 16.33121937691547 dB
	 $y_{4,73,55}$ = 9.307729675736198 dB
	 $y_{4,73,63}$ = 28.570961994027215 dB
	 $y_{4,73,71}$ = 16.44393133527879 dB
	 $y_{4,73,73}$ = 85.4843272968802 dB
	 $y_{4,73,75}$ = 20.031934581606606 dB
	 $y_{4,73,76}$ = 11.83593812656062 dB
	 $y_{4,73,83}$ = 34.88161576170889 dB
		SNR medio:  10.953426054228636
		Usuarios totais: 40
Distances:
4 : 35 = 1264.9110640673518
4 : 38 = 2000.0
4 : 41 = 2000.0
4 : 62 = 2529.8221281347037
4 : 73 = 2828.42712474619
35 : 38 = 1200.0
35 : 41 = 1649.2422502470642
35 : 62 = 1697.0562748477141
35 : 73 = 1788.8543819998317
38 : 41 = 2828.42712474619
38 : 62 = 2683.281572999748
38 : 73 = 2561.2496949731394
41 : 62 = 894.4271909999159
41 : 73 = 1442.2205101855957
62 : 73 = 565.685424949238
t=5
Antennas: [ 4 35 38 41 62 73]
Users: [ 0  2  4  5  6  7  8  9 10 11 12 13 14 15 16 17 18 19 21 22 23 25 26 27
 28 30 31 32 33 34 35 36 37 39 41 42 43 45 46 49 50 53 56 58 59 60 61 62
 64 65 66 67 68 70 73 74 75 76 77 78 79 80 81 85 86 87 88 89 90 91 92 93
 94 96 97 98]
connections:  {9: 38, 19: 38, 49: 38, 68: 38, 79: 38, 85: 73, 86: 62, 89: 38, 96: 73, 98: 35, 0: 4, 2: 4, 4: 4, 6: 4, 37: 38, 39: 38, 58: 38, 59: 38, 78: 62, 81: 62, 87: 62, 88: 38, 90: 62, 91: 62, 92: 62, 94: 62, 97: 62, 7: 38, 8: 38, 10: 38, 11: 62, 12: 62, 14: 4, 15: 4, 16: 38, 18: 38, 23: 4, 25: 4, 26: 38, 28: 38, 45: 73, 56: 73, 66: 73, 67: 73, 77: 73, 5: 73, 13: 4, 17: 4, 27: 73, 30: 62, 34: 4, 35: 35, 36: 4, 41: 41, 46: 4, 50: 73, 53: 73, 60: 73, 61: 41, 70: 41, 74: 41, 80: 41, 93: 41, 31: 4, 32: 41, 64: 41, 65: 41, 73: 41, 75: 41, 76: 41, 21: 4, 22: 4, 33: 4, 42: 4, 43: 4, 62: 41}
$x_{5,4}$
	 $y_{5,4,0}$ = 8.039802952979159 dB
	 $y_{5,4,2}$ = 20.5211254561452 dB
	 $y_{5,4,4}$ = 91.2232040240684 dB
	 $y_{5,4,6}$ = 12.19164095877477 dB
	 $y_{5,4,14}$ = 35.10266413175036 dB
	 $y_{5,4,15}$ = 21.054597183893435 dB
	 $y_{5,4,23}$ = 21.524522171335846 dB
	 $y_{5,4,25}$ = 15.581732829082526 dB
	 $y_{5,4,13}$ = 26.96782940092585 dB
	 $y_{5,4,17}$ = 17.92155408197091 dB
	 $y_{5,4,34}$ = 14.850651365295263 dB
	 $y_{5,4,36}$ = 10.223382439087317 dB
	 $y_{5,4,46}$ = 7.027050255131414 dB
	 $y_{5,4,31}$ = 12.714497487426485 dB
	 $y_{5,4,21}$ = 6.525550059188419 dB
	 $y_{5,4,22}$ = 9.493663686864892 dB
	 $y_{5,4,33}$ = 6.35065862191847 dB
	 $y_{5,4,42}$ = 11.418663623300262 dB
	 $y_{5,4,43}$ = 9.39114402835456 dB
		SNR medio:  9.182664993781886
		Usuarios totais: 39
$x_{5,35}$
	 $y_{5,35,98}$ = 6.612171723651926 dB
	 $y_{5,35,35}$ = 91.72148849100412 dB
		SNR medio:  24.583415053664012
		Usuarios totais: 4
$x_{5,38}$
	 $y_{5,38,9}$ = 13.047828925877866 dB
	 $y_{5,38,19}$ = 17.012493701996476 dB
	 $y_{5,38,49}$ = 38.22009397717665 dB
	 $y_{5,38,68}$ = 9.332930158214026 dB
	 $y_{5,38,79}$ = 11.388435118825328 dB
	 $y_{5,38,89}$ = 14.569721332564 dB
	 $y_{5,38,37}$ = 34.750375743099454 dB
	 $y_{5,38,39}$ = 27.914346685920705 dB
	 $y_{5,38,58}$ = 29.72100965920366 dB
	 $y_{5,38,59}$ = 13.384913130034477 dB
	 $y_{5,38,88}$ = 12.112380001673202 dB
	 $y_{5,38,7}$ = 11.85309259369265 dB
	 $y_{5,38,8}$ = 20.31551062526181 dB
	 $y_{5,38,10}$ = 5.84774095878204 dB
	 $y_{5,38,16}$ = 10.842436453470128 dB
	 $y_{5,38,18}$ = 20.2711803026978 dB
	 $y_{5,38,26}$ = 18.090556025478477 dB
	 $y_{5,38,28}$ = 28.693030142802286 dB
		SNR medio:  8.434201888419278
		Usuarios totais: 40
$x_{5,41}$
	 $y_{5,41,41}$ = 91.86709785541981 dB
	 $y_{5,41,61}$ = 15.554123019194051 dB
	 $y_{5,41,70}$ = 15.439223902856412 dB
	 $y_{5,41,74}$ = 8.143160186842294 dB
	 $y_{5,41,80}$ = 7.510354557080973 dB
	 $y_{5,41,93}$ = 5.9098937321121525 dB
	 $y_{5,41,32}$ = 26.35048231352353 dB
	 $y_{5,41,64}$ = 17.996722525793714 dB
	 $y_{5,41,65}$ = 8.119348429257343 dB
	 $y_{5,41,73}$ = 11.789038751063373 dB
	 $y_{5,41,75}$ = 7.526354782244255 dB
	 $y_{5,41,76}$ = 10.975975758920285 dB
	 $y_{5,41,62}$ = 13.72041049559779 dB
		SNR medio:  10.03759109624608
		Usuarios totais: 24
$x_{5,62}$
	 $y_{5,62,86}$ = 5.9365696139718125 dB
	 $y_{5,62,78}$ = 6.693545766092697 dB
	 $y_{5,62,81}$ = 17.51512474086229 dB
	 $y_{5,62,87}$ = 6.620528798757363 dB
	 $y_{5,62,90}$ = 9.223480682697101 dB
	 $y_{5,62,91}$ = 9.447295425435243 dB
	 $y_{5,62,92}$ = 6.630499572915426 dB
	 $y_{5,62,94}$ = 10.529071596541684 dB
	 $y_{5,62,97}$ = 7.848000681369868 dB
	 $y_{5,62,11}$ = 7.540976097426267 dB
	 $y_{5,62,12}$ = 8.446353241810527 dB
	 $y_{5,62,30}$ = 12.506397053185538 dB
		SNR medio:  2.7234460817766455
		Usuarios totais: 40
$x_{5,73}$
	 $y_{5,73,85}$ = 7.777191665437442 dB
	 $y_{5,73,96}$ = 15.314184431900344 dB
	 $y_{5,73,45}$ = 11.015216164284226 dB
	 $y_{5,73,56}$ = 9.732685088307477 dB
	 $y_{5,73,66}$ = 5.901238183503409 dB
	 $y_{5,73,67}$ = 8.875273586048834 dB
	 $y_{5,73,77}$ = 6.734376231982111 dB
	 $y_{5,73,5}$ = 10.808774133233925 dB
	 $y_{5,73,27}$ = 5.33876879747848 dB
	 $y_{5,73,50}$ = 6.388578083029131 dB
	 $y_{5,73,53}$ = 24.697362263443793 dB
	 $y_{5,73,60}$ = 14.458821245372135 dB
		SNR medio:  3.1760617468505328
		Usuarios totais: 40
Distances:
4 : 35 = 1264.9110640673518
4 : 38 = 2000.0
4 : 41 = 2000.0
4 : 62 = 2529.8221281347037
4 : 73 = 2828.42712474619
35 : 38 = 1200.0
35 : 41 = 1649.2422502470642
35 : 62 = 1697.0562748477141
35 : 73 = 1788.8543819998317
38 : 41 = 2828.42712474619
38 : 62 = 2683.281572999748
38 : 73 = 2561.2496949731394
41 : 62 = 894.4271909999159
41 : 73 = 1442.2205101855957
62 : 73 = 565.685424949238
t=6
Antennas: [ 4 35 38 41 62 73]
Users: [ 0  1  3  4  5  6  7  8  9 10 11 13 14 15 17 18 19 20 21 22 23 24 25 28
 29 31 32 33 34 35 36 37 38 39 40 41 42 44 45 47 48 49 50 51 52 54 55 56
 58 59 63 65 66 67 68 69 70 71 73 74 75 76 77 79 80 82 83 84 85 86 87 88
 89 90 91 92 93 94 95 96 97 98 99]
connections:  {1: 4, 9: 38, 19: 38, 49: 38, 68: 38, 79: 38, 85: 73, 86: 62, 89: 38, 96: 73, 98: 35, 99: 38, 0: 4, 4: 4, 6: 4, 20: 35, 37: 38, 38: 38, 39: 38, 48: 38, 58: 38, 59: 38, 69: 38, 87: 73, 88: 38, 90: 62, 91: 73, 92: 73, 94: 73, 95: 73, 97: 73, 7: 38, 8: 38, 10: 38, 11: 4, 14: 4, 15: 4, 18: 38, 23: 4, 24: 38, 25: 4, 28: 38, 29: 38, 45: 73, 56: 73, 66: 73, 67: 73, 77: 73, 3: 4, 5: 73, 13: 4, 17: 4, 34: 4, 35: 35, 36: 4, 40: 35, 41: 41, 47: 4, 50: 73, 70: 73, 74: 73, 80: 73, 82: 73, 84: 73, 93: 73, 21: 4, 31: 4, 32: 73, 33: 4, 51: 73, 52: 35, 54: 35, 55: 4, 63: 35, 65: 35, 71: 35, 73: 35, 75: 35, 76: 35, 83: 35, 22: 4, 42: 4, 44: 4}
$x_{6,4}$
	 $y_{6,4,1}$ = 6.181048896118 dB
	 $y_{6,4,0}$ = 8.039802952979159 dB
	 $y_{6,4,4}$ = 91.2232040240684 dB
	 $y_{6,4,6}$ = 12.19164095877477 dB
	 $y_{6,4,11}$ = 7.347194285487376 dB
	 $y_{6,4,14}$ = 35.10266413175036 dB
	 $y_{6,4,15}$ = 21.054597183893435 dB
	 $y_{6,4,23}$ = 21.524522171335846 dB
	 $y_{6,4,25}$ = 15.581732829082526 dB
	 $y_{6,4,3}$ = 30.750400947598266 dB
	 $y_{6,4,13}$ = 26.96782940092585 dB
	 $y_{6,4,17}$ = 17.92155408197091 dB
	 $y_{6,4,34}$ = 14.850651365295263 dB
	 $y_{6,4,36}$ = 10.223382439087317 dB
	 $y_{6,4,47}$ = 8.19422959565324 dB
	 $y_{6,4,21}$ = 6.525550059188419 dB
	 $y_{6,4,31}$ = 12.714497487426485 dB
	 $y_{6,4,33}$ = 6.35065862191847 dB
	 $y_{6,4,55}$ = 11.843399019931496 dB
	 $y_{6,4,22}$ = 9.493663686864892 dB
	 $y_{6,4,42}$ = 11.418663623300262 dB
	 $y_{6,4,44}$ = 9.016409701349772 dB
		SNR medio:  9.86293243660001
		Usuarios totais: 40
$x_{6,35}$
	 $y_{6,35,98}$ = 6.612171723651926 dB
	 $y_{6,35,20}$ = 7.617377959157238 dB
	 $y_{6,35,35}$ = 91.72148849100412 dB
	 $y_{6,35,40}$ = 6.861423870589789 dB
	 $y_{6,35,52}$ = 12.091442904196782 dB
	 $y_{6,35,54}$ = 19.331051137147156 dB
	 $y_{6,35,63}$ = 11.920406957007842 dB
	 $y_{6,35,65}$ = 14.264695340881488 dB
	 $y_{6,35,71}$ = 5.451255431334886 dB
	 $y_{6,35,73}$ = 7.642605105688929 dB
	 $y_{6,35,75}$ = 5.174672248794195 dB
	 $y_{6,35,76}$ = 8.79772168281329 dB
	 $y_{6,35,83}$ = 11.32153589219513 dB
		SNR medio:  6.735737056272993
		Usuarios totais: 31
$x_{6,38}$
	 $y_{6,38,9}$ = 13.047828925877866 dB
	 $y_{6,38,19}$ = 17.012493701996476 dB
	 $y_{6,38,49}$ = 38.22009397717665 dB
	 $y_{6,38,68}$ = 9.332930158214026 dB
	 $y_{6,38,79}$ = 11.388435118825328 dB
	 $y_{6,38,89}$ = 14.569721332564 dB
	 $y_{6,38,99}$ = 5.561628862270622 dB
	 $y_{6,38,37}$ = 34.750375743099454 dB
	 $y_{6,38,38}$ = 93.38123652005163 dB
	 $y_{6,38,39}$ = 27.914346685920705 dB
	 $y_{6,38,48}$ = 21.759932135169407 dB
	 $y_{6,38,58}$ = 29.72100965920366 dB
	 $y_{6,38,59}$ = 13.384913130034477 dB
	 $y_{6,38,69}$ = 14.356613408054102 dB
	 $y_{6,38,88}$ = 12.112380001673202 dB
	 $y_{6,38,7}$ = 11.85309259369265 dB
	 $y_{6,38,8}$ = 20.31551062526181 dB
	 $y_{6,38,10}$ = 5.84774095878204 dB
	 $y_{6,38,18}$ = 20.2711803026978 dB
	 $y_{6,38,24}$ = 9.392450902034142 dB
	 $y_{6,38,28}$ = 28.693030142802286 dB
	 $y_{6,38,29}$ = 26.427572784279064 dB
		SNR medio:  11.982862941742036
		Usuarios totais: 40
$x_{6,41}$
	 $y_{6,41,41}$ = 91.86709785541981 dB
		SNR medio:  22.966774463854954
		Usuarios totais: 4
$x_{6,62}$
	 $y_{6,62,86}$ = 5.9365696139718125 dB
	 $y_{6,62,90}$ = 9.223480682697101 dB
		SNR medio:  5.053350098889638
		Usuarios totais: 3
$x_{6,73}$
	 $y_{6,73,85}$ = 7.777191665437442 dB
	 $y_{6,73,96}$ = 15.314184431900344 dB
	 $y_{6,73,87}$ = 14.098507171049704 dB
	 $y_{6,73,91}$ = 8.100777449029493 dB
	 $y_{6,73,92}$ = 19.848341275310617 dB
	 $y_{6,73,94}$ = 14.790951750364002 dB
	 $y_{6,73,95}$ = 11.839868742686178 dB
	 $y_{6,73,97}$ = 12.704658665228578 dB
	 $y_{6,73,45}$ = 11.015216164284226 dB
	 $y_{6,73,56}$ = 9.732685088307477 dB
	 $y_{6,73,66}$ = 5.901238183503409 dB
	 $y_{6,73,67}$ = 8.875273586048834 dB
	 $y_{6,73,77}$ = 6.734376231982111 dB
	 $y_{6,73,5}$ = 10.808774133233925 dB
	 $y_{6,73,50}$ = 6.388578083029131 dB
	 $y_{6,73,70}$ = 13.735686527380025 dB
	 $y_{6,73,74}$ = 44.111703940785944 dB
	 $y_{6,73,80}$ = 7.012195273528761 dB
	 $y_{6,73,82}$ = 21.80699883042537 dB
	 $y_{6,73,84}$ = 28.445685140039217 dB
	 $y_{6,73,93}$ = 18.917143352638092 dB
	 $y_{6,73,32}$ = 6.411962690957438 dB
	 $y_{6,73,51}$ = 11.561200388101597 dB
		SNR medio:  7.898329969131299
		Usuarios totais: 40
Distances:
4 : 35 = 1264.9110640673518
4 : 38 = 2000.0
4 : 41 = 2000.0
4 : 62 = 2529.8221281347037
4 : 73 = 2828.42712474619
35 : 38 = 1200.0
35 : 41 = 1649.2422502470642
35 : 62 = 1697.0562748477141
35 : 73 = 1788.8543819998317
38 : 41 = 2828.42712474619
38 : 62 = 2683.281572999748
38 : 73 = 2561.2496949731394
41 : 62 = 894.4271909999159
41 : 73 = 1442.2205101855957
62 : 73 = 565.685424949238
t=7
Antennas: [ 4 35 38 41 62 73]
Users: [ 0  1  4  5  6  7  8  9 10 11 12 13 14 16 17 19 20 21 23 24 25 26 27 28
 29 30 31 32 34 36 37 38 39 42 43 45 46 48 50 51 52 53 54 55 56 57 58 60
 61 63 66 69 70 71 73 76 77 78 79 80 81 83 84 87 88 90 92 93 95 97 98 99]
connections:  {1: 4, 9: 38, 19: 38, 79: 38, 98: 35, 99: 38, 0: 4, 4: 4, 6: 4, 20: 35, 37: 38, 38: 38, 39: 38, 48: 38, 58: 38, 69: 38, 78: 35, 81: 62, 87: 62, 88: 38, 90: 62, 92: 62, 95: 62, 97: 62, 7: 38, 8: 38, 10: 38, 11: 62, 12: 62, 14: 4, 16: 38, 23: 4, 24: 38, 25: 4, 26: 38, 28: 38, 29: 38, 30: 62, 45: 38, 50: 62, 56: 38, 57: 38, 60: 62, 61: 62, 66: 38, 77: 62, 5: 4, 13: 4, 17: 62, 27: 4, 34: 62, 36: 62, 46: 62, 53: 62, 70: 62, 80: 62, 84: 62, 93: 62, 21: 62, 31: 4, 32: 35, 51: 62, 52: 35, 54: 35, 55: 4, 63: 35, 71: 35, 73: 73, 76: 35, 83: 35, 42: 4, 43: 4}
$x_{7,4}$
	 $y_{7,4,1}$ = 6.181048896118 dB
	 $y_{7,4,0}$ = 8.039802952979159 dB
	 $y_{7,4,4}$ = 91.2232040240684 dB
	 $y_{7,4,6}$ = 12.19164095877477 dB
	 $y_{7,4,14}$ = 35.10266413175036 dB
	 $y_{7,4,23}$ = 21.524522171335846 dB
	 $y_{7,4,25}$ = 15.581732829082526 dB
	 $y_{7,4,5}$ = 28.945297735401525 dB
	 $y_{7,4,13}$ = 26.96782940092585 dB
	 $y_{7,4,27}$ = 11.403658290396493 dB
	 $y_{7,4,31}$ = 12.714497487426485 dB
	 $y_{7,4,55}$ = 11.843399019931496 dB
	 $y_{7,4,42}$ = 11.418663623300262 dB
	 $y_{7,4,43}$ = 9.39114402835456 dB
		SNR medio:  11.204781687031321
		Usuarios totais: 27
$x_{7,35}$
	 $y_{7,35,98}$ = 6.612171723651926 dB
	 $y_{7,35,20}$ = 7.617377959157238 dB
	 $y_{7,35,78}$ = 5.948876490074923 dB
	 $y_{7,35,32}$ = 7.642113392322528 dB
	 $y_{7,35,52}$ = 12.091442904196782 dB
	 $y_{7,35,54}$ = 19.331051137147156 dB
	 $y_{7,35,63}$ = 11.920406957007842 dB
	 $y_{7,35,71}$ = 5.451255431334886 dB
	 $y_{7,35,76}$ = 8.79772168281329 dB
	 $y_{7,35,83}$ = 11.32153589219513 dB
		SNR medio:  6.045872098118856
		Usuarios totais: 16
$x_{7,38}$
	 $y_{7,38,9}$ = 13.047828925877866 dB
	 $y_{7,38,19}$ = 17.012493701996476 dB
	 $y_{7,38,79}$ = 11.388435118825328 dB
	 $y_{7,38,99}$ = 5.561628862270622 dB
	 $y_{7,38,37}$ = 34.750375743099454 dB
	 $y_{7,38,38}$ = 93.38123652005163 dB
	 $y_{7,38,39}$ = 27.914346685920705 dB
	 $y_{7,38,48}$ = 21.759932135169407 dB
	 $y_{7,38,58}$ = 29.72100965920366 dB
	 $y_{7,38,69}$ = 14.356613408054102 dB
	 $y_{7,38,88}$ = 12.112380001673202 dB
	 $y_{7,38,7}$ = 11.85309259369265 dB
	 $y_{7,38,8}$ = 20.31551062526181 dB
	 $y_{7,38,10}$ = 5.84774095878204 dB
	 $y_{7,38,16}$ = 10.842436453470128 dB
	 $y_{7,38,24}$ = 9.392450902034142 dB
	 $y_{7,38,26}$ = 18.090556025478477 dB
	 $y_{7,38,28}$ = 28.693030142802286 dB
	 $y_{7,38,29}$ = 26.427572784279064 dB
	 $y_{7,38,45}$ = 12.787828303746721 dB
	 $y_{7,38,56}$ = 11.401157305084155 dB
	 $y_{7,38,57}$ = 18.019702964551115 dB
	 $y_{7,38,66}$ = 8.182149902755668 dB
		SNR medio:  11.57148774310202
		Usuarios totais: 40
$x_{7,41}$
		Usuarios totais: 0
$x_{7,62}$
	 $y_{7,62,81}$ = 17.51512474086229 dB
	 $y_{7,62,87}$ = 6.620528798757363 dB
	 $y_{7,62,90}$ = 9.223480682697101 dB
	 $y_{7,62,92}$ = 6.630499572915426 dB
	 $y_{7,62,95}$ = 5.65277813850733 dB
	 $y_{7,62,97}$ = 7.848000681369868 dB
	 $y_{7,62,11}$ = 7.540976097426267 dB
	 $y_{7,62,12}$ = 8.446353241810527 dB
	 $y_{7,62,30}$ = 12.506397053185538 dB
	 $y_{7,62,50}$ = 12.973965736220975 dB
	 $y_{7,62,60}$ = 24.447976111712705 dB
	 $y_{7,62,61}$ = 23.230934937822695 dB
	 $y_{7,62,77}$ = 5.041446163994124 dB
	 $y_{7,62,17}$ = 5.021532583867611 dB
	 $y_{7,62,34}$ = 14.306747264484912 dB
	 $y_{7,62,36}$ = 6.917674252945858 dB
	 $y_{7,62,46}$ = 7.426915313401167 dB
	 $y_{7,62,53}$ = 16.673050160773187 dB
	 $y_{7,62,70}$ = 16.081826354102105 dB
	 $y_{7,62,80}$ = 14.449882233726981 dB
	 $y_{7,62,84}$ = 14.532445192000736 dB
	 $y_{7,62,93}$ = 12.769555790343134 dB
	 $y_{7,62,21}$ = 13.0953617996974 dB
	 $y_{7,62,51}$ = 26.41929784644222 dB
		SNR medio:  7.384318768726686
		Usuarios totais: 40
$x_{7,73}$
	 $y_{7,73,73}$ = 85.4843272968802 dB
		SNR medio:  42.7421636484401
		Usuarios totais: 2
Distances:
4 : 35 = 1264.9110640673518
4 : 38 = 2000.0
4 : 41 = 2000.0
4 : 62 = 2529.8221281347037
4 : 73 = 2828.42712474619
35 : 38 = 1200.0
35 : 41 = 1649.2422502470642
35 : 62 = 1697.0562748477141
35 : 73 = 1788.8543819998317
38 : 41 = 2828.42712474619
38 : 62 = 2683.281572999748
38 : 73 = 2561.2496949731394
41 : 62 = 894.4271909999159
41 : 73 = 1442.2205101855957
62 : 73 = 565.685424949238
t=8
Antennas: [ 4 35 38 41 62 73]
Users: [ 1  3  4  5  6  7  8 11 12 13 15 17 18 19 20 22 24 25 26 32 34 35 36 37
 40 41 44 45 46 47 48 49 51 52 53 57 58 59 61 64 66 70 71 72 73 77 79 80
 81 83 86 87 88 90 92 94 95 96 99]
connections:  {1: 4, 19: 38, 49: 38, 79: 38, 86: 62, 96: 73, 99: 38, 4: 4, 6: 4, 20: 35, 37: 38, 48: 38, 58: 38, 59: 38, 81: 62, 87: 62, 88: 38, 90: 62, 92: 62, 94: 62, 95: 62, 7: 38, 8: 38, 11: 62, 12: 62, 15: 62, 18: 38, 24: 38, 25: 4, 26: 38, 35: 35, 41: 41, 45: 38, 57: 38, 61: 62, 66: 38, 70: 62, 72: 62, 77: 38, 80: 62, 3: 38, 5: 38, 13: 38, 17: 38, 34: 38, 36: 38, 40: 38, 46: 38, 47: 4, 53: 62, 32: 62, 51: 62, 52: 62, 64: 62, 71: 62, 73: 73, 83: 62, 22: 62, 44: 62}
$x_{8,4}$
	 $y_{8,4,1}$ = 6.181048896118 dB
	 $y_{8,4,4}$ = 91.2232040240684 dB
	 $y_{8,4,6}$ = 12.19164095877477 dB
	 $y_{8,4,25}$ = 15.581732829082526 dB
	 $y_{8,4,47}$ = 8.19422959565324 dB
		SNR medio:  16.671482037962114
		Usuarios totais: 8
$x_{8,35}$
	 $y_{8,35,20}$ = 7.617377959157238 dB
	 $y_{8,35,35}$ = 91.72148849100412 dB
		SNR medio:  24.83471661254034
		Usuarios totais: 4
$x_{8,38}$
	 $y_{8,38,19}$ = 17.012493701996476 dB
	 $y_{8,38,49}$ = 38.22009397717665 dB
	 $y_{8,38,79}$ = 11.388435118825328 dB
	 $y_{8,38,99}$ = 5.561628862270622 dB
	 $y_{8,38,37}$ = 34.750375743099454 dB
	 $y_{8,38,48}$ = 21.759932135169407 dB
	 $y_{8,38,58}$ = 29.72100965920366 dB
	 $y_{8,38,59}$ = 13.384913130034477 dB
	 $y_{8,38,88}$ = 12.112380001673202 dB
	 $y_{8,38,7}$ = 11.85309259369265 dB
	 $y_{8,38,8}$ = 20.31551062526181 dB
	 $y_{8,38,18}$ = 20.2711803026978 dB
	 $y_{8,38,24}$ = 9.392450902034142 dB
	 $y_{8,38,26}$ = 18.090556025478477 dB
	 $y_{8,38,45}$ = 12.787828303746721 dB
	 $y_{8,38,57}$ = 18.019702964551115 dB
	 $y_{8,38,66}$ = 8.182149902755668 dB
	 $y_{8,38,77}$ = 7.864567691803018 dB
	 $y_{8,38,3}$ = 6.214849059895727 dB
	 $y_{8,38,5}$ = 10.378576120860515 dB
	 $y_{8,38,13}$ = 6.592929301053275 dB
	 $y_{8,38,17}$ = 11.352067591897082 dB
	 $y_{8,38,34}$ = 9.8400507414474 dB
	 $y_{8,38,36}$ = 28.24265891352198 dB
	 $y_{8,38,40}$ = 5.24875987439664 dB
	 $y_{8,38,46}$ = 20.40562143923951 dB
		SNR medio:  10.224095367094572
		Usuarios totais: 40
$x_{8,41}$
	 $y_{8,41,41}$ = 91.86709785541981 dB
		SNR medio:  45.93354892770991
		Usuarios totais: 2
$x_{8,62}$
	 $y_{8,62,86}$ = 5.9365696139718125 dB
	 $y_{8,62,81}$ = 17.51512474086229 dB
	 $y_{8,62,87}$ = 6.620528798757363 dB
	 $y_{8,62,90}$ = 9.223480682697101 dB
	 $y_{8,62,92}$ = 6.630499572915426 dB
	 $y_{8,62,94}$ = 10.529071596541684 dB
	 $y_{8,62,95}$ = 5.65277813850733 dB
	 $y_{8,62,11}$ = 7.540976097426267 dB
	 $y_{8,62,12}$ = 8.446353241810527 dB
	 $y_{8,62,15}$ = 5.377267787145854 dB
	 $y_{8,62,61}$ = 23.230934937822695 dB
	 $y_{8,62,70}$ = 16.081826354102105 dB
	 $y_{8,62,72}$ = 34.560794437816 dB
	 $y_{8,62,80}$ = 14.449882233726981 dB
	 $y_{8,62,53}$ = 16.673050160773187 dB
	 $y_{8,62,32}$ = 5.787080903292704 dB
	 $y_{8,62,51}$ = 26.41929784644222 dB
	 $y_{8,62,52}$ = 32.18017593120054 dB
	 $y_{8,62,64}$ = 18.036156227427412 dB
	 $y_{8,62,71}$ = 23.725596033859176 dB
	 $y_{8,62,83}$ = 17.98042787935347 dB
	 $y_{8,62,22}$ = 9.942032592283795 dB
	 $y_{8,62,44}$ = 10.27370544350046 dB
		SNR medio:  8.320340281305912
		Usuarios totais: 40
$x_{8,73}$
	 $y_{8,73,96}$ = 15.314184431900344 dB
	 $y_{8,73,73}$ = 85.4843272968802 dB
		SNR medio:  33.599503909593516
		Usuarios totais: 3
Distances:
4 : 35 = 1264.9110640673518
4 : 38 = 2000.0
4 : 41 = 2000.0
4 : 62 = 2529.8221281347037
4 : 73 = 2828.42712474619
35 : 38 = 1200.0
35 : 41 = 1649.2422502470642
35 : 62 = 1697.0562748477141
35 : 73 = 1788.8543819998317
38 : 41 = 2828.42712474619
38 : 62 = 2683.281572999748
38 : 73 = 2561.2496949731394
41 : 62 = 894.4271909999159
41 : 73 = 1442.2205101855957
62 : 73 = 565.685424949238
t=9
Antennas: [ 4 35 38 41 62 73]
Users: [ 0  9 10 12 16 19 22 27 28 30 37 40 41 42 44 46 47 48 52 53 55 62 63 67
 70 72 73 74 76 78 83 86 87 88 91 93 95 99]
connections:  {9: 38, 19: 38, 86: 62, 99: 38, 0: 4, 37: 38, 48: 38, 78: 62, 87: 62, 88: 38, 91: 62, 95: 62, 10: 38, 12: 62, 16: 38, 28: 38, 30: 62, 41: 41, 67: 38, 70: 62, 72: 62, 74: 62, 93: 62, 27: 38, 40: 38, 46: 38, 47: 38, 52: 62, 53: 38, 55: 62, 63: 62, 73: 73, 83: 62, 22: 62, 42: 62, 62: 62, 76: 38, 44: 38}
$x_{9,4}$
	 $y_{9,4,0}$ = 8.039802952979159 dB
		SNR medio:  8.039802952979159
		Usuarios totais: 1
$x_{9,35}$
		Usuarios totais: 0
$x_{9,38}$
	 $y_{9,38,9}$ = 13.047828925877866 dB
	 $y_{9,38,19}$ = 17.012493701996476 dB
	 $y_{9,38,99}$ = 5.561628862270622 dB
	 $y_{9,38,37}$ = 34.750375743099454 dB
	 $y_{9,38,48}$ = 21.759932135169407 dB
	 $y_{9,38,88}$ = 12.112380001673202 dB
	 $y_{9,38,10}$ = 5.84774095878204 dB
	 $y_{9,38,16}$ = 10.842436453470128 dB
	 $y_{9,38,28}$ = 28.693030142802286 dB
	 $y_{9,38,67}$ = 10.867732750799775 dB
	 $y_{9,38,27}$ = 25.75413877908069 dB
	 $y_{9,38,40}$ = 5.24875987439664 dB
	 $y_{9,38,46}$ = 20.40562143923951 dB
	 $y_{9,38,47}$ = 25.88078257104098 dB
	 $y_{9,38,53}$ = 8.443493125711967 dB
	 $y_{9,38,76}$ = 7.625496937117674 dB
	 $y_{9,38,44}$ = 5.665488306258197 dB
		SNR medio:  8.948943472716788
		Usuarios totais: 29
$x_{9,41}$
	 $y_{9,41,41}$ = 91.86709785541981 dB
		SNR medio:  22.966774463854954
		Usuarios totais: 4
$x_{9,62}$
	 $y_{9,62,86}$ = 5.9365696139718125 dB
	 $y_{9,62,78}$ = 6.693545766092697 dB
	 $y_{9,62,87}$ = 6.620528798757363 dB
	 $y_{9,62,91}$ = 9.447295425435243 dB
	 $y_{9,62,95}$ = 5.65277813850733 dB
	 $y_{9,62,12}$ = 8.446353241810527 dB
	 $y_{9,62,30}$ = 12.506397053185538 dB
	 $y_{9,62,70}$ = 16.081826354102105 dB
	 $y_{9,62,72}$ = 34.560794437816 dB
	 $y_{9,62,74}$ = 26.430433690848318 dB
	 $y_{9,62,93}$ = 12.769555790343134 dB
	 $y_{9,62,52}$ = 32.18017593120054 dB
	 $y_{9,62,55}$ = 13.135674344107457 dB
	 $y_{9,62,63}$ = 29.611333425879465 dB
	 $y_{9,62,83}$ = 17.98042787935347 dB
	 $y_{9,62,22}$ = 9.942032592283795 dB
	 $y_{9,62,42}$ = 20.35087669991033 dB
	 $y_{9,62,62}$ = 98.35484475425727 dB
		SNR medio:  13.58153496066157
		Usuarios totais: 27
$x_{9,73}$
	 $y_{9,73,73}$ = 85.4843272968802 dB
		SNR medio:  85.4843272968802
		Usuarios totais: 1
Distances:
4 : 35 = 1264.9110640673518
4 : 38 = 2000.0
4 : 41 = 2000.0
4 : 62 = 2529.8221281347037
4 : 73 = 2828.42712474619
35 : 38 = 1200.0
35 : 41 = 1649.2422502470642
35 : 62 = 1697.0562748477141
35 : 73 = 1788.8543819998317
38 : 41 = 2828.42712474619
38 : 62 = 2683.281572999748
38 : 73 = 2561.2496949731394
41 : 62 = 894.4271909999159
41 : 73 = 1442.2205101855957
62 : 73 = 565.685424949238
t=10
Antennas: [ 4 35 38 41 62 73]
Users: [ 1  4  6  8 18 23 25 29 31 33 34 35 37 39 53 59 60 65 69 71 74 76 77 78
 79 83 84 91 92 95 96 98]
connections:  {1: 4, 79: 38, 96: 73, 98: 35, 4: 4, 6: 4, 37: 35, 39: 35, 59: 38, 69: 35, 78: 35, 91: 73, 92: 73, 95: 73, 8: 35, 18: 35, 23: 35, 25: 35, 29: 35, 35: 35, 60: 73, 74: 73, 77: 73, 84: 73, 31: 73, 33: 35, 34: 35, 53: 73, 71: 35, 83: 35, 65: 35, 76: 35}
$x_{10,4}$
	 $y_{10,4,1}$ = 6.181048896118 dB
	 $y_{10,4,4}$ = 91.2232040240684 dB
	 $y_{10,4,6}$ = 12.19164095877477 dB
		SNR medio:  36.53196462632039
		Usuarios totais: 3
$x_{10,35}$
	 $y_{10,35,98}$ = 6.612171723651926 dB
	 $y_{10,35,37}$ = 19.786582656195307 dB
	 $y_{10,35,39}$ = 8.669976260416561 dB
	 $y_{10,35,69}$ = 10.93305235049074 dB
	 $y_{10,35,78}$ = 5.948876490074923 dB
	 $y_{10,35,8}$ = 12.277139608816427 dB
	 $y_{10,35,18}$ = 7.989526863122052 dB
	 $y_{10,35,23}$ = 9.730202900276112 dB
	 $y_{10,35,25}$ = 29.812773609818876 dB
	 $y_{10,35,29}$ = 10.831587144082519 dB
	 $y_{10,35,35}$ = 91.72148849100412 dB
	 $y_{10,35,33}$ = 12.66965299136207 dB
	 $y_{10,35,34}$ = 31.479414592522375 dB
	 $y_{10,35,71}$ = 5.451255431334886 dB
	 $y_{10,35,83}$ = 11.32153589219513 dB
	 $y_{10,35,65}$ = 14.264695340881488 dB
	 $y_{10,35,76}$ = 8.79772168281329 dB
		SNR medio:  15.699876527845197
		Usuarios totais: 19
$x_{10,38}$
	 $y_{10,38,79}$ = 11.388435118825328 dB
	 $y_{10,38,59}$ = 13.384913130034477 dB
		SNR medio:  12.386674124429902
		Usuarios totais: 2
$x_{10,41}$
		Usuarios totais: 0
$x_{10,62}$
		Usuarios totais: 0
$x_{10,73}$
	 $y_{10,73,96}$ = 15.314184431900344 dB
	 $y_{10,73,91}$ = 8.100777449029493 dB
	 $y_{10,73,92}$ = 19.848341275310617 dB
	 $y_{10,73,95}$ = 11.839868742686178 dB
	 $y_{10,73,60}$ = 14.458821245372135 dB
	 $y_{10,73,74}$ = 44.111703940785944 dB
	 $y_{10,73,77}$ = 6.734376231982111 dB
	 $y_{10,73,84}$ = 28.445685140039217 dB
	 $y_{10,73,31}$ = 9.910022911078187 dB
	 $y_{10,73,53}$ = 24.697362263443793 dB
		SNR medio:  13.104367402259145
		Usuarios totais: 14
Distances:
4 : 35 = 1264.9110640673518
4 : 38 = 2000.0
4 : 41 = 2000.0
4 : 62 = 2529.8221281347037
4 : 73 = 2828.42712474619
35 : 38 = 1200.0
35 : 41 = 1649.2422502470642
35 : 62 = 1697.0562748477141
35 : 73 = 1788.8543819998317
38 : 41 = 2828.42712474619
38 : 62 = 2683.281572999748
38 : 73 = 2561.2496949731394
41 : 62 = 894.4271909999159
41 : 73 = 1442.2205101855957
62 : 73 = 565.685424949238
t=11
Antennas: [ 4 35 38 41 62 73]
Users: [ 1  4 21 46 57 72 76 79 80 92 99]
connections:  {1: 4, 79: 38, 99: 38, 4: 4, 92: 62, 57: 38, 72: 62, 80: 62, 21: 62, 46: 62, 76: 62}
$x_{11,4}$
	 $y_{11,4,1}$ = 6.181048896118 dB
	 $y_{11,4,4}$ = 91.2232040240684 dB
		SNR medio:  48.7021264600932
		Usuarios totais: 2
$x_{11,35}$
		Usuarios totais: 0
$x_{11,38}$
	 $y_{11,38,79}$ = 11.388435118825328 dB
	 $y_{11,38,99}$ = 5.561628862270622 dB
	 $y_{11,38,57}$ = 18.019702964551115 dB
		SNR medio:  11.656588981882356
		Usuarios totais: 3
$x_{11,41}$
		Usuarios totais: 0
$x_{11,62}$
	 $y_{11,62,92}$ = 6.630499572915426 dB
	 $y_{11,62,72}$ = 34.560794437816 dB
	 $y_{11,62,80}$ = 14.449882233726981 dB
	 $y_{11,62,21}$ = 13.0953617996974 dB
	 $y_{11,62,46}$ = 7.426915313401167 dB
	 $y_{11,62,76}$ = 5.411459756928565 dB
		SNR medio:  13.595818852414256
		Usuarios totais: 6
$x_{11,73}$
		Usuarios totais: 0
Distances:
4 : 35 = 1264.9110640673518
4 : 38 = 2000.0
4 : 41 = 2000.0
4 : 62 = 2529.8221281347037
4 : 73 = 2828.42712474619
35 : 38 = 1200.0
35 : 41 = 1649.2422502470642
35 : 62 = 1697.0562748477141
35 : 73 = 1788.8543819998317
38 : 41 = 2828.42712474619
38 : 62 = 2683.281572999748
38 : 73 = 2561.2496949731394
41 : 62 = 894.4271909999159
41 : 73 = 1442.2205101855957
62 : 73 = 565.685424949238
--- Done after 0.01710772282547421 hours. ---
