-------------Calculating Solution (this may take a while)
+++++++++++++++++++Min Sinr: 10 dB (pgwo2)
+++++++++++++++++++With backhaul constraint. Start: 2023-06-30 01:28:23

Parameters:
- chosen seed 6
- Map with 100 sectors
- Map 4000 x 4000 m
- Sector has a side of 400 m
- Max time:  12
- users_t_m:  [[0, 0, 0, 0, 0, 0, 0, 0, 0, 0, 0, 0, 0, 0, 0, 0, 0, 0, 0, 0, 0, 0, 0, 0, 0, 0, 0, 0, 0, 0, 0, 0, 0, 0, 0, 0, 0, 0, 0, 0, 0, 0, 0, 0, 0, 0, 0, 0, 0, 0, 0, 0, 0, 0, 0, 0, 0, 0, 0, 0, 0, 0, 0, 0, 0, 0, 2, 1, 0, 0, 0, 0, 0, 0, 0, 0, 4, 2, 1, 0, 0, 0, 0, 0, 0, 0, 2, 16, 0, 0, 0, 0, 0, 0, 0, 0, 0, 0, 0, 0], [1, 0, 0, 0, 0, 0, 0, 0, 0, 1, 0, 0, 0, 1, 0, 2, 0, 0, 0, 0, 0, 0, 1, 1, 1, 0, 0, 1, 1, 1, 0, 1, 0, 1, 0, 0, 0, 0, 0, 0, 0, 0, 1, 1, 0, 0, 0, 0, 0, 0, 0, 0, 0, 0, 1, 2, 1, 0, 0, 1, 1, 0, 0, 0, 0, 0, 0, 3, 0, 0, 0, 0, 0, 0, 0, 0, 5, 3, 1, 0, 0, 0, 0, 0, 1, 0, 2, 14, 1, 1, 0, 1, 0, 0, 0, 0, 0, 0, 0, 1], [1, 0, 0, 1, 0, 1, 0, 0, 1, 0, 0, 1, 0, 0, 0, 0, 0, 0, 1, 1, 1, 1, 1, 0, 0, 0, 0, 1, 1, 0, 3, 0, 0, 0, 0, 0, 2, 1, 0, 1, 3, 0, 0, 0, 0, 0, 0, 2, 0, 0, 1, 0, 1, 0, 1, 0, 0, 0, 1, 0, 1, 1, 1, 1, 0, 0, 2, 0, 0, 1, 1, 0, 0, 0, 2, 0, 5, 3, 1, 2, 1, 3, 1, 0, 3, 2, 2, 21, 1, 0, 0, 0, 1, 0, 0, 1, 0, 0, 0, 1], [2, 1, 1, 2, 0, 1, 1, 0, 0, 0, 1, 0, 0, 0, 2, 0, 1, 1, 1, 1, 0, 1, 2, 0, 0, 1, 2, 1, 2, 0, 0, 3, 3, 0, 0, 0, 1, 0, 2, 0, 1, 1, 0, 2, 2, 1, 1, 0, 0, 1, 0, 1, 0, 0, 2, 0, 2, 0, 0, 0, 1, 0, 2, 3, 1, 0, 2, 4, 0, 0, 3, 1, 1, 2, 0, 1, 4, 8, 1, 0, 1, 0, 2, 5, 1, 0, 2, 26, 2, 0, 2, 1, 0, 0, 1, 1, 0, 1, 1, 0], [1, 0, 1, 2, 2, 2, 2, 1, 2, 4, 2, 0, 3, 0, 2, 1, 1, 0, 3, 2, 0, 2, 3, 2, 2, 0, 0, 1, 1, 0, 0, 3, 1, 1, 1, 0, 3, 1, 1, 0, 2, 1, 2, 1, 1, 3, 1, 3, 3, 3, 1, 1, 1, 2, 0, 1, 0, 5, 1, 4, 0, 1, 0, 1, 0, 0, 1, 2, 3, 1, 0, 3, 0, 1, 2, 1, 2, 4, 2, 1, 1, 0, 3, 2, 0, 1, 2, 21, 0, 0, 2, 1, 0, 1, 2, 2, 0, 0, 0, 1], [2, 0, 2, 0, 1, 4, 1, 2, 1, 2, 2, 1, 3, 1, 2, 3, 2, 2, 3, 1, 0, 1, 4, 3, 0, 1, 3, 4, 2, 0, 1, 1, 1, 1, 4, 2, 1, 3, 0, 1, 0, 1, 4, 2, 0, 2, 3, 0, 0, 2, 3, 0, 0, 2, 0, 0, 2, 0, 1, 2, 1, 1, 3, 0, 3, 3, 4, 6, 4, 0, 1, 0, 0, 1, 1, 1, 5, 6, 3, 4, 1, 2, 0, 0, 0, 5, 3, 16, 4, 1, 2, 3, 3, 2, 2, 0, 1, 1, 2, 0], [3, 1, 0, 1, 4, 1, 1, 1, 2, 1, 1, 1, 0, 1, 2, 2, 0, 2, 4, 3, 2, 3, 2, 1, 1, 1, 0, 0, 2, 1, 0, 4, 2, 1, 2, 1, 1, 3, 3, 1, 1, 4, 1, 0, 2, 3, 0, 1, 1, 1, 2, 1, 1, 0, 3, 3, 2, 0, 2, 2, 0, 0, 0, 5, 0, 1, 1, 1, 3, 1, 1, 1, 0, 3, 1, 2, 2, 1, 0, 2, 2, 0, 1, 4, 2, 3, 1, 2, 2, 1, 2, 2, 1, 1, 2, 3, 3, 2, 5, 2], [3, 3, 0, 0, 1, 1, 2, 3, 1, 2, 1, 1, 3, 1, 4, 0, 2, 1, 0, 1, 1, 1, 0, 1, 3, 1, 1, 3, 1, 4, 2, 4, 3, 0, 1, 0, 1, 1, 4, 1, 0, 0, 1, 1, 0, 2, 1, 0, 2, 0, 2, 1, 2, 2, 1, 1, 2, 1, 1, 0, 2, 3, 0, 1, 0, 0, 3, 0, 0, 1, 1, 1, 0, 2, 0, 0, 2, 1, 1, 1, 2, 2, 0, 3, 2, 0, 0, 2, 1, 0, 2, 0, 1, 1, 0, 4, 0, 1, 1, 1], [0, 1, 0, 1, 3, 1, 1, 1, 2, 0, 0, 1, 1, 2, 0, 2, 0, 1, 3, 1, 1, 0, 1, 0, 2, 2, 1, 0, 0, 0, 0, 0, 1, 0, 1, 3, 1, 2, 0, 0, 1, 2, 0, 0, 1, 4, 2, 1, 1, 1, 0, 1, 2, 1, 0, 0, 0, 1, 2, 4, 0, 1, 0, 0, 2, 0, 1, 0, 0, 0, 1, 1, 4, 2, 0, 0, 0, 1, 0, 1, 3, 2, 0, 2, 0, 0, 2, 3, 1, 0, 1, 0, 5, 0, 1, 1, 1, 0, 0, 1], [1, 0, 0, 0, 0, 0, 0, 0, 0, 2, 1, 0, 4, 0, 0, 0, 2, 0, 0, 1, 0, 0, 1, 0, 0, 0, 0, 2, 3, 0, 1, 0, 0, 0, 0, 0, 0, 1, 0, 0, 3, 4, 1, 0, 1, 0, 1, 1, 2, 0, 0, 0, 1, 3, 0, 1, 0, 0, 0, 0, 0, 0, 2, 2, 0, 0, 0, 1, 0, 0, 1, 0, 1, 1, 2, 0, 1, 0, 2, 0, 0, 0, 0, 1, 0, 0, 1, 1, 2, 0, 0, 3, 0, 1, 0, 1, 0, 0, 0, 2], [0, 1, 0, 0, 1, 0, 1, 0, 1, 0, 0, 0, 0, 0, 0, 0, 0, 0, 1, 0, 0, 0, 0, 1, 0, 1, 0, 0, 0, 1, 0, 2, 0, 1, 1, 1, 0, 1, 0, 1, 0, 0, 0, 0, 0, 0, 0, 0, 0, 0, 0, 0, 0, 1, 0, 0, 0, 0, 0, 1, 1, 0, 0, 0, 0, 2, 0, 0, 0, 1, 0, 1, 0, 0, 1, 0, 1, 2, 1, 1, 0, 0, 0, 1, 1, 0, 0, 0, 0, 0, 0, 1, 2, 0, 0, 2, 1, 0, 2, 0], [0, 1, 0, 0, 1, 0, 0, 0, 0, 0, 0, 0, 0, 0, 0, 0, 0, 0, 0, 0, 0, 1, 0, 0, 0, 0, 0, 0, 0, 0, 0, 0, 0, 0, 0, 0, 0, 0, 0, 0, 0, 0, 0, 0, 0, 0, 1, 0, 0, 0, 0, 0, 0, 0, 0, 0, 0, 1, 0, 0, 0, 0, 0, 0, 0, 0, 0, 0, 0, 0, 0, 0, 1, 0, 0, 0, 1, 0, 0, 1, 1, 0, 0, 0, 0, 0, 0, 0, 0, 0, 0, 0, 1, 0, 0, 0, 0, 0, 0, 1]]
MAX_USER_PER_ANTENNAS_m:  [40, 40, 40, 40, 40, 40, 40, 40, 40, 40, 40, 40, 40, 40, 40, 40, 40, 40, 40, 40, 40, 40, 40, 40, 40, 40, 40, 40, 40, 40, 40, 40, 40, 40, 40, 40, 40, 40, 40, 40, 40, 40, 40, 40, 40, 40, 40, 40, 40, 40, 40, 40, 40, 40, 40, 40, 40, 40, 40, 40, 40, 40, 40, 40, 40, 40, 40, 40, 40, 40, 40, 40, 40, 40, 40, 40, 40, 40, 40, 40, 40, 40, 40, 40, 40, 40, 40, 40, 40, 40, 40, 40, 40, 40, 40, 40, 40, 40, 40, 40]
antennas_map_m:  [1, 1, 1, 1, 1, 1, 1, 1, 1, 1, 1, 1, 1, 1, 1, 1, 1, 1, 1, 1, 1, 1, 1, 1, 1, 1, 1, 1, 1, 1, 1, 1, 1, 1, 1, 1, 1, 1, 1, 1, 1, 1, 1, 1, 1, 1, 1, 1, 1, 1, 1, 1, 1, 1, 1, 1, 1, 1, 1, 1, 1, 1, 1, 1, 1, 1, 1, 1, 1, 1, 1, 1, 1, 1, 1, 1, 1, 1, 1, 1, 1, 1, 1, 1, 1, 1, 1, 1, 1, 1, 1, 1, 1, 1, 1, 1, 1, 1, 1, 1]
FIRST_ANTENNA:  73
MIN_SNR_m:  [10.0, 10.0, 10.0, 10.0, 10.0, 10.0, 10.0, 10.0, 10.0, 10.0, 10.0, 10.0, 10.0, 10.0, 10.0, 10.0, 10.0, 10.0, 10.0, 10.0, 10.0, 10.0, 10.0, 10.0, 10.0, 10.0, 10.0, 10.0, 10.0, 10.0, 10.0, 10.0, 10.0, 10.0, 10.0, 10.0, 10.0, 10.0, 10.0, 10.0, 10.0, 10.0, 10.0, 10.0, 10.0, 10.0, 10.0, 10.0, 10.0, 10.0, 10.0, 10.0, 10.0, 10.0, 10.0, 10.0, 10.0, 10.0, 10.0, 10.0, 10.0, 10.0, 10.0, 10.0, 10.0, 10.0, 10.0, 10.0, 10.0, 10.0, 10.0, 10.0, 10.0, 10.0, 10.0, 10.0, 10.0, 10.0, 10.0, 10.0, 10.0, 10.0, 10.0, 10.0, 10.0, 10.0, 10.0, 10.0, 10.0, 10.0, 10.0, 10.0, 10.0, 10.0, 10.0, 10.0, 10.0, 10.0, 10.0, 10.0]
-MIN_DIST:  2000
- disaster percentage:  0

Slice 0
Fitnes _wolf:  -inf

Run GWO to deployment +1 antenna on the map
	Pack size:  50
	Wolf dimension 1
	Max iter 100
	antennas_regions:  [73]
	users_regions:  [66 67 76 77 78 86 87]
	Fitness function:  <function fitness_pgwo2 at 0x7f11058800e0>
	Seed_base:  0
initial_alpha:  Wolf 35 (35). Fitness: 30.687286759929957
	(2194.778422575289, 3002.163801542683, 0). Region: 75
initial_beta:  Wolf 5 (5). Fitness: 2.3262362186233914e-05
	(2491.606779558808, 2967.1479570429174, 0). Region: 76
initial_delta:  Wolf 19 (19). Fitness: 2.3262362186233914e-05
	(2708.5033072010815, 3139.645424348443, 0). Region: 76 

iter = 10
Alpha wolf:  Wolf 35 (35). Fitness: 30.687286759929957
	(2194.778422575289, 3002.163801542683, 0). Region: 75
iter = 20
Alpha wolf:  Wolf 35 (35). Fitness: 30.687286759929957
	(2194.778422575289, 3002.163801542683, 0). Region: 75
iter = 30
Alpha wolf:  Wolf 35 (35). Fitness: 30.687286759929957
	(2194.778422575289, 3002.163801542683, 0). Region: 75
iter = 40
Alpha wolf:  Wolf 35 (35). Fitness: 30.687286759929957
	(2248.9971013575805, 3185.8011858697014, 0.0). Region: 75
iter = 50
Alpha wolf:  Wolf 35 (35). Fitness: 30.687286759929957
	(2358.5050425581044, 2909.6111579497874, 0.0). Region: 75
iter = 60
Alpha wolf:  Wolf 35 (35). Fitness: 30.687286759929957
	(2358.5050425581044, 2909.6111579497874, 0.0). Region: 75
iter = 70
Alpha wolf:  Wolf 35 (35). Fitness: 30.687286759929957
	(2151.4882376919613, 2959.083412824839, 0.0). Region: 75
iter = 80
Alpha wolf:  Wolf 35 (35). Fitness: 30.687286759929957
	(2343.4295923475065, 2898.479308513466, 0.0). Region: 75
iter = 90
Alpha wolf:  Wolf 35 (35). Fitness: 30.687286759929957
	(2379.642661222787, 2985.2605526058223, 0.0). Region: 75

- Finishing GWO - 

Best solution:  Wolf 35 (35). Fitness: 30.687286759929957
	(2241.8280023684533, 3071.876591824873, 0.0). Region: 75
Antennas in slice 0:  [73 75]
Results:  [array([73, 75])]

Slice 1
Fitnes _wolf:  -inf

Run GWO to deployment +1 antenna on the map
	Pack size:  50
	Wolf dimension 1
	Max iter 100
	antennas_regions:  [73 75]
	users_regions:  [ 0  9 13 15 22 23 24 27 28 29 31 33 42 43 54 55 56 59 60 67 76 77 78 84
 86 87 88 89 91 99]
	Fitness function:  <function fitness_pgwo2 at 0x7f11058800e0>
	Seed_base:  50
initial_alpha:  Wolf 0 (50). Fitness: -inf
	(1990.1462750344092, 1064.6948922901624, 0). Region: 24
initial_beta:  Wolf 1 (51). Fitness: -inf
	(974.071050837348, 2008.835958012624, 0). Region: 52
initial_delta:  Wolf 2 (52). Fitness: -inf
	(3913.4194334839867, 218.09062004182954, 0). Region: 9 

iter = 10
Alpha wolf:  Wolf 0 (50). Fitness: -inf
	(2008.4417582681635, 297.7625818656375, 0.0). Region: 5
iter = 20
Alpha wolf:  Wolf 0 (50). Fitness: -inf
	(1551.3670223797021, 1586.3458792971546, 0.0). Region: 33
iter = 30
Alpha wolf:  Wolf 0 (50). Fitness: -inf
	(1483.864718162788, 811.9465945123962, 0.0). Region: 23
iter = 40
Alpha wolf:  Wolf 0 (50). Fitness: -inf
	(751.3334931922993, 1034.4305245607286, 0.0). Region: 21
iter = 50
Alpha wolf:  Wolf 0 (50). Fitness: -inf
	(1071.0585797486465, 724.9619990470792, 0.0). Region: 12
iter = 60
Alpha wolf:  Wolf 0 (50). Fitness: -inf
	(1394.126818005898, 952.6155726214108, 0.0). Region: 23
iter = 70
Alpha wolf:  Wolf 0 (50). Fitness: -inf
	(1027.4955508842331, 1952.9986028367377, 0.0). Region: 42
iter = 80
Alpha wolf:  Wolf 0 (50). Fitness: -inf
	(967.1938180516536, 1628.1429301518574, 0.0). Region: 42
iter = 90
Alpha wolf:  Wolf 0 (50). Fitness: -inf
	(898.6921453964972, 1689.1365185907075, 0.0). Region: 42

- Finishing GWO - 


Run GWO to deployment +2 antenna on the map
	Pack size:  50
	Wolf dimension 2
	Max iter 100
	antennas_regions:  [73 75]
	users_regions:  [ 0  9 13 15 22 23 24 27 28 29 31 33 42 43 54 55 56 59 60 67 76 77 78 84
 86 87 88 89 91 99]
	Fitness function:  <function fitness_pgwo2 at 0x7f11058800e0>
	Seed_base:  100
initial_alpha:  Wolf 0 (100). Fitness: -inf
	(582.6770204165213, 1819.7080180560854, 0). Region: 41
	(3083.1352226360887, 2822.052907736112, 0). Region: 77
initial_beta:  Wolf 1 (101). Fitness: -inf
	(2324.6085300182585, 779.0179821365468, 0). Region: 15
	(3861.0044282444446, 3695.905606707177, 0). Region: 99
initial_delta:  Wolf 2 (102). Fitness: -inf
	(592.6848255483344, 2463.8611483048944, 0). Region: 61
	(678.7432895426688, 2850.0277895008303, 0). Region: 71 

iter = 10
Alpha wolf:  Wolf 0 (100). Fitness: -inf
	(782.5071500839849, 1872.0285729585644, 0.0). Region: 41
	(1775.5859710514333, 943.4296192055372, 0.0). Region: 24
iter = 20
Alpha wolf:  Wolf 0 (100). Fitness: -inf
	(59.3939076189139, 1556.0323739940418, 0.0). Region: 30
	(1591.491697802057, 662.206192459952, 0.0). Region: 13
iter = 30
Alpha wolf:  Wolf 0 (100). Fitness: -inf
	(273.17492314414784, 591.7726393418188, 0.0). Region: 10
	(3051.102119991938, 596.8852070346977, 0.0). Region: 17
iter = 40
Alpha wolf:  Wolf 0 (100). Fitness: -inf
	(537.9446043329452, 640.6709830321038, 0.0). Region: 11
	(1417.0757061243626, 762.2926653087176, 0.0). Region: 13
iter = 50
Alpha wolf:  Wolf 0 (100). Fitness: -inf
	(310.9602794379352, 486.4884739000325, 0.0). Region: 10
	(1017.8607348304633, 497.7945807937482, 0.0). Region: 12
iter = 60
Alpha wolf:  Wolf 0 (100). Fitness: -inf
	(382.50245582031357, 490.4393478340479, 0.0). Region: 10
	(605.1423521401748, 342.8666434376419, 0.0). Region: 1
iter = 70
Alpha wolf:  Wolf 0 (100). Fitness: -inf
	(466.13695614043, 500.7905527355033, 0.0). Region: 11
	(577.431648482435, 384.0395791604249, 0.0). Region: 1
iter = 80
Alpha wolf:  Wolf 0 (100). Fitness: -inf
	(344.208344710965, 476.8155840152602, 0.0). Region: 10
	(594.9969319435525, 357.5846352050273, 0.0). Region: 1
iter = 90
Alpha wolf:  Wolf 0 (100). Fitness: -inf
	(392.3195242734902, 453.96829834863195, 0.0). Region: 10
	(694.5386363165003, 360.16361251568503, 0.0). Region: 1

- Finishing GWO - 


Run GWO to deployment +3 antenna on the map
	Pack size:  50
	Wolf dimension 3
	Max iter 100
	antennas_regions:  [73 75]
	users_regions:  [ 0  9 13 15 22 23 24 27 28 29 31 33 42 43 54 55 56 59 60 67 76 77 78 84
 86 87 88 89 91 99]
	Fitness function:  <function fitness_pgwo2 at 0x7f11058800e0>
	Seed_base:  150
initial_alpha:  Wolf 0 (150). Fitness: -inf
	(3295.228967856352, 3580.836635796672, 0). Region: 88
	(751.473642213539, 1215.4358867466128, 0). Region: 31
	(1913.193826237758, 651.6169136788617, 0). Region: 14
initial_beta:  Wolf 1 (151). Fitness: -inf
	(2826.2949409966977, 3383.9252850902753, 0). Region: 87
	(3803.1426880375734, 2531.1547435486596, 0). Region: 69
	(818.4409842517395, 3893.295803136745, 0). Region: 92
initial_delta:  Wolf 2 (152). Fitness: -inf
	(3910.6132911531163, 1565.8019670122374, 0). Region: 39
	(584.7257787554714, 3886.4213585906614, 0). Region: 91
	(3193.5153629310744, 2498.6899798302097, 0). Region: 67 

iter = 10
Alpha wolf:  Wolf 0 (150). Fitness: -inf
	(140.798668519949, 1288.0879117611096, 0.0). Region: 30
	(84.74972393553242, 3280.171464606593, 0.0). Region: 80
	(1762.1914208826404, 766.0763739751958, 0.0). Region: 14
iter = 20
Alpha wolf:  Wolf 0 (150). Fitness: -inf
	(554.5558891340852, 1231.9855446156746, 0.0). Region: 31
	(1174.2950018313843, 2131.3072657020994, 0.0). Region: 52
	(113.4510928177926, 728.4966628722256, 0.0). Region: 10
iter = 30
Alpha wolf:  Wolf 0 (150). Fitness: -inf
	(177.39513279010671, 3107.9136850203267, 0.0). Region: 70
	(1990.9596419234106, 1619.1565326195732, 0.0). Region: 44
	(124.5792543373196, 1228.2479643320635, 0.0). Region: 30
iter = 40
Alpha wolf:  Wolf 0 (150). Fitness: -inf
	(70.58626060373281, 1294.7986494982028, 0.0). Region: 30
	(930.6881083007025, 568.6437866937373, 0.0). Region: 12
	(192.0224515168642, 525.97761831047, 0.0). Region: 10
iter = 50
Alpha wolf:  Wolf 0 (150). Fitness: -inf
	(133.3461578457223, 613.3732910565041, 0.0). Region: 10
	(1284.1685477190092, 598.2817981269295, 0.0). Region: 13
	(217.73052299744066, 900.5169247944175, 0.0). Region: 20
iter = 60
Alpha wolf:  Wolf 0 (150). Fitness: -inf
	(64.63704305756067, 1573.6216073253538, 0.0). Region: 30
	(932.3800745074691, 717.8279650597611, 0.0). Region: 12
	(148.4495607775246, 619.1616264114712, 0.0). Region: 10
iter = 70
Alpha wolf:  Wolf 0 (150). Fitness: -inf
	(42.69421110185995, 2154.086639414104, 0.0). Region: 50
	(470.5072095965166, 497.3056717478089, 0.0). Region: 11
	(180.22121624978683, 693.3672676749625, 0.0). Region: 10
iter = 80
Alpha wolf:  Wolf 0 (150). Fitness: -inf
	(43.57163640515302, 1798.676929411534, 0.0). Region: 40
	(425.54723178262805, 499.49754180591674, 0.0). Region: 11
	(234.48941679917726, 895.2536468154121, 0.0). Region: 20
iter = 90
Alpha wolf:  Wolf 0 (150). Fitness: -inf
	(46.473723680017116, 1848.0648027632908, 0.0). Region: 40
	(518.8072395574555, 436.04917905587246, 0.0). Region: 11
	(210.4323334841307, 929.4104316628427, 0.0). Region: 20

- Finishing GWO - 


Run GWO to deployment +4 antenna on the map
	Pack size:  50
	Wolf dimension 4
	Max iter 100
	antennas_regions:  [73 75]
	users_regions:  [ 0  9 13 15 22 23 24 27 28 29 31 33 42 43 54 55 56 59 60 67 76 77 78 84
 86 87 88 89 91 99]
	Fitness function:  <function fitness_pgwo2 at 0x7f11058800e0>
	Seed_base:  200
initial_alpha:  Wolf 0 (200). Fitness: -inf
	(182.43720834157574, 813.787899449597, 0). Region: 20
	(2836.4959368217837, 571.3939850840158, 0). Region: 17
	(3440.0439500423804, 1066.8490504134693, 0). Region: 28
	(45.89184200299323, 1759.8821732361669, 0). Region: 40
initial_beta:  Wolf 1 (201). Fitness: -inf
	(268.4090350376151, 1302.3982173307095, 0). Region: 30
	(14.701479072412926, 1131.1923958714174, 0). Region: 20
	(3010.7735305873, 2775.5063081440635, 0). Region: 67
	(1879.4866091226922, 3014.7661647410323, 0). Region: 74
initial_delta:  Wolf 2 (202). Fitness: -inf
	(3055.5262978535816, 2579.1230043452256, 0). Region: 67
	(1637.752320559811, 792.3497616045507, 0). Region: 14
	(2706.8013369441865, 3877.1432654907007, 0). Region: 96
	(1710.9883559543678, 3403.499437907091, 0). Region: 84 

iter = 10
Alpha wolf:  Wolf 0 (200). Fitness: -inf
	(1183.584286082421, 164.23806547101333, 0.0). Region: 2
	(1650.730715474534, 1422.7582483686724, 0.0). Region: 34
	(3254.3580774421425, 292.85171209237126, 0.0). Region: 8
	(1418.0259828521084, 247.48584903391247, 0.0). Region: 3
iter = 20
Alpha wolf:  Wolf 0 (200). Fitness: -inf
	(1491.6396981584621, 35.341347937039814, 0.0). Region: 3
	(1286.2848065129633, 540.2081593637611, 0.0). Region: 13
	(777.3563073065527, 1880.1216523000876, 0.0). Region: 41
	(508.1677979737178, 2148.998078920017, 0.0). Region: 51
iter = 30
Alpha wolf:  Wolf 0 (200). Fitness: -inf
	(3651.0305777571343, 34.93384073906273, 0.0). Region: 9
	(676.9935214007949, 200.77976039512524, 0.0). Region: 1
	(483.4112767599471, 678.1484753429874, 0.0). Region: 11
	(125.09946119562278, 1454.4534589652098, 0.0). Region: 30
iter = 40
Alpha wolf:  Wolf 0 (200). Fitness: -inf
	(1981.992210487064, 44.71350616877983, 0.0). Region: 4
	(1147.515953059534, 121.93826850810093, 0.0). Region: 2
	(253.8366577621169, 602.1726935912845, 0.0). Region: 10
	(343.8065042929741, 2429.5254606255385, 0.0). Region: 60
iter = 50
Alpha wolf:  Wolf 0 (200). Fitness: -inf
	(1634.6933572626876, 86.10780474291273, 0.0). Region: 4
	(882.4819504732768, 80.32874986412637, 0.0). Region: 2
	(236.9300082698751, 382.31941873561647, 0.0). Region: 0
	(160.64221266482417, 2242.49127160068, 0.0). Region: 50
iter = 60
Alpha wolf:  Wolf 0 (200). Fitness: -inf
	(1913.344682998119, 92.42765900745766, 0.0). Region: 4
	(428.0169179925333, 86.50095104398629, 0.0). Region: 1
	(230.30771289115484, 474.83210014280246, 0.0). Region: 10
	(158.6876500580761, 1647.024120560804, 0.0). Region: 40
iter = 70
Alpha wolf:  Wolf 0 (200). Fitness: -inf
	(2777.3562780077154, 105.1219053125828, 0.0). Region: 6
	(319.2317681237075, 67.73694278816228, 0.0). Region: 0
	(242.3054758624187, 497.52216523957577, 0.0). Region: 10
	(244.92761700500097, 2078.7651618990158, 0.0). Region: 50
iter = 80
Alpha wolf:  Wolf 0 (200). Fitness: -inf
	(1996.3282938448522, 169.53934691895824, 0.0). Region: 4
	(330.3515984111566, 78.37957591971592, 0.0). Region: 0
	(278.9390452984495, 438.057218602042, 0.0). Region: 10
	(290.0599240038612, 2001.1512317431816, 0.0). Region: 50
iter = 90
Alpha wolf:  Wolf 0 (200). Fitness: -inf
	(2045.5190036895312, 210.1988103291858, 0.0). Region: 5
	(355.4681319500253, 87.48091878873477, 0.0). Region: 0
	(348.00150882639406, 384.30729554139316, 0.0). Region: 0
	(291.63729583191946, 2110.3357074850455, 0.0). Region: 50

- Finishing GWO - 


Run GWO to deployment +5 antenna on the map
	Pack size:  50
	Wolf dimension 5
	Max iter 100
	antennas_regions:  [73 75]
	users_regions:  [ 0  9 13 15 22 23 24 27 28 29 31 33 42 43 54 55 56 59 60 67 76 77 78 84
 86 87 88 89 91 99]
	Fitness function:  <function fitness_pgwo2 at 0x7f11058800e0>
	Seed_base:  250
initial_alpha:  Wolf 0 (250). Fitness: -inf
	(1550.2251804418927, 3732.074563417412, 0). Region: 93
	(2248.585631592364, 273.1373817682061, 0). Region: 5
	(156.51662824308897, 963.671265067127, 0). Region: 20
	(664.9415471199069, 1497.0898601460042, 0). Region: 31
	(1635.8672757049678, 3796.4882976386893, 0). Region: 94
initial_beta:  Wolf 1 (251). Fitness: -inf
	(1779.142906074199, 1529.7804097549533, 0). Region: 34
	(2311.895209155092, 1828.0321731264287, 0). Region: 45
	(1640.96306891834, 1956.3075033816153, 0). Region: 44
	(1049.3357241927943, 3646.3685469553043, 0). Region: 92
	(1610.5752359604635, 3916.6534223118165, 0). Region: 94
initial_delta:  Wolf 2 (252). Fitness: -inf
	(3107.712794002624, 64.88281358430959, 0). Region: 7
	(2746.7622247923678, 2162.4204857878153, 0). Region: 56
	(3241.26387221536, 1354.3810629890008, 0). Region: 38
	(1822.4997667090697, 1054.4954245625831, 0). Region: 24
	(3259.2530184246657, 2930.003050098271, 0). Region: 78 

iter = 10
Alpha wolf:  Wolf 0 (250). Fitness: -inf
	(2223.2821530076753, 93.93428065294634, 0.0). Region: 5
	(2728.9364104311226, 452.75969747254044, 0.0). Region: 16
	(1088.9813387452134, 909.1478206438428, 0.0). Region: 22
	(640.2676408418986, 594.9703270798261, 0.0). Region: 11
	(856.416827607386, 961.1431949810574, 0.0). Region: 22
iter = 20
Alpha wolf:  Wolf 0 (250). Fitness: -inf
	(284.9980114804541, 445.90563045502796, 0.0). Region: 10
	(1440.5188047305855, 837.6959382316218, 0.0). Region: 23
	(2232.3602011516737, 733.6641577074699, 0.0). Region: 15
	(43.15752424108537, 1318.1039131924413, 0.0). Region: 30
	(550.7036632349663, 838.5750525482792, 0.0). Region: 21
iter = 30
Alpha wolf:  Wolf 0 (250). Fitness: -inf
	(951.027412279926, 119.77900515568447, 0.0). Region: 2
	(1907.0229188388525, 646.5027375815398, 0.0). Region: 14
	(1744.7839392625158, 666.4073138160277, 0.0). Region: 14
	(27.107435118914168, 586.5106012224996, 0.0). Region: 10
	(907.0853945245774, 1000.5783463928551, 0.0). Region: 22
iter = 40
Alpha wolf:  Wolf 0 (250). Fitness: -inf
	(600.0288331027059, 135.197928701551, 0.0). Region: 1
	(2470.997044241638, 387.375734181771, 0.0). Region: 6
	(687.4696604288674, 1870.2381753611935, 0.0). Region: 41
	(118.64876680670966, 1280.3442230343055, 0.0). Region: 30
	(953.6600387512719, 891.2025627560622, 0.0). Region: 22
iter = 50
Alpha wolf:  Wolf 0 (250). Fitness: -inf
	(779.9836937074926, 106.80510685183808, 0.0). Region: 1
	(1767.449949531534, 317.2584765196192, 0.0). Region: 4
	(1934.495323410587, 2259.993470253192, 0.0). Region: 54
	(112.89998538512668, 813.4306970860569, 0.0). Region: 20
	(948.617820701163, 729.2171644111895, 0.0). Region: 12
iter = 60
Alpha wolf:  Wolf 0 (250). Fitness: -inf
	(436.7607151263842, 63.18232030391267, 0.0). Region: 1
	(1264.1217334767257, 330.63261777867115, 0.0). Region: 3
	(600.5147678654985, 3052.5157741722796, 0.0). Region: 71
	(159.0668706468105, 1264.0888487151642, 0.0). Region: 30
	(2013.1399496931817, 1114.5428292671322, 0.0). Region: 25
iter = 70
Alpha wolf:  Wolf 0 (250). Fitness: -inf
	(186.70125361025023, 36.12044484752076, 0.0). Region: 0
	(1374.124030190224, 441.91931336700054, 0.0). Region: 13
	(1021.1141971144222, 2560.790153470336, 0.0). Region: 62
	(168.8662850353602, 1139.6501167837848, 0.0). Region: 20
	(1799.5121854355416, 1282.3459300734824, 0.0). Region: 34
iter = 80
Alpha wolf:  Wolf 0 (250). Fitness: -inf
	(189.48225745551784, 31.047990497712192, 0.0). Region: 0
	(1188.9665522604819, 433.14228289220966, 0.0). Region: 12
	(923.5695417688576, 2824.5007428436975, 0.0). Region: 72
	(164.73284080866625, 1339.6818012206727, 0.0). Region: 30
	(1733.1763052759927, 1342.31536742459, 0.0). Region: 34
iter = 90
Alpha wolf:  Wolf 0 (250). Fitness: -inf
	(248.73507702542895, 36.10208604547874, 0.0). Region: 0
	(1282.581359814913, 467.22878911766736, 0.0). Region: 13
	(824.629304989249, 3025.1416292546173, 0.0). Region: 72
	(159.43597365331766, 1386.145486379417, 0.0). Region: 30
	(2026.9652145541131, 1545.3397429761353, 0.0). Region: 35

- Finishing GWO - 


Run GWO to deployment +6 antenna on the map
	Pack size:  50
	Wolf dimension 6
	Max iter 100
	antennas_regions:  [73 75]
	users_regions:  [ 0  9 13 15 22 23 24 27 28 29 31 33 42 43 54 55 56 59 60 67 76 77 78 84
 86 87 88 89 91 99]
	Fitness function:  <function fitness_pgwo2 at 0x7f11058800e0>
	Seed_base:  300
initial_alpha:  Wolf 0 (300). Fitness: -inf
	(2390.7831417453117, 1378.839432224314, 0). Region: 35
	(5.979582384540105, 1385.7692041697906, 0). Region: 30
	(3292.6369576744937, 1693.7951914114713, 0). Region: 48
	(2319.3290282999556, 646.8470132940815, 0). Region: 15
	(1710.6275657330277, 1472.7943113769509, 0). Region: 34
	(554.2404541853907, 985.3657742181264, 0). Region: 21
initial_beta:  Wolf 1 (301). Fitness: -inf
	(1594.9404128206654, 3197.7275582602206, 0). Region: 73
	(1973.3975393123583, 1836.1784115916585, 0). Region: 44
	(944.148777411379, 2673.4198815001178, 0). Region: 62
	(1019.4928681522568, 3884.508637025459, 0). Region: 92
	(972.9158437676522, 3847.173694704387, 0). Region: 92
	(381.60055318226813, 1785.0699720615096, 0). Region: 40
initial_delta:  Wolf 2 (302). Fitness: -inf
	(3860.815988704271, 2156.073387508652, 0). Region: 59
	(2213.8113202763097, 1899.3996363681886, 0). Region: 45
	(756.0530547075527, 150.16178423399572, 0). Region: 1
	(1590.861713823085, 2014.786779481665, 0). Region: 53
	(3100.621771663653, 1358.2495383259547, 0). Region: 37
	(3879.6419990697254, 451.2407678432391, 0). Region: 19 

The alpha wolf has been updated to a position with higher fitness. iter = 1
New alpha wolf:  Wolf 46 (346). Fitness: 7.492256891047228e-06
	(3153.4156317049537, 3164.1200387744266, 0.0). Region: 77
	(1575.7015309965163, 2225.1774264110686, 0.0). Region: 53
	(1911.5514218972385, 795.4062544884328, 0.0). Region: 14
	(1125.2619590681907, 3616.348320253296, 0.0). Region: 92
	(3457.894672853873, 228.1870529372326, 0.0). Region: 8
	(2727.822855697555, 434.3256340914879, 0.0). Region: 16
The alpha wolf has been updated to a position with higher fitness. iter = 3
New alpha wolf:  Wolf 36 (336). Fitness: 0.00027531856361238114
	(3361.903552391452, 2087.6689490704593, 0.0). Region: 58
	(768.5156355087553, 2559.640837144212, 0.0). Region: 61
	(3830.9298860847994, 1143.981325529745, 0.0). Region: 29
	(2018.8719325872237, 3792.7724924976446, 0.0). Region: 95
	(1213.6152740575512, 663.1139262798124, 0.0). Region: 13
	(265.6894566906685, 417.0803273400707, 0.0). Region: 10
The alpha wolf has been updated to a position with higher fitness. iter = 6
New alpha wolf:  Wolf 13 (313). Fitness: 35.98464750839184
	(3969.533953687311, 2949.2092522730136, 0.0). Region: 79
	(477.3770043872731, 552.2897103213643, 0.0). Region: 11
	(3078.3416169172506, 1473.1279427144239, 0.0). Region: 37
	(478.76917340684963, 3401.203943035919, 0.0). Region: 81
	(831.4786506656943, 798.2471678691591, 0.0). Region: 12
	(3163.697781906509, 371.8940460329022, 0.0). Region: 7
iter = 10
Alpha wolf:  Wolf 13 (313). Fitness: 35.98464750839184
	(3969.533953687311, 2949.2092522730136, 0.0). Region: 79
	(477.3770043872731, 552.2897103213643, 0.0). Region: 11
	(3078.3416169172506, 1473.1279427144239, 0.0). Region: 37
	(478.76917340684963, 3401.203943035919, 0.0). Region: 81
	(831.4786506656943, 798.2471678691591, 0.0). Region: 12
	(3163.697781906509, 371.8940460329022, 0.0). Region: 7
The alpha wolf has been updated to a position with higher fitness. iter = 10
New alpha wolf:  Wolf 24 (324). Fitness: 63.72281960341748
	(3856.2576508620214, 2454.7965684910087, 0.0). Region: 69
	(212.65380013218754, 1812.4480395264418, 0.0). Region: 40
	(3149.358253524024, 711.4833046408892, 0.0). Region: 17
	(320.56252841089014, 3531.616435361416, 0.0). Region: 80
	(264.0963277202085, 590.5057356703821, 0.0). Region: 10
	(1532.9614124725633, 339.2494513203533, 0.0). Region: 3
iter = 20
Alpha wolf:  Wolf 24 (324). Fitness: 63.72281960341748
	(3856.2576508620214, 2454.7965684910087, 0.0). Region: 69
	(212.65380013218754, 1812.4480395264418, 0.0). Region: 40
	(3149.358253524024, 711.4833046408892, 0.0). Region: 17
	(320.56252841089014, 3531.616435361416, 0.0). Region: 80
	(264.0963277202085, 590.5057356703821, 0.0). Region: 10
	(1532.9614124725633, 339.2494513203533, 0.0). Region: 3
iter = 30
Alpha wolf:  Wolf 24 (324). Fitness: 63.72281960341748
	(3856.2576508620214, 2454.7965684910087, 0.0). Region: 69
	(212.65380013218754, 1812.4480395264418, 0.0). Region: 40
	(3149.358253524024, 711.4833046408892, 0.0). Region: 17
	(320.56252841089014, 3531.616435361416, 0.0). Region: 80
	(264.0963277202085, 590.5057356703821, 0.0). Region: 10
	(1532.9614124725633, 339.2494513203533, 0.0). Region: 3
iter = 40
Alpha wolf:  Wolf 24 (324). Fitness: 63.72281960341748
	(3856.2576508620214, 2454.7965684910087, 0.0). Region: 69
	(212.65380013218754, 1812.4480395264418, 0.0). Region: 40
	(3149.358253524024, 711.4833046408892, 0.0). Region: 17
	(320.56252841089014, 3531.616435361416, 0.0). Region: 80
	(264.0963277202085, 590.5057356703821, 0.0). Region: 10
	(1532.9614124725633, 339.2494513203533, 0.0). Region: 3
The alpha wolf has been updated to a position with higher fitness. iter = 42
New alpha wolf:  Wolf 19 (319). Fitness: 80.2305355698576
	(3801.2218708111163, 2504.758128072545, 0.0). Region: 69
	(154.9949747159185, 2077.048360353962, 0.0). Region: 50
	(3545.0630609208156, 642.5773726670534, 0.0). Region: 18
	(447.1871636693111, 3081.7360234943594, 0.0). Region: 71
	(508.7625322606658, 381.5972483687258, 0.0). Region: 1
	(2112.521451148009, 91.7433902109317, 0.0). Region: 5
The alpha wolf has been updated to a position with higher fitness. iter = 47
New alpha wolf:  Wolf 19 (319). Fitness: 88.22278950716581
	(3699.189461096067, 2788.683961053232, 0.0). Region: 69
	(169.051045057559, 2086.70478817667, 0.0). Region: 50
	(2214.4932400219786, 824.2914380009389, 0.0). Region: 25
	(259.849056312476, 3120.5162085325383, 0.0). Region: 70
	(707.6998993783673, 716.122784017607, 0.0). Region: 11
	(2812.593702066765, 171.36532254397744, 0.0). Region: 7
iter = 50
Alpha wolf:  Wolf 19 (319). Fitness: 88.22278950716581
	(3699.189461096067, 2788.683961053232, 0.0). Region: 69
	(169.051045057559, 2086.70478817667, 0.0). Region: 50
	(2214.4932400219786, 824.2914380009389, 0.0). Region: 25
	(259.849056312476, 3120.5162085325383, 0.0). Region: 70
	(707.6998993783673, 716.122784017607, 0.0). Region: 11
	(2812.593702066765, 171.36532254397744, 0.0). Region: 7
The alpha wolf has been updated to a position with higher fitness. iter = 57
New alpha wolf:  Wolf 34 (334). Fitness: 88.35566682428536
	(3756.271490547115, 2663.45939667287, 0.0). Region: 69
	(170.90454731794443, 1192.061063865283, 0.0). Region: 20
	(1959.3022019045839, 783.2370284686327, 0.0). Region: 14
	(430.20963300443947, 2856.786185393367, 0.0). Region: 71
	(713.2780502657372, 448.5887063547819, 0.0). Region: 11
	(2411.566197815533, 182.2595715244688, 0.0). Region: 6
The alpha wolf has been updated to a position with higher fitness. iter = 59
New alpha wolf:  Wolf 35 (335). Fitness: 91.92356594104537
	(3743.6731457048063, 2539.3359495998693, 0.0). Region: 69
	(212.93444804343963, 1676.547522414495, 0.0). Region: 40
	(1913.5870992078194, 613.4096206470218, 0.0). Region: 14
	(497.3358519934113, 3066.024170749726, 0.0). Region: 71
	(886.371101400581, 516.4978475578871, 0.0). Region: 12
	(3183.9169525784587, 134.87808801977278, 0.0). Region: 7
iter = 60
Alpha wolf:  Wolf 35 (335). Fitness: 91.92356594104537
	(3743.6731457048063, 2539.3359495998693, 0.0). Region: 69
	(212.93444804343963, 1676.547522414495, 0.0). Region: 40
	(1913.5870992078194, 613.4096206470218, 0.0). Region: 14
	(497.3358519934113, 3066.024170749726, 0.0). Region: 71
	(886.371101400581, 516.4978475578871, 0.0). Region: 12
	(3183.9169525784587, 134.87808801977278, 0.0). Region: 7
The alpha wolf has been updated to a position with higher fitness. iter = 67
New alpha wolf:  Wolf 31 (331). Fitness: 92.10552216308605
	(3885.7848996673165, 2501.6496738264436, 0.0). Region: 69
	(181.685364480778, 1595.0344487204006, 0.0). Region: 30
	(1749.7123486491002, 634.7612272331792, 0.0). Region: 14
	(472.8659183991166, 3157.7681817454672, 0.0). Region: 71
	(749.1425090836194, 540.2895488118654, 0.0). Region: 11
	(3159.957086775983, 190.72116479214475, 0.0). Region: 7
The alpha wolf has been updated to a position with higher fitness. iter = 68
New alpha wolf:  Wolf 18 (318). Fitness: 93.70500481342762
	(3949.2520000046934, 2742.533848960675, 0.0). Region: 69
	(245.13497093964025, 1715.9457387752914, 0.0). Region: 40
	(1968.750447604894, 691.7528367487857, 0.0). Region: 14
	(472.11000966803033, 3004.8235384861546, 0.0). Region: 71
	(614.4893061616232, 676.0073784955921, 0.0). Region: 11
	(2947.7322314787352, 137.018007529378, 0.0). Region: 7
iter = 70
Alpha wolf:  Wolf 18 (318). Fitness: 93.70500481342762
	(3949.2520000046934, 2742.533848960675, 0.0). Region: 69
	(245.13497093964025, 1715.9457387752914, 0.0). Region: 40
	(1968.750447604894, 691.7528367487857, 0.0). Region: 14
	(472.11000966803033, 3004.8235384861546, 0.0). Region: 71
	(614.4893061616232, 676.0073784955921, 0.0). Region: 11
	(2947.7322314787352, 137.018007529378, 0.0). Region: 7
iter = 80
Alpha wolf:  Wolf 18 (318). Fitness: 93.70500481342762
	(3949.2520000046934, 2742.533848960675, 0.0). Region: 69
	(245.13497093964025, 1715.9457387752914, 0.0). Region: 40
	(1968.750447604894, 691.7528367487857, 0.0). Region: 14
	(472.11000966803033, 3004.8235384861546, 0.0). Region: 71
	(614.4893061616232, 676.0073784955921, 0.0). Region: 11
	(2947.7322314787352, 137.018007529378, 0.0). Region: 7
iter = 90
Alpha wolf:  Wolf 18 (318). Fitness: 93.70500481342762
	(3823.217811188699, 2650.3756165478103, 0.0). Region: 69
	(197.19620987192152, 1806.9473392983023, 0.0). Region: 40
	(1776.4967050739156, 621.3331583586582, 0.0). Region: 14
	(467.4843289782257, 2982.0928217638398, 0.0). Region: 71
	(549.6166452964135, 654.147425636462, 0.0). Region: 11
	(2808.154802084815, 120.67311391819965, 0.0). Region: 7

- Finishing GWO - 

Best solution:  Wolf 18 (318). Fitness: 93.70500481342762
	(3661.9375299260287, 2513.861397145788, 0.0). Region: 69
	(188.58859063431623, 1888.591489789161, 0.0). Region: 40
	(1716.6459731980867, 661.613673695327, 0.0). Region: 14
	(471.01312559778364, 2862.7605385880343, 0.0). Region: 71
	(545.0274837493308, 659.3369112173502, 0.0). Region: 11
	(2879.0510438346996, 122.98349550142213, 0.0). Region: 7
Antennas in slice 1:  [ 7 11 14 40 69 71 73 75]
Results:  [array([73, 75]), array([ 7, 11, 14, 40, 69, 71, 73, 75])]

Slice 2
Fitnes _wolf:  4.541071019267093e-05
The set of antennas serves the scenario in the respective slice.
Results:  [array([73, 75]), array([ 7, 11, 14, 40, 69, 71, 73, 75]), array([ 7, 11, 14, 40, 69, 71, 73, 75])]

Slice 3
Fitnes _wolf:  -inf

Run GWO to deployment +1 antenna on the map
	Pack size:  50
	Wolf dimension 1
	Max iter 100
	antennas_regions:  [ 7 11 14 40 69 71 73 75]
	users_regions:  [ 0  1  2  3  5  6 10 14 16 17 18 19 21 22 25 26 27 28 31 32 36 38 40 41
 43 44 45 46 49 51 54 56 60 62 63 64 66 67 70 71 72 73 75 76 77 78 80 82
 83 84 86 87 88 90 91 94 95 97 98]
	Fitness function:  <function fitness_pgwo2 at 0x7f11058800e0>
	Seed_base:  350
initial_alpha:  Wolf 15 (365). Fitness: 7.78179677844541e-05
	(2706.532307951048, 3695.7307967285997, 0). Region: 96
initial_beta:  Wolf 35 (385). Fitness: 7.781796778422475e-05
	(3702.311845570292, 3312.4177604088377, 0). Region: 89
initial_delta:  Wolf 19 (369). Fitness: 7.631464925418893e-05
	(3080.2053918356637, 3969.9609213005897, 0). Region: 97 

The alpha wolf has been updated to a position with higher fitness. iter = 1
New alpha wolf:  Wolf 35 (385). Fitness: 8.085601928291963e-05
	(1659.356688534614, 2751.4726426916227, 0.0). Region: 64
iter = 10
Alpha wolf:  Wolf 35 (385). Fitness: 8.085601928291963e-05
	(1659.356688534614, 2751.4726426916227, 0.0). Region: 64
iter = 20
Alpha wolf:  Wolf 35 (385). Fitness: 8.085601928291963e-05
	(1659.356688534614, 2751.4726426916227, 0.0). Region: 64
iter = 30
Alpha wolf:  Wolf 35 (385). Fitness: 8.085601928291963e-05
	(1659.356688534614, 2751.4726426916227, 0.0). Region: 64
iter = 40
Alpha wolf:  Wolf 35 (385). Fitness: 8.085601928291963e-05
	(1785.4580468946963, 2567.4049808624336, 0.0). Region: 64
iter = 50
Alpha wolf:  Wolf 35 (385). Fitness: 8.085601928291963e-05
	(1924.3515241194204, 2439.4152574676264, 0.0). Region: 64
iter = 60
Alpha wolf:  Wolf 35 (385). Fitness: 8.085601928291963e-05
	(1924.3515241194204, 2439.4152574676264, 0.0). Region: 64
iter = 70
Alpha wolf:  Wolf 35 (385). Fitness: 8.085601928291963e-05
	(1817.2905585476492, 2573.738054406704, 0.0). Region: 64
iter = 80
Alpha wolf:  Wolf 35 (385). Fitness: 8.085601928291963e-05
	(1917.280809034462, 2429.8377889826315, 0.0). Region: 64
iter = 90
Alpha wolf:  Wolf 35 (385). Fitness: 8.085601928291963e-05
	(1820.664665683808, 2639.78896557344, 0.0). Region: 64

- Finishing GWO - 

Best solution:  Wolf 35 (385). Fitness: 8.085601928291963e-05
	(1712.763007903247, 2699.3896321007533, 0.0). Region: 64
Antennas in slice 3:  [ 7 11 14 40 64 69 71 73 75]
Results:  [array([73, 75]), array([ 7, 11, 14, 40, 69, 71, 73, 75]), array([ 7, 11, 14, 40, 69, 71, 73, 75]), array([ 7, 11, 14, 40, 64, 69, 71, 73, 75])]

Slice 4
Fitnes _wolf:  7.378849519922942e-05
The set of antennas serves the scenario in the respective slice.
Results:  [array([73, 75]), array([ 7, 11, 14, 40, 69, 71, 73, 75]), array([ 7, 11, 14, 40, 69, 71, 73, 75]), array([ 7, 11, 14, 40, 64, 69, 71, 73, 75]), array([ 7, 11, 14, 40, 64, 69, 71, 73, 75])]

Slice 5
Fitnes _wolf:  5.746958603269619e-05
The set of antennas serves the scenario in the respective slice.
Results:  [array([73, 75]), array([ 7, 11, 14, 40, 69, 71, 73, 75]), array([ 7, 11, 14, 40, 69, 71, 73, 75]), array([ 7, 11, 14, 40, 64, 69, 71, 73, 75]), array([ 7, 11, 14, 40, 64, 69, 71, 73, 75]), array([ 7, 11, 14, 40, 64, 69, 71, 73, 75])]

Slice 6
Fitnes _wolf:  4.8850113349209144e-05
The set of antennas serves the scenario in the respective slice.
Results:  [array([73, 75]), array([ 7, 11, 14, 40, 69, 71, 73, 75]), array([ 7, 11, 14, 40, 69, 71, 73, 75]), array([ 7, 11, 14, 40, 64, 69, 71, 73, 75]), array([ 7, 11, 14, 40, 64, 69, 71, 73, 75]), array([ 7, 11, 14, 40, 64, 69, 71, 73, 75]), array([ 7, 11, 14, 40, 64, 69, 71, 73, 75])]

Slice 7
Fitnes _wolf:  4.045295451506788e-05
The set of antennas serves the scenario in the respective slice.
Results:  [array([73, 75]), array([ 7, 11, 14, 40, 69, 71, 73, 75]), array([ 7, 11, 14, 40, 69, 71, 73, 75]), array([ 7, 11, 14, 40, 64, 69, 71, 73, 75]), array([ 7, 11, 14, 40, 64, 69, 71, 73, 75]), array([ 7, 11, 14, 40, 64, 69, 71, 73, 75]), array([ 7, 11, 14, 40, 64, 69, 71, 73, 75]), array([ 7, 11, 14, 40, 64, 69, 71, 73, 75])]

Slice 8
Fitnes _wolf:  4.8978550728784216e-05
The set of antennas serves the scenario in the respective slice.
Results:  [array([73, 75]), array([ 7, 11, 14, 40, 69, 71, 73, 75]), array([ 7, 11, 14, 40, 69, 71, 73, 75]), array([ 7, 11, 14, 40, 64, 69, 71, 73, 75]), array([ 7, 11, 14, 40, 64, 69, 71, 73, 75]), array([ 7, 11, 14, 40, 64, 69, 71, 73, 75]), array([ 7, 11, 14, 40, 64, 69, 71, 73, 75]), array([ 7, 11, 14, 40, 64, 69, 71, 73, 75]), array([ 7, 11, 14, 40, 64, 69, 71, 73, 75])]

Slice 9
Fitnes _wolf:  0.00015691269315275765
The set of antennas serves the scenario in the respective slice.
Results:  [array([73, 75]), array([ 7, 11, 14, 40, 69, 71, 73, 75]), array([ 7, 11, 14, 40, 69, 71, 73, 75]), array([ 7, 11, 14, 40, 64, 69, 71, 73, 75]), array([ 7, 11, 14, 40, 64, 69, 71, 73, 75]), array([ 7, 11, 14, 40, 64, 69, 71, 73, 75]), array([ 7, 11, 14, 40, 64, 69, 71, 73, 75]), array([ 7, 11, 14, 40, 64, 69, 71, 73, 75]), array([ 7, 11, 14, 40, 64, 69, 71, 73, 75]), array([ 7, 11, 14, 40, 64, 69, 71, 73, 75])]

Slice 10
Fitnes _wolf:  7.389163632107187e-05
The set of antennas serves the scenario in the respective slice.
Results:  [array([73, 75]), array([ 7, 11, 14, 40, 69, 71, 73, 75]), array([ 7, 11, 14, 40, 69, 71, 73, 75]), array([ 7, 11, 14, 40, 64, 69, 71, 73, 75]), array([ 7, 11, 14, 40, 64, 69, 71, 73, 75]), array([ 7, 11, 14, 40, 64, 69, 71, 73, 75]), array([ 7, 11, 14, 40, 64, 69, 71, 73, 75]), array([ 7, 11, 14, 40, 64, 69, 71, 73, 75]), array([ 7, 11, 14, 40, 64, 69, 71, 73, 75]), array([ 7, 11, 14, 40, 64, 69, 71, 73, 75]), array([ 7, 11, 14, 40, 64, 69, 71, 73, 75])]

Slice 11
Fitnes _wolf:  12.99931432151101
The set of antennas serves the scenario in the respective slice.
Results:  [array([73, 75]), array([ 7, 11, 14, 40, 69, 71, 73, 75]), array([ 7, 11, 14, 40, 69, 71, 73, 75]), array([ 7, 11, 14, 40, 64, 69, 71, 73, 75]), array([ 7, 11, 14, 40, 64, 69, 71, 73, 75]), array([ 7, 11, 14, 40, 64, 69, 71, 73, 75]), array([ 7, 11, 14, 40, 64, 69, 71, 73, 75]), array([ 7, 11, 14, 40, 64, 69, 71, 73, 75]), array([ 7, 11, 14, 40, 64, 69, 71, 73, 75]), array([ 7, 11, 14, 40, 64, 69, 71, 73, 75]), array([ 7, 11, 14, 40, 64, 69, 71, 73, 75]), array([ 7, 11, 14, 40, 64, 69, 71, 73, 75])]
Results:  [array([73, 75]), array([ 7, 11, 14, 40, 69, 71, 73, 75]), array([ 7, 11, 14, 40, 69, 71, 73, 75]), array([ 7, 11, 14, 40, 64, 69, 71, 73, 75]), array([ 7, 11, 14, 40, 64, 69, 71, 73, 75]), array([ 7, 11, 14, 40, 64, 69, 71, 73, 75]), array([ 7, 11, 14, 40, 64, 69, 71, 73, 75]), array([ 7, 11, 14, 40, 64, 69, 71, 73, 75]), array([ 7, 11, 14, 40, 64, 69, 71, 73, 75]), array([ 7, 11, 14, 40, 64, 69, 71, 73, 75]), array([ 7, 11, 14, 40, 64, 69, 71, 73, 75]), array([ 7, 11, 14, 40, 64, 69, 71, 73, 75])]

Média de carros: 8.25
t=0
Antennas: [73 75]
Users: [66 67 76 77 78 86 87]
connections:  {66: 75, 67: 75, 77: 75, 78: 75, 86: 75, 76: 75, 87: 75}
$x_{0,73}$
		Usuarios totais: 0
$x_{0,75}$
	 $y_{0,75,66}$ = 16.8864733669796 dB
	 $y_{0,75,67}$ = 15.620117302441813 dB
	 $y_{0,75,77}$ = 20.557372056852543 dB
	 $y_{0,75,78}$ = 13.600722595414283 dB
	 $y_{0,75,86}$ = 22.496622814220572 dB
	 $y_{0,75,76}$ = 25.67786908850431 dB
	 $y_{0,75,87}$ = 17.275786324069344 dB
		SNR medio:  4.718391555302945
		Usuarios totais: 28
Distances:
73 : 75 = 800.0
t=1
Antennas: [ 7 11 14 40 69 71 73 75]
Users: [ 0  9 13 15 22 23 24 27 28 29 31 33 42 43 54 55 56 59 60 67 76 77 78 84
 86 87 88 89 91 99]
connections:  {9: 7, 28: 7, 29: 7, 59: 69, 88: 69, 89: 69, 91: 71, 99: 69, 0: 11, 24: 7, 27: 7, 31: 11, 33: 7, 43: 40, 54: 40, 67: 69, 76: 73, 77: 69, 78: 69, 86: 71, 87: 73, 13: 11, 15: 7, 22: 73, 23: 7, 42: 73, 55: 69, 56: 69, 60: 73, 84: 73}
$x_{1,7}$
	 $y_{1,7,9}$ = 19.59829514907483 dB
	 $y_{1,7,28}$ = 19.550846413177496 dB
	 $y_{1,7,29}$ = 15.607003922428234 dB
	 $y_{1,7,24}$ = 10.577064271184355 dB
	 $y_{1,7,27}$ = 19.918907600991574 dB
	 $y_{1,7,33}$ = 11.826630687596122 dB
	 $y_{1,7,15}$ = 16.611019417991443 dB
	 $y_{1,7,23}$ = 12.00853245139615 dB
		SNR medio:  13.966477768204467
		Usuarios totais: 9
$x_{1,11}$
	 $y_{1,11,0}$ = 19.532773272961208 dB
	 $y_{1,11,31}$ = 20.73765513540293 dB
	 $y_{1,11,13}$ = 11.765308097470125 dB
		SNR medio:  17.345245501944756
		Usuarios totais: 3
$x_{1,14}$
		Usuarios totais: 0
$x_{1,40}$
	 $y_{1,40,43}$ = 15.39352688249204 dB
	 $y_{1,40,54}$ = 11.633196273097553 dB
		SNR medio:  13.513361577794797
		Usuarios totais: 2
$x_{1,69}$
	 $y_{1,69,59}$ = 21.887778843770548 dB
	 $y_{1,69,88}$ = 14.748446032806086 dB
	 $y_{1,69,89}$ = 21.380945712746765 dB
	 $y_{1,69,99}$ = 20.57969691528804 dB
	 $y_{1,69,67}$ = 15.651821356596173 dB
	 $y_{1,69,77}$ = 15.925154301437914 dB
	 $y_{1,69,78}$ = 22.42760504157016 dB
	 $y_{1,69,55}$ = 13.22380416316794 dB
	 $y_{1,69,56}$ = 11.952049909869118 dB
		SNR medio:  11.269807305518052
		Usuarios totais: 14
$x_{1,71}$
	 $y_{1,71,91}$ = 13.643359864596164 dB
	 $y_{1,71,86}$ = 11.043782607816354 dB
		SNR medio:  8.229047490804172
		Usuarios totais: 3
$x_{1,73}$
	 $y_{1,73,76}$ = 11.83593812656062 dB
	 $y_{1,73,87}$ = 14.098507171049704 dB
	 $y_{1,73,22}$ = 13.143799182807001 dB
	 $y_{1,73,42}$ = 13.735533232421062 dB
	 $y_{1,73,60}$ = 14.458821245372135 dB
	 $y_{1,73,84}$ = 28.445685140039217 dB
		SNR medio:  4.161664526010858
		Usuarios totais: 23
$x_{1,75}$
		Usuarios totais: 0
Distances:
7 : 11 = 2433.105012119288
7 : 14 = 1264.9110640673518
7 : 40 = 3224.9030993194197
7 : 69 = 2529.8221281347037
7 : 71 = 3687.817782917155
7 : 73 = 3224.9030993194197
7 : 75 = 2912.043955712207
11 : 14 = 1200.0
11 : 40 = 1264.9110640673518
11 : 69 = 3773.5924528226415
11 : 71 = 2400.0
11 : 73 = 2529.8221281347037
11 : 75 = 2884.4410203711914
14 : 40 = 2000.0
14 : 69 = 2828.42712474619
14 : 71 = 2683.281572999748
14 : 73 = 2433.105012119288
14 : 75 = 2433.105012119288
40 : 69 = 3687.817782917155
40 : 71 = 1264.9110640673518
40 : 73 = 1697.0562748477141
40 : 75 = 2332.38075793812
69 : 71 = 3224.9030993194197
69 : 73 = 2433.105012119288
69 : 75 = 1649.2422502470642
71 : 73 = 800.0
71 : 75 = 1600.0
73 : 75 = 800.0
t=2
Antennas: [ 7 11 14 40 69 71 73 75]
Users: [ 0  3  5  8 11 18 19 20 21 22 27 28 30 36 37 39 40 47 50 52 54 58 60 61
 62 63 66 69 70 74 76 77 78 79 80 81 82 84 85 86 87 88 92 95 99]
connections:  {8: 7, 19: 7, 28: 7, 36: 75, 47: 69, 66: 75, 69: 69, 79: 69, 80: 71, 85: 75, 88: 69, 99: 69, 0: 11, 3: 11, 18: 69, 20: 11, 27: 7, 30: 11, 37: 69, 39: 69, 40: 40, 54: 40, 58: 69, 74: 75, 76: 75, 77: 75, 78: 75, 81: 71, 82: 71, 86: 75, 87: 75, 95: 73, 84: 71, 92: 71, 5: 7, 11: 11, 21: 11, 22: 11, 50: 11, 52: 71, 60: 71, 61: 71, 63: 71, 70: 71, 62: 71}
$x_{2,7}$
	 $y_{2,7,8}$ = 29.96424100311961 dB
	 $y_{2,7,19}$ = 18.698147424883103 dB
	 $y_{2,7,28}$ = 19.550846413177496 dB
	 $y_{2,7,27}$ = 19.918907600991574 dB
	 $y_{2,7,5}$ = 19.639339806394844 dB
		SNR medio:  21.554296449713327
		Usuarios totais: 5
$x_{2,11}$
	 $y_{2,11,0}$ = 19.532773272961208 dB
	 $y_{2,11,3}$ = 21.71760799312176 dB
	 $y_{2,11,20}$ = 22.951313243232434 dB
	 $y_{2,11,30}$ = 16.10292743936749 dB
	 $y_{2,11,11}$ = 92.61616104275979 dB
	 $y_{2,11,21}$ = 30.571802559960076 dB
	 $y_{2,11,22}$ = 29.244641718508177 dB
	 $y_{2,11,50}$ = 12.664867693580405 dB
		SNR medio:  24.54020949634913
		Usuarios totais: 10
$x_{2,14}$
		Usuarios totais: 0
$x_{2,40}$
	 $y_{2,40,40}$ = 83.13040658693706 dB
	 $y_{2,40,54}$ = 11.633196273097553 dB
		SNR medio:  23.690900715008652
		Usuarios totais: 4
$x_{2,69}$
	 $y_{2,69,47}$ = 11.826526145251393 dB
	 $y_{2,69,69}$ = 88.9779281208956 dB
	 $y_{2,69,79}$ = 27.76640136389716 dB
	 $y_{2,69,88}$ = 14.748446032806086 dB
	 $y_{2,69,99}$ = 20.57969691528804 dB
	 $y_{2,69,18}$ = 12.3045098520914 dB
	 $y_{2,69,37}$ = 15.92793650057044 dB
	 $y_{2,69,39}$ = 14.103121426719781 dB
	 $y_{2,69,58}$ = 28.270459875468887 dB
		SNR medio:  21.318638748453523
		Usuarios totais: 11
$x_{2,71}$
	 $y_{2,71,80}$ = 24.367642806489926 dB
	 $y_{2,71,81}$ = 27.76872558863502 dB
	 $y_{2,71,82}$ = 19.65083716267597 dB
	 $y_{2,71,84}$ = 11.947138197822142 dB
	 $y_{2,71,92}$ = 21.978520286210326 dB
	 $y_{2,71,52}$ = 15.252772908072998 dB
	 $y_{2,71,60}$ = 25.539114098130042 dB
	 $y_{2,71,61}$ = 23.985896422584375 dB
	 $y_{2,71,63}$ = 10.55529940954969 dB
	 $y_{2,71,70}$ = 31.281960937047756 dB
	 $y_{2,71,62}$ = 14.847945540149723 dB
		SNR medio:  15.1450568904912
		Usuarios totais: 15
$x_{2,73}$
	 $y_{2,73,95}$ = 11.839868742686178 dB
		SNR medio:  11.839868742686178
		Usuarios totais: 1
$x_{2,75}$
	 $y_{2,75,36}$ = 10.099961736702781 dB
	 $y_{2,75,66}$ = 16.8864733669796 dB
	 $y_{2,75,85}$ = 38.67514775613025 dB
	 $y_{2,75,74}$ = 27.837411789886772 dB
	 $y_{2,75,76}$ = 25.67786908850431 dB
	 $y_{2,75,77}$ = 20.557372056852543 dB
	 $y_{2,75,78}$ = 13.600722595414283 dB
	 $y_{2,75,86}$ = 22.496622814220572 dB
	 $y_{2,75,87}$ = 17.275786324069344 dB
		SNR medio:  4.827684188219011
		Usuarios totais: 40
Distances:
7 : 11 = 2433.105012119288
7 : 14 = 1264.9110640673518
7 : 40 = 3224.9030993194197
7 : 69 = 2529.8221281347037
7 : 71 = 3687.817782917155
7 : 73 = 3224.9030993194197
7 : 75 = 2912.043955712207
11 : 14 = 1200.0
11 : 40 = 1264.9110640673518
11 : 69 = 3773.5924528226415
11 : 71 = 2400.0
11 : 73 = 2529.8221281347037
11 : 75 = 2884.4410203711914
14 : 40 = 2000.0
14 : 69 = 2828.42712474619
14 : 71 = 2683.281572999748
14 : 73 = 2433.105012119288
14 : 75 = 2433.105012119288
40 : 69 = 3687.817782917155
40 : 71 = 1264.9110640673518
40 : 73 = 1697.0562748477141
40 : 75 = 2332.38075793812
69 : 71 = 3224.9030993194197
69 : 73 = 2433.105012119288
69 : 75 = 1649.2422502470642
71 : 73 = 800.0
71 : 75 = 1600.0
73 : 75 = 800.0
t=3
Antennas: [ 7 11 14 40 64 69 71 73 75]
Users: [ 0  1  2  3  5  6 10 14 16 17 18 19 21 22 25 26 27 28 31 32 36 38 40 41
 43 44 45 46 49 51 54 56 60 62 63 64 66 67 70 71 72 73 75 76 77 78 80 82
 83 84 86 87 88 90 91 94 95 97 98]
connections:  {1: 11, 14: 14, 19: 7, 25: 14, 28: 7, 38: 69, 88: 69, 91: 71, 98: 64, 0: 11, 3: 11, 6: 7, 10: 11, 16: 7, 17: 7, 18: 7, 26: 7, 27: 7, 31: 11, 36: 64, 40: 40, 44: 64, 49: 7, 66: 64, 67: 69, 77: 69, 78: 69, 80: 64, 86: 71, 87: 73, 90: 64, 97: 73, 2: 11, 5: 73, 21: 11, 32: 7, 41: 11, 43: 73, 45: 73, 51: 73, 54: 73, 70: 73, 75: 75, 76: 64, 82: 73, 94: 73, 95: 64, 22: 64, 60: 64, 64: 64, 71: 71, 72: 64, 73: 64, 83: 64, 84: 64, 56: 64, 63: 64, 46: 64, 62: 64}
$x_{3,7}$
	 $y_{3,7,19}$ = 18.698147424883103 dB
	 $y_{3,7,28}$ = 19.550846413177496 dB
	 $y_{3,7,6}$ = 32.30680737188685 dB
	 $y_{3,7,16}$ = 29.383655973141884 dB
	 $y_{3,7,17}$ = 25.693600552363975 dB
	 $y_{3,7,18}$ = 26.727342114817162 dB
	 $y_{3,7,26}$ = 21.15731773265796 dB
	 $y_{3,7,27}$ = 19.918907600991574 dB
	 $y_{3,7,49}$ = 13.769503402931917 dB
	 $y_{3,7,32}$ = 11.150113318050572 dB
		SNR medio:  15.59687442177875
		Usuarios totais: 14
$x_{3,11}$
	 $y_{3,11,1}$ = 33.439151313457586 dB
	 $y_{3,11,0}$ = 19.532773272961208 dB
	 $y_{3,11,3}$ = 21.71760799312176 dB
	 $y_{3,11,10}$ = 30.987444617682215 dB
	 $y_{3,11,31}$ = 20.73765513540293 dB
	 $y_{3,11,2}$ = 20.65086585384931 dB
	 $y_{3,11,21}$ = 30.571802559960076 dB
	 $y_{3,11,41}$ = 12.258242144246793 dB
		SNR medio:  15.824628574223489
		Usuarios totais: 12
$x_{3,14}$
	 $y_{3,14,14}$ = 89.29948273271731 dB
	 $y_{3,14,25}$ = 18.292066249456 dB
		SNR medio:  35.86384966072443
		Usuarios totais: 3
$x_{3,40}$
	 $y_{3,40,40}$ = 83.13040658693706 dB
		SNR medio:  83.13040658693706
		Usuarios totais: 1
$x_{3,64}$
	 $y_{3,64,98}$ = 11.963504912824845 dB
	 $y_{3,64,36}$ = 10.191598588793653 dB
	 $y_{3,64,44}$ = 18.428986423328567 dB
	 $y_{3,64,66}$ = 23.82210728804148 dB
	 $y_{3,64,80}$ = 11.348543188810524 dB
	 $y_{3,64,90}$ = 11.179026270938394 dB
	 $y_{3,64,76}$ = 22.056272748843853 dB
	 $y_{3,64,95}$ = 17.023200415786945 dB
	 $y_{3,64,22}$ = 14.678580412681555 dB
	 $y_{3,64,60}$ = 12.10591807087593 dB
	 $y_{3,64,64}$ = 84.89626104783994 dB
	 $y_{3,64,72}$ = 12.870847246254186 dB
	 $y_{3,64,73}$ = 28.701519514897043 dB
	 $y_{3,64,83}$ = 15.477376792210919 dB
	 $y_{3,64,84}$ = 19.09534989530563 dB
	 $y_{3,64,56}$ = 21.649818733913122 dB
	 $y_{3,64,63}$ = 33.94386246254403 dB
	 $y_{3,64,46}$ = 13.504851657414207 dB
	 $y_{3,64,62}$ = 13.042790983431303 dB
		SNR medio:  11.31372619013532
		Usuarios totais: 35
$x_{3,69}$
	 $y_{3,69,38}$ = 12.456842944535197 dB
	 $y_{3,69,88}$ = 14.748446032806086 dB
	 $y_{3,69,67}$ = 15.651821356596173 dB
	 $y_{3,69,77}$ = 15.925154301437914 dB
	 $y_{3,69,78}$ = 22.42760504157016 dB
		SNR medio:  4.777051157467384
		Usuarios totais: 17
$x_{3,71}$
	 $y_{3,71,91}$ = 13.643359864596164 dB
	 $y_{3,71,86}$ = 11.043782607816354 dB
	 $y_{3,71,71}$ = 84.26841697059663 dB
		SNR medio:  27.238889860752288
		Usuarios totais: 4
$x_{3,73}$
	 $y_{3,73,87}$ = 14.098507171049704 dB
	 $y_{3,73,97}$ = 12.704658665228578 dB
	 $y_{3,73,5}$ = 10.808774133233925 dB
	 $y_{3,73,43}$ = 17.681852652727628 dB
	 $y_{3,73,45}$ = 11.015216164284226 dB
	 $y_{3,73,51}$ = 11.561200388101597 dB
	 $y_{3,73,54}$ = 21.737790247516358 dB
	 $y_{3,73,70}$ = 13.735686527380025 dB
	 $y_{3,73,82}$ = 21.80699883042537 dB
	 $y_{3,73,94}$ = 14.790951750364002 dB
		SNR medio:  3.7485409132577856
		Usuarios totais: 40
$x_{3,75}$
	 $y_{3,75,75}$ = 87.27457747467608 dB
		SNR medio:  87.27457747467608
		Usuarios totais: 1
Distances:
7 : 11 = 2433.105012119288
7 : 14 = 1264.9110640673518
7 : 40 = 3224.9030993194197
7 : 64 = 2683.281572999748
7 : 69 = 2529.8221281347037
7 : 71 = 3687.817782917155
7 : 73 = 3224.9030993194197
7 : 75 = 2912.043955712207
11 : 14 = 1200.0
11 : 40 = 1264.9110640673518
11 : 64 = 2332.38075793812
11 : 69 = 3773.5924528226415
11 : 71 = 2400.0
11 : 73 = 2529.8221281347037
11 : 75 = 2884.4410203711914
14 : 40 = 2000.0
14 : 64 = 2000.0
14 : 69 = 2828.42712474619
14 : 71 = 2683.281572999748
14 : 73 = 2433.105012119288
14 : 75 = 2433.105012119288
40 : 64 = 1788.8543819998317
40 : 69 = 3687.817782917155
40 : 71 = 1264.9110640673518
40 : 73 = 1697.0562748477141
40 : 75 = 2332.38075793812
64 : 69 = 2000.0
64 : 71 = 1264.9110640673518
64 : 73 = 565.685424949238
64 : 75 = 565.685424949238
69 : 71 = 3224.9030993194197
69 : 73 = 2433.105012119288
69 : 75 = 1649.2422502470642
71 : 73 = 800.0
71 : 75 = 1600.0
73 : 75 = 800.0
t=4
Antennas: [ 7 11 14 40 64 69 71 73 75]
Users: [ 0  2  3  4  5  6  7  8  9 10 12 14 15 16 18 19 21 22 23 24 27 28 31 32
 33 34 36 37 38 40 41 42 43 44 45 46 47 48 49 50 51 52 53 55 57 58 59 61
 63 66 67 68 69 71 73 74 75 76 77 78 79 80 82 83 85 86 87 90 91 93 94 95
 99]
connections:  {7: 7, 8: 7, 9: 7, 14: 14, 19: 7, 28: 7, 38: 69, 48: 69, 59: 69, 69: 69, 79: 69, 91: 71, 99: 69, 0: 11, 3: 14, 6: 7, 10: 11, 16: 7, 18: 7, 24: 7, 27: 7, 31: 11, 36: 64, 37: 69, 40: 40, 44: 64, 47: 69, 49: 7, 58: 69, 66: 64, 67: 69, 68: 69, 77: 69, 78: 69, 80: 64, 85: 64, 86: 71, 87: 73, 90: 64, 2: 11, 4: 7, 5: 7, 12: 11, 15: 7, 21: 11, 23: 7, 32: 7, 33: 7, 41: 11, 43: 73, 45: 7, 51: 73, 57: 69, 74: 73, 75: 75, 76: 73, 82: 73, 94: 73, 95: 73, 22: 73, 42: 73, 50: 11, 52: 73, 61: 64, 71: 71, 73: 64, 83: 64, 93: 64, 53: 64, 55: 69, 63: 64, 34: 7, 46: 7}
$x_{4,7}$
	 $y_{4,7,7}$ = 85.92570805535291 dB
	 $y_{4,7,8}$ = 29.96424100311961 dB
	 $y_{4,7,9}$ = 19.59829514907483 dB
	 $y_{4,7,19}$ = 18.698147424883103 dB
	 $y_{4,7,28}$ = 19.550846413177496 dB
	 $y_{4,7,6}$ = 32.30680737188685 dB
	 $y_{4,7,16}$ = 29.383655973141884 dB
	 $y_{4,7,18}$ = 26.727342114817162 dB
	 $y_{4,7,24}$ = 10.577064271184355 dB
	 $y_{4,7,27}$ = 19.918907600991574 dB
	 $y_{4,7,49}$ = 13.769503402931917 dB
	 $y_{4,7,4}$ = 18.883499063089303 dB
	 $y_{4,7,5}$ = 19.639339806394844 dB
	 $y_{4,7,15}$ = 16.611019417991443 dB
	 $y_{4,7,23}$ = 12.00853245139615 dB
	 $y_{4,7,32}$ = 11.150113318050572 dB
	 $y_{4,7,33}$ = 11.826630687596122 dB
	 $y_{4,7,45}$ = 11.165626946478298 dB
	 $y_{4,7,34}$ = 12.471414419074279 dB
	 $y_{4,7,46}$ = 11.362923023718764 dB
		SNR medio:  11.987211608731988
		Usuarios totais: 36
$x_{4,11}$
	 $y_{4,11,0}$ = 19.532773272961208 dB
	 $y_{4,11,10}$ = 30.987444617682215 dB
	 $y_{4,11,31}$ = 20.73765513540293 dB
	 $y_{4,11,2}$ = 20.65086585384931 dB
	 $y_{4,11,12}$ = 34.6907956278358 dB
	 $y_{4,11,21}$ = 30.571802559960076 dB
	 $y_{4,11,41}$ = 12.258242144246793 dB
	 $y_{4,11,50}$ = 12.664867693580405 dB
		SNR medio:  13.006746207537052
		Usuarios totais: 14
$x_{4,14}$
	 $y_{4,14,14}$ = 89.29948273271731 dB
	 $y_{4,14,3}$ = 33.242515164412126 dB
		SNR medio:  30.63549947428236
		Usuarios totais: 4
$x_{4,40}$
	 $y_{4,40,40}$ = 83.13040658693706 dB
		SNR medio:  41.56520329346853
		Usuarios totais: 2
$x_{4,64}$
	 $y_{4,64,36}$ = 10.191598588793653 dB
	 $y_{4,64,44}$ = 18.428986423328567 dB
	 $y_{4,64,66}$ = 23.82210728804148 dB
	 $y_{4,64,80}$ = 11.348543188810524 dB
	 $y_{4,64,85}$ = 10.312920146236138 dB
	 $y_{4,64,90}$ = 11.179026270938394 dB
	 $y_{4,64,61}$ = 17.149222129954296 dB
	 $y_{4,64,73}$ = 28.701519514897043 dB
	 $y_{4,64,83}$ = 15.477376792210919 dB
	 $y_{4,64,93}$ = 11.127101338695866 dB
	 $y_{4,64,53}$ = 28.895981579219807 dB
	 $y_{4,64,63}$ = 33.94386246254403 dB
		SNR medio:  12.975190924921806
		Usuarios totais: 17
$x_{4,69}$
	 $y_{4,69,38}$ = 12.456842944535197 dB
	 $y_{4,69,48}$ = 19.60909082866003 dB
	 $y_{4,69,59}$ = 21.887778843770548 dB
	 $y_{4,69,69}$ = 88.9779281208956 dB
	 $y_{4,69,79}$ = 27.76640136389716 dB
	 $y_{4,69,99}$ = 20.57969691528804 dB
	 $y_{4,69,37}$ = 15.92793650057044 dB
	 $y_{4,69,47}$ = 11.826526145251393 dB
	 $y_{4,69,58}$ = 28.270459875468887 dB
	 $y_{4,69,67}$ = 15.651821356596173 dB
	 $y_{4,69,68}$ = 36.34969525537926 dB
	 $y_{4,69,77}$ = 15.925154301437914 dB
	 $y_{4,69,78}$ = 22.42760504157016 dB
	 $y_{4,69,57}$ = 14.908014948373491 dB
	 $y_{4,69,55}$ = 13.22380416316794 dB
		SNR medio:  11.084507775904916
		Usuarios totais: 33
$x_{4,71}$
	 $y_{4,71,91}$ = 13.643359864596164 dB
	 $y_{4,71,86}$ = 11.043782607816354 dB
	 $y_{4,71,71}$ = 84.26841697059663 dB
		SNR medio:  18.15925990716819
		Usuarios totais: 6
$x_{4,73}$
	 $y_{4,73,87}$ = 14.098507171049704 dB
	 $y_{4,73,43}$ = 17.681852652727628 dB
	 $y_{4,73,51}$ = 11.561200388101597 dB
	 $y_{4,73,74}$ = 44.111703940785944 dB
	 $y_{4,73,76}$ = 11.83593812656062 dB
	 $y_{4,73,82}$ = 21.80699883042537 dB
	 $y_{4,73,94}$ = 14.790951750364002 dB
	 $y_{4,73,95}$ = 11.839868742686178 dB
	 $y_{4,73,22}$ = 13.143799182807001 dB
	 $y_{4,73,42}$ = 13.735533232421062 dB
	 $y_{4,73,52}$ = 16.33121937691547 dB
		SNR medio:  4.773439334871115
		Usuarios totais: 40
$x_{4,75}$
	 $y_{4,75,75}$ = 87.27457747467608 dB
		SNR medio:  87.27457747467608
		Usuarios totais: 1
Distances:
7 : 11 = 2433.105012119288
7 : 14 = 1264.9110640673518
7 : 40 = 3224.9030993194197
7 : 64 = 2683.281572999748
7 : 69 = 2529.8221281347037
7 : 71 = 3687.817782917155
7 : 73 = 3224.9030993194197
7 : 75 = 2912.043955712207
11 : 14 = 1200.0
11 : 40 = 1264.9110640673518
11 : 64 = 2332.38075793812
11 : 69 = 3773.5924528226415
11 : 71 = 2400.0
11 : 73 = 2529.8221281347037
11 : 75 = 2884.4410203711914
14 : 40 = 2000.0
14 : 64 = 2000.0
14 : 69 = 2828.42712474619
14 : 71 = 2683.281572999748
14 : 73 = 2433.105012119288
14 : 75 = 2433.105012119288
40 : 64 = 1788.8543819998317
40 : 69 = 3687.817782917155
40 : 71 = 1264.9110640673518
40 : 73 = 1697.0562748477141
40 : 75 = 2332.38075793812
64 : 69 = 2000.0
64 : 71 = 1264.9110640673518
64 : 73 = 565.685424949238
64 : 75 = 565.685424949238
69 : 71 = 3224.9030993194197
69 : 73 = 2433.105012119288
69 : 75 = 1649.2422502470642
71 : 73 = 800.0
71 : 75 = 1600.0
73 : 75 = 800.0
t=5
Antennas: [ 7 11 14 40 64 69 71 73 75]
Users: [ 0  2  4  5  6  7  8  9 10 11 12 13 14 15 16 17 18 19 21 22 23 25 26 27
 28 30 31 32 33 34 35 36 37 39 41 42 43 45 46 49 50 53 56 58 59 60 61 62
 64 65 66 67 68 70 73 74 75 76 77 78 79 80 81 85 86 87 88 89 90 91 92 93
 94 96 97 98]
connections:  {7: 7, 8: 7, 9: 7, 14: 14, 19: 7, 25: 14, 28: 7, 59: 69, 79: 69, 88: 69, 89: 69, 91: 71, 98: 64, 0: 11, 6: 7, 10: 11, 16: 7, 17: 7, 18: 7, 26: 7, 27: 7, 30: 11, 31: 11, 35: 14, 36: 64, 37: 69, 39: 7, 49: 7, 58: 69, 66: 64, 67: 69, 68: 69, 77: 69, 78: 69, 80: 64, 85: 64, 86: 71, 87: 73, 90: 64, 92: 73, 97: 73, 2: 11, 4: 7, 5: 7, 11: 11, 12: 11, 13: 11, 15: 7, 21: 11, 23: 7, 32: 7, 33: 7, 41: 11, 43: 73, 45: 73, 65: 73, 70: 73, 74: 73, 75: 75, 76: 73, 81: 73, 94: 73, 96: 73, 22: 11, 42: 11, 50: 11, 56: 69, 60: 73, 61: 64, 64: 64, 73: 64, 93: 64, 53: 64, 34: 11, 46: 69, 62: 11}
$x_{5,7}$
	 $y_{5,7,7}$ = 85.92570805535291 dB
	 $y_{5,7,8}$ = 29.96424100311961 dB
	 $y_{5,7,9}$ = 19.59829514907483 dB
	 $y_{5,7,19}$ = 18.698147424883103 dB
	 $y_{5,7,28}$ = 19.550846413177496 dB
	 $y_{5,7,6}$ = 32.30680737188685 dB
	 $y_{5,7,16}$ = 29.383655973141884 dB
	 $y_{5,7,17}$ = 25.693600552363975 dB
	 $y_{5,7,18}$ = 26.727342114817162 dB
	 $y_{5,7,26}$ = 21.15731773265796 dB
	 $y_{5,7,27}$ = 19.918907600991574 dB
	 $y_{5,7,39}$ = 10.79412644594288 dB
	 $y_{5,7,49}$ = 13.769503402931917 dB
	 $y_{5,7,4}$ = 18.883499063089303 dB
	 $y_{5,7,5}$ = 19.639339806394844 dB
	 $y_{5,7,15}$ = 16.611019417991443 dB
	 $y_{5,7,23}$ = 12.00853245139615 dB
	 $y_{5,7,32}$ = 11.150113318050572 dB
	 $y_{5,7,33}$ = 11.826630687596122 dB
		SNR medio:  11.374554717560528
		Usuarios totais: 39
$x_{5,11}$
	 $y_{5,11,0}$ = 19.532773272961208 dB
	 $y_{5,11,10}$ = 30.987444617682215 dB
	 $y_{5,11,30}$ = 16.10292743936749 dB
	 $y_{5,11,31}$ = 20.73765513540293 dB
	 $y_{5,11,2}$ = 20.65086585384931 dB
	 $y_{5,11,11}$ = 92.61616104275979 dB
	 $y_{5,11,12}$ = 34.6907956278358 dB
	 $y_{5,11,13}$ = 11.765308097470125 dB
	 $y_{5,11,21}$ = 30.571802559960076 dB
	 $y_{5,11,41}$ = 12.258242144246793 dB
	 $y_{5,11,22}$ = 29.244641718508177 dB
	 $y_{5,11,42}$ = 12.560020791950393 dB
	 $y_{5,11,50}$ = 12.664867693580405 dB
	 $y_{5,11,34}$ = 10.492455613719017 dB
	 $y_{5,11,62}$ = 10.259321783349776 dB
		SNR medio:  11.06470555735283
		Usuarios totais: 33
$x_{5,14}$
	 $y_{5,14,14}$ = 89.29948273271731 dB
	 $y_{5,14,25}$ = 18.292066249456 dB
	 $y_{5,14,35}$ = 12.723886007542774 dB
		SNR medio:  24.063086997943216
		Usuarios totais: 5
$x_{5,40}$
		Usuarios totais: 0
$x_{5,64}$
	 $y_{5,64,98}$ = 11.963504912824845 dB
	 $y_{5,64,36}$ = 10.191598588793653 dB
	 $y_{5,64,66}$ = 23.82210728804148 dB
	 $y_{5,64,80}$ = 11.348543188810524 dB
	 $y_{5,64,85}$ = 10.312920146236138 dB
	 $y_{5,64,90}$ = 11.179026270938394 dB
	 $y_{5,64,61}$ = 17.149222129954296 dB
	 $y_{5,64,64}$ = 84.89626104783994 dB
	 $y_{5,64,73}$ = 28.701519514897043 dB
	 $y_{5,64,93}$ = 11.127101338695866 dB
	 $y_{5,64,53}$ = 28.895981579219807 dB
		SNR medio:  10.399491083593833
		Usuarios totais: 24
$x_{5,69}$
	 $y_{5,69,59}$ = 21.887778843770548 dB
	 $y_{5,69,79}$ = 27.76640136389716 dB
	 $y_{5,69,88}$ = 14.748446032806086 dB
	 $y_{5,69,89}$ = 21.380945712746765 dB
	 $y_{5,69,37}$ = 15.92793650057044 dB
	 $y_{5,69,58}$ = 28.270459875468887 dB
	 $y_{5,69,67}$ = 15.651821356596173 dB
	 $y_{5,69,68}$ = 36.34969525537926 dB
	 $y_{5,69,77}$ = 15.925154301437914 dB
	 $y_{5,69,78}$ = 22.42760504157016 dB
	 $y_{5,69,56}$ = 11.952049909869118 dB
	 $y_{5,69,46}$ = 12.531187643719477 dB
		SNR medio:  6.277422611226461
		Usuarios totais: 39
$x_{5,71}$
	 $y_{5,71,91}$ = 13.643359864596164 dB
	 $y_{5,71,86}$ = 11.043782607816354 dB
		SNR medio:  4.114523745402086
		Usuarios totais: 6
$x_{5,73}$
	 $y_{5,73,87}$ = 14.098507171049704 dB
	 $y_{5,73,92}$ = 19.848341275310617 dB
	 $y_{5,73,97}$ = 12.704658665228578 dB
	 $y_{5,73,43}$ = 17.681852652727628 dB
	 $y_{5,73,45}$ = 11.015216164284226 dB
	 $y_{5,73,65}$ = 12.76610308875155 dB
	 $y_{5,73,70}$ = 13.735686527380025 dB
	 $y_{5,73,74}$ = 44.111703940785944 dB
	 $y_{5,73,76}$ = 11.83593812656062 dB
	 $y_{5,73,81}$ = 12.509975388016443 dB
	 $y_{5,73,94}$ = 14.790951750364002 dB
	 $y_{5,73,96}$ = 15.314184431900344 dB
	 $y_{5,73,60}$ = 14.458821245372135 dB
		SNR medio:  5.371798510693296
		Usuarios totais: 40
$x_{5,75}$
	 $y_{5,75,75}$ = 87.27457747467608 dB
		SNR medio:  87.27457747467608
		Usuarios totais: 1
Distances:
7 : 11 = 2433.105012119288
7 : 14 = 1264.9110640673518
7 : 40 = 3224.9030993194197
7 : 64 = 2683.281572999748
7 : 69 = 2529.8221281347037
7 : 71 = 3687.817782917155
7 : 73 = 3224.9030993194197
7 : 75 = 2912.043955712207
11 : 14 = 1200.0
11 : 40 = 1264.9110640673518
11 : 64 = 2332.38075793812
11 : 69 = 3773.5924528226415
11 : 71 = 2400.0
11 : 73 = 2529.8221281347037
11 : 75 = 2884.4410203711914
14 : 40 = 2000.0
14 : 64 = 2000.0
14 : 69 = 2828.42712474619
14 : 71 = 2683.281572999748
14 : 73 = 2433.105012119288
14 : 75 = 2433.105012119288
40 : 64 = 1788.8543819998317
40 : 69 = 3687.817782917155
40 : 71 = 1264.9110640673518
40 : 73 = 1697.0562748477141
40 : 75 = 2332.38075793812
64 : 69 = 2000.0
64 : 71 = 1264.9110640673518
64 : 73 = 565.685424949238
64 : 75 = 565.685424949238
69 : 71 = 3224.9030993194197
69 : 73 = 2433.105012119288
69 : 75 = 1649.2422502470642
71 : 73 = 800.0
71 : 75 = 1600.0
73 : 75 = 800.0
t=6
Antennas: [ 7 11 14 40 64 69 71 73 75]
Users: [ 0  1  3  4  5  6  7  8  9 10 11 13 14 15 17 18 19 20 21 22 23 24 25 28
 29 31 32 33 34 35 36 37 38 39 40 41 42 44 45 47 48 49 50 51 52 54 55 56
 58 59 63 65 66 67 68 69 70 71 73 74 75 76 77 79 80 82 83 84 85 86 87 88
 89 90 91 92 93 94 95 96 97 98 99]
connections:  {1: 11, 7: 7, 8: 7, 9: 7, 14: 14, 19: 7, 25: 14, 28: 7, 29: 7, 38: 69, 48: 69, 59: 69, 69: 69, 79: 69, 88: 69, 89: 69, 91: 71, 98: 64, 99: 69, 0: 11, 3: 11, 6: 7, 10: 11, 17: 7, 18: 69, 20: 11, 24: 7, 31: 11, 35: 64, 36: 64, 37: 69, 39: 69, 40: 40, 44: 64, 47: 69, 49: 69, 58: 69, 66: 64, 67: 69, 68: 69, 77: 69, 80: 64, 85: 64, 86: 71, 87: 73, 90: 64, 92: 71, 97: 73, 4: 7, 5: 7, 11: 11, 13: 11, 15: 7, 21: 11, 23: 7, 32: 7, 33: 7, 41: 11, 45: 7, 51: 71, 54: 64, 65: 64, 70: 71, 74: 64, 75: 75, 76: 64, 82: 64, 94: 64, 95: 64, 96: 64, 22: 64, 42: 64, 50: 64, 52: 64, 55: 69, 56: 69, 71: 71, 73: 73, 83: 71, 84: 71, 93: 64, 34: 7, 63: 71}
$x_{6,7}$
	 $y_{6,7,7}$ = 85.92570805535291 dB
	 $y_{6,7,8}$ = 29.96424100311961 dB
	 $y_{6,7,9}$ = 19.59829514907483 dB
	 $y_{6,7,19}$ = 18.698147424883103 dB
	 $y_{6,7,28}$ = 19.550846413177496 dB
	 $y_{6,7,29}$ = 15.607003922428234 dB
	 $y_{6,7,6}$ = 32.30680737188685 dB
	 $y_{6,7,17}$ = 25.693600552363975 dB
	 $y_{6,7,24}$ = 10.577064271184355 dB
	 $y_{6,7,4}$ = 18.883499063089303 dB
	 $y_{6,7,5}$ = 19.639339806394844 dB
	 $y_{6,7,15}$ = 16.611019417991443 dB
	 $y_{6,7,23}$ = 12.00853245139615 dB
	 $y_{6,7,32}$ = 11.150113318050572 dB
	 $y_{6,7,33}$ = 11.826630687596122 dB
	 $y_{6,7,45}$ = 11.165626946478298 dB
	 $y_{6,7,34}$ = 12.471414419074279 dB
		SNR medio:  12.38926300911808
		Usuarios totais: 30
$x_{6,11}$
	 $y_{6,11,1}$ = 33.439151313457586 dB
	 $y_{6,11,0}$ = 19.532773272961208 dB
	 $y_{6,11,3}$ = 21.71760799312176 dB
	 $y_{6,11,10}$ = 30.987444617682215 dB
	 $y_{6,11,20}$ = 22.951313243232434 dB
	 $y_{6,11,31}$ = 20.73765513540293 dB
	 $y_{6,11,11}$ = 92.61616104275979 dB
	 $y_{6,11,13}$ = 11.765308097470125 dB
	 $y_{6,11,21}$ = 30.571802559960076 dB
	 $y_{6,11,41}$ = 12.258242144246793 dB
		SNR medio:  14.122736162871185
		Usuarios totais: 21
$x_{6,14}$
	 $y_{6,14,14}$ = 89.29948273271731 dB
	 $y_{6,14,25}$ = 18.292066249456 dB
		SNR medio:  35.86384966072443
		Usuarios totais: 3
$x_{6,40}$
	 $y_{6,40,40}$ = 83.13040658693706 dB
		SNR medio:  83.13040658693706
		Usuarios totais: 1
$x_{6,64}$
	 $y_{6,64,98}$ = 11.963504912824845 dB
	 $y_{6,64,35}$ = 11.499497997282916 dB
	 $y_{6,64,36}$ = 10.191598588793653 dB
	 $y_{6,64,44}$ = 18.428986423328567 dB
	 $y_{6,64,66}$ = 23.82210728804148 dB
	 $y_{6,64,80}$ = 11.348543188810524 dB
	 $y_{6,64,85}$ = 10.312920146236138 dB
	 $y_{6,64,90}$ = 11.179026270938394 dB
	 $y_{6,64,54}$ = 35.771271761905 dB
	 $y_{6,64,65}$ = 26.780741837005692 dB
	 $y_{6,64,74}$ = 34.09461968209614 dB
	 $y_{6,64,76}$ = 22.056272748843853 dB
	 $y_{6,64,82}$ = 15.126426680706345 dB
	 $y_{6,64,94}$ = 22.024520279931764 dB
	 $y_{6,64,95}$ = 17.023200415786945 dB
	 $y_{6,64,96}$ = 13.471063397431507 dB
	 $y_{6,64,22}$ = 14.678580412681555 dB
	 $y_{6,64,42}$ = 14.566051907549536 dB
	 $y_{6,64,50}$ = 10.672599109080792 dB
	 $y_{6,64,52}$ = 13.082589144909349 dB
	 $y_{6,64,93}$ = 11.127101338695866 dB
		SNR medio:  8.980530588322022
		Usuarios totais: 40
$x_{6,69}$
	 $y_{6,69,38}$ = 12.456842944535197 dB
	 $y_{6,69,48}$ = 19.60909082866003 dB
	 $y_{6,69,59}$ = 21.887778843770548 dB
	 $y_{6,69,69}$ = 88.9779281208956 dB
	 $y_{6,69,79}$ = 27.76640136389716 dB
	 $y_{6,69,88}$ = 14.748446032806086 dB
	 $y_{6,69,89}$ = 21.380945712746765 dB
	 $y_{6,69,99}$ = 20.57969691528804 dB
	 $y_{6,69,18}$ = 12.3045098520914 dB
	 $y_{6,69,37}$ = 15.92793650057044 dB
	 $y_{6,69,39}$ = 14.103121426719781 dB
	 $y_{6,69,47}$ = 11.826526145251393 dB
	 $y_{6,69,49}$ = 13.74247079172784 dB
	 $y_{6,69,58}$ = 28.270459875468887 dB
	 $y_{6,69,67}$ = 15.651821356596173 dB
	 $y_{6,69,68}$ = 36.34969525537926 dB
	 $y_{6,69,77}$ = 15.925154301437914 dB
	 $y_{6,69,55}$ = 13.22380416316794 dB
	 $y_{6,69,56}$ = 11.952049909869118 dB
		SNR medio:  11.574574453913321
		Usuarios totais: 36
$x_{6,71}$
	 $y_{6,71,91}$ = 13.643359864596164 dB
	 $y_{6,71,86}$ = 11.043782607816354 dB
	 $y_{6,71,92}$ = 21.978520286210326 dB
	 $y_{6,71,51}$ = 18.251744680934593 dB
	 $y_{6,71,70}$ = 31.281960937047756 dB
	 $y_{6,71,71}$ = 84.26841697059663 dB
	 $y_{6,71,83}$ = 14.754584194189022 dB
	 $y_{6,71,84}$ = 11.947138197822142 dB
	 $y_{6,71,63}$ = 10.55529940954969 dB
		SNR medio:  12.095822619375703
		Usuarios totais: 18
$x_{6,73}$
	 $y_{6,73,87}$ = 14.098507171049704 dB
	 $y_{6,73,97}$ = 12.704658665228578 dB
	 $y_{6,73,73}$ = 85.4843272968802 dB
		SNR medio:  16.04107044759407
		Usuarios totais: 7
$x_{6,75}$
	 $y_{6,75,75}$ = 87.27457747467608 dB
		SNR medio:  43.63728873733804
		Usuarios totais: 2
Distances:
7 : 11 = 2433.105012119288
7 : 14 = 1264.9110640673518
7 : 40 = 3224.9030993194197
7 : 64 = 2683.281572999748
7 : 69 = 2529.8221281347037
7 : 71 = 3687.817782917155
7 : 73 = 3224.9030993194197
7 : 75 = 2912.043955712207
11 : 14 = 1200.0
11 : 40 = 1264.9110640673518
11 : 64 = 2332.38075793812
11 : 69 = 3773.5924528226415
11 : 71 = 2400.0
11 : 73 = 2529.8221281347037
11 : 75 = 2884.4410203711914
14 : 40 = 2000.0
14 : 64 = 2000.0
14 : 69 = 2828.42712474619
14 : 71 = 2683.281572999748
14 : 73 = 2433.105012119288
14 : 75 = 2433.105012119288
40 : 64 = 1788.8543819998317
40 : 69 = 3687.817782917155
40 : 71 = 1264.9110640673518
40 : 73 = 1697.0562748477141
40 : 75 = 2332.38075793812
64 : 69 = 2000.0
64 : 71 = 1264.9110640673518
64 : 73 = 565.685424949238
64 : 75 = 565.685424949238
69 : 71 = 3224.9030993194197
69 : 73 = 2433.105012119288
69 : 75 = 1649.2422502470642
71 : 73 = 800.0
71 : 75 = 1600.0
73 : 75 = 800.0
t=7
Antennas: [ 7 11 14 40 64 69 71 73 75]
Users: [ 0  1  4  5  6  7  8  9 10 11 12 13 14 16 17 19 20 21 23 24 25 26 27 28
 29 30 31 32 34 36 37 38 39 42 43 45 46 48 50 51 52 53 54 55 56 57 58 60
 61 63 66 69 70 71 73 76 77 78 79 80 81 83 84 87 88 90 92 93 95 97 98 99]
connections:  {1: 11, 7: 7, 8: 7, 9: 7, 14: 14, 19: 7, 25: 14, 28: 7, 29: 7, 38: 69, 48: 69, 69: 69, 79: 69, 88: 69, 98: 64, 99: 69, 0: 11, 6: 7, 10: 11, 16: 7, 17: 7, 20: 11, 24: 7, 26: 7, 27: 7, 30: 11, 31: 11, 36: 64, 37: 69, 39: 7, 58: 69, 66: 64, 77: 69, 78: 69, 80: 64, 87: 73, 90: 64, 92: 73, 97: 73, 4: 7, 5: 7, 11: 11, 12: 11, 13: 11, 21: 11, 23: 7, 32: 7, 43: 64, 45: 7, 51: 73, 54: 64, 57: 69, 70: 73, 76: 64, 81: 64, 95: 64, 42: 11, 50: 11, 52: 64, 55: 64, 56: 64, 60: 64, 61: 64, 71: 71, 73: 73, 83: 64, 84: 64, 93: 64, 34: 64, 46: 64, 53: 64, 63: 64}
$x_{7,7}$
	 $y_{7,7,7}$ = 85.92570805535291 dB
	 $y_{7,7,8}$ = 29.96424100311961 dB
	 $y_{7,7,9}$ = 19.59829514907483 dB
	 $y_{7,7,19}$ = 18.698147424883103 dB
	 $y_{7,7,28}$ = 19.550846413177496 dB
	 $y_{7,7,29}$ = 15.607003922428234 dB
	 $y_{7,7,6}$ = 32.30680737188685 dB
	 $y_{7,7,16}$ = 29.383655973141884 dB
	 $y_{7,7,17}$ = 25.693600552363975 dB
	 $y_{7,7,24}$ = 10.577064271184355 dB
	 $y_{7,7,26}$ = 21.15731773265796 dB
	 $y_{7,7,27}$ = 19.918907600991574 dB
	 $y_{7,7,39}$ = 10.79412644594288 dB
	 $y_{7,7,4}$ = 18.883499063089303 dB
	 $y_{7,7,5}$ = 19.639339806394844 dB
	 $y_{7,7,23}$ = 12.00853245139615 dB
	 $y_{7,7,32}$ = 11.150113318050572 dB
	 $y_{7,7,45}$ = 11.165626946478298 dB
		SNR medio:  12.485540409139844
		Usuarios totais: 33
$x_{7,11}$
	 $y_{7,11,1}$ = 33.439151313457586 dB
	 $y_{7,11,0}$ = 19.532773272961208 dB
	 $y_{7,11,10}$ = 30.987444617682215 dB
	 $y_{7,11,20}$ = 22.951313243232434 dB
	 $y_{7,11,30}$ = 16.10292743936749 dB
	 $y_{7,11,31}$ = 20.73765513540293 dB
	 $y_{7,11,11}$ = 92.61616104275979 dB
	 $y_{7,11,12}$ = 34.6907956278358 dB
	 $y_{7,11,13}$ = 11.765308097470125 dB
	 $y_{7,11,21}$ = 30.571802559960076 dB
	 $y_{7,11,42}$ = 12.560020791950393 dB
	 $y_{7,11,50}$ = 12.664867693580405 dB
		SNR medio:  14.72261829720263
		Usuarios totais: 23
$x_{7,14}$
	 $y_{7,14,14}$ = 89.29948273271731 dB
	 $y_{7,14,25}$ = 18.292066249456 dB
		SNR medio:  21.51830979643466
		Usuarios totais: 5
$x_{7,40}$
		Usuarios totais: 0
$x_{7,64}$
	 $y_{7,64,98}$ = 11.963504912824845 dB
	 $y_{7,64,36}$ = 10.191598588793653 dB
	 $y_{7,64,66}$ = 23.82210728804148 dB
	 $y_{7,64,80}$ = 11.348543188810524 dB
	 $y_{7,64,90}$ = 11.179026270938394 dB
	 $y_{7,64,43}$ = 14.718982025009737 dB
	 $y_{7,64,54}$ = 35.771271761905 dB
	 $y_{7,64,76}$ = 22.056272748843853 dB
	 $y_{7,64,81}$ = 14.888106087453195 dB
	 $y_{7,64,95}$ = 17.023200415786945 dB
	 $y_{7,64,52}$ = 13.082589144909349 dB
	 $y_{7,64,55}$ = 29.511398689115495 dB
	 $y_{7,64,56}$ = 21.649818733913122 dB
	 $y_{7,64,60}$ = 12.10591807087593 dB
	 $y_{7,64,61}$ = 17.149222129954296 dB
	 $y_{7,64,83}$ = 15.477376792210919 dB
	 $y_{7,64,84}$ = 19.09534989530563 dB
	 $y_{7,64,93}$ = 11.127101338695866 dB
	 $y_{7,64,34}$ = 12.519840720022842 dB
	 $y_{7,64,46}$ = 13.504851657414207 dB
	 $y_{7,64,53}$ = 28.895981579219807 dB
	 $y_{7,64,63}$ = 33.94386246254403 dB
		SNR medio:  10.025648112564726
		Usuarios totais: 40
$x_{7,69}$
	 $y_{7,69,38}$ = 12.456842944535197 dB
	 $y_{7,69,48}$ = 19.60909082866003 dB
	 $y_{7,69,69}$ = 88.9779281208956 dB
	 $y_{7,69,79}$ = 27.76640136389716 dB
	 $y_{7,69,88}$ = 14.748446032806086 dB
	 $y_{7,69,99}$ = 20.57969691528804 dB
	 $y_{7,69,37}$ = 15.92793650057044 dB
	 $y_{7,69,58}$ = 28.270459875468887 dB
	 $y_{7,69,77}$ = 15.925154301437914 dB
	 $y_{7,69,78}$ = 22.42760504157016 dB
	 $y_{7,69,57}$ = 14.908014948373491 dB
		SNR medio:  18.773171791566867
		Usuarios totais: 15
$x_{7,71}$
	 $y_{7,71,71}$ = 84.26841697059663 dB
		SNR medio:  84.26841697059663
		Usuarios totais: 1
$x_{7,73}$
	 $y_{7,73,87}$ = 14.098507171049704 dB
	 $y_{7,73,92}$ = 19.848341275310617 dB
	 $y_{7,73,97}$ = 12.704658665228578 dB
	 $y_{7,73,51}$ = 11.561200388101597 dB
	 $y_{7,73,70}$ = 13.735686527380025 dB
	 $y_{7,73,73}$ = 85.4843272968802 dB
		SNR medio:  19.67909016549384
		Usuarios totais: 8
$x_{7,75}$
		Usuarios totais: 0
Distances:
7 : 11 = 2433.105012119288
7 : 14 = 1264.9110640673518
7 : 40 = 3224.9030993194197
7 : 64 = 2683.281572999748
7 : 69 = 2529.8221281347037
7 : 71 = 3687.817782917155
7 : 73 = 3224.9030993194197
7 : 75 = 2912.043955712207
11 : 14 = 1200.0
11 : 40 = 1264.9110640673518
11 : 64 = 2332.38075793812
11 : 69 = 3773.5924528226415
11 : 71 = 2400.0
11 : 73 = 2529.8221281347037
11 : 75 = 2884.4410203711914
14 : 40 = 2000.0
14 : 64 = 2000.0
14 : 69 = 2828.42712474619
14 : 71 = 2683.281572999748
14 : 73 = 2433.105012119288
14 : 75 = 2433.105012119288
40 : 64 = 1788.8543819998317
40 : 69 = 3687.817782917155
40 : 71 = 1264.9110640673518
40 : 73 = 1697.0562748477141
40 : 75 = 2332.38075793812
64 : 69 = 2000.0
64 : 71 = 1264.9110640673518
64 : 73 = 565.685424949238
64 : 75 = 565.685424949238
69 : 71 = 3224.9030993194197
69 : 73 = 2433.105012119288
69 : 75 = 1649.2422502470642
71 : 73 = 800.0
71 : 75 = 1600.0
73 : 75 = 800.0
t=8
Antennas: [ 7 11 14 40 64 69 71 73 75]
Users: [ 1  3  4  5  6  7  8 11 12 13 15 17 18 19 20 22 24 25 26 32 34 35 36 37
 40 41 44 45 46 47 48 49 51 52 53 57 58 59 61 64 66 70 71 72 73 77 79 80
 81 83 86 87 88 90 92 94 95 96 99]
connections:  {1: 11, 7: 7, 8: 7, 19: 7, 25: 14, 48: 69, 59: 69, 79: 69, 88: 69, 99: 69, 3: 14, 6: 7, 17: 7, 18: 69, 20: 11, 24: 7, 26: 7, 35: 14, 36: 64, 37: 69, 40: 40, 44: 64, 47: 69, 49: 69, 58: 69, 66: 64, 77: 69, 80: 64, 86: 71, 87: 73, 90: 64, 92: 73, 4: 7, 5: 7, 11: 11, 12: 14, 13: 14, 15: 7, 32: 7, 41: 11, 45: 7, 51: 73, 57: 69, 70: 73, 81: 73, 94: 73, 95: 73, 96: 73, 22: 73, 52: 73, 61: 73, 64: 64, 71: 71, 72: 73, 73: 73, 83: 73, 34: 7, 46: 7, 53: 73}
$x_{8,7}$
	 $y_{8,7,7}$ = 85.92570805535291 dB
	 $y_{8,7,8}$ = 29.96424100311961 dB
	 $y_{8,7,19}$ = 18.698147424883103 dB
	 $y_{8,7,6}$ = 32.30680737188685 dB
	 $y_{8,7,17}$ = 25.693600552363975 dB
	 $y_{8,7,24}$ = 10.577064271184355 dB
	 $y_{8,7,26}$ = 21.15731773265796 dB
	 $y_{8,7,4}$ = 18.883499063089303 dB
	 $y_{8,7,5}$ = 19.639339806394844 dB
	 $y_{8,7,15}$ = 16.611019417991443 dB
	 $y_{8,7,32}$ = 11.150113318050572 dB
	 $y_{8,7,45}$ = 11.165626946478298 dB
	 $y_{8,7,34}$ = 12.471414419074279 dB
	 $y_{8,7,46}$ = 11.362923023718764 dB
		SNR medio:  14.156818365488967
		Usuarios totais: 23
$x_{8,11}$
	 $y_{8,11,1}$ = 33.439151313457586 dB
	 $y_{8,11,20}$ = 22.951313243232434 dB
	 $y_{8,11,11}$ = 92.61616104275979 dB
	 $y_{8,11,41}$ = 12.258242144246793 dB
		SNR medio:  32.25297354873932
		Usuarios totais: 5
$x_{8,14}$
	 $y_{8,14,25}$ = 18.292066249456 dB
	 $y_{8,14,3}$ = 33.242515164412126 dB
	 $y_{8,14,35}$ = 12.723886007542774 dB
	 $y_{8,14,12}$ = 15.926254782946486 dB
	 $y_{8,14,13}$ = 33.25797414439964 dB
		SNR medio:  12.60474403875078
		Usuarios totais: 9
$x_{8,40}$
	 $y_{8,40,40}$ = 83.13040658693706 dB
		SNR medio:  83.13040658693706
		Usuarios totais: 1
$x_{8,64}$
	 $y_{8,64,36}$ = 10.191598588793653 dB
	 $y_{8,64,44}$ = 18.428986423328567 dB
	 $y_{8,64,66}$ = 23.82210728804148 dB
	 $y_{8,64,80}$ = 11.348543188810524 dB
	 $y_{8,64,90}$ = 11.179026270938394 dB
	 $y_{8,64,64}$ = 84.89626104783994 dB
		SNR medio:  17.762946978639174
		Usuarios totais: 9
$x_{8,69}$
	 $y_{8,69,48}$ = 19.60909082866003 dB
	 $y_{8,69,59}$ = 21.887778843770548 dB
	 $y_{8,69,79}$ = 27.76640136389716 dB
	 $y_{8,69,88}$ = 14.748446032806086 dB
	 $y_{8,69,99}$ = 20.57969691528804 dB
	 $y_{8,69,18}$ = 12.3045098520914 dB
	 $y_{8,69,37}$ = 15.92793650057044 dB
	 $y_{8,69,47}$ = 11.826526145251393 dB
	 $y_{8,69,49}$ = 13.74247079172784 dB
	 $y_{8,69,58}$ = 28.270459875468887 dB
	 $y_{8,69,77}$ = 15.925154301437914 dB
	 $y_{8,69,57}$ = 14.908014948373491 dB
		SNR medio:  11.447183494702278
		Usuarios totais: 19
$x_{8,71}$
	 $y_{8,71,86}$ = 11.043782607816354 dB
	 $y_{8,71,71}$ = 84.26841697059663 dB
		SNR medio:  31.77073319280433
		Usuarios totais: 3
$x_{8,73}$
	 $y_{8,73,87}$ = 14.098507171049704 dB
	 $y_{8,73,92}$ = 19.848341275310617 dB
	 $y_{8,73,51}$ = 11.561200388101597 dB
	 $y_{8,73,70}$ = 13.735686527380025 dB
	 $y_{8,73,81}$ = 12.509975388016443 dB
	 $y_{8,73,94}$ = 14.790951750364002 dB
	 $y_{8,73,95}$ = 11.839868742686178 dB
	 $y_{8,73,96}$ = 15.314184431900344 dB
	 $y_{8,73,22}$ = 13.143799182807001 dB
	 $y_{8,73,52}$ = 16.33121937691547 dB
	 $y_{8,73,61}$ = 19.92024080552669 dB
	 $y_{8,73,72}$ = 27.692727253121248 dB
	 $y_{8,73,73}$ = 85.4843272968802 dB
	 $y_{8,73,83}$ = 34.88161576170889 dB
	 $y_{8,73,53}$ = 24.697362263443793 dB
		SNR medio:  11.994643129114719
		Usuarios totais: 28
$x_{8,75}$
		Usuarios totais: 0
Distances:
7 : 11 = 2433.105012119288
7 : 14 = 1264.9110640673518
7 : 40 = 3224.9030993194197
7 : 64 = 2683.281572999748
7 : 69 = 2529.8221281347037
7 : 71 = 3687.817782917155
7 : 73 = 3224.9030993194197
7 : 75 = 2912.043955712207
11 : 14 = 1200.0
11 : 40 = 1264.9110640673518
11 : 64 = 2332.38075793812
11 : 69 = 3773.5924528226415
11 : 71 = 2400.0
11 : 73 = 2529.8221281347037
11 : 75 = 2884.4410203711914
14 : 40 = 2000.0
14 : 64 = 2000.0
14 : 69 = 2828.42712474619
14 : 71 = 2683.281572999748
14 : 73 = 2433.105012119288
14 : 75 = 2433.105012119288
40 : 64 = 1788.8543819998317
40 : 69 = 3687.817782917155
40 : 71 = 1264.9110640673518
40 : 73 = 1697.0562748477141
40 : 75 = 2332.38075793812
64 : 69 = 2000.0
64 : 71 = 1264.9110640673518
64 : 73 = 565.685424949238
64 : 75 = 565.685424949238
69 : 71 = 3224.9030993194197
69 : 73 = 2433.105012119288
69 : 75 = 1649.2422502470642
71 : 73 = 800.0
71 : 75 = 1600.0
73 : 75 = 800.0
t=9
Antennas: [ 7 11 14 40 64 69 71 73 75]
Users: [ 0  9 10 12 16 19 22 27 28 30 37 40 41 42 44 46 47 48 52 53 55 62 63 67
 70 72 73 74 76 78 83 86 87 88 91 93 95 99]
connections:  {9: 7, 19: 7, 28: 7, 48: 69, 88: 69, 91: 71, 99: 69, 0: 11, 10: 11, 16: 7, 27: 7, 30: 11, 37: 69, 40: 40, 44: 64, 47: 69, 67: 69, 78: 69, 86: 71, 87: 73, 12: 11, 41: 11, 70: 71, 74: 64, 76: 64, 95: 64, 22: 11, 42: 11, 52: 64, 55: 69, 72: 64, 73: 73, 83: 64, 93: 64, 46: 69, 53: 64, 63: 64, 62: 64}
$x_{9,7}$
	 $y_{9,7,9}$ = 19.59829514907483 dB
	 $y_{9,7,19}$ = 18.698147424883103 dB
	 $y_{9,7,28}$ = 19.550846413177496 dB
	 $y_{9,7,16}$ = 29.383655973141884 dB
	 $y_{9,7,27}$ = 19.918907600991574 dB
		SNR medio:  10.714985256126889
		Usuarios totais: 10
$x_{9,11}$
	 $y_{9,11,0}$ = 19.532773272961208 dB
	 $y_{9,11,10}$ = 30.987444617682215 dB
	 $y_{9,11,30}$ = 16.10292743936749 dB
	 $y_{9,11,12}$ = 34.6907956278358 dB
	 $y_{9,11,41}$ = 12.258242144246793 dB
	 $y_{9,11,22}$ = 29.244641718508177 dB
	 $y_{9,11,42}$ = 12.560020791950393 dB
		SNR medio:  11.95206504711939
		Usuarios totais: 13
$x_{9,14}$
		Usuarios totais: 0
$x_{9,40}$
	 $y_{9,40,40}$ = 83.13040658693706 dB
		SNR medio:  27.71013552897902
		Usuarios totais: 3
$x_{9,64}$
	 $y_{9,64,44}$ = 18.428986423328567 dB
	 $y_{9,64,74}$ = 34.09461968209614 dB
	 $y_{9,64,76}$ = 22.056272748843853 dB
	 $y_{9,64,95}$ = 17.023200415786945 dB
	 $y_{9,64,52}$ = 13.082589144909349 dB
	 $y_{9,64,72}$ = 12.870847246254186 dB
	 $y_{9,64,83}$ = 15.477376792210919 dB
	 $y_{9,64,93}$ = 11.127101338695866 dB
	 $y_{9,64,53}$ = 28.895981579219807 dB
	 $y_{9,64,63}$ = 33.94386246254403 dB
	 $y_{9,64,62}$ = 13.042790983431303 dB
		SNR medio:  13.75272680108256
		Usuarios totais: 16
$x_{9,69}$
	 $y_{9,69,48}$ = 19.60909082866003 dB
	 $y_{9,69,88}$ = 14.748446032806086 dB
	 $y_{9,69,99}$ = 20.57969691528804 dB
	 $y_{9,69,37}$ = 15.92793650057044 dB
	 $y_{9,69,47}$ = 11.826526145251393 dB
	 $y_{9,69,67}$ = 15.651821356596173 dB
	 $y_{9,69,78}$ = 22.42760504157016 dB
	 $y_{9,69,55}$ = 13.22380416316794 dB
	 $y_{9,69,46}$ = 12.531187643719477 dB
		SNR medio:  11.27123958674075
		Usuarios totais: 13
$x_{9,71}$
	 $y_{9,71,91}$ = 13.643359864596164 dB
	 $y_{9,71,86}$ = 11.043782607816354 dB
	 $y_{9,71,70}$ = 31.281960937047756 dB
		SNR medio:  11.193820681892054
		Usuarios totais: 5
$x_{9,73}$
	 $y_{9,73,87}$ = 14.098507171049704 dB
	 $y_{9,73,73}$ = 85.4843272968802 dB
		SNR medio:  49.79141723396495
		Usuarios totais: 2
$x_{9,75}$
		Usuarios totais: 0
Distances:
7 : 11 = 2433.105012119288
7 : 14 = 1264.9110640673518
7 : 40 = 3224.9030993194197
7 : 64 = 2683.281572999748
7 : 69 = 2529.8221281347037
7 : 71 = 3687.817782917155
7 : 73 = 3224.9030993194197
7 : 75 = 2912.043955712207
11 : 14 = 1200.0
11 : 40 = 1264.9110640673518
11 : 64 = 2332.38075793812
11 : 69 = 3773.5924528226415
11 : 71 = 2400.0
11 : 73 = 2529.8221281347037
11 : 75 = 2884.4410203711914
14 : 40 = 2000.0
14 : 64 = 2000.0
14 : 69 = 2828.42712474619
14 : 71 = 2683.281572999748
14 : 73 = 2433.105012119288
14 : 75 = 2433.105012119288
40 : 64 = 1788.8543819998317
40 : 69 = 3687.817782917155
40 : 71 = 1264.9110640673518
40 : 73 = 1697.0562748477141
40 : 75 = 2332.38075793812
64 : 69 = 2000.0
64 : 71 = 1264.9110640673518
64 : 73 = 565.685424949238
64 : 75 = 565.685424949238
69 : 71 = 3224.9030993194197
69 : 73 = 2433.105012119288
69 : 75 = 1649.2422502470642
71 : 73 = 800.0
71 : 75 = 1600.0
73 : 75 = 800.0
t=10
Antennas: [ 7 11 14 40 64 69 71 73 75]
Users: [ 1  4  6  8 18 23 25 29 31 33 34 35 37 39 53 59 60 65 69 71 74 76 77 78
 79 83 84 91 92 95 96 98]
connections:  {1: 11, 8: 7, 25: 14, 29: 7, 59: 69, 69: 69, 79: 69, 91: 71, 98: 64, 6: 7, 18: 7, 31: 11, 35: 64, 37: 69, 39: 7, 77: 69, 78: 69, 92: 71, 4: 7, 23: 7, 33: 7, 65: 64, 74: 64, 76: 64, 95: 64, 96: 64, 60: 64, 71: 71, 83: 64, 84: 64, 34: 64, 53: 64}
$x_{10,7}$
	 $y_{10,7,8}$ = 29.96424100311961 dB
	 $y_{10,7,29}$ = 15.607003922428234 dB
	 $y_{10,7,6}$ = 32.30680737188685 dB
	 $y_{10,7,18}$ = 26.727342114817162 dB
	 $y_{10,7,39}$ = 10.79412644594288 dB
	 $y_{10,7,4}$ = 18.883499063089303 dB
	 $y_{10,7,23}$ = 12.00853245139615 dB
	 $y_{10,7,33}$ = 11.826630687596122 dB
		SNR medio:  19.76477288253454
		Usuarios totais: 8
$x_{10,11}$
	 $y_{10,11,1}$ = 33.439151313457586 dB
	 $y_{10,11,31}$ = 20.73765513540293 dB
		SNR medio:  18.058935482953505
		Usuarios totais: 3
$x_{10,14}$
	 $y_{10,14,25}$ = 18.292066249456 dB
		SNR medio:  18.292066249456
		Usuarios totais: 1
$x_{10,40}$
		Usuarios totais: 0
$x_{10,64}$
	 $y_{10,64,98}$ = 11.963504912824845 dB
	 $y_{10,64,35}$ = 11.499497997282916 dB
	 $y_{10,64,65}$ = 26.780741837005692 dB
	 $y_{10,64,74}$ = 34.09461968209614 dB
	 $y_{10,64,76}$ = 22.056272748843853 dB
	 $y_{10,64,95}$ = 17.023200415786945 dB
	 $y_{10,64,96}$ = 13.471063397431507 dB
	 $y_{10,64,60}$ = 12.10591807087593 dB
	 $y_{10,64,83}$ = 15.477376792210919 dB
	 $y_{10,64,84}$ = 19.09534989530563 dB
	 $y_{10,64,34}$ = 12.519840720022842 dB
	 $y_{10,64,53}$ = 28.895981579219807 dB
		SNR medio:  14.998891203260467
		Usuarios totais: 15
$x_{10,69}$
	 $y_{10,69,59}$ = 21.887778843770548 dB
	 $y_{10,69,69}$ = 88.9779281208956 dB
	 $y_{10,69,79}$ = 27.76640136389716 dB
	 $y_{10,69,37}$ = 15.92793650057044 dB
	 $y_{10,69,77}$ = 15.925154301437914 dB
	 $y_{10,69,78}$ = 22.42760504157016 dB
		SNR medio:  27.55897202459169
		Usuarios totais: 7
$x_{10,71}$
	 $y_{10,71,91}$ = 13.643359864596164 dB
	 $y_{10,71,92}$ = 21.978520286210326 dB
	 $y_{10,71,71}$ = 84.26841697059663 dB
		SNR medio:  29.97257428035078
		Usuarios totais: 4
$x_{10,73}$
		Usuarios totais: 0
$x_{10,75}$
		Usuarios totais: 0
Distances:
7 : 11 = 2433.105012119288
7 : 14 = 1264.9110640673518
7 : 40 = 3224.9030993194197
7 : 64 = 2683.281572999748
7 : 69 = 2529.8221281347037
7 : 71 = 3687.817782917155
7 : 73 = 3224.9030993194197
7 : 75 = 2912.043955712207
11 : 14 = 1200.0
11 : 40 = 1264.9110640673518
11 : 64 = 2332.38075793812
11 : 69 = 3773.5924528226415
11 : 71 = 2400.0
11 : 73 = 2529.8221281347037
11 : 75 = 2884.4410203711914
14 : 40 = 2000.0
14 : 64 = 2000.0
14 : 69 = 2828.42712474619
14 : 71 = 2683.281572999748
14 : 73 = 2433.105012119288
14 : 75 = 2433.105012119288
40 : 64 = 1788.8543819998317
40 : 69 = 3687.817782917155
40 : 71 = 1264.9110640673518
40 : 73 = 1697.0562748477141
40 : 75 = 2332.38075793812
64 : 69 = 2000.0
64 : 71 = 1264.9110640673518
64 : 73 = 565.685424949238
64 : 75 = 565.685424949238
69 : 71 = 3224.9030993194197
69 : 73 = 2433.105012119288
69 : 75 = 1649.2422502470642
71 : 73 = 800.0
71 : 75 = 1600.0
73 : 75 = 800.0
t=11
Antennas: [ 7 11 14 40 64 69 71 73 75]
Users: [ 1  4 21 46 57 72 76 79 80 92 99]
connections:  {1: 11, 79: 69, 99: 69, 80: 64, 92: 71, 4: 11, 21: 11, 57: 69, 76: 64, 72: 64, 46: 64}
$x_{11,7}$
		Usuarios totais: 0
$x_{11,11}$
	 $y_{11,11,1}$ = 33.439151313457586 dB
	 $y_{11,11,4}$ = 10.341361495387801 dB
	 $y_{11,11,21}$ = 30.571802559960076 dB
		SNR medio:  24.784105122935156
		Usuarios totais: 3
$x_{11,14}$
		Usuarios totais: 0
$x_{11,40}$
		Usuarios totais: 0
$x_{11,64}$
	 $y_{11,64,80}$ = 11.348543188810524 dB
	 $y_{11,64,76}$ = 22.056272748843853 dB
	 $y_{11,64,72}$ = 12.870847246254186 dB
	 $y_{11,64,46}$ = 13.504851657414207 dB
		SNR medio:  14.945128710330692
		Usuarios totais: 4
$x_{11,69}$
	 $y_{11,69,79}$ = 27.76640136389716 dB
	 $y_{11,69,99}$ = 20.57969691528804 dB
	 $y_{11,69,57}$ = 14.908014948373491 dB
		SNR medio:  21.08470440918623
		Usuarios totais: 3
$x_{11,71}$
	 $y_{11,71,92}$ = 21.978520286210326 dB
		SNR medio:  21.978520286210326
		Usuarios totais: 1
$x_{11,73}$
		Usuarios totais: 0
$x_{11,75}$
		Usuarios totais: 0
Distances:
7 : 11 = 2433.105012119288
7 : 14 = 1264.9110640673518
7 : 40 = 3224.9030993194197
7 : 64 = 2683.281572999748
7 : 69 = 2529.8221281347037
7 : 71 = 3687.817782917155
7 : 73 = 3224.9030993194197
7 : 75 = 2912.043955712207
11 : 14 = 1200.0
11 : 40 = 1264.9110640673518
11 : 64 = 2332.38075793812
11 : 69 = 3773.5924528226415
11 : 71 = 2400.0
11 : 73 = 2529.8221281347037
11 : 75 = 2884.4410203711914
14 : 40 = 2000.0
14 : 64 = 2000.0
14 : 69 = 2828.42712474619
14 : 71 = 2683.281572999748
14 : 73 = 2433.105012119288
14 : 75 = 2433.105012119288
40 : 64 = 1788.8543819998317
40 : 69 = 3687.817782917155
40 : 71 = 1264.9110640673518
40 : 73 = 1697.0562748477141
40 : 75 = 2332.38075793812
64 : 69 = 2000.0
64 : 71 = 1264.9110640673518
64 : 73 = 565.685424949238
64 : 75 = 565.685424949238
69 : 71 = 3224.9030993194197
69 : 73 = 2433.105012119288
69 : 75 = 1649.2422502470642
71 : 73 = 800.0
71 : 75 = 1600.0
73 : 75 = 800.0
--- Done after 0.011550135347578261 hours. ---
