-------------Calculating Solution (this may take a while)
+++++++++++++++++++Min Sinr: 5 dB (varying)
+++++++++++++++++++With backhaul constraint. Start: 2022-05-15 01:43:25

Parameters:
- chosen seed 1
- Map with 100 sectors
- Map 4000 x 4000 m
- Sector has a side of 400 m
- Max time:  10
- users_t_m:  [[0, 0, 0, 0, 0, 0, 0, 0, 0, 0, 0, 0, 0, 0, 0, 0, 0, 0, 0, 0, 0, 0, 0, 0, 0, 0, 0, 0, 0, 0, 0, 0, 0, 0, 0, 0, 0, 0, 0, 0, 0, 0, 0, 0, 0, 0, 0, 0, 0, 0, 0, 0, 0, 0, 0, 0, 0, 0, 0, 0, 0, 0, 1, 0, 0, 0, 0, 0, 0, 0, 0, 7, 6, 3, 0, 0, 0, 0, 0, 0, 0, 0, 43, 0, 0, 0, 0, 0, 0, 0, 0, 0, 0, 0, 0, 0, 0, 0, 0, 0], [1, 1, 0, 1, 1, 0, 0, 0, 0, 0, 0, 0, 1, 0, 0, 1, 1, 0, 0, 0, 1, 0, 2, 0, 1, 0, 0, 0, 0, 0, 2, 3, 2, 0, 0, 1, 1, 0, 0, 0, 1, 2, 2, 0, 0, 1, 2, 1, 1, 1, 0, 0, 0, 1, 2, 1, 1, 1, 0, 0, 1, 1, 3, 0, 0, 0, 1, 0, 0, 0, 0, 0, 1, 1, 1, 2, 0, 0, 0, 1, 0, 0, 1, 0, 1, 2, 2, 2, 0, 1, 0, 0, 0, 0, 0, 2, 0, 0, 0, 0], [0, 0, 1, 0, 1, 0, 0, 0, 0, 2, 0, 0, 2, 0, 2, 0, 2, 0, 1, 0, 0, 3, 3, 0, 1, 0, 0, 2, 3, 1, 0, 0, 0, 0, 0, 1, 1, 0, 0, 0, 0, 3, 2, 0, 0, 0, 0, 0, 0, 1, 0, 1, 0, 0, 0, 1, 2, 0, 0, 2, 0, 1, 1, 3, 0, 3, 0, 0, 0, 0, 1, 0, 0, 0, 1, 0, 2, 1, 1, 0, 0, 0, 1, 0, 1, 0, 1, 0, 0, 1, 0, 1, 0, 1, 0, 0, 0, 1, 0, 1], [1, 0, 0, 0, 3, 0, 0, 0, 0, 0, 1, 0, 0, 0, 0, 0, 1, 0, 0, 0, 0, 1, 0, 0, 0, 1, 1, 0, 0, 0, 0, 0, 2, 1, 5, 0, 1, 1, 0, 0, 3, 0, 0, 1, 4, 0, 0, 2, 0, 1, 0, 1, 1, 0, 1, 1, 1, 1, 0, 0, 0, 0, 2, 1, 0, 0, 0, 0, 0, 0, 0, 2, 1, 2, 1, 0, 0, 1, 1, 0, 1, 0, 1, 2, 0, 0, 0, 0, 2, 1, 0, 1, 0, 2, 0, 2, 1, 0, 0, 0], [0, 2, 0, 0, 0, 0, 2, 1, 0, 0, 1, 0, 1, 0, 1, 2, 2, 0, 0, 0, 1, 0, 2, 0, 3, 0, 0, 1, 0, 0, 2, 1, 0, 0, 0, 0, 1, 1, 0, 1, 0, 0, 1, 1, 3, 1, 1, 0, 1, 0, 0, 0, 0, 1, 0, 0, 2, 1, 2, 0, 1, 0, 2, 0, 0, 0, 1, 1, 2, 0, 1, 2, 0, 0, 1, 0, 0, 1, 3, 0, 1, 0, 1, 1, 0, 0, 0, 0, 0, 0, 1, 0, 0, 2, 0, 0, 0, 0, 0, 0], [0, 2, 3, 0, 0, 0, 1, 0, 0, 0, 0, 1, 0, 0, 0, 0, 0, 2, 2, 1, 0, 2, 0, 0, 3, 0, 0, 1, 1, 0, 0, 2, 0, 1, 0, 1, 1, 0, 0, 1, 3, 0, 0, 0, 1, 1, 1, 0, 0, 1, 0, 1, 1, 1, 0, 0, 1, 2, 2, 0, 1, 0, 2, 0, 0, 2, 0, 2, 0, 0, 0, 2, 0, 0, 0, 0, 2, 0, 0, 0, 1, 1, 1, 1, 0, 1, 0, 0, 0, 0, 0, 0, 0, 0, 1, 2, 0, 0, 1, 0], [0, 1, 0, 0, 0, 0, 1, 0, 0, 0, 1, 0, 0, 1, 0, 0, 0, 2, 0, 2, 0, 3, 0, 0, 2, 0, 1, 0, 0, 1, 1, 1, 1, 2, 1, 1, 1, 2, 0, 0, 0, 0, 1, 0, 0, 3, 0, 0, 4, 0, 1, 2, 0, 1, 0, 1, 0, 0, 0, 0, 2, 2, 1, 0, 0, 1, 0, 1, 0, 0, 0, 1, 0, 1, 0, 1, 0, 1, 1, 0, 1, 1, 0, 0, 1, 0, 1, 1, 0, 0, 0, 1, 1, 1, 0, 1, 0, 0, 0, 1], [1, 0, 0, 0, 0, 0, 1, 0, 0, 0, 0, 2, 1, 0, 1, 0, 1, 0, 0, 0, 1, 1, 2, 1, 0, 1, 0, 1, 0, 0, 1, 2, 0, 1, 0, 1, 0, 2, 1, 1, 0, 0, 1, 0, 1, 3, 1, 0, 3, 1, 0, 0, 0, 1, 1, 3, 0, 0, 1, 0, 1, 1, 0, 1, 1, 0, 1, 1, 0, 1, 1, 1, 0, 0, 0, 1, 2, 0, 0, 0, 0, 0, 0, 0, 1, 0, 1, 1, 1, 0, 0, 1, 2, 0, 0, 1, 1, 0, 0, 0], [0, 0, 2, 1, 0, 1, 1, 0, 1, 0, 0, 0, 1, 0, 0, 2, 0, 2, 0, 0, 0, 1, 0, 2, 1, 2, 0, 0, 0, 0, 0, 0, 1, 0, 3, 0, 0, 1, 0, 0, 0, 2, 0, 0, 0, 1, 0, 0, 1, 1, 0, 1, 2, 0, 2, 0, 1, 1, 0, 1, 0, 1, 2, 0, 1, 0, 0, 1, 0, 0, 0, 2, 0, 0, 2, 4, 2, 0, 0, 0, 1, 1, 1, 1, 0, 0, 1, 1, 0, 0, 0, 0, 1, 0, 0, 1, 1, 0, 0, 1], [1, 1, 0, 1, 1, 2, 1, 3, 0, 0, 0, 1, 0, 1, 0, 0, 1, 1, 1, 0, 1, 0, 0, 1, 2, 1, 0, 0, 0, 1, 1, 2, 0, 2, 0, 0, 0, 0, 1, 1, 0, 1, 3, 0, 0, 0, 1, 1, 0, 0, 0, 0, 1, 2, 0, 1, 0, 0, 0, 0, 2, 0, 0, 2, 0, 1, 1, 0, 0, 2, 1, 1, 0, 0, 0, 0, 1, 0, 0, 0, 0, 0, 0, 2, 2, 0, 2, 0, 0, 0, 0, 1, 1, 0, 1, 0, 1, 0, 0, 1], [0, 0, 0, 1, 0, 0, 0, 0, 0, 0, 1, 0, 1, 1, 2, 0, 0, 1, 1, 0, 1, 1, 2, 0, 2, 2, 0, 1, 0, 1, 0, 0, 3, 0, 1, 1, 0, 0, 1, 0, 0, 2, 1, 0, 0, 0, 0, 1, 0, 1, 1, 0, 2, 0, 1, 0, 3, 1, 1, 0, 0, 2, 0, 0, 1, 2, 0, 1, 1, 1, 0, 0, 1, 0, 1, 2, 0, 1, 0, 1, 0, 0, 0, 0, 0, 0, 1, 1, 1, 0, 1, 0, 2, 0, 0, 1, 0, 0, 1, 0]]
MAX_USER_PER_ANTENNAS_m:  [60, 60, 60, 60, 60, 60, 60, 60, 60, 60, 60, 60, 60, 60, 60, 60, 60, 60, 60, 60, 60, 60, 60, 60, 60, 60, 60, 60, 60, 60, 60, 60, 60, 60, 60, 60, 60, 60, 60, 60, 60, 60, 60, 60, 60, 60, 60, 60, 60, 60, 60, 60, 60, 60, 60, 60, 60, 60, 60, 60, 60, 60, 60, 60, 60, 60, 60, 60, 60, 60, 60, 60, 60, 60, 60, 60, 60, 60, 60, 60, 60, 60, 60, 60, 60, 60, 60, 60, 60, 60, 60, 60, 60, 60, 60, 60, 60, 60, 60, 60]
antennas_map_m:  [1, 1, 1, 1, 1, 1, 1, 1, 1, 1, 1, 1, 1, 1, 1, 1, 1, 1, 1, 1, 1, 1, 1, 1, 1, 1, 1, 1, 1, 1, 1, 1, 1, 1, 1, 1, 1, 1, 1, 1, 1, 1, 1, 1, 1, 1, 1, 1, 1, 1, 1, 1, 1, 1, 1, 1, 1, 1, 1, 1, 1, 1, 1, 1, 1, 1, 1, 1, 1, 1, 1, 1, 1, 1, 1, 1, 1, 1, 1, 1, 1, 1, 1, 1, 1, 1, 1, 1, 1, 1, 1, 1, 1, 1, 1, 1, 1, 1, 1, 1]
FIRST_ANTENNA:  7
MIN_SNR_m:  [3.1622776601683795, 3.1622776601683795, 3.1622776601683795, 3.1622776601683795, 3.1622776601683795, 3.1622776601683795, 3.1622776601683795, 3.1622776601683795, 3.1622776601683795, 3.1622776601683795, 3.1622776601683795, 3.1622776601683795, 3.1622776601683795, 3.1622776601683795, 3.1622776601683795, 3.1622776601683795, 3.1622776601683795, 3.1622776601683795, 3.1622776601683795, 3.1622776601683795, 3.1622776601683795, 3.1622776601683795, 3.1622776601683795, 3.1622776601683795, 3.1622776601683795, 3.1622776601683795, 3.1622776601683795, 3.1622776601683795, 3.1622776601683795, 3.1622776601683795, 3.1622776601683795, 3.1622776601683795, 3.1622776601683795, 3.1622776601683795, 3.1622776601683795, 3.1622776601683795, 3.1622776601683795, 3.1622776601683795, 3.1622776601683795, 3.1622776601683795, 3.1622776601683795, 3.1622776601683795, 3.1622776601683795, 3.1622776601683795, 3.1622776601683795, 3.1622776601683795, 3.1622776601683795, 3.1622776601683795, 3.1622776601683795, 3.1622776601683795, 3.1622776601683795, 3.1622776601683795, 3.1622776601683795, 3.1622776601683795, 3.1622776601683795, 3.1622776601683795, 3.1622776601683795, 3.1622776601683795, 3.1622776601683795, 3.1622776601683795, 3.1622776601683795, 3.1622776601683795, 3.1622776601683795, 3.1622776601683795, 3.1622776601683795, 3.1622776601683795, 3.1622776601683795, 3.1622776601683795, 3.1622776601683795, 3.1622776601683795, 3.1622776601683795, 3.1622776601683795, 3.1622776601683795, 3.1622776601683795, 3.1622776601683795, 3.1622776601683795, 3.1622776601683795, 3.1622776601683795, 3.1622776601683795, 3.1622776601683795, 3.1622776601683795, 3.1622776601683795, 3.1622776601683795, 3.1622776601683795, 3.1622776601683795, 3.1622776601683795, 3.1622776601683795, 3.1622776601683795, 3.1622776601683795, 3.1622776601683795, 3.1622776601683795, 3.1622776601683795, 3.1622776601683795, 3.1622776601683795, 3.1622776601683795, 3.1622776601683795, 3.1622776601683795, 3.1622776601683795, 3.1622776601683795, 3.1622776601683795]
-MIN_DIST:  2000
- disaster percentage:  0

Média de carros: 3.6
t=0
$x_{0,7}$
		Usuarios totais: 0
$x_{0,33}$
	 $y_{0,33,62}$ = 12.858448091167347 dB
		SNR medio: 12.858448091167347
		Usuarios totais: 1
$x_{0,76}$
	 $y_{0,76,71}$ = 7.1878290247380505 dB
	 $y_{0,76,72}$ = 9.907174035166832 dB
	 $y_{0,76,73}$ = 13.875494063986594 dB
	 $y_{0,76,82}$ = 14.154675811024077 dB
		SNR medio: 12.139192507679926
		Usuarios totais: 59
Distances:
7 : 33 = 2000.0
7 : 76 = 2828.42712474619
33 : 76 = 2000.0
t=1
$x_{1,7}$
	 $y_{1,7,4}$ = 11.296379814027262 dB
	 $y_{1,7,12}$ = 7.231284614477332 dB
	 $y_{1,7,15}$ = 10.706393777975848 dB
	 $y_{1,7,16}$ = 19.718633936399584 dB
	 $y_{1,7,24}$ = 9.164977129828912 dB
	 $y_{1,7,35}$ = 15.422069418810707 dB
	 $y_{1,7,36}$ = 10.710361030833042 dB
	 $y_{1,7,46}$ = 8.677774897709611 dB
	 $y_{1,7,47}$ = 9.930607841363354 dB
	 $y_{1,7,48}$ = 10.521140900621617 dB
	 $y_{1,7,49}$ = 6.005253707257481 dB
	 $y_{1,7,57}$ = 6.120186173356572 dB
		SNR medio: 12.54680915493752
		Usuarios totais: 13
$x_{1,33}$
	 $y_{1,33,0}$ = 12.81755318285451 dB
	 $y_{1,33,1}$ = 10.119347532695883 dB
	 $y_{1,33,3}$ = 10.756310236907865 dB
	 $y_{1,33,20}$ = 8.030986718486957 dB
	 $y_{1,33,22}$ = 20.87423642266316 dB
	 $y_{1,33,30}$ = 19.551275373925208 dB
	 $y_{1,33,31}$ = 21.367713571627903 dB
	 $y_{1,33,32}$ = 38.11727054782479 dB
	 $y_{1,33,40}$ = 5.965718208133012 dB
	 $y_{1,33,41}$ = 16.68871816170335 dB
	 $y_{1,33,45}$ = 11.794027941639001 dB
	 $y_{1,33,53}$ = 28.232852328284622 dB
	 $y_{1,33,54}$ = 14.656371390308806 dB
	 $y_{1,33,56}$ = 9.794528869326683 dB
	 $y_{1,33,60}$ = 8.682570186419412 dB
	 $y_{1,33,61}$ = 14.777892302555031 dB
		SNR medio: 26.816395500389074
		Usuarios totais: 23
$x_{1,76}$
	 $y_{1,76,42}$ = 7.356234526178412 dB
	 $y_{1,76,55}$ = 8.892943045038265 dB
	 $y_{1,76,62}$ = 8.459267891545807 dB
	 $y_{1,76,66}$ = 34.28435534798963 dB
	 $y_{1,76,72}$ = 9.907174035166832 dB
	 $y_{1,76,73}$ = 13.875494063986594 dB
	 $y_{1,76,74}$ = 10.186811651559765 dB
	 $y_{1,76,75}$ = 27.690424553094616 dB
	 $y_{1,76,79}$ = 9.088600930356591 dB
	 $y_{1,76,82}$ = 14.154675811024077 dB
	 $y_{1,76,84}$ = 22.56917201183201 dB
	 $y_{1,76,85}$ = 17.46820764757487 dB
	 $y_{1,76,86}$ = 27.76838449579455 dB
	 $y_{1,76,87}$ = 21.711468470723005 dB
	 $y_{1,76,89}$ = 17.90529985366217 dB
	 $y_{1,76,95}$ = 14.827307284650232 dB
		SNR medio: 24.43605511983385
		Usuarios totais: 24
Distances:
7 : 33 = 2000.0
7 : 76 = 2828.42712474619
33 : 76 = 2000.0
t=2
$x_{2,7}$
	 $y_{2,7,4}$ = 11.296379814027262 dB
	 $y_{2,7,9}$ = 14.425273012378852 dB
	 $y_{2,7,12}$ = 7.231284614477332 dB
	 $y_{2,7,14}$ = 20.6323885107782 dB
	 $y_{2,7,16}$ = 19.718633936399584 dB
	 $y_{2,7,18}$ = 22.880098469287873 dB
	 $y_{2,7,24}$ = 9.164977129828912 dB
	 $y_{2,7,27}$ = 15.378190075695272 dB
	 $y_{2,7,28}$ = 21.81424333589996 dB
	 $y_{2,7,35}$ = 15.422069418810707 dB
	 $y_{2,7,36}$ = 10.710361030833042 dB
	 $y_{2,7,49}$ = 6.005253707257481 dB
	 $y_{2,7,74}$ = 7.457715732821313 dB
		SNR medio: 17.316187094570815
		Usuarios totais: 20
$x_{2,21}$
	 $pastx_{2,21}$ : 0.0
	 $y_{2,21,2}$ = 24.040565438406688 dB
	 $y_{2,21,21}$ = 92.10847603331693 dB
	 $y_{2,21,42}$ = 22.04958081113122 dB
	 $y_{2,21,51}$ = 14.570884472327705 dB
	 $y_{2,21,61}$ = 12.05718339473296 dB
	 $y_{2,21,63}$ = 5.732562359143245 dB
	 $y_{2,21,70}$ = 8.970225686645023 dB
		SNR medio: 83.65749688982226
		Usuarios totais: 12
$x_{2,64}$
	 $pastx_{2,64}$ : 0.0
	 $y_{2,64,22}$ = 14.602761224657002 dB
	 $y_{2,64,29}$ = 7.517836419714513 dB
	 $y_{2,64,41}$ = 7.462347722153012 dB
	 $y_{2,64,55}$ = 26.44705381366593 dB
	 $y_{2,64,56}$ = 19.85925360550479 dB
	 $y_{2,64,62}$ = 20.54819931947401 dB
	 $y_{2,64,65}$ = 22.17116819887937 dB
	 $y_{2,64,76}$ = 19.439651729592782 dB
	 $y_{2,64,77}$ = 14.639817744319757 dB
	 $y_{2,64,78}$ = 7.59599598386842 dB
	 $y_{2,64,89}$ = 6.8430182704545075 dB
	 $y_{2,64,91}$ = 6.506467011272747 dB
	 $y_{2,64,97}$ = 7.147998290063526 dB
		SNR medio: 18.833207358783362
		Usuarios totais: 21
$x_{2,95}$
	 $pastx_{2,95}$ : 0.0
	 $y_{2,95,59}$ = 5.236978854382656 dB
	 $y_{2,95,82}$ = 8.196834261736626 dB
	 $y_{2,95,84}$ = 23.166259051291547 dB
	 $y_{2,95,86}$ = 23.851070150918105 dB
	 $y_{2,95,93}$ = 20.39153802150132 dB
	 $y_{2,95,99}$ = 16.992298851110675 dB
		SNR medio: 20.1384769479354
		Usuarios totais: 7
Distances:
7 : 21 = 2529.8221281347037
7 : 64 = 2683.281572999748
7 : 95 = 3687.817782917155
21 : 64 = 2000.0
21 : 95 = 3224.9030993194197
64 : 95 = 1264.9110640673518
t=3
$x_{3,7}$
	 $y_{3,7,4}$ = 11.296379814027262 dB
	 $y_{3,7,16}$ = 19.718633936399584 dB
	 $y_{3,7,25}$ = 7.765407292932423 dB
	 $y_{3,7,26}$ = 14.255535882692044 dB
	 $y_{3,7,36}$ = 10.710361030833042 dB
	 $y_{3,7,47}$ = 9.930607841363354 dB
	 $y_{3,7,49}$ = 6.005253707257481 dB
	 $y_{3,7,57}$ = 6.120186173356572 dB
	 $y_{3,7,74}$ = 7.457715732821313 dB
		SNR medio: 12.890193536748999
		Usuarios totais: 12
$x_{3,21}$
	 $pastx_{3,21}$ : 1.0
	 $y_{3,21,0}$ = 16.05181387572823 dB
	 $y_{3,21,10}$ = 25.099567504696182 dB
	 $y_{3,21,21}$ = 92.10847603331693 dB
	 $y_{3,21,32}$ = 18.295650275123847 dB
	 $y_{3,21,34}$ = 9.48904174681131 dB
	 $y_{3,21,51}$ = 14.570884472327705 dB
	 $y_{3,21,52}$ = 15.45017930499398 dB
	 $y_{3,21,63}$ = 5.732562359143245 dB
		SNR medio: 83.07757752041367
		Usuarios totais: 13
$x_{3,64}$
	 $pastx_{3,64}$ : 1.0
	 $y_{3,64,33}$ = 16.179632452764423 dB
	 $y_{3,64,37}$ = 7.186113275392017 dB
	 $y_{3,64,40}$ = 9.109035205513607 dB
	 $y_{3,64,43}$ = 24.50439241962529 dB
	 $y_{3,64,44}$ = 18.99968943824898 dB
	 $y_{3,64,54}$ = 28.37201296133982 dB
	 $y_{3,64,55}$ = 26.44705381366593 dB
	 $y_{3,64,62}$ = 20.54819931947401 dB
	 $y_{3,64,71}$ = 12.080372985418535 dB
	 $y_{3,64,72}$ = 9.151467616598609 dB
	 $y_{3,64,73}$ = 21.02272993934855 dB
	 $y_{3,64,77}$ = 14.639817744319757 dB
	 $y_{3,64,82}$ = 6.001538148461236 dB
	 $y_{3,64,89}$ = 6.8430182704545075 dB
	 $y_{3,64,93}$ = 11.619555565485115 dB
		SNR medio: 20.938642575338008
		Usuarios totais: 24
$x_{3,95}$
	 $pastx_{3,95}$ : 1.0
	 $y_{3,95,56}$ = 11.092007489210104 dB
	 $y_{3,95,78}$ = 12.814188174737296 dB
	 $y_{3,95,80}$ = 8.272325965667505 dB
	 $y_{3,95,83}$ = 12.817068436145803 dB
	 $y_{3,95,88}$ = 15.290359844188359 dB
	 $y_{3,95,91}$ = 11.772531307417722 dB
	 $y_{3,95,95}$ = 91.91979650285373 dB
	 $y_{3,95,96}$ = 36.135941737998166 dB
		SNR medio: 82.88890839632685
		Usuarios totais: 11
Distances:
7 : 21 = 2529.8221281347037
7 : 64 = 2683.281572999748
7 : 95 = 3687.817782917155
21 : 64 = 2000.0
21 : 95 = 3224.9030993194197
64 : 95 = 1264.9110640673518
t=4
$x_{4,7}$
	 $y_{4,7,6}$ = 29.956042688022166 dB
	 $y_{4,7,7}$ = 86.8150520963274 dB
	 $y_{4,7,12}$ = 7.231284614477332 dB
	 $y_{4,7,14}$ = 20.6323885107782 dB
	 $y_{4,7,15}$ = 10.706393777975848 dB
	 $y_{4,7,16}$ = 19.718633936399584 dB
	 $y_{4,7,24}$ = 9.164977129828912 dB
	 $y_{4,7,27}$ = 15.378190075695272 dB
	 $y_{4,7,30}$ = 5.766661928231613 dB
	 $y_{4,7,37}$ = 10.981979587299094 dB
	 $y_{4,7,48}$ = 10.521140900621617 dB
	 $y_{4,7,67}$ = 7.323915542069571 dB
	 $y_{4,7,74}$ = 7.457715732821313 dB
		SNR medio: 75.6756303073321
		Usuarios totais: 19
$x_{4,44}$
	 $pastx_{4,44}$ : 0.0
	 $y_{4,44,1}$ = 6.562020372379408 dB
	 $y_{4,44,20}$ = 6.314409932128115 dB
	 $y_{4,44,22}$ = 12.163135951256123 dB
	 $y_{4,44,31}$ = 10.943870886833238 dB
	 $y_{4,44,36}$ = 15.967480654338956 dB
	 $y_{4,44,39}$ = 7.9051980062536416 dB
	 $y_{4,44,42}$ = 22.374065701514297 dB
	 $y_{4,44,43}$ = 24.25458126049017 dB
	 $y_{4,44,44}$ = 83.67972464998759 dB
	 $y_{4,44,46}$ = 23.003087538655265 dB
	 $y_{4,44,53}$ = 23.454035567193785 dB
	 $y_{4,44,56}$ = 14.832109374711706 dB
	 $y_{4,44,57}$ = 13.14988775066223 dB
	 $y_{4,44,58}$ = 15.03493182590195 dB
	 $y_{4,44,60}$ = 7.9980292649202624 dB
	 $y_{4,44,62}$ = 12.483443668905323 dB
	 $y_{4,44,66}$ = 19.614548142866127 dB
	 $y_{4,44,71}$ = 10.425977662316711 dB
	 $y_{4,44,77}$ = 17.5472730409943 dB
	 $y_{4,44,80}$ = 7.4187246613174125 dB
	 $y_{4,44,90}$ = 5.679256144874643 dB
		SNR medio: 70.45755439614766
		Usuarios totais: 29
$x_{4,75}$
	 $pastx_{4,75}$ : 0.0
	 $y_{4,75,10}$ = 5.976599177278089 dB
	 $y_{4,75,45}$ = 13.10130679693279 dB
	 $y_{4,75,68}$ = 8.718869031032582 dB
	 $y_{4,75,70}$ = 8.226688494325316 dB
	 $y_{4,75,78}$ = 7.4174703681142375 dB
	 $y_{4,75,82}$ = 7.685980386569412 dB
	 $y_{4,75,83}$ = 11.610234678493612 dB
	 $y_{4,75,93}$ = 12.968436802562437 dB
		SNR medio: 10.220152373475324
		Usuarios totais: 12
Distances:
7 : 44 = 2000.0
7 : 75 = 2912.043955712207
44 : 75 = 1264.9110640673518
t=5
$x_{5,7}$
	 $y_{5,7,6}$ = 29.956042688022166 dB
	 $y_{5,7,17}$ = 33.21209241040917 dB
	 $y_{5,7,18}$ = 22.880098469287873 dB
	 $y_{5,7,19}$ = 21.563034580057547 dB
	 $y_{5,7,24}$ = 9.164977129828912 dB
	 $y_{5,7,28}$ = 21.81424333589996 dB
	 $y_{5,7,49}$ = 6.005253707257481 dB
	 $y_{5,7,57}$ = 6.120186173356572 dB
		SNR medio: 26.52082586714544
		Usuarios totais: 13
$x_{5,44}$
	 $pastx_{5,44}$ : 1.0
	 $y_{5,44,1}$ = 6.562020372379408 dB
	 $y_{5,44,2}$ = 14.444765877782018 dB
	 $y_{5,44,11}$ = 8.335539215995084 dB
	 $y_{5,44,21}$ = 16.177150666479434 dB
	 $y_{5,44,27}$ = 6.347055939487802 dB
	 $y_{5,44,31}$ = 10.943870886833238 dB
	 $y_{5,44,33}$ = 26.159857105455075 dB
	 $y_{5,44,35}$ = 22.780855117138515 dB
	 $y_{5,44,36}$ = 15.967480654338956 dB
	 $y_{5,44,39}$ = 7.9051980062536416 dB
	 $y_{5,44,44}$ = 83.67972464998759 dB
	 $y_{5,44,45}$ = 36.57723019977357 dB
	 $y_{5,44,51}$ = 15.850954876159776 dB
	 $y_{5,44,52}$ = 11.407153870413111 dB
	 $y_{5,44,53}$ = 23.454035567193785 dB
	 $y_{5,44,60}$ = 7.9980292649202624 dB
	 $y_{5,44,62}$ = 12.483443668905323 dB
	 $y_{5,44,65}$ = 16.791824774305624 dB
	 $y_{5,44,67}$ = 6.271227383699227 dB
	 $y_{5,44,71}$ = 10.425977662316711 dB
	 $y_{5,44,76}$ = 12.648905264130562 dB
	 $y_{5,44,80}$ = 7.4187246613174125 dB
	 $y_{5,44,82}$ = 13.41935752867721 dB
	 $y_{5,44,83}$ = 7.8722966695080885 dB
	 $y_{5,44,85}$ = 5.885305690049307 dB
		SNR medio: 69.70043083300934
		Usuarios totais: 35
$x_{5,75}$
	 $pastx_{5,75}$ : 1.0
	 $y_{5,75,40}$ = 10.694960179716517 dB
	 $y_{5,75,46}$ = 19.911754511771036 dB
	 $y_{5,75,56}$ = 20.781633387361566 dB
	 $y_{5,75,58}$ = 10.555919839330016 dB
	 $y_{5,75,81}$ = 6.327526174137645 dB
	 $y_{5,75,94}$ = 16.389375956275458 dB
	 $y_{5,75,95}$ = 24.20157763043632 dB
	 $y_{5,75,98}$ = 5.862294092601504 dB
		SNR medio: 18.416922761750303
		Usuarios totais: 12
Distances:
7 : 44 = 2000.0
7 : 75 = 2912.043955712207
44 : 75 = 1264.9110640673518
t=6
$x_{6,7}$
	 $y_{6,7,6}$ = 29.956042688022166 dB
	 $y_{6,7,13}$ = 5.4940360798601375 dB
	 $y_{6,7,17}$ = 33.21209241040917 dB
	 $y_{6,7,19}$ = 21.563034580057547 dB
	 $y_{6,7,24}$ = 9.164977129828912 dB
	 $y_{6,7,26}$ = 14.255535882692044 dB
	 $y_{6,7,30}$ = 5.766661928231613 dB
	 $y_{6,7,36}$ = 10.710361030833042 dB
	 $y_{6,7,37}$ = 10.981979587299094 dB
	 $y_{6,7,48}$ = 10.521140900621617 dB
	 $y_{6,7,67}$ = 7.323915542069571 dB
		SNR medio: 24.786408889147072
		Usuarios totais: 18
$x_{6,32}$
	 $pastx_{6,32}$ : 0.0
	 $y_{6,32,1}$ = 11.641300984638974 dB
	 $y_{6,32,10}$ = 8.18954805349054 dB
	 $y_{6,32,21}$ = 27.80707880803118 dB
	 $y_{6,32,29}$ = 5.1967450406086755 dB
	 $y_{6,32,31}$ = 27.58852134388465 dB
	 $y_{6,32,32}$ = 91.76705732291771 dB
	 $y_{6,32,33}$ = 28.706875621083924 dB
	 $y_{6,32,34}$ = 10.667235522142022 dB
	 $y_{6,32,35}$ = 15.066112926294025 dB
	 $y_{6,32,42}$ = 29.614043475952613 dB
	 $y_{6,32,45}$ = 13.835104373476469 dB
	 $y_{6,32,50}$ = 8.304305262841183 dB
	 $y_{6,32,51}$ = 27.933133967685322 dB
	 $y_{6,32,53}$ = 14.70759539676527 dB
	 $y_{6,32,60}$ = 12.281556156714458 dB
	 $y_{6,32,61}$ = 13.211142659697998 dB
	 $y_{6,32,71}$ = 6.049887111946191 dB
	 $y_{6,32,80}$ = 7.102063014083171 dB
		SNR medio: 79.21434277278104
		Usuarios totais: 26
$x_{6,75}$
	 $pastx_{6,75}$ : 2.0
	 $y_{6,75,55}$ = 22.889900558736286 dB
	 $y_{6,75,62}$ = 8.165859090091232 dB
	 $y_{6,75,65}$ = 35.9482498086082 dB
	 $y_{6,75,73}$ = 7.193990430363897 dB
	 $y_{6,75,75}$ = 80.7071720213761 dB
	 $y_{6,75,78}$ = 7.4174703681142375 dB
	 $y_{6,75,86}$ = 23.571524461587643 dB
		SNR medio: 72.25635300998364
		Usuarios totais: 7
$x_{6,95}$
	 $pastx_{6,95}$ : 0.0
	 $y_{6,95,77}$ = 10.996616202350339 dB
	 $y_{6,95,81}$ = 7.407018997799611 dB
	 $y_{6,95,84}$ = 23.166259051291547 dB
	 $y_{6,95,87}$ = 19.342273308146005 dB
	 $y_{6,95,91}$ = 11.772531307417722 dB
	 $y_{6,95,92}$ = 16.036325009346214 dB
	 $y_{6,95,93}$ = 20.39153802150132 dB
	 $y_{6,95,95}$ = 91.91979650285373 dB
	 $y_{6,95,99}$ = 16.992298851110675 dB
		SNR medio: 82.37737287665645
		Usuarios totais: 9
Distances:
7 : 32 = 2332.38075793812
7 : 75 = 2912.043955712207
7 : 95 = 3687.817782917155
32 : 75 = 2000.0
32 : 95 = 2683.281572999748
75 : 95 = 800.0
t=7
$x_{7,7}$
	 $y_{7,7,6}$ = 29.956042688022166 dB
	 $y_{7,7,12}$ = 7.231284614477332 dB
	 $y_{7,7,14}$ = 20.6323885107782 dB
	 $y_{7,7,16}$ = 19.718633936399584 dB
	 $y_{7,7,25}$ = 7.765407292932423 dB
	 $y_{7,7,27}$ = 15.378190075695272 dB
	 $y_{7,7,30}$ = 5.766661928231613 dB
	 $y_{7,7,37}$ = 10.981979587299094 dB
	 $y_{7,7,46}$ = 8.677774897709611 dB
	 $y_{7,7,48}$ = 10.521140900621617 dB
	 $y_{7,7,49}$ = 6.005253707257481 dB
	 $y_{7,7,67}$ = 7.323915542069571 dB
		SNR medio: 20.312201795681844
		Usuarios totais: 15
$x_{7,32}$
	 $pastx_{7,32}$ : 1.0
	 $y_{7,32,0}$ = 7.988445621793687 dB
	 $y_{7,32,11}$ = 13.368667345403168 dB
	 $y_{7,32,20}$ = 20.222336981214497 dB
	 $y_{7,32,21}$ = 27.80707880803118 dB
	 $y_{7,32,22}$ = 25.269419359873552 dB
	 $y_{7,32,23}$ = 25.316774009057056 dB
	 $y_{7,32,31}$ = 27.58852134388465 dB
	 $y_{7,32,33}$ = 28.706875621083924 dB
	 $y_{7,32,35}$ = 15.066112926294025 dB
	 $y_{7,32,42}$ = 29.614043475952613 dB
	 $y_{7,32,44}$ = 22.928580065640418 dB
	 $y_{7,32,45}$ = 13.835104373476469 dB
	 $y_{7,32,53}$ = 14.70759539676527 dB
	 $y_{7,32,54}$ = 10.617792864277135 dB
	 $y_{7,32,60}$ = 12.281556156714458 dB
	 $y_{7,32,61}$ = 13.211142659697998 dB
	 $y_{7,32,63}$ = 12.231260811885505 dB
	 $y_{7,32,70}$ = 11.733356867040726 dB
	 $y_{7,32,71}$ = 6.049887111946191 dB
	 $y_{7,32,86}$ = 5.073860592302196 dB
		SNR medio: 23.02674780110587
		Usuarios totais: 25
$x_{7,66}$
	 $pastx_{7,66}$ : 0.0
	 $y_{7,66,38}$ = 9.354065853377307 dB
	 $y_{7,66,39}$ = 11.740260042023877 dB
	 $y_{7,66,55}$ = 21.340229989185843 dB
	 $y_{7,66,58}$ = 21.816865772597254 dB
	 $y_{7,66,64}$ = 12.80789151615707 dB
	 $y_{7,66,66}$ = 86.40111216399967 dB
	 $y_{7,66,69}$ = 7.589299189776199 dB
	 $y_{7,66,75}$ = 24.339291337116705 dB
	 $y_{7,66,76}$ = 37.760216478083564 dB
	 $y_{7,66,84}$ = 15.573110396671922 dB
	 $y_{7,66,87}$ = 13.429513989289745 dB
	 $y_{7,66,91}$ = 5.018695555168648 dB
	 $y_{7,66,96}$ = 10.237705339487576 dB
		SNR medio: 75.26174479077123
		Usuarios totais: 16
$x_{7,95}$
	 $pastx_{7,95}$ : 1.0
	 $y_{7,95,88}$ = 15.290359844188359 dB
	 $y_{7,95,92}$ = 16.036325009346214 dB
	 $y_{7,95,95}$ = 91.91979650285373 dB
		SNR medio: 87.14858416208507
		Usuarios totais: 4
Distances:
7 : 32 = 2332.38075793812
7 : 66 = 2433.105012119288
7 : 95 = 3687.817782917155
32 : 66 = 2000.0
32 : 95 = 2683.281572999748
66 : 95 = 1264.9110640673518
t=8
$x_{8,7}$
	 $y_{8,7,5}$ = 16.687355639296584 dB
	 $y_{8,7,6}$ = 29.956042688022166 dB
	 $y_{8,7,8}$ = 30.67631315113219 dB
	 $y_{8,7,12}$ = 7.231284614477332 dB
	 $y_{8,7,15}$ = 10.706393777975848 dB
	 $y_{8,7,17}$ = 33.21209241040917 dB
	 $y_{8,7,24}$ = 9.164977129828912 dB
	 $y_{8,7,25}$ = 7.765407292932423 dB
	 $y_{8,7,37}$ = 10.981979587299094 dB
	 $y_{8,7,48}$ = 10.521140900621617 dB
	 $y_{8,7,49}$ = 6.005253707257481 dB
	 $y_{8,7,57}$ = 6.120186173356572 dB
	 $y_{8,7,67}$ = 7.323915542069571 dB
	 $y_{8,7,74}$ = 7.457715732821313 dB
		SNR medio: 24.947841249336804
		Usuarios totais: 18
$x_{8,32}$
	 $pastx_{8,32}$ : 2.0
	 $y_{8,32,2}$ = 10.87822636934348 dB
	 $y_{8,32,3}$ = 16.7403913049028 dB
	 $y_{8,32,21}$ = 27.80707880803118 dB
	 $y_{8,32,23}$ = 25.316774009057056 dB
	 $y_{8,32,32}$ = 91.76705732291771 dB
	 $y_{8,32,34}$ = 10.667235522142022 dB
	 $y_{8,32,41}$ = 26.40368006631384 dB
	 $y_{8,32,45}$ = 13.835104373476469 dB
	 $y_{8,32,51}$ = 27.933133967685322 dB
	 $y_{8,32,52}$ = 17.24672976350749 dB
	 $y_{8,32,54}$ = 10.617792864277135 dB
	 $y_{8,32,61}$ = 13.211142659697998 dB
	 $y_{8,32,71}$ = 6.049887111946191 dB
	 $y_{8,32,80}$ = 7.102063014083171 dB
	 $y_{8,32,86}$ = 5.073860592302196 dB
		SNR medio: 80.0061510788211
		Usuarios totais: 23
$x_{8,66}$
	 $pastx_{8,66}$ : 1.0
	 $y_{8,66,56}$ = 28.046886902158235 dB
	 $y_{8,66,59}$ = 14.350986948171226 dB
	 $y_{8,66,62}$ = 6.933843247224814 dB
	 $y_{8,66,64}$ = 12.80789151615707 dB
	 $y_{8,66,75}$ = 24.339291337116705 dB
	 $y_{8,66,76}$ = 37.760216478083564 dB
	 $y_{8,66,82}$ = 5.330228765949272 dB
	 $y_{8,66,83}$ = 19.240634750664654 dB
	 $y_{8,66,96}$ = 10.237705339487576 dB
	 $y_{8,66,99}$ = 12.251745107018792 dB
		SNR medio: 28.479452604746967
		Usuarios totais: 15
$x_{8,95}$
	 $pastx_{8,95}$ : 2.0
	 $y_{8,95,81}$ = 7.407018997799611 dB
	 $y_{8,95,87}$ = 19.342273308146005 dB
	 $y_{8,95,92}$ = 16.036325009346214 dB
	 $y_{8,95,95}$ = 91.91979650285373 dB
		SNR medio: 85.89919695689565
		Usuarios totais: 4
Distances:
7 : 32 = 2332.38075793812
7 : 66 = 2433.105012119288
7 : 95 = 3687.817782917155
32 : 66 = 2000.0
32 : 95 = 2683.281572999748
66 : 95 = 1264.9110640673518
t=9
$x_{9,7}$
	 $y_{9,7,4}$ = 11.296379814027262 dB
	 $y_{9,7,5}$ = 16.687355639296584 dB
	 $y_{9,7,6}$ = 29.956042688022166 dB
	 $y_{9,7,7}$ = 86.8150520963274 dB
	 $y_{9,7,13}$ = 5.4940360798601375 dB
	 $y_{9,7,16}$ = 19.718633936399584 dB
	 $y_{9,7,17}$ = 33.21209241040917 dB
	 $y_{9,7,18}$ = 22.880098469287873 dB
	 $y_{9,7,24}$ = 9.164977129828912 dB
	 $y_{9,7,25}$ = 7.765407292932423 dB
	 $y_{9,7,46}$ = 8.677774897709611 dB
	 $y_{9,7,47}$ = 9.930607841363354 dB
		SNR medio: 76.02327099422563
		Usuarios totais: 16
$x_{9,32}$
	 $pastx_{9,32}$ : 2.0
	 $y_{9,32,0}$ = 7.988445621793687 dB
	 $y_{9,32,3}$ = 16.7403913049028 dB
	 $y_{9,32,20}$ = 20.222336981214497 dB
	 $y_{9,32,23}$ = 25.316774009057056 dB
	 $y_{9,32,29}$ = 5.1967450406086755 dB
	 $y_{9,32,30}$ = 21.22826300681041 dB
	 $y_{9,32,33}$ = 28.706875621083924 dB
	 $y_{9,32,60}$ = 12.281556156714458 dB
	 $y_{9,32,70}$ = 11.733356867040726 dB
	 $y_{9,32,71}$ = 6.049887111946191 dB
		SNR medio: 21.502141538247017
		Usuarios totais: 12
$x_{9,62}$
	 $pastx_{9,62}$ : 0.0
	 $y_{9,62,1}$ = 11.15281229764436 dB
	 $y_{9,62,11}$ = 9.869383684989543 dB
	 $y_{9,62,31}$ = 10.99966228205389 dB
	 $y_{9,62,41}$ = 6.431729542507952 dB
	 $y_{9,62,42}$ = 23.3780305068382 dB
	 $y_{9,62,52}$ = 25.35087912042144 dB
	 $y_{9,62,55}$ = 9.095169970230074 dB
	 $y_{9,62,83}$ = 21.115005083656996 dB
	 $y_{9,62,91}$ = 11.186899610526098 dB
	 $y_{9,62,92}$ = 5.905739538093059 dB
	 $y_{9,62,94}$ = 5.102208735456003 dB
		SNR medio: 18.38221988143934
		Usuarios totais: 15
$x_{9,66}$
	 $pastx_{9,66}$ : 2.0
	 $y_{9,66,38}$ = 9.354065853377307 dB
	 $y_{9,66,39}$ = 11.740260042023877 dB
	 $y_{9,66,53}$ = 11.959585400541187 dB
	 $y_{9,66,63}$ = 13.919000960513557 dB
	 $y_{9,66,65}$ = 34.272655831046166 dB
	 $y_{9,66,66}$ = 86.40111216399967 dB
	 $y_{9,66,69}$ = 7.589299189776199 dB
	 $y_{9,66,76}$ = 37.760216478083564 dB
	 $y_{9,66,84}$ = 15.573110396671922 dB
	 $y_{9,66,86}$ = 25.060652846853685 dB
	 $y_{9,66,96}$ = 10.237705339487576 dB
	 $y_{9,66,99}$ = 12.251745107018792 dB
		SNR medio: 75.60939020688765
		Usuarios totais: 17
Distances:
7 : 32 = 2332.38075793812
7 : 62 = 3124.099870362662
7 : 66 = 2433.105012119288
32 : 62 = 1200.0
32 : 66 = 2000.0
62 : 66 = 1600.0
--- Done after 109.57158581104544 hours. ---
