-------------Calculating Solution (this may take a while)
+++++++++++++++++++Min Sinr: 15 dB (fixed)
+++++++++++++++++++With backhaul constraint. Start: 2023-01-06 20:04:10

Parameters:
- chosen seed 1
- Map with 100 sectors
- Map 4000 x 4000 m
- Sector has a side of 400 m
- Max time:  12
- users_t_m:  [[0, 0, 0, 0, 0, 0, 0, 0, 0, 0, 0, 0, 0, 0, 0, 0, 0, 0, 0, 0, 0, 0, 0, 0, 0, 0, 0, 0, 0, 0, 0, 0, 0, 0, 0, 0, 0, 0, 0, 0, 0, 0, 0, 0, 0, 0, 0, 0, 0, 0, 0, 0, 0, 0, 0, 0, 0, 0, 0, 0, 0, 1, 3, 0, 0, 0, 0, 0, 0, 0, 0, 5, 3, 0, 0, 0, 0, 0, 0, 0, 0, 0, 17, 0, 0, 0, 0, 0, 0, 0, 0, 0, 0, 0, 0, 0, 0, 0, 0, 0], [0, 0, 0, 1, 0, 0, 0, 0, 0, 0, 3, 0, 0, 0, 1, 1, 0, 1, 0, 0, 1, 1, 1, 1, 0, 0, 0, 0, 0, 0, 0, 0, 1, 0, 0, 0, 0, 0, 0, 0, 0, 0, 0, 0, 0, 0, 0, 0, 1, 0, 0, 0, 0, 0, 1, 0, 0, 0, 2, 0, 1, 1, 1, 1, 0, 0, 0, 1, 0, 1, 0, 1, 2, 4, 0, 0, 0, 0, 0, 0, 0, 0, 19, 0, 0, 0, 2, 1, 0, 0, 0, 0, 0, 0, 0, 0, 0, 0, 1, 0], [0, 2, 1, 1, 1, 0, 1, 0, 0, 0, 1, 1, 0, 0, 1, 0, 2, 0, 2, 0, 0, 0, 1, 1, 0, 1, 0, 0, 0, 0, 0, 0, 0, 0, 2, 0, 0, 1, 0, 0, 0, 1, 1, 0, 0, 1, 0, 2, 0, 1, 0, 3, 0, 1, 0, 1, 1, 1, 0, 1, 0, 2, 1, 0, 0, 0, 0, 1, 0, 0, 0, 3, 1, 1, 0, 0, 1, 2, 0, 1, 1, 0, 20, 0, 2, 2, 0, 1, 1, 0, 0, 0, 0, 0, 0, 1, 0, 0, 0, 2], [1, 3, 0, 1, 2, 0, 1, 1, 1, 0, 3, 0, 2, 0, 1, 0, 0, 0, 0, 0, 2, 0, 0, 0, 0, 0, 0, 0, 0, 1, 0, 2, 1, 3, 0, 1, 0, 2, 0, 1, 0, 0, 0, 0, 1, 0, 0, 1, 3, 0, 1, 0, 4, 0, 1, 1, 2, 2, 2, 0, 2, 1, 0, 0, 0, 0, 0, 1, 0, 1, 2, 3, 4, 2, 1, 3, 0, 0, 1, 1, 2, 2, 20, 0, 2, 0, 1, 0, 1, 1, 0, 1, 1, 0, 0, 1, 2, 0, 1, 0], [1, 0, 2, 1, 1, 0, 4, 1, 0, 1, 1, 1, 2, 0, 1, 3, 0, 0, 0, 1, 1, 3, 0, 0, 1, 0, 1, 2, 2, 0, 0, 1, 0, 0, 2, 1, 2, 0, 2, 0, 2, 2, 0, 0, 2, 2, 2, 1, 1, 0, 0, 0, 2, 0, 2, 1, 0, 1, 2, 0, 1, 1, 2, 1, 2, 0, 0, 0, 2, 1, 3, 3, 2, 3, 0, 1, 1, 2, 0, 1, 2, 5, 21, 2, 2, 1, 1, 1, 4, 1, 1, 3, 1, 1, 0, 0, 1, 1, 0, 1], [1, 3, 1, 2, 1, 3, 1, 2, 2, 1, 1, 0, 1, 1, 2, 0, 2, 0, 1, 0, 1, 0, 1, 0, 2, 1, 2, 3, 1, 1, 0, 2, 1, 2, 3, 2, 3, 0, 1, 4, 0, 2, 1, 0, 0, 1, 1, 1, 0, 1, 4, 1, 5, 0, 1, 1, 1, 0, 1, 2, 0, 1, 0, 0, 0, 0, 3, 1, 1, 2, 3, 10, 6, 1, 0, 0, 4, 1, 0, 1, 3, 1, 15, 1, 0, 5, 1, 0, 1, 2, 3, 2, 2, 0, 1, 5, 1, 1, 0, 2], [2, 0, 3, 0, 1, 0, 2, 2, 3, 0, 2, 0, 3, 0, 1, 3, 1, 0, 0, 1, 2, 1, 1, 1, 3, 0, 2, 3, 0, 1, 2, 3, 2, 0, 2, 3, 1, 1, 2, 1, 0, 2, 2, 2, 2, 1, 1, 2, 0, 2, 1, 1, 0, 1, 2, 4, 0, 1, 1, 2, 0, 0, 1, 3, 2, 1, 1, 1, 1, 2, 2, 1, 0, 1, 0, 3, 0, 0, 1, 0, 2, 2, 2, 3, 2, 0, 1, 0, 1, 2, 2, 0, 0, 0, 1, 2, 2, 1, 3, 1], [1, 1, 1, 1, 4, 0, 0, 2, 0, 1, 0, 4, 2, 2, 0, 0, 2, 0, 0, 3, 1, 0, 1, 0, 3, 0, 1, 2, 3, 1, 0, 3, 2, 1, 1, 1, 1, 1, 1, 4, 0, 1, 1, 1, 1, 1, 1, 0, 0, 3, 2, 1, 2, 1, 1, 0, 2, 1, 1, 0, 0, 1, 1, 0, 1, 0, 1, 0, 1, 2, 0, 0, 0, 0, 1, 2, 2, 1, 3, 1, 1, 1, 0, 0, 1, 2, 0, 1, 1, 0, 1, 0, 2, 0, 2, 0, 2, 2, 0, 2], [0, 1, 2, 0, 0, 1, 1, 2, 1, 1, 2, 2, 2, 1, 0, 0, 0, 0, 0, 0, 0, 2, 0, 0, 1, 1, 1, 0, 0, 1, 0, 1, 3, 0, 0, 2, 1, 0, 2, 0, 0, 2, 1, 0, 2, 0, 2, 0, 3, 1, 0, 1, 0, 0, 1, 1, 0, 0, 0, 0, 0, 0, 2, 0, 0, 1, 1, 1, 1, 1, 2, 2, 0, 1, 1, 1, 0, 0, 0, 1, 1, 3, 2, 0, 1, 2, 1, 1, 1, 0, 1, 1, 1, 0, 0, 0, 1, 1, 0, 2], [2, 0, 1, 0, 1, 1, 1, 0, 2, 0, 1, 1, 0, 1, 1, 0, 0, 0, 0, 0, 1, 0, 0, 0, 2, 0, 2, 0, 1, 0, 2, 2, 2, 1, 0, 1, 1, 1, 0, 0, 0, 1, 1, 1, 0, 0, 2, 1, 0, 0, 1, 0, 0, 0, 0, 0, 2, 1, 1, 2, 1, 0, 1, 1, 0, 1, 0, 0, 1, 0, 0, 0, 3, 2, 0, 0, 0, 0, 1, 0, 0, 1, 0, 0, 0, 0, 0, 0, 0, 1, 1, 0, 2, 0, 0, 0, 0, 0, 1, 0], [0, 1, 1, 1, 0, 1, 1, 0, 1, 0, 0, 0, 0, 1, 0, 0, 1, 0, 0, 0, 0, 0, 1, 1, 0, 0, 0, 0, 0, 0, 1, 0, 0, 0, 0, 0, 0, 0, 0, 0, 0, 1, 1, 0, 0, 0, 1, 0, 0, 0, 2, 0, 0, 1, 0, 0, 0, 0, 0, 1, 0, 0, 0, 0, 0, 1, 0, 1, 1, 0, 0, 0, 0, 0, 0, 0, 0, 1, 1, 0, 1, 0, 0, 1, 0, 0, 0, 0, 0, 0, 3, 1, 0, 1, 0, 1, 1, 1, 1, 0], [0, 0, 0, 0, 0, 0, 0, 0, 1, 0, 0, 0, 0, 0, 0, 0, 0, 0, 0, 0, 1, 0, 0, 0, 0, 0, 0, 0, 0, 0, 0, 0, 0, 0, 0, 0, 0, 0, 0, 0, 1, 0, 1, 0, 0, 0, 0, 1, 0, 0, 0, 0, 1, 0, 0, 0, 0, 0, 0, 0, 0, 0, 1, 0, 0, 0, 0, 0, 0, 1, 0, 0, 0, 0, 0, 0, 0, 1, 0, 0, 0, 1, 0, 1, 0, 0, 0, 0, 0, 1, 0, 0, 0, 0, 0, 0, 0, 0, 1, 0]]
MAX_USER_PER_ANTENNAS_m:  [40, 40, 40, 40, 40, 40, 40, 40, 40, 40, 40, 40, 40, 40, 40, 40, 40, 40, 40, 40, 40, 40, 40, 40, 40, 40, 40, 40, 40, 40, 40, 40, 40, 40, 40, 40, 40, 40, 40, 40, 40, 40, 40, 40, 40, 40, 40, 40, 40, 40, 40, 40, 40, 40, 40, 40, 40, 40, 40, 40, 40, 40, 40, 40, 40, 40, 40, 40, 40, 40, 40, 40, 40, 40, 40, 40, 40, 40, 40, 40, 40, 40, 40, 40, 40, 40, 40, 40, 40, 40, 40, 40, 40, 40, 40, 40, 40, 40, 40, 40]
antennas_map_m:  [1, 1, 1, 1, 1, 1, 1, 1, 1, 1, 1, 1, 1, 1, 1, 1, 1, 1, 1, 1, 1, 1, 1, 1, 1, 1, 1, 1, 1, 1, 1, 1, 1, 1, 1, 1, 1, 1, 1, 1, 1, 1, 1, 1, 1, 1, 1, 1, 1, 1, 1, 1, 1, 1, 1, 1, 1, 1, 1, 1, 1, 1, 1, 1, 1, 1, 1, 1, 1, 1, 1, 1, 1, 1, 1, 1, 1, 1, 1, 1, 1, 1, 1, 1, 1, 1, 1, 1, 1, 1, 1, 1, 1, 1, 1, 1, 1, 1, 1, 1]
FIRST_ANTENNA:  7
MIN_SNR_m:  [31.622776601683793, 31.622776601683793, 31.622776601683793, 31.622776601683793, 31.622776601683793, 31.622776601683793, 31.622776601683793, 31.622776601683793, 31.622776601683793, 31.622776601683793, 31.622776601683793, 31.622776601683793, 31.622776601683793, 31.622776601683793, 31.622776601683793, 31.622776601683793, 31.622776601683793, 31.622776601683793, 31.622776601683793, 31.622776601683793, 31.622776601683793, 31.622776601683793, 31.622776601683793, 31.622776601683793, 31.622776601683793, 31.622776601683793, 31.622776601683793, 31.622776601683793, 31.622776601683793, 31.622776601683793, 31.622776601683793, 31.622776601683793, 31.622776601683793, 31.622776601683793, 31.622776601683793, 31.622776601683793, 31.622776601683793, 31.622776601683793, 31.622776601683793, 31.622776601683793, 31.622776601683793, 31.622776601683793, 31.622776601683793, 31.622776601683793, 31.622776601683793, 31.622776601683793, 31.622776601683793, 31.622776601683793, 31.622776601683793, 31.622776601683793, 31.622776601683793, 31.622776601683793, 31.622776601683793, 31.622776601683793, 31.622776601683793, 31.622776601683793, 31.622776601683793, 31.622776601683793, 31.622776601683793, 31.622776601683793, 31.622776601683793, 31.622776601683793, 31.622776601683793, 31.622776601683793, 31.622776601683793, 31.622776601683793, 31.622776601683793, 31.622776601683793, 31.622776601683793, 31.622776601683793, 31.622776601683793, 31.622776601683793, 31.622776601683793, 31.622776601683793, 31.622776601683793, 31.622776601683793, 31.622776601683793, 31.622776601683793, 31.622776601683793, 31.622776601683793, 31.622776601683793, 31.622776601683793, 31.622776601683793, 31.622776601683793, 31.622776601683793, 31.622776601683793, 31.622776601683793, 31.622776601683793, 31.622776601683793, 31.622776601683793, 31.622776601683793, 31.622776601683793, 31.622776601683793, 31.622776601683793, 31.622776601683793, 31.622776601683793, 31.622776601683793, 31.622776601683793, 31.622776601683793, 31.622776601683793]
-MIN_DIST:  2000
- disaster percentage:  0

Média de carros: 7.333333333333333
t=0
$x_{0,7}$
		Usuarios totais: 0
$x_{0,73}$
	 $y_{0,73,62}$ = 23.51608949529715 dB
	 $y_{0,73,71}$ = 16.453891975326485 dB
	 $y_{0,73,82}$ = 15.33834232939492 dB
		SNR medio: 20.044425704477614
		Usuarios totais: 25
$x_{0,80}$
	 $y_{0,80,61}$ = 19.12948439284972 dB
	 $y_{0,80,72}$ = 16.58168809982827 dB
		SNR medio: 18.039800611508223
		Usuarios totais: 4
Distances:
7 : 73 = 3224.9030993194197
7 : 80 = 4252.05832509386
73 : 80 = 1264.9110640673518
t=1
$x_{1,7}$
	 $y_{1,7,14}$ = 20.6323885107782 dB
	 $y_{1,7,17}$ = 33.21209241040917 dB
		SNR medio: 30.43518764341553
		Usuarios totais: 2
$x_{1,21}$
	 $y_{1,21,10}$ = 25.099567504696182 dB
	 $y_{1,21,20}$ = 28.168718131324567 dB
	 $y_{1,21,21}$ = 92.10847603331693 dB
	 $y_{1,21,22}$ = 28.48502303856462 dB
	 $y_{1,21,23}$ = 22.08699468999812 dB
		SNR medio: 85.11878092552288
		Usuarios totais: 7
$x_{1,24}$
	 $y_{1,24,3}$ = 21.850678478182786 dB
	 $y_{1,24,15}$ = 25.425558599346388 dB
	 $y_{1,24,32}$ = 15.28191804672872 dB
		SNR medio: 22.517677517855997
		Usuarios totais: 3
$x_{1,47}$
	 $y_{1,47,48}$ = 23.30806694106174 dB
		SNR medio: 23.30806694106174
		Usuarios totais: 1
$x_{1,73}$
	 $y_{1,73,54}$ = 19.70087562705534 dB
	 $y_{1,73,62}$ = 23.51608949529715 dB
	 $y_{1,73,63}$ = 29.400989002865686 dB
	 $y_{1,73,71}$ = 16.453891975326485 dB
	 $y_{1,73,73}$ = 86.05696655670062 dB
	 $y_{1,73,82}$ = 15.33834232939492 dB
		SNR medio: 78.27546770077079
		Usuarios totais: 27
$x_{1,80}$
	 $y_{1,80,60}$ = 17.562006848045883 dB
	 $y_{1,80,61}$ = 19.12948439284972 dB
	 $y_{1,80,72}$ = 16.58168809982827 dB
		SNR medio: 17.886303292796452
		Usuarios totais: 4
$x_{1,87}$
	 $y_{1,87,58}$ = 15.47150712640969 dB
	 $y_{1,87,67}$ = 22.555750764360027 dB
	 $y_{1,87,69}$ = 16.194848230653903 dB
	 $y_{1,87,86}$ = 30.702514408871934 dB
	 $y_{1,87,87}$ = 83.59541325074801 dB
	 $y_{1,87,98}$ = 17.79257046627282 dB
		SNR medio: 75.81392907561374
		Usuarios totais: 8
Distances:
7 : 21 = 2529.8221281347037
7 : 24 = 1442.2205101855957
7 : 47 = 1600.0
7 : 73 = 3224.9030993194197
7 : 80 = 4252.05832509386
7 : 87 = 3200.0
21 : 24 = 1200.0
21 : 47 = 2529.8221281347037
21 : 73 = 2154.0659228538016
21 : 80 = 2433.105012119288
21 : 87 = 3394.1125496954282
24 : 47 = 1442.2205101855957
24 : 73 = 2039.607805437114
24 : 80 = 2884.4410203711914
24 : 87 = 2683.281572999748
47 : 73 = 2000.0
47 : 80 = 3224.9030993194197
47 : 87 = 1600.0
73 : 80 = 1264.9110640673518
73 : 87 = 1649.2422502470642
80 : 87 = 2800.0
t=2
$x_{2,7}$
	 $y_{2,7,6}$ = 29.956042688022166 dB
	 $y_{2,7,14}$ = 20.6323885107782 dB
	 $y_{2,7,16}$ = 19.718633936399584 dB
	 $y_{2,7,18}$ = 22.880098469287873 dB
		SNR medio: 25.42023305494942
		Usuarios totais: 6
$x_{2,21}$
	 $y_{2,21,1}$ = 15.13812458070285 dB
	 $y_{2,21,2}$ = 24.040565438406688 dB
	 $y_{2,21,10}$ = 25.099567504696182 dB
	 $y_{2,21,11}$ = 30.381047070841134 dB
	 $y_{2,21,22}$ = 28.48502303856462 dB
	 $y_{2,21,41}$ = 18.322405685165194 dB
	 $y_{2,21,42}$ = 22.04958081113122 dB
		SNR medio: 25.7572067509313
		Usuarios totais: 8
$x_{2,24}$
	 $y_{2,24,3}$ = 21.850678478182786 dB
	 $y_{2,24,4}$ = 15.046796207201467 dB
	 $y_{2,24,23}$ = 28.907421069152775 dB
	 $y_{2,24,25}$ = 29.300535756054316 dB
	 $y_{2,24,34}$ = 31.724890190236152 dB
	 $y_{2,24,45}$ = 17.590106966486474 dB
		SNR medio: 27.48050810449282
		Usuarios totais: 7
$x_{2,47}$
	 $y_{2,47,37}$ = 24.29501701930964 dB
	 $y_{2,47,47}$ = 97.49247695394874 dB
	 $y_{2,47,49}$ = 17.28934754181664 dB
	 $y_{2,47,55}$ = 22.16905776212178 dB
	 $y_{2,47,56}$ = 25.147339953932175 dB
	 $y_{2,47,57}$ = 32.60628316299909 dB
	 $y_{2,47,59}$ = 21.05128185971735 dB
		SNR medio: 89.0414986921821
		Usuarios totais: 8
$x_{2,73}$
	 $y_{2,73,51}$ = 23.901333812797205 dB
	 $y_{2,73,53}$ = 19.153876265857576 dB
	 $y_{2,73,62}$ = 23.51608949529715 dB
	 $y_{2,73,71}$ = 16.453891975326485 dB
	 $y_{2,73,72}$ = 29.819169401914337 dB
	 $y_{2,73,73}$ = 86.05696655670062 dB
	 $y_{2,73,84}$ = 30.040954987154223 dB
	 $y_{2,73,85}$ = 20.983540272457788 dB
	 $y_{2,73,95}$ = 20.45674720417584 dB
		SNR medio: 76.51457163022083
		Usuarios totais: 15
$x_{2,80}$
	 $y_{2,80,61}$ = 19.12948439284972 dB
	 $y_{2,80,80}$ = 91.74431493862753 dB
	 $y_{2,80,82}$ = 24.163712699280595 dB
		SNR medio: 86.97310338737553
		Usuarios totais: 23
$x_{2,87}$
	 $y_{2,87,67}$ = 22.555750764360027 dB
	 $y_{2,87,76}$ = 24.837908359975188 dB
	 $y_{2,87,77}$ = 32.923242218151415 dB
	 $y_{2,87,79}$ = 24.97078499603127 dB
	 $y_{2,87,87}$ = 83.59541325074801 dB
	 $y_{2,87,88}$ = 29.46987566707172 dB
	 $y_{2,87,99}$ = 23.75225073341946 dB
		SNR medio: 75.14450651246817
		Usuarios totais: 9
Distances:
7 : 21 = 2529.8221281347037
7 : 24 = 1442.2205101855957
7 : 47 = 1600.0
7 : 73 = 3224.9030993194197
7 : 80 = 4252.05832509386
7 : 87 = 3200.0
21 : 24 = 1200.0
21 : 47 = 2529.8221281347037
21 : 73 = 2154.0659228538016
21 : 80 = 2433.105012119288
21 : 87 = 3394.1125496954282
24 : 47 = 1442.2205101855957
24 : 73 = 2039.607805437114
24 : 80 = 2884.4410203711914
24 : 87 = 2683.281572999748
47 : 73 = 2000.0
47 : 80 = 3224.9030993194197
47 : 87 = 1600.0
73 : 80 = 1264.9110640673518
73 : 87 = 1649.2422502470642
80 : 87 = 2800.0
t=3
$x_{3,7}$
	 $y_{3,7,6}$ = 29.956042688022166 dB
	 $y_{3,7,7}$ = 86.8150520963274 dB
	 $y_{3,7,8}$ = 30.67631315113219 dB
	 $y_{3,7,14}$ = 20.6323885107782 dB
	 $y_{3,7,35}$ = 15.422069418810707 dB
		SNR medio: 79.82537293125014
		Usuarios totais: 5
$x_{3,21}$
	 $y_{3,21,0}$ = 16.05181387572823 dB
	 $y_{3,21,1}$ = 15.13812458070285 dB
	 $y_{3,21,10}$ = 25.099567504696182 dB
	 $y_{3,21,12}$ = 24.855442706665798 dB
	 $y_{3,21,20}$ = 28.168718131324567 dB
	 $y_{3,21,31}$ = 28.350280836801616 dB
	 $y_{3,21,32}$ = 18.295650275123847 dB
	 $y_{3,21,52}$ = 15.45017930499398 dB
		SNR medio: 24.283159687708885
		Usuarios totais: 18
$x_{3,24}$
	 $y_{3,24,3}$ = 21.850678478182786 dB
	 $y_{3,24,4}$ = 15.046796207201467 dB
	 $y_{3,24,33}$ = 28.85191566220456 dB
	 $y_{3,24,44}$ = 18.96887973124032 dB
		SNR medio: 24.11478175262385
		Usuarios totais: 7
$x_{3,47}$
	 $y_{3,47,29}$ = 18.652043351116646 dB
	 $y_{3,47,37}$ = 24.29501701930964 dB
	 $y_{3,47,39}$ = 24.25950833375775 dB
	 $y_{3,47,47}$ = 97.49247695394874 dB
	 $y_{3,47,48}$ = 23.30806694106174 dB
	 $y_{3,47,55}$ = 22.16905776212178 dB
	 $y_{3,47,56}$ = 25.147339953932175 dB
	 $y_{3,47,58}$ = 24.80502603849112 dB
	 $y_{3,47,67}$ = 15.379095196085132 dB
		SNR medio: 87.95005313743468
		Usuarios totais: 14
$x_{3,73}$
	 $y_{3,73,54}$ = 19.70087562705534 dB
	 $y_{3,73,71}$ = 16.453891975326485 dB
	 $y_{3,73,73}$ = 86.05696655670062 dB
	 $y_{3,73,74}$ = 27.779809907136638 dB
	 $y_{3,73,84}$ = 30.040954987154223 dB
		SNR medio: 79.06728532058023
		Usuarios totais: 9
$x_{3,80}$
	 $y_{3,80,50}$ = 17.52770680302963 dB
	 $y_{3,80,60}$ = 17.562006848045883 dB
	 $y_{3,80,61}$ = 19.12948439284972 dB
	 $y_{3,80,70}$ = 31.425790793990544 dB
	 $y_{3,80,72}$ = 16.58168809982827 dB
	 $y_{3,80,80}$ = 91.74431493862753 dB
	 $y_{3,80,81}$ = 34.17331494635093 dB
	 $y_{3,80,82}$ = 24.163712699280595 dB
	 $y_{3,80,91}$ = 29.898926403858354 dB
	 $y_{3,80,92}$ = 16.941173329073706 dB
		SNR medio: 81.74433101388983
		Usuarios totais: 36
$x_{3,87}$
	 $y_{3,87,57}$ = 18.45165131299065 dB
	 $y_{3,87,69}$ = 16.194848230653903 dB
	 $y_{3,87,75}$ = 19.60309377687696 dB
	 $y_{3,87,78}$ = 21.85278996192463 dB
	 $y_{3,87,79}$ = 24.97078499603127 dB
	 $y_{3,87,86}$ = 30.702514408871934 dB
	 $y_{3,87,88}$ = 29.46987566707172 dB
	 $y_{3,87,89}$ = 20.32440052587505 dB
	 $y_{3,87,95}$ = 20.468233357925527 dB
	 $y_{3,87,96}$ = 25.935918098074367 dB
	 $y_{3,87,98}$ = 17.79257046627282 dB
		SNR medio: 24.904011403244105
		Usuarios totais: 15
Distances:
7 : 21 = 2529.8221281347037
7 : 24 = 1442.2205101855957
7 : 47 = 1600.0
7 : 73 = 3224.9030993194197
7 : 80 = 4252.05832509386
7 : 87 = 3200.0
21 : 24 = 1200.0
21 : 47 = 2529.8221281347037
21 : 73 = 2154.0659228538016
21 : 80 = 2433.105012119288
21 : 87 = 3394.1125496954282
24 : 47 = 1442.2205101855957
24 : 73 = 2039.607805437114
24 : 80 = 2884.4410203711914
24 : 87 = 2683.281572999748
47 : 73 = 2000.0
47 : 80 = 3224.9030993194197
47 : 87 = 1600.0
73 : 80 = 1264.9110640673518
73 : 87 = 1649.2422502470642
80 : 87 = 2800.0
t=4
$x_{4,7}$
	 $y_{4,7,6}$ = 29.956042688022166 dB
	 $y_{4,7,7}$ = 86.8150520963274 dB
	 $y_{4,7,14}$ = 20.6323885107782 dB
	 $y_{4,7,19}$ = 21.563034580057547 dB
	 $y_{4,7,27}$ = 15.378190075695272 dB
	 $y_{4,7,28}$ = 21.81424333589996 dB
	 $y_{4,7,35}$ = 15.422069418810707 dB
		SNR medio: 78.36408498949868
		Usuarios totais: 12
$x_{4,21}$
	 $y_{4,21,0}$ = 16.05181387572823 dB
	 $y_{4,21,2}$ = 24.040565438406688 dB
	 $y_{4,21,10}$ = 25.099567504696182 dB
	 $y_{4,21,11}$ = 30.381047070841134 dB
	 $y_{4,21,12}$ = 24.855442706665798 dB
	 $y_{4,21,20}$ = 28.168718131324567 dB
	 $y_{4,21,21}$ = 92.10847603331693 dB
	 $y_{4,21,31}$ = 28.350280836801616 dB
	 $y_{4,21,40}$ = 19.219613683022317 dB
	 $y_{4,21,41}$ = 18.322405685165194 dB
	 $y_{4,21,52}$ = 15.45017930499398 dB
		SNR medio: 81.69455864671568
		Usuarios totais: 18
$x_{4,24}$
	 $y_{4,24,3}$ = 21.850678478182786 dB
	 $y_{4,24,4}$ = 15.046796207201467 dB
	 $y_{4,24,15}$ = 25.425558599346388 dB
	 $y_{4,24,24}$ = 85.15084112605504 dB
	 $y_{4,24,34}$ = 31.724890190236152 dB
	 $y_{4,24,44}$ = 18.96887973124032 dB
	 $y_{4,24,45}$ = 17.590106966486474 dB
	 $y_{4,24,54}$ = 18.760036645465092 dB
		SNR medio: 76.11997087540806
		Usuarios totais: 14
$x_{4,38}$
	 $y_{4,38,9}$ = 18.585689466541695 dB
	 $y_{4,38,38}$ = 91.00164295900811 dB
	 $y_{4,38,48}$ = 23.700614709189807 dB
	 $y_{4,38,58}$ = 17.92722473921654 dB
		SNR medio: 84.98104431718994
		Usuarios totais: 6
$x_{4,47}$
	 $y_{4,47,26}$ = 19.72749703274438 dB
	 $y_{4,47,36}$ = 28.029068056110987 dB
	 $y_{4,47,46}$ = 33.89288513936747 dB
	 $y_{4,47,47}$ = 97.49247695394874 dB
	 $y_{4,47,55}$ = 22.16905776212178 dB
	 $y_{4,47,68}$ = 15.961706503911955 dB
		SNR medio: 89.71096706813044
		Usuarios totais: 9
$x_{4,73}$
	 $y_{4,73,62}$ = 23.51608949529715 dB
	 $y_{4,73,63}$ = 29.400989002865686 dB
	 $y_{4,73,64}$ = 23.78363677364287 dB
	 $y_{4,73,72}$ = 29.819169401914337 dB
	 $y_{4,73,73}$ = 86.05696655670062 dB
	 $y_{4,73,83}$ = 30.343253192476908 dB
	 $y_{4,73,84}$ = 30.040954987154223 dB
	 $y_{4,73,92}$ = 16.542576670365236 dB
	 $y_{4,73,93}$ = 16.39784633012499 dB
		SNR medio: 76.51458963842337
		Usuarios totais: 16
$x_{4,80}$
	 $y_{4,80,60}$ = 17.562006848045883 dB
	 $y_{4,80,61}$ = 19.12948439284972 dB
	 $y_{4,80,70}$ = 31.425790793990544 dB
	 $y_{4,80,71}$ = 22.125377737352025 dB
	 $y_{4,80,80}$ = 91.74431493862753 dB
	 $y_{4,80,81}$ = 34.17331494635093 dB
	 $y_{4,80,82}$ = 24.163712699280595 dB
	 $y_{4,80,90}$ = 35.42707723409208 dB
	 $y_{4,80,91}$ = 29.898926403858354 dB
		SNR medio: 82.20191609362017
		Usuarios totais: 40
$x_{4,87}$
	 $y_{4,87,57}$ = 18.45165131299065 dB
	 $y_{4,87,69}$ = 16.194848230653903 dB
	 $y_{4,87,75}$ = 19.60309377687696 dB
	 $y_{4,87,76}$ = 24.837908359975188 dB
	 $y_{4,87,77}$ = 32.923242218151415 dB
	 $y_{4,87,79}$ = 24.97078499603127 dB
	 $y_{4,87,85}$ = 20.638567925483642 dB
	 $y_{4,87,86}$ = 30.702514408871934 dB
	 $y_{4,87,87}$ = 83.59541325074801 dB
	 $y_{4,87,88}$ = 29.46987566707172 dB
	 $y_{4,87,89}$ = 20.32440052587505 dB
	 $y_{4,87,96}$ = 25.935918098074367 dB
	 $y_{4,87,97}$ = 23.052329264680864 dB
	 $y_{4,87,99}$ = 23.75225073341946 dB
		SNR medio: 72.13424481747677
		Usuarios totais: 18
Distances:
7 : 21 = 2529.8221281347037
7 : 24 = 1442.2205101855957
7 : 38 = 1264.9110640673518
7 : 47 = 1600.0
7 : 73 = 3224.9030993194197
7 : 80 = 4252.05832509386
7 : 87 = 3200.0
21 : 24 = 1200.0
21 : 38 = 2828.42712474619
21 : 47 = 2529.8221281347037
21 : 73 = 2154.0659228538016
21 : 80 = 2433.105012119288
21 : 87 = 3394.1125496954282
24 : 38 = 1649.2422502470642
24 : 47 = 1442.2205101855957
24 : 73 = 2039.607805437114
24 : 80 = 2884.4410203711914
24 : 87 = 2683.281572999748
38 : 47 = 565.685424949238
38 : 73 = 2561.2496949731394
38 : 80 = 3773.5924528226415
38 : 87 = 2039.607805437114
47 : 73 = 2000.0
47 : 80 = 3224.9030993194197
47 : 87 = 1600.0
73 : 80 = 1264.9110640673518
73 : 87 = 1649.2422502470642
80 : 87 = 2800.0
t=5
$x_{5,7}$
	 $y_{5,7,5}$ = 16.687355639296584 dB
	 $y_{5,7,6}$ = 29.956042688022166 dB
	 $y_{5,7,7}$ = 86.8150520963274 dB
	 $y_{5,7,8}$ = 30.67631315113219 dB
	 $y_{5,7,14}$ = 20.6323885107782 dB
	 $y_{5,7,16}$ = 19.718633936399584 dB
	 $y_{5,7,18}$ = 22.880098469287873 dB
	 $y_{5,7,27}$ = 15.378190075695272 dB
	 $y_{5,7,28}$ = 21.81424333589996 dB
	 $y_{5,7,35}$ = 15.422069418810707 dB
		SNR medio: 76.81507768391255
		Usuarios totais: 19
$x_{5,21}$
	 $y_{5,21,0}$ = 16.05181387572823 dB
	 $y_{5,21,1}$ = 15.13812458070285 dB
	 $y_{5,21,2}$ = 24.040565438406688 dB
	 $y_{5,21,10}$ = 25.099567504696182 dB
	 $y_{5,21,12}$ = 24.855442706665798 dB
	 $y_{5,21,20}$ = 28.168718131324567 dB
	 $y_{5,21,22}$ = 28.48502303856462 dB
	 $y_{5,21,31}$ = 28.350280836801616 dB
	 $y_{5,21,33}$ = 18.780238137581307 dB
	 $y_{5,21,41}$ = 18.322405685165194 dB
	 $y_{5,21,42}$ = 22.04958081113122 dB
	 $y_{5,21,52}$ = 15.45017930499398 dB
		SNR medio: 24.445897779347998
		Usuarios totais: 21
$x_{5,24}$
	 $y_{5,24,3}$ = 21.850678478182786 dB
	 $y_{5,24,4}$ = 15.046796207201467 dB
	 $y_{5,24,13}$ = 26.275857938896976 dB
	 $y_{5,24,24}$ = 85.15084112605504 dB
	 $y_{5,24,25}$ = 29.300535756054316 dB
	 $y_{5,24,32}$ = 15.28191804672872 dB
	 $y_{5,24,34}$ = 31.724890190236152 dB
	 $y_{5,24,45}$ = 17.590106966486474 dB
		SNR medio: 76.1199815719038
		Usuarios totais: 12
$x_{5,38}$
	 $y_{5,38,9}$ = 18.585689466541695 dB
	 $y_{5,38,26}$ = 20.899240164876133 dB
	 $y_{5,38,29}$ = 17.749963353574373 dB
	 $y_{5,38,36}$ = 16.920143721334426 dB
	 $y_{5,38,38}$ = 91.00164295900811 dB
	 $y_{5,38,49}$ = 20.18888794023657 dB
	 $y_{5,38,58}$ = 17.92722473921654 dB
		SNR medio: 82.5506641812582
		Usuarios totais: 10
$x_{5,47}$
	 $y_{5,47,39}$ = 24.25950833375775 dB
	 $y_{5,47,46}$ = 33.89288513936747 dB
	 $y_{5,47,47}$ = 97.49247695394874 dB
	 $y_{5,47,55}$ = 22.16905776212178 dB
	 $y_{5,47,56}$ = 25.147339953932175 dB
	 $y_{5,47,59}$ = 21.05128185971735 dB
	 $y_{5,47,66}$ = 16.62715607019061 dB
	 $y_{5,47,68}$ = 15.961706503911955 dB
		SNR medio: 88.4615797314971
		Usuarios totais: 14
$x_{5,73}$
	 $y_{5,73,51}$ = 23.901333812797205 dB
	 $y_{5,73,54}$ = 19.70087562705534 dB
	 $y_{5,73,73}$ = 86.05696655670062 dB
	 $y_{5,73,82}$ = 15.33834232939492 dB
		SNR medio: 80.03637066025706
		Usuarios totais: 18
$x_{5,80}$
	 $y_{5,80,50}$ = 17.52770680302963 dB
	 $y_{5,80,61}$ = 19.12948439284972 dB
	 $y_{5,80,70}$ = 31.425790793990544 dB
	 $y_{5,80,71}$ = 22.125377737352025 dB
	 $y_{5,80,72}$ = 16.58168809982827 dB
	 $y_{5,80,80}$ = 91.74431493862753 dB
	 $y_{5,80,81}$ = 34.17331494635093 dB
	 $y_{5,80,83}$ = 18.5318569540143 dB
	 $y_{5,80,90}$ = 35.42707723409208 dB
	 $y_{5,80,91}$ = 29.898926403858354 dB
	 $y_{5,80,92}$ = 16.941173329073706 dB
		SNR medio: 81.33041406029659
		Usuarios totais: 36
$x_{5,87}$
	 $y_{5,87,67}$ = 22.555750764360027 dB
	 $y_{5,87,69}$ = 16.194848230653903 dB
	 $y_{5,87,76}$ = 24.837908359975188 dB
	 $y_{5,87,77}$ = 32.923242218151415 dB
	 $y_{5,87,79}$ = 24.97078499603127 dB
	 $y_{5,87,85}$ = 20.638567925483642 dB
	 $y_{5,87,86}$ = 30.702514408871934 dB
	 $y_{5,87,88}$ = 29.46987566707172 dB
	 $y_{5,87,89}$ = 20.32440052587505 dB
	 $y_{5,87,94}$ = 17.77977025562103 dB
	 $y_{5,87,95}$ = 20.468233357925527 dB
	 $y_{5,87,96}$ = 25.935918098074367 dB
	 $y_{5,87,97}$ = 23.052329264680864 dB
	 $y_{5,87,99}$ = 23.75225073341946 dB
		SNR medio: 26.383413090491857
		Usuarios totais: 28
Distances:
7 : 21 = 2529.8221281347037
7 : 24 = 1442.2205101855957
7 : 38 = 1264.9110640673518
7 : 47 = 1600.0
7 : 73 = 3224.9030993194197
7 : 80 = 4252.05832509386
7 : 87 = 3200.0
21 : 24 = 1200.0
21 : 38 = 2828.42712474619
21 : 47 = 2529.8221281347037
21 : 73 = 2154.0659228538016
21 : 80 = 2433.105012119288
21 : 87 = 3394.1125496954282
24 : 38 = 1649.2422502470642
24 : 47 = 1442.2205101855957
24 : 73 = 2039.607805437114
24 : 80 = 2884.4410203711914
24 : 87 = 2683.281572999748
38 : 47 = 565.685424949238
38 : 73 = 2561.2496949731394
38 : 80 = 3773.5924528226415
38 : 87 = 2039.607805437114
47 : 73 = 2000.0
47 : 80 = 3224.9030993194197
47 : 87 = 1600.0
73 : 80 = 1264.9110640673518
73 : 87 = 1649.2422502470642
80 : 87 = 2800.0
t=6
$x_{6,7}$
	 $y_{6,7,6}$ = 29.956042688022166 dB
	 $y_{6,7,7}$ = 86.8150520963274 dB
	 $y_{6,7,8}$ = 30.67631315113219 dB
	 $y_{6,7,14}$ = 20.6323885107782 dB
	 $y_{6,7,16}$ = 19.718633936399584 dB
	 $y_{6,7,19}$ = 21.563034580057547 dB
	 $y_{6,7,27}$ = 15.378190075695272 dB
	 $y_{6,7,35}$ = 15.422069418810707 dB
		SNR medio: 77.78417556007629
		Usuarios totais: 16
$x_{6,21}$
	 $y_{6,21,0}$ = 16.05181387572823 dB
	 $y_{6,21,2}$ = 24.040565438406688 dB
	 $y_{6,21,10}$ = 25.099567504696182 dB
	 $y_{6,21,12}$ = 24.855442706665798 dB
	 $y_{6,21,20}$ = 28.168718131324567 dB
	 $y_{6,21,21}$ = 92.10847603331693 dB
	 $y_{6,21,22}$ = 28.48502303856462 dB
	 $y_{6,21,23}$ = 22.08699468999812 dB
	 $y_{6,21,30}$ = 26.302365131835273 dB
	 $y_{6,21,31}$ = 28.350280836801616 dB
	 $y_{6,21,32}$ = 18.295650275123847 dB
	 $y_{6,21,41}$ = 18.322405685165194 dB
	 $y_{6,21,42}$ = 22.04958081113122 dB
		SNR medio: 80.9690528078366
		Usuarios totais: 26
$x_{6,24}$
	 $y_{6,24,4}$ = 15.046796207201467 dB
	 $y_{6,24,15}$ = 25.425558599346388 dB
	 $y_{6,24,24}$ = 85.15084112605504 dB
	 $y_{6,24,34}$ = 31.724890190236152 dB
	 $y_{6,24,43}$ = 17.53467318340998 dB
	 $y_{6,24,45}$ = 17.590106966486474 dB
		SNR medio: 77.36935491899744
		Usuarios totais: 12
$x_{6,38}$
	 $y_{6,38,26}$ = 20.899240164876133 dB
	 $y_{6,38,38}$ = 91.00164295900811 dB
	 $y_{6,38,39}$ = 24.285401745498163 dB
	 $y_{6,38,46}$ = 20.886672254059135 dB
	 $y_{6,38,58}$ = 17.92722473921654 dB
		SNR medio: 84.0119449017739
		Usuarios totais: 7
$x_{6,47}$
	 $y_{6,47,29}$ = 18.652043351116646 dB
	 $y_{6,47,36}$ = 28.029068056110987 dB
	 $y_{6,47,37}$ = 24.29501701930964 dB
	 $y_{6,47,47}$ = 97.49247695394874 dB
	 $y_{6,47,49}$ = 17.28934754181664 dB
	 $y_{6,47,55}$ = 22.16905776212178 dB
	 $y_{6,47,59}$ = 21.05128185971735 dB
	 $y_{6,47,66}$ = 16.62715607019061 dB
	 $y_{6,47,67}$ = 15.379095196085132 dB
	 $y_{6,47,68}$ = 15.961706503911955 dB
		SNR medio: 87.4924780703519
		Usuarios totais: 16
$x_{6,73}$
	 $y_{6,73,44}$ = 20.048005244027593 dB
	 $y_{6,73,51}$ = 23.901333812797205 dB
	 $y_{6,73,53}$ = 19.153876265857576 dB
	 $y_{6,73,54}$ = 19.70087562705534 dB
	 $y_{6,73,62}$ = 23.51608949529715 dB
	 $y_{6,73,63}$ = 29.400989002865686 dB
	 $y_{6,73,64}$ = 23.78363677364287 dB
	 $y_{6,73,65}$ = 17.679940626225886 dB
	 $y_{6,73,71}$ = 16.453891975326485 dB
	 $y_{6,73,73}$ = 86.05696655670062 dB
	 $y_{6,73,84}$ = 30.040954987154223 dB
		SNR medio: 75.64307167633794
		Usuarios totais: 17
$x_{6,80}$
	 $y_{6,80,50}$ = 17.52770680302963 dB
	 $y_{6,80,70}$ = 31.425790793990544 dB
	 $y_{6,80,80}$ = 91.74431493862753 dB
	 $y_{6,80,81}$ = 34.17331494635093 dB
	 $y_{6,80,82}$ = 24.163712699280595 dB
	 $y_{6,80,83}$ = 18.5318569540143 dB
	 $y_{6,80,90}$ = 35.42707723409208 dB
		SNR medio: 83.29335744236161
		Usuarios totais: 14
$x_{6,87}$
	 $y_{6,87,57}$ = 18.45165131299065 dB
	 $y_{6,87,69}$ = 16.194848230653903 dB
	 $y_{6,87,75}$ = 19.60309377687696 dB
	 $y_{6,87,78}$ = 21.85278996192463 dB
	 $y_{6,87,86}$ = 30.702514408871934 dB
	 $y_{6,87,88}$ = 29.46987566707172 dB
	 $y_{6,87,89}$ = 20.32440052587505 dB
	 $y_{6,87,94}$ = 17.77977025562103 dB
	 $y_{6,87,95}$ = 20.468233357925527 dB
	 $y_{6,87,96}$ = 25.935918098074367 dB
	 $y_{6,87,97}$ = 23.052329264680864 dB
	 $y_{6,87,98}$ = 17.79257046627282 dB
	 $y_{6,87,99}$ = 23.75225073341946 dB
		SNR medio: 24.408533702796895
		Usuarios totais: 21
Distances:
7 : 21 = 2529.8221281347037
7 : 24 = 1442.2205101855957
7 : 38 = 1264.9110640673518
7 : 47 = 1600.0
7 : 73 = 3224.9030993194197
7 : 80 = 4252.05832509386
7 : 87 = 3200.0
21 : 24 = 1200.0
21 : 38 = 2828.42712474619
21 : 47 = 2529.8221281347037
21 : 73 = 2154.0659228538016
21 : 80 = 2433.105012119288
21 : 87 = 3394.1125496954282
24 : 38 = 1649.2422502470642
24 : 47 = 1442.2205101855957
24 : 73 = 2039.607805437114
24 : 80 = 2884.4410203711914
24 : 87 = 2683.281572999748
38 : 47 = 565.685424949238
38 : 73 = 2561.2496949731394
38 : 80 = 3773.5924528226415
38 : 87 = 2039.607805437114
47 : 73 = 2000.0
47 : 80 = 3224.9030993194197
47 : 87 = 1600.0
73 : 80 = 1264.9110640673518
73 : 87 = 1649.2422502470642
80 : 87 = 2800.0
t=7
$x_{7,7}$
	 $y_{7,7,7}$ = 86.8150520963274 dB
	 $y_{7,7,16}$ = 19.718633936399584 dB
	 $y_{7,7,19}$ = 21.563034580057547 dB
	 $y_{7,7,27}$ = 15.378190075695272 dB
	 $y_{7,7,28}$ = 21.81424333589996 dB
	 $y_{7,7,35}$ = 15.422069418810707 dB
		SNR medio: 79.03354373611822
		Usuarios totais: 13
$x_{7,21}$
	 $y_{7,21,0}$ = 16.05181387572823 dB
	 $y_{7,21,1}$ = 15.13812458070285 dB
	 $y_{7,21,2}$ = 24.040565438406688 dB
	 $y_{7,21,11}$ = 30.381047070841134 dB
	 $y_{7,21,12}$ = 24.855442706665798 dB
	 $y_{7,21,20}$ = 28.168718131324567 dB
	 $y_{7,21,22}$ = 28.48502303856462 dB
	 $y_{7,21,31}$ = 28.350280836801616 dB
	 $y_{7,21,41}$ = 18.322405685165194 dB
	 $y_{7,21,42}$ = 22.04958081113122 dB
	 $y_{7,21,52}$ = 15.45017930499398 dB
		SNR medio: 25.642158924862336
		Usuarios totais: 18
$x_{7,24}$
	 $y_{7,24,3}$ = 21.850678478182786 dB
	 $y_{7,24,4}$ = 15.046796207201467 dB
	 $y_{7,24,13}$ = 26.275857938896976 dB
	 $y_{7,24,24}$ = 85.15084112605504 dB
	 $y_{7,24,32}$ = 15.28191804672872 dB
	 $y_{7,24,33}$ = 28.85191566220456 dB
	 $y_{7,24,34}$ = 31.724890190236152 dB
	 $y_{7,24,43}$ = 17.53467318340998 dB
	 $y_{7,24,45}$ = 17.590106966486474 dB
		SNR medio: 75.6084559911663
		Usuarios totais: 16
$x_{7,38}$
	 $y_{7,38,9}$ = 18.585689466541695 dB
	 $y_{7,38,36}$ = 16.920143721334426 dB
	 $y_{7,38,37}$ = 28.971325875285913 dB
	 $y_{7,38,38}$ = 91.00164295900811 dB
	 $y_{7,38,39}$ = 24.285401745498163 dB
	 $y_{7,38,46}$ = 20.886672254059135 dB
		SNR medio: 83.22013494298318
		Usuarios totais: 9
$x_{7,47}$
	 $y_{7,47,26}$ = 19.72749703274438 dB
	 $y_{7,47,29}$ = 18.652043351116646 dB
	 $y_{7,47,49}$ = 17.28934754181664 dB
	 $y_{7,47,56}$ = 25.147339953932175 dB
	 $y_{7,47,66}$ = 16.62715607019061 dB
	 $y_{7,47,68}$ = 15.961706503911955 dB
		SNR medio: 20.235293912919964
		Usuarios totais: 9
$x_{7,73}$
	 $y_{7,73,44}$ = 20.048005244027593 dB
	 $y_{7,73,51}$ = 23.901333812797205 dB
	 $y_{7,73,53}$ = 19.153876265857576 dB
	 $y_{7,73,54}$ = 19.70087562705534 dB
	 $y_{7,73,62}$ = 23.51608949529715 dB
	 $y_{7,73,64}$ = 23.78363677364287 dB
	 $y_{7,73,74}$ = 27.779809907136638 dB
	 $y_{7,73,84}$ = 30.040954987154223 dB
	 $y_{7,73,85}$ = 20.983540272457788 dB
		SNR medio: 24.804285541056267
		Usuarios totais: 10
$x_{7,80}$
	 $y_{7,80,50}$ = 17.52770680302963 dB
	 $y_{7,80,61}$ = 19.12948439284972 dB
	 $y_{7,80,80}$ = 91.74431493862753 dB
	 $y_{7,80,81}$ = 34.17331494635093 dB
	 $y_{7,80,90}$ = 35.42707723409208 dB
	 $y_{7,80,92}$ = 16.941173329073706 dB
		SNR medio: 83.96282071905524
		Usuarios totais: 8
$x_{7,87}$
	 $y_{7,87,57}$ = 18.45165131299065 dB
	 $y_{7,87,58}$ = 15.47150712640969 dB
	 $y_{7,87,69}$ = 16.194848230653903 dB
	 $y_{7,87,75}$ = 19.60309377687696 dB
	 $y_{7,87,76}$ = 24.837908359975188 dB
	 $y_{7,87,77}$ = 32.923242218151415 dB
	 $y_{7,87,78}$ = 21.85278996192463 dB
	 $y_{7,87,79}$ = 24.97078499603127 dB
	 $y_{7,87,87}$ = 83.59541325074801 dB
	 $y_{7,87,88}$ = 29.46987566707172 dB
	 $y_{7,87,94}$ = 17.77977025562103 dB
	 $y_{7,87,96}$ = 25.935918098074367 dB
	 $y_{7,87,97}$ = 23.052329264680864 dB
	 $y_{7,87,99}$ = 23.75225073341946 dB
		SNR medio: 72.13422297960129
		Usuarios totais: 23
Distances:
7 : 21 = 2529.8221281347037
7 : 24 = 1442.2205101855957
7 : 38 = 1264.9110640673518
7 : 47 = 1600.0
7 : 73 = 3224.9030993194197
7 : 80 = 4252.05832509386
7 : 87 = 3200.0
21 : 24 = 1200.0
21 : 38 = 2828.42712474619
21 : 47 = 2529.8221281347037
21 : 73 = 2154.0659228538016
21 : 80 = 2433.105012119288
21 : 87 = 3394.1125496954282
24 : 38 = 1649.2422502470642
24 : 47 = 1442.2205101855957
24 : 73 = 2039.607805437114
24 : 80 = 2884.4410203711914
24 : 87 = 2683.281572999748
38 : 47 = 565.685424949238
38 : 73 = 2561.2496949731394
38 : 80 = 3773.5924528226415
38 : 87 = 2039.607805437114
47 : 73 = 2000.0
47 : 80 = 3224.9030993194197
47 : 87 = 1600.0
73 : 80 = 1264.9110640673518
73 : 87 = 1649.2422502470642
80 : 87 = 2800.0
t=8
$x_{8,7}$
	 $y_{8,7,5}$ = 16.687355639296584 dB
	 $y_{8,7,6}$ = 29.956042688022166 dB
	 $y_{8,7,7}$ = 86.8150520963274 dB
	 $y_{8,7,8}$ = 30.67631315113219 dB
	 $y_{8,7,35}$ = 15.422069418810707 dB
		SNR medio: 79.82537230699693
		Usuarios totais: 7
$x_{8,21}$
	 $y_{8,21,1}$ = 15.13812458070285 dB
	 $y_{8,21,2}$ = 24.040565438406688 dB
	 $y_{8,21,10}$ = 25.099567504696182 dB
	 $y_{8,21,11}$ = 30.381047070841134 dB
	 $y_{8,21,12}$ = 24.855442706665798 dB
	 $y_{8,21,21}$ = 92.10847603331693 dB
	 $y_{8,21,31}$ = 28.350280836801616 dB
	 $y_{8,21,41}$ = 18.322405685165194 dB
	 $y_{8,21,42}$ = 22.04958081113122 dB
		SNR medio: 82.56605874176502
		Usuarios totais: 15
$x_{8,24}$
	 $y_{8,24,13}$ = 26.275857938896976 dB
	 $y_{8,24,24}$ = 85.15084112605504 dB
	 $y_{8,24,25}$ = 29.300535756054316 dB
	 $y_{8,24,32}$ = 15.28191804672872 dB
	 $y_{8,24,54}$ = 18.760036645465092 dB
		SNR medio: 78.16115944595113
		Usuarios totais: 7
$x_{8,38}$
	 $y_{8,38,9}$ = 18.585689466541695 dB
	 $y_{8,38,26}$ = 20.899240164876133 dB
	 $y_{8,38,29}$ = 17.749963353574373 dB
	 $y_{8,38,38}$ = 91.00164295900811 dB
	 $y_{8,38,46}$ = 20.886672254059135 dB
	 $y_{8,38,49}$ = 20.18888794023657 dB
		SNR medio: 83.22013211686622
		Usuarios totais: 8
$x_{8,47}$
	 $y_{8,47,36}$ = 28.029068056110987 dB
	 $y_{8,47,48}$ = 23.30806694106174 dB
	 $y_{8,47,55}$ = 22.16905776212178 dB
	 $y_{8,47,66}$ = 16.62715607019061 dB
	 $y_{8,47,67}$ = 15.379095196085132 dB
	 $y_{8,47,68}$ = 15.961706503911955 dB
		SNR medio: 22.76512638240534
		Usuarios totais: 8
$x_{8,73}$
	 $y_{8,73,44}$ = 20.048005244027593 dB
	 $y_{8,73,51}$ = 23.901333812797205 dB
	 $y_{8,73,62}$ = 23.51608949529715 dB
	 $y_{8,73,65}$ = 17.679940626225886 dB
	 $y_{8,73,71}$ = 16.453891975326485 dB
	 $y_{8,73,73}$ = 86.05696655670062 dB
	 $y_{8,73,74}$ = 27.779809907136638 dB
	 $y_{8,73,82}$ = 15.33834232939492 dB
	 $y_{8,73,84}$ = 30.040954987154223 dB
	 $y_{8,73,85}$ = 20.983540272457788 dB
		SNR medio: 76.05699286009667
		Usuarios totais: 15
$x_{8,80}$
	 $y_{8,80,70}$ = 31.425790793990544 dB
	 $y_{8,80,80}$ = 91.74431493862753 dB
	 $y_{8,80,81}$ = 34.17331494635093 dB
	 $y_{8,80,90}$ = 35.42707723409208 dB
	 $y_{8,80,91}$ = 29.898926403858354 dB
	 $y_{8,80,92}$ = 16.941173329073706 dB
		SNR medio: 83.96282719203472
		Usuarios totais: 9
$x_{8,87}$
	 $y_{8,87,69}$ = 16.194848230653903 dB
	 $y_{8,87,75}$ = 19.60309377687696 dB
	 $y_{8,87,79}$ = 24.97078499603127 dB
	 $y_{8,87,86}$ = 30.702514408871934 dB
	 $y_{8,87,87}$ = 83.59541325074801 dB
	 $y_{8,87,88}$ = 29.46987566707172 dB
	 $y_{8,87,96}$ = 25.935918098074367 dB
	 $y_{8,87,97}$ = 23.052329264680864 dB
	 $y_{8,87,99}$ = 23.75225073341946 dB
		SNR medio: 74.05305152539738
		Usuarios totais: 10
Distances:
7 : 21 = 2529.8221281347037
7 : 24 = 1442.2205101855957
7 : 38 = 1264.9110640673518
7 : 47 = 1600.0
7 : 73 = 3224.9030993194197
7 : 80 = 4252.05832509386
7 : 87 = 3200.0
21 : 24 = 1200.0
21 : 38 = 2828.42712474619
21 : 47 = 2529.8221281347037
21 : 73 = 2154.0659228538016
21 : 80 = 2433.105012119288
21 : 87 = 3394.1125496954282
24 : 38 = 1649.2422502470642
24 : 47 = 1442.2205101855957
24 : 73 = 2039.607805437114
24 : 80 = 2884.4410203711914
24 : 87 = 2683.281572999748
38 : 47 = 565.685424949238
38 : 73 = 2561.2496949731394
38 : 80 = 3773.5924528226415
38 : 87 = 2039.607805437114
47 : 73 = 2000.0
47 : 80 = 3224.9030993194197
47 : 87 = 1600.0
73 : 80 = 1264.9110640673518
73 : 87 = 1649.2422502470642
80 : 87 = 2800.0
t=9
$x_{9,7}$
	 $y_{9,7,5}$ = 16.687355639296584 dB
	 $y_{9,7,6}$ = 29.956042688022166 dB
	 $y_{9,7,8}$ = 30.67631315113219 dB
	 $y_{9,7,14}$ = 20.6323885107782 dB
	 $y_{9,7,28}$ = 21.81424333589996 dB
	 $y_{9,7,35}$ = 15.422069418810707 dB
		SNR medio: 26.210814681972842
		Usuarios totais: 7
$x_{9,21}$
	 $y_{9,21,0}$ = 16.05181387572823 dB
	 $y_{9,21,2}$ = 24.040565438406688 dB
	 $y_{9,21,10}$ = 25.099567504696182 dB
	 $y_{9,21,11}$ = 30.381047070841134 dB
	 $y_{9,21,20}$ = 28.168718131324567 dB
	 $y_{9,21,30}$ = 26.302365131835273 dB
	 $y_{9,21,31}$ = 28.350280836801616 dB
	 $y_{9,21,32}$ = 18.295650275123847 dB
	 $y_{9,21,41}$ = 18.322405685165194 dB
	 $y_{9,21,42}$ = 22.04958081113122 dB
		SNR medio: 25.76528668855466
		Usuarios totais: 14
$x_{9,24}$
	 $y_{9,24,4}$ = 15.046796207201467 dB
	 $y_{9,24,13}$ = 26.275857938896976 dB
	 $y_{9,24,24}$ = 85.15084112605504 dB
	 $y_{9,24,33}$ = 28.85191566220456 dB
	 $y_{9,24,43}$ = 17.53467318340998 dB
		SNR medio: 78.16115806908141
		Usuarios totais: 6
$x_{9,38}$
	 $y_{9,38,26}$ = 20.899240164876133 dB
	 $y_{9,38,36}$ = 16.920143721334426 dB
	 $y_{9,38,58}$ = 17.92722473921654 dB
		SNR medio: 18.925735048073342
		Usuarios totais: 4
$x_{9,47}$
	 $y_{9,47,37}$ = 24.29501701930964 dB
	 $y_{9,47,46}$ = 33.89288513936747 dB
	 $y_{9,47,47}$ = 97.49247695394874 dB
	 $y_{9,47,56}$ = 25.147339953932175 dB
	 $y_{9,47,57}$ = 32.60628316299909 dB
	 $y_{9,47,59}$ = 21.05128185971735 dB
	 $y_{9,47,68}$ = 15.961706503911955 dB
		SNR medio: 89.04150044972684
		Usuarios totais: 10
$x_{9,73}$
	 $y_{9,73,62}$ = 23.51608949529715 dB
	 $y_{9,73,63}$ = 29.400989002865686 dB
	 $y_{9,73,65}$ = 17.679940626225886 dB
	 $y_{9,73,72}$ = 29.819169401914337 dB
	 $y_{9,73,73}$ = 86.05696655670062 dB
		SNR medio: 79.0672892710669
		Usuarios totais: 8
$x_{9,80}$
	 $y_{9,80,50}$ = 17.52770680302963 dB
	 $y_{9,80,60}$ = 17.562006848045883 dB
	 $y_{9,80,81}$ = 34.17331494635093 dB
	 $y_{9,80,90}$ = 35.42707723409208 dB
	 $y_{9,80,92}$ = 16.941173329073706 dB
		SNR medio: 30.980405872485306
		Usuarios totais: 6
$x_{9,87}$
	 $y_{9,87,78}$ = 21.85278996192463 dB
	 $y_{9,87,89}$ = 20.32440052587505 dB
	 $y_{9,87,98}$ = 17.79257046627282 dB
		SNR medio: 20.295403568422337
		Usuarios totais: 3
Distances:
7 : 21 = 2529.8221281347037
7 : 24 = 1442.2205101855957
7 : 38 = 1264.9110640673518
7 : 47 = 1600.0
7 : 73 = 3224.9030993194197
7 : 80 = 4252.05832509386
7 : 87 = 3200.0
21 : 24 = 1200.0
21 : 38 = 2828.42712474619
21 : 47 = 2529.8221281347037
21 : 73 = 2154.0659228538016
21 : 80 = 2433.105012119288
21 : 87 = 3394.1125496954282
24 : 38 = 1649.2422502470642
24 : 47 = 1442.2205101855957
24 : 73 = 2039.607805437114
24 : 80 = 2884.4410203711914
24 : 87 = 2683.281572999748
38 : 47 = 565.685424949238
38 : 73 = 2561.2496949731394
38 : 80 = 3773.5924528226415
38 : 87 = 2039.607805437114
47 : 73 = 2000.0
47 : 80 = 3224.9030993194197
47 : 87 = 1600.0
73 : 80 = 1264.9110640673518
73 : 87 = 1649.2422502470642
80 : 87 = 2800.0
t=10
$x_{10,7}$
	 $y_{10,7,5}$ = 16.687355639296584 dB
	 $y_{10,7,6}$ = 29.956042688022166 dB
	 $y_{10,7,8}$ = 30.67631315113219 dB
	 $y_{10,7,16}$ = 19.718633936399584 dB
		SNR medio: 27.594413375843956
		Usuarios totais: 4
$x_{10,21}$
	 $y_{10,21,1}$ = 15.13812458070285 dB
	 $y_{10,21,22}$ = 28.48502303856462 dB
	 $y_{10,21,23}$ = 22.08699468999812 dB
	 $y_{10,21,30}$ = 26.302365131835273 dB
	 $y_{10,21,41}$ = 18.322405685165194 dB
		SNR medio: 24.454856455555614
		Usuarios totais: 5
$x_{10,24}$
	 $y_{10,24,2}$ = 16.629535364850128 dB
	 $y_{10,24,3}$ = 21.850678478182786 dB
	 $y_{10,24,13}$ = 26.275857938896976 dB
		SNR medio: 23.17623374632138
		Usuarios totais: 3
$x_{10,38}$
		Usuarios totais: 0
$x_{10,47}$
	 $y_{10,47,46}$ = 33.89288513936747 dB
	 $y_{10,47,59}$ = 21.05128185971735 dB
	 $y_{10,47,67}$ = 15.379095196085132 dB
	 $y_{10,47,68}$ = 15.961706503911955 dB
		SNR medio: 28.21521238635245
		Usuarios totais: 4
$x_{10,73}$
	 $y_{10,73,42}$ = 16.624878352191615 dB
	 $y_{10,73,53}$ = 19.153876265857576 dB
	 $y_{10,73,65}$ = 17.679940626225886 dB
	 $y_{10,73,93}$ = 16.39784633012499 dB
	 $y_{10,73,95}$ = 20.45674720417584 dB
		SNR medio: 18.34550389534103
		Usuarios totais: 5
$x_{10,80}$
	 $y_{10,80,50}$ = 17.52770680302963 dB
	 $y_{10,80,80}$ = 91.74431493862753 dB
	 $y_{10,80,83}$ = 18.5318569540143 dB
	 $y_{10,80,90}$ = 35.42707723409208 dB
	 $y_{10,80,91}$ = 29.898926403858354 dB
		SNR medio: 84.75462824705252
		Usuarios totais: 8
$x_{10,87}$
	 $y_{10,87,77}$ = 32.923242218151415 dB
	 $y_{10,87,78}$ = 21.85278996192463 dB
	 $y_{10,87,96}$ = 25.935918098074367 dB
	 $y_{10,87,97}$ = 23.052329264680864 dB
	 $y_{10,87,98}$ = 17.79257046627282 dB
		SNR medio: 27.43178614588704
		Usuarios totais: 5
Distances:
7 : 21 = 2529.8221281347037
7 : 24 = 1442.2205101855957
7 : 38 = 1264.9110640673518
7 : 47 = 1600.0
7 : 73 = 3224.9030993194197
7 : 80 = 4252.05832509386
7 : 87 = 3200.0
21 : 24 = 1200.0
21 : 38 = 2828.42712474619
21 : 47 = 2529.8221281347037
21 : 73 = 2154.0659228538016
21 : 80 = 2433.105012119288
21 : 87 = 3394.1125496954282
24 : 38 = 1649.2422502470642
24 : 47 = 1442.2205101855957
24 : 73 = 2039.607805437114
24 : 80 = 2884.4410203711914
24 : 87 = 2683.281572999748
38 : 47 = 565.685424949238
38 : 73 = 2561.2496949731394
38 : 80 = 3773.5924528226415
38 : 87 = 2039.607805437114
47 : 73 = 2000.0
47 : 80 = 3224.9030993194197
47 : 87 = 1600.0
73 : 80 = 1264.9110640673518
73 : 87 = 1649.2422502470642
80 : 87 = 2800.0
t=11
$x_{11,7}$
	 $y_{11,7,8}$ = 30.67631315113219 dB
		SNR medio: 30.67631315113219
		Usuarios totais: 1
$x_{11,21}$
	 $y_{11,21,20}$ = 28.168718131324567 dB
	 $y_{11,21,40}$ = 19.219613683022317 dB
	 $y_{11,21,52}$ = 15.45017930499398 dB
		SNR medio: 24.119456585692273
		Usuarios totais: 3
$x_{11,24}$
		Usuarios totais: 0
$x_{11,38}$
		Usuarios totais: 0
$x_{11,47}$
	 $y_{11,47,47}$ = 97.49247695394874 dB
		SNR medio: 97.49247695394874
		Usuarios totais: 1
$x_{11,73}$
	 $y_{11,73,42}$ = 16.624878352191615 dB
	 $y_{11,73,62}$ = 23.51608949529715 dB
	 $y_{11,73,83}$ = 30.343253192476908 dB
		SNR medio: 26.541504712690273
		Usuarios totais: 3
$x_{11,80}$
	 $y_{11,80,81}$ = 34.17331494635093 dB
		SNR medio: 34.17331494635093
		Usuarios totais: 1
$x_{11,87}$
	 $y_{11,87,69}$ = 16.194848230653903 dB
	 $y_{11,87,77}$ = 32.923242218151415 dB
	 $y_{11,87,89}$ = 20.32440052587505 dB
	 $y_{11,87,98}$ = 17.79257046627282 dB
		SNR medio: 27.343704667157244
		Usuarios totais: 4
Distances:
7 : 21 = 2529.8221281347037
7 : 24 = 1442.2205101855957
7 : 38 = 1264.9110640673518
7 : 47 = 1600.0
7 : 73 = 3224.9030993194197
7 : 80 = 4252.05832509386
7 : 87 = 3200.0
21 : 24 = 1200.0
21 : 38 = 2828.42712474619
21 : 47 = 2529.8221281347037
21 : 73 = 2154.0659228538016
21 : 80 = 2433.105012119288
21 : 87 = 3394.1125496954282
24 : 38 = 1649.2422502470642
24 : 47 = 1442.2205101855957
24 : 73 = 2039.607805437114
24 : 80 = 2884.4410203711914
24 : 87 = 2683.281572999748
38 : 47 = 565.685424949238
38 : 73 = 2561.2496949731394
38 : 80 = 3773.5924528226415
38 : 87 = 2039.607805437114
47 : 73 = 2000.0
47 : 80 = 3224.9030993194197
47 : 87 = 1600.0
73 : 80 = 1264.9110640673518
73 : 87 = 1649.2422502470642
80 : 87 = 2800.0
--- Done after 0.28426306770907506 hours. ---
