-------------Calculating Solution (this may take a while)
+++++++++++++++++++Min Sinr: 15 dB (fixed)
+++++++++++++++++++With backhaul constraint. Start: 2023-01-07 09:12:50

Parameters:
- chosen seed 9
- Map with 100 sectors
- Map 4000 x 4000 m
- Sector has a side of 400 m
- Max time:  12
- users_t_m:  [[0, 0, 0, 0, 0, 0, 0, 0, 0, 0, 0, 0, 0, 0, 0, 0, 0, 0, 0, 0, 0, 0, 0, 0, 0, 0, 0, 0, 0, 0, 0, 0, 0, 0, 13, 12, 0, 0, 0, 0, 0, 0, 0, 1, 1, 3, 0, 0, 0, 0, 0, 0, 0, 0, 0, 0, 0, 0, 0, 0, 0, 0, 0, 0, 0, 0, 0, 0, 0, 0, 0, 0, 0, 0, 0, 0, 0, 0, 0, 0, 0, 0, 0, 0, 0, 0, 0, 0, 0, 0, 0, 0, 0, 0, 0, 0, 0, 0, 0, 0], [1, 1, 0, 0, 1, 0, 1, 0, 0, 0, 1, 1, 0, 0, 0, 0, 1, 1, 1, 1, 0, 1, 0, 0, 0, 0, 0, 0, 0, 0, 2, 1, 0, 0, 20, 11, 0, 0, 0, 0, 1, 0, 0, 0, 1, 0, 1, 0, 0, 0, 0, 0, 1, 0, 0, 0, 0, 0, 0, 0, 1, 0, 1, 0, 0, 1, 0, 0, 1, 0, 1, 0, 0, 0, 0, 0, 0, 0, 0, 0, 0, 0, 0, 0, 2, 0, 0, 1, 0, 1, 2, 0, 0, 0, 1, 0, 0, 0, 1, 0], [0, 1, 1, 0, 0, 2, 1, 0, 0, 0, 0, 2, 1, 0, 0, 1, 0, 0, 0, 1, 1, 0, 1, 0, 1, 0, 2, 0, 3, 1, 1, 1, 1, 0, 19, 15, 0, 0, 1, 0, 0, 1, 0, 5, 5, 7, 1, 1, 0, 0, 0, 0, 0, 2, 1, 0, 3, 0, 0, 1, 0, 0, 0, 1, 0, 1, 2, 0, 1, 1, 0, 1, 0, 2, 0, 0, 0, 0, 0, 0, 2, 1, 2, 0, 1, 1, 0, 0, 1, 0, 0, 1, 2, 1, 0, 2, 2, 0, 0, 0], [2, 1, 2, 1, 1, 0, 2, 1, 1, 2, 3, 0, 4, 1, 0, 0, 1, 1, 2, 2, 2, 2, 4, 0, 1, 0, 1, 1, 0, 1, 1, 2, 2, 0, 12, 13, 1, 0, 1, 1, 1, 1, 1, 0, 2, 3, 0, 0, 1, 2, 1, 1, 0, 0, 1, 0, 0, 2, 1, 2, 1, 0, 1, 2, 1, 2, 0, 0, 1, 1, 1, 2, 1, 1, 2, 1, 2, 0, 0, 1, 2, 3, 2, 1, 1, 3, 0, 1, 4, 0, 2, 1, 0, 0, 0, 0, 1, 2, 1, 1], [2, 0, 2, 0, 2, 1, 1, 1, 1, 2, 1, 2, 0, 1, 4, 3, 1, 2, 2, 1, 0, 1, 0, 1, 1, 1, 3, 0, 0, 1, 2, 0, 2, 0, 13, 16, 2, 2, 1, 2, 1, 2, 0, 2, 4, 3, 2, 2, 1, 1, 1, 2, 1, 2, 4, 0, 1, 1, 1, 1, 1, 1, 1, 0, 1, 0, 2, 4, 1, 2, 1, 1, 1, 0, 2, 2, 2, 2, 2, 1, 0, 2, 2, 2, 2, 3, 0, 0, 2, 2, 1, 3, 2, 1, 2, 4, 2, 0, 1, 1], [1, 1, 0, 4, 0, 0, 2, 2, 4, 4, 2, 1, 2, 3, 0, 0, 1, 0, 3, 0, 3, 1, 0, 1, 1, 1, 2, 1, 1, 0, 3, 0, 1, 2, 13, 12, 2, 4, 0, 1, 3, 5, 1, 1, 2, 6, 2, 2, 3, 1, 0, 6, 1, 2, 4, 3, 0, 2, 2, 3, 1, 2, 1, 4, 0, 2, 1, 2, 2, 1, 0, 2, 2, 0, 2, 1, 1, 1, 1, 1, 2, 0, 1, 0, 3, 2, 2, 2, 5, 3, 1, 1, 0, 1, 3, 3, 3, 1, 7, 3], [3, 0, 1, 0, 3, 0, 5, 1, 3, 1, 4, 3, 0, 3, 2, 0, 4, 0, 0, 4, 2, 2, 0, 0, 1, 0, 2, 0, 1, 2, 0, 4, 1, 0, 1, 0, 2, 1, 2, 0, 2, 0, 3, 0, 0, 1, 4, 0, 0, 3, 3, 0, 2, 0, 0, 1, 3, 3, 1, 2, 1, 4, 6, 6, 0, 1, 1, 0, 2, 2, 3, 4, 1, 2, 3, 2, 1, 1, 3, 0, 1, 5, 0, 0, 2, 0, 0, 3, 0, 2, 1, 3, 2, 4, 2, 1, 2, 0, 2, 2], [2, 1, 0, 2, 1, 1, 2, 2, 1, 0, 1, 2, 0, 0, 1, 0, 1, 0, 3, 2, 0, 0, 1, 1, 2, 0, 2, 1, 0, 1, 3, 1, 2, 0, 2, 1, 0, 1, 0, 1, 2, 2, 2, 0, 2, 0, 2, 6, 0, 1, 1, 3, 1, 1, 1, 2, 2, 3, 1, 3, 1, 2, 0, 3, 0, 0, 2, 1, 1, 1, 0, 1, 1, 1, 0, 1, 1, 0, 0, 0, 0, 1, 3, 1, 5, 2, 1, 2, 0, 2, 3, 2, 1, 2, 2, 0, 2, 3, 2, 2], [0, 0, 1, 1, 1, 0, 1, 3, 1, 0, 1, 1, 1, 1, 0, 1, 0, 1, 0, 1, 2, 0, 1, 1, 0, 4, 1, 1, 0, 2, 0, 0, 2, 2, 0, 0, 0, 0, 0, 1, 1, 1, 3, 1, 0, 2, 2, 1, 0, 1, 2, 4, 2, 0, 0, 1, 0, 2, 2, 0, 0, 2, 1, 0, 2, 1, 1, 0, 2, 1, 1, 1, 0, 1, 1, 1, 1, 2, 1, 0, 0, 2, 0, 0, 0, 2, 0, 2, 0, 0, 0, 1, 1, 0, 1, 0, 2, 0, 0, 1], [0, 0, 0, 2, 1, 1, 2, 2, 0, 1, 1, 0, 0, 0, 0, 0, 0, 0, 0, 1, 1, 0, 0, 2, 0, 2, 0, 0, 0, 0, 1, 1, 2, 0, 2, 0, 0, 0, 1, 0, 0, 1, 0, 4, 0, 0, 0, 0, 0, 0, 1, 1, 1, 0, 1, 0, 1, 1, 2, 1, 0, 0, 0, 0, 0, 0, 1, 0, 2, 0, 1, 0, 0, 1, 1, 0, 0, 1, 1, 0, 1, 1, 1, 0, 0, 1, 1, 0, 1, 1, 1, 0, 1, 0, 0, 0, 0, 0, 0, 2], [1, 0, 0, 0, 0, 0, 0, 0, 0, 0, 0, 0, 0, 0, 1, 0, 0, 1, 0, 0, 1, 0, 1, 1, 0, 0, 0, 0, 0, 1, 0, 0, 1, 0, 0, 0, 0, 0, 0, 0, 0, 0, 0, 0, 0, 0, 0, 0, 0, 1, 0, 2, 0, 0, 0, 0, 0, 0, 0, 0, 0, 1, 1, 0, 0, 0, 1, 0, 1, 0, 0, 1, 0, 0, 1, 0, 1, 0, 0, 0, 2, 0, 0, 0, 0, 1, 1, 0, 1, 0, 1, 2, 0, 0, 0, 0, 0, 1, 0, 0], [0, 0, 0, 0, 0, 0, 0, 0, 0, 0, 0, 0, 0, 0, 0, 0, 0, 0, 0, 1, 0, 0, 0, 0, 0, 0, 0, 0, 0, 0, 0, 0, 1, 0, 0, 0, 0, 0, 0, 0, 0, 0, 0, 0, 0, 0, 0, 0, 1, 0, 0, 1, 1, 1, 0, 1, 0, 0, 0, 0, 1, 0, 0, 0, 0, 0, 0, 0, 0, 0, 0, 0, 1, 0, 0, 1, 0, 0, 0, 0, 0, 0, 0, 0, 0, 1, 0, 0, 0, 0, 0, 0, 0, 0, 0, 0, 0, 0, 0, 0]]
MAX_USER_PER_ANTENNAS_m:  [40, 40, 40, 40, 40, 40, 40, 40, 40, 40, 40, 40, 40, 40, 40, 40, 40, 40, 40, 40, 40, 40, 40, 40, 40, 40, 40, 40, 40, 40, 40, 40, 40, 40, 40, 40, 40, 40, 40, 40, 40, 40, 40, 40, 40, 40, 40, 40, 40, 40, 40, 40, 40, 40, 40, 40, 40, 40, 40, 40, 40, 40, 40, 40, 40, 40, 40, 40, 40, 40, 40, 40, 40, 40, 40, 40, 40, 40, 40, 40, 40, 40, 40, 40, 40, 40, 40, 40, 40, 40, 40, 40, 40, 40, 40, 40, 40, 40, 40, 40]
antennas_map_m:  [1, 1, 1, 1, 1, 1, 1, 1, 1, 1, 1, 1, 1, 1, 1, 1, 1, 1, 1, 1, 1, 1, 1, 1, 1, 1, 1, 1, 1, 1, 1, 1, 1, 1, 1, 1, 1, 1, 1, 1, 1, 1, 1, 1, 1, 1, 1, 1, 1, 1, 1, 1, 1, 1, 1, 1, 1, 1, 1, 1, 1, 1, 1, 1, 1, 1, 1, 1, 1, 1, 1, 1, 1, 1, 1, 1, 1, 1, 1, 1, 1, 1, 1, 1, 1, 1, 1, 1, 1, 1, 1, 1, 1, 1, 1, 1, 1, 1, 1, 1]
FIRST_ANTENNA:  3
MIN_SNR_m:  [31.622776601683793, 31.622776601683793, 31.622776601683793, 31.622776601683793, 31.622776601683793, 31.622776601683793, 31.622776601683793, 31.622776601683793, 31.622776601683793, 31.622776601683793, 31.622776601683793, 31.622776601683793, 31.622776601683793, 31.622776601683793, 31.622776601683793, 31.622776601683793, 31.622776601683793, 31.622776601683793, 31.622776601683793, 31.622776601683793, 31.622776601683793, 31.622776601683793, 31.622776601683793, 31.622776601683793, 31.622776601683793, 31.622776601683793, 31.622776601683793, 31.622776601683793, 31.622776601683793, 31.622776601683793, 31.622776601683793, 31.622776601683793, 31.622776601683793, 31.622776601683793, 31.622776601683793, 31.622776601683793, 31.622776601683793, 31.622776601683793, 31.622776601683793, 31.622776601683793, 31.622776601683793, 31.622776601683793, 31.622776601683793, 31.622776601683793, 31.622776601683793, 31.622776601683793, 31.622776601683793, 31.622776601683793, 31.622776601683793, 31.622776601683793, 31.622776601683793, 31.622776601683793, 31.622776601683793, 31.622776601683793, 31.622776601683793, 31.622776601683793, 31.622776601683793, 31.622776601683793, 31.622776601683793, 31.622776601683793, 31.622776601683793, 31.622776601683793, 31.622776601683793, 31.622776601683793, 31.622776601683793, 31.622776601683793, 31.622776601683793, 31.622776601683793, 31.622776601683793, 31.622776601683793, 31.622776601683793, 31.622776601683793, 31.622776601683793, 31.622776601683793, 31.622776601683793, 31.622776601683793, 31.622776601683793, 31.622776601683793, 31.622776601683793, 31.622776601683793, 31.622776601683793, 31.622776601683793, 31.622776601683793, 31.622776601683793, 31.622776601683793, 31.622776601683793, 31.622776601683793, 31.622776601683793, 31.622776601683793, 31.622776601683793, 31.622776601683793, 31.622776601683793, 31.622776601683793, 31.622776601683793, 31.622776601683793, 31.622776601683793, 31.622776601683793, 31.622776601683793, 31.622776601683793, 31.622776601683793]
-MIN_DIST:  2000
- disaster percentage:  0

Média de carros: 7.5
t=0
$x_{0,3}$
		Usuarios totais: 0
$x_{0,35}$
	 $y_{0,35,34}$ = 22.070836855475335 dB
	 $y_{0,35,35}$ = 86.92206616599948 dB
	 $y_{0,35,43}$ = 19.883877684366027 dB
	 $y_{0,35,44}$ = 20.657658912676283 dB
	 $y_{0,35,45}$ = 26.72718353825553 dB
		SNR medio: 79.93237358163205
		Usuarios totais: 30
Distances:
3 : 35 = 1442.2205101855957
t=1
$x_{1,3}$
	 $y_{1,3,1}$ = 15.659904695839643 dB
	 $y_{1,3,4}$ = 28.816932017192357 dB
	 $y_{1,3,6}$ = 18.320999462864407 dB
		SNR medio: 24.60541510390357
		Usuarios totais: 3
$x_{1,19}$
	 $y_{1,19,17}$ = 23.01775574535432 dB
	 $y_{1,19,18}$ = 30.991491556971482 dB
	 $y_{1,19,19}$ = 85.65773323555618 dB
		SNR medio: 80.8865378837313
		Usuarios totais: 3
$x_{1,20}$
	 $y_{1,20,0}$ = 16.519646868620683 dB
	 $y_{1,20,10}$ = 26.079049494684867 dB
	 $y_{1,20,11}$ = 28.889914919728895 dB
	 $y_{1,20,21}$ = 37.95748125926045 dB
	 $y_{1,20,30}$ = 22.991881179420247 dB
	 $y_{1,20,31}$ = 29.010848969376966 dB
	 $y_{1,20,40}$ = 24.88473056683749 dB
		SNR medio: 30.982110964070486
		Usuarios totais: 8
$x_{1,35}$
	 $y_{1,35,16}$ = 23.863685977739337 dB
	 $y_{1,35,34}$ = 22.070836855475335 dB
	 $y_{1,35,35}$ = 86.92206616599948 dB
	 $y_{1,35,46}$ = 26.851255335498678 dB
		SNR medio: 80.90147409420602
		Usuarios totais: 33
$x_{1,52}$
	 $y_{1,52,44}$ = 22.330988035148266 dB
	 $y_{1,52,52}$ = 81.22370824618166 dB
	 $y_{1,52,60}$ = 16.067590756486723 dB
	 $y_{1,52,62}$ = 25.297502699513743 dB
	 $y_{1,52,70}$ = 17.8818083304771 dB
		SNR medio: 74.23402823960119
		Usuarios totais: 5
$x_{1,79}$
	 $y_{1,79,68}$ = 31.74382948470523 dB
	 $y_{1,79,87}$ = 16.557497952731865 dB
	 $y_{1,79,89}$ = 31.256626091473308 dB
	 $y_{1,79,98}$ = 17.1177497865404 dB
		SNR medio: 28.642779560149364
		Usuarios totais: 4
$x_{1,85}$
	 $y_{1,85,65}$ = 24.083365739314473 dB
	 $y_{1,85,84}$ = 25.82452920465947 dB
	 $y_{1,85,94}$ = 33.42170396713972 dB
		SNR medio: 29.75756777510327
		Usuarios totais: 4
$x_{1,91}$
	 $y_{1,91,90}$ = 32.636939654431245 dB
		SNR medio: 32.636939654431245
		Usuarios totais: 2
Distances:
3 : 19 = 2433.105012119288
3 : 20 = 1442.2205101855957
3 : 35 = 1442.2205101855957
3 : 52 = 2039.607805437114
3 : 79 = 3687.817782917155
3 : 85 = 3298.4845004941285
3 : 91 = 3687.817782917155
19 : 20 = 3622.154055254967
19 : 35 = 1788.8543819998317
19 : 52 = 3224.9030993194197
19 : 79 = 2400.0
19 : 85 = 3224.9030993194197
19 : 91 = 4525.483399593904
20 : 35 = 2039.607805437114
20 : 52 = 1442.2205101855957
20 : 79 = 4118.2520563948
20 : 85 = 3124.099870362662
20 : 91 = 2828.42712474619
35 : 52 = 1442.2205101855957
35 : 79 = 2262.741699796952
35 : 85 = 2000.0
35 : 91 = 2884.4410203711914
52 : 79 = 2912.043955712207
52 : 85 = 1697.0562748477141
52 : 91 = 1649.2422502470642
79 : 85 = 1649.2422502470642
79 : 91 = 3298.4845004941285
85 : 91 = 1649.2422502470642
t=2
$x_{2,3}$
	 $y_{2,3,1}$ = 15.659904695839643 dB
	 $y_{2,3,2}$ = 22.88170558100596 dB
	 $y_{2,3,5}$ = 15.260194959919957 dB
	 $y_{2,3,6}$ = 18.320999462864407 dB
	 $y_{2,3,12}$ = 29.62381767599743 dB
	 $y_{2,3,15}$ = 17.98395407447326 dB
		SNR medio: 23.399075171266944
		Usuarios totais: 7
$x_{2,19}$
	 $y_{2,19,19}$ = 85.65773323555618 dB
	 $y_{2,19,28}$ = 33.84124336608588 dB
	 $y_{2,19,29}$ = 26.18289199535245 dB
	 $y_{2,19,38}$ = 20.748055904982536 dB
		SNR medio: 79.63716821034349
		Usuarios totais: 6
$x_{2,20}$
	 $y_{2,20,11}$ = 28.889914919728895 dB
	 $y_{2,20,20}$ = 90.75226163079867 dB
	 $y_{2,20,30}$ = 22.991881179420247 dB
	 $y_{2,20,32}$ = 16.49610755456351 dB
	 $y_{2,20,34}$ = 15.840362439304826 dB
	 $y_{2,20,41}$ = 17.451058029247037 dB
		SNR medio: 82.97075318899434
		Usuarios totais: 25
$x_{2,35}$
	 $y_{2,35,24}$ = 24.430909767886035 dB
	 $y_{2,35,26}$ = 19.556697497408877 dB
	 $y_{2,35,35}$ = 86.92206616599948 dB
	 $y_{2,35,43}$ = 19.883877684366027 dB
	 $y_{2,35,45}$ = 26.72718353825553 dB
	 $y_{2,35,46}$ = 26.851255335498678 dB
	 $y_{2,35,47}$ = 19.837684742836615 dB
	 $y_{2,35,54}$ = 17.249479714480344 dB
	 $y_{2,35,56}$ = 20.02540592057447 dB
		SNR medio: 77.37965580497018
		Usuarios totais: 36
$x_{2,52}$
	 $y_{2,52,22}$ = 20.563359869778537 dB
	 $y_{2,52,31}$ = 21.636983196844994 dB
	 $y_{2,52,44}$ = 22.330988035148266 dB
	 $y_{2,52,53}$ = 30.4099028421372 dB
		SNR medio: 25.82532815658075
		Usuarios totais: 9
$x_{2,79}$
	 $y_{2,79,59}$ = 21.636470066700966 dB
	 $y_{2,79,68}$ = 31.74382948470523 dB
	 $y_{2,79,69}$ = 20.619915591190562 dB
	 $y_{2,79,88}$ = 24.27873538923204 dB
		SNR medio: 27.039479367886972
		Usuarios totais: 4
$x_{2,85}$
	 $y_{2,85,63}$ = 17.981312401968964 dB
	 $y_{2,85,65}$ = 24.083365739314473 dB
	 $y_{2,85,66}$ = 18.150240635625096 dB
	 $y_{2,85,73}$ = 17.961752112173855 dB
	 $y_{2,85,85}$ = 84.36248019860435 dB
	 $y_{2,85,92}$ = 15.233540630621732 dB
	 $y_{2,85,95}$ = 28.429609025148523 dB
	 $y_{2,85,96}$ = 26.984216327532877 dB
		SNR medio: 75.33160698623792
		Usuarios totais: 13
$x_{2,91}$
	 $y_{2,91,71}$ = 21.964921605112707 dB
	 $y_{2,91,80}$ = 20.54026132798063 dB
	 $y_{2,91,81}$ = 28.702756415067498 dB
	 $y_{2,91,82}$ = 18.967328228966252 dB
	 $y_{2,91,84}$ = 18.18070554845275 dB
	 $y_{2,91,91}$ = 87.29241212632907 dB
	 $y_{2,91,93}$ = 21.070956704433556 dB
		SNR medio: 78.84144213462706
		Usuarios totais: 9
Distances:
3 : 19 = 2433.105012119288
3 : 20 = 1442.2205101855957
3 : 35 = 1442.2205101855957
3 : 52 = 2039.607805437114
3 : 79 = 3687.817782917155
3 : 85 = 3298.4845004941285
3 : 91 = 3687.817782917155
19 : 20 = 3622.154055254967
19 : 35 = 1788.8543819998317
19 : 52 = 3224.9030993194197
19 : 79 = 2400.0
19 : 85 = 3224.9030993194197
19 : 91 = 4525.483399593904
20 : 35 = 2039.607805437114
20 : 52 = 1442.2205101855957
20 : 79 = 4118.2520563948
20 : 85 = 3124.099870362662
20 : 91 = 2828.42712474619
35 : 52 = 1442.2205101855957
35 : 79 = 2262.741699796952
35 : 85 = 2000.0
35 : 91 = 2884.4410203711914
52 : 79 = 2912.043955712207
52 : 85 = 1697.0562748477141
52 : 91 = 1649.2422502470642
79 : 85 = 1649.2422502470642
79 : 91 = 3298.4845004941285
85 : 91 = 1649.2422502470642
t=3
$x_{3,3}$
	 $y_{3,3,1}$ = 15.659904695839643 dB
	 $y_{3,3,2}$ = 22.88170558100596 dB
	 $y_{3,3,3}$ = 91.58192424219828 dB
	 $y_{3,3,4}$ = 28.816932017192357 dB
	 $y_{3,3,6}$ = 18.320999462864407 dB
	 $y_{3,3,12}$ = 29.62381767599743 dB
	 $y_{3,3,13}$ = 30.71445973333583 dB
		SNR medio: 83.1309533649534
		Usuarios totais: 12
$x_{3,19}$
	 $y_{3,19,7}$ = 16.979295766179575 dB
	 $y_{3,19,8}$ = 24.683999464152805 dB
	 $y_{3,19,9}$ = 23.808803117475648 dB
	 $y_{3,19,17}$ = 23.01775574535432 dB
	 $y_{3,19,18}$ = 30.991491556971482 dB
	 $y_{3,19,19}$ = 85.65773323555618 dB
	 $y_{3,19,27}$ = 17.930706690412762 dB
	 $y_{3,19,29}$ = 26.18289199535245 dB
	 $y_{3,19,38}$ = 20.748055904982536 dB
	 $y_{3,19,39}$ = 18.527173639024767 dB
	 $y_{3,19,48}$ = 19.330516495230057 dB
	 $y_{3,19,49}$ = 17.84855005089696 dB
		SNR medio: 74.86595447515761
		Usuarios totais: 16
$x_{3,20}$
	 $y_{3,20,0}$ = 16.519646868620683 dB
	 $y_{3,20,10}$ = 26.079049494684867 dB
	 $y_{3,20,20}$ = 90.75226163079867 dB
	 $y_{3,20,21}$ = 37.95748125926045 dB
	 $y_{3,20,24}$ = 15.049886110123637 dB
	 $y_{3,20,30}$ = 22.991881179420247 dB
	 $y_{3,20,31}$ = 29.010848969376966 dB
	 $y_{3,20,40}$ = 24.88473056683749 dB
	 $y_{3,20,41}$ = 17.451058029247037 dB
		SNR medio: 81.20986608065074
		Usuarios totais: 15
$x_{3,35}$
	 $y_{3,35,16}$ = 23.863685977739337 dB
	 $y_{3,35,26}$ = 19.556697497408877 dB
	 $y_{3,35,34}$ = 22.070836855475335 dB
	 $y_{3,35,35}$ = 86.92206616599948 dB
	 $y_{3,35,36}$ = 28.345390622398227 dB
	 $y_{3,35,45}$ = 26.72718353825553 dB
	 $y_{3,35,57}$ = 17.430487828190024 dB
	 $y_{3,35,64}$ = 20.482881861639825 dB
		SNR medio: 77.89118231524198
		Usuarios totais: 34
$x_{3,52}$
	 $y_{3,52,22}$ = 20.563359869778537 dB
	 $y_{3,52,32}$ = 16.000930760169737 dB
	 $y_{3,52,42}$ = 39.01119170180394 dB
	 $y_{3,52,44}$ = 22.330988035148266 dB
	 $y_{3,52,50}$ = 20.3235486964396 dB
	 $y_{3,52,51}$ = 30.306181756485827 dB
	 $y_{3,52,54}$ = 23.221767893286867 dB
	 $y_{3,52,60}$ = 16.067590756486723 dB
	 $y_{3,52,62}$ = 25.297502699513743 dB
	 $y_{3,52,70}$ = 17.8818083304771 dB
	 $y_{3,52,72}$ = 19.581676440698033 dB
		SNR medio: 29.676565306631538
		Usuarios totais: 16
$x_{3,79}$
	 $y_{3,79,58}$ = 22.220225772600884 dB
	 $y_{3,79,59}$ = 21.636470066700966 dB
	 $y_{3,79,68}$ = 31.74382948470523 dB
	 $y_{3,79,69}$ = 20.619915591190562 dB
	 $y_{3,79,76}$ = 16.292893578045707 dB
	 $y_{3,79,79}$ = 94.25360540338798 dB
	 $y_{3,79,87}$ = 16.557497952731865 dB
	 $y_{3,79,88}$ = 24.27873538923204 dB
	 $y_{3,79,98}$ = 17.1177497865404 dB
	 $y_{3,79,99}$ = 25.632729935521795 dB
		SNR medio: 84.25360979856359
		Usuarios totais: 15
$x_{3,85}$
	 $y_{3,85,63}$ = 17.981312401968964 dB
	 $y_{3,85,65}$ = 24.083365739314473 dB
	 $y_{3,85,73}$ = 17.961752112173855 dB
	 $y_{3,85,74}$ = 20.81366194783844 dB
	 $y_{3,85,75}$ = 28.54855490510117 dB
	 $y_{3,85,83}$ = 18.884418309171892 dB
	 $y_{3,85,84}$ = 25.82452920465947 dB
	 $y_{3,85,85}$ = 84.36248019860435 dB
	 $y_{3,85,96}$ = 26.984216327532877 dB
	 $y_{3,85,97}$ = 27.49834215912638 dB
		SNR medio: 74.36252376435118
		Usuarios totais: 16
$x_{3,91}$
	 $y_{3,91,71}$ = 21.964921605112707 dB
	 $y_{3,91,80}$ = 20.54026132798063 dB
	 $y_{3,91,81}$ = 28.702756415067498 dB
	 $y_{3,91,82}$ = 18.967328228966252 dB
	 $y_{3,91,90}$ = 32.636939654431245 dB
	 $y_{3,91,91}$ = 87.29241212632907 dB
		SNR medio: 79.51092332882428
		Usuarios totais: 12
Distances:
3 : 19 = 2433.105012119288
3 : 20 = 1442.2205101855957
3 : 35 = 1442.2205101855957
3 : 52 = 2039.607805437114
3 : 79 = 3687.817782917155
3 : 85 = 3298.4845004941285
3 : 91 = 3687.817782917155
19 : 20 = 3622.154055254967
19 : 35 = 1788.8543819998317
19 : 52 = 3224.9030993194197
19 : 79 = 2400.0
19 : 85 = 3224.9030993194197
19 : 91 = 4525.483399593904
20 : 35 = 2039.607805437114
20 : 52 = 1442.2205101855957
20 : 79 = 4118.2520563948
20 : 85 = 3124.099870362662
20 : 91 = 2828.42712474619
35 : 52 = 1442.2205101855957
35 : 79 = 2262.741699796952
35 : 85 = 2000.0
35 : 91 = 2884.4410203711914
52 : 79 = 2912.043955712207
52 : 85 = 1697.0562748477141
52 : 91 = 1649.2422502470642
79 : 85 = 1649.2422502470642
79 : 91 = 3298.4845004941285
85 : 91 = 1649.2422502470642
t=4
$x_{4,3}$
	 $y_{4,3,2}$ = 22.88170558100596 dB
	 $y_{4,3,4}$ = 28.816932017192357 dB
	 $y_{4,3,5}$ = 15.260194959919957 dB
	 $y_{4,3,6}$ = 18.320999462864407 dB
	 $y_{4,3,13}$ = 30.71445973333583 dB
	 $y_{4,3,14}$ = 19.516581762800172 dB
	 $y_{4,3,15}$ = 17.98395407447326 dB
	 $y_{4,3,23}$ = 19.541640125282413 dB
		SNR medio: 24.91071883278596
		Usuarios totais: 15
$x_{4,19}$
	 $y_{4,19,7}$ = 16.979295766179575 dB
	 $y_{4,19,8}$ = 24.683999464152805 dB
	 $y_{4,19,9}$ = 23.808803117475648 dB
	 $y_{4,19,17}$ = 23.01775574535432 dB
	 $y_{4,19,18}$ = 30.991491556971482 dB
	 $y_{4,19,19}$ = 85.65773323555618 dB
	 $y_{4,19,29}$ = 26.18289199535245 dB
	 $y_{4,19,38}$ = 20.748055904982536 dB
	 $y_{4,19,39}$ = 18.527173639024767 dB
	 $y_{4,19,48}$ = 19.330516495230057 dB
	 $y_{4,19,49}$ = 17.84855005089696 dB
		SNR medio: 75.24383935109489
		Usuarios totais: 15
$x_{4,20}$
	 $y_{4,20,0}$ = 16.519646868620683 dB
	 $y_{4,20,10}$ = 26.079049494684867 dB
	 $y_{4,20,11}$ = 28.889914919728895 dB
	 $y_{4,20,21}$ = 37.95748125926045 dB
	 $y_{4,20,24}$ = 15.049886110123637 dB
	 $y_{4,20,30}$ = 22.991881179420247 dB
	 $y_{4,20,34}$ = 15.840362439304826 dB
	 $y_{4,20,40}$ = 24.88473056683749 dB
	 $y_{4,20,41}$ = 17.451058029247037 dB
		SNR medio: 29.54558949098373
		Usuarios totais: 25
$x_{4,35}$
	 $y_{4,35,16}$ = 23.863685977739337 dB
	 $y_{4,35,25}$ = 29.218886952909386 dB
	 $y_{4,35,26}$ = 19.556697497408877 dB
	 $y_{4,35,35}$ = 86.92206616599948 dB
	 $y_{4,35,36}$ = 28.345390622398227 dB
	 $y_{4,35,37}$ = 20.72160410635422 dB
	 $y_{4,35,44}$ = 20.657658912676283 dB
	 $y_{4,35,45}$ = 26.72718353825553 dB
	 $y_{4,35,46}$ = 26.851255335498678 dB
	 $y_{4,35,47}$ = 19.837684742836615 dB
	 $y_{4,35,56}$ = 20.02540592057447 dB
	 $y_{4,35,57}$ = 17.430487828190024 dB
	 $y_{4,35,64}$ = 20.482881861639825 dB
		SNR medio: 75.78266268889597
		Usuarios totais: 39
$x_{4,52}$
	 $y_{4,52,32}$ = 16.000930760169737 dB
	 $y_{4,52,43}$ = 26.938333284121555 dB
	 $y_{4,52,50}$ = 20.3235486964396 dB
	 $y_{4,52,51}$ = 30.306181756485827 dB
	 $y_{4,52,52}$ = 81.22370824618166 dB
	 $y_{4,52,53}$ = 30.4099028421372 dB
	 $y_{4,52,54}$ = 23.221767893286867 dB
	 $y_{4,52,60}$ = 16.067590756486723 dB
	 $y_{4,52,61}$ = 22.67975470298886 dB
	 $y_{4,52,62}$ = 25.297502699513743 dB
	 $y_{4,52,70}$ = 17.8818083304771 dB
	 $y_{4,52,72}$ = 19.581676440698033 dB
		SNR medio: 70.43201833673096
		Usuarios totais: 19
$x_{4,79}$
	 $y_{4,79,58}$ = 22.220225772600884 dB
	 $y_{4,79,59}$ = 21.636470066700966 dB
	 $y_{4,79,67}$ = 17.98759461108739 dB
	 $y_{4,79,68}$ = 31.74382948470523 dB
	 $y_{4,79,69}$ = 20.619915591190562 dB
	 $y_{4,79,76}$ = 16.292893578045707 dB
	 $y_{4,79,77}$ = 24.530673101749272 dB
	 $y_{4,79,78}$ = 26.19592136526505 dB
	 $y_{4,79,79}$ = 94.25360540338798 dB
	 $y_{4,79,88}$ = 24.27873538923204 dB
	 $y_{4,79,89}$ = 31.256626091473308 dB
	 $y_{4,79,98}$ = 17.1177497865404 dB
	 $y_{4,79,99}$ = 25.632729935521795 dB
		SNR medio: 83.11417962455474
		Usuarios totais: 22
$x_{4,85}$
	 $y_{4,85,66}$ = 18.150240635625096 dB
	 $y_{4,85,74}$ = 20.81366194783844 dB
	 $y_{4,85,75}$ = 28.54855490510117 dB
	 $y_{4,85,83}$ = 18.884418309171892 dB
	 $y_{4,85,85}$ = 84.36248019860435 dB
	 $y_{4,85,92}$ = 15.233540630621732 dB
	 $y_{4,85,94}$ = 33.42170396713972 dB
	 $y_{4,85,95}$ = 28.429609025148523 dB
	 $y_{4,85,96}$ = 26.984216327532877 dB
		SNR medio: 74.82012520056587
		Usuarios totais: 21
$x_{4,91}$
	 $y_{4,91,71}$ = 21.964921605112707 dB
	 $y_{4,91,81}$ = 28.702756415067498 dB
	 $y_{4,91,82}$ = 18.967328228966252 dB
	 $y_{4,91,84}$ = 18.18070554845275 dB
	 $y_{4,91,90}$ = 32.636939654431245 dB
	 $y_{4,91,91}$ = 87.29241212632907 dB
	 $y_{4,91,93}$ = 21.070956704433556 dB
		SNR medio: 78.84145608461881
		Usuarios totais: 12
Distances:
3 : 19 = 2433.105012119288
3 : 20 = 1442.2205101855957
3 : 35 = 1442.2205101855957
3 : 52 = 2039.607805437114
3 : 79 = 3687.817782917155
3 : 85 = 3298.4845004941285
3 : 91 = 3687.817782917155
19 : 20 = 3622.154055254967
19 : 35 = 1788.8543819998317
19 : 52 = 3224.9030993194197
19 : 79 = 2400.0
19 : 85 = 3224.9030993194197
19 : 91 = 4525.483399593904
20 : 35 = 2039.607805437114
20 : 52 = 1442.2205101855957
20 : 79 = 4118.2520563948
20 : 85 = 3124.099870362662
20 : 91 = 2828.42712474619
35 : 52 = 1442.2205101855957
35 : 79 = 2262.741699796952
35 : 85 = 2000.0
35 : 91 = 2884.4410203711914
52 : 79 = 2912.043955712207
52 : 85 = 1697.0562748477141
52 : 91 = 1649.2422502470642
79 : 85 = 1649.2422502470642
79 : 91 = 3298.4845004941285
85 : 91 = 1649.2422502470642
t=5
$x_{5,3}$
	 $y_{5,3,1}$ = 15.659904695839643 dB
	 $y_{5,3,3}$ = 91.58192424219828 dB
	 $y_{5,3,6}$ = 18.320999462864407 dB
	 $y_{5,3,12}$ = 29.62381767599743 dB
	 $y_{5,3,13}$ = 30.71445973333583 dB
	 $y_{5,3,23}$ = 19.541640125282413 dB
	 $y_{5,3,33}$ = 18.306788915676208 dB
		SNR medio: 83.13095095727638
		Usuarios totais: 15
$x_{5,19}$
	 $y_{5,19,7}$ = 16.979295766179575 dB
	 $y_{5,19,8}$ = 24.683999464152805 dB
	 $y_{5,19,9}$ = 23.808803117475648 dB
	 $y_{5,19,18}$ = 30.991491556971482 dB
	 $y_{5,19,27}$ = 17.930706690412762 dB
	 $y_{5,19,28}$ = 33.84124336608588 dB
	 $y_{5,19,39}$ = 18.527173639024767 dB
	 $y_{5,19,48}$ = 19.330516495230057 dB
	 $y_{5,19,49}$ = 17.84855005089696 dB
		SNR medio: 27.03047928270676
		Usuarios totais: 20
$x_{5,20}$
	 $y_{5,20,0}$ = 16.519646868620683 dB
	 $y_{5,20,10}$ = 26.079049494684867 dB
	 $y_{5,20,11}$ = 28.889914919728895 dB
	 $y_{5,20,20}$ = 90.75226163079867 dB
	 $y_{5,20,21}$ = 37.95748125926045 dB
	 $y_{5,20,24}$ = 15.049886110123637 dB
	 $y_{5,20,30}$ = 22.991881179420247 dB
	 $y_{5,20,32}$ = 16.49610755456351 dB
	 $y_{5,20,34}$ = 15.840362439304826 dB
	 $y_{5,20,40}$ = 24.88473056683749 dB
	 $y_{5,20,41}$ = 17.451058029247037 dB
		SNR medio: 80.33836454673528
		Usuarios totais: 34
$x_{5,35}$
	 $y_{5,35,16}$ = 23.863685977739337 dB
	 $y_{5,35,25}$ = 29.218886952909386 dB
	 $y_{5,35,26}$ = 19.556697497408877 dB
	 $y_{5,35,35}$ = 86.92206616599948 dB
	 $y_{5,35,36}$ = 28.345390622398227 dB
	 $y_{5,35,37}$ = 20.72160410635422 dB
	 $y_{5,35,45}$ = 26.72718353825553 dB
	 $y_{5,35,46}$ = 26.851255335498678 dB
	 $y_{5,35,47}$ = 19.837684742836615 dB
	 $y_{5,35,55}$ = 19.004623078999103 dB
	 $y_{5,35,57}$ = 17.430487828190024 dB
		SNR medio: 76.50816716208035
		Usuarios totais: 37
$x_{5,52}$
	 $y_{5,52,42}$ = 39.01119170180394 dB
	 $y_{5,52,43}$ = 26.938333284121555 dB
	 $y_{5,52,44}$ = 22.330988035148266 dB
	 $y_{5,52,51}$ = 30.306181756485827 dB
	 $y_{5,52,52}$ = 81.22370824618166 dB
	 $y_{5,52,53}$ = 30.4099028421372 dB
	 $y_{5,52,54}$ = 23.221767893286867 dB
	 $y_{5,52,60}$ = 16.067590756486723 dB
	 $y_{5,52,61}$ = 22.67975470298886 dB
	 $y_{5,52,62}$ = 25.297502699513743 dB
		SNR medio: 71.2240874996266
		Usuarios totais: 21
$x_{5,79}$
	 $y_{5,79,58}$ = 22.220225772600884 dB
	 $y_{5,79,59}$ = 21.636470066700966 dB
	 $y_{5,79,67}$ = 17.98759461108739 dB
	 $y_{5,79,68}$ = 31.74382948470523 dB
	 $y_{5,79,69}$ = 20.619915591190562 dB
	 $y_{5,79,76}$ = 16.292893578045707 dB
	 $y_{5,79,77}$ = 24.530673101749272 dB
	 $y_{5,79,78}$ = 26.19592136526505 dB
	 $y_{5,79,79}$ = 94.25360540338798 dB
	 $y_{5,79,87}$ = 16.557497952731865 dB
	 $y_{5,79,88}$ = 24.27873538923204 dB
	 $y_{5,79,89}$ = 31.256626091473308 dB
	 $y_{5,79,98}$ = 17.1177497865404 dB
	 $y_{5,79,99}$ = 25.632729935521795 dB
		SNR medio: 82.79233286466051
		Usuarios totais: 34
$x_{5,85}$
	 $y_{5,85,63}$ = 17.981312401968964 dB
	 $y_{5,85,65}$ = 24.083365739314473 dB
	 $y_{5,85,66}$ = 18.150240635625096 dB
	 $y_{5,85,74}$ = 20.81366194783844 dB
	 $y_{5,85,75}$ = 28.54855490510117 dB
	 $y_{5,85,84}$ = 25.82452920465947 dB
	 $y_{5,85,85}$ = 84.36248019860435 dB
	 $y_{5,85,86}$ = 31.6607526816816 dB
	 $y_{5,85,94}$ = 33.42170396713972 dB
	 $y_{5,85,95}$ = 28.429609025148523 dB
	 $y_{5,85,96}$ = 26.984216327532877 dB
	 $y_{5,85,97}$ = 27.49834215912638 dB
		SNR medio: 73.57077948009609
		Usuarios totais: 27
$x_{5,91}$
	 $y_{5,91,71}$ = 21.964921605112707 dB
	 $y_{5,91,72}$ = 15.10600057283284 dB
	 $y_{5,91,80}$ = 20.54026132798063 dB
	 $y_{5,91,82}$ = 18.967328228966252 dB
	 $y_{5,91,90}$ = 32.636939654431245 dB
	 $y_{5,91,91}$ = 87.29241212632907 dB
	 $y_{5,91,93}$ = 21.070956704433556 dB
		SNR medio: 78.84145072248667
		Usuarios totais: 10
Distances:
3 : 19 = 2433.105012119288
3 : 20 = 1442.2205101855957
3 : 35 = 1442.2205101855957
3 : 52 = 2039.607805437114
3 : 79 = 3687.817782917155
3 : 85 = 3298.4845004941285
3 : 91 = 3687.817782917155
19 : 20 = 3622.154055254967
19 : 35 = 1788.8543819998317
19 : 52 = 3224.9030993194197
19 : 79 = 2400.0
19 : 85 = 3224.9030993194197
19 : 91 = 4525.483399593904
20 : 35 = 2039.607805437114
20 : 52 = 1442.2205101855957
20 : 79 = 4118.2520563948
20 : 85 = 3124.099870362662
20 : 91 = 2828.42712474619
35 : 52 = 1442.2205101855957
35 : 79 = 2262.741699796952
35 : 85 = 2000.0
35 : 91 = 2884.4410203711914
52 : 79 = 2912.043955712207
52 : 85 = 1697.0562748477141
52 : 91 = 1649.2422502470642
79 : 85 = 1649.2422502470642
79 : 91 = 3298.4845004941285
85 : 91 = 1649.2422502470642
t=6
$x_{6,3}$
	 $y_{6,3,2}$ = 22.88170558100596 dB
	 $y_{6,3,4}$ = 28.816932017192357 dB
	 $y_{6,3,6}$ = 18.320999462864407 dB
	 $y_{6,3,13}$ = 30.71445973333583 dB
	 $y_{6,3,14}$ = 19.516581762800172 dB
		SNR medio: 26.61230126099035
		Usuarios totais: 14
$x_{6,19}$
	 $y_{6,19,7}$ = 16.979295766179575 dB
	 $y_{6,19,8}$ = 24.683999464152805 dB
	 $y_{6,19,9}$ = 23.808803117475648 dB
	 $y_{6,19,19}$ = 85.65773323555618 dB
	 $y_{6,19,28}$ = 33.84124336608588 dB
	 $y_{6,19,29}$ = 26.18289199535245 dB
	 $y_{6,19,38}$ = 20.748055904982536 dB
	 $y_{6,19,49}$ = 17.84855005089696 dB
		SNR medio: 76.62687586948563
		Usuarios totais: 17
$x_{6,20}$
	 $y_{6,20,0}$ = 16.519646868620683 dB
	 $y_{6,20,10}$ = 26.079049494684867 dB
	 $y_{6,20,11}$ = 28.889914919728895 dB
	 $y_{6,20,20}$ = 90.75226163079867 dB
	 $y_{6,20,21}$ = 37.95748125926045 dB
	 $y_{6,20,24}$ = 15.049886110123637 dB
	 $y_{6,20,34}$ = 15.840362439304826 dB
	 $y_{6,20,40}$ = 24.88473056683749 dB
		SNR medio: 81.72139043497923
		Usuarios totais: 18
$x_{6,35}$
	 $y_{6,35,16}$ = 23.863685977739337 dB
	 $y_{6,35,26}$ = 19.556697497408877 dB
	 $y_{6,35,36}$ = 28.345390622398227 dB
	 $y_{6,35,37}$ = 20.72160410635422 dB
	 $y_{6,35,45}$ = 26.72718353825553 dB
	 $y_{6,35,46}$ = 26.851255335498678 dB
	 $y_{6,35,55}$ = 19.004623078999103 dB
	 $y_{6,35,56}$ = 20.02540592057447 dB
	 $y_{6,35,57}$ = 17.430487828190024 dB
	 $y_{6,35,66}$ = 18.455687684016084 dB
		SNR medio: 23.79394472234564
		Usuarios totais: 22
$x_{6,52}$
	 $y_{6,52,31}$ = 21.636983196844994 dB
	 $y_{6,52,32}$ = 16.000930760169737 dB
	 $y_{6,52,42}$ = 39.01119170180394 dB
	 $y_{6,52,50}$ = 20.3235486964396 dB
	 $y_{6,52,52}$ = 81.22370824618166 dB
	 $y_{6,52,60}$ = 16.067590756486723 dB
	 $y_{6,52,61}$ = 22.67975470298886 dB
	 $y_{6,52,62}$ = 25.297502699513743 dB
	 $y_{6,52,63}$ = 26.125623181996858 dB
	 $y_{6,52,70}$ = 17.8818083304771 dB
	 $y_{6,52,72}$ = 19.581676440698033 dB
		SNR medio: 70.81008883805747
		Usuarios totais: 34
$x_{6,79}$
	 $y_{6,79,58}$ = 22.220225772600884 dB
	 $y_{6,79,59}$ = 21.636470066700966 dB
	 $y_{6,79,68}$ = 31.74382948470523 dB
	 $y_{6,79,69}$ = 20.619915591190562 dB
	 $y_{6,79,76}$ = 16.292893578045707 dB
	 $y_{6,79,77}$ = 24.530673101749272 dB
	 $y_{6,79,78}$ = 26.19592136526505 dB
	 $y_{6,79,89}$ = 31.256626091473308 dB
	 $y_{6,79,98}$ = 17.1177497865404 dB
	 $y_{6,79,99}$ = 25.632729935521795 dB
		SNR medio: 26.451992914142455
		Usuarios totais: 18
$x_{6,85}$
	 $y_{6,85,65}$ = 24.083365739314473 dB
	 $y_{6,85,73}$ = 17.961752112173855 dB
	 $y_{6,85,74}$ = 20.81366194783844 dB
	 $y_{6,85,75}$ = 28.54855490510117 dB
	 $y_{6,85,87}$ = 20.241133230585774 dB
	 $y_{6,85,94}$ = 33.42170396713972 dB
	 $y_{6,85,95}$ = 28.429609025148523 dB
	 $y_{6,85,96}$ = 26.984216327532877 dB
		SNR medio: 27.648739582488968
		Usuarios totais: 16
$x_{6,91}$
	 $y_{6,91,71}$ = 21.964921605112707 dB
	 $y_{6,91,80}$ = 20.54026132798063 dB
	 $y_{6,91,81}$ = 28.702756415067498 dB
	 $y_{6,91,84}$ = 18.18070554845275 dB
	 $y_{6,91,90}$ = 32.636939654431245 dB
	 $y_{6,91,91}$ = 87.29241212632907 dB
	 $y_{6,91,92}$ = 28.681104793094306 dB
	 $y_{6,91,93}$ = 21.070956704433556 dB
		SNR medio: 78.26154287289991
		Usuarios totais: 22
Distances:
3 : 19 = 2433.105012119288
3 : 20 = 1442.2205101855957
3 : 35 = 1442.2205101855957
3 : 52 = 2039.607805437114
3 : 79 = 3687.817782917155
3 : 85 = 3298.4845004941285
3 : 91 = 3687.817782917155
19 : 20 = 3622.154055254967
19 : 35 = 1788.8543819998317
19 : 52 = 3224.9030993194197
19 : 79 = 2400.0
19 : 85 = 3224.9030993194197
19 : 91 = 4525.483399593904
20 : 35 = 2039.607805437114
20 : 52 = 1442.2205101855957
20 : 79 = 4118.2520563948
20 : 85 = 3124.099870362662
20 : 91 = 2828.42712474619
35 : 52 = 1442.2205101855957
35 : 79 = 2262.741699796952
35 : 85 = 2000.0
35 : 91 = 2884.4410203711914
52 : 79 = 2912.043955712207
52 : 85 = 1697.0562748477141
52 : 91 = 1649.2422502470642
79 : 85 = 1649.2422502470642
79 : 91 = 3298.4845004941285
85 : 91 = 1649.2422502470642
t=7
$x_{7,3}$
	 $y_{7,3,1}$ = 15.659904695839643 dB
	 $y_{7,3,3}$ = 91.58192424219828 dB
	 $y_{7,3,4}$ = 28.816932017192357 dB
	 $y_{7,3,5}$ = 15.260194959919957 dB
	 $y_{7,3,6}$ = 18.320999462864407 dB
	 $y_{7,3,14}$ = 19.516581762800172 dB
	 $y_{7,3,23}$ = 19.541640125282413 dB
		SNR medio: 83.13094709846902
		Usuarios totais: 9
$x_{7,19}$
	 $y_{7,19,7}$ = 16.979295766179575 dB
	 $y_{7,19,8}$ = 24.683999464152805 dB
	 $y_{7,19,18}$ = 30.991491556971482 dB
	 $y_{7,19,19}$ = 85.65773323555618 dB
	 $y_{7,19,27}$ = 17.930706690412762 dB
	 $y_{7,19,29}$ = 26.18289199535245 dB
	 $y_{7,19,39}$ = 18.527173639024767 dB
	 $y_{7,19,49}$ = 17.84855005089696 dB
		SNR medio: 76.62685944985408
		Usuarios totais: 12
$x_{7,20}$
	 $y_{7,20,0}$ = 16.519646868620683 dB
	 $y_{7,20,10}$ = 26.079049494684867 dB
	 $y_{7,20,11}$ = 28.889914919728895 dB
	 $y_{7,20,24}$ = 15.049886110123637 dB
	 $y_{7,20,30}$ = 22.991881179420247 dB
	 $y_{7,20,31}$ = 29.010848969376966 dB
	 $y_{7,20,32}$ = 16.49610755456351 dB
	 $y_{7,20,34}$ = 15.840362439304826 dB
	 $y_{7,20,40}$ = 24.88473056683749 dB
	 $y_{7,20,41}$ = 17.451058029247037 dB
		SNR medio: 24.311618784816645
		Usuarios totais: 19
$x_{7,35}$
	 $y_{7,35,16}$ = 23.863685977739337 dB
	 $y_{7,35,26}$ = 19.556697497408877 dB
	 $y_{7,35,35}$ = 86.92206616599948 dB
	 $y_{7,35,37}$ = 20.72160410635422 dB
	 $y_{7,35,44}$ = 20.657658912676283 dB
	 $y_{7,35,46}$ = 26.851255335498678 dB
	 $y_{7,35,47}$ = 19.837684742836615 dB
	 $y_{7,35,55}$ = 19.004623078999103 dB
	 $y_{7,35,56}$ = 20.02540592057447 dB
	 $y_{7,35,57}$ = 17.430487828190024 dB
	 $y_{7,35,66}$ = 18.455687684016084 dB
		SNR medio: 76.50815214466947
		Usuarios totais: 24
$x_{7,52}$
	 $y_{7,52,22}$ = 20.563359869778537 dB
	 $y_{7,52,42}$ = 39.01119170180394 dB
	 $y_{7,52,50}$ = 20.3235486964396 dB
	 $y_{7,52,51}$ = 30.306181756485827 dB
	 $y_{7,52,52}$ = 81.22370824618166 dB
	 $y_{7,52,53}$ = 30.4099028421372 dB
	 $y_{7,52,54}$ = 23.221767893286867 dB
	 $y_{7,52,60}$ = 16.067590756486723 dB
	 $y_{7,52,61}$ = 22.67975470298886 dB
	 $y_{7,52,72}$ = 19.581676440698033 dB
	 $y_{7,52,81}$ = 16.770705309567617 dB
		SNR medio: 70.81013955336584
		Usuarios totais: 15
$x_{7,79}$
	 $y_{7,79,58}$ = 22.220225772600884 dB
	 $y_{7,79,59}$ = 21.636470066700966 dB
	 $y_{7,79,67}$ = 17.98759461108739 dB
	 $y_{7,79,68}$ = 31.74382948470523 dB
	 $y_{7,79,69}$ = 20.619915591190562 dB
	 $y_{7,79,76}$ = 16.292893578045707 dB
	 $y_{7,79,89}$ = 31.256626091473308 dB
	 $y_{7,79,98}$ = 17.1177497865404 dB
	 $y_{7,79,99}$ = 25.632729935521795 dB
		SNR medio: 26.232875530699573
		Usuarios totais: 14
$x_{7,85}$
	 $y_{7,85,63}$ = 17.981312401968964 dB
	 $y_{7,85,73}$ = 17.961752112173855 dB
	 $y_{7,85,75}$ = 28.54855490510117 dB
	 $y_{7,85,83}$ = 18.884418309171892 dB
	 $y_{7,85,85}$ = 84.36248019860435 dB
	 $y_{7,85,86}$ = 31.6607526816816 dB
	 $y_{7,85,87}$ = 20.241133230585774 dB
	 $y_{7,85,92}$ = 15.233540630621732 dB
	 $y_{7,85,94}$ = 33.42170396713972 dB
	 $y_{7,85,96}$ = 26.984216327532877 dB
	 $y_{7,85,97}$ = 27.49834215912638 dB
		SNR medio: 73.94864533664268
		Usuarios totais: 19
$x_{7,91}$
	 $y_{7,91,71}$ = 21.964921605112707 dB
	 $y_{7,91,82}$ = 18.967328228966252 dB
	 $y_{7,91,84}$ = 18.18070554845275 dB
	 $y_{7,91,90}$ = 32.636939654431245 dB
	 $y_{7,91,91}$ = 87.29241212632907 dB
	 $y_{7,91,93}$ = 21.070956704433556 dB
		SNR medio: 79.51091797172569
		Usuarios totais: 16
Distances:
3 : 19 = 2433.105012119288
3 : 20 = 1442.2205101855957
3 : 35 = 1442.2205101855957
3 : 52 = 2039.607805437114
3 : 79 = 3687.817782917155
3 : 85 = 3298.4845004941285
3 : 91 = 3687.817782917155
19 : 20 = 3622.154055254967
19 : 35 = 1788.8543819998317
19 : 52 = 3224.9030993194197
19 : 79 = 2400.0
19 : 85 = 3224.9030993194197
19 : 91 = 4525.483399593904
20 : 35 = 2039.607805437114
20 : 52 = 1442.2205101855957
20 : 79 = 4118.2520563948
20 : 85 = 3124.099870362662
20 : 91 = 2828.42712474619
35 : 52 = 1442.2205101855957
35 : 79 = 2262.741699796952
35 : 85 = 2000.0
35 : 91 = 2884.4410203711914
52 : 79 = 2912.043955712207
52 : 85 = 1697.0562748477141
52 : 91 = 1649.2422502470642
79 : 85 = 1649.2422502470642
79 : 91 = 3298.4845004941285
85 : 91 = 1649.2422502470642
t=8
$x_{8,3}$
	 $y_{8,3,2}$ = 22.88170558100596 dB
	 $y_{8,3,3}$ = 91.58192424219828 dB
	 $y_{8,3,4}$ = 28.816932017192357 dB
	 $y_{8,3,6}$ = 18.320999462864407 dB
	 $y_{8,3,12}$ = 29.62381767599743 dB
	 $y_{8,3,13}$ = 30.71445973333583 dB
	 $y_{8,3,15}$ = 17.98395407447326 dB
	 $y_{8,3,23}$ = 19.541640125282413 dB
	 $y_{8,3,33}$ = 18.306788915676208 dB
		SNR medio: 82.03950922509264
		Usuarios totais: 10
$x_{8,19}$
	 $y_{8,19,7}$ = 16.979295766179575 dB
	 $y_{8,19,8}$ = 24.683999464152805 dB
	 $y_{8,19,17}$ = 23.01775574535432 dB
	 $y_{8,19,19}$ = 85.65773323555618 dB
	 $y_{8,19,27}$ = 17.930706690412762 dB
	 $y_{8,19,29}$ = 26.18289199535245 dB
	 $y_{8,19,39}$ = 18.527173639024767 dB
	 $y_{8,19,49}$ = 17.84855005089696 dB
		SNR medio: 76.62684698401974
		Usuarios totais: 11
$x_{8,20}$
	 $y_{8,20,10}$ = 26.079049494684867 dB
	 $y_{8,20,11}$ = 28.889914919728895 dB
	 $y_{8,20,20}$ = 90.75226163079867 dB
	 $y_{8,20,32}$ = 16.49610755456351 dB
	 $y_{8,20,40}$ = 24.88473056683749 dB
		SNR medio: 83.76256718425745
		Usuarios totais: 7
$x_{8,35}$
	 $y_{8,35,25}$ = 29.218886952909386 dB
	 $y_{8,35,26}$ = 19.556697497408877 dB
	 $y_{8,35,43}$ = 19.883877684366027 dB
	 $y_{8,35,45}$ = 26.72718353825553 dB
	 $y_{8,35,46}$ = 26.851255335498678 dB
	 $y_{8,35,47}$ = 19.837684742836615 dB
	 $y_{8,35,55}$ = 19.004623078999103 dB
	 $y_{8,35,57}$ = 17.430487828190024 dB
	 $y_{8,35,64}$ = 20.482881861639825 dB
	 $y_{8,35,66}$ = 18.455687684016084 dB
		SNR medio: 23.78590047615464
		Usuarios totais: 17
$x_{8,52}$
	 $y_{8,52,22}$ = 20.563359869778537 dB
	 $y_{8,52,41}$ = 21.908716177406674 dB
	 $y_{8,52,42}$ = 39.01119170180394 dB
	 $y_{8,52,50}$ = 20.3235486964396 dB
	 $y_{8,52,51}$ = 30.306181756485827 dB
	 $y_{8,52,52}$ = 81.22370824618166 dB
	 $y_{8,52,61}$ = 22.67975470298886 dB
	 $y_{8,52,62}$ = 25.297502699513743 dB
	 $y_{8,52,70}$ = 17.8818083304771 dB
	 $y_{8,52,81}$ = 16.770705309567617 dB
		SNR medio: 71.22403741101165
		Usuarios totais: 19
$x_{8,79}$
	 $y_{8,79,58}$ = 22.220225772600884 dB
	 $y_{8,79,69}$ = 20.619915591190562 dB
	 $y_{8,79,76}$ = 16.292893578045707 dB
	 $y_{8,79,77}$ = 24.530673101749272 dB
	 $y_{8,79,78}$ = 26.19592136526505 dB
	 $y_{8,79,87}$ = 16.557497952731865 dB
	 $y_{8,79,99}$ = 25.632729935521795 dB
		SNR medio: 23.12076658064699
		Usuarios totais: 10
$x_{8,85}$
	 $y_{8,85,65}$ = 24.083365739314473 dB
	 $y_{8,85,68}$ = 21.163969535910837 dB
	 $y_{8,85,73}$ = 17.961752112173855 dB
	 $y_{8,85,74}$ = 20.81366194783844 dB
	 $y_{8,85,75}$ = 28.54855490510117 dB
	 $y_{8,85,85}$ = 84.36248019860435 dB
	 $y_{8,85,92}$ = 15.233540630621732 dB
	 $y_{8,85,94}$ = 33.42170396713972 dB
	 $y_{8,85,96}$ = 26.984216327532877 dB
		SNR medio: 74.82011899940453
		Usuarios totais: 12
$x_{8,91}$
	 $y_{8,91,71}$ = 21.964921605112707 dB
	 $y_{8,91,91}$ = 87.29241212632907 dB
		SNR medio: 84.28211344329554
		Usuarios totais: 2
Distances:
3 : 19 = 2433.105012119288
3 : 20 = 1442.2205101855957
3 : 35 = 1442.2205101855957
3 : 52 = 2039.607805437114
3 : 79 = 3687.817782917155
3 : 85 = 3298.4845004941285
3 : 91 = 3687.817782917155
19 : 20 = 3622.154055254967
19 : 35 = 1788.8543819998317
19 : 52 = 3224.9030993194197
19 : 79 = 2400.0
19 : 85 = 3224.9030993194197
19 : 91 = 4525.483399593904
20 : 35 = 2039.607805437114
20 : 52 = 1442.2205101855957
20 : 79 = 4118.2520563948
20 : 85 = 3124.099870362662
20 : 91 = 2828.42712474619
35 : 52 = 1442.2205101855957
35 : 79 = 2262.741699796952
35 : 85 = 2000.0
35 : 91 = 2884.4410203711914
52 : 79 = 2912.043955712207
52 : 85 = 1697.0562748477141
52 : 91 = 1649.2422502470642
79 : 85 = 1649.2422502470642
79 : 91 = 3298.4845004941285
85 : 91 = 1649.2422502470642
t=9
$x_{9,3}$
	 $y_{9,3,3}$ = 91.58192424219828 dB
	 $y_{9,3,4}$ = 28.816932017192357 dB
	 $y_{9,3,5}$ = 15.260194959919957 dB
	 $y_{9,3,6}$ = 18.320999462864407 dB
	 $y_{9,3,23}$ = 19.541640125282413 dB
		SNR medio: 84.59222707425604
		Usuarios totais: 8
$x_{9,19}$
	 $y_{9,19,7}$ = 16.979295766179575 dB
	 $y_{9,19,9}$ = 23.808803117475648 dB
	 $y_{9,19,19}$ = 85.65773323555618 dB
	 $y_{9,19,38}$ = 20.748055904982536 dB
		SNR medio: 79.63713815046711
		Usuarios totais: 5
$x_{9,20}$
	 $y_{9,20,10}$ = 26.079049494684867 dB
	 $y_{9,20,20}$ = 90.75226163079867 dB
	 $y_{9,20,30}$ = 22.991881179420247 dB
	 $y_{9,20,31}$ = 29.010848969376966 dB
	 $y_{9,20,32}$ = 16.49610755456351 dB
	 $y_{9,20,34}$ = 15.840362439304826 dB
		SNR medio: 82.97075454646914
		Usuarios totais: 8
$x_{9,35}$
	 $y_{9,35,25}$ = 29.218886952909386 dB
	 $y_{9,35,43}$ = 19.883877684366027 dB
	 $y_{9,35,56}$ = 20.02540592057447 dB
	 $y_{9,35,57}$ = 17.430487828190024 dB
		SNR medio: 24.348396306776074
		Usuarios totais: 8
$x_{9,52}$
	 $y_{9,52,41}$ = 21.908716177406674 dB
	 $y_{9,52,50}$ = 20.3235486964396 dB
	 $y_{9,52,51}$ = 30.306181756485827 dB
	 $y_{9,52,52}$ = 81.22370824618166 dB
	 $y_{9,52,54}$ = 23.221767893286867 dB
	 $y_{9,52,70}$ = 17.8818083304771 dB
	 $y_{9,52,81}$ = 16.770705309567617 dB
		SNR medio: 72.77278206876157
		Usuarios totais: 7
$x_{9,79}$
	 $y_{9,79,58}$ = 22.220225772600884 dB
	 $y_{9,79,59}$ = 21.636470066700966 dB
	 $y_{9,79,68}$ = 31.74382948470523 dB
	 $y_{9,79,77}$ = 24.530673101749272 dB
	 $y_{9,79,78}$ = 26.19592136526505 dB
	 $y_{9,79,88}$ = 24.27873538923204 dB
	 $y_{9,79,89}$ = 31.256626091473308 dB
	 $y_{9,79,99}$ = 25.632729935521795 dB
		SNR medio: 27.47813927128419
		Usuarios totais: 11
$x_{9,85}$
	 $y_{9,85,66}$ = 18.150240635625096 dB
	 $y_{9,85,73}$ = 17.961752112173855 dB
	 $y_{9,85,74}$ = 20.81366194783844 dB
	 $y_{9,85,85}$ = 84.36248019860435 dB
	 $y_{9,85,86}$ = 31.6607526816816 dB
		SNR medio: 77.37280742072802
		Usuarios totais: 5
$x_{9,91}$
	 $y_{9,91,80}$ = 20.54026132798063 dB
	 $y_{9,91,82}$ = 18.967328228966252 dB
	 $y_{9,91,90}$ = 32.636939654431245 dB
	 $y_{9,91,92}$ = 28.681104793094306 dB
		SNR medio: 28.397012587397302
		Usuarios totais: 4
Distances:
3 : 19 = 2433.105012119288
3 : 20 = 1442.2205101855957
3 : 35 = 1442.2205101855957
3 : 52 = 2039.607805437114
3 : 79 = 3687.817782917155
3 : 85 = 3298.4845004941285
3 : 91 = 3687.817782917155
19 : 20 = 3622.154055254967
19 : 35 = 1788.8543819998317
19 : 52 = 3224.9030993194197
19 : 79 = 2400.0
19 : 85 = 3224.9030993194197
19 : 91 = 4525.483399593904
20 : 35 = 2039.607805437114
20 : 52 = 1442.2205101855957
20 : 79 = 4118.2520563948
20 : 85 = 3124.099870362662
20 : 91 = 2828.42712474619
35 : 52 = 1442.2205101855957
35 : 79 = 2262.741699796952
35 : 85 = 2000.0
35 : 91 = 2884.4410203711914
52 : 79 = 2912.043955712207
52 : 85 = 1697.0562748477141
52 : 91 = 1649.2422502470642
79 : 85 = 1649.2422502470642
79 : 91 = 3298.4845004941285
85 : 91 = 1649.2422502470642
t=10
$x_{10,3}$
	 $y_{10,3,14}$ = 19.516581762800172 dB
	 $y_{10,3,23}$ = 19.541640125282413 dB
		SNR medio: 19.52912901705066
		Usuarios totais: 2
$x_{10,19}$
	 $y_{10,19,17}$ = 23.01775574535432 dB
	 $y_{10,19,29}$ = 26.18289199535245 dB
	 $y_{10,19,49}$ = 17.84855005089696 dB
		SNR medio: 23.531513255791886
		Usuarios totais: 3
$x_{10,20}$
	 $y_{10,20,0}$ = 16.519646868620683 dB
	 $y_{10,20,20}$ = 90.75226163079867 dB
	 $y_{10,20,32}$ = 16.49610755456351 dB
		SNR medio: 85.98104941047383
		Usuarios totais: 3
$x_{10,35}$
	 $y_{10,35,66}$ = 18.455687684016084 dB
		SNR medio: 18.455687684016084
		Usuarios totais: 1
$x_{10,52}$
	 $y_{10,52,22}$ = 20.563359869778537 dB
	 $y_{10,52,51}$ = 30.306181756485827 dB
	 $y_{10,52,61}$ = 22.67975470298886 dB
	 $y_{10,52,62}$ = 25.297502699513743 dB
		SNR medio: 26.311616979994415
		Usuarios totais: 5
$x_{10,79}$
	 $y_{10,79,88}$ = 24.27873538923204 dB
		SNR medio: 24.27873538923204
		Usuarios totais: 1
$x_{10,85}$
	 $y_{10,85,68}$ = 21.163969535910837 dB
	 $y_{10,85,74}$ = 20.81366194783844 dB
	 $y_{10,85,76}$ = 21.06700472446073 dB
	 $y_{10,85,85}$ = 84.36248019860435 dB
	 $y_{10,85,86}$ = 31.6607526816816 dB
	 $y_{10,85,97}$ = 27.49834215912638 dB
		SNR medio: 76.58100598007768
		Usuarios totais: 6
$x_{10,91}$
	 $y_{10,91,71}$ = 21.964921605112707 dB
	 $y_{10,91,80}$ = 20.54026132798063 dB
	 $y_{10,91,90}$ = 32.636939654431245 dB
	 $y_{10,91,91}$ = 87.29241212632907 dB
		SNR medio: 81.27182927151436
		Usuarios totais: 6
Distances:
3 : 19 = 2433.105012119288
3 : 20 = 1442.2205101855957
3 : 35 = 1442.2205101855957
3 : 52 = 2039.607805437114
3 : 79 = 3687.817782917155
3 : 85 = 3298.4845004941285
3 : 91 = 3687.817782917155
19 : 20 = 3622.154055254967
19 : 35 = 1788.8543819998317
19 : 52 = 3224.9030993194197
19 : 79 = 2400.0
19 : 85 = 3224.9030993194197
19 : 91 = 4525.483399593904
20 : 35 = 2039.607805437114
20 : 52 = 1442.2205101855957
20 : 79 = 4118.2520563948
20 : 85 = 3124.099870362662
20 : 91 = 2828.42712474619
35 : 52 = 1442.2205101855957
35 : 79 = 2262.741699796952
35 : 85 = 2000.0
35 : 91 = 2884.4410203711914
52 : 79 = 2912.043955712207
52 : 85 = 1697.0562748477141
52 : 91 = 1649.2422502470642
79 : 85 = 1649.2422502470642
79 : 91 = 3298.4845004941285
85 : 91 = 1649.2422502470642
t=11
$x_{11,3}$
		Usuarios totais: 0
$x_{11,19}$
	 $y_{11,19,19}$ = 85.65773323555618 dB
		SNR medio: 85.65773323555618
		Usuarios totais: 1
$x_{11,20}$
	 $y_{11,20,32}$ = 16.49610755456351 dB
		SNR medio: 16.49610755456351
		Usuarios totais: 1
$x_{11,35}$
	 $y_{11,35,48}$ = 18.31955193781556 dB
	 $y_{11,35,55}$ = 19.004623078999103 dB
		SNR medio: 18.675581712918273
		Usuarios totais: 2
$x_{11,52}$
	 $y_{11,52,51}$ = 30.306181756485827 dB
	 $y_{11,52,52}$ = 81.22370824618166 dB
	 $y_{11,52,53}$ = 30.4099028421372 dB
	 $y_{11,52,60}$ = 16.067590756486723 dB
		SNR medio: 75.20318082416766
		Usuarios totais: 4
$x_{11,79}$
		Usuarios totais: 0
$x_{11,85}$
	 $y_{11,85,75}$ = 28.54855490510117 dB
	 $y_{11,85,85}$ = 84.36248019860435 dB
		SNR medio: 81.35219162848976
		Usuarios totais: 2
$x_{11,91}$
	 $y_{11,91,72}$ = 15.10600057283284 dB
		SNR medio: 15.10600057283284
		Usuarios totais: 1
Distances:
3 : 19 = 2433.105012119288
3 : 20 = 1442.2205101855957
3 : 35 = 1442.2205101855957
3 : 52 = 2039.607805437114
3 : 79 = 3687.817782917155
3 : 85 = 3298.4845004941285
3 : 91 = 3687.817782917155
19 : 20 = 3622.154055254967
19 : 35 = 1788.8543819998317
19 : 52 = 3224.9030993194197
19 : 79 = 2400.0
19 : 85 = 3224.9030993194197
19 : 91 = 4525.483399593904
20 : 35 = 2039.607805437114
20 : 52 = 1442.2205101855957
20 : 79 = 4118.2520563948
20 : 85 = 3124.099870362662
20 : 91 = 2828.42712474619
35 : 52 = 1442.2205101855957
35 : 79 = 2262.741699796952
35 : 85 = 2000.0
35 : 91 = 2884.4410203711914
52 : 79 = 2912.043955712207
52 : 85 = 1697.0562748477141
52 : 91 = 1649.2422502470642
79 : 85 = 1649.2422502470642
79 : 91 = 3298.4845004941285
85 : 91 = 1649.2422502470642
--- Done after 2.2310763486888674 hours. ---
