-------------Calculating Solution (this may take a while)
+++++++++++++++++++Min Sinr: 10 dB (single)
+++++++++++++++++++With backhaul constraint. Start: 2022-05-11 22:49:49

Parameters:
- chosen seed 9
- Map with 100 sectors
- Map 4000 x 4000 m
- Sector has a side of 400 m
- Max time:  10
- users_t_m:  [[0, 0, 0, 0, 0, 0, 0, 0, 0, 0, 0, 0, 0, 0, 0, 0, 0, 0, 0, 0, 0, 0, 0, 0, 0, 0, 0, 0, 0, 0, 0, 0, 0, 0, 26, 26, 0, 0, 0, 0, 0, 0, 0, 1, 4, 3, 0, 0, 0, 0, 0, 0, 0, 0, 0, 0, 0, 0, 0, 0, 0, 0, 0, 0, 0, 0, 0, 0, 0, 0, 0, 0, 0, 0, 0, 0, 0, 0, 0, 0, 0, 0, 0, 0, 0, 0, 0, 0, 0, 0, 0, 0, 0, 0, 0, 0, 0, 0, 0, 0], [2, 0, 1, 1, 0, 0, 0, 0, 0, 3, 0, 1, 0, 0, 1, 2, 2, 0, 0, 0, 2, 3, 1, 1, 1, 1, 1, 2, 0, 2, 1, 2, 0, 1, 0, 0, 0, 0, 0, 0, 1, 1, 1, 2, 1, 0, 0, 1, 2, 3, 0, 0, 1, 0, 0, 0, 0, 1, 1, 0, 1, 0, 0, 2, 0, 1, 0, 0, 0, 1, 0, 1, 0, 1, 0, 0, 1, 1, 0, 0, 0, 0, 0, 0, 0, 0, 0, 0, 0, 1, 0, 1, 0, 0, 1, 0, 2, 0, 0, 0], [0, 1, 1, 1, 0, 0, 0, 1, 0, 1, 2, 0, 1, 2, 1, 2, 0, 0, 1, 1, 0, 0, 1, 1, 0, 0, 0, 0, 1, 0, 1, 0, 0, 1, 1, 0, 0, 2, 0, 0, 2, 1, 0, 1, 2, 1, 1, 0, 0, 0, 0, 1, 1, 2, 2, 0, 0, 2, 1, 0, 1, 0, 0, 0, 1, 0, 1, 0, 0, 0, 0, 1, 0, 1, 1, 1, 0, 1, 1, 1, 0, 0, 1, 0, 0, 0, 1, 1, 0, 1, 0, 0, 2, 0, 1, 1, 0, 1, 0, 1], [1, 1, 0, 0, 0, 1, 0, 0, 0, 1, 1, 0, 1, 0, 0, 0, 0, 3, 1, 0, 1, 1, 0, 0, 0, 0, 1, 0, 0, 0, 0, 0, 1, 2, 0, 0, 1, 3, 0, 2, 1, 1, 0, 0, 1, 0, 0, 1, 1, 0, 0, 0, 0, 0, 1, 0, 1, 1, 1, 3, 0, 1, 2, 1, 1, 0, 2, 0, 2, 0, 0, 1, 0, 2, 0, 0, 1, 2, 0, 1, 1, 0, 1, 0, 0, 1, 1, 0, 1, 0, 2, 1, 0, 0, 1, 0, 0, 0, 0, 1], [0, 0, 1, 1, 0, 0, 0, 0, 0, 1, 1, 0, 1, 0, 0, 0, 2, 0, 0, 0, 0, 0, 0, 1, 1, 1, 3, 0, 1, 0, 0, 2, 0, 2, 1, 0, 1, 0, 1, 0, 2, 0, 0, 0, 1, 0, 1, 1, 0, 0, 0, 0, 3, 0, 0, 0, 1, 2, 1, 0, 1, 0, 1, 0, 2, 3, 0, 1, 2, 1, 0, 0, 2, 1, 2, 1, 1, 1, 0, 2, 0, 0, 0, 0, 0, 1, 1, 0, 1, 1, 0, 0, 0, 0, 0, 0, 1, 1, 0, 0], [0, 2, 0, 0, 0, 0, 1, 2, 1, 1, 0, 1, 0, 3, 2, 1, 0, 0, 0, 0, 0, 0, 0, 1, 1, 0, 2, 0, 0, 1, 2, 0, 0, 1, 0, 1, 1, 0, 2, 1, 1, 0, 1, 1, 2, 1, 1, 0, 0, 0, 1, 2, 0, 0, 1, 0, 0, 1, 0, 1, 0, 0, 2, 0, 0, 3, 0, 1, 0, 1, 0, 0, 2, 1, 0, 1, 0, 1, 0, 1, 0, 0, 0, 1, 1, 0, 0, 0, 0, 0, 0, 1, 1, 1, 1, 0, 0, 0, 0, 1], [0, 0, 1, 0, 0, 1, 0, 0, 0, 1, 1, 2, 0, 0, 1, 1, 1, 0, 0, 1, 1, 1, 2, 0, 1, 0, 0, 1, 0, 0, 1, 0, 0, 1, 1, 0, 2, 1, 0, 0, 0, 1, 1, 0, 0, 1, 0, 0, 0, 0, 0, 1, 0, 0, 1, 1, 0, 0, 1, 0, 1, 0, 1, 1, 0, 0, 0, 1, 2, 0, 1, 1, 1, 1, 1, 1, 1, 1, 1, 1, 2, 1, 2, 1, 1, 0, 0, 1, 1, 0, 0, 0, 0, 1, 2, 1, 0, 0, 1, 1], [0, 2, 0, 2, 0, 0, 0, 1, 0, 0, 0, 0, 0, 1, 1, 1, 0, 1, 0, 1, 0, 0, 0, 1, 0, 0, 0, 0, 1, 0, 2, 0, 1, 0, 1, 1, 0, 1, 1, 0, 1, 0, 0, 0, 1, 0, 1, 0, 1, 2, 0, 1, 0, 1, 2, 1, 0, 0, 1, 0, 0, 1, 0, 0, 0, 1, 1, 1, 0, 0, 0, 1, 1, 1, 3, 0, 1, 1, 3, 0, 0, 0, 1, 0, 1, 0, 1, 2, 0, 0, 1, 0, 1, 2, 3, 0, 0, 0, 1, 1], [0, 1, 1, 0, 0, 3, 2, 0, 1, 0, 0, 0, 0, 0, 0, 0, 0, 0, 0, 1, 0, 0, 2, 2, 0, 0, 1, 1, 0, 1, 3, 0, 1, 1, 1, 3, 1, 1, 0, 0, 0, 0, 0, 1, 0, 0, 0, 0, 2, 0, 0, 2, 0, 0, 0, 0, 0, 0, 1, 0, 0, 0, 2, 1, 0, 1, 0, 0, 0, 1, 2, 0, 0, 1, 1, 1, 0, 0, 2, 0, 0, 1, 1, 1, 2, 3, 0, 1, 0, 2, 0, 0, 1, 0, 1, 1, 0, 1, 0, 0], [2, 1, 0, 0, 0, 1, 1, 1, 0, 1, 2, 0, 0, 0, 0, 1, 2, 1, 1, 0, 0, 0, 1, 0, 0, 1, 0, 2, 0, 0, 0, 0, 1, 0, 1, 2, 0, 0, 0, 1, 0, 0, 1, 1, 1, 0, 0, 0, 1, 1, 1, 0, 1, 1, 0, 0, 0, 0, 0, 1, 0, 1, 2, 1, 0, 0, 0, 2, 1, 0, 0, 2, 0, 0, 0, 1, 1, 0, 1, 0, 0, 1, 2, 2, 0, 0, 2, 0, 0, 0, 0, 0, 0, 0, 2, 1, 5, 0, 1, 0], [1, 0, 1, 0, 0, 1, 1, 1, 0, 0, 0, 0, 1, 1, 1, 0, 0, 0, 1, 0, 0, 0, 0, 2, 2, 1, 0, 0, 0, 3, 2, 1, 1, 1, 0, 0, 2, 0, 0, 0, 0, 1, 1, 0, 0, 1, 1, 1, 1, 1, 0, 0, 1, 2, 1, 0, 1, 1, 2, 1, 0, 0, 0, 0, 1, 1, 1, 0, 0, 0, 1, 1, 0, 2, 0, 1, 0, 2, 0, 0, 0, 2, 1, 0, 1, 1, 0, 0, 0, 0, 0, 1, 1, 0, 0, 0, 1, 1, 0, 1]]
MAX_USER_PER_ANTENNAS_m:  [60, 60, 60, 60, 60, 60, 60, 60, 60, 60, 60, 60, 60, 60, 60, 60, 60, 60, 60, 60, 60, 60, 60, 60, 60, 60, 60, 60, 60, 60, 60, 60, 60, 60, 60, 60, 60, 60, 60, 60, 60, 60, 60, 60, 60, 60, 60, 60, 60, 60, 60, 60, 60, 60, 60, 60, 60, 60, 60, 60, 60, 60, 60, 60, 60, 60, 60, 60, 60, 60, 60, 60, 60, 60, 60, 60, 60, 60, 60, 60, 60, 60, 60, 60, 60, 60, 60, 60, 60, 60, 60, 60, 60, 60, 60, 60, 60, 60, 60, 60]
antennas_map_m:  [1, 1, 1, 1, 1, 1, 1, 1, 1, 1, 1, 1, 1, 1, 1, 1, 1, 1, 1, 1, 1, 1, 1, 1, 1, 1, 1, 1, 1, 1, 1, 1, 1, 1, 1, 1, 1, 1, 1, 1, 1, 1, 1, 1, 1, 1, 1, 1, 1, 1, 1, 1, 1, 1, 1, 1, 1, 1, 1, 1, 1, 1, 1, 1, 1, 1, 1, 1, 1, 1, 1, 1, 1, 1, 1, 1, 1, 1, 1, 1, 1, 1, 1, 1, 1, 1, 1, 1, 1, 1, 1, 1, 1, 1, 1, 1, 1, 1, 1, 1]
FIRST_ANTENNA:  3
MIN_SNR_m:  [10.0, 10.0, 10.0, 10.0, 10.0, 10.0, 10.0, 10.0, 10.0, 10.0, 10.0, 10.0, 10.0, 10.0, 10.0, 10.0, 10.0, 10.0, 10.0, 10.0, 10.0, 10.0, 10.0, 10.0, 10.0, 10.0, 10.0, 10.0, 10.0, 10.0, 10.0, 10.0, 10.0, 10.0, 10.0, 10.0, 10.0, 10.0, 10.0, 10.0, 10.0, 10.0, 10.0, 10.0, 10.0, 10.0, 10.0, 10.0, 10.0, 10.0, 10.0, 10.0, 10.0, 10.0, 10.0, 10.0, 10.0, 10.0, 10.0, 10.0, 10.0, 10.0, 10.0, 10.0, 10.0, 10.0, 10.0, 10.0, 10.0, 10.0, 10.0, 10.0, 10.0, 10.0, 10.0, 10.0, 10.0, 10.0, 10.0, 10.0, 10.0, 10.0, 10.0, 10.0, 10.0, 10.0, 10.0, 10.0, 10.0, 10.0, 10.0, 10.0, 10.0, 10.0, 10.0, 10.0, 10.0, 10.0, 10.0, 10.0]
-MIN_DIST:  2000
- disaster percentage:  0
5.0

Média de carros: 5.0
t=0
$x_{3}$
		Usuarios totais: 0
$x_{37}$
	 $y_{0,37,35}$ = 15.102773055389036 dB
	 $y_{0,37,45}$ = 24.533069859004513 dB
		SNR medio: 21.991688811562433
		Usuarios totais: 29
$x_{52}$
	 $y_{0,52,34}$ = 13.032585241974274 dB
	 $y_{0,52,43}$ = 26.938333284121555 dB
	 $y_{0,52,44}$ = 22.330988035148266 dB
		SNR medio: 23.587368838944037
		Usuarios totais: 31
$x_{84}$
		Usuarios totais: 0
$x_{87}$
		Usuarios totais: 0
t=1
$x_{3}$
	 $y_{1,3,0}$ = 12.73568696932648 dB
	 $y_{1,3,2}$ = 22.88170558100596 dB
	 $y_{1,3,3}$ = 91.58192424219828 dB
	 $y_{1,3,11}$ = 12.32080678357562 dB
	 $y_{1,3,14}$ = 19.516581762800172 dB
	 $y_{1,3,15}$ = 17.98395407447326 dB
	 $y_{1,3,20}$ = 7.785398243100616 dB
	 $y_{1,3,21}$ = 12.653202534130926 dB
	 $y_{1,3,22}$ = 14.869469655177056 dB
	 $y_{1,3,23}$ = 19.541640125282413 dB
	 $y_{1,3,24}$ = 14.081191459390766 dB
		SNR medio: 81.16799905914726
		Usuarios totais: 16
$x_{37}$
	 $y_{1,37,9}$ = 9.157160570499116 dB
	 $y_{1,37,16}$ = 14.378700516808209 dB
	 $y_{1,37,25}$ = 15.716829113350997 dB
	 $y_{1,37,26}$ = 26.701735479611287 dB
	 $y_{1,37,27}$ = 24.900254708773602 dB
	 $y_{1,37,29}$ = 12.64710128727873 dB
	 $y_{1,37,47}$ = 33.33772208960269 dB
	 $y_{1,37,48}$ = 26.364388652054473 dB
	 $y_{1,37,49}$ = 19.17169789151447 dB
	 $y_{1,37,57}$ = 13.931751867746698 dB
	 $y_{1,37,58}$ = 11.837393868919918 dB
		SNR medio: 25.12551038864872
		Usuarios totais: 19
$x_{52}$
	 $y_{1,52,30}$ = 12.838844869950506 dB
	 $y_{1,52,31}$ = 21.636983196844994 dB
	 $y_{1,52,33}$ = 21.765313562585334 dB
	 $y_{1,52,40}$ = 12.692273395409003 dB
	 $y_{1,52,41}$ = 21.908716177406674 dB
	 $y_{1,52,42}$ = 39.01119170180394 dB
	 $y_{1,52,43}$ = 26.938333284121555 dB
	 $y_{1,52,44}$ = 22.330988035148266 dB
	 $y_{1,52,52}$ = 81.22370824618166 dB
	 $y_{1,52,60}$ = 16.067590756486723 dB
	 $y_{1,52,63}$ = 26.125623181996858 dB
	 $y_{1,52,71}$ = 13.20352226092362 dB
		SNR medio: 70.43220996079874
		Usuarios totais: 15
$x_{84}$
	 $y_{1,84,65}$ = 23.221186949673537 dB
	 $y_{1,84,73}$ = 17.83379182350299 dB
	 $y_{1,84,91}$ = 18.45391789734535 dB
	 $y_{1,84,94}$ = 29.27199651581121 dB
		SNR medio: 24.721685388965064
		Usuarios totais: 4
$x_{87}$
	 $y_{1,87,69}$ = 2.317801567753776 dB
	 $y_{1,87,76}$ = 27.18893838175238 dB
	 $y_{1,87,77}$ = 29.836934085939163 dB
	 $y_{1,87,89}$ = 18.71585005112985 dB
	 $y_{1,87,96}$ = 24.587866511127302 dB
		SNR medio: 25.682785088351025
		Usuarios totais: 6
t=2
$x_{3}$
	 $y_{2,3,1}$ = 15.659904695839643 dB
	 $y_{2,3,2}$ = 22.88170558100596 dB
	 $y_{2,3,3}$ = 91.58192424219828 dB
	 $y_{2,3,10}$ = 10.717008802950005 dB
	 $y_{2,3,12}$ = 29.62381767599743 dB
	 $y_{2,3,13}$ = 30.71445973333583 dB
	 $y_{2,3,14}$ = 19.516581762800172 dB
	 $y_{2,3,15}$ = 17.98395407447326 dB
	 $y_{2,3,22}$ = 14.869469655177056 dB
	 $y_{2,3,23}$ = 19.541640125282413 dB
		SNR medio: 81.5819321217295
		Usuarios totais: 13
$x_{37}$
	 $y_{2,37,7}$ = 20.152900708508966 dB
	 $y_{2,37,9}$ = 9.157160570499116 dB
	 $y_{2,37,18}$ = 18.55278634941034 dB
	 $y_{2,37,19}$ = 5.974704845609381 dB
	 $y_{2,37,28}$ = 28.491716042771515 dB
	 $y_{2,37,37}$ = 89.00077085276445 dB
	 $y_{2,37,45}$ = 24.533069859004513 dB
	 $y_{2,37,46}$ = 22.92017883925277 dB
	 $y_{2,37,57}$ = 13.931751867746698 dB
	 $y_{2,37,58}$ = 11.837393868919918 dB
		SNR medio: 79.00077858187595
		Usuarios totais: 12
$x_{52}$
	 $y_{2,52,30}$ = 12.838844869950506 dB
	 $y_{2,52,33}$ = 21.765313562585334 dB
	 $y_{2,52,34}$ = 13.032585241974274 dB
	 $y_{2,52,40}$ = 12.692273395409003 dB
	 $y_{2,52,41}$ = 21.908716177406674 dB
	 $y_{2,52,43}$ = 26.938333284121555 dB
	 $y_{2,52,44}$ = 22.330988035148266 dB
	 $y_{2,52,51}$ = 30.306181756485827 dB
	 $y_{2,52,52}$ = 81.22370824618166 dB
	 $y_{2,52,53}$ = 30.4099028421372 dB
	 $y_{2,52,54}$ = 23.221767893286867 dB
	 $y_{2,52,60}$ = 16.067590756486723 dB
	 $y_{2,52,71}$ = 13.20352226092362 dB
		SNR medio: 70.0843884751728
		Usuarios totais: 17
$x_{84}$
	 $y_{2,84,64}$ = 21.787033013228097 dB
	 $y_{2,84,73}$ = 17.83379182350299 dB
	 $y_{2,84,74}$ = 29.02523016924856 dB
	 $y_{2,84,75}$ = 29.08739300165722 dB
	 $y_{2,84,82}$ = 11.480329044529299 dB
	 $y_{2,84,92}$ = 14.713431659309151 dB
	 $y_{2,84,94}$ = 29.27199651581121 dB
	 $y_{2,84,95}$ = 21.827651096698887 dB
		SNR medio: 25.536885264357466
		Usuarios totais: 9
$x_{87}$
	 $y_{2,87,66}$ = 14.663102069956082 dB
	 $y_{2,87,77}$ = 29.836934085939163 dB
	 $y_{2,87,78}$ = 20.215898020081795 dB
	 $y_{2,87,79}$ = 11.92711925052322 dB
	 $y_{2,87,86}$ = 31.13242867354643 dB
	 $y_{2,87,87}$ = 89.63909209150916 dB
	 $y_{2,87,89}$ = 18.71585005112985 dB
	 $y_{2,87,97}$ = 26.94714077415574 dB
	 $y_{2,87,99}$ = 17.79800423376379 dB
		SNR medio: 80.0966813472342
		Usuarios totais: 9
t=3
$x_{3}$
	 $y_{3,3,0}$ = 12.73568696932648 dB
	 $y_{3,3,1}$ = 15.659904695839643 dB
	 $y_{3,3,5}$ = 15.260194959919957 dB
	 $y_{3,3,10}$ = 10.717008802950005 dB
	 $y_{3,3,12}$ = 29.62381767599743 dB
	 $y_{3,3,20}$ = 7.785398243100616 dB
	 $y_{3,3,21}$ = 12.653202534130926 dB
		SNR medio: 21.729404753978177
		Usuarios totais: 7
$x_{37}$
	 $y_{3,37,9}$ = 9.157160570499116 dB
	 $y_{3,37,17}$ = 18.200891260841132 dB
	 $y_{3,37,18}$ = 18.55278634941034 dB
	 $y_{3,37,26}$ = 26.701735479611287 dB
	 $y_{3,37,36}$ = 31.13655892652622 dB
	 $y_{3,37,37}$ = 89.00077085276445 dB
	 $y_{3,37,39}$ = 17.81363162523577 dB
	 $y_{3,37,47}$ = 33.33772208960269 dB
	 $y_{3,37,48}$ = 26.364388652054473 dB
	 $y_{3,37,56}$ = 17.078251892912036 dB
	 $y_{3,37,57}$ = 13.931751867746698 dB
	 $y_{3,37,58}$ = 11.837393868919918 dB
	 $y_{3,37,59}$ = 17.490793168133322 dB
		SNR medio: 77.86136307774335
		Usuarios totais: 20
$x_{52}$
	 $y_{3,52,32}$ = 16.000930760169737 dB
	 $y_{3,52,33}$ = 21.765313562585334 dB
	 $y_{3,52,40}$ = 12.692273395409003 dB
	 $y_{3,52,41}$ = 21.908716177406674 dB
	 $y_{3,52,44}$ = 22.330988035148266 dB
	 $y_{3,52,54}$ = 23.221767893286867 dB
	 $y_{3,52,61}$ = 22.67975470298886 dB
	 $y_{3,52,62}$ = 25.297502699513743 dB
	 $y_{3,52,63}$ = 26.125623181996858 dB
	 $y_{3,52,71}$ = 13.20352226092362 dB
	 $y_{3,52,80}$ = 4.944391325136905 dB
		SNR medio: 21.89716560430427
		Usuarios totais: 13
$x_{84}$
	 $y_{3,84,64}$ = 21.787033013228097 dB
	 $y_{3,84,73}$ = 17.83379182350299 dB
	 $y_{3,84,82}$ = 11.480329044529299 dB
	 $y_{3,84,85}$ = 27.230825134853518 dB
	 $y_{3,84,90}$ = 11.50633853800015 dB
	 $y_{3,84,91}$ = 18.45391789734535 dB
	 $y_{3,84,94}$ = 29.27199651581121 dB
		SNR medio: 23.812697354382607
		Usuarios totais: 9
$x_{87}$
	 $y_{3,87,66}$ = 14.663102069956082 dB
	 $y_{3,87,68}$ = 17.32809743069157 dB
	 $y_{3,87,76}$ = 27.18893838175238 dB
	 $y_{3,87,77}$ = 29.836934085939163 dB
	 $y_{3,87,79}$ = 11.92711925052322 dB
	 $y_{3,87,86}$ = 31.13242867354643 dB
	 $y_{3,87,88}$ = 25.380406178287558 dB
	 $y_{3,87,99}$ = 17.79800423376379 dB
		SNR medio: 26.139514167963306
		Usuarios totais: 11
t=4
$x_{3}$
	 $y_{4,3,2}$ = 22.88170558100596 dB
	 $y_{4,3,3}$ = 91.58192424219828 dB
	 $y_{4,3,10}$ = 10.717008802950005 dB
	 $y_{4,3,12}$ = 29.62381767599743 dB
	 $y_{4,3,23}$ = 19.541640125282413 dB
	 $y_{4,3,24}$ = 14.081191459390766 dB
		SNR medio: 83.80041547524675
		Usuarios totais: 6
$x_{37}$
	 $y_{4,37,9}$ = 9.157160570499116 dB
	 $y_{4,37,16}$ = 14.378700516808209 dB
	 $y_{4,37,25}$ = 15.716829113350997 dB
	 $y_{4,37,26}$ = 26.701735479611287 dB
	 $y_{4,37,28}$ = 28.491716042771515 dB
	 $y_{4,37,36}$ = 31.13655892652622 dB
	 $y_{4,37,38}$ = 26.56703528426449 dB
	 $y_{4,37,46}$ = 22.92017883925277 dB
	 $y_{4,37,47}$ = 33.33772208960269 dB
	 $y_{4,37,56}$ = 17.078251892912036 dB
	 $y_{4,37,57}$ = 13.931751867746698 dB
	 $y_{4,37,58}$ = 11.837393868919918 dB
		SNR medio: 26.567177959867557
		Usuarios totais: 16
$x_{52}$
	 $y_{4,52,31}$ = 21.636983196844994 dB
	 $y_{4,52,33}$ = 21.765313562585334 dB
	 $y_{4,52,34}$ = 13.032585241974274 dB
	 $y_{4,52,40}$ = 12.692273395409003 dB
	 $y_{4,52,44}$ = 22.330988035148266 dB
	 $y_{4,52,52}$ = 81.22370824618166 dB
	 $y_{4,52,60}$ = 16.067590756486723 dB
	 $y_{4,52,62}$ = 25.297502699513743 dB
	 $y_{4,52,72}$ = 19.581676440698033 dB
		SNR medio: 71.68131511629974
		Usuarios totais: 15
$x_{84}$
	 $y_{4,84,64}$ = 21.787033013228097 dB
	 $y_{4,84,65}$ = 23.221186949673537 dB
	 $y_{4,84,73}$ = 17.83379182350299 dB
	 $y_{4,84,74}$ = 29.02523016924856 dB
	 $y_{4,84,75}$ = 29.08739300165722 dB
	 $y_{4,84,85}$ = 27.230825134853518 dB
		SNR medio: 26.30013932088751
		Usuarios totais: 10
$x_{87}$
	 $y_{4,87,67}$ = 27.10392682943997 dB
	 $y_{4,87,68}$ = 17.32809743069157 dB
	 $y_{4,87,69}$ = 2.317801567753776 dB
	 $y_{4,87,76}$ = 27.18893838175238 dB
	 $y_{4,87,77}$ = 29.836934085939163 dB
	 $y_{4,87,79}$ = 11.92711925052322 dB
	 $y_{4,87,86}$ = 31.13242867354643 dB
	 $y_{4,87,88}$ = 25.380406178287558 dB
	 $y_{4,87,89}$ = 18.71585005112985 dB
	 $y_{4,87,96}$ = 24.587866511127302 dB
	 $y_{4,87,97}$ = 26.94714077415574 dB
		SNR medio: 26.18665505281055
		Usuarios totais: 13
t=5
$x_{3}$
	 $y_{5,3,1}$ = 15.659904695839643 dB
	 $y_{5,3,6}$ = 18.320999462864407 dB
	 $y_{5,3,11}$ = 12.32080678357562 dB
	 $y_{5,3,13}$ = 30.71445973333583 dB
	 $y_{5,3,14}$ = 19.516581762800172 dB
	 $y_{5,3,15}$ = 17.98395407447326 dB
	 $y_{5,3,23}$ = 19.541640125282413 dB
	 $y_{5,3,24}$ = 14.081191459390766 dB
		SNR medio: 22.92403849497969
		Usuarios totais: 12
$x_{37}$
	 $y_{5,37,7}$ = 20.152900708508966 dB
	 $y_{5,37,8}$ = 7.191125248645562 dB
	 $y_{5,37,9}$ = 9.157160570499116 dB
	 $y_{5,37,26}$ = 26.701735479611287 dB
	 $y_{5,37,29}$ = 12.64710128727873 dB
	 $y_{5,37,35}$ = 15.102773055389036 dB
	 $y_{5,37,36}$ = 31.13655892652622 dB
	 $y_{5,37,38}$ = 26.56703528426449 dB
	 $y_{5,37,39}$ = 17.81363162523577 dB
	 $y_{5,37,45}$ = 24.533069859004513 dB
	 $y_{5,37,46}$ = 22.92017883925277 dB
	 $y_{5,37,57}$ = 13.931751867746698 dB
	 $y_{5,37,59}$ = 17.490793168133322 dB
		SNR medio: 23.645796690016823
		Usuarios totais: 16
$x_{52}$
	 $y_{5,52,30}$ = 12.838844869950506 dB
	 $y_{5,52,33}$ = 21.765313562585334 dB
	 $y_{5,52,40}$ = 12.692273395409003 dB
	 $y_{5,52,42}$ = 39.01119170180394 dB
	 $y_{5,52,43}$ = 26.938333284121555 dB
	 $y_{5,52,44}$ = 22.330988035148266 dB
	 $y_{5,52,50}$ = 20.3235486964396 dB
	 $y_{5,52,51}$ = 30.306181756485827 dB
	 $y_{5,52,54}$ = 23.221767893286867 dB
	 $y_{5,52,62}$ = 25.297502699513743 dB
	 $y_{5,52,72}$ = 19.581676440698033 dB
		SNR medio: 29.854318473538743
		Usuarios totais: 16
$x_{84}$
	 $y_{5,84,65}$ = 23.221186949673537 dB
	 $y_{5,84,73}$ = 17.83379182350299 dB
	 $y_{5,84,75}$ = 29.08739300165722 dB
	 $y_{5,84,83}$ = 41.44290337777646 dB
	 $y_{5,84,84}$ = 97.15478530043495 dB
	 $y_{5,84,91}$ = 18.45391789734535 dB
	 $y_{5,84,92}$ = 14.713431659309151 dB
	 $y_{5,84,93}$ = 19.460071694583903 dB
	 $y_{5,84,94}$ = 29.27199651581121 dB
		SNR medio: 87.61237363163255
		Usuarios totais: 11
$x_{87}$
	 $y_{5,87,67}$ = 27.10392682943997 dB
	 $y_{5,87,69}$ = 2.317801567753776 dB
	 $y_{5,87,77}$ = 29.836934085939163 dB
	 $y_{5,87,79}$ = 11.92711925052322 dB
	 $y_{5,87,99}$ = 17.79800423376379 dB
		SNR medio: 24.924790088873593
		Usuarios totais: 5
t=6
$x_{3}$
	 $y_{6,3,2}$ = 22.88170558100596 dB
	 $y_{6,3,5}$ = 15.260194959919957 dB
	 $y_{6,3,10}$ = 10.717008802950005 dB
	 $y_{6,3,11}$ = 12.32080678357562 dB
	 $y_{6,3,14}$ = 19.516581762800172 dB
	 $y_{6,3,15}$ = 17.98395407447326 dB
	 $y_{6,3,20}$ = 7.785398243100616 dB
	 $y_{6,3,21}$ = 12.653202534130926 dB
	 $y_{6,3,22}$ = 14.869469655177056 dB
	 $y_{6,3,24}$ = 14.081191459390766 dB
		SNR medio: 16.898718028548142
		Usuarios totais: 12
$x_{37}$
	 $y_{6,37,9}$ = 9.157160570499116 dB
	 $y_{6,37,16}$ = 14.378700516808209 dB
	 $y_{6,37,19}$ = 5.974704845609381 dB
	 $y_{6,37,27}$ = 24.900254708773602 dB
	 $y_{6,37,36}$ = 31.13655892652622 dB
	 $y_{6,37,37}$ = 89.00077085276445 dB
	 $y_{6,37,45}$ = 24.533069859004513 dB
	 $y_{6,37,55}$ = 12.761727621281153 dB
	 $y_{6,37,58}$ = 11.837393868919918 dB
		SNR medio: 79.45835650509152
		Usuarios totais: 10
$x_{52}$
	 $y_{6,52,30}$ = 12.838844869950506 dB
	 $y_{6,52,33}$ = 21.765313562585334 dB
	 $y_{6,52,34}$ = 13.032585241974274 dB
	 $y_{6,52,41}$ = 21.908716177406674 dB
	 $y_{6,52,42}$ = 39.01119170180394 dB
	 $y_{6,52,51}$ = 30.306181756485827 dB
	 $y_{6,52,54}$ = 23.221767893286867 dB
	 $y_{6,52,60}$ = 16.067590756486723 dB
	 $y_{6,52,62}$ = 25.297502699513743 dB
	 $y_{6,52,63}$ = 26.125623181996858 dB
	 $y_{6,52,70}$ = 17.8818083304771 dB
	 $y_{6,52,71}$ = 13.20352226092362 dB
	 $y_{6,52,72}$ = 19.581676440698033 dB
	 $y_{6,52,80}$ = 4.944391325136905 dB
		SNR medio: 28.773961680046888
		Usuarios totais: 15
$x_{84}$
	 $y_{6,84,73}$ = 17.83379182350299 dB
	 $y_{6,84,74}$ = 29.02523016924856 dB
	 $y_{6,84,75}$ = 29.08739300165722 dB
	 $y_{6,84,81}$ = 13.809843518818042 dB
	 $y_{6,84,82}$ = 11.480329044529299 dB
	 $y_{6,84,83}$ = 41.44290337777646 dB
	 $y_{6,84,84}$ = 97.15478530043495 dB
	 $y_{6,84,93}$ = 19.460071694583903 dB
	 $y_{6,84,94}$ = 29.27199651581121 dB
	 $y_{6,84,95}$ = 21.827651096698887 dB
		SNR medio: 87.15479929445135
		Usuarios totais: 12
$x_{87}$
	 $y_{6,87,67}$ = 27.10392682943997 dB
	 $y_{6,87,68}$ = 17.32809743069157 dB
	 $y_{6,87,76}$ = 27.18893838175238 dB
	 $y_{6,87,77}$ = 29.836934085939163 dB
	 $y_{6,87,78}$ = 20.215898020081795 dB
	 $y_{6,87,79}$ = 11.92711925052322 dB
	 $y_{6,87,87}$ = 89.63909209150916 dB
	 $y_{6,87,88}$ = 25.380406178287558 dB
	 $y_{6,87,98}$ = 28.45727708464399 dB
	 $y_{6,87,99}$ = 17.79800423376379 dB
		SNR medio: 79.63910757588997
		Usuarios totais: 11
t=7
$x_{3}$
	 $y_{7,3,1}$ = 15.659904695839643 dB
	 $y_{7,3,3}$ = 91.58192424219828 dB
	 $y_{7,3,13}$ = 30.71445973333583 dB
	 $y_{7,3,14}$ = 19.516581762800172 dB
	 $y_{7,3,15}$ = 17.98395407447326 dB
	 $y_{7,3,23}$ = 19.541640125282413 dB
		SNR medio: 83.80041613713482
		Usuarios totais: 8
$x_{37}$
	 $y_{7,37,7}$ = 20.152900708508966 dB
	 $y_{7,37,17}$ = 18.200891260841132 dB
	 $y_{7,37,19}$ = 5.974704845609381 dB
	 $y_{7,37,28}$ = 28.491716042771515 dB
	 $y_{7,37,35}$ = 15.102773055389036 dB
	 $y_{7,37,37}$ = 89.00077085276445 dB
	 $y_{7,37,38}$ = 26.56703528426449 dB
	 $y_{7,37,46}$ = 22.92017883925277 dB
	 $y_{7,37,48}$ = 26.364388652054473 dB
	 $y_{7,37,49}$ = 19.17169789151447 dB
	 $y_{7,37,55}$ = 12.761727621281153 dB
	 $y_{7,37,58}$ = 11.837393868919918 dB
		SNR medio: 78.20896993673442
		Usuarios totais: 13
$x_{52}$
	 $y_{7,52,30}$ = 12.838844869950506 dB
	 $y_{7,52,32}$ = 16.000930760169737 dB
	 $y_{7,52,34}$ = 13.032585241974274 dB
	 $y_{7,52,40}$ = 12.692273395409003 dB
	 $y_{7,52,44}$ = 22.330988035148266 dB
	 $y_{7,52,51}$ = 30.306181756485827 dB
	 $y_{7,52,53}$ = 30.4099028421372 dB
	 $y_{7,52,54}$ = 23.221767893286867 dB
	 $y_{7,52,61}$ = 22.67975470298886 dB
	 $y_{7,52,71}$ = 13.20352226092362 dB
	 $y_{7,52,72}$ = 19.581676440698033 dB
		SNR medio: 24.28113014019528
		Usuarios totais: 13
$x_{84}$
	 $y_{7,84,65}$ = 23.221186949673537 dB
	 $y_{7,84,73}$ = 17.83379182350299 dB
	 $y_{7,84,74}$ = 29.02523016924856 dB
	 $y_{7,84,82}$ = 11.480329044529299 dB
	 $y_{7,84,84}$ = 97.15478530043495 dB
	 $y_{7,84,90}$ = 11.50633853800015 dB
	 $y_{7,84,92}$ = 14.713431659309151 dB
	 $y_{7,84,93}$ = 19.460071694583903 dB
	 $y_{7,84,94}$ = 29.27199651581121 dB
		SNR medio: 87.6123619297853
		Usuarios totais: 14
$x_{87}$
	 $y_{7,87,66}$ = 14.663102069956082 dB
	 $y_{7,87,67}$ = 27.10392682943997 dB
	 $y_{7,87,76}$ = 27.18893838175238 dB
	 $y_{7,87,77}$ = 29.836934085939163 dB
	 $y_{7,87,78}$ = 20.215898020081795 dB
	 $y_{7,87,86}$ = 31.13242867354643 dB
	 $y_{7,87,87}$ = 89.63909209150916 dB
	 $y_{7,87,98}$ = 28.45727708464399 dB
	 $y_{7,87,99}$ = 17.79800423376379 dB
		SNR medio: 80.09668678712849
		Usuarios totais: 12
t=8
$x_{3}$
	 $y_{8,3,1}$ = 15.659904695839643 dB
	 $y_{8,3,2}$ = 22.88170558100596 dB
	 $y_{8,3,5}$ = 15.260194959919957 dB
	 $y_{8,3,6}$ = 18.320999462864407 dB
	 $y_{8,3,22}$ = 14.869469655177056 dB
	 $y_{8,3,23}$ = 19.541640125282413 dB
		SNR medio: 18.780987717109177
		Usuarios totais: 11
$x_{37}$
	 $y_{8,37,8}$ = 7.191125248645562 dB
	 $y_{8,37,19}$ = 5.974704845609381 dB
	 $y_{8,37,26}$ = 26.701735479611287 dB
	 $y_{8,37,27}$ = 24.900254708773602 dB
	 $y_{8,37,29}$ = 12.64710128727873 dB
	 $y_{8,37,35}$ = 15.102773055389036 dB
	 $y_{8,37,36}$ = 31.13655892652622 dB
	 $y_{8,37,37}$ = 89.00077085276445 dB
	 $y_{8,37,48}$ = 26.364388652054473 dB
	 $y_{8,37,58}$ = 11.837393868919918 dB
		SNR medio: 79.00078497973716
		Usuarios totais: 13
$x_{52}$
	 $y_{8,52,30}$ = 12.838844869950506 dB
	 $y_{8,52,32}$ = 16.000930760169737 dB
	 $y_{8,52,33}$ = 21.765313562585334 dB
	 $y_{8,52,34}$ = 13.032585241974274 dB
	 $y_{8,52,43}$ = 26.938333284121555 dB
	 $y_{8,52,51}$ = 30.306181756485827 dB
	 $y_{8,52,62}$ = 25.297502699513743 dB
	 $y_{8,52,63}$ = 26.125623181996858 dB
	 $y_{8,52,70}$ = 17.8818083304771 dB
		SNR medio: 24.617833403759704
		Usuarios totais: 14
$x_{84}$
	 $y_{8,84,65}$ = 23.221186949673537 dB
	 $y_{8,84,73}$ = 17.83379182350299 dB
	 $y_{8,84,74}$ = 29.02523016924856 dB
	 $y_{8,84,75}$ = 29.08739300165722 dB
	 $y_{8,84,81}$ = 13.809843518818042 dB
	 $y_{8,84,82}$ = 11.480329044529299 dB
	 $y_{8,84,83}$ = 41.44290337777646 dB
	 $y_{8,84,84}$ = 97.15478530043495 dB
	 $y_{8,84,85}$ = 27.230825134853518 dB
	 $y_{8,84,92}$ = 14.713431659309151 dB
	 $y_{8,84,94}$ = 29.27199651581121 dB
	 $y_{8,84,95}$ = 21.827651096698887 dB
		SNR medio: 86.36298740240878
		Usuarios totais: 15
$x_{87}$
	 $y_{8,87,69}$ = 2.317801567753776 dB
	 $y_{8,87,78}$ = 20.215898020081795 dB
	 $y_{8,87,87}$ = 89.63909209150916 dB
	 $y_{8,87,89}$ = 18.71585005112985 dB
	 $y_{8,87,97}$ = 26.94714077415574 dB
		SNR medio: 82.64939523992558
		Usuarios totais: 7
t=9
$x_{3}$
	 $y_{9,3,0}$ = 12.73568696932648 dB
	 $y_{9,3,1}$ = 15.659904695839643 dB
	 $y_{9,3,5}$ = 15.260194959919957 dB
	 $y_{9,3,6}$ = 18.320999462864407 dB
	 $y_{9,3,10}$ = 10.717008802950005 dB
	 $y_{9,3,15}$ = 17.98395407447326 dB
	 $y_{9,3,22}$ = 14.869469655177056 dB
		SNR medio: 15.739360663802358
		Usuarios totais: 9
$x_{37}$
	 $y_{9,37,7}$ = 20.152900708508966 dB
	 $y_{9,37,9}$ = 9.157160570499116 dB
	 $y_{9,37,16}$ = 14.378700516808209 dB
	 $y_{9,37,17}$ = 18.200891260841132 dB
	 $y_{9,37,18}$ = 18.55278634941034 dB
	 $y_{9,37,25}$ = 15.716829113350997 dB
	 $y_{9,37,27}$ = 24.900254708773602 dB
	 $y_{9,37,35}$ = 15.102773055389036 dB
	 $y_{9,37,39}$ = 17.81363162523577 dB
	 $y_{9,37,48}$ = 26.364388652054473 dB
	 $y_{9,37,49}$ = 19.17169789151447 dB
	 $y_{9,37,59}$ = 17.490793168133322 dB
		SNR medio: 20.306817570963712
		Usuarios totais: 15
$x_{52}$
	 $y_{9,52,32}$ = 16.000930760169737 dB
	 $y_{9,52,34}$ = 13.032585241974274 dB
	 $y_{9,52,42}$ = 39.01119170180394 dB
	 $y_{9,52,43}$ = 26.938333284121555 dB
	 $y_{9,52,44}$ = 22.330988035148266 dB
	 $y_{9,52,50}$ = 20.3235486964396 dB
	 $y_{9,52,52}$ = 81.22370824618166 dB
	 $y_{9,52,53}$ = 30.4099028421372 dB
	 $y_{9,52,61}$ = 22.67975470298886 dB
	 $y_{9,52,62}$ = 25.297502699513743 dB
	 $y_{9,52,63}$ = 26.125623181996858 dB
	 $y_{9,52,71}$ = 13.20352226092362 dB
		SNR medio: 70.43225128298826
		Usuarios totais: 14
$x_{84}$
	 $y_{9,84,75}$ = 29.08739300165722 dB
	 $y_{9,84,81}$ = 13.809843518818042 dB
	 $y_{9,84,82}$ = 11.480329044529299 dB
	 $y_{9,84,83}$ = 41.44290337777646 dB
	 $y_{9,84,94}$ = 29.27199651581121 dB
	 $y_{9,84,95}$ = 21.827651096698887 dB
		SNR medio: 34.20160844161616
		Usuarios totais: 9
$x_{87}$
	 $y_{9,87,67}$ = 27.10392682943997 dB
	 $y_{9,87,68}$ = 17.32809743069157 dB
	 $y_{9,87,76}$ = 27.18893838175238 dB
	 $y_{9,87,78}$ = 20.215898020081795 dB
	 $y_{9,87,86}$ = 31.13242867354643 dB
	 $y_{9,87,96}$ = 24.587866511127302 dB
	 $y_{9,87,98}$ = 28.45727708464399 dB
		SNR medio: 26.967887762829513
		Usuarios totais: 13
Distances:
3 : 37 = 2000.0
3 : 52 = 2039.607805437114
3 : 84 = 3224.9030993194197
3 : 87 = 3577.7087639996635
37 : 52 = 2154.0659228538016
37 : 84 = 2332.38075793812
37 : 87 = 2000.0
52 : 84 = 1442.2205101855957
52 : 87 = 2332.38075793812
84 : 87 = 1200.0
--- Done after 0.000673394865459866 hours. ---
