-------------Calculating Solution (this may take a while)
+++++++++++++++++++Min Sinr: 15 dB (single)
+++++++++++++++++++With backhaul constraint. Start: 2022-05-11 22:49:51

Parameters:
- chosen seed 9
- Map with 100 sectors
- Map 4000 x 4000 m
- Sector has a side of 400 m
- Max time:  10
- users_t_m:  [[0, 0, 0, 0, 0, 0, 0, 0, 0, 0, 0, 0, 0, 0, 0, 0, 0, 0, 0, 0, 0, 0, 0, 0, 0, 0, 0, 0, 0, 0, 0, 0, 0, 0, 26, 26, 0, 0, 0, 0, 0, 0, 0, 1, 4, 3, 0, 0, 0, 0, 0, 0, 0, 0, 0, 0, 0, 0, 0, 0, 0, 0, 0, 0, 0, 0, 0, 0, 0, 0, 0, 0, 0, 0, 0, 0, 0, 0, 0, 0, 0, 0, 0, 0, 0, 0, 0, 0, 0, 0, 0, 0, 0, 0, 0, 0, 0, 0, 0, 0], [2, 0, 1, 1, 0, 0, 0, 0, 0, 3, 0, 1, 0, 0, 1, 2, 2, 0, 0, 0, 2, 3, 1, 1, 1, 1, 1, 2, 0, 2, 1, 2, 0, 1, 0, 0, 0, 0, 0, 0, 1, 1, 1, 2, 1, 0, 0, 1, 2, 3, 0, 0, 1, 0, 0, 0, 0, 1, 1, 0, 1, 0, 0, 2, 0, 1, 0, 0, 0, 1, 0, 1, 0, 1, 0, 0, 1, 1, 0, 0, 0, 0, 0, 0, 0, 0, 0, 0, 0, 1, 0, 1, 0, 0, 1, 0, 2, 0, 0, 0], [0, 1, 1, 1, 0, 0, 0, 1, 0, 1, 2, 0, 1, 2, 1, 2, 0, 0, 1, 1, 0, 0, 1, 1, 0, 0, 0, 0, 1, 0, 1, 0, 0, 1, 1, 0, 0, 2, 0, 0, 2, 1, 0, 1, 2, 1, 1, 0, 0, 0, 0, 1, 1, 2, 2, 0, 0, 2, 1, 0, 1, 0, 0, 0, 1, 0, 1, 0, 0, 0, 0, 1, 0, 1, 1, 1, 0, 1, 1, 1, 0, 0, 1, 0, 0, 0, 1, 1, 0, 1, 0, 0, 2, 0, 1, 1, 0, 1, 0, 1], [1, 1, 0, 0, 0, 1, 0, 0, 0, 1, 1, 0, 1, 0, 0, 0, 0, 3, 1, 0, 1, 1, 0, 0, 0, 0, 1, 0, 0, 0, 0, 0, 1, 2, 0, 0, 1, 3, 0, 2, 1, 1, 0, 0, 1, 0, 0, 1, 1, 0, 0, 0, 0, 0, 1, 0, 1, 1, 1, 3, 0, 1, 2, 1, 1, 0, 2, 0, 2, 0, 0, 1, 0, 2, 0, 0, 1, 2, 0, 1, 1, 0, 1, 0, 0, 1, 1, 0, 1, 0, 2, 1, 0, 0, 1, 0, 0, 0, 0, 1], [0, 0, 1, 1, 0, 0, 0, 0, 0, 1, 1, 0, 1, 0, 0, 0, 2, 0, 0, 0, 0, 0, 0, 1, 1, 1, 3, 0, 1, 0, 0, 2, 0, 2, 1, 0, 1, 0, 1, 0, 2, 0, 0, 0, 1, 0, 1, 1, 0, 0, 0, 0, 3, 0, 0, 0, 1, 2, 1, 0, 1, 0, 1, 0, 2, 3, 0, 1, 2, 1, 0, 0, 2, 1, 2, 1, 1, 1, 0, 2, 0, 0, 0, 0, 0, 1, 1, 0, 1, 1, 0, 0, 0, 0, 0, 0, 1, 1, 0, 0], [0, 2, 0, 0, 0, 0, 1, 2, 1, 1, 0, 1, 0, 3, 2, 1, 0, 0, 0, 0, 0, 0, 0, 1, 1, 0, 2, 0, 0, 1, 2, 0, 0, 1, 0, 1, 1, 0, 2, 1, 1, 0, 1, 1, 2, 1, 1, 0, 0, 0, 1, 2, 0, 0, 1, 0, 0, 1, 0, 1, 0, 0, 2, 0, 0, 3, 0, 1, 0, 1, 0, 0, 2, 1, 0, 1, 0, 1, 0, 1, 0, 0, 0, 1, 1, 0, 0, 0, 0, 0, 0, 1, 1, 1, 1, 0, 0, 0, 0, 1], [0, 0, 1, 0, 0, 1, 0, 0, 0, 1, 1, 2, 0, 0, 1, 1, 1, 0, 0, 1, 1, 1, 2, 0, 1, 0, 0, 1, 0, 0, 1, 0, 0, 1, 1, 0, 2, 1, 0, 0, 0, 1, 1, 0, 0, 1, 0, 0, 0, 0, 0, 1, 0, 0, 1, 1, 0, 0, 1, 0, 1, 0, 1, 1, 0, 0, 0, 1, 2, 0, 1, 1, 1, 1, 1, 1, 1, 1, 1, 1, 2, 1, 2, 1, 1, 0, 0, 1, 1, 0, 0, 0, 0, 1, 2, 1, 0, 0, 1, 1], [0, 2, 0, 2, 0, 0, 0, 1, 0, 0, 0, 0, 0, 1, 1, 1, 0, 1, 0, 1, 0, 0, 0, 1, 0, 0, 0, 0, 1, 0, 2, 0, 1, 0, 1, 1, 0, 1, 1, 0, 1, 0, 0, 0, 1, 0, 1, 0, 1, 2, 0, 1, 0, 1, 2, 1, 0, 0, 1, 0, 0, 1, 0, 0, 0, 1, 1, 1, 0, 0, 0, 1, 1, 1, 3, 0, 1, 1, 3, 0, 0, 0, 1, 0, 1, 0, 1, 2, 0, 0, 1, 0, 1, 2, 3, 0, 0, 0, 1, 1], [0, 1, 1, 0, 0, 3, 2, 0, 1, 0, 0, 0, 0, 0, 0, 0, 0, 0, 0, 1, 0, 0, 2, 2, 0, 0, 1, 1, 0, 1, 3, 0, 1, 1, 1, 3, 1, 1, 0, 0, 0, 0, 0, 1, 0, 0, 0, 0, 2, 0, 0, 2, 0, 0, 0, 0, 0, 0, 1, 0, 0, 0, 2, 1, 0, 1, 0, 0, 0, 1, 2, 0, 0, 1, 1, 1, 0, 0, 2, 0, 0, 1, 1, 1, 2, 3, 0, 1, 0, 2, 0, 0, 1, 0, 1, 1, 0, 1, 0, 0], [2, 1, 0, 0, 0, 1, 1, 1, 0, 1, 2, 0, 0, 0, 0, 1, 2, 1, 1, 0, 0, 0, 1, 0, 0, 1, 0, 2, 0, 0, 0, 0, 1, 0, 1, 2, 0, 0, 0, 1, 0, 0, 1, 1, 1, 0, 0, 0, 1, 1, 1, 0, 1, 1, 0, 0, 0, 0, 0, 1, 0, 1, 2, 1, 0, 0, 0, 2, 1, 0, 0, 2, 0, 0, 0, 1, 1, 0, 1, 0, 0, 1, 2, 2, 0, 0, 2, 0, 0, 0, 0, 0, 0, 0, 2, 1, 5, 0, 1, 0], [1, 0, 1, 0, 0, 1, 1, 1, 0, 0, 0, 0, 1, 1, 1, 0, 0, 0, 1, 0, 0, 0, 0, 2, 2, 1, 0, 0, 0, 3, 2, 1, 1, 1, 0, 0, 2, 0, 0, 0, 0, 1, 1, 0, 0, 1, 1, 1, 1, 1, 0, 0, 1, 2, 1, 0, 1, 1, 2, 1, 0, 0, 0, 0, 1, 1, 1, 0, 0, 0, 1, 1, 0, 2, 0, 1, 0, 2, 0, 0, 0, 2, 1, 0, 1, 1, 0, 0, 0, 0, 0, 1, 1, 0, 0, 0, 1, 1, 0, 1]]
MAX_USER_PER_ANTENNAS_m:  [60, 60, 60, 60, 60, 60, 60, 60, 60, 60, 60, 60, 60, 60, 60, 60, 60, 60, 60, 60, 60, 60, 60, 60, 60, 60, 60, 60, 60, 60, 60, 60, 60, 60, 60, 60, 60, 60, 60, 60, 60, 60, 60, 60, 60, 60, 60, 60, 60, 60, 60, 60, 60, 60, 60, 60, 60, 60, 60, 60, 60, 60, 60, 60, 60, 60, 60, 60, 60, 60, 60, 60, 60, 60, 60, 60, 60, 60, 60, 60, 60, 60, 60, 60, 60, 60, 60, 60, 60, 60, 60, 60, 60, 60, 60, 60, 60, 60, 60, 60]
antennas_map_m:  [1, 1, 1, 1, 1, 1, 1, 1, 1, 1, 1, 1, 1, 1, 1, 1, 1, 1, 1, 1, 1, 1, 1, 1, 1, 1, 1, 1, 1, 1, 1, 1, 1, 1, 1, 1, 1, 1, 1, 1, 1, 1, 1, 1, 1, 1, 1, 1, 1, 1, 1, 1, 1, 1, 1, 1, 1, 1, 1, 1, 1, 1, 1, 1, 1, 1, 1, 1, 1, 1, 1, 1, 1, 1, 1, 1, 1, 1, 1, 1, 1, 1, 1, 1, 1, 1, 1, 1, 1, 1, 1, 1, 1, 1, 1, 1, 1, 1, 1, 1]
FIRST_ANTENNA:  3
MIN_SNR_m:  [31.622776601683793, 31.622776601683793, 31.622776601683793, 31.622776601683793, 31.622776601683793, 31.622776601683793, 31.622776601683793, 31.622776601683793, 31.622776601683793, 31.622776601683793, 31.622776601683793, 31.622776601683793, 31.622776601683793, 31.622776601683793, 31.622776601683793, 31.622776601683793, 31.622776601683793, 31.622776601683793, 31.622776601683793, 31.622776601683793, 31.622776601683793, 31.622776601683793, 31.622776601683793, 31.622776601683793, 31.622776601683793, 31.622776601683793, 31.622776601683793, 31.622776601683793, 31.622776601683793, 31.622776601683793, 31.622776601683793, 31.622776601683793, 31.622776601683793, 31.622776601683793, 31.622776601683793, 31.622776601683793, 31.622776601683793, 31.622776601683793, 31.622776601683793, 31.622776601683793, 31.622776601683793, 31.622776601683793, 31.622776601683793, 31.622776601683793, 31.622776601683793, 31.622776601683793, 31.622776601683793, 31.622776601683793, 31.622776601683793, 31.622776601683793, 31.622776601683793, 31.622776601683793, 31.622776601683793, 31.622776601683793, 31.622776601683793, 31.622776601683793, 31.622776601683793, 31.622776601683793, 31.622776601683793, 31.622776601683793, 31.622776601683793, 31.622776601683793, 31.622776601683793, 31.622776601683793, 31.622776601683793, 31.622776601683793, 31.622776601683793, 31.622776601683793, 31.622776601683793, 31.622776601683793, 31.622776601683793, 31.622776601683793, 31.622776601683793, 31.622776601683793, 31.622776601683793, 31.622776601683793, 31.622776601683793, 31.622776601683793, 31.622776601683793, 31.622776601683793, 31.622776601683793, 31.622776601683793, 31.622776601683793, 31.622776601683793, 31.622776601683793, 31.622776601683793, 31.622776601683793, 31.622776601683793, 31.622776601683793, 31.622776601683793, 31.622776601683793, 31.622776601683793, 31.622776601683793, 31.622776601683793, 31.622776601683793, 31.622776601683793, 31.622776601683793, 31.622776601683793, 31.622776601683793, 31.622776601683793]
-MIN_DIST:  2000
- disaster percentage:  0
7.0

Média de carros: 7.0
t=0
$x_{3}$
		Usuarios totais: 0
$x_{8}$
		Usuarios totais: 0
$x_{20}$
		Usuarios totais: 0
$x_{36}$
	 $y_{0,36,34}$ = 19.285303923901793 dB
	 $y_{0,36,35}$ = 27.201858361556816 dB
	 $y_{0,36,43}$ = 9.725266698071238 dB
	 $y_{0,36,44}$ = 13.546152774364572 dB
	 $y_{0,36,45}$ = 29.71272315743846 dB
		SNR medio: 24.99099596943765
		Usuarios totais: 60
$x_{57}$
		Usuarios totais: 0
$x_{72}$
		Usuarios totais: 0
$x_{86}$
		Usuarios totais: 0
t=1
$x_{3}$
	 $y_{1,3,2}$ = 22.88170558100596 dB
	 $y_{1,3,3}$ = 91.58192424219828 dB
	 $y_{1,3,14}$ = 19.516581762800172 dB
	 $y_{1,3,15}$ = 17.98395407447326 dB
	 $y_{1,3,23}$ = 19.541640125282413 dB
	 $y_{1,3,24}$ = 14.081191459390766 dB
	 $y_{1,3,33}$ = 18.306788915676208 dB
		SNR medio: 83.13094544047651
		Usuarios totais: 8
$x_{8}$
	 $y_{1,8,9}$ = 30.383551575054014 dB
	 $y_{1,8,29}$ = 21.34175621038179 dB
		SNR medio: 27.883567581329327
		Usuarios totais: 5
$x_{20}$
	 $y_{1,20,0}$ = 16.519646868620683 dB
	 $y_{1,20,11}$ = 28.889914919728895 dB
	 $y_{1,20,20}$ = 90.75226163079867 dB
	 $y_{1,20,21}$ = 37.95748125926045 dB
	 $y_{1,20,22}$ = 14.988047828890885 dB
	 $y_{1,20,30}$ = 22.991881179420247 dB
	 $y_{1,20,31}$ = 29.010848969376966 dB
	 $y_{1,20,40}$ = 24.88473056683749 dB
	 $y_{1,20,41}$ = 17.451058029247037 dB
	 $y_{1,20,42}$ = 5.721144389624385 dB
		SNR medio: 80.75229253478932
		Usuarios totais: 15
$x_{36}$
	 $y_{1,36,16}$ = 11.612966975989934 dB
	 $y_{1,36,25}$ = 21.264739991003125 dB
	 $y_{1,36,26}$ = 34.48901215254189 dB
	 $y_{1,36,27}$ = 22.588009571165458 dB
	 $y_{1,36,43}$ = 9.725266698071238 dB
	 $y_{1,36,44}$ = 13.546152774364572 dB
		SNR medio: 27.23325145487387
		Usuarios totais: 9
$x_{57}$
	 $y_{1,57,47}$ = 34.58990482615418 dB
	 $y_{1,57,48}$ = 26.144903387185835 dB
	 $y_{1,57,49}$ = 22.836736369444537 dB
	 $y_{1,57,57}$ = 90.85028674452653 dB
	 $y_{1,57,58}$ = 27.106487666158188 dB
	 $y_{1,57,65}$ = 17.65493902025473 dB
	 $y_{1,57,69}$ = 23.52175613724583 dB
		SNR medio: 82.39932161994639
		Usuarios totais: 10
$x_{72}$
	 $y_{1,72,52}$ = 26.088888953836815 dB
	 $y_{1,72,60}$ = 10.83233703594297 dB
	 $y_{1,72,63}$ = 21.161975145911725 dB
	 $y_{1,72,71}$ = 29.07155733262016 dB
	 $y_{1,72,73}$ = 30.08608296808302 dB
	 $y_{1,72,91}$ = 21.742693149586458 dB
		SNR medio: 26.242896672902617
		Usuarios totais: 7
$x_{86}$
	 $y_{1,86,76}$ = 29.844999902315465 dB
	 $y_{1,86,77}$ = 29.184701517483376 dB
	 $y_{1,86,89}$ = 15.181227136044825 dB
	 $y_{1,86,94}$ = 13.01340106887207 dB
	 $y_{1,86,96}$ = 24.518902126828323 dB
		SNR medio: 26.293750263768203
		Usuarios totais: 6
t=2
$x_{3}$
	 $y_{2,3,1}$ = 15.659904695839643 dB
	 $y_{2,3,2}$ = 22.88170558100596 dB
	 $y_{2,3,3}$ = 91.58192424219828 dB
	 $y_{2,3,12}$ = 29.62381767599743 dB
	 $y_{2,3,13}$ = 30.71445973333583 dB
	 $y_{2,3,14}$ = 19.516581762800172 dB
	 $y_{2,3,15}$ = 17.98395407447326 dB
	 $y_{2,3,23}$ = 19.541640125282413 dB
	 $y_{2,3,33}$ = 18.306788915676208 dB
		SNR medio: 82.03950710346552
		Usuarios totais: 11
$x_{8}$
	 $y_{2,8,7}$ = 25.27933400659039 dB
	 $y_{2,8,9}$ = 30.383551575054014 dB
	 $y_{2,8,18}$ = 30.738563839816422 dB
	 $y_{2,8,19}$ = 28.23517588487867 dB
	 $y_{2,8,28}$ = 16.148791441421253 dB
		SNR medio: 28.224571191831327
		Usuarios totais: 5
$x_{20}$
	 $y_{2,20,10}$ = 26.079049494684867 dB
	 $y_{2,20,22}$ = 14.988047828890885 dB
	 $y_{2,20,30}$ = 22.991881179420247 dB
	 $y_{2,20,40}$ = 24.88473056683749 dB
	 $y_{2,20,41}$ = 17.451058029247037 dB
		SNR medio: 23.008815030769068
		Usuarios totais: 7
$x_{36}$
	 $y_{2,36,34}$ = 19.285303923901793 dB
	 $y_{2,36,37}$ = 33.16606596903833 dB
	 $y_{2,36,43}$ = 9.725266698071238 dB
	 $y_{2,36,44}$ = 13.546152774364572 dB
	 $y_{2,36,45}$ = 29.71272315743846 dB
	 $y_{2,36,46}$ = 24.922099872533025 dB
	 $y_{2,36,54}$ = 6.756202312051499 dB
		SNR medio: 26.916132936215075
		Usuarios totais: 10
$x_{57}$
	 $y_{2,57,57}$ = 90.85028674452653 dB
	 $y_{2,57,58}$ = 27.106487666158188 dB
	 $y_{2,57,66}$ = 21.395631898286325 dB
	 $y_{2,57,78}$ = 14.793545404758405 dB
	 $y_{2,57,79}$ = 7.928095088637974 dB
		SNR medio: 83.86058915742156
		Usuarios totais: 6
$x_{72}$
	 $y_{2,72,51}$ = 14.41357444038482 dB
	 $y_{2,72,52}$ = 26.088888953836815 dB
	 $y_{2,72,53}$ = 19.22459527387373 dB
	 $y_{2,72,60}$ = 10.83233703594297 dB
	 $y_{2,72,64}$ = 18.006978523919443 dB
	 $y_{2,72,71}$ = 29.07155733262016 dB
	 $y_{2,72,73}$ = 30.08608296808302 dB
	 $y_{2,72,74}$ = 12.837248989767915 dB
	 $y_{2,72,82}$ = 30.009111741369523 dB
	 $y_{2,72,92}$ = 18.236082991573383 dB
		SNR medio: 25.451102816698263
		Usuarios totais: 12
$x_{86}$
	 $y_{2,86,75}$ = 27.13101991682906 dB
	 $y_{2,86,77}$ = 29.184701517483376 dB
	 $y_{2,86,86}$ = 84.78740473914922 dB
	 $y_{2,86,87}$ = 29.579679701530978 dB
	 $y_{2,86,89}$ = 15.181227136044825 dB
	 $y_{2,86,94}$ = 13.01340106887207 dB
	 $y_{2,86,95}$ = 26.987682037585685 dB
	 $y_{2,86,97}$ = 16.894779025596407 dB
	 $y_{2,86,99}$ = 15.065714053928716 dB
		SNR medio: 75.24502128127975
		Usuarios totais: 9
t=3
$x_{3}$
	 $y_{3,3,1}$ = 15.659904695839643 dB
	 $y_{3,3,5}$ = 15.260194959919957 dB
	 $y_{3,3,12}$ = 29.62381767599743 dB
	 $y_{3,3,33}$ = 18.306788915676208 dB
		SNR medio: 24.212450225951407
		Usuarios totais: 5
$x_{8}$
	 $y_{3,8,9}$ = 30.383551575054014 dB
	 $y_{3,8,17}$ = 21.39880942741067 dB
	 $y_{3,8,18}$ = 30.738563839816422 dB
		SNR medio: 29.059236400452896
		Usuarios totais: 5
$x_{20}$
	 $y_{3,20,0}$ = 16.519646868620683 dB
	 $y_{3,20,10}$ = 26.079049494684867 dB
	 $y_{3,20,20}$ = 90.75226163079867 dB
	 $y_{3,20,21}$ = 37.95748125926045 dB
	 $y_{3,20,32}$ = 16.49610755456351 dB
	 $y_{3,20,40}$ = 24.88473056683749 dB
	 $y_{3,20,41}$ = 17.451058029247037 dB
		SNR medio: 82.30130718540893
		Usuarios totais: 7
$x_{36}$
	 $y_{3,36,26}$ = 34.48901215254189 dB
	 $y_{3,36,36}$ = 91.9993756904272 dB
	 $y_{3,36,37}$ = 33.16606596903833 dB
	 $y_{3,36,44}$ = 13.546152774364572 dB
	 $y_{3,36,54}$ = 6.756202312051499 dB
		SNR medio: 85.00968910797747
		Usuarios totais: 7
$x_{57}$
	 $y_{3,57,39}$ = 14.72028166251161 dB
	 $y_{3,57,47}$ = 34.58990482615418 dB
	 $y_{3,57,48}$ = 26.144903387185835 dB
	 $y_{3,57,56}$ = 27.102620049501468 dB
	 $y_{3,57,57}$ = 90.85028674452653 dB
	 $y_{3,57,58}$ = 27.106487666158188 dB
	 $y_{3,57,59}$ = 15.087298379855312 dB
	 $y_{3,57,66}$ = 21.395631898286325 dB
	 $y_{3,57,68}$ = 25.929528042440438 dB
	 $y_{3,57,79}$ = 7.928095088637974 dB
		SNR medio: 80.85030428910511
		Usuarios totais: 15
$x_{72}$
	 $y_{3,72,61}$ = 32.72679364253784 dB
	 $y_{3,72,62}$ = 29.167421635189726 dB
	 $y_{3,72,63}$ = 21.161975145911725 dB
	 $y_{3,72,64}$ = 18.006978523919443 dB
	 $y_{3,72,71}$ = 29.07155733262016 dB
	 $y_{3,72,73}$ = 30.08608296808302 dB
	 $y_{3,72,80}$ = 21.123224663449534 dB
	 $y_{3,72,82}$ = 30.009111741369523 dB
	 $y_{3,72,90}$ = 6.843675337180656 dB
	 $y_{3,72,91}$ = 21.742693149586458 dB
		SNR medio: 27.78614138329982
		Usuarios totais: 13
$x_{86}$
	 $y_{3,86,76}$ = 29.844999902315465 dB
	 $y_{3,86,77}$ = 29.184701517483376 dB
	 $y_{3,86,85}$ = 37.31491640828168 dB
	 $y_{3,86,86}$ = 84.78740473914922 dB
	 $y_{3,86,88}$ = 14.032825304770995 dB
	 $y_{3,86,94}$ = 13.01340106887207 dB
	 $y_{3,86,99}$ = 15.065714053928716 dB
		SNR medio: 76.33652904591068
		Usuarios totais: 8
t=4
$x_{3}$
	 $y_{4,3,2}$ = 22.88170558100596 dB
	 $y_{4,3,3}$ = 91.58192424219828 dB
	 $y_{4,3,12}$ = 29.62381767599743 dB
	 $y_{4,3,23}$ = 19.541640125282413 dB
	 $y_{4,3,24}$ = 14.081191459390766 dB
	 $y_{4,3,33}$ = 18.306788915676208 dB
		SNR medio: 83.80041564396063
		Usuarios totais: 7
$x_{8}$
	 $y_{4,8,9}$ = 30.383551575054014 dB
	 $y_{4,8,28}$ = 16.148791441421253 dB
		SNR medio: 27.534036151648312
		Usuarios totais: 2
$x_{20}$
	 $y_{4,20,10}$ = 26.079049494684867 dB
	 $y_{4,20,31}$ = 29.010848969376966 dB
	 $y_{4,20,40}$ = 24.88473056683749 dB
		SNR medio: 27.017635676326194
		Usuarios totais: 5
$x_{36}$
	 $y_{4,36,16}$ = 11.612966975989934 dB
	 $y_{4,36,25}$ = 21.264739991003125 dB
	 $y_{4,36,26}$ = 34.48901215254189 dB
	 $y_{4,36,34}$ = 19.285303923901793 dB
	 $y_{4,36,36}$ = 91.9993756904272 dB
	 $y_{4,36,38}$ = 17.671015835061283 dB
	 $y_{4,36,44}$ = 13.546152774364572 dB
	 $y_{4,36,46}$ = 24.922099872533025 dB
		SNR medio: 82.96848523754039
		Usuarios totais: 11
$x_{57}$
	 $y_{4,57,47}$ = 34.58990482615418 dB
	 $y_{4,57,56}$ = 27.102620049501468 dB
	 $y_{4,57,57}$ = 90.85028674452653 dB
	 $y_{4,57,58}$ = 27.106487666158188 dB
	 $y_{4,57,65}$ = 17.65493902025473 dB
	 $y_{4,57,67}$ = 22.459107480806324 dB
	 $y_{4,57,68}$ = 25.929528042440438 dB
	 $y_{4,57,69}$ = 23.52175613724583 dB
	 $y_{4,57,79}$ = 7.928095088637974 dB
		SNR medio: 81.30787865198415
		Usuarios totais: 14
$x_{72}$
	 $y_{4,72,52}$ = 26.088888953836815 dB
	 $y_{4,72,60}$ = 10.83233703594297 dB
	 $y_{4,72,62}$ = 29.167421635189726 dB
	 $y_{4,72,64}$ = 18.006978523919443 dB
	 $y_{4,72,72}$ = 80.95262547935114 dB
	 $y_{4,72,73}$ = 30.08608296808302 dB
	 $y_{4,72,74}$ = 12.837248989767915 dB
		SNR medio: 72.50172691176527
		Usuarios totais: 12
$x_{86}$
	 $y_{4,86,75}$ = 27.13101991682906 dB
	 $y_{4,86,76}$ = 29.844999902315465 dB
	 $y_{4,86,77}$ = 29.184701517483376 dB
	 $y_{4,86,85}$ = 37.31491640828168 dB
	 $y_{4,86,86}$ = 84.78740473914922 dB
	 $y_{4,86,88}$ = 14.032825304770995 dB
	 $y_{4,86,89}$ = 15.181227136044825 dB
	 $y_{4,86,96}$ = 24.518902126828323 dB
	 $y_{4,86,97}$ = 16.894779025596407 dB
		SNR medio: 75.24509631311281
		Usuarios totais: 9
t=5
$x_{3}$
	 $y_{5,3,1}$ = 15.659904695839643 dB
	 $y_{5,3,13}$ = 30.71445973333583 dB
	 $y_{5,3,14}$ = 19.516581762800172 dB
	 $y_{5,3,15}$ = 17.98395407447326 dB
	 $y_{5,3,23}$ = 19.541640125282413 dB
	 $y_{5,3,24}$ = 14.081191459390766 dB
	 $y_{5,3,33}$ = 18.306788915676208 dB
		SNR medio: 23.45583114293493
		Usuarios totais: 11
$x_{8}$
	 $y_{5,8,6}$ = 15.530300305194913 dB
	 $y_{5,8,7}$ = 25.27933400659039 dB
	 $y_{5,8,8}$ = 87.6434810092276 dB
	 $y_{5,8,9}$ = 30.383551575054014 dB
	 $y_{5,8,29}$ = 21.34175621038179 dB
		SNR medio: 80.65379293222702
		Usuarios totais: 6
$x_{20}$
	 $y_{5,20,11}$ = 28.889914919728895 dB
	 $y_{5,20,30}$ = 22.991881179420247 dB
	 $y_{5,20,40}$ = 24.88473056683749 dB
	 $y_{5,20,42}$ = 5.721144389624385 dB
		SNR medio: 25.069372920275107
		Usuarios totais: 5
$x_{36}$
	 $y_{5,36,26}$ = 34.48901215254189 dB
	 $y_{5,36,35}$ = 27.201858361556816 dB
	 $y_{5,36,36}$ = 91.9993756904272 dB
	 $y_{5,36,38}$ = 17.671015835061283 dB
	 $y_{5,36,43}$ = 9.725266698071238 dB
	 $y_{5,36,44}$ = 13.546152774364572 dB
	 $y_{5,36,45}$ = 29.71272315743846 dB
	 $y_{5,36,46}$ = 24.922099872533025 dB
	 $y_{5,36,54}$ = 6.756202312051499 dB
		SNR medio: 82.45696341694732
		Usuarios totais: 12
$x_{57}$
	 $y_{5,57,39}$ = 14.72028166251161 dB
	 $y_{5,57,57}$ = 90.85028674452653 dB
	 $y_{5,57,59}$ = 15.087298379855312 dB
	 $y_{5,57,65}$ = 17.65493902025473 dB
	 $y_{5,57,67}$ = 22.459107480806324 dB
	 $y_{5,57,69}$ = 23.52175613724583 dB
	 $y_{5,57,79}$ = 7.928095088637974 dB
		SNR medio: 82.39930822813565
		Usuarios totais: 9
$x_{72}$
	 $y_{5,72,50}$ = 16.47032567861997 dB
	 $y_{5,72,51}$ = 14.41357444038482 dB
	 $y_{5,72,62}$ = 29.167421635189726 dB
	 $y_{5,72,72}$ = 80.95262547935114 dB
	 $y_{5,72,73}$ = 30.08608296808302 dB
	 $y_{5,72,83}$ = 25.13273613518311 dB
	 $y_{5,72,91}$ = 21.742693149586458 dB
	 $y_{5,72,92}$ = 18.236082991573383 dB
	 $y_{5,72,93}$ = 11.307403407490895 dB
		SNR medio: 71.41028663519867
		Usuarios totais: 12
$x_{86}$
	 $y_{5,86,75}$ = 27.13101991682906 dB
	 $y_{5,86,77}$ = 29.184701517483376 dB
	 $y_{5,86,84}$ = 17.971379425632406 dB
	 $y_{5,86,94}$ = 13.01340106887207 dB
	 $y_{5,86,99}$ = 15.065714053928716 dB
		SNR medio: 24.654355274898037
		Usuarios totais: 5
t=6
$x_{3}$
	 $y_{6,3,2}$ = 22.88170558100596 dB
	 $y_{6,3,5}$ = 15.260194959919957 dB
	 $y_{6,3,14}$ = 19.516581762800172 dB
	 $y_{6,3,15}$ = 17.98395407447326 dB
	 $y_{6,3,24}$ = 14.081191459390766 dB
	 $y_{6,3,33}$ = 18.306788915676208 dB
		SNR medio: 18.970550914814154
		Usuarios totais: 6
$x_{8}$
	 $y_{6,8,9}$ = 30.383551575054014 dB
	 $y_{6,8,19}$ = 28.23517588487867 dB
		SNR medio: 29.440876190947506
		Usuarios totais: 2
$x_{20}$
	 $y_{6,20,10}$ = 26.079049494684867 dB
	 $y_{6,20,11}$ = 28.889914919728895 dB
	 $y_{6,20,20}$ = 90.75226163079867 dB
	 $y_{6,20,21}$ = 37.95748125926045 dB
	 $y_{6,20,22}$ = 14.988047828890885 dB
	 $y_{6,20,30}$ = 22.991881179420247 dB
	 $y_{6,20,41}$ = 17.451058029247037 dB
	 $y_{6,20,42}$ = 5.721144389624385 dB
		SNR medio: 81.72138994868448
		Usuarios totais: 10
$x_{36}$
	 $y_{6,36,16}$ = 11.612966975989934 dB
	 $y_{6,36,27}$ = 22.588009571165458 dB
	 $y_{6,36,34}$ = 19.285303923901793 dB
	 $y_{6,36,36}$ = 91.9993756904272 dB
	 $y_{6,36,37}$ = 33.16606596903833 dB
	 $y_{6,36,45}$ = 29.71272315743846 dB
	 $y_{6,36,54}$ = 6.756202312051499 dB
		SNR medio: 83.54840431936287
		Usuarios totais: 8
$x_{57}$
	 $y_{6,57,55}$ = 29.756072887226082 dB
	 $y_{6,57,58}$ = 27.106487666158188 dB
	 $y_{6,57,67}$ = 22.459107480806324 dB
	 $y_{6,57,68}$ = 25.929528042440438 dB
	 $y_{6,57,78}$ = 14.793545404758405 dB
	 $y_{6,57,79}$ = 7.928095088637974 dB
		SNR medio: 25.36396676145047
		Usuarios totais: 7
$x_{72}$
	 $y_{6,72,51}$ = 14.41357444038482 dB
	 $y_{6,72,60}$ = 10.83233703594297 dB
	 $y_{6,72,62}$ = 29.167421635189726 dB
	 $y_{6,72,63}$ = 21.161975145911725 dB
	 $y_{6,72,70}$ = 25.00154002151595 dB
	 $y_{6,72,71}$ = 29.07155733262016 dB
	 $y_{6,72,72}$ = 80.95262547935114 dB
	 $y_{6,72,73}$ = 30.08608296808302 dB
	 $y_{6,72,74}$ = 12.837248989767915 dB
	 $y_{6,72,80}$ = 21.123224663449534 dB
	 $y_{6,72,81}$ = 23.213773654014474 dB
	 $y_{6,72,82}$ = 30.009111741369523 dB
	 $y_{6,72,83}$ = 25.13273613518311 dB
	 $y_{6,72,93}$ = 11.307403407490895 dB
		SNR medio: 69.49151391134339
		Usuarios totais: 16
$x_{86}$
	 $y_{6,86,75}$ = 27.13101991682906 dB
	 $y_{6,86,76}$ = 29.844999902315465 dB
	 $y_{6,86,77}$ = 29.184701517483376 dB
	 $y_{6,86,84}$ = 17.971379425632406 dB
	 $y_{6,86,87}$ = 29.579679701530978 dB
	 $y_{6,86,88}$ = 14.032825304770995 dB
	 $y_{6,86,94}$ = 13.01340106887207 dB
	 $y_{6,86,95}$ = 26.987682037585685 dB
	 $y_{6,86,98}$ = 7.323432758038166 dB
	 $y_{6,86,99}$ = 15.065714053928716 dB
		SNR medio: 25.869636613464596
		Usuarios totais: 11
t=7
$x_{3}$
	 $y_{7,3,1}$ = 15.659904695839643 dB
	 $y_{7,3,3}$ = 91.58192424219828 dB
	 $y_{7,3,13}$ = 30.71445973333583 dB
	 $y_{7,3,14}$ = 19.516581762800172 dB
	 $y_{7,3,15}$ = 17.98395407447326 dB
	 $y_{7,3,23}$ = 19.541640125282413 dB
		SNR medio: 83.80041613713482
		Usuarios totais: 8
$x_{8}$
	 $y_{7,8,7}$ = 25.27933400659039 dB
	 $y_{7,8,17}$ = 21.39880942741067 dB
	 $y_{7,8,19}$ = 28.23517588487867 dB
	 $y_{7,8,28}$ = 16.148791441421253 dB
		SNR medio: 24.70741510899073
		Usuarios totais: 4
$x_{20}$
	 $y_{7,20,30}$ = 22.991881179420247 dB
	 $y_{7,20,32}$ = 16.49610755456351 dB
	 $y_{7,20,40}$ = 24.88473056683749 dB
		SNR medio: 22.6460286586414
		Usuarios totais: 4
$x_{36}$
	 $y_{7,36,34}$ = 19.285303923901793 dB
	 $y_{7,36,35}$ = 27.201858361556816 dB
	 $y_{7,36,37}$ = 33.16606596903833 dB
	 $y_{7,36,38}$ = 17.671015835061283 dB
	 $y_{7,36,44}$ = 13.546152774364572 dB
	 $y_{7,36,46}$ = 24.922099872533025 dB
	 $y_{7,36,54}$ = 6.756202312051499 dB
		SNR medio: 26.433619485711112
		Usuarios totais: 8
$x_{57}$
	 $y_{7,57,48}$ = 26.144903387185835 dB
	 $y_{7,57,49}$ = 22.836736369444537 dB
	 $y_{7,57,55}$ = 29.756072887226082 dB
	 $y_{7,57,58}$ = 27.106487666158188 dB
	 $y_{7,57,65}$ = 17.65493902025473 dB
	 $y_{7,57,66}$ = 21.395631898286325 dB
	 $y_{7,57,67}$ = 22.459107480806324 dB
	 $y_{7,57,78}$ = 14.793545404758405 dB
		SNR medio: 24.88776474316541
		Usuarios totais: 11
$x_{72}$
	 $y_{7,72,51}$ = 14.41357444038482 dB
	 $y_{7,72,53}$ = 19.22459527387373 dB
	 $y_{7,72,61}$ = 32.72679364253784 dB
	 $y_{7,72,71}$ = 29.07155733262016 dB
	 $y_{7,72,72}$ = 80.95262547935114 dB
	 $y_{7,72,73}$ = 30.08608296808302 dB
	 $y_{7,72,74}$ = 12.837248989767915 dB
	 $y_{7,72,82}$ = 30.009111741369523 dB
	 $y_{7,72,90}$ = 6.843675337180656 dB
	 $y_{7,72,92}$ = 18.236082991573383 dB
	 $y_{7,72,93}$ = 11.307403407490895 dB
		SNR medio: 70.53887016767024
		Usuarios totais: 14
$x_{86}$
	 $y_{7,86,76}$ = 29.844999902315465 dB
	 $y_{7,86,77}$ = 29.184701517483376 dB
	 $y_{7,86,84}$ = 17.971379425632406 dB
	 $y_{7,86,86}$ = 84.78740473914922 dB
	 $y_{7,86,87}$ = 29.579679701530978 dB
	 $y_{7,86,94}$ = 13.01340106887207 dB
	 $y_{7,86,98}$ = 7.323432758038166 dB
	 $y_{7,86,99}$ = 15.065714053928716 dB
		SNR medio: 75.75654556577248
		Usuarios totais: 11
t=8
$x_{3}$
	 $y_{8,3,1}$ = 15.659904695839643 dB
	 $y_{8,3,2}$ = 22.88170558100596 dB
	 $y_{8,3,5}$ = 15.260194959919957 dB
	 $y_{8,3,23}$ = 19.541640125282413 dB
	 $y_{8,3,33}$ = 18.306788915676208 dB
		SNR medio: 19.265996378984397
		Usuarios totais: 8
$x_{8}$
	 $y_{8,8,6}$ = 15.530300305194913 dB
	 $y_{8,8,8}$ = 87.6434810092276 dB
	 $y_{8,8,19}$ = 28.23517588487867 dB
	 $y_{8,8,29}$ = 21.34175621038179 dB
		SNR medio: 81.62288735743856
		Usuarios totais: 5
$x_{20}$
	 $y_{8,20,22}$ = 14.988047828890885 dB
	 $y_{8,20,30}$ = 22.991881179420247 dB
	 $y_{8,20,32}$ = 16.49610755456351 dB
		SNR medio: 19.627130199718025
		Usuarios totais: 6
$x_{36}$
	 $y_{8,36,26}$ = 34.48901215254189 dB
	 $y_{8,36,27}$ = 22.588009571165458 dB
	 $y_{8,36,34}$ = 19.285303923901793 dB
	 $y_{8,36,35}$ = 27.201858361556816 dB
	 $y_{8,36,36}$ = 91.9993756904272 dB
	 $y_{8,36,37}$ = 33.16606596903833 dB
	 $y_{8,36,43}$ = 9.725266698071238 dB
		SNR medio: 83.54841087063376
		Usuarios totais: 9
$x_{57}$
	 $y_{8,57,48}$ = 26.144903387185835 dB
	 $y_{8,57,58}$ = 27.106487666158188 dB
	 $y_{8,57,65}$ = 17.65493902025473 dB
	 $y_{8,57,69}$ = 23.52175613724583 dB
	 $y_{8,57,78}$ = 14.793545404758405 dB
		SNR medio: 23.939855902440407
		Usuarios totais: 7
$x_{72}$
	 $y_{8,72,51}$ = 14.41357444038482 dB
	 $y_{8,72,62}$ = 29.167421635189726 dB
	 $y_{8,72,63}$ = 21.161975145911725 dB
	 $y_{8,72,70}$ = 25.00154002151595 dB
	 $y_{8,72,73}$ = 30.08608296808302 dB
	 $y_{8,72,74}$ = 12.837248989767915 dB
	 $y_{8,72,81}$ = 23.213773654014474 dB
	 $y_{8,72,82}$ = 30.009111741369523 dB
	 $y_{8,72,83}$ = 25.13273613518311 dB
	 $y_{8,72,92}$ = 18.236082991573383 dB
		SNR medio: 25.95913406893233
		Usuarios totais: 13
$x_{86}$
	 $y_{8,86,75}$ = 27.13101991682906 dB
	 $y_{8,86,84}$ = 17.971379425632406 dB
	 $y_{8,86,85}$ = 37.31491640828168 dB
	 $y_{8,86,87}$ = 29.579679701530978 dB
	 $y_{8,86,89}$ = 15.181227136044825 dB
	 $y_{8,86,94}$ = 13.01340106887207 dB
	 $y_{8,86,95}$ = 26.987682037585685 dB
	 $y_{8,86,97}$ = 16.894779025596407 dB
		SNR medio: 29.706628683367533
		Usuarios totais: 12
t=9
$x_{3}$
	 $y_{9,3,1}$ = 15.659904695839643 dB
	 $y_{9,3,5}$ = 15.260194959919957 dB
	 $y_{9,3,15}$ = 17.98395407447326 dB
		SNR medio: 16.475472739439287
		Usuarios totais: 3
$x_{8}$
	 $y_{9,8,6}$ = 15.530300305194913 dB
	 $y_{9,8,7}$ = 25.27933400659039 dB
	 $y_{9,8,9}$ = 30.383551575054014 dB
	 $y_{9,8,17}$ = 21.39880942741067 dB
	 $y_{9,8,18}$ = 30.738563839816422 dB
		SNR medio: 27.46428037120201
		Usuarios totais: 5
$x_{20}$
	 $y_{9,20,0}$ = 16.519646868620683 dB
	 $y_{9,20,10}$ = 26.079049494684867 dB
	 $y_{9,20,22}$ = 14.988047828890885 dB
	 $y_{9,20,32}$ = 16.49610755456351 dB
	 $y_{9,20,42}$ = 5.721144389624385 dB
		SNR medio: 20.254602010034613
		Usuarios totais: 7
$x_{36}$
	 $y_{9,36,16}$ = 11.612966975989934 dB
	 $y_{9,36,25}$ = 21.264739991003125 dB
	 $y_{9,36,27}$ = 22.588009571165458 dB
	 $y_{9,36,34}$ = 19.285303923901793 dB
	 $y_{9,36,35}$ = 27.201858361556816 dB
	 $y_{9,36,43}$ = 9.725266698071238 dB
	 $y_{9,36,44}$ = 13.546152774364572 dB
		SNR medio: 21.42408795562174
		Usuarios totais: 10
$x_{57}$
	 $y_{9,57,39}$ = 14.72028166251161 dB
	 $y_{9,57,48}$ = 26.144903387185835 dB
	 $y_{9,57,49}$ = 22.836736369444537 dB
	 $y_{9,57,59}$ = 15.087298379855312 dB
	 $y_{9,57,67}$ = 22.459107480806324 dB
	 $y_{9,57,68}$ = 25.929528042440438 dB
	 $y_{9,57,78}$ = 14.793545404758405 dB
		SNR medio: 22.565491674644665
		Usuarios totais: 8
$x_{72}$
	 $y_{9,72,50}$ = 16.47032567861997 dB
	 $y_{9,72,52}$ = 26.088888953836815 dB
	 $y_{9,72,53}$ = 19.22459527387373 dB
	 $y_{9,72,61}$ = 32.72679364253784 dB
	 $y_{9,72,62}$ = 29.167421635189726 dB
	 $y_{9,72,63}$ = 21.161975145911725 dB
	 $y_{9,72,71}$ = 29.07155733262016 dB
	 $y_{9,72,81}$ = 23.213773654014474 dB
	 $y_{9,72,82}$ = 30.009111741369523 dB
	 $y_{9,72,83}$ = 25.13273613518311 dB
		SNR medio: 27.565940744286795
		Usuarios totais: 14
$x_{86}$
	 $y_{9,86,75}$ = 27.13101991682906 dB
	 $y_{9,86,76}$ = 29.844999902315465 dB
	 $y_{9,86,86}$ = 84.78740473914922 dB
	 $y_{9,86,94}$ = 13.01340106887207 dB
	 $y_{9,86,95}$ = 26.987682037585685 dB
	 $y_{9,86,96}$ = 24.518902126828323 dB
	 $y_{9,86,98}$ = 7.323432758038166 dB
		SNR medio: 76.33645736270397
		Usuarios totais: 13
Distances:
3 : 8 = 2000.0
3 : 20 = 1442.2205101855957
3 : 36 = 1697.0562748477141
3 : 57 = 2561.2496949731394
3 : 72 = 2828.42712474619
3 : 86 = 3417.6014981270123
8 : 20 = 3298.4845004941285
8 : 36 = 1442.2205101855957
8 : 57 = 2039.607805437114
8 : 72 = 3687.817782917155
8 : 86 = 3298.4845004941285
20 : 36 = 2433.105012119288
20 : 57 = 3046.3092423455632
20 : 72 = 2154.0659228538016
20 : 86 = 3394.1125496954282
36 : 57 = 894.4271909999159
36 : 72 = 2262.741699796952
36 : 86 = 2000.0
57 : 72 = 2154.0659228538016
57 : 86 = 1264.9110640673518
72 : 86 = 1649.2422502470642
--- Done after 0.0004018433226479424 hours. ---
