-------------Generating sinr map
-------------Generating ues map
-------------Calculating Solution (this may take a while)
+++++++++++++++++++Min Sinr: 5 dB (fixed)
+++++++++++++++++++With backhaul constraint. Start: 2022-04-10 03:03:16


Média de carros: 2.5
t=0
$x_{0,1}$
	 $y_{0,1,21}$ = 22.475161716201598 dB
	 $y_{0,1,22}$ = 35.131920924914596 dB
	 $y_{0,1,23}$ = 17.600559393269265 dB
	 $y_{0,1,31}$ = 22.924443445709272 dB
	 $y_{0,1,32}$ = 22.51076312865203 dB
	 $y_{0,1,33}$ = 14.64432203995031 dB
		SNR medio: 28.12653156978473
		Usuarios totais: 60
Distances:
t=1
$x_{1,1}$
	 $y_{1,1,0}$ = 37.46771615269606 dB
	 $y_{1,1,1}$ = 94.18043708372582 dB
	 $y_{1,1,3}$ = 31.959023108843297 dB
	 $y_{1,1,5}$ = 18.501236663326665 dB
	 $y_{1,1,7}$ = 8.041341817042166 dB
	 $y_{1,1,10}$ = 36.0694987839115 dB
	 $y_{1,1,12}$ = 35.451261861603626 dB
	 $y_{1,1,13}$ = 22.00515220631206 dB
	 $y_{1,1,14}$ = 18.587279509573648 dB
	 $y_{1,1,15}$ = 17.655339529759644 dB
	 $y_{1,1,16}$ = 12.852480946679577 dB
	 $y_{1,1,17}$ = 9.182747391678333 dB
	 $y_{1,1,22}$ = 35.131920924914596 dB
	 $y_{1,1,23}$ = 17.600559393269265 dB
	 $y_{1,1,24}$ = 23.98001423234909 dB
	 $y_{1,1,26}$ = 7.177351695423425 dB
	 $y_{1,1,30}$ = 16.990697602427872 dB
	 $y_{1,1,36}$ = 11.402547920010818 dB
	 $y_{1,1,39}$ = 17.02206185492207 dB
	 $y_{1,1,45}$ = 6.684391382849981 dB
	 $y_{1,1,50}$ = 21.764620937764633 dB
	 $y_{1,1,51}$ = 22.99384395684956 dB
	 $y_{1,1,56}$ = 6.161851135772054 dB
	 $y_{1,1,58}$ = 7.292023491313387 dB
	 $y_{1,1,59}$ = 10.460354599924386 dB
	 $y_{1,1,60}$ = 7.927098319129044 dB
	 $y_{1,1,61}$ = 18.17839012629443 dB
	 $y_{1,1,62}$ = 12.34721297912236 dB
	 $y_{1,1,63}$ = 10.756956291534777 dB
	 $y_{1,1,70}$ = 12.562624879923973 dB
	 $y_{1,1,74}$ = 9.931787980552883 dB
	 $y_{1,1,77}$ = 6.725390824714239 dB
	 $y_{1,1,80}$ = 8.097755829495412 dB
	 $y_{1,1,93}$ = 9.148448452314511 dB
	 $y_{1,1,95}$ = 14.662652881839875 dB
		SNR medio: 78.73978871494404
		Usuarios totais: 44
$x_{1,35}$
	 $y_{1,35,28}$ = 15.08759280188525 dB
	 $y_{1,35,41}$ = 11.643390537788406 dB
	 $y_{1,35,53}$ = 25.955793573813892 dB
	 $y_{1,35,55}$ = 27.423203199029146 dB
	 $y_{1,35,57}$ = 18.929576003438427 dB
	 $y_{1,35,66}$ = 17.684157168334707 dB
	 $y_{1,35,68}$ = 21.213350389197018 dB
	 $y_{1,35,75}$ = 10.348391767367644 dB
	 $y_{1,35,81}$ = 16.432964691382267 dB
	 $y_{1,35,83}$ = 12.717868836331633 dB
	 $y_{1,35,87}$ = 15.476080547969076 dB
	 $y_{1,35,92}$ = 10.957117468538172 dB
	 $y_{1,35,97}$ = 8.630675498895044 dB
		SNR medio: 20.293988373393837
		Usuarios totais: 16
Distances:
1 : 35 = 2000.0
t=2
$x_{2,1}$
	 $y_{2,1,1}$ = 94.18043708372582 dB
	 $y_{2,1,5}$ = 18.501236663326665 dB
	 $y_{2,1,7}$ = 8.041341817042166 dB
	 $y_{2,1,11}$ = 37.60470765931426 dB
	 $y_{2,1,13}$ = 22.00515220631206 dB
	 $y_{2,1,16}$ = 12.852480946679577 dB
	 $y_{2,1,18}$ = 11.671026962089115 dB
	 $y_{2,1,24}$ = 23.98001423234909 dB
	 $y_{2,1,25}$ = 14.883247621904417 dB
	 $y_{2,1,32}$ = 22.51076312865203 dB
	 $y_{2,1,36}$ = 11.402547920010818 dB
	 $y_{2,1,43}$ = 18.485345203080442 dB
	 $y_{2,1,50}$ = 21.764620937764633 dB
	 $y_{2,1,51}$ = 22.99384395684956 dB
	 $y_{2,1,54}$ = 7.941780865772671 dB
	 $y_{2,1,56}$ = 6.161851135772054 dB
	 $y_{2,1,58}$ = 7.292023491313387 dB
	 $y_{2,1,61}$ = 18.17839012629443 dB
	 $y_{2,1,63}$ = 10.756956291534777 dB
	 $y_{2,1,65}$ = 10.301520441215985 dB
	 $y_{2,1,71}$ = 8.197385912145847 dB
	 $y_{2,1,74}$ = 9.931787980552883 dB
	 $y_{2,1,77}$ = 6.725390824714239 dB
	 $y_{2,1,80}$ = 8.097755829495412 dB
	 $y_{2,1,82}$ = 10.582442240272925 dB
	 $y_{2,1,84}$ = 7.650396042197286 dB
	 $y_{2,1,86}$ = 14.89203915004488 dB
	 $y_{2,1,93}$ = 9.148448452314511 dB
	 $y_{2,1,94}$ = 8.707788787350722 dB
	 $y_{2,1,95}$ = 14.662652881839875 dB
		SNR medio: 79.40923639216696
		Usuarios totais: 40
$x_{2,35}$
	 $y_{2,35,9}$ = 15.744852019579525 dB
	 $y_{2,35,17}$ = 28.18284320942867 dB
	 $y_{2,35,19}$ = 19.754765992135418 dB
	 $y_{2,35,26}$ = 23.751706002534945 dB
	 $y_{2,35,35}$ = 103.56551766470378 dB
	 $y_{2,35,39}$ = 12.39920337980945 dB
	 $y_{2,35,46}$ = 35.6922050428073 dB
	 $y_{2,35,49}$ = 13.46373741772176 dB
	 $y_{2,35,55}$ = 27.423203199029146 dB
	 $y_{2,35,67}$ = 22.07595212825322 dB
	 $y_{2,35,76}$ = 28.402686925730734 dB
	 $y_{2,35,78}$ = 14.013537604693681 dB
	 $y_{2,35,79}$ = 10.76116176677337 dB
	 $y_{2,35,81}$ = 16.432964691382267 dB
	 $y_{2,35,87}$ = 15.476080547969076 dB
	 $y_{2,35,97}$ = 8.630675498895044 dB
		SNR medio: 91.5243190430172
		Usuarios totais: 20
Distances:
1 : 35 = 2000.0
t=3
$x_{3,1}$
	 $y_{3,1,0}$ = 37.46771615269606 dB
	 $y_{3,1,2}$ = 38.5081248019161 dB
	 $y_{3,1,13}$ = 22.00515220631206 dB
	 $y_{3,1,14}$ = 18.587279509573648 dB
	 $y_{3,1,15}$ = 17.655339529759644 dB
	 $y_{3,1,16}$ = 12.852480946679577 dB
	 $y_{3,1,18}$ = 11.671026962089115 dB
	 $y_{3,1,21}$ = 22.475161716201598 dB
	 $y_{3,1,22}$ = 35.131920924914596 dB
	 $y_{3,1,24}$ = 23.98001423234909 dB
	 $y_{3,1,30}$ = 16.990697602427872 dB
	 $y_{3,1,31}$ = 22.924443445709272 dB
	 $y_{3,1,32}$ = 22.51076312865203 dB
	 $y_{3,1,38}$ = 6.1042102589672425 dB
	 $y_{3,1,39}$ = 17.02206185492207 dB
	 $y_{3,1,42}$ = 12.940255525990807 dB
	 $y_{3,1,54}$ = 7.941780865772671 dB
	 $y_{3,1,58}$ = 7.292023491313387 dB
	 $y_{3,1,63}$ = 10.756956291534777 dB
	 $y_{3,1,65}$ = 10.301520441215985 dB
	 $y_{3,1,70}$ = 12.562624879923973 dB
	 $y_{3,1,74}$ = 9.931787980552883 dB
	 $y_{3,1,80}$ = 8.097755829495412 dB
	 $y_{3,1,93}$ = 9.148448452314511 dB
	 $y_{3,1,95}$ = 14.662652881839875 dB
		SNR medio: 28.398256448331175
		Usuarios totais: 34
$x_{3,35}$
	 $y_{3,35,33}$ = 34.69552510962304 dB
	 $y_{3,35,35}$ = 103.56551766470378 dB
	 $y_{3,35,40}$ = 16.444535630727415 dB
	 $y_{3,35,45}$ = 29.68154920677975 dB
	 $y_{3,35,46}$ = 35.6922050428073 dB
	 $y_{3,35,53}$ = 25.955793573813892 dB
	 $y_{3,35,55}$ = 27.423203199029146 dB
	 $y_{3,35,57}$ = 18.929576003438427 dB
	 $y_{3,35,61}$ = 12.089815443755853 dB
	 $y_{3,35,66}$ = 17.684157168334707 dB
	 $y_{3,35,67}$ = 22.07595212825322 dB
	 $y_{3,35,68}$ = 21.213350389197018 dB
	 $y_{3,35,76}$ = 28.402686925730734 dB
	 $y_{3,35,83}$ = 12.717868836331633 dB
	 $y_{3,35,84}$ = 18.589619497366684 dB
	 $y_{3,35,85}$ = 6.5643954534507145 dB
	 $y_{3,35,92}$ = 10.957117468538172 dB
	 $y_{3,35,96}$ = 14.751720114800747 dB
		SNR medio: 91.01279449653946
		Usuarios totais: 26
Distances:
1 : 35 = 2000.0
t=4
$x_{4,1}$
	 $y_{4,1,0}$ = 37.46771615269606 dB
	 $y_{4,1,1}$ = 94.18043708372582 dB
	 $y_{4,1,3}$ = 31.959023108843297 dB
	 $y_{4,1,4}$ = 25.646199342022925 dB
	 $y_{4,1,5}$ = 18.501236663326665 dB
	 $y_{4,1,6}$ = 13.845132875520306 dB
	 $y_{4,1,7}$ = 8.041341817042166 dB
	 $y_{4,1,8}$ = 14.713652436812083 dB
	 $y_{4,1,12}$ = 35.451261861603626 dB
	 $y_{4,1,15}$ = 17.655339529759644 dB
	 $y_{4,1,16}$ = 12.852480946679577 dB
	 $y_{4,1,17}$ = 9.182747391678333 dB
	 $y_{4,1,21}$ = 22.475161716201598 dB
	 $y_{4,1,24}$ = 23.98001423234909 dB
	 $y_{4,1,31}$ = 22.924443445709272 dB
	 $y_{4,1,34}$ = 17.82346457167455 dB
	 $y_{4,1,38}$ = 6.1042102589672425 dB
	 $y_{4,1,39}$ = 17.02206185492207 dB
	 $y_{4,1,43}$ = 18.485345203080442 dB
	 $y_{4,1,45}$ = 6.684391382849981 dB
	 $y_{4,1,47}$ = 11.657705876460142 dB
	 $y_{4,1,50}$ = 21.764620937764633 dB
	 $y_{4,1,60}$ = 7.927098319129044 dB
	 $y_{4,1,61}$ = 18.17839012629443 dB
	 $y_{4,1,65}$ = 10.301520441215985 dB
	 $y_{4,1,70}$ = 12.562624879923973 dB
	 $y_{4,1,71}$ = 8.197385912145847 dB
	 $y_{4,1,77}$ = 6.725390824714239 dB
	 $y_{4,1,80}$ = 8.097755829495412 dB
	 $y_{4,1,82}$ = 10.582442240272925 dB
	 $y_{4,1,86}$ = 14.89203915004488 dB
	 $y_{4,1,93}$ = 9.148448452314511 dB
	 $y_{4,1,94}$ = 8.707788787350722 dB
	 $y_{4,1,95}$ = 14.662652881839875 dB
		SNR medio: 78.86566852590437
		Usuarios totais: 41
$x_{4,35}$
	 $y_{4,35,19}$ = 19.754765992135418 dB
	 $y_{4,35,41}$ = 11.643390537788406 dB
	 $y_{4,35,58}$ = 16.601140171675496 dB
	 $y_{4,35,69}$ = 11.242528379470087 dB
	 $y_{4,35,88}$ = 10.180858584420577 dB
	 $y_{4,35,98}$ = 7.954717601403132 dB
		SNR medio: 14.885783479850545
		Usuarios totais: 11
$x_{4,76}$
	 $y_{4,76,46}$ = 22.280832111681235 dB
	 $y_{4,76,73}$ = 26.502439788513954 dB
	 $y_{4,76,75}$ = 38.33979389273796 dB
	 $y_{4,76,89}$ = 12.080339705685844 dB
	 $y_{4,76,96}$ = 27.73753804140162 dB
	 $y_{4,76,97}$ = 35.402249177702544 dB
	 $y_{4,76,99}$ = 18.49901745105332 dB
		SNR medio: 32.18952332650593
		Usuarios totais: 8
Distances:
1 : 35 = 2000.0
1 : 76 = 3440.9301068170507
35 : 76 = 1649.2422502470642
t=5
$x_{5,1}$
	 $y_{5,1,2}$ = 38.5081248019161 dB
	 $y_{5,1,3}$ = 31.959023108843297 dB
	 $y_{5,1,5}$ = 18.501236663326665 dB
	 $y_{5,1,10}$ = 36.0694987839115 dB
	 $y_{5,1,14}$ = 18.587279509573648 dB
	 $y_{5,1,15}$ = 17.655339529759644 dB
	 $y_{5,1,18}$ = 11.671026962089115 dB
	 $y_{5,1,21}$ = 22.475161716201598 dB
	 $y_{5,1,22}$ = 35.131920924914596 dB
	 $y_{5,1,25}$ = 14.883247621904417 dB
	 $y_{5,1,30}$ = 16.990697602427872 dB
	 $y_{5,1,31}$ = 22.924443445709272 dB
	 $y_{5,1,34}$ = 17.82346457167455 dB
	 $y_{5,1,39}$ = 17.02206185492207 dB
	 $y_{5,1,41}$ = 20.524274331660536 dB
	 $y_{5,1,43}$ = 18.485345203080442 dB
	 $y_{5,1,44}$ = 16.34350999135289 dB
	 $y_{5,1,45}$ = 6.684391382849981 dB
	 $y_{5,1,47}$ = 11.657705876460142 dB
	 $y_{5,1,48}$ = 10.590304130085073 dB
	 $y_{5,1,49}$ = 8.440663759045137 dB
	 $y_{5,1,56}$ = 6.161851135772054 dB
	 $y_{5,1,58}$ = 7.292023491313387 dB
	 $y_{5,1,59}$ = 10.460354599924386 dB
	 $y_{5,1,60}$ = 7.927098319129044 dB
	 $y_{5,1,61}$ = 18.17839012629443 dB
	 $y_{5,1,63}$ = 10.756956291534777 dB
	 $y_{5,1,70}$ = 12.562624879923973 dB
	 $y_{5,1,80}$ = 8.097755829495412 dB
	 $y_{5,1,84}$ = 7.650396042197286 dB
	 $y_{5,1,85}$ = 7.112176201344681 dB
		SNR medio: 27.42969233315867
		Usuarios totais: 40
$x_{5,35}$
	 $y_{5,35,35}$ = 103.56551766470378 dB
	 $y_{5,35,46}$ = 35.6922050428073 dB
	 $y_{5,35,57}$ = 18.929576003438427 dB
	 $y_{5,35,67}$ = 22.07595212825322 dB
	 $y_{5,35,69}$ = 11.242528379470087 dB
	 $y_{5,35,72}$ = 16.603683337482437 dB
	 $y_{5,35,78}$ = 14.013537604693681 dB
	 $y_{5,35,96}$ = 14.751720114800747 dB
	 $y_{5,35,97}$ = 8.630675498895044 dB
		SNR medio: 94.02309334795086
		Usuarios totais: 15
$x_{5,76}$
	 $y_{5,76,28}$ = 11.28891390646669 dB
	 $y_{5,76,40}$ = 14.643411070428954 dB
	 $y_{5,76,53}$ = 16.275230945709325 dB
	 $y_{5,76,76}$ = 101.38366661392229 dB
	 $y_{5,76,88}$ = 26.695109590956875 dB
		SNR medio: 94.39396674495205
		Usuarios totais: 5
Distances:
1 : 35 = 2000.0
1 : 76 = 3440.9301068170507
35 : 76 = 1649.2422502470642
t=6
$x_{6,1}$
	 $y_{6,1,2}$ = 38.5081248019161 dB
	 $y_{6,1,6}$ = 13.845132875520306 dB
	 $y_{6,1,7}$ = 8.041341817042166 dB
	 $y_{6,1,10}$ = 36.0694987839115 dB
	 $y_{6,1,16}$ = 12.852480946679577 dB
	 $y_{6,1,17}$ = 9.182747391678333 dB
	 $y_{6,1,23}$ = 17.600559393269265 dB
	 $y_{6,1,24}$ = 23.98001423234909 dB
	 $y_{6,1,27}$ = 7.796391575538237 dB
	 $y_{6,1,29}$ = 6.3081296062817955 dB
	 $y_{6,1,33}$ = 14.64432203995031 dB
	 $y_{6,1,36}$ = 11.402547920010818 dB
	 $y_{6,1,38}$ = 6.1042102589672425 dB
	 $y_{6,1,39}$ = 17.02206185492207 dB
	 $y_{6,1,40}$ = 18.601563040968358 dB
	 $y_{6,1,42}$ = 12.940255525990807 dB
	 $y_{6,1,43}$ = 18.485345203080442 dB
	 $y_{6,1,45}$ = 6.684391382849981 dB
	 $y_{6,1,47}$ = 11.657705876460142 dB
	 $y_{6,1,48}$ = 10.590304130085073 dB
	 $y_{6,1,51}$ = 22.99384395684956 dB
	 $y_{6,1,52}$ = 12.902713927125149 dB
	 $y_{6,1,56}$ = 6.161851135772054 dB
	 $y_{6,1,61}$ = 18.17839012629443 dB
	 $y_{6,1,62}$ = 12.34721297912236 dB
	 $y_{6,1,63}$ = 10.756956291534777 dB
	 $y_{6,1,65}$ = 10.301520441215985 dB
	 $y_{6,1,74}$ = 9.931787980552883 dB
	 $y_{6,1,80}$ = 8.097755829495412 dB
	 $y_{6,1,84}$ = 7.650396042197286 dB
	 $y_{6,1,90}$ = 6.40964203609208 dB
	 $y_{6,1,94}$ = 8.707788787350722 dB
		SNR medio: 25.800433984460568
		Usuarios totais: 41
$x_{6,35}$
	 $y_{6,35,35}$ = 103.56551766470378 dB
	 $y_{6,35,46}$ = 35.6922050428073 dB
	 $y_{6,35,55}$ = 27.423203199029146 dB
	 $y_{6,35,64}$ = 24.41021353927988 dB
	 $y_{6,35,66}$ = 17.684157168334707 dB
	 $y_{6,35,75}$ = 10.348391767367644 dB
	 $y_{6,35,83}$ = 12.717868836331633 dB
	 $y_{6,35,88}$ = 10.180858584420577 dB
		SNR medio: 94.53461868064237
		Usuarios totais: 11
$x_{6,76}$
	 $y_{6,76,9}$ = 11.361494727835293 dB
	 $y_{6,76,22}$ = 6.287760606493862 dB
	 $y_{6,76,28}$ = 11.28891390646669 dB
	 $y_{6,76,73}$ = 26.502439788513954 dB
	 $y_{6,76,78}$ = 20.525375525934777 dB
	 $y_{6,76,81}$ = 6.128774518829431 dB
	 $y_{6,76,89}$ = 12.080339705685844 dB
		SNR medio: 19.412492082665263
		Usuarios totais: 8
Distances:
1 : 35 = 2000.0
1 : 76 = 3440.9301068170507
35 : 76 = 1649.2422502470642
t=7
$x_{7,1}$
	 $y_{7,1,3}$ = 31.959023108843297 dB
	 $y_{7,1,4}$ = 25.646199342022925 dB
	 $y_{7,1,8}$ = 14.713652436812083 dB
	 $y_{7,1,11}$ = 37.60470765931426 dB
	 $y_{7,1,13}$ = 22.00515220631206 dB
	 $y_{7,1,14}$ = 18.587279509573648 dB
	 $y_{7,1,15}$ = 17.655339529759644 dB
	 $y_{7,1,16}$ = 12.852480946679577 dB
	 $y_{7,1,17}$ = 9.182747391678333 dB
	 $y_{7,1,21}$ = 22.475161716201598 dB
	 $y_{7,1,25}$ = 14.883247621904417 dB
	 $y_{7,1,26}$ = 7.177351695423425 dB
	 $y_{7,1,29}$ = 6.3081296062817955 dB
	 $y_{7,1,32}$ = 22.51076312865203 dB
	 $y_{7,1,33}$ = 14.64432203995031 dB
	 $y_{7,1,36}$ = 11.402547920010818 dB
	 $y_{7,1,37}$ = 13.352137561812327 dB
	 $y_{7,1,41}$ = 20.524274331660536 dB
	 $y_{7,1,42}$ = 12.940255525990807 dB
	 $y_{7,1,48}$ = 10.590304130085073 dB
	 $y_{7,1,49}$ = 8.440663759045137 dB
	 $y_{7,1,51}$ = 22.99384395684956 dB
	 $y_{7,1,52}$ = 12.902713927125149 dB
	 $y_{7,1,54}$ = 7.941780865772671 dB
	 $y_{7,1,60}$ = 7.927098319129044 dB
	 $y_{7,1,62}$ = 12.34721297912236 dB
	 $y_{7,1,86}$ = 14.89203915004488 dB
	 $y_{7,1,93}$ = 9.148448452314511 dB
	 $y_{7,1,94}$ = 8.707788787350722 dB
	 $y_{7,1,95}$ = 14.662652881839875 dB
		SNR medio: 24.761057343731924
		Usuarios totais: 39
$x_{7,35}$
	 $y_{7,35,39}$ = 12.39920337980945 dB
	 $y_{7,35,56}$ = 32.883456437320945 dB
	 $y_{7,35,67}$ = 22.07595212825322 dB
	 $y_{7,35,72}$ = 16.603683337482437 dB
		SNR medio: 27.337666672791897
		Usuarios totais: 5
$x_{7,76}$
	 $y_{7,76,19}$ = 15.806700603165368 dB
	 $y_{7,76,63}$ = 21.80938015208403 dB
	 $y_{7,76,64}$ = 24.460920207454137 dB
	 $y_{7,76,69}$ = 25.925458234005617 dB
	 $y_{7,76,73}$ = 26.502439788513954 dB
	 $y_{7,76,75}$ = 38.33979389273796 dB
	 $y_{7,76,76}$ = 101.38366661392229 dB
	 $y_{7,76,78}$ = 20.525375525934777 dB
	 $y_{7,76,79}$ = 32.42047629161752 dB
	 $y_{7,76,83}$ = 22.369767493405135 dB
	 $y_{7,76,96}$ = 27.73753804140162 dB
	 $y_{7,76,97}$ = 35.402249177702544 dB
	 $y_{7,76,99}$ = 18.49901745105332 dB
		SNR medio: 90.24423760550712
		Usuarios totais: 16
Distances:
1 : 35 = 2000.0
1 : 76 = 3440.9301068170507
35 : 76 = 1649.2422502470642
t=8
$x_{8,1}$
	 $y_{8,1,5}$ = 18.501236663326665 dB
	 $y_{8,1,7}$ = 8.041341817042166 dB
	 $y_{8,1,10}$ = 36.0694987839115 dB
	 $y_{8,1,11}$ = 37.60470765931426 dB
	 $y_{8,1,12}$ = 35.451261861603626 dB
	 $y_{8,1,13}$ = 22.00515220631206 dB
	 $y_{8,1,14}$ = 18.587279509573648 dB
	 $y_{8,1,15}$ = 17.655339529759644 dB
	 $y_{8,1,17}$ = 9.182747391678333 dB
	 $y_{8,1,18}$ = 11.671026962089115 dB
	 $y_{8,1,20}$ = 27.098835423347737 dB
	 $y_{8,1,21}$ = 22.475161716201598 dB
	 $y_{8,1,22}$ = 35.131920924914596 dB
	 $y_{8,1,25}$ = 14.883247621904417 dB
	 $y_{8,1,29}$ = 6.3081296062817955 dB
	 $y_{8,1,31}$ = 22.924443445709272 dB
	 $y_{8,1,32}$ = 22.51076312865203 dB
	 $y_{8,1,34}$ = 17.82346457167455 dB
	 $y_{8,1,36}$ = 11.402547920010818 dB
	 $y_{8,1,37}$ = 13.352137561812327 dB
	 $y_{8,1,38}$ = 6.1042102589672425 dB
	 $y_{8,1,39}$ = 17.02206185492207 dB
	 $y_{8,1,41}$ = 20.524274331660536 dB
	 $y_{8,1,42}$ = 12.940255525990807 dB
	 $y_{8,1,44}$ = 16.34350999135289 dB
	 $y_{8,1,49}$ = 8.440663759045137 dB
	 $y_{8,1,51}$ = 22.99384395684956 dB
	 $y_{8,1,54}$ = 7.941780865772671 dB
	 $y_{8,1,61}$ = 18.17839012629443 dB
	 $y_{8,1,63}$ = 10.756956291534777 dB
	 $y_{8,1,74}$ = 9.931787980552883 dB
	 $y_{8,1,77}$ = 6.725390824714239 dB
	 $y_{8,1,80}$ = 8.097755829495412 dB
	 $y_{8,1,84}$ = 7.650396042197286 dB
		SNR medio: 27.40492393046779
		Usuarios totais: 46
$x_{8,35}$
	 $y_{8,35,35}$ = 103.56551766470378 dB
	 $y_{8,35,55}$ = 27.423203199029146 dB
	 $y_{8,35,73}$ = 10.87669546418735 dB
	 $y_{8,35,83}$ = 12.717868836331633 dB
		SNR medio: 97.54491786290835
		Usuarios totais: 6
$x_{8,76}$
	 $y_{8,76,9}$ = 11.361494727835293 dB
	 $y_{8,76,33}$ = 16.017938095614184 dB
	 $y_{8,76,43}$ = 11.254512476594954 dB
	 $y_{8,76,53}$ = 16.275230945709325 dB
	 $y_{8,76,67}$ = 32.43725787045605 dB
	 $y_{8,76,72}$ = 17.237974153162355 dB
		SNR medio: 25.040485999428242
		Usuarios totais: 8
Distances:
1 : 35 = 2000.0
1 : 76 = 3440.9301068170507
35 : 76 = 1649.2422502470642
t=9
$x_{9,1}$
	 $y_{9,1,0}$ = 37.46771615269606 dB
	 $y_{9,1,1}$ = 94.18043708372582 dB
	 $y_{9,1,3}$ = 31.959023108843297 dB
	 $y_{9,1,8}$ = 14.713652436812083 dB
	 $y_{9,1,11}$ = 37.60470765931426 dB
	 $y_{9,1,12}$ = 35.451261861603626 dB
	 $y_{9,1,14}$ = 18.587279509573648 dB
	 $y_{9,1,15}$ = 17.655339529759644 dB
	 $y_{9,1,16}$ = 12.852480946679577 dB
	 $y_{9,1,23}$ = 17.600559393269265 dB
	 $y_{9,1,24}$ = 23.98001423234909 dB
	 $y_{9,1,26}$ = 7.177351695423425 dB
	 $y_{9,1,27}$ = 7.796391575538237 dB
	 $y_{9,1,29}$ = 6.3081296062817955 dB
	 $y_{9,1,33}$ = 14.64432203995031 dB
	 $y_{9,1,36}$ = 11.402547920010818 dB
	 $y_{9,1,37}$ = 13.352137561812327 dB
	 $y_{9,1,38}$ = 6.1042102589672425 dB
	 $y_{9,1,40}$ = 18.601563040968358 dB
	 $y_{9,1,41}$ = 20.524274331660536 dB
	 $y_{9,1,42}$ = 12.940255525990807 dB
	 $y_{9,1,50}$ = 21.764620937764633 dB
	 $y_{9,1,52}$ = 12.902713927125149 dB
	 $y_{9,1,54}$ = 7.941780865772671 dB
	 $y_{9,1,58}$ = 7.292023491313387 dB
	 $y_{9,1,71}$ = 8.197385912145847 dB
	 $y_{9,1,77}$ = 6.725390824714239 dB
	 $y_{9,1,93}$ = 9.148448452314511 dB
	 $y_{9,1,95}$ = 14.662652881839875 dB
		SNR medio: 79.55648600918468
		Usuarios totais: 38
$x_{9,35}$
	 $y_{9,35,51}$ = 10.909340303768715 dB
	 $y_{9,35,55}$ = 27.423203199029146 dB
	 $y_{9,35,91}$ = 6.904767001823274 dB
		SNR medio: 22.78538018823264
		Usuarios totais: 4
$x_{9,76}$
	 $y_{9,76,28}$ = 11.28891390646669 dB
	 $y_{9,76,31}$ = 12.93010428484493 dB
	 $y_{9,76,57}$ = 28.64474298574845 dB
	 $y_{9,76,64}$ = 24.460920207454137 dB
	 $y_{9,76,67}$ = 32.43725787045605 dB
	 $y_{9,76,72}$ = 17.237974153162355 dB
	 $y_{9,76,73}$ = 26.502439788513954 dB
	 $y_{9,76,75}$ = 38.33979389273796 dB
	 $y_{9,76,76}$ = 101.38366661392229 dB
	 $y_{9,76,78}$ = 20.525375525934777 dB
	 $y_{9,76,79}$ = 32.42047629161752 dB
	 $y_{9,76,81}$ = 6.128774518829431 dB
	 $y_{9,76,82}$ = 14.969814782177934 dB
	 $y_{9,76,92}$ = 13.028939643016344 dB
	 $y_{9,76,99}$ = 18.49901745105332 dB
		SNR medio: 89.62275784626486
		Usuarios totais: 18
Distances:
1 : 35 = 2000.0
1 : 76 = 3440.9301068170507
35 : 76 = 1649.2422502470642
--- Done after 4.996650672091378 hours. ---
