-------------Generating sinr map
-------------Generating ues map
-------------Calculating Solution (this may take a while)
+++++++++++++++++++Min Sinr: 15 dB (varying)
+++++++++++++++++++With backhaul constraint. Start: 2022-04-01 02:00:14


Mťdia de carros: 3.0
t=0
$x_{0,1}$
	 $y_{0,1,10}$ = 31.18860227451411 dB
	 $y_{0,1,11}$ = 48.943484009909746 dB
	 $y_{0,1,12}$ = 28.59659739187707 dB
	 $y_{0,1,20}$ = 31.608969275809642 dB
	 $y_{0,1,21}$ = 23.161390025155242 dB
	 $y_{0,1,22}$ = 27.11835536674046 dB
		SNR medio: 41.38907920984587
		Usuarios totais: 60
Distances:
t=1
$x_{1,1}$
	 $y_{1,1,1}$ = 86.94079470276888 dB
	 $y_{1,1,2}$ = 36.99971360136061 dB
	 $y_{1,1,3}$ = 21.965023605989785 dB
	 $y_{1,1,4}$ = 20.358289490368747 dB
	 $y_{1,1,5}$ = 19.907714854852742 dB
	 $y_{1,1,10}$ = 31.18860227451411 dB
	 $y_{1,1,12}$ = 28.59659739187707 dB
	 $y_{1,1,13}$ = 28.66154431079198 dB
	 $y_{1,1,14}$ = 17.63897508171715 dB
	 $y_{1,1,16}$ = 16.047568392018007 dB
	 $y_{1,1,21}$ = 23.161390025155242 dB
	 $y_{1,1,41}$ = 18.325631179663006 dB
	 $y_{1,1,53}$ = 15.37403061027382 dB
	 $y_{1,1,61}$ = 16.465028923255943 dB
		SNR medio: 75.47958989763895
		Usuarios totais: 18
$x_{1,36}$
	 $y_{1,36,7}$ = 30.511408581905926 dB
	 $y_{1,36,8}$ = 16.0809640612421 dB
	 $y_{1,36,19}$ = 20.791212692204624 dB
	 $y_{1,36,25}$ = 30.36278056745516 dB
	 $y_{1,36,26}$ = 47.28899462982995 dB
	 $y_{1,36,27}$ = 35.02043749755086 dB
	 $y_{1,36,29}$ = 25.70490294518997 dB
	 $y_{1,36,31}$ = 19.234873564209266 dB
	 $y_{1,36,33}$ = 23.62313504650129 dB
	 $y_{1,36,36}$ = 95.11533655659478 dB
	 $y_{1,36,37}$ = 36.29788512518452 dB
	 $y_{1,36,42}$ = 21.09835369723308 dB
	 $y_{1,36,43}$ = 21.367090010963324 dB
	 $y_{1,36,46}$ = 42.436685225844016 dB
	 $y_{1,36,48}$ = 34.90044303062196 dB
	 $y_{1,36,55}$ = 23.730009895544356 dB
	 $y_{1,36,56}$ = 25.69903348000946 dB
	 $y_{1,36,62}$ = 15.709305084828685 dB
	 $y_{1,36,63}$ = 17.73522897694926 dB
	 $y_{1,36,64}$ = 16.96517921520281 dB
	 $y_{1,36,78}$ = 22.273322773485575 dB
		SNR medio: 81.89325844923518
		Usuarios totais: 27
$x_{1,75}$
	 $y_{1,75,22}$ = 16.899051054914295 dB
	 $y_{1,75,44}$ = 18.20685453157381 dB
	 $y_{1,75,65}$ = 38.40521507098273 dB
	 $y_{1,75,70}$ = 16.517402560548348 dB
	 $y_{1,75,71}$ = 18.341724725463393 dB
	 $y_{1,75,72}$ = 21.932689829072046 dB
	 $y_{1,75,73}$ = 25.94014073929239 dB
	 $y_{1,75,84}$ = 26.180133298180564 dB
	 $y_{1,75,85}$ = 42.376361176440625 dB
	 $y_{1,75,90}$ = 19.03903383454255 dB
	 $y_{1,75,91}$ = 17.58305327053533 dB
	 $y_{1,75,92}$ = 24.392097554002845 dB
	 $y_{1,75,97}$ = 26.161965252816472 dB
		SNR medio: 33.048193507283635
		Usuarios totais: 15
Distances:
1 : 36 = 2332.38075793812
1 : 75 = 3224.9030993194197
36 : 75 = 1649.2422502470642
t=2
$x_{2,1}$
	 $y_{2,1,4}$ = 20.358289490368747 dB
	 $y_{2,1,5}$ = 19.907714854852742 dB
	 $y_{2,1,13}$ = 28.66154431079198 dB
	 $y_{2,1,14}$ = 17.63897508171715 dB
	 $y_{2,1,15}$ = 27.300472022218443 dB
	 $y_{2,1,21}$ = 23.161390025155242 dB
	 $y_{2,1,30}$ = 23.89552495861477 dB
	 $y_{2,1,54}$ = 16.225786897074926 dB
		SNR medio: 24.045470018568906
		Usuarios totais: 11
$x_{2,36}$
	 $pastx_{2,36}$ : 1.0
	 $y_{2,36,8}$ = 16.0809640612421 dB
	 $y_{2,36,18}$ = 24.558881928740433 dB
	 $y_{2,36,26}$ = 47.28899462982995 dB
	 $y_{2,36,28}$ = 25.481856885137134 dB
	 $y_{2,36,29}$ = 25.70490294518997 dB
	 $y_{2,36,34}$ = 27.652914299299482 dB
	 $y_{2,36,35}$ = 42.99446163752292 dB
	 $y_{2,36,37}$ = 36.29788512518452 dB
	 $y_{2,36,39}$ = 25.63122159396498 dB
	 $y_{2,36,42}$ = 21.09835369723308 dB
	 $y_{2,36,43}$ = 21.367090010963324 dB
	 $y_{2,36,56}$ = 25.69903348000946 dB
	 $y_{2,36,58}$ = 18.274917561227568 dB
	 $y_{2,36,59}$ = 16.509932358516522 dB
	 $y_{2,36,63}$ = 17.73522897694926 dB
	 $y_{2,36,64}$ = 16.96517921520281 dB
	 $y_{2,36,68}$ = 22.821317646107843 dB
	 $y_{2,36,76}$ = 15.384301758876319 dB
	 $y_{2,36,84}$ = 15.74659348440261 dB
	 $y_{2,36,94}$ = 16.18451663343356 dB
	 $y_{2,36,98}$ = 21.62869612878731 dB
		SNR medio: 35.86623881778951
		Usuarios totais: 29
$x_{2,75}$
	 $pastx_{2,75}$ : 1.0
	 $y_{2,75,47}$ = 19.436382661654847 dB
	 $y_{2,75,66}$ = 37.82206871116466 dB
	 $y_{2,75,69}$ = 33.51249748813768 dB
	 $y_{2,75,72}$ = 21.932689829072046 dB
	 $y_{2,75,74}$ = 41.747304690876106 dB
	 $y_{2,75,75}$ = 105.67916794251022 dB
	 $y_{2,75,83}$ = 34.76865850362921 dB
	 $y_{2,75,87}$ = 17.903765112405353 dB
	 $y_{2,75,88}$ = 20.370476571738692 dB
	 $y_{2,75,92}$ = 24.392097554002845 dB
	 $y_{2,75,96}$ = 18.106542856149957 dB
		SNR medio: 95.26524426298832
		Usuarios totais: 20
Distances:
1 : 36 = 2332.38075793812
1 : 75 = 3224.9030993194197
36 : 75 = 1649.2422502470642
t=3
$x_{3,1}$
	 $y_{3,1,1}$ = 86.94079470276888 dB
	 $y_{3,1,3}$ = 21.965023605989785 dB
	 $y_{3,1,4}$ = 20.358289490368747 dB
	 $y_{3,1,10}$ = 31.18860227451411 dB
	 $y_{3,1,11}$ = 48.943484009909746 dB
	 $y_{3,1,12}$ = 28.59659739187707 dB
	 $y_{3,1,13}$ = 28.66154431079198 dB
	 $y_{3,1,14}$ = 17.63897508171715 dB
	 $y_{3,1,16}$ = 16.047568392018007 dB
	 $y_{3,1,21}$ = 23.161390025155242 dB
	 $y_{3,1,30}$ = 23.89552495861477 dB
	 $y_{3,1,50}$ = 18.90288239055245 dB
	 $y_{3,1,52}$ = 19.31347077891641 dB
	 $y_{3,1,53}$ = 15.37403061027382 dB
		SNR medio: 75.48023629213927
		Usuarios totais: 18
$x_{3,27}$
	 $pastx_{3,27}$ : 0.0
	 $y_{3,27,8}$ = 23.407102057912653 dB
	 $y_{3,27,18}$ = 33.83245437307839 dB
	 $y_{3,27,27}$ = 94.2668811720473 dB
	 $y_{3,27,29}$ = 29.218276172034876 dB
	 $y_{3,27,33}$ = 22.255605961561628 dB
	 $y_{3,27,34}$ = 25.121189800238184 dB
	 $y_{3,27,35}$ = 40.13572920949527 dB
	 $y_{3,27,36}$ = 37.05757668117525 dB
	 $y_{3,27,37}$ = 36.51512198188213 dB
	 $y_{3,27,38}$ = 29.320907358547274 dB
	 $y_{3,27,44}$ = 16.54112114804326 dB
	 $y_{3,27,46}$ = 20.56835743532713 dB
	 $y_{3,27,49}$ = 28.738525860435587 dB
	 $y_{3,27,55}$ = 26.545841547151213 dB
	 $y_{3,27,56}$ = 18.457726765916988 dB
	 $y_{3,27,57}$ = 20.05631324041761 dB
	 $y_{3,27,58}$ = 27.328359091886384 dB
	 $y_{3,27,59}$ = 18.09623994700354 dB
	 $y_{3,27,65}$ = 21.04966822661885 dB
	 $y_{3,27,66}$ = 20.06515168251454 dB
	 $y_{3,27,72}$ = 15.357047667100844 dB
		SNR medio: 81.0447322808625
		Usuarios totais: 24
$x_{3,54}$
	 $pastx_{3,54}$ : 0.0
	 $y_{3,54,22}$ = 18.496072000459378 dB
	 $y_{3,54,60}$ = 23.06893616270108 dB
	 $y_{3,54,62}$ = 26.864374153498403 dB
	 $y_{3,54,63}$ = 36.242524200252035 dB
	 $y_{3,54,64}$ = 40.079266150601626 dB
	 $y_{3,54,73}$ = 22.92693470440244 dB
	 $y_{3,54,75}$ = 32.123687748722276 dB
	 $y_{3,54,77}$ = 19.4166651318925 dB
	 $y_{3,54,81}$ = 19.40425884394506 dB
	 $y_{3,54,85}$ = 16.07875162884133 dB
	 $y_{3,54,87}$ = 20.944624456322828 dB
	 $y_{3,54,94}$ = 19.351799783305324 dB
	 $y_{3,54,99}$ = 15.855403391976097 dB
		SNR medio: 31.27705249660966
		Usuarios totais: 18
Distances:
1 : 27 = 2529.8221281347037
1 : 54 = 2332.38075793812
27 : 54 = 1697.0562748477141
t=4
$x_{4,1}$
	 $y_{4,1,3}$ = 21.965023605989785 dB
	 $y_{4,1,10}$ = 31.18860227451411 dB
	 $y_{4,1,12}$ = 28.59659739187707 dB
	 $y_{4,1,13}$ = 28.66154431079198 dB
	 $y_{4,1,16}$ = 16.047568392018007 dB
	 $y_{4,1,21}$ = 23.161390025155242 dB
	 $y_{4,1,22}$ = 27.11835536674046 dB
	 $y_{4,1,23}$ = 24.300552883131104 dB
		SNR medio: 26.948479662642786
		Usuarios totais: 11
$x_{4,27}$
	 $pastx_{4,27}$ : 1.0
	 $y_{4,27,8}$ = 23.407102057912653 dB
	 $y_{4,27,9}$ = 19.193620486399553 dB
	 $y_{4,27,18}$ = 33.83245437307839 dB
	 $y_{4,27,19}$ = 22.55042279824704 dB
	 $y_{4,27,27}$ = 94.2668811720473 dB
	 $y_{4,27,28}$ = 43.66762057924226 dB
	 $y_{4,27,33}$ = 22.255605961561628 dB
	 $y_{4,27,35}$ = 40.13572920949527 dB
	 $y_{4,27,38}$ = 29.320907358547274 dB
	 $y_{4,27,39}$ = 27.667969020562126 dB
	 $y_{4,27,65}$ = 21.04966822661885 dB
	 $y_{4,27,89}$ = 17.768293579499172 dB
		SNR medio: 83.47513095020169
		Usuarios totais: 15
$x_{4,54}$
	 $pastx_{4,54}$ : 1.0
	 $y_{4,54,31}$ = 17.591907203889065 dB
	 $y_{4,54,34}$ = 20.158774509756057 dB
	 $y_{4,54,47}$ = 17.520546282010017 dB
	 $y_{4,54,51}$ = 15.410494374204177 dB
	 $y_{4,54,54}$ = 93.11809532484787 dB
	 $y_{4,54,55}$ = 38.221434149885155 dB
	 $y_{4,54,57}$ = 19.574409422979784 dB
	 $y_{4,54,62}$ = 26.864374153498403 dB
	 $y_{4,54,70}$ = 15.37982658841841 dB
	 $y_{4,54,71}$ = 15.536849866061686 dB
	 $y_{4,54,74}$ = 33.36609748221193 dB
	 $y_{4,54,78}$ = 15.935236101003852 dB
	 $y_{4,54,84}$ = 22.05299555780121 dB
	 $y_{4,54,87}$ = 20.944624456322828 dB
	 $y_{4,54,90}$ = 17.720669531683598 dB
	 $y_{4,54,92}$ = 15.272428857091796 dB
	 $y_{4,54,95}$ = 18.233196065658944 dB
	 $y_{4,54,99}$ = 15.855403391976097 dB
		SNR medio: 80.56539194630987
		Usuarios totais: 27
$x_{4,75}$
	 $pastx_{4,75}$ : 1.0
	 $y_{4,75,59}$ = 19.814037714733445 dB
	 $y_{4,75,63}$ = 20.373940359847097 dB
	 $y_{4,75,75}$ = 105.67916794251022 dB
	 $y_{4,75,97}$ = 26.161965252816472 dB
	 $y_{4,75,98}$ = 15.791329186014934 dB
		SNR medio: 98.68946797619721
		Usuarios totais: 7
Distances:
1 : 27 = 2529.8221281347037
1 : 54 = 2332.38075793812
1 : 75 = 3224.9030993194197
27 : 54 = 1697.0562748477141
27 : 75 = 2154.0659228538016
54 : 75 = 894.4271909999159
t=5
$x_{5,1}$
	 $y_{5,1,0}$ = 43.99499373474137 dB
	 $y_{5,1,1}$ = 86.94079470276888 dB
	 $y_{5,1,3}$ = 21.965023605989785 dB
	 $y_{5,1,13}$ = 28.66154431079198 dB
	 $y_{5,1,23}$ = 24.300552883131104 dB
	 $y_{5,1,41}$ = 18.325631179663006 dB
	 $y_{5,1,42}$ = 18.939772723328673 dB
	 $y_{5,1,54}$ = 16.225786897074926 dB
		SNR medio: 77.91012707692487
		Usuarios totais: 9
$x_{5,27}$
	 $pastx_{5,27}$ : 2.0
	 $y_{5,27,6}$ = 22.692896893220905 dB
	 $y_{5,27,9}$ = 19.193620486399553 dB
	 $y_{5,27,17}$ = 45.142475367692725 dB
	 $y_{5,27,27}$ = 94.2668811720473 dB
	 $y_{5,27,28}$ = 43.66762057924226 dB
	 $y_{5,27,35}$ = 40.13572920949527 dB
	 $y_{5,27,38}$ = 29.320907358547274 dB
	 $y_{5,27,39}$ = 27.667969020562126 dB
	 $y_{5,27,45}$ = 24.791931626756153 dB
	 $y_{5,27,47}$ = 26.592768188744103 dB
	 $y_{5,27,49}$ = 28.738525860435587 dB
	 $y_{5,27,55}$ = 26.545841547151213 dB
	 $y_{5,27,57}$ = 20.05631324041761 dB
	 $y_{5,27,66}$ = 20.06515168251454 dB
	 $y_{5,27,79}$ = 21.19683608255096 dB
	 $y_{5,27,89}$ = 17.768293579499172 dB
		SNR medio: 82.22579568311735
		Usuarios totais: 26
$x_{5,75}$
	 $pastx_{5,75}$ : 1.0
	 $y_{5,75,44}$ = 18.20685453157381 dB
	 $y_{5,75,53}$ = 21.245695508704983 dB
	 $y_{5,75,64}$ = 33.960304911133804 dB
	 $y_{5,75,70}$ = 16.517402560548348 dB
	 $y_{5,75,73}$ = 25.94014073929239 dB
	 $y_{5,75,74}$ = 41.747304690876106 dB
	 $y_{5,75,75}$ = 105.67916794251022 dB
	 $y_{5,75,76}$ = 39.096317200824075 dB
	 $y_{5,75,77}$ = 27.573097432210815 dB
	 $y_{5,75,81}$ = 27.342643796747666 dB
	 $y_{5,75,82}$ = 25.244367357366883 dB
	 $y_{5,75,83}$ = 34.76865850362921 dB
	 $y_{5,75,85}$ = 42.376361176440625 dB
	 $y_{5,75,86}$ = 34.20727387913935 dB
	 $y_{5,75,95}$ = 28.75447304348036 dB
	 $y_{5,75,96}$ = 18.106542856149957 dB
	 $y_{5,75,97}$ = 26.161965252816472 dB
	 $y_{5,75,98}$ = 15.791329186014934 dB
	 $y_{5,75,99}$ = 21.373714427916866 dB
		SNR medio: 92.89163803699572
		Usuarios totais: 25
Distances:
1 : 27 = 2529.8221281347037
1 : 75 = 3224.9030993194197
27 : 75 = 2154.0659228538016
t=6
$x_{6,1}$
	 $y_{6,1,3}$ = 21.965023605989785 dB
	 $y_{6,1,11}$ = 48.943484009909746 dB
	 $y_{6,1,14}$ = 17.63897508171715 dB
	 $y_{6,1,15}$ = 27.300472022218443 dB
	 $y_{6,1,16}$ = 16.047568392018007 dB
	 $y_{6,1,23}$ = 24.300552883131104 dB
	 $y_{6,1,25}$ = 16.23178323865659 dB
	 $y_{6,1,30}$ = 23.89552495861477 dB
	 $y_{6,1,41}$ = 18.325631179663006 dB
	 $y_{6,1,42}$ = 18.939772723328673 dB
	 $y_{6,1,45}$ = 23.85590217475098 dB
	 $y_{6,1,52}$ = 19.31347077891641 dB
	 $y_{6,1,53}$ = 15.37403061027382 dB
	 $y_{6,1,54}$ = 16.225786897074926 dB
		SNR medio: 37.58619828095704
		Usuarios totais: 20
$x_{6,27}$
	 $pastx_{6,27}$ : 2.0
	 $y_{6,27,8}$ = 23.407102057912653 dB
	 $y_{6,27,18}$ = 33.83245437307839 dB
	 $y_{6,27,24}$ = 20.956501924371537 dB
	 $y_{6,27,27}$ = 94.2668811720473 dB
	 $y_{6,27,37}$ = 36.51512198188213 dB
	 $y_{6,27,38}$ = 29.320907358547274 dB
	 $y_{6,27,39}$ = 27.667969020562126 dB
	 $y_{6,27,44}$ = 16.54112114804326 dB
	 $y_{6,27,47}$ = 26.592768188744103 dB
		SNR medio: 84.72447101029695
		Usuarios totais: 12
$x_{6,75}$
	 $pastx_{6,75}$ : 2.0
	 $y_{6,75,22}$ = 16.899051054914295 dB
	 $y_{6,75,26}$ = 20.042602500946487 dB
	 $y_{6,75,31}$ = 16.354078338724236 dB
	 $y_{6,75,32}$ = 15.39385042689051 dB
	 $y_{6,75,56}$ = 26.549129538683985 dB
	 $y_{6,75,60}$ = 15.799083739731856 dB
	 $y_{6,75,62}$ = 19.282348100432955 dB
	 $y_{6,75,67}$ = 27.79342649781219 dB
	 $y_{6,75,73}$ = 25.94014073929239 dB
	 $y_{6,75,84}$ = 26.180133298180564 dB
		SNR medio: 23.447041431800667
		Usuarios totais: 12
$x_{6,96}$
	 $pastx_{6,96}$ : 0.0
	 $y_{6,96,51}$ = 15.431335229771037 dB
	 $y_{6,96,58}$ = 18.9864795285867 dB
	 $y_{6,96,59}$ = 20.167915408143315 dB
	 $y_{6,96,63}$ = 16.13070597751549 dB
	 $y_{6,96,64}$ = 21.73521330333 dB
	 $y_{6,96,65}$ = 26.175924978178017 dB
	 $y_{6,96,66}$ = 20.434509613993157 dB
	 $y_{6,96,83}$ = 21.44788313440114 dB
	 $y_{6,96,89}$ = 20.233777488394338 dB
	 $y_{6,96,92}$ = 18.278462840889603 dB
	 $y_{6,96,94}$ = 31.60493304542065 dB
	 $y_{6,96,95}$ = 46.06163111409687 dB
	 $y_{6,96,97}$ = 38.09183891535639 dB
	 $y_{6,96,98}$ = 26.678016657973743 dB
		SNR medio: 35.52687631537619
		Usuarios totais: 16
Distances:
1 : 27 = 2529.8221281347037
1 : 75 = 3224.9030993194197
1 : 96 = 4118.2520563948
27 : 75 = 2154.0659228538016
27 : 96 = 2828.42712474619
75 : 96 = 894.4271909999159
t=7
$x_{7,1}$
	 $y_{7,1,0}$ = 43.99499373474137 dB
	 $y_{7,1,4}$ = 20.358289490368747 dB
	 $y_{7,1,12}$ = 28.59659739187707 dB
	 $y_{7,1,21}$ = 23.161390025155242 dB
	 $y_{7,1,31}$ = 16.232226736321792 dB
	 $y_{7,1,33}$ = 18.95024643878412 dB
	 $y_{7,1,40}$ = 15.347143701820755 dB
	 $y_{7,1,42}$ = 18.939772723328673 dB
	 $y_{7,1,52}$ = 19.31347077891641 dB
	 $y_{7,1,61}$ = 16.465028923255943 dB
		SNR medio: 34.2311935733947
		Usuarios totais: 12
$x_{7,27}$
	 $pastx_{7,27}$ : 2.0
	 $y_{7,27,6}$ = 22.692896893220905 dB
	 $y_{7,27,7}$ = 31.921383252560247 dB
	 $y_{7,27,9}$ = 19.193620486399553 dB
	 $y_{7,27,17}$ = 45.142475367692725 dB
	 $y_{7,27,23}$ = 18.96960761153241 dB
	 $y_{7,27,24}$ = 20.956501924371537 dB
	 $y_{7,27,26}$ = 37.75169699555961 dB
	 $y_{7,27,28}$ = 43.66762057924226 dB
	 $y_{7,27,29}$ = 29.218276172034876 dB
	 $y_{7,27,32}$ = 20.377451304069552 dB
	 $y_{7,27,34}$ = 25.121189800238184 dB
	 $y_{7,27,36}$ = 37.05757668117525 dB
	 $y_{7,27,38}$ = 29.320907358547274 dB
	 $y_{7,27,39}$ = 27.667969020562126 dB
	 $y_{7,27,45}$ = 24.791931626756153 dB
	 $y_{7,27,46}$ = 20.56835743532713 dB
	 $y_{7,27,47}$ = 26.592768188744103 dB
	 $y_{7,27,56}$ = 18.457726765916988 dB
	 $y_{7,27,57}$ = 20.05631324041761 dB
	 $y_{7,27,58}$ = 27.328359091886384 dB
	 $y_{7,27,65}$ = 21.04966822661885 dB
	 $y_{7,27,66}$ = 20.06515168251454 dB
	 $y_{7,27,67}$ = 18.691671988442266 dB
	 $y_{7,27,72}$ = 15.357047667100844 dB
	 $y_{7,27,76}$ = 19.977216802465463 dB
	 $y_{7,27,79}$ = 21.19683608255096 dB
	 $y_{7,27,84}$ = 15.743072861402567 dB
		SNR medio: 34.373459711677185
		Usuarios totais: 34
$x_{7,96}$
	 $pastx_{7,96}$ : 1.0
	 $y_{7,96,15}$ = 15.764397714165796 dB
	 $y_{7,96,51}$ = 15.431335229771037 dB
	 $y_{7,96,63}$ = 16.13070597751549 dB
	 $y_{7,96,64}$ = 21.73521330333 dB
	 $y_{7,96,80}$ = 19.09966045291374 dB
	 $y_{7,96,81}$ = 19.88413016499574 dB
	 $y_{7,96,83}$ = 21.44788313440114 dB
	 $y_{7,96,92}$ = 18.278462840889603 dB
	 $y_{7,96,95}$ = 46.06163111409687 dB
	 $y_{7,96,98}$ = 26.678016657973743 dB
	 $y_{7,96,99}$ = 16.88937307942834 dB
		SNR medio: 35.770967639850184
		Usuarios totais: 14
Distances:
1 : 27 = 2529.8221281347037
1 : 96 = 4118.2520563948
27 : 96 = 2828.42712474619
t=8
$x_{8,1}$
	 $y_{8,1,0}$ = 43.99499373474137 dB
	 $y_{8,1,5}$ = 19.907714854852742 dB
	 $y_{8,1,12}$ = 28.59659739187707 dB
	 $y_{8,1,15}$ = 27.300472022218443 dB
	 $y_{8,1,21}$ = 23.161390025155242 dB
	 $y_{8,1,22}$ = 27.11835536674046 dB
	 $y_{8,1,33}$ = 18.95024643878412 dB
	 $y_{8,1,40}$ = 15.347143701820755 dB
	 $y_{8,1,42}$ = 18.939772723328673 dB
	 $y_{8,1,45}$ = 23.85590217475098 dB
	 $y_{8,1,50}$ = 18.90288239055245 dB
	 $y_{8,1,61}$ = 16.465028923255943 dB
		SNR medio: 33.63721547445382
		Usuarios totais: 17
$x_{8,55}$
	 $pastx_{8,55}$ : 0.0
	 $y_{8,55,8}$ = 19.64954878745509 dB
	 $y_{8,55,17}$ = 17.878197186460156 dB
	 $y_{8,55,24}$ = 25.79253284380107 dB
	 $y_{8,55,26}$ = 24.048583393081614 dB
	 $y_{8,55,27}$ = 17.63117625048713 dB
	 $y_{8,55,28}$ = 18.393112209389784 dB
	 $y_{8,55,32}$ = 17.654365686661947 dB
	 $y_{8,55,34}$ = 27.236676868672703 dB
	 $y_{8,55,37}$ = 23.029345029192598 dB
	 $y_{8,55,39}$ = 20.952868342111387 dB
	 $y_{8,55,43}$ = 20.089582366579265 dB
	 $y_{8,55,47}$ = 22.55549937102596 dB
	 $y_{8,55,48}$ = 20.15736641860056 dB
	 $y_{8,55,55}$ = 87.60818328985778 dB
	 $y_{8,55,58}$ = 24.083099830008223 dB
	 $y_{8,55,67}$ = 21.831650302324306 dB
	 $y_{8,55,93}$ = 20.91457297473275 dB
		SNR medio: 75.30371475367578
		Usuarios totais: 20
$x_{8,75}$
	 $pastx_{8,75}$ : 1.0
	 $y_{8,75,56}$ = 26.549129538683985 dB
	 $y_{8,75,59}$ = 19.814037714733445 dB
	 $y_{8,75,63}$ = 20.373940359847097 dB
	 $y_{8,75,65}$ = 38.40521507098273 dB
	 $y_{8,75,68}$ = 31.154040246661012 dB
	 $y_{8,75,72}$ = 21.932689829072046 dB
	 $y_{8,75,73}$ = 25.94014073929239 dB
	 $y_{8,75,76}$ = 39.096317200824075 dB
	 $y_{8,75,78}$ = 19.37650985691289 dB
	 $y_{8,75,81}$ = 27.342643796747666 dB
	 $y_{8,75,82}$ = 25.244367357366883 dB
	 $y_{8,75,83}$ = 34.76865850362921 dB
	 $y_{8,75,84}$ = 26.180133298180564 dB
	 $y_{8,75,88}$ = 20.370476571738692 dB
	 $y_{8,75,91}$ = 17.58305327053533 dB
	 $y_{8,75,92}$ = 24.392097554002845 dB
	 $y_{8,75,94}$ = 25.806807002780445 dB
	 $y_{8,75,96}$ = 18.106542856149957 dB
	 $y_{8,75,97}$ = 26.161965252816472 dB
		SNR medio: 30.87374389754067
		Usuarios totais: 23
Distances:
1 : 55 = 2561.2496949731394
1 : 75 = 3224.9030993194197
55 : 75 = 800.0
t=9
$x_{9,1}$
	 $y_{9,1,0}$ = 43.99499373474137 dB
	 $y_{9,1,3}$ = 21.965023605989785 dB
	 $y_{9,1,4}$ = 20.358289490368747 dB
	 $y_{9,1,16}$ = 16.047568392018007 dB
	 $y_{9,1,22}$ = 27.11835536674046 dB
	 $y_{9,1,23}$ = 24.300552883131104 dB
	 $y_{9,1,41}$ = 18.325631179663006 dB
	 $y_{9,1,42}$ = 18.939772723328673 dB
	 $y_{9,1,43}$ = 19.9780175663104 dB
	 $y_{9,1,50}$ = 18.90288239055245 dB
		SNR medio: 34.23307041349558
		Usuarios totais: 16
$x_{9,55}$
	 $pastx_{9,55}$ : 1.0
	 $y_{9,55,9}$ = 15.570937452526906 dB
	 $y_{9,55,17}$ = 17.878197186460156 dB
	 $y_{9,55,20}$ = 15.839179964152152 dB
	 $y_{9,55,28}$ = 18.393112209389784 dB
	 $y_{9,55,36}$ = 24.816765374759044 dB
	 $y_{9,55,37}$ = 23.029345029192598 dB
	 $y_{9,55,39}$ = 20.952868342111387 dB
	 $y_{9,55,47}$ = 22.55549937102596 dB
	 $y_{9,55,48}$ = 20.15736641860056 dB
	 $y_{9,55,58}$ = 24.083099830008223 dB
	 $y_{9,55,74}$ = 23.414081912159418 dB
	 $y_{9,55,84}$ = 24.787732294937186 dB
	 $y_{9,55,85}$ = 22.368187077345567 dB
	 $y_{9,55,91}$ = 16.11253732603305 dB
		SNR medio: 21.77592774573447
		Usuarios totais: 21
$x_{9,75}$
	 $pastx_{9,75}$ : 1.0
	 $y_{9,75,26}$ = 20.042602500946487 dB
	 $y_{9,75,32}$ = 15.39385042689051 dB
	 $y_{9,75,35}$ = 15.185049513020118 dB
	 $y_{9,75,46}$ = 23.658394599890528 dB
	 $y_{9,75,54}$ = 28.478564689217265 dB
	 $y_{9,75,57}$ = 17.811520735838087 dB
	 $y_{9,75,60}$ = 15.799083739731856 dB
	 $y_{9,75,62}$ = 19.282348100432955 dB
	 $y_{9,75,63}$ = 20.373940359847097 dB
	 $y_{9,75,69}$ = 33.51249748813768 dB
	 $y_{9,75,70}$ = 16.517402560548348 dB
	 $y_{9,75,73}$ = 25.94014073929239 dB
	 $y_{9,75,75}$ = 105.67916794251022 dB
	 $y_{9,75,79}$ = 19.72107050043705 dB
	 $y_{9,75,82}$ = 25.244367357366883 dB
	 $y_{9,75,94}$ = 25.806807002780445 dB
	 $y_{9,75,99}$ = 21.373714427916866 dB
		SNR medio: 93.37467931910076
		Usuarios totais: 23
Distances:
1 : 55 = 2561.2496949731394
1 : 75 = 3224.9030993194197
55 : 75 = 800.0
--- Done after 0.9651796397897933 hours. ---
