-------------Calculating Solution (this may take a while)
+++++++++++++++++++Min Sinr: 5 dB (single)
+++++++++++++++++++With backhaul constraint. Start: 2023-01-23 20:07:02

Parameters:
- chosen seed 20
- Map with 100 sectors
- Map 4000 x 4000 m
- Sector has a side of 400 m
- Max time:  12
- users_t_m:  [[0, 0, 0, 0, 0, 0, 0, 0, 0, 0, 0, 0, 0, 0, 0, 0, 0, 0, 0, 0, 0, 0, 0, 0, 0, 0, 0, 0, 0, 0, 0, 0, 0, 0, 0, 0, 0, 0, 0, 0, 0, 0, 0, 0, 0, 0, 0, 0, 0, 0, 0, 0, 0, 0, 0, 0, 0, 1, 21, 0, 0, 0, 0, 0, 0, 0, 0, 1, 4, 0, 0, 0, 0, 0, 0, 0, 0, 0, 2, 0, 0, 0, 0, 0, 0, 0, 0, 0, 0, 0, 0, 0, 0, 0, 0, 0, 0, 0, 0, 0], [1, 0, 0, 0, 1, 0, 1, 0, 0, 0, 0, 0, 0, 0, 1, 1, 0, 0, 0, 1, 0, 1, 0, 0, 0, 0, 0, 0, 0, 1, 0, 0, 0, 0, 0, 0, 0, 2, 0, 0, 0, 0, 0, 0, 0, 1, 0, 0, 0, 0, 0, 0, 0, 1, 0, 0, 0, 3, 23, 0, 0, 2, 1, 0, 1, 1, 0, 2, 1, 0, 0, 0, 0, 1, 1, 1, 1, 1, 0, 1, 2, 0, 0, 0, 0, 1, 0, 0, 0, 0, 0, 0, 1, 0, 0, 0, 2, 0, 0, 1], [0, 1, 0, 0, 0, 0, 2, 0, 1, 1, 2, 1, 1, 1, 0, 0, 0, 0, 0, 0, 1, 0, 0, 0, 0, 0, 0, 0, 0, 0, 0, 2, 2, 0, 0, 0, 0, 0, 0, 0, 2, 1, 1, 0, 0, 1, 0, 0, 1, 0, 0, 1, 3, 0, 0, 0, 0, 2, 27, 0, 0, 0, 3, 0, 1, 0, 2, 0, 3, 2, 2, 0, 2, 0, 1, 0, 2, 2, 1, 1, 1, 0, 0, 1, 0, 1, 0, 1, 2, 2, 0, 0, 2, 0, 0, 1, 2, 1, 1, 1], [0, 1, 0, 0, 1, 0, 2, 0, 1, 0, 0, 0, 0, 1, 1, 0, 1, 3, 0, 1, 1, 1, 3, 0, 1, 2, 3, 0, 0, 0, 0, 0, 0, 1, 1, 1, 1, 1, 1, 2, 1, 1, 0, 1, 0, 0, 2, 0, 1, 1, 0, 0, 1, 1, 0, 0, 0, 3, 25, 1, 3, 3, 1, 0, 0, 1, 1, 3, 6, 1, 1, 3, 1, 2, 1, 0, 3, 4, 3, 0, 1, 1, 0, 1, 1, 0, 4, 2, 3, 1, 0, 1, 0, 2, 0, 1, 0, 1, 2, 0], [0, 1, 2, 3, 1, 0, 2, 0, 1, 3, 2, 0, 2, 1, 1, 0, 3, 2, 3, 2, 0, 0, 1, 0, 0, 1, 2, 3, 1, 1, 0, 1, 2, 1, 1, 1, 0, 1, 0, 0, 1, 1, 1, 0, 1, 1, 2, 2, 0, 2, 0, 2, 1, 3, 0, 5, 1, 2, 22, 1, 0, 2, 0, 1, 0, 2, 1, 4, 1, 2, 2, 1, 1, 1, 0, 1, 3, 2, 3, 1, 2, 1, 4, 2, 1, 1, 2, 3, 2, 0, 2, 4, 2, 2, 2, 1, 0, 1, 1, 1], [0, 1, 0, 1, 1, 2, 0, 2, 0, 2, 2, 0, 2, 3, 4, 4, 1, 4, 0, 1, 1, 0, 2, 2, 0, 2, 0, 3, 2, 1, 2, 2, 1, 3, 4, 2, 1, 2, 1, 1, 2, 0, 0, 0, 1, 1, 1, 0, 3, 0, 2, 1, 0, 4, 3, 0, 4, 6, 22, 1, 3, 1, 1, 1, 1, 4, 1, 6, 7, 0, 3, 3, 1, 3, 1, 2, 2, 0, 1, 0, 0, 2, 2, 1, 1, 2, 3, 1, 1, 1, 0, 1, 0, 1, 3, 2, 2, 3, 2, 4], [2, 3, 2, 1, 0, 2, 0, 1, 3, 1, 2, 1, 0, 3, 7, 1, 3, 1, 2, 1, 0, 0, 4, 0, 1, 3, 3, 1, 2, 2, 0, 0, 2, 3, 3, 0, 4, 2, 1, 4, 1, 1, 1, 1, 4, 1, 1, 1, 0, 1, 2, 1, 1, 1, 0, 0, 2, 1, 2, 1, 1, 1, 0, 4, 3, 4, 1, 2, 1, 2, 1, 1, 2, 0, 0, 2, 2, 2, 1, 1, 4, 1, 2, 2, 1, 0, 3, 0, 0, 2, 0, 4, 1, 2, 2, 1, 3, 3, 2, 1], [3, 1, 2, 0, 2, 0, 1, 0, 2, 5, 1, 3, 1, 1, 1, 0, 2, 3, 2, 3, 0, 1, 0, 0, 1, 4, 0, 2, 0, 1, 3, 1, 2, 0, 2, 1, 1, 1, 0, 1, 1, 1, 0, 2, 0, 2, 0, 1, 1, 1, 0, 0, 0, 0, 0, 2, 3, 5, 0, 1, 0, 2, 1, 0, 4, 1, 2, 1, 0, 1, 1, 1, 0, 1, 1, 1, 2, 1, 2, 3, 0, 4, 2, 2, 2, 2, 0, 0, 3, 1, 2, 0, 4, 1, 2, 0, 1, 2, 1, 1], [0, 0, 0, 2, 0, 0, 2, 2, 0, 1, 1, 3, 3, 0, 0, 0, 0, 3, 0, 2, 1, 0, 0, 1, 1, 1, 1, 1, 1, 0, 0, 0, 1, 1, 3, 1, 2, 1, 0, 0, 1, 0, 0, 1, 1, 2, 1, 2, 0, 2, 1, 3, 1, 2, 3, 1, 0, 1, 0, 1, 0, 1, 0, 3, 1, 0, 1, 0, 1, 5, 1, 0, 0, 1, 0, 1, 2, 2, 1, 2, 1, 0, 2, 1, 0, 1, 0, 1, 1, 3, 0, 2, 1, 1, 1, 1, 2, 0, 3, 2], [5, 0, 2, 0, 0, 0, 0, 0, 1, 0, 1, 0, 2, 0, 2, 2, 0, 1, 0, 1, 0, 1, 0, 0, 1, 2, 1, 0, 2, 1, 0, 0, 1, 1, 0, 0, 0, 0, 1, 0, 1, 1, 2, 1, 0, 1, 1, 0, 0, 1, 0, 0, 0, 0, 0, 1, 1, 0, 1, 2, 1, 0, 3, 1, 1, 1, 0, 2, 0, 1, 1, 0, 1, 0, 1, 2, 1, 0, 0, 1, 2, 1, 1, 0, 0, 1, 0, 3, 0, 0, 1, 1, 0, 4, 0, 0, 0, 0, 1, 3], [1, 2, 0, 0, 0, 1, 0, 0, 0, 0, 0, 1, 0, 0, 0, 2, 2, 0, 0, 0, 1, 0, 1, 0, 0, 0, 0, 1, 1, 0, 0, 1, 0, 0, 0, 1, 0, 0, 1, 0, 0, 0, 1, 0, 2, 1, 0, 0, 0, 0, 0, 0, 1, 0, 1, 1, 0, 1, 1, 0, 0, 0, 0, 1, 2, 0, 1, 1, 1, 1, 0, 0, 2, 0, 0, 1, 0, 0, 1, 2, 0, 3, 0, 0, 1, 1, 0, 1, 0, 0, 1, 0, 0, 0, 0, 2, 0, 1, 0, 1], [0, 0, 0, 0, 0, 0, 0, 0, 0, 0, 0, 0, 0, 0, 0, 0, 0, 0, 1, 0, 0, 0, 1, 0, 1, 0, 0, 1, 0, 0, 0, 0, 0, 0, 0, 0, 1, 0, 0, 0, 0, 0, 0, 0, 0, 0, 0, 0, 0, 0, 0, 0, 0, 0, 0, 0, 0, 1, 0, 0, 0, 0, 0, 0, 0, 1, 0, 0, 0, 0, 0, 0, 0, 0, 0, 0, 0, 0, 1, 0, 0, 0, 0, 0, 0, 0, 0, 0, 0, 0, 0, 0, 0, 1, 0, 0, 0, 0, 0, 1]]
MAX_USER_PER_ANTENNAS_m:  [40, 40, 40, 40, 40, 40, 40, 40, 40, 40, 40, 40, 40, 40, 40, 40, 40, 40, 40, 40, 40, 40, 40, 40, 40, 40, 40, 40, 40, 40, 40, 40, 40, 40, 40, 40, 40, 40, 40, 40, 40, 40, 40, 40, 40, 40, 40, 40, 40, 40, 40, 40, 40, 40, 40, 40, 40, 40, 40, 40, 40, 40, 40, 40, 40, 40, 40, 40, 40, 40, 40, 40, 40, 40, 40, 40, 40, 40, 40, 40, 40, 40, 40, 40, 40, 40, 40, 40, 40, 40, 40, 40, 40, 40, 40, 40, 40, 40, 40, 40]
antennas_map_m:  [1, 1, 1, 1, 1, 1, 1, 1, 1, 1, 1, 1, 1, 1, 1, 1, 1, 1, 1, 1, 1, 1, 1, 1, 1, 1, 1, 1, 1, 1, 1, 1, 1, 1, 1, 1, 1, 1, 1, 1, 1, 1, 1, 1, 1, 1, 1, 1, 1, 1, 1, 1, 1, 1, 1, 1, 1, 1, 1, 1, 1, 1, 1, 1, 1, 1, 1, 1, 1, 1, 1, 1, 1, 1, 1, 1, 1, 1, 1, 1, 1, 1, 1, 1, 1, 1, 1, 1, 1, 1, 1, 1, 1, 1, 1, 1, 1, 1, 1, 1]
FIRST_ANTENNA:  38
MIN_SNR_m:  [3.1622776601683795, 3.1622776601683795, 3.1622776601683795, 3.1622776601683795, 3.1622776601683795, 3.1622776601683795, 3.1622776601683795, 3.1622776601683795, 3.1622776601683795, 3.1622776601683795, 3.1622776601683795, 3.1622776601683795, 3.1622776601683795, 3.1622776601683795, 3.1622776601683795, 3.1622776601683795, 3.1622776601683795, 3.1622776601683795, 3.1622776601683795, 3.1622776601683795, 3.1622776601683795, 3.1622776601683795, 3.1622776601683795, 3.1622776601683795, 3.1622776601683795, 3.1622776601683795, 3.1622776601683795, 3.1622776601683795, 3.1622776601683795, 3.1622776601683795, 3.1622776601683795, 3.1622776601683795, 3.1622776601683795, 3.1622776601683795, 3.1622776601683795, 3.1622776601683795, 3.1622776601683795, 3.1622776601683795, 3.1622776601683795, 3.1622776601683795, 3.1622776601683795, 3.1622776601683795, 3.1622776601683795, 3.1622776601683795, 3.1622776601683795, 3.1622776601683795, 3.1622776601683795, 3.1622776601683795, 3.1622776601683795, 3.1622776601683795, 3.1622776601683795, 3.1622776601683795, 3.1622776601683795, 3.1622776601683795, 3.1622776601683795, 3.1622776601683795, 3.1622776601683795, 3.1622776601683795, 3.1622776601683795, 3.1622776601683795, 3.1622776601683795, 3.1622776601683795, 3.1622776601683795, 3.1622776601683795, 3.1622776601683795, 3.1622776601683795, 3.1622776601683795, 3.1622776601683795, 3.1622776601683795, 3.1622776601683795, 3.1622776601683795, 3.1622776601683795, 3.1622776601683795, 3.1622776601683795, 3.1622776601683795, 3.1622776601683795, 3.1622776601683795, 3.1622776601683795, 3.1622776601683795, 3.1622776601683795, 3.1622776601683795, 3.1622776601683795, 3.1622776601683795, 3.1622776601683795, 3.1622776601683795, 3.1622776601683795, 3.1622776601683795, 3.1622776601683795, 3.1622776601683795, 3.1622776601683795, 3.1622776601683795, 3.1622776601683795, 3.1622776601683795, 3.1622776601683795, 3.1622776601683795, 3.1622776601683795, 3.1622776601683795, 3.1622776601683795, 3.1622776601683795, 3.1622776601683795]
-MIN_DIST:  2000
- disaster percentage:  0
- valid_time:  0
2.0

Média de carros: 2.0
t=0
$x_{38}$
	 $y_{38,57}$ = 20.898873586235396 dB
	 $y_{38,58}$ = 6.711777926964032 dB
	 $y_{38,68}$ = 7.801962837763284 dB
		SNR medio: 16.49053500073112
		Usuarios totais: 26
$x_{49}$
	 $y_{49,67}$ = 14.199830770438126 dB
	 $y_{49,78}$ = 12.087394896474933 dB
		SNR medio: 13.270804091161486
		Usuarios totais: 3
t=1
$x_{38}$
	 $y_{1,38,0}$ = 1.4127224672641034 dB
	 $y_{1,38,4}$ = 1.5171157464286296 dB
	 $y_{1,38,6}$ = 10.736029240718494 dB
	 $y_{1,38,14}$ = 9.755450460024093 dB
	 $y_{1,38,15}$ = 11.128943789714981 dB
	 $y_{1,38,19}$ = 25.55579735732104 dB
	 $y_{1,38,21}$ = -7.1713573193521825 dB
	 $y_{1,38,37}$ = 40.3088521194499 dB
	 $y_{1,38,45}$ = 10.400288050176428 dB
	 $y_{1,38,57}$ = 20.898873586235396 dB
	 $y_{1,38,61}$ = -1.032010753281327 dB
	 $y_{1,38,64}$ = 3.4127464535629883 dB
	 $y_{1,38,65}$ = 8.716144411406134 dB
	 $y_{1,38,68}$ = 7.801962837763284 dB
	 $y_{1,38,74}$ = -0.219411990684307 dB
	 $y_{1,38,75}$ = 8.99164062382799 dB
	 $y_{1,38,77}$ = 17.598276856466455 dB
	 $y_{1,38,79}$ = 13.601881426172525 dB
	 $y_{1,38,80}$ = -6.335711857900122 dB
	 $y_{1,38,85}$ = -2.976984403303021 dB
	 $y_{1,38,92}$ = -6.828667366029578 dB
		SNR medio: 27.337089787788955
		Usuarios totais: 26
$x_{49}$
	 $y_{1,49,29}$ = 22.99539942342045 dB
	 $y_{1,49,53}$ = 12.732441345749294 dB
	 $y_{1,49,58}$ = 30.855845923351907 dB
	 $y_{1,49,62}$ = 7.789198361936229 dB
	 $y_{1,49,67}$ = 14.199830770438126 dB
	 $y_{1,49,73}$ = 2.8951467613277373 dB
	 $y_{1,49,76}$ = 9.162111697757638 dB
	 $y_{1,49,96}$ = 1.7271907198371819 dB
	 $y_{1,49,99}$ = 3.0513918614819606 dB
		SNR medio: 22.16580022083886
		Usuarios totais: 33
t=2
$x_{38}$
	 $y_{2,38,1}$ = 7.447280789385502 dB
	 $y_{2,38,6}$ = 10.736029240718494 dB
	 $y_{2,38,8}$ = 15.329929534836111 dB
	 $y_{2,38,9}$ = 18.280432459614374 dB
	 $y_{2,38,13}$ = -2.9659202299644107 dB
	 $y_{2,38,20}$ = -7.621209784302437 dB
	 $y_{2,38,31}$ = 4.4150279086046 dB
	 $y_{2,38,32}$ = 2.546637787220419 dB
	 $y_{2,38,40}$ = 0.21156096695648333 dB
	 $y_{2,38,45}$ = 10.400288050176428 dB
	 $y_{2,38,51}$ = -1.643374991290699 dB
	 $y_{2,38,52}$ = -0.13913094027699913 dB
	 $y_{2,38,57}$ = 20.898873586235396 dB
	 $y_{2,38,64}$ = 3.4127464535629883 dB
	 $y_{2,38,68}$ = 7.801962837763284 dB
	 $y_{2,38,69}$ = 9.24809602929136 dB
	 $y_{2,38,70}$ = -8.69999860444753 dB
	 $y_{2,38,72}$ = -2.6990144446441775 dB
	 $y_{2,38,74}$ = -0.219411990684307 dB
	 $y_{2,38,76}$ = 6.953410782318429 dB
	 $y_{2,38,77}$ = 17.598276856466455 dB
	 $y_{2,38,78}$ = 1.3316499494447105 dB
	 $y_{2,38,79}$ = 13.601881426172525 dB
	 $y_{2,38,80}$ = -6.335711857900122 dB
	 $y_{2,38,83}$ = 0.06837604287861175 dB
		SNR medio: 11.667137430670092
		Usuarios totais: 39
$x_{49}$
	 $y_{2,49,10}$ = 0.36072269313362465 dB
	 $y_{2,49,11}$ = 0.5194718467049314 dB
	 $y_{2,49,12}$ = 1.0825650018436337 dB
	 $y_{2,49,41}$ = -1.2153763682784984 dB
	 $y_{2,49,42}$ = -5.9031364290012505 dB
	 $y_{2,49,48}$ = 31.062892806209504 dB
	 $y_{2,49,58}$ = 30.855845923351907 dB
	 $y_{2,49,62}$ = 7.789198361936229 dB
	 $y_{2,49,66}$ = 12.07011967071523 dB
		SNR medio: 24.47457889423484
		Usuarios totais: 39
t=3
$x_{38}$
	 $y_{3,38,1}$ = 7.447280789385502 dB
	 $y_{3,38,4}$ = 1.5171157464286296 dB
	 $y_{3,38,6}$ = 10.736029240718494 dB
	 $y_{3,38,8}$ = 15.329929534836111 dB
	 $y_{3,38,13}$ = -2.9659202299644107 dB
	 $y_{3,38,14}$ = 9.755450460024093 dB
	 $y_{3,38,16}$ = 11.815912302732968 dB
	 $y_{3,38,17}$ = 15.435176018223913 dB
	 $y_{3,38,19}$ = 25.55579735732104 dB
	 $y_{3,38,20}$ = -7.621209784302437 dB
	 $y_{3,38,21}$ = -7.1713573193521825 dB
	 $y_{3,38,24}$ = 14.27197620025541 dB
	 $y_{3,38,25}$ = 5.1233122609159665 dB
	 $y_{3,38,26}$ = 19.365433560716184 dB
	 $y_{3,38,33}$ = 0.02678143057300989 dB
	 $y_{3,38,35}$ = 15.94567394345978 dB
	 $y_{3,38,36}$ = 22.76227423569506 dB
	 $y_{3,38,37}$ = 40.3088521194499 dB
	 $y_{3,38,38}$ = 85.92435995237975 dB
	 $y_{3,38,40}$ = 0.21156096695648333 dB
	 $y_{3,38,46}$ = 12.384798149529445 dB
	 $y_{3,38,52}$ = -0.13913094027699913 dB
	 $y_{3,38,57}$ = 20.898873586235396 dB
	 $y_{3,38,60}$ = -3.461949773470494 dB
	 $y_{3,38,61}$ = -1.032010753281327 dB
	 $y_{3,38,65}$ = 8.716144411406134 dB
		SNR medio: 71.77475642043252
		Usuarios totais: 39
$x_{49}$
	 $y_{3,49,22}$ = 1.6604340254235979 dB
	 $y_{3,49,34}$ = 4.943567681595198 dB
	 $y_{3,49,39}$ = 25.83769734032525 dB
	 $y_{3,49,41}$ = -1.2153763682784984 dB
	 $y_{3,49,43}$ = 2.7253557567045164 dB
	 $y_{3,49,48}$ = 31.062892806209504 dB
	 $y_{3,49,49}$ = 84.0602689598148 dB
	 $y_{3,49,53}$ = 12.732441345749294 dB
	 $y_{3,49,58}$ = 30.855845923351907 dB
	 $y_{3,49,59}$ = 22.320829334738704 dB
	 $y_{3,49,62}$ = 7.789198361936229 dB
	 $y_{3,49,66}$ = 12.07011967071523 dB
		SNR medio: 73.26850931288968
		Usuarios totais: 39
t=4
$x_{38}$
	 $y_{4,38,1}$ = 7.447280789385502 dB
	 $y_{4,38,2}$ = -3.700487897850792 dB
	 $y_{4,38,4}$ = 1.5171157464286296 dB
	 $y_{4,38,6}$ = 10.736029240718494 dB
	 $y_{4,38,8}$ = 15.329929534836111 dB
	 $y_{4,38,9}$ = 18.280432459614374 dB
	 $y_{4,38,13}$ = -2.9659202299644107 dB
	 $y_{4,38,14}$ = 9.755450460024093 dB
	 $y_{4,38,16}$ = 11.815912302732968 dB
	 $y_{4,38,17}$ = 15.435176018223913 dB
	 $y_{4,38,18}$ = 13.854890811826806 dB
	 $y_{4,38,19}$ = 25.55579735732104 dB
	 $y_{4,38,25}$ = 5.1233122609159665 dB
	 $y_{4,38,26}$ = 19.365433560716184 dB
	 $y_{4,38,27}$ = 19.97033375735667 dB
	 $y_{4,38,28}$ = 19.538221286549813 dB
	 $y_{4,38,31}$ = 4.4150279086046 dB
	 $y_{4,38,32}$ = 2.546637787220419 dB
	 $y_{4,38,33}$ = 0.02678143057300989 dB
	 $y_{4,38,35}$ = 15.94567394345978 dB
	 $y_{4,38,37}$ = 40.3088521194499 dB
	 $y_{4,38,40}$ = 0.21156096695648333 dB
	 $y_{4,38,44}$ = 11.678804913952035 dB
	 $y_{4,38,45}$ = 10.400288050176428 dB
	 $y_{4,38,52}$ = -0.13913094027699913 dB
		SNR medio: 26.684978464640928
		Usuarios totais: 39
$x_{49}$
	 $y_{4,49,3}$ = -0.8554643993144283 dB
	 $y_{4,49,10}$ = 0.36072269313362465 dB
	 $y_{4,49,12}$ = 1.0825650018436337 dB
	 $y_{4,49,22}$ = 1.6604340254235979 dB
	 $y_{4,49,29}$ = 22.99539942342045 dB
	 $y_{4,49,34}$ = 4.943567681595198 dB
	 $y_{4,49,41}$ = -1.2153763682784984 dB
	 $y_{4,49,42}$ = -5.9031364290012505 dB
	 $y_{4,49,46}$ = 11.28604947969211 dB
	 $y_{4,49,47}$ = 16.913277905049256 dB
	 $y_{4,49,49}$ = 84.0602689598148 dB
	 $y_{4,49,51}$ = -2.0597519530775794 dB
	 $y_{4,49,53}$ = 12.732441345749294 dB
	 $y_{4,49,55}$ = 12.941550028056028 dB
	 $y_{4,49,56}$ = 8.992074391898228 dB
	 $y_{4,49,57}$ = 16.62405581581298 dB
	 $y_{4,49,59}$ = 22.320829334738704 dB
	 $y_{4,49,61}$ = -14.097357501540046 dB
	 $y_{4,49,63}$ = 1.4718582107443867 dB
	 $y_{4,49,65}$ = 0.5703368274057254 dB
	 $y_{4,49,66}$ = 12.07011967071523 dB
	 $y_{4,49,68}$ = 5.009759943265806 dB
		SNR medio: 70.63605163449084
		Usuarios totais: 39
t=5
$x_{38}$
	 $y_{5,38,1}$ = 7.447280789385502 dB
	 $y_{5,38,4}$ = 1.5171157464286296 dB
	 $y_{5,38,5}$ = 9.49107573480569 dB
	 $y_{5,38,9}$ = 18.280432459614374 dB
	 $y_{5,38,13}$ = -2.9659202299644107 dB
	 $y_{5,38,14}$ = 9.755450460024093 dB
	 $y_{5,38,15}$ = 11.128943789714981 dB
	 $y_{5,38,16}$ = 11.815912302732968 dB
	 $y_{5,38,17}$ = 15.435176018223913 dB
	 $y_{5,38,19}$ = 25.55579735732104 dB
	 $y_{5,38,20}$ = -7.621209784302437 dB
	 $y_{5,38,23}$ = -4.095978672187556 dB
	 $y_{5,38,25}$ = 5.1233122609159665 dB
	 $y_{5,38,27}$ = 19.97033375735667 dB
	 $y_{5,38,28}$ = 19.538221286549813 dB
	 $y_{5,38,30}$ = 0.7577219789622519 dB
	 $y_{5,38,31}$ = 4.4150279086046 dB
	 $y_{5,38,32}$ = 2.546637787220419 dB
	 $y_{5,38,36}$ = 22.76227423569506 dB
		SNR medio: 16.77099787734888
		Usuarios totais: 39
$x_{49}$
	 $y_{5,49,3}$ = -0.8554643993144283 dB
	 $y_{5,49,7}$ = 9.25690575844942 dB
	 $y_{5,49,10}$ = 0.36072269313362465 dB
	 $y_{5,49,12}$ = 1.0825650018436337 dB
	 $y_{5,49,22}$ = 1.6604340254235979 dB
	 $y_{5,49,29}$ = 22.99539942342045 dB
	 $y_{5,49,33}$ = -5.568569531818127 dB
	 $y_{5,49,34}$ = 4.943567681595198 dB
	 $y_{5,49,35}$ = 6.392188416805055 dB
	 $y_{5,49,37}$ = 12.788342468745498 dB
	 $y_{5,49,38}$ = 26.925187261102792 dB
	 $y_{5,49,39}$ = 25.83769734032525 dB
	 $y_{5,49,40}$ = -1.5847008739088295 dB
	 $y_{5,49,44}$ = 2.667714932700647 dB
	 $y_{5,49,45}$ = 7.978533301887325 dB
	 $y_{5,49,46}$ = 11.28604947969211 dB
	 $y_{5,49,48}$ = 31.062892806209504 dB
	 $y_{5,49,50}$ = -14.312212881967383 dB
	 $y_{5,49,51}$ = -2.0597519530775794 dB
	 $y_{5,49,53}$ = 12.732441345749294 dB
	 $y_{5,49,59}$ = 22.320829334738704 dB
		SNR medio: 20.9357300966182
		Usuarios totais: 39
t=6
$x_{38}$
	 $y_{6,38,0}$ = 1.4127224672641034 dB
	 $y_{6,38,1}$ = 7.447280789385502 dB
	 $y_{6,38,2}$ = -3.700487897850792 dB
	 $y_{6,38,5}$ = 9.49107573480569 dB
	 $y_{6,38,8}$ = 15.329929534836111 dB
	 $y_{6,38,9}$ = 18.280432459614374 dB
	 $y_{6,38,13}$ = -2.9659202299644107 dB
	 $y_{6,38,14}$ = 9.755450460024093 dB
	 $y_{6,38,15}$ = 11.128943789714981 dB
	 $y_{6,38,16}$ = 11.815912302732968 dB
	 $y_{6,38,17}$ = 15.435176018223913 dB
	 $y_{6,38,18}$ = 13.854890811826806 dB
	 $y_{6,38,19}$ = 25.55579735732104 dB
	 $y_{6,38,24}$ = 14.27197620025541 dB
	 $y_{6,38,25}$ = 5.1233122609159665 dB
	 $y_{6,38,26}$ = 19.365433560716184 dB
	 $y_{6,38,27}$ = 19.97033375735667 dB
		SNR medio: 16.672729652882484
		Usuarios totais: 39
$x_{49}$
	 $y_{6,49,3}$ = -0.8554643993144283 dB
	 $y_{6,49,7}$ = 9.25690575844942 dB
	 $y_{6,49,10}$ = 0.36072269313362465 dB
	 $y_{6,49,11}$ = 0.5194718467049314 dB
	 $y_{6,49,22}$ = 1.6604340254235979 dB
	 $y_{6,49,28}$ = 13.942308374015226 dB
	 $y_{6,49,29}$ = 22.99539942342045 dB
	 $y_{6,49,32}$ = 0.8226812118231805 dB
	 $y_{6,49,33}$ = -5.568569531818127 dB
	 $y_{6,49,34}$ = 4.943567681595198 dB
	 $y_{6,49,36}$ = 9.98400243592873 dB
	 $y_{6,49,37}$ = 12.788342468745498 dB
	 $y_{6,49,38}$ = 26.925187261102792 dB
	 $y_{6,49,39}$ = 25.83769734032525 dB
	 $y_{6,49,40}$ = -1.5847008739088295 dB
	 $y_{6,49,41}$ = -1.2153763682784984 dB
	 $y_{6,49,42}$ = -5.9031364290012505 dB
	 $y_{6,49,43}$ = 2.7253557567045164 dB
	 $y_{6,49,45}$ = 7.978533301887325 dB
	 $y_{6,49,46}$ = 11.28604947969211 dB
	 $y_{6,49,47}$ = 16.913277905049256 dB
		SNR medio: 17.638444799021443
		Usuarios totais: 39
t=7
$x_{38}$
	 $y_{7,38,0}$ = 1.4127224672641034 dB
	 $y_{7,38,1}$ = 7.447280789385502 dB
	 $y_{7,38,2}$ = -3.700487897850792 dB
	 $y_{7,38,4}$ = 1.5171157464286296 dB
	 $y_{7,38,6}$ = 10.736029240718494 dB
	 $y_{7,38,8}$ = 15.329929534836111 dB
	 $y_{7,38,9}$ = 18.280432459614374 dB
	 $y_{7,38,13}$ = -2.9659202299644107 dB
	 $y_{7,38,14}$ = 9.755450460024093 dB
	 $y_{7,38,16}$ = 11.815912302732968 dB
	 $y_{7,38,17}$ = 15.435176018223913 dB
	 $y_{7,38,18}$ = 13.854890811826806 dB
	 $y_{7,38,19}$ = 25.55579735732104 dB
	 $y_{7,38,21}$ = -7.1713573193521825 dB
	 $y_{7,38,24}$ = 14.27197620025541 dB
	 $y_{7,38,25}$ = 5.1233122609159665 dB
	 $y_{7,38,27}$ = 19.97033375735667 dB
	 $y_{7,38,30}$ = 0.7577219789622519 dB
		SNR medio: 15.876804787081415
		Usuarios totais: 39
$x_{49}$
	 $y_{7,49,10}$ = 0.36072269313362465 dB
	 $y_{7,49,11}$ = 0.5194718467049314 dB
	 $y_{7,49,12}$ = 1.0825650018436337 dB
	 $y_{7,49,29}$ = 22.99539942342045 dB
	 $y_{7,49,31}$ = -3.2843539766550975 dB
	 $y_{7,49,32}$ = 0.8226812118231805 dB
	 $y_{7,49,34}$ = 4.943567681595198 dB
	 $y_{7,49,35}$ = 6.392188416805055 dB
	 $y_{7,49,36}$ = 9.98400243592873 dB
	 $y_{7,49,37}$ = 12.788342468745498 dB
	 $y_{7,49,39}$ = 25.83769734032525 dB
	 $y_{7,49,40}$ = -1.5847008739088295 dB
	 $y_{7,49,41}$ = -1.2153763682784984 dB
	 $y_{7,49,43}$ = 2.7253557567045164 dB
	 $y_{7,49,45}$ = 7.978533301887325 dB
	 $y_{7,49,47}$ = 16.913277905049256 dB
	 $y_{7,49,48}$ = 31.062892806209504 dB
	 $y_{7,49,49}$ = 84.0602689598148 dB
	 $y_{7,49,55}$ = 12.941550028056028 dB
	 $y_{7,49,56}$ = 8.992074391898228 dB
	 $y_{7,49,57}$ = 16.62405581581298 dB
	 $y_{7,49,59}$ = 22.320829334738704 dB
	 $y_{7,49,61}$ = -14.097357501540046 dB
	 $y_{7,49,62}$ = 7.789198361936229 dB
	 $y_{7,49,65}$ = 0.5703368274057254 dB
		SNR medio: 70.08090658811452
		Usuarios totais: 39
t=8
$x_{38}$
	 $y_{8,38,6}$ = 10.736029240718494 dB
	 $y_{8,38,9}$ = 18.280432459614374 dB
	 $y_{8,38,17}$ = 15.435176018223913 dB
	 $y_{8,38,19}$ = 25.55579735732104 dB
	 $y_{8,38,20}$ = -7.621209784302437 dB
	 $y_{8,38,23}$ = -4.095978672187556 dB
	 $y_{8,38,24}$ = 14.27197620025541 dB
	 $y_{8,38,25}$ = 5.1233122609159665 dB
	 $y_{8,38,26}$ = 19.365433560716184 dB
	 $y_{8,38,27}$ = 19.97033375735667 dB
	 $y_{8,38,28}$ = 19.538221286549813 dB
	 $y_{8,38,32}$ = 2.546637787220419 dB
	 $y_{8,38,33}$ = 0.02678143057300989 dB
	 $y_{8,38,35}$ = 15.94567394345978 dB
	 $y_{8,38,36}$ = 22.76227423569506 dB
	 $y_{8,38,37}$ = 40.3088521194499 dB
	 $y_{8,38,40}$ = 0.21156096695648333 dB
	 $y_{8,38,44}$ = 11.678804913952035 dB
	 $y_{8,38,45}$ = 10.400288050176428 dB
	 $y_{8,38,46}$ = 12.384798149529445 dB
	 $y_{8,38,47}$ = 25.339129626442016 dB
	 $y_{8,38,50}$ = -10.890222709370676 dB
	 $y_{8,38,51}$ = -1.643374991290699 dB
	 $y_{8,38,52}$ = -0.13913094027699913 dB
	 $y_{8,38,54}$ = 9.649338119489357 dB
	 $y_{8,38,57}$ = 20.898873586235396 dB
	 $y_{8,38,61}$ = -1.032010753281327 dB
	 $y_{8,38,64}$ = 3.4127464535629883 dB
		SNR medio: 26.417104988179663
		Usuarios totais: 39
$x_{49}$
	 $y_{8,49,3}$ = -0.8554643993144283 dB
	 $y_{8,49,7}$ = 9.25690575844942 dB
	 $y_{8,49,10}$ = 0.36072269313362465 dB
	 $y_{8,49,11}$ = 0.5194718467049314 dB
	 $y_{8,49,12}$ = 1.0825650018436337 dB
	 $y_{8,49,34}$ = 4.943567681595198 dB
	 $y_{8,49,43}$ = 2.7253557567045164 dB
	 $y_{8,49,49}$ = 84.0602689598148 dB
	 $y_{8,49,53}$ = 12.732441345749294 dB
	 $y_{8,49,55}$ = 12.941550028056028 dB
	 $y_{8,49,59}$ = 22.320829334738704 dB
	 $y_{8,49,63}$ = 1.4718582107443867 dB
	 $y_{8,49,66}$ = 12.07011967071523 dB
	 $y_{8,49,68}$ = 5.009759943265806 dB
	 $y_{8,49,69}$ = 15.169309391564369 dB
	 $y_{8,49,70}$ = -5.634798853990887 dB
	 $y_{8,49,73}$ = 2.8951467613277373 dB
	 $y_{8,49,75}$ = 2.1400747759883245 dB
	 $y_{8,49,76}$ = 9.162111697757638 dB
	 $y_{8,49,77}$ = 4.822351485839675 dB
	 $y_{8,49,78}$ = 12.087394896474933 dB
		SNR medio: 70.83808132729924
		Usuarios totais: 39
t=9
$x_{38}$
	 $y_{9,38,0}$ = 1.4127224672641034 dB
	 $y_{9,38,2}$ = -3.700487897850792 dB
	 $y_{9,38,8}$ = 15.329929534836111 dB
	 $y_{9,38,14}$ = 9.755450460024093 dB
	 $y_{9,38,15}$ = 11.128943789714981 dB
	 $y_{9,38,17}$ = 15.435176018223913 dB
	 $y_{9,38,19}$ = 25.55579735732104 dB
	 $y_{9,38,21}$ = -7.1713573193521825 dB
	 $y_{9,38,24}$ = 14.27197620025541 dB
	 $y_{9,38,25}$ = 5.1233122609159665 dB
	 $y_{9,38,26}$ = 19.365433560716184 dB
	 $y_{9,38,28}$ = 19.538221286549813 dB
	 $y_{9,38,32}$ = 2.546637787220419 dB
	 $y_{9,38,33}$ = 0.02678143057300989 dB
	 $y_{9,38,38}$ = 85.92435995237975 dB
	 $y_{9,38,40}$ = 0.21156096695648333 dB
	 $y_{9,38,45}$ = 10.400288050176428 dB
	 $y_{9,38,46}$ = 12.384798149529445 dB
	 $y_{9,38,56}$ = 10.690605130188331 dB
	 $y_{9,38,60}$ = -3.461949773470494 dB
	 $y_{9,38,63}$ = 4.014710487302665 dB
	 $y_{9,38,64}$ = 3.4127464535629883 dB
	 $y_{9,38,65}$ = 8.716144411406134 dB
	 $y_{9,38,74}$ = -0.219411990684307 dB
	 $y_{9,38,75}$ = 8.99164062382799 dB
	 $y_{9,38,79}$ = 13.601881426172525 dB
	 $y_{9,38,80}$ = -6.335711857900122 dB
	 $y_{9,38,85}$ = -2.976984403303021 dB
		SNR medio: 71.45278794460563
		Usuarios totais: 39
$x_{49}$
	 $y_{9,49,10}$ = 0.36072269313362465 dB
	 $y_{9,49,12}$ = 1.0825650018436337 dB
	 $y_{9,49,29}$ = 22.99539942342045 dB
	 $y_{9,49,41}$ = -1.2153763682784984 dB
	 $y_{9,49,42}$ = -5.9031364290012505 dB
	 $y_{9,49,43}$ = 2.7253557567045164 dB
	 $y_{9,49,49}$ = 84.0602689598148 dB
	 $y_{9,49,55}$ = 12.941550028056028 dB
	 $y_{9,49,58}$ = 30.855845923351907 dB
	 $y_{9,49,59}$ = 22.320829334738704 dB
	 $y_{9,49,62}$ = 7.789198361936229 dB
	 $y_{9,49,67}$ = 14.199830770438126 dB
	 $y_{9,49,69}$ = 15.169309391564369 dB
	 $y_{9,49,70}$ = -5.634798853990887 dB
	 $y_{9,49,72}$ = -1.7710217444819705 dB
	 $y_{9,49,76}$ = 9.162111697757638 dB
	 $y_{9,49,81}$ = -2.2304774513474115 dB
	 $y_{9,49,82}$ = -3.1671274691559006 dB
	 $y_{9,49,87}$ = 5.601970620038912 dB
	 $y_{9,49,90}$ = -10.492122069385886 dB
	 $y_{9,49,91}$ = -10.727140121658408 dB
	 $y_{9,49,93}$ = -2.462694241009985 dB
	 $y_{9,49,98}$ = 9.948213841306654 dB
	 $y_{9,49,99}$ = 3.0513918614819606 dB
		SNR medio: 70.25818560571572
		Usuarios totais: 37
t=10
$x_{38}$
	 $y_{10,38,0}$ = 1.4127224672641034 dB
	 $y_{10,38,1}$ = 7.447280789385502 dB
	 $y_{10,38,5}$ = 9.49107573480569 dB
	 $y_{10,38,15}$ = 11.128943789714981 dB
	 $y_{10,38,16}$ = 11.815912302732968 dB
	 $y_{10,38,20}$ = -7.621209784302437 dB
	 $y_{10,38,27}$ = 19.97033375735667 dB
	 $y_{10,38,28}$ = 19.538221286549813 dB
	 $y_{10,38,31}$ = 4.4150279086046 dB
	 $y_{10,38,35}$ = 15.94567394345978 dB
	 $y_{10,38,38}$ = 85.92435995237975 dB
	 $y_{10,38,44}$ = 11.678804913952035 dB
	 $y_{10,38,45}$ = 10.400288050176428 dB
	 $y_{10,38,52}$ = -0.13913094027699913 dB
	 $y_{10,38,54}$ = 9.649338119489357 dB
	 $y_{10,38,57}$ = 20.898873586235396 dB
	 $y_{10,38,63}$ = 4.014710487302665 dB
	 $y_{10,38,64}$ = 3.4127464535629883 dB
	 $y_{10,38,68}$ = 7.801962837763284 dB
	 $y_{10,38,75}$ = 8.99164062382799 dB
	 $y_{10,38,79}$ = 13.601881426172525 dB
	 $y_{10,38,84}$ = 7.09033552298996 dB
	 $y_{10,38,85}$ = -2.976984403303021 dB
	 $y_{10,38,90}$ = -4.326594459271433 dB
	 $y_{10,38,97}$ = 1.8553448126553178 dB
		SNR medio: 71.9449652324183
		Usuarios totais: 31
$x_{49}$
	 $y_{10,49,11}$ = 0.5194718467049314 dB
	 $y_{10,49,22}$ = 1.6604340254235979 dB
	 $y_{10,49,42}$ = -5.9031364290012505 dB
	 $y_{10,49,55}$ = 12.941550028056028 dB
	 $y_{10,49,58}$ = 30.855845923351907 dB
	 $y_{10,49,66}$ = 12.07011967071523 dB
	 $y_{10,49,67}$ = 14.199830770438126 dB
	 $y_{10,49,69}$ = 15.169309391564369 dB
	 $y_{10,49,72}$ = -1.7710217444819705 dB
	 $y_{10,49,78}$ = 12.087394896474933 dB
	 $y_{10,49,81}$ = -2.2304774513474115 dB
	 $y_{10,49,87}$ = 5.601970620038912 dB
	 $y_{10,49,95}$ = -0.6331072183627098 dB
	 $y_{10,49,99}$ = 3.0513918614819606 dB
		SNR medio: 19.80846621856764
		Usuarios totais: 18
t=11
$x_{38}$
	 $y_{11,38,18}$ = 13.854890811826806 dB
	 $y_{11,38,24}$ = 14.27197620025541 dB
	 $y_{11,38,27}$ = 19.97033375735667 dB
	 $y_{11,38,36}$ = 22.76227423569506 dB
	 $y_{11,38,57}$ = 20.898873586235396 dB
	 $y_{11,38,65}$ = 8.716144411406134 dB
	 $y_{11,38,93}$ = 1.3892893192065117 dB
		SNR medio: 18.279833562294357
		Usuarios totais: 7
$x_{49}$
	 $y_{11,49,22}$ = 1.6604340254235979 dB
	 $y_{11,49,78}$ = 12.087394896474933 dB
	 $y_{11,49,99}$ = 3.0513918614819606 dB
		SNR medio: 8.16369578485132
		Usuarios totais: 3
Distances:
38 : 49 = 565.685424949238
--- Done after 0.0015671762492921618 hours. ---
