-------------Calculating Solution (this may take a while)
+++++++++++++++++++Min Sinr: 10 dB (gwo)
+++++++++++++++++++With backhaul constraint. Start: 2023-01-19 22:42:44

Parameters:
- chosen seed 18
- Map with 100 sectors
- Map 4000 x 4000 m
- Sector has a side of 400 m
- Max time:  12
- users_t_m:  [[0, 0, 0, 0, 0, 0, 0, 0, 0, 0, 0, 0, 0, 0, 0, 0, 0, 0, 0, 0, 0, 0, 0, 0, 0, 0, 0, 0, 0, 0, 0, 0, 0, 0, 0, 0, 0, 0, 0, 0, 0, 0, 0, 0, 0, 0, 0, 0, 0, 0, 0, 0, 0, 0, 0, 0, 0, 0, 0, 0, 0, 0, 29, 3, 0, 0, 0, 0, 0, 0, 0, 0, 0, 0, 0, 0, 0, 0, 0, 0, 0, 0, 0, 0, 0, 0, 0, 0, 0, 0, 0, 0, 0, 0, 0, 0, 0, 0, 0, 0], [1, 0, 1, 1, 0, 1, 1, 0, 0, 0, 0, 0, 0, 1, 1, 1, 0, 1, 1, 0, 0, 0, 0, 0, 0, 1, 0, 0, 1, 0, 0, 0, 0, 0, 0, 0, 0, 0, 0, 0, 0, 0, 1, 0, 0, 0, 0, 0, 0, 0, 0, 2, 1, 0, 1, 0, 0, 1, 1, 0, 0, 2, 26, 7, 0, 0, 0, 0, 1, 1, 0, 0, 3, 0, 2, 0, 1, 0, 0, 0, 0, 0, 0, 2, 1, 0, 2, 0, 0, 0, 0, 0, 0, 0, 0, 1, 0, 0, 1, 0], [1, 0, 1, 1, 0, 0, 0, 0, 0, 0, 1, 1, 1, 1, 1, 1, 1, 0, 0, 0, 0, 0, 0, 0, 1, 0, 1, 2, 1, 0, 1, 1, 0, 3, 3, 2, 1, 0, 0, 0, 2, 0, 2, 0, 0, 1, 0, 0, 2, 1, 2, 1, 3, 4, 2, 0, 0, 1, 0, 2, 2, 1, 17, 5, 1, 0, 2, 0, 0, 1, 0, 1, 1, 0, 0, 0, 0, 1, 1, 1, 0, 2, 1, 0, 1, 0, 1, 3, 0, 0, 0, 0, 1, 1, 0, 0, 0, 0, 1, 1], [1, 1, 1, 1, 0, 0, 1, 2, 3, 1, 2, 2, 0, 0, 0, 0, 3, 0, 1, 1, 1, 1, 0, 0, 1, 0, 0, 0, 0, 0, 0, 1, 0, 3, 1, 0, 2, 2, 2, 0, 1, 1, 0, 1, 2, 1, 1, 1, 0, 0, 4, 2, 4, 0, 1, 0, 1, 0, 0, 1, 3, 5, 23, 1, 0, 2, 1, 1, 2, 2, 0, 0, 2, 2, 2, 1, 1, 1, 1, 2, 0, 0, 0, 1, 2, 0, 2, 3, 0, 0, 1, 1, 4, 0, 2, 1, 0, 2, 0, 1], [2, 1, 0, 0, 1, 0, 1, 1, 1, 2, 0, 2, 5, 2, 0, 2, 1, 0, 1, 2, 0, 0, 1, 0, 0, 2, 0, 1, 1, 2, 1, 5, 0, 1, 2, 1, 2, 2, 0, 3, 1, 2, 0, 0, 4, 1, 1, 2, 2, 0, 0, 2, 6, 5, 3, 0, 0, 1, 0, 2, 0, 1, 20, 3, 2, 3, 2, 1, 1, 0, 2, 3, 3, 1, 1, 2, 3, 2, 1, 2, 1, 1, 2, 1, 0, 0, 2, 2, 0, 5, 3, 1, 0, 2, 1, 2, 1, 1, 1, 2], [2, 2, 1, 5, 1, 1, 1, 1, 3, 1, 4, 3, 0, 0, 1, 2, 1, 0, 1, 1, 3, 0, 2, 2, 1, 3, 1, 0, 3, 4, 0, 2, 2, 3, 1, 2, 2, 0, 1, 0, 1, 2, 0, 3, 1, 1, 5, 1, 0, 3, 0, 2, 6, 1, 2, 1, 2, 0, 3, 2, 3, 1, 17, 4, 3, 1, 2, 0, 0, 2, 1, 2, 4, 0, 2, 5, 2, 1, 1, 1, 1, 1, 1, 3, 2, 2, 2, 1, 0, 2, 2, 3, 1, 0, 0, 4, 2, 1, 3, 1], [2, 0, 2, 0, 2, 1, 3, 2, 3, 2, 1, 0, 3, 2, 0, 4, 3, 2, 2, 1, 1, 1, 1, 3, 4, 1, 3, 3, 1, 4, 3, 1, 1, 3, 2, 2, 3, 0, 1, 1, 2, 0, 3, 1, 2, 2, 0, 0, 2, 0, 0, 1, 0, 3, 2, 0, 0, 1, 1, 1, 3, 4, 0, 1, 1, 0, 3, 2, 3, 0, 2, 2, 1, 1, 2, 1, 1, 3, 0, 1, 0, 0, 0, 2, 4, 2, 1, 2, 0, 1, 2, 3, 2, 0, 2, 0, 0, 1, 1, 1], [1, 1, 4, 1, 2, 1, 1, 3, 1, 0, 1, 1, 0, 1, 0, 1, 2, 3, 1, 2, 1, 0, 2, 2, 2, 3, 0, 3, 1, 0, 2, 0, 0, 0, 1, 0, 4, 7, 1, 1, 1, 3, 2, 1, 0, 2, 0, 3, 2, 1, 1, 0, 1, 0, 2, 0, 2, 1, 0, 1, 1, 3, 1, 0, 0, 3, 0, 0, 2, 0, 2, 1, 1, 1, 1, 2, 1, 0, 1, 1, 0, 1, 3, 0, 2, 1, 1, 0, 4, 1, 0, 2, 1, 1, 0, 2, 1, 1, 2, 1], [0, 2, 0, 0, 0, 0, 2, 1, 1, 0, 4, 0, 0, 1, 0, 1, 1, 0, 1, 2, 1, 0, 1, 2, 1, 0, 2, 0, 3, 2, 2, 3, 1, 1, 0, 2, 1, 0, 3, 1, 0, 2, 1, 0, 2, 0, 1, 0, 0, 2, 1, 0, 1, 1, 0, 1, 1, 1, 1, 3, 0, 0, 0, 2, 2, 1, 1, 0, 0, 1, 0, 2, 0, 0, 1, 0, 1, 2, 0, 1, 0, 2, 2, 1, 1, 0, 0, 0, 0, 1, 1, 0, 2, 0, 0, 1, 1, 2, 3, 1], [2, 1, 0, 0, 1, 0, 1, 2, 0, 2, 0, 0, 0, 1, 1, 1, 0, 0, 0, 0, 1, 0, 1, 0, 0, 0, 0, 1, 3, 0, 0, 1, 0, 0, 2, 0, 0, 0, 0, 2, 1, 1, 2, 0, 0, 0, 0, 0, 1, 0, 0, 0, 0, 0, 1, 0, 0, 2, 1, 1, 0, 2, 0, 1, 2, 1, 0, 1, 0, 0, 0, 0, 0, 1, 1, 1, 1, 0, 2, 0, 3, 0, 1, 0, 0, 1, 0, 1, 0, 3, 0, 0, 1, 1, 1, 1, 1, 0, 2, 0], [2, 2, 0, 1, 1, 0, 0, 0, 0, 0, 0, 0, 2, 0, 0, 2, 0, 0, 0, 0, 0, 0, 0, 0, 0, 1, 0, 0, 1, 0, 0, 0, 0, 0, 1, 0, 0, 1, 1, 0, 0, 0, 0, 0, 0, 0, 0, 1, 0, 1, 2, 0, 0, 0, 0, 0, 0, 1, 0, 0, 0, 0, 1, 1, 0, 1, 0, 1, 2, 0, 0, 1, 0, 0, 0, 0, 0, 0, 0, 0, 1, 1, 1, 0, 0, 0, 2, 0, 0, 0, 1, 0, 0, 0, 0, 0, 1, 1, 1, 1], [0, 0, 0, 0, 0, 1, 0, 0, 0, 0, 0, 0, 0, 0, 0, 0, 0, 0, 0, 0, 0, 0, 0, 0, 0, 0, 0, 0, 1, 0, 1, 0, 0, 0, 0, 0, 1, 0, 0, 0, 0, 0, 0, 0, 0, 0, 0, 1, 0, 0, 0, 0, 0, 0, 0, 0, 1, 0, 0, 0, 0, 0, 0, 0, 0, 0, 0, 0, 0, 0, 0, 1, 0, 0, 0, 1, 0, 0, 0, 0, 0, 1, 0, 0, 0, 0, 0, 0, 0, 0, 0, 0, 0, 0, 0, 1, 0, 0, 0, 0]]
MAX_USER_PER_ANTENNAS_m:  [40, 40, 40, 40, 40, 40, 40, 40, 40, 40, 40, 40, 40, 40, 40, 40, 40, 40, 40, 40, 40, 40, 40, 40, 40, 40, 40, 40, 40, 40, 40, 40, 40, 40, 40, 40, 40, 40, 40, 40, 40, 40, 40, 40, 40, 40, 40, 40, 40, 40, 40, 40, 40, 40, 40, 40, 40, 40, 40, 40, 40, 40, 40, 40, 40, 40, 40, 40, 40, 40, 40, 40, 40, 40, 40, 40, 40, 40, 40, 40, 40, 40, 40, 40, 40, 40, 40, 40, 40, 40, 40, 40, 40, 40, 40, 40, 40, 40, 40, 40]
antennas_map_m:  [1, 1, 1, 1, 1, 1, 1, 1, 1, 1, 1, 1, 1, 1, 1, 1, 1, 1, 1, 1, 1, 1, 1, 1, 1, 1, 1, 1, 1, 1, 1, 1, 1, 1, 1, 1, 1, 1, 1, 1, 1, 1, 1, 1, 1, 1, 1, 1, 1, 1, 1, 1, 1, 1, 1, 1, 1, 1, 1, 1, 1, 1, 1, 1, 1, 1, 1, 1, 1, 1, 1, 1, 1, 1, 1, 1, 1, 1, 1, 1, 1, 1, 1, 1, 1, 1, 1, 1, 1, 1, 1, 1, 1, 1, 1, 1, 1, 1, 1, 1]
FIRST_ANTENNA:  54
MIN_SNR_m:  [10.0, 10.0, 10.0, 10.0, 10.0, 10.0, 10.0, 10.0, 10.0, 10.0, 10.0, 10.0, 10.0, 10.0, 10.0, 10.0, 10.0, 10.0, 10.0, 10.0, 10.0, 10.0, 10.0, 10.0, 10.0, 10.0, 10.0, 10.0, 10.0, 10.0, 10.0, 10.0, 10.0, 10.0, 10.0, 10.0, 10.0, 10.0, 10.0, 10.0, 10.0, 10.0, 10.0, 10.0, 10.0, 10.0, 10.0, 10.0, 10.0, 10.0, 10.0, 10.0, 10.0, 10.0, 10.0, 10.0, 10.0, 10.0, 10.0, 10.0, 10.0, 10.0, 10.0, 10.0, 10.0, 10.0, 10.0, 10.0, 10.0, 10.0, 10.0, 10.0, 10.0, 10.0, 10.0, 10.0, 10.0, 10.0, 10.0, 10.0, 10.0, 10.0, 10.0, 10.0, 10.0, 10.0, 10.0, 10.0, 10.0, 10.0, 10.0, 10.0, 10.0, 10.0, 10.0, 10.0, 10.0, 10.0, 10.0, 10.0]
-MIN_DIST:  2000
- disaster percentage:  0

Slice  0
The set of antennas serves the scenario in the respective slice.

Slice  1

Run GWO to deployment +1 antenna on the map
	Pack size:  300
	Wolf dimension 1
	Max iter 200
	antennas_regions:  [54]
	users_regions:  [ 0  2  3  5  6 13 14 15 17 18 25 28 42 51 52 54 57 58 61 62 63 68 69 72
 74 76 83 84 86 95 98]
	Seed_base:  94423
initial_alpha:  Wolf 0 (94423). Fitness: 0
	(184.00150645660096, 875.7243187533365, 0). Region: 20
initial_beta:  Wolf 1 (94424). Fitness: 0
	(2032.4154472999587, 496.6854278935666, 0). Region: 15
initial_delta:  Wolf 2 (94425). Fitness: 0
	(1221.9996866606318, 2556.8495624676257, 0). Region: 63 

iter = 10
Alpha wolf:  Wolf 0 (94423). Fitness: 0
	(2012.5515272998823, 567.138141176538, 0.0). Region: 15
iter = 20
Alpha wolf:  Wolf 0 (94423). Fitness: 0
	(1463.5445321079999, 865.5855725595208, 0.0). Region: 23
iter = 30
Alpha wolf:  Wolf 0 (94423). Fitness: 0
	(1349.0995489583813, 376.00809788777417, 0.0). Region: 3
iter = 40
Alpha wolf:  Wolf 0 (94423). Fitness: 0
	(2278.223056454516, 188.90270183094628, 0.0). Region: 5
iter = 50
Alpha wolf:  Wolf 0 (94423). Fitness: 0
	(785.8783094261477, 231.5187136828378, 0.0). Region: 1
iter = 60
Alpha wolf:  Wolf 0 (94423). Fitness: 0
	(1046.2696415747446, 266.26561794123745, 0.0). Region: 2
iter = 70
Alpha wolf:  Wolf 0 (94423). Fitness: 0
	(2779.8525899790675, 46.736234649162384, 0.0). Region: 6
iter = 80
Alpha wolf:  Wolf 0 (94423). Fitness: 0
	(2475.9316618849107, 127.70231990633863, 0.0). Region: 6
iter = 90
Alpha wolf:  Wolf 0 (94423). Fitness: 0
	(1216.641678519286, 182.03986074917307, 0.0). Region: 3
iter = 100
Alpha wolf:  Wolf 0 (94423). Fitness: 0
	(877.6838296119076, 180.84960661816072, 0.0). Region: 2
iter = 110
Alpha wolf:  Wolf 0 (94423). Fitness: 0
	(814.9785083253182, 314.0388318862214, 0.0). Region: 2
iter = 120
Alpha wolf:  Wolf 0 (94423). Fitness: 0
	(415.769913548073, 501.60574770026915, 0.0). Region: 11
iter = 130
Alpha wolf:  Wolf 0 (94423). Fitness: 0
	(621.0091114991081, 308.9832045754323, 0.0). Region: 1
iter = 140
Alpha wolf:  Wolf 0 (94423). Fitness: 0
	(573.5067526948357, 198.33108745088228, 0.0). Region: 1
iter = 150
Alpha wolf:  Wolf 0 (94423). Fitness: 0
	(453.01289885532515, 179.83208689165173, 0.0). Region: 1
iter = 160
Alpha wolf:  Wolf 0 (94423). Fitness: 0
	(372.5097647148077, 156.3974779137949, 0.0). Region: 0
iter = 170
Alpha wolf:  Wolf 0 (94423). Fitness: 0
	(320.43670335282195, 171.51438364312384, 0.0). Region: 0
iter = 180
Alpha wolf:  Wolf 0 (94423). Fitness: 0
	(364.9281997194538, 177.09575696785538, 0.0). Region: 0
iter = 190
Alpha wolf:  Wolf 0 (94423). Fitness: 0
	(388.72204901489096, 154.67982636950154, 0.0). Region: 0

Run GWO to deployment +2 antenna on the map
	Pack size:  300
	Wolf dimension 2
	Max iter 200
	antennas_regions:  [54]
	users_regions:  [ 0  2  3  5  6 13 14 15 17 18 25 28 42 51 52 54 57 58 61 62 63 68 69 72
 74 76 83 84 86 95 98]
	Seed_base:  10358
initial_alpha:  Wolf 0 (10358). Fitness: 0
	(409.5920120435741, 3558.899442491161, 0). Region: 81
	(3403.75494388491, 2004.4202651274254, 0). Region: 58
initial_beta:  Wolf 1 (10359). Fitness: 0
	(2839.8277319468, 2022.2348874888594, 0). Region: 57
	(3122.4865482769046, 291.3597020539167, 0). Region: 7
initial_delta:  Wolf 2 (10360). Fitness: 0
	(3582.292525337625, 1428.3807568100392, 0). Region: 38
	(3972.0054360273957, 2651.1992184347478, 0). Region: 69 

iter = 10
Alpha wolf:  Wolf 0 (10358). Fitness: 0
	(2155.996567534845, 3208.8264849038374, 0.0). Region: 85
	(3228.9409028559894, 273.41957607378924, 0.0). Region: 8
iter = 20
Alpha wolf:  Wolf 0 (10358). Fitness: 0
	(421.0986585458793, 1753.2603011089152, 0.0). Region: 41
	(1181.9133043706674, 928.6365499347767, 0.0). Region: 22
iter = 30
Alpha wolf:  Wolf 0 (10358). Fitness: 0
	(697.4789490607636, 998.9573501730956, 0.0). Region: 21
	(683.0784046804768, 326.5474853222185, 0.0). Region: 1
iter = 40
Alpha wolf:  Wolf 0 (10358). Fitness: 0
	(754.855991932384, 935.5852568502348, 0.0). Region: 21
	(821.2211315174895, 613.3362733618477, 0.0). Region: 12
iter = 50
Alpha wolf:  Wolf 0 (10358). Fitness: 0
	(398.3275131106177, 2181.9849213899197, 0.0). Region: 50
	(170.77881523521938, 304.1204082102664, 0.0). Region: 0
iter = 60
Alpha wolf:  Wolf 0 (10358). Fitness: 0
	(360.13424767192356, 1482.251389949592, 0.0). Region: 30
	(30.096565706668088, 66.17804593630328, 0.0). Region: 0
iter = 70
Alpha wolf:  Wolf 0 (10358). Fitness: 0
	(311.6616022062247, 829.2549567599264, 0.0). Region: 20
	(48.78738849617754, 71.45921206216617, 0.0). Region: 0
iter = 80
Alpha wolf:  Wolf 0 (10358). Fitness: 0
	(360.502642338435, 1100.993214382545, 0.0). Region: 20
	(7.247630134746339, 33.47919388973788, 0.0). Region: 0
iter = 90
Alpha wolf:  Wolf 0 (10358). Fitness: 0
	(682.5990123893355, 988.6034585134781, 0.0). Region: 21
	(6.224853912065516, 10.145780554776554, 0.0). Region: 0
iter = 100
Alpha wolf:  Wolf 0 (10358). Fitness: 0
	(694.9837339809906, 481.05272675879115, 0.0). Region: 11
	(6.906852055145859, 10.09885921623924, 0.0). Region: 0
iter = 110
Alpha wolf:  Wolf 0 (10358). Fitness: 0
	(352.704683548473, 1211.8026522763926, 0.0). Region: 30
	(10.198006335246385, 6.881855329982969, 0.0). Region: 0
iter = 120
Alpha wolf:  Wolf 0 (10358). Fitness: 0
	(292.5322160211998, 961.7890932155257, 0.0). Region: 20
	(9.001558235733423, 5.503937172261319, 0.0). Region: 0
iter = 130
Alpha wolf:  Wolf 0 (10358). Fitness: 0
	(371.7099347100925, 514.5520226693199, 0.0). Region: 10
	(8.546424909791883, 3.5598622464754612, 0.0). Region: 0
iter = 140
Alpha wolf:  Wolf 0 (10358). Fitness: 0
	(438.91686487658194, 517.493819105214, 0.0). Region: 11
	(8.375151460691242, 6.0639287928665775, 0.0). Region: 0
iter = 150
Alpha wolf:  Wolf 0 (10358). Fitness: 0
	(292.5265607367501, 843.0396079123445, 0.0). Region: 20
	(6.772543130955168, 4.035134084806277, 0.0). Region: 0
iter = 160
Alpha wolf:  Wolf 0 (10358). Fitness: 0
	(238.36810250116628, 597.9711876221896, 0.0). Region: 10
	(8.428390615949827, 4.013656332025107, 0.0). Region: 0
iter = 170
Alpha wolf:  Wolf 0 (10358). Fitness: 0
	(270.82869376550207, 649.6901405824032, 0.0). Region: 10
	(10.44361002870687, 4.232271447606276, 0.0). Region: 0
iter = 180
Alpha wolf:  Wolf 0 (10358). Fitness: 0
	(241.85832350807743, 572.1519370633542, 0.0). Region: 10
	(10.749422322309897, 4.182219235125545, 0.0). Region: 0
iter = 190
Alpha wolf:  Wolf 0 (10358). Fitness: 0
	(254.54580606178558, 534.0401529177655, 0.0). Region: 10
	(9.397462657958586, 4.127541898897177, 0.0). Region: 0

Run GWO to deployment +3 antenna on the map
	Pack size:  300
	Wolf dimension 3
	Max iter 200
	antennas_regions:  [54]
	users_regions:  [ 0  2  3  5  6 13 14 15 17 18 25 28 42 51 52 54 57 58 61 62 63 68 69 72
 74 76 83 84 86 95 98]
	Seed_base:  99370
initial_alpha:  Wolf 220 (99590). Fitness: 0.82
	(3796.3842209995128, 3213.9505761530395, 0). Region: 89
	(2197.349959587527, 3863.3310498520186, 0). Region: 95
	(1832.2299204596982, 493.0899198888352, 0). Region: 14
initial_beta:  Wolf 0 (99370). Fitness: 0
	(2843.9092779946664, 650.6753982917526, 0). Region: 17
	(2095.0024090969237, 3600.764216563555, 0). Region: 95
	(365.14352025833443, 1167.432300729141, 0). Region: 20
initial_delta:  Wolf 1 (99371). Fitness: 0
	(2581.81789714491, 3393.910892332235, 0). Region: 86
	(621.9567368352883, 987.9316503057987, 0). Region: 21
	(1156.1848618050026, 942.7871853263805, 0). Region: 22 

The alpha wolf has been updated to a position with higher fitness. iter = 2
New alpha wolf:  Wolf 129 (99499). Fitness: 0.84
	(2748.1894016372244, 3151.2764649064275, 0.0). Region: 76
	(1709.823509041897, 613.8505338251698, 0.0). Region: 14
	(250.79626387704627, 2631.699634879854, 0.0). Region: 60
The alpha wolf has been updated to a position with higher fitness. iter = 4
New alpha wolf:  Wolf 100 (99470). Fitness: 0.86
	(3249.5321953744497, 3251.3562719515658, 0.0). Region: 88
	(1698.3687926968134, 750.3377429376488, 0.0). Region: 14
	(1083.0066830767105, 3777.5576049620677, 0.0). Region: 92
The alpha wolf has been updated to a position with higher fitness. iter = 7
New alpha wolf:  Wolf 228 (99598). Fitness: 0.89
	(3206.075994119903, 2976.6426552976845, 0.0). Region: 78
	(1948.7594016226653, 767.9755184931588, 0.0). Region: 14
	(1538.8591385402108, 3808.614037718802, 0.0). Region: 93
iter = 10
Alpha wolf:  Wolf 228 (99598). Fitness: 0.89
	(3206.075994119903, 2976.6426552976845, 0.0). Region: 78
	(1948.7594016226653, 767.9755184931588, 0.0). Region: 14
	(1538.8591385402108, 3808.614037718802, 0.0). Region: 93
The alpha wolf has been updated to a position with higher fitness. iter = 15
New alpha wolf:  Wolf 250 (99620). Fitness: 0.9
	(3296.2011905315876, 3113.553787365573, 0.0). Region: 78
	(1645.154493208608, 591.9551385082373, 0.0). Region: 14
	(1275.1976795739934, 3279.199119696271, 0.0). Region: 83
The alpha wolf has been updated to a position with higher fitness. iter = 18
New alpha wolf:  Wolf 226 (99596). Fitness: 0.91
	(3402.1812529897497, 2752.0522980898822, 0.0). Region: 68
	(1693.7936459121722, 697.7214641287652, 0.0). Region: 14
	(898.68956470321, 3293.899550420826, 0.0). Region: 82
iter = 20
Alpha wolf:  Wolf 226 (99596). Fitness: 0.91
	(3402.1812529897497, 2752.0522980898822, 0.0). Region: 68
	(1693.7936459121722, 697.7214641287652, 0.0). Region: 14
	(898.68956470321, 3293.899550420826, 0.0). Region: 82
iter = 30
Alpha wolf:  Wolf 226 (99596). Fitness: 0.91
	(3402.1812529897497, 2752.0522980898822, 0.0). Region: 68
	(1693.7936459121722, 697.7214641287652, 0.0). Region: 14
	(898.68956470321, 3293.899550420826, 0.0). Region: 82
The alpha wolf has been updated to a position with higher fitness. iter = 30
New alpha wolf:  Wolf 103 (99473). Fitness: 0.92
	(3475.895637935966, 2515.841264073844, 0.0). Region: 68
	(1919.7274352209763, 721.9932951498619, 0.0). Region: 14
	(737.0666418973121, 3493.115286138364, 0.0). Region: 81
iter = 40
Alpha wolf:  Wolf 103 (99473). Fitness: 0.92
	(3475.895637935966, 2515.841264073844, 0.0). Region: 68
	(1919.7274352209763, 721.9932951498619, 0.0). Region: 14
	(737.0666418973121, 3493.115286138364, 0.0). Region: 81
iter = 50
Alpha wolf:  Wolf 103 (99473). Fitness: 0.92
	(3475.895637935966, 2515.841264073844, 0.0). Region: 68
	(1919.7274352209763, 721.9932951498619, 0.0). Region: 14
	(737.0666418973121, 3493.115286138364, 0.0). Region: 81
iter = 60
Alpha wolf:  Wolf 103 (99473). Fitness: 0.92
	(3475.895637935966, 2515.841264073844, 0.0). Region: 68
	(1919.7274352209763, 721.9932951498619, 0.0). Region: 14
	(737.0666418973121, 3493.115286138364, 0.0). Region: 81
iter = 70
Alpha wolf:  Wolf 103 (99473). Fitness: 0.92
	(3475.895637935966, 2515.841264073844, 0.0). Region: 68
	(1919.7274352209763, 721.9932951498619, 0.0). Region: 14
	(737.0666418973121, 3493.115286138364, 0.0). Region: 81
iter = 80
Alpha wolf:  Wolf 103 (99473). Fitness: 0.92
	(3475.895637935966, 2515.841264073844, 0.0). Region: 68
	(1919.7274352209763, 721.9932951498619, 0.0). Region: 14
	(737.0666418973121, 3493.115286138364, 0.0). Region: 81
iter = 90
Alpha wolf:  Wolf 103 (99473). Fitness: 0.92
	(3475.895637935966, 2515.841264073844, 0.0). Region: 68
	(1919.7274352209763, 721.9932951498619, 0.0). Region: 14
	(737.0666418973121, 3493.115286138364, 0.0). Region: 81
iter = 100
Alpha wolf:  Wolf 103 (99473). Fitness: 0.92
	(3475.895637935966, 2515.841264073844, 0.0). Region: 68
	(1919.7274352209763, 721.9932951498619, 0.0). Region: 14
	(737.0666418973121, 3493.115286138364, 0.0). Region: 81
iter = 110
Alpha wolf:  Wolf 103 (99473). Fitness: 0.92
	(3475.895637935966, 2515.841264073844, 0.0). Region: 68
	(1919.7274352209763, 721.9932951498619, 0.0). Region: 14
	(737.0666418973121, 3493.115286138364, 0.0). Region: 81
iter = 120
Alpha wolf:  Wolf 103 (99473). Fitness: 0.92
	(3475.895637935966, 2515.841264073844, 0.0). Region: 68
	(1919.7274352209763, 721.9932951498619, 0.0). Region: 14
	(737.0666418973121, 3493.115286138364, 0.0). Region: 81
iter = 130
Alpha wolf:  Wolf 103 (99473). Fitness: 0.92
	(3475.895637935966, 2515.841264073844, 0.0). Region: 68
	(1919.7274352209763, 721.9932951498619, 0.0). Region: 14
	(737.0666418973121, 3493.115286138364, 0.0). Region: 81
iter = 140
Alpha wolf:  Wolf 103 (99473). Fitness: 0.92
	(3475.895637935966, 2515.841264073844, 0.0). Region: 68
	(1919.7274352209763, 721.9932951498619, 0.0). Region: 14
	(737.0666418973121, 3493.115286138364, 0.0). Region: 81
iter = 150
Alpha wolf:  Wolf 103 (99473). Fitness: 0.92
	(3259.6017178587394, 2526.276136839625, 0.0). Region: 68
	(1953.2594452764017, 691.1573589680481, 0.0). Region: 14
	(655.8920211605578, 3361.6526434149114, 0.0). Region: 81
iter = 160
Alpha wolf:  Wolf 103 (99473). Fitness: 0.92
	(3296.9071112102233, 2693.298972355548, 0.0). Region: 68
	(1834.2421109167076, 694.9805559503277, 0.0). Region: 14
	(678.7647884428293, 3295.685131212342, 0.0). Region: 81
iter = 170
Alpha wolf:  Wolf 103 (99473). Fitness: 0.92
	(3322.8046365700793, 2555.819872495386, 0.0). Region: 68
	(1945.9243688116117, 768.6036244596908, 0.0). Region: 14
	(659.2748881860431, 3244.9831819751207, 0.0). Region: 81
iter = 180
Alpha wolf:  Wolf 103 (99473). Fitness: 0.92
	(3319.7759819498997, 2781.2606205011916, 0.0). Region: 68
	(1760.6038068073176, 781.4047590304687, 0.0). Region: 14
	(631.4635063686501, 3468.71023503572, 0.0). Region: 81
iter = 190
Alpha wolf:  Wolf 103 (99473). Fitness: 0.92
	(3420.446185026103, 2690.6236369882754, 0.0). Region: 68
	(1799.7387186049502, 751.3149004381669, 0.0). Region: 14
	(666.0268465085339, 3413.933452801421, 0.0). Region: 81

- Finishing GWO - 

Best solution:  Wolf 103 (99473). Fitness: 0.92
	(3542.5542756819414, 2616.1172885734377, 0.0). Region: 68
	(1863.0155137742377, 733.4770986685713, 0.0). Region: 14
	(645.420481534974, 3358.663835345484, 0.0). Region: 81
Antennas in slice 1:  [14 54 68 81]

Slice  2

Run GWO to deployment +1 antenna on the map
	Pack size:  300
	Wolf dimension 1
	Max iter 200
	antennas_regions:  [14 54 68 81]
	users_regions:  [ 0  2  3 10 11 12 13 14 15 16 24 26 27 28 30 31 33 34 35 36 40 42 45 48
 49 50 51 52 53 54 57 59 60 61 62 63 64 66 69 71 72 77 78 79 81 82 84 86
 87 92 93 98 99]
	Seed_base:  13402
initial_alpha:  Wolf 9 (13411). Fitness: 0.95
	(702.8167905998588, 1836.367993251439, 0). Region: 41
initial_beta:  Wolf 94 (13496). Fitness: 0.95
	(483.5718550520096, 1782.7522266998694, 0). Region: 41
initial_delta:  Wolf 141 (13543). Fitness: 0.95
	(3577.7415358782937, 1335.907423892036, 0). Region: 38 

iter = 10
Alpha wolf:  Wolf 9 (13411). Fitness: 0.95
	(702.8167905998588, 1836.367993251439, 0). Region: 41
iter = 20
Alpha wolf:  Wolf 9 (13411). Fitness: 0.95
	(702.8167905998588, 1836.367993251439, 0). Region: 41
iter = 30
Alpha wolf:  Wolf 9 (13411). Fitness: 0.95
	(702.8167905998588, 1836.367993251439, 0). Region: 41
iter = 40
Alpha wolf:  Wolf 9 (13411). Fitness: 0.95
	(3379.965910182842, 1516.0019770397168, 0.0). Region: 38
iter = 50
Alpha wolf:  Wolf 9 (13411). Fitness: 0.95
	(3505.7400107047456, 1568.357731961863, 0.0). Region: 38
iter = 60
Alpha wolf:  Wolf 9 (13411). Fitness: 0.95
	(3305.451432221893, 1461.2948034082576, 0.0). Region: 38
iter = 70
Alpha wolf:  Wolf 9 (13411). Fitness: 0.95
	(3305.451432221893, 1461.2948034082576, 0.0). Region: 38
iter = 80
Alpha wolf:  Wolf 9 (13411). Fitness: 0.95
	(3490.2351058669647, 1299.1356295712444, 0.0). Region: 38
iter = 90
Alpha wolf:  Wolf 9 (13411). Fitness: 0.95
	(3490.2351058669647, 1299.1356295712444, 0.0). Region: 38
iter = 100
Alpha wolf:  Wolf 9 (13411). Fitness: 0.95
	(3490.2351058669647, 1299.1356295712444, 0.0). Region: 38
iter = 110
Alpha wolf:  Wolf 9 (13411). Fitness: 0.95
	(3561.0114663124004, 1525.2524284676315, 0.0). Region: 38
iter = 120
Alpha wolf:  Wolf 9 (13411). Fitness: 0.95
	(3399.471788401643, 1502.419804668728, 0.0). Region: 38
iter = 130
Alpha wolf:  Wolf 9 (13411). Fitness: 0.95
	(3399.471788401643, 1502.419804668728, 0.0). Region: 38
iter = 140
Alpha wolf:  Wolf 9 (13411). Fitness: 0.95
	(3549.1678322306907, 1332.8377454444326, 0.0). Region: 38
iter = 150
Alpha wolf:  Wolf 9 (13411). Fitness: 0.95
	(3387.5453256272413, 1205.6781972972826, 0.0). Region: 38
iter = 160
Alpha wolf:  Wolf 9 (13411). Fitness: 0.95
	(3395.124856419491, 1284.1368483399983, 0.0). Region: 38
iter = 170
Alpha wolf:  Wolf 9 (13411). Fitness: 0.95
	(3326.427583171313, 1483.1275745673188, 0.0). Region: 38
iter = 180
Alpha wolf:  Wolf 9 (13411). Fitness: 0.95
	(3428.1907916732507, 1504.03082887013, 0.0). Region: 38
iter = 190
Alpha wolf:  Wolf 9 (13411). Fitness: 0.95
	(3598.82736637091, 1306.1321289226244, 0.0). Region: 38

- Finishing GWO - 

Best solution:  Wolf 9 (13411). Fitness: 0.95
	(3576.1788468757377, 1292.4322947510855, 0.0). Region: 38
Antennas in slice 2:  [14 38 54 68 81]

Slice  3

Run GWO to deployment +1 antenna on the map
	Pack size:  300
	Wolf dimension 1
	Max iter 200
	antennas_regions:  [14 38 54 68 81]
	users_regions:  [ 0  1  2  3  6  7  8  9 10 11 16 18 19 20 21 24 31 33 34 36 37 38 40 41
 43 44 45 46 47 50 51 52 54 56 59 60 61 62 63 65 66 67 68 69 72 73 74 75
 76 77 78 79 83 84 86 87 90 91 92 94 95 97 99]
	Seed_base:  41849
initial_alpha:  Wolf 0 (41849). Fitness: 0
	(3088.7870090294978, 1177.9715843232843, 0). Region: 27
initial_beta:  Wolf 1 (41850). Fitness: 0
	(3381.828582743039, 3213.5814125099428, 0). Region: 88
initial_delta:  Wolf 2 (41851). Fitness: 0
	(1446.9971167863278, 3942.675851536959, 0). Region: 93 

iter = 10
Alpha wolf:  Wolf 0 (41849). Fitness: 0
	(1243.6434978551777, 932.9144673551925, 0.0). Region: 23
iter = 20
Alpha wolf:  Wolf 0 (41849). Fitness: 0
	(1537.5852449929473, 1167.3426228129078, 0.0). Region: 23
iter = 30
Alpha wolf:  Wolf 0 (41849). Fitness: 0
	(1315.3464192880494, 507.44238611278945, 0.0). Region: 13
iter = 40
Alpha wolf:  Wolf 0 (41849). Fitness: 0
	(2290.3612002461487, 254.9351554878288, 0.0). Region: 5
iter = 50
Alpha wolf:  Wolf 0 (41849). Fitness: 0
	(785.7240100775055, 312.4479297836298, 0.0). Region: 1
iter = 60
Alpha wolf:  Wolf 0 (41849). Fitness: 0
	(1046.2084316755013, 359.340892039485, 0.0). Region: 2
iter = 70
Alpha wolf:  Wolf 0 (41849). Fitness: 0
	(2779.8648841722993, 63.07325887303659, 0.0). Region: 6
iter = 80
Alpha wolf:  Wolf 0 (41849). Fitness: 0
	(2475.9425885153987, 172.3416861157894, 0.0). Region: 6
iter = 90
Alpha wolf:  Wolf 0 (41849). Fitness: 0
	(1216.6470477327669, 245.67334849363834, 0.0). Region: 3
iter = 100
Alpha wolf:  Wolf 0 (41849). Fitness: 0
	(877.6877029559984, 244.06703152151582, 0.0). Region: 2
iter = 110
Alpha wolf:  Wolf 0 (41849). Fitness: 0
	(814.9821049418706, 423.81361460621315, 0.0). Region: 12
iter = 120
Alpha wolf:  Wolf 0 (41849). Fitness: 0
	(415.7717484000817, 676.9460444214275, 0.0). Region: 11
iter = 130
Alpha wolf:  Wolf 0 (41849). Fitness: 0
	(621.0118521010095, 416.99075237666676, 0.0). Region: 11
iter = 140
Alpha wolf:  Wolf 0 (41849). Fitness: 0
	(573.5092836620433, 267.65930364877084, 0.0). Region: 1
iter = 150
Alpha wolf:  Wolf 0 (41849). Fitness: 0
	(453.01489806594697, 242.69382964506408, 0.0). Region: 1
iter = 160
Alpha wolf:  Wolf 0 (41849). Fitness: 0
	(372.51140865360105, 211.0674658666282, 0.0). Region: 0
iter = 170
Alpha wolf:  Wolf 0 (41849). Fitness: 0
	(320.43811748575854, 231.4686067711694, 0.0). Region: 0
iter = 180
Alpha wolf:  Wolf 0 (41849). Fitness: 0
	(364.9298101997183, 239.00099373431482, 0.0). Region: 0
iter = 190
Alpha wolf:  Wolf 0 (41849). Fitness: 0
	(388.7237645008105, 208.749395501736, 0.0). Region: 0

Run GWO to deployment +2 antenna on the map
	Pack size:  300
	Wolf dimension 2
	Max iter 200
	antennas_regions:  [14 38 54 68 81]
	users_regions:  [ 0  1  2  3  6  7  8  9 10 11 16 18 19 20 21 24 31 33 34 36 37 38 40 41
 43 44 45 46 47 50 51 52 54 56 59 60 61 62 63 65 66 67 68 69 72 73 74 75
 76 77 78 79 83 84 86 87 90 91 92 94 95 97 99]
	Seed_base:  70405
initial_alpha:  Wolf 27 (70432). Fitness: 1.0
	(2846.39940675247, 356.4282761151216, 0). Region: 7
	(46.65319653884392, 1785.2223550094654, 0). Region: 40
initial_beta:  Wolf 207 (70612). Fitness: 1.0
	(211.40038609500644, 1086.7480602900855, 0). Region: 20
	(3534.9906086984392, 196.01482507468003, 0). Region: 8
initial_delta:  Wolf 273 (70678). Fitness: 1.0
	(348.4878744017701, 1440.3193523716275, 0). Region: 30
	(3292.1698225489654, 641.2461149020841, 0). Region: 18 

iter = 10
Alpha wolf:  Wolf 27 (70432). Fitness: 1.0
	(2846.39940675247, 356.4282761151216, 0). Region: 7
	(46.65319653884392, 1785.2223550094654, 0). Region: 40
iter = 20
Alpha wolf:  Wolf 27 (70432). Fitness: 1.0
	(148.4050455238492, 1968.216336430382, 0.0). Region: 40
	(3172.064392884244, 797.6223665482486, 0.0). Region: 17
iter = 30
Alpha wolf:  Wolf 27 (70432). Fitness: 1.0
	(93.59047876305183, 1423.5771261430157, 0.0). Region: 30
	(3704.7981203622658, 762.2307535038628, 0.0). Region: 19
iter = 40
Alpha wolf:  Wolf 27 (70432). Fitness: 1.0
	(21.306697185598058, 810.0641467026259, 0.0). Region: 20
	(3909.50915503365, 636.196509395756, 0.0). Region: 19
iter = 50
Alpha wolf:  Wolf 27 (70432). Fitness: 1.0
	(26.509172814885908, 1570.3269894263542, 0.0). Region: 30
	(3908.328387494425, 462.04629632845626, 0.0). Region: 19
iter = 60
Alpha wolf:  Wolf 27 (70432). Fitness: 1.0
	(24.005351704217176, 1128.1155304839206, 0.0). Region: 20
	(3515.375684624951, 227.7161174433442, 0.0). Region: 8
iter = 70
Alpha wolf:  Wolf 27 (70432). Fitness: 1.0
	(12.97470913590427, 1581.4289554451684, 0.0). Region: 30
	(3600.4755187374185, 136.40698829385292, 0.0). Region: 9
iter = 80
Alpha wolf:  Wolf 27 (70432). Fitness: 1.0
	(13.381091370409738, 1190.5203073074447, 0.0). Region: 20
	(2921.7188545203157, 92.36849796039138, 0.0). Region: 7
iter = 90
Alpha wolf:  Wolf 27 (70432). Fitness: 1.0
	(25.159396636839436, 1511.0663966424065, 0.0). Region: 30
	(3349.9383384660614, 73.3611865218585, 0.0). Region: 8
iter = 100
Alpha wolf:  Wolf 27 (70432). Fitness: 1.0
	(21.67891706724551, 1612.1248234258496, 0.0). Region: 40
	(2976.893640251463, 40.97556495007936, 0.0). Region: 7
iter = 110
Alpha wolf:  Wolf 27 (70432). Fitness: 1.0
	(12.991721344650255, 1648.862301802445, 0.0). Region: 40
	(2983.2390176545255, 32.5470952090482, 0.0). Region: 7
iter = 120
Alpha wolf:  Wolf 27 (70432). Fitness: 1.0
	(9.48277855300259, 1427.0340256371842, 0.0). Region: 30
	(3058.217088635624, 26.280509596371576, 0.0). Region: 7
iter = 130
Alpha wolf:  Wolf 27 (70432). Fitness: 1.0
	(13.249322878259642, 871.7680985551543, 0.0). Region: 20
	(3758.0771577062624, 15.130924343424887, 0.0). Region: 9
iter = 140
Alpha wolf:  Wolf 27 (70432). Fitness: 1.0
	(18.14222838047033, 976.5839626863974, 0.0). Region: 20
	(3771.6102008136395, 23.26915614957632, 0.0). Region: 9
iter = 150
Alpha wolf:  Wolf 27 (70432). Fitness: 1.0
	(13.84155715759384, 1542.695251746518, 0.0). Region: 30
	(3597.718570682239, 17.25175244162106, 0.0). Region: 8
iter = 160
Alpha wolf:  Wolf 27 (70432). Fitness: 1.0
	(10.9597683323589, 1076.9469885851443, 0.0). Region: 20
	(3886.1306550185627, 17.879297278950776, 0.0). Region: 9
iter = 170
Alpha wolf:  Wolf 27 (70432). Fitness: 1.0
	(12.452251383500833, 1170.0928985530747, 0.0). Region: 20
	(3928.6567564933657, 18.853143667757543, 0.0). Region: 9
iter = 180
Alpha wolf:  Wolf 27 (70432). Fitness: 1.0
	(11.1202421044881, 1030.4464799959583, 0.0). Region: 20
	(3815.4127259804177, 18.63018028639832, 0.0). Region: 9
iter = 190
Alpha wolf:  Wolf 27 (70432). Fitness: 1.0
	(11.703591379581336, 961.8071007066785, 0.0). Region: 20
	(3335.9388649307057, 18.38661375527075, 0.0). Region: 8

- Finishing GWO - 

Best solution:  Wolf 27 (70432). Fitness: 1.0
	(11.546061005781441, 943.0274009353285, 0.0). Region: 20
	(3392.291376518406, 18.15110098110491, 0.0). Region: 8
Antennas in slice 3:  [ 8 14 20 38 54 68 81]

Slice  4
The set of antennas serves the scenario in the respective slice.

Slice  5
The set of antennas serves the scenario in the respective slice.

Slice  6
The set of antennas serves the scenario in the respective slice.

Slice  7
The set of antennas serves the scenario in the respective slice.

Slice  8
The set of antennas serves the scenario in the respective slice.

Slice  9
The set of antennas serves the scenario in the respective slice.

Slice  10
The set of antennas serves the scenario in the respective slice.

Slice  11
The set of antennas serves the scenario in the respective slice.

Média de carros: 6.083333333333333
t=0
Antennas: [54]
Users: [62 63]
MinSINR:  10.0
$x_{0,54}$
	 $y_{0,54,62}$ = 16.3336399588904 dB
	 $y_{0,54,63}$ = 18.89230260764907 dB
		SNR medio:  1.1008107052043585
		Usuarios totais: 32
Distances:
t=1
Antennas: [14 54 68 81]
Users: [ 0  2  3  5  6 13 14 15 17 18 25 28 42 51 52 54 57 58 61 62 63 68 69 72
 74 76 83 84 86 95 98]
MinSINR:  10.0
$x_{1,14}$
	 $y_{1,14,0}$ = 12.671702843826523 dB
	 $y_{1,14,2}$ = 12.287384025322893 dB
	 $y_{1,14,3}$ = 27.961194492240622 dB
	 $y_{1,14,5}$ = 24.101688577142113 dB
	 $y_{1,14,6}$ = 19.044206613511292 dB
	 $y_{1,14,13}$ = 35.28068182742914 dB
	 $y_{1,14,15}$ = 28.19365445232758 dB
	 $y_{1,14,17}$ = 11.956050672708812 dB
	 $y_{1,14,18}$ = 10.604586593242004 dB
	 $y_{1,14,14}$ = 82.95138642539126 dB
	 $y_{1,14,25}$ = 25.38686245307116 dB
	 $y_{1,14,57}$ = 13.124283217186019 dB
		SNR medio:  25.296973516116623
		Usuarios totais: 12
$x_{1,54}$
	 $y_{1,54,42}$ = 15.464341491459862 dB
	 $y_{1,54,52}$ = 15.874668575720221 dB
	 $y_{1,54,54}$ = 86.04645295509955 dB
	 $y_{1,54,95}$ = 15.726681634758563 dB
	 $y_{1,54,51}$ = 12.636779576360311 dB
	 $y_{1,54,62}$ = 16.3336399588904 dB
	 $y_{1,54,63}$ = 18.89230260764907 dB
	 $y_{1,54,76}$ = 18.535587346544418 dB
		SNR medio:  4.9877613536620595
		Usuarios totais: 40
$x_{1,68}$
	 $y_{1,68,58}$ = 34.926336998585725 dB
	 $y_{1,68,68}$ = 89.48706445142341 dB
	 $y_{1,68,69}$ = 33.50412609465325 dB
	 $y_{1,68,86}$ = 17.95118318007563 dB
	 $y_{1,68,98}$ = 11.67322346217884 dB
	 $y_{1,68,28}$ = 10.429143948882668 dB
		SNR medio:  28.281582590828503
		Usuarios totais: 7
$x_{1,81}$
	 $y_{1,81,61}$ = 13.438366936865464 dB
	 $y_{1,81,72}$ = 19.68391659040323 dB
	 $y_{1,81,83}$ = 27.92384323580852 dB
	 $y_{1,81,84}$ = 11.438867162312874 dB
	 $y_{1,81,74}$ = 13.96280166586078 dB
		SNR medio:  8.644779559125087
		Usuarios totais: 10
Distances:
14 : 54 = 1600.0
14 : 68 = 2561.2496949731394
14 : 81 = 3046.3092423455632
54 : 68 = 1649.2422502470642
54 : 81 = 1697.0562748477141
68 : 81 = 2912.043955712207
t=2
Antennas: [14 38 54 68 81]
Users: [ 0  2  3 10 11 12 13 14 15 16 24 26 27 28 30 31 33 34 35 36 40 42 45 48
 49 50 51 52 53 54 57 59 60 61 62 63 64 66 69 71 72 77 78 79 81 82 84 86
 87 92 93 98 99]
MinSINR:  10.0
$x_{2,14}$
	 $y_{2,14,0}$ = 12.671702843826523 dB
	 $y_{2,14,2}$ = 12.287384025322893 dB
	 $y_{2,14,3}$ = 27.961194492240622 dB
	 $y_{2,14,11}$ = 13.65287032545487 dB
	 $y_{2,14,12}$ = 19.464307708402558 dB
	 $y_{2,14,13}$ = 35.28068182742914 dB
	 $y_{2,14,16}$ = 10.61334725152679 dB
	 $y_{2,14,15}$ = 28.19365445232758 dB
	 $y_{2,14,24}$ = 27.16793670701462 dB
	 $y_{2,14,14}$ = 82.95138642539126 dB
		SNR medio:  27.02444660589369
		Usuarios totais: 10
$x_{2,38}$
	 $y_{2,38,87}$ = 10.365660431841022 dB
		SNR medio:  3.4552201439470074
		Usuarios totais: 3
$x_{2,54}$
	 $y_{2,54,10}$ = 11.05707764767844 dB
	 $y_{2,54,40}$ = 10.123837683213353 dB
	 $y_{2,54,42}$ = 15.464341491459862 dB
	 $y_{2,54,52}$ = 15.874668575720221 dB
	 $y_{2,54,53}$ = 36.53148561777148 dB
	 $y_{2,54,54}$ = 86.04645295509955 dB
	 $y_{2,54,31}$ = 18.801261829180135 dB
	 $y_{2,54,33}$ = 17.705608755974765 dB
	 $y_{2,54,34}$ = 14.995398681482072 dB
	 $y_{2,54,45}$ = 18.321156781852892 dB
	 $y_{2,54,51}$ = 12.636779576360311 dB
	 $y_{2,54,60}$ = 11.209694275434913 dB
	 $y_{2,54,64}$ = 31.977053659272514 dB
	 $y_{2,54,66}$ = 23.401785937138513 dB
	 $y_{2,54,77}$ = 11.632441451817641 dB
	 $y_{2,54,78}$ = 12.11909055088364 dB
	 $y_{2,54,27}$ = 10.733764590023952 dB
	 $y_{2,54,28}$ = 10.860357906116818 dB
	 $y_{2,54,35}$ = 15.811649254935034 dB
	 $y_{2,54,57}$ = 14.182930849469017 dB
		SNR medio:  11.096856613080144
		Usuarios totais: 36
$x_{2,68}$
	 $y_{2,68,79}$ = 27.49367038729227 dB
	 $y_{2,68,86}$ = 17.95118318007563 dB
	 $y_{2,68,98}$ = 11.67322346217884 dB
	 $y_{2,68,99}$ = 10.626172934640806 dB
	 $y_{2,68,48}$ = 18.5835543538833 dB
	 $y_{2,68,49}$ = 14.023743814517246 dB
	 $y_{2,68,59}$ = 19.249410003043153 dB
	 $y_{2,68,69}$ = 33.50412609465325 dB
	 $y_{2,68,26}$ = 19.756971925165843 dB
	 $y_{2,68,36}$ = 11.736178351209702 dB
		SNR medio:  15.383186208888334
		Usuarios totais: 12
$x_{2,81}$
	 $y_{2,81,30}$ = 10.520150022629792 dB
	 $y_{2,81,50}$ = 11.684128027260556 dB
	 $y_{2,81,61}$ = 13.438366936865464 dB
	 $y_{2,81,81}$ = 82.24955402084885 dB
	 $y_{2,81,82}$ = 29.311990300235507 dB
	 $y_{2,81,92}$ = 30.91344137592364 dB
	 $y_{2,81,93}$ = 17.648324171033636 dB
	 $y_{2,81,62}$ = 11.755602600103742 dB
	 $y_{2,81,63}$ = 11.741486952863 dB
	 $y_{2,81,71}$ = 34.81476328962265 dB
	 $y_{2,81,72}$ = 19.68391659040323 dB
	 $y_{2,81,84}$ = 11.438867162312874 dB
		SNR medio:  8.38825268970891
		Usuarios totais: 34
Distances:
14 : 38 = 1788.8543819998317
14 : 54 = 1600.0
14 : 68 = 2561.2496949731394
14 : 81 = 3046.3092423455632
38 : 54 = 1788.8543819998317
38 : 68 = 1200.0
38 : 81 = 3440.9301068170507
54 : 68 = 1649.2422502470642
54 : 81 = 1697.0562748477141
68 : 81 = 2912.043955712207
t=3
Antennas: [ 8 14 20 38 54 68 81]
Users: [ 0  1  2  3  6  7  8  9 10 11 16 18 19 20 21 24 31 33 34 36 37 38 40 41
 43 44 45 46 47 50 51 52 54 56 59 60 61 62 63 65 66 67 68 69 72 73 74 75
 76 77 78 79 83 84 86 87 90 91 92 94 95 97 99]
MinSINR:  10.0
$x_{3,8}$
	 $y_{3,8,7}$ = 29.895270792142043 dB
	 $y_{3,8,9}$ = 26.344312893339918 dB
	 $y_{3,8,19}$ = 25.34932378083063 dB
	 $y_{3,8,6}$ = 19.61578975681664 dB
	 $y_{3,8,8}$ = 85.36592155376455 dB
	 $y_{3,8,16}$ = 19.447820193499382 dB
	 $y_{3,8,18}$ = 24.550064621084317 dB
		SNR medio:  19.214041965956458
		Usuarios totais: 12
$x_{3,14}$
	 $y_{3,14,2}$ = 12.287384025322893 dB
	 $y_{3,14,3}$ = 27.961194492240622 dB
		SNR medio:  20.124289258781758
		Usuarios totais: 2
$x_{3,20}$
	 $y_{3,20,20}$ = 91.22169084414979 dB
	 $y_{3,20,41}$ = 19.441779839971446 dB
	 $y_{3,20,0}$ = 17.794533794221138 dB
	 $y_{3,20,1}$ = 20.19591320668951 dB
	 $y_{3,20,11}$ = 18.77215235130936 dB
	 $y_{3,20,21}$ = 31.436772110674397 dB
		SNR medio:  28.408977449573666
		Usuarios totais: 7
$x_{3,38}$
	 $y_{3,38,87}$ = 10.365660431841022 dB
	 $y_{3,38,24}$ = 12.738959430998165 dB
	 $y_{3,38,38}$ = 85.36895680860033 dB
		SNR medio:  18.07892944523992
		Usuarios totais: 6
$x_{3,54}$
	 $y_{3,54,43}$ = 22.263077765131797 dB
	 $y_{3,54,52}$ = 15.874668575720221 dB
	 $y_{3,54,54}$ = 86.04645295509955 dB
	 $y_{3,54,95}$ = 15.726681634758563 dB
	 $y_{3,54,10}$ = 11.05707764767844 dB
	 $y_{3,54,33}$ = 17.705608755974765 dB
	 $y_{3,54,34}$ = 14.995398681482072 dB
	 $y_{3,54,40}$ = 10.123837683213353 dB
	 $y_{3,54,44}$ = 25.88156564156162 dB
	 $y_{3,54,45}$ = 18.321156781852892 dB
	 $y_{3,54,46}$ = 19.666655627094258 dB
	 $y_{3,54,51}$ = 12.636779576360311 dB
	 $y_{3,54,63}$ = 18.89230260764907 dB
	 $y_{3,54,65}$ = 25.492655429994628 dB
	 $y_{3,54,66}$ = 23.401785937138513 dB
	 $y_{3,54,72}$ = 13.423530869663878 dB
	 $y_{3,54,73}$ = 11.84362817375765 dB
	 $y_{3,54,75}$ = 14.33610560050947 dB
	 $y_{3,54,76}$ = 18.535587346544418 dB
	 $y_{3,54,77}$ = 11.632441451817641 dB
	 $y_{3,54,78}$ = 12.11909055088364 dB
	 $y_{3,54,83}$ = 14.747120436596504 dB
	 $y_{3,54,84}$ = 11.345305853635082 dB
	 $y_{3,54,31}$ = 18.801261829180135 dB
	 $y_{3,54,56}$ = 21.48968764173941 dB
	 $y_{3,54,60}$ = 11.209694275434913 dB
		SNR medio:  12.43922898326182
		Usuarios totais: 40
$x_{3,68}$
	 $y_{3,68,68}$ = 89.48706445142341 dB
	 $y_{3,68,79}$ = 27.49367038729227 dB
	 $y_{3,68,86}$ = 17.95118318007563 dB
	 $y_{3,68,97}$ = 10.700756996381955 dB
	 $y_{3,68,99}$ = 10.626172934640806 dB
	 $y_{3,68,47}$ = 18.16537324167855 dB
	 $y_{3,68,59}$ = 19.249410003043153 dB
	 $y_{3,68,67}$ = 32.5351558870326 dB
	 $y_{3,68,69}$ = 33.50412609465325 dB
	 $y_{3,68,74}$ = 10.426368780880352 dB
	 $y_{3,68,36}$ = 11.736178351209702 dB
	 $y_{3,68,37}$ = 23.464496137789524 dB
		SNR medio:  15.266997822305058
		Usuarios totais: 20
$x_{3,81}$
	 $y_{3,81,61}$ = 13.438366936865464 dB
	 $y_{3,81,90}$ = 22.44535278868976 dB
	 $y_{3,81,91}$ = 24.250913609707112 dB
	 $y_{3,81,92}$ = 30.91344137592364 dB
	 $y_{3,81,94}$ = 14.221463093623214 dB
	 $y_{3,81,50}$ = 11.684128027260556 dB
	 $y_{3,81,62}$ = 11.755602600103742 dB
		SNR medio:  3.217731710804337
		Usuarios totais: 40
Distances:
8 : 14 = 1649.2422502470642
8 : 20 = 3298.4845004941285
8 : 38 = 1200.0
8 : 54 = 2561.2496949731394
8 : 68 = 2400.0
8 : 81 = 4252.05832509386
14 : 20 = 1649.2422502470642
14 : 38 = 1788.8543819998317
14 : 54 = 1600.0
14 : 68 = 2561.2496949731394
14 : 81 = 3046.3092423455632
20 : 38 = 3224.9030993194197
20 : 54 = 2000.0
20 : 68 = 3577.7087639996635
20 : 81 = 2433.105012119288
38 : 54 = 1788.8543819998317
38 : 68 = 1200.0
38 : 81 = 3440.9301068170507
54 : 68 = 1649.2422502470642
54 : 81 = 1697.0562748477141
68 : 81 = 2912.043955712207
t=4
Antennas: [ 8 14 20 38 54 68 81]
Users: [ 0  1  4  6  7  8  9 11 12 13 15 16 18 19 22 25 27 28 29 30 31 33 34 35
 36 37 39 40 41 44 45 46 47 48 51 52 53 54 57 59 61 62 63 64 65 66 67 68
 70 71 72 73 74 75 76 77 78 79 80 81 82 83 86 87 89 90 91 93 94 95 96 97
 98 99]
MinSINR:  10.0
$x_{4,8}$
	 $y_{4,8,7}$ = 29.895270792142043 dB
	 $y_{4,8,9}$ = 26.344312893339918 dB
	 $y_{4,8,19}$ = 25.34932378083063 dB
	 $y_{4,8,6}$ = 19.61578975681664 dB
	 $y_{4,8,8}$ = 85.36592155376455 dB
	 $y_{4,8,16}$ = 19.447820193499382 dB
	 $y_{4,8,29}$ = 18.199345500163886 dB
	 $y_{4,8,15}$ = 13.2702580314496 dB
	 $y_{4,8,18}$ = 24.550064621084317 dB
		SNR medio:  20.156777471006997
		Usuarios totais: 13
$x_{4,14}$
	 $y_{4,14,13}$ = 35.28068182742914 dB
	 $y_{4,14,4}$ = 29.799506224080375 dB
		SNR medio:  21.693396017169835
		Usuarios totais: 3
$x_{4,20}$
	 $y_{4,20,41}$ = 19.441779839971446 dB
	 $y_{4,20,0}$ = 17.794533794221138 dB
	 $y_{4,20,1}$ = 20.19591320668951 dB
	 $y_{4,20,11}$ = 18.77215235130936 dB
	 $y_{4,20,12}$ = 10.431487247662915 dB
	 $y_{4,20,22}$ = 23.642872604612634 dB
	 $y_{4,20,31}$ = 23.09377776332697 dB
	 $y_{4,20,62}$ = 10.582912460129393 dB
		SNR medio:  3.7883007702085094
		Usuarios totais: 38
$x_{4,38}$
	 $y_{4,38,87}$ = 10.365660431841022 dB
	 $y_{4,38,96}$ = 11.254591708131798 dB
	 $y_{4,38,35}$ = 16.204219638548693 dB
		SNR medio:  9.456117944630378
		Usuarios totais: 4
$x_{4,54}$
	 $y_{4,54,52}$ = 15.874668575720221 dB
	 $y_{4,54,53}$ = 36.53148561777148 dB
	 $y_{4,54,54}$ = 86.04645295509955 dB
	 $y_{4,54,95}$ = 15.726681634758563 dB
	 $y_{4,54,25}$ = 23.44855332600048 dB
	 $y_{4,54,33}$ = 17.705608755974765 dB
	 $y_{4,54,34}$ = 14.995398681482072 dB
	 $y_{4,54,40}$ = 10.123837683213353 dB
	 $y_{4,54,44}$ = 25.88156564156162 dB
	 $y_{4,54,45}$ = 18.321156781852892 dB
	 $y_{4,54,46}$ = 19.666655627094258 dB
	 $y_{4,54,51}$ = 12.636779576360311 dB
	 $y_{4,54,63}$ = 18.89230260764907 dB
	 $y_{4,54,64}$ = 31.977053659272514 dB
	 $y_{4,54,65}$ = 25.492655429994628 dB
	 $y_{4,54,66}$ = 23.401785937138513 dB
		SNR medio:  9.918066062273606
		Usuarios totais: 40
$x_{4,68}$
	 $y_{4,68,68}$ = 89.48706445142341 dB
	 $y_{4,68,79}$ = 27.49367038729227 dB
	 $y_{4,68,86}$ = 17.95118318007563 dB
	 $y_{4,68,89}$ = 23.741630650596463 dB
	 $y_{4,68,97}$ = 10.700756996381955 dB
	 $y_{4,68,98}$ = 11.67322346217884 dB
	 $y_{4,68,99}$ = 10.626172934640806 dB
	 $y_{4,68,39}$ = 16.788082493651245 dB
	 $y_{4,68,47}$ = 18.16537324167855 dB
	 $y_{4,68,48}$ = 18.5835543538833 dB
	 $y_{4,68,59}$ = 19.249410003043153 dB
	 $y_{4,68,76}$ = 17.240607498503536 dB
	 $y_{4,68,77}$ = 23.089805726677866 dB
	 $y_{4,68,78}$ = 32.180820093928986 dB
	 $y_{4,68,57}$ = 22.014034634911297 dB
	 $y_{4,68,67}$ = 32.5351558870326 dB
	 $y_{4,68,74}$ = 10.426368780880352 dB
	 $y_{4,68,27}$ = 11.935791737252273 dB
	 $y_{4,68,28}$ = 10.429143948882668 dB
	 $y_{4,68,36}$ = 11.736178351209702 dB
	 $y_{4,68,37}$ = 23.464496137789524 dB
		SNR medio:  12.092434867155642
		Usuarios totais: 38
$x_{4,81}$
	 $y_{4,81,61}$ = 13.438366936865464 dB
	 $y_{4,81,70}$ = 28.833167939616132 dB
	 $y_{4,81,80}$ = 27.257115724879824 dB
	 $y_{4,81,81}$ = 82.24955402084885 dB
	 $y_{4,81,82}$ = 29.311990300235507 dB
	 $y_{4,81,90}$ = 22.44535278868976 dB
	 $y_{4,81,91}$ = 24.250913609707112 dB
	 $y_{4,81,93}$ = 17.648324171033636 dB
	 $y_{4,81,94}$ = 14.221463093623214 dB
	 $y_{4,81,30}$ = 10.520150022629792 dB
	 $y_{4,81,71}$ = 34.81476328962265 dB
	 $y_{4,81,72}$ = 19.68391659040323 dB
	 $y_{4,81,73}$ = 20.828228329639614 dB
	 $y_{4,81,75}$ = 12.052181492606138 dB
	 $y_{4,81,83}$ = 27.92384323580852 dB
		SNR medio:  15.419173261848375
		Usuarios totais: 25
Distances:
8 : 14 = 1649.2422502470642
8 : 20 = 3298.4845004941285
8 : 38 = 1200.0
8 : 54 = 2561.2496949731394
8 : 68 = 2400.0
8 : 81 = 4252.05832509386
14 : 20 = 1649.2422502470642
14 : 38 = 1788.8543819998317
14 : 54 = 1600.0
14 : 68 = 2561.2496949731394
14 : 81 = 3046.3092423455632
20 : 38 = 3224.9030993194197
20 : 54 = 2000.0
20 : 68 = 3577.7087639996635
20 : 81 = 2433.105012119288
38 : 54 = 1788.8543819998317
38 : 68 = 1200.0
38 : 81 = 3440.9301068170507
54 : 68 = 1649.2422502470642
54 : 81 = 1697.0562748477141
68 : 81 = 2912.043955712207
t=5
Antennas: [ 8 14 20 38 54 68 81]
Users: [ 0  1  2  3  4  5  6  7  8  9 10 11 14 15 16 18 19 20 22 23 24 25 26 28
 29 31 32 33 34 35 36 38 40 41 43 44 45 46 47 49 51 52 53 54 55 56 58 59
 60 61 62 63 64 65 66 69 70 71 72 74 75 76 77 78 79 80 81 82 83 84 85 86
 87 89 90 91 92 95 96 97 98 99]
MinSINR:  10.0
$x_{5,8}$
	 $y_{5,8,7}$ = 29.895270792142043 dB
	 $y_{5,8,9}$ = 26.344312893339918 dB
	 $y_{5,8,19}$ = 25.34932378083063 dB
	 $y_{5,8,8}$ = 85.36592155376455 dB
	 $y_{5,8,29}$ = 18.199345500163886 dB
		SNR medio:  18.515417452024103
		Usuarios totais: 10
$x_{5,14}$
	 $y_{5,14,2}$ = 12.287384025322893 dB
	 $y_{5,14,3}$ = 27.961194492240622 dB
	 $y_{5,14,0}$ = 12.671702843826523 dB
	 $y_{5,14,1}$ = 12.720901131610844 dB
	 $y_{5,14,4}$ = 29.799506224080375 dB
	 $y_{5,14,5}$ = 24.101688577142113 dB
	 $y_{5,14,6}$ = 19.044206613511292 dB
	 $y_{5,14,11}$ = 13.65287032545487 dB
	 $y_{5,14,16}$ = 10.61334725152679 dB
	 $y_{5,14,22}$ = 15.379023116308616 dB
	 $y_{5,14,23}$ = 19.378480994761148 dB
	 $y_{5,14,24}$ = 27.16793670701462 dB
	 $y_{5,14,25}$ = 25.38686245307116 dB
	 $y_{5,14,33}$ = 24.756095008277512 dB
	 $y_{5,14,34}$ = 21.29824435400478 dB
	 $y_{5,14,44}$ = 16.133232999571263 dB
	 $y_{5,14,45}$ = 10.232447186257161 dB
	 $y_{5,14,14}$ = 82.95138642539126 dB
	 $y_{5,14,31}$ = 15.019627086796575 dB
	 $y_{5,14,35}$ = 15.46752706218794 dB
	 $y_{5,14,15}$ = 28.19365445232758 dB
	 $y_{5,14,18}$ = 10.604586593242004 dB
	 $y_{5,14,26}$ = 14.710846353752856 dB
		SNR medio:  12.238318806942019
		Usuarios totais: 40
$x_{5,20}$
	 $y_{5,20,20}$ = 91.22169084414979 dB
	 $y_{5,20,41}$ = 19.441779839971446 dB
	 $y_{5,20,62}$ = 10.582912460129393 dB
	 $y_{5,20,32}$ = 16.25177883278863 dB
		SNR medio:  5.729090082376636
		Usuarios totais: 24
$x_{5,38}$
	 $y_{5,38,87}$ = 10.365660431841022 dB
	 $y_{5,38,38}$ = 85.36895680860033 dB
	 $y_{5,38,96}$ = 11.254591708131798 dB
		SNR medio:  26.747302237143288
		Usuarios totais: 4
$x_{5,54}$
	 $y_{5,54,43}$ = 22.263077765131797 dB
	 $y_{5,54,52}$ = 15.874668575720221 dB
	 $y_{5,54,53}$ = 36.53148561777148 dB
	 $y_{5,54,54}$ = 86.04645295509955 dB
	 $y_{5,54,95}$ = 15.726681634758563 dB
	 $y_{5,54,10}$ = 11.05707764767844 dB
	 $y_{5,54,40}$ = 10.123837683213353 dB
	 $y_{5,54,46}$ = 19.666655627094258 dB
	 $y_{5,54,51}$ = 12.636779576360311 dB
	 $y_{5,54,63}$ = 18.89230260764907 dB
	 $y_{5,54,64}$ = 31.977053659272514 dB
	 $y_{5,54,65}$ = 25.492655429994628 dB
	 $y_{5,54,66}$ = 23.401785937138513 dB
	 $y_{5,54,71}$ = 10.27552903918749 dB
		SNR medio:  8.499151093901755
		Usuarios totais: 40
$x_{5,68}$
	 $y_{5,68,79}$ = 27.49367038729227 dB
	 $y_{5,68,86}$ = 17.95118318007563 dB
	 $y_{5,68,89}$ = 23.741630650596463 dB
	 $y_{5,68,97}$ = 10.700756996381955 dB
	 $y_{5,68,98}$ = 11.67322346217884 dB
	 $y_{5,68,99}$ = 10.626172934640806 dB
	 $y_{5,68,47}$ = 18.16537324167855 dB
	 $y_{5,68,49}$ = 14.023743814517246 dB
	 $y_{5,68,58}$ = 34.926336998585725 dB
	 $y_{5,68,59}$ = 19.249410003043153 dB
	 $y_{5,68,69}$ = 33.50412609465325 dB
	 $y_{5,68,76}$ = 17.240607498503536 dB
	 $y_{5,68,77}$ = 23.089805726677866 dB
	 $y_{5,68,78}$ = 32.180820093928986 dB
	 $y_{5,68,85}$ = 13.796450978241296 dB
	 $y_{5,68,55}$ = 10.312240017085543 dB
	 $y_{5,68,56}$ = 19.90540370996972 dB
	 $y_{5,68,74}$ = 10.426368780880352 dB
	 $y_{5,68,28}$ = 10.429143948882668 dB
	 $y_{5,68,36}$ = 11.736178351209702 dB
		SNR medio:  10.031693158622257
		Usuarios totais: 37
$x_{5,81}$
	 $y_{5,81,61}$ = 13.438366936865464 dB
	 $y_{5,81,70}$ = 28.833167939616132 dB
	 $y_{5,81,80}$ = 27.257115724879824 dB
	 $y_{5,81,81}$ = 82.24955402084885 dB
	 $y_{5,81,82}$ = 29.311990300235507 dB
	 $y_{5,81,90}$ = 22.44535278868976 dB
	 $y_{5,81,91}$ = 24.250913609707112 dB
	 $y_{5,81,92}$ = 30.91344137592364 dB
	 $y_{5,81,72}$ = 19.68391659040323 dB
	 $y_{5,81,75}$ = 12.052181492606138 dB
	 $y_{5,81,83}$ = 27.92384323580852 dB
	 $y_{5,81,84}$ = 11.438867162312874 dB
	 $y_{5,81,60}$ = 19.29428899101029 dB
		SNR medio:  12.467607148889547
		Usuarios totais: 28
Distances:
8 : 14 = 1649.2422502470642
8 : 20 = 3298.4845004941285
8 : 38 = 1200.0
8 : 54 = 2561.2496949731394
8 : 68 = 2400.0
8 : 81 = 4252.05832509386
14 : 20 = 1649.2422502470642
14 : 38 = 1788.8543819998317
14 : 54 = 1600.0
14 : 68 = 2561.2496949731394
14 : 81 = 3046.3092423455632
20 : 38 = 3224.9030993194197
20 : 54 = 2000.0
20 : 68 = 3577.7087639996635
20 : 81 = 2433.105012119288
38 : 54 = 1788.8543819998317
38 : 68 = 1200.0
38 : 81 = 3440.9301068170507
54 : 68 = 1649.2422502470642
54 : 81 = 1697.0562748477141
68 : 81 = 2912.043955712207
t=6
Antennas: [ 8 14 20 38 54 68 81]
Users: [ 0  2  4  5  6  7  8  9 10 12 13 15 16 17 18 19 20 21 22 23 24 25 26 27
 28 29 30 31 32 33 34 35 36 38 39 40 42 43 44 45 48 51 53 54 57 58 59 60
 61 63 64 66 67 68 70 71 72 73 74 75 76 77 79 83 84 85 86 87 89 90 91 92
 94 97 98 99]
MinSINR:  10.0
$x_{6,8}$
	 $y_{6,8,7}$ = 29.895270792142043 dB
	 $y_{6,8,9}$ = 26.344312893339918 dB
	 $y_{6,8,19}$ = 25.34932378083063 dB
	 $y_{6,8,8}$ = 85.36592155376455 dB
	 $y_{6,8,29}$ = 18.199345500163886 dB
	 $y_{6,8,15}$ = 13.2702580314496 dB
	 $y_{6,8,18}$ = 24.550064621084317 dB
		SNR medio:  12.387472065154164
		Usuarios totais: 18
$x_{6,14}$
	 $y_{6,14,2}$ = 12.287384025322893 dB
	 $y_{6,14,13}$ = 35.28068182742914 dB
	 $y_{6,14,0}$ = 12.671702843826523 dB
	 $y_{6,14,4}$ = 29.799506224080375 dB
	 $y_{6,14,5}$ = 24.101688577142113 dB
	 $y_{6,14,6}$ = 19.044206613511292 dB
	 $y_{6,14,12}$ = 19.464307708402558 dB
	 $y_{6,14,16}$ = 10.61334725152679 dB
	 $y_{6,14,21}$ = 19.852102358065864 dB
	 $y_{6,14,22}$ = 15.379023116308616 dB
	 $y_{6,14,23}$ = 19.378480994761148 dB
	 $y_{6,14,24}$ = 27.16793670701462 dB
	 $y_{6,14,25}$ = 25.38686245307116 dB
	 $y_{6,14,33}$ = 24.756095008277512 dB
	 $y_{6,14,34}$ = 21.29824435400478 dB
	 $y_{6,14,44}$ = 16.133232999571263 dB
	 $y_{6,14,45}$ = 10.232447186257161 dB
	 $y_{6,14,17}$ = 11.956050672708812 dB
	 $y_{6,14,31}$ = 15.019627086796575 dB
		SNR medio:  9.245573200201978
		Usuarios totais: 40
$x_{6,20}$
	 $y_{6,20,20}$ = 91.22169084414979 dB
		SNR medio:  91.22169084414979
		Usuarios totais: 1
$x_{6,38}$
	 $y_{6,38,87}$ = 10.365660431841022 dB
	 $y_{6,38,38}$ = 85.36895680860033 dB
		SNR medio:  31.91153908014712
		Usuarios totais: 3
$x_{6,54}$
	 $y_{6,54,43}$ = 22.263077765131797 dB
	 $y_{6,54,53}$ = 36.53148561777148 dB
	 $y_{6,54,54}$ = 86.04645295509955 dB
	 $y_{6,54,10}$ = 11.05707764767844 dB
	 $y_{6,54,40}$ = 10.123837683213353 dB
	 $y_{6,54,42}$ = 15.464341491459862 dB
	 $y_{6,54,35}$ = 15.811649254935034 dB
	 $y_{6,54,32}$ = 13.752659524325722 dB
		SNR medio:  14.07003879597435
		Usuarios totais: 15
$x_{6,68}$
	 $y_{6,68,68}$ = 89.48706445142341 dB
	 $y_{6,68,79}$ = 27.49367038729227 dB
	 $y_{6,68,86}$ = 17.95118318007563 dB
	 $y_{6,68,89}$ = 23.741630650596463 dB
	 $y_{6,68,97}$ = 10.700756996381955 dB
	 $y_{6,68,98}$ = 11.67322346217884 dB
	 $y_{6,68,99}$ = 10.626172934640806 dB
	 $y_{6,68,39}$ = 16.788082493651245 dB
	 $y_{6,68,48}$ = 18.5835543538833 dB
	 $y_{6,68,58}$ = 34.926336998585725 dB
	 $y_{6,68,59}$ = 19.249410003043153 dB
	 $y_{6,68,64}$ = 16.750552700931962 dB
	 $y_{6,68,66}$ = 15.02135549010869 dB
	 $y_{6,68,67}$ = 32.5351558870326 dB
	 $y_{6,68,76}$ = 17.240607498503536 dB
	 $y_{6,68,77}$ = 23.089805726677866 dB
	 $y_{6,68,85}$ = 13.796450978241296 dB
	 $y_{6,68,26}$ = 19.756971925165843 dB
	 $y_{6,68,57}$ = 22.014034634911297 dB
	 $y_{6,68,36}$ = 11.736178351209702 dB
	 $y_{6,68,27}$ = 11.935791737252273 dB
	 $y_{6,68,28}$ = 10.429143948882668 dB
		SNR medio:  12.852084724072176
		Usuarios totais: 37
$x_{6,81}$
	 $y_{6,81,61}$ = 13.438366936865464 dB
	 $y_{6,81,70}$ = 28.833167939616132 dB
	 $y_{6,81,90}$ = 22.44535278868976 dB
	 $y_{6,81,91}$ = 24.250913609707112 dB
	 $y_{6,81,92}$ = 30.91344137592364 dB
	 $y_{6,81,94}$ = 14.221463093623214 dB
	 $y_{6,81,30}$ = 10.520150022629792 dB
	 $y_{6,81,51}$ = 11.33386282447367 dB
	 $y_{6,81,63}$ = 11.741486952863 dB
	 $y_{6,81,71}$ = 34.81476328962265 dB
	 $y_{6,81,72}$ = 19.68391659040323 dB
	 $y_{6,81,73}$ = 20.828228329639614 dB
	 $y_{6,81,75}$ = 12.052181492606138 dB
	 $y_{6,81,83}$ = 27.92384323580852 dB
	 $y_{6,81,84}$ = 11.438867162312874 dB
	 $y_{6,81,60}$ = 19.29428899101029 dB
	 $y_{6,81,74}$ = 13.96280166586078 dB
		SNR medio:  9.10269711949044
		Usuarios totais: 36
Distances:
8 : 14 = 1649.2422502470642
8 : 20 = 3298.4845004941285
8 : 38 = 1200.0
8 : 54 = 2561.2496949731394
8 : 68 = 2400.0
8 : 81 = 4252.05832509386
14 : 20 = 1649.2422502470642
14 : 38 = 1788.8543819998317
14 : 54 = 1600.0
14 : 68 = 2561.2496949731394
14 : 81 = 3046.3092423455632
20 : 38 = 3224.9030993194197
20 : 54 = 2000.0
20 : 68 = 3577.7087639996635
20 : 81 = 2433.105012119288
38 : 54 = 1788.8543819998317
38 : 68 = 1200.0
38 : 81 = 3440.9301068170507
54 : 68 = 1649.2422502470642
54 : 81 = 1697.0562748477141
68 : 81 = 2912.043955712207
t=7
Antennas: [ 8 14 20 38 54 68 81]
Users: [ 0  1  2  3  4  5  6  7  8 10 11 13 15 16 17 18 19 20 22 23 24 25 27 28
 30 34 36 37 38 39 40 41 42 43 45 47 48 49 50 52 54 56 57 59 60 61 62 65
 68 70 71 72 73 74 75 76 78 79 81 82 84 85 86 88 89 91 92 93 95 96 97 98
 99]
MinSINR:  10.0
$x_{7,8}$
	 $y_{7,8,7}$ = 29.895270792142043 dB
	 $y_{7,8,19}$ = 25.34932378083063 dB
	 $y_{7,8,8}$ = 85.36592155376455 dB
		SNR medio:  23.43508602112287
		Usuarios totais: 6
$x_{7,14}$
	 $y_{7,14,2}$ = 12.287384025322893 dB
	 $y_{7,14,3}$ = 27.961194492240622 dB
	 $y_{7,14,13}$ = 35.28068182742914 dB
	 $y_{7,14,0}$ = 12.671702843826523 dB
	 $y_{7,14,1}$ = 12.720901131610844 dB
	 $y_{7,14,4}$ = 29.799506224080375 dB
	 $y_{7,14,5}$ = 24.101688577142113 dB
	 $y_{7,14,6}$ = 19.044206613511292 dB
	 $y_{7,14,11}$ = 13.65287032545487 dB
	 $y_{7,14,16}$ = 10.61334725152679 dB
	 $y_{7,14,22}$ = 15.379023116308616 dB
	 $y_{7,14,23}$ = 19.378480994761148 dB
	 $y_{7,14,24}$ = 27.16793670701462 dB
	 $y_{7,14,25}$ = 25.38686245307116 dB
	 $y_{7,14,34}$ = 21.29824435400478 dB
	 $y_{7,14,45}$ = 10.232447186257161 dB
	 $y_{7,14,15}$ = 28.19365445232758 dB
	 $y_{7,14,17}$ = 11.956050672708812 dB
	 $y_{7,14,18}$ = 10.604586593242004 dB
	 $y_{7,14,57}$ = 13.124283217186019 dB
	 $y_{7,14,37}$ = 11.865923791397208 dB
		SNR medio:  9.818024421260613
		Usuarios totais: 40
$x_{7,20}$
	 $y_{7,20,20}$ = 91.22169084414979 dB
	 $y_{7,20,41}$ = 19.441779839971446 dB
		SNR medio:  27.66586767103031
		Usuarios totais: 4
$x_{7,38}$
	 $y_{7,38,38}$ = 85.36895680860033 dB
		SNR medio:  85.36895680860033
		Usuarios totais: 1
$x_{7,54}$
	 $y_{7,54,43}$ = 22.263077765131797 dB
	 $y_{7,54,52}$ = 15.874668575720221 dB
	 $y_{7,54,54}$ = 86.04645295509955 dB
	 $y_{7,54,95}$ = 15.726681634758563 dB
	 $y_{7,54,10}$ = 11.05707764767844 dB
	 $y_{7,54,40}$ = 10.123837683213353 dB
	 $y_{7,54,42}$ = 15.464341491459862 dB
	 $y_{7,54,96}$ = 11.517368013879803 dB
		SNR medio:  17.09759143335833
		Usuarios totais: 11
$x_{7,68}$
	 $y_{7,68,68}$ = 89.48706445142341 dB
	 $y_{7,68,79}$ = 27.49367038729227 dB
	 $y_{7,68,86}$ = 17.95118318007563 dB
	 $y_{7,68,88}$ = 17.554518346826512 dB
	 $y_{7,68,89}$ = 23.741630650596463 dB
	 $y_{7,68,97}$ = 10.700756996381955 dB
	 $y_{7,68,98}$ = 11.67322346217884 dB
	 $y_{7,68,99}$ = 10.626172934640806 dB
	 $y_{7,68,39}$ = 16.788082493651245 dB
	 $y_{7,68,47}$ = 18.16537324167855 dB
	 $y_{7,68,48}$ = 18.5835543538833 dB
	 $y_{7,68,49}$ = 14.023743814517246 dB
	 $y_{7,68,59}$ = 19.249410003043153 dB
	 $y_{7,68,65}$ = 17.141664259505234 dB
	 $y_{7,68,76}$ = 17.240607498503536 dB
	 $y_{7,68,78}$ = 32.180820093928986 dB
	 $y_{7,68,85}$ = 13.796450978241296 dB
	 $y_{7,68,56}$ = 19.90540370996972 dB
	 $y_{7,68,74}$ = 10.426368780880352 dB
	 $y_{7,68,27}$ = 11.935791737252273 dB
	 $y_{7,68,28}$ = 10.429143948882668 dB
	 $y_{7,68,36}$ = 11.736178351209702 dB
		SNR medio:  11.600810886172715
		Usuarios totais: 38
$x_{7,81}$
	 $y_{7,81,61}$ = 13.438366936865464 dB
	 $y_{7,81,70}$ = 28.833167939616132 dB
	 $y_{7,81,81}$ = 82.24955402084885 dB
	 $y_{7,81,82}$ = 29.311990300235507 dB
	 $y_{7,81,91}$ = 24.250913609707112 dB
	 $y_{7,81,92}$ = 30.91344137592364 dB
	 $y_{7,81,93}$ = 17.648324171033636 dB
	 $y_{7,81,30}$ = 10.520150022629792 dB
	 $y_{7,81,50}$ = 11.684128027260556 dB
	 $y_{7,81,71}$ = 34.81476328962265 dB
	 $y_{7,81,72}$ = 19.68391659040323 dB
	 $y_{7,81,73}$ = 20.828228329639614 dB
	 $y_{7,81,75}$ = 12.052181492606138 dB
	 $y_{7,81,84}$ = 11.438867162312874 dB
	 $y_{7,81,60}$ = 19.29428899101029 dB
	 $y_{7,81,62}$ = 11.755602600103742 dB
		SNR medio:  15.14871539439277
		Usuarios totais: 25
Distances:
8 : 14 = 1649.2422502470642
8 : 20 = 3298.4845004941285
8 : 38 = 1200.0
8 : 54 = 2561.2496949731394
8 : 68 = 2400.0
8 : 81 = 4252.05832509386
14 : 20 = 1649.2422502470642
14 : 38 = 1788.8543819998317
14 : 54 = 1600.0
14 : 68 = 2561.2496949731394
14 : 81 = 3046.3092423455632
20 : 38 = 3224.9030993194197
20 : 54 = 2000.0
20 : 68 = 3577.7087639996635
20 : 81 = 2433.105012119288
38 : 54 = 1788.8543819998317
38 : 68 = 1200.0
38 : 81 = 3440.9301068170507
54 : 68 = 1649.2422502470642
54 : 81 = 1697.0562748477141
68 : 81 = 2912.043955712207
t=8
Antennas: [ 8 14 20 38 54 68 81]
Users: [ 1  6  7  8 10 13 15 16 18 19 20 22 23 24 26 28 29 30 31 32 33 35 36 38
 39 41 42 44 46 49 50 52 53 55 56 57 58 59 63 64 65 66 69 71 74 76 77 79
 81 82 83 84 89 90 92 95 96 97 98 99]
MinSINR:  10.0
$x_{8,8}$
	 $y_{8,8,7}$ = 29.895270792142043 dB
	 $y_{8,8,19}$ = 25.34932378083063 dB
	 $y_{8,8,6}$ = 19.61578975681664 dB
	 $y_{8,8,8}$ = 85.36592155376455 dB
	 $y_{8,8,16}$ = 19.447820193499382 dB
	 $y_{8,8,29}$ = 18.199345500163886 dB
	 $y_{8,8,15}$ = 13.2702580314496 dB
	 $y_{8,8,18}$ = 24.550064621084317 dB
		SNR medio:  21.426708566341002
		Usuarios totais: 11
$x_{8,14}$
	 $y_{8,14,13}$ = 35.28068182742914 dB
	 $y_{8,14,24}$ = 27.16793670701462 dB
		SNR medio:  31.22430926722188
		Usuarios totais: 2
$x_{8,20}$
	 $y_{8,20,20}$ = 91.22169084414979 dB
	 $y_{8,20,41}$ = 19.441779839971446 dB
	 $y_{8,20,1}$ = 20.19591320668951 dB
	 $y_{8,20,10}$ = 30.03782015995273 dB
	 $y_{8,20,22}$ = 23.642872604612634 dB
	 $y_{8,20,23}$ = 10.365233057474455 dB
	 $y_{8,20,30}$ = 34.307684586178 dB
	 $y_{8,20,42}$ = 12.027410342892495 dB
	 $y_{8,20,50}$ = 17.940358720882813 dB
	 $y_{8,20,31}$ = 23.09377776332697 dB
	 $y_{8,20,32}$ = 16.25177883278863 dB
		SNR medio:  14.926315997945972
		Usuarios totais: 20
$x_{8,38}$
	 $y_{8,38,38}$ = 85.36895680860033 dB
		SNR medio:  28.45631893620011
		Usuarios totais: 3
$x_{8,54}$
	 $y_{8,54,52}$ = 15.874668575720221 dB
	 $y_{8,54,53}$ = 36.53148561777148 dB
	 $y_{8,54,95}$ = 15.726681634758563 dB
	 $y_{8,54,33}$ = 17.705608755974765 dB
	 $y_{8,54,44}$ = 25.88156564156162 dB
	 $y_{8,54,46}$ = 19.666655627094258 dB
	 $y_{8,54,63}$ = 18.89230260764907 dB
	 $y_{8,54,71}$ = 10.27552903918749 dB
	 $y_{8,54,83}$ = 14.747120436596504 dB
	 $y_{8,54,84}$ = 11.345305853635082 dB
	 $y_{8,54,96}$ = 11.517368013879803 dB
	 $y_{8,54,35}$ = 15.811649254935034 dB
		SNR medio:  13.373496316172744
		Usuarios totais: 16
$x_{8,68}$
	 $y_{8,68,79}$ = 27.49367038729227 dB
	 $y_{8,68,89}$ = 23.741630650596463 dB
	 $y_{8,68,97}$ = 10.700756996381955 dB
	 $y_{8,68,98}$ = 11.67322346217884 dB
	 $y_{8,68,99}$ = 10.626172934640806 dB
	 $y_{8,68,39}$ = 16.788082493651245 dB
	 $y_{8,68,49}$ = 14.023743814517246 dB
	 $y_{8,68,58}$ = 34.926336998585725 dB
	 $y_{8,68,59}$ = 19.249410003043153 dB
	 $y_{8,68,64}$ = 16.750552700931962 dB
	 $y_{8,68,65}$ = 17.141664259505234 dB
	 $y_{8,68,66}$ = 15.02135549010869 dB
	 $y_{8,68,69}$ = 33.50412609465325 dB
	 $y_{8,68,76}$ = 17.240607498503536 dB
	 $y_{8,68,77}$ = 23.089805726677866 dB
	 $y_{8,68,26}$ = 19.756971925165843 dB
	 $y_{8,68,55}$ = 10.312240017085543 dB
	 $y_{8,68,56}$ = 19.90540370996972 dB
	 $y_{8,68,57}$ = 22.014034634911297 dB
	 $y_{8,68,74}$ = 10.426368780880352 dB
	 $y_{8,68,28}$ = 10.429143948882668 dB
	 $y_{8,68,36}$ = 11.736178351209702 dB
		SNR medio:  12.016711541799193
		Usuarios totais: 33
$x_{8,81}$
	 $y_{8,81,81}$ = 82.24955402084885 dB
	 $y_{8,81,82}$ = 29.311990300235507 dB
	 $y_{8,81,90}$ = 22.44535278868976 dB
	 $y_{8,81,92}$ = 30.91344137592364 dB
		SNR medio:  23.560048355099678
		Usuarios totais: 7
Distances:
8 : 14 = 1649.2422502470642
8 : 20 = 3298.4845004941285
8 : 38 = 1200.0
8 : 54 = 2561.2496949731394
8 : 68 = 2400.0
8 : 81 = 4252.05832509386
14 : 20 = 1649.2422502470642
14 : 38 = 1788.8543819998317
14 : 54 = 1600.0
14 : 68 = 2561.2496949731394
14 : 81 = 3046.3092423455632
20 : 38 = 3224.9030993194197
20 : 54 = 2000.0
20 : 68 = 3577.7087639996635
20 : 81 = 2433.105012119288
38 : 54 = 1788.8543819998317
38 : 68 = 1200.0
38 : 81 = 3440.9301068170507
54 : 68 = 1649.2422502470642
54 : 81 = 1697.0562748477141
68 : 81 = 2912.043955712207
t=9
Antennas: [ 8 14 20 38 54 68 81]
Users: [ 0  1  4  6  7  9 13 14 15 20 22 27 28 31 34 39 40 41 42 48 54 57 58 59
 61 63 64 65 67 73 74 75 76 78 80 82 85 87 89 92 93 94 95 96 98]
MinSINR:  10.0
$x_{9,8}$
	 $y_{9,8,7}$ = 29.895270792142043 dB
	 $y_{9,8,9}$ = 26.344312893339918 dB
	 $y_{9,8,6}$ = 19.61578975681664 dB
		SNR medio:  15.17107468845972
		Usuarios totais: 5
$x_{9,14}$
	 $y_{9,14,13}$ = 35.28068182742914 dB
	 $y_{9,14,4}$ = 29.799506224080375 dB
	 $y_{9,14,34}$ = 21.29824435400478 dB
	 $y_{9,14,14}$ = 82.95138642539126 dB
	 $y_{9,14,15}$ = 28.19365445232758 dB
		SNR medio:  32.92057888053885
		Usuarios totais: 6
$x_{9,20}$
	 $y_{9,20,20}$ = 91.22169084414979 dB
	 $y_{9,20,41}$ = 19.441779839971446 dB
	 $y_{9,20,0}$ = 17.794533794221138 dB
	 $y_{9,20,1}$ = 20.19591320668951 dB
	 $y_{9,20,22}$ = 23.642872604612634 dB
	 $y_{9,20,40}$ = 13.31810391197314 dB
	 $y_{9,20,42}$ = 12.027410342892495 dB
	 $y_{9,20,31}$ = 23.09377776332697 dB
		SNR medio:  22.073608230783712
		Usuarios totais: 10
$x_{9,38}$
	 $y_{9,38,87}$ = 10.365660431841022 dB
		SNR medio:  10.365660431841022
		Usuarios totais: 1
$x_{9,54}$
	 $y_{9,54,54}$ = 86.04645295509955 dB
	 $y_{9,54,95}$ = 15.726681634758563 dB
	 $y_{9,54,96}$ = 11.517368013879803 dB
		SNR medio:  37.76350086791264
		Usuarios totais: 3
$x_{9,68}$
	 $y_{9,68,89}$ = 23.741630650596463 dB
	 $y_{9,68,98}$ = 11.67322346217884 dB
	 $y_{9,68,39}$ = 16.788082493651245 dB
	 $y_{9,68,48}$ = 18.5835543538833 dB
	 $y_{9,68,58}$ = 34.926336998585725 dB
	 $y_{9,68,59}$ = 19.249410003043153 dB
	 $y_{9,68,64}$ = 16.750552700931962 dB
	 $y_{9,68,65}$ = 17.141664259505234 dB
	 $y_{9,68,67}$ = 32.5351558870326 dB
	 $y_{9,68,76}$ = 17.240607498503536 dB
	 $y_{9,68,78}$ = 32.180820093928986 dB
	 $y_{9,68,85}$ = 13.796450978241296 dB
	 $y_{9,68,57}$ = 22.014034634911297 dB
	 $y_{9,68,74}$ = 10.426368780880352 dB
	 $y_{9,68,27}$ = 11.935791737252273 dB
	 $y_{9,68,28}$ = 10.429143948882668 dB
		SNR medio:  12.376513139280355
		Usuarios totais: 25
$x_{9,81}$
	 $y_{9,81,61}$ = 13.438366936865464 dB
	 $y_{9,81,80}$ = 27.257115724879824 dB
	 $y_{9,81,82}$ = 29.311990300235507 dB
	 $y_{9,81,92}$ = 30.91344137592364 dB
	 $y_{9,81,93}$ = 17.648324171033636 dB
	 $y_{9,81,94}$ = 14.221463093623214 dB
	 $y_{9,81,63}$ = 11.741486952863 dB
	 $y_{9,81,73}$ = 20.828228329639614 dB
	 $y_{9,81,75}$ = 12.052181492606138 dB
		SNR medio:  14.78438319813917
		Usuarios totais: 12
Distances:
8 : 14 = 1649.2422502470642
8 : 20 = 3298.4845004941285
8 : 38 = 1200.0
8 : 54 = 2561.2496949731394
8 : 68 = 2400.0
8 : 81 = 4252.05832509386
14 : 20 = 1649.2422502470642
14 : 38 = 1788.8543819998317
14 : 54 = 1600.0
14 : 68 = 2561.2496949731394
14 : 81 = 3046.3092423455632
20 : 38 = 3224.9030993194197
20 : 54 = 2000.0
20 : 68 = 3577.7087639996635
20 : 81 = 2433.105012119288
38 : 54 = 1788.8543819998317
38 : 68 = 1200.0
38 : 81 = 3440.9301068170507
54 : 68 = 1649.2422502470642
54 : 81 = 1697.0562748477141
68 : 81 = 2912.043955712207
t=10
Antennas: [ 8 14 20 38 54 68 81]
Users: [ 0  1  3  4 12 15 25 28 34 37 38 47 49 50 57 62 63 65 67 68 71 80 81 82
 86 90 96 97 98 99]
MinSINR:  10.0
$x_{10,8}$
		Usuarios totais: 0
$x_{10,14}$
	 $y_{10,14,3}$ = 27.961194492240622 dB
	 $y_{10,14,0}$ = 12.671702843826523 dB
	 $y_{10,14,1}$ = 12.720901131610844 dB
	 $y_{10,14,4}$ = 29.799506224080375 dB
	 $y_{10,14,12}$ = 19.464307708402558 dB
	 $y_{10,14,25}$ = 25.38686245307116 dB
	 $y_{10,14,34}$ = 21.29824435400478 dB
	 $y_{10,14,15}$ = 28.19365445232758 dB
	 $y_{10,14,57}$ = 13.124283217186019 dB
	 $y_{10,14,37}$ = 11.865923791397208 dB
		SNR medio:  14.463327190581976
		Usuarios totais: 14
$x_{10,20}$
		Usuarios totais: 0
$x_{10,38}$
	 $y_{10,38,38}$ = 85.36895680860033 dB
	 $y_{10,38,96}$ = 11.254591708131798 dB
		SNR medio:  48.311774258366064
		Usuarios totais: 2
$x_{10,54}$
		Usuarios totais: 0
$x_{10,68}$
	 $y_{10,68,68}$ = 89.48706445142341 dB
	 $y_{10,68,86}$ = 17.95118318007563 dB
	 $y_{10,68,97}$ = 10.700756996381955 dB
	 $y_{10,68,98}$ = 11.67322346217884 dB
	 $y_{10,68,99}$ = 10.626172934640806 dB
	 $y_{10,68,47}$ = 18.16537324167855 dB
	 $y_{10,68,49}$ = 14.023743814517246 dB
	 $y_{10,68,65}$ = 17.141664259505234 dB
	 $y_{10,68,67}$ = 32.5351558870326 dB
	 $y_{10,68,28}$ = 10.429143948882668 dB
		SNR medio:  19.394456848026408
		Usuarios totais: 12
$x_{10,81}$
	 $y_{10,81,80}$ = 27.257115724879824 dB
	 $y_{10,81,81}$ = 82.24955402084885 dB
	 $y_{10,81,82}$ = 29.311990300235507 dB
	 $y_{10,81,90}$ = 22.44535278868976 dB
	 $y_{10,81,50}$ = 11.684128027260556 dB
	 $y_{10,81,63}$ = 11.741486952863 dB
	 $y_{10,81,71}$ = 34.81476328962265 dB
	 $y_{10,81,62}$ = 11.755602600103742 dB
		SNR medio:  25.69555485605599
		Usuarios totais: 9
Distances:
8 : 14 = 1649.2422502470642
8 : 20 = 3298.4845004941285
8 : 38 = 1200.0
8 : 54 = 2561.2496949731394
8 : 68 = 2400.0
8 : 81 = 4252.05832509386
14 : 20 = 1649.2422502470642
14 : 38 = 1788.8543819998317
14 : 54 = 1600.0
14 : 68 = 2561.2496949731394
14 : 81 = 3046.3092423455632
20 : 38 = 3224.9030993194197
20 : 54 = 2000.0
20 : 68 = 3577.7087639996635
20 : 81 = 2433.105012119288
38 : 54 = 1788.8543819998317
38 : 68 = 1200.0
38 : 81 = 3440.9301068170507
54 : 68 = 1649.2422502470642
54 : 81 = 1697.0562748477141
68 : 81 = 2912.043955712207
t=11
Antennas: [ 8 14 20 38 54 68 81]
Users: [ 5 28 30 36 47 56 71 75 81 95]
MinSINR:  10.0
$x_{11,8}$
		Usuarios totais: 0
$x_{11,14}$
	 $y_{11,14,5}$ = 24.101688577142113 dB
		SNR medio:  24.101688577142113
		Usuarios totais: 1
$x_{11,20}$
		Usuarios totais: 0
$x_{11,38}$
	 $y_{11,38,47}$ = 20.96996056392186 dB
	 $y_{11,38,36}$ = 24.78051899365954 dB
		SNR medio:  22.8752397787907
		Usuarios totais: 2
$x_{11,54}$
	 $y_{11,54,95}$ = 15.726681634758563 dB
	 $y_{11,54,56}$ = 21.48968764173941 dB
	 $y_{11,54,28}$ = 10.860357906116818 dB
		SNR medio:  16.025575727538264
		Usuarios totais: 3
$x_{11,68}$
		Usuarios totais: 0
$x_{11,81}$
	 $y_{11,81,81}$ = 82.24955402084885 dB
	 $y_{11,81,30}$ = 10.520150022629792 dB
	 $y_{11,81,71}$ = 34.81476328962265 dB
	 $y_{11,81,75}$ = 12.052181492606138 dB
		SNR medio:  34.909162206426856
		Usuarios totais: 4
Distances:
8 : 14 = 1649.2422502470642
8 : 20 = 3298.4845004941285
8 : 38 = 1200.0
8 : 54 = 2561.2496949731394
8 : 68 = 2400.0
8 : 81 = 4252.05832509386
14 : 20 = 1649.2422502470642
14 : 38 = 1788.8543819998317
14 : 54 = 1600.0
14 : 68 = 2561.2496949731394
14 : 81 = 3046.3092423455632
20 : 38 = 3224.9030993194197
20 : 54 = 2000.0
20 : 68 = 3577.7087639996635
20 : 81 = 2433.105012119288
38 : 54 = 1788.8543819998317
38 : 68 = 1200.0
38 : 81 = 3440.9301068170507
54 : 68 = 1649.2422502470642
54 : 81 = 1697.0562748477141
68 : 81 = 2912.043955712207
--- Done after 0.3060472701655494 hours. ---
