-------------Calculating Solution (this may take a while)
+++++++++++++++++++Min Sinr: 15 dB (gwo)
+++++++++++++++++++With backhaul constraint. Start: 2023-01-22 18:39:26

Parameters:
- chosen seed 18
- Map with 100 sectors
- Map 4000 x 4000 m
- Sector has a side of 400 m
- Max time:  12
- users_t_m:  [[0, 0, 0, 0, 0, 0, 0, 0, 0, 0, 0, 0, 0, 0, 0, 0, 0, 0, 0, 0, 0, 0, 0, 0, 0, 0, 0, 0, 0, 0, 0, 0, 0, 0, 0, 0, 0, 0, 0, 0, 0, 0, 0, 0, 0, 0, 0, 0, 0, 0, 0, 0, 0, 0, 0, 0, 0, 0, 0, 0, 0, 0, 29, 3, 0, 0, 0, 0, 0, 0, 0, 0, 0, 0, 0, 0, 0, 0, 0, 0, 0, 0, 0, 0, 0, 0, 0, 0, 0, 0, 0, 0, 0, 0, 0, 0, 0, 0, 0, 0], [1, 0, 1, 1, 0, 1, 1, 0, 0, 0, 0, 0, 0, 1, 1, 1, 0, 1, 1, 0, 0, 0, 0, 0, 0, 1, 0, 0, 1, 0, 0, 0, 0, 0, 0, 0, 0, 0, 0, 0, 0, 0, 1, 0, 0, 0, 0, 0, 0, 0, 0, 2, 1, 0, 1, 0, 0, 1, 1, 0, 0, 2, 26, 7, 0, 0, 0, 0, 1, 1, 0, 0, 3, 0, 2, 0, 1, 0, 0, 0, 0, 0, 0, 2, 1, 0, 2, 0, 0, 0, 0, 0, 0, 0, 0, 1, 0, 0, 1, 0], [1, 0, 1, 1, 0, 0, 0, 0, 0, 0, 1, 1, 1, 1, 1, 1, 1, 0, 0, 0, 0, 0, 0, 0, 1, 0, 1, 2, 1, 0, 1, 1, 0, 3, 3, 2, 1, 0, 0, 0, 2, 0, 2, 0, 0, 1, 0, 0, 2, 1, 2, 1, 3, 4, 2, 0, 0, 1, 0, 2, 2, 1, 17, 5, 1, 0, 2, 0, 0, 1, 0, 1, 1, 0, 0, 0, 0, 1, 1, 1, 0, 2, 1, 0, 1, 0, 1, 3, 0, 0, 0, 0, 1, 1, 0, 0, 0, 0, 1, 1], [1, 1, 1, 1, 0, 0, 1, 2, 3, 1, 2, 2, 0, 0, 0, 0, 3, 0, 1, 1, 1, 1, 0, 0, 1, 0, 0, 0, 0, 0, 0, 1, 0, 3, 1, 0, 2, 2, 2, 0, 1, 1, 0, 1, 2, 1, 1, 1, 0, 0, 4, 2, 4, 0, 1, 0, 1, 0, 0, 1, 3, 5, 23, 1, 0, 2, 1, 1, 2, 2, 0, 0, 2, 2, 2, 1, 1, 1, 1, 2, 0, 0, 0, 1, 2, 0, 2, 3, 0, 0, 1, 1, 4, 0, 2, 1, 0, 2, 0, 1], [2, 1, 0, 0, 1, 0, 1, 1, 1, 2, 0, 2, 5, 2, 0, 2, 1, 0, 1, 2, 0, 0, 1, 0, 0, 2, 0, 1, 1, 2, 1, 5, 0, 1, 2, 1, 2, 2, 0, 3, 1, 2, 0, 0, 4, 1, 1, 2, 2, 0, 0, 2, 6, 5, 3, 0, 0, 1, 0, 2, 0, 1, 20, 3, 2, 3, 2, 1, 1, 0, 2, 3, 3, 1, 1, 2, 3, 2, 1, 2, 1, 1, 2, 1, 0, 0, 2, 2, 0, 5, 3, 1, 0, 2, 1, 2, 1, 1, 1, 2], [2, 2, 1, 5, 1, 1, 1, 1, 3, 1, 4, 3, 0, 0, 1, 2, 1, 0, 1, 1, 3, 0, 2, 2, 1, 3, 1, 0, 3, 4, 0, 2, 2, 3, 1, 2, 2, 0, 1, 0, 1, 2, 0, 3, 1, 1, 5, 1, 0, 3, 0, 2, 6, 1, 2, 1, 2, 0, 3, 2, 3, 1, 17, 4, 3, 1, 2, 0, 0, 2, 1, 2, 4, 0, 2, 5, 2, 1, 1, 1, 1, 1, 1, 3, 2, 2, 2, 1, 0, 2, 2, 3, 1, 0, 0, 4, 2, 1, 3, 1], [2, 0, 2, 0, 2, 1, 3, 2, 3, 2, 1, 0, 3, 2, 0, 4, 3, 2, 2, 1, 1, 1, 1, 3, 4, 1, 3, 3, 1, 4, 3, 1, 1, 3, 2, 2, 3, 0, 1, 1, 2, 0, 3, 1, 2, 2, 0, 0, 2, 0, 0, 1, 0, 3, 2, 0, 0, 1, 1, 1, 3, 4, 0, 1, 1, 0, 3, 2, 3, 0, 2, 2, 1, 1, 2, 1, 1, 3, 0, 1, 0, 0, 0, 2, 4, 2, 1, 2, 0, 1, 2, 3, 2, 0, 2, 0, 0, 1, 1, 1], [1, 1, 4, 1, 2, 1, 1, 3, 1, 0, 1, 1, 0, 1, 0, 1, 2, 3, 1, 2, 1, 0, 2, 2, 2, 3, 0, 3, 1, 0, 2, 0, 0, 0, 1, 0, 4, 7, 1, 1, 1, 3, 2, 1, 0, 2, 0, 3, 2, 1, 1, 0, 1, 0, 2, 0, 2, 1, 0, 1, 1, 3, 1, 0, 0, 3, 0, 0, 2, 0, 2, 1, 1, 1, 1, 2, 1, 0, 1, 1, 0, 1, 3, 0, 2, 1, 1, 0, 4, 1, 0, 2, 1, 1, 0, 2, 1, 1, 2, 1], [0, 2, 0, 0, 0, 0, 2, 1, 1, 0, 4, 0, 0, 1, 0, 1, 1, 0, 1, 2, 1, 0, 1, 2, 1, 0, 2, 0, 3, 2, 2, 3, 1, 1, 0, 2, 1, 0, 3, 1, 0, 2, 1, 0, 2, 0, 1, 0, 0, 2, 1, 0, 1, 1, 0, 1, 1, 1, 1, 3, 0, 0, 0, 2, 2, 1, 1, 0, 0, 1, 0, 2, 0, 0, 1, 0, 1, 2, 0, 1, 0, 2, 2, 1, 1, 0, 0, 0, 0, 1, 1, 0, 2, 0, 0, 1, 1, 2, 3, 1], [2, 1, 0, 0, 1, 0, 1, 2, 0, 2, 0, 0, 0, 1, 1, 1, 0, 0, 0, 0, 1, 0, 1, 0, 0, 0, 0, 1, 3, 0, 0, 1, 0, 0, 2, 0, 0, 0, 0, 2, 1, 1, 2, 0, 0, 0, 0, 0, 1, 0, 0, 0, 0, 0, 1, 0, 0, 2, 1, 1, 0, 2, 0, 1, 2, 1, 0, 1, 0, 0, 0, 0, 0, 1, 1, 1, 1, 0, 2, 0, 3, 0, 1, 0, 0, 1, 0, 1, 0, 3, 0, 0, 1, 1, 1, 1, 1, 0, 2, 0], [2, 2, 0, 1, 1, 0, 0, 0, 0, 0, 0, 0, 2, 0, 0, 2, 0, 0, 0, 0, 0, 0, 0, 0, 0, 1, 0, 0, 1, 0, 0, 0, 0, 0, 1, 0, 0, 1, 1, 0, 0, 0, 0, 0, 0, 0, 0, 1, 0, 1, 2, 0, 0, 0, 0, 0, 0, 1, 0, 0, 0, 0, 1, 1, 0, 1, 0, 1, 2, 0, 0, 1, 0, 0, 0, 0, 0, 0, 0, 0, 1, 1, 1, 0, 0, 0, 2, 0, 0, 0, 1, 0, 0, 0, 0, 0, 1, 1, 1, 1], [0, 0, 0, 0, 0, 1, 0, 0, 0, 0, 0, 0, 0, 0, 0, 0, 0, 0, 0, 0, 0, 0, 0, 0, 0, 0, 0, 0, 1, 0, 1, 0, 0, 0, 0, 0, 1, 0, 0, 0, 0, 0, 0, 0, 0, 0, 0, 1, 0, 0, 0, 0, 0, 0, 0, 0, 1, 0, 0, 0, 0, 0, 0, 0, 0, 0, 0, 0, 0, 0, 0, 1, 0, 0, 0, 1, 0, 0, 0, 0, 0, 1, 0, 0, 0, 0, 0, 0, 0, 0, 0, 0, 0, 0, 0, 1, 0, 0, 0, 0]]
MAX_USER_PER_ANTENNAS_m:  [40, 40, 40, 40, 40, 40, 40, 40, 40, 40, 40, 40, 40, 40, 40, 40, 40, 40, 40, 40, 40, 40, 40, 40, 40, 40, 40, 40, 40, 40, 40, 40, 40, 40, 40, 40, 40, 40, 40, 40, 40, 40, 40, 40, 40, 40, 40, 40, 40, 40, 40, 40, 40, 40, 40, 40, 40, 40, 40, 40, 40, 40, 40, 40, 40, 40, 40, 40, 40, 40, 40, 40, 40, 40, 40, 40, 40, 40, 40, 40, 40, 40, 40, 40, 40, 40, 40, 40, 40, 40, 40, 40, 40, 40, 40, 40, 40, 40, 40, 40]
antennas_map_m:  [1, 1, 1, 1, 1, 1, 1, 1, 1, 1, 1, 1, 1, 1, 1, 1, 1, 1, 1, 1, 1, 1, 1, 1, 1, 1, 1, 1, 1, 1, 1, 1, 1, 1, 1, 1, 1, 1, 1, 1, 1, 1, 1, 1, 1, 1, 1, 1, 1, 1, 1, 1, 1, 1, 1, 1, 1, 1, 1, 1, 1, 1, 1, 1, 1, 1, 1, 1, 1, 1, 1, 1, 1, 1, 1, 1, 1, 1, 1, 1, 1, 1, 1, 1, 1, 1, 1, 1, 1, 1, 1, 1, 1, 1, 1, 1, 1, 1, 1, 1]
FIRST_ANTENNA:  54
MIN_SNR_m:  [31.622776601683793, 31.622776601683793, 31.622776601683793, 31.622776601683793, 31.622776601683793, 31.622776601683793, 31.622776601683793, 31.622776601683793, 31.622776601683793, 31.622776601683793, 31.622776601683793, 31.622776601683793, 31.622776601683793, 31.622776601683793, 31.622776601683793, 31.622776601683793, 31.622776601683793, 31.622776601683793, 31.622776601683793, 31.622776601683793, 31.622776601683793, 31.622776601683793, 31.622776601683793, 31.622776601683793, 31.622776601683793, 31.622776601683793, 31.622776601683793, 31.622776601683793, 31.622776601683793, 31.622776601683793, 31.622776601683793, 31.622776601683793, 31.622776601683793, 31.622776601683793, 31.622776601683793, 31.622776601683793, 31.622776601683793, 31.622776601683793, 31.622776601683793, 31.622776601683793, 31.622776601683793, 31.622776601683793, 31.622776601683793, 31.622776601683793, 31.622776601683793, 31.622776601683793, 31.622776601683793, 31.622776601683793, 31.622776601683793, 31.622776601683793, 31.622776601683793, 31.622776601683793, 31.622776601683793, 31.622776601683793, 31.622776601683793, 31.622776601683793, 31.622776601683793, 31.622776601683793, 31.622776601683793, 31.622776601683793, 31.622776601683793, 31.622776601683793, 31.622776601683793, 31.622776601683793, 31.622776601683793, 31.622776601683793, 31.622776601683793, 31.622776601683793, 31.622776601683793, 31.622776601683793, 31.622776601683793, 31.622776601683793, 31.622776601683793, 31.622776601683793, 31.622776601683793, 31.622776601683793, 31.622776601683793, 31.622776601683793, 31.622776601683793, 31.622776601683793, 31.622776601683793, 31.622776601683793, 31.622776601683793, 31.622776601683793, 31.622776601683793, 31.622776601683793, 31.622776601683793, 31.622776601683793, 31.622776601683793, 31.622776601683793, 31.622776601683793, 31.622776601683793, 31.622776601683793, 31.622776601683793, 31.622776601683793, 31.622776601683793, 31.622776601683793, 31.622776601683793, 31.622776601683793, 31.622776601683793]
-MIN_DIST:  2000
- disaster percentage:  0

Slice  0
The set of antennas serves the scenario in the respective slice.

Slice  1

Run GWO to deployment +1 antenna on the map
	Pack size:  300
	Wolf dimension 1
	Max iter 200
	antennas_regions:  [54]
	users_regions:  [ 0  2  3  5  6 13 14 15 17 18 25 28 42 51 52 54 57 58 61 62 63 68 69 72
 74 76 83 84 86 95 98]
	Seed_base:  36660
initial_alpha:  Wolf 0 (36660). Fitness: 0
	(857.5313287977337, 43.490847129113774, 0). Region: 2
initial_beta:  Wolf 1 (36661). Fitness: 0
	(219.2960156322261, 2063.435346784346, 0). Region: 50
initial_delta:  Wolf 2 (36662). Fitness: 0
	(3030.061942432155, 2776.8902155986593, 0). Region: 67 

iter = 10
Alpha wolf:  Wolf 0 (36660). Fitness: 0
	(2055.8109116001633, 834.9572971054318, 0.0). Region: 25
iter = 20
Alpha wolf:  Wolf 0 (36660). Fitness: 0
	(1438.7141558111239, 1094.5663846304078, 0.0). Region: 23
iter = 30
Alpha wolf:  Wolf 0 (36660). Fitness: 0
	(1353.3992286516989, 475.8907254621822, 0.0). Region: 13
iter = 40
Alpha wolf:  Wolf 0 (36660). Fitness: 0
	(2276.2894840290937, 239.08412735332104, 0.0). Region: 5
iter = 50
Alpha wolf:  Wolf 0 (36660). Fitness: 0
	(785.9029020914588, 293.0209453443663, 0.0). Region: 1
iter = 60
Alpha wolf:  Wolf 0 (36660). Fitness: 0
	(1046.2794012579868, 336.99825746747564, 0.0). Region: 2
iter = 70
Alpha wolf:  Wolf 0 (36660). Fitness: 0
	(2779.8506297178474, 59.1515711233686, 0.0). Region: 6
iter = 80
Alpha wolf:  Wolf 0 (36660). Fitness: 0
	(2475.9299196762445, 161.626047011777, 0.0). Region: 6
iter = 90
Alpha wolf:  Wolf 0 (36660). Fitness: 0
	(1216.6408224191118, 230.39818785627858, 0.0). Region: 3
iter = 100
Alpha wolf:  Wolf 0 (36660). Fitness: 0
	(877.6832120222812, 228.89174638931013, 0.0). Region: 2
iter = 110
Alpha wolf:  Wolf 0 (36660). Fitness: 0
	(814.9779348588199, 397.46227823576584, 0.0). Region: 2
iter = 120
Alpha wolf:  Wolf 0 (36660). Fitness: 0
	(415.7696209880681, 634.8557662745882, 0.0). Region: 11
iter = 130
Alpha wolf:  Wolf 0 (36660). Fitness: 0
	(621.0086745208115, 391.063639135028, 0.0). Region: 1
iter = 140
Alpha wolf:  Wolf 0 (36660). Fitness: 0
	(573.5063491419742, 251.01712864530387, 0.0). Region: 1
iter = 150
Alpha wolf:  Wolf 0 (36660). Fitness: 0
	(453.0125800889799, 227.60392568822368, 0.0). Region: 1
iter = 160
Alpha wolf:  Wolf 0 (36660). Fitness: 0
	(372.5095025951715, 197.94398517081032, 0.0). Region: 0
iter = 170
Alpha wolf:  Wolf 0 (36660). Fitness: 0
	(320.4364778748344, 217.07665024590943, 0.0). Region: 0
iter = 180
Alpha wolf:  Wolf 0 (36660). Fitness: 0
	(364.92794293464976, 224.1406981663778, 0.0). Region: 0
iter = 190
Alpha wolf:  Wolf 0 (36660). Fitness: 0
	(388.7217754873442, 195.77004479563635, 0.0). Region: 0

Run GWO to deployment +2 antenna on the map
	Pack size:  300
	Wolf dimension 2
	Max iter 200
	antennas_regions:  [54]
	users_regions:  [ 0  2  3  5  6 13 14 15 17 18 25 28 42 51 52 54 57 58 61 62 63 68 69 72
 74 76 83 84 86 95 98]
	Seed_base:  29883
initial_alpha:  Wolf 0 (29883). Fitness: 0
	(895.5716505339648, 2668.7808588659127, 0). Region: 62
	(3243.952399459438, 3577.4003144210374, 0). Region: 88
initial_beta:  Wolf 1 (29884). Fitness: 0
	(346.02280760869905, 577.3560592129505, 0). Region: 10
	(2295.7508807462395, 3862.318242211991, 0). Region: 95
initial_delta:  Wolf 2 (29885). Fitness: 0
	(849.5338265466996, 291.8928128694502, 0). Region: 2
	(1616.4011490807302, 2085.6576382373664, 0). Region: 54 

iter = 10
Alpha wolf:  Wolf 0 (29883). Fitness: 0
	(1058.8861240730057, 2613.8520330664114, 0.0). Region: 62
	(3248.2664371486117, 433.23121820353214, 0.0). Region: 18
iter = 20
Alpha wolf:  Wolf 0 (29883). Fitness: 0
	(199.35796273409838, 1572.6823397838666, 0.0). Region: 30
	(1182.3541136337774, 1529.2218327235432, 0.0). Region: 32
iter = 30
Alpha wolf:  Wolf 0 (29883). Fitness: 0
	(330.59480970629335, 899.8290444938586, 0.0). Region: 20
	(683.3289334768126, 531.6988763019905, 0.0). Region: 11
iter = 40
Alpha wolf:  Wolf 0 (29883). Fitness: 0
	(357.7797127408847, 842.7442557167766, 0.0). Region: 20
	(821.5223161624524, 998.7267805955796, 0.0). Region: 22
iter = 50
Alpha wolf:  Wolf 0 (29883). Fitness: 0
	(188.79561103809112, 1768.6756312269893, 0.0). Region: 40
	(170.8414488820212, 495.21479143384346, 0.0). Region: 10
iter = 60
Alpha wolf:  Wolf 0 (29883). Fitness: 0
	(170.6931183098765, 1201.3173303074432, 0.0). Region: 30
	(30.10760371327449, 107.76109171568297, 0.0). Region: 0
iter = 70
Alpha wolf:  Wolf 0 (29883). Fitness: 0
	(147.71849964792287, 672.0846145948196, 0.0). Region: 10
	(48.80528141863826, 116.36068421192016, 0.0). Region: 0
iter = 80
Alpha wolf:  Wolf 0 (29883). Fitness: 0
	(170.86772662520175, 892.3197794945102, 0.0). Region: 20
	(7.250288225044312, 54.515881094300234, 0.0). Region: 0
iter = 90
Alpha wolf:  Wolf 0 (29883). Fitness: 0
	(323.53200156041896, 801.2314777098613, 0.0). Region: 20
	(6.227136896086823, 16.520892592416978, 0.0). Region: 0
iter = 100
Alpha wolf:  Wolf 0 (29883). Fitness: 0
	(329.4019979896421, 389.87784616580905, 0.0). Region: 0
	(6.909385164051256, 16.44448818074237, 0.0). Region: 0
iter = 110
Alpha wolf:  Wolf 0 (29883). Fitness: 0
	(167.17172184111757, 982.1272841146003, 0.0). Region: 20
	(10.201746484949728, 11.206076469855683, 0.0). Region: 0
iter = 120
Alpha wolf:  Wolf 0 (29883). Fitness: 0
	(138.65172913004682, 779.4992924271638, 0.0). Region: 10
	(9.004859584473389, 8.96234196742323, 0.0). Region: 0
iter = 130
Alpha wolf:  Wolf 0 (29883). Fitness: 0
	(176.17965598235563, 417.0279538591322, 0.0). Region: 10
	(8.5495593370064, 5.79670548759632, 0.0). Region: 0
iter = 140
Alpha wolf:  Wolf 0 (29883). Fitness: 0
	(208.03377859437856, 419.4121857623842, 0.0). Region: 10
	(8.378223072849678, 9.874204920374387, 0.0). Region: 0
iter = 150
Alpha wolf:  Wolf 0 (29883). Fitness: 0
	(138.6490486903389, 683.2566333838504, 0.0). Region: 10
	(6.775026981655925, 6.570614892680718, 0.0). Region: 0
iter = 160
Alpha wolf:  Wolf 0 (29883). Fitness: 0
	(112.9795207883695, 484.63651847513347, 0.0). Region: 10
	(8.431481753729665, 6.535641571021682, 0.0). Region: 0
iter = 170
Alpha wolf:  Wolf 0 (29883). Fitness: 0
	(128.36489327348988, 526.5530753605692, 0.0). Region: 10
	(10.447440254308486, 6.891623727751356, 0.0). Region: 0
iter = 180
Alpha wolf:  Wolf 0 (29883). Fitness: 0
	(114.63378363926583, 463.7108418547791, 0.0). Region: 10
	(10.7533647054962, 6.810121154150185, 0.0). Region: 0
iter = 190
Alpha wolf:  Wolf 0 (29883). Fitness: 0
	(120.64727992458248, 432.82246000039487, 0.0). Region: 10
	(9.400909205844211, 6.721087255359319, 0.0). Region: 0

Run GWO to deployment +3 antenna on the map
	Pack size:  300
	Wolf dimension 3
	Max iter 200
	antennas_regions:  [54]
	users_regions:  [ 0  2  3  5  6 13 14 15 17 18 25 28 42 51 52 54 57 58 61 62 63 68 69 72
 74 76 83 84 86 95 98]
	Seed_base:  76949
initial_alpha:  Wolf 0 (76949). Fitness: 0
	(1795.7374799976033, 56.699767985208815, 0). Region: 4
	(3675.0824077374227, 1968.126595847476, 0). Region: 49
	(725.6302193347852, 118.86577502535944, 0). Region: 1
initial_beta:  Wolf 1 (76950). Fitness: 0
	(2145.918973899131, 1984.2988271353686, 0). Region: 45
	(3031.4876683280413, 2898.5858021055487, 0). Region: 77
	(3488.313462469805, 2578.456690033482, 0). Region: 68
initial_delta:  Wolf 2 (76951). Fitness: 0
	(780.4993350848699, 1170.3609804263754, 0). Region: 21
	(3766.162565124228, 1272.6427431356678, 0). Region: 39
	(1360.1250232061716, 3582.8316529741114, 0). Region: 83 

iter = 10
Alpha wolf:  Wolf 0 (76949). Fitness: 0
	(1020.9667443309978, 348.16242418543163, 0.0). Region: 2
	(2901.2894255598226, 245.13370428541492, 0.0). Region: 7
	(1544.1130284183903, 2245.94833943221, 0.0). Region: 53
iter = 20
Alpha wolf:  Wolf 0 (76949). Fitness: 0
	(257.8593845296249, 428.06207104743004, 0.0). Region: 10
	(1399.4721010849144, 172.51568633033688, 0.0). Region: 3
	(705.3881004272307, 3817.9815731962653, 0.0). Region: 91
iter = 30
Alpha wolf:  Wolf 0 (76949). Fitness: 0
	(756.2048522639143, 500.4462241900891, 0.0). Region: 11
	(3019.3438778838627, 6.903573333308576, 0.0). Region: 7
	(847.163681613609, 570.7885284901311, 0.0). Region: 12
iter = 40
Alpha wolf:  Wolf 0 (76949). Fitness: 0
	(496.2499475903637, 120.110799148849, 0.0). Region: 1
	(3177.4261718219777, 16.31723504725212, 0.0). Region: 7
	(952.1230785705693, 293.6535895430251, 0.0). Region: 2
iter = 50
Alpha wolf:  Wolf 0 (76949). Fitness: 0
	(724.4524864238265, 84.42617625238202, 0.0). Region: 1
	(2267.0832990237514, 6.551732814838553, 0.0). Region: 5
	(303.2856175464172, 3.180455575804303, 0.0). Region: 0
iter = 60
Alpha wolf:  Wolf 0 (76949). Fitness: 0
	(569.6793467719718, 42.032127215026435, 0.0). Region: 1
	(3401.2700406516983, 12.76706175379464, 0.0). Region: 8
	(131.9551649060753, 0.3766990201962293, 0.0). Region: 0
iter = 70
Alpha wolf:  Wolf 0 (76949). Fitness: 0
	(589.5266371283841, 26.097484213189105, 0.0). Region: 1
	(2910.8335741715164, 12.871407360486204, 0.0). Region: 7
	(113.40587982017215, 0.45465003988403185, 0.0). Region: 0
iter = 80
Alpha wolf:  Wolf 0 (76949). Fitness: 0
	(718.724292767504, 24.381029363123368, 0.0). Region: 1
	(1480.3997637556859, 8.684507520199169, 0.0). Region: 3
	(75.77159178162577, 0.5261078122194012, 0.0). Region: 0
iter = 90
Alpha wolf:  Wolf 0 (76949). Fitness: 0
	(363.8914744712125, 26.449922747536363, 0.0). Region: 0
	(1192.0543084189217, 3.567277883782966, 0.0). Region: 2
	(46.795477508967686, 0.36977581545033394, 0.0). Region: 0
iter = 100
Alpha wolf:  Wolf 0 (76949). Fitness: 0
	(181.57971635407597, 14.02371964880706, 0.0). Region: 0
	(2254.3188409280037, 2.395628114324767, 0.0). Region: 5
	(54.77043239423489, 0.5760016341532884, 0.0). Region: 0
iter = 110
Alpha wolf:  Wolf 0 (76949). Fitness: 0
	(259.8381018752365, 15.429036598382845, 0.0). Region: 0
	(983.2887362580874, 1.2068831210300908, 0.0). Region: 2
	(43.995568066806285, 0.5666654674246601, 0.0). Region: 0
iter = 120
Alpha wolf:  Wolf 0 (76949). Fitness: 0
	(254.14976279447347, 10.30302123378264, 0.0). Region: 0
	(774.3435408054917, 1.4932490841159087, 0.0). Region: 1
	(58.968542474804735, 0.723502056325249, 0.0). Region: 0
iter = 130
Alpha wolf:  Wolf 0 (76949). Fitness: 0
	(140.33163036358093, 6.445337061144227, 0.0). Region: 0
	(731.7025382772979, 1.4014990468583663, 0.0). Region: 1
	(37.12174429573015, 0.5514692716211065, 0.0). Region: 0
iter = 140
Alpha wolf:  Wolf 0 (76949). Fitness: 0
	(169.56539497969402, 9.896379444263687, 0.0). Region: 0
	(692.4623242876107, 0.8991221797081632, 0.0). Region: 1
	(38.783460924482895, 0.3712827889729923, 0.0). Region: 0
iter = 150
Alpha wolf:  Wolf 0 (76949). Fitness: 0
	(118.05468860201754, 11.69831930508116, 0.0). Region: 0
	(631.1653345185653, 0.7200295432317196, 0.0). Region: 1
	(41.25992543393612, 0.31502174633230595, 0.0). Region: 0
iter = 160
Alpha wolf:  Wolf 0 (76949). Fitness: 0
	(124.73803851209466, 13.887095407163756, 0.0). Region: 0
	(722.2793651865287, 1.1744055406789218, 0.0). Region: 1
	(46.42971039372194, 0.4054840322012553, 0.0). Region: 0
iter = 170
Alpha wolf:  Wolf 0 (76949). Fitness: 0
	(121.66426341815145, 14.832371536882437, 0.0). Region: 0
	(746.1870783071405, 1.4981309326932744, 0.0). Region: 1
	(51.87642834433137, 0.33262006311017617, 0.0). Region: 0
iter = 180
Alpha wolf:  Wolf 0 (76949). Fitness: 0
	(114.60489686362503, 14.91116013169021, 0.0). Region: 0
	(643.1317456379318, 1.841584234009128, 0.0). Region: 1
	(55.17086736021713, 0.39461771873833207, 0.0). Region: 0
iter = 190
Alpha wolf:  Wolf 0 (76949). Fitness: 0
	(116.41766838032996, 14.105084887982677, 0.0). Region: 0
	(678.555870860688, 1.9489924546619743, 0.0). Region: 1
	(52.672376619671844, 0.3839417150636498, 0.0). Region: 0

Run GWO to deployment +4 antenna on the map
	Pack size:  300
	Wolf dimension 4
	Max iter 200
	antennas_regions:  [54]
	users_regions:  [ 0  2  3  5  6 13 14 15 17 18 25 28 42 51 52 54 57 58 61 62 63 68 69 72
 74 76 83 84 86 95 98]
	Seed_base:  4499
initial_alpha:  Wolf 0 (4499). Fitness: 0
	(3601.545505054471, 3510.432755455967, 0). Region: 89
	(2772.6185033563675, 3917.295791097429, 0). Region: 96
	(3126.640475975864, 395.4396191239566, 0). Region: 7
	(2215.5646033844714, 1471.2688113529352, 0). Region: 35
initial_beta:  Wolf 1 (4500). Fitness: 0
	(2079.686358444225, 3576.5372493699583, 0). Region: 85
	(1374.381965703503, 262.54175598314777, 0). Region: 3
	(2602.831404128942, 1242.056854989972, 0). Region: 36
	(2856.0652856491733, 3008.154708545801, 0). Region: 77
initial_delta:  Wolf 2 (4501). Fitness: 0
	(3356.02872513088, 3440.2275723720527, 0). Region: 88
	(3509.807846750122, 3242.230182577753, 0). Region: 88
	(2544.971530720805, 3194.2433293763747, 0). Region: 76
	(1676.289180807068, 2072.161944062431, 0). Region: 54 

iter = 10
Alpha wolf:  Wolf 0 (4499). Fitness: 0
	(3163.2123264490206, 2965.564164033726, 0.0). Region: 77
	(76.4522736956837, 2630.7836520318924, 0.0). Region: 60
	(2211.918101815493, 368.67669604598143, 0.0). Region: 5
	(647.5957939535497, 498.5534615158314, 0.0). Region: 11
iter = 20
Alpha wolf:  Wolf 0 (4499). Fitness: 0
	(348.31232793081705, 2099.100234456465, 0.0). Region: 50
	(252.85012048849643, 1633.766699831542, 0.0). Region: 40
	(3975.9651556951767, 210.89292984072736, 0.0). Region: 9
	(477.63451510948187, 672.5349004013649, 0.0). Region: 11
iter = 30
Alpha wolf:  Wolf 0 (4499). Fitness: 0
	(477.41211478763864, 1840.5832605056203, 0.0). Region: 41
	(184.304149976457, 770.3270017830615, 0.0). Region: 10
	(1323.1983855858248, 159.27012214428404, 0.0). Region: 3
	(180.0179423925639, 1513.3638106319668, 0.0). Region: 30
iter = 40
Alpha wolf:  Wolf 0 (4499). Fitness: 0
	(99.17063292953863, 420.6349933564341, 0.0). Region: 10
	(60.411387316901155, 313.7990179382706, 0.0). Region: 0
	(1531.8029401566282, 256.0880001884432, 0.0). Region: 3
	(245.3409935050195, 776.2508204877192, 0.0). Region: 10
iter = 50
Alpha wolf:  Wolf 0 (4499). Fitness: 0
	(373.27092862128757, 158.0030777666795, 0.0). Region: 0
	(2.8128174309843055, 265.2965321617937, 0.0). Region: 0
	(1973.0591694783038, 672.2779340668088, 0.0). Region: 14
	(128.579215637804, 345.0431137102926, 0.0). Region: 0
iter = 60
Alpha wolf:  Wolf 0 (4499). Fitness: 0
	(254.67625895638122, 141.9886144461703, 0.0). Region: 0
	(3.6534082537455093, 174.00829812874633, 0.0). Region: 0
	(650.4837922291031, 1380.5762106328643, 0.0). Region: 31
	(127.3621807713769, 481.8959981353088, 0.0). Region: 10
iter = 70
Alpha wolf:  Wolf 0 (4499). Fitness: 0
	(105.24794562343209, 90.70583525303167, 0.0). Region: 0
	(31.598577062234618, 328.3168130573374, 0.0). Region: 0
	(399.95267012740555, 1821.1076495360999, 0.0). Region: 40
	(96.14013803479685, 514.4508788935068, 0.0). Region: 10
iter = 80
Alpha wolf:  Wolf 0 (4499). Fitness: 0
	(109.6793706158954, 87.90001059977818, 0.0). Region: 0
	(13.597329266163307, 61.60827154656176, 0.0). Region: 0
	(432.8568212696142, 2108.965916418839, 0.0). Region: 51
	(90.80966950461375, 177.05293847425406, 0.0). Region: 0
iter = 90
Alpha wolf:  Wolf 0 (4499). Fitness: 0
	(109.08591353627669, 87.31463850463425, 0.0). Region: 0
	(6.423999588248781, 78.56809482647223, 0.0). Region: 0
	(310.28747834792676, 1345.9533319263148, 0.0). Region: 30
	(108.38579936702459, 117.4087072486118, 0.0). Region: 0
iter = 100
Alpha wolf:  Wolf 0 (4499). Fitness: 0
	(134.13629372057073, 131.1727142401419, 0.0). Region: 0
	(4.264175454756423, 91.24321490689876, 0.0). Region: 0
	(434.93751378985917, 1308.3570137422184, 0.0). Region: 31
	(70.4175571450819, 216.63144975583856, 0.0). Region: 0
iter = 110
Alpha wolf:  Wolf 0 (4499). Fitness: 0
	(172.19291571207933, 89.01602286503635, 0.0). Region: 0
	(2.4023006586292452, 67.51372515776256, 0.0). Region: 0
	(607.3144475280193, 1823.210271511094, 0.0). Region: 41
	(32.83187224117029, 172.19051237341114, 0.0). Region: 0
iter = 120
Alpha wolf:  Wolf 0 (4499). Fitness: 0
	(215.44723828802012, 109.5545374819103, 0.0). Region: 0
	(3.6068762422898524, 73.22884050940333, 0.0). Region: 0
	(436.08035995016036, 1164.598708858767, 0.0). Region: 21
	(45.42077730686874, 142.87691318525697, 0.0). Region: 0
iter = 130
Alpha wolf:  Wolf 0 (4499). Fitness: 0
	(266.3194550721347, 166.75185612554202, 0.0). Region: 0
	(3.1395704380058, 51.569896261490726, 0.0). Region: 0
	(730.5097796737633, 900.9621047772913, 0.0). Region: 21
	(45.01370889677766, 134.69929792224585, 0.0). Region: 0
iter = 140
Alpha wolf:  Wolf 0 (4499). Fitness: 0
	(249.9860368669015, 150.03643836985054, 0.0). Region: 0
	(2.023730659786374, 73.1305128869155, 0.0). Region: 0
	(891.8207268029455, 1144.398400409373, 0.0). Region: 22
	(69.60002266714008, 109.45904560612533, 0.0). Region: 0
iter = 150
Alpha wolf:  Wolf 0 (4499). Fitness: 0
	(200.25898140787416, 104.25789407163214, 0.0). Region: 0
	(1.8580980259275848, 83.67607074637853, 0.0). Region: 0
	(786.9199001111119, 1016.0167941541796, 0.0). Region: 21
	(60.01703120450101, 80.12915543978806, 0.0). Region: 0
iter = 160
Alpha wolf:  Wolf 0 (4499). Fitness: 0
	(147.24516779325154, 96.24794352575266, 0.0). Region: 0
	(1.8939156787801883, 109.77571392013422, 0.0). Region: 0
	(807.6140067134797, 1233.0777938111846, 0.0). Region: 32
	(73.17360693191041, 55.952230607210204, 0.0). Region: 0
iter = 170
Alpha wolf:  Wolf 0 (4499). Fitness: 0
	(160.28769808412665, 65.9334552057015, 0.0). Region: 0
	(2.1736093761372888, 92.2664215117967, 0.0). Region: 0
	(716.5239160246106, 1272.9020811620926, 0.0). Region: 31
	(76.98603221800364, 61.70254576749469, 0.0). Region: 0
iter = 180
Alpha wolf:  Wolf 0 (4499). Fitness: 0
	(149.53133148400855, 69.27305637645594, 0.0). Region: 0
	(2.349989627403819, 97.19173564243916, 0.0). Region: 0
	(867.4225408443273, 1167.8920451535591, 0.0). Region: 22
	(73.86606083558004, 64.9381092729275, 0.0). Region: 0
iter = 190
Alpha wolf:  Wolf 0 (4499). Fitness: 0
	(152.85837723700442, 65.53307301360218, 0.0). Region: 0
	(2.4362485743096514, 95.59026730947092, 0.0). Region: 0
	(825.4707597346184, 1157.9460275197057, 0.0). Region: 22
	(76.20629004657013, 60.1587989475683, 0.0). Region: 0

Run GWO to deployment +5 antenna on the map
	Pack size:  300
	Wolf dimension 5
	Max iter 200
	antennas_regions:  [54]
	users_regions:  [ 0  2  3  5  6 13 14 15 17 18 25 28 42 51 52 54 57 58 61 62 63 68 69 72
 74 76 83 84 86 95 98]
	Seed_base:  49969
initial_alpha:  Wolf 0 (49969). Fitness: 0
	(3205.5108420700117, 2130.075668697676, 0). Region: 58
	(185.35927865452751, 1210.720800348692, 0). Region: 30
	(1346.2453597996432, 121.28737881994489, 0). Region: 3
	(2126.143478375518, 2681.5520109209806, 0). Region: 65
	(3780.2607205858626, 3598.065125396794, 0). Region: 89
initial_beta:  Wolf 1 (49970). Fitness: 0
	(1614.3128242439705, 3866.7603980620615, 0). Region: 94
	(3417.7931032053734, 728.592478101532, 0). Region: 18
	(994.6088783179885, 1526.9507709420811, 0). Region: 32
	(3278.5953159879227, 281.2946502501812, 0). Region: 8
	(67.01738311349281, 3095.309234176822, 0). Region: 70
initial_delta:  Wolf 2 (49971). Fitness: 0
	(2397.54224253308, 2001.56274089106, 0). Region: 55
	(2302.5219522623906, 3934.068723258562, 0). Region: 95
	(1586.65693859065, 757.3310343479238, 0). Region: 13
	(3687.5840454560407, 2983.165125918818, 0). Region: 79
	(2496.0032956121518, 3817.2556106194925, 0). Region: 96 

iter = 10
Alpha wolf:  Wolf 0 (49969). Fitness: 0
	(1463.5532564789578, 272.1950513492312, 0.0). Region: 3
	(3043.389926445194, 141.2006540452026, 0.0). Region: 7
	(1541.1253006956624, 231.43040492819082, 0.0). Region: 3
	(1714.7064000510773, 1618.7961503493661, 0.0). Region: 44
	(620.9927078763942, 1374.3931985382487, 0.0). Region: 31
iter = 20
Alpha wolf:  Wolf 0 (49969). Fitness: 0
	(1772.0279082044503, 124.68861764981753, 0.0). Region: 4
	(1122.5807829244372, 30.525383632870493, 0.0). Region: 2
	(1273.6417772381772, 540.2139371916968, 0.0). Region: 13
	(2004.8037896746002, 1207.455822326102, 0.0). Region: 35
	(980.1451019093736, 60.29467846581065, 0.0). Region: 2
iter = 30
Alpha wolf:  Wolf 0 (49969). Fitness: 0
	(1730.664509795225, 202.61955006898916, 0.0). Region: 4
	(462.9436350832785, 18.51415924824823, 0.0). Region: 1
	(429.5413574213385, 426.183541277307, 0.0). Region: 11
	(331.969147658703, 1028.444934539769, 0.0). Region: 20
	(1100.7595070776663, 99.6288984298028, 0.0). Region: 2
iter = 40
Alpha wolf:  Wolf 0 (49969). Fitness: 0
	(998.1157820758656, 87.01842296226654, 0.0). Region: 2
	(457.7862713988883, 71.64349694302607, 0.0). Region: 1
	(484.2452501907694, 410.06026893897626, 0.0). Region: 11
	(1556.6136063549714, 837.5368181674005, 0.0). Region: 23
	(1285.3303860161707, 226.98909051770698, 0.0). Region: 3
iter = 50
Alpha wolf:  Wolf 0 (49969). Fitness: 0
	(251.69310123233893, 54.62536562890026, 0.0). Region: 0
	(133.39666552669087, 57.02240299375656, 0.0). Region: 0
	(198.1817028108617, 88.66596723268738, 0.0). Region: 0
	(461.6521392140327, 941.8727833765554, 0.0). Region: 21
	(2896.5305942447435, 49.14959939893046, 0.0). Region: 7
iter = 60
Alpha wolf:  Wolf 0 (49969). Fitness: 0
	(325.61194619361663, 14.115330120435967, 0.0). Region: 0
	(169.91824837814582, 19.99914777465002, 0.0). Region: 0
	(77.18984996799696, 539.715641147354, 0.0). Region: 10
	(700.0908207633071, 1995.8495293572698, 0.0). Region: 41
	(2282.276599011016, 98.72878128314937, 0.0). Region: 5
iter = 70
Alpha wolf:  Wolf 0 (49969). Fitness: 0
	(284.6360794194884, 3.9103644662479096, 0.0). Region: 0
	(66.94554113338914, 18.471053426304238, 0.0). Region: 0
	(11.816269830477182, 850.8696890170592, 0.0). Region: 20
	(1075.031113295216, 892.1339847690557, 0.0). Region: 22
	(726.289331308624, 47.00198599281001, 0.0). Region: 1
iter = 80
Alpha wolf:  Wolf 0 (49969). Fitness: 0
	(368.5663136025389, 4.591612165973574, 0.0). Region: 0
	(23.774887789998843, 15.188600424733071, 0.0). Region: 0
	(8.438306493060177, 173.49272437155315, 0.0). Region: 0
	(108.56855492141626, 1043.36643867676, 0.0). Region: 20
	(1300.2299834000507, 37.33767559077331, 0.0). Region: 3
iter = 90
Alpha wolf:  Wolf 0 (49969). Fitness: 0
	(124.36896186347329, 2.199226924169545, 0.0). Region: 0
	(17.78943994761295, 28.555636195651818, 0.0). Region: 0
	(36.89879273062045, 264.96703683476017, 0.0). Region: 0
	(103.60701304357946, 505.0132119512997, 0.0). Region: 10
	(667.8418355813634, 47.79068033751746, 0.0). Region: 1
iter = 100
Alpha wolf:  Wolf 0 (49969). Fitness: 0
	(167.72275257201238, 3.7366950356114437, 0.0). Region: 0
	(15.657652729011874, 22.719867869761988, 0.0). Region: 0
	(19.070621248879768, 329.4143523048185, 0.0). Region: 0
	(145.99293968792009, 843.7762508595895, 0.0). Region: 20
	(1358.1941320887577, 49.223120078606215, 0.0). Region: 3
iter = 110
Alpha wolf:  Wolf 0 (49969). Fitness: 0
	(192.6689504129522, 2.355098036803131, 0.0). Region: 0
	(9.23622069862955, 26.7446042848965, 0.0). Region: 0
	(11.79975941790918, 272.1334602376356, 0.0). Region: 0
	(84.4648864367623, 1331.1802055082999, 0.0). Region: 30
	(2064.862921648161, 56.65651796959389, 0.0). Region: 5
iter = 120
Alpha wolf:  Wolf 0 (49969). Fitness: 0
	(120.37483826141877, 1.6640447091260708, 0.0). Region: 0
	(11.81424280074866, 15.294926891326927, 0.0). Region: 0
	(8.434595688334856, 328.5008718121329, 0.0). Region: 0
	(59.256488994156044, 1045.9457044626492, 0.0). Region: 20
	(2411.7129450650373, 55.37719337603469, 0.0). Region: 6
iter = 130
Alpha wolf:  Wolf 0 (49969). Fitness: 0
	(121.35086325848354, 0.8974831001264543, 0.0). Region: 0
	(11.315437706652986, 15.100757909420125, 0.0). Region: 0
	(7.59473285775864, 226.18891759497265, 0.0). Region: 0
	(34.60718244655069, 1558.7387174539956, 0.0). Region: 30
	(2946.29772792055, 42.9058862077244, 0.0). Region: 7
iter = 140
Alpha wolf:  Wolf 0 (49969). Fitness: 0
	(173.0974219057033, 0.5338705826522261, 0.0). Region: 0
	(9.41609622854342, 16.04627058897783, 0.0). Region: 0
	(4.648881783902251, 127.83366321656054, 0.0). Region: 0
	(41.58528162067354, 1464.9677312145068, 0.0). Region: 30
	(1788.108066334654, 33.401554341725856, 0.0). Region: 4
iter = 150
Alpha wolf:  Wolf 0 (49969). Fitness: 0
	(158.02163724467175, 0.5700165302348483, 0.0). Region: 0
	(7.6356566824647185, 14.556538013788686, 0.0). Region: 0
	(5.61296731919944, 153.875153407014, 0.0). Region: 0
	(38.06797220477188, 1190.7012298398633, 0.0). Region: 20
	(2007.168941647754, 30.477508006015785, 0.0). Region: 5
iter = 160
Alpha wolf:  Wolf 0 (49969). Fitness: 0
	(108.30091055416479, 0.6814825948549115, 0.0). Region: 0
	(6.780563142329074, 13.628229700661887, 0.0). Region: 0
	(6.408871885343187, 167.7561072193985, 0.0). Region: 0
	(35.783440014585956, 2102.768111911703, 0.0). Region: 50
	(1742.6198412337062, 35.81741630747827, 0.0). Region: 4
iter = 170
Alpha wolf:  Wolf 0 (49969). Fitness: 0
	(123.41160476273986, 0.6686159885358928, 0.0). Region: 0
	(6.077689595291817, 12.081196992668566, 0.0). Region: 0
	(3.738354690398133, 169.36689259637348, 0.0). Region: 0
	(47.025030859093505, 1920.1315630735244, 0.0). Region: 40
	(2086.7326549120535, 34.717375291682714, 0.0). Region: 5
iter = 180
Alpha wolf:  Wolf 0 (49969). Fitness: 0
	(112.07158449035991, 0.6966323641773179, 0.0). Region: 0
	(6.211178992392222, 11.870206026582512, 0.0). Region: 0
	(4.220400556164191, 163.29445141917833, 0.0). Region: 0
	(40.876560941010304, 2128.981078623016, 0.0). Region: 50
	(1673.213645864382, 38.37783660788631, 0.0). Region: 4
iter = 190
Alpha wolf:  Wolf 0 (49969). Fitness: 0
	(118.35837632988492, 0.639958199322882, 0.0). Region: 0
	(6.200730898248699, 11.271677751242155, 0.0). Region: 0
	(4.669383777815856, 169.33955179039543, 0.0). Region: 0
	(40.98222836327125, 1996.1352566400692, 0.0). Region: 40
	(1675.8748468711603, 37.96367307299644, 0.0). Region: 4

Run GWO to deployment +6 antenna on the map
	Pack size:  300
	Wolf dimension 6
	Max iter 200
	antennas_regions:  [54]
	users_regions:  [ 0  2  3  5  6 13 14 15 17 18 25 28 42 51 52 54 57 58 61 62 63 68 69 72
 74 76 83 84 86 95 98]
	Seed_base:  1222
initial_alpha:  Wolf 192 (1414). Fitness: 0.85
	(3376.036141485534, 2681.4976097866524, 0). Region: 68
	(374.4110306891852, 334.00517289830225, 0). Region: 0
	(2984.007323904699, 929.1328324541483, 0). Region: 27
	(3017.302330417508, 3596.786003205328, 0). Region: 87
	(1392.179592788886, 255.70469347518366, 0). Region: 3
	(1476.9134224409215, 3194.6535742263395, 0). Region: 73
initial_beta:  Wolf 182 (1404). Fitness: 0.83
	(3120.558891337287, 621.5969352611239, 0). Region: 17
	(1073.9798089417864, 2472.3960213355313, 0). Region: 62
	(3468.856726397034, 3134.2019508275853, 0). Region: 78
	(728.3969349516477, 239.71038303166557, 0). Region: 1
	(2929.940162497458, 3506.485834219605, 0). Region: 87
	(409.7553224238846, 1180.5283213253967, 0). Region: 21
initial_delta:  Wolf 0 (1222). Fitness: 0
	(2276.3376680289703, 1639.9247841396582, 0). Region: 45
	(2335.580429986258, 47.602096642108016, 0). Region: 5
	(3068.074690631518, 1962.2682499564457, 0). Region: 47
	(1138.2240514034331, 950.1069602581431, 0). Region: 22
	(1549.9190759354162, 3685.86135482627, 0). Region: 93
	(3590.6958316336527, 3017.133550377419, 0). Region: 78 

iter = 10
Alpha wolf:  Wolf 192 (1414). Fitness: 0.85
	(3376.036141485534, 2681.4976097866524, 0). Region: 68
	(374.4110306891852, 334.00517289830225, 0). Region: 0
	(2984.007323904699, 929.1328324541483, 0). Region: 27
	(3017.302330417508, 3596.786003205328, 0). Region: 87
	(1392.179592788886, 255.70469347518366, 0). Region: 3
	(1476.9134224409215, 3194.6535742263395, 0). Region: 73
iter = 20
Alpha wolf:  Wolf 192 (1414). Fitness: 0.85
	(3376.036141485534, 2681.4976097866524, 0). Region: 68
	(374.4110306891852, 334.00517289830225, 0). Region: 0
	(2984.007323904699, 929.1328324541483, 0). Region: 27
	(3017.302330417508, 3596.786003205328, 0). Region: 87
	(1392.179592788886, 255.70469347518366, 0). Region: 3
	(1476.9134224409215, 3194.6535742263395, 0). Region: 73
The alpha wolf has been updated to a position with higher fitness. iter = 27
New alpha wolf:  Wolf 69 (1291). Fitness: 0.87
	(3079.2750692985887, 547.7607533478157, 0.0). Region: 17
	(1559.348942503387, 296.9004098941642, 0.0). Region: 3
	(3697.3636348704313, 3648.925379890365, 0.0). Region: 99
	(295.29989626270014, 1517.8772220721569, 0.0). Region: 30
	(3800.012699707204, 2443.2270915007894, 0.0). Region: 69
	(1225.9972640123776, 3057.6839152437574, 0.0). Region: 73
iter = 30
Alpha wolf:  Wolf 69 (1291). Fitness: 0.87
	(3079.2750692985887, 547.7607533478157, 0.0). Region: 17
	(1559.348942503387, 296.9004098941642, 0.0). Region: 3
	(3697.3636348704313, 3648.925379890365, 0.0). Region: 99
	(295.29989626270014, 1517.8772220721569, 0.0). Region: 30
	(3800.012699707204, 2443.2270915007894, 0.0). Region: 69
	(1225.9972640123776, 3057.6839152437574, 0.0). Region: 73
The alpha wolf has been updated to a position with higher fitness. iter = 35
New alpha wolf:  Wolf 111 (1333). Fitness: 0.89
	(3617.669333838606, 633.1785781949433, 0.0). Region: 19
	(1065.9494248222495, 1193.1952026409344, 0.0). Region: 22
	(3404.744993893679, 2031.0790574652403, 0.0). Region: 58
	(2548.8256538302903, 935.4628053763593, 0.0). Region: 26
	(3179.8811477841505, 3590.4461438635685, 0.0). Region: 87
	(890.4827142352178, 2537.825920935663, 0.0). Region: 62
iter = 40
Alpha wolf:  Wolf 111 (1333). Fitness: 0.89
	(3617.669333838606, 633.1785781949433, 0.0). Region: 19
	(1065.9494248222495, 1193.1952026409344, 0.0). Region: 22
	(3404.744993893679, 2031.0790574652403, 0.0). Region: 58
	(2548.8256538302903, 935.4628053763593, 0.0). Region: 26
	(3179.8811477841505, 3590.4461438635685, 0.0). Region: 87
	(890.4827142352178, 2537.825920935663, 0.0). Region: 62
The alpha wolf has been updated to a position with higher fitness. iter = 41
New alpha wolf:  Wolf 203 (1425). Fitness: 0.94
	(3378.2054459318247, 205.97442847870235, 0.0). Region: 8
	(1505.2155023032567, 597.3973907279467, 0.0). Region: 13
	(2460.3973391423633, 3247.913195415066, 0.0). Region: 86
	(2719.8169218796547, 1146.9117410166104, 0.0). Region: 26
	(3382.485751196934, 3033.2710256970336, 0.0). Region: 78
	(879.1978627115, 2990.6445487618084, 0.0). Region: 72
iter = 50
Alpha wolf:  Wolf 203 (1425). Fitness: 0.94
	(3378.2054459318247, 205.97442847870235, 0.0). Region: 8
	(1505.2155023032567, 597.3973907279467, 0.0). Region: 13
	(2460.3973391423633, 3247.913195415066, 0.0). Region: 86
	(2719.8169218796547, 1146.9117410166104, 0.0). Region: 26
	(3382.485751196934, 3033.2710256970336, 0.0). Region: 78
	(879.1978627115, 2990.6445487618084, 0.0). Region: 72
iter = 60
Alpha wolf:  Wolf 203 (1425). Fitness: 0.94
	(3378.2054459318247, 205.97442847870235, 0.0). Region: 8
	(1505.2155023032567, 597.3973907279467, 0.0). Region: 13
	(2460.3973391423633, 3247.913195415066, 0.0). Region: 86
	(2719.8169218796547, 1146.9117410166104, 0.0). Region: 26
	(3382.485751196934, 3033.2710256970336, 0.0). Region: 78
	(879.1978627115, 2990.6445487618084, 0.0). Region: 72
iter = 70
Alpha wolf:  Wolf 203 (1425). Fitness: 0.94
	(3378.2054459318247, 205.97442847870235, 0.0). Region: 8
	(1505.2155023032567, 597.3973907279467, 0.0). Region: 13
	(2460.3973391423633, 3247.913195415066, 0.0). Region: 86
	(2719.8169218796547, 1146.9117410166104, 0.0). Region: 26
	(3382.485751196934, 3033.2710256970336, 0.0). Region: 78
	(879.1978627115, 2990.6445487618084, 0.0). Region: 72
The alpha wolf has been updated to a position with higher fitness. iter = 78
New alpha wolf:  Wolf 23 (1245). Fitness: 0.95
	(2529.1679986777217, 1068.5859651549983, 0.0). Region: 26
	(1206.2952889101016, 747.3657935041671, 0.0). Region: 13
	(3459.2633961871143, 3052.9770202897635, 0.0). Region: 78
	(3642.3333131625823, 609.0695211643067, 0.0). Region: 19
	(2505.2982105551573, 3216.3994191571987, 0.0). Region: 86
	(875.3999591537654, 2986.349749692194, 0.0). Region: 72
iter = 80
Alpha wolf:  Wolf 23 (1245). Fitness: 0.95
	(2529.1679986777217, 1068.5859651549983, 0.0). Region: 26
	(1206.2952889101016, 747.3657935041671, 0.0). Region: 13
	(3459.2633961871143, 3052.9770202897635, 0.0). Region: 78
	(3642.3333131625823, 609.0695211643067, 0.0). Region: 19
	(2505.2982105551573, 3216.3994191571987, 0.0). Region: 86
	(875.3999591537654, 2986.349749692194, 0.0). Region: 72
The alpha wolf has been updated to a position with higher fitness. iter = 89
New alpha wolf:  Wolf 104 (1326). Fitness: 0.96
	(2591.4439810143217, 959.353117725432, 0.0). Region: 26
	(1259.1230711640278, 445.8482950420563, 0.0). Region: 13
	(2449.209194015976, 3656.977019999951, 0.0). Region: 96
	(3999.0391052847763, 755.4090874173723, 0.0). Region: 19
	(3208.334367974353, 3107.079935598239, 0.0). Region: 78
	(805.1946564914651, 3105.5030063209842, 0.0). Region: 72
iter = 90
Alpha wolf:  Wolf 104 (1326). Fitness: 0.96
	(2591.4439810143217, 959.353117725432, 0.0). Region: 26
	(1259.1230711640278, 445.8482950420563, 0.0). Region: 13
	(2449.209194015976, 3656.977019999951, 0.0). Region: 96
	(3999.0391052847763, 755.4090874173723, 0.0). Region: 19
	(3208.334367974353, 3107.079935598239, 0.0). Region: 78
	(805.1946564914651, 3105.5030063209842, 0.0). Region: 72
iter = 100
Alpha wolf:  Wolf 104 (1326). Fitness: 0.96
	(2591.4439810143217, 959.353117725432, 0.0). Region: 26
	(1259.1230711640278, 445.8482950420563, 0.0). Region: 13
	(2449.209194015976, 3656.977019999951, 0.0). Region: 96
	(3999.0391052847763, 755.4090874173723, 0.0). Region: 19
	(3208.334367974353, 3107.079935598239, 0.0). Region: 78
	(805.1946564914651, 3105.5030063209842, 0.0). Region: 72
iter = 110
Alpha wolf:  Wolf 104 (1326). Fitness: 0.96
	(2591.4439810143217, 959.353117725432, 0.0). Region: 26
	(1259.1230711640278, 445.8482950420563, 0.0). Region: 13
	(2449.209194015976, 3656.977019999951, 0.0). Region: 96
	(3999.0391052847763, 755.4090874173723, 0.0). Region: 19
	(3208.334367974353, 3107.079935598239, 0.0). Region: 78
	(805.1946564914651, 3105.5030063209842, 0.0). Region: 72
iter = 120
Alpha wolf:  Wolf 104 (1326). Fitness: 0.96
	(2591.4439810143217, 959.353117725432, 0.0). Region: 26
	(1259.1230711640278, 445.8482950420563, 0.0). Region: 13
	(2449.209194015976, 3656.977019999951, 0.0). Region: 96
	(3999.0391052847763, 755.4090874173723, 0.0). Region: 19
	(3208.334367974353, 3107.079935598239, 0.0). Region: 78
	(805.1946564914651, 3105.5030063209842, 0.0). Region: 72
iter = 130
Alpha wolf:  Wolf 104 (1326). Fitness: 0.96
	(2591.4439810143217, 959.353117725432, 0.0). Region: 26
	(1259.1230711640278, 445.8482950420563, 0.0). Region: 13
	(2449.209194015976, 3656.977019999951, 0.0). Region: 96
	(3999.0391052847763, 755.4090874173723, 0.0). Region: 19
	(3208.334367974353, 3107.079935598239, 0.0). Region: 78
	(805.1946564914651, 3105.5030063209842, 0.0). Region: 72
iter = 140
Alpha wolf:  Wolf 104 (1326). Fitness: 0.96
	(2591.4439810143217, 959.353117725432, 0.0). Region: 26
	(1259.1230711640278, 445.8482950420563, 0.0). Region: 13
	(2449.209194015976, 3656.977019999951, 0.0). Region: 96
	(3999.0391052847763, 755.4090874173723, 0.0). Region: 19
	(3208.334367974353, 3107.079935598239, 0.0). Region: 78
	(805.1946564914651, 3105.5030063209842, 0.0). Region: 72
iter = 150
Alpha wolf:  Wolf 104 (1326). Fitness: 0.96
	(2591.4439810143217, 959.353117725432, 0.0). Region: 26
	(1259.1230711640278, 445.8482950420563, 0.0). Region: 13
	(2449.209194015976, 3656.977019999951, 0.0). Region: 96
	(3999.0391052847763, 755.4090874173723, 0.0). Region: 19
	(3208.334367974353, 3107.079935598239, 0.0). Region: 78
	(805.1946564914651, 3105.5030063209842, 0.0). Region: 72
iter = 160
Alpha wolf:  Wolf 104 (1326). Fitness: 0.96
	(2591.4439810143217, 959.353117725432, 0.0). Region: 26
	(1259.1230711640278, 445.8482950420563, 0.0). Region: 13
	(2449.209194015976, 3656.977019999951, 0.0). Region: 96
	(3999.0391052847763, 755.4090874173723, 0.0). Region: 19
	(3208.334367974353, 3107.079935598239, 0.0). Region: 78
	(805.1946564914651, 3105.5030063209842, 0.0). Region: 72
iter = 170
Alpha wolf:  Wolf 104 (1326). Fitness: 0.96
	(2591.4439810143217, 959.353117725432, 0.0). Region: 26
	(1259.1230711640278, 445.8482950420563, 0.0). Region: 13
	(2449.209194015976, 3656.977019999951, 0.0). Region: 96
	(3999.0391052847763, 755.4090874173723, 0.0). Region: 19
	(3208.334367974353, 3107.079935598239, 0.0). Region: 78
	(805.1946564914651, 3105.5030063209842, 0.0). Region: 72
iter = 180
Alpha wolf:  Wolf 104 (1326). Fitness: 0.96
	(2591.4439810143217, 959.353117725432, 0.0). Region: 26
	(1259.1230711640278, 445.8482950420563, 0.0). Region: 13
	(2449.209194015976, 3656.977019999951, 0.0). Region: 96
	(3999.0391052847763, 755.4090874173723, 0.0). Region: 19
	(3208.334367974353, 3107.079935598239, 0.0). Region: 78
	(805.1946564914651, 3105.5030063209842, 0.0). Region: 72
iter = 190
Alpha wolf:  Wolf 104 (1326). Fitness: 0.96
	(2591.4439810143217, 959.353117725432, 0.0). Region: 26
	(1259.1230711640278, 445.8482950420563, 0.0). Region: 13
	(2449.209194015976, 3656.977019999951, 0.0). Region: 96
	(3999.0391052847763, 755.4090874173723, 0.0). Region: 19
	(3208.334367974353, 3107.079935598239, 0.0). Region: 78
	(805.1946564914651, 3105.5030063209842, 0.0). Region: 72

- Finishing GWO - 

Best solution:  Wolf 104 (1326). Fitness: 0.96
	(2591.4439810143217, 959.353117725432, 0.0). Region: 26
	(1259.1230711640278, 445.8482950420563, 0.0). Region: 13
	(2449.209194015976, 3656.977019999951, 0.0). Region: 96
	(3999.0391052847763, 755.4090874173723, 0.0). Region: 19
	(3208.334367974353, 3107.079935598239, 0.0). Region: 78
	(805.1946564914651, 3105.5030063209842, 0.0). Region: 72
Antennas in slice 1:  [13 19 26 54 72 78 96]

Slice  2

Run GWO to deployment +1 antenna on the map
	Pack size:  300
	Wolf dimension 1
	Max iter 200
	antennas_regions:  [13 19 26 54 72 78 96]
	users_regions:  [ 0  2  3 10 11 12 13 14 15 16 24 26 27 28 30 31 33 34 35 36 40 42 45 48
 49 50 51 52 53 54 57 59 60 61 62 63 64 66 69 71 72 77 78 79 81 82 84 86
 87 92 93 98 99]
	Seed_base:  57397
initial_alpha:  Wolf 6 (57403). Fitness: 1.0
	(788.3176090202286, 1378.5468421996989, 0). Region: 31
initial_beta:  Wolf 10 (57407). Fitness: 1.0
	(384.0053694318346, 1946.504607973029, 0). Region: 40
initial_delta:  Wolf 26 (57423). Fitness: 1.0
	(343.3623779099446, 1987.2085150004511, 0). Region: 40 

iter = 10
Alpha wolf:  Wolf 6 (57403). Fitness: 1.0
	(3.5894922865760064, 1686.259005242709, 0.0). Region: 40
iter = 20
Alpha wolf:  Wolf 6 (57403). Fitness: 1.0
	(108.3995681326954, 1682.0032332315434, 0.0). Region: 40
iter = 30
Alpha wolf:  Wolf 6 (57403). Fitness: 1.0
	(83.4962190287271, 1640.8143930239057, 0.0). Region: 40
iter = 40
Alpha wolf:  Wolf 6 (57403). Fitness: 1.0
	(60.12386219000564, 1612.4200138074825, 0.0). Region: 40
iter = 50
Alpha wolf:  Wolf 6 (57403). Fitness: 1.0
	(31.531563452075464, 1594.7968169652015, 0.0). Region: 30
iter = 60
Alpha wolf:  Wolf 6 (57403). Fitness: 1.0
	(13.288839183658776, 1496.4606343443365, 0.0). Region: 30
iter = 70
Alpha wolf:  Wolf 6 (57403). Fitness: 1.0
	(20.27878959613186, 1420.8548810056113, 0.0). Region: 30
iter = 80
Alpha wolf:  Wolf 6 (57403). Fitness: 1.0
	(21.510925106111536, 1755.0541626893391, 0.0). Region: 40
iter = 90
Alpha wolf:  Wolf 6 (57403). Fitness: 1.0
	(11.083772872689309, 1602.2374438929496, 0.0). Region: 40
iter = 100
Alpha wolf:  Wolf 6 (57403). Fitness: 1.0
	(13.418609349918437, 1313.6639017932023, 0.0). Region: 30
iter = 110
Alpha wolf:  Wolf 6 (57403). Fitness: 1.0
	(10.097838511259113, 1725.0658657113445, 0.0). Region: 40
iter = 120
Alpha wolf:  Wolf 6 (57403). Fitness: 1.0
	(4.6083969919759475, 1894.891658250741, 0.0). Region: 40
iter = 130
Alpha wolf:  Wolf 6 (57403). Fitness: 1.0
	(7.515725611190243, 1328.4030318182513, 0.0). Region: 30
iter = 140
Alpha wolf:  Wolf 6 (57403). Fitness: 1.0
	(7.9224855974320025, 1282.1735621455648, 0.0). Region: 30
iter = 150
Alpha wolf:  Wolf 6 (57403). Fitness: 1.0
	(6.731111724044043, 1269.9209238926514, 0.0). Region: 30
iter = 160
Alpha wolf:  Wolf 6 (57403). Fitness: 1.0
	(6.108503669172944, 1290.5814100695488, 0.0). Region: 30
iter = 170
Alpha wolf:  Wolf 6 (57403). Fitness: 1.0
	(5.567246896369121, 1601.9454469867096, 0.0). Region: 40
iter = 180
Alpha wolf:  Wolf 6 (57403). Fitness: 1.0
	(6.340226240399766, 1654.0743588686582, 0.0). Region: 40
iter = 190
Alpha wolf:  Wolf 6 (57403). Fitness: 1.0
	(6.753618211146401, 1444.7095684990813, 0.0). Region: 30

- Finishing GWO - 

Best solution:  Wolf 6 (57403). Fitness: 1.0
	(6.710146202205211, 1445.3695375206767, 0.0). Region: 30
Antennas in slice 2:  [13 19 26 30 54 72 78 96]

Slice  3
The set of antennas serves the scenario in the respective slice.

Slice  4
The set of antennas serves the scenario in the respective slice.

Slice  5
The set of antennas serves the scenario in the respective slice.

Slice  6
The set of antennas serves the scenario in the respective slice.

Slice  7
The set of antennas serves the scenario in the respective slice.

Slice  8
The set of antennas serves the scenario in the respective slice.

Slice  9
The set of antennas serves the scenario in the respective slice.

Slice  10
The set of antennas serves the scenario in the respective slice.

Slice  11
The set of antennas serves the scenario in the respective slice.

Média de carros: 7.333333333333333
t=0
Antennas: [54]
Users: [62 63]
MinSINR:  31.622776601683793
$x_{0,54}$
	 $y_{0,54,62}$ = 16.3336399588904 dB
	 $y_{0,54,63}$ = 18.89230260764907 dB
		SNR medio:  1.1008107052043585
		Usuarios totais: 32
Distances:
t=1
Antennas: [13 19 26 54 72 78 96]
Users: [ 0  2  3  5  6 13 14 15 17 18 25 28 42 51 52 54 57 58 61 62 63 68 69 72
 74 76 83 84 86 95 98]
MinSINR:  31.622776601683793
$x_{1,13}$
	 $y_{1,13,0}$ = 15.662937316751055 dB
	 $y_{1,13,2}$ = 18.95527512075074 dB
	 $y_{1,13,13}$ = 79.29048841157746 dB
	 $y_{1,13,14}$ = 28.21902140562605 dB
	 $y_{1,13,3}$ = 33.18540546017496 dB
	 $y_{1,13,15}$ = 22.05121328488687 dB
		SNR medio:  32.89405683329452
		Usuarios totais: 6
$x_{1,19}$
		Usuarios totais: 0
$x_{1,26}$
	 $y_{1,26,5}$ = 20.03047791941485 dB
	 $y_{1,26,6}$ = 22.702385468021888 dB
	 $y_{1,26,18}$ = 18.729489458725823 dB
	 $y_{1,26,28}$ = 18.377991019096143 dB
	 $y_{1,26,63}$ = 15.96154602039529 dB
	 $y_{1,26,17}$ = 24.514948709373257 dB
	 $y_{1,26,25}$ = 17.41437545786647 dB
		SNR medio:  10.594708773299518
		Usuarios totais: 13
$x_{1,54}$
	 $y_{1,54,54}$ = 86.04645295509955 dB
		SNR medio:  86.04645295509955
		Usuarios totais: 1
$x_{1,72}$
	 $y_{1,72,51}$ = 17.194231287619985 dB
	 $y_{1,72,61}$ = 23.290595390295735 dB
	 $y_{1,72,72}$ = 85.5408312722188 dB
	 $y_{1,72,83}$ = 34.11484305922211 dB
	 $y_{1,72,84}$ = 21.647589052130286 dB
	 $y_{1,72,42}$ = 15.659864198540234 dB
	 $y_{1,72,52}$ = 19.601727112809968 dB
	 $y_{1,72,62}$ = 25.95969122680154 dB
	 $y_{1,72,74}$ = 21.485770655064158 dB
		SNR medio:  6.61237858136757
		Usuarios totais: 40
$x_{1,78}$
	 $y_{1,78,57}$ = 16.718452859669426 dB
	 $y_{1,78,58}$ = 22.19561645114625 dB
	 $y_{1,78,68}$ = 27.820292832279307 dB
	 $y_{1,78,69}$ = 27.262470759525343 dB
		SNR medio:  23.49920822565508
		Usuarios totais: 4
$x_{1,96}$
	 $y_{1,96,86}$ = 33.40080092595028 dB
	 $y_{1,96,98}$ = 19.95425069939965 dB
	 $y_{1,96,76}$ = 25.46209305498013 dB
	 $y_{1,96,95}$ = 27.007632281489492 dB
		SNR medio:  21.16495539236391
		Usuarios totais: 5
Distances:
13 : 19 = 2400.0
13 : 26 = 1264.9110640673518
13 : 54 = 1649.2422502470642
13 : 72 = 2433.105012119288
13 : 78 = 3124.099870362662
13 : 96 = 3417.6014981270123
19 : 26 = 1264.9110640673518
19 : 54 = 2561.2496949731394
19 : 72 = 3687.817782917155
19 : 78 = 2433.105012119288
19 : 96 = 3417.6014981270123
26 : 54 = 1442.2205101855957
26 : 72 = 2561.2496949731394
26 : 78 = 2154.0659228538016
26 : 96 = 2800.0
54 : 72 = 1131.370849898476
54 : 78 = 1788.8543819998317
54 : 96 = 1788.8543819998317
72 : 78 = 2400.0
72 : 96 = 1788.8543819998317
78 : 96 = 1131.370849898476
t=2
Antennas: [13 19 26 30 54 72 78 96]
Users: [ 0  2  3 10 11 12 13 14 15 16 24 26 27 28 30 31 33 34 35 36 40 42 45 48
 49 50 51 52 53 54 57 59 60 61 62 63 64 66 69 71 72 77 78 79 81 82 84 86
 87 92 93 98 99]
MinSINR:  31.622776601683793
$x_{2,13}$
	 $y_{2,13,0}$ = 15.662937316751055 dB
	 $y_{2,13,2}$ = 18.95527512075074 dB
	 $y_{2,13,12}$ = 27.290464560504404 dB
	 $y_{2,13,13}$ = 79.29048841157746 dB
	 $y_{2,13,14}$ = 28.21902140562605 dB
	 $y_{2,13,3}$ = 33.18540546017496 dB
	 $y_{2,13,15}$ = 22.05121328488687 dB
	 $y_{2,13,24}$ = 18.514973565981123 dB
	 $y_{2,13,34}$ = 15.27374175201139 dB
	 $y_{2,13,33}$ = 25.10182452656413 dB
		SNR medio:  20.253238957487728
		Usuarios totais: 14
$x_{2,19}$
	 $y_{2,19,49}$ = 15.702738377477033 dB
		SNR medio:  15.702738377477033
		Usuarios totais: 1
$x_{2,26}$
	 $y_{2,26,16}$ = 28.387386699194124 dB
	 $y_{2,26,36}$ = 31.616463909196113 dB
	 $y_{2,26,48}$ = 17.638131990282503 dB
	 $y_{2,26,26}$ = 85.58801240030593 dB
	 $y_{2,26,27}$ = 34.630971594785194 dB
	 $y_{2,26,28}$ = 18.377991019096143 dB
	 $y_{2,26,35}$ = 21.09418130772964 dB
	 $y_{2,26,63}$ = 15.96154602039529 dB
		SNR medio:  16.886312329398997
		Usuarios totais: 15
$x_{2,30}$
	 $y_{2,30,10}$ = 19.68901956078136 dB
	 $y_{2,30,30}$ = 89.20853812881992 dB
	 $y_{2,30,40}$ = 30.459214787266248 dB
	 $y_{2,30,50}$ = 23.08107153503957 dB
	 $y_{2,30,11}$ = 17.2111862723945 dB
	 $y_{2,30,31}$ = 42.56572105046769 dB
	 $y_{2,30,51}$ = 19.930949076216166 dB
		SNR medio:  26.905077823442827
		Usuarios totais: 9
$x_{2,54}$
	 $y_{2,54,45}$ = 18.321156781852892 dB
	 $y_{2,54,54}$ = 86.04645295509955 dB
	 $y_{2,54,66}$ = 23.401785937138513 dB
		SNR medio:  25.553879134818192
		Usuarios totais: 5
$x_{2,72}$
	 $y_{2,72,61}$ = 23.290595390295735 dB
	 $y_{2,72,71}$ = 36.65889957596765 dB
	 $y_{2,72,72}$ = 85.5408312722188 dB
	 $y_{2,72,81}$ = 26.805513124506987 dB
	 $y_{2,72,82}$ = 36.7237004690257 dB
	 $y_{2,72,84}$ = 21.647589052130286 dB
	 $y_{2,72,92}$ = 18.05329146174786 dB
	 $y_{2,72,52}$ = 19.601727112809968 dB
	 $y_{2,72,53}$ = 17.31328273888346 dB
	 $y_{2,72,60}$ = 18.358602589803695 dB
	 $y_{2,72,62}$ = 25.95969122680154 dB
	 $y_{2,72,64}$ = 18.350484916449858 dB
	 $y_{2,72,42}$ = 15.659864198540234 dB
		SNR medio:  9.836866841329236
		Usuarios totais: 37
$x_{2,78}$
	 $y_{2,78,57}$ = 16.718452859669426 dB
	 $y_{2,78,59}$ = 17.457095678256337 dB
	 $y_{2,78,69}$ = 27.262470759525343 dB
	 $y_{2,78,79}$ = 28.26566796325524 dB
	 $y_{2,78,99}$ = 16.94293004484662 dB
	 $y_{2,78,77}$ = 27.889922593573175 dB
	 $y_{2,78,78}$ = 90.16713008059696 dB
	 $y_{2,78,87}$ = 22.219635820851536 dB
		SNR medio:  22.447573254597692
		Usuarios totais: 11
$x_{2,96}$
	 $y_{2,96,86}$ = 33.40080092595028 dB
	 $y_{2,96,93}$ = 17.10399116179552 dB
	 $y_{2,96,98}$ = 19.95425069939965 dB
		SNR medio:  23.48634759571515
		Usuarios totais: 3
Distances:
13 : 19 = 2400.0
13 : 26 = 1264.9110640673518
13 : 30 = 1442.2205101855957
13 : 54 = 1649.2422502470642
13 : 72 = 2433.105012119288
13 : 78 = 3124.099870362662
13 : 96 = 3417.6014981270123
19 : 26 = 1264.9110640673518
19 : 30 = 3687.817782917155
19 : 54 = 2561.2496949731394
19 : 72 = 3687.817782917155
19 : 78 = 2433.105012119288
19 : 96 = 3417.6014981270123
26 : 30 = 2433.105012119288
26 : 54 = 1442.2205101855957
26 : 72 = 2561.2496949731394
26 : 78 = 2154.0659228538016
26 : 96 = 2800.0
30 : 54 = 1788.8543819998317
30 : 72 = 1788.8543819998317
30 : 78 = 3577.7087639996635
30 : 96 = 3394.1125496954282
54 : 72 = 1131.370849898476
54 : 78 = 1788.8543819998317
54 : 96 = 1788.8543819998317
72 : 78 = 2400.0
72 : 96 = 1788.8543819998317
78 : 96 = 1131.370849898476
t=3
Antennas: [13 19 26 30 54 72 78 96]
Users: [ 0  1  2  3  6  7  8  9 10 11 16 18 19 20 21 24 31 33 34 36 37 38 40 41
 43 44 45 46 47 50 51 52 54 56 59 60 61 62 63 65 66 67 68 69 72 73 74 75
 76 77 78 79 83 84 86 87 90 91 92 94 95 97 99]
MinSINR:  31.622776601683793
$x_{3,13}$
	 $y_{3,13,0}$ = 15.662937316751055 dB
	 $y_{3,13,1}$ = 17.34022481288207 dB
	 $y_{3,13,2}$ = 18.95527512075074 dB
		SNR medio:  17.31947908346129
		Usuarios totais: 3
$x_{3,19}$
	 $y_{3,19,7}$ = 16.712290574649884 dB
	 $y_{3,19,8}$ = 16.153650116882744 dB
	 $y_{3,19,9}$ = 33.67565753276422 dB
	 $y_{3,19,19}$ = 96.28133487736147 dB
	 $y_{3,19,24}$ = 15.02382331523647 dB
		SNR medio:  22.230844552111847
		Usuarios totais: 8
$x_{3,26}$
	 $y_{3,26,6}$ = 22.702385468021888 dB
	 $y_{3,26,16}$ = 28.387386699194124 dB
	 $y_{3,26,36}$ = 31.616463909196113 dB
	 $y_{3,26,47}$ = 15.155587394859609 dB
	 $y_{3,26,3}$ = 19.385412688269682 dB
	 $y_{3,26,18}$ = 18.729489458725823 dB
	 $y_{3,26,34}$ = 15.259588263126247 dB
	 $y_{3,26,37}$ = 20.16162890656352 dB
	 $y_{3,26,38}$ = 18.492721636077007 dB
		SNR medio:  13.563618887431002
		Usuarios totais: 14
$x_{3,30}$
	 $y_{3,30,10}$ = 19.68901956078136 dB
	 $y_{3,30,40}$ = 30.459214787266248 dB
	 $y_{3,30,50}$ = 23.08107153503957 dB
	 $y_{3,30,11}$ = 17.2111862723945 dB
	 $y_{3,30,20}$ = 36.10689379712021 dB
	 $y_{3,30,21}$ = 25.97824403868468 dB
	 $y_{3,30,31}$ = 42.56572105046769 dB
		SNR medio:  16.257612586812854
		Usuarios totais: 12
$x_{3,54}$
	 $y_{3,54,43}$ = 22.263077765131797 dB
	 $y_{3,54,44}$ = 25.88156564156162 dB
	 $y_{3,54,45}$ = 18.321156781852892 dB
	 $y_{3,54,46}$ = 19.666655627094258 dB
	 $y_{3,54,54}$ = 86.04645295509955 dB
	 $y_{3,54,56}$ = 21.48968764173941 dB
	 $y_{3,54,66}$ = 23.401785937138513 dB
	 $y_{3,54,62}$ = 16.3336399588904 dB
	 $y_{3,54,74}$ = 19.779593476772092 dB
	 $y_{3,54,76}$ = 18.535587346544418 dB
	 $y_{3,54,95}$ = 15.726681634758563 dB
	 $y_{3,54,33}$ = 17.705608755974765 dB
	 $y_{3,54,63}$ = 18.89230260764907 dB
		SNR medio:  8.308815285389933
		Usuarios totais: 39
$x_{3,72}$
	 $y_{3,72,61}$ = 23.290595390295735 dB
	 $y_{3,72,72}$ = 85.5408312722188 dB
	 $y_{3,72,73}$ = 30.38028270286142 dB
	 $y_{3,72,83}$ = 34.11484305922211 dB
	 $y_{3,72,84}$ = 21.647589052130286 dB
	 $y_{3,72,90}$ = 17.100390895807138 dB
	 $y_{3,72,91}$ = 16.134890926076366 dB
	 $y_{3,72,92}$ = 18.05329146174786 dB
	 $y_{3,72,41}$ = 15.923729128817357 dB
	 $y_{3,72,51}$ = 17.194231287619985 dB
	 $y_{3,72,52}$ = 19.601727112809968 dB
	 $y_{3,72,60}$ = 18.358602589803695 dB
	 $y_{3,72,65}$ = 16.27903027178948 dB
		SNR medio:  11.120667838373338
		Usuarios totais: 30
$x_{3,78}$
	 $y_{3,78,59}$ = 17.457095678256337 dB
	 $y_{3,78,67}$ = 18.751080819964045 dB
	 $y_{3,78,68}$ = 27.820292832279307 dB
	 $y_{3,78,69}$ = 27.262470759525343 dB
	 $y_{3,78,79}$ = 28.26566796325524 dB
	 $y_{3,78,99}$ = 16.94293004484662 dB
	 $y_{3,78,77}$ = 27.889922593573175 dB
	 $y_{3,78,78}$ = 90.16713008059696 dB
	 $y_{3,78,87}$ = 22.219635820851536 dB
		SNR medio:  19.769730470939184
		Usuarios totais: 14
$x_{3,96}$
	 $y_{3,96,75}$ = 25.22776283282768 dB
	 $y_{3,96,86}$ = 33.40080092595028 dB
	 $y_{3,96,94}$ = 18.38883743573652 dB
	 $y_{3,96,97}$ = 27.17861551137264 dB
		SNR medio:  14.88514524369816
		Usuarios totais: 7
Distances:
13 : 19 = 2400.0
13 : 26 = 1264.9110640673518
13 : 30 = 1442.2205101855957
13 : 54 = 1649.2422502470642
13 : 72 = 2433.105012119288
13 : 78 = 3124.099870362662
13 : 96 = 3417.6014981270123
19 : 26 = 1264.9110640673518
19 : 30 = 3687.817782917155
19 : 54 = 2561.2496949731394
19 : 72 = 3687.817782917155
19 : 78 = 2433.105012119288
19 : 96 = 3417.6014981270123
26 : 30 = 2433.105012119288
26 : 54 = 1442.2205101855957
26 : 72 = 2561.2496949731394
26 : 78 = 2154.0659228538016
26 : 96 = 2800.0
30 : 54 = 1788.8543819998317
30 : 72 = 1788.8543819998317
30 : 78 = 3577.7087639996635
30 : 96 = 3394.1125496954282
54 : 72 = 1131.370849898476
54 : 78 = 1788.8543819998317
54 : 96 = 1788.8543819998317
72 : 78 = 2400.0
72 : 96 = 1788.8543819998317
78 : 96 = 1131.370849898476
t=4
Antennas: [13 19 26 30 54 72 78 96]
Users: [ 0  1  4  6  7  8  9 11 12 13 15 16 18 19 22 25 27 28 29 30 31 33 34 35
 36 37 39 40 41 44 45 46 47 48 51 52 53 54 57 59 61 62 63 64 65 66 67 68
 70 71 72 73 74 75 76 77 78 79 80 81 82 83 86 87 89 90 91 93 94 95 96 97
 98 99]
MinSINR:  31.622776601683793
$x_{4,13}$
	 $y_{4,13,0}$ = 15.662937316751055 dB
	 $y_{4,13,1}$ = 17.34022481288207 dB
	 $y_{4,13,12}$ = 27.290464560504404 dB
	 $y_{4,13,13}$ = 79.29048841157746 dB
	 $y_{4,13,22}$ = 23.287533557122174 dB
	 $y_{4,13,4}$ = 20.417738056668114 dB
	 $y_{4,13,11}$ = 16.053841339235134 dB
	 $y_{4,13,15}$ = 22.05121328488687 dB
	 $y_{4,13,34}$ = 15.27374175201139 dB
	 $y_{4,13,25}$ = 18.977247920797225 dB
	 $y_{4,13,33}$ = 25.10182452656413 dB
		SNR medio:  13.36891693042857
		Usuarios totais: 21
$x_{4,19}$
	 $y_{4,19,7}$ = 16.712290574649884 dB
	 $y_{4,19,8}$ = 16.153650116882744 dB
	 $y_{4,19,9}$ = 33.67565753276422 dB
	 $y_{4,19,19}$ = 96.28133487736147 dB
	 $y_{4,19,29}$ = 21.972016335253784 dB
	 $y_{4,19,18}$ = 33.28196601573508 dB
	 $y_{4,19,27}$ = 18.056184981766506 dB
	 $y_{4,19,28}$ = 30.828794393950247 dB
	 $y_{4,19,37}$ = 21.096470520113158 dB
	 $y_{4,19,39}$ = 15.558806076135255 dB
		SNR medio:  18.976073214038273
		Usuarios totais: 16
$x_{4,26}$
	 $y_{4,26,6}$ = 22.702385468021888 dB
	 $y_{4,26,16}$ = 28.387386699194124 dB
	 $y_{4,26,36}$ = 31.616463909196113 dB
	 $y_{4,26,47}$ = 15.155587394859609 dB
	 $y_{4,26,48}$ = 17.638131990282503 dB
		SNR medio:  14.43749443269428
		Usuarios totais: 8
$x_{4,30}$
	 $y_{4,30,30}$ = 89.20853812881992 dB
	 $y_{4,30,40}$ = 30.459214787266248 dB
		SNR medio:  59.833876458043086
		Usuarios totais: 2
$x_{4,54}$
	 $y_{4,54,44}$ = 25.88156564156162 dB
	 $y_{4,54,45}$ = 18.321156781852892 dB
	 $y_{4,54,46}$ = 19.666655627094258 dB
	 $y_{4,54,54}$ = 86.04645295509955 dB
	 $y_{4,54,66}$ = 23.401785937138513 dB
	 $y_{4,54,31}$ = 18.801261829180135 dB
	 $y_{4,54,35}$ = 15.811649254935034 dB
	 $y_{4,54,62}$ = 16.3336399588904 dB
	 $y_{4,54,64}$ = 31.977053659272514 dB
	 $y_{4,54,74}$ = 19.779593476772092 dB
		SNR medio:  6.900520378044925
		Usuarios totais: 40
$x_{4,72}$
	 $y_{4,72,61}$ = 23.290595390295735 dB
	 $y_{4,72,70}$ = 15.52431653895799 dB
	 $y_{4,72,71}$ = 36.65889957596765 dB
	 $y_{4,72,72}$ = 85.5408312722188 dB
	 $y_{4,72,73}$ = 30.38028270286142 dB
	 $y_{4,72,80}$ = 19.254956839611964 dB
	 $y_{4,72,81}$ = 26.805513124506987 dB
	 $y_{4,72,82}$ = 36.7237004690257 dB
	 $y_{4,72,83}$ = 34.11484305922211 dB
	 $y_{4,72,90}$ = 17.100390895807138 dB
	 $y_{4,72,91}$ = 16.134890926076366 dB
	 $y_{4,72,41}$ = 15.923729128817357 dB
	 $y_{4,72,51}$ = 17.194231287619985 dB
	 $y_{4,72,52}$ = 19.601727112809968 dB
	 $y_{4,72,53}$ = 17.31328273888346 dB
	 $y_{4,72,63}$ = 28.98049773502109 dB
	 $y_{4,72,65}$ = 16.27903027178948 dB
		SNR medio:  11.420542976737329
		Usuarios totais: 40
$x_{4,78}$
	 $y_{4,78,57}$ = 16.718452859669426 dB
	 $y_{4,78,59}$ = 17.457095678256337 dB
	 $y_{4,78,67}$ = 18.751080819964045 dB
	 $y_{4,78,68}$ = 27.820292832279307 dB
	 $y_{4,78,79}$ = 28.26566796325524 dB
	 $y_{4,78,89}$ = 24.761701270895713 dB
	 $y_{4,78,99}$ = 16.94293004484662 dB
	 $y_{4,78,77}$ = 27.889922593573175 dB
	 $y_{4,78,78}$ = 90.16713008059696 dB
	 $y_{4,78,87}$ = 22.219635820851536 dB
		SNR medio:  15.315468945483596
		Usuarios totais: 19
$x_{4,96}$
	 $y_{4,96,75}$ = 25.22776283282768 dB
	 $y_{4,96,86}$ = 33.40080092595028 dB
	 $y_{4,96,93}$ = 17.10399116179552 dB
	 $y_{4,96,94}$ = 18.38883743573652 dB
	 $y_{4,96,97}$ = 27.17861551137264 dB
	 $y_{4,96,98}$ = 19.95425069939965 dB
	 $y_{4,96,76}$ = 25.46209305498013 dB
	 $y_{4,96,95}$ = 27.007632281489492 dB
	 $y_{4,96,96}$ = 86.98792277528997 dB
		SNR medio:  18.71412711192279
		Usuarios totais: 15
Distances:
13 : 19 = 2400.0
13 : 26 = 1264.9110640673518
13 : 30 = 1442.2205101855957
13 : 54 = 1649.2422502470642
13 : 72 = 2433.105012119288
13 : 78 = 3124.099870362662
13 : 96 = 3417.6014981270123
19 : 26 = 1264.9110640673518
19 : 30 = 3687.817782917155
19 : 54 = 2561.2496949731394
19 : 72 = 3687.817782917155
19 : 78 = 2433.105012119288
19 : 96 = 3417.6014981270123
26 : 30 = 2433.105012119288
26 : 54 = 1442.2205101855957
26 : 72 = 2561.2496949731394
26 : 78 = 2154.0659228538016
26 : 96 = 2800.0
30 : 54 = 1788.8543819998317
30 : 72 = 1788.8543819998317
30 : 78 = 3577.7087639996635
30 : 96 = 3394.1125496954282
54 : 72 = 1131.370849898476
54 : 78 = 1788.8543819998317
54 : 96 = 1788.8543819998317
72 : 78 = 2400.0
72 : 96 = 1788.8543819998317
78 : 96 = 1131.370849898476
t=5
Antennas: [13 19 26 30 54 72 78 96]
Users: [ 0  1  2  3  4  5  6  7  8  9 10 11 14 15 16 18 19 20 22 23 24 25 26 28
 29 31 32 33 34 35 36 38 40 41 43 44 45 46 47 49 51 52 53 54 55 56 58 59
 60 61 62 63 64 65 66 69 70 71 72 74 75 76 77 78 79 80 81 82 83 84 85 86
 87 89 90 91 92 95 96 97 98 99]
MinSINR:  31.622776601683793
$x_{5,13}$
	 $y_{5,13,0}$ = 15.662937316751055 dB
	 $y_{5,13,1}$ = 17.34022481288207 dB
	 $y_{5,13,2}$ = 18.95527512075074 dB
	 $y_{5,13,14}$ = 28.21902140562605 dB
	 $y_{5,13,22}$ = 23.287533557122174 dB
	 $y_{5,13,3}$ = 33.18540546017496 dB
	 $y_{5,13,4}$ = 20.417738056668114 dB
	 $y_{5,13,11}$ = 16.053841339235134 dB
	 $y_{5,13,15}$ = 22.05121328488687 dB
	 $y_{5,13,20}$ = 15.151864987831544 dB
	 $y_{5,13,23}$ = 25.36797297808856 dB
	 $y_{5,13,24}$ = 18.514973565981123 dB
	 $y_{5,13,32}$ = 15.798379812713307 dB
	 $y_{5,13,34}$ = 15.27374175201139 dB
	 $y_{5,13,25}$ = 18.977247920797225 dB
	 $y_{5,13,33}$ = 25.10182452656413 dB
		SNR medio:  9.687035173473072
		Usuarios totais: 34
$x_{5,19}$
	 $y_{5,19,7}$ = 16.712290574649884 dB
	 $y_{5,19,8}$ = 16.153650116882744 dB
	 $y_{5,19,9}$ = 33.67565753276422 dB
	 $y_{5,19,19}$ = 96.28133487736147 dB
	 $y_{5,19,29}$ = 21.972016335253784 dB
	 $y_{5,19,49}$ = 15.702738377477033 dB
	 $y_{5,19,18}$ = 33.28196601573508 dB
	 $y_{5,19,28}$ = 30.828794393950247 dB
	 $y_{5,19,38}$ = 16.63839915219765 dB
		SNR medio:  15.624824854237342
		Usuarios totais: 18
$x_{5,26}$
	 $y_{5,26,5}$ = 20.03047791941485 dB
	 $y_{5,26,6}$ = 22.702385468021888 dB
	 $y_{5,26,16}$ = 28.387386699194124 dB
	 $y_{5,26,36}$ = 31.616463909196113 dB
	 $y_{5,26,47}$ = 15.155587394859609 dB
	 $y_{5,26,26}$ = 85.58801240030593 dB
	 $y_{5,26,63}$ = 15.96154602039529 dB
		SNR medio:  19.949259982853437
		Usuarios totais: 11
$x_{5,30}$
	 $y_{5,30,10}$ = 19.68901956078136 dB
	 $y_{5,30,40}$ = 30.459214787266248 dB
		SNR medio:  10.029646869609522
		Usuarios totais: 5
$x_{5,54}$
	 $y_{5,54,43}$ = 22.263077765131797 dB
	 $y_{5,54,44}$ = 25.88156564156162 dB
	 $y_{5,54,45}$ = 18.321156781852892 dB
	 $y_{5,54,46}$ = 19.666655627094258 dB
	 $y_{5,54,54}$ = 86.04645295509955 dB
	 $y_{5,54,56}$ = 21.48968764173941 dB
	 $y_{5,54,66}$ = 23.401785937138513 dB
	 $y_{5,54,31}$ = 18.801261829180135 dB
	 $y_{5,54,35}$ = 15.811649254935034 dB
	 $y_{5,54,55}$ = 27.207757826712097 dB
	 $y_{5,54,62}$ = 16.3336399588904 dB
	 $y_{5,54,74}$ = 19.779593476772092 dB
		SNR medio:  7.875107117402696
		Usuarios totais: 40
$x_{5,72}$
	 $y_{5,72,61}$ = 23.290595390295735 dB
	 $y_{5,72,70}$ = 15.52431653895799 dB
	 $y_{5,72,71}$ = 36.65889957596765 dB
	 $y_{5,72,72}$ = 85.5408312722188 dB
	 $y_{5,72,80}$ = 19.254956839611964 dB
	 $y_{5,72,81}$ = 26.805513124506987 dB
	 $y_{5,72,82}$ = 36.7237004690257 dB
	 $y_{5,72,83}$ = 34.11484305922211 dB
	 $y_{5,72,84}$ = 21.647589052130286 dB
	 $y_{5,72,90}$ = 17.100390895807138 dB
	 $y_{5,72,91}$ = 16.134890926076366 dB
	 $y_{5,72,92}$ = 18.05329146174786 dB
	 $y_{5,72,41}$ = 15.923729128817357 dB
	 $y_{5,72,51}$ = 17.194231287619985 dB
	 $y_{5,72,52}$ = 19.601727112809968 dB
	 $y_{5,72,53}$ = 17.31328273888346 dB
	 $y_{5,72,60}$ = 18.358602589803695 dB
	 $y_{5,72,64}$ = 18.350484916449858 dB
	 $y_{5,72,65}$ = 16.27903027178948 dB
		SNR medio:  11.846772666293557
		Usuarios totais: 40
$x_{5,78}$
	 $y_{5,78,58}$ = 22.19561645114625 dB
	 $y_{5,78,59}$ = 17.457095678256337 dB
	 $y_{5,78,69}$ = 27.262470759525343 dB
	 $y_{5,78,79}$ = 28.26566796325524 dB
	 $y_{5,78,89}$ = 24.761701270895713 dB
	 $y_{5,78,99}$ = 16.94293004484662 dB
	 $y_{5,78,78}$ = 90.16713008059696 dB
		SNR medio:  18.921051020710205
		Usuarios totais: 12
$x_{5,96}$
	 $y_{5,96,75}$ = 25.22776283282768 dB
	 $y_{5,96,86}$ = 33.40080092595028 dB
	 $y_{5,96,97}$ = 27.17861551137264 dB
	 $y_{5,96,98}$ = 19.95425069939965 dB
	 $y_{5,96,76}$ = 25.46209305498013 dB
	 $y_{5,96,95}$ = 27.007632281489492 dB
	 $y_{5,96,77}$ = 21.07543953084283 dB
	 $y_{5,96,85}$ = 19.11979117987491 dB
	 $y_{5,96,87}$ = 18.242673045550575 dB
	 $y_{5,96,96}$ = 86.98792277528997 dB
		SNR medio:  13.20247747119905
		Usuarios totais: 23
Distances:
13 : 19 = 2400.0
13 : 26 = 1264.9110640673518
13 : 30 = 1442.2205101855957
13 : 54 = 1649.2422502470642
13 : 72 = 2433.105012119288
13 : 78 = 3124.099870362662
13 : 96 = 3417.6014981270123
19 : 26 = 1264.9110640673518
19 : 30 = 3687.817782917155
19 : 54 = 2561.2496949731394
19 : 72 = 3687.817782917155
19 : 78 = 2433.105012119288
19 : 96 = 3417.6014981270123
26 : 30 = 2433.105012119288
26 : 54 = 1442.2205101855957
26 : 72 = 2561.2496949731394
26 : 78 = 2154.0659228538016
26 : 96 = 2800.0
30 : 54 = 1788.8543819998317
30 : 72 = 1788.8543819998317
30 : 78 = 3577.7087639996635
30 : 96 = 3394.1125496954282
54 : 72 = 1131.370849898476
54 : 78 = 1788.8543819998317
54 : 96 = 1788.8543819998317
72 : 78 = 2400.0
72 : 96 = 1788.8543819998317
78 : 96 = 1131.370849898476
t=6
Antennas: [13 19 26 30 54 72 78 96]
Users: [ 0  2  4  5  6  7  8  9 10 12 13 15 16 17 18 19 20 21 22 23 24 25 26 27
 28 29 30 31 32 33 34 35 36 38 39 40 42 43 44 45 48 51 53 54 57 58 59 60
 61 63 64 66 67 68 70 71 72 73 74 75 76 77 79 83 84 85 86 87 89 90 91 92
 94 97 98 99]
MinSINR:  31.622776601683793
$x_{6,13}$
	 $y_{6,13,0}$ = 15.662937316751055 dB
	 $y_{6,13,2}$ = 18.95527512075074 dB
	 $y_{6,13,12}$ = 27.290464560504404 dB
	 $y_{6,13,13}$ = 79.29048841157746 dB
	 $y_{6,13,22}$ = 23.287533557122174 dB
	 $y_{6,13,20}$ = 15.151864987831544 dB
	 $y_{6,13,21}$ = 15.769105933788211 dB
	 $y_{6,13,23}$ = 25.36797297808856 dB
	 $y_{6,13,24}$ = 18.514973565981123 dB
	 $y_{6,13,32}$ = 15.798379812713307 dB
	 $y_{6,13,33}$ = 25.10182452656413 dB
		SNR medio:  12.182209598768377
		Usuarios totais: 23
$x_{6,19}$
	 $y_{6,19,7}$ = 16.712290574649884 dB
	 $y_{6,19,8}$ = 16.153650116882744 dB
	 $y_{6,19,9}$ = 33.67565753276422 dB
	 $y_{6,19,19}$ = 96.28133487736147 dB
	 $y_{6,19,29}$ = 21.972016335253784 dB
		SNR medio:  15.399579119742675
		Usuarios totais: 12
$x_{6,26}$
	 $y_{6,26,5}$ = 20.03047791941485 dB
	 $y_{6,26,6}$ = 22.702385468021888 dB
	 $y_{6,26,16}$ = 28.387386699194124 dB
	 $y_{6,26,36}$ = 31.616463909196113 dB
	 $y_{6,26,48}$ = 17.638131990282503 dB
	 $y_{6,26,4}$ = 17.113608050748425 dB
	 $y_{6,26,15}$ = 22.78990430281563 dB
	 $y_{6,26,18}$ = 18.729489458725823 dB
	 $y_{6,26,26}$ = 85.58801240030593 dB
	 $y_{6,26,27}$ = 34.630971594785194 dB
	 $y_{6,26,28}$ = 18.377991019096143 dB
	 $y_{6,26,34}$ = 15.259588263126247 dB
	 $y_{6,26,35}$ = 21.09418130772964 dB
	 $y_{6,26,38}$ = 18.492721636077007 dB
	 $y_{6,26,39}$ = 19.788586025754 dB
	 $y_{6,26,17}$ = 24.514948709373257 dB
	 $y_{6,26,25}$ = 17.41437545786647 dB
		SNR medio:  12.060256228125368
		Usuarios totais: 36
$x_{6,30}$
	 $y_{6,30,10}$ = 19.68901956078136 dB
	 $y_{6,30,30}$ = 89.20853812881992 dB
	 $y_{6,30,40}$ = 30.459214787266248 dB
		SNR medio:  23.226128746144592
		Usuarios totais: 6
$x_{6,54}$
	 $y_{6,54,43}$ = 22.263077765131797 dB
	 $y_{6,54,44}$ = 25.88156564156162 dB
	 $y_{6,54,45}$ = 18.321156781852892 dB
	 $y_{6,54,54}$ = 86.04645295509955 dB
	 $y_{6,54,66}$ = 23.401785937138513 dB
	 $y_{6,54,31}$ = 18.801261829180135 dB
	 $y_{6,54,76}$ = 18.535587346544418 dB
		SNR medio:  17.770907354709077
		Usuarios totais: 12
$x_{6,72}$
	 $y_{6,72,61}$ = 23.290595390295735 dB
	 $y_{6,72,70}$ = 15.52431653895799 dB
	 $y_{6,72,71}$ = 36.65889957596765 dB
	 $y_{6,72,72}$ = 85.5408312722188 dB
	 $y_{6,72,73}$ = 30.38028270286142 dB
	 $y_{6,72,83}$ = 34.11484305922211 dB
	 $y_{6,72,84}$ = 21.647589052130286 dB
	 $y_{6,72,90}$ = 17.100390895807138 dB
	 $y_{6,72,91}$ = 16.134890926076366 dB
	 $y_{6,72,92}$ = 18.05329146174786 dB
	 $y_{6,72,51}$ = 17.194231287619985 dB
	 $y_{6,72,53}$ = 17.31328273888346 dB
	 $y_{6,72,60}$ = 18.358602589803695 dB
	 $y_{6,72,64}$ = 18.350484916449858 dB
	 $y_{6,72,74}$ = 21.485770655064158 dB
	 $y_{6,72,42}$ = 15.659864198540234 dB
	 $y_{6,72,63}$ = 28.98049773502109 dB
		SNR medio:  11.778072026936966
		Usuarios totais: 37
$x_{6,78}$
	 $y_{6,78,57}$ = 16.718452859669426 dB
	 $y_{6,78,58}$ = 22.19561645114625 dB
	 $y_{6,78,59}$ = 17.457095678256337 dB
	 $y_{6,78,67}$ = 18.751080819964045 dB
	 $y_{6,78,68}$ = 27.820292832279307 dB
	 $y_{6,78,79}$ = 28.26566796325524 dB
	 $y_{6,78,89}$ = 24.761701270895713 dB
	 $y_{6,78,99}$ = 16.94293004484662 dB
	 $y_{6,78,77}$ = 27.889922593573175 dB
	 $y_{6,78,85}$ = 15.048747305764167 dB
	 $y_{6,78,87}$ = 22.219635820851536 dB
		SNR medio:  13.226174646694545
		Usuarios totais: 18
$x_{6,96}$
	 $y_{6,96,75}$ = 25.22776283282768 dB
	 $y_{6,96,86}$ = 33.40080092595028 dB
	 $y_{6,96,94}$ = 18.38883743573652 dB
	 $y_{6,96,97}$ = 27.17861551137264 dB
	 $y_{6,96,98}$ = 19.95425069939965 dB
		SNR medio:  20.691711234214463
		Usuarios totais: 6
Distances:
13 : 19 = 2400.0
13 : 26 = 1264.9110640673518
13 : 30 = 1442.2205101855957
13 : 54 = 1649.2422502470642
13 : 72 = 2433.105012119288
13 : 78 = 3124.099870362662
13 : 96 = 3417.6014981270123
19 : 26 = 1264.9110640673518
19 : 30 = 3687.817782917155
19 : 54 = 2561.2496949731394
19 : 72 = 3687.817782917155
19 : 78 = 2433.105012119288
19 : 96 = 3417.6014981270123
26 : 30 = 2433.105012119288
26 : 54 = 1442.2205101855957
26 : 72 = 2561.2496949731394
26 : 78 = 2154.0659228538016
26 : 96 = 2800.0
30 : 54 = 1788.8543819998317
30 : 72 = 1788.8543819998317
30 : 78 = 3577.7087639996635
30 : 96 = 3394.1125496954282
54 : 72 = 1131.370849898476
54 : 78 = 1788.8543819998317
54 : 96 = 1788.8543819998317
72 : 78 = 2400.0
72 : 96 = 1788.8543819998317
78 : 96 = 1131.370849898476
t=7
Antennas: [13 19 26 30 54 72 78 96]
Users: [ 0  1  2  3  4  5  6  7  8 10 11 13 15 16 17 18 19 20 22 23 24 25 27 28
 30 34 36 37 38 39 40 41 42 43 45 47 48 49 50 52 54 56 57 59 60 61 62 65
 68 70 71 72 73 74 75 76 78 79 81 82 84 85 86 88 89 91 92 93 95 96 97 98
 99]
MinSINR:  31.622776601683793
$x_{7,13}$
	 $y_{7,13,0}$ = 15.662937316751055 dB
	 $y_{7,13,1}$ = 17.34022481288207 dB
	 $y_{7,13,2}$ = 18.95527512075074 dB
	 $y_{7,13,13}$ = 79.29048841157746 dB
	 $y_{7,13,22}$ = 23.287533557122174 dB
	 $y_{7,13,11}$ = 16.053841339235134 dB
	 $y_{7,13,20}$ = 15.151864987831544 dB
	 $y_{7,13,23}$ = 25.36797297808856 dB
	 $y_{7,13,24}$ = 18.514973565981123 dB
		SNR medio:  15.308340806014655
		Usuarios totais: 15
$x_{7,19}$
	 $y_{7,19,7}$ = 16.712290574649884 dB
	 $y_{7,19,8}$ = 16.153650116882744 dB
	 $y_{7,19,19}$ = 96.28133487736147 dB
	 $y_{7,19,49}$ = 15.702738377477033 dB
		SNR medio:  20.692859135195874
		Usuarios totais: 7
$x_{7,26}$
	 $y_{7,26,5}$ = 20.03047791941485 dB
	 $y_{7,26,6}$ = 22.702385468021888 dB
	 $y_{7,26,16}$ = 28.387386699194124 dB
	 $y_{7,26,36}$ = 31.616463909196113 dB
	 $y_{7,26,47}$ = 15.155587394859609 dB
	 $y_{7,26,48}$ = 17.638131990282503 dB
	 $y_{7,26,3}$ = 19.385412688269682 dB
	 $y_{7,26,4}$ = 17.113608050748425 dB
	 $y_{7,26,15}$ = 22.78990430281563 dB
	 $y_{7,26,18}$ = 18.729489458725823 dB
	 $y_{7,26,27}$ = 34.630971594785194 dB
	 $y_{7,26,28}$ = 18.377991019096143 dB
	 $y_{7,26,34}$ = 15.259588263126247 dB
	 $y_{7,26,37}$ = 20.16162890656352 dB
	 $y_{7,26,38}$ = 18.492721636077007 dB
	 $y_{7,26,39}$ = 19.788586025754 dB
	 $y_{7,26,17}$ = 24.514948709373257 dB
	 $y_{7,26,25}$ = 17.41437545786647 dB
		SNR medio:  10.057622618267645
		Usuarios totais: 38
$x_{7,30}$
	 $y_{7,30,10}$ = 19.68901956078136 dB
	 $y_{7,30,30}$ = 89.20853812881992 dB
	 $y_{7,30,40}$ = 30.459214787266248 dB
	 $y_{7,30,50}$ = 23.08107153503957 dB
		SNR medio:  32.487568802381425
		Usuarios totais: 5
$x_{7,54}$
	 $y_{7,54,43}$ = 22.263077765131797 dB
	 $y_{7,54,45}$ = 18.321156781852892 dB
	 $y_{7,54,54}$ = 86.04645295509955 dB
	 $y_{7,54,56}$ = 21.48968764173941 dB
		SNR medio:  21.16005359197481
		Usuarios totais: 7
$x_{7,72}$
	 $y_{7,72,61}$ = 23.290595390295735 dB
	 $y_{7,72,70}$ = 15.52431653895799 dB
	 $y_{7,72,71}$ = 36.65889957596765 dB
	 $y_{7,72,72}$ = 85.5408312722188 dB
	 $y_{7,72,73}$ = 30.38028270286142 dB
	 $y_{7,72,81}$ = 26.805513124506987 dB
	 $y_{7,72,82}$ = 36.7237004690257 dB
	 $y_{7,72,84}$ = 21.647589052130286 dB
	 $y_{7,72,91}$ = 16.134890926076366 dB
	 $y_{7,72,92}$ = 18.05329146174786 dB
	 $y_{7,72,41}$ = 15.923729128817357 dB
	 $y_{7,72,52}$ = 19.601727112809968 dB
	 $y_{7,72,60}$ = 18.358602589803695 dB
	 $y_{7,72,62}$ = 25.95969122680154 dB
	 $y_{7,72,74}$ = 21.485770655064158 dB
	 $y_{7,72,42}$ = 15.659864198540234 dB
	 $y_{7,72,65}$ = 16.27903027178948 dB
		SNR medio:  15.311321575772938
		Usuarios totais: 29
$x_{7,78}$
	 $y_{7,78,57}$ = 16.718452859669426 dB
	 $y_{7,78,59}$ = 17.457095678256337 dB
	 $y_{7,78,68}$ = 27.820292832279307 dB
	 $y_{7,78,79}$ = 28.26566796325524 dB
	 $y_{7,78,89}$ = 24.761701270895713 dB
	 $y_{7,78,99}$ = 16.94293004484662 dB
	 $y_{7,78,78}$ = 90.16713008059696 dB
		SNR medio:  27.766658841224952
		Usuarios totais: 8
$x_{7,96}$
	 $y_{7,96,75}$ = 25.22776283282768 dB
	 $y_{7,96,86}$ = 33.40080092595028 dB
	 $y_{7,96,93}$ = 17.10399116179552 dB
	 $y_{7,96,97}$ = 27.17861551137264 dB
	 $y_{7,96,98}$ = 19.95425069939965 dB
	 $y_{7,96,76}$ = 25.46209305498013 dB
	 $y_{7,96,85}$ = 19.11979117987491 dB
	 $y_{7,96,88}$ = 17.375949361234902 dB
	 $y_{7,96,95}$ = 27.007632281489492 dB
	 $y_{7,96,96}$ = 86.98792277528997 dB
		SNR medio:  18.67617561151345
		Usuarios totais: 16
Distances:
13 : 19 = 2400.0
13 : 26 = 1264.9110640673518
13 : 30 = 1442.2205101855957
13 : 54 = 1649.2422502470642
13 : 72 = 2433.105012119288
13 : 78 = 3124.099870362662
13 : 96 = 3417.6014981270123
19 : 26 = 1264.9110640673518
19 : 30 = 3687.817782917155
19 : 54 = 2561.2496949731394
19 : 72 = 3687.817782917155
19 : 78 = 2433.105012119288
19 : 96 = 3417.6014981270123
26 : 30 = 2433.105012119288
26 : 54 = 1442.2205101855957
26 : 72 = 2561.2496949731394
26 : 78 = 2154.0659228538016
26 : 96 = 2800.0
30 : 54 = 1788.8543819998317
30 : 72 = 1788.8543819998317
30 : 78 = 3577.7087639996635
30 : 96 = 3394.1125496954282
54 : 72 = 1131.370849898476
54 : 78 = 1788.8543819998317
54 : 96 = 1788.8543819998317
72 : 78 = 2400.0
72 : 96 = 1788.8543819998317
78 : 96 = 1131.370849898476
t=8
Antennas: [13 19 26 30 54 72 78 96]
Users: [ 1  6  7  8 10 13 15 16 18 19 20 22 23 24 26 28 29 30 31 32 33 35 36 38
 39 41 42 44 46 49 50 52 53 55 56 57 58 59 63 64 65 66 69 71 74 76 77 79
 81 82 83 84 89 90 92 95 96 97 98 99]
MinSINR:  31.622776601683793
$x_{8,13}$
	 $y_{8,13,1}$ = 17.34022481288207 dB
	 $y_{8,13,13}$ = 79.29048841157746 dB
	 $y_{8,13,22}$ = 23.287533557122174 dB
		SNR medio:  29.979561695395425
		Usuarios totais: 4
$x_{8,19}$
	 $y_{8,19,7}$ = 16.712290574649884 dB
	 $y_{8,19,8}$ = 16.153650116882744 dB
	 $y_{8,19,19}$ = 96.28133487736147 dB
	 $y_{8,19,29}$ = 21.972016335253784 dB
	 $y_{8,19,49}$ = 15.702738377477033 dB
	 $y_{8,19,18}$ = 33.28196601573508 dB
	 $y_{8,19,24}$ = 15.02382331523647 dB
	 $y_{8,19,28}$ = 30.828794393950247 dB
	 $y_{8,19,38}$ = 16.63839915219765 dB
	 $y_{8,19,39}$ = 15.558806076135255 dB
		SNR medio:  16.361989366757626
		Usuarios totais: 17
$x_{8,26}$
	 $y_{8,26,6}$ = 22.702385468021888 dB
	 $y_{8,26,16}$ = 28.387386699194124 dB
	 $y_{8,26,36}$ = 31.616463909196113 dB
	 $y_{8,26,15}$ = 22.78990430281563 dB
	 $y_{8,26,26}$ = 85.58801240030593 dB
	 $y_{8,26,35}$ = 21.09418130772964 dB
	 $y_{8,26,55}$ = 22.75180704508604 dB
		SNR medio:  23.49301411323493
		Usuarios totais: 10
$x_{8,30}$
	 $y_{8,30,10}$ = 19.68901956078136 dB
	 $y_{8,30,30}$ = 89.20853812881992 dB
	 $y_{8,30,50}$ = 23.08107153503957 dB
	 $y_{8,30,20}$ = 36.10689379712021 dB
	 $y_{8,30,31}$ = 42.56572105046769 dB
	 $y_{8,30,32}$ = 15.956914625598387 dB
	 $y_{8,30,41}$ = 19.13225070851371 dB
	 $y_{8,30,33}$ = 18.980666161864804 dB
		SNR medio:  17.64807170454704
		Usuarios totais: 15
$x_{8,54}$
	 $y_{8,54,44}$ = 25.88156564156162 dB
	 $y_{8,54,46}$ = 19.666655627094258 dB
	 $y_{8,54,56}$ = 21.48968764173941 dB
	 $y_{8,54,66}$ = 23.401785937138513 dB
		SNR medio:  18.08793896950676
		Usuarios totais: 5
$x_{8,72}$
	 $y_{8,72,71}$ = 36.65889957596765 dB
	 $y_{8,72,81}$ = 26.805513124506987 dB
	 $y_{8,72,82}$ = 36.7237004690257 dB
	 $y_{8,72,83}$ = 34.11484305922211 dB
	 $y_{8,72,84}$ = 21.647589052130286 dB
	 $y_{8,72,90}$ = 17.100390895807138 dB
	 $y_{8,72,92}$ = 18.05329146174786 dB
	 $y_{8,72,52}$ = 19.601727112809968 dB
	 $y_{8,72,53}$ = 17.31328273888346 dB
	 $y_{8,72,64}$ = 18.350484916449858 dB
	 $y_{8,72,74}$ = 21.485770655064158 dB
	 $y_{8,72,42}$ = 15.659864198540234 dB
	 $y_{8,72,63}$ = 28.98049773502109 dB
	 $y_{8,72,65}$ = 16.27903027178948 dB
		SNR medio:  16.438744263348298
		Usuarios totais: 20
$x_{8,78}$
	 $y_{8,78,57}$ = 16.718452859669426 dB
	 $y_{8,78,58}$ = 22.19561645114625 dB
	 $y_{8,78,59}$ = 17.457095678256337 dB
	 $y_{8,78,69}$ = 27.262470759525343 dB
	 $y_{8,78,79}$ = 28.26566796325524 dB
	 $y_{8,78,89}$ = 24.761701270895713 dB
	 $y_{8,78,99}$ = 16.94293004484662 dB
	 $y_{8,78,77}$ = 27.889922593573175 dB
		SNR medio:  16.49944160192437
		Usuarios totais: 11
$x_{8,96}$
	 $y_{8,96,97}$ = 27.17861551137264 dB
	 $y_{8,96,98}$ = 19.95425069939965 dB
	 $y_{8,96,23}$ = 15.137156717735479 dB
	 $y_{8,96,76}$ = 25.46209305498013 dB
	 $y_{8,96,95}$ = 27.007632281489492 dB
	 $y_{8,96,96}$ = 86.98792277528997 dB
		SNR medio:  20.172767104026736
		Usuarios totais: 10
Distances:
13 : 19 = 2400.0
13 : 26 = 1264.9110640673518
13 : 30 = 1442.2205101855957
13 : 54 = 1649.2422502470642
13 : 72 = 2433.105012119288
13 : 78 = 3124.099870362662
13 : 96 = 3417.6014981270123
19 : 26 = 1264.9110640673518
19 : 30 = 3687.817782917155
19 : 54 = 2561.2496949731394
19 : 72 = 3687.817782917155
19 : 78 = 2433.105012119288
19 : 96 = 3417.6014981270123
26 : 30 = 2433.105012119288
26 : 54 = 1442.2205101855957
26 : 72 = 2561.2496949731394
26 : 78 = 2154.0659228538016
26 : 96 = 2800.0
30 : 54 = 1788.8543819998317
30 : 72 = 1788.8543819998317
30 : 78 = 3577.7087639996635
30 : 96 = 3394.1125496954282
54 : 72 = 1131.370849898476
54 : 78 = 1788.8543819998317
54 : 96 = 1788.8543819998317
72 : 78 = 2400.0
72 : 96 = 1788.8543819998317
78 : 96 = 1131.370849898476
t=9
Antennas: [13 19 26 30 54 72 78 96]
Users: [ 0  1  4  6  7  9 13 14 15 20 22 27 28 31 34 39 40 41 42 48 54 57 58 59
 61 63 64 65 67 73 74 75 76 78 80 82 85 87 89 92 93 94 95 96 98]
MinSINR:  31.622776601683793
$x_{9,13}$
	 $y_{9,13,0}$ = 15.662937316751055 dB
	 $y_{9,13,1}$ = 17.34022481288207 dB
	 $y_{9,13,13}$ = 79.29048841157746 dB
	 $y_{9,13,14}$ = 28.21902140562605 dB
	 $y_{9,13,22}$ = 23.287533557122174 dB
	 $y_{9,13,4}$ = 20.417738056668114 dB
	 $y_{9,13,15}$ = 22.05121328488687 dB
	 $y_{9,13,20}$ = 15.151864987831544 dB
	 $y_{9,13,34}$ = 15.27374175201139 dB
		SNR medio:  21.517705780486974
		Usuarios totais: 11
$x_{9,19}$
	 $y_{9,19,7}$ = 16.712290574649884 dB
	 $y_{9,19,9}$ = 33.67565753276422 dB
	 $y_{9,19,27}$ = 18.056184981766506 dB
	 $y_{9,19,28}$ = 30.828794393950247 dB
	 $y_{9,19,39}$ = 15.558806076135255 dB
		SNR medio:  11.483173355926612
		Usuarios totais: 10
$x_{9,26}$
	 $y_{9,26,6}$ = 22.702385468021888 dB
	 $y_{9,26,48}$ = 17.638131990282503 dB
		SNR medio:  20.170258729152195
		Usuarios totais: 2
$x_{9,30}$
	 $y_{9,30,40}$ = 30.459214787266248 dB
	 $y_{9,30,31}$ = 42.56572105046769 dB
		SNR medio:  36.51246791886697
		Usuarios totais: 2
$x_{9,54}$
	 $y_{9,54,54}$ = 86.04645295509955 dB
		SNR medio:  86.04645295509955
		Usuarios totais: 1
$x_{9,72}$
	 $y_{9,72,61}$ = 23.290595390295735 dB
	 $y_{9,72,73}$ = 30.38028270286142 dB
	 $y_{9,72,80}$ = 19.254956839611964 dB
	 $y_{9,72,82}$ = 36.7237004690257 dB
	 $y_{9,72,92}$ = 18.05329146174786 dB
	 $y_{9,72,41}$ = 15.923729128817357 dB
	 $y_{9,72,64}$ = 18.350484916449858 dB
	 $y_{9,72,74}$ = 21.485770655064158 dB
	 $y_{9,72,42}$ = 15.659864198540234 dB
	 $y_{9,72,63}$ = 28.98049773502109 dB
	 $y_{9,72,65}$ = 16.27903027178948 dB
		SNR medio:  15.273887735576555
		Usuarios totais: 16
$x_{9,78}$
	 $y_{9,78,57}$ = 16.718452859669426 dB
	 $y_{9,78,58}$ = 22.19561645114625 dB
	 $y_{9,78,59}$ = 17.457095678256337 dB
	 $y_{9,78,67}$ = 18.751080819964045 dB
	 $y_{9,78,89}$ = 24.761701270895713 dB
	 $y_{9,78,78}$ = 90.16713008059696 dB
	 $y_{9,78,85}$ = 15.048747305764167 dB
	 $y_{9,78,87}$ = 22.219635820851536 dB
		SNR medio:  18.943288357262034
		Usuarios totais: 12
$x_{9,96}$
	 $y_{9,96,75}$ = 25.22776283282768 dB
	 $y_{9,96,93}$ = 17.10399116179552 dB
	 $y_{9,96,94}$ = 18.38883743573652 dB
	 $y_{9,96,98}$ = 19.95425069939965 dB
	 $y_{9,96,76}$ = 25.46209305498013 dB
	 $y_{9,96,95}$ = 27.007632281489492 dB
	 $y_{9,96,96}$ = 86.98792277528997 dB
		SNR medio:  27.51656128018987
		Usuarios totais: 8
Distances:
13 : 19 = 2400.0
13 : 26 = 1264.9110640673518
13 : 30 = 1442.2205101855957
13 : 54 = 1649.2422502470642
13 : 72 = 2433.105012119288
13 : 78 = 3124.099870362662
13 : 96 = 3417.6014981270123
19 : 26 = 1264.9110640673518
19 : 30 = 3687.817782917155
19 : 54 = 2561.2496949731394
19 : 72 = 3687.817782917155
19 : 78 = 2433.105012119288
19 : 96 = 3417.6014981270123
26 : 30 = 2433.105012119288
26 : 54 = 1442.2205101855957
26 : 72 = 2561.2496949731394
26 : 78 = 2154.0659228538016
26 : 96 = 2800.0
30 : 54 = 1788.8543819998317
30 : 72 = 1788.8543819998317
30 : 78 = 3577.7087639996635
30 : 96 = 3394.1125496954282
54 : 72 = 1131.370849898476
54 : 78 = 1788.8543819998317
54 : 96 = 1788.8543819998317
72 : 78 = 2400.0
72 : 96 = 1788.8543819998317
78 : 96 = 1131.370849898476
t=10
Antennas: [13 19 26 30 54 72 78 96]
Users: [ 0  1  3  4 12 15 25 28 34 37 38 47 49 50 57 62 63 65 67 68 71 80 81 82
 86 90 96 97 98 99]
MinSINR:  31.622776601683793
$x_{10,13}$
	 $y_{10,13,0}$ = 15.662937316751055 dB
	 $y_{10,13,1}$ = 17.34022481288207 dB
	 $y_{10,13,12}$ = 27.290464560504404 dB
	 $y_{10,13,3}$ = 33.18540546017496 dB
	 $y_{10,13,4}$ = 20.417738056668114 dB
	 $y_{10,13,15}$ = 22.05121328488687 dB
	 $y_{10,13,34}$ = 15.27374175201139 dB
	 $y_{10,13,25}$ = 18.977247920797225 dB
		SNR medio:  14.18324776372301
		Usuarios totais: 12
$x_{10,19}$
	 $y_{10,19,49}$ = 15.702738377477033 dB
	 $y_{10,19,28}$ = 30.828794393950247 dB
	 $y_{10,19,37}$ = 21.096470520113158 dB
	 $y_{10,19,38}$ = 16.63839915219765 dB
		SNR medio:  21.066600610934522
		Usuarios totais: 4
$x_{10,26}$
	 $y_{10,26,47}$ = 15.155587394859609 dB
		SNR medio:  15.155587394859609
		Usuarios totais: 1
$x_{10,30}$
	 $y_{10,30,50}$ = 23.08107153503957 dB
		SNR medio:  11.540535767519785
		Usuarios totais: 2
$x_{10,54}$
		Usuarios totais: 0
$x_{10,72}$
	 $y_{10,72,71}$ = 36.65889957596765 dB
	 $y_{10,72,80}$ = 19.254956839611964 dB
	 $y_{10,72,81}$ = 26.805513124506987 dB
	 $y_{10,72,82}$ = 36.7237004690257 dB
	 $y_{10,72,90}$ = 17.100390895807138 dB
	 $y_{10,72,62}$ = 25.95969122680154 dB
	 $y_{10,72,63}$ = 28.98049773502109 dB
	 $y_{10,72,65}$ = 16.27903027178948 dB
		SNR medio:  25.970335017316444
		Usuarios totais: 8
$x_{10,78}$
	 $y_{10,78,57}$ = 16.718452859669426 dB
	 $y_{10,78,67}$ = 18.751080819964045 dB
	 $y_{10,78,68}$ = 27.820292832279307 dB
	 $y_{10,78,99}$ = 16.94293004484662 dB
		SNR medio:  16.04655131135188
		Usuarios totais: 5
$x_{10,96}$
	 $y_{10,96,86}$ = 33.40080092595028 dB
	 $y_{10,96,97}$ = 27.17861551137264 dB
	 $y_{10,96,98}$ = 19.95425069939965 dB
	 $y_{10,96,96}$ = 86.98792277528997 dB
		SNR medio:  33.504317982402505
		Usuarios totais: 5
Distances:
13 : 19 = 2400.0
13 : 26 = 1264.9110640673518
13 : 30 = 1442.2205101855957
13 : 54 = 1649.2422502470642
13 : 72 = 2433.105012119288
13 : 78 = 3124.099870362662
13 : 96 = 3417.6014981270123
19 : 26 = 1264.9110640673518
19 : 30 = 3687.817782917155
19 : 54 = 2561.2496949731394
19 : 72 = 3687.817782917155
19 : 78 = 2433.105012119288
19 : 96 = 3417.6014981270123
26 : 30 = 2433.105012119288
26 : 54 = 1442.2205101855957
26 : 72 = 2561.2496949731394
26 : 78 = 2154.0659228538016
26 : 96 = 2800.0
30 : 54 = 1788.8543819998317
30 : 72 = 1788.8543819998317
30 : 78 = 3577.7087639996635
30 : 96 = 3394.1125496954282
54 : 72 = 1131.370849898476
54 : 78 = 1788.8543819998317
54 : 96 = 1788.8543819998317
72 : 78 = 2400.0
72 : 96 = 1788.8543819998317
78 : 96 = 1131.370849898476
t=11
Antennas: [13 19 26 30 54 72 78 96]
Users: [ 5 28 30 36 47 56 71 75 81 95]
MinSINR:  31.622776601683793
$x_{11,13}$
		Usuarios totais: 0
$x_{11,19}$
		Usuarios totais: 0
$x_{11,26}$
	 $y_{11,26,5}$ = 20.03047791941485 dB
	 $y_{11,26,36}$ = 31.616463909196113 dB
	 $y_{11,26,47}$ = 15.155587394859609 dB
	 $y_{11,26,28}$ = 18.377991019096143 dB
		SNR medio:  21.29513006064168
		Usuarios totais: 4
$x_{11,30}$
	 $y_{11,30,30}$ = 89.20853812881992 dB
		SNR medio:  89.20853812881992
		Usuarios totais: 1
$x_{11,54}$
	 $y_{11,54,56}$ = 21.48968764173941 dB
		SNR medio:  21.48968764173941
		Usuarios totais: 1
$x_{11,72}$
	 $y_{11,72,71}$ = 36.65889957596765 dB
	 $y_{11,72,81}$ = 26.805513124506987 dB
		SNR medio:  31.73220635023732
		Usuarios totais: 2
$x_{11,78}$
		Usuarios totais: 0
$x_{11,96}$
	 $y_{11,96,75}$ = 25.22776283282768 dB
	 $y_{11,96,95}$ = 27.007632281489492 dB
		SNR medio:  26.117697557158586
		Usuarios totais: 2
Distances:
13 : 19 = 2400.0
13 : 26 = 1264.9110640673518
13 : 30 = 1442.2205101855957
13 : 54 = 1649.2422502470642
13 : 72 = 2433.105012119288
13 : 78 = 3124.099870362662
13 : 96 = 3417.6014981270123
19 : 26 = 1264.9110640673518
19 : 30 = 3687.817782917155
19 : 54 = 2561.2496949731394
19 : 72 = 3687.817782917155
19 : 78 = 2433.105012119288
19 : 96 = 3417.6014981270123
26 : 30 = 2433.105012119288
26 : 54 = 1442.2205101855957
26 : 72 = 2561.2496949731394
26 : 78 = 2154.0659228538016
26 : 96 = 2800.0
30 : 54 = 1788.8543819998317
30 : 72 = 1788.8543819998317
30 : 78 = 3577.7087639996635
30 : 96 = 3394.1125496954282
54 : 72 = 1131.370849898476
54 : 78 = 1788.8543819998317
54 : 96 = 1788.8543819998317
72 : 78 = 2400.0
72 : 96 = 1788.8543819998317
78 : 96 = 1131.370849898476
--- Done after 0.17400443229410384 hours. ---
