-------------Calculating Solution (this may take a while)
+++++++++++++++++++Min Sinr: 15 dB (fixed)
+++++++++++++++++++With backhaul constraint. Start: 2022-11-12 13:54:45

Parameters:
- chosen seed 3
- Map with 100 sectors
- Map 4000 x 4000 m
- Sector has a side of 400 m
- Max time:  12
- users_t_m:  [[0, 0, 0, 0, 0, 0, 0, 0, 0, 0, 0, 0, 0, 0, 0, 0, 0, 0, 0, 0, 0, 0, 0, 0, 0, 0, 0, 0, 0, 0, 0, 0, 0, 0, 0, 0, 0, 0, 0, 0, 0, 0, 15, 2, 0, 0, 0, 0, 0, 0, 0, 0, 17, 4, 0, 0, 0, 0, 0, 0, 0, 0, 0, 0, 0, 0, 0, 0, 0, 0, 0, 0, 0, 0, 0, 0, 0, 0, 0, 0, 0, 0, 0, 0, 0, 0, 0, 0, 0, 0, 0, 0, 0, 0, 0, 0, 0, 0, 0, 0], [0, 0, 1, 0, 1, 0, 1, 1, 1, 0, 1, 0, 0, 1, 1, 0, 0, 0, 1, 2, 0, 1, 0, 0, 1, 1, 3, 0, 0, 0, 0, 0, 0, 0, 0, 0, 0, 0, 0, 2, 0, 0, 10, 2, 2, 0, 1, 0, 0, 1, 0, 0, 11, 2, 0, 0, 0, 0, 1, 0, 1, 0, 1, 2, 0, 1, 1, 1, 0, 0, 0, 0, 0, 0, 0, 0, 0, 0, 0, 0, 0, 0, 0, 2, 0, 0, 0, 1, 1, 1, 0, 0, 0, 1, 0, 1, 2, 0, 1, 0], [0, 0, 0, 1, 1, 1, 0, 2, 1, 3, 1, 2, 1, 1, 0, 0, 0, 0, 1, 0, 1, 1, 1, 0, 0, 0, 1, 0, 1, 2, 0, 0, 2, 0, 1, 0, 1, 1, 1, 0, 0, 0, 17, 1, 0, 2, 1, 1, 2, 0, 2, 1, 13, 3, 1, 1, 0, 1, 0, 0, 1, 1, 0, 1, 1, 0, 1, 0, 0, 2, 0, 2, 0, 1, 1, 1, 1, 2, 0, 0, 0, 0, 0, 0, 0, 0, 0, 1, 2, 1, 0, 0, 0, 1, 0, 0, 2, 1, 0, 1], [3, 3, 3, 1, 2, 1, 0, 0, 0, 0, 1, 1, 0, 0, 0, 2, 3, 1, 1, 0, 2, 3, 1, 1, 2, 1, 1, 1, 0, 0, 1, 0, 1, 0, 1, 0, 1, 0, 1, 0, 0, 0, 19, 2, 0, 2, 1, 1, 0, 1, 0, 2, 5, 3, 2, 1, 1, 0, 2, 1, 1, 1, 5, 0, 0, 0, 1, 1, 2, 1, 0, 1, 0, 1, 2, 0, 3, 1, 0, 3, 4, 0, 0, 0, 3, 1, 0, 1, 0, 0, 0, 2, 2, 1, 1, 2, 0, 2, 1, 1], [2, 0, 2, 0, 3, 3, 1, 3, 2, 1, 0, 2, 1, 1, 2, 0, 1, 2, 1, 1, 2, 1, 2, 3, 2, 3, 2, 0, 0, 0, 1, 1, 1, 1, 1, 0, 1, 0, 1, 2, 0, 1, 12, 4, 0, 0, 1, 1, 3, 1, 3, 1, 11, 3, 0, 0, 2, 0, 3, 3, 4, 2, 1, 2, 0, 1, 0, 1, 1, 2, 1, 3, 4, 0, 1, 3, 0, 2, 0, 1, 4, 1, 0, 3, 0, 2, 1, 0, 3, 0, 1, 1, 1, 1, 0, 1, 1, 0, 0, 4], [3, 2, 1, 0, 0, 1, 1, 1, 2, 1, 2, 3, 4, 1, 1, 1, 2, 2, 0, 1, 1, 0, 1, 0, 0, 2, 1, 1, 1, 0, 1, 3, 1, 4, 3, 1, 1, 1, 1, 2, 1, 3, 17, 4, 2, 1, 2, 0, 4, 2, 1, 0, 8, 5, 2, 3, 1, 3, 1, 2, 1, 0, 0, 1, 3, 3, 4, 1, 0, 1, 0, 2, 1, 1, 1, 1, 4, 6, 1, 2, 1, 1, 1, 3, 3, 2, 0, 2, 0, 0, 1, 4, 0, 5, 3, 0, 2, 0, 2, 1], [1, 4, 0, 0, 1, 0, 3, 2, 2, 0, 0, 1, 0, 1, 4, 1, 2, 4, 1, 2, 0, 2, 1, 0, 1, 1, 1, 4, 2, 2, 2, 1, 6, 1, 1, 2, 2, 3, 2, 0, 0, 1, 1, 2, 2, 0, 1, 0, 2, 0, 5, 0, 1, 1, 2, 1, 3, 0, 3, 1, 3, 2, 1, 1, 2, 1, 1, 2, 0, 0, 0, 3, 0, 1, 1, 3, 3, 3, 3, 1, 2, 0, 1, 3, 2, 2, 1, 3, 1, 1, 0, 0, 3, 3, 1, 1, 0, 0, 5, 2], [1, 1, 3, 3, 1, 0, 1, 0, 0, 2, 1, 0, 1, 2, 2, 4, 3, 0, 0, 1, 3, 1, 1, 1, 0, 2, 1, 0, 1, 1, 1, 5, 3, 0, 0, 2, 1, 2, 0, 1, 1, 1, 1, 2, 0, 1, 1, 0, 0, 0, 0, 0, 1, 1, 0, 3, 4, 1, 0, 3, 0, 2, 2, 0, 1, 0, 1, 0, 0, 2, 0, 1, 1, 0, 2, 1, 2, 2, 2, 1, 0, 0, 1, 1, 1, 0, 1, 1, 2, 2, 2, 2, 0, 4, 1, 3, 1, 4, 0, 2], [0, 1, 0, 0, 1, 0, 2, 1, 3, 0, 1, 2, 2, 2, 2, 1, 2, 1, 3, 0, 2, 0, 1, 1, 2, 0, 0, 0, 2, 1, 0, 1, 1, 2, 0, 0, 0, 1, 1, 0, 2, 3, 0, 1, 0, 0, 0, 0, 1, 0, 2, 1, 1, 1, 0, 1, 2, 0, 3, 4, 2, 0, 2, 1, 0, 1, 2, 0, 1, 1, 2, 0, 1, 1, 0, 1, 1, 1, 1, 0, 3, 3, 0, 0, 0, 0, 0, 0, 1, 1, 0, 0, 1, 1, 1, 2, 1, 1, 0, 0], [0, 1, 1, 0, 0, 0, 1, 3, 3, 4, 1, 0, 0, 2, 0, 1, 0, 0, 0, 2, 0, 0, 3, 1, 1, 1, 0, 1, 1, 0, 0, 2, 0, 0, 0, 0, 1, 1, 0, 1, 0, 0, 0, 0, 1, 1, 1, 1, 0, 0, 0, 0, 0, 0, 0, 1, 0, 2, 0, 2, 0, 1, 0, 0, 0, 0, 0, 1, 1, 0, 3, 0, 1, 0, 1, 1, 0, 2, 0, 1, 2, 0, 0, 0, 3, 1, 1, 3, 0, 0, 0, 1, 1, 0, 0, 0, 1, 1, 2, 0], [0, 2, 1, 0, 0, 1, 0, 1, 0, 0, 1, 1, 0, 0, 1, 0, 0, 0, 0, 0, 1, 0, 1, 0, 0, 0, 0, 0, 0, 0, 0, 0, 0, 0, 1, 0, 0, 0, 0, 0, 1, 0, 0, 0, 0, 0, 0, 2, 0, 0, 0, 1, 1, 2, 1, 1, 1, 0, 2, 0, 0, 1, 0, 0, 0, 0, 1, 0, 0, 0, 0, 0, 1, 0, 1, 1, 0, 0, 0, 2, 0, 0, 0, 1, 0, 0, 1, 1, 2, 0, 1, 0, 1, 0, 0, 0, 1, 0, 1, 0], [0, 0, 0, 0, 0, 0, 0, 0, 0, 0, 1, 0, 0, 0, 1, 0, 0, 0, 0, 0, 1, 0, 0, 0, 0, 0, 0, 0, 0, 0, 0, 1, 0, 0, 0, 0, 0, 0, 0, 0, 0, 0, 0, 0, 0, 0, 0, 0, 0, 1, 0, 1, 0, 0, 0, 0, 0, 0, 0, 0, 0, 0, 0, 0, 0, 1, 0, 0, 0, 1, 0, 0, 0, 0, 0, 0, 0, 0, 0, 0, 0, 0, 0, 0, 0, 0, 0, 0, 0, 0, 1, 0, 0, 0, 0, 0, 0, 0, 0, 0]]
MAX_USER_PER_ANTENNAS_m:  [60, 60, 60, 60, 60, 60, 60, 60, 60, 60, 60, 60, 60, 60, 60, 60, 60, 60, 60, 60, 60, 60, 60, 60, 60, 60, 60, 60, 60, 60, 60, 60, 60, 60, 60, 60, 60, 60, 60, 60, 60, 60, 60, 60, 60, 60, 60, 60, 60, 60, 60, 60, 60, 60, 60, 60, 60, 60, 60, 60, 60, 60, 60, 60, 60, 60, 60, 60, 60, 60, 60, 60, 60, 60, 60, 60, 60, 60, 60, 60, 60, 60, 60, 60, 60, 60, 60, 60, 60, 60, 60, 60, 60, 60, 60, 60, 60, 60, 60, 60]
antennas_map_m:  [1, 1, 1, 1, 1, 1, 1, 1, 1, 1, 1, 1, 1, 1, 1, 1, 1, 1, 1, 1, 1, 1, 1, 1, 1, 1, 1, 1, 1, 1, 1, 1, 1, 1, 1, 1, 1, 1, 1, 1, 1, 1, 1, 1, 1, 1, 1, 1, 1, 1, 1, 1, 1, 1, 1, 1, 1, 1, 1, 1, 1, 1, 1, 1, 1, 1, 1, 1, 1, 1, 1, 1, 1, 1, 1, 1, 1, 1, 1, 1, 1, 1, 1, 1, 1, 1, 1, 1, 1, 1, 1, 1, 1, 1, 1, 1, 1, 1, 1, 1]
FIRST_ANTENNA:  82
MIN_SNR_m:  [31.622776601683793, 31.622776601683793, 31.622776601683793, 31.622776601683793, 31.622776601683793, 31.622776601683793, 31.622776601683793, 31.622776601683793, 31.622776601683793, 31.622776601683793, 31.622776601683793, 31.622776601683793, 31.622776601683793, 31.622776601683793, 31.622776601683793, 31.622776601683793, 31.622776601683793, 31.622776601683793, 31.622776601683793, 31.622776601683793, 31.622776601683793, 31.622776601683793, 31.622776601683793, 31.622776601683793, 31.622776601683793, 31.622776601683793, 31.622776601683793, 31.622776601683793, 31.622776601683793, 31.622776601683793, 31.622776601683793, 31.622776601683793, 31.622776601683793, 31.622776601683793, 31.622776601683793, 31.622776601683793, 31.622776601683793, 31.622776601683793, 31.622776601683793, 31.622776601683793, 31.622776601683793, 31.622776601683793, 31.622776601683793, 31.622776601683793, 31.622776601683793, 31.622776601683793, 31.622776601683793, 31.622776601683793, 31.622776601683793, 31.622776601683793, 31.622776601683793, 31.622776601683793, 31.622776601683793, 31.622776601683793, 31.622776601683793, 31.622776601683793, 31.622776601683793, 31.622776601683793, 31.622776601683793, 31.622776601683793, 31.622776601683793, 31.622776601683793, 31.622776601683793, 31.622776601683793, 31.622776601683793, 31.622776601683793, 31.622776601683793, 31.622776601683793, 31.622776601683793, 31.622776601683793, 31.622776601683793, 31.622776601683793, 31.622776601683793, 31.622776601683793, 31.622776601683793, 31.622776601683793, 31.622776601683793, 31.622776601683793, 31.622776601683793, 31.622776601683793, 31.622776601683793, 31.622776601683793, 31.622776601683793, 31.622776601683793, 31.622776601683793, 31.622776601683793, 31.622776601683793, 31.622776601683793, 31.622776601683793, 31.622776601683793, 31.622776601683793, 31.622776601683793, 31.622776601683793, 31.622776601683793, 31.622776601683793, 31.622776601683793, 31.622776601683793, 31.622776601683793, 31.622776601683793, 31.622776601683793]
-MIN_DIST:  2000
- disaster percentage:  0

Média de carros: 7.5
t=0
$x_{0,54}$
	 $y_{0,54,42}$ = 21.814628451695896 dB
	 $y_{0,54,43}$ = 23.485335826192838 dB
	 $y_{0,54,52}$ = 17.500526802031786 dB
	 $y_{0,54,53}$ = 38.99375307470854 dB
		SNR medio: 33.203067849116515
		Usuarios totais: 38
$x_{0,82}$
		Usuarios totais: 0
Distances:
54 : 82 = 1442.2205101855957
t=1
$x_{1,11}$
	 $y_{1,11,2}$ = 24.33010676694228 dB
	 $y_{1,11,10}$ = 33.98558841435465 dB
	 $y_{1,11,21}$ = 31.740077729393548 dB
	 $y_{1,11,43}$ = 18.644417563589386 dB
		SNR medio: 30.354897844389768
		Usuarios totais: 5
$x_{1,14}$
	 $y_{1,14,4}$ = 36.081010932258835 dB
	 $y_{1,14,13}$ = 29.730579395360607 dB
	 $y_{1,14,14}$ = 90.47195497882083 dB
	 $y_{1,14,24}$ = 25.617379657609675 dB
		SNR medio: 84.45137594820714
		Usuarios totais: 4
$x_{1,17}$
	 $y_{1,17,6}$ = 25.8018630668127 dB
	 $y_{1,17,7}$ = 29.130309023555313 dB
	 $y_{1,17,8}$ = 23.498822694836832 dB
	 $y_{1,17,18}$ = 31.709785765902495 dB
	 $y_{1,17,19}$ = 16.968649364950423 dB
	 $y_{1,17,25}$ = 22.257041577992197 dB
	 $y_{1,17,26}$ = 23.9139089051598 dB
	 $y_{1,17,46}$ = 17.266393216166477 dB
		SNR medio: 26.312649561397645
		Usuarios totais: 11
$x_{1,49}$
	 $y_{1,49,39}$ = 31.682619416580835 dB
	 $y_{1,49,49}$ = 88.12592172890419 dB
	 $y_{1,49,58}$ = 28.068776864271257 dB
		SNR medio: 83.35472331826367
		Usuarios totais: 4
$x_{1,54}$
	 $y_{1,54,44}$ = 26.744851251936993 dB
	 $y_{1,54,65}$ = 28.99421886759727 dB
		SNR medio: 28.01356440831181
		Usuarios totais: 3
$x_{1,61}$
	 $y_{1,61,42}$ = 19.985245834223264 dB
	 $y_{1,61,52}$ = 28.535012124202183 dB
	 $y_{1,61,53}$ = 20.275801131802865 dB
	 $y_{1,61,60}$ = 30.852568086024846 dB
	 $y_{1,61,62}$ = 29.153302689597567 dB
		SNR medio: 27.722728665233596
		Usuarios totais: 25
$x_{1,82}$
	 $y_{1,82,63}$ = 19.915185123959077 dB
	 $y_{1,82,83}$ = 31.59056524922906 dB
	 $y_{1,82,93}$ = 19.699018290227002 dB
		SNR medio: 27.360439852116638
		Usuarios totais: 5
$x_{1,87}$
	 $y_{1,87,66}$ = 17.656458278201782 dB
	 $y_{1,87,67}$ = 16.053420290287292 dB
	 $y_{1,87,87}$ = 87.37844942147231 dB
	 $y_{1,87,88}$ = 27.36736027952456 dB
	 $y_{1,87,89}$ = 16.676741077959335 dB
	 $y_{1,87,95}$ = 18.906091157383315 dB
	 $y_{1,87,96}$ = 27.59217071198846 dB
	 $y_{1,87,98}$ = 22.605709933692978 dB
		SNR medio: 78.34756166253209
		Usuarios totais: 9
Distances:
11 : 14 = 1200.0
11 : 17 = 2400.0
11 : 49 = 3417.6014981270123
11 : 54 = 2000.0
11 : 61 = 2000.0
11 : 82 = 2828.42712474619
11 : 87 = 3687.817782917155
14 : 17 = 1200.0
14 : 49 = 2332.38075793812
14 : 54 = 1600.0
14 : 61 = 2332.38075793812
14 : 82 = 2912.043955712207
14 : 87 = 3046.3092423455632
17 : 49 = 1442.2205101855957
17 : 54 = 2000.0
17 : 61 = 3124.099870362662
17 : 82 = 3440.9301068170507
17 : 87 = 2800.0
49 : 54 = 2039.607805437114
49 : 61 = 3298.4845004941285
49 : 82 = 3224.9030993194197
49 : 87 = 1788.8543819998317
54 : 61 = 1264.9110640673518
54 : 82 = 1442.2205101855957
54 : 87 = 1697.0562748477141
61 : 82 = 894.4271909999159
61 : 87 = 2529.8221281347037
82 : 87 = 2000.0
t=2
$x_{2,11}$
	 $y_{2,11,10}$ = 33.98558841435465 dB
	 $y_{2,11,11}$ = 91.88196780169204 dB
	 $y_{2,11,12}$ = 35.46992535017188 dB
	 $y_{2,11,20}$ = 29.680580371059605 dB
	 $y_{2,11,21}$ = 31.740077729393548 dB
		SNR medio: 84.89229154852993
		Usuarios totais: 6
$x_{2,14}$
	 $y_{2,14,3}$ = 23.710919335668507 dB
	 $y_{2,14,5}$ = 26.113135359389332 dB
	 $y_{2,14,13}$ = 29.730579395360607 dB
	 $y_{2,14,34}$ = 18.90427893769116 dB
		SNR medio: 26.18355975541078
		Usuarios totais: 4
$x_{2,17}$
	 $y_{2,17,4}$ = 17.845691205187066 dB
	 $y_{2,17,7}$ = 29.130309023555313 dB
	 $y_{2,17,8}$ = 23.498822694836832 dB
	 $y_{2,17,9}$ = 17.33053141348178 dB
	 $y_{2,17,18}$ = 31.709785765902495 dB
	 $y_{2,17,26}$ = 23.9139089051598 dB
	 $y_{2,17,28}$ = 28.453348540009443 dB
	 $y_{2,17,29}$ = 16.75596294672249 dB
	 $y_{2,17,36}$ = 18.157632539389184 dB
	 $y_{2,17,37}$ = 15.81669511443667 dB
	 $y_{2,17,38}$ = 24.790619581212823 dB
		SNR medio: 25.648501848591284
		Usuarios totais: 15
$x_{2,49}$
	 $y_{2,49,47}$ = 19.76907159886673 dB
	 $y_{2,49,48}$ = 30.022266125277795 dB
	 $y_{2,49,57}$ = 21.123503788368296 dB
	 $y_{2,49,69}$ = 17.3224245358945 dB
		SNR medio: 25.063246927698234
		Usuarios totais: 6
$x_{2,54}$
	 $y_{2,54,22}$ = 18.86993843126767 dB
	 $y_{2,54,32}$ = 15.83512805479684 dB
	 $y_{2,54,42}$ = 21.814628451695896 dB
	 $y_{2,54,43}$ = 23.485335826192838 dB
	 $y_{2,54,45}$ = 25.591333887473837 dB
	 $y_{2,54,46}$ = 16.968612732236622 dB
	 $y_{2,54,52}$ = 17.500526802031786 dB
	 $y_{2,54,53}$ = 38.99375307470854 dB
	 $y_{2,54,54}$ = 86.79445437115974 dB
	 $y_{2,54,55}$ = 30.65411438810132 dB
	 $y_{2,54,64}$ = 29.68320883833408 dB
	 $y_{2,54,73}$ = 17.049703339057345 dB
	 $y_{2,54,75}$ = 20.963624613203123 dB
		SNR medio: 75.65512222386099
		Usuarios totais: 45
$x_{2,61}$
	 $y_{2,61,50}$ = 20.53094920737567 dB
	 $y_{2,61,51}$ = 21.354776053104757 dB
	 $y_{2,61,60}$ = 30.852568086024846 dB
	 $y_{2,61,61}$ = 89.02685893884669 dB
		SNR medio: 83.00626699422993
		Usuarios totais: 5
$x_{2,82}$
	 $y_{2,82,63}$ = 19.915185123959077 dB
	 $y_{2,82,71}$ = 20.76615198360055 dB
	 $y_{2,82,74}$ = 15.007010308156595 dB
	 $y_{2,82,93}$ = 19.699018290227002 dB
		SNR medio: 19.32394199558019
		Usuarios totais: 5
$x_{2,87}$
	 $y_{2,87,66}$ = 17.656458278201782 dB
	 $y_{2,87,76}$ = 18.72752688139248 dB
	 $y_{2,87,77}$ = 25.56952902029427 dB
	 $y_{2,87,87}$ = 87.37844942147231 dB
	 $y_{2,87,88}$ = 27.36736027952456 dB
	 $y_{2,87,89}$ = 16.676741077959335 dB
	 $y_{2,87,96}$ = 27.59217071198846 dB
	 $y_{2,87,97}$ = 36.57201781073779 dB
	 $y_{2,87,99}$ = 16.47310310983785 dB
		SNR medio: 77.83607393131297
		Usuarios totais: 12
Distances:
11 : 14 = 1200.0
11 : 17 = 2400.0
11 : 49 = 3417.6014981270123
11 : 54 = 2000.0
11 : 61 = 2000.0
11 : 82 = 2828.42712474619
11 : 87 = 3687.817782917155
14 : 17 = 1200.0
14 : 49 = 2332.38075793812
14 : 54 = 1600.0
14 : 61 = 2332.38075793812
14 : 82 = 2912.043955712207
14 : 87 = 3046.3092423455632
17 : 49 = 1442.2205101855957
17 : 54 = 2000.0
17 : 61 = 3124.099870362662
17 : 82 = 3440.9301068170507
17 : 87 = 2800.0
49 : 54 = 2039.607805437114
49 : 61 = 3298.4845004941285
49 : 82 = 3224.9030993194197
49 : 87 = 1788.8543819998317
54 : 61 = 1264.9110640673518
54 : 82 = 1442.2205101855957
54 : 87 = 1697.0562748477141
61 : 82 = 894.4271909999159
61 : 87 = 2529.8221281347037
82 : 87 = 2000.0
t=3
$x_{3,11}$
	 $y_{3,11,0}$ = 21.67302306845525 dB
	 $y_{3,11,1}$ = 23.117960799087527 dB
	 $y_{3,11,2}$ = 24.33010676694228 dB
	 $y_{3,11,10}$ = 33.98558841435465 dB
	 $y_{3,11,11}$ = 91.88196780169204 dB
	 $y_{3,11,20}$ = 29.680580371059605 dB
	 $y_{3,11,21}$ = 31.740077729393548 dB
	 $y_{3,11,22}$ = 28.6281825485501 dB
	 $y_{3,11,30}$ = 21.106414924863387 dB
	 $y_{3,11,32}$ = 25.19900690728035 dB
	 $y_{3,11,43}$ = 18.644417563589386 dB
		SNR medio: 81.46806012764984
		Usuarios totais: 21
$x_{3,14}$
	 $y_{3,14,3}$ = 23.710919335668507 dB
	 $y_{3,14,4}$ = 36.081010932258835 dB
	 $y_{3,14,5}$ = 26.113135359389332 dB
	 $y_{3,14,15}$ = 29.365004668218802 dB
	 $y_{3,14,23}$ = 24.66200226139317 dB
	 $y_{3,14,24}$ = 25.617379657609675 dB
	 $y_{3,14,26}$ = 19.77095606908675 dB
	 $y_{3,14,34}$ = 18.90427893769116 dB
		SNR medio: 29.026336199115207
		Usuarios totais: 11
$x_{3,17}$
	 $y_{3,17,16}$ = 31.54523806098493 dB
	 $y_{3,17,17}$ = 90.59961547026222 dB
	 $y_{3,17,18}$ = 31.709785765902495 dB
	 $y_{3,17,25}$ = 22.257041577992197 dB
	 $y_{3,17,27}$ = 31.850413747705332 dB
	 $y_{3,17,38}$ = 24.790619581212823 dB
		SNR medio: 82.81812154223731
		Usuarios totais: 8
$x_{3,49}$
	 $y_{3,49,47}$ = 19.76907159886673 dB
	 $y_{3,49,49}$ = 88.12592172890419 dB
	 $y_{3,49,58}$ = 28.068776864271257 dB
	 $y_{3,49,59}$ = 25.65594782027142 dB
	 $y_{3,49,68}$ = 22.037939818601956 dB
	 $y_{3,49,69}$ = 17.3224245358945 dB
		SNR medio: 80.34441803436886
		Usuarios totais: 8
$x_{3,54}$
	 $y_{3,54,36}$ = 18.527245560353578 dB
	 $y_{3,54,45}$ = 25.591333887473837 dB
	 $y_{3,54,46}$ = 16.968612732236622 dB
	 $y_{3,54,54}$ = 86.79445437115974 dB
	 $y_{3,54,55}$ = 30.65411438810132 dB
	 $y_{3,54,56}$ = 15.455827161959235 dB
	 $y_{3,54,73}$ = 17.049703339057345 dB
		SNR medio: 78.3434897041658
		Usuarios totais: 9
$x_{3,61}$
	 $y_{3,61,42}$ = 19.985245834223264 dB
	 $y_{3,61,51}$ = 21.354776053104757 dB
	 $y_{3,61,52}$ = 28.535012124202183 dB
	 $y_{3,61,53}$ = 20.275801131802865 dB
	 $y_{3,61,60}$ = 30.852568086024846 dB
	 $y_{3,61,61}$ = 89.02685893884669 dB
	 $y_{3,61,62}$ = 29.153302689597567 dB
		SNR medio: 80.57589536301123
		Usuarios totais: 36
$x_{3,82}$
	 $y_{3,82,71}$ = 20.76615198360055 dB
	 $y_{3,82,74}$ = 15.007010308156595 dB
	 $y_{3,82,80}$ = 19.55886179943056 dB
	 $y_{3,82,84}$ = 17.662471632151494 dB
	 $y_{3,82,91}$ = 26.54305920688502 dB
	 $y_{3,82,92}$ = 26.136114847754058 dB
	 $y_{3,82,93}$ = 19.699018290227002 dB
	 $y_{3,82,94}$ = 17.095536520717857 dB
		SNR medio: 22.128997971762686
		Usuarios totais: 16
$x_{3,87}$
	 $y_{3,87,66}$ = 17.656458278201782 dB
	 $y_{3,87,67}$ = 16.053420290287292 dB
	 $y_{3,87,76}$ = 18.72752688139248 dB
	 $y_{3,87,77}$ = 25.56952902029427 dB
	 $y_{3,87,79}$ = 18.08958120150939 dB
	 $y_{3,87,85}$ = 21.176946402050035 dB
	 $y_{3,87,87}$ = 87.37844942147231 dB
	 $y_{3,87,95}$ = 18.906091157383315 dB
	 $y_{3,87,97}$ = 36.57201781073779 dB
	 $y_{3,87,98}$ = 22.605709933692978 dB
	 $y_{3,87,99}$ = 16.47310310983785 dB
		SNR medio: 76.96456684841128
		Usuarios totais: 17
Distances:
11 : 14 = 1200.0
11 : 17 = 2400.0
11 : 49 = 3417.6014981270123
11 : 54 = 2000.0
11 : 61 = 2000.0
11 : 82 = 2828.42712474619
11 : 87 = 3687.817782917155
14 : 17 = 1200.0
14 : 49 = 2332.38075793812
14 : 54 = 1600.0
14 : 61 = 2332.38075793812
14 : 82 = 2912.043955712207
14 : 87 = 3046.3092423455632
17 : 49 = 1442.2205101855957
17 : 54 = 2000.0
17 : 61 = 3124.099870362662
17 : 82 = 3440.9301068170507
17 : 87 = 2800.0
49 : 54 = 2039.607805437114
49 : 61 = 3298.4845004941285
49 : 82 = 3224.9030993194197
49 : 87 = 1788.8543819998317
54 : 61 = 1264.9110640673518
54 : 82 = 1442.2205101855957
54 : 87 = 1697.0562748477141
61 : 82 = 894.4271909999159
61 : 87 = 2529.8221281347037
82 : 87 = 2000.0
t=4
$x_{4,11}$
	 $y_{4,11,0}$ = 21.67302306845525 dB
	 $y_{4,11,2}$ = 24.33010676694228 dB
	 $y_{4,11,11}$ = 91.88196780169204 dB
	 $y_{4,11,12}$ = 35.46992535017188 dB
	 $y_{4,11,20}$ = 29.680580371059605 dB
	 $y_{4,11,21}$ = 31.740077729393548 dB
	 $y_{4,11,30}$ = 21.106414924863387 dB
	 $y_{4,11,31}$ = 18.238821105054342 dB
	 $y_{4,11,32}$ = 25.19900690728035 dB
	 $y_{4,11,43}$ = 18.644417563589386 dB
		SNR medio: 81.88198740883296
		Usuarios totais: 17
$x_{4,14}$
	 $y_{4,14,5}$ = 26.113135359389332 dB
	 $y_{4,14,13}$ = 29.730579395360607 dB
	 $y_{4,14,14}$ = 90.47195497882083 dB
	 $y_{4,14,23}$ = 24.66200226139317 dB
	 $y_{4,14,24}$ = 25.617379657609675 dB
	 $y_{4,14,33}$ = 25.18359447304951 dB
	 $y_{4,14,34}$ = 18.90427893769116 dB
		SNR medio: 82.02098397957351
		Usuarios totais: 13
$x_{4,17}$
	 $y_{4,17,4}$ = 17.845691205187066 dB
	 $y_{4,17,6}$ = 25.8018630668127 dB
	 $y_{4,17,7}$ = 29.130309023555313 dB
	 $y_{4,17,8}$ = 23.498822694836832 dB
	 $y_{4,17,9}$ = 17.33053141348178 dB
	 $y_{4,17,16}$ = 31.54523806098493 dB
	 $y_{4,17,17}$ = 90.59961547026222 dB
	 $y_{4,17,18}$ = 31.709785765902495 dB
	 $y_{4,17,19}$ = 16.968649364950423 dB
	 $y_{4,17,25}$ = 22.257041577992197 dB
	 $y_{4,17,26}$ = 23.9139089051598 dB
	 $y_{4,17,36}$ = 18.157632539389184 dB
	 $y_{4,17,38}$ = 24.790619581212823 dB
	 $y_{4,17,46}$ = 17.266393216166477 dB
		SNR medio: 79.13835528249274
		Usuarios totais: 23
$x_{4,49}$
	 $y_{4,49,39}$ = 31.682619416580835 dB
	 $y_{4,49,47}$ = 19.76907159886673 dB
	 $y_{4,49,48}$ = 30.022266125277795 dB
	 $y_{4,49,49}$ = 88.12592172890419 dB
	 $y_{4,49,56}$ = 15.626877382998487 dB
	 $y_{4,49,58}$ = 28.068776864271257 dB
	 $y_{4,49,59}$ = 25.65594782027142 dB
	 $y_{4,49,68}$ = 22.037939818601956 dB
	 $y_{4,49,69}$ = 17.3224245358945 dB
		SNR medio: 78.58352225919135
		Usuarios totais: 18
$x_{4,54}$
	 $y_{4,54,22}$ = 18.86993843126767 dB
	 $y_{4,54,65}$ = 28.99421886759727 dB
	 $y_{4,54,74}$ = 19.07409237044689 dB
	 $y_{4,54,75}$ = 20.963624613203123 dB
		SNR medio: 24.297534603466016
		Usuarios totais: 7
$x_{4,61}$
	 $y_{4,61,41}$ = 17.253263280409797 dB
	 $y_{4,61,42}$ = 19.985245834223264 dB
	 $y_{4,61,50}$ = 20.53094920737567 dB
	 $y_{4,61,51}$ = 21.354776053104757 dB
	 $y_{4,61,52}$ = 28.535012124202183 dB
	 $y_{4,61,53}$ = 20.275801131802865 dB
	 $y_{4,61,60}$ = 30.852568086024846 dB
	 $y_{4,61,61}$ = 89.02685893884669 dB
	 $y_{4,61,62}$ = 29.153302689597567 dB
	 $y_{4,61,70}$ = 21.757366117021988 dB
		SNR medio: 79.02687748026233
		Usuarios totais: 39
$x_{4,82}$
	 $y_{4,82,63}$ = 19.915185123959077 dB
	 $y_{4,82,71}$ = 20.76615198360055 dB
	 $y_{4,82,72}$ = 31.853019750953365 dB
	 $y_{4,82,80}$ = 19.55886179943056 dB
	 $y_{4,82,81}$ = 30.186512397176116 dB
	 $y_{4,82,83}$ = 31.59056524922906 dB
	 $y_{4,82,90}$ = 16.447452516619123 dB
	 $y_{4,82,91}$ = 26.54305920688502 dB
	 $y_{4,82,92}$ = 26.136114847754058 dB
	 $y_{4,82,93}$ = 19.699018290227002 dB
		SNR medio: 27.263513669365906
		Usuarios totais: 21
$x_{4,87}$
	 $y_{4,87,67}$ = 16.053420290287292 dB
	 $y_{4,87,77}$ = 25.56952902029427 dB
	 $y_{4,87,79}$ = 18.08958120150939 dB
	 $y_{4,87,85}$ = 21.176946402050035 dB
	 $y_{4,87,86}$ = 32.903544279508225 dB
	 $y_{4,87,88}$ = 27.36736027952456 dB
	 $y_{4,87,95}$ = 18.906091157383315 dB
	 $y_{4,87,96}$ = 27.59217071198846 dB
	 $y_{4,87,99}$ = 16.47310310983785 dB
		SNR medio: 26.243707945349612
		Usuarios totais: 16
Distances:
11 : 14 = 1200.0
11 : 17 = 2400.0
11 : 49 = 3417.6014981270123
11 : 54 = 2000.0
11 : 61 = 2000.0
11 : 82 = 2828.42712474619
11 : 87 = 3687.817782917155
14 : 17 = 1200.0
14 : 49 = 2332.38075793812
14 : 54 = 1600.0
14 : 61 = 2332.38075793812
14 : 82 = 2912.043955712207
14 : 87 = 3046.3092423455632
17 : 49 = 1442.2205101855957
17 : 54 = 2000.0
17 : 61 = 3124.099870362662
17 : 82 = 3440.9301068170507
17 : 87 = 2800.0
49 : 54 = 2039.607805437114
49 : 61 = 3298.4845004941285
49 : 82 = 3224.9030993194197
49 : 87 = 1788.8543819998317
54 : 61 = 1264.9110640673518
54 : 82 = 1442.2205101855957
54 : 87 = 1697.0562748477141
61 : 82 = 894.4271909999159
61 : 87 = 2529.8221281347037
82 : 87 = 2000.0
t=5
$x_{5,11}$
	 $y_{5,11,0}$ = 21.67302306845525 dB
	 $y_{5,11,1}$ = 23.117960799087527 dB
	 $y_{5,11,2}$ = 24.33010676694228 dB
	 $y_{5,11,10}$ = 33.98558841435465 dB
	 $y_{5,11,11}$ = 91.88196780169204 dB
	 $y_{5,11,12}$ = 35.46992535017188 dB
	 $y_{5,11,20}$ = 29.680580371059605 dB
	 $y_{5,11,22}$ = 28.6281825485501 dB
	 $y_{5,11,30}$ = 21.106414924863387 dB
	 $y_{5,11,31}$ = 18.238821105054342 dB
	 $y_{5,11,32}$ = 25.19900690728035 dB
	 $y_{5,11,40}$ = 19.349488389582973 dB
	 $y_{5,11,43}$ = 18.644417563589386 dB
		SNR medio: 80.74255960445142
		Usuarios totais: 27
$x_{5,14}$
	 $y_{5,14,5}$ = 26.113135359389332 dB
	 $y_{5,14,13}$ = 29.730579395360607 dB
	 $y_{5,14,14}$ = 90.47195497882083 dB
	 $y_{5,14,26}$ = 19.77095606908675 dB
	 $y_{5,14,34}$ = 18.90427893769116 dB
	 $y_{5,14,35}$ = 22.15779720310104 dB
		SNR medio: 82.69044904076708
		Usuarios totais: 8
$x_{5,17}$
	 $y_{5,17,6}$ = 25.8018630668127 dB
	 $y_{5,17,7}$ = 29.130309023555313 dB
	 $y_{5,17,8}$ = 23.498822694836832 dB
	 $y_{5,17,9}$ = 17.33053141348178 dB
	 $y_{5,17,15}$ = 16.71594977939378 dB
	 $y_{5,17,16}$ = 31.54523806098493 dB
	 $y_{5,17,17}$ = 90.59961547026222 dB
	 $y_{5,17,19}$ = 16.968649364950423 dB
	 $y_{5,17,25}$ = 22.257041577992197 dB
	 $y_{5,17,27}$ = 31.850413747705332 dB
	 $y_{5,17,28}$ = 28.453348540009443 dB
	 $y_{5,17,36}$ = 18.157632539389184 dB
	 $y_{5,17,37}$ = 15.81669511443667 dB
	 $y_{5,17,38}$ = 24.790619581212823 dB
		SNR medio: 79.13835707496622
		Usuarios totais: 18
$x_{5,49}$
	 $y_{5,49,39}$ = 31.682619416580835 dB
	 $y_{5,49,48}$ = 30.022266125277795 dB
	 $y_{5,49,49}$ = 88.12592172890419 dB
	 $y_{5,49,56}$ = 15.626877382998487 dB
	 $y_{5,49,57}$ = 21.123503788368296 dB
	 $y_{5,49,58}$ = 28.068776864271257 dB
	 $y_{5,49,59}$ = 25.65594782027142 dB
	 $y_{5,49,69}$ = 17.3224245358945 dB
		SNR medio: 79.09504664668376
		Usuarios totais: 16
$x_{5,54}$
	 $y_{5,54,33}$ = 19.72150063714315 dB
	 $y_{5,54,44}$ = 26.744851251936993 dB
	 $y_{5,54,45}$ = 25.591333887473837 dB
	 $y_{5,54,46}$ = 16.968612732236622 dB
	 $y_{5,54,54}$ = 86.79445437115974 dB
	 $y_{5,54,55}$ = 30.65411438810132 dB
	 $y_{5,54,64}$ = 29.68320883833408 dB
	 $y_{5,54,65}$ = 28.99421886759727 dB
	 $y_{5,54,66}$ = 16.380334989292223 dB
	 $y_{5,54,75}$ = 20.963624613203123 dB
		SNR medio: 76.79449100528393
		Usuarios totais: 25
$x_{5,61}$
	 $y_{5,61,41}$ = 17.253263280409797 dB
	 $y_{5,61,42}$ = 19.985245834223264 dB
	 $y_{5,61,50}$ = 20.53094920737567 dB
	 $y_{5,61,52}$ = 28.535012124202183 dB
	 $y_{5,61,53}$ = 20.275801131802865 dB
	 $y_{5,61,60}$ = 30.852568086024846 dB
	 $y_{5,61,73}$ = 18.189323494784546 dB
		SNR medio: 25.294374531991547
		Usuarios totais: 36
$x_{5,82}$
	 $y_{5,82,63}$ = 19.915185123959077 dB
	 $y_{5,82,71}$ = 20.76615198360055 dB
	 $y_{5,82,72}$ = 31.853019750953365 dB
	 $y_{5,82,74}$ = 15.007010308156595 dB
	 $y_{5,82,80}$ = 19.55886179943056 dB
	 $y_{5,82,81}$ = 30.186512397176116 dB
	 $y_{5,82,82}$ = 87.08201291828732 dB
	 $y_{5,82,83}$ = 31.59056524922906 dB
	 $y_{5,82,84}$ = 17.662471632151494 dB
	 $y_{5,82,90}$ = 16.447452516619123 dB
	 $y_{5,82,91}$ = 26.54305920688502 dB
	 $y_{5,82,93}$ = 19.699018290227002 dB
	 $y_{5,82,94}$ = 17.095536520717857 dB
		SNR medio: 75.94262238633179
		Usuarios totais: 27
$x_{5,87}$
	 $y_{5,87,67}$ = 16.053420290287292 dB
	 $y_{5,87,76}$ = 18.72752688139248 dB
	 $y_{5,87,77}$ = 25.56952902029427 dB
	 $y_{5,87,78}$ = 19.8975976574241 dB
	 $y_{5,87,79}$ = 18.08958120150939 dB
	 $y_{5,87,85}$ = 21.176946402050035 dB
	 $y_{5,87,87}$ = 87.37844942147231 dB
	 $y_{5,87,96}$ = 27.59217071198846 dB
	 $y_{5,87,98}$ = 22.605709933692978 dB
	 $y_{5,87,99}$ = 16.47310310983785 dB
		SNR medio: 77.378461887959
		Usuarios totais: 23
Distances:
11 : 14 = 1200.0
11 : 17 = 2400.0
11 : 49 = 3417.6014981270123
11 : 54 = 2000.0
11 : 61 = 2000.0
11 : 82 = 2828.42712474619
11 : 87 = 3687.817782917155
14 : 17 = 1200.0
14 : 49 = 2332.38075793812
14 : 54 = 1600.0
14 : 61 = 2332.38075793812
14 : 82 = 2912.043955712207
14 : 87 = 3046.3092423455632
17 : 49 = 1442.2205101855957
17 : 54 = 2000.0
17 : 61 = 3124.099870362662
17 : 82 = 3440.9301068170507
17 : 87 = 2800.0
49 : 54 = 2039.607805437114
49 : 61 = 3298.4845004941285
49 : 82 = 3224.9030993194197
49 : 87 = 1788.8543819998317
54 : 61 = 1264.9110640673518
54 : 82 = 1442.2205101855957
54 : 87 = 1697.0562748477141
61 : 82 = 894.4271909999159
61 : 87 = 2529.8221281347037
82 : 87 = 2000.0
t=6
$x_{6,11}$
	 $y_{6,11,0}$ = 21.67302306845525 dB
	 $y_{6,11,1}$ = 23.117960799087527 dB
	 $y_{6,11,11}$ = 91.88196780169204 dB
	 $y_{6,11,21}$ = 31.740077729393548 dB
	 $y_{6,11,30}$ = 21.106414924863387 dB
	 $y_{6,11,31}$ = 18.238821105054342 dB
	 $y_{6,11,32}$ = 25.19900690728035 dB
		SNR medio: 83.43099407918983
		Usuarios totais: 17
$x_{6,14}$
	 $y_{6,14,13}$ = 29.730579395360607 dB
	 $y_{6,14,14}$ = 90.47195497882083 dB
	 $y_{6,14,24}$ = 25.617379657609675 dB
	 $y_{6,14,26}$ = 19.77095606908675 dB
	 $y_{6,14,33}$ = 25.18359447304951 dB
	 $y_{6,14,34}$ = 18.90427893769116 dB
	 $y_{6,14,35}$ = 22.15779720310104 dB
		SNR medio: 82.02098225786757
		Usuarios totais: 11
$x_{6,17}$
	 $y_{6,17,4}$ = 17.845691205187066 dB
	 $y_{6,17,6}$ = 25.8018630668127 dB
	 $y_{6,17,7}$ = 29.130309023555313 dB
	 $y_{6,17,8}$ = 23.498822694836832 dB
	 $y_{6,17,15}$ = 16.71594977939378 dB
	 $y_{6,17,16}$ = 31.54523806098493 dB
	 $y_{6,17,17}$ = 90.59961547026222 dB
	 $y_{6,17,18}$ = 31.709785765902495 dB
	 $y_{6,17,25}$ = 22.257041577992197 dB
	 $y_{6,17,27}$ = 31.850413747705332 dB
	 $y_{6,17,28}$ = 28.453348540009443 dB
	 $y_{6,17,29}$ = 16.75596294672249 dB
		SNR medio: 79.80782906410514
		Usuarios totais: 25
$x_{6,49}$
	 $y_{6,49,19}$ = 15.471937132196402 dB
	 $y_{6,49,38}$ = 21.617869265426023 dB
	 $y_{6,49,48}$ = 30.022266125277795 dB
	 $y_{6,49,58}$ = 28.068776864271257 dB
	 $y_{6,49,59}$ = 25.65594782027142 dB
		SNR medio: 26.423354074979475
		Usuarios totais: 10
$x_{6,54}$
	 $y_{6,54,22}$ = 18.86993843126767 dB
	 $y_{6,54,36}$ = 18.527245560353578 dB
	 $y_{6,54,37}$ = 18.789577104738058 dB
	 $y_{6,54,42}$ = 21.814628451695896 dB
	 $y_{6,54,43}$ = 23.485335826192838 dB
	 $y_{6,54,44}$ = 26.744851251936993 dB
	 $y_{6,54,46}$ = 16.968612732236622 dB
	 $y_{6,54,53}$ = 38.99375307470854 dB
	 $y_{6,54,54}$ = 86.79445437115974 dB
	 $y_{6,54,55}$ = 30.65411438810132 dB
	 $y_{6,54,56}$ = 15.455827161959235 dB
	 $y_{6,54,64}$ = 29.68320883833408 dB
	 $y_{6,54,65}$ = 28.99421886759727 dB
	 $y_{6,54,66}$ = 16.380334989292223 dB
	 $y_{6,54,73}$ = 17.049703339057345 dB
	 $y_{6,54,75}$ = 20.963624613203123 dB
		SNR medio: 74.75336531825666
		Usuarios totais: 27
$x_{6,61}$
	 $y_{6,61,41}$ = 17.253263280409797 dB
	 $y_{6,61,50}$ = 20.53094920737567 dB
	 $y_{6,61,52}$ = 28.535012124202183 dB
	 $y_{6,61,60}$ = 30.852568086024846 dB
	 $y_{6,61,61}$ = 89.02685893884669 dB
	 $y_{6,61,62}$ = 29.153302689597567 dB
		SNR medio: 81.24536229921695
		Usuarios totais: 13
$x_{6,82}$
	 $y_{6,82,63}$ = 19.915185123959077 dB
	 $y_{6,82,71}$ = 20.76615198360055 dB
	 $y_{6,82,74}$ = 15.007010308156595 dB
	 $y_{6,82,80}$ = 19.55886179943056 dB
	 $y_{6,82,82}$ = 87.08201291828732 dB
	 $y_{6,82,83}$ = 31.59056524922906 dB
	 $y_{6,82,84}$ = 17.662471632151494 dB
	 $y_{6,82,92}$ = 26.136114847754058 dB
	 $y_{6,82,93}$ = 19.699018290227002 dB
	 $y_{6,82,94}$ = 17.095536520717857 dB
		SNR medio: 77.0820332866204
		Usuarios totais: 20
$x_{6,87}$
	 $y_{6,87,67}$ = 16.053420290287292 dB
	 $y_{6,87,76}$ = 18.72752688139248 dB
	 $y_{6,87,77}$ = 25.56952902029427 dB
	 $y_{6,87,78}$ = 19.8975976574241 dB
	 $y_{6,87,79}$ = 18.08958120150939 dB
	 $y_{6,87,85}$ = 21.176946402050035 dB
	 $y_{6,87,86}$ = 32.903544279508225 dB
	 $y_{6,87,87}$ = 87.37844942147231 dB
	 $y_{6,87,88}$ = 27.36736027952456 dB
	 $y_{6,87,89}$ = 16.676741077959335 dB
	 $y_{6,87,95}$ = 18.906091157383315 dB
	 $y_{6,87,98}$ = 22.605709933692978 dB
	 $y_{6,87,99}$ = 16.47310310983785 dB
		SNR medio: 76.23904462019195
		Usuarios totais: 28
Distances:
11 : 14 = 1200.0
11 : 17 = 2400.0
11 : 49 = 3417.6014981270123
11 : 54 = 2000.0
11 : 61 = 2000.0
11 : 82 = 2828.42712474619
11 : 87 = 3687.817782917155
14 : 17 = 1200.0
14 : 49 = 2332.38075793812
14 : 54 = 1600.0
14 : 61 = 2332.38075793812
14 : 82 = 2912.043955712207
14 : 87 = 3046.3092423455632
17 : 49 = 1442.2205101855957
17 : 54 = 2000.0
17 : 61 = 3124.099870362662
17 : 82 = 3440.9301068170507
17 : 87 = 2800.0
49 : 54 = 2039.607805437114
49 : 61 = 3298.4845004941285
49 : 82 = 3224.9030993194197
49 : 87 = 1788.8543819998317
54 : 61 = 1264.9110640673518
54 : 82 = 1442.2205101855957
54 : 87 = 1697.0562748477141
61 : 82 = 894.4271909999159
61 : 87 = 2529.8221281347037
82 : 87 = 2000.0
t=7
$x_{7,11}$
	 $y_{7,11,0}$ = 21.67302306845525 dB
	 $y_{7,11,1}$ = 23.117960799087527 dB
	 $y_{7,11,2}$ = 24.33010676694228 dB
	 $y_{7,11,10}$ = 33.98558841435465 dB
	 $y_{7,11,12}$ = 35.46992535017188 dB
	 $y_{7,11,20}$ = 29.680580371059605 dB
	 $y_{7,11,21}$ = 31.740077729393548 dB
	 $y_{7,11,22}$ = 28.6281825485501 dB
	 $y_{7,11,30}$ = 21.106414924863387 dB
	 $y_{7,11,31}$ = 18.238821105054342 dB
	 $y_{7,11,32}$ = 25.19900690728035 dB
	 $y_{7,11,40}$ = 19.349488389582973 dB
	 $y_{7,11,43}$ = 18.644417563589386 dB
		SNR medio: 29.067215209268756
		Usuarios totais: 24
$x_{7,14}$
	 $y_{7,14,3}$ = 23.710919335668507 dB
	 $y_{7,14,13}$ = 29.730579395360607 dB
	 $y_{7,14,14}$ = 90.47195497882083 dB
	 $y_{7,14,23}$ = 24.66200226139317 dB
	 $y_{7,14,35}$ = 22.15779720310104 dB
		SNR medio: 83.48226129237361
		Usuarios totais: 10
$x_{7,17}$
	 $y_{7,17,4}$ = 17.845691205187066 dB
	 $y_{7,17,6}$ = 25.8018630668127 dB
	 $y_{7,17,9}$ = 17.33053141348178 dB
	 $y_{7,17,15}$ = 16.71594977939378 dB
	 $y_{7,17,16}$ = 31.54523806098493 dB
	 $y_{7,17,19}$ = 16.968649364950423 dB
	 $y_{7,17,25}$ = 22.257041577992197 dB
	 $y_{7,17,26}$ = 23.9139089051598 dB
	 $y_{7,17,28}$ = 28.453348540009443 dB
	 $y_{7,17,29}$ = 16.75596294672249 dB
	 $y_{7,17,36}$ = 18.157632539389184 dB
	 $y_{7,17,37}$ = 15.81669511443667 dB
	 $y_{7,17,46}$ = 17.266393216166477 dB
		SNR medio: 24.095970132568425
		Usuarios totais: 21
$x_{7,49}$
	 $y_{7,49,39}$ = 31.682619416580835 dB
	 $y_{7,49,57}$ = 21.123503788368296 dB
	 $y_{7,49,59}$ = 25.65594782027142 dB
	 $y_{7,49,69}$ = 17.3224245358945 dB
		SNR medio: 27.04256001897384
		Usuarios totais: 7
$x_{7,54}$
	 $y_{7,54,42}$ = 21.814628451695896 dB
	 $y_{7,54,45}$ = 25.591333887473837 dB
	 $y_{7,54,53}$ = 38.99375307470854 dB
	 $y_{7,54,55}$ = 30.65411438810132 dB
	 $y_{7,54,56}$ = 15.455827161959235 dB
	 $y_{7,54,64}$ = 29.68320883833408 dB
	 $y_{7,54,66}$ = 16.380334989292223 dB
	 $y_{7,54,75}$ = 20.963624613203123 dB
		SNR medio: 31.27983339001291
		Usuarios totais: 13
$x_{7,61}$
	 $y_{7,61,41}$ = 17.253263280409797 dB
	 $y_{7,61,52}$ = 28.535012124202183 dB
	 $y_{7,61,61}$ = 89.02685893884669 dB
	 $y_{7,61,62}$ = 29.153302689597567 dB
		SNR medio: 83.00626766341809
		Usuarios totais: 6
$x_{7,82}$
	 $y_{7,82,71}$ = 20.76615198360055 dB
	 $y_{7,82,72}$ = 31.853019750953365 dB
	 $y_{7,82,74}$ = 15.007010308156595 dB
	 $y_{7,82,82}$ = 87.08201291828732 dB
	 $y_{7,82,83}$ = 31.59056524922906 dB
	 $y_{7,82,84}$ = 17.662471632151494 dB
	 $y_{7,82,90}$ = 16.447452516619123 dB
	 $y_{7,82,91}$ = 26.54305920688502 dB
	 $y_{7,82,93}$ = 19.699018290227002 dB
	 $y_{7,82,94}$ = 17.095536520717857 dB
		SNR medio: 77.08204543107742
		Usuarios totais: 16
$x_{7,87}$
	 $y_{7,87,76}$ = 18.72752688139248 dB
	 $y_{7,87,77}$ = 25.56952902029427 dB
	 $y_{7,87,78}$ = 19.8975976574241 dB
	 $y_{7,87,79}$ = 18.08958120150939 dB
	 $y_{7,87,86}$ = 32.903544279508225 dB
	 $y_{7,87,87}$ = 87.37844942147231 dB
	 $y_{7,87,88}$ = 27.36736027952456 dB
	 $y_{7,87,89}$ = 16.676741077959335 dB
	 $y_{7,87,95}$ = 18.906091157383315 dB
	 $y_{7,87,96}$ = 27.59217071198846 dB
	 $y_{7,87,97}$ = 36.57201781073779 dB
	 $y_{7,87,99}$ = 16.47310310983785 dB
		SNR medio: 76.58670350529115
		Usuarios totais: 23
Distances:
11 : 14 = 1200.0
11 : 17 = 2400.0
11 : 49 = 3417.6014981270123
11 : 54 = 2000.0
11 : 61 = 2000.0
11 : 82 = 2828.42712474619
11 : 87 = 3687.817782917155
14 : 17 = 1200.0
14 : 49 = 2332.38075793812
14 : 54 = 1600.0
14 : 61 = 2332.38075793812
14 : 82 = 2912.043955712207
14 : 87 = 3046.3092423455632
17 : 49 = 1442.2205101855957
17 : 54 = 2000.0
17 : 61 = 3124.099870362662
17 : 82 = 3440.9301068170507
17 : 87 = 2800.0
49 : 54 = 2039.607805437114
49 : 61 = 3298.4845004941285
49 : 82 = 3224.9030993194197
49 : 87 = 1788.8543819998317
54 : 61 = 1264.9110640673518
54 : 82 = 1442.2205101855957
54 : 87 = 1697.0562748477141
61 : 82 = 894.4271909999159
61 : 87 = 2529.8221281347037
82 : 87 = 2000.0
t=8
$x_{8,11}$
	 $y_{8,11,10}$ = 33.98558841435465 dB
	 $y_{8,11,11}$ = 91.88196780169204 dB
	 $y_{8,11,12}$ = 35.46992535017188 dB
	 $y_{8,11,20}$ = 29.680580371059605 dB
	 $y_{8,11,31}$ = 18.238821105054342 dB
	 $y_{8,11,32}$ = 25.19900690728035 dB
	 $y_{8,11,40}$ = 19.349488389582973 dB
		SNR medio: 83.4310083506742
		Usuarios totais: 11
$x_{8,14}$
	 $y_{8,14,1}$ = 15.674792067848784 dB
	 $y_{8,14,4}$ = 36.081010932258835 dB
	 $y_{8,14,13}$ = 29.730579395360607 dB
	 $y_{8,14,14}$ = 90.47195497882083 dB
	 $y_{8,14,23}$ = 24.66200226139317 dB
	 $y_{8,14,24}$ = 25.617379657609675 dB
	 $y_{8,14,33}$ = 25.18359447304951 dB
		SNR medio: 82.02099803006307
		Usuarios totais: 11
$x_{8,17}$
	 $y_{8,17,6}$ = 25.8018630668127 dB
	 $y_{8,17,7}$ = 29.130309023555313 dB
	 $y_{8,17,8}$ = 23.498822694836832 dB
	 $y_{8,17,15}$ = 16.71594977939378 dB
	 $y_{8,17,16}$ = 31.54523806098493 dB
	 $y_{8,17,17}$ = 90.59961547026222 dB
	 $y_{8,17,18}$ = 31.709785765902495 dB
		SNR medio: 82.14865163686162
		Usuarios totais: 13
$x_{8,49}$
	 $y_{8,49,28}$ = 18.418984636243806 dB
	 $y_{8,49,29}$ = 15.227449080994802 dB
	 $y_{8,49,37}$ = 17.876550622147278 dB
	 $y_{8,49,38}$ = 21.617869265426023 dB
	 $y_{8,49,48}$ = 30.022266125277795 dB
	 $y_{8,49,56}$ = 15.626877382998487 dB
	 $y_{8,49,58}$ = 28.068776864271257 dB
	 $y_{8,49,59}$ = 25.65594782027142 dB
	 $y_{8,49,68}$ = 22.037939818601956 dB
	 $y_{8,49,69}$ = 17.3224245358945 dB
		SNR medio: 24.105453988229467
		Usuarios totais: 17
$x_{8,54}$
	 $y_{8,54,22}$ = 18.86993843126767 dB
	 $y_{8,54,43}$ = 23.485335826192838 dB
	 $y_{8,54,52}$ = 17.500526802031786 dB
	 $y_{8,54,53}$ = 38.99375307470854 dB
	 $y_{8,54,55}$ = 30.65411438810132 dB
	 $y_{8,54,65}$ = 28.99421886759727 dB
	 $y_{8,54,66}$ = 16.380334989292223 dB
	 $y_{8,54,73}$ = 17.049703339057345 dB
	 $y_{8,54,75}$ = 20.963624613203123 dB
		SNR medio: 30.65418948753926
		Usuarios totais: 10
$x_{8,61}$
	 $y_{8,61,41}$ = 17.253263280409797 dB
	 $y_{8,61,50}$ = 20.53094920737567 dB
	 $y_{8,61,51}$ = 21.354776053104757 dB
	 $y_{8,61,60}$ = 30.852568086024846 dB
	 $y_{8,61,62}$ = 29.153302689597567 dB
	 $y_{8,61,70}$ = 21.757366117021988 dB
		SNR medio: 26.18465135330247
		Usuarios totais: 12
$x_{8,82}$
	 $y_{8,82,63}$ = 19.915185123959077 dB
	 $y_{8,82,72}$ = 31.853019750953365 dB
	 $y_{8,82,80}$ = 19.55886179943056 dB
	 $y_{8,82,81}$ = 30.186512397176116 dB
	 $y_{8,82,92}$ = 26.136114847754058 dB
	 $y_{8,82,93}$ = 19.699018290227002 dB
	 $y_{8,82,94}$ = 17.095536520717857 dB
		SNR medio: 26.760088012200104
		Usuarios totais: 11
$x_{8,87}$
	 $y_{8,87,76}$ = 18.72752688139248 dB
	 $y_{8,87,77}$ = 25.56952902029427 dB
	 $y_{8,87,78}$ = 19.8975976574241 dB
	 $y_{8,87,88}$ = 27.36736027952456 dB
	 $y_{8,87,89}$ = 16.676741077959335 dB
	 $y_{8,87,95}$ = 18.906091157383315 dB
	 $y_{8,87,96}$ = 27.59217071198846 dB
	 $y_{8,87,97}$ = 36.57201781073779 dB
		SNR medio: 28.97518808660149
		Usuarios totais: 9
Distances:
11 : 14 = 1200.0
11 : 17 = 2400.0
11 : 49 = 3417.6014981270123
11 : 54 = 2000.0
11 : 61 = 2000.0
11 : 82 = 2828.42712474619
11 : 87 = 3687.817782917155
14 : 17 = 1200.0
14 : 49 = 2332.38075793812
14 : 54 = 1600.0
14 : 61 = 2332.38075793812
14 : 82 = 2912.043955712207
14 : 87 = 3046.3092423455632
17 : 49 = 1442.2205101855957
17 : 54 = 2000.0
17 : 61 = 3124.099870362662
17 : 82 = 3440.9301068170507
17 : 87 = 2800.0
49 : 54 = 2039.607805437114
49 : 61 = 3298.4845004941285
49 : 82 = 3224.9030993194197
49 : 87 = 1788.8543819998317
54 : 61 = 1264.9110640673518
54 : 82 = 1442.2205101855957
54 : 87 = 1697.0562748477141
61 : 82 = 894.4271909999159
61 : 87 = 2529.8221281347037
82 : 87 = 2000.0
t=9
$x_{9,11}$
	 $y_{9,11,1}$ = 23.117960799087527 dB
	 $y_{9,11,2}$ = 24.33010676694228 dB
	 $y_{9,11,10}$ = 33.98558841435465 dB
	 $y_{9,11,31}$ = 18.238821105054342 dB
		SNR medio: 28.817088528918077
		Usuarios totais: 5
$x_{9,14}$
	 $y_{9,14,13}$ = 29.730579395360607 dB
	 $y_{9,14,23}$ = 24.66200226139317 dB
	 $y_{9,14,24}$ = 25.617379657609675 dB
		SNR medio: 27.261653614300563
		Usuarios totais: 4
$x_{9,17}$
	 $y_{9,17,6}$ = 25.8018630668127 dB
	 $y_{9,17,7}$ = 29.130309023555313 dB
	 $y_{9,17,8}$ = 23.498822694836832 dB
	 $y_{9,17,9}$ = 17.33053141348178 dB
	 $y_{9,17,15}$ = 16.71594977939378 dB
	 $y_{9,17,19}$ = 16.968649364950423 dB
	 $y_{9,17,25}$ = 22.257041577992197 dB
	 $y_{9,17,36}$ = 18.157632539389184 dB
	 $y_{9,17,37}$ = 15.81669511443667 dB
		SNR medio: 23.118054119318735
		Usuarios totais: 17
$x_{9,49}$
	 $y_{9,49,27}$ = 16.28756277392216 dB
	 $y_{9,49,28}$ = 18.418984636243806 dB
	 $y_{9,49,39}$ = 31.682619416580835 dB
	 $y_{9,49,47}$ = 19.76907159886673 dB
	 $y_{9,49,57}$ = 21.123503788368296 dB
	 $y_{9,49,59}$ = 25.65594782027142 dB
	 $y_{9,49,68}$ = 22.037939818601956 dB
		SNR medio: 25.23604181348887
		Usuarios totais: 9
$x_{9,54}$
	 $y_{9,54,22}$ = 18.86993843126767 dB
	 $y_{9,54,44}$ = 26.744851251936993 dB
	 $y_{9,54,45}$ = 25.591333887473837 dB
	 $y_{9,54,46}$ = 16.968612732236622 dB
	 $y_{9,54,55}$ = 30.65411438810132 dB
	 $y_{9,54,75}$ = 20.963624613203123 dB
		SNR medio: 25.738737257225512
		Usuarios totais: 8
$x_{9,61}$
	 $y_{9,61,61}$ = 89.02685893884669 dB
	 $y_{9,61,70}$ = 21.757366117021988 dB
		SNR medio: 86.01655979660167
		Usuarios totais: 4
$x_{9,82}$
	 $y_{9,82,72}$ = 31.853019750953365 dB
	 $y_{9,82,74}$ = 15.007010308156595 dB
	 $y_{9,82,80}$ = 19.55886179943056 dB
	 $y_{9,82,84}$ = 17.662471632151494 dB
	 $y_{9,82,91}$ = 26.54305920688502 dB
	 $y_{9,82,92}$ = 26.136114847754058 dB
		SNR medio: 26.32535191385822
		Usuarios totais: 9
$x_{9,87}$
	 $y_{9,87,67}$ = 16.053420290287292 dB
	 $y_{9,87,77}$ = 25.56952902029427 dB
	 $y_{9,87,79}$ = 18.08958120150939 dB
	 $y_{9,87,85}$ = 21.176946402050035 dB
	 $y_{9,87,86}$ = 32.903544279508225 dB
	 $y_{9,87,87}$ = 87.37844942147231 dB
	 $y_{9,87,96}$ = 27.59217071198846 dB
	 $y_{9,87,97}$ = 36.57201781073779 dB
	 $y_{9,87,98}$ = 22.605709933692978 dB
		SNR medio: 77.83608664058124
		Usuarios totais: 13
Distances:
11 : 14 = 1200.0
11 : 17 = 2400.0
11 : 49 = 3417.6014981270123
11 : 54 = 2000.0
11 : 61 = 2000.0
11 : 82 = 2828.42712474619
11 : 87 = 3687.817782917155
14 : 17 = 1200.0
14 : 49 = 2332.38075793812
14 : 54 = 1600.0
14 : 61 = 2332.38075793812
14 : 82 = 2912.043955712207
14 : 87 = 3046.3092423455632
17 : 49 = 1442.2205101855957
17 : 54 = 2000.0
17 : 61 = 3124.099870362662
17 : 82 = 3440.9301068170507
17 : 87 = 2800.0
49 : 54 = 2039.607805437114
49 : 61 = 3298.4845004941285
49 : 82 = 3224.9030993194197
49 : 87 = 1788.8543819998317
54 : 61 = 1264.9110640673518
54 : 82 = 1442.2205101855957
54 : 87 = 1697.0562748477141
61 : 82 = 894.4271909999159
61 : 87 = 2529.8221281347037
82 : 87 = 2000.0
t=10
$x_{10,11}$
	 $y_{10,11,1}$ = 23.117960799087527 dB
	 $y_{10,11,2}$ = 24.33010676694228 dB
	 $y_{10,11,10}$ = 33.98558841435465 dB
	 $y_{10,11,11}$ = 91.88196780169204 dB
	 $y_{10,11,20}$ = 29.680580371059605 dB
	 $y_{10,11,22}$ = 28.6281825485501 dB
	 $y_{10,11,40}$ = 19.349488389582973 dB
		SNR medio: 83.43100070276968
		Usuarios totais: 8
$x_{10,14}$
	 $y_{10,14,5}$ = 26.113135359389332 dB
	 $y_{10,14,14}$ = 90.47195497882083 dB
	 $y_{10,14,34}$ = 18.90427893769116 dB
		SNR medio: 85.70074432617753
		Usuarios totais: 3
$x_{10,17}$
	 $y_{10,17,7}$ = 29.130309023555313 dB
		SNR medio: 29.130309023555313
		Usuarios totais: 1
$x_{10,49}$
	 $y_{10,49,47}$ = 19.76907159886673 dB
	 $y_{10,49,56}$ = 15.626877382998487 dB
	 $y_{10,49,58}$ = 28.068776864271257 dB
		SNR medio: 24.107118955954462
		Usuarios totais: 5
$x_{10,54}$
	 $y_{10,54,52}$ = 17.500526802031786 dB
	 $y_{10,54,53}$ = 38.99375307470854 dB
	 $y_{10,54,54}$ = 86.79445437115974 dB
	 $y_{10,54,55}$ = 30.65411438810132 dB
	 $y_{10,54,66}$ = 16.380334989292223 dB
	 $y_{10,54,75}$ = 20.963624613203123 dB
		SNR medio: 79.01302653189657
		Usuarios totais: 7
$x_{10,61}$
	 $y_{10,61,51}$ = 21.354776053104757 dB
	 $y_{10,61,61}$ = 89.02685893884669 dB
		SNR medio: 86.01655972450095
		Usuarios totais: 2
$x_{10,82}$
	 $y_{10,82,72}$ = 31.853019750953365 dB
	 $y_{10,82,74}$ = 15.007010308156595 dB
	 $y_{10,82,83}$ = 31.59056524922906 dB
	 $y_{10,82,90}$ = 16.447452516619123 dB
	 $y_{10,82,92}$ = 26.136114847754058 dB
		SNR medio: 28.40236938173026
		Usuarios totais: 5
$x_{10,87}$
	 $y_{10,87,79}$ = 18.08958120150939 dB
	 $y_{10,87,86}$ = 32.903544279508225 dB
	 $y_{10,87,87}$ = 87.37844942147231 dB
	 $y_{10,87,88}$ = 27.36736027952456 dB
	 $y_{10,87,96}$ = 27.59217071198846 dB
	 $y_{10,87,98}$ = 22.605709933692978 dB
		SNR medio: 79.59696326878574
		Usuarios totais: 8
Distances:
11 : 14 = 1200.0
11 : 17 = 2400.0
11 : 49 = 3417.6014981270123
11 : 54 = 2000.0
11 : 61 = 2000.0
11 : 82 = 2828.42712474619
11 : 87 = 3687.817782917155
14 : 17 = 1200.0
14 : 49 = 2332.38075793812
14 : 54 = 1600.0
14 : 61 = 2332.38075793812
14 : 82 = 2912.043955712207
14 : 87 = 3046.3092423455632
17 : 49 = 1442.2205101855957
17 : 54 = 2000.0
17 : 61 = 3124.099870362662
17 : 82 = 3440.9301068170507
17 : 87 = 2800.0
49 : 54 = 2039.607805437114
49 : 61 = 3298.4845004941285
49 : 82 = 3224.9030993194197
49 : 87 = 1788.8543819998317
54 : 61 = 1264.9110640673518
54 : 82 = 1442.2205101855957
54 : 87 = 1697.0562748477141
61 : 82 = 894.4271909999159
61 : 87 = 2529.8221281347037
82 : 87 = 2000.0
t=11
$x_{11,11}$
	 $y_{11,11,10}$ = 33.98558841435465 dB
	 $y_{11,11,20}$ = 29.680580371059605 dB
	 $y_{11,11,31}$ = 18.238821105054342 dB
		SNR medio: 30.668621490079992
		Usuarios totais: 3
$x_{11,14}$
	 $y_{11,14,14}$ = 90.47195497882083 dB
		SNR medio: 90.47195497882083
		Usuarios totais: 1
$x_{11,17}$
		Usuarios totais: 0
$x_{11,49}$
	 $y_{11,49,49}$ = 88.12592172890419 dB
	 $y_{11,49,69}$ = 17.3224245358945 dB
		SNR medio: 85.11562213320401
		Usuarios totais: 2
$x_{11,54}$
	 $y_{11,54,65}$ = 28.99421886759727 dB
		SNR medio: 28.99421886759727
		Usuarios totais: 1
$x_{11,61}$
	 $y_{11,61,51}$ = 21.354776053104757 dB
		SNR medio: 21.354776053104757
		Usuarios totais: 1
$x_{11,82}$
	 $y_{11,82,90}$ = 16.447452516619123 dB
		SNR medio: 16.447452516619123
		Usuarios totais: 1
$x_{11,87}$
		Usuarios totais: 0
Distances:
11 : 14 = 1200.0
11 : 17 = 2400.0
11 : 49 = 3417.6014981270123
11 : 54 = 2000.0
11 : 61 = 2000.0
11 : 82 = 2828.42712474619
11 : 87 = 3687.817782917155
14 : 17 = 1200.0
14 : 49 = 2332.38075793812
14 : 54 = 1600.0
14 : 61 = 2332.38075793812
14 : 82 = 2912.043955712207
14 : 87 = 3046.3092423455632
17 : 49 = 1442.2205101855957
17 : 54 = 2000.0
17 : 61 = 3124.099870362662
17 : 82 = 3440.9301068170507
17 : 87 = 2800.0
49 : 54 = 2039.607805437114
49 : 61 = 3298.4845004941285
49 : 82 = 3224.9030993194197
49 : 87 = 1788.8543819998317
54 : 61 = 1264.9110640673518
54 : 82 = 1442.2205101855957
54 : 87 = 1697.0562748477141
61 : 82 = 894.4271909999159
61 : 87 = 2529.8221281347037
82 : 87 = 2000.0
--- Done after 0.22881861534383563 hours. ---
