-------------Calculating Solution (this may take a while)
+++++++++++++++++++Min Sinr: 5 dB (single)
+++++++++++++++++++With backhaul constraint. Start: 2023-01-06 20:27:56

Parameters:
- chosen seed 3
- Map with 100 sectors
- Map 4000 x 4000 m
- Sector has a side of 400 m
- Max time:  12
- users_t_m:  [[0, 0, 0, 0, 0, 0, 0, 0, 0, 0, 0, 0, 0, 0, 0, 0, 0, 0, 0, 0, 0, 0, 0, 0, 0, 0, 0, 0, 0, 0, 0, 0, 0, 0, 0, 0, 0, 0, 0, 0, 0, 0, 15, 2, 0, 0, 0, 0, 0, 0, 0, 0, 17, 4, 0, 0, 0, 0, 0, 0, 0, 0, 0, 0, 0, 0, 0, 0, 0, 0, 0, 0, 0, 0, 0, 0, 0, 0, 0, 0, 0, 0, 0, 0, 0, 0, 0, 0, 0, 0, 0, 0, 0, 0, 0, 0, 0, 0, 0, 0], [0, 0, 1, 0, 1, 0, 1, 1, 1, 0, 1, 0, 0, 1, 1, 0, 0, 0, 1, 2, 0, 1, 0, 0, 1, 1, 3, 0, 0, 0, 0, 0, 0, 0, 0, 0, 0, 0, 0, 2, 0, 0, 10, 2, 2, 0, 1, 0, 0, 1, 0, 0, 11, 2, 0, 0, 0, 0, 1, 0, 1, 0, 1, 2, 0, 1, 1, 1, 0, 0, 0, 0, 0, 0, 0, 0, 0, 0, 0, 0, 0, 0, 0, 2, 0, 0, 0, 1, 1, 1, 0, 0, 0, 1, 0, 1, 2, 0, 1, 0], [0, 0, 0, 1, 1, 1, 0, 2, 1, 3, 1, 2, 1, 1, 0, 0, 0, 0, 1, 0, 1, 1, 1, 0, 0, 0, 1, 0, 1, 2, 0, 0, 2, 0, 1, 0, 1, 1, 1, 0, 0, 0, 17, 1, 0, 2, 1, 1, 2, 0, 2, 1, 13, 3, 1, 1, 0, 1, 0, 0, 1, 1, 0, 1, 1, 0, 1, 0, 0, 2, 0, 2, 0, 1, 1, 1, 1, 2, 0, 0, 0, 0, 0, 0, 0, 0, 0, 1, 2, 1, 0, 0, 0, 1, 0, 0, 2, 1, 0, 1], [3, 3, 3, 1, 2, 1, 0, 0, 0, 0, 1, 1, 0, 0, 0, 2, 3, 1, 1, 0, 2, 3, 1, 1, 2, 1, 1, 1, 0, 0, 1, 0, 1, 0, 1, 0, 1, 0, 1, 0, 0, 0, 19, 2, 0, 2, 1, 1, 0, 1, 0, 2, 5, 3, 2, 1, 1, 0, 2, 1, 1, 1, 5, 0, 0, 0, 1, 1, 2, 1, 0, 1, 0, 1, 2, 0, 3, 1, 0, 3, 4, 0, 0, 0, 3, 1, 0, 1, 0, 0, 0, 2, 2, 1, 1, 2, 0, 2, 1, 1], [2, 0, 2, 0, 3, 3, 1, 3, 2, 1, 0, 2, 1, 1, 2, 0, 1, 2, 1, 1, 2, 1, 2, 3, 2, 3, 2, 0, 0, 0, 1, 1, 1, 1, 1, 0, 1, 0, 1, 2, 0, 1, 12, 4, 0, 0, 1, 1, 3, 1, 3, 1, 11, 3, 0, 0, 2, 0, 3, 3, 4, 2, 1, 2, 0, 1, 0, 1, 1, 2, 1, 3, 4, 0, 1, 3, 0, 2, 0, 1, 4, 1, 0, 3, 0, 2, 1, 0, 3, 0, 1, 1, 1, 1, 0, 1, 1, 0, 0, 4], [3, 2, 1, 0, 0, 1, 1, 1, 2, 1, 2, 3, 4, 1, 1, 1, 2, 2, 0, 1, 1, 0, 1, 0, 0, 2, 1, 1, 1, 0, 1, 3, 1, 4, 3, 1, 1, 1, 1, 2, 1, 3, 17, 4, 2, 1, 2, 0, 4, 2, 1, 0, 8, 5, 2, 3, 1, 3, 1, 2, 1, 0, 0, 1, 3, 3, 4, 1, 0, 1, 0, 2, 1, 1, 1, 1, 4, 6, 1, 2, 1, 1, 1, 3, 3, 2, 0, 2, 0, 0, 1, 4, 0, 5, 3, 0, 2, 0, 2, 1], [1, 4, 0, 0, 1, 0, 3, 2, 2, 0, 0, 1, 0, 1, 4, 1, 2, 4, 1, 2, 0, 2, 1, 0, 1, 1, 1, 4, 2, 2, 2, 1, 6, 1, 1, 2, 2, 3, 2, 0, 0, 1, 1, 2, 2, 0, 1, 0, 2, 0, 5, 0, 1, 1, 2, 1, 3, 0, 3, 1, 3, 2, 1, 1, 2, 1, 1, 2, 0, 0, 0, 3, 0, 1, 1, 3, 3, 3, 3, 1, 2, 0, 1, 3, 2, 2, 1, 3, 1, 1, 0, 0, 3, 3, 1, 1, 0, 0, 5, 2], [1, 1, 3, 3, 1, 0, 1, 0, 0, 2, 1, 0, 1, 2, 2, 4, 3, 0, 0, 1, 3, 1, 1, 1, 0, 2, 1, 0, 1, 1, 1, 5, 3, 0, 0, 2, 1, 2, 0, 1, 1, 1, 1, 2, 0, 1, 1, 0, 0, 0, 0, 0, 1, 1, 0, 3, 4, 1, 0, 3, 0, 2, 2, 0, 1, 0, 1, 0, 0, 2, 0, 1, 1, 0, 2, 1, 2, 2, 2, 1, 0, 0, 1, 1, 1, 0, 1, 1, 2, 2, 2, 2, 0, 4, 1, 3, 1, 4, 0, 2], [0, 1, 0, 0, 1, 0, 2, 1, 3, 0, 1, 2, 2, 2, 2, 1, 2, 1, 3, 0, 2, 0, 1, 1, 2, 0, 0, 0, 2, 1, 0, 1, 1, 2, 0, 0, 0, 1, 1, 0, 2, 3, 0, 1, 0, 0, 0, 0, 1, 0, 2, 1, 1, 1, 0, 1, 2, 0, 3, 4, 2, 0, 2, 1, 0, 1, 2, 0, 1, 1, 2, 0, 1, 1, 0, 1, 1, 1, 1, 0, 3, 3, 0, 0, 0, 0, 0, 0, 1, 1, 0, 0, 1, 1, 1, 2, 1, 1, 0, 0], [0, 1, 1, 0, 0, 0, 1, 3, 3, 4, 1, 0, 0, 2, 0, 1, 0, 0, 0, 2, 0, 0, 3, 1, 1, 1, 0, 1, 1, 0, 0, 2, 0, 0, 0, 0, 1, 1, 0, 1, 0, 0, 0, 0, 1, 1, 1, 1, 0, 0, 0, 0, 0, 0, 0, 1, 0, 2, 0, 2, 0, 1, 0, 0, 0, 0, 0, 1, 1, 0, 3, 0, 1, 0, 1, 1, 0, 2, 0, 1, 2, 0, 0, 0, 3, 1, 1, 3, 0, 0, 0, 1, 1, 0, 0, 0, 1, 1, 2, 0], [0, 2, 1, 0, 0, 1, 0, 1, 0, 0, 1, 1, 0, 0, 1, 0, 0, 0, 0, 0, 1, 0, 1, 0, 0, 0, 0, 0, 0, 0, 0, 0, 0, 0, 1, 0, 0, 0, 0, 0, 1, 0, 0, 0, 0, 0, 0, 2, 0, 0, 0, 1, 1, 2, 1, 1, 1, 0, 2, 0, 0, 1, 0, 0, 0, 0, 1, 0, 0, 0, 0, 0, 1, 0, 1, 1, 0, 0, 0, 2, 0, 0, 0, 1, 0, 0, 1, 1, 2, 0, 1, 0, 1, 0, 0, 0, 1, 0, 1, 0], [0, 0, 0, 0, 0, 0, 0, 0, 0, 0, 1, 0, 0, 0, 1, 0, 0, 0, 0, 0, 1, 0, 0, 0, 0, 0, 0, 0, 0, 0, 0, 1, 0, 0, 0, 0, 0, 0, 0, 0, 0, 0, 0, 0, 0, 0, 0, 0, 0, 1, 0, 1, 0, 0, 0, 0, 0, 0, 0, 0, 0, 0, 0, 0, 0, 1, 0, 0, 0, 1, 0, 0, 0, 0, 0, 0, 0, 0, 0, 0, 0, 0, 0, 0, 0, 0, 0, 0, 0, 0, 1, 0, 0, 0, 0, 0, 0, 0, 0, 0]]
MAX_USER_PER_ANTENNAS_m:  [40, 40, 40, 40, 40, 40, 40, 40, 40, 40, 40, 40, 40, 40, 40, 40, 40, 40, 40, 40, 40, 40, 40, 40, 40, 40, 40, 40, 40, 40, 40, 40, 40, 40, 40, 40, 40, 40, 40, 40, 40, 40, 40, 40, 40, 40, 40, 40, 40, 40, 40, 40, 40, 40, 40, 40, 40, 40, 40, 40, 40, 40, 40, 40, 40, 40, 40, 40, 40, 40, 40, 40, 40, 40, 40, 40, 40, 40, 40, 40, 40, 40, 40, 40, 40, 40, 40, 40, 40, 40, 40, 40, 40, 40, 40, 40, 40, 40, 40, 40]
antennas_map_m:  [1, 1, 1, 1, 1, 1, 1, 1, 1, 1, 1, 1, 1, 1, 1, 1, 1, 1, 1, 1, 1, 1, 1, 1, 1, 1, 1, 1, 1, 1, 1, 1, 1, 1, 1, 1, 1, 1, 1, 1, 1, 1, 1, 1, 1, 1, 1, 1, 1, 1, 1, 1, 1, 1, 1, 1, 1, 1, 1, 1, 1, 1, 1, 1, 1, 1, 1, 1, 1, 1, 1, 1, 1, 1, 1, 1, 1, 1, 1, 1, 1, 1, 1, 1, 1, 1, 1, 1, 1, 1, 1, 1, 1, 1, 1, 1, 1, 1, 1, 1]
FIRST_ANTENNA:  82
MIN_SNR_m:  [3.1622776601683795, 3.1622776601683795, 3.1622776601683795, 3.1622776601683795, 3.1622776601683795, 3.1622776601683795, 3.1622776601683795, 3.1622776601683795, 3.1622776601683795, 3.1622776601683795, 3.1622776601683795, 3.1622776601683795, 3.1622776601683795, 3.1622776601683795, 3.1622776601683795, 3.1622776601683795, 3.1622776601683795, 3.1622776601683795, 3.1622776601683795, 3.1622776601683795, 3.1622776601683795, 3.1622776601683795, 3.1622776601683795, 3.1622776601683795, 3.1622776601683795, 3.1622776601683795, 3.1622776601683795, 3.1622776601683795, 3.1622776601683795, 3.1622776601683795, 3.1622776601683795, 3.1622776601683795, 3.1622776601683795, 3.1622776601683795, 3.1622776601683795, 3.1622776601683795, 3.1622776601683795, 3.1622776601683795, 3.1622776601683795, 3.1622776601683795, 3.1622776601683795, 3.1622776601683795, 3.1622776601683795, 3.1622776601683795, 3.1622776601683795, 3.1622776601683795, 3.1622776601683795, 3.1622776601683795, 3.1622776601683795, 3.1622776601683795, 3.1622776601683795, 3.1622776601683795, 3.1622776601683795, 3.1622776601683795, 3.1622776601683795, 3.1622776601683795, 3.1622776601683795, 3.1622776601683795, 3.1622776601683795, 3.1622776601683795, 3.1622776601683795, 3.1622776601683795, 3.1622776601683795, 3.1622776601683795, 3.1622776601683795, 3.1622776601683795, 3.1622776601683795, 3.1622776601683795, 3.1622776601683795, 3.1622776601683795, 3.1622776601683795, 3.1622776601683795, 3.1622776601683795, 3.1622776601683795, 3.1622776601683795, 3.1622776601683795, 3.1622776601683795, 3.1622776601683795, 3.1622776601683795, 3.1622776601683795, 3.1622776601683795, 3.1622776601683795, 3.1622776601683795, 3.1622776601683795, 3.1622776601683795, 3.1622776601683795, 3.1622776601683795, 3.1622776601683795, 3.1622776601683795, 3.1622776601683795, 3.1622776601683795, 3.1622776601683795, 3.1622776601683795, 3.1622776601683795, 3.1622776601683795, 3.1622776601683795, 3.1622776601683795, 3.1622776601683795, 3.1622776601683795, 3.1622776601683795]
-MIN_DIST:  2000
- disaster percentage:  0
- valid_time:  0
2.0

Média de carros: 2.0
t=0
$x_{72}$
	 $y_{72,42}$ = 15.478089294034476 dB
		SNR medio: 15.478089294034476
		Usuarios totais: 15
$x_{82}$
	 $y_{82,43}$ = 11.366858244950578 dB
	 $y_{82,52}$ = 10.38850192475249 dB
	 $y_{82,53}$ = 14.540884485840849 dB
		SNR medio: 12.478513813826446
		Usuarios totais: 23
t=1
$x_{72}$
	 $y_{1,72,2}$ = -3.7810552939872366 dB
	 $y_{1,72,4}$ = 3.2302322916747963 dB
	 $y_{1,72,13}$ = 3.509843476599727 dB
	 $y_{1,72,14}$ = 1.969818144892599 dB
	 $y_{1,72,21}$ = 6.263236672666864 dB
	 $y_{1,72,26}$ = 3.0560578280147017 dB
	 $y_{1,72,42}$ = 15.478089294034476 dB
	 $y_{1,72,43}$ = 16.717174415140818 dB
	 $y_{1,72,44}$ = 12.901683763779857 dB
	 $y_{1,72,46}$ = 8.175088463351571 dB
	 $y_{1,72,49}$ = -1.2857850362845513 dB
	 $y_{1,72,52}$ = 12.26301788361937 dB
	 $y_{1,72,58}$ = 10.083950553416685 dB
	 $y_{1,72,60}$ = 19.50388648597682 dB
	 $y_{1,72,62}$ = 27.59721541548646 dB
	 $y_{1,72,65}$ = 10.6052149808921 dB
		SNR medio: 17.120584480460305
		Usuarios totais: 39
$x_{82}$
	 $y_{1,82,6}$ = -1.421117021450783 dB
	 $y_{1,82,7}$ = -6.828619810722699 dB
	 $y_{1,82,8}$ = -5.172095240225474 dB
	 $y_{1,82,10}$ = -5.250059131385086 dB
	 $y_{1,82,18}$ = -0.8216936948497988 dB
	 $y_{1,82,19}$ = -5.967686594253109 dB
	 $y_{1,82,24}$ = 3.9370593756213736 dB
	 $y_{1,82,25}$ = 3.28482471734084 dB
	 $y_{1,82,39}$ = -1.2537293993908918 dB
	 $y_{1,82,53}$ = 14.540884485840849 dB
	 $y_{1,82,63}$ = 19.915185123959077 dB
	 $y_{1,82,66}$ = 2.713478694254917 dB
	 $y_{1,82,67}$ = -0.5306544201020387 dB
	 $y_{1,82,83}$ = 31.59056524922906 dB
	 $y_{1,82,87}$ = 4.372881387398678 dB
	 $y_{1,82,88}$ = -1.8057276578621215 dB
	 $y_{1,82,89}$ = 5.781971208523046 dB
	 $y_{1,82,93}$ = 19.699018290227002 dB
	 $y_{1,82,95}$ = 11.696702726422131 dB
	 $y_{1,82,96}$ = 9.046803083119556 dB
	 $y_{1,82,98}$ = -0.25862295197380525 dB
		SNR medio: 19.091937765701775
		Usuarios totais: 27
t=2
$x_{72}$
	 $y_{2,72,3}$ = -4.339557487784674 dB
	 $y_{2,72,4}$ = 3.2302322916747963 dB
	 $y_{2,72,5}$ = 2.6133220917775053 dB
	 $y_{2,72,11}$ = 1.1981063095443574 dB
	 $y_{2,72,12}$ = 0.34061256392520495 dB
	 $y_{2,72,13}$ = 3.509843476599727 dB
	 $y_{2,72,20}$ = 2.2641308495092574 dB
	 $y_{2,72,21}$ = 6.263236672666864 dB
	 $y_{2,72,26}$ = 3.0560578280147017 dB
	 $y_{2,72,32}$ = 6.823820179815726 dB
	 $y_{2,72,34}$ = 6.335769365775548 dB
	 $y_{2,72,37}$ = -2.1021253771484965 dB
	 $y_{2,72,38}$ = -1.2663581687527028 dB
	 $y_{2,72,42}$ = 15.478089294034476 dB
	 $y_{2,72,43}$ = 16.717174415140818 dB
	 $y_{2,72,45}$ = 5.583597232203488 dB
	 $y_{2,72,46}$ = 8.175088463351571 dB
	 $y_{2,72,51}$ = 21.840262313558696 dB
	 $y_{2,72,57}$ = 2.165363316562747 dB
	 $y_{2,72,60}$ = 19.50388648597682 dB
		SNR medio: 12.593761692513898
		Usuarios totais: 39
$x_{82}$
	 $y_{2,82,7}$ = -6.828619810722699 dB
	 $y_{2,82,8}$ = -5.172095240225474 dB
	 $y_{2,82,9}$ = -2.224591775277147 dB
	 $y_{2,82,10}$ = -5.250059131385086 dB
	 $y_{2,82,18}$ = -0.8216936948497988 dB
	 $y_{2,82,22}$ = 1.9904392052990547 dB
	 $y_{2,82,28}$ = -4.823830035611024 dB
	 $y_{2,82,29}$ = -2.290168204172872 dB
	 $y_{2,82,36}$ = 0.7894896053412881 dB
	 $y_{2,82,47}$ = -0.9282960678598896 dB
	 $y_{2,82,48}$ = 6.803265717374103 dB
	 $y_{2,82,50}$ = 12.8564184425733 dB
	 $y_{2,82,52}$ = 10.38850192475249 dB
	 $y_{2,82,53}$ = 14.540884485840849 dB
	 $y_{2,82,54}$ = 15.823168902536338 dB
	 $y_{2,82,55}$ = 10.538139259111276 dB
	 $y_{2,82,61}$ = 18.72045374289698 dB
	 $y_{2,82,63}$ = 19.915185123959077 dB
	 $y_{2,82,64}$ = 13.253283176508802 dB
		SNR medio: 12.174337970813887
		Usuarios totais: 39
t=3
$x_{72}$
	 $y_{3,72,0}$ = -5.290900261995716 dB
	 $y_{3,72,2}$ = -3.7810552939872366 dB
	 $y_{3,72,3}$ = -4.339557487784674 dB
	 $y_{3,72,4}$ = 3.2302322916747963 dB
	 $y_{3,72,5}$ = 2.6133220917775053 dB
	 $y_{3,72,11}$ = 1.1981063095443574 dB
	 $y_{3,72,15}$ = -2.161234522730283 dB
	 $y_{3,72,17}$ = -1.186198990031599 dB
	 $y_{3,72,20}$ = 2.2641308495092574 dB
	 $y_{3,72,21}$ = 6.263236672666864 dB
	 $y_{3,72,23}$ = 2.376029815836119 dB
	 $y_{3,72,26}$ = 3.0560578280147017 dB
	 $y_{3,72,27}$ = 3.710677204621078 dB
	 $y_{3,72,30}$ = 8.813682727774847 dB
	 $y_{3,72,32}$ = 6.823820179815726 dB
	 $y_{3,72,34}$ = 6.335769365775548 dB
	 $y_{3,72,38}$ = -1.2663581687527028 dB
	 $y_{3,72,43}$ = 16.717174415140818 dB
	 $y_{3,72,45}$ = 5.583597232203488 dB
	 $y_{3,72,46}$ = 8.175088463351571 dB
	 $y_{3,72,49}$ = -1.2857850362845513 dB
	 $y_{3,72,51}$ = 21.840262313558696 dB
	 $y_{3,72,52}$ = 12.26301788361937 dB
		SNR medio: 10.60985960355934
		Usuarios totais: 39
$x_{82}$
	 $y_{3,82,1}$ = -1.268330617434287 dB
	 $y_{3,82,10}$ = -5.250059131385086 dB
	 $y_{3,82,16}$ = 0.5480580439570704 dB
	 $y_{3,82,18}$ = -0.8216936948497988 dB
	 $y_{3,82,22}$ = 1.9904392052990547 dB
	 $y_{3,82,24}$ = 3.9370593756213736 dB
	 $y_{3,82,25}$ = 3.28482471734084 dB
	 $y_{3,82,36}$ = 0.7894896053412881 dB
	 $y_{3,82,42}$ = 2.358642727171201 dB
	 $y_{3,82,47}$ = -0.9282960678598896 dB
	 $y_{3,82,53}$ = 14.540884485840849 dB
	 $y_{3,82,54}$ = 15.823168902536338 dB
	 $y_{3,82,55}$ = 10.538139259111276 dB
		SNR medio: 8.446929317071215
		Usuarios totais: 39
t=4
$x_{72}$
	 $y_{4,72,0}$ = -5.290900261995716 dB
	 $y_{4,72,2}$ = -3.7810552939872366 dB
	 $y_{4,72,4}$ = 3.2302322916747963 dB
	 $y_{4,72,5}$ = 2.6133220917775053 dB
	 $y_{4,72,11}$ = 1.1981063095443574 dB
	 $y_{4,72,12}$ = 0.34061256392520495 dB
	 $y_{4,72,13}$ = 3.509843476599727 dB
	 $y_{4,72,14}$ = 1.969818144892599 dB
	 $y_{4,72,17}$ = -1.186198990031599 dB
	 $y_{4,72,20}$ = 2.2641308495092574 dB
	 $y_{4,72,21}$ = 6.263236672666864 dB
	 $y_{4,72,23}$ = 2.376029815836119 dB
	 $y_{4,72,26}$ = 3.0560578280147017 dB
	 $y_{4,72,30}$ = 8.813682727774847 dB
	 $y_{4,72,31}$ = 11.665578865845745 dB
	 $y_{4,72,32}$ = 6.823820179815726 dB
	 $y_{4,72,34}$ = 6.335769365775548 dB
	 $y_{4,72,38}$ = -1.2663581687527028 dB
	 $y_{4,72,43}$ = 16.717174415140818 dB
	 $y_{4,72,46}$ = 8.175088463351571 dB
	 $y_{4,72,49}$ = -1.2857850362845513 dB
	 $y_{4,72,51}$ = 21.840262313558696 dB
	 $y_{4,72,62}$ = 27.59721541548646 dB
		SNR medio: 15.602386788592497
		Usuarios totais: 39
$x_{82}$
	 $y_{4,82,6}$ = -1.421117021450783 dB
	 $y_{4,82,7}$ = -6.828619810722699 dB
	 $y_{4,82,8}$ = -5.172095240225474 dB
	 $y_{4,82,9}$ = -2.224591775277147 dB
	 $y_{4,82,16}$ = 0.5480580439570704 dB
	 $y_{4,82,18}$ = -0.8216936948497988 dB
	 $y_{4,82,19}$ = -5.967686594253109 dB
	 $y_{4,82,22}$ = 1.9904392052990547 dB
	 $y_{4,82,24}$ = 3.9370593756213736 dB
	 $y_{4,82,25}$ = 3.28482471734084 dB
	 $y_{4,82,33}$ = 11.886381223796633 dB
	 $y_{4,82,36}$ = 0.7894896053412881 dB
	 $y_{4,82,39}$ = -1.2537293993908918 dB
	 $y_{4,82,41}$ = 8.980132050769953 dB
	 $y_{4,82,42}$ = 2.358642727171201 dB
	 $y_{4,82,47}$ = -0.9282960678598896 dB
	 $y_{4,82,48}$ = 6.803265717374103 dB
	 $y_{4,82,65}$ = 6.735330475404794 dB
		SNR medio: 4.220065420198727
		Usuarios totais: 39
t=5
$x_{72}$
	 $y_{5,72,0}$ = -5.290900261995716 dB
	 $y_{5,72,2}$ = -3.7810552939872366 dB
	 $y_{5,72,5}$ = 2.6133220917775053 dB
	 $y_{5,72,11}$ = 1.1981063095443574 dB
	 $y_{5,72,12}$ = 0.34061256392520495 dB
	 $y_{5,72,13}$ = 3.509843476599727 dB
	 $y_{5,72,14}$ = 1.969818144892599 dB
	 $y_{5,72,15}$ = -2.161234522730283 dB
	 $y_{5,72,17}$ = -1.186198990031599 dB
	 $y_{5,72,20}$ = 2.2641308495092574 dB
	 $y_{5,72,26}$ = 3.0560578280147017 dB
	 $y_{5,72,27}$ = 3.710677204621078 dB
	 $y_{5,72,30}$ = 8.813682727774847 dB
	 $y_{5,72,31}$ = 11.665578865845745 dB
	 $y_{5,72,32}$ = 6.823820179815726 dB
	 $y_{5,72,34}$ = 6.335769365775548 dB
	 $y_{5,72,35}$ = 2.5023654507160416 dB
	 $y_{5,72,37}$ = -2.1021253771484965 dB
	 $y_{5,72,38}$ = -1.2663581687527028 dB
	 $y_{5,72,43}$ = 16.717174415140818 dB
	 $y_{5,72,44}$ = 12.901683763779857 dB
	 $y_{5,72,45}$ = 5.583597232203488 dB
	 $y_{5,72,58}$ = 10.083950553416685 dB
		SNR medio: 7.5553881932388585
		Usuarios totais: 39
$x_{82}$
	 $y_{5,82,1}$ = -1.268330617434287 dB
	 $y_{5,82,6}$ = -1.421117021450783 dB
	 $y_{5,82,7}$ = -6.828619810722699 dB
	 $y_{5,82,8}$ = -5.172095240225474 dB
	 $y_{5,82,9}$ = -2.224591775277147 dB
	 $y_{5,82,10}$ = -5.250059131385086 dB
	 $y_{5,82,16}$ = 0.5480580439570704 dB
	 $y_{5,82,19}$ = -5.967686594253109 dB
	 $y_{5,82,22}$ = 1.9904392052990547 dB
	 $y_{5,82,25}$ = 3.28482471734084 dB
	 $y_{5,82,28}$ = -4.823830035611024 dB
	 $y_{5,82,33}$ = 11.886381223796633 dB
	 $y_{5,82,36}$ = 0.7894896053412881 dB
	 $y_{5,82,39}$ = -1.2537293993908918 dB
	 $y_{5,82,40}$ = 3.0351579933477666 dB
	 $y_{5,82,41}$ = 8.980132050769953 dB
	 $y_{5,82,46}$ = 3.3325242027845547 dB
	 $y_{5,82,48}$ = 6.803265717374103 dB
	 $y_{5,82,49}$ = -5.477582075702458 dB
	 $y_{5,82,50}$ = 12.8564184425733 dB
	 $y_{5,82,54}$ = 15.823168902536338 dB
	 $y_{5,82,56}$ = 3.60698928549985 dB
		SNR medio: 6.6897980764031315
		Usuarios totais: 39
t=6
$x_{72}$
	 $y_{6,72,0}$ = -5.290900261995716 dB
	 $y_{6,72,4}$ = 3.2302322916747963 dB
	 $y_{6,72,11}$ = 1.1981063095443574 dB
	 $y_{6,72,13}$ = 3.509843476599727 dB
	 $y_{6,72,14}$ = 1.969818144892599 dB
	 $y_{6,72,15}$ = -2.161234522730283 dB
	 $y_{6,72,17}$ = -1.186198990031599 dB
	 $y_{6,72,21}$ = 6.263236672666864 dB
	 $y_{6,72,26}$ = 3.0560578280147017 dB
	 $y_{6,72,27}$ = 3.710677204621078 dB
	 $y_{6,72,30}$ = 8.813682727774847 dB
	 $y_{6,72,31}$ = 11.665578865845745 dB
	 $y_{6,72,32}$ = 6.823820179815726 dB
	 $y_{6,72,34}$ = 6.335769365775548 dB
	 $y_{6,72,35}$ = 2.5023654507160416 dB
	 $y_{6,72,37}$ = -2.1021253771484965 dB
	 $y_{6,72,38}$ = -1.2663581687527028 dB
	 $y_{6,72,42}$ = 15.478089294034476 dB
	 $y_{6,72,46}$ = 8.175088463351571 dB
		SNR medio: 6.939918937828267
		Usuarios totais: 39
$x_{82}$
	 $y_{6,82,1}$ = -1.268330617434287 dB
	 $y_{6,82,6}$ = -1.421117021450783 dB
	 $y_{6,82,7}$ = -6.828619810722699 dB
	 $y_{6,82,8}$ = -5.172095240225474 dB
	 $y_{6,82,16}$ = 0.5480580439570704 dB
	 $y_{6,82,18}$ = -0.8216936948497988 dB
	 $y_{6,82,19}$ = -5.967686594253109 dB
	 $y_{6,82,22}$ = 1.9904392052990547 dB
	 $y_{6,82,24}$ = 3.9370593756213736 dB
	 $y_{6,82,25}$ = 3.28482471734084 dB
	 $y_{6,82,28}$ = -4.823830035611024 dB
	 $y_{6,82,29}$ = -2.290168204172872 dB
	 $y_{6,82,33}$ = 11.886381223796633 dB
	 $y_{6,82,36}$ = 0.7894896053412881 dB
	 $y_{6,82,41}$ = 8.980132050769953 dB
	 $y_{6,82,43}$ = 11.366858244950578 dB
	 $y_{6,82,44}$ = 7.919492778936146 dB
	 $y_{6,82,48}$ = 6.803265717374103 dB
	 $y_{6,82,50}$ = 12.8564184425733 dB
	 $y_{6,82,52}$ = 10.38850192475249 dB
		SNR medio: 6.5691042047357575
		Usuarios totais: 39
t=7
$x_{72}$
	 $y_{7,72,0}$ = -5.290900261995716 dB
	 $y_{7,72,2}$ = -3.7810552939872366 dB
	 $y_{7,72,3}$ = -4.339557487784674 dB
	 $y_{7,72,4}$ = 3.2302322916747963 dB
	 $y_{7,72,12}$ = 0.34061256392520495 dB
	 $y_{7,72,13}$ = 3.509843476599727 dB
	 $y_{7,72,14}$ = 1.969818144892599 dB
	 $y_{7,72,15}$ = -2.161234522730283 dB
	 $y_{7,72,20}$ = 2.2641308495092574 dB
	 $y_{7,72,21}$ = 6.263236672666864 dB
	 $y_{7,72,23}$ = 2.376029815836119 dB
	 $y_{7,72,26}$ = 3.0560578280147017 dB
	 $y_{7,72,30}$ = 8.813682727774847 dB
	 $y_{7,72,31}$ = 11.665578865845745 dB
	 $y_{7,72,32}$ = 6.823820179815726 dB
	 $y_{7,72,35}$ = 2.5023654507160416 dB
	 $y_{7,72,37}$ = -2.1021253771484965 dB
	 $y_{7,72,42}$ = 15.478089294034476 dB
	 $y_{7,72,43}$ = 16.717174415140818 dB
		SNR medio: 8.355607966824696
		Usuarios totais: 39
$x_{82}$
	 $y_{7,82,1}$ = -1.268330617434287 dB
	 $y_{7,82,6}$ = -1.421117021450783 dB
	 $y_{7,82,9}$ = -2.224591775277147 dB
	 $y_{7,82,10}$ = -5.250059131385086 dB
	 $y_{7,82,16}$ = 0.5480580439570704 dB
	 $y_{7,82,19}$ = -5.967686594253109 dB
	 $y_{7,82,22}$ = 1.9904392052990547 dB
	 $y_{7,82,25}$ = 3.28482471734084 dB
	 $y_{7,82,28}$ = -4.823830035611024 dB
	 $y_{7,82,29}$ = -2.290168204172872 dB
	 $y_{7,82,36}$ = 0.7894896053412881 dB
	 $y_{7,82,39}$ = -1.2537293993908918 dB
	 $y_{7,82,40}$ = 3.0351579933477666 dB
	 $y_{7,82,41}$ = 8.980132050769953 dB
	 $y_{7,82,45}$ = 4.027933803540407 dB
	 $y_{7,82,46}$ = 3.3325242027845547 dB
	 $y_{7,82,52}$ = 10.38850192475249 dB
	 $y_{7,82,53}$ = 14.540884485840849 dB
	 $y_{7,82,55}$ = 10.538139259111276 dB
	 $y_{7,82,56}$ = 3.60698928549985 dB
	 $y_{7,82,57}$ = -0.8086705146801588 dB
	 $y_{7,82,59}$ = -9.131052028960454 dB
	 $y_{7,82,61}$ = 18.72045374289698 dB
	 $y_{7,82,62}$ = 14.415056238776884 dB
	 $y_{7,82,64}$ = 13.253283176508802 dB
	 $y_{7,82,66}$ = 2.713478694254917 dB
		SNR medio: 8.947066269311474
		Usuarios totais: 39
t=8
$x_{72}$
	 $y_{8,72,4}$ = 3.2302322916747963 dB
	 $y_{8,72,11}$ = 1.1981063095443574 dB
	 $y_{8,72,12}$ = 0.34061256392520495 dB
	 $y_{8,72,13}$ = 3.509843476599727 dB
	 $y_{8,72,14}$ = 1.969818144892599 dB
	 $y_{8,72,15}$ = -2.161234522730283 dB
	 $y_{8,72,17}$ = -1.186198990031599 dB
	 $y_{8,72,20}$ = 2.2641308495092574 dB
	 $y_{8,72,23}$ = 2.376029815836119 dB
	 $y_{8,72,31}$ = 11.665578865845745 dB
	 $y_{8,72,32}$ = 6.823820179815726 dB
	 $y_{8,72,37}$ = -2.1021253771484965 dB
	 $y_{8,72,38}$ = -1.2663581687527028 dB
	 $y_{8,72,43}$ = 16.717174415140818 dB
	 $y_{8,72,51}$ = 21.840262313558696 dB
	 $y_{8,72,52}$ = 12.26301788361937 dB
	 $y_{8,72,58}$ = 10.083950553416685 dB
	 $y_{8,72,59}$ = -6.295062369352451 dB
	 $y_{8,72,60}$ = 19.50388648597682 dB
	 $y_{8,72,62}$ = 27.59721541548646 dB
	 $y_{8,72,65}$ = 10.6052149808921 dB
	 $y_{8,72,66}$ = 5.407144928942927 dB
	 $y_{8,72,68}$ = -1.7784185627114941 dB
	 $y_{8,72,69}$ = 6.984954115318203 dB
	 $y_{8,72,70}$ = 28.23837148103638 dB
		SNR medio: 18.09534219091111
		Usuarios totais: 39
$x_{82}$
	 $y_{8,82,1}$ = -1.268330617434287 dB
	 $y_{8,82,6}$ = -1.421117021450783 dB
	 $y_{8,82,7}$ = -6.828619810722699 dB
	 $y_{8,82,8}$ = -5.172095240225474 dB
	 $y_{8,82,10}$ = -5.250059131385086 dB
	 $y_{8,82,16}$ = 0.5480580439570704 dB
	 $y_{8,82,18}$ = -0.8216936948497988 dB
	 $y_{8,82,22}$ = 1.9904392052990547 dB
	 $y_{8,82,24}$ = 3.9370593756213736 dB
	 $y_{8,82,28}$ = -4.823830035611024 dB
	 $y_{8,82,29}$ = -2.290168204172872 dB
	 $y_{8,82,33}$ = 11.886381223796633 dB
	 $y_{8,82,40}$ = 3.0351579933477666 dB
	 $y_{8,82,41}$ = 8.980132050769953 dB
	 $y_{8,82,48}$ = 6.803265717374103 dB
	 $y_{8,82,50}$ = 12.8564184425733 dB
	 $y_{8,82,53}$ = 14.540884485840849 dB
	 $y_{8,82,55}$ = 10.538139259111276 dB
	 $y_{8,82,56}$ = 3.60698928549985 dB
	 $y_{8,82,63}$ = 19.915185123959077 dB
	 $y_{8,82,72}$ = 31.853019750953365 dB
	 $y_{8,82,73}$ = 12.763566777380476 dB
	 $y_{8,82,75}$ = 12.424182618454495 dB
	 $y_{8,82,76}$ = 12.132577023786666 dB
	 $y_{8,82,77}$ = 8.640663188781959 dB
		SNR medio: 18.55149285068608
		Usuarios totais: 39
t=9
$x_{72}$
	 $y_{9,72,2}$ = -3.7810552939872366 dB
	 $y_{9,72,13}$ = 3.509843476599727 dB
	 $y_{9,72,15}$ = -2.161234522730283 dB
	 $y_{9,72,23}$ = 2.376029815836119 dB
	 $y_{9,72,27}$ = 3.710677204621078 dB
	 $y_{9,72,31}$ = 11.665578865845745 dB
	 $y_{9,72,37}$ = -2.1021253771484965 dB
	 $y_{9,72,44}$ = 12.901683763779857 dB
	 $y_{9,72,45}$ = 5.583597232203488 dB
	 $y_{9,72,46}$ = 8.175088463351571 dB
	 $y_{9,72,57}$ = 2.165363316562747 dB
	 $y_{9,72,59}$ = -6.295062369352451 dB
	 $y_{9,72,61}$ = 22.623298315437665 dB
	 $y_{9,72,67}$ = 2.9657101509411774 dB
	 $y_{9,72,68}$ = -1.7784185627114941 dB
	 $y_{9,72,70}$ = 28.23837148103638 dB
	 $y_{9,72,72}$ = 89.95038765063339 dB
	 $y_{9,72,74}$ = 19.216375442615117 dB
	 $y_{9,72,85}$ = 12.450833089928892 dB
	 $y_{9,72,86}$ = 11.048227705001779 dB
	 $y_{9,72,96}$ = 0.43647343237518077 dB
	 $y_{9,72,97}$ = -0.4524484192061491 dB
	 $y_{9,72,98}$ = 1.9507290847573557 dB
		SNR medio: 76.33311378757719
		Usuarios totais: 30
$x_{82}$
	 $y_{9,82,1}$ = -1.268330617434287 dB
	 $y_{9,82,6}$ = -1.421117021450783 dB
	 $y_{9,82,7}$ = -6.828619810722699 dB
	 $y_{9,82,8}$ = -5.172095240225474 dB
	 $y_{9,82,9}$ = -2.224591775277147 dB
	 $y_{9,82,10}$ = -5.250059131385086 dB
	 $y_{9,82,19}$ = -5.967686594253109 dB
	 $y_{9,82,22}$ = 1.9904392052990547 dB
	 $y_{9,82,24}$ = 3.9370593756213736 dB
	 $y_{9,82,25}$ = 3.28482471734084 dB
	 $y_{9,82,28}$ = -4.823830035611024 dB
	 $y_{9,82,36}$ = 0.7894896053412881 dB
	 $y_{9,82,39}$ = -1.2537293993908918 dB
	 $y_{9,82,47}$ = -0.9282960678598896 dB
	 $y_{9,82,55}$ = 10.538139259111276 dB
	 $y_{9,82,75}$ = 12.424182618454495 dB
	 $y_{9,82,77}$ = 8.640663188781959 dB
	 $y_{9,82,79}$ = 6.491115292467356 dB
	 $y_{9,82,80}$ = 19.55886179943056 dB
	 $y_{9,82,84}$ = 17.662471632151494 dB
	 $y_{9,82,87}$ = 4.372881387398678 dB
	 $y_{9,82,91}$ = 26.54305920688502 dB
	 $y_{9,82,92}$ = 26.136114847754058 dB
		SNR medio: 16.661678597854802
		Usuarios totais: 39
t=10
$x_{72}$
	 $y_{10,72,2}$ = -3.7810552939872366 dB
	 $y_{10,72,5}$ = 2.6133220917775053 dB
	 $y_{10,72,11}$ = 1.1981063095443574 dB
	 $y_{10,72,14}$ = 1.969818144892599 dB
	 $y_{10,72,20}$ = 2.2641308495092574 dB
	 $y_{10,72,34}$ = 6.335769365775548 dB
	 $y_{10,72,51}$ = 21.840262313558696 dB
	 $y_{10,72,52}$ = 12.26301788361937 dB
	 $y_{10,72,58}$ = 10.083950553416685 dB
	 $y_{10,72,61}$ = 22.623298315437665 dB
	 $y_{10,72,66}$ = 5.407144928942927 dB
	 $y_{10,72,72}$ = 89.95038765063339 dB
	 $y_{10,72,74}$ = 19.216375442615117 dB
	 $y_{10,72,86}$ = 11.048227705001779 dB
	 $y_{10,72,98}$ = 1.9507290847573557 dB
		SNR medio: 78.18947714724611
		Usuarios totais: 16
$x_{82}$
	 $y_{10,82,1}$ = -1.268330617434287 dB
	 $y_{10,82,7}$ = -6.828619810722699 dB
	 $y_{10,82,10}$ = -5.250059131385086 dB
	 $y_{10,82,22}$ = 1.9904392052990547 dB
	 $y_{10,82,40}$ = 3.0351579933477666 dB
	 $y_{10,82,47}$ = -0.9282960678598896 dB
	 $y_{10,82,53}$ = 14.540884485840849 dB
	 $y_{10,82,54}$ = 15.823168902536338 dB
	 $y_{10,82,55}$ = 10.538139259111276 dB
	 $y_{10,82,56}$ = 3.60698928549985 dB
	 $y_{10,82,75}$ = 12.424182618454495 dB
	 $y_{10,82,79}$ = 6.491115292467356 dB
	 $y_{10,82,83}$ = 31.59056524922906 dB
	 $y_{10,82,87}$ = 4.372881387398678 dB
	 $y_{10,82,88}$ = -1.8057276578621215 dB
	 $y_{10,82,90}$ = 16.447452516619123 dB
	 $y_{10,82,92}$ = 26.136114847754058 dB
	 $y_{10,82,96}$ = 9.046803083119556 dB
		SNR medio: 20.49328947624867
		Usuarios totais: 23
t=11
$x_{72}$
	 $y_{11,72,14}$ = 1.969818144892599 dB
	 $y_{11,72,20}$ = 2.2641308495092574 dB
	 $y_{11,72,31}$ = 11.665578865845745 dB
	 $y_{11,72,49}$ = -1.2857850362845513 dB
	 $y_{11,72,51}$ = 21.840262313558696 dB
	 $y_{11,72,65}$ = 10.6052149808921 dB
	 $y_{11,72,69}$ = 6.984954115318203 dB
		SNR medio: 14.289025861168685
		Usuarios totais: 7
$x_{82}$
	 $y_{11,82,10}$ = -5.250059131385086 dB
	 $y_{11,82,90}$ = 16.447452516619123 dB
		SNR medio: 13.466432375306427
		Usuarios totais: 2
Distances:
72 : 82 = 400.0
--- Done after 0.0005343278249104817 hours. ---
