-------------Calculating Solution (this may take a while)
+++++++++++++++++++Min Sinr: 15 dB (single)
+++++++++++++++++++With backhaul constraint. Start: 2022-11-12 14:00:23

Parameters:
- chosen seed 3
- Map with 100 sectors
- Map 4000 x 4000 m
- Sector has a side of 400 m
- Max time:  12
- users_t_m:  [[0, 0, 0, 0, 0, 0, 0, 0, 0, 0, 0, 0, 0, 0, 0, 0, 0, 0, 0, 0, 0, 0, 0, 0, 0, 0, 0, 0, 0, 0, 0, 0, 0, 0, 0, 0, 0, 0, 0, 0, 0, 0, 15, 2, 0, 0, 0, 0, 0, 0, 0, 0, 17, 4, 0, 0, 0, 0, 0, 0, 0, 0, 0, 0, 0, 0, 0, 0, 0, 0, 0, 0, 0, 0, 0, 0, 0, 0, 0, 0, 0, 0, 0, 0, 0, 0, 0, 0, 0, 0, 0, 0, 0, 0, 0, 0, 0, 0, 0, 0], [0, 0, 1, 0, 1, 0, 1, 1, 1, 0, 1, 0, 0, 1, 1, 0, 0, 0, 1, 2, 0, 1, 0, 0, 1, 1, 3, 0, 0, 0, 0, 0, 0, 0, 0, 0, 0, 0, 0, 2, 0, 0, 10, 2, 2, 0, 1, 0, 0, 1, 0, 0, 11, 2, 0, 0, 0, 0, 1, 0, 1, 0, 1, 2, 0, 1, 1, 1, 0, 0, 0, 0, 0, 0, 0, 0, 0, 0, 0, 0, 0, 0, 0, 2, 0, 0, 0, 1, 1, 1, 0, 0, 0, 1, 0, 1, 2, 0, 1, 0], [0, 0, 0, 1, 1, 1, 0, 2, 1, 3, 1, 2, 1, 1, 0, 0, 0, 0, 1, 0, 1, 1, 1, 0, 0, 0, 1, 0, 1, 2, 0, 0, 2, 0, 1, 0, 1, 1, 1, 0, 0, 0, 17, 1, 0, 2, 1, 1, 2, 0, 2, 1, 13, 3, 1, 1, 0, 1, 0, 0, 1, 1, 0, 1, 1, 0, 1, 0, 0, 2, 0, 2, 0, 1, 1, 1, 1, 2, 0, 0, 0, 0, 0, 0, 0, 0, 0, 1, 2, 1, 0, 0, 0, 1, 0, 0, 2, 1, 0, 1], [3, 3, 3, 1, 2, 1, 0, 0, 0, 0, 1, 1, 0, 0, 0, 2, 3, 1, 1, 0, 2, 3, 1, 1, 2, 1, 1, 1, 0, 0, 1, 0, 1, 0, 1, 0, 1, 0, 1, 0, 0, 0, 19, 2, 0, 2, 1, 1, 0, 1, 0, 2, 5, 3, 2, 1, 1, 0, 2, 1, 1, 1, 5, 0, 0, 0, 1, 1, 2, 1, 0, 1, 0, 1, 2, 0, 3, 1, 0, 3, 4, 0, 0, 0, 3, 1, 0, 1, 0, 0, 0, 2, 2, 1, 1, 2, 0, 2, 1, 1], [2, 0, 2, 0, 3, 3, 1, 3, 2, 1, 0, 2, 1, 1, 2, 0, 1, 2, 1, 1, 2, 1, 2, 3, 2, 3, 2, 0, 0, 0, 1, 1, 1, 1, 1, 0, 1, 0, 1, 2, 0, 1, 12, 4, 0, 0, 1, 1, 3, 1, 3, 1, 11, 3, 0, 0, 2, 0, 3, 3, 4, 2, 1, 2, 0, 1, 0, 1, 1, 2, 1, 3, 4, 0, 1, 3, 0, 2, 0, 1, 4, 1, 0, 3, 0, 2, 1, 0, 3, 0, 1, 1, 1, 1, 0, 1, 1, 0, 0, 4], [3, 2, 1, 0, 0, 1, 1, 1, 2, 1, 2, 3, 4, 1, 1, 1, 2, 2, 0, 1, 1, 0, 1, 0, 0, 2, 1, 1, 1, 0, 1, 3, 1, 4, 3, 1, 1, 1, 1, 2, 1, 3, 17, 4, 2, 1, 2, 0, 4, 2, 1, 0, 8, 5, 2, 3, 1, 3, 1, 2, 1, 0, 0, 1, 3, 3, 4, 1, 0, 1, 0, 2, 1, 1, 1, 1, 4, 6, 1, 2, 1, 1, 1, 3, 3, 2, 0, 2, 0, 0, 1, 4, 0, 5, 3, 0, 2, 0, 2, 1], [1, 4, 0, 0, 1, 0, 3, 2, 2, 0, 0, 1, 0, 1, 4, 1, 2, 4, 1, 2, 0, 2, 1, 0, 1, 1, 1, 4, 2, 2, 2, 1, 6, 1, 1, 2, 2, 3, 2, 0, 0, 1, 1, 2, 2, 0, 1, 0, 2, 0, 5, 0, 1, 1, 2, 1, 3, 0, 3, 1, 3, 2, 1, 1, 2, 1, 1, 2, 0, 0, 0, 3, 0, 1, 1, 3, 3, 3, 3, 1, 2, 0, 1, 3, 2, 2, 1, 3, 1, 1, 0, 0, 3, 3, 1, 1, 0, 0, 5, 2], [1, 1, 3, 3, 1, 0, 1, 0, 0, 2, 1, 0, 1, 2, 2, 4, 3, 0, 0, 1, 3, 1, 1, 1, 0, 2, 1, 0, 1, 1, 1, 5, 3, 0, 0, 2, 1, 2, 0, 1, 1, 1, 1, 2, 0, 1, 1, 0, 0, 0, 0, 0, 1, 1, 0, 3, 4, 1, 0, 3, 0, 2, 2, 0, 1, 0, 1, 0, 0, 2, 0, 1, 1, 0, 2, 1, 2, 2, 2, 1, 0, 0, 1, 1, 1, 0, 1, 1, 2, 2, 2, 2, 0, 4, 1, 3, 1, 4, 0, 2], [0, 1, 0, 0, 1, 0, 2, 1, 3, 0, 1, 2, 2, 2, 2, 1, 2, 1, 3, 0, 2, 0, 1, 1, 2, 0, 0, 0, 2, 1, 0, 1, 1, 2, 0, 0, 0, 1, 1, 0, 2, 3, 0, 1, 0, 0, 0, 0, 1, 0, 2, 1, 1, 1, 0, 1, 2, 0, 3, 4, 2, 0, 2, 1, 0, 1, 2, 0, 1, 1, 2, 0, 1, 1, 0, 1, 1, 1, 1, 0, 3, 3, 0, 0, 0, 0, 0, 0, 1, 1, 0, 0, 1, 1, 1, 2, 1, 1, 0, 0], [0, 1, 1, 0, 0, 0, 1, 3, 3, 4, 1, 0, 0, 2, 0, 1, 0, 0, 0, 2, 0, 0, 3, 1, 1, 1, 0, 1, 1, 0, 0, 2, 0, 0, 0, 0, 1, 1, 0, 1, 0, 0, 0, 0, 1, 1, 1, 1, 0, 0, 0, 0, 0, 0, 0, 1, 0, 2, 0, 2, 0, 1, 0, 0, 0, 0, 0, 1, 1, 0, 3, 0, 1, 0, 1, 1, 0, 2, 0, 1, 2, 0, 0, 0, 3, 1, 1, 3, 0, 0, 0, 1, 1, 0, 0, 0, 1, 1, 2, 0], [0, 2, 1, 0, 0, 1, 0, 1, 0, 0, 1, 1, 0, 0, 1, 0, 0, 0, 0, 0, 1, 0, 1, 0, 0, 0, 0, 0, 0, 0, 0, 0, 0, 0, 1, 0, 0, 0, 0, 0, 1, 0, 0, 0, 0, 0, 0, 2, 0, 0, 0, 1, 1, 2, 1, 1, 1, 0, 2, 0, 0, 1, 0, 0, 0, 0, 1, 0, 0, 0, 0, 0, 1, 0, 1, 1, 0, 0, 0, 2, 0, 0, 0, 1, 0, 0, 1, 1, 2, 0, 1, 0, 1, 0, 0, 0, 1, 0, 1, 0], [0, 0, 0, 0, 0, 0, 0, 0, 0, 0, 1, 0, 0, 0, 1, 0, 0, 0, 0, 0, 1, 0, 0, 0, 0, 0, 0, 0, 0, 0, 0, 1, 0, 0, 0, 0, 0, 0, 0, 0, 0, 0, 0, 0, 0, 0, 0, 0, 0, 1, 0, 1, 0, 0, 0, 0, 0, 0, 0, 0, 0, 0, 0, 0, 0, 1, 0, 0, 0, 1, 0, 0, 0, 0, 0, 0, 0, 0, 0, 0, 0, 0, 0, 0, 0, 0, 0, 0, 0, 0, 1, 0, 0, 0, 0, 0, 0, 0, 0, 0]]
MAX_USER_PER_ANTENNAS_m:  [60, 60, 60, 60, 60, 60, 60, 60, 60, 60, 60, 60, 60, 60, 60, 60, 60, 60, 60, 60, 60, 60, 60, 60, 60, 60, 60, 60, 60, 60, 60, 60, 60, 60, 60, 60, 60, 60, 60, 60, 60, 60, 60, 60, 60, 60, 60, 60, 60, 60, 60, 60, 60, 60, 60, 60, 60, 60, 60, 60, 60, 60, 60, 60, 60, 60, 60, 60, 60, 60, 60, 60, 60, 60, 60, 60, 60, 60, 60, 60, 60, 60, 60, 60, 60, 60, 60, 60, 60, 60, 60, 60, 60, 60, 60, 60, 60, 60, 60, 60]
antennas_map_m:  [1, 1, 1, 1, 1, 1, 1, 1, 1, 1, 1, 1, 1, 1, 1, 1, 1, 1, 1, 1, 1, 1, 1, 1, 1, 1, 1, 1, 1, 1, 1, 1, 1, 1, 1, 1, 1, 1, 1, 1, 1, 1, 1, 1, 1, 1, 1, 1, 1, 1, 1, 1, 1, 1, 1, 1, 1, 1, 1, 1, 1, 1, 1, 1, 1, 1, 1, 1, 1, 1, 1, 1, 1, 1, 1, 1, 1, 1, 1, 1, 1, 1, 1, 1, 1, 1, 1, 1, 1, 1, 1, 1, 1, 1, 1, 1, 1, 1, 1, 1]
FIRST_ANTENNA:  82
MIN_SNR_m:  [31.622776601683793, 31.622776601683793, 31.622776601683793, 31.622776601683793, 31.622776601683793, 31.622776601683793, 31.622776601683793, 31.622776601683793, 31.622776601683793, 31.622776601683793, 31.622776601683793, 31.622776601683793, 31.622776601683793, 31.622776601683793, 31.622776601683793, 31.622776601683793, 31.622776601683793, 31.622776601683793, 31.622776601683793, 31.622776601683793, 31.622776601683793, 31.622776601683793, 31.622776601683793, 31.622776601683793, 31.622776601683793, 31.622776601683793, 31.622776601683793, 31.622776601683793, 31.622776601683793, 31.622776601683793, 31.622776601683793, 31.622776601683793, 31.622776601683793, 31.622776601683793, 31.622776601683793, 31.622776601683793, 31.622776601683793, 31.622776601683793, 31.622776601683793, 31.622776601683793, 31.622776601683793, 31.622776601683793, 31.622776601683793, 31.622776601683793, 31.622776601683793, 31.622776601683793, 31.622776601683793, 31.622776601683793, 31.622776601683793, 31.622776601683793, 31.622776601683793, 31.622776601683793, 31.622776601683793, 31.622776601683793, 31.622776601683793, 31.622776601683793, 31.622776601683793, 31.622776601683793, 31.622776601683793, 31.622776601683793, 31.622776601683793, 31.622776601683793, 31.622776601683793, 31.622776601683793, 31.622776601683793, 31.622776601683793, 31.622776601683793, 31.622776601683793, 31.622776601683793, 31.622776601683793, 31.622776601683793, 31.622776601683793, 31.622776601683793, 31.622776601683793, 31.622776601683793, 31.622776601683793, 31.622776601683793, 31.622776601683793, 31.622776601683793, 31.622776601683793, 31.622776601683793, 31.622776601683793, 31.622776601683793, 31.622776601683793, 31.622776601683793, 31.622776601683793, 31.622776601683793, 31.622776601683793, 31.622776601683793, 31.622776601683793, 31.622776601683793, 31.622776601683793, 31.622776601683793, 31.622776601683793, 31.622776601683793, 31.622776601683793, 31.622776601683793, 31.622776601683793, 31.622776601683793, 31.622776601683793]
-MIN_DIST:  2000
- disaster percentage:  0
- valid_time:  0
2.0

Média de carros: 2.0
t=0
$x_{52}$
	 $y_{52,42}$ = 24.945980569355953 dB
	 $y_{52,43}$ = 17.987032053953087 dB
	 $y_{52,52}$ = 84.89232537358691 dB
	 $y_{52,53}$ = 27.84549620239379 dB
		SNR medio: 78.87173931523306
		Usuarios totais: 38
$x_{82}$
		Usuarios totais: 0
t=1
$x_{52}$
	 $y_{1,52,2}$ = 5.262069247879227 dB
	 $y_{1,52,4}$ = 8.016130466685922 dB
	 $y_{1,52,7}$ = 2.299489786236293 dB
	 $y_{1,52,10}$ = 3.35484915665279 dB
	 $y_{1,52,13}$ = 17.150121758053885 dB
	 $y_{1,52,14}$ = 8.520053800044366 dB
	 $y_{1,52,19}$ = -3.6863007809453876 dB
	 $y_{1,52,21}$ = 6.6190778263568575 dB
	 $y_{1,52,24}$ = 4.169265494149016 dB
	 $y_{1,52,25}$ = 5.658693251453428 dB
	 $y_{1,52,26}$ = 10.25095512961849 dB
	 $y_{1,52,39}$ = -0.30214490703646407 dB
	 $y_{1,52,42}$ = 24.945980569355953 dB
	 $y_{1,52,43}$ = 17.987032053953087 dB
	 $y_{1,52,44}$ = 20.855968345272856 dB
	 $y_{1,52,46}$ = 5.53395356322315 dB
	 $y_{1,52,52}$ = 84.89232537358691 dB
	 $y_{1,52,53}$ = 27.84549620239379 dB
	 $y_{1,52,58}$ = 6.526710003233234 dB
	 $y_{1,52,60}$ = 25.458155078668483 dB
	 $y_{1,52,62}$ = 23.959487246871504 dB
	 $y_{1,52,63}$ = 21.861901808352954 dB
	 $y_{1,52,66}$ = 5.744919086699156 dB
	 $y_{1,52,88}$ = 4.096937806197786 dB
	 $y_{1,52,98}$ = 2.6077802263588974 dB
		SNR medio: 70.91295303966959
		Usuarios totais: 52
$x_{82}$
	 $y_{1,82,6}$ = -1.421117021450783 dB
	 $y_{1,82,8}$ = -5.172095240225474 dB
	 $y_{1,82,18}$ = -0.8216936948497988 dB
	 $y_{1,82,49}$ = -5.477582075702458 dB
	 $y_{1,82,65}$ = 6.735330475404794 dB
	 $y_{1,82,67}$ = -0.5306544201020387 dB
	 $y_{1,82,83}$ = 31.59056524922906 dB
	 $y_{1,82,87}$ = 4.372881387398678 dB
	 $y_{1,82,89}$ = 5.781971208523046 dB
	 $y_{1,82,93}$ = 19.699018290227002 dB
	 $y_{1,82,95}$ = 11.696702726422131 dB
	 $y_{1,82,96}$ = 9.046803083119556 dB
		SNR medio: 21.174580549740668
		Usuarios totais: 14
t=2
$x_{52}$
	 $y_{2,52,3}$ = 3.485185387452873 dB
	 $y_{2,52,4}$ = 8.016130466685922 dB
	 $y_{2,52,5}$ = 7.2037235360196235 dB
	 $y_{2,52,7}$ = 2.299489786236293 dB
	 $y_{2,52,9}$ = -1.023381326611684 dB
	 $y_{2,52,10}$ = 3.35484915665279 dB
	 $y_{2,52,11}$ = 5.61139465950302 dB
	 $y_{2,52,12}$ = 3.5789339450104474 dB
	 $y_{2,52,13}$ = 17.150121758053885 dB
	 $y_{2,52,20}$ = 10.735975669228694 dB
	 $y_{2,52,21}$ = 6.6190778263568575 dB
	 $y_{2,52,22}$ = 10.421490813278808 dB
	 $y_{2,52,26}$ = 10.25095512961849 dB
	 $y_{2,52,32}$ = 15.754213663064974 dB
	 $y_{2,52,34}$ = 9.571674893867211 dB
	 $y_{2,52,36}$ = 1.6238040158907832 dB
	 $y_{2,52,37}$ = -5.5747478587178145 dB
	 $y_{2,52,38}$ = 2.5595882353484853 dB
	 $y_{2,52,42}$ = 24.945980569355953 dB
	 $y_{2,52,43}$ = 17.987032053953087 dB
	 $y_{2,52,45}$ = 4.91948863525019 dB
	 $y_{2,52,46}$ = 5.53395356322315 dB
	 $y_{2,52,47}$ = 2.3094264410705136 dB
	 $y_{2,52,50}$ = 21.221908970883547 dB
	 $y_{2,52,51}$ = 22.81552374376406 dB
	 $y_{2,52,53}$ = 27.84549620239379 dB
	 $y_{2,52,60}$ = 25.458155078668483 dB
	 $y_{2,52,61}$ = 30.731844077649214 dB
	 $y_{2,52,63}$ = 21.861901808352954 dB
	 $y_{2,52,64}$ = 24.01851050211198 dB
	 $y_{2,52,66}$ = 5.744919086699156 dB
	 $y_{2,52,69}$ = 4.415821056100029 dB
	 $y_{2,52,73}$ = 19.27333163577248 dB
		SNR medio: 20.271182853401065
		Usuarios totais: 59
$x_{82}$
	 $y_{2,82,8}$ = -5.172095240225474 dB
	 $y_{2,82,18}$ = -0.8216936948497988 dB
	 $y_{2,82,28}$ = -4.823830035611024 dB
	 $y_{2,82,29}$ = -2.290168204172872 dB
	 $y_{2,82,48}$ = 6.803265717374103 dB
	 $y_{2,82,52}$ = 10.38850192475249 dB
	 $y_{2,82,54}$ = 15.823168902536338 dB
	 $y_{2,82,55}$ = 10.538139259111276 dB
	 $y_{2,82,57}$ = -0.8086705146801588 dB
	 $y_{2,82,71}$ = 20.76615198360055 dB
	 $y_{2,82,74}$ = 15.007010308156595 dB
	 $y_{2,82,75}$ = 12.424182618454495 dB
	 $y_{2,82,76}$ = 12.132577023786666 dB
	 $y_{2,82,77}$ = 8.640663188781959 dB
	 $y_{2,82,87}$ = 4.372881387398678 dB
	 $y_{2,82,88}$ = -1.8057276578621215 dB
	 $y_{2,82,89}$ = 5.781971208523046 dB
	 $y_{2,82,93}$ = 19.699018290227002 dB
	 $y_{2,82,96}$ = 9.046803083119556 dB
	 $y_{2,82,97}$ = 3.06732467003782 dB
	 $y_{2,82,99}$ = -0.46122104246680373 dB
		SNR medio: 12.479562317079546
		Usuarios totais: 39
t=3
$x_{52}$
	 $y_{3,52,0}$ = -4.832751313252061 dB
	 $y_{3,52,2}$ = 5.262069247879227 dB
	 $y_{3,52,3}$ = 3.485185387452873 dB
	 $y_{3,52,4}$ = 8.016130466685922 dB
	 $y_{3,52,5}$ = 7.2037235360196235 dB
	 $y_{3,52,10}$ = 3.35484915665279 dB
	 $y_{3,52,11}$ = 5.61139465950302 dB
	 $y_{3,52,15}$ = 3.1368934373503796 dB
	 $y_{3,52,20}$ = 10.735975669228694 dB
	 $y_{3,52,21}$ = 6.6190778263568575 dB
	 $y_{3,52,22}$ = 10.421490813278808 dB
	 $y_{3,52,23}$ = 11.269972711139815 dB
	 $y_{3,52,24}$ = 4.169265494149016 dB
	 $y_{3,52,25}$ = 5.658693251453428 dB
	 $y_{3,52,26}$ = 10.25095512961849 dB
	 $y_{3,52,27}$ = 5.522889475298385 dB
	 $y_{3,52,30}$ = 10.837724890322818 dB
	 $y_{3,52,32}$ = 15.754213663064974 dB
	 $y_{3,52,34}$ = 9.571674893867211 dB
	 $y_{3,52,36}$ = 1.6238040158907832 dB
	 $y_{3,52,38}$ = 2.5595882353484853 dB
	 $y_{3,52,42}$ = 24.945980569355953 dB
	 $y_{3,52,43}$ = 17.987032053953087 dB
	 $y_{3,52,45}$ = 4.91948863525019 dB
	 $y_{3,52,46}$ = 5.53395356322315 dB
	 $y_{3,52,47}$ = 2.3094264410705136 dB
	 $y_{3,52,51}$ = 22.81552374376406 dB
	 $y_{3,52,56}$ = 4.998691951162499 dB
		SNR medio: 14.142205391006836
		Usuarios totais: 59
$x_{82}$
	 $y_{3,82,1}$ = -1.268330617434287 dB
	 $y_{3,82,16}$ = 0.5480580439570704 dB
	 $y_{3,82,17}$ = -5.190043282367299 dB
	 $y_{3,82,18}$ = -0.8216936948497988 dB
	 $y_{3,82,49}$ = -5.477582075702458 dB
	 $y_{3,82,52}$ = 10.38850192475249 dB
	 $y_{3,82,53}$ = 14.540884485840849 dB
	 $y_{3,82,54}$ = 15.823168902536338 dB
	 $y_{3,82,55}$ = 10.538139259111276 dB
	 $y_{3,82,58}$ = -0.9154467018330195 dB
	 $y_{3,82,59}$ = -9.131052028960454 dB
	 $y_{3,82,60}$ = 6.828301872916569 dB
	 $y_{3,82,61}$ = 18.72045374289698 dB
	 $y_{3,82,62}$ = 14.415056238776884 dB
	 $y_{3,82,66}$ = 2.713478694254917 dB
	 $y_{3,82,67}$ = -0.5306544201020387 dB
	 $y_{3,82,68}$ = -3.431045771386948 dB
	 $y_{3,82,69}$ = -1.0879711577749727 dB
	 $y_{3,82,71}$ = 20.76615198360055 dB
	 $y_{3,82,73}$ = 12.763566777380476 dB
	 $y_{3,82,74}$ = 15.007010308156595 dB
	 $y_{3,82,76}$ = 12.132577023786666 dB
	 $y_{3,82,77}$ = 8.640663188781959 dB
	 $y_{3,82,79}$ = 6.491115292467356 dB
	 $y_{3,82,80}$ = 19.55886179943056 dB
	 $y_{3,82,84}$ = 17.662471632151494 dB
	 $y_{3,82,85}$ = 2.9662943751989412 dB
	 $y_{3,82,87}$ = 4.372881387398678 dB
	 $y_{3,82,91}$ = 26.54305920688502 dB
	 $y_{3,82,92}$ = 26.136114847754058 dB
		SNR medio: 16.743715836684032
		Usuarios totais: 59
t=4
$x_{52}$
	 $y_{4,52,0}$ = -4.832751313252061 dB
	 $y_{4,52,2}$ = 5.262069247879227 dB
	 $y_{4,52,4}$ = 8.016130466685922 dB
	 $y_{4,52,5}$ = 7.2037235360196235 dB
	 $y_{4,52,7}$ = 2.299489786236293 dB
	 $y_{4,52,9}$ = -1.023381326611684 dB
	 $y_{4,52,11}$ = 5.61139465950302 dB
	 $y_{4,52,12}$ = 3.5789339450104474 dB
	 $y_{4,52,13}$ = 17.150121758053885 dB
	 $y_{4,52,14}$ = 8.520053800044366 dB
	 $y_{4,52,19}$ = -3.6863007809453876 dB
	 $y_{4,52,20}$ = 10.735975669228694 dB
	 $y_{4,52,21}$ = 6.6190778263568575 dB
	 $y_{4,52,22}$ = 10.421490813278808 dB
	 $y_{4,52,23}$ = 11.269972711139815 dB
	 $y_{4,52,24}$ = 4.169265494149016 dB
	 $y_{4,52,25}$ = 5.658693251453428 dB
	 $y_{4,52,26}$ = 10.25095512961849 dB
	 $y_{4,52,30}$ = 10.837724890322818 dB
	 $y_{4,52,31}$ = 16.91582012921404 dB
	 $y_{4,52,32}$ = 15.754213663064974 dB
	 $y_{4,52,33}$ = 18.412686549529965 dB
	 $y_{4,52,34}$ = 9.571674893867211 dB
	 $y_{4,52,36}$ = 1.6238040158907832 dB
	 $y_{4,52,38}$ = 2.5595882353484853 dB
	 $y_{4,52,39}$ = -0.30214490703646407 dB
	 $y_{4,52,41}$ = 25.216934117513205 dB
	 $y_{4,52,42}$ = 24.945980569355953 dB
	 $y_{4,52,46}$ = 5.53395356322315 dB
		SNR medio: 15.246882130535163
		Usuarios totais: 59
$x_{82}$
	 $y_{4,82,6}$ = -1.421117021450783 dB
	 $y_{4,82,8}$ = -5.172095240225474 dB
	 $y_{4,82,16}$ = 0.5480580439570704 dB
	 $y_{4,82,17}$ = -5.190043282367299 dB
	 $y_{4,82,18}$ = -0.8216936948497988 dB
	 $y_{4,82,43}$ = 11.366858244950578 dB
	 $y_{4,82,47}$ = -0.9282960678598896 dB
	 $y_{4,82,48}$ = 6.803265717374103 dB
	 $y_{4,82,49}$ = -5.477582075702458 dB
	 $y_{4,82,50}$ = 12.8564184425733 dB
	 $y_{4,82,51}$ = 12.443294410939274 dB
	 $y_{4,82,52}$ = 10.38850192475249 dB
	 $y_{4,82,53}$ = 14.540884485840849 dB
	 $y_{4,82,56}$ = 3.60698928549985 dB
	 $y_{4,82,58}$ = -0.9154467018330195 dB
	 $y_{4,82,59}$ = -9.131052028960454 dB
	 $y_{4,82,60}$ = 6.828301872916569 dB
	 $y_{4,82,61}$ = 18.72045374289698 dB
	 $y_{4,82,62}$ = 14.415056238776884 dB
	 $y_{4,82,63}$ = 19.915185123959077 dB
	 $y_{4,82,65}$ = 6.735330475404794 dB
	 $y_{4,82,67}$ = -0.5306544201020387 dB
	 $y_{4,82,68}$ = -3.431045771386948 dB
	 $y_{4,82,69}$ = -1.0879711577749727 dB
	 $y_{4,82,70}$ = 8.206498409134696 dB
	 $y_{4,82,74}$ = 15.007010308156595 dB
	 $y_{4,82,79}$ = 6.491115292467356 dB
		SNR medio: 11.212092368835481
		Usuarios totais: 59
t=5
$x_{52}$
	 $y_{5,52,0}$ = -4.832751313252061 dB
	 $y_{5,52,2}$ = 5.262069247879227 dB
	 $y_{5,52,5}$ = 7.2037235360196235 dB
	 $y_{5,52,7}$ = 2.299489786236293 dB
	 $y_{5,52,9}$ = -1.023381326611684 dB
	 $y_{5,52,10}$ = 3.35484915665279 dB
	 $y_{5,52,11}$ = 5.61139465950302 dB
	 $y_{5,52,12}$ = 3.5789339450104474 dB
	 $y_{5,52,13}$ = 17.150121758053885 dB
	 $y_{5,52,14}$ = 8.520053800044366 dB
	 $y_{5,52,15}$ = 3.1368934373503796 dB
	 $y_{5,52,19}$ = -3.6863007809453876 dB
	 $y_{5,52,20}$ = 10.735975669228694 dB
	 $y_{5,52,22}$ = 10.421490813278808 dB
	 $y_{5,52,25}$ = 5.658693251453428 dB
	 $y_{5,52,26}$ = 10.25095512961849 dB
	 $y_{5,52,27}$ = 5.522889475298385 dB
	 $y_{5,52,30}$ = 10.837724890322818 dB
	 $y_{5,52,31}$ = 16.91582012921404 dB
	 $y_{5,52,32}$ = 15.754213663064974 dB
	 $y_{5,52,33}$ = 18.412686549529965 dB
	 $y_{5,52,34}$ = 9.571674893867211 dB
	 $y_{5,52,35}$ = 10.513096485693211 dB
	 $y_{5,52,36}$ = 1.6238040158907832 dB
	 $y_{5,52,37}$ = -5.5747478587178145 dB
	 $y_{5,52,38}$ = 2.5595882353484853 dB
	 $y_{5,52,39}$ = -0.30214490703646407 dB
	 $y_{5,52,40}$ = 22.87102278086975 dB
	 $y_{5,52,41}$ = 25.216934117513205 dB
	 $y_{5,52,43}$ = 17.987032053953087 dB
	 $y_{5,52,44}$ = 20.855968345272856 dB
	 $y_{5,52,45}$ = 4.91948863525019 dB
	 $y_{5,52,46}$ = 5.53395356322315 dB
	 $y_{5,52,50}$ = 21.221908970883547 dB
	 $y_{5,52,56}$ = 4.998691951162499 dB
		SNR medio: 15.233424011613026
		Usuarios totais: 59
$x_{82}$
	 $y_{5,82,1}$ = -1.268330617434287 dB
	 $y_{5,82,6}$ = -1.421117021450783 dB
	 $y_{5,82,8}$ = -5.172095240225474 dB
	 $y_{5,82,16}$ = 0.5480580439570704 dB
	 $y_{5,82,17}$ = -5.190043282367299 dB
	 $y_{5,82,28}$ = -4.823830035611024 dB
	 $y_{5,82,42}$ = 2.358642727171201 dB
	 $y_{5,82,48}$ = 6.803265717374103 dB
	 $y_{5,82,49}$ = -5.477582075702458 dB
	 $y_{5,82,52}$ = 10.38850192475249 dB
	 $y_{5,82,53}$ = 14.540884485840849 dB
	 $y_{5,82,54}$ = 15.823168902536338 dB
	 $y_{5,82,55}$ = 10.538139259111276 dB
	 $y_{5,82,57}$ = -0.8086705146801588 dB
	 $y_{5,82,58}$ = -0.9154467018330195 dB
	 $y_{5,82,59}$ = -9.131052028960454 dB
	 $y_{5,82,60}$ = 6.828301872916569 dB
	 $y_{5,82,63}$ = 19.915185123959077 dB
		SNR medio: 10.541577117987513
		Usuarios totais: 59
t=6
$x_{52}$
	 $y_{6,52,0}$ = -4.832751313252061 dB
	 $y_{6,52,4}$ = 8.016130466685922 dB
	 $y_{6,52,7}$ = 2.299489786236293 dB
	 $y_{6,52,11}$ = 5.61139465950302 dB
	 $y_{6,52,13}$ = 17.150121758053885 dB
	 $y_{6,52,14}$ = 8.520053800044366 dB
	 $y_{6,52,15}$ = 3.1368934373503796 dB
	 $y_{6,52,19}$ = -3.6863007809453876 dB
	 $y_{6,52,21}$ = 6.6190778263568575 dB
	 $y_{6,52,22}$ = 10.421490813278808 dB
	 $y_{6,52,24}$ = 4.169265494149016 dB
	 $y_{6,52,25}$ = 5.658693251453428 dB
	 $y_{6,52,26}$ = 10.25095512961849 dB
	 $y_{6,52,27}$ = 5.522889475298385 dB
	 $y_{6,52,30}$ = 10.837724890322818 dB
	 $y_{6,52,31}$ = 16.91582012921404 dB
	 $y_{6,52,32}$ = 15.754213663064974 dB
	 $y_{6,52,33}$ = 18.412686549529965 dB
	 $y_{6,52,34}$ = 9.571674893867211 dB
	 $y_{6,52,35}$ = 10.513096485693211 dB
	 $y_{6,52,36}$ = 1.6238040158907832 dB
	 $y_{6,52,37}$ = -5.5747478587178145 dB
	 $y_{6,52,38}$ = 2.5595882353484853 dB
	 $y_{6,52,41}$ = 25.216934117513205 dB
	 $y_{6,52,42}$ = 24.945980569355953 dB
	 $y_{6,52,43}$ = 17.987032053953087 dB
	 $y_{6,52,44}$ = 20.855968345272856 dB
	 $y_{6,52,46}$ = 5.53395356322315 dB
	 $y_{6,52,50}$ = 21.221908970883547 dB
	 $y_{6,52,52}$ = 84.89232537358691 dB
	 $y_{6,52,53}$ = 27.84549620239379 dB
	 $y_{6,52,59}$ = -2.6142568549878713 dB
	 $y_{6,52,62}$ = 23.959487246871504 dB
		SNR medio: 69.70721589820019
		Usuarios totais: 59
$x_{82}$
	 $y_{6,82,1}$ = -1.268330617434287 dB
	 $y_{6,82,6}$ = -1.421117021450783 dB
	 $y_{6,82,8}$ = -5.172095240225474 dB
	 $y_{6,82,16}$ = 0.5480580439570704 dB
	 $y_{6,82,17}$ = -5.190043282367299 dB
	 $y_{6,82,18}$ = -0.8216936948497988 dB
	 $y_{6,82,28}$ = -4.823830035611024 dB
	 $y_{6,82,29}$ = -2.290168204172872 dB
	 $y_{6,82,48}$ = 6.803265717374103 dB
	 $y_{6,82,54}$ = 15.823168902536338 dB
	 $y_{6,82,55}$ = 10.538139259111276 dB
	 $y_{6,82,56}$ = 3.60698928549985 dB
	 $y_{6,82,58}$ = -0.9154467018330195 dB
	 $y_{6,82,60}$ = 6.828301872916569 dB
	 $y_{6,82,61}$ = 18.72045374289698 dB
	 $y_{6,82,63}$ = 19.915185123959077 dB
	 $y_{6,82,64}$ = 13.253283176508802 dB
	 $y_{6,82,65}$ = 6.735330475404794 dB
	 $y_{6,82,66}$ = 2.713478694254917 dB
	 $y_{6,82,67}$ = -0.5306544201020387 dB
	 $y_{6,82,71}$ = 20.76615198360055 dB
	 $y_{6,82,73}$ = 12.763566777380476 dB
	 $y_{6,82,74}$ = 15.007010308156595 dB
	 $y_{6,82,75}$ = 12.424182618454495 dB
	 $y_{6,82,76}$ = 12.132577023786666 dB
	 $y_{6,82,77}$ = 8.640663188781959 dB
	 $y_{6,82,79}$ = 6.491115292467356 dB
	 $y_{6,82,82}$ = 87.08201291828732 dB
		SNR medio: 72.61043671891683
		Usuarios totais: 59
t=7
$x_{52}$
	 $y_{7,52,0}$ = -4.832751313252061 dB
	 $y_{7,52,2}$ = 5.262069247879227 dB
	 $y_{7,52,3}$ = 3.485185387452873 dB
	 $y_{7,52,4}$ = 8.016130466685922 dB
	 $y_{7,52,9}$ = -1.023381326611684 dB
	 $y_{7,52,10}$ = 3.35484915665279 dB
	 $y_{7,52,12}$ = 3.5789339450104474 dB
	 $y_{7,52,13}$ = 17.150121758053885 dB
	 $y_{7,52,14}$ = 8.520053800044366 dB
	 $y_{7,52,15}$ = 3.1368934373503796 dB
	 $y_{7,52,19}$ = -3.6863007809453876 dB
	 $y_{7,52,20}$ = 10.735975669228694 dB
	 $y_{7,52,21}$ = 6.6190778263568575 dB
	 $y_{7,52,22}$ = 10.421490813278808 dB
	 $y_{7,52,23}$ = 11.269972711139815 dB
	 $y_{7,52,25}$ = 5.658693251453428 dB
	 $y_{7,52,26}$ = 10.25095512961849 dB
	 $y_{7,52,30}$ = 10.837724890322818 dB
	 $y_{7,52,31}$ = 16.91582012921404 dB
	 $y_{7,52,32}$ = 15.754213663064974 dB
	 $y_{7,52,35}$ = 10.513096485693211 dB
	 $y_{7,52,36}$ = 1.6238040158907832 dB
	 $y_{7,52,37}$ = -5.5747478587178145 dB
	 $y_{7,52,39}$ = -0.30214490703646407 dB
	 $y_{7,52,40}$ = 22.87102278086975 dB
	 $y_{7,52,41}$ = 25.216934117513205 dB
	 $y_{7,52,42}$ = 24.945980569355953 dB
	 $y_{7,52,43}$ = 17.987032053953087 dB
	 $y_{7,52,45}$ = 4.91948863525019 dB
	 $y_{7,52,46}$ = 5.53395356322315 dB
	 $y_{7,52,52}$ = 84.89232537358691 dB
	 $y_{7,52,53}$ = 27.84549620239379 dB
	 $y_{7,52,56}$ = 4.998691951162499 dB
	 $y_{7,52,64}$ = 24.01851050211198 dB
		SNR medio: 69.5775646309905
		Usuarios totais: 59
$x_{82}$
	 $y_{7,82,1}$ = -1.268330617434287 dB
	 $y_{7,82,6}$ = -1.421117021450783 dB
	 $y_{7,82,16}$ = 0.5480580439570704 dB
	 $y_{7,82,28}$ = -4.823830035611024 dB
	 $y_{7,82,29}$ = -2.290168204172872 dB
	 $y_{7,82,55}$ = 10.538139259111276 dB
	 $y_{7,82,57}$ = -0.8086705146801588 dB
	 $y_{7,82,59}$ = -9.131052028960454 dB
	 $y_{7,82,61}$ = 18.72045374289698 dB
	 $y_{7,82,62}$ = 14.415056238776884 dB
	 $y_{7,82,66}$ = 2.713478694254917 dB
	 $y_{7,82,69}$ = -1.0879711577749727 dB
	 $y_{7,82,71}$ = 20.76615198360055 dB
	 $y_{7,82,72}$ = 31.853019750953365 dB
	 $y_{7,82,74}$ = 15.007010308156595 dB
	 $y_{7,82,75}$ = 12.424182618454495 dB
	 $y_{7,82,76}$ = 12.132577023786666 dB
	 $y_{7,82,77}$ = 8.640663188781959 dB
	 $y_{7,82,78}$ = -0.541970313174204 dB
	 $y_{7,82,79}$ = 6.491115292467356 dB
	 $y_{7,82,82}$ = 87.08201291828732 dB
	 $y_{7,82,83}$ = 31.59056524922906 dB
	 $y_{7,82,84}$ = 17.662471632151494 dB
	 $y_{7,82,86}$ = 6.75941940749442 dB
	 $y_{7,82,87}$ = 4.372881387398678 dB
	 $y_{7,82,88}$ = -1.8057276578621215 dB
	 $y_{7,82,89}$ = 5.781971208523046 dB
	 $y_{7,82,90}$ = 16.447452516619123 dB
	 $y_{7,82,91}$ = 26.54305920688502 dB
	 $y_{7,82,93}$ = 19.699018290227002 dB
	 $y_{7,82,94}$ = 17.095536520717857 dB
	 $y_{7,82,95}$ = 11.696702726422131 dB
	 $y_{7,82,96}$ = 9.046803083119556 dB
	 $y_{7,82,97}$ = 3.06732467003782 dB
		SNR medio: 71.76725799348469
		Usuarios totais: 59
t=8
$x_{52}$
	 $y_{8,52,4}$ = 8.016130466685922 dB
	 $y_{8,52,7}$ = 2.299489786236293 dB
	 $y_{8,52,10}$ = 3.35484915665279 dB
	 $y_{8,52,11}$ = 5.61139465950302 dB
	 $y_{8,52,12}$ = 3.5789339450104474 dB
	 $y_{8,52,13}$ = 17.150121758053885 dB
	 $y_{8,52,14}$ = 8.520053800044366 dB
	 $y_{8,52,15}$ = 3.1368934373503796 dB
	 $y_{8,52,20}$ = 10.735975669228694 dB
	 $y_{8,52,22}$ = 10.421490813278808 dB
	 $y_{8,52,23}$ = 11.269972711139815 dB
	 $y_{8,52,24}$ = 4.169265494149016 dB
	 $y_{8,52,31}$ = 16.91582012921404 dB
	 $y_{8,52,32}$ = 15.754213663064974 dB
	 $y_{8,52,33}$ = 18.412686549529965 dB
	 $y_{8,52,37}$ = -5.5747478587178145 dB
	 $y_{8,52,38}$ = 2.5595882353484853 dB
	 $y_{8,52,40}$ = 22.87102278086975 dB
	 $y_{8,52,41}$ = 25.216934117513205 dB
	 $y_{8,52,43}$ = 17.987032053953087 dB
	 $y_{8,52,50}$ = 21.221908970883547 dB
	 $y_{8,52,51}$ = 22.81552374376406 dB
	 $y_{8,52,52}$ = 84.89232537358691 dB
	 $y_{8,52,53}$ = 27.84549620239379 dB
	 $y_{8,52,56}$ = 4.998691951162499 dB
	 $y_{8,52,58}$ = 6.526710003233234 dB
	 $y_{8,52,59}$ = -2.6142568549878713 dB
	 $y_{8,52,60}$ = 25.458155078668483 dB
	 $y_{8,52,62}$ = 23.959487246871504 dB
	 $y_{8,52,63}$ = 21.861901808352954 dB
	 $y_{8,52,66}$ = 5.744919086699156 dB
	 $y_{8,52,68}$ = 1.504670724943509 dB
	 $y_{8,52,69}$ = 4.415821056100029 dB
	 $y_{8,52,73}$ = 19.27333163577248 dB
	 $y_{8,52,78}$ = -0.10286070503039492 dB
	 $y_{8,52,88}$ = 4.096937806197786 dB
		SNR medio: 69.32933772972171
		Usuarios totais: 56
$x_{82}$
	 $y_{8,82,1}$ = -1.268330617434287 dB
	 $y_{8,82,6}$ = -1.421117021450783 dB
	 $y_{8,82,8}$ = -5.172095240225474 dB
	 $y_{8,82,16}$ = 0.5480580439570704 dB
	 $y_{8,82,17}$ = -5.190043282367299 dB
	 $y_{8,82,18}$ = -0.8216936948497988 dB
	 $y_{8,82,28}$ = -4.823830035611024 dB
	 $y_{8,82,29}$ = -2.290168204172872 dB
	 $y_{8,82,48}$ = 6.803265717374103 dB
	 $y_{8,82,55}$ = 10.538139259111276 dB
	 $y_{8,82,65}$ = 6.735330475404794 dB
	 $y_{8,82,70}$ = 8.206498409134696 dB
	 $y_{8,82,72}$ = 31.853019750953365 dB
	 $y_{8,82,75}$ = 12.424182618454495 dB
	 $y_{8,82,76}$ = 12.132577023786666 dB
	 $y_{8,82,77}$ = 8.640663188781959 dB
	 $y_{8,82,80}$ = 19.55886179943056 dB
	 $y_{8,82,81}$ = 30.186512397176116 dB
	 $y_{8,82,89}$ = 5.781971208523046 dB
	 $y_{8,82,92}$ = 26.136114847754058 dB
	 $y_{8,82,93}$ = 19.699018290227002 dB
	 $y_{8,82,94}$ = 17.095536520717857 dB
	 $y_{8,82,95}$ = 11.696702726422131 dB
	 $y_{8,82,96}$ = 9.046803083119556 dB
	 $y_{8,82,97}$ = 3.06732467003782 dB
		SNR medio: 21.237003700860054
		Usuarios totais: 38
t=9
$x_{52}$
	 $y_{9,52,2}$ = 5.262069247879227 dB
	 $y_{9,52,7}$ = 2.299489786236293 dB
	 $y_{9,52,9}$ = -1.023381326611684 dB
	 $y_{9,52,10}$ = 3.35484915665279 dB
	 $y_{9,52,13}$ = 17.150121758053885 dB
	 $y_{9,52,15}$ = 3.1368934373503796 dB
	 $y_{9,52,19}$ = -3.6863007809453876 dB
	 $y_{9,52,22}$ = 10.421490813278808 dB
	 $y_{9,52,23}$ = 11.269972711139815 dB
	 $y_{9,52,24}$ = 4.169265494149016 dB
	 $y_{9,52,25}$ = 5.658693251453428 dB
	 $y_{9,52,27}$ = 5.522889475298385 dB
	 $y_{9,52,31}$ = 16.91582012921404 dB
	 $y_{9,52,36}$ = 1.6238040158907832 dB
	 $y_{9,52,37}$ = -5.5747478587178145 dB
	 $y_{9,52,39}$ = -0.30214490703646407 dB
	 $y_{9,52,44}$ = 20.855968345272856 dB
	 $y_{9,52,45}$ = 4.91948863525019 dB
	 $y_{9,52,46}$ = 5.53395356322315 dB
	 $y_{9,52,47}$ = 2.3094264410705136 dB
	 $y_{9,52,59}$ = -2.6142568549878713 dB
	 $y_{9,52,61}$ = 30.731844077649214 dB
	 $y_{9,52,68}$ = 1.504670724943509 dB
	 $y_{9,52,85}$ = 8.840963623828898 dB
	 $y_{9,52,98}$ = 2.6077802263588974 dB
		SNR medio: 17.70448332455679
		Usuarios totais: 37
$x_{82}$
	 $y_{9,82,1}$ = -1.268330617434287 dB
	 $y_{9,82,6}$ = -1.421117021450783 dB
	 $y_{9,82,8}$ = -5.172095240225474 dB
	 $y_{9,82,28}$ = -4.823830035611024 dB
	 $y_{9,82,55}$ = 10.538139259111276 dB
	 $y_{9,82,57}$ = -0.8086705146801588 dB
	 $y_{9,82,67}$ = -0.5306544201020387 dB
	 $y_{9,82,70}$ = 8.206498409134696 dB
	 $y_{9,82,72}$ = 31.853019750953365 dB
	 $y_{9,82,74}$ = 15.007010308156595 dB
	 $y_{9,82,75}$ = 12.424182618454495 dB
	 $y_{9,82,77}$ = 8.640663188781959 dB
	 $y_{9,82,79}$ = 6.491115292467356 dB
	 $y_{9,82,80}$ = 19.55886179943056 dB
	 $y_{9,82,84}$ = 17.662471632151494 dB
	 $y_{9,82,86}$ = 6.75941940749442 dB
	 $y_{9,82,87}$ = 4.372881387398678 dB
	 $y_{9,82,91}$ = 26.54305920688502 dB
	 $y_{9,82,92}$ = 26.136114847754058 dB
	 $y_{9,82,96}$ = 9.046803083119556 dB
	 $y_{9,82,97}$ = 3.06732467003782 dB
		SNR medio: 20.998768226108094
		Usuarios totais: 32
t=10
$x_{52}$
	 $y_{10,52,2}$ = 5.262069247879227 dB
	 $y_{10,52,5}$ = 7.2037235360196235 dB
	 $y_{10,52,7}$ = 2.299489786236293 dB
	 $y_{10,52,10}$ = 3.35484915665279 dB
	 $y_{10,52,11}$ = 5.61139465950302 dB
	 $y_{10,52,14}$ = 8.520053800044366 dB
	 $y_{10,52,20}$ = 10.735975669228694 dB
	 $y_{10,52,22}$ = 10.421490813278808 dB
	 $y_{10,52,34}$ = 9.571674893867211 dB
	 $y_{10,52,40}$ = 22.87102278086975 dB
	 $y_{10,52,47}$ = 2.3094264410705136 dB
	 $y_{10,52,51}$ = 22.81552374376406 dB
	 $y_{10,52,52}$ = 84.89232537358691 dB
	 $y_{10,52,53}$ = 27.84549620239379 dB
	 $y_{10,52,56}$ = 4.998691951162499 dB
	 $y_{10,52,58}$ = 6.526710003233234 dB
	 $y_{10,52,61}$ = 30.731844077649214 dB
	 $y_{10,52,66}$ = 5.744919086699156 dB
	 $y_{10,52,88}$ = 4.096937806197786 dB
	 $y_{10,52,98}$ = 2.6077802263588974 dB
		SNR medio: 71.88205709343647
		Usuarios totais: 24
$x_{82}$
	 $y_{10,82,1}$ = -1.268330617434287 dB
	 $y_{10,82,54}$ = 15.823168902536338 dB
	 $y_{10,82,55}$ = 10.538139259111276 dB
	 $y_{10,82,72}$ = 31.853019750953365 dB
	 $y_{10,82,74}$ = 15.007010308156595 dB
	 $y_{10,82,75}$ = 12.424182618454495 dB
	 $y_{10,82,79}$ = 6.491115292467356 dB
	 $y_{10,82,83}$ = 31.59056524922906 dB
	 $y_{10,82,86}$ = 6.75941940749442 dB
	 $y_{10,82,87}$ = 4.372881387398678 dB
	 $y_{10,82,90}$ = 16.447452516619123 dB
	 $y_{10,82,92}$ = 26.136114847754058 dB
	 $y_{10,82,96}$ = 9.046803083119556 dB
		SNR medio: 24.36134714446181
		Usuarios totais: 15
t=11
$x_{52}$
	 $y_{11,52,10}$ = 3.35484915665279 dB
	 $y_{11,52,14}$ = 8.520053800044366 dB
	 $y_{11,52,20}$ = 10.735975669228694 dB
	 $y_{11,52,31}$ = 16.91582012921404 dB
	 $y_{11,52,51}$ = 22.81552374376406 dB
	 $y_{11,52,69}$ = 4.415821056100029 dB
		SNR medio: 16.439021289526124
		Usuarios totais: 6
$x_{82}$
	 $y_{11,82,49}$ = -5.477582075702458 dB
	 $y_{11,82,65}$ = 6.735330475404794 dB
	 $y_{11,82,90}$ = 16.447452516619123 dB
		SNR medio: 12.142255546115713
		Usuarios totais: 3
Distances:
52 : 82 = 1200.0
--- Done after 0.00035742262999216714 hours. ---
