-------------Calculating Solution (this may take a while)
+++++++++++++++++++Min Sinr: 5 dB (fixed)
+++++++++++++++++++With backhaul constraint. Start: 2022-05-10 02:12:25

Parameters:
- chosen seed 1
- Map with 100 sectors
- Map 4000 x 4000 m
- Sector has a side of 400 m
- Max time:  10
- users_t_m:  [[0, 0, 0, 0, 0, 0, 0, 0, 0, 0, 0, 0, 0, 0, 0, 0, 0, 0, 0, 0, 0, 0, 0, 0, 0, 0, 0, 0, 0, 0, 0, 0, 0, 0, 0, 0, 0, 0, 0, 0, 0, 0, 0, 0, 0, 0, 0, 0, 0, 0, 0, 0, 0, 0, 0, 0, 0, 0, 0, 0, 0, 0, 1, 0, 0, 0, 0, 0, 0, 0, 0, 7, 6, 3, 0, 0, 0, 0, 0, 0, 0, 0, 43, 0, 0, 0, 0, 0, 0, 0, 0, 0, 0, 0, 0, 0, 0, 0, 0, 0], [1, 1, 0, 1, 1, 0, 0, 0, 0, 0, 0, 0, 1, 0, 0, 1, 1, 0, 0, 0, 1, 0, 2, 0, 1, 0, 0, 0, 0, 0, 2, 3, 2, 0, 0, 1, 1, 0, 0, 0, 1, 2, 2, 0, 0, 1, 2, 1, 1, 1, 0, 0, 0, 1, 2, 1, 1, 1, 0, 0, 1, 1, 3, 0, 0, 0, 1, 0, 0, 0, 0, 0, 1, 1, 1, 2, 0, 0, 0, 1, 0, 0, 1, 0, 1, 2, 2, 2, 0, 1, 0, 0, 0, 0, 0, 2, 0, 0, 0, 0], [0, 0, 1, 0, 1, 0, 0, 0, 0, 2, 0, 0, 2, 0, 2, 0, 2, 0, 1, 0, 0, 3, 3, 0, 1, 0, 0, 2, 3, 1, 0, 0, 0, 0, 0, 1, 1, 0, 0, 0, 0, 3, 2, 0, 0, 0, 0, 0, 0, 1, 0, 1, 0, 0, 0, 1, 2, 0, 0, 2, 0, 1, 1, 3, 0, 3, 0, 0, 0, 0, 1, 0, 0, 0, 1, 0, 2, 1, 1, 0, 0, 0, 1, 0, 1, 0, 1, 0, 0, 1, 0, 1, 0, 1, 0, 0, 0, 1, 0, 1], [1, 0, 0, 0, 3, 0, 0, 0, 0, 0, 1, 0, 0, 0, 0, 0, 1, 0, 0, 0, 0, 1, 0, 0, 0, 1, 1, 0, 0, 0, 0, 0, 2, 1, 5, 0, 1, 1, 0, 0, 3, 0, 0, 1, 4, 0, 0, 2, 0, 1, 0, 1, 1, 0, 1, 1, 1, 1, 0, 0, 0, 0, 2, 1, 0, 0, 0, 0, 0, 0, 0, 2, 1, 2, 1, 0, 0, 1, 1, 0, 1, 0, 1, 2, 0, 0, 0, 0, 2, 1, 0, 1, 0, 2, 0, 2, 1, 0, 0, 0], [0, 2, 0, 0, 0, 0, 2, 1, 0, 0, 1, 0, 1, 0, 1, 2, 2, 0, 0, 0, 1, 0, 2, 0, 3, 0, 0, 1, 0, 0, 2, 1, 0, 0, 0, 0, 1, 1, 0, 1, 0, 0, 1, 1, 3, 1, 1, 0, 1, 0, 0, 0, 0, 1, 0, 0, 2, 1, 2, 0, 1, 0, 2, 0, 0, 0, 1, 1, 2, 0, 1, 2, 0, 0, 1, 0, 0, 1, 3, 0, 1, 0, 1, 1, 0, 0, 0, 0, 0, 0, 1, 0, 0, 2, 0, 0, 0, 0, 0, 0], [0, 2, 3, 0, 0, 0, 1, 0, 0, 0, 0, 1, 0, 0, 0, 0, 0, 2, 2, 1, 0, 2, 0, 0, 3, 0, 0, 1, 1, 0, 0, 2, 0, 1, 0, 1, 1, 0, 0, 1, 3, 0, 0, 0, 1, 1, 1, 0, 0, 1, 0, 1, 1, 1, 0, 0, 1, 2, 2, 0, 1, 0, 2, 0, 0, 2, 0, 2, 0, 0, 0, 2, 0, 0, 0, 0, 2, 0, 0, 0, 1, 1, 1, 1, 0, 1, 0, 0, 0, 0, 0, 0, 0, 0, 1, 2, 0, 0, 1, 0], [0, 1, 0, 0, 0, 0, 1, 0, 0, 0, 1, 0, 0, 1, 0, 0, 0, 2, 0, 2, 0, 3, 0, 0, 2, 0, 1, 0, 0, 1, 1, 1, 1, 2, 1, 1, 1, 2, 0, 0, 0, 0, 1, 0, 0, 3, 0, 0, 4, 0, 1, 2, 0, 1, 0, 1, 0, 0, 0, 0, 2, 2, 1, 0, 0, 1, 0, 1, 0, 0, 0, 1, 0, 1, 0, 1, 0, 1, 1, 0, 1, 1, 0, 0, 1, 0, 1, 1, 0, 0, 0, 1, 1, 1, 0, 1, 0, 0, 0, 1], [1, 0, 0, 0, 0, 0, 1, 0, 0, 0, 0, 2, 1, 0, 1, 0, 1, 0, 0, 0, 1, 1, 2, 1, 0, 1, 0, 1, 0, 0, 1, 2, 0, 1, 0, 1, 0, 2, 1, 1, 0, 0, 1, 0, 1, 3, 1, 0, 3, 1, 0, 0, 0, 1, 1, 3, 0, 0, 1, 0, 1, 1, 0, 1, 1, 0, 1, 1, 0, 1, 1, 1, 0, 0, 0, 1, 2, 0, 0, 0, 0, 0, 0, 0, 1, 0, 1, 1, 1, 0, 0, 1, 2, 0, 0, 1, 1, 0, 0, 0], [0, 0, 2, 1, 0, 1, 1, 0, 1, 0, 0, 0, 1, 0, 0, 2, 0, 2, 0, 0, 0, 1, 0, 2, 1, 2, 0, 0, 0, 0, 0, 0, 1, 0, 3, 0, 0, 1, 0, 0, 0, 2, 0, 0, 0, 1, 0, 0, 1, 1, 0, 1, 2, 0, 2, 0, 1, 1, 0, 1, 0, 1, 2, 0, 1, 0, 0, 1, 0, 0, 0, 2, 0, 0, 2, 4, 2, 0, 0, 0, 1, 1, 1, 1, 0, 0, 1, 1, 0, 0, 0, 0, 1, 0, 0, 1, 1, 0, 0, 1], [1, 1, 0, 1, 1, 2, 1, 3, 0, 0, 0, 1, 0, 1, 0, 0, 1, 1, 1, 0, 1, 0, 0, 1, 2, 1, 0, 0, 0, 1, 1, 2, 0, 2, 0, 0, 0, 0, 1, 1, 0, 1, 3, 0, 0, 0, 1, 1, 0, 0, 0, 0, 1, 2, 0, 1, 0, 0, 0, 0, 2, 0, 0, 2, 0, 1, 1, 0, 0, 2, 1, 1, 0, 0, 0, 0, 1, 0, 0, 0, 0, 0, 0, 2, 2, 0, 2, 0, 0, 0, 0, 1, 1, 0, 1, 0, 1, 0, 0, 1], [0, 0, 0, 1, 0, 0, 0, 0, 0, 0, 1, 0, 1, 1, 2, 0, 0, 1, 1, 0, 1, 1, 2, 0, 2, 2, 0, 1, 0, 1, 0, 0, 3, 0, 1, 1, 0, 0, 1, 0, 0, 2, 1, 0, 0, 0, 0, 1, 0, 1, 1, 0, 2, 0, 1, 0, 3, 1, 1, 0, 0, 2, 0, 0, 1, 2, 0, 1, 1, 1, 0, 0, 1, 0, 1, 2, 0, 1, 0, 1, 0, 0, 0, 0, 0, 0, 1, 1, 1, 0, 1, 0, 2, 0, 0, 1, 0, 0, 1, 0]]
MAX_USER_PER_ANTENNAS_m:  [60, 60, 60, 60, 60, 60, 60, 60, 60, 60, 60, 60, 60, 60, 60, 60, 60, 60, 60, 60, 60, 60, 60, 60, 60, 60, 60, 60, 60, 60, 60, 60, 60, 60, 60, 60, 60, 60, 60, 60, 60, 60, 60, 60, 60, 60, 60, 60, 60, 60, 60, 60, 60, 60, 60, 60, 60, 60, 60, 60, 60, 60, 60, 60, 60, 60, 60, 60, 60, 60, 60, 60, 60, 60, 60, 60, 60, 60, 60, 60, 60, 60, 60, 60, 60, 60, 60, 60, 60, 60, 60, 60, 60, 60, 60, 60, 60, 60, 60, 60]
antennas_map_m:  [1, 1, 1, 1, 1, 1, 1, 1, 1, 1, 1, 1, 1, 1, 1, 1, 1, 1, 1, 1, 1, 1, 1, 1, 1, 1, 1, 1, 1, 1, 1, 1, 1, 1, 1, 1, 1, 1, 1, 1, 1, 1, 1, 1, 1, 1, 1, 1, 1, 1, 1, 1, 1, 1, 1, 1, 1, 1, 1, 1, 1, 1, 1, 1, 1, 1, 1, 1, 1, 1, 1, 1, 1, 1, 1, 1, 1, 1, 1, 1, 1, 1, 1, 1, 1, 1, 1, 1, 1, 1, 1, 1, 1, 1, 1, 1, 1, 1, 1, 1]
FIRST_ANTENNA:  7
MIN_SNR_m:  [3.1622776601683795, 3.1622776601683795, 3.1622776601683795, 3.1622776601683795, 3.1622776601683795, 3.1622776601683795, 3.1622776601683795, 3.1622776601683795, 3.1622776601683795, 3.1622776601683795, 3.1622776601683795, 3.1622776601683795, 3.1622776601683795, 3.1622776601683795, 3.1622776601683795, 3.1622776601683795, 3.1622776601683795, 3.1622776601683795, 3.1622776601683795, 3.1622776601683795, 3.1622776601683795, 3.1622776601683795, 3.1622776601683795, 3.1622776601683795, 3.1622776601683795, 3.1622776601683795, 3.1622776601683795, 3.1622776601683795, 3.1622776601683795, 3.1622776601683795, 3.1622776601683795, 3.1622776601683795, 3.1622776601683795, 3.1622776601683795, 3.1622776601683795, 3.1622776601683795, 3.1622776601683795, 3.1622776601683795, 3.1622776601683795, 3.1622776601683795, 3.1622776601683795, 3.1622776601683795, 3.1622776601683795, 3.1622776601683795, 3.1622776601683795, 3.1622776601683795, 3.1622776601683795, 3.1622776601683795, 3.1622776601683795, 3.1622776601683795, 3.1622776601683795, 3.1622776601683795, 3.1622776601683795, 3.1622776601683795, 3.1622776601683795, 3.1622776601683795, 3.1622776601683795, 3.1622776601683795, 3.1622776601683795, 3.1622776601683795, 3.1622776601683795, 3.1622776601683795, 3.1622776601683795, 3.1622776601683795, 3.1622776601683795, 3.1622776601683795, 3.1622776601683795, 3.1622776601683795, 3.1622776601683795, 3.1622776601683795, 3.1622776601683795, 3.1622776601683795, 3.1622776601683795, 3.1622776601683795, 3.1622776601683795, 3.1622776601683795, 3.1622776601683795, 3.1622776601683795, 3.1622776601683795, 3.1622776601683795, 3.1622776601683795, 3.1622776601683795, 3.1622776601683795, 3.1622776601683795, 3.1622776601683795, 3.1622776601683795, 3.1622776601683795, 3.1622776601683795, 3.1622776601683795, 3.1622776601683795, 3.1622776601683795, 3.1622776601683795, 3.1622776601683795, 3.1622776601683795, 3.1622776601683795, 3.1622776601683795, 3.1622776601683795, 3.1622776601683795, 3.1622776601683795, 3.1622776601683795]
-MIN_DIST:  2000
- disaster percentage:  0

Média de carros: 3.9
t=0
$x_{0,7}$
		Usuarios totais: 0
$x_{0,43}$
	 $y_{0,43,62}$ = 19.76520196207578 dB
	 $y_{0,43,72}$ = 11.431365007348404 dB
	 $y_{0,43,73}$ = 10.673044942087813 dB
	 $y_{0,43,82}$ = 10.04280181008248 dB
		SNR medio: 15.132720217461014
		Usuarios totais: 53
$x_{0,77}$
	 $y_{0,77,71}$ = 8.898919788120736 dB
		SNR medio: 8.898919788120736
		Usuarios totais: 7
Distances:
7 : 43 = 2262.741699796952
7 : 77 = 2800.0
43 : 77 = 2000.0
t=1
$x_{1,7}$
	 $y_{1,7,4}$ = 11.296379814027262 dB
	 $y_{1,7,12}$ = 7.231284614477332 dB
	 $y_{1,7,15}$ = 10.706393777975848 dB
	 $y_{1,7,16}$ = 19.718633936399584 dB
	 $y_{1,7,24}$ = 9.164977129828912 dB
	 $y_{1,7,30}$ = 5.766661928231613 dB
	 $y_{1,7,35}$ = 15.422069418810707 dB
	 $y_{1,7,46}$ = 8.677774897709611 dB
	 $y_{1,7,47}$ = 9.930607841363354 dB
	 $y_{1,7,49}$ = 6.005253707257481 dB
	 $y_{1,7,57}$ = 6.120186173356572 dB
		SNR medio: 12.518080881413926
		Usuarios totais: 13
$x_{1,43}$
	 $y_{1,43,0}$ = 6.821395949447918 dB
	 $y_{1,43,3}$ = 7.664693041633967 dB
	 $y_{1,43,22}$ = 14.244577447695377 dB
	 $y_{1,43,31}$ = 21.108051281510726 dB
	 $y_{1,43,32}$ = 28.171739186112262 dB
	 $y_{1,43,36}$ = 9.728967450564582 dB
	 $y_{1,43,40}$ = 7.3862669726914305 dB
	 $y_{1,43,42}$ = 21.205726188998526 dB
	 $y_{1,43,55}$ = 17.944778604682668 dB
	 $y_{1,43,61}$ = 11.678732101804485 dB
	 $y_{1,43,62}$ = 19.76520196207578 dB
	 $y_{1,43,73}$ = 10.673044942087813 dB
	 $y_{1,43,74}$ = 18.446745837074147 dB
	 $y_{1,43,85}$ = 6.99583131695843 dB
		SNR medio: 19.43048794139532
		Usuarios totais: 22
$x_{1,50}$
	 $y_{1,50,1}$ = 9.01080952914262 dB
	 $y_{1,50,20}$ = 16.57055421503226 dB
	 $y_{1,50,41}$ = 23.731257933442734 dB
	 $y_{1,50,60}$ = 30.775869288927595 dB
	 $y_{1,50,72}$ = 13.180545357336229 dB
	 $y_{1,50,82}$ = 9.674433146098323 dB
		SNR medio: 24.0230707255102
		Usuarios totais: 7
$x_{1,77}$
	 $y_{1,77,45}$ = 7.224468498694762 dB
	 $y_{1,77,48}$ = 13.678552011459402 dB
	 $y_{1,77,53}$ = 12.349610101367574 dB
	 $y_{1,77,54}$ = 13.237834252621212 dB
	 $y_{1,77,56}$ = 17.11537520357551 dB
	 $y_{1,77,66}$ = 26.15177201500876 dB
	 $y_{1,77,75}$ = 14.904656691001918 dB
	 $y_{1,77,79}$ = 14.332182718930625 dB
	 $y_{1,77,84}$ = 8.578827927992108 dB
	 $y_{1,77,86}$ = 25.79996660654109 dB
	 $y_{1,77,87}$ = 24.892681822383068 dB
	 $y_{1,77,89}$ = 14.486848739290792 dB
	 $y_{1,77,95}$ = 16.575764403806815 dB
		SNR medio: 20.18988756449813
		Usuarios totais: 18
Distances:
7 : 43 = 2262.741699796952
7 : 50 = 3440.9301068170507
7 : 77 = 2800.0
43 : 50 = 1264.9110640673518
43 : 77 = 2000.0
50 : 77 = 2912.043955712207
t=2
$x_{2,7}$
	 $y_{2,7,4}$ = 11.296379814027262 dB
	 $y_{2,7,9}$ = 14.425273012378852 dB
	 $y_{2,7,12}$ = 7.231284614477332 dB
	 $y_{2,7,14}$ = 20.6323885107782 dB
	 $y_{2,7,16}$ = 19.718633936399584 dB
	 $y_{2,7,18}$ = 22.880098469287873 dB
	 $y_{2,7,24}$ = 9.164977129828912 dB
	 $y_{2,7,27}$ = 15.378190075695272 dB
	 $y_{2,7,28}$ = 21.81424333589996 dB
	 $y_{2,7,36}$ = 10.710361030833042 dB
	 $y_{2,7,49}$ = 6.005253707257481 dB
		SNR medio: 17.783677205171028
		Usuarios totais: 18
$x_{2,43}$
	 $y_{2,43,22}$ = 14.244577447695377 dB
	 $y_{2,43,29}$ = 6.9389504570770555 dB
	 $y_{2,43,35}$ = 16.571274157765302 dB
	 $y_{2,43,41}$ = 26.338097108886245 dB
	 $y_{2,43,42}$ = 21.205726188998526 dB
	 $y_{2,43,51}$ = 16.951472543994427 dB
	 $y_{2,43,55}$ = 17.944778604682668 dB
	 $y_{2,43,61}$ = 11.678732101804485 dB
	 $y_{2,43,62}$ = 19.76520196207578 dB
	 $y_{2,43,63}$ = 19.34996614153097 dB
	 $y_{2,43,65}$ = 15.852196398542162 dB
	 $y_{2,43,74}$ = 18.446745837074147 dB
	 $y_{2,43,76}$ = 5.4336071604925 dB
	 $y_{2,43,78}$ = 7.044679305811314 dB
	 $y_{2,43,91}$ = 6.425230502493022 dB
		SNR medio: 18.524942595385504
		Usuarios totais: 25
$x_{2,50}$
	 $y_{2,50,2}$ = 11.694406879900058 dB
	 $y_{2,50,21}$ = 12.503099055929312 dB
	 $y_{2,50,70}$ = 21.82449747278629 dB
	 $y_{2,50,82}$ = 9.674433146098323 dB
		SNR medio: 16.858706620767197
		Usuarios totais: 6
$x_{2,77}$
	 $y_{2,77,56}$ = 17.11537520357551 dB
	 $y_{2,77,59}$ = 11.522111904673324 dB
	 $y_{2,77,77}$ = 82.24780013022064 dB
	 $y_{2,77,84}$ = 8.578827927992108 dB
	 $y_{2,77,86}$ = 25.79996660654109 dB
	 $y_{2,77,89}$ = 14.486848739290792 dB
	 $y_{2,77,93}$ = 6.94178122942688 dB
	 $y_{2,77,97}$ = 19.12811830968988 dB
	 $y_{2,77,99}$ = 10.574031207356512 dB
		SNR medio: 72.705390030217
		Usuarios totais: 11
Distances:
7 : 43 = 2262.741699796952
7 : 50 = 3440.9301068170507
7 : 77 = 2800.0
43 : 50 = 1264.9110640673518
43 : 77 = 2000.0
50 : 77 = 2912.043955712207
t=3
$x_{3,7}$
	 $y_{3,7,4}$ = 11.296379814027262 dB
	 $y_{3,7,16}$ = 19.718633936399584 dB
	 $y_{3,7,26}$ = 14.255535882692044 dB
	 $y_{3,7,36}$ = 10.710361030833042 dB
	 $y_{3,7,37}$ = 10.981979587299094 dB
	 $y_{3,7,47}$ = 9.930607841363354 dB
	 $y_{3,7,49}$ = 6.005253707257481 dB
	 $y_{3,7,57}$ = 6.120186173356572 dB
	 $y_{3,7,74}$ = 7.457715732821313 dB
		SNR medio: 13.049918021750383
		Usuarios totais: 12
$x_{3,43}$
	 $y_{3,43,0}$ = 6.821395949447918 dB
	 $y_{3,43,10}$ = 6.58797938072945 dB
	 $y_{3,43,21}$ = 12.760470169155155 dB
	 $y_{3,43,25}$ = 17.323899651744 dB
	 $y_{3,43,33}$ = 28.15387478610006 dB
	 $y_{3,43,34}$ = 27.50491010711255 dB
	 $y_{3,43,40}$ = 7.3862669726914305 dB
	 $y_{3,43,43}$ = 94.14382244781775 dB
	 $y_{3,43,51}$ = 16.951472543994427 dB
	 $y_{3,43,62}$ = 19.76520196207578 dB
	 $y_{3,43,73}$ = 10.673044942087813 dB
	 $y_{3,43,78}$ = 7.044679305811314 dB
	 $y_{3,43,82}$ = 10.04280181008248 dB
	 $y_{3,43,91}$ = 6.425230502493022 dB
	 $y_{3,43,95}$ = 7.598250632857116 dB
		SNR medio: 82.38291234229807
		Usuarios totais: 24
$x_{3,50}$
	 $y_{3,50,32}$ = 19.502662501038316 dB
	 $y_{3,50,52}$ = 22.88649710443812 dB
	 $y_{3,50,54}$ = 7.611587565951112 dB
	 $y_{3,50,63}$ = 9.90913881787273 dB
	 $y_{3,50,72}$ = 13.180545357336229 dB
	 $y_{3,50,80}$ = 13.665013695155523 dB
	 $y_{3,50,83}$ = 6.8668045605014925 dB
		SNR medio: 16.96526024504495
		Usuarios totais: 9
$x_{3,77}$
	 $y_{3,77,44}$ = 6.558291199920745 dB
	 $y_{3,77,55}$ = 14.837187945404395 dB
	 $y_{3,77,56}$ = 17.11537520357551 dB
	 $y_{3,77,71}$ = 8.898919788120736 dB
	 $y_{3,77,77}$ = 82.24780013022064 dB
	 $y_{3,77,88}$ = 18.191512008651472 dB
	 $y_{3,77,89}$ = 14.486848739290792 dB
	 $y_{3,77,93}$ = 6.94178122942688 dB
	 $y_{3,77,96}$ = 16.054065883678888 dB
		SNR medio: 72.70538107958006
		Usuarios totais: 15
Distances:
7 : 43 = 2262.741699796952
7 : 50 = 3440.9301068170507
7 : 77 = 2800.0
43 : 50 = 1264.9110640673518
43 : 77 = 2000.0
50 : 77 = 2912.043955712207
t=4
$x_{4,7}$
	 $y_{4,7,6}$ = 29.956042688022166 dB
	 $y_{4,7,7}$ = 86.8150520963274 dB
	 $y_{4,7,12}$ = 7.231284614477332 dB
	 $y_{4,7,14}$ = 20.6323885107782 dB
	 $y_{4,7,15}$ = 10.706393777975848 dB
	 $y_{4,7,16}$ = 19.718633936399584 dB
	 $y_{4,7,24}$ = 9.164977129828912 dB
	 $y_{4,7,27}$ = 15.378190075695272 dB
	 $y_{4,7,30}$ = 5.766661928231613 dB
	 $y_{4,7,37}$ = 10.981979587299094 dB
	 $y_{4,7,46}$ = 8.677774897709611 dB
	 $y_{4,7,48}$ = 10.521140900621617 dB
	 $y_{4,7,67}$ = 7.323915542069571 dB
	 $y_{4,7,74}$ = 7.457715732821313 dB
		SNR medio: 75.35378354030728
		Usuarios totais: 20
$x_{4,43}$
	 $y_{4,43,10}$ = 6.58797938072945 dB
	 $y_{4,43,22}$ = 14.244577447695377 dB
	 $y_{4,43,31}$ = 21.108051281510726 dB
	 $y_{4,43,36}$ = 9.728967450564582 dB
	 $y_{4,43,39}$ = 8.762562329909997 dB
	 $y_{4,43,42}$ = 21.205726188998526 dB
	 $y_{4,43,43}$ = 94.14382244781775 dB
	 $y_{4,43,45}$ = 17.82480826542647 dB
	 $y_{4,43,66}$ = 16.46473101123091 dB
	 $y_{4,43,70}$ = 9.75962962709582 dB
	 $y_{4,43,71}$ = 12.003716649599028 dB
	 $y_{4,43,78}$ = 7.044679305811314 dB
	 $y_{4,43,82}$ = 10.04280181008248 dB
	 $y_{4,43,90}$ = 5.199551776988526 dB
		SNR medio: 82.68254285679853
		Usuarios totais: 18
$x_{4,50}$
	 $y_{4,50,1}$ = 9.01080952914262 dB
	 $y_{4,50,20}$ = 16.57055421503226 dB
	 $y_{4,50,44}$ = 19.857755074177476 dB
	 $y_{4,50,60}$ = 30.775869288927595 dB
	 $y_{4,50,80}$ = 13.665013695155523 dB
	 $y_{4,50,83}$ = 6.8668045605014925 dB
		SNR medio: 23.597906874110418
		Usuarios totais: 9
$x_{4,77}$
	 $y_{4,77,53}$ = 12.349610101367574 dB
	 $y_{4,77,56}$ = 17.11537520357551 dB
	 $y_{4,77,57}$ = 16.88443891809257 dB
	 $y_{4,77,58}$ = 13.378166512874202 dB
	 $y_{4,77,62}$ = 8.173704414012064 dB
	 $y_{4,77,68}$ = 19.26314628202016 dB
	 $y_{4,77,77}$ = 82.24780013022064 dB
	 $y_{4,77,93}$ = 6.94178122942688 dB
		SNR medio: 73.21690634583999
		Usuarios totais: 13
Distances:
7 : 43 = 2262.741699796952
7 : 50 = 3440.9301068170507
7 : 77 = 2800.0
43 : 50 = 1264.9110640673518
43 : 77 = 2000.0
50 : 77 = 2912.043955712207
t=5
$x_{5,7}$
	 $y_{5,7,6}$ = 29.956042688022166 dB
	 $y_{5,7,17}$ = 33.21209241040917 dB
	 $y_{5,7,18}$ = 22.880098469287873 dB
	 $y_{5,7,19}$ = 21.563034580057547 dB
	 $y_{5,7,24}$ = 9.164977129828912 dB
	 $y_{5,7,27}$ = 15.378190075695272 dB
	 $y_{5,7,28}$ = 21.81424333589996 dB
	 $y_{5,7,46}$ = 8.677774897709611 dB
	 $y_{5,7,49}$ = 6.005253707257481 dB
	 $y_{5,7,67}$ = 7.323915542069571 dB
		SNR medio: 25.60364403868107
		Usuarios totais: 15
$x_{5,43}$
	 $y_{5,43,21}$ = 12.760470169155155 dB
	 $y_{5,43,31}$ = 21.108051281510726 dB
	 $y_{5,43,33}$ = 28.15387478610006 dB
	 $y_{5,43,36}$ = 9.728967450564582 dB
	 $y_{5,43,39}$ = 8.762562329909997 dB
	 $y_{5,43,40}$ = 7.3862669726914305 dB
	 $y_{5,43,44}$ = 30.046110064925884 dB
	 $y_{5,43,45}$ = 17.82480826542647 dB
	 $y_{5,43,52}$ = 23.655033419254224 dB
	 $y_{5,43,57}$ = 11.695637532759108 dB
	 $y_{5,43,58}$ = 7.786267757932862 dB
	 $y_{5,43,62}$ = 19.76520196207578 dB
	 $y_{5,43,65}$ = 15.852196398542162 dB
	 $y_{5,43,71}$ = 12.003716649599028 dB
	 $y_{5,43,76}$ = 5.4336071604925 dB
	 $y_{5,43,81}$ = 7.706668950561522 dB
	 $y_{5,43,82}$ = 10.04280181008248 dB
	 $y_{5,43,85}$ = 6.99583131695843 dB
	 $y_{5,43,95}$ = 7.598250632857116 dB
		SNR medio: 20.88126275551143
		Usuarios totais: 30
$x_{5,50}$
	 $y_{5,50,1}$ = 9.01080952914262 dB
	 $y_{5,50,2}$ = 11.694406879900058 dB
	 $y_{5,50,11}$ = 18.41701693283619 dB
	 $y_{5,50,51}$ = 34.038353423989385 dB
	 $y_{5,50,60}$ = 30.775869288927595 dB
	 $y_{5,50,80}$ = 13.665013695155523 dB
	 $y_{5,50,83}$ = 6.8668045605014925 dB
		SNR medio: 27.40371148555024
		Usuarios totais: 10
$x_{5,77}$
	 $y_{5,77,35}$ = 8.357781654405542 dB
	 $y_{5,77,53}$ = 12.349610101367574 dB
	 $y_{5,77,56}$ = 17.11537520357551 dB
	 $y_{5,77,94}$ = 6.881893510859868 dB
	 $y_{5,77,98}$ = 16.154871498389852 dB
		SNR medio: 13.860720034250122
		Usuarios totais: 5
Distances:
7 : 43 = 2262.741699796952
7 : 50 = 3440.9301068170507
7 : 77 = 2800.0
43 : 50 = 1264.9110640673518
43 : 77 = 2000.0
50 : 77 = 2912.043955712207
t=6
$x_{6,7}$
	 $y_{6,7,6}$ = 29.956042688022166 dB
	 $y_{6,7,13}$ = 5.4940360798601375 dB
	 $y_{6,7,17}$ = 33.21209241040917 dB
	 $y_{6,7,19}$ = 21.563034580057547 dB
	 $y_{6,7,24}$ = 9.164977129828912 dB
	 $y_{6,7,26}$ = 14.255535882692044 dB
	 $y_{6,7,30}$ = 5.766661928231613 dB
	 $y_{6,7,36}$ = 10.710361030833042 dB
	 $y_{6,7,37}$ = 10.981979587299094 dB
	 $y_{6,7,48}$ = 10.521140900621617 dB
	 $y_{6,7,67}$ = 7.323915542069571 dB
		SNR medio: 24.786408889147072
		Usuarios totais: 18
$x_{6,43}$
	 $y_{6,43,21}$ = 12.760470169155155 dB
	 $y_{6,43,29}$ = 6.9389504570770555 dB
	 $y_{6,43,32}$ = 28.171739186112262 dB
	 $y_{6,43,33}$ = 28.15387478610006 dB
	 $y_{6,43,34}$ = 27.50491010711255 dB
	 $y_{6,43,35}$ = 16.571274157765302 dB
	 $y_{6,43,42}$ = 21.205726188998526 dB
	 $y_{6,43,45}$ = 17.82480826542647 dB
	 $y_{6,43,55}$ = 17.944778604682668 dB
	 $y_{6,43,61}$ = 11.678732101804485 dB
	 $y_{6,43,62}$ = 19.76520196207578 dB
	 $y_{6,43,65}$ = 15.852196398542162 dB
	 $y_{6,43,71}$ = 12.003716649599028 dB
	 $y_{6,43,73}$ = 10.673044942087813 dB
	 $y_{6,43,75}$ = 9.918721994631312 dB
	 $y_{6,43,78}$ = 7.044679305811314 dB
	 $y_{6,43,81}$ = 7.706668950561522 dB
	 $y_{6,43,91}$ = 6.425230502493022 dB
	 $y_{6,43,92}$ = 6.048717530024902 dB
		SNR medio: 21.01800495429871
		Usuarios totais: 25
$x_{6,50}$
	 $y_{6,50,1}$ = 9.01080952914262 dB
	 $y_{6,50,10}$ = 12.013352770179026 dB
	 $y_{6,50,31}$ = 20.13949804842592 dB
	 $y_{6,50,50}$ = 95.33327661966572 dB
	 $y_{6,50,51}$ = 34.038353423989385 dB
	 $y_{6,50,60}$ = 30.775869288927595 dB
	 $y_{6,50,80}$ = 13.665013695155523 dB
		SNR medio: 86.88230115472457
		Usuarios totais: 9
$x_{6,77}$
	 $y_{6,77,53}$ = 12.349610101367574 dB
	 $y_{6,77,77}$ = 82.24780013022064 dB
	 $y_{6,77,84}$ = 8.578827927992108 dB
	 $y_{6,77,86}$ = 25.79996660654109 dB
	 $y_{6,77,87}$ = 24.892681822383068 dB
	 $y_{6,77,93}$ = 6.94178122942688 dB
	 $y_{6,77,95}$ = 16.575764403806815 dB
	 $y_{6,77,99}$ = 10.574031207356512 dB
		SNR medio: 73.21692031638749
		Usuarios totais: 8
Distances:
7 : 43 = 2262.741699796952
7 : 50 = 3440.9301068170507
7 : 77 = 2800.0
43 : 50 = 1264.9110640673518
43 : 77 = 2000.0
50 : 77 = 2912.043955712207
t=7
$x_{7,7}$
	 $y_{7,7,6}$ = 29.956042688022166 dB
	 $y_{7,7,12}$ = 7.231284614477332 dB
	 $y_{7,7,14}$ = 20.6323885107782 dB
	 $y_{7,7,16}$ = 19.718633936399584 dB
	 $y_{7,7,25}$ = 7.765407292932423 dB
	 $y_{7,7,27}$ = 15.378190075695272 dB
	 $y_{7,7,30}$ = 5.766661928231613 dB
	 $y_{7,7,35}$ = 15.422069418810707 dB
	 $y_{7,7,37}$ = 10.981979587299094 dB
	 $y_{7,7,48}$ = 10.521140900621617 dB
	 $y_{7,7,49}$ = 6.005253707257481 dB
		SNR medio: 20.763808918855663
		Usuarios totais: 14
$x_{7,43}$
	 $y_{7,43,0}$ = 6.821395949447918 dB
	 $y_{7,43,22}$ = 14.244577447695377 dB
	 $y_{7,43,23}$ = 20.980640179666665 dB
	 $y_{7,43,31}$ = 21.108051281510726 dB
	 $y_{7,43,39}$ = 8.762562329909997 dB
	 $y_{7,43,44}$ = 30.046110064925884 dB
	 $y_{7,43,45}$ = 17.82480826542647 dB
	 $y_{7,43,46}$ = 5.952139990919591 dB
	 $y_{7,43,53}$ = 32.677734324443264 dB
	 $y_{7,43,54}$ = 21.646129732865873 dB
	 $y_{7,43,55}$ = 17.944778604682668 dB
	 $y_{7,43,58}$ = 7.786267757932862 dB
	 $y_{7,43,63}$ = 19.34996614153097 dB
	 $y_{7,43,64}$ = 7.754855953503636 dB
	 $y_{7,43,66}$ = 16.46473101123091 dB
	 $y_{7,43,71}$ = 12.003716649599028 dB
	 $y_{7,43,76}$ = 5.4336071604925 dB
	 $y_{7,43,91}$ = 6.425230502493022 dB
	 $y_{7,43,92}$ = 6.048717530024902 dB
		SNR medio: 22.775022785882193
		Usuarios totais: 27
$x_{7,50}$
	 $y_{7,50,11}$ = 18.41701693283619 dB
	 $y_{7,50,20}$ = 16.57055421503226 dB
	 $y_{7,50,21}$ = 12.503099055929312 dB
	 $y_{7,50,33}$ = 7.106228197911804 dB
	 $y_{7,50,42}$ = 11.66126374738488 dB
	 $y_{7,50,60}$ = 30.775869288927595 dB
	 $y_{7,50,61}$ = 30.212344429476218 dB
	 $y_{7,50,70}$ = 21.82449747278629 dB
		SNR medio: 25.035132270558936
		Usuarios totais: 9
$x_{7,77}$
	 $y_{7,77,38}$ = 7.720708136741251 dB
	 $y_{7,77,67}$ = 36.807805534976794 dB
	 $y_{7,77,69}$ = 14.115901165749477 dB
	 $y_{7,77,75}$ = 14.904656691001918 dB
	 $y_{7,77,84}$ = 8.578827927992108 dB
	 $y_{7,77,86}$ = 25.79996660654109 dB
	 $y_{7,77,87}$ = 24.892681822383068 dB
	 $y_{7,77,88}$ = 18.191512008651472 dB
	 $y_{7,77,95}$ = 16.575764403806815 dB
	 $y_{7,77,96}$ = 16.054065883678888 dB
		SNR medio: 27.562686682886273
		Usuarios totais: 10
Distances:
7 : 43 = 2262.741699796952
7 : 50 = 3440.9301068170507
7 : 77 = 2800.0
43 : 50 = 1264.9110640673518
43 : 77 = 2000.0
50 : 77 = 2912.043955712207
t=8
$x_{8,7}$
	 $y_{8,7,5}$ = 16.687355639296584 dB
	 $y_{8,7,6}$ = 29.956042688022166 dB
	 $y_{8,7,8}$ = 30.67631315113219 dB
	 $y_{8,7,12}$ = 7.231284614477332 dB
	 $y_{8,7,15}$ = 10.706393777975848 dB
	 $y_{8,7,17}$ = 33.21209241040917 dB
	 $y_{8,7,24}$ = 9.164977129828912 dB
	 $y_{8,7,25}$ = 7.765407292932423 dB
	 $y_{8,7,37}$ = 10.981979587299094 dB
	 $y_{8,7,48}$ = 10.521140900621617 dB
	 $y_{8,7,49}$ = 6.005253707257481 dB
	 $y_{8,7,57}$ = 6.120186173356572 dB
	 $y_{8,7,67}$ = 7.323915542069571 dB
		SNR medio: 25.264155597110857
		Usuarios totais: 16
$x_{8,43}$
	 $y_{8,43,3}$ = 7.664693041633967 dB
	 $y_{8,43,32}$ = 28.171739186112262 dB
	 $y_{8,43,34}$ = 27.50491010711255 dB
	 $y_{8,43,41}$ = 26.338097108886245 dB
	 $y_{8,43,45}$ = 17.82480826542647 dB
	 $y_{8,43,51}$ = 16.951472543994427 dB
	 $y_{8,43,52}$ = 23.655033419254224 dB
	 $y_{8,43,54}$ = 21.646129732865873 dB
	 $y_{8,43,62}$ = 19.76520196207578 dB
	 $y_{8,43,74}$ = 18.446745837074147 dB
	 $y_{8,43,75}$ = 9.918721994631312 dB
	 $y_{8,43,76}$ = 5.4336071604925 dB
	 $y_{8,43,81}$ = 7.706668950561522 dB
	 $y_{8,43,82}$ = 10.04280181008248 dB
	 $y_{8,43,92}$ = 6.048717530024902 dB
		SNR medio: 21.934628575586878
		Usuarios totais: 26
$x_{8,50}$
	 $y_{8,50,2}$ = 11.694406879900058 dB
	 $y_{8,50,21}$ = 12.503099055929312 dB
	 $y_{8,50,23}$ = 5.144700462144556 dB
	 $y_{8,50,61}$ = 30.212344429476218 dB
	 $y_{8,50,80}$ = 13.665013695155523 dB
	 $y_{8,50,83}$ = 6.8668045605014925 dB
		SNR medio: 22.68757640325495
		Usuarios totais: 8
$x_{8,77}$
	 $y_{8,77,56}$ = 17.11537520357551 dB
	 $y_{8,77,59}$ = 11.522111904673324 dB
	 $y_{8,77,64}$ = 6.032197585655581 dB
	 $y_{8,77,71}$ = 8.898919788120736 dB
	 $y_{8,77,86}$ = 25.79996660654109 dB
	 $y_{8,77,87}$ = 24.892681822383068 dB
	 $y_{8,77,95}$ = 16.575764403806815 dB
	 $y_{8,77,96}$ = 16.054065883678888 dB
	 $y_{8,77,99}$ = 10.574031207356512 dB
		SNR medio: 19.819239717087267
		Usuarios totais: 10
Distances:
7 : 43 = 2262.741699796952
7 : 50 = 3440.9301068170507
7 : 77 = 2800.0
43 : 50 = 1264.9110640673518
43 : 77 = 2000.0
50 : 77 = 2912.043955712207
t=9
$x_{9,7}$
	 $y_{9,7,4}$ = 11.296379814027262 dB
	 $y_{9,7,5}$ = 16.687355639296584 dB
	 $y_{9,7,6}$ = 29.956042688022166 dB
	 $y_{9,7,7}$ = 86.8150520963274 dB
	 $y_{9,7,13}$ = 5.4940360798601375 dB
	 $y_{9,7,16}$ = 19.718633936399584 dB
	 $y_{9,7,17}$ = 33.21209241040917 dB
	 $y_{9,7,18}$ = 22.880098469287873 dB
	 $y_{9,7,24}$ = 9.164977129828912 dB
	 $y_{9,7,25}$ = 7.765407292932423 dB
	 $y_{9,7,30}$ = 5.766661928231613 dB
	 $y_{9,7,47}$ = 9.930607841363354 dB
		SNR medio: 76.02327096165149
		Usuarios totais: 16
$x_{9,43}$
	 $y_{9,43,0}$ = 6.821395949447918 dB
	 $y_{9,43,3}$ = 7.664693041633967 dB
	 $y_{9,43,29}$ = 6.9389504570770555 dB
	 $y_{9,43,31}$ = 21.108051281510726 dB
	 $y_{9,43,39}$ = 8.762562329909997 dB
	 $y_{9,43,42}$ = 21.205726188998526 dB
	 $y_{9,43,46}$ = 5.952139990919591 dB
	 $y_{9,43,52}$ = 23.655033419254224 dB
	 $y_{9,43,63}$ = 19.34996614153097 dB
	 $y_{9,43,66}$ = 16.46473101123091 dB
	 $y_{9,43,91}$ = 6.425230502493022 dB
	 $y_{9,43,92}$ = 6.048717530024902 dB
		SNR medio: 17.396678401605946
		Usuarios totais: 16
$x_{9,50}$
	 $y_{9,50,1}$ = 9.01080952914262 dB
	 $y_{9,50,11}$ = 18.41701693283619 dB
	 $y_{9,50,20}$ = 16.57055421503226 dB
	 $y_{9,50,23}$ = 5.144700462144556 dB
	 $y_{9,50,33}$ = 7.106228197911804 dB
	 $y_{9,50,41}$ = 23.731257933442734 dB
	 $y_{9,50,60}$ = 30.775869288927595 dB
	 $y_{9,50,70}$ = 21.82449747278629 dB
	 $y_{9,50,83}$ = 6.8668045605014925 dB
		SNR medio: 22.812897106872313
		Usuarios totais: 12
$x_{9,77}$
	 $y_{9,77,38}$ = 7.720708136741251 dB
	 $y_{9,77,53}$ = 12.349610101367574 dB
	 $y_{9,77,55}$ = 14.837187945404395 dB
	 $y_{9,77,65}$ = 20.937538425573422 dB
	 $y_{9,77,69}$ = 14.115901165749477 dB
	 $y_{9,77,71}$ = 8.898919788120736 dB
	 $y_{9,77,76}$ = 37.51544704978279 dB
	 $y_{9,77,84}$ = 8.578827927992108 dB
	 $y_{9,77,86}$ = 25.79996660654109 dB
	 $y_{9,77,94}$ = 6.881893510859868 dB
	 $y_{9,77,96}$ = 16.054065883678888 dB
	 $y_{9,77,99}$ = 10.574031207356512 dB
		SNR medio: 27.200664252953114
		Usuarios totais: 16
Distances:
7 : 43 = 2262.741699796952
7 : 50 = 3440.9301068170507
7 : 77 = 2800.0
43 : 50 = 1264.9110640673518
43 : 77 = 2000.0
50 : 77 = 2912.043955712207
--- Done after 1.0185250977012845 hours. ---
