-------------Calculating Solution (this may take a while)
+++++++++++++++++++Min Sinr: 5 dB (pgwo2)
+++++++++++++++++++With backhaul constraint. Start: 2023-02-06 01:25:08

Parameters:
- chosen seed 17
- Map with 100 sectors
- Map 4000 x 4000 m
- Sector has a side of 400 m
- Max time:  12
- users_t_m:  [[0, 0, 0, 0, 0, 0, 0, 0, 0, 0, 0, 0, 0, 0, 0, 0, 0, 0, 0, 0, 0, 0, 0, 0, 0, 0, 0, 0, 0, 0, 0, 0, 0, 0, 0, 0, 0, 0, 0, 0, 0, 0, 0, 0, 0, 0, 0, 0, 0, 0, 0, 0, 0, 0, 0, 0, 0, 0, 0, 0, 0, 0, 0, 0, 0, 1, 0, 0, 0, 0, 0, 0, 0, 0, 2, 3, 1, 0, 0, 0, 0, 0, 0, 0, 15, 4, 0, 0, 0, 0, 0, 0, 0, 0, 0, 0, 0, 0, 0, 0], [1, 0, 0, 0, 0, 0, 1, 0, 0, 1, 0, 1, 0, 0, 1, 0, 0, 0, 0, 0, 0, 1, 1, 0, 0, 0, 0, 1, 0, 0, 1, 0, 0, 0, 1, 0, 0, 0, 0, 0, 0, 0, 1, 0, 0, 0, 1, 1, 0, 1, 0, 0, 1, 0, 0, 1, 0, 0, 0, 0, 0, 0, 0, 1, 1, 3, 0, 0, 2, 0, 0, 0, 0, 1, 2, 3, 0, 0, 1, 0, 0, 0, 0, 0, 13, 4, 0, 0, 0, 2, 0, 0, 0, 0, 0, 0, 0, 0, 0, 1], [1, 0, 0, 0, 3, 1, 0, 0, 0, 0, 2, 0, 1, 1, 2, 0, 1, 0, 0, 1, 0, 1, 0, 0, 0, 0, 0, 0, 1, 0, 0, 0, 0, 1, 0, 0, 0, 0, 0, 2, 0, 0, 1, 0, 1, 0, 1, 0, 1, 3, 1, 0, 0, 0, 0, 1, 0, 0, 0, 1, 0, 1, 1, 0, 2, 1, 0, 1, 1, 0, 0, 0, 0, 0, 4, 3, 1, 1, 2, 1, 2, 1, 0, 0, 23, 2, 0, 0, 1, 1, 0, 2, 1, 0, 1, 1, 0, 1, 1, 1], [1, 1, 1, 2, 0, 0, 0, 0, 0, 1, 0, 1, 0, 1, 1, 1, 1, 0, 2, 1, 2, 0, 0, 1, 2, 1, 0, 2, 2, 0, 0, 1, 0, 0, 1, 1, 0, 0, 0, 0, 1, 2, 0, 1, 0, 1, 0, 1, 2, 0, 1, 0, 1, 1, 0, 1, 0, 2, 2, 2, 0, 2, 1, 0, 2, 5, 0, 0, 2, 1, 2, 0, 0, 0, 5, 5, 1, 0, 1, 0, 3, 2, 2, 1, 17, 6, 1, 2, 1, 0, 3, 0, 1, 2, 0, 0, 1, 1, 1, 1], [1, 0, 1, 1, 0, 3, 0, 1, 0, 0, 0, 0, 1, 1, 0, 1, 1, 0, 0, 3, 2, 3, 1, 0, 0, 2, 2, 1, 1, 3, 0, 0, 1, 0, 3, 0, 1, 2, 1, 2, 0, 0, 2, 2, 1, 3, 0, 1, 1, 1, 1, 3, 1, 2, 1, 0, 0, 2, 3, 0, 0, 1, 0, 0, 2, 2, 4, 2, 2, 1, 1, 0, 0, 2, 4, 5, 4, 1, 0, 3, 0, 1, 5, 1, 27, 6, 1, 2, 2, 1, 5, 1, 0, 0, 1, 1, 0, 2, 2, 4], [1, 3, 0, 2, 2, 2, 0, 2, 1, 0, 0, 1, 2, 0, 2, 1, 0, 1, 0, 0, 2, 3, 2, 1, 0, 1, 4, 4, 0, 2, 0, 1, 4, 2, 1, 0, 1, 5, 2, 2, 1, 1, 4, 1, 2, 4, 1, 3, 2, 2, 2, 3, 2, 4, 2, 1, 2, 1, 2, 0, 1, 0, 6, 0, 2, 4, 1, 1, 0, 2, 2, 4, 3, 0, 3, 5, 1, 2, 1, 1, 3, 4, 2, 0, 15, 7, 4, 1, 1, 2, 1, 2, 0, 1, 0, 4, 2, 3, 2, 0], [2, 0, 2, 0, 2, 3, 2, 3, 2, 3, 1, 2, 3, 2, 1, 2, 0, 0, 2, 3, 2, 3, 0, 1, 0, 1, 0, 0, 3, 0, 1, 1, 1, 2, 2, 4, 2, 2, 5, 1, 3, 1, 2, 5, 1, 0, 2, 1, 2, 1, 1, 2, 1, 1, 1, 1, 2, 2, 2, 2, 1, 3, 4, 2, 0, 0, 1, 0, 1, 0, 4, 0, 1, 0, 1, 0, 2, 3, 0, 0, 2, 4, 3, 0, 0, 1, 0, 3, 3, 1, 1, 2, 6, 2, 1, 2, 0, 3, 2, 2], [1, 2, 3, 4, 0, 0, 1, 2, 1, 0, 1, 0, 2, 2, 0, 2, 1, 1, 1, 2, 0, 0, 2, 3, 1, 2, 5, 3, 0, 0, 2, 1, 4, 3, 1, 1, 1, 1, 1, 2, 0, 0, 1, 4, 1, 2, 2, 0, 1, 0, 1, 1, 2, 1, 0, 1, 0, 1, 0, 3, 1, 3, 2, 3, 0, 0, 1, 1, 0, 2, 2, 1, 1, 4, 0, 1, 4, 4, 1, 1, 0, 1, 0, 0, 1, 5, 0, 3, 5, 1, 0, 0, 0, 1, 0, 0, 3, 1, 0, 0], [0, 1, 0, 3, 1, 1, 0, 2, 4, 1, 2, 0, 2, 1, 0, 0, 0, 1, 3, 0, 2, 2, 2, 0, 1, 0, 0, 1, 0, 0, 0, 1, 2, 3, 0, 0, 1, 2, 2, 0, 0, 0, 0, 0, 0, 0, 0, 0, 2, 0, 1, 4, 1, 1, 2, 1, 2, 0, 2, 3, 1, 2, 0, 2, 2, 0, 2, 0, 1, 0, 0, 1, 0, 1, 0, 0, 0, 2, 1, 1, 1, 0, 2, 3, 2, 1, 3, 1, 2, 3, 0, 2, 1, 1, 3, 0, 1, 1, 0, 2], [3, 0, 0, 0, 0, 1, 0, 2, 0, 1, 0, 3, 0, 0, 1, 0, 1, 2, 2, 1, 0, 0, 0, 1, 0, 0, 2, 1, 1, 1, 1, 0, 1, 1, 3, 0, 0, 1, 1, 1, 1, 0, 3, 2, 3, 1, 1, 2, 1, 1, 1, 1, 0, 0, 0, 3, 1, 0, 0, 1, 0, 1, 2, 0, 0, 0, 2, 1, 1, 0, 1, 0, 0, 1, 0, 1, 0, 0, 1, 1, 1, 1, 1, 1, 0, 0, 1, 0, 1, 0, 1, 0, 1, 0, 0, 0, 0, 2, 0, 0], [1, 1, 0, 0, 0, 1, 0, 1, 1, 1, 1, 2, 1, 0, 1, 2, 0, 0, 1, 0, 0, 2, 1, 0, 1, 1, 0, 0, 0, 0, 0, 0, 1, 1, 0, 2, 1, 0, 0, 1, 1, 0, 0, 0, 0, 0, 0, 0, 1, 0, 0, 2, 0, 0, 1, 1, 1, 0, 0, 0, 0, 0, 0, 1, 0, 1, 1, 0, 0, 1, 1, 2, 2, 1, 2, 0, 0, 0, 0, 0, 0, 0, 0, 1, 0, 1, 0, 0, 0, 0, 1, 0, 1, 0, 1, 1, 1, 2, 0, 0], [0, 0, 3, 0, 0, 0, 0, 0, 0, 0, 0, 0, 0, 0, 1, 0, 2, 0, 0, 0, 0, 0, 0, 0, 0, 0, 0, 0, 1, 0, 0, 0, 0, 0, 0, 0, 0, 0, 0, 0, 0, 0, 0, 0, 2, 0, 0, 0, 0, 0, 0, 0, 0, 1, 0, 0, 0, 0, 0, 0, 0, 0, 0, 0, 1, 1, 1, 0, 1, 1, 1, 0, 0, 0, 1, 0, 0, 0, 0, 0, 0, 0, 0, 0, 0, 0, 0, 0, 1, 0, 0, 0, 0, 0, 0, 0, 0, 0, 1, 0]]
users_0_m:
[0, 0, 0, 0, 0, 0, 0, 0, 0, 0]
[0, 0, 0, 0, 0, 0, 0, 0, 0, 0]
[0, 0, 0, 0, 0, 0, 0, 0, 0, 0]
[0, 0, 0, 0, 0, 0, 0, 0, 0, 0]
[0, 0, 0, 0, 0, 0, 0, 0, 0, 0]
[0, 0, 0, 0, 0, 0, 0, 0, 0, 0]
[0, 0, 0, 0, 0, 1, 0, 0, 0, 0]
[0, 0, 0, 0, 2, 3, 1, 0, 0, 0]
[0, 0, 0, 0, 15, 4, 0, 0, 0, 0]
[0, 0, 0, 0, 0, 0, 0, 0, 0, 0]
users_1_m:
[1, 0, 0, 0, 0, 0, 1, 0, 0, 1]
[0, 1, 0, 0, 1, 0, 0, 0, 0, 0]
[0, 1, 1, 0, 0, 0, 0, 1, 0, 0]
[1, 0, 0, 0, 1, 0, 0, 0, 0, 0]
[0, 0, 1, 0, 0, 0, 1, 1, 0, 1]
[0, 0, 1, 0, 0, 1, 0, 0, 0, 0]
[0, 0, 0, 1, 1, 3, 0, 0, 2, 0]
[0, 0, 0, 1, 2, 3, 0, 0, 1, 0]
[0, 0, 0, 0, 13, 4, 0, 0, 0, 2]
[0, 0, 0, 0, 0, 0, 0, 0, 0, 1]
users_2_m:
[1, 0, 0, 0, 3, 1, 0, 0, 0, 0]
[2, 0, 1, 1, 2, 0, 1, 0, 0, 1]
[0, 1, 0, 0, 0, 0, 0, 0, 1, 0]
[0, 0, 0, 1, 0, 0, 0, 0, 0, 2]
[0, 0, 1, 0, 1, 0, 1, 0, 1, 3]
[1, 0, 0, 0, 0, 1, 0, 0, 0, 1]
[0, 1, 1, 0, 2, 1, 0, 1, 1, 0]
[0, 0, 0, 0, 4, 3, 1, 1, 2, 1]
[2, 1, 0, 0, 23, 2, 0, 0, 1, 1]
[0, 2, 1, 0, 1, 1, 0, 1, 1, 1]
users_3_m:
[1, 1, 1, 2, 0, 0, 0, 0, 0, 1]
[0, 1, 0, 1, 1, 1, 1, 0, 2, 1]
[2, 0, 0, 1, 2, 1, 0, 2, 2, 0]
[0, 1, 0, 0, 1, 1, 0, 0, 0, 0]
[1, 2, 0, 1, 0, 1, 0, 1, 2, 0]
[1, 0, 1, 1, 0, 1, 0, 2, 2, 2]
[0, 2, 1, 0, 2, 5, 0, 0, 2, 1]
[2, 0, 0, 0, 5, 5, 1, 0, 1, 0]
[3, 2, 2, 1, 17, 6, 1, 2, 1, 0]
[3, 0, 1, 2, 0, 0, 1, 1, 1, 1]
users_4_m:
[1, 0, 1, 1, 0, 3, 0, 1, 0, 0]
[0, 0, 1, 1, 0, 1, 1, 0, 0, 3]
[2, 3, 1, 0, 0, 2, 2, 1, 1, 3]
[0, 0, 1, 0, 3, 0, 1, 2, 1, 2]
[0, 0, 2, 2, 1, 3, 0, 1, 1, 1]
[1, 3, 1, 2, 1, 0, 0, 2, 3, 0]
[0, 1, 0, 0, 2, 2, 4, 2, 2, 1]
[1, 0, 0, 2, 4, 5, 4, 1, 0, 3]
[0, 1, 5, 1, 27, 6, 1, 2, 2, 1]
[5, 1, 0, 0, 1, 1, 0, 2, 2, 4]
users_5_m:
[1, 3, 0, 2, 2, 2, 0, 2, 1, 0]
[0, 1, 2, 0, 2, 1, 0, 1, 0, 0]
[2, 3, 2, 1, 0, 1, 4, 4, 0, 2]
[0, 1, 4, 2, 1, 0, 1, 5, 2, 2]
[1, 1, 4, 1, 2, 4, 1, 3, 2, 2]
[2, 3, 2, 4, 2, 1, 2, 1, 2, 0]
[1, 0, 6, 0, 2, 4, 1, 1, 0, 2]
[2, 4, 3, 0, 3, 5, 1, 2, 1, 1]
[3, 4, 2, 0, 15, 7, 4, 1, 1, 2]
[1, 2, 0, 1, 0, 4, 2, 3, 2, 0]
users_6_m:
[2, 0, 2, 0, 2, 3, 2, 3, 2, 3]
[1, 2, 3, 2, 1, 2, 0, 0, 2, 3]
[2, 3, 0, 1, 0, 1, 0, 0, 3, 0]
[1, 1, 1, 2, 2, 4, 2, 2, 5, 1]
[3, 1, 2, 5, 1, 0, 2, 1, 2, 1]
[1, 2, 1, 1, 1, 1, 2, 2, 2, 2]
[1, 3, 4, 2, 0, 0, 1, 0, 1, 0]
[4, 0, 1, 0, 1, 0, 2, 3, 0, 0]
[2, 4, 3, 0, 0, 1, 0, 3, 3, 1]
[1, 2, 6, 2, 1, 2, 0, 3, 2, 2]
users_7_m:
[1, 2, 3, 4, 0, 0, 1, 2, 1, 0]
[1, 0, 2, 2, 0, 2, 1, 1, 1, 2]
[0, 0, 2, 3, 1, 2, 5, 3, 0, 0]
[2, 1, 4, 3, 1, 1, 1, 1, 1, 2]
[0, 0, 1, 4, 1, 2, 2, 0, 1, 0]
[1, 1, 2, 1, 0, 1, 0, 1, 0, 3]
[1, 3, 2, 3, 0, 0, 1, 1, 0, 2]
[2, 1, 1, 4, 0, 1, 4, 4, 1, 1]
[0, 1, 0, 0, 1, 5, 0, 3, 5, 1]
[0, 0, 0, 1, 0, 0, 3, 1, 0, 0]
users_8_m:
[0, 1, 0, 3, 1, 1, 0, 2, 4, 1]
[2, 0, 2, 1, 0, 0, 0, 1, 3, 0]
[2, 2, 2, 0, 1, 0, 0, 1, 0, 0]
[0, 1, 2, 3, 0, 0, 1, 2, 2, 0]
[0, 0, 0, 0, 0, 0, 0, 0, 2, 0]
[1, 4, 1, 1, 2, 1, 2, 0, 2, 3]
[1, 2, 0, 2, 2, 0, 2, 0, 1, 0]
[0, 1, 0, 1, 0, 0, 0, 2, 1, 1]
[1, 0, 2, 3, 2, 1, 3, 1, 2, 3]
[0, 2, 1, 1, 3, 0, 1, 1, 0, 2]
users_9_m:
[3, 0, 0, 0, 0, 1, 0, 2, 0, 1]
[0, 3, 0, 0, 1, 0, 1, 2, 2, 1]
[0, 0, 0, 1, 0, 0, 2, 1, 1, 1]
[1, 0, 1, 1, 3, 0, 0, 1, 1, 1]
[1, 0, 3, 2, 3, 1, 1, 2, 1, 1]
[1, 1, 0, 0, 0, 3, 1, 0, 0, 1]
[0, 1, 2, 0, 0, 0, 2, 1, 1, 0]
[1, 0, 0, 1, 0, 1, 0, 0, 1, 1]
[1, 1, 1, 1, 0, 0, 1, 0, 1, 0]
[1, 0, 1, 0, 0, 0, 0, 2, 0, 0]
users_10_m:
[1, 1, 0, 0, 0, 1, 0, 1, 1, 1]
[1, 2, 1, 0, 1, 2, 0, 0, 1, 0]
[0, 2, 1, 0, 1, 1, 0, 0, 0, 0]
[0, 0, 1, 1, 0, 2, 1, 0, 0, 1]
[1, 0, 0, 0, 0, 0, 0, 0, 1, 0]
[0, 2, 0, 0, 1, 1, 1, 0, 0, 0]
[0, 0, 0, 1, 0, 1, 1, 0, 0, 1]
[1, 2, 2, 1, 2, 0, 0, 0, 0, 0]
[0, 0, 0, 1, 0, 1, 0, 0, 0, 0]
[1, 0, 1, 0, 1, 1, 1, 2, 0, 0]
users_11_m:
[0, 0, 3, 0, 0, 0, 0, 0, 0, 0]
[0, 0, 0, 0, 1, 0, 2, 0, 0, 0]
[0, 0, 0, 0, 0, 0, 0, 0, 1, 0]
[0, 0, 0, 0, 0, 0, 0, 0, 0, 0]
[0, 0, 0, 0, 2, 0, 0, 0, 0, 0]
[0, 0, 0, 1, 0, 0, 0, 0, 0, 0]
[0, 0, 0, 0, 1, 1, 1, 0, 1, 1]
[1, 0, 0, 0, 1, 0, 0, 0, 0, 0]
[0, 0, 0, 0, 0, 0, 0, 0, 1, 0]
[0, 0, 0, 0, 0, 0, 0, 0, 1, 0]
MAX_USER_PER_ANTENNAS_m:  [40, 40, 40, 40, 40, 40, 40, 40, 40, 40, 40, 40, 40, 40, 40, 40, 40, 40, 40, 40, 40, 40, 40, 40, 40, 40, 40, 40, 40, 40, 40, 40, 40, 40, 40, 40, 40, 40, 40, 40, 40, 40, 40, 40, 40, 40, 40, 40, 40, 40, 40, 40, 40, 40, 40, 40, 40, 40, 40, 40, 40, 40, 40, 40, 40, 40, 40, 40, 40, 40, 40, 40, 40, 40, 40, 40, 40, 40, 40, 40, 40, 40, 40, 40, 40, 40, 40, 40, 40, 40, 40, 40, 40, 40, 40, 40, 40, 40, 40, 40]
antennas_map_m:  [1, 1, 1, 1, 1, 1, 1, 1, 1, 1, 1, 1, 1, 1, 1, 1, 1, 1, 1, 1, 1, 1, 1, 1, 1, 1, 1, 1, 1, 1, 1, 1, 1, 1, 1, 1, 1, 1, 1, 1, 1, 1, 1, 1, 1, 1, 1, 1, 1, 1, 1, 1, 1, 1, 1, 1, 1, 1, 1, 1, 1, 1, 1, 1, 1, 1, 1, 1, 1, 1, 1, 1, 1, 1, 1, 1, 1, 1, 1, 1, 1, 1, 1, 1, 1, 1, 1, 1, 1, 1, 1, 1, 1, 1, 1, 1, 1, 1, 1, 1]
FIRST_ANTENNA:  84
MIN_SNR_m:  [3.1622776601683795, 3.1622776601683795, 3.1622776601683795, 3.1622776601683795, 3.1622776601683795, 3.1622776601683795, 3.1622776601683795, 3.1622776601683795, 3.1622776601683795, 3.1622776601683795, 3.1622776601683795, 3.1622776601683795, 3.1622776601683795, 3.1622776601683795, 3.1622776601683795, 3.1622776601683795, 3.1622776601683795, 3.1622776601683795, 3.1622776601683795, 3.1622776601683795, 3.1622776601683795, 3.1622776601683795, 3.1622776601683795, 3.1622776601683795, 3.1622776601683795, 3.1622776601683795, 3.1622776601683795, 3.1622776601683795, 3.1622776601683795, 3.1622776601683795, 3.1622776601683795, 3.1622776601683795, 3.1622776601683795, 3.1622776601683795, 3.1622776601683795, 3.1622776601683795, 3.1622776601683795, 3.1622776601683795, 3.1622776601683795, 3.1622776601683795, 3.1622776601683795, 3.1622776601683795, 3.1622776601683795, 3.1622776601683795, 3.1622776601683795, 3.1622776601683795, 3.1622776601683795, 3.1622776601683795, 3.1622776601683795, 3.1622776601683795, 3.1622776601683795, 3.1622776601683795, 3.1622776601683795, 3.1622776601683795, 3.1622776601683795, 3.1622776601683795, 3.1622776601683795, 3.1622776601683795, 3.1622776601683795, 3.1622776601683795, 3.1622776601683795, 3.1622776601683795, 3.1622776601683795, 3.1622776601683795, 3.1622776601683795, 3.1622776601683795, 3.1622776601683795, 3.1622776601683795, 3.1622776601683795, 3.1622776601683795, 3.1622776601683795, 3.1622776601683795, 3.1622776601683795, 3.1622776601683795, 3.1622776601683795, 3.1622776601683795, 3.1622776601683795, 3.1622776601683795, 3.1622776601683795, 3.1622776601683795, 3.1622776601683795, 3.1622776601683795, 3.1622776601683795, 3.1622776601683795, 3.1622776601683795, 3.1622776601683795, 3.1622776601683795, 3.1622776601683795, 3.1622776601683795, 3.1622776601683795, 3.1622776601683795, 3.1622776601683795, 3.1622776601683795, 3.1622776601683795, 3.1622776601683795, 3.1622776601683795, 3.1622776601683795, 3.1622776601683795, 3.1622776601683795, 3.1622776601683795]
-MIN_DIST:  2000
- disaster percentage:  0

Slice  0
Updating fitness _wolf
--------
The set of antennas serves the scenario in the respective slice(0).

Slice  1
Updating fitness _wolf
--------

Run GWO to deployment +1 antenna on the map
	Pack size:  300
	Wolf dimension 1
	Max iter 100
	antennas_regions:  [84]
	users_regions:  [ 0  6  9 11 14 21 22 27 30 34 42 46 47 49 52 55 63 64 65 68 73 74 75 78
 84 85 89 99]
	Seed_base:  70308
initial_alpha:  Wolf 0 (70308). Fitness: 0
	(401.69441559872433, 2102.9519976396177, 0). Region: 51
initial_beta:  Wolf 1 (70309). Fitness: 0
	(1657.2259835552088, 2234.6845574124823, 0). Region: 54
initial_delta:  Wolf 2 (70310). Fitness: 0
	(1427.9045622143105, 15.584605816998387, 0). Region: 3 

iter = 10
Alpha wolf:  Wolf 0 (70308). Fitness: 0
	(1200.2929953823295, 22.440629330233605, 0.0). Region: 3
iter = 20
Alpha wolf:  Wolf 0 (70308). Fitness: 0
	(1337.4154625062604, 41.71442181466724, 0.0). Region: 3
iter = 30
Alpha wolf:  Wolf 0 (70308). Fitness: 0
	(2140.52199481717, 50.58339471961989, 0.0). Region: 5
iter = 40
Alpha wolf:  Wolf 0 (70308). Fitness: 0
	(2655.486373115909, 37.93948094173846, 0.0). Region: 6
iter = 50
Alpha wolf:  Wolf 0 (70308). Fitness: 0
	(644.3616202870218, 43.07889892443908, 0.0). Region: 1
iter = 60
Alpha wolf:  Wolf 0 (70308). Fitness: 0
	(448.437448857219, 82.12518654902539, 0.0). Region: 1
iter = 70
Alpha wolf:  Wolf 0 (70308). Fitness: 0
	(613.7530430890124, 55.59533336645769, 0.0). Region: 1
iter = 80
Alpha wolf:  Wolf 0 (70308). Fitness: 0
	(732.7348875723687, 54.50477322244535, 0.0). Region: 1
iter = 90
Alpha wolf:  Wolf 0 (70308). Fitness: 0
	(797.990117308994, 54.41856235623047, 0.0). Region: 1

Run GWO to deployment +2 antenna on the map
	Pack size:  300
	Wolf dimension 2
	Max iter 100
	antennas_regions:  [84]
	users_regions:  [ 0  6  9 11 14 21 22 27 30 34 42 46 47 49 52 55 63 64 65 68 73 74 75 78
 84 85 89 99]
	Seed_base:  55409
initial_alpha:  Wolf 0 (55409). Fitness: 0
	(3897.604822409099, 2884.018087746159, 0). Region: 79
	(728.5048201899817, 2907.0380197315853, 0). Region: 71
initial_beta:  Wolf 1 (55410). Fitness: 0
	(3903.6573558036966, 2418.5015760455653, 0). Region: 69
	(2296.055711206934, 561.966154274264, 0). Region: 15
initial_delta:  Wolf 2 (55411). Fitness: 0
	(1654.8579373247762, 286.18280829082335, 0). Region: 4
	(3478.4754506791546, 2709.1001783017277, 0). Region: 68 

The alpha wolf has been updated to a position with higher fitness. iter = 2
New alpha wolf:  Wolf 119 (55528). Fitness: 6.57405850724657e-05
	(2345.0086538174414, 1357.9694965042931, 0.0). Region: 35
	(869.5593080324397, 398.66343697691, 0.0). Region: 2
The alpha wolf has been updated to a position with higher fitness. iter = 4
New alpha wolf:  Wolf 2 (55411). Fitness: 6.643259123112709e-05
	(3483.3142368064964, 1932.4925420313466, 0.0). Region: 48
	(1837.6648273533247, 885.5467100771152, 0.0). Region: 24
The alpha wolf has been updated to a position with higher fitness. iter = 5
New alpha wolf:  Wolf 179 (55588). Fitness: 6.712459738978463e-05
	(3447.5686510028995, 1490.990527132532, 0.0). Region: 38
	(1995.1495939418228, 1060.3366256932354, 0.0). Region: 24
iter = 10
Alpha wolf:  Wolf 179 (55588). Fitness: 6.712459738978463e-05
	(3447.5686510028995, 1490.990527132532, 0.0). Region: 38
	(1995.1495939418228, 1060.3366256932354, 0.0). Region: 24
iter = 20
Alpha wolf:  Wolf 179 (55588). Fitness: 6.712459738978463e-05
	(3447.5686510028995, 1490.990527132532, 0.0). Region: 38
	(1995.1495939418228, 1060.3366256932354, 0.0). Region: 24
iter = 30
Alpha wolf:  Wolf 179 (55588). Fitness: 6.712459738978463e-05
	(3447.5686510028995, 1490.990527132532, 0.0). Region: 38
	(1995.1495939418228, 1060.3366256932354, 0.0). Region: 24
iter = 40
Alpha wolf:  Wolf 179 (55588). Fitness: 6.712459738978463e-05
	(3447.5686510028995, 1490.990527132532, 0.0). Region: 38
	(1995.1495939418228, 1060.3366256932354, 0.0). Region: 24
iter = 50
Alpha wolf:  Wolf 179 (55588). Fitness: 6.712459738978463e-05
	(3524.5291798784965, 1203.7965462826785, 0.0). Region: 38
	(1761.0338976086823, 1123.380054900091, 0.0). Region: 24
iter = 60
Alpha wolf:  Wolf 179 (55588). Fitness: 6.712459738978463e-05
	(3524.5291798784965, 1203.7965462826785, 0.0). Region: 38
	(1761.0338976086823, 1123.380054900091, 0.0). Region: 24
iter = 70
Alpha wolf:  Wolf 179 (55588). Fitness: 6.712459738978463e-05
	(3576.8453120084523, 1380.8663855158914, 0.0). Region: 38
	(1844.004284556648, 815.6545534231373, 0.0). Region: 24
iter = 80
Alpha wolf:  Wolf 179 (55588). Fitness: 6.712459738978463e-05
	(3396.9354026307087, 1409.0188916680167, 0.0). Region: 38
	(1744.8259382323479, 983.9529445741751, 0.0). Region: 24
iter = 90
Alpha wolf:  Wolf 179 (55588). Fitness: 6.712459738978463e-05
	(3207.2084505645385, 1510.521709967252, 0.0). Region: 38
	(1813.7469041698798, 1070.3627829865427, 0.0). Region: 24

- Finishing GWO - 

Best solution:  Wolf 179 (55588). Fitness: 6.712459738978463e-05
	(3211.5518654238867, 1448.6776471700298, 0.0). Region: 38
	(1839.9695533339866, 1166.6829602360926, 0.0). Region: 24
Antennas in slice 1:  [24 38 84]

Slice  2
Updating fitness _wolf
--------

Run GWO to deployment +1 antenna on the map
	Pack size:  300
	Wolf dimension 1
	Max iter 100
	antennas_regions:  [24 38 84]
	users_regions:  [ 0  4  5 10 12 13 14 16 19 21 28 33 39 42 44 46 48 49 50 55 59 61 62 64
 65 67 68 74 75 76 77 78 79 80 81 84 85 88 89 91 92 94 95 97 98 99]
	Seed_base:  77580
initial_alpha:  Wolf 71 (77651). Fitness: 6.783318019810221e-05
	(1213.1785872563223, 2553.618029520165, 0). Region: 63
initial_beta:  Wolf 114 (77694). Fitness: 6.783318019810221e-05
	(1258.9631056979438, 2525.439644981833, 0). Region: 63
initial_delta:  Wolf 137 (77717). Fitness: 6.783318019810221e-05
	(1547.985627607154, 2480.8138724193896, 0). Region: 63 

iter = 10
Alpha wolf:  Wolf 71 (77651). Fitness: 6.783318019810221e-05
	(1213.1785872563223, 2553.618029520165, 0). Region: 63
iter = 20
Alpha wolf:  Wolf 71 (77651). Fitness: 6.783318019810221e-05
	(1243.259939229737, 2743.396188976713, 0.0). Region: 63
iter = 30
Alpha wolf:  Wolf 71 (77651). Fitness: 6.783318019810221e-05
	(1243.259939229737, 2743.396188976713, 0.0). Region: 63
iter = 40
Alpha wolf:  Wolf 71 (77651). Fitness: 6.783318019810221e-05
	(1379.8981485990837, 2604.8817078833576, 0.0). Region: 63
iter = 50
Alpha wolf:  Wolf 71 (77651). Fitness: 6.783318019810221e-05
	(1227.7920496799743, 2602.035935719855, 0.0). Region: 63
iter = 60
Alpha wolf:  Wolf 71 (77651). Fitness: 6.783318019810221e-05
	(1366.831566732818, 2674.618012615274, 0.0). Region: 63
iter = 70
Alpha wolf:  Wolf 71 (77651). Fitness: 6.783318019810221e-05
	(1487.3116426989423, 2693.4603198024856, 0.0). Region: 63
iter = 80
Alpha wolf:  Wolf 71 (77651). Fitness: 6.783318019810221e-05
	(1377.2847439451134, 2425.8478151967756, 0.0). Region: 63
iter = 90
Alpha wolf:  Wolf 71 (77651). Fitness: 6.783318019810221e-05
	(1370.8043303713312, 2409.789154923983, 0.0). Region: 63

- Finishing GWO - 

Best solution:  Wolf 71 (77651). Fitness: 6.783318019810221e-05
	(1425.9544910491331, 2650.4930298423787, 0.0). Region: 63
Antennas in slice 2:  [24 38 63 84]

Slice  3
Updating fitness _wolf
--------

Run GWO to deployment +1 antenna on the map
	Pack size:  300
	Wolf dimension 1
	Max iter 100
	antennas_regions:  [24 38 63 84]
	users_regions:  [ 0  1  2  3  9 11 13 14 15 16 18 19 20 23 24 25 27 28 31 34 35 40 41 43
 45 47 48 50 52 53 55 57 58 59 61 62 64 65 68 69 70 74 75 76 78 80 81 82
 83 84 85 86 87 88 90 92 93 96 97 98 99]
	Seed_base:  12915
initial_alpha:  Wolf 106 (13021). Fitness: 6.879800731978321e-05
	(2679.9039817314897, 1318.30787371569, 0). Region: 36
initial_beta:  Wolf 140 (13055). Fitness: 6.879800731978321e-05
	(2565.9990389385507, 1551.1932668880047, 0). Region: 36
initial_delta:  Wolf 15 (12930). Fitness: 6.879800731977773e-05
	(475.918121697315, 2346.458110932084, 0). Region: 51 

iter = 10
Alpha wolf:  Wolf 106 (13021). Fitness: 6.879800731978321e-05
	(2679.9039817314897, 1318.30787371569, 0). Region: 36
iter = 20
Alpha wolf:  Wolf 106 (13021). Fitness: 6.879800731978321e-05
	(2511.519886408644, 1557.7429085187473, 0.0). Region: 36
iter = 30
Alpha wolf:  Wolf 106 (13021). Fitness: 6.879800731978321e-05
	(2511.519886408644, 1557.7429085187473, 0.0). Region: 36
iter = 40
Alpha wolf:  Wolf 106 (13021). Fitness: 6.879800731978321e-05
	(2560.410934535703, 1477.2293881799535, 0.0). Region: 36
iter = 50
Alpha wolf:  Wolf 106 (13021). Fitness: 6.879800731978321e-05
	(2560.410934535703, 1477.2293881799535, 0.0). Region: 36
iter = 60
Alpha wolf:  Wolf 106 (13021). Fitness: 6.879800731978321e-05
	(2489.7394499524053, 1532.862935520282, 0.0). Region: 36
iter = 70
Alpha wolf:  Wolf 106 (13021). Fitness: 6.879800731978321e-05
	(2611.451736700664, 1303.893917773375, 0.0). Region: 36
iter = 80
Alpha wolf:  Wolf 106 (13021). Fitness: 6.879800731978321e-05
	(2601.003609974925, 1310.0846127120064, 0.0). Region: 36
iter = 90
Alpha wolf:  Wolf 106 (13021). Fitness: 6.879800731978321e-05
	(2691.0535788641832, 1333.8715428384712, 0.0). Region: 36

- Finishing GWO - 

Best solution:  Wolf 106 (13021). Fitness: 6.879800731978321e-05
	(2672.602297048442, 1462.9458808464751, 0.0). Region: 36
Antennas in slice 3:  [24 36 38 63 84]

Slice  4
Updating fitness _wolf
--------

Run GWO to deployment +1 antenna on the map
	Pack size:  300
	Wolf dimension 1
	Max iter 100
	antennas_regions:  [24 36 38 63 84]
	users_regions:  [ 0  2  3  5  7 12 13 15 16 19 20 21 22 25 26 27 28 29 32 34 36 37 38 39
 42 43 44 45 47 48 49 50 51 52 53 54 57 58 61 64 65 66 67 68 69 70 73 74
 75 76 77 79 81 82 83 84 85 86 87 88 89 90 91 94 95 97 98 99]
	Seed_base:  28157
initial_alpha:  Wolf 11 (28168). Fitness: 5.616050887762626e-05
	(3096.7664123667023, 2826.31014886684, 0). Region: 77
initial_beta:  Wolf 223 (28380). Fitness: 5.616050887762626e-05
	(3139.9474901063504, 2861.56188540539, 0). Region: 77
initial_delta:  Wolf 34 (28191). Fitness: 5.6160508877616475e-05
	(2418.1903592948033, 2961.722473724173, 0). Region: 76 

iter = 10
Alpha wolf:  Wolf 11 (28168). Fitness: 5.616050887762626e-05
	(3096.7664123667023, 2826.31014886684, 0). Region: 77
iter = 20
Alpha wolf:  Wolf 11 (28168). Fitness: 5.616050887762626e-05
	(3034.2938683333123, 3118.3870748610098, 0.0). Region: 77
iter = 30
Alpha wolf:  Wolf 11 (28168). Fitness: 5.616050887762626e-05
	(3034.2938683333123, 3118.3870748610098, 0.0). Region: 77
iter = 40
Alpha wolf:  Wolf 11 (28168). Fitness: 5.616050887762626e-05
	(3034.2938683333123, 3118.3870748610098, 0.0). Region: 77
iter = 50
Alpha wolf:  Wolf 11 (28168). Fitness: 5.616050887762626e-05
	(3034.2938683333123, 3118.3870748610098, 0.0). Region: 77
iter = 60
Alpha wolf:  Wolf 11 (28168). Fitness: 5.616050887762626e-05
	(2994.2216595383534, 2803.850649960614, 0.0). Region: 77
iter = 70
Alpha wolf:  Wolf 11 (28168). Fitness: 5.616050887762626e-05
	(2994.2216595383534, 2803.850649960614, 0.0). Region: 77
iter = 80
Alpha wolf:  Wolf 11 (28168). Fitness: 5.616050887762626e-05
	(2955.742999205384, 2839.064820300221, 0.0). Region: 77
iter = 90
Alpha wolf:  Wolf 11 (28168). Fitness: 5.616050887762626e-05
	(3057.27272056411, 2865.846853374799, 0.0). Region: 77

- Finishing GWO - 

Best solution:  Wolf 11 (28168). Fitness: 5.616050887762626e-05
	(3098.250485472129, 3071.414262629593, 0.0). Region: 77
Antennas in slice 4:  [24 36 38 63 77 84]

Slice  5
Updating fitness _wolf
--------
The set of antennas serves the scenario in the respective slice(5).

Slice  6
Updating fitness _wolf
--------
The set of antennas serves the scenario in the respective slice(6).

Slice  7
Updating fitness _wolf
--------
The set of antennas serves the scenario in the respective slice(7).

Slice  8
Updating fitness _wolf
--------
The set of antennas serves the scenario in the respective slice(8).

Slice  9
Updating fitness _wolf
--------
The set of antennas serves the scenario in the respective slice(9).

Slice  10
Updating fitness _wolf
--------
The set of antennas serves the scenario in the respective slice(10).

Slice  11
Updating fitness _wolf
--------
The set of antennas serves the scenario in the respective slice(11).

Média de carros: 5.083333333333333
t=0
Antennas: [84]
Users: [65 74 75 76 84 85]
MinSINR:  3.1622776601683795
$x_{0,84}$
	 $y_{0,84,65}$ = 19.904323000537275 dB
	 $y_{0,84,74}$ = 31.216797721499546 dB
	 $y_{0,84,75}$ = 14.188095680808857 dB
	 $y_{0,84,76}$ = 18.998183399837174 dB
	 $y_{0,84,84}$ = 84.52403371282134 dB
	 $y_{0,84,85}$ = 34.4742152415957 dB
		SNR medio:  7.819448029119227
		Usuarios totais: 26
Distances:
t=1
Antennas: [24 38 84]
Users: [ 0  6  9 11 14 21 22 27 30 34 42 46 47 49 52 55 63 64 65 68 73 74 75 78
 84 85 89 99]
MinSINR:  3.1622776601683795
$x_{1,24}$
	 $y_{1,24,0}$ = 8.620353188471 dB
	 $y_{1,24,6}$ = 18.627892889126755 dB
	 $y_{1,24,11}$ = 10.11257751189649 dB
	 $y_{1,24,21}$ = 18.496470768321828 dB
	 $y_{1,24,22}$ = 17.23322660046746 dB
	 $y_{1,24,30}$ = 11.381126146245407 dB
	 $y_{1,24,14}$ = 28.761668878953884 dB
	 $y_{1,24,27}$ = 10.727279369643753 dB
	 $y_{1,24,47}$ = 9.544846525846708 dB
	 $y_{1,24,49}$ = 6.794430657988656 dB
		SNR medio:  14.029987253696191
		Usuarios totais: 10
$x_{1,38}$
	 $y_{1,38,9}$ = 15.863262160570912 dB
	 $y_{1,38,68}$ = 7.26620871339145 dB
	 $y_{1,38,78}$ = 8.654826172283151 dB
		SNR medio:  7.946074261561378
		Usuarios totais: 4
$x_{1,84}$
	 $y_{1,84,64}$ = 13.861718922020088 dB
	 $y_{1,84,65}$ = 19.904323000537275 dB
	 $y_{1,84,73}$ = 19.7561283263518 dB
	 $y_{1,84,74}$ = 31.216797721499546 dB
	 $y_{1,84,84}$ = 84.52403371282134 dB
	 $y_{1,84,89}$ = 5.316006597786327 dB
	 $y_{1,84,99}$ = 7.783132849936123 dB
	 $y_{1,84,42}$ = 6.642880917598944 dB
	 $y_{1,84,52}$ = 5.691164550297174 dB
	 $y_{1,84,63}$ = 17.019211440798884 dB
	 $y_{1,84,85}$ = 34.4742152415957 dB
	 $y_{1,84,34}$ = 6.374524738376934 dB
	 $y_{1,84,46}$ = 12.035023205862728 dB
	 $y_{1,84,55}$ = 9.865433852018356 dB
	 $y_{1,84,75}$ = 14.188095680808857 dB
		SNR medio:  8.018130298841944
		Usuarios totais: 36
Distances:
24 : 38 = 1649.2422502470642
24 : 84 = 2400.0
38 : 84 = 2561.2496949731394
t=2
Antennas: [24 38 63 84]
Users: [ 0  4  5 10 12 13 14 16 19 21 28 33 39 42 44 46 48 49 50 55 59 61 62 64
 65 67 68 74 75 76 77 78 79 80 81 84 85 88 89 91 92 94 95 97 98 99]
MinSINR:  3.1622776601683795
$x_{2,24}$
	 $y_{2,24,0}$ = 8.620353188471 dB
	 $y_{2,24,4}$ = 14.9342715722551 dB
	 $y_{2,24,10}$ = 6.499590023699625 dB
	 $y_{2,24,5}$ = 24.09093147239291 dB
	 $y_{2,24,12}$ = 14.963549798054885 dB
	 $y_{2,24,13}$ = 21.941416530922695 dB
	 $y_{2,24,14}$ = 28.761668878953884 dB
	 $y_{2,24,16}$ = 25.904588210247795 dB
	 $y_{2,24,19}$ = 6.714139597413549 dB
	 $y_{2,24,21}$ = 18.496470768321828 dB
	 $y_{2,24,28}$ = 7.6172418989511925 dB
	 $y_{2,24,33}$ = 23.3580521845809 dB
	 $y_{2,24,39}$ = 5.232276751864276 dB
	 $y_{2,24,49}$ = 6.794430657988656 dB
	 $y_{2,24,61}$ = 6.255794619005229 dB
	 $y_{2,24,42}$ = 11.076574446907813 dB
	 $y_{2,24,44}$ = 18.705962383990396 dB
	 $y_{2,24,46}$ = 15.251281715524556 dB
	 $y_{2,24,55}$ = 10.763778225799086 dB
	 $y_{2,24,67}$ = 12.022630901072546 dB
	 $y_{2,24,75}$ = 9.808066311837237 dB
	 $y_{2,24,76}$ = 11.471122658278603 dB
		SNR medio:  9.976909445049479
		Usuarios totais: 31
$x_{2,38}$
	 $y_{2,38,48}$ = 23.686886897074217 dB
	 $y_{2,38,59}$ = 17.18175456981652 dB
	 $y_{2,38,68}$ = 7.26620871339145 dB
	 $y_{2,38,78}$ = 8.654826172283151 dB
	 $y_{2,38,79}$ = 7.416345118875967 dB
	 $y_{2,38,77}$ = 7.225142644954531 dB
	 $y_{2,38,85}$ = 7.410928876485201 dB
		SNR medio:  8.76023255476456
		Usuarios totais: 9
$x_{2,63}$
	 $y_{2,63,50}$ = 12.441893859192973 dB
	 $y_{2,63,91}$ = 6.029176941629913 dB
	 $y_{2,63,94}$ = 11.478824784670536 dB
	 $y_{2,63,95}$ = 5.544437331999916 dB
		SNR medio:  7.098866583498667
		Usuarios totais: 5
$x_{2,84}$
	 $y_{2,84,80}$ = 8.115749573186832 dB
	 $y_{2,84,88}$ = 7.1502583642567 dB
	 $y_{2,84,89}$ = 5.316006597786327 dB
	 $y_{2,84,97}$ = 9.897457546457957 dB
	 $y_{2,84,98}$ = 8.735206831445282 dB
	 $y_{2,84,99}$ = 7.783132849936123 dB
	 $y_{2,84,62}$ = 13.069196699828609 dB
	 $y_{2,84,64}$ = 13.861718922020088 dB
	 $y_{2,84,65}$ = 19.904323000537275 dB
	 $y_{2,84,74}$ = 31.216797721499546 dB
	 $y_{2,84,81}$ = 13.147285556746297 dB
	 $y_{2,84,84}$ = 84.52403371282134 dB
	 $y_{2,84,92}$ = 14.345761712096106 dB
		SNR medio:  5.926673227215462
		Usuarios totais: 40
Distances:
24 : 38 = 1649.2422502470642
24 : 63 = 1649.2422502470642
24 : 84 = 2400.0
38 : 63 = 2332.38075793812
38 : 84 = 2561.2496949731394
63 : 84 = 894.4271909999159
t=3
Antennas: [24 36 38 63 84]
Users: [ 0  1  2  3  9 11 13 14 15 16 18 19 20 23 24 25 27 28 31 34 35 40 41 43
 45 47 48 50 52 53 55 57 58 59 61 62 64 65 68 69 70 74 75 76 78 80 81 82
 83 84 85 86 87 88 90 92 93 96 97 98 99]
MinSINR:  3.1622776601683795
$x_{3,24}$
	 $y_{3,24,0}$ = 8.620353188471 dB
	 $y_{3,24,2}$ = 17.267217016735458 dB
	 $y_{3,24,11}$ = 10.11257751189649 dB
	 $y_{3,24,40}$ = 8.383686042807227 dB
	 $y_{3,24,1}$ = 5.245076498907139 dB
	 $y_{3,24,3}$ = 16.630855914098817 dB
	 $y_{3,24,41}$ = 9.364373396101712 dB
	 $y_{3,24,52}$ = 7.364682876396728 dB
	 $y_{3,24,24}$ = 88.71466956799264 dB
		SNR medio:  14.3086243344506
		Usuarios totais: 12
$x_{3,36}$
		Usuarios totais: 0
$x_{3,38}$
	 $y_{3,38,68}$ = 7.26620871339145 dB
	 $y_{3,38,9}$ = 15.863262160570912 dB
	 $y_{3,38,18}$ = 17.83187267557858 dB
	 $y_{3,38,48}$ = 23.686886897074217 dB
	 $y_{3,38,59}$ = 17.18175456981652 dB
	 $y_{3,38,69}$ = 11.941496381096755 dB
	 $y_{3,38,78}$ = 8.654826172283151 dB
	 $y_{3,38,14}$ = 7.766263814171765 dB
	 $y_{3,38,15}$ = 6.189778312261836 dB
	 $y_{3,38,16}$ = 15.935337572309649 dB
	 $y_{3,38,19}$ = 18.45006386014019 dB
	 $y_{3,38,27}$ = 28.659315659579477 dB
	 $y_{3,38,28}$ = 33.53425871907821 dB
	 $y_{3,38,57}$ = 11.88119857952961 dB
	 $y_{3,38,58}$ = 21.263011709438274 dB
	 $y_{3,38,47}$ = 22.451529555057988 dB
	 $y_{3,38,55}$ = 14.4820045625531 dB
		SNR medio:  11.321562796557268
		Usuarios totais: 25
$x_{3,63}$
	 $y_{3,63,20}$ = 11.65345750771155 dB
	 $y_{3,63,50}$ = 12.441893859192973 dB
	 $y_{3,63,87}$ = 13.505037921573475 dB
	 $y_{3,63,64}$ = 20.510382032205797 dB
	 $y_{3,63,65}$ = 20.498855539394143 dB
	 $y_{3,63,74}$ = 20.16047260290435 dB
	 $y_{3,63,85}$ = 11.361823859278417 dB
	 $y_{3,63,13}$ = 10.358727674620638 dB
	 $y_{3,63,23}$ = 13.451648499494695 dB
	 $y_{3,63,31}$ = 9.046713355789677 dB
	 $y_{3,63,53}$ = 21.267640439903232 dB
	 $y_{3,63,61}$ = 20.920099246737138 dB
	 $y_{3,63,75}$ = 16.6722846133554 dB
	 $y_{3,63,76}$ = 14.164732170160562 dB
	 $y_{3,63,25}$ = 5.608143462555062 dB
	 $y_{3,63,34}$ = 14.551109378518845 dB
	 $y_{3,63,35}$ = 8.480489962082402 dB
	 $y_{3,63,43}$ = 17.69699245267863 dB
	 $y_{3,63,45}$ = 11.919858582263032 dB
		SNR medio:  6.8567590790105015
		Usuarios totais: 40
$x_{3,84}$
	 $y_{3,84,80}$ = 8.115749573186832 dB
	 $y_{3,84,90}$ = 7.442058167212139 dB
	 $y_{3,84,97}$ = 9.897457546457957 dB
	 $y_{3,84,98}$ = 8.735206831445282 dB
	 $y_{3,84,99}$ = 7.783132849936123 dB
	 $y_{3,84,62}$ = 13.069196699828609 dB
	 $y_{3,84,70}$ = 9.140780419660132 dB
	 $y_{3,84,81}$ = 13.147285556746297 dB
	 $y_{3,84,82}$ = 13.653050510242963 dB
	 $y_{3,84,83}$ = 24.835951678780717 dB
	 $y_{3,84,84}$ = 84.52403371282134 dB
	 $y_{3,84,86}$ = 21.312152247031662 dB
	 $y_{3,84,88}$ = 7.1502583642567 dB
	 $y_{3,84,92}$ = 14.345761712096106 dB
	 $y_{3,84,93}$ = 25.232692894830734 dB
	 $y_{3,84,96}$ = 16.043090518035328 dB
		SNR medio:  7.110696482064223
		Usuarios totais: 40
Distances:
24 : 36 = 894.4271909999159
24 : 38 = 1649.2422502470642
24 : 63 = 1649.2422502470642
24 : 84 = 2400.0
36 : 38 = 800.0
36 : 63 = 1697.0562748477141
36 : 84 = 2154.0659228538016
38 : 63 = 2332.38075793812
38 : 84 = 2561.2496949731394
63 : 84 = 894.4271909999159
t=4
Antennas: [24 36 38 63 77 84]
Users: [ 0  2  3  5  7 12 13 15 16 19 20 21 22 25 26 27 28 29 32 34 36 37 38 39
 42 43 44 45 47 48 49 50 51 52 53 54 57 58 61 64 65 66 67 68 69 70 73 74
 75 76 77 79 81 82 83 84 85 86 87 88 89 90 91 94 95 97 98 99]
MinSINR:  3.1622776601683795
$x_{4,24}$
	 $y_{4,24,0}$ = 8.620353188471 dB
	 $y_{4,24,2}$ = 17.267217016735458 dB
	 $y_{4,24,32}$ = 18.07288239971581 dB
	 $y_{4,24,3}$ = 16.630855914098817 dB
	 $y_{4,24,12}$ = 14.963549798054885 dB
	 $y_{4,24,21}$ = 18.496470768321828 dB
	 $y_{4,24,22}$ = 17.23322660046746 dB
	 $y_{4,24,51}$ = 6.588028030978933 dB
	 $y_{4,24,52}$ = 7.364682876396728 dB
	 $y_{4,24,5}$ = 24.09093147239291 dB
	 $y_{4,24,7}$ = 13.978893005182272 dB
	 $y_{4,24,13}$ = 21.941416530922695 dB
	 $y_{4,24,15}$ = 28.20476480295457 dB
	 $y_{4,24,16}$ = 25.904588210247795 dB
	 $y_{4,24,19}$ = 6.714139597413549 dB
	 $y_{4,24,29}$ = 6.532919385634813 dB
	 $y_{4,24,26}$ = 17.008922972924495 dB
	 $y_{4,24,27}$ = 10.727279369643753 dB
	 $y_{4,24,28}$ = 7.6172418989511925 dB
	 $y_{4,24,37}$ = 12.181251490412649 dB
	 $y_{4,24,39}$ = 5.232276751864276 dB
	 $y_{4,24,49}$ = 6.794430657988656 dB
	 $y_{4,24,53}$ = 8.54526674349762 dB
	 $y_{4,24,57}$ = 15.050226651021646 dB
	 $y_{4,24,61}$ = 6.255794619005229 dB
		SNR medio:  8.550440268832475
		Usuarios totais: 40
$x_{4,36}$
	 $y_{4,36,36}$ = 91.80760916076355 dB
		SNR medio:  91.80760916076355
		Usuarios totais: 1
$x_{4,38}$
	 $y_{4,38,38}$ = 88.79360803356855 dB
	 $y_{4,38,58}$ = 21.263011709438274 dB
		SNR medio:  27.514154935751705
		Usuarios totais: 4
$x_{4,63}$
	 $y_{4,63,20}$ = 11.65345750771155 dB
	 $y_{4,63,50}$ = 12.441893859192973 dB
	 $y_{4,63,85}$ = 11.361823859278417 dB
	 $y_{4,63,75}$ = 16.6722846133554 dB
	 $y_{4,63,76}$ = 14.164732170160562 dB
	 $y_{4,63,25}$ = 5.608143462555062 dB
	 $y_{4,63,34}$ = 14.551109378518845 dB
	 $y_{4,63,43}$ = 17.69699245267863 dB
	 $y_{4,63,44}$ = 19.291556413948868 dB
	 $y_{4,63,45}$ = 11.919858582263032 dB
	 $y_{4,63,47}$ = 8.389400485489432 dB
	 $y_{4,63,54}$ = 20.299978304463195 dB
	 $y_{4,63,67}$ = 14.920950190589352 dB
	 $y_{4,63,77}$ = 8.864267755783615 dB
		SNR medio:  5.524601442234967
		Usuarios totais: 34
$x_{4,77}$
	 $y_{4,77,68}$ = 17.73848023453108 dB
	 $y_{4,77,79}$ = 15.169143361346201 dB
	 $y_{4,77,87}$ = 30.51212305599674 dB
	 $y_{4,77,97}$ = 10.096369851927506 dB
	 $y_{4,77,98}$ = 20.84295291103409 dB
	 $y_{4,77,99}$ = 16.486234620454056 dB
	 $y_{4,77,66}$ = 23.377227601042335 dB
	 $y_{4,77,73}$ = 9.377008483253547 dB
	 $y_{4,77,83}$ = 7.100804724243574 dB
	 $y_{4,77,86}$ = 21.24657175193282 dB
	 $y_{4,77,88}$ = 25.61378727474252 dB
	 $y_{4,77,89}$ = 17.74654289518797 dB
	 $y_{4,77,94}$ = 10.109149952869586 dB
	 $y_{4,77,95}$ = 17.246582708536792 dB
	 $y_{4,77,42}$ = 6.319592486262735 dB
	 $y_{4,77,48}$ = 8.263729843488989 dB
	 $y_{4,77,64}$ = 6.146279468647322 dB
	 $y_{4,77,65}$ = 18.181856978054626 dB
	 $y_{4,77,69}$ = 24.705917697749285 dB
	 $y_{4,77,74}$ = 19.43362282296026 dB
		SNR medio:  8.142849468106549
		Usuarios totais: 40
$x_{4,84}$
	 $y_{4,84,90}$ = 7.442058167212139 dB
	 $y_{4,84,70}$ = 9.140780419660132 dB
	 $y_{4,84,81}$ = 13.147285556746297 dB
	 $y_{4,84,82}$ = 13.653050510242963 dB
	 $y_{4,84,84}$ = 84.52403371282134 dB
	 $y_{4,84,91}$ = 13.127465533577208 dB
		SNR medio:  3.525866847506502
		Usuarios totais: 40
Distances:
24 : 36 = 894.4271909999159
24 : 38 = 1649.2422502470642
24 : 63 = 1649.2422502470642
24 : 77 = 2332.38075793812
24 : 84 = 2400.0
36 : 38 = 800.0
36 : 63 = 1697.0562748477141
36 : 77 = 1649.2422502470642
36 : 84 = 2154.0659228538016
38 : 63 = 2332.38075793812
38 : 77 = 1649.2422502470642
38 : 84 = 2561.2496949731394
63 : 77 = 1649.2422502470642
63 : 84 = 894.4271909999159
77 : 84 = 1264.9110640673518
t=5
Antennas: [24 36 38 63 77 84]
Users: [ 0  1  3  4  5  7  8 11 12 14 15 17 20 21 22 23 25 26 27 29 31 32 33 34
 36 37 38 39 40 41 42 43 44 45 46 47 48 49 50 51 52 53 54 55 56 57 58 60
 62 64 65 66 67 69 70 71 72 74 75 76 77 78 79 80 81 82 84 85 86 87 88 89
 90 91 93 95 96 97 98]
MinSINR:  3.1622776601683795
$x_{5,24}$
	 $y_{5,24,0}$ = 8.620353188471 dB
	 $y_{5,24,11}$ = 10.11257751189649 dB
	 $y_{5,24,32}$ = 18.07288239971581 dB
	 $y_{5,24,40}$ = 8.383686042807227 dB
	 $y_{5,24,1}$ = 5.245076498907139 dB
	 $y_{5,24,3}$ = 16.630855914098817 dB
	 $y_{5,24,4}$ = 14.9342715722551 dB
	 $y_{5,24,12}$ = 14.963549798054885 dB
	 $y_{5,24,21}$ = 18.496470768321828 dB
	 $y_{5,24,22}$ = 17.23322660046746 dB
	 $y_{5,24,41}$ = 9.364373396101712 dB
	 $y_{5,24,51}$ = 6.588028030978933 dB
	 $y_{5,24,60}$ = 8.369512620893488 dB
	 $y_{5,24,5}$ = 24.09093147239291 dB
	 $y_{5,24,7}$ = 13.978893005182272 dB
	 $y_{5,24,8}$ = 7.487248689756058 dB
	 $y_{5,24,14}$ = 28.761668878953884 dB
	 $y_{5,24,15}$ = 28.20476480295457 dB
	 $y_{5,24,17}$ = 9.000045021283483 dB
	 $y_{5,24,23}$ = 23.381110068603505 dB
	 $y_{5,24,29}$ = 6.532919385634813 dB
	 $y_{5,24,31}$ = 8.24009596878895 dB
	 $y_{5,24,25}$ = 30.687246834752628 dB
		SNR medio:  8.434494711781824
		Usuarios totais: 40
$x_{5,36}$
	 $y_{5,36,36}$ = 91.80760916076355 dB
		SNR medio:  91.80760916076355
		Usuarios totais: 1
$x_{5,38}$
	 $y_{5,38,38}$ = 88.79360803356855 dB
	 $y_{5,38,58}$ = 21.263011709438274 dB
	 $y_{5,38,75}$ = 5.518851832987195 dB
	 $y_{5,38,34}$ = 10.141271774115921 dB
	 $y_{5,38,43}$ = 8.681612747202365 dB
	 $y_{5,38,44}$ = 10.572921379989936 dB
	 $y_{5,38,45}$ = 13.065791336960046 dB
	 $y_{5,38,46}$ = 17.847186381677105 dB
	 $y_{5,38,47}$ = 22.451529555057988 dB
	 $y_{5,38,54}$ = 6.7138655308665705 dB
	 $y_{5,38,55}$ = 14.4820045625531 dB
	 $y_{5,38,56}$ = 16.492539416180975 dB
	 $y_{5,38,67}$ = 7.683392360740513 dB
	 $y_{5,38,77}$ = 7.225142644954531 dB
		SNR medio:  8.65285273332045
		Usuarios totais: 29
$x_{5,63}$
	 $y_{5,63,20}$ = 11.65345750771155 dB
	 $y_{5,63,50}$ = 12.441893859192973 dB
	 $y_{5,63,62}$ = 30.087188325437225 dB
	 $y_{5,63,70}$ = 8.398410875983757 dB
	 $y_{5,63,81}$ = 15.182659552992362 dB
	 $y_{5,63,82}$ = 16.790030477738668 dB
	 $y_{5,63,87}$ = 13.505037921573475 dB
	 $y_{5,63,93}$ = 10.531798631191378 dB
	 $y_{5,63,95}$ = 5.544437331999916 dB
	 $y_{5,63,96}$ = 17.097342932103203 dB
	 $y_{5,63,42}$ = 14.20702926650631 dB
	 $y_{5,63,64}$ = 20.510382032205797 dB
	 $y_{5,63,65}$ = 20.498855539394143 dB
	 $y_{5,63,74}$ = 20.16047260290435 dB
	 $y_{5,63,76}$ = 14.164732170160562 dB
		SNR medio:  5.7693432256773916
		Usuarios totais: 40
$x_{5,77}$
	 $y_{5,77,79}$ = 15.169143361346201 dB
	 $y_{5,77,48}$ = 8.263729843488989 dB
	 $y_{5,77,69}$ = 24.705917697749285 dB
	 $y_{5,77,78}$ = 26.431457583335273 dB
	 $y_{5,77,88}$ = 25.61378727474252 dB
	 $y_{5,77,89}$ = 17.74654289518797 dB
	 $y_{5,77,85}$ = 10.902222477148086 dB
	 $y_{5,77,26}$ = 8.516419679314282 dB
	 $y_{5,77,27}$ = 12.267773228662037 dB
	 $y_{5,77,33}$ = 7.1564950842076485 dB
	 $y_{5,77,37}$ = 13.127588647056143 dB
	 $y_{5,77,39}$ = 13.494739396696389 dB
	 $y_{5,77,49}$ = 7.4479602043205375 dB
	 $y_{5,77,53}$ = 6.379288834700134 dB
	 $y_{5,77,57}$ = 15.339263871885365 dB
		SNR medio:  5.3140582519960216
		Usuarios totais: 40
$x_{5,84}$
	 $y_{5,84,80}$ = 8.115749573186832 dB
	 $y_{5,84,90}$ = 7.442058167212139 dB
	 $y_{5,84,84}$ = 84.52403371282134 dB
	 $y_{5,84,91}$ = 13.127465533577208 dB
	 $y_{5,84,97}$ = 9.897457546457957 dB
	 $y_{5,84,98}$ = 8.735206831445282 dB
	 $y_{5,84,52}$ = 5.691164550297174 dB
	 $y_{5,84,66}$ = 17.497297754570525 dB
	 $y_{5,84,71}$ = 10.038499443381482 dB
	 $y_{5,84,72}$ = 9.52375301210779 dB
	 $y_{5,84,86}$ = 21.312152247031662 dB
		SNR medio:  4.897620959302235
		Usuarios totais: 40
Distances:
24 : 36 = 894.4271909999159
24 : 38 = 1649.2422502470642
24 : 63 = 1649.2422502470642
24 : 77 = 2332.38075793812
24 : 84 = 2400.0
36 : 38 = 800.0
36 : 63 = 1697.0562748477141
36 : 77 = 1649.2422502470642
36 : 84 = 2154.0659228538016
38 : 63 = 2332.38075793812
38 : 77 = 1649.2422502470642
38 : 84 = 2561.2496949731394
63 : 77 = 1649.2422502470642
63 : 84 = 894.4271909999159
77 : 84 = 1264.9110640673518
t=6
Antennas: [24 36 38 63 77 84]
Users: [ 0  2  4  5  6  7  8  9 10 11 12 13 14 15 18 19 20 21 23 25 28 30 31 32
 33 34 35 36 37 38 39 40 41 42 43 44 46 47 48 49 50 51 52 53 54 55 56 57
 58 59 60 61 62 63 66 68 70 72 74 76 77 80 81 82 85 87 88 89 90 91 92 93
 94 95 97 98 99]
MinSINR:  3.1622776601683795
$x_{6,24}$
	 $y_{6,24,0}$ = 8.620353188471 dB
	 $y_{6,24,2}$ = 17.267217016735458 dB
	 $y_{6,24,11}$ = 10.11257751189649 dB
	 $y_{6,24,32}$ = 18.07288239971581 dB
	 $y_{6,24,40}$ = 8.383686042807227 dB
	 $y_{6,24,4}$ = 14.9342715722551 dB
	 $y_{6,24,6}$ = 18.627892889126755 dB
	 $y_{6,24,10}$ = 6.499590023699625 dB
	 $y_{6,24,12}$ = 14.963549798054885 dB
	 $y_{6,24,21}$ = 18.496470768321828 dB
	 $y_{6,24,30}$ = 11.381126146245407 dB
	 $y_{6,24,41}$ = 9.364373396101712 dB
	 $y_{6,24,51}$ = 6.588028030978933 dB
	 $y_{6,24,60}$ = 8.369512620893488 dB
	 $y_{6,24,5}$ = 24.09093147239291 dB
	 $y_{6,24,7}$ = 13.978893005182272 dB
	 $y_{6,24,8}$ = 7.487248689756058 dB
	 $y_{6,24,13}$ = 21.941416530922695 dB
	 $y_{6,24,14}$ = 28.761668878953884 dB
	 $y_{6,24,15}$ = 28.20476480295457 dB
	 $y_{6,24,23}$ = 23.381110068603505 dB
		SNR medio:  7.98818912135174
		Usuarios totais: 40
$x_{6,36}$
	 $y_{6,36,36}$ = 91.80760916076355 dB
	 $y_{6,36,61}$ = 9.975121523212792 dB
		SNR medio:  20.356546136795266
		Usuarios totais: 5
$x_{6,38}$
	 $y_{6,38,9}$ = 15.863262160570912 dB
	 $y_{6,38,68}$ = 7.26620871339145 dB
	 $y_{6,38,18}$ = 17.83187267557858 dB
	 $y_{6,38,19}$ = 18.45006386014019 dB
	 $y_{6,38,28}$ = 33.53425871907821 dB
	 $y_{6,38,37}$ = 27.95479552983855 dB
	 $y_{6,38,39}$ = 29.659215739095472 dB
	 $y_{6,38,47}$ = 22.451529555057988 dB
	 $y_{6,38,48}$ = 23.686886897074217 dB
	 $y_{6,38,49}$ = 27.370568025384713 dB
	 $y_{6,38,57}$ = 11.88119857952961 dB
	 $y_{6,38,58}$ = 21.263011709438274 dB
	 $y_{6,38,59}$ = 17.18175456981652 dB
	 $y_{6,38,76}$ = 8.521631691897085 dB
	 $y_{6,38,85}$ = 7.410928876485201 dB
	 $y_{6,38,34}$ = 10.141271774115921 dB
	 $y_{6,38,38}$ = 88.79360803356855 dB
	 $y_{6,38,43}$ = 8.681612747202365 dB
		SNR medio:  9.948591996431594
		Usuarios totais: 40
$x_{6,63}$
	 $y_{6,63,20}$ = 11.65345750771155 dB
	 $y_{6,63,50}$ = 12.441893859192973 dB
	 $y_{6,63,62}$ = 30.087188325437225 dB
	 $y_{6,63,70}$ = 8.398410875983757 dB
	 $y_{6,63,81}$ = 15.182659552992362 dB
	 $y_{6,63,82}$ = 16.790030477738668 dB
	 $y_{6,63,87}$ = 13.505037921573475 dB
	 $y_{6,63,91}$ = 6.029176941629913 dB
	 $y_{6,63,92}$ = 11.46677922086181 dB
	 $y_{6,63,31}$ = 9.046713355789677 dB
	 $y_{6,63,52}$ = 28.546240529927417 dB
	 $y_{6,63,72}$ = 27.020902505621407 dB
	 $y_{6,63,33}$ = 17.14171040050263 dB
	 $y_{6,63,35}$ = 8.480489962082402 dB
	 $y_{6,63,42}$ = 14.20702926650631 dB
		SNR medio:  5.749943017588789
		Usuarios totais: 40
$x_{6,77}$
	 $y_{6,77,77}$ = 84.24167781524127 dB
		SNR medio:  28.08055927174709
		Usuarios totais: 3
$x_{6,84}$
	 $y_{6,84,80}$ = 8.115749573186832 dB
	 $y_{6,84,90}$ = 7.442058167212139 dB
	 $y_{6,84,97}$ = 9.897457546457957 dB
	 $y_{6,84,98}$ = 8.735206831445282 dB
	 $y_{6,84,99}$ = 7.783132849936123 dB
	 $y_{6,84,63}$ = 17.019211440798884 dB
	 $y_{6,84,93}$ = 25.232692894830734 dB
	 $y_{6,84,94}$ = 31.00093135595344 dB
	 $y_{6,84,95}$ = 20.253088374319148 dB
	 $y_{6,84,25}$ = 5.288088670467033 dB
	 $y_{6,84,53}$ = 12.445276696794508 dB
	 $y_{6,84,66}$ = 17.497297754570525 dB
	 $y_{6,84,74}$ = 31.216797721499546 dB
	 $y_{6,84,88}$ = 7.1502583642567 dB
	 $y_{6,84,89}$ = 5.316006597786327 dB
	 $y_{6,84,44}$ = 5.512790258548733 dB
	 $y_{6,84,46}$ = 12.035023205862728 dB
	 $y_{6,84,54}$ = 5.725314600418356 dB
	 $y_{6,84,55}$ = 9.865433852018356 dB
	 $y_{6,84,56}$ = 14.954038361560023 dB
		SNR medio:  8.202682972435106
		Usuarios totais: 32
Distances:
24 : 36 = 894.4271909999159
24 : 38 = 1649.2422502470642
24 : 63 = 1649.2422502470642
24 : 77 = 2332.38075793812
24 : 84 = 2400.0
36 : 38 = 800.0
36 : 63 = 1697.0562748477141
36 : 77 = 1649.2422502470642
36 : 84 = 2154.0659228538016
38 : 63 = 2332.38075793812
38 : 77 = 1649.2422502470642
38 : 84 = 2561.2496949731394
63 : 77 = 1649.2422502470642
63 : 84 = 894.4271909999159
77 : 84 = 1264.9110640673518
t=7
Antennas: [24 36 38 63 77 84]
Users: [ 0  1  2  3  6  7  8 10 12 13 15 16 17 18 19 22 23 24 25 26 27 30 31 32
 33 34 35 36 37 38 39 42 43 44 45 46 48 50 51 52 53 55 57 59 60 61 62 63
 66 67 69 70 71 72 73 75 76 77 78 79 81 84 85 87 88 89 93 96 97]
MinSINR:  3.1622776601683795
$x_{7,24}$
	 $y_{7,24,0}$ = 8.620353188471 dB
	 $y_{7,24,2}$ = 17.267217016735458 dB
	 $y_{7,24,32}$ = 18.07288239971581 dB
	 $y_{7,24,1}$ = 5.245076498907139 dB
	 $y_{7,24,3}$ = 16.630855914098817 dB
	 $y_{7,24,6}$ = 18.627892889126755 dB
	 $y_{7,24,10}$ = 6.499590023699625 dB
	 $y_{7,24,12}$ = 14.963549798054885 dB
	 $y_{7,24,22}$ = 17.23322660046746 dB
	 $y_{7,24,30}$ = 11.381126146245407 dB
	 $y_{7,24,51}$ = 6.588028030978933 dB
	 $y_{7,24,60}$ = 8.369512620893488 dB
	 $y_{7,24,7}$ = 13.978893005182272 dB
	 $y_{7,24,8}$ = 7.487248689756058 dB
	 $y_{7,24,13}$ = 21.941416530922695 dB
	 $y_{7,24,15}$ = 28.20476480295457 dB
	 $y_{7,24,16}$ = 25.904588210247795 dB
	 $y_{7,24,17}$ = 9.000045021283483 dB
	 $y_{7,24,19}$ = 6.714139597413549 dB
	 $y_{7,24,23}$ = 23.381110068603505 dB
	 $y_{7,24,24}$ = 88.71466956799264 dB
	 $y_{7,24,31}$ = 8.24009596878895 dB
		SNR medio:  9.57665706476351
		Usuarios totais: 40
$x_{7,36}$
	 $y_{7,36,36}$ = 91.80760916076355 dB
	 $y_{7,36,45}$ = 15.539765287251214 dB
	 $y_{7,36,46}$ = 19.789925013510185 dB
	 $y_{7,36,55}$ = 16.71990525926742 dB
	 $y_{7,36,67}$ = 10.648607128387624 dB
	 $y_{7,36,77}$ = 8.610082022875133 dB
		SNR medio:  14.828717624732285
		Usuarios totais: 11
$x_{7,38}$
	 $y_{7,38,38}$ = 88.79360803356855 dB
		SNR medio:  88.79360803356855
		Usuarios totais: 1
$x_{7,63}$
	 $y_{7,63,50}$ = 12.441893859192973 dB
	 $y_{7,63,62}$ = 30.087188325437225 dB
	 $y_{7,63,70}$ = 8.398410875983757 dB
	 $y_{7,63,81}$ = 15.182659552992362 dB
	 $y_{7,63,87}$ = 13.505037921573475 dB
	 $y_{7,63,52}$ = 28.546240529927417 dB
	 $y_{7,63,71}$ = 13.61938226398351 dB
	 $y_{7,63,72}$ = 27.020902505621407 dB
	 $y_{7,63,33}$ = 17.14171040050263 dB
	 $y_{7,63,35}$ = 8.480489962082402 dB
	 $y_{7,63,42}$ = 14.20702926650631 dB
	 $y_{7,63,61}$ = 20.920099246737138 dB
	 $y_{7,63,63}$ = 93.77839269470692 dB
	 $y_{7,63,73}$ = 34.64465317983264 dB
	 $y_{7,63,93}$ = 10.531798631191378 dB
	 $y_{7,63,96}$ = 17.097342932103203 dB
	 $y_{7,63,25}$ = 5.608143462555062 dB
	 $y_{7,63,53}$ = 21.267640439903232 dB
	 $y_{7,63,75}$ = 16.6722846133554 dB
	 $y_{7,63,76}$ = 14.164732170160562 dB
		SNR medio:  10.582900820858724
		Usuarios totais: 40
$x_{7,77}$
	 $y_{7,77,79}$ = 15.169143361346201 dB
	 $y_{7,77,97}$ = 10.096369851927506 dB
	 $y_{7,77,18}$ = 8.983059660956656 dB
	 $y_{7,77,27}$ = 12.267773228662037 dB
	 $y_{7,77,37}$ = 13.127588647056143 dB
	 $y_{7,77,39}$ = 13.494739396696389 dB
	 $y_{7,77,48}$ = 8.263729843488989 dB
	 $y_{7,77,57}$ = 15.339263871885365 dB
	 $y_{7,77,59}$ = 18.724499904839604 dB
	 $y_{7,77,66}$ = 23.377227601042335 dB
	 $y_{7,77,69}$ = 24.705917697749285 dB
	 $y_{7,77,78}$ = 26.431457583335273 dB
	 $y_{7,77,88}$ = 25.61378727474252 dB
	 $y_{7,77,89}$ = 17.74654289518797 dB
	 $y_{7,77,26}$ = 8.516419679314282 dB
	 $y_{7,77,85}$ = 10.902222477148086 dB
	 $y_{7,77,34}$ = 6.100103717762721 dB
	 $y_{7,77,43}$ = 5.602558737522941 dB
	 $y_{7,77,44}$ = 14.991065357953474 dB
		SNR medio:  6.986336769715443
		Usuarios totais: 40
$x_{7,84}$
	 $y_{7,84,84}$ = 84.52403371282134 dB
		SNR medio:  84.52403371282134
		Usuarios totais: 1
Distances:
24 : 36 = 894.4271909999159
24 : 38 = 1649.2422502470642
24 : 63 = 1649.2422502470642
24 : 77 = 2332.38075793812
24 : 84 = 2400.0
36 : 38 = 800.0
36 : 63 = 1697.0562748477141
36 : 77 = 1649.2422502470642
36 : 84 = 2154.0659228538016
38 : 63 = 2332.38075793812
38 : 77 = 1649.2422502470642
38 : 84 = 2561.2496949731394
63 : 77 = 1649.2422502470642
63 : 84 = 894.4271909999159
77 : 84 = 1264.9110640673518
t=8
Antennas: [24 36 38 63 77 84]
Users: [ 1  3  4  5  7  8  9 10 12 13 17 18 20 21 22 24 27 31 32 33 36 37 38 48
 50 51 52 53 54 55 56 58 59 60 61 63 64 66 68 71 73 77 78 79 80 82 83 84
 85 86 87 88 89 91 92 93 94 96 97 99]
MinSINR:  3.1622776601683795
$x_{8,24}$
	 $y_{8,24,32}$ = 18.07288239971581 dB
	 $y_{8,24,1}$ = 5.245076498907139 dB
	 $y_{8,24,3}$ = 16.630855914098817 dB
	 $y_{8,24,4}$ = 14.9342715722551 dB
	 $y_{8,24,10}$ = 6.499590023699625 dB
	 $y_{8,24,12}$ = 14.963549798054885 dB
	 $y_{8,24,21}$ = 18.496470768321828 dB
	 $y_{8,24,22}$ = 17.23322660046746 dB
	 $y_{8,24,51}$ = 6.588028030978933 dB
	 $y_{8,24,60}$ = 8.369512620893488 dB
	 $y_{8,24,5}$ = 24.09093147239291 dB
	 $y_{8,24,7}$ = 13.978893005182272 dB
	 $y_{8,24,8}$ = 7.487248689756058 dB
	 $y_{8,24,13}$ = 21.941416530922695 dB
	 $y_{8,24,17}$ = 9.000045021283483 dB
	 $y_{8,24,24}$ = 88.71466956799264 dB
	 $y_{8,24,31}$ = 8.24009596878895 dB
	 $y_{8,24,52}$ = 7.364682876396728 dB
	 $y_{8,24,71}$ = 5.561816822208698 dB
	 $y_{8,24,27}$ = 10.727279369643753 dB
	 $y_{8,24,33}$ = 23.3580521845809 dB
	 $y_{8,24,37}$ = 12.181251490412649 dB
	 $y_{8,24,53}$ = 8.54526674349762 dB
		SNR medio:  9.205627849261312
		Usuarios totais: 40
$x_{8,36}$
	 $y_{8,36,36}$ = 91.80760916076355 dB
		SNR medio:  91.80760916076355
		Usuarios totais: 1
$x_{8,38}$
	 $y_{8,38,9}$ = 15.863262160570912 dB
	 $y_{8,38,68}$ = 7.26620871339145 dB
	 $y_{8,38,79}$ = 7.416345118875967 dB
	 $y_{8,38,18}$ = 17.83187267557858 dB
	 $y_{8,38,48}$ = 23.686886897074217 dB
	 $y_{8,38,59}$ = 17.18175456981652 dB
	 $y_{8,38,78}$ = 8.654826172283151 dB
	 $y_{8,38,38}$ = 88.79360803356855 dB
	 $y_{8,38,58}$ = 21.263011709438274 dB
		SNR medio:  12.99736100316235
		Usuarios totais: 16
$x_{8,63}$
	 $y_{8,63,20}$ = 11.65345750771155 dB
	 $y_{8,63,50}$ = 12.441893859192973 dB
	 $y_{8,63,82}$ = 16.790030477738668 dB
	 $y_{8,63,87}$ = 13.505037921573475 dB
	 $y_{8,63,91}$ = 6.029176941629913 dB
	 $y_{8,63,92}$ = 11.46677922086181 dB
	 $y_{8,63,73}$ = 34.64465317983264 dB
	 $y_{8,63,83}$ = 10.751869163198762 dB
	 $y_{8,63,86}$ = 14.936932782109878 dB
	 $y_{8,63,93}$ = 10.531798631191378 dB
	 $y_{8,63,94}$ = 11.478824784670536 dB
	 $y_{8,63,96}$ = 17.097342932103203 dB
	 $y_{8,63,61}$ = 20.920099246737138 dB
	 $y_{8,63,63}$ = 93.77839269470692 dB
	 $y_{8,63,64}$ = 20.510382032205797 dB
	 $y_{8,63,85}$ = 11.361823859278417 dB
	 $y_{8,63,54}$ = 20.299978304463195 dB
	 $y_{8,63,55}$ = 12.025828189330497 dB
	 $y_{8,63,56}$ = 10.9932127556946 dB
		SNR medio:  10.945985287400948
		Usuarios totais: 33
$x_{8,77}$
	 $y_{8,77,77}$ = 84.24167781524127 dB
		SNR medio:  42.12083890762064
		Usuarios totais: 2
$x_{8,84}$
	 $y_{8,84,80}$ = 8.115749573186832 dB
	 $y_{8,84,84}$ = 84.52403371282134 dB
	 $y_{8,84,97}$ = 9.897457546457957 dB
	 $y_{8,84,99}$ = 7.783132849936123 dB
	 $y_{8,84,66}$ = 17.497297754570525 dB
	 $y_{8,84,88}$ = 7.1502583642567 dB
	 $y_{8,84,89}$ = 5.316006597786327 dB
		SNR medio:  10.791072030693524
		Usuarios totais: 13
Distances:
24 : 36 = 894.4271909999159
24 : 38 = 1649.2422502470642
24 : 63 = 1649.2422502470642
24 : 77 = 2332.38075793812
24 : 84 = 2400.0
36 : 38 = 800.0
36 : 63 = 1697.0562748477141
36 : 77 = 1649.2422502470642
36 : 84 = 2154.0659228538016
38 : 63 = 2332.38075793812
38 : 77 = 1649.2422502470642
38 : 84 = 2561.2496949731394
63 : 77 = 1649.2422502470642
63 : 84 = 894.4271909999159
77 : 84 = 1264.9110640673518
t=9
Antennas: [24 36 38 63 77 84]
Users: [ 0  5  7  9 11 14 16 17 18 19 23 26 27 28 29 30 32 33 34 37 38 39 40 42
 43 44 45 46 47 48 49 50 51 55 56 59 61 62 66 67 68 70 73 75 78 79 80 81
 82 83 86 88 90 92 97]
MinSINR:  3.1622776601683795
$x_{9,24}$
	 $y_{9,24,0}$ = 8.620353188471 dB
	 $y_{9,24,11}$ = 10.11257751189649 dB
	 $y_{9,24,32}$ = 18.07288239971581 dB
	 $y_{9,24,40}$ = 8.383686042807227 dB
	 $y_{9,24,30}$ = 11.381126146245407 dB
	 $y_{9,24,51}$ = 6.588028030978933 dB
	 $y_{9,24,5}$ = 24.09093147239291 dB
	 $y_{9,24,7}$ = 13.978893005182272 dB
	 $y_{9,24,14}$ = 28.761668878953884 dB
	 $y_{9,24,16}$ = 25.904588210247795 dB
	 $y_{9,24,17}$ = 9.000045021283483 dB
	 $y_{9,24,19}$ = 6.714139597413549 dB
	 $y_{9,24,23}$ = 23.381110068603505 dB
	 $y_{9,24,29}$ = 6.532919385634813 dB
	 $y_{9,24,27}$ = 10.727279369643753 dB
	 $y_{9,24,28}$ = 7.6172418989511925 dB
	 $y_{9,24,33}$ = 23.3580521845809 dB
	 $y_{9,24,37}$ = 12.181251490412649 dB
	 $y_{9,24,39}$ = 5.232276751864276 dB
	 $y_{9,24,42}$ = 11.076574446907813 dB
	 $y_{9,24,49}$ = 6.794430657988656 dB
	 $y_{9,24,61}$ = 6.255794619005229 dB
	 $y_{9,24,26}$ = 17.008922972924495 dB
	 $y_{9,24,47}$ = 9.544846525846708 dB
	 $y_{9,24,75}$ = 9.808066311837237 dB
	 $y_{9,24,34}$ = 41.722191219770295 dB
	 $y_{9,24,43}$ = 21.149183975370292 dB
		SNR medio:  9.599976534623265
		Usuarios totais: 40
$x_{9,36}$
		Usuarios totais: 0
$x_{9,38}$
	 $y_{9,38,9}$ = 15.863262160570912 dB
	 $y_{9,38,68}$ = 7.26620871339145 dB
	 $y_{9,38,79}$ = 7.416345118875967 dB
	 $y_{9,38,18}$ = 17.83187267557858 dB
	 $y_{9,38,48}$ = 23.686886897074217 dB
	 $y_{9,38,59}$ = 17.18175456981652 dB
	 $y_{9,38,78}$ = 8.654826172283151 dB
	 $y_{9,38,38}$ = 88.79360803356855 dB
		SNR medio:  20.74386270457326
		Usuarios totais: 9
$x_{9,63}$
	 $y_{9,63,50}$ = 12.441893859192973 dB
		SNR medio:  12.441893859192973
		Usuarios totais: 1
$x_{9,77}$
		Usuarios totais: 0
$x_{9,84}$
	 $y_{9,84,80}$ = 8.115749573186832 dB
	 $y_{9,84,90}$ = 7.442058167212139 dB
	 $y_{9,84,62}$ = 13.069196699828609 dB
	 $y_{9,84,70}$ = 9.140780419660132 dB
	 $y_{9,84,81}$ = 13.147285556746297 dB
	 $y_{9,84,82}$ = 13.653050510242963 dB
	 $y_{9,84,92}$ = 14.345761712096106 dB
	 $y_{9,84,97}$ = 9.897457546457957 dB
	 $y_{9,84,66}$ = 17.497297754570525 dB
	 $y_{9,84,73}$ = 19.7561283263518 dB
	 $y_{9,84,83}$ = 24.835951678780717 dB
	 $y_{9,84,86}$ = 21.312152247031662 dB
	 $y_{9,84,88}$ = 7.1502583642567 dB
	 $y_{9,84,44}$ = 5.512790258548733 dB
	 $y_{9,84,45}$ = 7.386670813829966 dB
	 $y_{9,84,46}$ = 12.035023205862728 dB
	 $y_{9,84,55}$ = 9.865433852018356 dB
	 $y_{9,84,56}$ = 14.954038361560023 dB
	 $y_{9,84,67}$ = 9.50576250074414 dB
		SNR medio:  9.17780182880717
		Usuarios totais: 26
Distances:
24 : 36 = 894.4271909999159
24 : 38 = 1649.2422502470642
24 : 63 = 1649.2422502470642
24 : 77 = 2332.38075793812
24 : 84 = 2400.0
36 : 38 = 800.0
36 : 63 = 1697.0562748477141
36 : 77 = 1649.2422502470642
36 : 84 = 2154.0659228538016
38 : 63 = 2332.38075793812
38 : 77 = 1649.2422502470642
38 : 84 = 2561.2496949731394
63 : 77 = 1649.2422502470642
63 : 84 = 894.4271909999159
77 : 84 = 1264.9110640673518
t=10
Antennas: [24 36 38 63 77 84]
Users: [ 0  1  5  7  8  9 10 11 12 14 15 18 21 22 24 25 32 33 35 36 39 40 48 51
 54 55 56 63 65 66 69 70 71 72 73 74 83 85 90 92 94 95 96 97]
MinSINR:  3.1622776601683795
$x_{10,24}$
	 $y_{10,24,0}$ = 8.620353188471 dB
	 $y_{10,24,11}$ = 10.11257751189649 dB
	 $y_{10,24,32}$ = 18.07288239971581 dB
	 $y_{10,24,40}$ = 8.383686042807227 dB
	 $y_{10,24,1}$ = 5.245076498907139 dB
	 $y_{10,24,10}$ = 6.499590023699625 dB
	 $y_{10,24,12}$ = 14.963549798054885 dB
	 $y_{10,24,21}$ = 18.496470768321828 dB
	 $y_{10,24,22}$ = 17.23322660046746 dB
	 $y_{10,24,51}$ = 6.588028030978933 dB
	 $y_{10,24,5}$ = 24.09093147239291 dB
	 $y_{10,24,7}$ = 13.978893005182272 dB
	 $y_{10,24,8}$ = 7.487248689756058 dB
	 $y_{10,24,14}$ = 28.761668878953884 dB
	 $y_{10,24,15}$ = 28.20476480295457 dB
	 $y_{10,24,24}$ = 88.71466956799264 dB
	 $y_{10,24,71}$ = 5.561816822208698 dB
	 $y_{10,24,72}$ = 5.314213962839915 dB
	 $y_{10,24,33}$ = 23.3580521845809 dB
	 $y_{10,24,35}$ = 18.13047857115538 dB
	 $y_{10,24,39}$ = 5.232276751864276 dB
	 $y_{10,24,25}$ = 30.687246834752628 dB
	 $y_{10,24,54}$ = 10.47740578317898 dB
	 $y_{10,24,55}$ = 10.763778225799086 dB
	 $y_{10,24,56}$ = 5.931508753818747 dB
		SNR medio:  13.15344984908598
		Usuarios totais: 32
$x_{10,36}$
	 $y_{10,36,36}$ = 91.80760916076355 dB
		SNR medio:  91.80760916076355
		Usuarios totais: 1
$x_{10,38}$
	 $y_{10,38,9}$ = 15.863262160570912 dB
	 $y_{10,38,18}$ = 17.83187267557858 dB
	 $y_{10,38,48}$ = 23.686886897074217 dB
	 $y_{10,38,69}$ = 11.941496381096755 dB
		SNR medio:  17.330879528580116
		Usuarios totais: 4
$x_{10,63}$
	 $y_{10,63,63}$ = 93.77839269470692 dB
		SNR medio:  93.77839269470692
		Usuarios totais: 1
$x_{10,77}$
		Usuarios totais: 0
$x_{10,84}$
	 $y_{10,84,90}$ = 7.442058167212139 dB
	 $y_{10,84,70}$ = 9.140780419660132 dB
	 $y_{10,84,92}$ = 14.345761712096106 dB
	 $y_{10,84,97}$ = 9.897457546457957 dB
	 $y_{10,84,66}$ = 17.497297754570525 dB
	 $y_{10,84,73}$ = 19.7561283263518 dB
	 $y_{10,84,83}$ = 24.835951678780717 dB
	 $y_{10,84,94}$ = 31.00093135595344 dB
	 $y_{10,84,95}$ = 20.253088374319148 dB
	 $y_{10,84,96}$ = 16.043090518035328 dB
	 $y_{10,84,65}$ = 19.904323000537275 dB
	 $y_{10,84,74}$ = 31.216797721499546 dB
	 $y_{10,84,85}$ = 34.4742152415957 dB
		SNR medio:  17.053858787804653
		Usuarios totais: 15
Distances:
24 : 36 = 894.4271909999159
24 : 38 = 1649.2422502470642
24 : 63 = 1649.2422502470642
24 : 77 = 2332.38075793812
24 : 84 = 2400.0
36 : 38 = 800.0
36 : 63 = 1697.0562748477141
36 : 77 = 1649.2422502470642
36 : 84 = 2154.0659228538016
38 : 63 = 2332.38075793812
38 : 77 = 1649.2422502470642
38 : 84 = 2561.2496949731394
63 : 77 = 1649.2422502470642
63 : 84 = 894.4271909999159
77 : 84 = 1264.9110640673518
t=11
Antennas: [24 36 38 63 77 84]
Users: [ 2 14 16 28 44 53 64 65 66 68 69 70 74 88 98]
MinSINR:  3.1622776601683795
$x_{11,24}$
	 $y_{11,24,2}$ = 17.267217016735458 dB
	 $y_{11,24,14}$ = 28.761668878953884 dB
	 $y_{11,24,16}$ = 25.904588210247795 dB
	 $y_{11,24,28}$ = 7.6172418989511925 dB
		SNR medio:  11.364388000698332
		Usuarios totais: 7
$x_{11,36}$
		Usuarios totais: 0
$x_{11,38}$
		Usuarios totais: 0
$x_{11,63}$
		Usuarios totais: 0
$x_{11,77}$
	 $y_{11,77,68}$ = 17.73848023453108 dB
	 $y_{11,77,98}$ = 20.84295291103409 dB
	 $y_{11,77,66}$ = 23.377227601042335 dB
	 $y_{11,77,69}$ = 24.705917697749285 dB
	 $y_{11,77,88}$ = 25.61378727474252 dB
	 $y_{11,77,64}$ = 6.146279468647322 dB
	 $y_{11,77,65}$ = 18.181856978054626 dB
	 $y_{11,77,74}$ = 19.43362282296026 dB
	 $y_{11,77,53}$ = 6.379288834700134 dB
	 $y_{11,77,44}$ = 14.991065357953474 dB
		SNR medio:  16.12822538012865
		Usuarios totais: 11
$x_{11,84}$
	 $y_{11,84,70}$ = 9.140780419660132 dB
		SNR medio:  9.140780419660132
		Usuarios totais: 1
Distances:
24 : 36 = 894.4271909999159
24 : 38 = 1649.2422502470642
24 : 63 = 1649.2422502470642
24 : 77 = 2332.38075793812
24 : 84 = 2400.0
36 : 38 = 800.0
36 : 63 = 1697.0562748477141
36 : 77 = 1649.2422502470642
36 : 84 = 2154.0659228538016
38 : 63 = 2332.38075793812
38 : 77 = 1649.2422502470642
38 : 84 = 2561.2496949731394
63 : 77 = 1649.2422502470642
63 : 84 = 894.4271909999159
77 : 84 = 1264.9110640673518
--- Done after 0.9620920411083433 hours. ---
