-------------Calculating Solution (this may take a while)
+++++++++++++++++++Min Sinr: 10 dB (gwo)
+++++++++++++++++++With backhaul constraint. Start: 2023-01-19 22:13:25

Parameters:
- chosen seed 17
- Map with 100 sectors
- Map 4000 x 4000 m
- Sector has a side of 400 m
- Max time:  12
- users_t_m:  [[0, 0, 0, 0, 0, 0, 0, 0, 0, 0, 0, 0, 0, 0, 0, 0, 0, 0, 0, 0, 0, 0, 0, 0, 0, 0, 0, 0, 0, 0, 0, 0, 0, 0, 0, 0, 0, 0, 0, 0, 0, 0, 0, 0, 0, 0, 0, 0, 0, 0, 0, 0, 0, 0, 0, 0, 0, 0, 0, 0, 0, 0, 0, 0, 0, 1, 0, 0, 0, 0, 0, 0, 0, 0, 2, 3, 1, 0, 0, 0, 0, 0, 0, 0, 15, 4, 0, 0, 0, 0, 0, 0, 0, 0, 0, 0, 0, 0, 0, 0], [1, 0, 0, 0, 0, 0, 1, 0, 0, 1, 0, 1, 0, 0, 1, 0, 0, 0, 0, 0, 0, 1, 1, 0, 0, 0, 0, 1, 0, 0, 1, 0, 0, 0, 1, 0, 0, 0, 0, 0, 0, 0, 1, 0, 0, 0, 1, 1, 0, 1, 0, 0, 1, 0, 0, 1, 0, 0, 0, 0, 0, 0, 0, 1, 1, 3, 0, 0, 2, 0, 0, 0, 0, 1, 2, 3, 0, 0, 1, 0, 0, 0, 0, 0, 13, 4, 0, 0, 0, 2, 0, 0, 0, 0, 0, 0, 0, 0, 0, 1], [1, 0, 0, 0, 3, 1, 0, 0, 0, 0, 2, 0, 1, 1, 2, 0, 1, 0, 0, 1, 0, 1, 0, 0, 0, 0, 0, 0, 1, 0, 0, 0, 0, 1, 0, 0, 0, 0, 0, 2, 0, 0, 1, 0, 1, 0, 1, 0, 1, 3, 1, 0, 0, 0, 0, 1, 0, 0, 0, 1, 0, 1, 1, 0, 2, 1, 0, 1, 1, 0, 0, 0, 0, 0, 4, 3, 1, 1, 2, 1, 2, 1, 0, 0, 23, 2, 0, 0, 1, 1, 0, 2, 1, 0, 1, 1, 0, 1, 1, 1], [1, 1, 1, 2, 0, 0, 0, 0, 0, 1, 0, 1, 0, 1, 1, 1, 1, 0, 2, 1, 2, 0, 0, 1, 2, 1, 0, 2, 2, 0, 0, 1, 0, 0, 1, 1, 0, 0, 0, 0, 1, 2, 0, 1, 0, 1, 0, 1, 2, 0, 1, 0, 1, 1, 0, 1, 0, 2, 2, 2, 0, 2, 1, 0, 2, 5, 0, 0, 2, 1, 2, 0, 0, 0, 5, 5, 1, 0, 1, 0, 3, 2, 2, 1, 17, 6, 1, 2, 1, 0, 3, 0, 1, 2, 0, 0, 1, 1, 1, 1], [1, 0, 1, 1, 0, 3, 0, 1, 0, 0, 0, 0, 1, 1, 0, 1, 1, 0, 0, 3, 2, 3, 1, 0, 0, 2, 2, 1, 1, 3, 0, 0, 1, 0, 3, 0, 1, 2, 1, 2, 0, 0, 2, 2, 1, 3, 0, 1, 1, 1, 1, 3, 1, 2, 1, 0, 0, 2, 3, 0, 0, 1, 0, 0, 2, 2, 4, 2, 2, 1, 1, 0, 0, 2, 4, 5, 4, 1, 0, 3, 0, 1, 5, 1, 27, 6, 1, 2, 2, 1, 5, 1, 0, 0, 1, 1, 0, 2, 2, 4], [1, 3, 0, 2, 2, 2, 0, 2, 1, 0, 0, 1, 2, 0, 2, 1, 0, 1, 0, 0, 2, 3, 2, 1, 0, 1, 4, 4, 0, 2, 0, 1, 4, 2, 1, 0, 1, 5, 2, 2, 1, 1, 4, 1, 2, 4, 1, 3, 2, 2, 2, 3, 2, 4, 2, 1, 2, 1, 2, 0, 1, 0, 6, 0, 2, 4, 1, 1, 0, 2, 2, 4, 3, 0, 3, 5, 1, 2, 1, 1, 3, 4, 2, 0, 15, 7, 4, 1, 1, 2, 1, 2, 0, 1, 0, 4, 2, 3, 2, 0], [2, 0, 2, 0, 2, 3, 2, 3, 2, 3, 1, 2, 3, 2, 1, 2, 0, 0, 2, 3, 2, 3, 0, 1, 0, 1, 0, 0, 3, 0, 1, 1, 1, 2, 2, 4, 2, 2, 5, 1, 3, 1, 2, 5, 1, 0, 2, 1, 2, 1, 1, 2, 1, 1, 1, 1, 2, 2, 2, 2, 1, 3, 4, 2, 0, 0, 1, 0, 1, 0, 4, 0, 1, 0, 1, 0, 2, 3, 0, 0, 2, 4, 3, 0, 0, 1, 0, 3, 3, 1, 1, 2, 6, 2, 1, 2, 0, 3, 2, 2], [1, 2, 3, 4, 0, 0, 1, 2, 1, 0, 1, 0, 2, 2, 0, 2, 1, 1, 1, 2, 0, 0, 2, 3, 1, 2, 5, 3, 0, 0, 2, 1, 4, 3, 1, 1, 1, 1, 1, 2, 0, 0, 1, 4, 1, 2, 2, 0, 1, 0, 1, 1, 2, 1, 0, 1, 0, 1, 0, 3, 1, 3, 2, 3, 0, 0, 1, 1, 0, 2, 2, 1, 1, 4, 0, 1, 4, 4, 1, 1, 0, 1, 0, 0, 1, 5, 0, 3, 5, 1, 0, 0, 0, 1, 0, 0, 3, 1, 0, 0], [0, 1, 0, 3, 1, 1, 0, 2, 4, 1, 2, 0, 2, 1, 0, 0, 0, 1, 3, 0, 2, 2, 2, 0, 1, 0, 0, 1, 0, 0, 0, 1, 2, 3, 0, 0, 1, 2, 2, 0, 0, 0, 0, 0, 0, 0, 0, 0, 2, 0, 1, 4, 1, 1, 2, 1, 2, 0, 2, 3, 1, 2, 0, 2, 2, 0, 2, 0, 1, 0, 0, 1, 0, 1, 0, 0, 0, 2, 1, 1, 1, 0, 2, 3, 2, 1, 3, 1, 2, 3, 0, 2, 1, 1, 3, 0, 1, 1, 0, 2], [3, 0, 0, 0, 0, 1, 0, 2, 0, 1, 0, 3, 0, 0, 1, 0, 1, 2, 2, 1, 0, 0, 0, 1, 0, 0, 2, 1, 1, 1, 1, 0, 1, 1, 3, 0, 0, 1, 1, 1, 1, 0, 3, 2, 3, 1, 1, 2, 1, 1, 1, 1, 0, 0, 0, 3, 1, 0, 0, 1, 0, 1, 2, 0, 0, 0, 2, 1, 1, 0, 1, 0, 0, 1, 0, 1, 0, 0, 1, 1, 1, 1, 1, 1, 0, 0, 1, 0, 1, 0, 1, 0, 1, 0, 0, 0, 0, 2, 0, 0], [1, 1, 0, 0, 0, 1, 0, 1, 1, 1, 1, 2, 1, 0, 1, 2, 0, 0, 1, 0, 0, 2, 1, 0, 1, 1, 0, 0, 0, 0, 0, 0, 1, 1, 0, 2, 1, 0, 0, 1, 1, 0, 0, 0, 0, 0, 0, 0, 1, 0, 0, 2, 0, 0, 1, 1, 1, 0, 0, 0, 0, 0, 0, 1, 0, 1, 1, 0, 0, 1, 1, 2, 2, 1, 2, 0, 0, 0, 0, 0, 0, 0, 0, 1, 0, 1, 0, 0, 0, 0, 1, 0, 1, 0, 1, 1, 1, 2, 0, 0], [0, 0, 3, 0, 0, 0, 0, 0, 0, 0, 0, 0, 0, 0, 1, 0, 2, 0, 0, 0, 0, 0, 0, 0, 0, 0, 0, 0, 1, 0, 0, 0, 0, 0, 0, 0, 0, 0, 0, 0, 0, 0, 0, 0, 2, 0, 0, 0, 0, 0, 0, 0, 0, 1, 0, 0, 0, 0, 0, 0, 0, 0, 0, 0, 1, 1, 1, 0, 1, 1, 1, 0, 0, 0, 1, 0, 0, 0, 0, 0, 0, 0, 0, 0, 0, 0, 0, 0, 1, 0, 0, 0, 0, 0, 0, 0, 0, 0, 1, 0]]
MAX_USER_PER_ANTENNAS_m:  [40, 40, 40, 40, 40, 40, 40, 40, 40, 40, 40, 40, 40, 40, 40, 40, 40, 40, 40, 40, 40, 40, 40, 40, 40, 40, 40, 40, 40, 40, 40, 40, 40, 40, 40, 40, 40, 40, 40, 40, 40, 40, 40, 40, 40, 40, 40, 40, 40, 40, 40, 40, 40, 40, 40, 40, 40, 40, 40, 40, 40, 40, 40, 40, 40, 40, 40, 40, 40, 40, 40, 40, 40, 40, 40, 40, 40, 40, 40, 40, 40, 40, 40, 40, 40, 40, 40, 40, 40, 40, 40, 40, 40, 40, 40, 40, 40, 40, 40, 40]
antennas_map_m:  [1, 1, 1, 1, 1, 1, 1, 1, 1, 1, 1, 1, 1, 1, 1, 1, 1, 1, 1, 1, 1, 1, 1, 1, 1, 1, 1, 1, 1, 1, 1, 1, 1, 1, 1, 1, 1, 1, 1, 1, 1, 1, 1, 1, 1, 1, 1, 1, 1, 1, 1, 1, 1, 1, 1, 1, 1, 1, 1, 1, 1, 1, 1, 1, 1, 1, 1, 1, 1, 1, 1, 1, 1, 1, 1, 1, 1, 1, 1, 1, 1, 1, 1, 1, 1, 1, 1, 1, 1, 1, 1, 1, 1, 1, 1, 1, 1, 1, 1, 1]
FIRST_ANTENNA:  84
MIN_SNR_m:  [10.0, 10.0, 10.0, 10.0, 10.0, 10.0, 10.0, 10.0, 10.0, 10.0, 10.0, 10.0, 10.0, 10.0, 10.0, 10.0, 10.0, 10.0, 10.0, 10.0, 10.0, 10.0, 10.0, 10.0, 10.0, 10.0, 10.0, 10.0, 10.0, 10.0, 10.0, 10.0, 10.0, 10.0, 10.0, 10.0, 10.0, 10.0, 10.0, 10.0, 10.0, 10.0, 10.0, 10.0, 10.0, 10.0, 10.0, 10.0, 10.0, 10.0, 10.0, 10.0, 10.0, 10.0, 10.0, 10.0, 10.0, 10.0, 10.0, 10.0, 10.0, 10.0, 10.0, 10.0, 10.0, 10.0, 10.0, 10.0, 10.0, 10.0, 10.0, 10.0, 10.0, 10.0, 10.0, 10.0, 10.0, 10.0, 10.0, 10.0, 10.0, 10.0, 10.0, 10.0, 10.0, 10.0, 10.0, 10.0, 10.0, 10.0, 10.0, 10.0, 10.0, 10.0, 10.0, 10.0, 10.0, 10.0, 10.0, 10.0]
-MIN_DIST:  2000
- disaster percentage:  0

Slice  0
The set of antennas serves the scenario in the respective slice.

Slice  1

Run GWO to deployment +1 antenna on the map
	Pack size:  300
	Wolf dimension 1
	Max iter 200
	antennas_regions:  [84]
	users_regions:  [ 0  6  9 11 14 21 22 27 30 34 42 46 47 49 52 55 63 64 65 68 73 74 75 78
 84 85 89 99]
	Seed_base:  51123
initial_alpha:  Wolf 0 (51123). Fitness: 0
	(111.75718939218315, 1913.0674220149765, 0). Region: 40
initial_beta:  Wolf 1 (51124). Fitness: 0
	(1357.1982186001037, 2793.554751256039, 0). Region: 63
initial_delta:  Wolf 2 (51125). Fitness: 0
	(3168.4145580206296, 1603.3774790449181, 0). Region: 47 

iter = 10
Alpha wolf:  Wolf 0 (51123). Fitness: 0
	(2266.24270282555, 35.99978302955387, 0.0). Region: 5
iter = 20
Alpha wolf:  Wolf 0 (51123). Fitness: 0
	(1765.20795265123, 79.66488638850055, 0.0). Region: 4
iter = 30
Alpha wolf:  Wolf 0 (51123). Fitness: 0
	(2957.6978810494365, 110.72200838125379, 0.0). Region: 7
iter = 40
Alpha wolf:  Wolf 0 (51123). Fitness: 0
	(1932.8319374622126, 79.25768598090168, 0.0). Region: 4
iter = 50
Alpha wolf:  Wolf 0 (51123). Fitness: 0
	(140.99117481723889, 68.71415506062002, 0.0). Region: 0
iter = 60
Alpha wolf:  Wolf 0 (51123). Fitness: 0
	(69.8552741996453, 208.26118796270623, 0.0). Region: 0
iter = 70
Alpha wolf:  Wolf 0 (51123). Fitness: 0
	(136.5266809383371, 60.682929444366984, 0.0). Region: 0
iter = 80
Alpha wolf:  Wolf 0 (51123). Fitness: 0
	(237.96921236709795, 33.62478695547005, 0.0). Region: 0
iter = 90
Alpha wolf:  Wolf 0 (51123). Fitness: 0
	(322.7615898329502, 25.657931223072197, 0.0). Region: 0
iter = 100
Alpha wolf:  Wolf 0 (51123). Fitness: 0
	(341.64885911153516, 66.45078028859801, 0.0). Region: 0
iter = 110
Alpha wolf:  Wolf 0 (51123). Fitness: 0
	(350.4428361108683, 24.05533456693725, 0.0). Region: 0
iter = 120
Alpha wolf:  Wolf 0 (51123). Fitness: 0
	(441.05109626073147, 27.412748370242205, 0.0). Region: 1
iter = 130
Alpha wolf:  Wolf 0 (51123). Fitness: 0
	(637.5280574751556, 31.188627643036583, 0.0). Region: 1
iter = 140
Alpha wolf:  Wolf 0 (51123). Fitness: 0
	(530.7782687180644, 23.06178232068645, 0.0). Region: 1
iter = 150
Alpha wolf:  Wolf 0 (51123). Fitness: 0
	(920.353308532564, 10.390644771670207, 0.0). Region: 2
iter = 160
Alpha wolf:  Wolf 0 (51123). Fitness: 0
	(839.4614300099227, 17.980767305712128, 0.0). Region: 2
iter = 170
Alpha wolf:  Wolf 0 (51123). Fitness: 0
	(853.8791254078161, 13.27427384140402, 0.0). Region: 2
iter = 180
Alpha wolf:  Wolf 0 (51123). Fitness: 0
	(774.4277312630948, 16.909911986871776, 0.0). Region: 1
iter = 190
Alpha wolf:  Wolf 0 (51123). Fitness: 0
	(725.7403903555055, 17.32416168340741, 0.0). Region: 1

Run GWO to deployment +2 antenna on the map
	Pack size:  300
	Wolf dimension 2
	Max iter 200
	antennas_regions:  [84]
	users_regions:  [ 0  6  9 11 14 21 22 27 30 34 42 46 47 49 52 55 63 64 65 68 73 74 75 78
 84 85 89 99]
	Seed_base:  52032
initial_alpha:  Wolf 0 (52032). Fitness: 0
	(2170.0558966169306, 930.3504616936195, 0). Region: 25
	(1057.0471355658842, 2594.16435150013, 0). Region: 62
initial_beta:  Wolf 1 (52033). Fitness: 0
	(2334.1222536485025, 3935.9375187436463, 0). Region: 95
	(2194.006267807943, 783.635688162362, 0). Region: 15
initial_delta:  Wolf 2 (52034). Fitness: 0
	(2581.5537543342202, 399.70605404664815, 0). Region: 6
	(1792.4492694313283, 2293.0174881390058, 0). Region: 54 

iter = 10
Alpha wolf:  Wolf 0 (52032). Fitness: 0
	(3329.456267415666, 382.26600424393166, 0.0). Region: 8
	(1590.984400189377, 45.99007926765863, 0.0). Region: 3
iter = 20
Alpha wolf:  Wolf 0 (52032). Fitness: 0
	(3629.2401113329097, 208.774170983052, 0.0). Region: 9
	(3812.907867129352, 73.8569198803341, 0.0). Region: 9
iter = 30
Alpha wolf:  Wolf 0 (52032). Fitness: 0
	(1233.7181108027644, 84.6512977068197, 0.0). Region: 3
	(3117.3921933890697, 59.636081174217395, 0.0). Region: 7
iter = 40
Alpha wolf:  Wolf 0 (52032). Fitness: 0
	(3364.539122087703, 9.931618212795676, 0.0). Region: 8
	(3013.295311906159, 36.72622430300989, 0.0). Region: 7
iter = 50
Alpha wolf:  Wolf 0 (52032). Fitness: 0
	(2369.9772467692374, 2.229559745210961, 0.0). Region: 5
	(1707.1304572273204, 35.59930373423552, 0.0). Region: 4
iter = 60
Alpha wolf:  Wolf 0 (52032). Fitness: 0
	(3370.3468798982494, 2.911194390971913, 0.0). Region: 8
	(133.10895046247305, 20.21726142318318, 0.0). Region: 0
iter = 70
Alpha wolf:  Wolf 0 (52032). Fitness: 0
	(2481.8115273811454, 4.475375362629716, 0.0). Region: 6
	(560.9700269475707, 11.039616370961918, 0.0). Region: 1
iter = 80
Alpha wolf:  Wolf 0 (52032). Fitness: 0
	(3030.7064884140345, 3.703761736955059, 0.0). Region: 7
	(1108.5444379216751, 22.46485577377065, 0.0). Region: 2
iter = 90
Alpha wolf:  Wolf 0 (52032). Fitness: 0
	(1409.8189078305008, 2.4836301115203545, 0.0). Region: 3
	(1007.8681121779359, 19.350589615270923, 0.0). Region: 2
iter = 100
Alpha wolf:  Wolf 0 (52032). Fitness: 0
	(582.2886578346331, 2.031110407461707, 0.0). Region: 1
	(902.4505789299706, 62.32659386761669, 0.0). Region: 2
iter = 110
Alpha wolf:  Wolf 0 (52032). Fitness: 0
	(258.5302583589406, 1.8763618041242638, 0.0). Region: 0
	(1464.846600419036, 75.57764357181442, 0.0). Region: 3
iter = 120
Alpha wolf:  Wolf 0 (52032). Fitness: 0
	(263.1309081460237, 1.3922609226187905, 0.0). Region: 0
	(1530.9795795269297, 67.74884003657795, 0.0). Region: 3
iter = 130
Alpha wolf:  Wolf 0 (52032). Fitness: 0
	(157.55467714678485, 1.0351927599610955, 0.0). Region: 0
	(1324.576650048842, 59.637250606745496, 0.0). Region: 3
iter = 140
Alpha wolf:  Wolf 0 (52032). Fitness: 0
	(89.1897327828784, 1.2179058935050004, 0.0). Region: 0
	(955.6732793174019, 53.58876797454102, 0.0). Region: 2
iter = 150
Alpha wolf:  Wolf 0 (52032). Fitness: 0
	(115.66907752015642, 1.2257215087399786, 0.0). Region: 0
	(1284.8458882417244, 34.744107536805544, 0.0). Region: 3
iter = 160
Alpha wolf:  Wolf 0 (52032). Fitness: 0
	(96.55404837949914, 1.1583212842234563, 0.0). Region: 0
	(1051.0143985796706, 37.21487596189107, 0.0). Region: 2
iter = 170
Alpha wolf:  Wolf 0 (52032). Fitness: 0
	(111.08549868580617, 1.1794059767570453, 0.0). Region: 0
	(933.0663859099916, 40.02803849853439, 0.0). Region: 2
iter = 180
Alpha wolf:  Wolf 0 (52032). Fitness: 0
	(107.39220960955495, 1.389415767729464, 0.0). Region: 0
	(899.781428496032, 44.47581349600137, 0.0). Region: 2
iter = 190
Alpha wolf:  Wolf 0 (52032). Fitness: 0
	(109.77599412149166, 1.3842845311522765, 0.0). Region: 0
	(933.9783395750984, 39.819416267493644, 0.0). Region: 2

Run GWO to deployment +3 antenna on the map
	Pack size:  300
	Wolf dimension 3
	Max iter 200
	antennas_regions:  [84]
	users_regions:  [ 0  6  9 11 14 21 22 27 30 34 42 46 47 49 52 55 63 64 65 68 73 74 75 78
 84 85 89 99]
	Seed_base:  11201
initial_alpha:  Wolf 0 (11201). Fitness: 0
	(576.3432902181776, 1995.2179960809358, 0). Region: 41
	(1029.51547602814, 3414.6702085927186, 0). Region: 82
	(3926.005981371541, 2343.7041164797024, 0). Region: 59
initial_beta:  Wolf 1 (11202). Fitness: 0
	(1694.5270673230723, 1189.4713284076915, 0). Region: 24
	(2135.1058559066705, 2868.2256628982395, 0). Region: 75
	(1490.1208057693643, 1070.7769431820973, 0). Region: 23
initial_delta:  Wolf 2 (11203). Fitness: 0
	(113.52702242155787, 726.2444793404685, 0). Region: 10
	(2052.637992941547, 2020.024567963076, 0). Region: 55
	(3981.5572024441835, 567.7966615342118, 0). Region: 19 

The alpha wolf has been updated to a position with higher fitness. iter = 0
New alpha wolf:  Wolf 256 (11457). Fitness: 0.91
	(856.7728996766541, 1593.180867795626, 0.0). Region: 32
	(3333.5352970143304, 2039.8135083905772, 0.0). Region: 58
	(2527.006510452184, 903.7996382873434, 0.0). Region: 26
The alpha wolf has been updated to a position with higher fitness. iter = 2
New alpha wolf:  Wolf 125 (11326). Fitness: 0.92
	(909.8720981134652, 907.9306548290449, 0.0). Region: 22
	(3560.0617844631106, 2375.914263568519, 0.0). Region: 58
	(2586.4074497833344, 975.2555778487695, 0.0). Region: 26
The alpha wolf has been updated to a position with higher fitness. iter = 3
New alpha wolf:  Wolf 135 (11336). Fitness: 0.93
	(868.6426394957302, 1031.1355576311428, 0.0). Region: 22
	(3982.2720259892, 2593.2082977655664, 0.0). Region: 69
	(2418.0018590572936, 1154.8234485149292, 0.0). Region: 26
iter = 10
Alpha wolf:  Wolf 135 (11336). Fitness: 0.93
	(868.6426394957302, 1031.1355576311428, 0.0). Region: 22
	(3982.2720259892, 2593.2082977655664, 0.0). Region: 69
	(2418.0018590572936, 1154.8234485149292, 0.0). Region: 26
iter = 20
Alpha wolf:  Wolf 135 (11336). Fitness: 0.93
	(868.6426394957302, 1031.1355576311428, 0.0). Region: 22
	(3982.2720259892, 2593.2082977655664, 0.0). Region: 69
	(2418.0018590572936, 1154.8234485149292, 0.0). Region: 26
iter = 30
Alpha wolf:  Wolf 135 (11336). Fitness: 0.93
	(868.6426394957302, 1031.1355576311428, 0.0). Region: 22
	(3982.2720259892, 2593.2082977655664, 0.0). Region: 69
	(2418.0018590572936, 1154.8234485149292, 0.0). Region: 26
iter = 40
Alpha wolf:  Wolf 135 (11336). Fitness: 0.93
	(868.6426394957302, 1031.1355576311428, 0.0). Region: 22
	(3982.2720259892, 2593.2082977655664, 0.0). Region: 69
	(2418.0018590572936, 1154.8234485149292, 0.0). Region: 26
iter = 50
Alpha wolf:  Wolf 135 (11336). Fitness: 0.93
	(868.6426394957302, 1031.1355576311428, 0.0). Region: 22
	(3982.2720259892, 2593.2082977655664, 0.0). Region: 69
	(2418.0018590572936, 1154.8234485149292, 0.0). Region: 26
iter = 60
Alpha wolf:  Wolf 135 (11336). Fitness: 0.93
	(868.6426394957302, 1031.1355576311428, 0.0). Region: 22
	(3982.2720259892, 2593.2082977655664, 0.0). Region: 69
	(2418.0018590572936, 1154.8234485149292, 0.0). Region: 26
iter = 70
Alpha wolf:  Wolf 135 (11336). Fitness: 0.93
	(868.6426394957302, 1031.1355576311428, 0.0). Region: 22
	(3982.2720259892, 2593.2082977655664, 0.0). Region: 69
	(2418.0018590572936, 1154.8234485149292, 0.0). Region: 26
iter = 80
Alpha wolf:  Wolf 135 (11336). Fitness: 0.93
	(868.6426394957302, 1031.1355576311428, 0.0). Region: 22
	(3982.2720259892, 2593.2082977655664, 0.0). Region: 69
	(2418.0018590572936, 1154.8234485149292, 0.0). Region: 26
iter = 90
Alpha wolf:  Wolf 135 (11336). Fitness: 0.93
	(868.6426394957302, 1031.1355576311428, 0.0). Region: 22
	(3982.2720259892, 2593.2082977655664, 0.0). Region: 69
	(2418.0018590572936, 1154.8234485149292, 0.0). Region: 26
iter = 100
Alpha wolf:  Wolf 135 (11336). Fitness: 0.93
	(868.6426394957302, 1031.1355576311428, 0.0). Region: 22
	(3982.2720259892, 2593.2082977655664, 0.0). Region: 69
	(2418.0018590572936, 1154.8234485149292, 0.0). Region: 26
iter = 110
Alpha wolf:  Wolf 135 (11336). Fitness: 0.93
	(1016.0061121757694, 1056.7566804987396, 0.0). Region: 22
	(3420.4668372489746, 2551.0496510601733, 0.0). Region: 68
	(2416.552619566565, 1131.4010351266993, 0.0). Region: 26
iter = 120
Alpha wolf:  Wolf 135 (11336). Fitness: 0.93
	(1016.0061121757694, 1056.7566804987396, 0.0). Region: 22
	(3420.4668372489746, 2551.0496510601733, 0.0). Region: 68
	(2416.552619566565, 1131.4010351266993, 0.0). Region: 26
iter = 130
Alpha wolf:  Wolf 135 (11336). Fitness: 0.93
	(1016.0061121757694, 1056.7566804987396, 0.0). Region: 22
	(3420.4668372489746, 2551.0496510601733, 0.0). Region: 68
	(2416.552619566565, 1131.4010351266993, 0.0). Region: 26
iter = 140
Alpha wolf:  Wolf 135 (11336). Fitness: 0.93
	(1096.3701377804437, 991.7619310227553, 0.0). Region: 22
	(3263.7324264395943, 2506.701337533962, 0.0). Region: 68
	(2583.10136162586, 1053.4627659049183, 0.0). Region: 26
iter = 150
Alpha wolf:  Wolf 135 (11336). Fitness: 0.93
	(1096.3701377804437, 991.7619310227553, 0.0). Region: 22
	(3263.7324264395943, 2506.701337533962, 0.0). Region: 68
	(2583.10136162586, 1053.4627659049183, 0.0). Region: 26
iter = 160
Alpha wolf:  Wolf 135 (11336). Fitness: 0.93
	(932.2587582822653, 1185.005467942746, 0.0). Region: 22
	(3502.4158125391814, 3192.7033745946264, 0.0). Region: 78
	(2563.9482731522703, 913.5380080313254, 0.0). Region: 26
iter = 170
Alpha wolf:  Wolf 135 (11336). Fitness: 0.93
	(1021.6532433479524, 1045.3104013521252, 0.0). Region: 22
	(3402.0511053626797, 3033.4526110563, 0.0). Region: 78
	(2637.8629106454164, 864.3355963459464, 0.0). Region: 26
iter = 180
Alpha wolf:  Wolf 135 (11336). Fitness: 0.93
	(1037.676596886473, 998.0131220563374, 0.0). Region: 22
	(3377.9604048490337, 2422.5559689615006, 0.0). Region: 68
	(2502.066002169723, 871.3294919104969, 0.0). Region: 26
iter = 190
Alpha wolf:  Wolf 135 (11336). Fitness: 0.93
	(904.9064094000347, 1087.7210099912281, 0.0). Region: 22
	(3398.1557512134464, 2483.8856583950915, 0.0). Region: 68
	(2796.2218755824806, 957.3356151685525, 0.0). Region: 26

- Finishing GWO - 

Best solution:  Wolf 135 (11336). Fitness: 0.93
	(972.7427958077042, 1126.5884433521883, 0.0). Region: 22
	(3351.4301122133384, 2508.0104230425163, 0.0). Region: 68
	(2739.218417430291, 953.5521264327106, 0.0). Region: 26
Antennas in slice 1:  [22 26 68 84]

Slice  2

Run GWO to deployment +1 antenna on the map
	Pack size:  300
	Wolf dimension 1
	Max iter 200
	antennas_regions:  [22 26 68 84]
	users_regions:  [ 0  4  5 10 12 13 14 16 19 21 28 33 39 42 44 46 48 49 50 55 59 61 62 64
 65 67 68 74 75 76 77 78 79 80 81 84 85 88 89 91 92 94 95 97 98 99]
	Seed_base:  64985
initial_alpha:  Wolf 51 (65036). Fitness: 1.0
	(1118.2623130378834, 2587.821572145228, 0). Region: 62
initial_beta:  Wolf 62 (65047). Fitness: 1.0
	(274.3545644185068, 3101.0076038790985, 0). Region: 70
initial_delta:  Wolf 64 (65049). Fitness: 1.0
	(1049.9666777868315, 3349.236228167991, 0). Region: 82 

iter = 10
Alpha wolf:  Wolf 51 (65036). Fitness: 1.0
	(183.02334426085253, 2481.9608613367527, 0.0). Region: 60
iter = 20
Alpha wolf:  Wolf 51 (65036). Fitness: 1.0
	(184.97117981457478, 3330.357415504449, 0.0). Region: 80
iter = 30
Alpha wolf:  Wolf 51 (65036). Fitness: 1.0
	(406.3470886074406, 3219.782844663917, 0.0). Region: 81
iter = 40
Alpha wolf:  Wolf 51 (65036). Fitness: 1.0
	(309.97870094975883, 3398.1465792528215, 0.0). Region: 80
iter = 50
Alpha wolf:  Wolf 51 (65036). Fitness: 1.0
	(90.70557975984494, 3023.6573717802585, 0.0). Region: 70
iter = 60
Alpha wolf:  Wolf 51 (65036). Fitness: 1.0
	(23.02521295990058, 2574.24401978487, 0.0). Region: 60
iter = 70
Alpha wolf:  Wolf 51 (65036). Fitness: 1.0
	(39.85924386523189, 2862.358196273677, 0.0). Region: 70
iter = 80
Alpha wolf:  Wolf 51 (65036). Fitness: 1.0
	(34.116576829722874, 2417.807595720952, 0.0). Region: 60
iter = 90
Alpha wolf:  Wolf 51 (65036). Fitness: 1.0
	(38.45614284748452, 2491.9766963332336, 0.0). Region: 60
iter = 100
Alpha wolf:  Wolf 51 (65036). Fitness: 1.0
	(36.986280872756524, 3137.3258385595295, 0.0). Region: 70
iter = 110
Alpha wolf:  Wolf 51 (65036). Fitness: 1.0
	(20.561337166340508, 2549.874383101561, 0.0). Region: 60
iter = 120
Alpha wolf:  Wolf 51 (65036). Fitness: 1.0
	(33.018160447473136, 3109.1621161668845, 0.0). Region: 70
iter = 130
Alpha wolf:  Wolf 51 (65036). Fitness: 1.0
	(39.28340491411173, 3162.3198195415484, 0.0). Region: 70
iter = 140
Alpha wolf:  Wolf 51 (65036). Fitness: 1.0
	(32.41809456555681, 2849.5178456959893, 0.0). Region: 70
iter = 150
Alpha wolf:  Wolf 51 (65036). Fitness: 1.0
	(48.89569905937556, 2742.8512549301377, 0.0). Region: 60
iter = 160
Alpha wolf:  Wolf 51 (65036). Fitness: 1.0
	(48.25579525141127, 3370.8095380142463, 0.0). Region: 80
iter = 170
Alpha wolf:  Wolf 51 (65036). Fitness: 1.0
	(49.94099648764704, 2643.097579787738, 0.0). Region: 60
iter = 180
Alpha wolf:  Wolf 51 (65036). Fitness: 1.0
	(45.29427801078374, 3366.9542825398985, 0.0). Region: 80
iter = 190
Alpha wolf:  Wolf 51 (65036). Fitness: 1.0
	(42.94516542131115, 3367.5770612183046, 0.0). Region: 80

- Finishing GWO - 

Best solution:  Wolf 51 (65036). Fitness: 1.0
	(42.771295164164385, 3204.250007360635, 0.0). Region: 80
Antennas in slice 2:  [22 26 68 80 84]

Slice  3

Run GWO to deployment +1 antenna on the map
	Pack size:  300
	Wolf dimension 1
	Max iter 200
	antennas_regions:  [22 26 68 80 84]
	users_regions:  [ 0  1  2  3  9 11 13 14 15 16 18 19 20 23 24 25 27 28 31 34 35 40 41 43
 45 47 48 50 52 53 55 57 58 59 61 62 64 65 68 69 70 74 75 76 78 80 81 82
 83 84 85 86 87 88 90 92 93 96 97 98 99]
	Seed_base:  78934
initial_alpha:  Wolf 1 (78935). Fitness: 1.0
	(1753.6093715123889, 2955.6347362950914, 0). Region: 74
initial_beta:  Wolf 6 (78940). Fitness: 1.0
	(2701.8821595928666, 2500.7422747357086, 0). Region: 66
initial_delta:  Wolf 12 (78946). Fitness: 1.0
	(579.5275094229178, 2764.798791911954, 0). Region: 61 

iter = 10
Alpha wolf:  Wolf 1 (78935). Fitness: 1.0
	(3351.572751949292, 1818.9780215549129, 0.0). Region: 48
iter = 20
Alpha wolf:  Wolf 1 (78935). Fitness: 1.0
	(2291.585070261788, 2648.741593657117, 0.0). Region: 65
iter = 30
Alpha wolf:  Wolf 1 (78935). Fitness: 1.0
	(3177.070431733566, 2987.7730774065103, 0.0). Region: 77
iter = 40
Alpha wolf:  Wolf 1 (78935). Fitness: 1.0
	(2737.4368747701537, 3731.0824130163473, 0.0). Region: 96
iter = 50
Alpha wolf:  Wolf 1 (78935). Fitness: 1.0
	(2441.199183567514, 2726.8168299412814, 0.0). Region: 66
iter = 60
Alpha wolf:  Wolf 1 (78935). Fitness: 1.0
	(1663.370584222934, 3161.8887467592053, 0.0). Region: 74
iter = 70
Alpha wolf:  Wolf 1 (78935). Fitness: 1.0
	(101.91088618962635, 2999.9041532374304, 0.0). Region: 70
iter = 80
Alpha wolf:  Wolf 1 (78935). Fitness: 1.0
	(796.6593100697935, 3535.4401171983964, 0.0). Region: 81
iter = 90
Alpha wolf:  Wolf 1 (78935). Fitness: 1.0
	(644.1964624652825, 3249.370638833742, 0.0). Region: 81
iter = 100
Alpha wolf:  Wolf 1 (78935). Fitness: 1.0
	(514.5843595203354, 3721.6397801201238, 0.0). Region: 91
iter = 110
Alpha wolf:  Wolf 1 (78935). Fitness: 1.0
	(430.04123987445365, 2732.380116513855, 0.0). Region: 61
iter = 120
Alpha wolf:  Wolf 1 (78935). Fitness: 1.0
	(735.5967494709748, 3949.0813945820228, 0.0). Region: 91
iter = 130
Alpha wolf:  Wolf 1 (78935). Fitness: 1.0
	(665.0076475163372, 3721.294938215551, 0.0). Region: 91
iter = 140
Alpha wolf:  Wolf 1 (78935). Fitness: 1.0
	(500.80607987267206, 3264.910011797465, 0.0). Region: 81
iter = 150
Alpha wolf:  Wolf 1 (78935). Fitness: 1.0
	(698.940542190636, 2717.9501839187215, 0.0). Region: 61
iter = 160
Alpha wolf:  Wolf 1 (78935). Fitness: 1.0
	(721.5601672135488, 2631.447591561746, 0.0). Region: 61
iter = 170
Alpha wolf:  Wolf 1 (78935). Fitness: 1.0
	(773.2808295330933, 2597.7585613275696, 0.0). Region: 61
iter = 180
Alpha wolf:  Wolf 1 (78935). Fitness: 1.0
	(746.5399795955693, 2692.6567392566976, 0.0). Region: 61
iter = 190
Alpha wolf:  Wolf 1 (78935). Fitness: 1.0
	(705.7737617900071, 2666.280909591955, 0.0). Region: 61

- Finishing GWO - 

Best solution:  Wolf 1 (78935). Fitness: 1.0
	(702.934763489309, 2536.840080342663, 0.0). Region: 61
Antennas in slice 3:  [22 26 61 68 80 84]

Slice  4

Run GWO to deployment +1 antenna on the map
	Pack size:  300
	Wolf dimension 1
	Max iter 200
	antennas_regions:  [22 26 61 68 80 84]
	users_regions:  [ 0  2  3  5  7 12 13 15 16 19 20 21 22 25 26 27 28 29 32 34 36 37 38 39
 42 43 44 45 47 48 49 50 51 52 53 54 57 58 61 64 65 66 67 68 69 70 73 74
 75 76 77 79 81 82 83 84 85 86 87 88 89 90 91 94 95 97 98 99]
	Seed_base:  63664
initial_alpha:  Wolf 3 (63667). Fitness: 1.0
	(3312.1283247534816, 3340.4024654691316, 0). Region: 88
initial_beta:  Wolf 23 (63687). Fitness: 1.0
	(3458.526153662886, 2896.2319651750936, 0). Region: 78
initial_delta:  Wolf 33 (63697). Fitness: 1.0
	(2243.459388930064, 3165.8654447155977, 0). Region: 75 

iter = 10
Alpha wolf:  Wolf 3 (63667). Fitness: 1.0
	(3410.0510429839405, 2900.7810078377515, 0.0). Region: 78
iter = 20
Alpha wolf:  Wolf 3 (63667). Fitness: 1.0
	(2061.2428425909347, 2700.594211377608, 0.0). Region: 65
iter = 30
Alpha wolf:  Wolf 3 (63667). Fitness: 1.0
	(2191.0316367588566, 3161.1530473206317, 0.0). Region: 75
iter = 40
Alpha wolf:  Wolf 3 (63667). Fitness: 1.0
	(2932.6483292403013, 2433.430604141295, 0.0). Region: 67
iter = 50
Alpha wolf:  Wolf 3 (63667). Fitness: 1.0
	(2193.396914235469, 3045.261122049921, 0.0). Region: 75
iter = 60
Alpha wolf:  Wolf 3 (63667). Fitness: 1.0
	(2549.068764056329, 2399.2252471695356, 0.0). Region: 56
iter = 70
Alpha wolf:  Wolf 3 (63667). Fitness: 1.0
	(2216.5923215424323, 3376.2797943292267, 0.0). Region: 85
iter = 80
Alpha wolf:  Wolf 3 (63667). Fitness: 1.0
	(3008.1732940769643, 3186.48687849492, 0.0). Region: 77
iter = 90
Alpha wolf:  Wolf 3 (63667). Fitness: 1.0
	(2736.039423107281, 2372.220560680367, 0.0). Region: 56
iter = 100
Alpha wolf:  Wolf 3 (63667). Fitness: 1.0
	(2107.902885253966, 2901.761019150854, 0.0). Region: 75
iter = 110
Alpha wolf:  Wolf 3 (63667). Fitness: 1.0
	(2281.634771981151, 2951.4791840405787, 0.0). Region: 75
iter = 120
Alpha wolf:  Wolf 3 (63667). Fitness: 1.0
	(3300.11913726805, 3197.914717947453, 0.0). Region: 78
iter = 130
Alpha wolf:  Wolf 3 (63667). Fitness: 1.0
	(3422.815190784528, 3349.4445858231484, 0.0). Region: 88
iter = 140
Alpha wolf:  Wolf 3 (63667). Fitness: 1.0
	(2155.27247374003, 2619.2446006955415, 0.0). Region: 65
iter = 150
Alpha wolf:  Wolf 3 (63667). Fitness: 1.0
	(2634.95975399229, 2024.406280781226, 0.0). Region: 56
iter = 160
Alpha wolf:  Wolf 3 (63667). Fitness: 1.0
	(2826.9688270770666, 2619.2390501090267, 0.0). Region: 67
iter = 170
Alpha wolf:  Wolf 3 (63667). Fitness: 1.0
	(2680.1703193704484, 2177.256282837545, 0.0). Region: 56
iter = 180
Alpha wolf:  Wolf 3 (63667). Fitness: 1.0
	(2629.945005967487, 2321.230056732739, 0.0). Region: 56
iter = 190
Alpha wolf:  Wolf 3 (63667). Fitness: 1.0
	(2482.5107758612903, 2248.9305817137592, 0.0). Region: 56

- Finishing GWO - 

Best solution:  Wolf 3 (63667). Fitness: 1.0
	(2472.524795133005, 2139.7509956183662, 0.0). Region: 56
Antennas in slice 4:  [22 26 56 61 68 80 84]

Slice  5
The set of antennas serves the scenario in the respective slice.

Slice  6
The set of antennas serves the scenario in the respective slice.

Slice  7
The set of antennas serves the scenario in the respective slice.

Slice  8
The set of antennas serves the scenario in the respective slice.

Slice  9
The set of antennas serves the scenario in the respective slice.

Slice  10
The set of antennas serves the scenario in the respective slice.

Slice  11
The set of antennas serves the scenario in the respective slice.

Média de carros: 6.0
t=0
Antennas: [84]
Users: [65 74 75 76 84 85]
MinSINR:  10.0
$x_{0,84}$
	 $y_{0,84,65}$ = 19.904323000537275 dB
	 $y_{0,84,74}$ = 31.216797721499546 dB
	 $y_{0,84,75}$ = 14.188095680808857 dB
	 $y_{0,84,76}$ = 18.998183399837174 dB
	 $y_{0,84,84}$ = 84.52403371282134 dB
	 $y_{0,84,85}$ = 34.4742152415957 dB
		SNR medio:  7.819448029119227
		Usuarios totais: 26
Distances:
t=1
Antennas: [22 26 68 84]
Users: [ 0  6  9 11 14 21 22 27 30 34 42 46 47 49 52 55 63 64 65 68 73 74 75 78
 84 85 89 99]
MinSINR:  10.0
$x_{1,22}$
	 $y_{1,22,0}$ = 10.891072653549372 dB
	 $y_{1,22,11}$ = 38.821881255774144 dB
	 $y_{1,22,21}$ = 25.22340236621102 dB
	 $y_{1,22,22}$ = 99.13234964120025 dB
	 $y_{1,22,30}$ = 21.27244083102852 dB
	 $y_{1,22,42}$ = 15.077811466868468 dB
	 $y_{1,22,52}$ = 11.04293751179074 dB
	 $y_{1,22,14}$ = 16.825200599065 dB
	 $y_{1,22,34}$ = 17.843870652557186 dB
		SNR medio:  28.458996330893854
		Usuarios totais: 9
$x_{1,26}$
	 $y_{1,26,6}$ = 21.634467269800865 dB
	 $y_{1,26,9}$ = 13.05665943823621 dB
	 $y_{1,26,27}$ = 26.826279771205336 dB
	 $y_{1,26,55}$ = 16.443483648156217 dB
		SNR medio:  19.490222531849657
		Usuarios totais: 4
$x_{1,68}$
	 $y_{1,68,68}$ = 88.55954745586564 dB
	 $y_{1,68,78}$ = 37.131763312080494 dB
	 $y_{1,68,89}$ = 17.351276426178018 dB
	 $y_{1,68,99}$ = 15.54823928923922 dB
	 $y_{1,68,47}$ = 13.053431653500212 dB
	 $y_{1,68,49}$ = 18.195487715502352 dB
		SNR medio:  23.729968231545747
		Usuarios totais: 8
$x_{1,84}$
	 $y_{1,84,63}$ = 17.019211440798884 dB
	 $y_{1,84,64}$ = 13.861718922020088 dB
	 $y_{1,84,65}$ = 19.904323000537275 dB
	 $y_{1,84,73}$ = 19.7561283263518 dB
	 $y_{1,84,74}$ = 31.216797721499546 dB
	 $y_{1,84,85}$ = 34.4742152415957 dB
	 $y_{1,84,46}$ = 12.035023205862728 dB
	 $y_{1,84,84}$ = 84.52403371282134 dB
	 $y_{1,84,75}$ = 14.188095680808857 dB
		SNR medio:  8.516536112148145
		Usuarios totais: 29
Distances:
22 : 26 = 1600.0
22 : 68 = 2884.4410203711914
22 : 84 = 2529.8221281347037
26 : 68 = 1788.8543819998317
26 : 84 = 2529.8221281347037
68 : 84 = 1788.8543819998317
t=2
Antennas: [22 26 68 80 84]
Users: [ 0  4  5 10 12 13 14 16 19 21 28 33 39 42 44 46 48 49 50 55 59 61 62 64
 65 67 68 74 75 76 77 78 79 80 81 84 85 88 89 91 92 94 95 97 98 99]
MinSINR:  10.0
$x_{2,22}$
	 $y_{2,22,0}$ = 10.891072653549372 dB
	 $y_{2,22,10}$ = 23.411858651143746 dB
	 $y_{2,22,12}$ = 28.937672060774602 dB
	 $y_{2,22,21}$ = 25.22340236621102 dB
	 $y_{2,22,42}$ = 15.077811466868468 dB
	 $y_{2,22,50}$ = 10.249181878194292 dB
		SNR medio:  16.255857010963073
		Usuarios totais: 7
$x_{2,26}$
	 $y_{2,26,4}$ = 11.466088158075536 dB
	 $y_{2,26,16}$ = 35.58519315943954 dB
	 $y_{2,26,19}$ = 12.817301791835291 dB
	 $y_{2,26,28}$ = 15.248500037387132 dB
	 $y_{2,26,44}$ = 10.211231654950808 dB
	 $y_{2,26,55}$ = 16.443483648156217 dB
	 $y_{2,26,5}$ = 10.782435004273509 dB
	 $y_{2,26,13}$ = 17.226489943545715 dB
	 $y_{2,26,14}$ = 17.803885676901146 dB
	 $y_{2,26,33}$ = 18.226784897818106 dB
	 $y_{2,26,39}$ = 20.67436335517 dB
	 $y_{2,26,46}$ = 18.207869180124916 dB
	 $y_{2,26,48}$ = 11.20189961494711 dB
	 $y_{2,26,49}$ = 11.289697733974293 dB
	 $y_{2,26,75}$ = 10.9014304722606 dB
		SNR medio:  10.35159366647217
		Usuarios totais: 23
$x_{2,68}$
	 $y_{2,68,59}$ = 28.924834385828376 dB
	 $y_{2,68,67}$ = 27.118873219181552 dB
	 $y_{2,68,68}$ = 88.55954745586564 dB
	 $y_{2,68,77}$ = 21.213694800396723 dB
	 $y_{2,68,78}$ = 37.131763312080494 dB
	 $y_{2,68,79}$ = 31.73065439799005 dB
	 $y_{2,68,88}$ = 19.74809152320259 dB
	 $y_{2,68,89}$ = 17.351276426178018 dB
	 $y_{2,68,97}$ = 19.226287770400603 dB
	 $y_{2,68,98}$ = 16.100961530286156 dB
	 $y_{2,68,99}$ = 15.54823928923922 dB
		SNR medio:  26.88785200922079
		Usuarios totais: 12
$x_{2,80}$
	 $y_{2,80,61}$ = 11.910713376703768 dB
	 $y_{2,80,80}$ = 87.00032659943454 dB
		SNR medio:  32.97034665871277
		Usuarios totais: 3
$x_{2,84}$
	 $y_{2,84,64}$ = 13.861718922020088 dB
	 $y_{2,84,65}$ = 19.904323000537275 dB
	 $y_{2,84,74}$ = 31.216797721499546 dB
	 $y_{2,84,76}$ = 18.998183399837174 dB
	 $y_{2,84,85}$ = 34.4742152415957 dB
	 $y_{2,84,94}$ = 31.00093135595344 dB
	 $y_{2,84,95}$ = 20.253088374319148 dB
	 $y_{2,84,62}$ = 13.069196699828609 dB
	 $y_{2,84,81}$ = 13.147285556746297 dB
	 $y_{2,84,84}$ = 84.52403371282134 dB
	 $y_{2,84,91}$ = 13.127465533577208 dB
	 $y_{2,84,92}$ = 14.345761712096106 dB
		SNR medio:  7.698075030770798
		Usuarios totais: 40
Distances:
22 : 26 = 1600.0
22 : 68 = 2884.4410203711914
22 : 80 = 2529.8221281347037
22 : 84 = 2529.8221281347037
26 : 68 = 1788.8543819998317
26 : 80 = 3394.1125496954282
26 : 84 = 2529.8221281347037
68 : 80 = 3298.4845004941285
68 : 84 = 1788.8543819998317
80 : 84 = 1600.0
t=3
Antennas: [22 26 61 68 80 84]
Users: [ 0  1  2  3  9 11 13 14 15 16 18 19 20 23 24 25 27 28 31 34 35 40 41 43
 45 47 48 50 52 53 55 57 58 59 61 62 64 65 68 69 70 74 75 76 78 80 81 82
 83 84 85 86 87 88 90 92 93 96 97 98 99]
MinSINR:  10.0
$x_{3,22}$
	 $y_{3,22,0}$ = 10.891072653549372 dB
	 $y_{3,22,1}$ = 17.532184594173273 dB
	 $y_{3,22,2}$ = 18.025996777652722 dB
	 $y_{3,22,3}$ = 13.09034645573324 dB
	 $y_{3,22,11}$ = 38.821881255774144 dB
	 $y_{3,22,20}$ = 21.88941702000554 dB
	 $y_{3,22,23}$ = 31.00718489177713 dB
	 $y_{3,22,13}$ = 31.68352513608741 dB
	 $y_{3,22,14}$ = 16.825200599065 dB
	 $y_{3,22,24}$ = 16.28492036547111 dB
	 $y_{3,22,25}$ = 12.547701117043061 dB
	 $y_{3,22,31}$ = 28.823562403033506 dB
	 $y_{3,22,34}$ = 17.843870652557186 dB
	 $y_{3,22,35}$ = 19.49221467474777 dB
	 $y_{3,22,40}$ = 15.966803798441191 dB
	 $y_{3,22,41}$ = 13.14132160547544 dB
	 $y_{3,22,43}$ = 12.304132332613904 dB
	 $y_{3,22,52}$ = 11.04293751179074 dB
	 $y_{3,22,50}$ = 10.249181878194292 dB
		SNR medio:  15.541889379268962
		Usuarios totais: 23
$x_{3,26}$
	 $y_{3,26,9}$ = 13.05665943823621 dB
	 $y_{3,26,15}$ = 34.940899730914886 dB
	 $y_{3,26,16}$ = 35.58519315943954 dB
	 $y_{3,26,19}$ = 12.817301791835291 dB
	 $y_{3,26,27}$ = 26.826279771205336 dB
	 $y_{3,26,28}$ = 15.248500037387132 dB
	 $y_{3,26,55}$ = 16.443483648156217 dB
		SNR medio:  17.213146397463845
		Usuarios totais: 9
$x_{3,61}$
	 $y_{3,61,61}$ = 87.77521155711133 dB
		SNR medio:  43.88760577855567
		Usuarios totais: 2
$x_{3,68}$
	 $y_{3,68,57}$ = 19.876491593092183 dB
	 $y_{3,68,58}$ = 24.992527909188368 dB
	 $y_{3,68,59}$ = 28.924834385828376 dB
	 $y_{3,68,68}$ = 88.55954745586564 dB
	 $y_{3,68,69}$ = 40.741307079527076 dB
	 $y_{3,68,78}$ = 37.131763312080494 dB
	 $y_{3,68,88}$ = 19.74809152320259 dB
	 $y_{3,68,97}$ = 19.226287770400603 dB
	 $y_{3,68,98}$ = 16.100961530286156 dB
	 $y_{3,68,99}$ = 15.54823928923922 dB
	 $y_{3,68,18}$ = 10.161083588796942 dB
	 $y_{3,68,45}$ = 10.075237885142258 dB
	 $y_{3,68,47}$ = 13.053431653500212 dB
	 $y_{3,68,48}$ = 20.60899454129786 dB
	 $y_{3,68,87}$ = 16.789083722155226 dB
	 $y_{3,68,75}$ = 10.92618857891398 dB
		SNR medio:  14.535706363648785
		Usuarios totais: 27
$x_{3,80}$
	 $y_{3,80,90}$ = 28.03820597609804 dB
	 $y_{3,80,70}$ = 24.33568282423633 dB
	 $y_{3,80,80}$ = 87.00032659943454 dB
	 $y_{3,80,62}$ = 12.209031997786127 dB
	 $y_{3,80,81}$ = 28.714072766320996 dB
	 $y_{3,80,82}$ = 15.543911146684891 dB
	 $y_{3,80,83}$ = 13.963757727839663 dB
	 $y_{3,80,92}$ = 17.422241712952612 dB
	 $y_{3,80,53}$ = 13.728148860684172 dB
		SNR medio:  15.059711225752332
		Usuarios totais: 16
$x_{3,84}$
	 $y_{3,84,65}$ = 19.904323000537275 dB
	 $y_{3,84,76}$ = 18.998183399837174 dB
	 $y_{3,84,85}$ = 34.4742152415957 dB
	 $y_{3,84,86}$ = 21.312152247031662 dB
	 $y_{3,84,96}$ = 16.043090518035328 dB
	 $y_{3,84,64}$ = 13.861718922020088 dB
	 $y_{3,84,74}$ = 31.216797721499546 dB
	 $y_{3,84,84}$ = 84.52403371282134 dB
	 $y_{3,84,93}$ = 25.232692894830734 dB
		SNR medio:  6.639180191455222
		Usuarios totais: 40
Distances:
22 : 26 = 1600.0
22 : 61 = 1649.2422502470642
22 : 68 = 2884.4410203711914
22 : 80 = 2529.8221281347037
22 : 84 = 2529.8221281347037
26 : 61 = 2561.2496949731394
26 : 68 = 1788.8543819998317
26 : 80 = 3394.1125496954282
26 : 84 = 2529.8221281347037
61 : 68 = 2800.0
61 : 80 = 894.4271909999159
61 : 84 = 1442.2205101855957
68 : 80 = 3298.4845004941285
68 : 84 = 1788.8543819998317
80 : 84 = 1600.0
t=4
Antennas: [22 26 56 61 68 80 84]
Users: [ 0  2  3  5  7 12 13 15 16 19 20 21 22 25 26 27 28 29 32 34 36 37 38 39
 42 43 44 45 47 48 49 50 51 52 53 54 57 58 61 64 65 66 67 68 69 70 73 74
 75 76 77 79 81 82 83 84 85 86 87 88 89 90 91 94 95 97 98 99]
MinSINR:  10.0
$x_{4,22}$
	 $y_{4,22,0}$ = 10.891072653549372 dB
	 $y_{4,22,2}$ = 18.025996777652722 dB
	 $y_{4,22,3}$ = 13.09034645573324 dB
	 $y_{4,22,12}$ = 28.937672060774602 dB
	 $y_{4,22,20}$ = 21.88941702000554 dB
	 $y_{4,22,21}$ = 25.22340236621102 dB
	 $y_{4,22,5}$ = 12.783096673194166 dB
	 $y_{4,22,13}$ = 31.68352513608741 dB
	 $y_{4,22,22}$ = 99.13234964120025 dB
	 $y_{4,22,25}$ = 12.547701117043061 dB
	 $y_{4,22,32}$ = 31.814808793149083 dB
	 $y_{4,22,34}$ = 17.843870652557186 dB
	 $y_{4,22,43}$ = 12.304132332613904 dB
	 $y_{4,22,42}$ = 15.077811466868468 dB
	 $y_{4,22,50}$ = 10.249181878194292 dB
	 $y_{4,22,52}$ = 11.04293751179074 dB
	 $y_{4,22,54}$ = 13.682018804817972 dB
		SNR medio:  14.304420049683076
		Usuarios totais: 27
$x_{4,26}$
	 $y_{4,26,7}$ = 16.732750977490085 dB
	 $y_{4,26,15}$ = 34.940899730914886 dB
	 $y_{4,26,19}$ = 12.817301791835291 dB
	 $y_{4,26,28}$ = 15.248500037387132 dB
	 $y_{4,26,29}$ = 19.44759080169436 dB
	 $y_{4,26,16}$ = 35.58519315943954 dB
	 $y_{4,26,26}$ = 87.5992579486207 dB
	 $y_{4,26,27}$ = 26.826279771205336 dB
	 $y_{4,26,38}$ = 15.550288042965974 dB
	 $y_{4,26,39}$ = 20.67436335517 dB
	 $y_{4,26,44}$ = 10.211231654950808 dB
	 $y_{4,26,48}$ = 11.20189961494711 dB
	 $y_{4,26,53}$ = 13.302640967047822 dB
	 $y_{4,26,75}$ = 10.9014304722606 dB
		SNR medio:  13.241585133037185
		Usuarios totais: 25
$x_{4,56}$
	 $y_{4,56,85}$ = 13.754230314333256 dB
	 $y_{4,56,74}$ = 14.787982190096528 dB
		SNR medio:  2.8542212504429783
		Usuarios totais: 10
$x_{4,61}$
	 $y_{4,61,61}$ = 87.77521155711133 dB
		SNR medio:  87.77521155711133
		Usuarios totais: 1
$x_{4,68}$
	 $y_{4,68,69}$ = 40.741307079527076 dB
	 $y_{4,68,77}$ = 21.213694800396723 dB
	 $y_{4,68,89}$ = 17.351276426178018 dB
	 $y_{4,68,97}$ = 19.226287770400603 dB
	 $y_{4,68,99}$ = 15.54823928923922 dB
	 $y_{4,68,57}$ = 19.876491593092183 dB
	 $y_{4,68,58}$ = 24.992527909188368 dB
	 $y_{4,68,67}$ = 27.118873219181552 dB
	 $y_{4,68,68}$ = 88.55954745586564 dB
	 $y_{4,68,79}$ = 31.73065439799005 dB
	 $y_{4,68,87}$ = 16.789083722155226 dB
	 $y_{4,68,88}$ = 19.74809152320259 dB
	 $y_{4,68,98}$ = 16.100961530286156 dB
	 $y_{4,68,36}$ = 15.152818867737608 dB
	 $y_{4,68,37}$ = 12.21622285182238 dB
	 $y_{4,68,45}$ = 10.075237885142258 dB
	 $y_{4,68,47}$ = 13.053431653500212 dB
	 $y_{4,68,49}$ = 18.195487715502352 dB
	 $y_{4,68,66}$ = 24.249117106189956 dB
		SNR medio:  11.58818853324611
		Usuarios totais: 39
$x_{4,80}$
	 $y_{4,80,90}$ = 28.03820597609804 dB
	 $y_{4,80,51}$ = 12.895849497084953 dB
	 $y_{4,80,70}$ = 24.33568282423633 dB
	 $y_{4,80,82}$ = 15.543911146684891 dB
	 $y_{4,80,83}$ = 13.963757727839663 dB
	 $y_{4,80,73}$ = 10.31989109505875 dB
		SNR medio:  6.182194015706037
		Usuarios totais: 17
$x_{4,84}$
	 $y_{4,84,94}$ = 31.00093135595344 dB
	 $y_{4,84,95}$ = 20.253088374319148 dB
	 $y_{4,84,65}$ = 19.904323000537275 dB
	 $y_{4,84,76}$ = 18.998183399837174 dB
	 $y_{4,84,84}$ = 84.52403371282134 dB
	 $y_{4,84,86}$ = 21.312152247031662 dB
	 $y_{4,84,91}$ = 13.127465533577208 dB
	 $y_{4,84,64}$ = 13.861718922020088 dB
	 $y_{4,84,81}$ = 13.147285556746297 dB
		SNR medio:  5.903229552571091
		Usuarios totais: 40
Distances:
22 : 26 = 1600.0
22 : 56 = 2000.0
22 : 61 = 1649.2422502470642
22 : 68 = 2884.4410203711914
22 : 80 = 2529.8221281347037
22 : 84 = 2529.8221281347037
26 : 56 = 1200.0
26 : 61 = 2561.2496949731394
26 : 68 = 1788.8543819998317
26 : 80 = 3394.1125496954282
26 : 84 = 2529.8221281347037
56 : 61 = 2039.607805437114
56 : 68 = 894.4271909999159
56 : 80 = 2683.281572999748
56 : 84 = 1442.2205101855957
61 : 68 = 2800.0
61 : 80 = 894.4271909999159
61 : 84 = 1442.2205101855957
68 : 80 = 3298.4845004941285
68 : 84 = 1788.8543819998317
80 : 84 = 1600.0
t=5
Antennas: [22 26 56 61 68 80 84]
Users: [ 0  1  3  4  5  7  8 11 12 14 15 17 20 21 22 23 25 26 27 29 31 32 33 34
 36 37 38 39 40 41 42 43 44 45 46 47 48 49 50 51 52 53 54 55 56 57 58 60
 62 64 65 66 67 69 70 71 72 74 75 76 77 78 79 80 81 82 84 85 86 87 88 89
 90 91 93 95 96 97 98]
MinSINR:  10.0
$x_{5,22}$
	 $y_{5,22,0}$ = 10.891072653549372 dB
	 $y_{5,22,1}$ = 17.532184594173273 dB
	 $y_{5,22,3}$ = 13.09034645573324 dB
	 $y_{5,22,11}$ = 38.821881255774144 dB
	 $y_{5,22,12}$ = 28.937672060774602 dB
	 $y_{5,22,20}$ = 21.88941702000554 dB
	 $y_{5,22,21}$ = 25.22340236621102 dB
	 $y_{5,22,5}$ = 12.783096673194166 dB
	 $y_{5,22,14}$ = 16.825200599065 dB
	 $y_{5,22,22}$ = 99.13234964120025 dB
	 $y_{5,22,23}$ = 31.00718489177713 dB
	 $y_{5,22,25}$ = 12.547701117043061 dB
	 $y_{5,22,31}$ = 28.823562403033506 dB
	 $y_{5,22,32}$ = 31.814808793149083 dB
	 $y_{5,22,33}$ = 30.14281876109615 dB
	 $y_{5,22,34}$ = 17.843870652557186 dB
	 $y_{5,22,40}$ = 15.966803798441191 dB
	 $y_{5,22,41}$ = 13.14132160547544 dB
	 $y_{5,22,43}$ = 12.304132332613904 dB
	 $y_{5,22,42}$ = 15.077811466868468 dB
	 $y_{5,22,54}$ = 13.682018804817972 dB
		SNR medio:  13.012273280680864
		Usuarios totais: 39
$x_{5,26}$
	 $y_{5,26,4}$ = 11.466088158075536 dB
	 $y_{5,26,7}$ = 16.732750977490085 dB
	 $y_{5,26,8}$ = 20.548175747817695 dB
	 $y_{5,26,15}$ = 34.940899730914886 dB
	 $y_{5,26,17}$ = 28.802136540292878 dB
	 $y_{5,26,29}$ = 19.44759080169436 dB
	 $y_{5,26,26}$ = 87.5992579486207 dB
	 $y_{5,26,27}$ = 26.826279771205336 dB
	 $y_{5,26,38}$ = 15.550288042965974 dB
	 $y_{5,26,39}$ = 20.67436335517 dB
	 $y_{5,26,44}$ = 10.211231654950808 dB
	 $y_{5,26,48}$ = 11.20189961494711 dB
	 $y_{5,26,55}$ = 16.443483648156217 dB
	 $y_{5,26,87}$ = 12.84931716683343 dB
	 $y_{5,26,46}$ = 18.207869180124916 dB
	 $y_{5,26,36}$ = 34.39447788810647 dB
	 $y_{5,26,37}$ = 22.87467054808242 dB
	 $y_{5,26,45}$ = 19.653919164002133 dB
	 $y_{5,26,49}$ = 11.289697733974293 dB
		SNR medio:  10.99285994183563
		Usuarios totais: 40
$x_{5,56}$
	 $y_{5,56,56}$ = 97.21751520922547 dB
		SNR medio:  48.608757604612734
		Usuarios totais: 2
$x_{5,61}$
	 $y_{5,61,64}$ = 13.89257723864192 dB
	 $y_{5,61,74}$ = 12.522237080608633 dB
	 $y_{5,61,52}$ = 21.44568021127965 dB
		SNR medio:  6.837213504361458
		Usuarios totais: 7
$x_{5,68}$
	 $y_{5,68,69}$ = 40.741307079527076 dB
	 $y_{5,68,77}$ = 21.213694800396723 dB
	 $y_{5,68,89}$ = 17.351276426178018 dB
	 $y_{5,68,97}$ = 19.226287770400603 dB
	 $y_{5,68,57}$ = 19.876491593092183 dB
	 $y_{5,68,58}$ = 24.992527909188368 dB
	 $y_{5,68,67}$ = 27.118873219181552 dB
	 $y_{5,68,78}$ = 37.131763312080494 dB
	 $y_{5,68,79}$ = 31.73065439799005 dB
	 $y_{5,68,88}$ = 19.74809152320259 dB
	 $y_{5,68,98}$ = 16.100961530286156 dB
	 $y_{5,68,47}$ = 13.053431653500212 dB
	 $y_{5,68,66}$ = 24.249117106189956 dB
		SNR medio:  14.206112650964274
		Usuarios totais: 22
$x_{5,80}$
	 $y_{5,80,90}$ = 28.03820597609804 dB
	 $y_{5,80,51}$ = 12.895849497084953 dB
	 $y_{5,80,60}$ = 20.67086184811363 dB
	 $y_{5,80,70}$ = 24.33568282423633 dB
	 $y_{5,80,80}$ = 87.00032659943454 dB
	 $y_{5,80,62}$ = 12.209031997786127 dB
	 $y_{5,80,71}$ = 24.147240619353 dB
	 $y_{5,80,81}$ = 28.714072766320996 dB
	 $y_{5,80,82}$ = 15.543911146684891 dB
	 $y_{5,80,53}$ = 13.728148860684172 dB
	 $y_{5,80,50}$ = 13.739607510523456 dB
	 $y_{5,80,72}$ = 12.300876080938167 dB
	 $y_{5,80,75}$ = 13.262715229316655 dB
		SNR medio:  7.664663273914373
		Usuarios totais: 40
$x_{5,84}$
	 $y_{5,84,95}$ = 20.253088374319148 dB
	 $y_{5,84,96}$ = 16.043090518035328 dB
	 $y_{5,84,65}$ = 19.904323000537275 dB
	 $y_{5,84,76}$ = 18.998183399837174 dB
	 $y_{5,84,84}$ = 84.52403371282134 dB
	 $y_{5,84,85}$ = 34.4742152415957 dB
	 $y_{5,84,86}$ = 21.312152247031662 dB
	 $y_{5,84,91}$ = 13.127465533577208 dB
	 $y_{5,84,93}$ = 25.232692894830734 dB
		SNR medio:  6.3467311230646395
		Usuarios totais: 40
Distances:
22 : 26 = 1600.0
22 : 56 = 2000.0
22 : 61 = 1649.2422502470642
22 : 68 = 2884.4410203711914
22 : 80 = 2529.8221281347037
22 : 84 = 2529.8221281347037
26 : 56 = 1200.0
26 : 61 = 2561.2496949731394
26 : 68 = 1788.8543819998317
26 : 80 = 3394.1125496954282
26 : 84 = 2529.8221281347037
56 : 61 = 2039.607805437114
56 : 68 = 894.4271909999159
56 : 80 = 2683.281572999748
56 : 84 = 1442.2205101855957
61 : 68 = 2800.0
61 : 80 = 894.4271909999159
61 : 84 = 1442.2205101855957
68 : 80 = 3298.4845004941285
68 : 84 = 1788.8543819998317
80 : 84 = 1600.0
t=6
Antennas: [22 26 56 61 68 80 84]
Users: [ 0  2  4  5  6  7  8  9 10 11 12 13 14 15 18 19 20 21 23 25 28 30 31 32
 33 34 35 36 37 38 39 40 41 42 43 44 46 47 48 49 50 51 52 53 54 55 56 57
 58 59 60 61 62 63 66 68 70 72 74 76 77 80 81 82 85 87 88 89 90 91 92 93
 94 95 97 98 99]
MinSINR:  10.0
$x_{6,22}$
	 $y_{6,22,0}$ = 10.891072653549372 dB
	 $y_{6,22,2}$ = 18.025996777652722 dB
	 $y_{6,22,10}$ = 23.411858651143746 dB
	 $y_{6,22,11}$ = 38.821881255774144 dB
	 $y_{6,22,12}$ = 28.937672060774602 dB
	 $y_{6,22,20}$ = 21.88941702000554 dB
	 $y_{6,22,21}$ = 25.22340236621102 dB
	 $y_{6,22,30}$ = 21.27244083102852 dB
	 $y_{6,22,23}$ = 31.00718489177713 dB
	 $y_{6,22,31}$ = 28.823562403033506 dB
	 $y_{6,22,32}$ = 31.814808793149083 dB
	 $y_{6,22,40}$ = 15.966803798441191 dB
	 $y_{6,22,41}$ = 13.14132160547544 dB
	 $y_{6,22,43}$ = 12.304132332613904 dB
	 $y_{6,22,35}$ = 19.49221467474777 dB
	 $y_{6,22,54}$ = 13.682018804817972 dB
	 $y_{6,22,42}$ = 15.077811466868468 dB
	 $y_{6,22,50}$ = 10.249181878194292 dB
	 $y_{6,22,52}$ = 11.04293751179074 dB
		SNR medio:  10.569614048028356
		Usuarios totais: 37
$x_{6,26}$
	 $y_{6,26,4}$ = 11.466088158075536 dB
	 $y_{6,26,6}$ = 21.634467269800865 dB
	 $y_{6,26,7}$ = 16.732750977490085 dB
	 $y_{6,26,8}$ = 20.548175747817695 dB
	 $y_{6,26,9}$ = 13.05665943823621 dB
	 $y_{6,26,15}$ = 34.940899730914886 dB
	 $y_{6,26,19}$ = 12.817301791835291 dB
	 $y_{6,26,28}$ = 15.248500037387132 dB
	 $y_{6,26,5}$ = 10.782435004273509 dB
	 $y_{6,26,13}$ = 17.226489943545715 dB
	 $y_{6,26,14}$ = 17.803885676901146 dB
	 $y_{6,26,25}$ = 28.73604582509364 dB
	 $y_{6,26,33}$ = 18.226784897818106 dB
	 $y_{6,26,34}$ = 14.207955192300176 dB
	 $y_{6,26,38}$ = 15.550288042965974 dB
	 $y_{6,26,39}$ = 20.67436335517 dB
	 $y_{6,26,44}$ = 10.211231654950808 dB
	 $y_{6,26,48}$ = 11.20189961494711 dB
		SNR medio:  7.776655558988097
		Usuarios totais: 40
$x_{6,56}$
	 $y_{6,56,55}$ = 28.884115076423512 dB
	 $y_{6,56,56}$ = 97.21751520922547 dB
		SNR medio:  42.03387676188299
		Usuarios totais: 3
$x_{6,61}$
	 $y_{6,61,61}$ = 87.77521155711133 dB
		SNR medio:  29.258403852370446
		Usuarios totais: 3
$x_{6,68}$
	 $y_{6,68,77}$ = 21.213694800396723 dB
	 $y_{6,68,89}$ = 17.351276426178018 dB
	 $y_{6,68,97}$ = 19.226287770400603 dB
	 $y_{6,68,99}$ = 15.54823928923922 dB
	 $y_{6,68,87}$ = 16.789083722155226 dB
	 $y_{6,68,18}$ = 10.161083588796942 dB
	 $y_{6,68,36}$ = 15.152818867737608 dB
	 $y_{6,68,37}$ = 12.21622285182238 dB
	 $y_{6,68,47}$ = 13.053431653500212 dB
	 $y_{6,68,49}$ = 18.195487715502352 dB
	 $y_{6,68,57}$ = 19.876491593092183 dB
	 $y_{6,68,58}$ = 24.992527909188368 dB
	 $y_{6,68,59}$ = 28.924834385828376 dB
	 $y_{6,68,68}$ = 88.55954745586564 dB
	 $y_{6,68,88}$ = 19.74809152320259 dB
	 $y_{6,68,98}$ = 16.100961530286156 dB
	 $y_{6,68,66}$ = 24.249117106189956 dB
		SNR medio:  11.556339339072197
		Usuarios totais: 33
$x_{6,80}$
	 $y_{6,80,90}$ = 28.03820597609804 dB
	 $y_{6,80,51}$ = 12.895849497084953 dB
	 $y_{6,80,60}$ = 20.67086184811363 dB
	 $y_{6,80,70}$ = 24.33568282423633 dB
	 $y_{6,80,80}$ = 87.00032659943454 dB
	 $y_{6,80,91}$ = 26.282138694809007 dB
	 $y_{6,80,53}$ = 13.728148860684172 dB
	 $y_{6,80,62}$ = 12.209031997786127 dB
	 $y_{6,80,63}$ = 12.01078445650137 dB
	 $y_{6,80,72}$ = 12.300876080938167 dB
	 $y_{6,80,81}$ = 28.714072766320996 dB
	 $y_{6,80,82}$ = 15.543911146684891 dB
	 $y_{6,80,92}$ = 17.422241712952612 dB
		SNR medio:  9.428852498837722
		Usuarios totais: 33
$x_{6,84}$
	 $y_{6,84,94}$ = 31.00093135595344 dB
	 $y_{6,84,95}$ = 20.253088374319148 dB
	 $y_{6,84,46}$ = 12.035023205862728 dB
	 $y_{6,84,76}$ = 18.998183399837174 dB
	 $y_{6,84,85}$ = 34.4742152415957 dB
	 $y_{6,84,93}$ = 25.232692894830734 dB
	 $y_{6,84,74}$ = 31.216797721499546 dB
		SNR medio:  15.746448381263496
		Usuarios totais: 11
Distances:
22 : 26 = 1600.0
22 : 56 = 2000.0
22 : 61 = 1649.2422502470642
22 : 68 = 2884.4410203711914
22 : 80 = 2529.8221281347037
22 : 84 = 2529.8221281347037
26 : 56 = 1200.0
26 : 61 = 2561.2496949731394
26 : 68 = 1788.8543819998317
26 : 80 = 3394.1125496954282
26 : 84 = 2529.8221281347037
56 : 61 = 2039.607805437114
56 : 68 = 894.4271909999159
56 : 80 = 2683.281572999748
56 : 84 = 1442.2205101855957
61 : 68 = 2800.0
61 : 80 = 894.4271909999159
61 : 84 = 1442.2205101855957
68 : 80 = 3298.4845004941285
68 : 84 = 1788.8543819998317
80 : 84 = 1600.0
t=7
Antennas: [22 26 56 61 68 80 84]
Users: [ 0  1  2  3  6  7  8 10 12 13 15 16 17 18 19 22 23 24 25 26 27 30 31 32
 33 34 35 36 37 38 39 42 43 44 45 46 48 50 51 52 53 55 57 59 60 61 62 63
 66 67 69 70 71 72 73 75 76 77 78 79 81 84 85 87 88 89 93 96 97]
MinSINR:  10.0
$x_{7,22}$
	 $y_{7,22,0}$ = 10.891072653549372 dB
	 $y_{7,22,1}$ = 17.532184594173273 dB
	 $y_{7,22,2}$ = 18.025996777652722 dB
	 $y_{7,22,3}$ = 13.09034645573324 dB
	 $y_{7,22,10}$ = 23.411858651143746 dB
	 $y_{7,22,12}$ = 28.937672060774602 dB
	 $y_{7,22,30}$ = 21.27244083102852 dB
	 $y_{7,22,13}$ = 31.68352513608741 dB
	 $y_{7,22,22}$ = 99.13234964120025 dB
	 $y_{7,22,23}$ = 31.00718489177713 dB
	 $y_{7,22,24}$ = 16.28492036547111 dB
	 $y_{7,22,25}$ = 12.547701117043061 dB
	 $y_{7,22,31}$ = 28.823562403033506 dB
	 $y_{7,22,32}$ = 31.814808793149083 dB
	 $y_{7,22,33}$ = 30.14281876109615 dB
	 $y_{7,22,34}$ = 17.843870652557186 dB
	 $y_{7,22,43}$ = 12.304132332613904 dB
	 $y_{7,22,35}$ = 19.49221467474777 dB
	 $y_{7,22,42}$ = 15.077811466868468 dB
		SNR medio:  11.982911806492513
		Usuarios totais: 40
$x_{7,26}$
	 $y_{7,26,6}$ = 21.634467269800865 dB
	 $y_{7,26,7}$ = 16.732750977490085 dB
	 $y_{7,26,8}$ = 20.548175747817695 dB
	 $y_{7,26,15}$ = 34.940899730914886 dB
	 $y_{7,26,17}$ = 28.802136540292878 dB
	 $y_{7,26,19}$ = 12.817301791835291 dB
	 $y_{7,26,16}$ = 35.58519315943954 dB
	 $y_{7,26,26}$ = 87.5992579486207 dB
	 $y_{7,26,27}$ = 26.826279771205336 dB
	 $y_{7,26,38}$ = 15.550288042965974 dB
	 $y_{7,26,39}$ = 20.67436335517 dB
	 $y_{7,26,44}$ = 10.211231654950808 dB
	 $y_{7,26,48}$ = 11.20189961494711 dB
	 $y_{7,26,55}$ = 16.443483648156217 dB
	 $y_{7,26,87}$ = 12.84931716683343 dB
	 $y_{7,26,18}$ = 11.609737382626662 dB
	 $y_{7,26,36}$ = 34.39447788810647 dB
	 $y_{7,26,37}$ = 22.87467054808242 dB
	 $y_{7,26,45}$ = 19.653919164002133 dB
	 $y_{7,26,46}$ = 18.207869180124916 dB
	 $y_{7,26,53}$ = 13.302640967047822 dB
	 $y_{7,26,75}$ = 10.9014304722606 dB
		SNR medio:  13.982272000630326
		Usuarios totais: 36
$x_{7,56}$
		Usuarios totais: 0
$x_{7,61}$
	 $y_{7,61,51}$ = 29.535778815184244 dB
	 $y_{7,61,60}$ = 28.486677534727477 dB
	 $y_{7,61,61}$ = 87.77521155711133 dB
	 $y_{7,61,70}$ = 27.57421539796323 dB
	 $y_{7,61,50}$ = 30.017039701038044 dB
	 $y_{7,61,52}$ = 21.44568021127965 dB
	 $y_{7,61,72}$ = 26.498839748607637 dB
		SNR medio:  22.848494815082873
		Usuarios totais: 11
$x_{7,68}$
	 $y_{7,68,69}$ = 40.741307079527076 dB
	 $y_{7,68,77}$ = 21.213694800396723 dB
	 $y_{7,68,89}$ = 17.351276426178018 dB
	 $y_{7,68,97}$ = 19.226287770400603 dB
	 $y_{7,68,57}$ = 19.876491593092183 dB
	 $y_{7,68,59}$ = 28.924834385828376 dB
	 $y_{7,68,67}$ = 27.118873219181552 dB
	 $y_{7,68,78}$ = 37.131763312080494 dB
	 $y_{7,68,79}$ = 31.73065439799005 dB
	 $y_{7,68,88}$ = 19.74809152320259 dB
		SNR medio:  13.153163725393881
		Usuarios totais: 20
$x_{7,80}$
		Usuarios totais: 0
$x_{7,84}$
	 $y_{7,84,96}$ = 16.043090518035328 dB
	 $y_{7,84,76}$ = 18.998183399837174 dB
	 $y_{7,84,84}$ = 84.52403371282134 dB
	 $y_{7,84,85}$ = 34.4742152415957 dB
	 $y_{7,84,93}$ = 25.232692894830734 dB
	 $y_{7,84,62}$ = 13.069196699828609 dB
	 $y_{7,84,63}$ = 17.019211440798884 dB
	 $y_{7,84,71}$ = 10.038499443381482 dB
	 $y_{7,84,81}$ = 13.147285556746297 dB
	 $y_{7,84,66}$ = 17.497297754570525 dB
	 $y_{7,84,73}$ = 19.7561283263518 dB
		SNR medio:  10.376916730338381
		Usuarios totais: 26
Distances:
22 : 26 = 1600.0
22 : 56 = 2000.0
22 : 61 = 1649.2422502470642
22 : 68 = 2884.4410203711914
22 : 80 = 2529.8221281347037
22 : 84 = 2529.8221281347037
26 : 56 = 1200.0
26 : 61 = 2561.2496949731394
26 : 68 = 1788.8543819998317
26 : 80 = 3394.1125496954282
26 : 84 = 2529.8221281347037
56 : 61 = 2039.607805437114
56 : 68 = 894.4271909999159
56 : 80 = 2683.281572999748
56 : 84 = 1442.2205101855957
61 : 68 = 2800.0
61 : 80 = 894.4271909999159
61 : 84 = 1442.2205101855957
68 : 80 = 3298.4845004941285
68 : 84 = 1788.8543819998317
80 : 84 = 1600.0
t=8
Antennas: [22 26 56 61 68 80 84]
Users: [ 1  3  4  5  7  8  9 10 12 13 17 18 20 21 22 24 27 31 32 33 36 37 38 48
 50 51 52 53 54 55 56 58 59 60 61 63 64 66 68 71 73 77 78 79 80 82 83 84
 85 86 87 88 89 91 92 93 94 96 97 99]
MinSINR:  10.0
$x_{8,22}$
	 $y_{8,22,1}$ = 17.532184594173273 dB
	 $y_{8,22,3}$ = 13.09034645573324 dB
	 $y_{8,22,10}$ = 23.411858651143746 dB
	 $y_{8,22,12}$ = 28.937672060774602 dB
	 $y_{8,22,20}$ = 21.88941702000554 dB
	 $y_{8,22,21}$ = 25.22340236621102 dB
	 $y_{8,22,5}$ = 12.783096673194166 dB
	 $y_{8,22,13}$ = 31.68352513608741 dB
	 $y_{8,22,22}$ = 99.13234964120025 dB
	 $y_{8,22,24}$ = 16.28492036547111 dB
	 $y_{8,22,31}$ = 28.823562403033506 dB
	 $y_{8,22,32}$ = 31.814808793149083 dB
	 $y_{8,22,33}$ = 30.14281876109615 dB
	 $y_{8,22,50}$ = 10.249181878194292 dB
	 $y_{8,22,52}$ = 11.04293751179074 dB
	 $y_{8,22,54}$ = 13.682018804817972 dB
		SNR medio:  15.39718893022504
		Usuarios totais: 27
$x_{8,26}$
	 $y_{8,26,4}$ = 11.466088158075536 dB
	 $y_{8,26,7}$ = 16.732750977490085 dB
	 $y_{8,26,8}$ = 20.548175747817695 dB
	 $y_{8,26,9}$ = 13.05665943823621 dB
	 $y_{8,26,17}$ = 28.802136540292878 dB
	 $y_{8,26,27}$ = 26.826279771205336 dB
	 $y_{8,26,38}$ = 15.550288042965974 dB
	 $y_{8,26,48}$ = 11.20189961494711 dB
	 $y_{8,26,55}$ = 16.443483648156217 dB
		SNR medio:  10.70851746261247
		Usuarios totais: 15
$x_{8,56}$
	 $y_{8,56,56}$ = 97.21751520922547 dB
		SNR medio:  48.608757604612734
		Usuarios totais: 2
$x_{8,61}$
	 $y_{8,61,51}$ = 29.535778815184244 dB
	 $y_{8,61,60}$ = 28.486677534727477 dB
	 $y_{8,61,61}$ = 87.77521155711133 dB
		SNR medio:  20.828238272431864
		Usuarios totais: 7
$x_{8,68}$
	 $y_{8,68,77}$ = 21.213694800396723 dB
	 $y_{8,68,89}$ = 17.351276426178018 dB
	 $y_{8,68,97}$ = 19.226287770400603 dB
	 $y_{8,68,99}$ = 15.54823928923922 dB
	 $y_{8,68,58}$ = 24.992527909188368 dB
	 $y_{8,68,59}$ = 28.924834385828376 dB
	 $y_{8,68,68}$ = 88.55954745586564 dB
	 $y_{8,68,78}$ = 37.131763312080494 dB
	 $y_{8,68,79}$ = 31.73065439799005 dB
	 $y_{8,68,87}$ = 16.789083722155226 dB
	 $y_{8,68,88}$ = 19.74809152320259 dB
	 $y_{8,68,18}$ = 10.161083588796942 dB
	 $y_{8,68,36}$ = 15.152818867737608 dB
	 $y_{8,68,37}$ = 12.21622285182238 dB
	 $y_{8,68,66}$ = 24.249117106189956 dB
		SNR medio:  14.185009015076746
		Usuarios totais: 27
$x_{8,80}$
	 $y_{8,80,80}$ = 87.00032659943454 dB
		SNR medio:  87.00032659943454
		Usuarios totais: 1
$x_{8,84}$
	 $y_{8,84,94}$ = 31.00093135595344 dB
	 $y_{8,84,96}$ = 16.043090518035328 dB
	 $y_{8,84,84}$ = 84.52403371282134 dB
	 $y_{8,84,85}$ = 34.4742152415957 dB
	 $y_{8,84,86}$ = 21.312152247031662 dB
	 $y_{8,84,91}$ = 13.127465533577208 dB
	 $y_{8,84,93}$ = 25.232692894830734 dB
	 $y_{8,84,63}$ = 17.019211440798884 dB
	 $y_{8,84,64}$ = 13.861718922020088 dB
	 $y_{8,84,71}$ = 10.038499443381482 dB
	 $y_{8,84,82}$ = 13.653050510242963 dB
	 $y_{8,84,83}$ = 24.835951678780717 dB
	 $y_{8,84,92}$ = 14.345761712096106 dB
	 $y_{8,84,53}$ = 12.445276696794508 dB
	 $y_{8,84,73}$ = 19.7561283263518 dB
		SNR medio:  13.525776162858152
		Usuarios totais: 26
Distances:
22 : 26 = 1600.0
22 : 56 = 2000.0
22 : 61 = 1649.2422502470642
22 : 68 = 2884.4410203711914
22 : 80 = 2529.8221281347037
22 : 84 = 2529.8221281347037
26 : 56 = 1200.0
26 : 61 = 2561.2496949731394
26 : 68 = 1788.8543819998317
26 : 80 = 3394.1125496954282
26 : 84 = 2529.8221281347037
56 : 61 = 2039.607805437114
56 : 68 = 894.4271909999159
56 : 80 = 2683.281572999748
56 : 84 = 1442.2205101855957
61 : 68 = 2800.0
61 : 80 = 894.4271909999159
61 : 84 = 1442.2205101855957
68 : 80 = 3298.4845004941285
68 : 84 = 1788.8543819998317
80 : 84 = 1600.0
t=9
Antennas: [22 26 56 61 68 80 84]
Users: [ 0  5  7  9 11 14 16 17 18 19 23 26 27 28 29 30 32 33 34 37 38 39 40 42
 43 44 45 46 47 48 49 50 51 55 56 59 61 62 66 67 68 70 73 75 78 79 80 81
 82 83 86 88 90 92 97]
MinSINR:  10.0
$x_{9,22}$
	 $y_{9,22,0}$ = 10.891072653549372 dB
	 $y_{9,22,11}$ = 38.821881255774144 dB
	 $y_{9,22,30}$ = 21.27244083102852 dB
	 $y_{9,22,23}$ = 31.00718489177713 dB
	 $y_{9,22,32}$ = 31.814808793149083 dB
	 $y_{9,22,40}$ = 15.966803798441191 dB
	 $y_{9,22,43}$ = 12.304132332613904 dB
	 $y_{9,22,42}$ = 15.077811466868468 dB
	 $y_{9,22,50}$ = 10.249181878194292 dB
		SNR medio:  11.712832368837256
		Usuarios totais: 16
$x_{9,26}$
	 $y_{9,26,7}$ = 16.732750977490085 dB
	 $y_{9,26,9}$ = 13.05665943823621 dB
	 $y_{9,26,17}$ = 28.802136540292878 dB
	 $y_{9,26,19}$ = 12.817301791835291 dB
	 $y_{9,26,28}$ = 15.248500037387132 dB
	 $y_{9,26,29}$ = 19.44759080169436 dB
	 $y_{9,26,5}$ = 10.782435004273509 dB
	 $y_{9,26,14}$ = 17.803885676901146 dB
	 $y_{9,26,16}$ = 35.58519315943954 dB
	 $y_{9,26,26}$ = 87.5992579486207 dB
	 $y_{9,26,27}$ = 26.826279771205336 dB
	 $y_{9,26,33}$ = 18.226784897818106 dB
	 $y_{9,26,34}$ = 14.207955192300176 dB
	 $y_{9,26,38}$ = 15.550288042965974 dB
	 $y_{9,26,39}$ = 20.67436335517 dB
	 $y_{9,26,44}$ = 10.211231654950808 dB
	 $y_{9,26,48}$ = 11.20189961494711 dB
	 $y_{9,26,55}$ = 16.443483648156217 dB
	 $y_{9,26,18}$ = 11.609737382626662 dB
	 $y_{9,26,37}$ = 22.87467054808242 dB
	 $y_{9,26,45}$ = 19.653919164002133 dB
	 $y_{9,26,46}$ = 18.207869180124916 dB
	 $y_{9,26,47}$ = 16.142965988107846 dB
	 $y_{9,26,49}$ = 11.289697733974293 dB
	 $y_{9,26,75}$ = 10.9014304722606 dB
		SNR medio:  13.94161911174621
		Usuarios totais: 36
$x_{9,56}$
	 $y_{9,56,56}$ = 97.21751520922547 dB
		SNR medio:  97.21751520922547
		Usuarios totais: 1
$x_{9,61}$
	 $y_{9,61,61}$ = 87.77521155711133 dB
		SNR medio:  87.77521155711133
		Usuarios totais: 1
$x_{9,68}$
	 $y_{9,68,97}$ = 19.226287770400603 dB
	 $y_{9,68,59}$ = 28.924834385828376 dB
	 $y_{9,68,67}$ = 27.118873219181552 dB
	 $y_{9,68,68}$ = 88.55954745586564 dB
	 $y_{9,68,78}$ = 37.131763312080494 dB
	 $y_{9,68,79}$ = 31.73065439799005 dB
	 $y_{9,68,88}$ = 19.74809152320259 dB
	 $y_{9,68,66}$ = 24.249117106189956 dB
		SNR medio:  27.668916917073926
		Usuarios totais: 10
$x_{9,80}$
	 $y_{9,80,90}$ = 28.03820597609804 dB
	 $y_{9,80,51}$ = 12.895849497084953 dB
	 $y_{9,80,70}$ = 24.33568282423633 dB
	 $y_{9,80,80}$ = 87.00032659943454 dB
	 $y_{9,80,62}$ = 12.209031997786127 dB
	 $y_{9,80,81}$ = 28.714072766320996 dB
	 $y_{9,80,82}$ = 15.543911146684891 dB
	 $y_{9,80,83}$ = 13.963757727839663 dB
	 $y_{9,80,92}$ = 17.422241712952612 dB
	 $y_{9,80,73}$ = 10.31989109505875 dB
		SNR medio:  22.767542849408805
		Usuarios totais: 11
$x_{9,84}$
	 $y_{9,84,86}$ = 21.312152247031662 dB
		SNR medio:  21.312152247031662
		Usuarios totais: 1
Distances:
22 : 26 = 1600.0
22 : 56 = 2000.0
22 : 61 = 1649.2422502470642
22 : 68 = 2884.4410203711914
22 : 80 = 2529.8221281347037
22 : 84 = 2529.8221281347037
26 : 56 = 1200.0
26 : 61 = 2561.2496949731394
26 : 68 = 1788.8543819998317
26 : 80 = 3394.1125496954282
26 : 84 = 2529.8221281347037
56 : 61 = 2039.607805437114
56 : 68 = 894.4271909999159
56 : 80 = 2683.281572999748
56 : 84 = 1442.2205101855957
61 : 68 = 2800.0
61 : 80 = 894.4271909999159
61 : 84 = 1442.2205101855957
68 : 80 = 3298.4845004941285
68 : 84 = 1788.8543819998317
80 : 84 = 1600.0
t=10
Antennas: [22 26 56 61 68 80 84]
Users: [ 0  1  5  7  8  9 10 11 12 14 15 18 21 22 24 25 32 33 35 36 39 40 48 51
 54 55 56 63 65 66 69 70 71 72 73 74 83 85 90 92 94 95 96 97]
MinSINR:  10.0
$x_{10,22}$
	 $y_{10,22,0}$ = 10.891072653549372 dB
	 $y_{10,22,1}$ = 17.532184594173273 dB
	 $y_{10,22,10}$ = 23.411858651143746 dB
	 $y_{10,22,11}$ = 38.821881255774144 dB
	 $y_{10,22,12}$ = 28.937672060774602 dB
	 $y_{10,22,21}$ = 25.22340236621102 dB
	 $y_{10,22,5}$ = 12.783096673194166 dB
	 $y_{10,22,14}$ = 16.825200599065 dB
	 $y_{10,22,22}$ = 99.13234964120025 dB
	 $y_{10,22,24}$ = 16.28492036547111 dB
	 $y_{10,22,25}$ = 12.547701117043061 dB
	 $y_{10,22,32}$ = 31.814808793149083 dB
	 $y_{10,22,33}$ = 30.14281876109615 dB
	 $y_{10,22,40}$ = 15.966803798441191 dB
	 $y_{10,22,35}$ = 19.49221467474777 dB
	 $y_{10,22,54}$ = 13.682018804817972 dB
		SNR medio:  21.76263183209747
		Usuarios totais: 19
$x_{10,26}$
	 $y_{10,26,7}$ = 16.732750977490085 dB
	 $y_{10,26,8}$ = 20.548175747817695 dB
	 $y_{10,26,9}$ = 13.05665943823621 dB
	 $y_{10,26,15}$ = 34.940899730914886 dB
	 $y_{10,26,39}$ = 20.67436335517 dB
	 $y_{10,26,48}$ = 11.20189961494711 dB
	 $y_{10,26,55}$ = 16.443483648156217 dB
	 $y_{10,26,18}$ = 11.609737382626662 dB
	 $y_{10,26,36}$ = 34.39447788810647 dB
		SNR medio:  17.96024477834653
		Usuarios totais: 10
$x_{10,56}$
	 $y_{10,56,56}$ = 97.21751520922547 dB
		SNR medio:  97.21751520922547
		Usuarios totais: 1
$x_{10,61}$
		Usuarios totais: 0
$x_{10,68}$
	 $y_{10,68,69}$ = 40.741307079527076 dB
	 $y_{10,68,97}$ = 19.226287770400603 dB
		SNR medio:  19.989198283309225
		Usuarios totais: 3
$x_{10,80}$
	 $y_{10,80,90}$ = 28.03820597609804 dB
	 $y_{10,80,51}$ = 12.895849497084953 dB
	 $y_{10,80,70}$ = 24.33568282423633 dB
	 $y_{10,80,72}$ = 12.300876080938167 dB
		SNR medio:  12.928435729726248
		Usuarios totais: 6
$x_{10,84}$
	 $y_{10,84,94}$ = 31.00093135595344 dB
	 $y_{10,84,95}$ = 20.253088374319148 dB
	 $y_{10,84,96}$ = 16.043090518035328 dB
	 $y_{10,84,65}$ = 19.904323000537275 dB
	 $y_{10,84,85}$ = 34.4742152415957 dB
	 $y_{10,84,63}$ = 17.019211440798884 dB
	 $y_{10,84,71}$ = 10.038499443381482 dB
	 $y_{10,84,74}$ = 31.216797721499546 dB
	 $y_{10,84,83}$ = 24.835951678780717 dB
	 $y_{10,84,92}$ = 14.345761712096106 dB
	 $y_{10,84,66}$ = 17.497297754570525 dB
	 $y_{10,84,73}$ = 19.7561283263518 dB
		SNR medio:  18.313235469137137
		Usuarios totais: 14
Distances:
22 : 26 = 1600.0
22 : 56 = 2000.0
22 : 61 = 1649.2422502470642
22 : 68 = 2884.4410203711914
22 : 80 = 2529.8221281347037
22 : 84 = 2529.8221281347037
26 : 56 = 1200.0
26 : 61 = 2561.2496949731394
26 : 68 = 1788.8543819998317
26 : 80 = 3394.1125496954282
26 : 84 = 2529.8221281347037
56 : 61 = 2039.607805437114
56 : 68 = 894.4271909999159
56 : 80 = 2683.281572999748
56 : 84 = 1442.2205101855957
61 : 68 = 2800.0
61 : 80 = 894.4271909999159
61 : 84 = 1442.2205101855957
68 : 80 = 3298.4845004941285
68 : 84 = 1788.8543819998317
80 : 84 = 1600.0
t=11
Antennas: [22 26 56 61 68 80 84]
Users: [ 2 14 16 28 44 53 64 65 66 68 69 70 74 88 98]
MinSINR:  10.0
$x_{11,22}$
	 $y_{11,22,2}$ = 18.025996777652722 dB
	 $y_{11,22,14}$ = 16.825200599065 dB
		SNR medio:  8.71279934417943
		Usuarios totais: 4
$x_{11,26}$
	 $y_{11,26,28}$ = 15.248500037387132 dB
	 $y_{11,26,16}$ = 35.58519315943954 dB
	 $y_{11,26,44}$ = 10.211231654950808 dB
	 $y_{11,26,53}$ = 13.302640967047822 dB
		SNR medio:  12.391260969804216
		Usuarios totais: 6
$x_{11,56}$
	 $y_{11,56,65}$ = 25.73184628239497 dB
		SNR medio:  25.73184628239497
		Usuarios totais: 1
$x_{11,61}$
	 $y_{11,61,70}$ = 27.57421539796323 dB
	 $y_{11,61,64}$ = 13.89257723864192 dB
	 $y_{11,61,74}$ = 12.522237080608633 dB
		SNR medio:  17.996343239071262
		Usuarios totais: 3
$x_{11,68}$
	 $y_{11,68,69}$ = 40.741307079527076 dB
	 $y_{11,68,68}$ = 88.55954745586564 dB
	 $y_{11,68,88}$ = 19.74809152320259 dB
	 $y_{11,68,98}$ = 16.100961530286156 dB
	 $y_{11,68,66}$ = 24.249117106189956 dB
		SNR medio:  37.879804939014285
		Usuarios totais: 5
$x_{11,80}$
		Usuarios totais: 0
$x_{11,84}$
		Usuarios totais: 0
Distances:
22 : 26 = 1600.0
22 : 56 = 2000.0
22 : 61 = 1649.2422502470642
22 : 68 = 2884.4410203711914
22 : 80 = 2529.8221281347037
22 : 84 = 2529.8221281347037
26 : 56 = 1200.0
26 : 61 = 2561.2496949731394
26 : 68 = 1788.8543819998317
26 : 80 = 3394.1125496954282
26 : 84 = 2529.8221281347037
56 : 61 = 2039.607805437114
56 : 68 = 894.4271909999159
56 : 80 = 2683.281572999748
56 : 84 = 1442.2205101855957
61 : 68 = 2800.0
61 : 80 = 894.4271909999159
61 : 84 = 1442.2205101855957
68 : 80 = 3298.4845004941285
68 : 84 = 1788.8543819998317
80 : 84 = 1600.0
--- Done after 0.4086505816380183 hours. ---
