-------------Calculating Solution (this may take a while)
+++++++++++++++++++Min Sinr: 5 dB (varying)
+++++++++++++++++++With backhaul constraint. Start: 2022-05-10 06:42:43

Parameters:
- chosen seed 5
- Map with 100 sectors
- Map 4000 x 4000 m
- Sector has a side of 400 m
- Max time:  10
- users_t_m:  [[0, 0, 0, 0, 0, 0, 0, 0, 0, 0, 0, 0, 0, 0, 0, 0, 0, 0, 0, 0, 0, 0, 0, 0, 0, 0, 0, 0, 0, 0, 0, 0, 0, 0, 0, 0, 0, 0, 0, 0, 0, 0, 0, 0, 0, 0, 0, 0, 0, 0, 0, 0, 0, 0, 0, 2, 2, 0, 0, 0, 0, 0, 0, 0, 1, 9, 40, 0, 0, 0, 0, 0, 0, 0, 0, 4, 2, 0, 0, 0, 0, 0, 0, 0, 0, 0, 0, 0, 0, 0, 0, 0, 0, 0, 0, 0, 0, 0, 0, 0], [2, 0, 0, 2, 0, 0, 0, 0, 2, 1, 0, 0, 0, 0, 0, 0, 0, 0, 0, 1, 1, 1, 0, 0, 2, 1, 2, 0, 1, 0, 0, 0, 0, 0, 1, 0, 0, 2, 0, 1, 1, 0, 1, 0, 1, 2, 1, 0, 1, 1, 1, 1, 1, 1, 1, 1, 1, 0, 0, 1, 0, 1, 0, 1, 0, 1, 0, 0, 1, 0, 1, 1, 0, 1, 1, 0, 0, 3, 1, 1, 0, 0, 3, 0, 0, 0, 1, 0, 0, 1, 0, 0, 1, 3, 1, 0, 0, 1, 0, 0], [0, 1, 0, 1, 1, 1, 0, 0, 0, 0, 1, 1, 1, 0, 1, 2, 0, 0, 0, 0, 0, 0, 0, 2, 2, 1, 1, 1, 0, 1, 0, 0, 2, 1, 0, 0, 2, 0, 0, 0, 0, 1, 0, 1, 1, 1, 2, 2, 1, 1, 1, 0, 0, 2, 0, 1, 2, 0, 1, 0, 0, 1, 1, 0, 0, 0, 0, 0, 0, 0, 0, 0, 0, 0, 2, 1, 1, 0, 0, 3, 1, 0, 3, 0, 1, 0, 1, 0, 0, 0, 1, 0, 0, 0, 1, 0, 0, 1, 1, 1], [0, 0, 3, 1, 1, 0, 0, 1, 0, 0, 0, 1, 0, 1, 0, 1, 1, 1, 1, 1, 0, 0, 2, 2, 0, 0, 0, 1, 1, 0, 0, 0, 1, 0, 0, 2, 0, 1, 1, 1, 1, 0, 0, 0, 0, 2, 0, 1, 0, 2, 1, 0, 2, 1, 1, 0, 0, 0, 0, 0, 1, 3, 2, 0, 0, 0, 1, 1, 1, 0, 1, 1, 0, 0, 0, 0, 0, 0, 0, 1, 0, 0, 0, 1, 0, 0, 0, 1, 0, 2, 1, 1, 1, 3, 0, 0, 1, 1, 0, 0], [1, 1, 0, 2, 0, 0, 2, 0, 0, 0, 1, 1, 0, 1, 0, 0, 0, 1, 1, 0, 1, 0, 0, 2, 0, 0, 0, 0, 1, 2, 1, 1, 2, 0, 0, 2, 1, 0, 1, 1, 0, 1, 1, 1, 2, 2, 2, 1, 1, 0, 0, 2, 0, 1, 0, 0, 0, 1, 0, 1, 1, 0, 0, 1, 3, 1, 0, 0, 0, 0, 0, 1, 0, 1, 0, 1, 0, 1, 1, 0, 0, 0, 1, 0, 0, 1, 0, 1, 0, 2, 0, 1, 0, 1, 0, 0, 0, 0, 0, 0], [0, 0, 0, 0, 0, 1, 0, 0, 0, 0, 0, 0, 0, 0, 1, 1, 3, 1, 0, 1, 0, 1, 1, 2, 0, 2, 1, 2, 1, 0, 1, 2, 0, 1, 2, 0, 1, 1, 0, 0, 0, 0, 0, 1, 1, 1, 0, 1, 0, 0, 0, 0, 0, 0, 0, 1, 0, 0, 1, 0, 1, 1, 3, 0, 1, 2, 0, 2, 0, 1, 1, 1, 1, 2, 0, 2, 0, 0, 1, 0, 0, 0, 0, 2, 0, 0, 0, 0, 0, 1, 0, 1, 1, 2, 0, 0, 1, 0, 0, 1], [0, 0, 1, 0, 1, 0, 0, 1, 0, 2, 0, 0, 0, 2, 0, 3, 1, 1, 0, 0, 1, 1, 1, 0, 0, 2, 0, 0, 2, 0, 0, 0, 1, 0, 0, 3, 0, 1, 1, 0, 0, 0, 0, 0, 1, 3, 0, 0, 1, 5, 1, 0, 0, 1, 0, 1, 1, 1, 0, 0, 1, 0, 1, 1, 0, 1, 0, 1, 0, 1, 2, 0, 0, 2, 0, 0, 0, 1, 0, 0, 0, 0, 1, 0, 0, 0, 0, 1, 1, 1, 1, 0, 1, 0, 1, 0, 1, 0, 1, 0], [0, 0, 1, 1, 2, 0, 1, 1, 0, 2, 1, 0, 0, 0, 1, 1, 1, 1, 0, 1, 0, 0, 0, 1, 1, 0, 1, 0, 1, 0, 0, 0, 0, 2, 0, 0, 1, 1, 2, 0, 0, 0, 0, 0, 1, 0, 0, 1, 1, 1, 1, 2, 0, 0, 1, 0, 1, 1, 0, 0, 0, 2, 0, 1, 4, 2, 1, 0, 1, 0, 0, 1, 0, 1, 0, 0, 1, 1, 1, 0, 0, 0, 0, 0, 1, 1, 0, 0, 1, 1, 0, 0, 1, 1, 1, 1, 0, 1, 1, 0], [0, 1, 2, 0, 1, 1, 0, 0, 0, 0, 1, 0, 1, 0, 0, 1, 1, 0, 0, 0, 0, 1, 1, 0, 1, 0, 2, 0, 0, 0, 0, 1, 0, 1, 3, 2, 1, 1, 0, 0, 1, 0, 0, 0, 0, 0, 0, 1, 1, 0, 1, 0, 1, 0, 1, 0, 0, 1, 1, 1, 0, 1, 0, 1, 2, 1, 1, 3, 1, 0, 1, 0, 2, 1, 1, 0, 0, 1, 1, 1, 0, 0, 2, 1, 0, 0, 0, 0, 0, 0, 0, 0, 2, 0, 2, 0, 0, 1, 2, 0], [0, 1, 0, 0, 0, 0, 1, 0, 0, 2, 1, 0, 1, 0, 0, 1, 1, 1, 1, 0, 0, 0, 3, 0, 5, 1, 2, 0, 1, 1, 1, 1, 0, 0, 0, 0, 0, 2, 0, 0, 1, 2, 1, 0, 2, 0, 0, 1, 0, 0, 1, 1, 1, 0, 1, 0, 1, 0, 1, 0, 1, 2, 0, 0, 0, 1, 0, 3, 1, 0, 0, 0, 0, 0, 1, 1, 0, 0, 0, 0, 0, 1, 1, 0, 0, 0, 0, 1, 0, 0, 2, 1, 0, 0, 1, 0, 0, 2, 1, 0], [0, 0, 1, 0, 1, 2, 0, 1, 0, 1, 0, 2, 0, 3, 1, 0, 0, 0, 0, 1, 0, 1, 1, 1, 1, 2, 1, 0, 1, 1, 1, 1, 0, 1, 1, 1, 1, 1, 1, 0, 0, 1, 1, 0, 1, 1, 1, 1, 0, 1, 2, 0, 1, 0, 0, 0, 0, 0, 3, 0, 1, 0, 0, 1, 1, 0, 0, 1, 1, 1, 2, 0, 1, 1, 0, 1, 0, 1, 0, 0, 0, 0, 0, 0, 0, 1, 0, 0, 0, 0, 1, 0, 0, 0, 1, 1, 0, 0, 1, 0]]
MAX_USER_PER_ANTENNAS_m:  [60, 60, 60, 60, 60, 60, 60, 60, 60, 60, 60, 60, 60, 60, 60, 60, 60, 60, 60, 60, 60, 60, 60, 60, 60, 60, 60, 60, 60, 60, 60, 60, 60, 60, 60, 60, 60, 60, 60, 60, 60, 60, 60, 60, 60, 60, 60, 60, 60, 60, 60, 60, 60, 60, 60, 60, 60, 60, 60, 60, 60, 60, 60, 60, 60, 60, 60, 60, 60, 60, 60, 60, 60, 60, 60, 60, 60, 60, 60, 60, 60, 60, 60, 60, 60, 60, 60, 60, 60, 60, 60, 60, 60, 60, 60, 60, 60, 60, 60, 60]
antennas_map_m:  [1, 1, 1, 1, 1, 1, 1, 1, 1, 1, 1, 1, 1, 1, 1, 1, 1, 1, 1, 1, 1, 1, 1, 1, 1, 1, 1, 1, 1, 1, 1, 1, 1, 1, 1, 1, 1, 1, 1, 1, 1, 1, 1, 1, 1, 1, 1, 1, 1, 1, 1, 1, 1, 1, 1, 1, 1, 1, 1, 1, 1, 1, 1, 1, 1, 1, 1, 1, 1, 1, 1, 1, 1, 1, 1, 1, 1, 1, 1, 1, 1, 1, 1, 1, 1, 1, 1, 1, 1, 1, 1, 1, 1, 1, 1, 1, 1, 1, 1, 1]
FIRST_ANTENNA:  76
MIN_SNR_m:  [3.1622776601683795, 3.1622776601683795, 3.1622776601683795, 3.1622776601683795, 3.1622776601683795, 3.1622776601683795, 3.1622776601683795, 3.1622776601683795, 3.1622776601683795, 3.1622776601683795, 3.1622776601683795, 3.1622776601683795, 3.1622776601683795, 3.1622776601683795, 3.1622776601683795, 3.1622776601683795, 3.1622776601683795, 3.1622776601683795, 3.1622776601683795, 3.1622776601683795, 3.1622776601683795, 3.1622776601683795, 3.1622776601683795, 3.1622776601683795, 3.1622776601683795, 3.1622776601683795, 3.1622776601683795, 3.1622776601683795, 3.1622776601683795, 3.1622776601683795, 3.1622776601683795, 3.1622776601683795, 3.1622776601683795, 3.1622776601683795, 3.1622776601683795, 3.1622776601683795, 3.1622776601683795, 3.1622776601683795, 3.1622776601683795, 3.1622776601683795, 3.1622776601683795, 3.1622776601683795, 3.1622776601683795, 3.1622776601683795, 3.1622776601683795, 3.1622776601683795, 3.1622776601683795, 3.1622776601683795, 3.1622776601683795, 3.1622776601683795, 3.1622776601683795, 3.1622776601683795, 3.1622776601683795, 3.1622776601683795, 3.1622776601683795, 3.1622776601683795, 3.1622776601683795, 3.1622776601683795, 3.1622776601683795, 3.1622776601683795, 3.1622776601683795, 3.1622776601683795, 3.1622776601683795, 3.1622776601683795, 3.1622776601683795, 3.1622776601683795, 3.1622776601683795, 3.1622776601683795, 3.1622776601683795, 3.1622776601683795, 3.1622776601683795, 3.1622776601683795, 3.1622776601683795, 3.1622776601683795, 3.1622776601683795, 3.1622776601683795, 3.1622776601683795, 3.1622776601683795, 3.1622776601683795, 3.1622776601683795, 3.1622776601683795, 3.1622776601683795, 3.1622776601683795, 3.1622776601683795, 3.1622776601683795, 3.1622776601683795, 3.1622776601683795, 3.1622776601683795, 3.1622776601683795, 3.1622776601683795, 3.1622776601683795, 3.1622776601683795, 3.1622776601683795, 3.1622776601683795, 3.1622776601683795, 3.1622776601683795, 3.1622776601683795, 3.1622776601683795, 3.1622776601683795, 3.1622776601683795]
-MIN_DIST:  2000
- disaster percentage:  0

Média de carros: 3.2
t=0
$x_{0,76}$
	 $y_{0,76,55}$ = 16.064802045734766 dB
	 $y_{0,76,56}$ = 20.612286130744252 dB
	 $y_{0,76,64}$ = 18.72776199292018 dB
	 $y_{0,76,65}$ = 16.437051802726117 dB
	 $y_{0,76,66}$ = 27.3882429822183 dB
	 $y_{0,76,75}$ = 24.005608442039645 dB
	 $y_{0,76,76}$ = 81.22095562180817 dB
		SNR medio: 72.7700104255247
		Usuarios totais: 60
Distances:
t=1
$x_{1,26}$
	 $y_{1,26,0}$ = 10.083066841783932 dB
	 $y_{1,26,3}$ = 9.384717306240702 dB
	 $y_{1,26,8}$ = 7.912625818531467 dB
	 $y_{1,26,9}$ = 6.66463824621286 dB
	 $y_{1,26,21}$ = 6.057855378108883 dB
	 $y_{1,26,26}$ = 88.51986875563767 dB
	 $y_{1,26,28}$ = 13.282364750662055 dB
	 $y_{1,26,34}$ = 18.899377633705612 dB
	 $y_{1,26,37}$ = 25.43174731635432 dB
	 $y_{1,26,53}$ = 9.027989969847086 dB
	 $y_{1,26,59}$ = 14.309687834378877 dB
		SNR medio: 78.10594506046417
		Usuarios totais: 16
$x_{1,71}$
	 $y_{1,71,20}$ = 7.29873305058419 dB
	 $y_{1,71,40}$ = 12.395156983575447 dB
	 $y_{1,71,46}$ = 7.362199834203267 dB
	 $y_{1,71,50}$ = 9.79461420069697 dB
	 $y_{1,71,52}$ = 18.328482067517243 dB
	 $y_{1,71,70}$ = 24.577680684090566 dB
	 $y_{1,71,71}$ = 89.14063297685746 dB
	 $y_{1,71,82}$ = 19.59763090339085 dB
		SNR medio: 80.10973566802862
		Usuarios totais: 10
$x_{1,76}$
	 $y_{1,76,19}$ = 5.350131631359432 dB
	 $y_{1,76,24}$ = 7.866167008937964 dB
	 $y_{1,76,25}$ = 5.821281296211225 dB
	 $y_{1,76,39}$ = 10.03100433410168 dB
	 $y_{1,76,42}$ = 13.028413399440112 dB
	 $y_{1,76,44}$ = 14.617253501495895 dB
	 $y_{1,76,45}$ = 8.455833913326103 dB
	 $y_{1,76,48}$ = 5.465007564137181 dB
	 $y_{1,76,49}$ = 7.214996415771992 dB
	 $y_{1,76,51}$ = 7.173835344249255 dB
	 $y_{1,76,54}$ = 10.661264517682042 dB
	 $y_{1,76,55}$ = 16.064802045734766 dB
	 $y_{1,76,56}$ = 20.612286130744252 dB
	 $y_{1,76,61}$ = 6.532902512301149 dB
	 $y_{1,76,63}$ = 12.31370810896368 dB
	 $y_{1,76,65}$ = 16.437051802726117 dB
	 $y_{1,76,68}$ = 25.115836932342688 dB
	 $y_{1,76,73}$ = 10.78362063352958 dB
	 $y_{1,76,74}$ = 14.509946441391492 dB
	 $y_{1,76,77}$ = 39.83692597200091 dB
	 $y_{1,76,78}$ = 17.62880726557367 dB
	 $y_{1,76,79}$ = 10.218967782362796 dB
	 $y_{1,76,86}$ = 36.21824790618057 dB
	 $y_{1,76,89}$ = 15.771155964688873 dB
	 $y_{1,76,92}$ = 11.539565360351446 dB
	 $y_{1,76,93}$ = 5.202048878715971 dB
	 $y_{1,76,94}$ = 12.047179997910092 dB
	 $y_{1,76,97}$ = 20.216802943430977 dB
		SNR medio: 27.217482839969076
		Usuarios totais: 34
Distances:
26 : 71 = 2828.42712474619
26 : 76 = 2000.0
71 : 76 = 2000.0
t=2
$x_{2,26}$
	 $pastx_{2,26}$ : 1.0
	 $y_{2,26,3}$ = 9.384717306240702 dB
	 $y_{2,26,15}$ = 23.239587715681054 dB
	 $y_{2,26,23}$ = 12.47696656610907 dB
	 $y_{2,26,26}$ = 88.51986875563767 dB
	 $y_{2,26,29}$ = 10.193713626514068 dB
	 $y_{2,26,32}$ = 14.365524458139305 dB
	 $y_{2,26,33}$ = 10.920855776470177 dB
	 $y_{2,26,53}$ = 9.027989969847086 dB
		SNR medio: 79.48897068928012
		Usuarios totais: 12
$x_{2,34}$
	 $pastx_{2,34}$ : 0.0
	 $y_{2,34,1}$ = 7.313974226634514 dB
	 $y_{2,34,4}$ = 11.311108191643058 dB
	 $y_{2,34,5}$ = 10.777713520707735 dB
	 $y_{2,34,10}$ = 10.769163562343238 dB
	 $y_{2,34,12}$ = 21.352555226242913 dB
	 $y_{2,34,14}$ = 10.39964538640993 dB
	 $y_{2,34,41}$ = 6.820858091293786 dB
	 $y_{2,34,99}$ = 9.185933632310721 dB
		SNR medio: 14.052889012666569
		Usuarios totais: 8
$x_{2,71}$
	 $pastx_{2,71}$ : 1.0
	 $y_{2,71,11}$ = 6.891691439231835 dB
	 $y_{2,71,46}$ = 7.362199834203267 dB
	 $y_{2,71,50}$ = 9.79461420069697 dB
	 $y_{2,71,62}$ = 22.56646846475715 dB
	 $y_{2,71,80}$ = 28.029548431856213 dB
	 $y_{2,71,82}$ = 19.59763090339085 dB
	 $y_{2,71,90}$ = 15.304928545069032 dB
	 $y_{2,71,98}$ = 5.598097220458243 dB
		SNR medio: 20.811731250359273
		Usuarios totais: 11
$x_{2,76}$
	 $y_{2,76,24}$ = 7.866167008937964 dB
	 $y_{2,76,25}$ = 5.821281296211225 dB
	 $y_{2,76,27}$ = 9.814259244646564 dB
	 $y_{2,76,36}$ = 6.7803571178904605 dB
	 $y_{2,76,43}$ = 6.847075405488738 dB
	 $y_{2,76,44}$ = 14.617253501495895 dB
	 $y_{2,76,45}$ = 8.455833913326103 dB
	 $y_{2,76,47}$ = 7.769898562148455 dB
	 $y_{2,76,48}$ = 5.465007564137181 dB
	 $y_{2,76,49}$ = 7.214996415771992 dB
	 $y_{2,76,55}$ = 16.064802045734766 dB
	 $y_{2,76,56}$ = 20.612286130744252 dB
	 $y_{2,76,58}$ = 19.87271211885154 dB
	 $y_{2,76,61}$ = 6.532902512301149 dB
	 $y_{2,76,74}$ = 14.509946441391492 dB
	 $y_{2,76,75}$ = 24.005608442039645 dB
	 $y_{2,76,76}$ = 81.22095562180817 dB
	 $y_{2,76,79}$ = 10.218967782362796 dB
	 $y_{2,76,84}$ = 16.524484916541056 dB
	 $y_{2,76,86}$ = 36.21824790618057 dB
	 $y_{2,76,94}$ = 12.047179997910092 dB
	 $y_{2,76,97}$ = 20.216802943430977 dB
		SNR medio: 67.796892071972
		Usuarios totais: 29
Distances:
26 : 34 = 894.4271909999159
26 : 71 = 2828.42712474619
26 : 76 = 2000.0
34 : 71 = 2000.0
34 : 76 = 1788.8543819998317
71 : 76 = 2000.0
t=3
$x_{3,34}$
	 $pastx_{3,34}$ : 1.0
	 $y_{3,34,2}$ = 6.431280156459309 dB
	 $y_{3,34,3}$ = 5.349901352695468 dB
	 $y_{3,34,4}$ = 11.311108191643058 dB
	 $y_{3,34,7}$ = 10.185542660690288 dB
	 $y_{3,34,13}$ = 17.128868878920045 dB
	 $y_{3,34,15}$ = 18.980493445441553 dB
	 $y_{3,34,16}$ = 15.915838687577889 dB
	 $y_{3,34,18}$ = 6.306501233530156 dB
	 $y_{3,34,23}$ = 24.58024146529482 dB
	 $y_{3,34,28}$ = 8.591591067798959 dB
	 $y_{3,34,32}$ = 16.767981309973237 dB
	 $y_{3,34,37}$ = 17.47571907163828 dB
	 $y_{3,34,50}$ = 5.407708666609707 dB
		SNR medio: 16.6927309252834
		Usuarios totais: 16
$x_{3,45}$
	 $pastx_{3,45}$ : 0.0
	 $y_{3,45,17}$ = 5.6776774358491195 dB
	 $y_{3,45,38}$ = 14.59769311886265 dB
	 $y_{3,45,45}$ = 85.08803394004073 dB
	 $y_{3,45,53}$ = 16.08252172237617 dB
		SNR medio: 79.06743501048395
		Usuarios totais: 5
$x_{3,71}$
	 $pastx_{3,71}$ : 2.0
	 $y_{3,71,11}$ = 6.891691439231835 dB
	 $y_{3,71,22}$ = 8.55661191690217 dB
	 $y_{3,71,40}$ = 12.395156983575447 dB
	 $y_{3,71,52}$ = 18.328482067517243 dB
	 $y_{3,71,60}$ = 23.2183017149261 dB
	 $y_{3,71,62}$ = 22.56646846475715 dB
	 $y_{3,71,70}$ = 24.577680684090566 dB
	 $y_{3,71,71}$ = 89.14063297685746 dB
	 $y_{3,71,90}$ = 15.304928545069032 dB
	 $y_{3,71,91}$ = 13.096857979154706 dB
		SNR medio: 79.14063736550278
		Usuarios totais: 13
$x_{3,76}$
	 $y_{3,76,19}$ = 5.350131631359432 dB
	 $y_{3,76,27}$ = 9.814259244646564 dB
	 $y_{3,76,35}$ = 12.925557793067469 dB
	 $y_{3,76,39}$ = 10.03100433410168 dB
	 $y_{3,76,47}$ = 7.769898562148455 dB
	 $y_{3,76,49}$ = 7.214996415771992 dB
	 $y_{3,76,54}$ = 10.661264517682042 dB
	 $y_{3,76,61}$ = 6.532902512301149 dB
	 $y_{3,76,66}$ = 27.3882429822183 dB
	 $y_{3,76,67}$ = 14.603782346038045 dB
	 $y_{3,76,68}$ = 25.115836932342688 dB
	 $y_{3,76,79}$ = 10.218967782362796 dB
	 $y_{3,76,83}$ = 11.772786956782568 dB
	 $y_{3,76,87}$ = 21.794508590889762 dB
	 $y_{3,76,89}$ = 15.771155964688873 dB
	 $y_{3,76,92}$ = 11.539565360351446 dB
	 $y_{3,76,93}$ = 5.202048878715971 dB
	 $y_{3,76,96}$ = 11.477534247323803 dB
	 $y_{3,76,97}$ = 20.216802943430977 dB
		SNR medio: 18.42811340503378
		Usuarios totais: 26
Distances:
34 : 45 = 565.685424949238
34 : 71 = 2000.0
34 : 76 = 1788.8543819998317
45 : 71 = 2000.0
45 : 76 = 1264.9110640673518
71 : 76 = 2000.0
t=4
$x_{4,31}$
	 $pastx_{4,31}$ : 0.0
	 $y_{4,31,0}$ = 9.6420926296299 dB
	 $y_{4,31,1}$ = 12.30185828825185 dB
	 $y_{4,31,3}$ = 7.404742014535827 dB
	 $y_{4,31,6}$ = 5.473986496616547 dB
	 $y_{4,31,10}$ = 18.318610530154174 dB
	 $y_{4,31,11}$ = 16.376919188381464 dB
	 $y_{4,31,13}$ = 9.803475822736516 dB
	 $y_{4,31,20}$ = 26.50169171170286 dB
	 $y_{4,31,23}$ = 18.44297987721535 dB
	 $y_{4,31,30}$ = 38.12306840890339 dB
	 $y_{4,31,31}$ = 87.72415414699205 dB
	 $y_{4,31,32}$ = 26.3877856510222 dB
	 $y_{4,31,41}$ = 31.304091382881595 dB
	 $y_{4,31,43}$ = 11.942437777907145 dB
	 $y_{4,31,51}$ = 18.901564931336665 dB
	 $y_{4,31,53}$ = 14.517185048974383 dB
	 $y_{4,31,60}$ = 16.419812979690107 dB
	 $y_{4,31,71}$ = 8.175708841969879 dB
	 $y_{4,31,91}$ = 6.598495237854948 dB
	 $y_{4,31,93}$ = 6.681121325168988 dB
		SNR medio: 74.71392115739486
		Usuarios totais: 25
$x_{4,34}$
	 $pastx_{4,34}$ : 2.0
	 $y_{4,34,18}$ = 6.306501233530156 dB
	 $y_{4,34,28}$ = 8.591591067798959 dB
	 $y_{4,34,29}$ = 9.263085489209004 dB
	 $y_{4,34,46}$ = 11.562246831315434 dB
		SNR medio: 9.32868861099472
		Usuarios totais: 6
$x_{4,45}$
	 $pastx_{4,45}$ : 1.0
	 $y_{4,45,17}$ = 5.6776774358491195 dB
	 $y_{4,45,38}$ = 14.59769311886265 dB
	 $y_{4,45,45}$ = 85.08803394004073 dB
	 $y_{4,45,59}$ = 7.078841892112877 dB
	 $y_{4,45,82}$ = 5.9756643266027965 dB
		SNR medio: 78.09833445631605
		Usuarios totais: 6
$x_{4,76}$
	 $y_{4,76,35}$ = 12.925557793067469 dB
	 $y_{4,76,36}$ = 6.7803571178904605 dB
	 $y_{4,76,39}$ = 10.03100433410168 dB
	 $y_{4,76,42}$ = 13.028413399440112 dB
	 $y_{4,76,44}$ = 14.617253501495895 dB
	 $y_{4,76,47}$ = 7.769898562148455 dB
	 $y_{4,76,48}$ = 5.465007564137181 dB
	 $y_{4,76,57}$ = 13.735027938435223 dB
	 $y_{4,76,63}$ = 12.31370810896368 dB
	 $y_{4,76,64}$ = 18.72776199292018 dB
	 $y_{4,76,65}$ = 16.437051802726117 dB
	 $y_{4,76,73}$ = 10.78362063352958 dB
	 $y_{4,76,75}$ = 24.005608442039645 dB
	 $y_{4,76,77}$ = 39.83692597200091 dB
	 $y_{4,76,78}$ = 17.62880726557367 dB
	 $y_{4,76,85}$ = 23.13663055161537 dB
	 $y_{4,76,87}$ = 21.794508590889762 dB
	 $y_{4,76,89}$ = 15.771155964688873 dB
		SNR medio: 27.70034009295965
		Usuarios totais: 23
Distances:
31 : 34 = 1200.0
31 : 45 = 1649.2422502470642
31 : 76 = 2561.2496949731394
34 : 45 = 565.685424949238
34 : 76 = 1788.8543819998317
45 : 76 = 1264.9110640673518
t=5
$x_{5,31}$
	 $pastx_{5,31}$ : 1.0
	 $y_{5,31,14}$ = 9.451782308140679 dB
	 $y_{5,31,16}$ = 7.784232365103918 dB
	 $y_{5,31,30}$ = 38.12306840890339 dB
	 $y_{5,31,31}$ = 87.72415414699205 dB
	 $y_{5,31,33}$ = 14.763930746600224 dB
	 $y_{5,31,70}$ = 7.496968453604708 dB
	 $y_{5,31,71}$ = 8.175708841969879 dB
	 $y_{5,31,91}$ = 6.598495237854948 dB
		SNR medio: 78.6933023356106
		Usuarios totais: 11
$x_{5,34}$
	 $pastx_{5,34}$ : 2.0
	 $y_{5,34,5}$ = 10.777713520707735 dB
	 $y_{5,34,15}$ = 18.980493445441553 dB
	 $y_{5,34,17}$ = 12.451500374536721 dB
	 $y_{5,34,21}$ = 10.84116489991061 dB
	 $y_{5,34,22}$ = 16.289815450447605 dB
	 $y_{5,34,23}$ = 24.58024146529482 dB
	 $y_{5,34,28}$ = 8.591591067798959 dB
	 $y_{5,34,34}$ = 91.80783745894468 dB
	 $y_{5,34,37}$ = 17.47571907163828 dB
	 $y_{5,34,60}$ = 9.350365065052046 dB
	 $y_{5,34,62}$ = 9.52535019788931 dB
	 $y_{5,34,99}$ = 9.185933632310721 dB
		SNR medio: 81.01602654349227
		Usuarios totais: 16
$x_{5,76}$
	 $y_{5,76,19}$ = 5.350131631359432 dB
	 $y_{5,76,25}$ = 5.821281296211225 dB
	 $y_{5,76,26}$ = 11.370114560756733 dB
	 $y_{5,76,27}$ = 9.814259244646564 dB
	 $y_{5,76,36}$ = 6.7803571178904605 dB
	 $y_{5,76,43}$ = 6.847075405488738 dB
	 $y_{5,76,44}$ = 14.617253501495895 dB
	 $y_{5,76,45}$ = 8.455833913326103 dB
	 $y_{5,76,47}$ = 7.769898562148455 dB
	 $y_{5,76,55}$ = 16.064802045734766 dB
	 $y_{5,76,58}$ = 19.87271211885154 dB
	 $y_{5,76,61}$ = 6.532902512301149 dB
	 $y_{5,76,64}$ = 18.72776199292018 dB
	 $y_{5,76,65}$ = 16.437051802726117 dB
	 $y_{5,76,67}$ = 14.603782346038045 dB
	 $y_{5,76,69}$ = 9.723470963863605 dB
	 $y_{5,76,72}$ = 10.453604241781989 dB
	 $y_{5,76,73}$ = 10.78362063352958 dB
	 $y_{5,76,75}$ = 24.005608442039645 dB
	 $y_{5,76,78}$ = 17.62880726557367 dB
	 $y_{5,76,83}$ = 11.772786956782568 dB
	 $y_{5,76,89}$ = 15.771155964688873 dB
	 $y_{5,76,92}$ = 11.539565360351446 dB
	 $y_{5,76,93}$ = 5.202048878715971 dB
	 $y_{5,76,96}$ = 11.477534247323803 dB
		SNR medio: 15.040291604164334
		Usuarios totais: 33
Distances:
31 : 34 = 1200.0
31 : 76 = 2561.2496949731394
34 : 76 = 1788.8543819998317
t=6
$x_{6,25}$
	 $pastx_{6,25}$ : 0.0
	 $y_{6,25,2}$ = 10.236702660619045 dB
	 $y_{6,25,4}$ = 14.831233768803742 dB
	 $y_{6,25,7}$ = 10.803752835727437 dB
	 $y_{6,25,9}$ = 5.88694839431426 dB
	 $y_{6,25,13}$ = 28.221224245454323 dB
	 $y_{6,25,15}$ = 35.411417097740724 dB
	 $y_{6,25,16}$ = 33.62638159464066 dB
	 $y_{6,25,17}$ = 16.6379273989659 dB
	 $y_{6,25,20}$ = 7.376892539460357 dB
	 $y_{6,25,21}$ = 11.452262612285523 dB
	 $y_{6,25,22}$ = 12.002533117430175 dB
	 $y_{6,25,25}$ = 85.44909941270325 dB
	 $y_{6,25,28}$ = 15.419752404683706 dB
	 $y_{6,25,35}$ = 22.295216519857576 dB
	 $y_{6,25,37}$ = 12.936580857665604 dB
	 $y_{6,25,38}$ = 9.873681356820015 dB
	 $y_{6,25,44}$ = 19.305362114880253 dB
	 $y_{6,25,45}$ = 8.109954638749159 dB
	 $y_{6,25,48}$ = 7.189962540953331 dB
	 $y_{6,25,53}$ = 10.077848168467398 dB
	 $y_{6,25,55}$ = 9.696228837814942 dB
	 $y_{6,25,60}$ = 5.3478556642626245 dB
	 $y_{6,25,67}$ = 12.027186480461424 dB
	 $y_{6,25,98}$ = 5.981028822058718 dB
		SNR medio: 71.64707315489407
		Usuarios totais: 34
$x_{6,42}$
	 $pastx_{6,42}$ : 0.0
	 $y_{6,42,32}$ = 32.48286937744659 dB
	 $y_{6,42,50}$ = 16.66639875232822 dB
	 $y_{6,42,62}$ = 28.816885656689962 dB
	 $y_{6,42,70}$ = 9.991643905865374 dB
	 $y_{6,42,82}$ = 7.585329023046498 dB
	 $y_{6,42,90}$ = 8.58036622062761 dB
		SNR medio: 26.37181419145402
		Usuarios totais: 7
$x_{6,76}$
	 $y_{6,76,49}$ = 7.214996415771992 dB
	 $y_{6,76,56}$ = 20.612286130744252 dB
	 $y_{6,76,57}$ = 13.735027938435223 dB
	 $y_{6,76,63}$ = 12.31370810896368 dB
	 $y_{6,76,65}$ = 16.437051802726117 dB
	 $y_{6,76,69}$ = 9.723470963863605 dB
	 $y_{6,76,73}$ = 10.78362063352958 dB
	 $y_{6,76,77}$ = 39.83692597200091 dB
	 $y_{6,76,87}$ = 21.794508590889762 dB
	 $y_{6,76,88}$ = 17.214953049769406 dB
	 $y_{6,76,89}$ = 15.771155964688873 dB
	 $y_{6,76,92}$ = 11.539565360351446 dB
	 $y_{6,76,94}$ = 12.047179997910092 dB
	 $y_{6,76,96}$ = 11.477534247323803 dB
		SNR medio: 28.600749860838537
		Usuarios totais: 19
Distances:
25 : 42 = 1442.2205101855957
25 : 76 = 2039.607805437114
42 : 76 = 2000.0
t=7
$x_{7,25}$
	 $pastx_{7,25}$ : 1.0
	 $y_{7,25,2}$ = 10.236702660619045 dB
	 $y_{7,25,3}$ = 10.385586375586911 dB
	 $y_{7,25,4}$ = 14.831233768803742 dB
	 $y_{7,25,6}$ = 21.274679092864247 dB
	 $y_{7,25,7}$ = 10.803752835727437 dB
	 $y_{7,25,9}$ = 5.88694839431426 dB
	 $y_{7,25,14}$ = 28.050118121362814 dB
	 $y_{7,25,15}$ = 35.411417097740724 dB
	 $y_{7,25,16}$ = 33.62638159464066 dB
	 $y_{7,25,17}$ = 16.6379273989659 dB
	 $y_{7,25,24}$ = 29.548816100516902 dB
	 $y_{7,25,26}$ = 19.17849871510836 dB
	 $y_{7,25,28}$ = 15.419752404683706 dB
	 $y_{7,25,33}$ = 15.175338728926903 dB
	 $y_{7,25,37}$ = 12.936580857665604 dB
	 $y_{7,25,38}$ = 9.873681356820015 dB
	 $y_{7,25,57}$ = 17.122285588916213 dB
	 $y_{7,25,68}$ = 5.107978846111877 dB
	 $y_{7,25,98}$ = 5.981028822058718 dB
		SNR medio: 26.137652411792935
		Usuarios totais: 23
$x_{7,42}$
	 $pastx_{7,42}$ : 1.0
	 $y_{7,42,10}$ = 10.069376104762341 dB
	 $y_{7,42,23}$ = 18.03771061573252 dB
	 $y_{7,42,50}$ = 16.66639875232822 dB
	 $y_{7,42,71}$ = 7.343163136931949 dB
		SNR medio: 14.970817709772714
		Usuarios totais: 4
$x_{7,76}$
	 $y_{7,76,19}$ = 5.350131631359432 dB
	 $y_{7,76,36}$ = 6.7803571178904605 dB
	 $y_{7,76,44}$ = 14.617253501495895 dB
	 $y_{7,76,47}$ = 7.769898562148455 dB
	 $y_{7,76,48}$ = 5.465007564137181 dB
	 $y_{7,76,49}$ = 7.214996415771992 dB
	 $y_{7,76,51}$ = 7.173835344249255 dB
	 $y_{7,76,54}$ = 10.661264517682042 dB
	 $y_{7,76,56}$ = 20.612286130744252 dB
	 $y_{7,76,61}$ = 6.532902512301149 dB
	 $y_{7,76,63}$ = 12.31370810896368 dB
	 $y_{7,76,64}$ = 18.72776199292018 dB
	 $y_{7,76,65}$ = 16.437051802726117 dB
	 $y_{7,76,66}$ = 27.3882429822183 dB
	 $y_{7,76,73}$ = 10.78362063352958 dB
	 $y_{7,76,76}$ = 81.22095562180817 dB
	 $y_{7,76,77}$ = 39.83692597200091 dB
	 $y_{7,76,78}$ = 17.62880726557367 dB
	 $y_{7,76,84}$ = 16.524484916541056 dB
	 $y_{7,76,85}$ = 23.13663055161537 dB
	 $y_{7,76,88}$ = 17.214953049769406 dB
	 $y_{7,76,89}$ = 15.771155964688873 dB
	 $y_{7,76,92}$ = 11.539565360351446 dB
	 $y_{7,76,93}$ = 5.202048878715971 dB
	 $y_{7,76,94}$ = 12.047179997910092 dB
	 $y_{7,76,95}$ = 21.28269255470697 dB
	 $y_{7,76,97}$ = 20.216802943430977 dB
		SNR medio: 66.90768476949957
		Usuarios totais: 33
Distances:
25 : 42 = 1442.2205101855957
25 : 76 = 2039.607805437114
42 : 76 = 2000.0
t=8
$x_{8,42}$
	 $pastx_{8,42}$ : 2.0
	 $y_{8,42,1}$ = 6.279042120484917 dB
	 $y_{8,42,2}$ = 6.316387820724799 dB
	 $y_{8,42,10}$ = 10.069376104762341 dB
	 $y_{8,42,12}$ = 8.182195513960025 dB
	 $y_{8,42,15}$ = 14.29579108182439 dB
	 $y_{8,42,21}$ = 11.161929582743085 dB
	 $y_{8,42,22}$ = 16.718711461869106 dB
	 $y_{8,42,31}$ = 30.588688009389813 dB
	 $y_{8,42,34}$ = 17.158321953198424 dB
	 $y_{8,42,40}$ = 20.616506472139406 dB
	 $y_{8,42,50}$ = 16.66639875232822 dB
	 $y_{8,42,52}$ = 26.53995122459021 dB
	 $y_{8,42,70}$ = 9.991643905865374 dB
		SNR medio: 21.720198985855053
		Usuarios totais: 16
$x_{8,58}$
	 $pastx_{8,58}$ : 0.0
	 $y_{8,58,4}$ = 5.521298475094881 dB
	 $y_{8,58,5}$ = 6.42833364377222 dB
	 $y_{8,58,16}$ = 6.249772262827008 dB
	 $y_{8,58,24}$ = 5.927606285080714 dB
	 $y_{8,58,26}$ = 13.272788290354072 dB
	 $y_{8,58,33}$ = 6.6931413566492495 dB
	 $y_{8,58,36}$ = 13.624023521015516 dB
	 $y_{8,58,37}$ = 13.65740574238447 dB
	 $y_{8,58,57}$ = 26.39458171026179 dB
	 $y_{8,58,58}$ = 87.18325089919335 dB
	 $y_{8,58,59}$ = 34.83967430644799 dB
	 $y_{8,58,66}$ = 6.491134584526208 dB
	 $y_{8,58,74}$ = 8.690864312464086 dB
	 $y_{8,58,82}$ = 9.555506151941799 dB
	 $y_{8,58,94}$ = 7.4062108404330615 dB
	 $y_{8,58,98}$ = 7.8447160016167174 dB
		SNR medio: 75.14208101505277
		Usuarios totais: 20
$x_{8,76}$
	 $y_{8,76,35}$ = 12.925557793067469 dB
	 $y_{8,76,47}$ = 7.769898562148455 dB
	 $y_{8,76,48}$ = 5.465007564137181 dB
	 $y_{8,76,54}$ = 10.661264517682042 dB
	 $y_{8,76,61}$ = 6.532902512301149 dB
	 $y_{8,76,63}$ = 12.31370810896368 dB
	 $y_{8,76,64}$ = 18.72776199292018 dB
	 $y_{8,76,65}$ = 16.437051802726117 dB
	 $y_{8,76,67}$ = 14.603782346038045 dB
	 $y_{8,76,68}$ = 25.115836932342688 dB
	 $y_{8,76,72}$ = 10.453604241781989 dB
	 $y_{8,76,73}$ = 10.78362063352958 dB
	 $y_{8,76,77}$ = 39.83692597200091 dB
	 $y_{8,76,78}$ = 17.62880726557367 dB
	 $y_{8,76,79}$ = 10.218967782362796 dB
	 $y_{8,76,83}$ = 11.772786956782568 dB
	 $y_{8,76,92}$ = 11.539565360351446 dB
	 $y_{8,76,97}$ = 20.216802943430977 dB
		SNR medio: 27.614257722322346
		Usuarios totais: 24
Distances:
42 : 58 = 2433.105012119288
42 : 76 = 2000.0
58 : 76 = 1131.370849898476
t=9
$x_{9,31}$
	 $pastx_{9,31}$ : 0.0
	 $y_{9,31,1}$ = 12.30185828825185 dB
	 $y_{9,31,6}$ = 5.473986496616547 dB
	 $y_{9,31,10}$ = 18.318610530154174 dB
	 $y_{9,31,12}$ = 19.964445272503397 dB
	 $y_{9,31,15}$ = 12.124630400923564 dB
	 $y_{9,31,16}$ = 7.784232365103918 dB
	 $y_{9,31,22}$ = 29.776120881203667 dB
	 $y_{9,31,30}$ = 38.12306840890339 dB
	 $y_{9,31,31}$ = 87.72415414699205 dB
	 $y_{9,31,40}$ = 16.859496592869917 dB
	 $y_{9,31,41}$ = 31.304091382881595 dB
	 $y_{9,31,50}$ = 18.057741027678603 dB
	 $y_{9,31,52}$ = 11.58916959015329 dB
	 $y_{9,31,54}$ = 5.079015335547325 dB
	 $y_{9,31,60}$ = 16.419812979690107 dB
	 $y_{9,31,61}$ = 13.138183560223254 dB
	 $y_{9,31,74}$ = 6.2035154522945675 dB
	 $y_{9,31,90}$ = 7.354511185769212 dB
	 $y_{9,31,91}$ = 6.598495237854948 dB
		SNR medio: 74.93668568423233
		Usuarios totais: 24
$x_{9,42}$
	 $pastx_{9,42}$ : 2.0
	 $y_{9,42,42}$ = 91.84397560974875 dB
		SNR medio: 91.84397560974875
		Usuarios totais: 1
$x_{9,58}$
	 $pastx_{9,58}$ : 1.0
	 $y_{9,58,9}$ = 6.032096384908144 dB
	 $y_{9,58,17}$ = 9.383415281186984 dB
	 $y_{9,58,18}$ = 5.912717171092311 dB
	 $y_{9,58,28}$ = 11.575224618770875 dB
	 $y_{9,58,29}$ = 9.42831211531481 dB
	 $y_{9,58,37}$ = 13.65740574238447 dB
	 $y_{9,58,47}$ = 22.116859064013852 dB
	 $y_{9,58,56}$ = 21.479249500693726 dB
	 $y_{9,58,58}$ = 87.18325089919335 dB
	 $y_{9,58,65}$ = 7.925959582277841 dB
	 $y_{9,58,82}$ = 9.555506151941799 dB
	 $y_{9,58,94}$ = 7.4062108404330615 dB
	 $y_{9,58,97}$ = 5.896267990077632 dB
	 $y_{9,58,98}$ = 7.8447160016167174 dB
		SNR medio: 75.72197384075037
		Usuarios totais: 17
$x_{9,76}$
	 $y_{9,76,24}$ = 7.866167008937964 dB
	 $y_{9,76,25}$ = 5.821281296211225 dB
	 $y_{9,76,26}$ = 11.370114560756733 dB
	 $y_{9,76,44}$ = 14.617253501495895 dB
	 $y_{9,76,51}$ = 7.173835344249255 dB
	 $y_{9,76,67}$ = 14.603782346038045 dB
	 $y_{9,76,68}$ = 25.115836932342688 dB
	 $y_{9,76,75}$ = 24.005608442039645 dB
	 $y_{9,76,81}$ = 7.29114813857197 dB
	 $y_{9,76,87}$ = 21.794508590889762 dB
		SNR medio: 19.135480422812382
		Usuarios totais: 18
Distances:
31 : 42 = 565.685424949238
31 : 58 = 2912.043955712207
31 : 76 = 2561.2496949731394
42 : 58 = 2433.105012119288
42 : 76 = 2000.0
58 : 76 = 1131.370849898476
--- Done after 1.9812909907102585 hours. ---
