-------------Calculating Solution (this may take a while)
+++++++++++++++++++Min Sinr: 10 dB (single)
+++++++++++++++++++With backhaul constraint. Start: 2023-01-14 12:05:58

Parameters:
- chosen seed 19
- Map with 100 sectors
- Map 4000 x 4000 m
- Sector has a side of 400 m
- Max time:  12
- users_t_m:  [[0, 0, 0, 0, 0, 0, 0, 0, 0, 0, 0, 0, 0, 0, 0, 0, 0, 0, 0, 0, 0, 0, 0, 0, 0, 0, 0, 0, 0, 0, 0, 0, 0, 0, 0, 0, 0, 0, 0, 0, 0, 0, 0, 0, 0, 0, 0, 0, 0, 0, 0, 0, 0, 0, 0, 0, 0, 0, 0, 0, 0, 0, 0, 0, 0, 6, 2, 0, 0, 0, 0, 0, 0, 0, 0, 20, 1, 0, 0, 0, 0, 0, 0, 0, 0, 0, 0, 0, 0, 0, 0, 0, 0, 0, 0, 0, 0, 0, 0, 0], [0, 0, 0, 0, 0, 0, 0, 0, 0, 1, 0, 0, 0, 0, 0, 1, 0, 0, 2, 0, 0, 1, 0, 0, 1, 0, 0, 0, 0, 0, 0, 0, 1, 0, 1, 1, 0, 0, 0, 0, 0, 0, 0, 0, 0, 0, 0, 0, 1, 0, 0, 1, 0, 0, 0, 0, 0, 0, 1, 0, 0, 1, 1, 0, 0, 6, 2, 1, 0, 0, 0, 1, 1, 2, 0, 22, 5, 3, 0, 0, 0, 2, 2, 0, 0, 0, 0, 1, 0, 0, 0, 0, 0, 1, 0, 0, 0, 2, 1, 0], [2, 0, 0, 1, 0, 0, 0, 0, 0, 1, 1, 0, 0, 0, 1, 1, 0, 1, 0, 3, 2, 1, 0, 1, 1, 1, 0, 0, 0, 1, 2, 1, 1, 1, 1, 1, 1, 0, 0, 0, 2, 0, 0, 2, 0, 0, 0, 0, 1, 2, 0, 1, 0, 0, 1, 3, 1, 0, 0, 2, 0, 1, 1, 0, 0, 10, 1, 0, 1, 1, 1, 0, 0, 1, 1, 27, 1, 1, 2, 0, 1, 2, 0, 0, 1, 2, 1, 0, 0, 2, 1, 0, 0, 1, 0, 1, 1, 0, 1, 0], [2, 0, 1, 2, 0, 3, 0, 1, 2, 0, 3, 1, 1, 3, 0, 1, 3, 0, 0, 0, 1, 0, 1, 1, 1, 1, 2, 0, 0, 0, 2, 2, 2, 0, 1, 0, 2, 2, 1, 1, 1, 0, 0, 0, 1, 2, 0, 0, 0, 0, 1, 0, 1, 2, 2, 0, 1, 1, 3, 1, 1, 1, 1, 1, 0, 12, 2, 0, 1, 0, 1, 1, 0, 1, 3, 22, 1, 2, 0, 0, 5, 0, 1, 0, 0, 0, 1, 1, 1, 1, 5, 0, 0, 3, 3, 3, 1, 0, 1, 0], [0, 0, 1, 1, 3, 0, 2, 1, 2, 3, 0, 1, 1, 1, 1, 0, 1, 1, 2, 0, 2, 2, 2, 3, 0, 0, 3, 2, 2, 2, 1, 1, 0, 1, 1, 1, 1, 2, 1, 1, 3, 1, 3, 1, 1, 0, 2, 0, 1, 1, 0, 2, 0, 0, 1, 3, 1, 1, 2, 3, 0, 3, 3, 3, 2, 6, 2, 1, 1, 3, 1, 3, 1, 0, 2, 18, 4, 1, 1, 1, 0, 1, 4, 1, 0, 5, 1, 1, 0, 0, 2, 2, 0, 3, 0, 0, 2, 0, 4, 2], [1, 3, 0, 1, 1, 2, 3, 0, 1, 2, 2, 0, 2, 3, 2, 1, 3, 1, 0, 2, 4, 2, 1, 0, 1, 1, 2, 1, 1, 1, 2, 2, 0, 3, 0, 2, 2, 1, 1, 0, 2, 0, 3, 1, 3, 1, 2, 1, 1, 3, 0, 4, 3, 2, 3, 4, 5, 2, 1, 3, 2, 3, 0, 2, 4, 6, 5, 1, 4, 4, 3, 3, 0, 0, 1, 26, 1, 2, 0, 2, 3, 0, 1, 1, 1, 2, 1, 1, 0, 0, 1, 1, 1, 1, 3, 0, 0, 1, 3, 2], [0, 2, 1, 0, 1, 1, 1, 1, 0, 0, 4, 1, 3, 0, 5, 3, 1, 5, 0, 1, 2, 0, 2, 4, 0, 3, 5, 3, 1, 2, 1, 1, 2, 1, 4, 3, 4, 1, 2, 1, 2, 1, 1, 2, 1, 3, 6, 1, 2, 1, 1, 0, 4, 1, 0, 1, 1, 2, 3, 0, 3, 0, 5, 0, 3, 5, 1, 2, 0, 2, 1, 3, 2, 1, 0, 4, 1, 0, 1, 1, 3, 1, 2, 0, 1, 0, 1, 0, 2, 0, 5, 1, 3, 0, 0, 2, 0, 2, 3, 4], [0, 1, 1, 3, 1, 1, 2, 3, 1, 0, 2, 1, 0, 2, 3, 1, 1, 3, 3, 2, 0, 2, 2, 0, 0, 0, 0, 4, 0, 1, 4, 1, 0, 0, 3, 1, 0, 1, 0, 3, 1, 2, 2, 3, 1, 0, 1, 3, 1, 2, 0, 0, 2, 2, 1, 4, 1, 1, 1, 2, 1, 0, 0, 1, 4, 0, 2, 0, 2, 2, 4, 1, 1, 2, 0, 4, 1, 3, 2, 2, 2, 2, 0, 1, 1, 0, 3, 2, 0, 1, 0, 1, 0, 0, 0, 1, 1, 2, 0, 1], [1, 0, 1, 0, 1, 1, 2, 2, 1, 1, 3, 2, 2, 1, 0, 1, 3, 0, 2, 0, 0, 1, 1, 1, 1, 0, 1, 1, 0, 1, 1, 0, 0, 0, 0, 2, 0, 1, 1, 1, 0, 0, 0, 0, 3, 1, 0, 1, 0, 1, 0, 1, 1, 1, 0, 1, 1, 3, 2, 2, 0, 0, 1, 2, 1, 1, 2, 0, 1, 1, 1, 1, 2, 0, 0, 0, 1, 2, 0, 0, 0, 0, 1, 1, 2, 1, 2, 2, 0, 2, 1, 2, 2, 1, 0, 1, 1, 0, 1, 0], [0, 0, 2, 1, 1, 0, 0, 0, 3, 1, 0, 1, 1, 1, 0, 0, 0, 0, 1, 0, 2, 0, 0, 2, 1, 0, 0, 0, 0, 0, 0, 0, 1, 1, 0, 0, 0, 1, 0, 1, 1, 0, 0, 0, 0, 0, 1, 2, 2, 2, 1, 2, 0, 1, 2, 0, 0, 0, 2, 1, 0, 1, 3, 0, 2, 0, 0, 2, 1, 0, 0, 2, 0, 1, 0, 0, 0, 0, 1, 1, 0, 0, 0, 0, 1, 0, 0, 1, 0, 0, 0, 0, 0, 0, 1, 0, 1, 1, 1, 1], [1, 0, 0, 0, 0, 0, 0, 0, 0, 1, 2, 0, 0, 0, 0, 0, 0, 0, 1, 1, 1, 0, 0, 0, 0, 1, 0, 0, 0, 0, 0, 0, 1, 0, 0, 0, 1, 0, 0, 0, 1, 0, 1, 0, 0, 1, 0, 0, 0, 1, 0, 0, 0, 0, 1, 1, 1, 0, 0, 0, 0, 1, 0, 0, 0, 0, 2, 1, 0, 1, 1, 0, 0, 1, 0, 1, 0, 0, 1, 0, 0, 0, 0, 0, 0, 0, 2, 1, 1, 0, 1, 0, 0, 0, 0, 0, 0, 0, 0, 0], [1, 0, 0, 0, 0, 0, 0, 0, 0, 0, 0, 0, 0, 0, 0, 0, 0, 0, 0, 0, 0, 0, 0, 0, 0, 0, 0, 0, 1, 0, 0, 0, 1, 0, 1, 0, 1, 1, 0, 0, 0, 0, 0, 0, 0, 0, 0, 0, 0, 0, 0, 0, 0, 0, 1, 0, 0, 0, 0, 0, 0, 0, 0, 0, 0, 0, 0, 0, 0, 0, 0, 1, 0, 0, 0, 0, 1, 0, 0, 0, 0, 0, 0, 0, 1, 0, 0, 0, 0, 0, 1, 0, 0, 0, 1, 0, 0, 0, 0, 1]]
MAX_USER_PER_ANTENNAS_m:  [40, 40, 40, 40, 40, 40, 40, 40, 40, 40, 40, 40, 40, 40, 40, 40, 40, 40, 40, 40, 40, 40, 40, 40, 40, 40, 40, 40, 40, 40, 40, 40, 40, 40, 40, 40, 40, 40, 40, 40, 40, 40, 40, 40, 40, 40, 40, 40, 40, 40, 40, 40, 40, 40, 40, 40, 40, 40, 40, 40, 40, 40, 40, 40, 40, 40, 40, 40, 40, 40, 40, 40, 40, 40, 40, 40, 40, 40, 40, 40, 40, 40, 40, 40, 40, 40, 40, 40, 40, 40, 40, 40, 40, 40, 40, 40, 40, 40, 40, 40]
antennas_map_m:  [1, 1, 1, 1, 1, 1, 1, 1, 1, 1, 1, 1, 1, 1, 1, 1, 1, 1, 1, 1, 1, 1, 1, 1, 1, 1, 1, 1, 1, 1, 1, 1, 1, 1, 1, 1, 1, 1, 1, 1, 1, 1, 1, 1, 1, 1, 1, 1, 1, 1, 1, 1, 1, 1, 1, 1, 1, 1, 1, 1, 1, 1, 1, 1, 1, 1, 1, 1, 1, 1, 1, 1, 1, 1, 1, 1, 1, 1, 1, 1, 1, 1, 1, 1, 1, 1, 1, 1, 1, 1, 1, 1, 1, 1, 1, 1, 1, 1, 1, 1]
FIRST_ANTENNA:  83
MIN_SNR_m:  [10.0, 10.0, 10.0, 10.0, 10.0, 10.0, 10.0, 10.0, 10.0, 10.0, 10.0, 10.0, 10.0, 10.0, 10.0, 10.0, 10.0, 10.0, 10.0, 10.0, 10.0, 10.0, 10.0, 10.0, 10.0, 10.0, 10.0, 10.0, 10.0, 10.0, 10.0, 10.0, 10.0, 10.0, 10.0, 10.0, 10.0, 10.0, 10.0, 10.0, 10.0, 10.0, 10.0, 10.0, 10.0, 10.0, 10.0, 10.0, 10.0, 10.0, 10.0, 10.0, 10.0, 10.0, 10.0, 10.0, 10.0, 10.0, 10.0, 10.0, 10.0, 10.0, 10.0, 10.0, 10.0, 10.0, 10.0, 10.0, 10.0, 10.0, 10.0, 10.0, 10.0, 10.0, 10.0, 10.0, 10.0, 10.0, 10.0, 10.0, 10.0, 10.0, 10.0, 10.0, 10.0, 10.0, 10.0, 10.0, 10.0, 10.0, 10.0, 10.0, 10.0, 10.0, 10.0, 10.0, 10.0, 10.0, 10.0, 10.0]
-MIN_DIST:  2000
- disaster percentage:  0
- valid_time:  0
2.0

Média de carros: 2.0
t=0
$x_{83}$
	 $y_{83,65}$ = 14.703060840523335 dB
	 $y_{83,75}$ = 12.7068085365907 dB
	 $y_{83,76}$ = 20.277394612262853 dB
		SNR medio: 17.12589745663461
		Usuarios totais: 27
$x_{84}$
	 $y_{84,66}$ = 14.158471663075886 dB
		SNR medio: 14.158471663075886
		Usuarios totais: 2
t=1
$x_{83}$
	 $y_{1,83,15}$ = -7.1886983120097625 dB
	 $y_{1,83,18}$ = -1.8198768142586061 dB
	 $y_{1,83,24}$ = -1.0880798070097344 dB
	 $y_{1,83,35}$ = 3.777803837945072 dB
	 $y_{1,83,48}$ = 0.6238860888218194 dB
	 $y_{1,83,51}$ = 4.813410132343108 dB
	 $y_{1,83,61}$ = 8.562939743824046 dB
	 $y_{1,83,62}$ = 17.418463471140868 dB
	 $y_{1,83,72}$ = 29.966359787660437 dB
	 $y_{1,83,76}$ = 20.277394612262853 dB
	 $y_{1,83,77}$ = -0.721622185482943 dB
	 $y_{1,83,81}$ = 19.87935298956525 dB
	 $y_{1,83,82}$ = 18.517324933199916 dB
	 $y_{1,83,87}$ = 9.035062899789054 dB
	 $y_{1,83,93}$ = 35.30637638095256 dB
	 $y_{1,83,97}$ = 9.336638293520622 dB
	 $y_{1,83,98}$ = 4.771905803144136 dB
		SNR medio: 24.463950323415364
		Usuarios totais: 27
$x_{84}$
	 $y_{1,84,9}$ = -10.288471940488591 dB
	 $y_{1,84,21}$ = 3.422175470548254 dB
	 $y_{1,84,32}$ = 7.517329117137422 dB
	 $y_{1,84,34}$ = 13.069424031900482 dB
	 $y_{1,84,58}$ = 10.77075731353537 dB
	 $y_{1,84,65}$ = 16.62131696337083 dB
	 $y_{1,84,66}$ = 14.158471663075886 dB
	 $y_{1,84,67}$ = 19.345342373027208 dB
	 $y_{1,84,71}$ = 16.985831651664427 dB
	 $y_{1,84,73}$ = 28.142387696459195 dB
	 $y_{1,84,75}$ = 31.270777169329435 dB
		SNR medio: 23.08856572088318
		Usuarios totais: 39
t=2
$x_{83}$
	 $y_{2,83,0}$ = -7.155124316707997 dB
	 $y_{2,83,3}$ = -2.1704159698931274 dB
	 $y_{2,83,10}$ = -0.18968472829315897 dB
	 $y_{2,83,15}$ = -7.1886983120097625 dB
	 $y_{2,83,17}$ = -4.961999525257837 dB
	 $y_{2,83,20}$ = 4.817143704757683 dB
	 $y_{2,83,23}$ = 10.56741009737081 dB
	 $y_{2,83,24}$ = -1.0880798070097344 dB
	 $y_{2,83,25}$ = 2.624681704374183 dB
	 $y_{2,83,33}$ = 3.2510023462022564 dB
	 $y_{2,83,35}$ = 3.777803837945072 dB
	 $y_{2,83,40}$ = 2.019504746621749 dB
	 $y_{2,83,48}$ = 0.6238860888218194 dB
	 $y_{2,83,51}$ = 4.813410132343108 dB
	 $y_{2,83,55}$ = 20.517564474414712 dB
	 $y_{2,83,56}$ = 7.322212476073744 dB
	 $y_{2,83,59}$ = -0.5134248920378185 dB
	 $y_{2,83,61}$ = 8.562939743824046 dB
	 $y_{2,83,62}$ = 17.418463471140868 dB
	 $y_{2,83,70}$ = 16.085626030773156 dB
	 $y_{2,83,76}$ = 20.277394612262853 dB
	 $y_{2,83,78}$ = 3.4174272095030185 dB
	 $y_{2,83,80}$ = 6.231849358686304 dB
	 $y_{2,83,81}$ = 19.87935298956525 dB
	 $y_{2,83,89}$ = -8.621497945616909 dB
	 $y_{2,83,90}$ = 13.217845908665339 dB
	 $y_{2,83,93}$ = 35.30637638095256 dB
	 $y_{2,83,96}$ = 11.444426655834988 dB
	 $y_{2,83,98}$ = 4.771905803144136 dB
		SNR medio: 21.2791216228832
		Usuarios totais: 38
$x_{84}$
	 $y_{2,84,9}$ = -10.288471940488591 dB
	 $y_{2,84,14}$ = 3.0645476225709416 dB
	 $y_{2,84,19}$ = -5.889967131878677 dB
	 $y_{2,84,21}$ = 3.422175470548254 dB
	 $y_{2,84,29}$ = -3.942183368549479 dB
	 $y_{2,84,30}$ = -1.8152873888064964 dB
	 $y_{2,84,31}$ = 2.284048482603396 dB
	 $y_{2,84,32}$ = 7.517329117137422 dB
	 $y_{2,84,34}$ = 13.069424031900482 dB
	 $y_{2,84,36}$ = 1.184998153711774 dB
	 $y_{2,84,43}$ = 6.22380562597418 dB
	 $y_{2,84,49}$ = 5.939084322670524 dB
	 $y_{2,84,54}$ = 13.904101641511716 dB
	 $y_{2,84,65}$ = 16.62131696337083 dB
	 $y_{2,84,66}$ = 14.158471663075886 dB
	 $y_{2,84,68}$ = 6.3913174642821104 dB
	 $y_{2,84,69}$ = 5.342922793258239 dB
	 $y_{2,84,73}$ = 28.142387696459195 dB
	 $y_{2,84,74}$ = 37.19719902318059 dB
	 $y_{2,84,77}$ = 19.33413818097904 dB
	 $y_{2,84,84}$ = 80.86325850400448 dB
	 $y_{2,84,85}$ = 26.230577901021107 dB
	 $y_{2,84,86}$ = 22.853249881599154 dB
	 $y_{2,84,95}$ = 25.023555408109758 dB
		SNR medio: 67.06139742540608
		Usuarios totais: 39
t=3
$x_{83}$
	 $y_{3,83,0}$ = -7.155124316707997 dB
	 $y_{3,83,2}$ = 2.6459785332037598 dB
	 $y_{3,83,3}$ = -2.1704159698931274 dB
	 $y_{3,83,7}$ = -4.570857193376298 dB
	 $y_{3,83,8}$ = -0.9497052631984388 dB
	 $y_{3,83,10}$ = -0.18968472829315897 dB
	 $y_{3,83,11}$ = -3.517278016251794 dB
	 $y_{3,83,12}$ = 2.954271185969702 dB
	 $y_{3,83,13}$ = -1.1246356966587001 dB
	 $y_{3,83,15}$ = -7.1886983120097625 dB
	 $y_{3,83,20}$ = 4.817143704757683 dB
	 $y_{3,83,23}$ = 10.56741009737081 dB
	 $y_{3,83,24}$ = -1.0880798070097344 dB
	 $y_{3,83,25}$ = 2.624681704374183 dB
	 $y_{3,83,38}$ = 4.394361204899212 dB
	 $y_{3,83,40}$ = 2.019504746621749 dB
	 $y_{3,83,44}$ = 8.045406104353901 dB
	 $y_{3,83,45}$ = 5.008497537137259 dB
	 $y_{3,83,50}$ = 9.936642321393293 dB
	 $y_{3,83,52}$ = 3.91261640567771 dB
	 $y_{3,83,53}$ = 14.078614704509079 dB
	 $y_{3,83,56}$ = 7.322212476073744 dB
	 $y_{3,83,57}$ = 2.5131008353137645 dB
	 $y_{3,83,59}$ = -0.5134248920378185 dB
	 $y_{3,83,60}$ = 11.643284601637788 dB
	 $y_{3,83,61}$ = 8.562939743824046 dB
	 $y_{3,83,62}$ = 17.418463471140868 dB
	 $y_{3,83,63}$ = 18.650493948795884 dB
	 $y_{3,83,66}$ = 6.120924132957839 dB
		SNR medio: 9.16676516415372
		Usuarios totais: 39
$x_{84}$
	 $y_{3,84,5}$ = 3.2401161344273257 dB
	 $y_{3,84,16}$ = -1.3730447197613096 dB
	 $y_{3,84,22}$ = 3.4585164255276197 dB
	 $y_{3,84,26}$ = 8.56678700558031 dB
	 $y_{3,84,30}$ = -1.8152873888064964 dB
	 $y_{3,84,31}$ = 2.284048482603396 dB
	 $y_{3,84,32}$ = 7.517329117137422 dB
	 $y_{3,84,34}$ = 13.069424031900482 dB
	 $y_{3,84,36}$ = 1.184998153711774 dB
	 $y_{3,84,37}$ = 2.5349196562943344 dB
	 $y_{3,84,39}$ = -7.076357123291956 dB
	 $y_{3,84,54}$ = 13.904101641511716 dB
	 $y_{3,84,58}$ = 10.77075731353537 dB
	 $y_{3,84,65}$ = 16.62131696337083 dB
	 $y_{3,84,68}$ = 6.3913174642821104 dB
		SNR medio: 9.399166677677126
		Usuarios totais: 39
t=4
$x_{83}$
	 $y_{4,83,2}$ = 2.6459785332037598 dB
	 $y_{4,83,3}$ = -2.1704159698931274 dB
	 $y_{4,83,4}$ = -0.8905333683276239 dB
	 $y_{4,83,7}$ = -4.570857193376298 dB
	 $y_{4,83,8}$ = -0.9497052631984388 dB
	 $y_{4,83,11}$ = -3.517278016251794 dB
	 $y_{4,83,12}$ = 2.954271185969702 dB
	 $y_{4,83,13}$ = -1.1246356966587001 dB
	 $y_{4,83,17}$ = -4.961999525257837 dB
	 $y_{4,83,18}$ = -1.8198768142586061 dB
	 $y_{4,83,20}$ = 4.817143704757683 dB
	 $y_{4,83,23}$ = 10.56741009737081 dB
	 $y_{4,83,28}$ = -4.641887344824596 dB
	 $y_{4,83,33}$ = 3.2510023462022564 dB
	 $y_{4,83,35}$ = 3.777803837945072 dB
	 $y_{4,83,38}$ = 4.394361204899212 dB
	 $y_{4,83,40}$ = 2.019504746621749 dB
	 $y_{4,83,44}$ = 8.045406104353901 dB
	 $y_{4,83,46}$ = 5.0344245129059 dB
	 $y_{4,83,48}$ = 0.6238860888218194 dB
	 $y_{4,83,51}$ = 4.813410132343108 dB
	 $y_{4,83,55}$ = 20.517564474414712 dB
	 $y_{4,83,56}$ = 7.322212476073744 dB
	 $y_{4,83,57}$ = 2.5131008353137645 dB
	 $y_{4,83,67}$ = 8.586060380064936 dB
		SNR medio: 8.401095921936008
		Usuarios totais: 39
$x_{84}$
	 $y_{4,84,6}$ = 3.6106820042373617 dB
	 $y_{4,84,9}$ = -10.288471940488591 dB
	 $y_{4,84,14}$ = 3.0645476225709416 dB
	 $y_{4,84,16}$ = -1.3730447197613096 dB
	 $y_{4,84,21}$ = 3.422175470548254 dB
	 $y_{4,84,22}$ = 3.4585164255276197 dB
	 $y_{4,84,26}$ = 8.56678700558031 dB
	 $y_{4,84,27}$ = 0.8703307952243904 dB
	 $y_{4,84,29}$ = -3.942183368549479 dB
	 $y_{4,84,30}$ = -1.8152873888064964 dB
	 $y_{4,84,31}$ = 2.284048482603396 dB
	 $y_{4,84,34}$ = 13.069424031900482 dB
	 $y_{4,84,36}$ = 1.184998153711774 dB
	 $y_{4,84,37}$ = 2.5349196562943344 dB
	 $y_{4,84,39}$ = -7.076357123291956 dB
	 $y_{4,84,41}$ = 11.622510487841907 dB
	 $y_{4,84,42}$ = 7.423329404408264 dB
	 $y_{4,84,43}$ = 6.22380562597418 dB
	 $y_{4,84,49}$ = 5.939084322670524 dB
	 $y_{4,84,54}$ = 13.904101641511716 dB
	 $y_{4,84,58}$ = 10.77075731353537 dB
	 $y_{4,84,59}$ = -7.786006945672739 dB
	 $y_{4,84,64}$ = 17.674714206351467 dB
		SNR medio: 8.627922941466279
		Usuarios totais: 39
t=5
$x_{83}$
	 $y_{5,83,0}$ = -7.155124316707997 dB
	 $y_{5,83,1}$ = -4.80207035539587 dB
	 $y_{5,83,3}$ = -2.1704159698931274 dB
	 $y_{5,83,4}$ = -0.8905333683276239 dB
	 $y_{5,83,8}$ = -0.9497052631984388 dB
	 $y_{5,83,10}$ = -0.18968472829315897 dB
	 $y_{5,83,12}$ = 2.954271185969702 dB
	 $y_{5,83,13}$ = -1.1246356966587001 dB
	 $y_{5,83,15}$ = -7.1886983120097625 dB
	 $y_{5,83,17}$ = -4.961999525257837 dB
	 $y_{5,83,20}$ = 4.817143704757683 dB
	 $y_{5,83,24}$ = -1.0880798070097344 dB
	 $y_{5,83,25}$ = 2.624681704374183 dB
	 $y_{5,83,28}$ = -4.641887344824596 dB
	 $y_{5,83,33}$ = 3.2510023462022564 dB
	 $y_{5,83,35}$ = 3.777803837945072 dB
	 $y_{5,83,38}$ = 4.394361204899212 dB
	 $y_{5,83,40}$ = 2.019504746621749 dB
	 $y_{5,83,44}$ = 8.045406104353901 dB
	 $y_{5,83,45}$ = 5.008497537137259 dB
	 $y_{5,83,46}$ = 5.0344245129059 dB
	 $y_{5,83,48}$ = 0.6238860888218194 dB
	 $y_{5,83,58}$ = 4.70896571433542 dB
		SNR medio: 2.2522509574037803
		Usuarios totais: 39
$x_{84}$
	 $y_{5,84,5}$ = 3.2401161344273257 dB
	 $y_{5,84,6}$ = 3.6106820042373617 dB
	 $y_{5,84,9}$ = -10.288471940488591 dB
	 $y_{5,84,14}$ = 3.0645476225709416 dB
	 $y_{5,84,16}$ = -1.3730447197613096 dB
	 $y_{5,84,19}$ = -5.889967131878677 dB
	 $y_{5,84,21}$ = 3.422175470548254 dB
	 $y_{5,84,22}$ = 3.4585164255276197 dB
	 $y_{5,84,26}$ = 8.56678700558031 dB
	 $y_{5,84,27}$ = 0.8703307952243904 dB
	 $y_{5,84,29}$ = -3.942183368549479 dB
	 $y_{5,84,30}$ = -1.8152873888064964 dB
	 $y_{5,84,31}$ = 2.284048482603396 dB
	 $y_{5,84,36}$ = 1.184998153711774 dB
	 $y_{5,84,37}$ = 2.5349196562943344 dB
	 $y_{5,84,42}$ = 7.423329404408264 dB
	 $y_{5,84,43}$ = 6.22380562597418 dB
	 $y_{5,84,47}$ = -0.38059069809133916 dB
	 $y_{5,84,49}$ = 5.939084322670524 dB
	 $y_{5,84,52}$ = 1.0049362973704776 dB
		SNR medio: 3.223931459333709
		Usuarios totais: 39
t=6
$x_{83}$
	 $y_{6,83,1}$ = -4.80207035539587 dB
	 $y_{6,83,2}$ = 2.6459785332037598 dB
	 $y_{6,83,4}$ = -0.8905333683276239 dB
	 $y_{6,83,7}$ = -4.570857193376298 dB
	 $y_{6,83,10}$ = -0.18968472829315897 dB
	 $y_{6,83,11}$ = -3.517278016251794 dB
	 $y_{6,83,12}$ = 2.954271185969702 dB
	 $y_{6,83,15}$ = -7.1886983120097625 dB
	 $y_{6,83,17}$ = -4.961999525257837 dB
	 $y_{6,83,20}$ = 4.817143704757683 dB
	 $y_{6,83,23}$ = 10.56741009737081 dB
	 $y_{6,83,25}$ = 2.624681704374183 dB
	 $y_{6,83,28}$ = -4.641887344824596 dB
	 $y_{6,83,33}$ = 3.2510023462022564 dB
	 $y_{6,83,35}$ = 3.777803837945072 dB
	 $y_{6,83,38}$ = 4.394361204899212 dB
	 $y_{6,83,40}$ = 2.019504746621749 dB
		SNR medio: 2.836290098993307
		Usuarios totais: 39
$x_{84}$
	 $y_{6,84,5}$ = 3.2401161344273257 dB
	 $y_{6,84,6}$ = 3.6106820042373617 dB
	 $y_{6,84,14}$ = 3.0645476225709416 dB
	 $y_{6,84,16}$ = -1.3730447197613096 dB
	 $y_{6,84,19}$ = -5.889967131878677 dB
	 $y_{6,84,22}$ = 3.4585164255276197 dB
	 $y_{6,84,26}$ = 8.56678700558031 dB
	 $y_{6,84,27}$ = 0.8703307952243904 dB
	 $y_{6,84,29}$ = -3.942183368549479 dB
	 $y_{6,84,30}$ = -1.8152873888064964 dB
	 $y_{6,84,31}$ = 2.284048482603396 dB
	 $y_{6,84,32}$ = 7.517329117137422 dB
	 $y_{6,84,34}$ = 13.069424031900482 dB
	 $y_{6,84,36}$ = 1.184998153711774 dB
	 $y_{6,84,37}$ = 2.5349196562943344 dB
	 $y_{6,84,39}$ = -7.076357123291956 dB
	 $y_{6,84,41}$ = 11.622510487841907 dB
	 $y_{6,84,42}$ = 7.423329404408264 dB
	 $y_{6,84,43}$ = 6.22380562597418 dB
		SNR medio: 5.920469777288964
		Usuarios totais: 39
t=7
$x_{83}$
	 $y_{7,83,1}$ = -4.80207035539587 dB
	 $y_{7,83,2}$ = 2.6459785332037598 dB
	 $y_{7,83,3}$ = -2.1704159698931274 dB
	 $y_{7,83,4}$ = -0.8905333683276239 dB
	 $y_{7,83,7}$ = -4.570857193376298 dB
	 $y_{7,83,8}$ = -0.9497052631984388 dB
	 $y_{7,83,10}$ = -0.18968472829315897 dB
	 $y_{7,83,11}$ = -3.517278016251794 dB
	 $y_{7,83,13}$ = -1.1246356966587001 dB
	 $y_{7,83,15}$ = -7.1886983120097625 dB
	 $y_{7,83,17}$ = -4.961999525257837 dB
	 $y_{7,83,18}$ = -1.8198768142586061 dB
	 $y_{7,83,35}$ = 3.777803837945072 dB
	 $y_{7,83,40}$ = 2.019504746621749 dB
	 $y_{7,83,44}$ = 8.045406104353901 dB
	 $y_{7,83,46}$ = 5.0344245129059 dB
	 $y_{7,83,47}$ = -0.9489323988088926 dB
	 $y_{7,83,48}$ = 0.6238860888218194 dB
	 $y_{7,83,52}$ = 3.91261640567771 dB
	 $y_{7,83,53}$ = 14.078614704509079 dB
	 $y_{7,83,54}$ = 11.873157453672547 dB
	 $y_{7,83,55}$ = 20.517564474414712 dB
		SNR medio: 9.120643331676266
		Usuarios totais: 39
$x_{84}$
	 $y_{7,84,5}$ = 3.2401161344273257 dB
	 $y_{7,84,6}$ = 3.6106820042373617 dB
	 $y_{7,84,14}$ = 3.0645476225709416 dB
	 $y_{7,84,16}$ = -1.3730447197613096 dB
	 $y_{7,84,19}$ = -5.889967131878677 dB
	 $y_{7,84,21}$ = 3.422175470548254 dB
	 $y_{7,84,22}$ = 3.4585164255276197 dB
	 $y_{7,84,27}$ = 0.8703307952243904 dB
	 $y_{7,84,29}$ = -3.942183368549479 dB
	 $y_{7,84,30}$ = -1.8152873888064964 dB
	 $y_{7,84,31}$ = 2.284048482603396 dB
	 $y_{7,84,34}$ = 13.069424031900482 dB
	 $y_{7,84,37}$ = 2.5349196562943344 dB
	 $y_{7,84,39}$ = -7.076357123291956 dB
	 $y_{7,84,41}$ = 11.622510487841907 dB
	 $y_{7,84,42}$ = 7.423329404408264 dB
	 $y_{7,84,43}$ = 6.22380562597418 dB
	 $y_{7,84,49}$ = 5.939084322670524 dB
		SNR medio: 5.6587148300199726
		Usuarios totais: 39
t=8
$x_{83}$
	 $y_{8,83,0}$ = -7.155124316707997 dB
	 $y_{8,83,2}$ = 2.6459785332037598 dB
	 $y_{8,83,4}$ = -0.8905333683276239 dB
	 $y_{8,83,7}$ = -4.570857193376298 dB
	 $y_{8,83,8}$ = -0.9497052631984388 dB
	 $y_{8,83,10}$ = -0.18968472829315897 dB
	 $y_{8,83,11}$ = -3.517278016251794 dB
	 $y_{8,83,12}$ = 2.954271185969702 dB
	 $y_{8,83,13}$ = -1.1246356966587001 dB
	 $y_{8,83,15}$ = -7.1886983120097625 dB
	 $y_{8,83,18}$ = -1.8198768142586061 dB
	 $y_{8,83,23}$ = 10.56741009737081 dB
	 $y_{8,83,24}$ = -1.0880798070097344 dB
	 $y_{8,83,35}$ = 3.777803837945072 dB
	 $y_{8,83,38}$ = 4.394361204899212 dB
	 $y_{8,83,44}$ = 8.045406104353901 dB
	 $y_{8,83,45}$ = 5.008497537137259 dB
	 $y_{8,83,51}$ = 4.813410132343108 dB
	 $y_{8,83,52}$ = 3.91261640567771 dB
	 $y_{8,83,53}$ = 14.078614704509079 dB
	 $y_{8,83,55}$ = 20.517564474414712 dB
	 $y_{8,83,56}$ = 7.322212476073744 dB
	 $y_{8,83,57}$ = 2.5131008353137645 dB
	 $y_{8,83,59}$ = -0.5134248920378185 dB
	 $y_{8,83,62}$ = 17.418463471140868 dB
	 $y_{8,83,63}$ = 18.650493948795884 dB
		SNR medio: 10.848869526273262
		Usuarios totais: 39
$x_{84}$
	 $y_{8,84,5}$ = 3.2401161344273257 dB
	 $y_{8,84,6}$ = 3.6106820042373617 dB
	 $y_{8,84,9}$ = -10.288471940488591 dB
	 $y_{8,84,16}$ = -1.3730447197613096 dB
	 $y_{8,84,21}$ = 3.422175470548254 dB
	 $y_{8,84,22}$ = 3.4585164255276197 dB
	 $y_{8,84,26}$ = 8.56678700558031 dB
	 $y_{8,84,27}$ = 0.8703307952243904 dB
	 $y_{8,84,29}$ = -3.942183368549479 dB
	 $y_{8,84,30}$ = -1.8152873888064964 dB
	 $y_{8,84,37}$ = 2.5349196562943344 dB
	 $y_{8,84,39}$ = -7.076357123291956 dB
	 $y_{8,84,47}$ = -0.38059069809133916 dB
	 $y_{8,84,49}$ = 5.939084322670524 dB
	 $y_{8,84,58}$ = 10.77075731353537 dB
	 $y_{8,84,64}$ = 17.674714206351467 dB
	 $y_{8,84,65}$ = 16.62131696337083 dB
	 $y_{8,84,66}$ = 14.158471663075886 dB
	 $y_{8,84,68}$ = 6.3913174642821104 dB
	 $y_{8,84,69}$ = 5.342922793258239 dB
	 $y_{8,84,70}$ = 6.491183003255088 dB
	 $y_{8,84,71}$ = 16.985831651664427 dB
	 $y_{8,84,72}$ = 18.453540566418425 dB
	 $y_{8,84,76}$ = 15.435195971785035 dB
	 $y_{8,84,77}$ = 19.33413818097904 dB
	 $y_{8,84,82}$ = 15.749891047532358 dB
	 $y_{8,84,83}$ = 25.36322588380922 dB
	 $y_{8,84,84}$ = 80.86325850400448 dB
	 $y_{8,84,85}$ = 26.230577901021107 dB
	 $y_{8,84,86}$ = 22.853249881599154 dB
		SNR medio: 66.09209634929807
		Usuarios totais: 39
t=9
$x_{83}$
	 $y_{9,83,2}$ = 2.6459785332037598 dB
	 $y_{9,83,3}$ = -2.1704159698931274 dB
	 $y_{9,83,4}$ = -0.8905333683276239 dB
	 $y_{9,83,8}$ = -0.9497052631984388 dB
	 $y_{9,83,11}$ = -3.517278016251794 dB
	 $y_{9,83,12}$ = 2.954271185969702 dB
	 $y_{9,83,13}$ = -1.1246356966587001 dB
	 $y_{9,83,18}$ = -1.8198768142586061 dB
	 $y_{9,83,20}$ = 4.817143704757683 dB
	 $y_{9,83,23}$ = 10.56741009737081 dB
	 $y_{9,83,24}$ = -1.0880798070097344 dB
	 $y_{9,83,33}$ = 3.2510023462022564 dB
	 $y_{9,83,40}$ = 2.019504746621749 dB
	 $y_{9,83,46}$ = 5.0344245129059 dB
	 $y_{9,83,48}$ = 0.6238860888218194 dB
	 $y_{9,83,50}$ = 9.936642321393293 dB
	 $y_{9,83,51}$ = 4.813410132343108 dB
	 $y_{9,83,53}$ = 14.078614704509079 dB
	 $y_{9,83,59}$ = -0.5134248920378185 dB
	 $y_{9,83,61}$ = 8.562939743824046 dB
	 $y_{9,83,62}$ = 17.418463471140868 dB
	 $y_{9,83,64}$ = 20.03625831340507 dB
	 $y_{9,83,78}$ = 3.4174272095030185 dB
	 $y_{9,83,94}$ = 22.66023487684207 dB
	 $y_{9,83,99}$ = 5.212583635438307 dB
		SNR medio: 12.291755449434243
		Usuarios totais: 35
$x_{84}$
	 $y_{9,84,9}$ = -10.288471940488591 dB
	 $y_{9,84,32}$ = 7.517329117137422 dB
	 $y_{9,84,37}$ = 2.5349196562943344 dB
	 $y_{9,84,39}$ = -7.076357123291956 dB
	 $y_{9,84,47}$ = -0.38059069809133916 dB
	 $y_{9,84,49}$ = 5.939084322670524 dB
	 $y_{9,84,54}$ = 13.904101641511716 dB
	 $y_{9,84,58}$ = 10.77075731353537 dB
	 $y_{9,84,67}$ = 19.345342373027208 dB
	 $y_{9,84,68}$ = 6.3913174642821104 dB
	 $y_{9,84,71}$ = 16.985831651664427 dB
	 $y_{9,84,73}$ = 28.142387696459195 dB
	 $y_{9,84,79}$ = 0.5407461196684547 dB
	 $y_{9,84,84}$ = 80.86325850400448 dB
	 $y_{9,84,87}$ = 13.286479675389728 dB
	 $y_{9,84,96}$ = 18.28269657752122 dB
	 $y_{9,84,97}$ = 11.175231849846256 dB
	 $y_{9,84,98}$ = 8.386576570869039 dB
		SNR medio: 68.31056731542405
		Usuarios totais: 24
t=10
$x_{83}$
	 $y_{10,83,0}$ = -7.155124316707997 dB
	 $y_{10,83,10}$ = -0.18968472829315897 dB
	 $y_{10,83,18}$ = -1.8198768142586061 dB
	 $y_{10,83,20}$ = 4.817143704757683 dB
	 $y_{10,83,25}$ = 2.624681704374183 dB
	 $y_{10,83,40}$ = 2.019504746621749 dB
	 $y_{10,83,45}$ = 5.008497537137259 dB
	 $y_{10,83,55}$ = 20.517564474414712 dB
	 $y_{10,83,56}$ = 7.322212476073744 dB
	 $y_{10,83,61}$ = 8.562939743824046 dB
	 $y_{10,83,70}$ = 16.085626030773156 dB
	 $y_{10,83,78}$ = 3.4174272095030185 dB
	 $y_{10,83,88}$ = 6.304849034745018 dB
	 $y_{10,83,90}$ = 13.217845908665339 dB
		SNR medio: 11.650251714211272
		Usuarios totais: 15
$x_{84}$
	 $y_{10,84,9}$ = -10.288471940488591 dB
	 $y_{10,84,19}$ = -5.889967131878677 dB
	 $y_{10,84,32}$ = 7.517329117137422 dB
	 $y_{10,84,36}$ = 1.184998153711774 dB
	 $y_{10,84,42}$ = 7.423329404408264 dB
	 $y_{10,84,49}$ = 5.939084322670524 dB
	 $y_{10,84,54}$ = 13.904101641511716 dB
	 $y_{10,84,66}$ = 14.158471663075886 dB
	 $y_{10,84,67}$ = 19.345342373027208 dB
	 $y_{10,84,69}$ = 5.342922793258239 dB
	 $y_{10,84,73}$ = 28.142387696459195 dB
	 $y_{10,84,75}$ = 31.270777169329435 dB
	 $y_{10,84,86}$ = 22.853249881599154 dB
	 $y_{10,84,87}$ = 13.286479675389728 dB
		SNR medio: 22.27322162767461
		Usuarios totais: 16
t=11
$x_{83}$
	 $y_{11,83,0}$ = -7.155124316707997 dB
	 $y_{11,83,28}$ = -4.641887344824596 dB
	 $y_{11,83,76}$ = 20.277394612262853 dB
	 $y_{11,83,90}$ = 13.217845908665339 dB
	 $y_{11,83,94}$ = 22.66023487684207 dB
	 $y_{11,83,99}$ = 5.212583635438307 dB
		SNR medio: 17.214575003504983
		Usuarios totais: 6
$x_{84}$
	 $y_{11,84,32}$ = 7.517329117137422 dB
	 $y_{11,84,34}$ = 13.069424031900482 dB
	 $y_{11,84,36}$ = 1.184998153711774 dB
	 $y_{11,84,37}$ = 2.5349196562943344 dB
	 $y_{11,84,54}$ = 13.904101641511716 dB
	 $y_{11,84,71}$ = 16.985831651664427 dB
	 $y_{11,84,84}$ = 80.86325850400448 dB
		SNR medio: 72.41228179038863
		Usuarios totais: 7
Distances:
83 : 84 = 400.0
--- Done after 0.0005222537120183309 hours. ---
