-------------Calculating Solution (this may take a while)
+++++++++++++++++++Min Sinr: 5 dB (single)
+++++++++++++++++++With backhaul constraint. Start: 2023-01-14 11:53:49

Parameters:
- chosen seed 19
- Map with 100 sectors
- Map 4000 x 4000 m
- Sector has a side of 400 m
- Max time:  12
- users_t_m:  [[0, 0, 0, 0, 0, 0, 0, 0, 0, 0, 0, 0, 0, 0, 0, 0, 0, 0, 0, 0, 0, 0, 0, 0, 0, 0, 0, 0, 0, 0, 0, 0, 0, 0, 0, 0, 0, 0, 0, 0, 0, 0, 0, 0, 0, 0, 0, 0, 0, 0, 0, 0, 0, 0, 0, 0, 0, 0, 0, 0, 0, 0, 0, 0, 0, 6, 2, 0, 0, 0, 0, 0, 0, 0, 0, 20, 1, 0, 0, 0, 0, 0, 0, 0, 0, 0, 0, 0, 0, 0, 0, 0, 0, 0, 0, 0, 0, 0, 0, 0], [0, 0, 0, 0, 0, 0, 0, 0, 0, 1, 0, 0, 0, 0, 0, 1, 0, 0, 2, 0, 0, 1, 0, 0, 1, 0, 0, 0, 0, 0, 0, 0, 1, 0, 1, 1, 0, 0, 0, 0, 0, 0, 0, 0, 0, 0, 0, 0, 1, 0, 0, 1, 0, 0, 0, 0, 0, 0, 1, 0, 0, 1, 1, 0, 0, 6, 2, 1, 0, 0, 0, 1, 1, 2, 0, 22, 5, 3, 0, 0, 0, 2, 2, 0, 0, 0, 0, 1, 0, 0, 0, 0, 0, 1, 0, 0, 0, 2, 1, 0], [2, 0, 0, 1, 0, 0, 0, 0, 0, 1, 1, 0, 0, 0, 1, 1, 0, 1, 0, 3, 2, 1, 0, 1, 1, 1, 0, 0, 0, 1, 2, 1, 1, 1, 1, 1, 1, 0, 0, 0, 2, 0, 0, 2, 0, 0, 0, 0, 1, 2, 0, 1, 0, 0, 1, 3, 1, 0, 0, 2, 0, 1, 1, 0, 0, 10, 1, 0, 1, 1, 1, 0, 0, 1, 1, 27, 1, 1, 2, 0, 1, 2, 0, 0, 1, 2, 1, 0, 0, 2, 1, 0, 0, 1, 0, 1, 1, 0, 1, 0], [2, 0, 1, 2, 0, 3, 0, 1, 2, 0, 3, 1, 1, 3, 0, 1, 3, 0, 0, 0, 1, 0, 1, 1, 1, 1, 2, 0, 0, 0, 2, 2, 2, 0, 1, 0, 2, 2, 1, 1, 1, 0, 0, 0, 1, 2, 0, 0, 0, 0, 1, 0, 1, 2, 2, 0, 1, 1, 3, 1, 1, 1, 1, 1, 0, 12, 2, 0, 1, 0, 1, 1, 0, 1, 3, 22, 1, 2, 0, 0, 5, 0, 1, 0, 0, 0, 1, 1, 1, 1, 5, 0, 0, 3, 3, 3, 1, 0, 1, 0], [0, 0, 1, 1, 3, 0, 2, 1, 2, 3, 0, 1, 1, 1, 1, 0, 1, 1, 2, 0, 2, 2, 2, 3, 0, 0, 3, 2, 2, 2, 1, 1, 0, 1, 1, 1, 1, 2, 1, 1, 3, 1, 3, 1, 1, 0, 2, 0, 1, 1, 0, 2, 0, 0, 1, 3, 1, 1, 2, 3, 0, 3, 3, 3, 2, 6, 2, 1, 1, 3, 1, 3, 1, 0, 2, 18, 4, 1, 1, 1, 0, 1, 4, 1, 0, 5, 1, 1, 0, 0, 2, 2, 0, 3, 0, 0, 2, 0, 4, 2], [1, 3, 0, 1, 1, 2, 3, 0, 1, 2, 2, 0, 2, 3, 2, 1, 3, 1, 0, 2, 4, 2, 1, 0, 1, 1, 2, 1, 1, 1, 2, 2, 0, 3, 0, 2, 2, 1, 1, 0, 2, 0, 3, 1, 3, 1, 2, 1, 1, 3, 0, 4, 3, 2, 3, 4, 5, 2, 1, 3, 2, 3, 0, 2, 4, 6, 5, 1, 4, 4, 3, 3, 0, 0, 1, 26, 1, 2, 0, 2, 3, 0, 1, 1, 1, 2, 1, 1, 0, 0, 1, 1, 1, 1, 3, 0, 0, 1, 3, 2], [0, 2, 1, 0, 1, 1, 1, 1, 0, 0, 4, 1, 3, 0, 5, 3, 1, 5, 0, 1, 2, 0, 2, 4, 0, 3, 5, 3, 1, 2, 1, 1, 2, 1, 4, 3, 4, 1, 2, 1, 2, 1, 1, 2, 1, 3, 6, 1, 2, 1, 1, 0, 4, 1, 0, 1, 1, 2, 3, 0, 3, 0, 5, 0, 3, 5, 1, 2, 0, 2, 1, 3, 2, 1, 0, 4, 1, 0, 1, 1, 3, 1, 2, 0, 1, 0, 1, 0, 2, 0, 5, 1, 3, 0, 0, 2, 0, 2, 3, 4], [0, 1, 1, 3, 1, 1, 2, 3, 1, 0, 2, 1, 0, 2, 3, 1, 1, 3, 3, 2, 0, 2, 2, 0, 0, 0, 0, 4, 0, 1, 4, 1, 0, 0, 3, 1, 0, 1, 0, 3, 1, 2, 2, 3, 1, 0, 1, 3, 1, 2, 0, 0, 2, 2, 1, 4, 1, 1, 1, 2, 1, 0, 0, 1, 4, 0, 2, 0, 2, 2, 4, 1, 1, 2, 0, 4, 1, 3, 2, 2, 2, 2, 0, 1, 1, 0, 3, 2, 0, 1, 0, 1, 0, 0, 0, 1, 1, 2, 0, 1], [1, 0, 1, 0, 1, 1, 2, 2, 1, 1, 3, 2, 2, 1, 0, 1, 3, 0, 2, 0, 0, 1, 1, 1, 1, 0, 1, 1, 0, 1, 1, 0, 0, 0, 0, 2, 0, 1, 1, 1, 0, 0, 0, 0, 3, 1, 0, 1, 0, 1, 0, 1, 1, 1, 0, 1, 1, 3, 2, 2, 0, 0, 1, 2, 1, 1, 2, 0, 1, 1, 1, 1, 2, 0, 0, 0, 1, 2, 0, 0, 0, 0, 1, 1, 2, 1, 2, 2, 0, 2, 1, 2, 2, 1, 0, 1, 1, 0, 1, 0], [0, 0, 2, 1, 1, 0, 0, 0, 3, 1, 0, 1, 1, 1, 0, 0, 0, 0, 1, 0, 2, 0, 0, 2, 1, 0, 0, 0, 0, 0, 0, 0, 1, 1, 0, 0, 0, 1, 0, 1, 1, 0, 0, 0, 0, 0, 1, 2, 2, 2, 1, 2, 0, 1, 2, 0, 0, 0, 2, 1, 0, 1, 3, 0, 2, 0, 0, 2, 1, 0, 0, 2, 0, 1, 0, 0, 0, 0, 1, 1, 0, 0, 0, 0, 1, 0, 0, 1, 0, 0, 0, 0, 0, 0, 1, 0, 1, 1, 1, 1], [1, 0, 0, 0, 0, 0, 0, 0, 0, 1, 2, 0, 0, 0, 0, 0, 0, 0, 1, 1, 1, 0, 0, 0, 0, 1, 0, 0, 0, 0, 0, 0, 1, 0, 0, 0, 1, 0, 0, 0, 1, 0, 1, 0, 0, 1, 0, 0, 0, 1, 0, 0, 0, 0, 1, 1, 1, 0, 0, 0, 0, 1, 0, 0, 0, 0, 2, 1, 0, 1, 1, 0, 0, 1, 0, 1, 0, 0, 1, 0, 0, 0, 0, 0, 0, 0, 2, 1, 1, 0, 1, 0, 0, 0, 0, 0, 0, 0, 0, 0], [1, 0, 0, 0, 0, 0, 0, 0, 0, 0, 0, 0, 0, 0, 0, 0, 0, 0, 0, 0, 0, 0, 0, 0, 0, 0, 0, 0, 1, 0, 0, 0, 1, 0, 1, 0, 1, 1, 0, 0, 0, 0, 0, 0, 0, 0, 0, 0, 0, 0, 0, 0, 0, 0, 1, 0, 0, 0, 0, 0, 0, 0, 0, 0, 0, 0, 0, 0, 0, 0, 0, 1, 0, 0, 0, 0, 1, 0, 0, 0, 0, 0, 0, 0, 1, 0, 0, 0, 0, 0, 1, 0, 0, 0, 1, 0, 0, 0, 0, 1]]
MAX_USER_PER_ANTENNAS_m:  [40, 40, 40, 40, 40, 40, 40, 40, 40, 40, 40, 40, 40, 40, 40, 40, 40, 40, 40, 40, 40, 40, 40, 40, 40, 40, 40, 40, 40, 40, 40, 40, 40, 40, 40, 40, 40, 40, 40, 40, 40, 40, 40, 40, 40, 40, 40, 40, 40, 40, 40, 40, 40, 40, 40, 40, 40, 40, 40, 40, 40, 40, 40, 40, 40, 40, 40, 40, 40, 40, 40, 40, 40, 40, 40, 40, 40, 40, 40, 40, 40, 40, 40, 40, 40, 40, 40, 40, 40, 40, 40, 40, 40, 40, 40, 40, 40, 40, 40, 40]
antennas_map_m:  [1, 1, 1, 1, 1, 1, 1, 1, 1, 1, 1, 1, 1, 1, 1, 1, 1, 1, 1, 1, 1, 1, 1, 1, 1, 1, 1, 1, 1, 1, 1, 1, 1, 1, 1, 1, 1, 1, 1, 1, 1, 1, 1, 1, 1, 1, 1, 1, 1, 1, 1, 1, 1, 1, 1, 1, 1, 1, 1, 1, 1, 1, 1, 1, 1, 1, 1, 1, 1, 1, 1, 1, 1, 1, 1, 1, 1, 1, 1, 1, 1, 1, 1, 1, 1, 1, 1, 1, 1, 1, 1, 1, 1, 1, 1, 1, 1, 1, 1, 1]
FIRST_ANTENNA:  83
MIN_SNR_m:  [3.1622776601683795, 3.1622776601683795, 3.1622776601683795, 3.1622776601683795, 3.1622776601683795, 3.1622776601683795, 3.1622776601683795, 3.1622776601683795, 3.1622776601683795, 3.1622776601683795, 3.1622776601683795, 3.1622776601683795, 3.1622776601683795, 3.1622776601683795, 3.1622776601683795, 3.1622776601683795, 3.1622776601683795, 3.1622776601683795, 3.1622776601683795, 3.1622776601683795, 3.1622776601683795, 3.1622776601683795, 3.1622776601683795, 3.1622776601683795, 3.1622776601683795, 3.1622776601683795, 3.1622776601683795, 3.1622776601683795, 3.1622776601683795, 3.1622776601683795, 3.1622776601683795, 3.1622776601683795, 3.1622776601683795, 3.1622776601683795, 3.1622776601683795, 3.1622776601683795, 3.1622776601683795, 3.1622776601683795, 3.1622776601683795, 3.1622776601683795, 3.1622776601683795, 3.1622776601683795, 3.1622776601683795, 3.1622776601683795, 3.1622776601683795, 3.1622776601683795, 3.1622776601683795, 3.1622776601683795, 3.1622776601683795, 3.1622776601683795, 3.1622776601683795, 3.1622776601683795, 3.1622776601683795, 3.1622776601683795, 3.1622776601683795, 3.1622776601683795, 3.1622776601683795, 3.1622776601683795, 3.1622776601683795, 3.1622776601683795, 3.1622776601683795, 3.1622776601683795, 3.1622776601683795, 3.1622776601683795, 3.1622776601683795, 3.1622776601683795, 3.1622776601683795, 3.1622776601683795, 3.1622776601683795, 3.1622776601683795, 3.1622776601683795, 3.1622776601683795, 3.1622776601683795, 3.1622776601683795, 3.1622776601683795, 3.1622776601683795, 3.1622776601683795, 3.1622776601683795, 3.1622776601683795, 3.1622776601683795, 3.1622776601683795, 3.1622776601683795, 3.1622776601683795, 3.1622776601683795, 3.1622776601683795, 3.1622776601683795, 3.1622776601683795, 3.1622776601683795, 3.1622776601683795, 3.1622776601683795, 3.1622776601683795, 3.1622776601683795, 3.1622776601683795, 3.1622776601683795, 3.1622776601683795, 3.1622776601683795, 3.1622776601683795, 3.1622776601683795, 3.1622776601683795, 3.1622776601683795]
-MIN_DIST:  2000
- disaster percentage:  0
- valid_time:  0
1.0

Média de carros: 1.0
t=0
$x_{83}$
	 $y_{83,65}$ = 14.703060840523335 dB
	 $y_{83,66}$ = 6.120924132957839 dB
	 $y_{83,75}$ = 12.7068085365907 dB
	 $y_{83,76}$ = 20.277394612262853 dB
		SNR medio: 15.989876675641606
		Usuarios totais: 29
t=1
$x_{83}$
	 $y_{1,83,9}$ = -13.570042961613524 dB
	 $y_{1,83,15}$ = -7.1886983120097625 dB
	 $y_{1,83,18}$ = -1.8198768142586061 dB
	 $y_{1,83,21}$ = -7.8478406187009 dB
	 $y_{1,83,24}$ = -1.0880798070097344 dB
	 $y_{1,83,32}$ = 3.380429744457445 dB
	 $y_{1,83,34}$ = 9.011948404011804 dB
	 $y_{1,83,35}$ = 3.777803837945072 dB
	 $y_{1,83,48}$ = 0.6238860888218194 dB
	 $y_{1,83,51}$ = 4.813410132343108 dB
	 $y_{1,83,58}$ = 4.70896571433542 dB
	 $y_{1,83,61}$ = 8.562939743824046 dB
	 $y_{1,83,62}$ = 17.418463471140868 dB
	 $y_{1,83,65}$ = 14.703060840523335 dB
	 $y_{1,83,66}$ = 6.120924132957839 dB
	 $y_{1,83,67}$ = 8.586060380064936 dB
	 $y_{1,83,71}$ = 11.236749063624643 dB
	 $y_{1,83,72}$ = 29.966359787660437 dB
	 $y_{1,83,73}$ = 23.303340756552757 dB
	 $y_{1,83,76}$ = 20.277394612262853 dB
	 $y_{1,83,77}$ = -0.721622185482943 dB
	 $y_{1,83,81}$ = 19.87935298956525 dB
	 $y_{1,83,82}$ = 18.517324933199916 dB
		SNR medio: 18.477990161486538
		Usuarios totais: 39
t=2
$x_{83}$
	 $y_{2,83,0}$ = -7.155124316707997 dB
	 $y_{2,83,3}$ = -2.1704159698931274 dB
	 $y_{2,83,9}$ = -13.570042961613524 dB
	 $y_{2,83,10}$ = -0.18968472829315897 dB
	 $y_{2,83,14}$ = -2.7412285088560395 dB
	 $y_{2,83,15}$ = -7.1886983120097625 dB
	 $y_{2,83,17}$ = -4.961999525257837 dB
	 $y_{2,83,19}$ = -11.343681333985046 dB
	 $y_{2,83,20}$ = 4.817143704757683 dB
	 $y_{2,83,21}$ = -7.8478406187009 dB
	 $y_{2,83,23}$ = 10.56741009737081 dB
	 $y_{2,83,24}$ = -1.0880798070097344 dB
	 $y_{2,83,25}$ = 2.624681704374183 dB
	 $y_{2,83,29}$ = -5.297088573593101 dB
	 $y_{2,83,30}$ = -6.962415972901496 dB
	 $y_{2,83,31}$ = -0.0013721881421984103 dB
	 $y_{2,83,32}$ = 3.380429744457445 dB
	 $y_{2,83,33}$ = 3.2510023462022564 dB
	 $y_{2,83,34}$ = 9.011948404011804 dB
	 $y_{2,83,35}$ = 3.777803837945072 dB
	 $y_{2,83,36}$ = -1.0065501313745242 dB
	 $y_{2,83,40}$ = 2.019504746621749 dB
	 $y_{2,83,43}$ = 5.481893134694985 dB
	 $y_{2,83,48}$ = 0.6238860888218194 dB
	 $y_{2,83,49}$ = -6.182617838589863 dB
	 $y_{2,83,51}$ = 4.813410132343108 dB
	 $y_{2,83,54}$ = 11.873157453672547 dB
	 $y_{2,83,55}$ = 20.517564474414712 dB
	 $y_{2,83,56}$ = 7.322212476073744 dB
		SNR medio: 7.929860427122072
		Usuarios totais: 39
t=3
$x_{83}$
	 $y_{3,83,0}$ = -7.155124316707997 dB
	 $y_{3,83,2}$ = 2.6459785332037598 dB
	 $y_{3,83,3}$ = -2.1704159698931274 dB
	 $y_{3,83,5}$ = -8.920816038318605 dB
	 $y_{3,83,7}$ = -4.570857193376298 dB
	 $y_{3,83,8}$ = -0.9497052631984388 dB
	 $y_{3,83,10}$ = -0.18968472829315897 dB
	 $y_{3,83,11}$ = -3.517278016251794 dB
	 $y_{3,83,12}$ = 2.954271185969702 dB
	 $y_{3,83,13}$ = -1.1246356966587001 dB
	 $y_{3,83,15}$ = -7.1886983120097625 dB
	 $y_{3,83,16}$ = -3.4095693605911777 dB
	 $y_{3,83,20}$ = 4.817143704757683 dB
	 $y_{3,83,22}$ = 2.1323193791633623 dB
	 $y_{3,83,23}$ = 10.56741009737081 dB
	 $y_{3,83,24}$ = -1.0880798070097344 dB
	 $y_{3,83,25}$ = 2.624681704374183 dB
	 $y_{3,83,26}$ = -0.009694830801095327 dB
	 $y_{3,83,30}$ = -6.962415972901496 dB
	 $y_{3,83,31}$ = -0.0013721881421984103 dB
	 $y_{3,83,32}$ = 3.380429744457445 dB
	 $y_{3,83,34}$ = 9.011948404011804 dB
	 $y_{3,83,36}$ = -1.0065501313745242 dB
		SNR medio: 2.4593690118529112
		Usuarios totais: 39
t=4
$x_{83}$
	 $y_{4,83,2}$ = 2.6459785332037598 dB
	 $y_{4,83,3}$ = -2.1704159698931274 dB
	 $y_{4,83,4}$ = -0.8905333683276239 dB
	 $y_{4,83,6}$ = 0.7386115640383082 dB
	 $y_{4,83,7}$ = -4.570857193376298 dB
	 $y_{4,83,8}$ = -0.9497052631984388 dB
	 $y_{4,83,9}$ = -13.570042961613524 dB
	 $y_{4,83,11}$ = -3.517278016251794 dB
	 $y_{4,83,12}$ = 2.954271185969702 dB
	 $y_{4,83,13}$ = -1.1246356966587001 dB
	 $y_{4,83,14}$ = -2.7412285088560395 dB
	 $y_{4,83,16}$ = -3.4095693605911777 dB
	 $y_{4,83,17}$ = -4.961999525257837 dB
	 $y_{4,83,18}$ = -1.8198768142586061 dB
	 $y_{4,83,20}$ = 4.817143704757683 dB
	 $y_{4,83,21}$ = -7.8478406187009 dB
	 $y_{4,83,22}$ = 2.1323193791633623 dB
	 $y_{4,83,23}$ = 10.56741009737081 dB
	 $y_{4,83,26}$ = -0.009694830801095327 dB
	 $y_{4,83,27}$ = -7.779788788852784 dB
	 $y_{4,83,28}$ = -4.641887344824596 dB
	 $y_{4,83,29}$ = -5.297088573593101 dB
		SNR medio: 1.1737814245750418
		Usuarios totais: 39
t=5
$x_{83}$
	 $y_{5,83,0}$ = -7.155124316707997 dB
	 $y_{5,83,1}$ = -4.80207035539587 dB
	 $y_{5,83,3}$ = -2.1704159698931274 dB
	 $y_{5,83,4}$ = -0.8905333683276239 dB
	 $y_{5,83,5}$ = -8.920816038318605 dB
	 $y_{5,83,6}$ = 0.7386115640383082 dB
	 $y_{5,83,8}$ = -0.9497052631984388 dB
	 $y_{5,83,9}$ = -13.570042961613524 dB
	 $y_{5,83,10}$ = -0.18968472829315897 dB
	 $y_{5,83,12}$ = 2.954271185969702 dB
	 $y_{5,83,13}$ = -1.1246356966587001 dB
	 $y_{5,83,14}$ = -2.7412285088560395 dB
	 $y_{5,83,15}$ = -7.1886983120097625 dB
	 $y_{5,83,16}$ = -3.4095693605911777 dB
	 $y_{5,83,17}$ = -4.961999525257837 dB
	 $y_{5,83,19}$ = -11.343681333985046 dB
	 $y_{5,83,20}$ = 4.817143704757683 dB
	 $y_{5,83,21}$ = -7.8478406187009 dB
	 $y_{5,83,22}$ = 2.1323193791633623 dB
	 $y_{5,83,24}$ = -1.0880798070097344 dB
	 $y_{5,83,25}$ = 2.624681704374183 dB
		SNR medio: -0.9641163970367235
		Usuarios totais: 39
t=6
$x_{83}$
	 $y_{6,83,1}$ = -4.80207035539587 dB
	 $y_{6,83,2}$ = 2.6459785332037598 dB
	 $y_{6,83,4}$ = -0.8905333683276239 dB
	 $y_{6,83,5}$ = -8.920816038318605 dB
	 $y_{6,83,6}$ = 0.7386115640383082 dB
	 $y_{6,83,7}$ = -4.570857193376298 dB
	 $y_{6,83,10}$ = -0.18968472829315897 dB
	 $y_{6,83,11}$ = -3.517278016251794 dB
	 $y_{6,83,12}$ = 2.954271185969702 dB
	 $y_{6,83,14}$ = -2.7412285088560395 dB
	 $y_{6,83,15}$ = -7.1886983120097625 dB
	 $y_{6,83,16}$ = -3.4095693605911777 dB
	 $y_{6,83,17}$ = -4.961999525257837 dB
	 $y_{6,83,19}$ = -11.343681333985046 dB
	 $y_{6,83,20}$ = 4.817143704757683 dB
	 $y_{6,83,22}$ = 2.1323193791633623 dB
	 $y_{6,83,23}$ = 10.56741009737081 dB
	 $y_{6,83,28}$ = -4.641887344824596 dB
		SNR medio: 1.5970520383856333
		Usuarios totais: 39
t=7
$x_{83}$
	 $y_{7,83,1}$ = -4.80207035539587 dB
	 $y_{7,83,2}$ = 2.6459785332037598 dB
	 $y_{7,83,3}$ = -2.1704159698931274 dB
	 $y_{7,83,4}$ = -0.8905333683276239 dB
	 $y_{7,83,5}$ = -8.920816038318605 dB
	 $y_{7,83,6}$ = 0.7386115640383082 dB
	 $y_{7,83,7}$ = -4.570857193376298 dB
	 $y_{7,83,8}$ = -0.9497052631984388 dB
	 $y_{7,83,10}$ = -0.18968472829315897 dB
	 $y_{7,83,11}$ = -3.517278016251794 dB
	 $y_{7,83,13}$ = -1.1246356966587001 dB
	 $y_{7,83,14}$ = -2.7412285088560395 dB
	 $y_{7,83,15}$ = -7.1886983120097625 dB
	 $y_{7,83,16}$ = -3.4095693605911777 dB
	 $y_{7,83,17}$ = -4.961999525257837 dB
	 $y_{7,83,18}$ = -1.8198768142586061 dB
	 $y_{7,83,19}$ = -11.343681333985046 dB
	 $y_{7,83,21}$ = -7.8478406187009 dB
	 $y_{7,83,22}$ = 2.1323193791633623 dB
	 $y_{7,83,27}$ = -7.779788788852784 dB
		SNR medio: -2.067141171956502
		Usuarios totais: 39
t=8
$x_{83}$
	 $y_{8,83,0}$ = -7.155124316707997 dB
	 $y_{8,83,2}$ = 2.6459785332037598 dB
	 $y_{8,83,4}$ = -0.8905333683276239 dB
	 $y_{8,83,5}$ = -8.920816038318605 dB
	 $y_{8,83,6}$ = 0.7386115640383082 dB
	 $y_{8,83,7}$ = -4.570857193376298 dB
	 $y_{8,83,8}$ = -0.9497052631984388 dB
	 $y_{8,83,9}$ = -13.570042961613524 dB
	 $y_{8,83,10}$ = -0.18968472829315897 dB
	 $y_{8,83,11}$ = -3.517278016251794 dB
	 $y_{8,83,12}$ = 2.954271185969702 dB
	 $y_{8,83,13}$ = -1.1246356966587001 dB
	 $y_{8,83,15}$ = -7.1886983120097625 dB
	 $y_{8,83,16}$ = -3.4095693605911777 dB
	 $y_{8,83,18}$ = -1.8198768142586061 dB
	 $y_{8,83,21}$ = -7.8478406187009 dB
	 $y_{8,83,22}$ = 2.1323193791633623 dB
	 $y_{8,83,23}$ = 10.56741009737081 dB
	 $y_{8,83,24}$ = -1.0880798070097344 dB
	 $y_{8,83,26}$ = -0.009694830801095327 dB
	 $y_{8,83,27}$ = -7.779788788852784 dB
	 $y_{8,83,29}$ = -5.297088573593101 dB
	 $y_{8,83,30}$ = -6.962415972901496 dB
	 $y_{8,83,35}$ = 3.777803837945072 dB
	 $y_{8,83,37}$ = -8.137816277586467 dB
	 $y_{8,83,38}$ = 4.394361204899212 dB
	 $y_{8,83,39}$ = -7.819289084033159 dB
	 $y_{8,83,45}$ = 5.008497537137259 dB
	 $y_{8,83,47}$ = -0.9489323988088926 dB
		SNR medio: 0.9234597772104475
		Usuarios totais: 39
t=9
$x_{83}$
	 $y_{9,83,2}$ = 2.6459785332037598 dB
	 $y_{9,83,3}$ = -2.1704159698931274 dB
	 $y_{9,83,4}$ = -0.8905333683276239 dB
	 $y_{9,83,8}$ = -0.9497052631984388 dB
	 $y_{9,83,9}$ = -13.570042961613524 dB
	 $y_{9,83,11}$ = -3.517278016251794 dB
	 $y_{9,83,12}$ = 2.954271185969702 dB
	 $y_{9,83,13}$ = -1.1246356966587001 dB
	 $y_{9,83,18}$ = -1.8198768142586061 dB
	 $y_{9,83,20}$ = 4.817143704757683 dB
	 $y_{9,83,23}$ = 10.56741009737081 dB
	 $y_{9,83,24}$ = -1.0880798070097344 dB
	 $y_{9,83,32}$ = 3.380429744457445 dB
	 $y_{9,83,33}$ = 3.2510023462022564 dB
	 $y_{9,83,37}$ = -8.137816277586467 dB
	 $y_{9,83,39}$ = -7.819289084033159 dB
	 $y_{9,83,40}$ = 2.019504746621749 dB
	 $y_{9,83,46}$ = 5.0344245129059 dB
	 $y_{9,83,47}$ = -0.9489323988088926 dB
	 $y_{9,83,48}$ = 0.6238860888218194 dB
	 $y_{9,83,49}$ = -6.182617838589863 dB
	 $y_{9,83,50}$ = 9.936642321393293 dB
	 $y_{9,83,51}$ = 4.813410132343108 dB
	 $y_{9,83,53}$ = 14.078614704509079 dB
	 $y_{9,83,54}$ = 11.873157453672547 dB
	 $y_{9,83,58}$ = 4.70896571433542 dB
	 $y_{9,83,59}$ = -0.5134248920378185 dB
	 $y_{9,83,61}$ = 8.562939743824046 dB
		SNR medio: 5.512554869079005
		Usuarios totais: 39
t=10
$x_{83}$
	 $y_{10,83,0}$ = -7.155124316707997 dB
	 $y_{10,83,9}$ = -13.570042961613524 dB
	 $y_{10,83,10}$ = -0.18968472829315897 dB
	 $y_{10,83,18}$ = -1.8198768142586061 dB
	 $y_{10,83,19}$ = -11.343681333985046 dB
	 $y_{10,83,20}$ = 4.817143704757683 dB
	 $y_{10,83,25}$ = 2.624681704374183 dB
	 $y_{10,83,32}$ = 3.380429744457445 dB
	 $y_{10,83,36}$ = -1.0065501313745242 dB
	 $y_{10,83,40}$ = 2.019504746621749 dB
	 $y_{10,83,42}$ = 3.4923453234632698 dB
	 $y_{10,83,45}$ = 5.008497537137259 dB
	 $y_{10,83,49}$ = -6.182617838589863 dB
	 $y_{10,83,54}$ = 11.873157453672547 dB
	 $y_{10,83,55}$ = 20.517564474414712 dB
	 $y_{10,83,56}$ = 7.322212476073744 dB
	 $y_{10,83,61}$ = 8.562939743824046 dB
	 $y_{10,83,66}$ = 6.120924132957839 dB
	 $y_{10,83,67}$ = 8.586060380064936 dB
	 $y_{10,83,69}$ = -1.8557240220906266 dB
	 $y_{10,83,70}$ = 16.085626030773156 dB
	 $y_{10,83,73}$ = 23.303340756552757 dB
	 $y_{10,83,75}$ = 12.7068085365907 dB
	 $y_{10,83,78}$ = 3.4174272095030185 dB
	 $y_{10,83,86}$ = 14.698066486325686 dB
	 $y_{10,83,87}$ = 9.035062899789054 dB
	 $y_{10,83,88}$ = 6.304849034745018 dB
	 $y_{10,83,90}$ = 13.217845908665339 dB
		SNR medio: 12.58498542967638
		Usuarios totais: 31
t=11
$x_{83}$
	 $y_{11,83,0}$ = -7.155124316707997 dB
	 $y_{11,83,28}$ = -4.641887344824596 dB
	 $y_{11,83,32}$ = 3.380429744457445 dB
	 $y_{11,83,34}$ = 9.011948404011804 dB
	 $y_{11,83,36}$ = -1.0065501313745242 dB
	 $y_{11,83,37}$ = -8.137816277586467 dB
	 $y_{11,83,54}$ = 11.873157453672547 dB
	 $y_{11,83,71}$ = 11.236749063624643 dB
	 $y_{11,83,76}$ = 20.277394612262853 dB
	 $y_{11,83,84}$ = 30.23065640638812 dB
	 $y_{11,83,90}$ = 13.217845908665339 dB
	 $y_{11,83,94}$ = 22.66023487684207 dB
	 $y_{11,83,99}$ = 5.212583635438307 dB
		SNR medio: 20.35357795696822
		Usuarios totais: 13
Distances:
--- Done after 0.0005374986595577663 hours. ---
