-------------Calculating Solution (this may take a while)
+++++++++++++++++++Min Sinr: 15 dB (gwo)
+++++++++++++++++++With backhaul constraint. Start: 2023-01-20 02:39:45

Parameters:
- chosen seed 19
- Map with 100 sectors
- Map 4000 x 4000 m
- Sector has a side of 400 m
- Max time:  12
- users_t_m:  [[0, 0, 0, 0, 0, 0, 0, 0, 0, 0, 0, 0, 0, 0, 0, 0, 0, 0, 0, 0, 0, 0, 0, 0, 0, 0, 0, 0, 0, 0, 0, 0, 0, 0, 0, 0, 0, 0, 0, 0, 0, 0, 0, 0, 0, 0, 0, 0, 0, 0, 0, 0, 0, 0, 0, 0, 0, 0, 0, 0, 0, 0, 0, 0, 0, 6, 2, 0, 0, 0, 0, 0, 0, 0, 0, 20, 1, 0, 0, 0, 0, 0, 0, 0, 0, 0, 0, 0, 0, 0, 0, 0, 0, 0, 0, 0, 0, 0, 0, 0], [0, 0, 0, 0, 0, 0, 0, 0, 0, 1, 0, 0, 0, 0, 0, 1, 0, 0, 2, 0, 0, 1, 0, 0, 1, 0, 0, 0, 0, 0, 0, 0, 1, 0, 1, 1, 0, 0, 0, 0, 0, 0, 0, 0, 0, 0, 0, 0, 1, 0, 0, 1, 0, 0, 0, 0, 0, 0, 1, 0, 0, 1, 1, 0, 0, 6, 2, 1, 0, 0, 0, 1, 1, 2, 0, 22, 5, 3, 0, 0, 0, 2, 2, 0, 0, 0, 0, 1, 0, 0, 0, 0, 0, 1, 0, 0, 0, 2, 1, 0], [2, 0, 0, 1, 0, 0, 0, 0, 0, 1, 1, 0, 0, 0, 1, 1, 0, 1, 0, 3, 2, 1, 0, 1, 1, 1, 0, 0, 0, 1, 2, 1, 1, 1, 1, 1, 1, 0, 0, 0, 2, 0, 0, 2, 0, 0, 0, 0, 1, 2, 0, 1, 0, 0, 1, 3, 1, 0, 0, 2, 0, 1, 1, 0, 0, 10, 1, 0, 1, 1, 1, 0, 0, 1, 1, 27, 1, 1, 2, 0, 1, 2, 0, 0, 1, 2, 1, 0, 0, 2, 1, 0, 0, 1, 0, 1, 1, 0, 1, 0], [2, 0, 1, 2, 0, 3, 0, 1, 2, 0, 3, 1, 1, 3, 0, 1, 3, 0, 0, 0, 1, 0, 1, 1, 1, 1, 2, 0, 0, 0, 2, 2, 2, 0, 1, 0, 2, 2, 1, 1, 1, 0, 0, 0, 1, 2, 0, 0, 0, 0, 1, 0, 1, 2, 2, 0, 1, 1, 3, 1, 1, 1, 1, 1, 0, 12, 2, 0, 1, 0, 1, 1, 0, 1, 3, 22, 1, 2, 0, 0, 5, 0, 1, 0, 0, 0, 1, 1, 1, 1, 5, 0, 0, 3, 3, 3, 1, 0, 1, 0], [0, 0, 1, 1, 3, 0, 2, 1, 2, 3, 0, 1, 1, 1, 1, 0, 1, 1, 2, 0, 2, 2, 2, 3, 0, 0, 3, 2, 2, 2, 1, 1, 0, 1, 1, 1, 1, 2, 1, 1, 3, 1, 3, 1, 1, 0, 2, 0, 1, 1, 0, 2, 0, 0, 1, 3, 1, 1, 2, 3, 0, 3, 3, 3, 2, 6, 2, 1, 1, 3, 1, 3, 1, 0, 2, 18, 4, 1, 1, 1, 0, 1, 4, 1, 0, 5, 1, 1, 0, 0, 2, 2, 0, 3, 0, 0, 2, 0, 4, 2], [1, 3, 0, 1, 1, 2, 3, 0, 1, 2, 2, 0, 2, 3, 2, 1, 3, 1, 0, 2, 4, 2, 1, 0, 1, 1, 2, 1, 1, 1, 2, 2, 0, 3, 0, 2, 2, 1, 1, 0, 2, 0, 3, 1, 3, 1, 2, 1, 1, 3, 0, 4, 3, 2, 3, 4, 5, 2, 1, 3, 2, 3, 0, 2, 4, 6, 5, 1, 4, 4, 3, 3, 0, 0, 1, 26, 1, 2, 0, 2, 3, 0, 1, 1, 1, 2, 1, 1, 0, 0, 1, 1, 1, 1, 3, 0, 0, 1, 3, 2], [0, 2, 1, 0, 1, 1, 1, 1, 0, 0, 4, 1, 3, 0, 5, 3, 1, 5, 0, 1, 2, 0, 2, 4, 0, 3, 5, 3, 1, 2, 1, 1, 2, 1, 4, 3, 4, 1, 2, 1, 2, 1, 1, 2, 1, 3, 6, 1, 2, 1, 1, 0, 4, 1, 0, 1, 1, 2, 3, 0, 3, 0, 5, 0, 3, 5, 1, 2, 0, 2, 1, 3, 2, 1, 0, 4, 1, 0, 1, 1, 3, 1, 2, 0, 1, 0, 1, 0, 2, 0, 5, 1, 3, 0, 0, 2, 0, 2, 3, 4], [0, 1, 1, 3, 1, 1, 2, 3, 1, 0, 2, 1, 0, 2, 3, 1, 1, 3, 3, 2, 0, 2, 2, 0, 0, 0, 0, 4, 0, 1, 4, 1, 0, 0, 3, 1, 0, 1, 0, 3, 1, 2, 2, 3, 1, 0, 1, 3, 1, 2, 0, 0, 2, 2, 1, 4, 1, 1, 1, 2, 1, 0, 0, 1, 4, 0, 2, 0, 2, 2, 4, 1, 1, 2, 0, 4, 1, 3, 2, 2, 2, 2, 0, 1, 1, 0, 3, 2, 0, 1, 0, 1, 0, 0, 0, 1, 1, 2, 0, 1], [1, 0, 1, 0, 1, 1, 2, 2, 1, 1, 3, 2, 2, 1, 0, 1, 3, 0, 2, 0, 0, 1, 1, 1, 1, 0, 1, 1, 0, 1, 1, 0, 0, 0, 0, 2, 0, 1, 1, 1, 0, 0, 0, 0, 3, 1, 0, 1, 0, 1, 0, 1, 1, 1, 0, 1, 1, 3, 2, 2, 0, 0, 1, 2, 1, 1, 2, 0, 1, 1, 1, 1, 2, 0, 0, 0, 1, 2, 0, 0, 0, 0, 1, 1, 2, 1, 2, 2, 0, 2, 1, 2, 2, 1, 0, 1, 1, 0, 1, 0], [0, 0, 2, 1, 1, 0, 0, 0, 3, 1, 0, 1, 1, 1, 0, 0, 0, 0, 1, 0, 2, 0, 0, 2, 1, 0, 0, 0, 0, 0, 0, 0, 1, 1, 0, 0, 0, 1, 0, 1, 1, 0, 0, 0, 0, 0, 1, 2, 2, 2, 1, 2, 0, 1, 2, 0, 0, 0, 2, 1, 0, 1, 3, 0, 2, 0, 0, 2, 1, 0, 0, 2, 0, 1, 0, 0, 0, 0, 1, 1, 0, 0, 0, 0, 1, 0, 0, 1, 0, 0, 0, 0, 0, 0, 1, 0, 1, 1, 1, 1], [1, 0, 0, 0, 0, 0, 0, 0, 0, 1, 2, 0, 0, 0, 0, 0, 0, 0, 1, 1, 1, 0, 0, 0, 0, 1, 0, 0, 0, 0, 0, 0, 1, 0, 0, 0, 1, 0, 0, 0, 1, 0, 1, 0, 0, 1, 0, 0, 0, 1, 0, 0, 0, 0, 1, 1, 1, 0, 0, 0, 0, 1, 0, 0, 0, 0, 2, 1, 0, 1, 1, 0, 0, 1, 0, 1, 0, 0, 1, 0, 0, 0, 0, 0, 0, 0, 2, 1, 1, 0, 1, 0, 0, 0, 0, 0, 0, 0, 0, 0], [1, 0, 0, 0, 0, 0, 0, 0, 0, 0, 0, 0, 0, 0, 0, 0, 0, 0, 0, 0, 0, 0, 0, 0, 0, 0, 0, 0, 1, 0, 0, 0, 1, 0, 1, 0, 1, 1, 0, 0, 0, 0, 0, 0, 0, 0, 0, 0, 0, 0, 0, 0, 0, 0, 1, 0, 0, 0, 0, 0, 0, 0, 0, 0, 0, 0, 0, 0, 0, 0, 0, 1, 0, 0, 0, 0, 1, 0, 0, 0, 0, 0, 0, 0, 1, 0, 0, 0, 0, 0, 1, 0, 0, 0, 1, 0, 0, 0, 0, 1]]
MAX_USER_PER_ANTENNAS_m:  [40, 40, 40, 40, 40, 40, 40, 40, 40, 40, 40, 40, 40, 40, 40, 40, 40, 40, 40, 40, 40, 40, 40, 40, 40, 40, 40, 40, 40, 40, 40, 40, 40, 40, 40, 40, 40, 40, 40, 40, 40, 40, 40, 40, 40, 40, 40, 40, 40, 40, 40, 40, 40, 40, 40, 40, 40, 40, 40, 40, 40, 40, 40, 40, 40, 40, 40, 40, 40, 40, 40, 40, 40, 40, 40, 40, 40, 40, 40, 40, 40, 40, 40, 40, 40, 40, 40, 40, 40, 40, 40, 40, 40, 40, 40, 40, 40, 40, 40, 40]
antennas_map_m:  [1, 1, 1, 1, 1, 1, 1, 1, 1, 1, 1, 1, 1, 1, 1, 1, 1, 1, 1, 1, 1, 1, 1, 1, 1, 1, 1, 1, 1, 1, 1, 1, 1, 1, 1, 1, 1, 1, 1, 1, 1, 1, 1, 1, 1, 1, 1, 1, 1, 1, 1, 1, 1, 1, 1, 1, 1, 1, 1, 1, 1, 1, 1, 1, 1, 1, 1, 1, 1, 1, 1, 1, 1, 1, 1, 1, 1, 1, 1, 1, 1, 1, 1, 1, 1, 1, 1, 1, 1, 1, 1, 1, 1, 1, 1, 1, 1, 1, 1, 1]
FIRST_ANTENNA:  83
MIN_SNR_m:  [31.622776601683793, 31.622776601683793, 31.622776601683793, 31.622776601683793, 31.622776601683793, 31.622776601683793, 31.622776601683793, 31.622776601683793, 31.622776601683793, 31.622776601683793, 31.622776601683793, 31.622776601683793, 31.622776601683793, 31.622776601683793, 31.622776601683793, 31.622776601683793, 31.622776601683793, 31.622776601683793, 31.622776601683793, 31.622776601683793, 31.622776601683793, 31.622776601683793, 31.622776601683793, 31.622776601683793, 31.622776601683793, 31.622776601683793, 31.622776601683793, 31.622776601683793, 31.622776601683793, 31.622776601683793, 31.622776601683793, 31.622776601683793, 31.622776601683793, 31.622776601683793, 31.622776601683793, 31.622776601683793, 31.622776601683793, 31.622776601683793, 31.622776601683793, 31.622776601683793, 31.622776601683793, 31.622776601683793, 31.622776601683793, 31.622776601683793, 31.622776601683793, 31.622776601683793, 31.622776601683793, 31.622776601683793, 31.622776601683793, 31.622776601683793, 31.622776601683793, 31.622776601683793, 31.622776601683793, 31.622776601683793, 31.622776601683793, 31.622776601683793, 31.622776601683793, 31.622776601683793, 31.622776601683793, 31.622776601683793, 31.622776601683793, 31.622776601683793, 31.622776601683793, 31.622776601683793, 31.622776601683793, 31.622776601683793, 31.622776601683793, 31.622776601683793, 31.622776601683793, 31.622776601683793, 31.622776601683793, 31.622776601683793, 31.622776601683793, 31.622776601683793, 31.622776601683793, 31.622776601683793, 31.622776601683793, 31.622776601683793, 31.622776601683793, 31.622776601683793, 31.622776601683793, 31.622776601683793, 31.622776601683793, 31.622776601683793, 31.622776601683793, 31.622776601683793, 31.622776601683793, 31.622776601683793, 31.622776601683793, 31.622776601683793, 31.622776601683793, 31.622776601683793, 31.622776601683793, 31.622776601683793, 31.622776601683793, 31.622776601683793, 31.622776601683793, 31.622776601683793, 31.622776601683793, 31.622776601683793]
-MIN_DIST:  2000
- disaster percentage:  0

Slice  0

Run GWO to deployment +1 antenna on the map
	Pack size:  300
	Wolf dimension 1
	Max iter 200
	antennas_regions:  [83]
	users_regions:  [65 66 75 76]
	Seed_base:  81539
initial_alpha:  Wolf 144 (81683). Fitness: 0.38
	(1890.3181690189447, 2137.9495413161, 0). Region: 54
initial_beta:  Wolf 252 (81791). Fitness: 0.38
	(1928.1401228612801, 2126.4900367434825, 0). Region: 54
initial_delta:  Wolf 257 (81796). Fitness: 0.38
	(1946.2501390019079, 2020.5254640609005, 0). Region: 54 

iter = 10
Alpha wolf:  Wolf 144 (81683). Fitness: 0.38
	(1768.8199770541687, 2111.2181399494143, 0.0). Region: 54
iter = 20
Alpha wolf:  Wolf 144 (81683). Fitness: 0.38
	(1891.3842063514624, 1610.1459553746283, 0.0). Region: 44
iter = 30
Alpha wolf:  Wolf 144 (81683). Fitness: 0.38
	(1874.8495309137754, 1642.1762057565786, 0.0). Region: 44
iter = 40
Alpha wolf:  Wolf 144 (81683). Fitness: 0.38
	(1707.2492520008586, 1965.7234297026253, 0.0). Region: 44
iter = 50
Alpha wolf:  Wolf 144 (81683). Fitness: 0.38
	(1992.0340272117137, 2310.7241980375693, 0.0). Region: 54
iter = 60
Alpha wolf:  Wolf 144 (81683). Fitness: 0.38
	(1828.009402035253, 2231.6463577486156, 0.0). Region: 54
iter = 70
Alpha wolf:  Wolf 144 (81683). Fitness: 0.38
	(1841.23723562546, 2188.4989470222126, 0.0). Region: 54
iter = 80
Alpha wolf:  Wolf 144 (81683). Fitness: 0.38
	(1620.9956659853879, 2086.8695694458083, 0.0). Region: 54
iter = 90
Alpha wolf:  Wolf 144 (81683). Fitness: 0.38
	(1654.7061811461167, 1941.5679567346488, 0.0). Region: 44
iter = 100
Alpha wolf:  Wolf 144 (81683). Fitness: 0.38
	(1911.3242081879835, 2232.978178439008, 0.0). Region: 54
iter = 110
Alpha wolf:  Wolf 144 (81683). Fitness: 0.38
	(1700.009662165323, 2006.4429181390574, 0.0). Region: 54
iter = 120
Alpha wolf:  Wolf 144 (81683). Fitness: 0.38
	(1707.007578363612, 1745.8902419812607, 0.0). Region: 44
iter = 130
Alpha wolf:  Wolf 144 (81683). Fitness: 0.38
	(1678.8198078355572, 1744.581396598991, 0.0). Region: 44
iter = 140
Alpha wolf:  Wolf 144 (81683). Fitness: 0.38
	(1691.8571715650019, 2296.520831170245, 0.0). Region: 54
iter = 150
Alpha wolf:  Wolf 144 (81683). Fitness: 0.38
	(1803.319131911151, 2246.285500918815, 0.0). Region: 54
iter = 160
Alpha wolf:  Wolf 144 (81683). Fitness: 0.38
	(1803.6932001567006, 1618.854485390347, 0.0). Region: 44
iter = 170
Alpha wolf:  Wolf 144 (81683). Fitness: 0.38
	(1811.0877284176206, 1944.012817738305, 0.0). Region: 44
iter = 180
Alpha wolf:  Wolf 144 (81683). Fitness: 0.38
	(1917.913399612024, 1818.2823601846821, 0.0). Region: 44
iter = 190
Alpha wolf:  Wolf 144 (81683). Fitness: 0.38
	(1821.8935601366538, 1860.8342238381115, 0.0). Region: 44

- Finishing GWO - 

Best solution:  Wolf 144 (81683). Fitness: 0.38
	(1843.0929725557144, 1869.023755817755, 0.0). Region: 44
Antennas in slice 0:  [44 83]

Slice  1

Run GWO to deployment +1 antenna on the map
	Pack size:  300
	Wolf dimension 1
	Max iter 200
	antennas_regions:  [44 83]
	users_regions:  [ 9 15 18 21 24 32 34 35 48 51 58 61 62 65 66 67 71 72 73 75 76 77 81 82
 87 93 97 98]
	Seed_base:  35398
initial_alpha:  Wolf 0 (35398). Fitness: 0
	(1151.9087049721413, 2429.7038073090043, 0). Region: 62
initial_beta:  Wolf 1 (35399). Fitness: 0
	(2437.898813471249, 876.6376793063641, 0). Region: 26
initial_delta:  Wolf 2 (35400). Fitness: 0
	(2862.07126401216, 3678.757925172424, 0). Region: 97 

iter = 10
Alpha wolf:  Wolf 0 (35398). Fitness: 0
	(695.81888560546, 1166.8309794128465, 0.0). Region: 21
iter = 20
Alpha wolf:  Wolf 0 (35398). Fitness: 0
	(557.5679938097328, 780.9625922484822, 0.0). Region: 11
iter = 30
Alpha wolf:  Wolf 0 (35398). Fitness: 0
	(423.6295708674841, 1046.4119562688556, 0.0). Region: 21
iter = 40
Alpha wolf:  Wolf 0 (35398). Fitness: 0
	(393.822926971716, 907.0234822445115, 0.0). Region: 20
iter = 50
Alpha wolf:  Wolf 0 (35398). Fitness: 0
	(158.8289398944003, 1788.7462314142078, 0.0). Region: 40
iter = 60
Alpha wolf:  Wolf 0 (35398). Fitness: 0
	(66.83842092616739, 3531.717453648147, 0.0). Region: 80
iter = 70
Alpha wolf:  Wolf 0 (35398). Fitness: 0
	(27.565692863968682, 2668.55412860025, 0.0). Region: 60
iter = 80
Alpha wolf:  Wolf 0 (35398). Fitness: 0
	(20.903955159784907, 1440.608787229727, 0.0). Region: 30
iter = 90
Alpha wolf:  Wolf 0 (35398). Fitness: 0
	(21.92281488956494, 687.4693565314665, 0.0). Region: 10
iter = 100
Alpha wolf:  Wolf 0 (35398). Fitness: 0
	(37.31119863502238, 659.9500939515541, 0.0). Region: 10
iter = 110
Alpha wolf:  Wolf 0 (35398). Fitness: 0
	(29.75113487331844, 233.00668155209263, 0.0). Region: 0
iter = 120
Alpha wolf:  Wolf 0 (35398). Fitness: 0
	(74.30490102247792, 287.3373657541663, 0.0). Region: 0
iter = 130
Alpha wolf:  Wolf 0 (35398). Fitness: 0
	(55.56129346442566, 159.94466914997608, 0.0). Region: 0
iter = 140
Alpha wolf:  Wolf 0 (35398). Fitness: 0
	(52.612858995765365, 211.74292361453013, 0.0). Region: 0
iter = 150
Alpha wolf:  Wolf 0 (35398). Fitness: 0
	(45.30735867437984, 131.73770903024993, 0.0). Region: 0
iter = 160
Alpha wolf:  Wolf 0 (35398). Fitness: 0
	(53.40852685622306, 115.80649625689199, 0.0). Region: 0
iter = 170
Alpha wolf:  Wolf 0 (35398). Fitness: 0
	(53.22698195371746, 130.5756344439672, 0.0). Region: 0
iter = 180
Alpha wolf:  Wolf 0 (35398). Fitness: 0
	(61.28102096630687, 113.29874929139903, 0.0). Region: 0
iter = 190
Alpha wolf:  Wolf 0 (35398). Fitness: 0
	(58.21298554138136, 115.95019257387278, 0.0). Region: 0

Run GWO to deployment +2 antenna on the map
	Pack size:  300
	Wolf dimension 2
	Max iter 200
	antennas_regions:  [44 83]
	users_regions:  [ 9 15 18 21 24 32 34 35 48 51 58 61 62 65 66 67 71 72 73 75 76 77 81 82
 87 93 97 98]
	Seed_base:  29109
initial_alpha:  Wolf 0 (29109). Fitness: 0
	(557.3553317951477, 2798.6299742372003, 0). Region: 61
	(19.210498957850763, 32.6533394144759, 0). Region: 0
initial_beta:  Wolf 1 (29110). Fitness: 0
	(2527.9420338021355, 2387.003836502046, 0). Region: 56
	(3395.0631618137727, 1258.565332185151, 0). Region: 38
initial_delta:  Wolf 2 (29111). Fitness: 0
	(386.605692967148, 613.8485795879634, 0). Region: 10
	(2992.451308620742, 1995.9304803669822, 0). Region: 47 

iter = 10
Alpha wolf:  Wolf 0 (29109). Fitness: 0
	(2501.5766413130173, 325.4805427785227, 0.0). Region: 6
	(616.4317413726267, 1049.8438229757533, 0.0). Region: 21
iter = 20
Alpha wolf:  Wolf 0 (29109). Fitness: 0
	(2387.8973784648106, 2694.0383427914876, 0.0). Region: 65
	(1297.2415657260567, 128.15656752029093, 0.0). Region: 3
iter = 30
Alpha wolf:  Wolf 0 (29109). Fitness: 0
	(653.616637763624, 2305.890576418049, 0.0). Region: 51
	(3218.5485424940407, 58.49309625401421, 0.0). Region: 8
iter = 40
Alpha wolf:  Wolf 0 (29109). Fitness: 0
	(2375.2740401680226, 1643.3278739047832, 0.0). Region: 45
	(3139.2958261058106, 86.21772718790635, 0.0). Region: 7
iter = 50
Alpha wolf:  Wolf 0 (29109). Fitness: 0
	(903.3535509894951, 1043.7746825183103, 0.0). Region: 22
	(2585.986948244884, 77.69599710314435, 0.0). Region: 6
iter = 60
Alpha wolf:  Wolf 0 (29109). Fitness: 0
	(1616.5236242165183, 617.6224034274464, 0.0). Region: 14
	(1176.1283991126797, 30.135939159627373, 0.0). Region: 2
iter = 70
Alpha wolf:  Wolf 0 (29109). Fitness: 0
	(761.5978302486293, 990.8360045696518, 0.0). Region: 21
	(698.9194805822268, 35.49042116107166, 0.0). Region: 1
iter = 80
Alpha wolf:  Wolf 0 (29109). Fitness: 0
	(2245.453142141629, 1732.2363806990606, 0.0). Region: 45
	(315.4769782250461, 35.40470261942409, 0.0). Region: 0
iter = 90
Alpha wolf:  Wolf 0 (29109). Fitness: 0
	(456.12308123428954, 2202.2464073449905, 0.0). Region: 51
	(654.7101664598001, 17.92898018450959, 0.0). Region: 1
iter = 100
Alpha wolf:  Wolf 0 (29109). Fitness: 0
	(1658.7385131822302, 2514.5262060289406, 0.0). Region: 64
	(726.6898394769405, 12.131576607962756, 0.0). Region: 1
iter = 110
Alpha wolf:  Wolf 0 (29109). Fitness: 0
	(1548.4241739650897, 1580.83064660878, 0.0). Region: 33
	(529.7087893824079, 8.888194920706603, 0.0). Region: 1
iter = 120
Alpha wolf:  Wolf 0 (29109). Fitness: 0
	(1437.6072372347337, 1366.2412384981349, 0.0). Region: 33
	(703.3876349902589, 14.753404270472744, 0.0). Region: 1
iter = 130
Alpha wolf:  Wolf 0 (29109). Fitness: 0
	(1533.6228738941559, 1218.8160765321445, 0.0). Region: 33
	(451.9317554407133, 15.732852655836222, 0.0). Region: 1
iter = 140
Alpha wolf:  Wolf 0 (29109). Fitness: 0
	(1249.3856886601511, 1384.7692802557099, 0.0). Region: 33
	(337.54472249518403, 13.567483853137638, 0.0). Region: 0
iter = 150
Alpha wolf:  Wolf 0 (29109). Fitness: 0
	(1056.49708438822, 1860.8783000719727, 0.0). Region: 42
	(255.50042206736833, 8.527018830995097, 0.0). Region: 0
iter = 160
Alpha wolf:  Wolf 0 (29109). Fitness: 0
	(1512.137986822032, 1796.7897135193464, 0.0). Region: 43
	(267.7932513141466, 9.321226259910159, 0.0). Region: 0
iter = 170
Alpha wolf:  Wolf 0 (29109). Fitness: 0
	(1255.7400541757875, 1733.0124853181978, 0.0). Region: 43
	(288.9404602557512, 9.573781696599966, 0.0). Region: 0
iter = 180
Alpha wolf:  Wolf 0 (29109). Fitness: 0
	(1267.0309901380997, 1914.4975105201097, 0.0). Region: 43
	(263.26474060299597, 9.606037895902517, 0.0). Region: 0
iter = 190
Alpha wolf:  Wolf 0 (29109). Fitness: 0
	(1357.1613104569428, 1800.253904406637, 0.0). Region: 43
	(240.5156255231298, 9.994451277932122, 0.0). Region: 0

Run GWO to deployment +3 antenna on the map
	Pack size:  300
	Wolf dimension 3
	Max iter 200
	antennas_regions:  [44 83]
	users_regions:  [ 9 15 18 21 24 32 34 35 48 51 58 61 62 65 66 67 71 72 73 75 76 77 81 82
 87 93 97 98]
	Seed_base:  86021
initial_alpha:  Wolf 0 (86021). Fitness: 0
	(468.8341094302029, 3238.0444613602813, 0). Region: 81
	(2740.738298100059, 1941.9773201179078, 0). Region: 46
	(179.66759213121318, 1369.6249093937106, 0). Region: 30
initial_beta:  Wolf 1 (86022). Fitness: 0
	(3684.179280278113, 1327.3244622035008, 0). Region: 39
	(3938.0510113691835, 3693.8394343640716, 0). Region: 99
	(3369.5806131326112, 1223.72569078065, 0). Region: 38
initial_delta:  Wolf 2 (86023). Fitness: 0
	(2300.6789905067944, 1571.1380695885389, 0). Region: 35
	(3917.6150436928274, 2361.2437515027236, 0). Region: 59
	(1241.6453461437143, 1133.3178484802354, 0). Region: 23 

iter = 10
Alpha wolf:  Wolf 0 (86021). Fitness: 0
	(1786.8162350169787, 1120.826814532607, 0.0). Region: 24
	(1700.8455758912141, 235.0311358998753, 0.0). Region: 4
	(2613.9456384331825, 661.5349777529534, 0.0). Region: 16
iter = 20
Alpha wolf:  Wolf 0 (86021). Fitness: 0
	(223.43153377552437, 2630.6120430821475, 0.0). Region: 60
	(569.6946829395067, 303.3621430559392, 0.0). Region: 1
	(2882.260768066938, 1864.4034800778481, 0.0). Region: 47
iter = 30
Alpha wolf:  Wolf 0 (86021). Fitness: 0
	(133.2986694443789, 3205.7710213993123, 0.0). Region: 80
	(2057.4059553560737, 8.698015525946662, 0.0). Region: 5
	(1803.5802782135208, 2702.747064471313, 0.0). Region: 64
iter = 40
Alpha wolf:  Wolf 0 (86021). Fitness: 0
	(1611.5455898780465, 3197.378679217032, 0.0). Region: 74
	(1172.3785900223236, 26.913979841485045, 0.0). Region: 2
	(1790.251737897271, 2319.7810757258485, 0.0). Region: 54
iter = 50
Alpha wolf:  Wolf 0 (86021). Fitness: 0
	(1953.5147983777351, 485.8139942000163, 0.0). Region: 14
	(114.23131888355843, 21.784629185591882, 0.0). Region: 0
	(1158.2600657047908, 1155.4846500385404, 0.0). Region: 22
iter = 60
Alpha wolf:  Wolf 0 (86021). Fitness: 0
	(1358.3555999942375, 1252.1699291350774, 0.0). Region: 33
	(520.8577881169559, 118.75420787981899, 0.0). Region: 1
	(896.2807821798863, 764.7027137828497, 0.0). Region: 12
iter = 70
Alpha wolf:  Wolf 0 (86021). Fitness: 0
	(550.1896722134162, 1157.0053844642894, 0.0). Region: 21
	(239.7795083822873, 87.50476526598932, 0.0). Region: 0
	(735.0854595409292, 691.1057009889815, 0.0). Region: 11
iter = 80
Alpha wolf:  Wolf 0 (86021). Fitness: 0
	(677.9311582502721, 943.8126656906053, 0.0). Region: 21
	(391.83869893357934, 134.31693723804926, 0.0). Region: 0
	(619.1171003683207, 205.13439294772775, 0.0). Region: 1
iter = 90
Alpha wolf:  Wolf 0 (86021). Fitness: 0
	(488.4209736629455, 609.5537546915966, 0.0). Region: 11
	(148.8611140103003, 81.97308116058973, 0.0). Region: 0
	(558.6028338302337, 152.29297277489968, 0.0). Region: 1
iter = 100
Alpha wolf:  Wolf 0 (86021). Fitness: 0
	(364.9943959804062, 529.397150296779, 0.0). Region: 10
	(197.87061594116406, 97.64184993980292, 0.0). Region: 0
	(426.32083055099235, 194.4364290753643, 0.0). Region: 1
iter = 110
Alpha wolf:  Wolf 0 (86021). Fitness: 0
	(413.20075243398844, 673.5430678815757, 0.0). Region: 11
	(270.2454306707963, 157.12952805002766, 0.0). Region: 0
	(417.4708414073417, 209.30225488343905, 0.0). Region: 1
iter = 120
Alpha wolf:  Wolf 0 (86021). Fitness: 0
	(438.14695648003556, 562.6058817130156, 0.0). Region: 11
	(219.3513425061342, 96.72132095515443, 0.0). Region: 0
	(475.9900388309985, 137.43208767907555, 0.0). Region: 1
iter = 130
Alpha wolf:  Wolf 0 (86021). Fitness: 0
	(449.76969926241736, 734.9662597857114, 0.0). Region: 11
	(244.6665429981762, 162.05118405798936, 0.0). Region: 0
	(269.0946949846609, 168.1646710186781, 0.0). Region: 0
iter = 140
Alpha wolf:  Wolf 0 (86021). Fitness: 0
	(390.8244861005119, 997.9820687731635, 0.0). Region: 20
	(240.28342632015816, 272.19940711537254, 0.0). Region: 0
	(383.11815038775865, 119.7073650043497, 0.0). Region: 0
iter = 150
Alpha wolf:  Wolf 0 (86021). Fitness: 0
	(294.46948885542446, 1113.9001071064924, 0.0). Region: 20
	(165.27421355361412, 256.40774547023653, 0.0). Region: 0
	(293.1018948701258, 150.47273155366884, 0.0). Region: 0
iter = 160
Alpha wolf:  Wolf 0 (86021). Fitness: 0
	(307.07203947982737, 1375.5347457077107, 0.0). Region: 30
	(191.68657155165275, 321.65232630013253, 0.0). Region: 0
	(242.81855958972372, 207.64644980233447, 0.0). Region: 0
iter = 170
Alpha wolf:  Wolf 0 (86021). Fitness: 0
	(359.3298098178021, 1262.1072647453166, 0.0). Region: 30
	(135.33006400972906, 257.5894052988118, 0.0). Region: 0
	(293.29862471717774, 187.8711947133404, 0.0). Region: 0
iter = 180
Alpha wolf:  Wolf 0 (86021). Fitness: 0
	(387.1356961945968, 1289.903447675535, 0.0). Region: 30
	(142.09272637827968, 271.6320266096724, 0.0). Region: 0
	(274.94231006093446, 208.25244789017088, 0.0). Region: 0
iter = 190
Alpha wolf:  Wolf 0 (86021). Fitness: 0
	(413.17310147253926, 1251.2993730597702, 0.0). Region: 31
	(138.17661162590142, 261.3222892427372, 0.0). Region: 0
	(263.76173186900485, 215.2584679396689, 0.0). Region: 0

Run GWO to deployment +4 antenna on the map
	Pack size:  300
	Wolf dimension 4
	Max iter 200
	antennas_regions:  [44 83]
	users_regions:  [ 9 15 18 21 24 32 34 35 48 51 58 61 62 65 66 67 71 72 73 75 76 77 81 82
 87 93 97 98]
	Seed_base:  35614
initial_alpha:  Wolf 0 (35614). Fitness: 0
	(3709.560010945088, 3677.4589955346596, 0). Region: 99
	(1480.3390094674232, 1479.3870060733743, 0). Region: 33
	(633.4085312586004, 3749.3330656162043, 0). Region: 91
	(2462.64220642581, 1112.854403439485, 0). Region: 26
initial_beta:  Wolf 1 (35615). Fitness: 0
	(3879.61162832206, 2268.0854088637857, 0). Region: 59
	(3409.9330168644024, 1768.1381239822588, 0). Region: 48
	(1635.4823887426458, 648.1828789937438, 0). Region: 14
	(1460.4209696661464, 3642.234114053691, 0). Region: 93
initial_delta:  Wolf 2 (35616). Fitness: 0
	(3570.3621306701043, 16.22460417546767, 0). Region: 8
	(2985.084864569805, 2452.624076514712, 0). Region: 67
	(602.606744263269, 3626.9843473975325, 0). Region: 91
	(1562.3034108798902, 358.8332830311485, 0). Region: 3 

The alpha wolf has been updated to a position with higher fitness. iter = 9
New alpha wolf:  Wolf 66 (35680). Fitness: 0.78
	(2958.9250045876843, 635.3621603688872, 0.0). Region: 17
	(902.5666933357935, 1872.858708103895, 0.0). Region: 42
	(567.1792704276229, 3545.0968884944778, 0.0). Region: 81
	(2931.5202159874343, 2727.138767545296, 0.0). Region: 67
iter = 10
Alpha wolf:  Wolf 66 (35680). Fitness: 0.78
	(2958.9250045876843, 635.3621603688872, 0.0). Region: 17
	(902.5666933357935, 1872.858708103895, 0.0). Region: 42
	(567.1792704276229, 3545.0968884944778, 0.0). Region: 81
	(2931.5202159874343, 2727.138767545296, 0.0). Region: 67
iter = 20
Alpha wolf:  Wolf 66 (35680). Fitness: 0.78
	(2958.9250045876843, 635.3621603688872, 0.0). Region: 17
	(902.5666933357935, 1872.858708103895, 0.0). Region: 42
	(567.1792704276229, 3545.0968884944778, 0.0). Region: 81
	(2931.5202159874343, 2727.138767545296, 0.0). Region: 67
iter = 30
Alpha wolf:  Wolf 66 (35680). Fitness: 0.78
	(2958.9250045876843, 635.3621603688872, 0.0). Region: 17
	(902.5666933357935, 1872.858708103895, 0.0). Region: 42
	(567.1792704276229, 3545.0968884944778, 0.0). Region: 81
	(2931.5202159874343, 2727.138767545296, 0.0). Region: 67
The alpha wolf has been updated to a position with higher fitness. iter = 35
New alpha wolf:  Wolf 122 (35736). Fitness: 0.81
	(3087.9194206670736, 661.5717208681549, 0.0). Region: 17
	(1629.2642020837725, 306.00146930512585, 0.0). Region: 4
	(220.02066411502187, 2717.659088660439, 0.0). Region: 60
	(2843.185242790415, 2663.0236743670894, 0.0). Region: 67
The alpha wolf has been updated to a position with higher fitness. iter = 36
New alpha wolf:  Wolf 104 (35718). Fitness: 0.82
	(3036.636059542742, 690.2962920743346, 0.0). Region: 17
	(1.0265711761714251, 3033.587085370603, 0.0). Region: 70
	(566.4704203962361, 1249.750152540384, 0.0). Region: 31
	(2912.698808897918, 2706.926831769064, 0.0). Region: 67
The alpha wolf has been updated to a position with higher fitness. iter = 38
New alpha wolf:  Wolf 257 (35871). Fitness: 0.83
	(3192.2175371371127, 690.8820911382047, 0.0). Region: 17
	(466.23110102340553, 2415.521761208809, 0.0). Region: 61
	(547.0660491008082, 1354.4674031914828, 0.0). Region: 31
	(2824.31585654846, 2595.3177250956965, 0.0). Region: 67
iter = 40
Alpha wolf:  Wolf 257 (35871). Fitness: 0.83
	(3192.2175371371127, 690.8820911382047, 0.0). Region: 17
	(466.23110102340553, 2415.521761208809, 0.0). Region: 61
	(547.0660491008082, 1354.4674031914828, 0.0). Region: 31
	(2824.31585654846, 2595.3177250956965, 0.0). Region: 67
The alpha wolf has been updated to a position with higher fitness. iter = 45
New alpha wolf:  Wolf 227 (35841). Fitness: 0.85
	(3110.850660266563, 572.2760491251868, 0.0). Region: 17
	(837.450966500725, 2397.6236376877105, 0.0). Region: 52
	(407.463962153121, 651.3257177482119, 0.0). Region: 11
	(2867.4771104688994, 2661.007323134631, 0.0). Region: 67
The alpha wolf has been updated to a position with higher fitness. iter = 47
New alpha wolf:  Wolf 285 (35899). Fitness: 0.86
	(3428.583032769454, 652.3567435891911, 0.0). Region: 18
	(288.0207527363435, 3149.518869911265, 0.0). Region: 70
	(463.49054722440843, 747.1579245095882, 0.0). Region: 11
	(2919.0623551341505, 2499.632256066242, 0.0). Region: 67
The alpha wolf has been updated to a position with higher fitness. iter = 48
New alpha wolf:  Wolf 274 (35888). Fitness: 0.87
	(3361.368508097343, 429.33523546393235, 0.0). Region: 18
	(698.3397157151272, 2120.645937860226, 0.0). Region: 51
	(613.1019673707624, 774.213971928287, 0.0). Region: 11
	(2872.2082123927175, 2545.623682860944, 0.0). Region: 67
iter = 50
Alpha wolf:  Wolf 274 (35888). Fitness: 0.87
	(3361.368508097343, 429.33523546393235, 0.0). Region: 18
	(698.3397157151272, 2120.645937860226, 0.0). Region: 51
	(613.1019673707624, 774.213971928287, 0.0). Region: 11
	(2872.2082123927175, 2545.623682860944, 0.0). Region: 67
The alpha wolf has been updated to a position with higher fitness. iter = 53
New alpha wolf:  Wolf 86 (35700). Fitness: 0.88
	(3386.0663665121974, 519.2068779835643, 0.0). Region: 18
	(615.9198279170764, 2476.3255817393806, 0.0). Region: 61
	(547.544207734781, 691.4605163197975, 0.0). Region: 11
	(3102.8579258462432, 2504.7082596125156, 0.0). Region: 67
iter = 60
Alpha wolf:  Wolf 86 (35700). Fitness: 0.88
	(3386.0663665121974, 519.2068779835643, 0.0). Region: 18
	(615.9198279170764, 2476.3255817393806, 0.0). Region: 61
	(547.544207734781, 691.4605163197975, 0.0). Region: 11
	(3102.8579258462432, 2504.7082596125156, 0.0). Region: 67
iter = 70
Alpha wolf:  Wolf 86 (35700). Fitness: 0.88
	(3386.0663665121974, 519.2068779835643, 0.0). Region: 18
	(615.9198279170764, 2476.3255817393806, 0.0). Region: 61
	(547.544207734781, 691.4605163197975, 0.0). Region: 11
	(3102.8579258462432, 2504.7082596125156, 0.0). Region: 67
iter = 80
Alpha wolf:  Wolf 86 (35700). Fitness: 0.88
	(3386.0663665121974, 519.2068779835643, 0.0). Region: 18
	(615.9198279170764, 2476.3255817393806, 0.0). Region: 61
	(547.544207734781, 691.4605163197975, 0.0). Region: 11
	(3102.8579258462432, 2504.7082596125156, 0.0). Region: 67
iter = 90
Alpha wolf:  Wolf 86 (35700). Fitness: 0.88
	(3386.0663665121974, 519.2068779835643, 0.0). Region: 18
	(615.9198279170764, 2476.3255817393806, 0.0). Region: 61
	(547.544207734781, 691.4605163197975, 0.0). Region: 11
	(3102.8579258462432, 2504.7082596125156, 0.0). Region: 67
iter = 100
Alpha wolf:  Wolf 86 (35700). Fitness: 0.88
	(3386.0663665121974, 519.2068779835643, 0.0). Region: 18
	(615.9198279170764, 2476.3255817393806, 0.0). Region: 61
	(547.544207734781, 691.4605163197975, 0.0). Region: 11
	(3102.8579258462432, 2504.7082596125156, 0.0). Region: 67
iter = 110
Alpha wolf:  Wolf 86 (35700). Fitness: 0.88
	(3386.0663665121974, 519.2068779835643, 0.0). Region: 18
	(615.9198279170764, 2476.3255817393806, 0.0). Region: 61
	(547.544207734781, 691.4605163197975, 0.0). Region: 11
	(3102.8579258462432, 2504.7082596125156, 0.0). Region: 67
iter = 120
Alpha wolf:  Wolf 86 (35700). Fitness: 0.88
	(3285.632500674976, 470.32725482419994, 0.0). Region: 18
	(437.4514382673856, 2681.000902081695, 0.0). Region: 61
	(553.6731208897108, 664.7758410952064, 0.0). Region: 11
	(2949.553463800543, 2632.7323955372653, 0.0). Region: 67
iter = 130
Alpha wolf:  Wolf 86 (35700). Fitness: 0.88
	(3285.632500674976, 470.32725482419994, 0.0). Region: 18
	(437.4514382673856, 2681.000902081695, 0.0). Region: 61
	(553.6731208897108, 664.7758410952064, 0.0). Region: 11
	(2949.553463800543, 2632.7323955372653, 0.0). Region: 67
iter = 140
Alpha wolf:  Wolf 86 (35700). Fitness: 0.88
	(3285.632500674976, 470.32725482419994, 0.0). Region: 18
	(437.4514382673856, 2681.000902081695, 0.0). Region: 61
	(553.6731208897108, 664.7758410952064, 0.0). Region: 11
	(2949.553463800543, 2632.7323955372653, 0.0). Region: 67
iter = 150
Alpha wolf:  Wolf 86 (35700). Fitness: 0.88
	(3523.1720465117965, 526.2752116766187, 0.0). Region: 18
	(475.98772518973516, 2481.7866823903555, 0.0). Region: 61
	(471.0638826416924, 585.0204853840858, 0.0). Region: 11
	(3159.954045126988, 2470.2348816950966, 0.0). Region: 67
iter = 160
Alpha wolf:  Wolf 86 (35700). Fitness: 0.88
	(3453.1011829554354, 596.2093928596906, 0.0). Region: 18
	(585.4146777700364, 2675.86870709878, 0.0). Region: 61
	(448.7997713157754, 532.2071466918286, 0.0). Region: 11
	(3191.773546253091, 2642.403142632717, 0.0). Region: 67
iter = 170
Alpha wolf:  Wolf 86 (35700). Fitness: 0.88
	(3288.362166370542, 600.042257690614, 0.0). Region: 18
	(621.7369683816846, 2572.364380408604, 0.0). Region: 61
	(488.4166829595327, 510.87147854082633, 0.0). Region: 11
	(2945.066097205285, 2583.3776935535016, 0.0). Region: 67
iter = 180
Alpha wolf:  Wolf 86 (35700). Fitness: 0.88
	(3340.8346307673028, 621.1617383860141, 0.0). Region: 18
	(580.4724012399075, 2583.182580489256, 0.0). Region: 61
	(564.9670137684759, 533.152884981701, 0.0). Region: 11
	(3147.6005573894845, 2625.6188063287545, 0.0). Region: 67
iter = 190
Alpha wolf:  Wolf 86 (35700). Fitness: 0.88
	(3340.9469189568617, 619.6483394695313, 0.0). Region: 18
	(560.9463633837365, 2446.7800629864023, 0.0). Region: 61
	(565.1506371519545, 494.758600235401, 0.0). Region: 11
	(2894.079592743567, 2479.530543130236, 0.0). Region: 67

- Finishing GWO - 

Best solution:  Wolf 86 (35700). Fitness: 0.88
	(3489.8020416945114, 620.6258911240402, 0.0). Region: 18
	(555.2267543985846, 2482.2730124493837, 0.0). Region: 61
	(591.5931636132007, 482.1410721868509, 0.0). Region: 11
	(2853.739117315222, 2449.0398416620774, 0.0). Region: 67
Antennas in slice 1:  [11 18 44 61 67 83]

Slice  2

Run GWO to deployment +1 antenna on the map
	Pack size:  300
	Wolf dimension 1
	Max iter 200
	antennas_regions:  [11 18 44 61 67 83]
	users_regions:  [ 0  3  9 10 14 15 17 19 20 21 23 24 25 29 30 31 32 33 34 35 36 40 43 48
 49 51 54 55 56 59 61 62 65 66 68 69 70 73 74 75 76 77 78 80 81 84 85 86
 89 90 93 95 96 98]
	Seed_base:  5891
initial_alpha:  Wolf 0 (5891). Fitness: 0
	(2261.5828644122303, 629.712172153563, 0). Region: 15
initial_beta:  Wolf 1 (5892). Fitness: 0
	(2993.3133666143153, 2537.979488203692, 0). Region: 67
initial_delta:  Wolf 2 (5893). Fitness: 0
	(1944.4359302802577, 2107.566071233691, 0). Region: 54 

iter = 10
Alpha wolf:  Wolf 0 (5891). Fitness: 0
	(569.2347773705376, 1165.4220049686621, 0.0). Region: 21
iter = 20
Alpha wolf:  Wolf 0 (5891). Fitness: 0
	(459.5443183448322, 701.7687339129149, 0.0). Region: 11
iter = 30
Alpha wolf:  Wolf 0 (5891). Fitness: 0
	(349.15495523576044, 940.2988903456632, 0.0). Region: 20
iter = 40
Alpha wolf:  Wolf 0 (5891). Fitness: 0
	(324.5883900500387, 815.0453260374406, 0.0). Region: 20
iter = 50
Alpha wolf:  Wolf 0 (5891). Fitness: 0
	(130.90662415052523, 1607.3555800049337, 0.0). Region: 40
iter = 60
Alpha wolf:  Wolf 0 (5891). Fitness: 0
	(55.08814736668161, 3984.8307391043263, 0.0). Region: 90
iter = 70
Alpha wolf:  Wolf 0 (5891). Fitness: 0
	(22.719611410814725, 2707.9581573196137, 0.0). Region: 60
iter = 80
Alpha wolf:  Wolf 0 (5891). Fitness: 0
	(17.229015084913478, 1464.259808167164, 0.0). Region: 30
iter = 90
Alpha wolf:  Wolf 0 (5891). Fitness: 0
	(18.06875806750279, 698.7557547203328, 0.0). Region: 10
iter = 100
Alpha wolf:  Wolf 0 (5891). Fitness: 0
	(30.75184572514259, 670.7846998540203, 0.0). Region: 10
iter = 110
Alpha wolf:  Wolf 0 (5891). Fitness: 0
	(24.520850126573524, 236.83202469606047, 0.0). Region: 0
iter = 120
Alpha wolf:  Wolf 0 (5891). Fitness: 0
	(61.24201141907006, 292.05467263468904, 0.0). Region: 0
iter = 130
Alpha wolf:  Wolf 0 (5891). Fitness: 0
	(45.79355226887813, 162.57053051786244, 0.0). Region: 0
iter = 140
Alpha wolf:  Wolf 0 (5891). Fitness: 0
	(43.36345607181234, 215.21917303251703, 0.0). Region: 0
iter = 150
Alpha wolf:  Wolf 0 (5891). Fitness: 0
	(37.342271359259286, 133.90048796295713, 0.0). Region: 0
iter = 160
Alpha wolf:  Wolf 0 (5891). Fitness: 0
	(44.019244580045424, 117.70772751572264, 0.0). Region: 0
iter = 170
Alpha wolf:  Wolf 0 (5891). Fitness: 0
	(43.86961548641459, 132.71933523684686, 0.0). Region: 0
iter = 180
Alpha wolf:  Wolf 0 (5891). Fitness: 0
	(50.50774490171956, 115.15881008851866, 0.0). Region: 0
iter = 190
Alpha wolf:  Wolf 0 (5891). Fitness: 0
	(47.97907373815042, 117.85378293982143, 0.0). Region: 0

Run GWO to deployment +2 antenna on the map
	Pack size:  300
	Wolf dimension 2
	Max iter 200
	antennas_regions:  [11 18 44 61 67 83]
	users_regions:  [ 0  3  9 10 14 15 17 19 20 21 23 24 25 29 30 31 32 33 34 35 36 40 43 48
 49 51 54 55 56 59 61 62 65 66 68 69 70 73 74 75 76 77 78 80 81 84 85 86
 89 90 93 95 96 98]
	Seed_base:  61080
initial_alpha:  Wolf 0 (61080). Fitness: 0
	(196.8231407470249, 2434.622237722159, 0). Region: 60
	(1090.0461297804397, 3783.431514227562, 0). Region: 92
initial_beta:  Wolf 1 (61081). Fitness: 0
	(978.5132637458051, 712.2959841686778, 0). Region: 12
	(1016.4008911470561, 3255.484763149251, 0). Region: 82
initial_delta:  Wolf 2 (61082). Fitness: 0
	(3641.471297355189, 2178.0960698757885, 0). Region: 59
	(3089.6533087959388, 2875.015678391962, 0). Region: 77 

The alpha wolf has been updated to a position with higher fitness. iter = 0
New alpha wolf:  Wolf 78 (61158). Fitness: 0.95
	(3187.939228097154, 3155.6319630925973, 0.0). Region: 77
	(1218.8883973592574, 2226.6750683694363, 0.0). Region: 53
iter = 10
Alpha wolf:  Wolf 78 (61158). Fitness: 0.95
	(3187.939228097154, 3155.6319630925973, 0.0). Region: 77
	(1218.8883973592574, 2226.6750683694363, 0.0). Region: 53
iter = 20
Alpha wolf:  Wolf 78 (61158). Fitness: 0.95
	(3187.939228097154, 3155.6319630925973, 0.0). Region: 77
	(1218.8883973592574, 2226.6750683694363, 0.0). Region: 53
iter = 30
Alpha wolf:  Wolf 78 (61158). Fitness: 0.95
	(3187.939228097154, 3155.6319630925973, 0.0). Region: 77
	(1218.8883973592574, 2226.6750683694363, 0.0). Region: 53
iter = 40
Alpha wolf:  Wolf 78 (61158). Fitness: 0.95
	(3141.9865381392087, 2957.419744913221, 0.0). Region: 77
	(1564.558203270581, 2347.7805255091503, 0.0). Region: 53
iter = 50
Alpha wolf:  Wolf 78 (61158). Fitness: 0.95
	(3141.9865381392087, 2957.419744913221, 0.0). Region: 77
	(1564.558203270581, 2347.7805255091503, 0.0). Region: 53
iter = 60
Alpha wolf:  Wolf 78 (61158). Fitness: 0.95
	(3141.9865381392087, 2957.419744913221, 0.0). Region: 77
	(1564.558203270581, 2347.7805255091503, 0.0). Region: 53
iter = 70
Alpha wolf:  Wolf 78 (61158). Fitness: 0.95
	(3141.9865381392087, 2957.419744913221, 0.0). Region: 77
	(1564.558203270581, 2347.7805255091503, 0.0). Region: 53
iter = 80
Alpha wolf:  Wolf 78 (61158). Fitness: 0.95
	(3141.9865381392087, 2957.419744913221, 0.0). Region: 77
	(1564.558203270581, 2347.7805255091503, 0.0). Region: 53
iter = 90
Alpha wolf:  Wolf 78 (61158). Fitness: 0.95
	(3141.9865381392087, 2957.419744913221, 0.0). Region: 77
	(1564.558203270581, 2347.7805255091503, 0.0). Region: 53
iter = 100
Alpha wolf:  Wolf 78 (61158). Fitness: 0.95
	(3088.0866883355343, 2938.9042582271522, 0.0). Region: 77
	(1556.9909961210315, 2121.328103322163, 0.0). Region: 53
iter = 110
Alpha wolf:  Wolf 78 (61158). Fitness: 0.95
	(3088.0866883355343, 2938.9042582271522, 0.0). Region: 77
	(1556.9909961210315, 2121.328103322163, 0.0). Region: 53
iter = 120
Alpha wolf:  Wolf 78 (61158). Fitness: 0.95
	(2944.7917558805448, 2996.83265831089, 0.0). Region: 77
	(1486.1568681553763, 2154.305229415165, 0.0). Region: 53
iter = 130
Alpha wolf:  Wolf 78 (61158). Fitness: 0.95
	(2944.7917558805448, 2996.83265831089, 0.0). Region: 77
	(1486.1568681553763, 2154.305229415165, 0.0). Region: 53
iter = 140
Alpha wolf:  Wolf 78 (61158). Fitness: 0.95
	(2944.7917558805448, 2996.83265831089, 0.0). Region: 77
	(1486.1568681553763, 2154.305229415165, 0.0). Region: 53
iter = 150
Alpha wolf:  Wolf 78 (61158). Fitness: 0.95
	(3159.7448298101685, 2939.1505926115897, 0.0). Region: 77
	(1310.9222629807455, 2118.6165789723964, 0.0). Region: 53
iter = 160
Alpha wolf:  Wolf 78 (61158). Fitness: 0.95
	(2810.563937035843, 2930.776058399592, 0.0). Region: 77
	(1351.8682328839004, 2179.865903929157, 0.0). Region: 53
iter = 170
Alpha wolf:  Wolf 78 (61158). Fitness: 0.95
	(2939.8905188832823, 2834.078030025419, 0.0). Region: 77
	(1430.409811804193, 2169.848370545519, 0.0). Region: 53
iter = 180
Alpha wolf:  Wolf 78 (61158). Fitness: 0.95
	(2998.2404190729526, 2955.739181936371, 0.0). Region: 77
	(1235.6197054299907, 2007.7048544582178, 0.0). Region: 53
iter = 190
Alpha wolf:  Wolf 78 (61158). Fitness: 0.95
	(3120.5951762868735, 2982.0683690371393, 0.0). Region: 77
	(1153.1764404704284, 2155.402413166338, 0.0). Region: 52

- Finishing GWO - 

Best solution:  Wolf 78 (61158). Fitness: 0.95
	(3145.5676073403956, 2991.3866851179614, 0.0). Region: 77
	(1155.3472649243422, 2138.132295137141, 0.0). Region: 52
Antennas in slice 2:  [11 18 44 52 61 67 77 83]

Slice  3

Run GWO to deployment +1 antenna on the map
	Pack size:  300
	Wolf dimension 1
	Max iter 200
	antennas_regions:  [11 18 44 52 61 67 77 83]
	users_regions:  [ 0  2  3  5  7  8 10 11 12 13 15 16 20 22 23 24 25 26 30 31 32 34 36 37
 38 39 40 44 45 50 52 53 54 56 57 58 59 60 61 62 63 65 66 68 70 71 73 74
 75 76 77 80 82 86 87 88 89 90 93 94 95 96 98]
	Seed_base:  73807
initial_alpha:  Wolf 0 (73807). Fitness: 0
	(2971.6950494990533, 1221.2581350214266, 0). Region: 37
initial_beta:  Wolf 1 (73808). Fitness: 0
	(1125.6227184459422, 1049.1106865043319, 0). Region: 22
initial_delta:  Wolf 2 (73809). Fitness: 0
	(1209.382757702409, 2873.2569447687456, 0). Region: 73 

iter = 10
Alpha wolf:  Wolf 0 (73807). Fitness: 0
	(633.3600459210818, 1057.3954965813257, 0.0). Region: 21
iter = 20
Alpha wolf:  Wolf 0 (73807). Fitness: 0
	(508.0081209644578, 637.1152616200396, 0.0). Region: 11
iter = 30
Alpha wolf:  Wolf 0 (73807). Fitness: 0
	(385.97553449307975, 853.6700132957832, 0.0). Region: 20
iter = 40
Alpha wolf:  Wolf 0 (73807). Fitness: 0
	(358.81824494662453, 739.9559453149092, 0.0). Region: 10
iter = 50
Alpha wolf:  Wolf 0 (73807). Fitness: 0
	(144.71153798610794, 1459.2713799638568, 0.0). Region: 30
iter = 60
Alpha wolf:  Wolf 0 (73807). Fitness: 0
	(60.897533505036, 3645.2553878076565, 0.0). Region: 90
iter = 70
Alpha wolf:  Wolf 0 (73807). Fitness: 0
	(25.115535069678124, 2676.8216392193217, 0.0). Region: 60
iter = 80
Alpha wolf:  Wolf 0 (73807). Fitness: 0
	(19.045921374129733, 1442.7775317016112, 0.0). Region: 30
iter = 90
Alpha wolf:  Wolf 0 (73807). Fitness: 0
	(19.974220452286445, 688.5039053811336, 0.0). Region: 10
iter = 100
Alpha wolf:  Wolf 0 (73807). Fitness: 0
	(33.99481821240592, 660.9432300526953, 0.0). Region: 10
iter = 110
Alpha wolf:  Wolf 0 (73807). Fitness: 0
	(27.106725557776343, 233.35732525890973, 0.0). Region: 0
iter = 120
Alpha wolf:  Wolf 0 (73807). Fitness: 0
	(67.70036061449191, 287.76976983101065, 0.0). Region: 0
iter = 130
Alpha wolf:  Wolf 0 (73807). Fitness: 0
	(50.62276582013528, 160.18536435795383, 0.0). Region: 0
iter = 140
Alpha wolf:  Wolf 0 (73807). Fitness: 0
	(47.93640093666528, 212.06156822649544, 0.0). Region: 0
iter = 150
Alpha wolf:  Wolf 0 (73807). Fitness: 0
	(41.280245024722525, 131.93595655823606, 0.0). Region: 0
iter = 160
Alpha wolf:  Wolf 0 (73807). Fitness: 0
	(48.66134640245699, 115.98076945305327, 0.0). Region: 0
iter = 170
Alpha wolf:  Wolf 0 (73807). Fitness: 0
	(48.49593799469079, 130.77213320604756, 0.0). Region: 0
iter = 180
Alpha wolf:  Wolf 0 (73807). Fitness: 0
	(55.8340992472109, 113.46924866577167, 0.0). Region: 0
iter = 190
Alpha wolf:  Wolf 0 (73807). Fitness: 0
	(53.03876405683551, 116.12468201365813, 0.0). Region: 0

Run GWO to deployment +2 antenna on the map
	Pack size:  300
	Wolf dimension 2
	Max iter 200
	antennas_regions:  [11 18 44 52 61 67 77 83]
	users_regions:  [ 0  2  3  5  7  8 10 11 12 13 15 16 20 22 23 24 25 26 30 31 32 34 36 37
 38 39 40 44 45 50 52 53 54 56 57 58 59 60 61 62 63 65 66 68 70 71 73 74
 75 76 77 80 82 86 87 88 89 90 93 94 95 96 98]
	Seed_base:  33301
initial_alpha:  Wolf 7 (33308). Fitness: 0.99
	(3512.559197049809, 1751.9426352664916, 0). Region: 48
	(2736.618030580182, 631.8484335211054, 0). Region: 16
initial_beta:  Wolf 35 (33336). Fitness: 0.99
	(1881.7430642408217, 943.6342144056193, 0). Region: 24
	(3856.110267177361, 1291.927754113947, 0). Region: 39
initial_delta:  Wolf 117 (33418). Fitness: 0.99
	(3807.4313956233136, 1419.5943355129339, 0). Region: 39
	(2567.761543654605, 633.7036790377359, 0). Region: 16 

iter = 10
Alpha wolf:  Wolf 7 (33308). Fitness: 0.99
	(3512.559197049809, 1751.9426352664916, 0). Region: 48
	(2736.618030580182, 631.8484335211054, 0). Region: 16
iter = 20
Alpha wolf:  Wolf 7 (33308). Fitness: 0.99
	(2998.5938020118865, 2020.2393261977982, 0.0). Region: 57
	(2149.7238241288296, 686.8752425574869, 0.0). Region: 15
iter = 30
Alpha wolf:  Wolf 7 (33308). Fitness: 0.99
	(3751.4153694704128, 1155.0706207376281, 0.0). Region: 29
	(2201.2585125636597, 786.3344229464352, 0.0). Region: 15
iter = 40
Alpha wolf:  Wolf 7 (33308). Fitness: 0.99
	(3603.8498919369686, 428.64689240974315, 0.0). Region: 19
	(2240.098911013776, 705.9294415559007, 0.0). Region: 15
iter = 50
Alpha wolf:  Wolf 7 (33308). Fitness: 0.99
	(2890.1749599754066, 2112.3126236583203, 0.0). Region: 57
	(1734.1189249641495, 978.4046653145825, 0.0). Region: 24
iter = 60
Alpha wolf:  Wolf 7 (33308). Fitness: 0.99
	(3224.7058560446244, 1534.3087737649487, 0.0). Region: 38
	(2137.4729110150665, 722.2451392237191, 0.0). Region: 15
iter = 70
Alpha wolf:  Wolf 7 (33308). Fitness: 0.99
	(3224.7058560446244, 1534.3087737649487, 0.0). Region: 38
	(2137.4729110150665, 722.2451392237191, 0.0). Region: 15
iter = 80
Alpha wolf:  Wolf 7 (33308). Fitness: 0.99
	(2788.531252273579, 1468.6300587585843, 0.0). Region: 36
	(1886.2280974244552, 689.4297673061043, 0.0). Region: 14
iter = 90
Alpha wolf:  Wolf 7 (33308). Fitness: 0.99
	(3869.1793521310474, 861.2112960580878, 0.0). Region: 29
	(2617.0694323112134, 374.29367451624245, 0.0). Region: 6
iter = 100
Alpha wolf:  Wolf 7 (33308). Fitness: 0.99
	(3964.2202447200107, 1664.9165039640375, 0.0). Region: 49
	(2026.5408962997185, 180.08446714427453, 0.0). Region: 5
iter = 110
Alpha wolf:  Wolf 7 (33308). Fitness: 0.99
	(3905.0272192364127, 1013.194580078494, 0.0). Region: 29
	(2528.1884538301406, 182.71862662477162, 0.0). Region: 6
iter = 120
Alpha wolf:  Wolf 7 (33308). Fitness: 0.99
	(2498.1238799353528, 1483.8301801534185, 0.0). Region: 36
	(2528.1565684085126, 209.22957460246107, 0.0). Region: 6
iter = 130
Alpha wolf:  Wolf 7 (33308). Fitness: 0.99
	(2840.367184491037, 992.049107525918, 0.0). Region: 27
	(2189.9063676799287, 237.08097669125317, 0.0). Region: 5
iter = 140
Alpha wolf:  Wolf 7 (33308). Fitness: 0.99
	(2970.623665941437, 1076.450312332806, 0.0). Region: 27
	(2270.4392327475343, 221.24626632775914, 0.0). Region: 5
iter = 150
Alpha wolf:  Wolf 7 (33308). Fitness: 0.99
	(3356.8619680040356, 1272.144616382771, 0.0). Region: 38
	(2156.073181624572, 171.39565090988458, 0.0). Region: 5
iter = 160
Alpha wolf:  Wolf 7 (33308). Fitness: 0.99
	(3899.283600870268, 1425.9312086877226, 0.0). Region: 39
	(2076.751242892632, 191.6067146918423, 0.0). Region: 5
iter = 170
Alpha wolf:  Wolf 7 (33308). Fitness: 0.99
	(3294.711507083035, 1431.0979426046297, 0.0). Region: 38
	(2234.962328493143, 195.8394471962061, 0.0). Region: 5
iter = 180
Alpha wolf:  Wolf 7 (33308). Fitness: 0.99
	(3363.079499366382, 1596.0047028363915, 0.0). Region: 38
	(2305.6570281834292, 206.58362849462873, 0.0). Region: 5
iter = 190
Alpha wolf:  Wolf 7 (33308). Fitness: 0.99
	(3603.0095345622412, 1500.6068375469106, 0.0). Region: 39
	(2102.6507548354007, 214.48083044098723, 0.0). Region: 5

- Finishing GWO - 

Best solution:  Wolf 7 (33308). Fitness: 0.99
	(3664.0933543129586, 1516.4656746557089, 0.0). Region: 39
	(2117.344385689438, 216.11770700554564, 0.0). Region: 5
Antennas in slice 3:  [ 5 11 18 39 44 52 61 67 77 83]

Slice  4

Run GWO to deployment +1 antenna on the map
	Pack size:  300
	Wolf dimension 1
	Max iter 200
	antennas_regions:  [ 5 11 18 39 44 52 61 67 77 83]
	users_regions:  [ 2  3  4  6  7  8  9 11 12 13 14 16 17 18 20 21 22 23 26 27 28 29 30 31
 33 34 35 36 37 38 39 40 41 42 43 44 46 48 49 51 54 55 56 57 58 59 61 62
 63 64 65 66 67 68 69 70 71 72 74 75 76 77 78 79 81 82 83 85 86 87 90 91
 93 96 98 99]
	Seed_base:  78375
initial_alpha:  Wolf 2 (78377). Fitness: 1.0
	(3352.284773225502, 3403.630856554071, 0). Region: 88
initial_beta:  Wolf 7 (78382). Fitness: 1.0
	(3638.9606075046117, 3159.913944774056, 0). Region: 79
initial_delta:  Wolf 18 (78393). Fitness: 1.0
	(2509.5211118313205, 3661.2687252722826, 0). Region: 96 

iter = 10
Alpha wolf:  Wolf 2 (78377). Fitness: 1.0
	(3578.5732057870614, 3005.8960710338965, 0.0). Region: 78
iter = 20
Alpha wolf:  Wolf 2 (78377). Fitness: 1.0
	(3824.2380110810227, 3407.171417439903, 0.0). Region: 89
iter = 30
Alpha wolf:  Wolf 2 (78377). Fitness: 1.0
	(3984.8391994344397, 2591.1727483488157, 0.0). Region: 69
iter = 40
Alpha wolf:  Wolf 2 (78377). Fitness: 1.0
	(3416.356868854728, 3674.9357108544086, 0.0). Region: 98
iter = 50
Alpha wolf:  Wolf 2 (78377). Fitness: 1.0
	(3895.1425494878554, 3738.591951296973, 0.0). Region: 99
iter = 60
Alpha wolf:  Wolf 2 (78377). Fitness: 1.0
	(3483.462143829408, 3348.999138752328, 0.0). Region: 88
iter = 70
Alpha wolf:  Wolf 2 (78377). Fitness: 1.0
	(2655.626972835151, 3779.2408840846806, 0.0). Region: 96
iter = 80
Alpha wolf:  Wolf 2 (78377). Fitness: 1.0
	(3493.52632182636, 2984.5279743449937, 0.0). Region: 78
iter = 90
Alpha wolf:  Wolf 2 (78377). Fitness: 1.0
	(3277.2999996372455, 3340.9397028017675, 0.0). Region: 88
iter = 100
Alpha wolf:  Wolf 2 (78377). Fitness: 1.0
	(3714.3371895965956, 3835.5184378974213, 0.0). Region: 99
iter = 110
Alpha wolf:  Wolf 2 (78377). Fitness: 1.0
	(3443.136811365605, 3160.010573589583, 0.0). Region: 78
iter = 120
Alpha wolf:  Wolf 2 (78377). Fitness: 1.0
	(3906.2955738910086, 3578.352963274291, 0.0). Region: 89
iter = 130
Alpha wolf:  Wolf 2 (78377). Fitness: 1.0
	(3346.042044860541, 2995.8714337245083, 0.0). Region: 78
iter = 140
Alpha wolf:  Wolf 2 (78377). Fitness: 1.0
	(3226.402151498331, 3844.48211433682, 0.0). Region: 98
iter = 150
Alpha wolf:  Wolf 2 (78377). Fitness: 1.0
	(3215.9412123159623, 3458.5376607721505, 0.0). Region: 88
iter = 160
Alpha wolf:  Wolf 2 (78377). Fitness: 1.0
	(3582.9804448705822, 2855.8232508334645, 0.0). Region: 78
iter = 170
Alpha wolf:  Wolf 2 (78377). Fitness: 1.0
	(3660.937499937864, 3472.141064618222, 0.0). Region: 89
iter = 180
Alpha wolf:  Wolf 2 (78377). Fitness: 1.0
	(3928.4328337197658, 3097.9480110505565, 0.0). Region: 79
iter = 190
Alpha wolf:  Wolf 2 (78377). Fitness: 1.0
	(3732.0013974026324, 3170.4347178898156, 0.0). Region: 79

- Finishing GWO - 

Best solution:  Wolf 2 (78377). Fitness: 1.0
	(3775.4266767400914, 3184.3878020382663, 0.0). Region: 79
Antennas in slice 4:  [ 5 11 18 39 44 52 61 67 77 79 83]

Slice  5
The set of antennas serves the scenario in the respective slice.

Slice  6
The set of antennas serves the scenario in the respective slice.

Slice  7
The set of antennas serves the scenario in the respective slice.

Slice  8
The set of antennas serves the scenario in the respective slice.

Slice  9
The set of antennas serves the scenario in the respective slice.

Slice  10
The set of antennas serves the scenario in the respective slice.

Slice  11
The set of antennas serves the scenario in the respective slice.

Média de carros: 9.5
t=0
Antennas: [44 83]
Users: [65 66 75 76]
MinSINR:  31.622776601683793
$x_{0,44}$
	 $y_{0,44,65}$ = 23.009868936797858 dB
	 $y_{0,44,66}$ = 18.852854289901714 dB
	 $y_{0,44,75}$ = 20.140207002626568 dB
		SNR medio:  2.2143903653330765
		Usuarios totais: 28
$x_{0,83}$
	 $y_{0,83,76}$ = 20.277394612262853 dB
		SNR medio:  20.277394612262853
		Usuarios totais: 1
Distances:
44 : 83 = 1649.2422502470642
t=1
Antennas: [11 18 44 61 67 83]
Users: [ 9 15 18 21 24 32 34 35 48 51 58 61 62 65 66 67 71 72 73 75 76 77 81 82
 87 93 97 98]
MinSINR:  31.622776601683793
$x_{1,11}$
	 $y_{1,11,15}$ = 15.206780299630097 dB
		SNR medio:  15.206780299630097
		Usuarios totais: 1
$x_{1,18}$
	 $y_{1,18,9}$ = 30.21437276565652 dB
	 $y_{1,18,18}$ = 85.42895051345224 dB
		SNR medio:  38.547774426369585
		Usuarios totais: 3
$x_{1,44}$
	 $y_{1,44,24}$ = 19.05262598605826 dB
	 $y_{1,44,32}$ = 16.55394684637234 dB
	 $y_{1,44,35}$ = 19.18081997808669 dB
	 $y_{1,44,21}$ = 15.993349799656045 dB
	 $y_{1,44,34}$ = 24.90190405425453 dB
		SNR medio:  19.136529332885573
		Usuarios totais: 5
$x_{1,61}$
	 $y_{1,61,51}$ = 29.607072761040996 dB
	 $y_{1,61,61}$ = 86.8153266324774 dB
	 $y_{1,61,71}$ = 26.793448080277443 dB
	 $y_{1,61,62}$ = 28.527297418173873 dB
	 $y_{1,61,72}$ = 25.13719947752648 dB
		SNR medio:  39.376068873899236
		Usuarios totais: 5
$x_{1,67}$
	 $y_{1,67,48}$ = 20.636166766080862 dB
	 $y_{1,67,58}$ = 21.3476797099204 dB
	 $y_{1,67,67}$ = 87.62913119771079 dB
	 $y_{1,67,77}$ = 25.8053237527197 dB
	 $y_{1,67,87}$ = 21.199797226066607 dB
	 $y_{1,67,97}$ = 20.345863660611215 dB
	 $y_{1,67,98}$ = 16.5526662407094 dB
	 $y_{1,67,65}$ = 19.787957269834493 dB
	 $y_{1,67,66}$ = 25.40409538076922 dB
	 $y_{1,67,75}$ = 18.31015960388295 dB
		SNR medio:  6.925471020207641
		Usuarios totais: 40
$x_{1,83}$
	 $y_{1,83,93}$ = 35.30637638095256 dB
	 $y_{1,83,76}$ = 20.277394612262853 dB
	 $y_{1,83,81}$ = 19.87935298956525 dB
	 $y_{1,83,82}$ = 18.517324933199916 dB
	 $y_{1,83,73}$ = 23.303340756552757 dB
		SNR medio:  9.773649139377778
		Usuarios totais: 12
Distances:
11 : 18 = 2800.0
11 : 44 = 1697.0562748477141
11 : 61 = 2000.0
11 : 67 = 3124.099870362662
11 : 83 = 2912.043955712207
18 : 44 = 2000.0
18 : 61 = 3440.9301068170507
18 : 67 = 2039.607805437114
18 : 83 = 3440.9301068170507
44 : 61 = 1442.2205101855957
44 : 67 = 1442.2205101855957
44 : 83 = 1649.2422502470642
61 : 67 = 2400.0
61 : 83 = 1131.370849898476
67 : 83 = 1788.8543819998317
t=2
Antennas: [11 18 44 52 61 67 77 83]
Users: [ 0  3  9 10 14 15 17 19 20 21 23 24 25 29 30 31 32 33 34 35 36 40 43 48
 49 51 54 55 56 59 61 62 65 66 68 69 70 73 74 75 76 77 78 80 81 84 85 86
 89 90 93 95 96 98]
MinSINR:  31.622776601683793
$x_{2,11}$
	 $y_{2,11,0}$ = 21.873213783859427 dB
	 $y_{2,11,3}$ = 15.663169402173125 dB
	 $y_{2,11,10}$ = 29.91460281305953 dB
	 $y_{2,11,14}$ = 15.499552805570062 dB
	 $y_{2,11,15}$ = 15.206780299630097 dB
	 $y_{2,11,20}$ = 29.92457602258571 dB
	 $y_{2,11,30}$ = 22.746557389646256 dB
	 $y_{2,11,21}$ = 27.584788842833987 dB
	 $y_{2,11,31}$ = 23.42659855934535 dB
	 $y_{2,11,34}$ = 17.71928979074825 dB
		SNR medio:  16.889163823803983
		Usuarios totais: 13
$x_{2,18}$
	 $y_{2,18,9}$ = 30.21437276565652 dB
	 $y_{2,18,17}$ = 21.785164952301187 dB
	 $y_{2,18,19}$ = 25.708848731090242 dB
	 $y_{2,18,25}$ = 20.285624076015196 dB
	 $y_{2,18,29}$ = 20.65622994965608 dB
	 $y_{2,18,49}$ = 16.528342708201592 dB
		SNR medio:  15.01984257588009
		Usuarios totais: 9
$x_{2,44}$
	 $y_{2,44,24}$ = 19.05262598605826 dB
	 $y_{2,44,35}$ = 19.18081997808669 dB
	 $y_{2,44,36}$ = 18.907111200602642 dB
	 $y_{2,44,32}$ = 16.55394684637234 dB
	 $y_{2,44,33}$ = 22.750057786745188 dB
	 $y_{2,44,43}$ = 39.577587578467195 dB
	 $y_{2,44,54}$ = 20.689582392281707 dB
	 $y_{2,44,75}$ = 20.140207002626568 dB
	 $y_{2,44,23}$ = 18.104934652536613 dB
	 $y_{2,44,55}$ = 27.267886354653953 dB
	 $y_{2,44,66}$ = 18.852854289901714 dB
		SNR medio:  6.026940351708322
		Usuarios totais: 40
$x_{2,52}$
	 $y_{2,52,40}$ = 17.112969886195444 dB
	 $y_{2,52,51}$ = 36.54173315553413 dB
		SNR medio:  17.884901013909857
		Usuarios totais: 3
$x_{2,61}$
	 $y_{2,61,80}$ = 18.569509011017686 dB
	 $y_{2,61,90}$ = 15.370371290977843 dB
	 $y_{2,61,61}$ = 86.8153266324774 dB
		SNR medio:  40.25173564482431
		Usuarios totais: 3
$x_{2,67}$
	 $y_{2,67,48}$ = 20.636166766080862 dB
	 $y_{2,67,56}$ = 15.274978991070668 dB
		SNR medio:  17.955572878575765
		Usuarios totais: 2
$x_{2,77}$
	 $y_{2,77,85}$ = 16.887818642343262 dB
	 $y_{2,77,86}$ = 30.188014918943082 dB
	 $y_{2,77,89}$ = 20.81279411109942 dB
	 $y_{2,77,96}$ = 20.03493212262812 dB
	 $y_{2,77,59}$ = 15.572842829392613 dB
	 $y_{2,77,68}$ = 22.98915077165435 dB
	 $y_{2,77,69}$ = 15.570761774066497 dB
	 $y_{2,77,77}$ = 85.43353680947732 dB
	 $y_{2,77,78}$ = 29.621366525546293 dB
	 $y_{2,77,98}$ = 18.022880925098207 dB
	 $y_{2,77,65}$ = 23.183730186534433 dB
	 $y_{2,77,76}$ = 26.194779582264886 dB
		SNR medio:  12.98050436796194
		Usuarios totais: 25
$x_{2,83}$
	 $y_{2,83,74}$ = 27.72853545959957 dB
	 $y_{2,83,84}$ = 30.23065640638812 dB
	 $y_{2,83,93}$ = 35.30637638095256 dB
	 $y_{2,83,95}$ = 20.080975630052507 dB
	 $y_{2,83,70}$ = 16.085626030773156 dB
	 $y_{2,83,81}$ = 19.87935298956525 dB
	 $y_{2,83,62}$ = 17.418463471140868 dB
	 $y_{2,83,73}$ = 23.303340756552757 dB
		SNR medio:  21.114814125002752
		Usuarios totais: 9
Distances:
11 : 18 = 2800.0
11 : 44 = 1697.0562748477141
11 : 52 = 1649.2422502470642
11 : 61 = 2000.0
11 : 67 = 3124.099870362662
11 : 77 = 3394.1125496954282
11 : 83 = 2912.043955712207
18 : 44 = 2000.0
18 : 52 = 2884.4410203711914
18 : 61 = 3440.9301068170507
18 : 67 = 2039.607805437114
18 : 77 = 2433.105012119288
18 : 83 = 3440.9301068170507
44 : 52 = 894.4271909999159
44 : 61 = 1442.2205101855957
44 : 67 = 1442.2205101855957
44 : 77 = 1697.0562748477141
44 : 83 = 1649.2422502470642
52 : 61 = 565.685424949238
52 : 67 = 2039.607805437114
52 : 77 = 2154.0659228538016
52 : 83 = 1264.9110640673518
61 : 67 = 2400.0
61 : 77 = 2433.105012119288
61 : 83 = 1131.370849898476
67 : 77 = 400.0
67 : 83 = 1788.8543819998317
77 : 83 = 1649.2422502470642
t=3
Antennas: [ 5 11 18 39 44 52 61 67 77 83]
Users: [ 0  2  3  5  7  8 10 11 12 13 15 16 20 22 23 24 25 26 30 31 32 34 36 37
 38 39 40 44 45 50 52 53 54 56 57 58 59 60 61 62 63 65 66 68 70 71 73 74
 75 76 77 80 82 86 87 88 89 90 93 94 95 96 98]
MinSINR:  31.622776601683793
$x_{3,5}$
	 $y_{3,5,5}$ = 82.14316920151069 dB
	 $y_{3,5,7}$ = 23.352799369385423 dB
	 $y_{3,5,16}$ = 29.244172518617717 dB
	 $y_{3,5,24}$ = 17.221374603496656 dB
		SNR medio:  18.99518946162631
		Usuarios totais: 8
$x_{3,11}$
	 $y_{3,11,0}$ = 21.873213783859427 dB
	 $y_{3,11,2}$ = 26.018951208060955 dB
	 $y_{3,11,10}$ = 29.91460281305953 dB
	 $y_{3,11,11}$ = 91.04691028355009 dB
	 $y_{3,11,12}$ = 25.962128738367355 dB
	 $y_{3,11,20}$ = 29.92457602258571 dB
	 $y_{3,11,30}$ = 22.746557389646256 dB
	 $y_{3,11,3}$ = 15.663169402173125 dB
	 $y_{3,11,13}$ = 20.319786244563588 dB
	 $y_{3,11,15}$ = 15.206780299630097 dB
	 $y_{3,11,22}$ = 25.209732167427205 dB
	 $y_{3,11,31}$ = 23.42659855934535 dB
		SNR medio:  17.365650345613435
		Usuarios totais: 20
$x_{3,18}$
	 $y_{3,18,8}$ = 18.09454609639397 dB
	 $y_{3,18,25}$ = 20.285624076015196 dB
	 $y_{3,18,26}$ = 15.967265048279401 dB
	 $y_{3,18,37}$ = 17.52110014030967 dB
	 $y_{3,18,38}$ = 18.39772201729619 dB
		SNR medio:  11.283282172286803
		Usuarios totais: 8
$x_{3,39}$
	 $y_{3,39,39}$ = 87.97248411873542 dB
		SNR medio:  87.97248411873542
		Usuarios totais: 1
$x_{3,44}$
	 $y_{3,44,36}$ = 18.907111200602642 dB
	 $y_{3,44,32}$ = 16.55394684637234 dB
	 $y_{3,44,54}$ = 20.689582392281707 dB
	 $y_{3,44,75}$ = 20.140207002626568 dB
	 $y_{3,44,34}$ = 24.90190405425453 dB
	 $y_{3,44,44}$ = 90.85029513353908 dB
	 $y_{3,44,45}$ = 28.17361848941769 dB
	 $y_{3,44,53}$ = 18.603822866998712 dB
	 $y_{3,44,66}$ = 18.852854289901714 dB
	 $y_{3,44,23}$ = 18.104934652536613 dB
	 $y_{3,44,73}$ = 17.298997569235397 dB
		SNR medio:  7.712559855204393
		Usuarios totais: 38
$x_{3,52}$
	 $y_{3,52,40}$ = 17.112969886195444 dB
	 $y_{3,52,52}$ = 86.0534992570434 dB
		SNR medio:  51.58323457161942
		Usuarios totais: 2
$x_{3,61}$
	 $y_{3,61,60}$ = 25.52605238174135 dB
	 $y_{3,61,80}$ = 18.569509011017686 dB
	 $y_{3,61,90}$ = 15.370371290977843 dB
	 $y_{3,61,50}$ = 24.823667600771145 dB
	 $y_{3,61,61}$ = 86.8153266324774 dB
	 $y_{3,61,70}$ = 27.975378313084036 dB
	 $y_{3,61,71}$ = 26.793448080277443 dB
	 $y_{3,61,82}$ = 19.820200354369533 dB
	 $y_{3,61,62}$ = 28.527297418173873 dB
	 $y_{3,61,63}$ = 17.684227594741387 dB
		SNR medio:  16.216971037646207
		Usuarios totais: 18
$x_{3,67}$
	 $y_{3,67,56}$ = 15.274978991070668 dB
	 $y_{3,67,57}$ = 25.361531739215735 dB
		SNR medio:  20.3182553651432
		Usuarios totais: 2
$x_{3,77}$
	 $y_{3,77,86}$ = 30.188014918943082 dB
	 $y_{3,77,88}$ = 19.153012383999112 dB
	 $y_{3,77,89}$ = 20.81279411109942 dB
	 $y_{3,77,96}$ = 20.03493212262812 dB
	 $y_{3,77,58}$ = 15.610750755549844 dB
	 $y_{3,77,68}$ = 22.98915077165435 dB
	 $y_{3,77,77}$ = 85.43353680947732 dB
	 $y_{3,77,87}$ = 25.889461051279554 dB
	 $y_{3,77,98}$ = 18.022880925098207 dB
	 $y_{3,77,59}$ = 15.572842829392613 dB
	 $y_{3,77,65}$ = 23.183730186534433 dB
	 $y_{3,77,76}$ = 26.194779582264886 dB
		SNR medio:  12.426380247996956
		Usuarios totais: 26
$x_{3,83}$
	 $y_{3,83,74}$ = 27.72853545959957 dB
	 $y_{3,83,93}$ = 35.30637638095256 dB
	 $y_{3,83,94}$ = 22.66023487684207 dB
	 $y_{3,83,95}$ = 20.080975630052507 dB
		SNR medio:  8.814676862287225
		Usuarios totais: 12
Distances:
5 : 11 = 1649.2422502470642
5 : 18 = 1264.9110640673518
5 : 39 = 2000.0
5 : 44 = 1649.2422502470642
5 : 52 = 2332.38075793812
5 : 61 = 2884.4410203711914
5 : 67 = 2529.8221281347037
5 : 77 = 2912.043955712207
5 : 83 = 3298.4845004941285
11 : 18 = 2800.0
11 : 39 = 3298.4845004941285
11 : 44 = 1697.0562748477141
11 : 52 = 1649.2422502470642
11 : 61 = 2000.0
11 : 67 = 3124.099870362662
11 : 77 = 3394.1125496954282
11 : 83 = 2912.043955712207
18 : 39 = 894.4271909999159
18 : 44 = 2000.0
18 : 52 = 2884.4410203711914
18 : 61 = 3440.9301068170507
18 : 67 = 2039.607805437114
18 : 77 = 2433.105012119288
18 : 83 = 3440.9301068170507
39 : 44 = 2039.607805437114
39 : 52 = 2912.043955712207
39 : 61 = 3417.6014981270123
39 : 67 = 1442.2205101855957
39 : 77 = 1788.8543819998317
39 : 83 = 3124.099870362662
44 : 52 = 894.4271909999159
44 : 61 = 1442.2205101855957
44 : 67 = 1442.2205101855957
44 : 77 = 1697.0562748477141
44 : 83 = 1649.2422502470642
52 : 61 = 565.685424949238
52 : 67 = 2039.607805437114
52 : 77 = 2154.0659228538016
52 : 83 = 1264.9110640673518
61 : 67 = 2400.0
61 : 77 = 2433.105012119288
61 : 83 = 1131.370849898476
67 : 77 = 400.0
67 : 83 = 1788.8543819998317
77 : 83 = 1649.2422502470642
t=4
Antennas: [ 5 11 18 39 44 52 61 67 77 79 83]
Users: [ 2  3  4  6  7  8  9 11 12 13 14 16 17 18 20 21 22 23 26 27 28 29 30 31
 33 34 35 36 37 38 39 40 41 42 43 44 46 48 49 51 54 55 56 57 58 59 61 62
 63 64 65 66 67 68 69 70 71 72 74 75 76 77 78 79 81 82 83 85 86 87 90 91
 93 96 98 99]
MinSINR:  31.622776601683793
$x_{4,5}$
	 $y_{4,5,4}$ = 28.38646563596356 dB
	 $y_{4,5,6}$ = 32.56720758238987 dB
		SNR medio:  12.190734643670686
		Usuarios totais: 5
$x_{4,11}$
	 $y_{4,11,2}$ = 26.018951208060955 dB
	 $y_{4,11,11}$ = 91.04691028355009 dB
	 $y_{4,11,12}$ = 25.962128738367355 dB
	 $y_{4,11,20}$ = 29.92457602258571 dB
	 $y_{4,11,30}$ = 22.746557389646256 dB
	 $y_{4,11,3}$ = 15.663169402173125 dB
	 $y_{4,11,13}$ = 20.319786244563588 dB
	 $y_{4,11,14}$ = 15.499552805570062 dB
	 $y_{4,11,21}$ = 27.584788842833987 dB
	 $y_{4,11,22}$ = 25.209732167427205 dB
	 $y_{4,11,31}$ = 23.42659855934535 dB
	 $y_{4,11,34}$ = 17.71928979074825 dB
		SNR medio:  22.741469430324795
		Usuarios totais: 15
$x_{4,18}$
	 $y_{4,18,8}$ = 18.09454609639397 dB
	 $y_{4,18,9}$ = 30.21437276565652 dB
	 $y_{4,18,17}$ = 21.785164952301187 dB
	 $y_{4,18,18}$ = 85.42895051345224 dB
	 $y_{4,18,7}$ = 18.06657135119397 dB
	 $y_{4,18,16}$ = 25.886160134959155 dB
	 $y_{4,18,26}$ = 15.967265048279401 dB
	 $y_{4,18,27}$ = 20.457700971920247 dB
	 $y_{4,18,28}$ = 30.072596916192936 dB
	 $y_{4,18,29}$ = 20.65622994965608 dB
	 $y_{4,18,37}$ = 17.52110014030967 dB
	 $y_{4,18,38}$ = 18.39772201729619 dB
	 $y_{4,18,49}$ = 16.528342708201592 dB
		SNR medio:  14.742466241991874
		Usuarios totais: 23
$x_{4,39}$
	 $y_{4,39,39}$ = 87.97248411873542 dB
	 $y_{4,39,48}$ = 25.544151570126502 dB
	 $y_{4,39,57}$ = 19.07270429323121 dB
		SNR medio:  44.19644666069771
		Usuarios totais: 3
$x_{4,44}$
	 $y_{4,44,35}$ = 19.18081997808669 dB
	 $y_{4,44,36}$ = 18.907111200602642 dB
	 $y_{4,44,46}$ = 16.361281191153125 dB
	 $y_{4,44,44}$ = 90.85029513353908 dB
	 $y_{4,44,75}$ = 20.140207002626568 dB
	 $y_{4,44,23}$ = 18.104934652536613 dB
	 $y_{4,44,64}$ = 27.51367960792203 dB
		SNR medio:  7.53779745594524
		Usuarios totais: 28
$x_{4,52}$
	 $y_{4,52,40}$ = 17.112969886195444 dB
	 $y_{4,52,33}$ = 20.363131218326004 dB
	 $y_{4,52,41}$ = 34.70333187290855 dB
	 $y_{4,52,42}$ = 27.560237392938717 dB
	 $y_{4,52,43}$ = 17.946143707509464 dB
	 $y_{4,52,51}$ = 36.54173315553413 dB
	 $y_{4,52,54}$ = 17.291629203548865 dB
	 $y_{4,52,71}$ = 20.3696939437462 dB
		SNR medio:  12.792591358713825
		Usuarios totais: 15
$x_{4,61}$
	 $y_{4,61,90}$ = 15.370371290977843 dB
	 $y_{4,61,61}$ = 86.8153266324774 dB
		SNR medio:  20.437139584691046
		Usuarios totais: 5
$x_{4,67}$
	 $y_{4,67,56}$ = 15.274978991070668 dB
	 $y_{4,67,67}$ = 87.62913119771079 dB
		SNR medio:  51.45205509439073
		Usuarios totais: 2
$x_{4,77}$
	 $y_{4,77,86}$ = 30.188014918943082 dB
	 $y_{4,77,96}$ = 20.03493212262812 dB
	 $y_{4,77,58}$ = 15.610750755549844 dB
	 $y_{4,77,85}$ = 16.887818642343262 dB
	 $y_{4,77,65}$ = 23.183730186534433 dB
	 $y_{4,77,66}$ = 21.338746870024195 dB
	 $y_{4,77,68}$ = 22.98915077165435 dB
	 $y_{4,77,69}$ = 15.570761774066497 dB
	 $y_{4,77,77}$ = 85.43353680947732 dB
	 $y_{4,77,78}$ = 29.621366525546293 dB
	 $y_{4,77,87}$ = 25.889461051279554 dB
	 $y_{4,77,98}$ = 18.022880925098207 dB
	 $y_{4,77,59}$ = 15.572842829392613 dB
	 $y_{4,77,76}$ = 26.194779582264886 dB
		SNR medio:  10.181632604577853
		Usuarios totais: 36
$x_{4,79}$
	 $y_{4,79,99}$ = 27.85381864223696 dB
	 $y_{4,79,79}$ = 90.50914847937597 dB
		SNR medio:  39.45432237387097
		Usuarios totais: 3
$x_{4,83}$
	 $y_{4,83,74}$ = 27.72853545959957 dB
	 $y_{4,83,83}$ = 90.31357967449225 dB
	 $y_{4,83,91}$ = 17.474788542542242 dB
	 $y_{4,83,93}$ = 35.30637638095256 dB
	 $y_{4,83,70}$ = 16.085626030773156 dB
	 $y_{4,83,81}$ = 19.87935298956525 dB
	 $y_{4,83,82}$ = 18.517324933199916 dB
	 $y_{4,83,55}$ = 20.517564474414712 dB
	 $y_{4,83,62}$ = 17.418463471140868 dB
	 $y_{4,83,63}$ = 18.650493948795884 dB
	 $y_{4,83,72}$ = 29.966359787660437 dB
		SNR medio:  12.994102737214034
		Usuarios totais: 24
Distances:
5 : 11 = 1649.2422502470642
5 : 18 = 1264.9110640673518
5 : 39 = 2000.0
5 : 44 = 1649.2422502470642
5 : 52 = 2332.38075793812
5 : 61 = 2884.4410203711914
5 : 67 = 2529.8221281347037
5 : 77 = 2912.043955712207
5 : 79 = 3224.9030993194197
5 : 83 = 3298.4845004941285
11 : 18 = 2800.0
11 : 39 = 3298.4845004941285
11 : 44 = 1697.0562748477141
11 : 52 = 1649.2422502470642
11 : 61 = 2000.0
11 : 67 = 3124.099870362662
11 : 77 = 3394.1125496954282
11 : 79 = 4000.0
11 : 83 = 2912.043955712207
18 : 39 = 894.4271909999159
18 : 44 = 2000.0
18 : 52 = 2884.4410203711914
18 : 61 = 3440.9301068170507
18 : 67 = 2039.607805437114
18 : 77 = 2433.105012119288
18 : 79 = 2433.105012119288
18 : 83 = 3440.9301068170507
39 : 44 = 2039.607805437114
39 : 52 = 2912.043955712207
39 : 61 = 3417.6014981270123
39 : 67 = 1442.2205101855957
39 : 77 = 1788.8543819998317
39 : 79 = 1600.0
39 : 83 = 3124.099870362662
44 : 52 = 894.4271909999159
44 : 61 = 1442.2205101855957
44 : 67 = 1442.2205101855957
44 : 77 = 1697.0562748477141
44 : 79 = 2332.38075793812
44 : 83 = 1649.2422502470642
52 : 61 = 565.685424949238
52 : 67 = 2039.607805437114
52 : 77 = 2154.0659228538016
52 : 79 = 2912.043955712207
52 : 83 = 1264.9110640673518
61 : 67 = 2400.0
61 : 77 = 2433.105012119288
61 : 79 = 3224.9030993194197
61 : 83 = 1131.370849898476
67 : 77 = 400.0
67 : 79 = 894.4271909999159
67 : 83 = 1788.8543819998317
77 : 79 = 800.0
77 : 83 = 1649.2422502470642
79 : 83 = 2433.105012119288
t=5
Antennas: [ 5 11 18 39 44 52 61 67 77 79 83]
Users: [ 0  1  3  4  5  6  8  9 10 12 13 14 15 16 17 19 20 21 22 24 25 26 27 28
 29 30 31 33 35 36 37 38 40 42 43 44 45 46 47 48 49 51 52 53 54 55 56 57
 58 59 60 61 63 64 65 66 67 68 69 70 71 74 75 76 77 79 80 82 83 84 85 86
 87 90 91 92 93 94 97 98 99]
MinSINR:  31.622776601683793
$x_{5,5}$
	 $y_{5,5,4}$ = 28.38646563596356 dB
	 $y_{5,5,5}$ = 82.14316920151069 dB
	 $y_{5,5,6}$ = 32.56720758238987 dB
	 $y_{5,5,16}$ = 29.244172518617717 dB
	 $y_{5,5,24}$ = 17.221374603496656 dB
	 $y_{5,5,27}$ = 16.73286588143118 dB
		SNR medio:  18.75411412940088
		Usuarios totais: 11
$x_{5,11}$
	 $y_{5,11,0}$ = 21.873213783859427 dB
	 $y_{5,11,1}$ = 35.73592870984993 dB
	 $y_{5,11,10}$ = 29.91460281305953 dB
	 $y_{5,11,12}$ = 25.962128738367355 dB
	 $y_{5,11,20}$ = 29.92457602258571 dB
	 $y_{5,11,30}$ = 22.746557389646256 dB
	 $y_{5,11,3}$ = 15.663169402173125 dB
	 $y_{5,11,13}$ = 20.319786244563588 dB
	 $y_{5,11,14}$ = 15.499552805570062 dB
	 $y_{5,11,15}$ = 15.206780299630097 dB
	 $y_{5,11,21}$ = 27.584788842833987 dB
	 $y_{5,11,22}$ = 25.209732167427205 dB
	 $y_{5,11,31}$ = 23.42659855934535 dB
		SNR medio:  11.887208299188908
		Usuarios totais: 26
$x_{5,18}$
	 $y_{5,18,8}$ = 18.09454609639397 dB
	 $y_{5,18,9}$ = 30.21437276565652 dB
	 $y_{5,18,17}$ = 21.785164952301187 dB
	 $y_{5,18,25}$ = 20.285624076015196 dB
	 $y_{5,18,19}$ = 25.708848731090242 dB
	 $y_{5,18,26}$ = 15.967265048279401 dB
	 $y_{5,18,28}$ = 30.072596916192936 dB
	 $y_{5,18,29}$ = 20.65622994965608 dB
	 $y_{5,18,37}$ = 17.52110014030967 dB
	 $y_{5,18,38}$ = 18.39772201729619 dB
	 $y_{5,18,49}$ = 16.528342708201592 dB
		SNR medio:  14.701988337587062
		Usuarios totais: 16
$x_{5,39}$
		Usuarios totais: 0
$x_{5,44}$
	 $y_{5,44,35}$ = 19.18081997808669 dB
	 $y_{5,44,36}$ = 18.907111200602642 dB
	 $y_{5,44,33}$ = 22.750057786745188 dB
	 $y_{5,44,43}$ = 39.577587578467195 dB
	 $y_{5,44,46}$ = 16.361281191153125 dB
	 $y_{5,44,54}$ = 20.689582392281707 dB
	 $y_{5,44,44}$ = 90.85029513353908 dB
	 $y_{5,44,45}$ = 28.17361848941769 dB
	 $y_{5,44,47}$ = 15.99156926089006 dB
	 $y_{5,44,55}$ = 27.267886354653953 dB
	 $y_{5,44,65}$ = 23.009868936797858 dB
	 $y_{5,44,66}$ = 18.852854289901714 dB
	 $y_{5,44,64}$ = 27.51367960792203 dB
		SNR medio:  9.976384113525919
		Usuarios totais: 37
$x_{5,52}$
	 $y_{5,52,40}$ = 17.112969886195444 dB
	 $y_{5,52,52}$ = 86.0534992570434 dB
		SNR medio:  20.63329382864777
		Usuarios totais: 5
$x_{5,61}$
	 $y_{5,61,60}$ = 25.52605238174135 dB
	 $y_{5,61,80}$ = 18.569509011017686 dB
	 $y_{5,61,90}$ = 15.370371290977843 dB
	 $y_{5,61,42}$ = 25.976433290765627 dB
	 $y_{5,61,51}$ = 29.607072761040996 dB
	 $y_{5,61,61}$ = 86.8153266324774 dB
	 $y_{5,61,70}$ = 27.975378313084036 dB
	 $y_{5,61,71}$ = 26.793448080277443 dB
	 $y_{5,61,82}$ = 19.820200354369533 dB
	 $y_{5,61,53}$ = 19.93590266492295 dB
	 $y_{5,61,63}$ = 17.684227594741387 dB
		SNR medio:  11.632367495385788
		Usuarios totais: 27
$x_{5,67}$
	 $y_{5,67,56}$ = 15.274978991070668 dB
	 $y_{5,67,48}$ = 20.636166766080862 dB
	 $y_{5,67,57}$ = 25.361531739215735 dB
	 $y_{5,67,58}$ = 21.3476797099204 dB
	 $y_{5,67,67}$ = 87.62913119771079 dB
	 $y_{5,67,68}$ = 39.109050982688714 dB
	 $y_{5,67,69}$ = 16.04867395806994 dB
	 $y_{5,67,76}$ = 32.058362158797294 dB
		SNR medio:  13.550819763344967
		Usuarios totais: 19
$x_{5,77}$
	 $y_{5,77,86}$ = 30.188014918943082 dB
	 $y_{5,77,77}$ = 85.43353680947732 dB
		SNR medio:  38.5405172428068
		Usuarios totais: 3
$x_{5,79}$
	 $y_{5,79,99}$ = 27.85381864223696 dB
	 $y_{5,79,79}$ = 90.50914847937597 dB
	 $y_{5,79,85}$ = 15.850607243698391 dB
	 $y_{5,79,75}$ = 18.85403216379946 dB
	 $y_{5,79,87}$ = 15.548398333601398 dB
	 $y_{5,79,97}$ = 16.0654952072326 dB
	 $y_{5,79,98}$ = 19.7191948939884 dB
	 $y_{5,79,59}$ = 19.77579255815401 dB
		SNR medio:  5.60441218805218
		Usuarios totais: 40
$x_{5,83}$
	 $y_{5,83,74}$ = 27.72853545959957 dB
	 $y_{5,83,83}$ = 90.31357967449225 dB
	 $y_{5,83,84}$ = 30.23065640638812 dB
	 $y_{5,83,91}$ = 17.474788542542242 dB
	 $y_{5,83,92}$ = 19.77424573208077 dB
	 $y_{5,83,93}$ = 35.30637638095256 dB
	 $y_{5,83,94}$ = 22.66023487684207 dB
		SNR medio:  27.054268563655285
		Usuarios totais: 9
Distances:
5 : 11 = 1649.2422502470642
5 : 18 = 1264.9110640673518
5 : 39 = 2000.0
5 : 44 = 1649.2422502470642
5 : 52 = 2332.38075793812
5 : 61 = 2884.4410203711914
5 : 67 = 2529.8221281347037
5 : 77 = 2912.043955712207
5 : 79 = 3224.9030993194197
5 : 83 = 3298.4845004941285
11 : 18 = 2800.0
11 : 39 = 3298.4845004941285
11 : 44 = 1697.0562748477141
11 : 52 = 1649.2422502470642
11 : 61 = 2000.0
11 : 67 = 3124.099870362662
11 : 77 = 3394.1125496954282
11 : 79 = 4000.0
11 : 83 = 2912.043955712207
18 : 39 = 894.4271909999159
18 : 44 = 2000.0
18 : 52 = 2884.4410203711914
18 : 61 = 3440.9301068170507
18 : 67 = 2039.607805437114
18 : 77 = 2433.105012119288
18 : 79 = 2433.105012119288
18 : 83 = 3440.9301068170507
39 : 44 = 2039.607805437114
39 : 52 = 2912.043955712207
39 : 61 = 3417.6014981270123
39 : 67 = 1442.2205101855957
39 : 77 = 1788.8543819998317
39 : 79 = 1600.0
39 : 83 = 3124.099870362662
44 : 52 = 894.4271909999159
44 : 61 = 1442.2205101855957
44 : 67 = 1442.2205101855957
44 : 77 = 1697.0562748477141
44 : 79 = 2332.38075793812
44 : 83 = 1649.2422502470642
52 : 61 = 565.685424949238
52 : 67 = 2039.607805437114
52 : 77 = 2154.0659228538016
52 : 79 = 2912.043955712207
52 : 83 = 1264.9110640673518
61 : 67 = 2400.0
61 : 77 = 2433.105012119288
61 : 79 = 3224.9030993194197
61 : 83 = 1131.370849898476
67 : 77 = 400.0
67 : 79 = 894.4271909999159
67 : 83 = 1788.8543819998317
77 : 79 = 800.0
77 : 83 = 1649.2422502470642
79 : 83 = 2433.105012119288
t=6
Antennas: [ 5 11 18 39 44 52 61 67 77 79 83]
Users: [ 1  2  4  5  6  7 10 11 12 14 15 16 17 19 20 22 23 25 26 27 28 29 30 31
 32 33 34 35 36 37 38 39 40 41 42 43 44 45 46 47 48 49 50 52 53 55 56 57
 58 60 62 64 65 66 67 69 70 71 72 73 75 76 78 79 80 81 82 84 86 88 90 91
 92 95 97 98 99]
MinSINR:  31.622776601683793
$x_{6,5}$
	 $y_{6,5,4}$ = 28.38646563596356 dB
	 $y_{6,5,5}$ = 82.14316920151069 dB
	 $y_{6,5,6}$ = 32.56720758238987 dB
		SNR medio:  47.69894747328804
		Usuarios totais: 3
$x_{6,11}$
	 $y_{6,11,1}$ = 35.73592870984993 dB
	 $y_{6,11,2}$ = 26.018951208060955 dB
	 $y_{6,11,10}$ = 29.91460281305953 dB
	 $y_{6,11,11}$ = 91.04691028355009 dB
	 $y_{6,11,12}$ = 25.962128738367355 dB
	 $y_{6,11,20}$ = 29.92457602258571 dB
	 $y_{6,11,30}$ = 22.746557389646256 dB
	 $y_{6,11,14}$ = 15.499552805570062 dB
	 $y_{6,11,15}$ = 15.206780299630097 dB
	 $y_{6,11,22}$ = 25.209732167427205 dB
	 $y_{6,11,31}$ = 23.42659855934535 dB
	 $y_{6,11,34}$ = 17.71928979074825 dB
		SNR medio:  12.359020992684165
		Usuarios totais: 29
$x_{6,18}$
	 $y_{6,18,17}$ = 21.785164952301187 dB
	 $y_{6,18,25}$ = 20.285624076015196 dB
	 $y_{6,18,7}$ = 18.06657135119397 dB
	 $y_{6,18,16}$ = 25.886160134959155 dB
	 $y_{6,18,19}$ = 25.708848731090242 dB
	 $y_{6,18,26}$ = 15.967265048279401 dB
	 $y_{6,18,27}$ = 20.457700971920247 dB
	 $y_{6,18,28}$ = 30.072596916192936 dB
	 $y_{6,18,29}$ = 20.65622994965608 dB
	 $y_{6,18,37}$ = 17.52110014030967 dB
	 $y_{6,18,38}$ = 18.39772201729619 dB
	 $y_{6,18,49}$ = 16.528342708201592 dB
		SNR medio:  9.666666422977533
		Usuarios totais: 26
$x_{6,39}$
	 $y_{6,39,39}$ = 87.97248411873542 dB
	 $y_{6,39,48}$ = 25.544151570126502 dB
	 $y_{6,39,57}$ = 19.07270429323121 dB
		SNR medio:  26.517867996418623
		Usuarios totais: 5
$x_{6,44}$
	 $y_{6,44,35}$ = 19.18081997808669 dB
	 $y_{6,44,36}$ = 18.907111200602642 dB
	 $y_{6,44,32}$ = 16.55394684637234 dB
	 $y_{6,44,33}$ = 22.750057786745188 dB
	 $y_{6,44,43}$ = 39.577587578467195 dB
	 $y_{6,44,46}$ = 16.361281191153125 dB
	 $y_{6,44,44}$ = 90.85029513353908 dB
	 $y_{6,44,45}$ = 28.17361848941769 dB
	 $y_{6,44,47}$ = 15.99156926089006 dB
	 $y_{6,44,53}$ = 18.603822866998712 dB
	 $y_{6,44,55}$ = 27.267886354653953 dB
	 $y_{6,44,65}$ = 23.009868936797858 dB
	 $y_{6,44,66}$ = 18.852854289901714 dB
	 $y_{6,44,75}$ = 20.140207002626568 dB
	 $y_{6,44,23}$ = 18.104934652536613 dB
	 $y_{6,44,73}$ = 17.298997569235397 dB
		SNR medio:  10.290621478450621
		Usuarios totais: 40
$x_{6,52}$
	 $y_{6,52,40}$ = 17.112969886195444 dB
	 $y_{6,52,52}$ = 86.0534992570434 dB
		SNR medio:  17.19441152387314
		Usuarios totais: 6
$x_{6,61}$
	 $y_{6,61,60}$ = 25.52605238174135 dB
	 $y_{6,61,80}$ = 18.569509011017686 dB
	 $y_{6,61,90}$ = 15.370371290977843 dB
	 $y_{6,61,41}$ = 16.383747280383673 dB
	 $y_{6,61,42}$ = 25.976433290765627 dB
	 $y_{6,61,50}$ = 24.823667600771145 dB
	 $y_{6,61,70}$ = 27.975378313084036 dB
	 $y_{6,61,71}$ = 26.793448080277443 dB
	 $y_{6,61,81}$ = 18.499827861253934 dB
	 $y_{6,61,82}$ = 19.820200354369533 dB
	 $y_{6,61,62}$ = 28.527297418173873 dB
	 $y_{6,61,72}$ = 25.13719947752648 dB
	 $y_{6,61,64}$ = 15.211246272073979 dB
		SNR medio:  9.310141246206987
		Usuarios totais: 31
$x_{6,67}$
	 $y_{6,67,56}$ = 15.274978991070668 dB
	 $y_{6,67,58}$ = 21.3476797099204 dB
	 $y_{6,67,67}$ = 87.62913119771079 dB
		SNR medio:  20.708631649783644
		Usuarios totais: 6
$x_{6,77}$
	 $y_{6,77,86}$ = 30.188014918943082 dB
		SNR medio:  30.188014918943082
		Usuarios totais: 1
$x_{6,79}$
	 $y_{6,79,99}$ = 27.85381864223696 dB
	 $y_{6,79,79}$ = 90.50914847937597 dB
	 $y_{6,79,88}$ = 24.034111271013103 dB
	 $y_{6,79,69}$ = 21.934801975134107 dB
	 $y_{6,79,78}$ = 33.33169080693274 dB
	 $y_{6,79,97}$ = 16.0654952072326 dB
	 $y_{6,79,98}$ = 19.7191948939884 dB
	 $y_{6,79,76}$ = 18.961573155480025 dB
		SNR medio:  15.775614651962119
		Usuarios totais: 16
$x_{6,83}$
	 $y_{6,83,84}$ = 30.23065640638812 dB
	 $y_{6,83,91}$ = 17.474788542542242 dB
	 $y_{6,83,92}$ = 19.77424573208077 dB
	 $y_{6,83,95}$ = 20.080975630052507 dB
		SNR medio:  12.508666615866234
		Usuarios totais: 7
Distances:
5 : 11 = 1649.2422502470642
5 : 18 = 1264.9110640673518
5 : 39 = 2000.0
5 : 44 = 1649.2422502470642
5 : 52 = 2332.38075793812
5 : 61 = 2884.4410203711914
5 : 67 = 2529.8221281347037
5 : 77 = 2912.043955712207
5 : 79 = 3224.9030993194197
5 : 83 = 3298.4845004941285
11 : 18 = 2800.0
11 : 39 = 3298.4845004941285
11 : 44 = 1697.0562748477141
11 : 52 = 1649.2422502470642
11 : 61 = 2000.0
11 : 67 = 3124.099870362662
11 : 77 = 3394.1125496954282
11 : 79 = 4000.0
11 : 83 = 2912.043955712207
18 : 39 = 894.4271909999159
18 : 44 = 2000.0
18 : 52 = 2884.4410203711914
18 : 61 = 3440.9301068170507
18 : 67 = 2039.607805437114
18 : 77 = 2433.105012119288
18 : 79 = 2433.105012119288
18 : 83 = 3440.9301068170507
39 : 44 = 2039.607805437114
39 : 52 = 2912.043955712207
39 : 61 = 3417.6014981270123
39 : 67 = 1442.2205101855957
39 : 77 = 1788.8543819998317
39 : 79 = 1600.0
39 : 83 = 3124.099870362662
44 : 52 = 894.4271909999159
44 : 61 = 1442.2205101855957
44 : 67 = 1442.2205101855957
44 : 77 = 1697.0562748477141
44 : 79 = 2332.38075793812
44 : 83 = 1649.2422502470642
52 : 61 = 565.685424949238
52 : 67 = 2039.607805437114
52 : 77 = 2154.0659228538016
52 : 79 = 2912.043955712207
52 : 83 = 1264.9110640673518
61 : 67 = 2400.0
61 : 77 = 2433.105012119288
61 : 79 = 3224.9030993194197
61 : 83 = 1131.370849898476
67 : 77 = 400.0
67 : 79 = 894.4271909999159
67 : 83 = 1788.8543819998317
77 : 79 = 800.0
77 : 83 = 1649.2422502470642
79 : 83 = 2433.105012119288
t=7
Antennas: [ 5 11 18 39 44 52 61 67 77 79 83]
Users: [ 1  2  3  4  5  6  7  8 10 11 13 14 15 16 17 18 19 21 22 27 29 30 31 34
 35 37 39 40 41 42 43 44 46 47 48 49 52 53 54 55 56 57 58 59 60 63 64 66
 68 69 70 71 72 73 75 76 77 78 79 80 81 83 84 86 87 89 91 95 96 97 99]
MinSINR:  31.622776601683793
$x_{7,5}$
	 $y_{7,5,4}$ = 28.38646563596356 dB
	 $y_{7,5,5}$ = 82.14316920151069 dB
	 $y_{7,5,6}$ = 32.56720758238987 dB
		SNR medio:  35.77421060496603
		Usuarios totais: 4
$x_{7,11}$
	 $y_{7,11,1}$ = 35.73592870984993 dB
	 $y_{7,11,2}$ = 26.018951208060955 dB
	 $y_{7,11,10}$ = 29.91460281305953 dB
	 $y_{7,11,11}$ = 91.04691028355009 dB
	 $y_{7,11,30}$ = 22.746557389646256 dB
	 $y_{7,11,3}$ = 15.663169402173125 dB
	 $y_{7,11,13}$ = 20.319786244563588 dB
	 $y_{7,11,14}$ = 15.499552805570062 dB
	 $y_{7,11,15}$ = 15.206780299630097 dB
	 $y_{7,11,21}$ = 27.584788842833987 dB
	 $y_{7,11,22}$ = 25.209732167427205 dB
	 $y_{7,11,31}$ = 23.42659855934535 dB
	 $y_{7,11,34}$ = 17.71928979074825 dB
		SNR medio:  14.080486481402248
		Usuarios totais: 26
$x_{7,18}$
	 $y_{7,18,8}$ = 18.09454609639397 dB
	 $y_{7,18,17}$ = 21.785164952301187 dB
	 $y_{7,18,18}$ = 85.42895051345224 dB
	 $y_{7,18,7}$ = 18.06657135119397 dB
	 $y_{7,18,16}$ = 25.886160134959155 dB
	 $y_{7,18,19}$ = 25.708848731090242 dB
	 $y_{7,18,27}$ = 20.457700971920247 dB
	 $y_{7,18,29}$ = 20.65622994965608 dB
	 $y_{7,18,37}$ = 17.52110014030967 dB
	 $y_{7,18,49}$ = 16.528342708201592 dB
		SNR medio:  12.863505502356112
		Usuarios totais: 21
$x_{7,39}$
	 $y_{7,39,39}$ = 87.97248411873542 dB
	 $y_{7,39,48}$ = 25.544151570126502 dB
	 $y_{7,39,57}$ = 19.07270429323121 dB
		SNR medio:  26.517867996418623
		Usuarios totais: 5
$x_{7,44}$
	 $y_{7,44,35}$ = 19.18081997808669 dB
	 $y_{7,44,43}$ = 39.577587578467195 dB
	 $y_{7,44,46}$ = 16.361281191153125 dB
	 $y_{7,44,54}$ = 20.689582392281707 dB
	 $y_{7,44,44}$ = 90.85029513353908 dB
	 $y_{7,44,47}$ = 15.99156926089006 dB
	 $y_{7,44,55}$ = 27.267886354653953 dB
	 $y_{7,44,66}$ = 18.852854289901714 dB
	 $y_{7,44,75}$ = 20.140207002626568 dB
	 $y_{7,44,64}$ = 27.51367960792203 dB
	 $y_{7,44,73}$ = 17.298997569235397 dB
		SNR medio:  12.06633693687529
		Usuarios totais: 26
$x_{7,52}$
	 $y_{7,52,40}$ = 17.112969886195444 dB
	 $y_{7,52,52}$ = 86.0534992570434 dB
		SNR medio:  34.38882304774628
		Usuarios totais: 3
$x_{7,61}$
	 $y_{7,61,60}$ = 25.52605238174135 dB
	 $y_{7,61,80}$ = 18.569509011017686 dB
	 $y_{7,61,41}$ = 16.383747280383673 dB
	 $y_{7,61,42}$ = 25.976433290765627 dB
	 $y_{7,61,70}$ = 27.975378313084036 dB
	 $y_{7,61,71}$ = 26.793448080277443 dB
	 $y_{7,61,81}$ = 18.499827861253934 dB
	 $y_{7,61,53}$ = 19.93590266492295 dB
	 $y_{7,61,63}$ = 17.684227594741387 dB
	 $y_{7,61,72}$ = 25.13719947752648 dB
		SNR medio:  12.360095886428587
		Usuarios totais: 18
$x_{7,67}$
	 $y_{7,67,56}$ = 15.274978991070668 dB
		SNR medio:  15.274978991070668
		Usuarios totais: 1
$x_{7,77}$
	 $y_{7,77,86}$ = 30.188014918943082 dB
	 $y_{7,77,96}$ = 20.03493212262812 dB
	 $y_{7,77,58}$ = 15.610750755549844 dB
	 $y_{7,77,89}$ = 20.81279411109942 dB
	 $y_{7,77,68}$ = 22.98915077165435 dB
	 $y_{7,77,69}$ = 15.570761774066497 dB
	 $y_{7,77,77}$ = 85.43353680947732 dB
	 $y_{7,77,78}$ = 29.621366525546293 dB
	 $y_{7,77,87}$ = 25.889461051279554 dB
	 $y_{7,77,97}$ = 15.986898688884864 dB
	 $y_{7,77,59}$ = 15.572842829392613 dB
	 $y_{7,77,76}$ = 26.194779582264886 dB
		SNR medio:  14.722967724581224
		Usuarios totais: 22
$x_{7,79}$
	 $y_{7,79,99}$ = 27.85381864223696 dB
	 $y_{7,79,79}$ = 90.50914847937597 dB
		SNR medio:  39.45432237387097
		Usuarios totais: 3
$x_{7,83}$
	 $y_{7,83,83}$ = 90.31357967449225 dB
	 $y_{7,83,84}$ = 30.23065640638812 dB
	 $y_{7,83,91}$ = 17.474788542542242 dB
	 $y_{7,83,95}$ = 20.080975630052507 dB
		SNR medio:  39.52500006336878
		Usuarios totais: 4
Distances:
5 : 11 = 1649.2422502470642
5 : 18 = 1264.9110640673518
5 : 39 = 2000.0
5 : 44 = 1649.2422502470642
5 : 52 = 2332.38075793812
5 : 61 = 2884.4410203711914
5 : 67 = 2529.8221281347037
5 : 77 = 2912.043955712207
5 : 79 = 3224.9030993194197
5 : 83 = 3298.4845004941285
11 : 18 = 2800.0
11 : 39 = 3298.4845004941285
11 : 44 = 1697.0562748477141
11 : 52 = 1649.2422502470642
11 : 61 = 2000.0
11 : 67 = 3124.099870362662
11 : 77 = 3394.1125496954282
11 : 79 = 4000.0
11 : 83 = 2912.043955712207
18 : 39 = 894.4271909999159
18 : 44 = 2000.0
18 : 52 = 2884.4410203711914
18 : 61 = 3440.9301068170507
18 : 67 = 2039.607805437114
18 : 77 = 2433.105012119288
18 : 79 = 2433.105012119288
18 : 83 = 3440.9301068170507
39 : 44 = 2039.607805437114
39 : 52 = 2912.043955712207
39 : 61 = 3417.6014981270123
39 : 67 = 1442.2205101855957
39 : 77 = 1788.8543819998317
39 : 79 = 1600.0
39 : 83 = 3124.099870362662
44 : 52 = 894.4271909999159
44 : 61 = 1442.2205101855957
44 : 67 = 1442.2205101855957
44 : 77 = 1697.0562748477141
44 : 79 = 2332.38075793812
44 : 83 = 1649.2422502470642
52 : 61 = 565.685424949238
52 : 67 = 2039.607805437114
52 : 77 = 2154.0659228538016
52 : 79 = 2912.043955712207
52 : 83 = 1264.9110640673518
61 : 67 = 2400.0
61 : 77 = 2433.105012119288
61 : 79 = 3224.9030993194197
61 : 83 = 1131.370849898476
67 : 77 = 400.0
67 : 79 = 894.4271909999159
67 : 83 = 1788.8543819998317
77 : 79 = 800.0
77 : 83 = 1649.2422502470642
79 : 83 = 2433.105012119288
t=8
Antennas: [ 5 11 18 39 44 52 61 67 77 79 83]
Users: [ 0  2  4  5  6  7  8  9 10 11 12 13 15 16 18 21 22 23 24 26 27 29 30 35
 37 38 39 44 45 47 49 51 52 53 55 56 57 58 59 62 63 64 65 66 68 69 70 71
 72 76 77 82 83 84 85 86 87 89 90 91 92 93 95 96 98]
MinSINR:  31.622776601683793
$x_{8,5}$
	 $y_{8,5,4}$ = 28.38646563596356 dB
	 $y_{8,5,5}$ = 82.14316920151069 dB
	 $y_{8,5,6}$ = 32.56720758238987 dB
	 $y_{8,5,7}$ = 23.352799369385423 dB
	 $y_{8,5,16}$ = 29.244172518617717 dB
	 $y_{8,5,24}$ = 17.221374603496656 dB
	 $y_{8,5,27}$ = 16.73286588143118 dB
		SNR medio:  20.8770958902541
		Usuarios totais: 11
$x_{8,11}$
	 $y_{8,11,0}$ = 21.873213783859427 dB
	 $y_{8,11,2}$ = 26.018951208060955 dB
	 $y_{8,11,10}$ = 29.91460281305953 dB
	 $y_{8,11,11}$ = 91.04691028355009 dB
	 $y_{8,11,12}$ = 25.962128738367355 dB
	 $y_{8,11,30}$ = 22.746557389646256 dB
	 $y_{8,11,13}$ = 20.319786244563588 dB
	 $y_{8,11,15}$ = 15.206780299630097 dB
	 $y_{8,11,21}$ = 27.584788842833987 dB
	 $y_{8,11,22}$ = 25.209732167427205 dB
	 $y_{8,11,23}$ = 26.482021589700167 dB
		SNR medio:  22.157698224046573
		Usuarios totais: 15
$x_{8,18}$
	 $y_{8,18,8}$ = 18.09454609639397 dB
	 $y_{8,18,9}$ = 30.21437276565652 dB
	 $y_{8,18,18}$ = 85.42895051345224 dB
	 $y_{8,18,26}$ = 15.967265048279401 dB
	 $y_{8,18,29}$ = 20.65622994965608 dB
	 $y_{8,18,37}$ = 17.52110014030967 dB
	 $y_{8,18,38}$ = 18.39772201729619 dB
	 $y_{8,18,49}$ = 16.528342708201592 dB
		SNR medio:  24.75650324880507
		Usuarios totais: 9
$x_{8,39}$
	 $y_{8,39,39}$ = 87.97248411873542 dB
		SNR medio:  87.97248411873542
		Usuarios totais: 1
$x_{8,44}$
	 $y_{8,44,35}$ = 19.18081997808669 dB
	 $y_{8,44,44}$ = 90.85029513353908 dB
	 $y_{8,44,53}$ = 18.603822866998712 dB
		SNR medio:  21.439156329770743
		Usuarios totais: 6
$x_{8,52}$
	 $y_{8,52,52}$ = 86.0534992570434 dB
		SNR medio:  86.0534992570434
		Usuarios totais: 1
$x_{8,61}$
	 $y_{8,61,90}$ = 15.370371290977843 dB
	 $y_{8,61,51}$ = 29.607072761040996 dB
	 $y_{8,61,71}$ = 26.793448080277443 dB
		SNR medio:  23.923630710765426
		Usuarios totais: 3
$x_{8,67}$
	 $y_{8,67,56}$ = 15.274978991070668 dB
	 $y_{8,67,57}$ = 25.361531739215735 dB
	 $y_{8,67,58}$ = 21.3476797099204 dB
	 $y_{8,67,47}$ = 17.552250543442653 dB
		SNR medio:  11.362348711949922
		Usuarios totais: 7
$x_{8,77}$
	 $y_{8,77,86}$ = 30.188014918943082 dB
	 $y_{8,77,96}$ = 20.03493212262812 dB
	 $y_{8,77,85}$ = 16.887818642343262 dB
	 $y_{8,77,89}$ = 20.81279411109942 dB
	 $y_{8,77,45}$ = 19.565269552572914 dB
	 $y_{8,77,65}$ = 23.183730186534433 dB
	 $y_{8,77,66}$ = 21.338746870024195 dB
	 $y_{8,77,68}$ = 22.98915077165435 dB
	 $y_{8,77,69}$ = 15.570761774066497 dB
	 $y_{8,77,77}$ = 85.43353680947732 dB
	 $y_{8,77,87}$ = 25.889461051279554 dB
	 $y_{8,77,98}$ = 18.022880925098207 dB
	 $y_{8,77,59}$ = 15.572842829392613 dB
	 $y_{8,77,76}$ = 26.194779582264886 dB
		SNR medio:  18.084236007368947
		Usuarios totais: 20
$x_{8,79}$
		Usuarios totais: 0
$x_{8,83}$
	 $y_{8,83,83}$ = 90.31357967449225 dB
	 $y_{8,83,84}$ = 30.23065640638812 dB
	 $y_{8,83,91}$ = 17.474788542542242 dB
	 $y_{8,83,92}$ = 19.77424573208077 dB
	 $y_{8,83,93}$ = 35.30637638095256 dB
	 $y_{8,83,95}$ = 20.080975630052507 dB
	 $y_{8,83,70}$ = 16.085626030773156 dB
	 $y_{8,83,82}$ = 18.517324933199916 dB
	 $y_{8,83,55}$ = 20.517564474414712 dB
	 $y_{8,83,62}$ = 17.418463471140868 dB
	 $y_{8,83,63}$ = 18.650493948795884 dB
	 $y_{8,83,72}$ = 29.966359787660437 dB
	 $y_{8,83,64}$ = 20.03625831340507 dB
		SNR medio:  19.68737296254992
		Usuarios totais: 18
Distances:
5 : 11 = 1649.2422502470642
5 : 18 = 1264.9110640673518
5 : 39 = 2000.0
5 : 44 = 1649.2422502470642
5 : 52 = 2332.38075793812
5 : 61 = 2884.4410203711914
5 : 67 = 2529.8221281347037
5 : 77 = 2912.043955712207
5 : 79 = 3224.9030993194197
5 : 83 = 3298.4845004941285
11 : 18 = 2800.0
11 : 39 = 3298.4845004941285
11 : 44 = 1697.0562748477141
11 : 52 = 1649.2422502470642
11 : 61 = 2000.0
11 : 67 = 3124.099870362662
11 : 77 = 3394.1125496954282
11 : 79 = 4000.0
11 : 83 = 2912.043955712207
18 : 39 = 894.4271909999159
18 : 44 = 2000.0
18 : 52 = 2884.4410203711914
18 : 61 = 3440.9301068170507
18 : 67 = 2039.607805437114
18 : 77 = 2433.105012119288
18 : 79 = 2433.105012119288
18 : 83 = 3440.9301068170507
39 : 44 = 2039.607805437114
39 : 52 = 2912.043955712207
39 : 61 = 3417.6014981270123
39 : 67 = 1442.2205101855957
39 : 77 = 1788.8543819998317
39 : 79 = 1600.0
39 : 83 = 3124.099870362662
44 : 52 = 894.4271909999159
44 : 61 = 1442.2205101855957
44 : 67 = 1442.2205101855957
44 : 77 = 1697.0562748477141
44 : 79 = 2332.38075793812
44 : 83 = 1649.2422502470642
52 : 61 = 565.685424949238
52 : 67 = 2039.607805437114
52 : 77 = 2154.0659228538016
52 : 79 = 2912.043955712207
52 : 83 = 1264.9110640673518
61 : 67 = 2400.0
61 : 77 = 2433.105012119288
61 : 79 = 3224.9030993194197
61 : 83 = 1131.370849898476
67 : 77 = 400.0
67 : 79 = 894.4271909999159
67 : 83 = 1788.8543819998317
77 : 79 = 800.0
77 : 83 = 1649.2422502470642
79 : 83 = 2433.105012119288
t=9
Antennas: [ 5 11 18 39 44 52 61 67 77 79 83]
Users: [ 2  3  4  8  9 11 12 13 18 20 23 24 32 33 37 39 40 46 47 48 49 50 51 53
 54 58 59 61 62 64 67 68 71 73 78 79 84 87 94 96 97 98 99]
MinSINR:  31.622776601683793
$x_{9,5}$
	 $y_{9,5,4}$ = 28.38646563596356 dB
	 $y_{9,5,24}$ = 17.221374603496656 dB
		SNR medio:  22.80392011973011
		Usuarios totais: 2
$x_{9,11}$
	 $y_{9,11,2}$ = 26.018951208060955 dB
	 $y_{9,11,11}$ = 91.04691028355009 dB
	 $y_{9,11,12}$ = 25.962128738367355 dB
	 $y_{9,11,20}$ = 29.92457602258571 dB
	 $y_{9,11,3}$ = 15.663169402173125 dB
	 $y_{9,11,13}$ = 20.319786244563588 dB
		SNR medio:  26.116940237412607
		Usuarios totais: 8
$x_{9,18}$
	 $y_{9,18,8}$ = 18.09454609639397 dB
	 $y_{9,18,9}$ = 30.21437276565652 dB
	 $y_{9,18,18}$ = 85.42895051345224 dB
	 $y_{9,18,37}$ = 17.52110014030967 dB
	 $y_{9,18,49}$ = 16.528342708201592 dB
		SNR medio:  20.97341402800175
		Usuarios totais: 8
$x_{9,39}$
	 $y_{9,39,39}$ = 87.97248411873542 dB
	 $y_{9,39,48}$ = 25.544151570126502 dB
	 $y_{9,39,47}$ = 24.250372553096412 dB
		SNR medio:  27.553401648391667
		Usuarios totais: 5
$x_{9,44}$
	 $y_{9,44,46}$ = 16.361281191153125 dB
		SNR medio:  16.361281191153125
		Usuarios totais: 1
$x_{9,52}$
	 $y_{9,52,40}$ = 17.112969886195444 dB
	 $y_{9,52,32}$ = 17.822974577535476 dB
	 $y_{9,52,33}$ = 20.363131218326004 dB
	 $y_{9,52,50}$ = 15.29041814687956 dB
	 $y_{9,52,51}$ = 36.54173315553413 dB
	 $y_{9,52,54}$ = 17.291629203548865 dB
	 $y_{9,52,71}$ = 20.3696939437462 dB
	 $y_{9,52,53}$ = 35.335623318438294 dB
	 $y_{9,52,62}$ = 26.995194608735034 dB
	 $y_{9,52,23}$ = 15.86433488605168 dB
	 $y_{9,52,64}$ = 17.7173242292766 dB
	 $y_{9,52,73}$ = 16.576424349767905 dB
		SNR medio:  13.541129027580801
		Usuarios totais: 19
$x_{9,61}$
	 $y_{9,61,61}$ = 86.8153266324774 dB
		SNR medio:  86.8153266324774
		Usuarios totais: 1
$x_{9,67}$
	 $y_{9,67,67}$ = 87.62913119771079 dB
		SNR medio:  43.814565598855395
		Usuarios totais: 2
$x_{9,77}$
	 $y_{9,77,96}$ = 20.03493212262812 dB
	 $y_{9,77,58}$ = 15.610750755549844 dB
	 $y_{9,77,68}$ = 22.98915077165435 dB
	 $y_{9,77,78}$ = 29.621366525546293 dB
	 $y_{9,77,87}$ = 25.889461051279554 dB
	 $y_{9,77,97}$ = 15.986898688884864 dB
	 $y_{9,77,98}$ = 18.022880925098207 dB
	 $y_{9,77,59}$ = 15.572842829392613 dB
		SNR medio:  18.192031518892648
		Usuarios totais: 9
$x_{9,79}$
	 $y_{9,79,99}$ = 27.85381864223696 dB
	 $y_{9,79,79}$ = 90.50914847937597 dB
		SNR medio:  59.18148356080646
		Usuarios totais: 2
$x_{9,83}$
	 $y_{9,83,84}$ = 30.23065640638812 dB
	 $y_{9,83,94}$ = 22.66023487684207 dB
		SNR medio:  26.445445641615095
		Usuarios totais: 2
Distances:
5 : 11 = 1649.2422502470642
5 : 18 = 1264.9110640673518
5 : 39 = 2000.0
5 : 44 = 1649.2422502470642
5 : 52 = 2332.38075793812
5 : 61 = 2884.4410203711914
5 : 67 = 2529.8221281347037
5 : 77 = 2912.043955712207
5 : 79 = 3224.9030993194197
5 : 83 = 3298.4845004941285
11 : 18 = 2800.0
11 : 39 = 3298.4845004941285
11 : 44 = 1697.0562748477141
11 : 52 = 1649.2422502470642
11 : 61 = 2000.0
11 : 67 = 3124.099870362662
11 : 77 = 3394.1125496954282
11 : 79 = 4000.0
11 : 83 = 2912.043955712207
18 : 39 = 894.4271909999159
18 : 44 = 2000.0
18 : 52 = 2884.4410203711914
18 : 61 = 3440.9301068170507
18 : 67 = 2039.607805437114
18 : 77 = 2433.105012119288
18 : 79 = 2433.105012119288
18 : 83 = 3440.9301068170507
39 : 44 = 2039.607805437114
39 : 52 = 2912.043955712207
39 : 61 = 3417.6014981270123
39 : 67 = 1442.2205101855957
39 : 77 = 1788.8543819998317
39 : 79 = 1600.0
39 : 83 = 3124.099870362662
44 : 52 = 894.4271909999159
44 : 61 = 1442.2205101855957
44 : 67 = 1442.2205101855957
44 : 77 = 1697.0562748477141
44 : 79 = 2332.38075793812
44 : 83 = 1649.2422502470642
52 : 61 = 565.685424949238
52 : 67 = 2039.607805437114
52 : 77 = 2154.0659228538016
52 : 79 = 2912.043955712207
52 : 83 = 1264.9110640673518
61 : 67 = 2400.0
61 : 77 = 2433.105012119288
61 : 79 = 3224.9030993194197
61 : 83 = 1131.370849898476
67 : 77 = 400.0
67 : 79 = 894.4271909999159
67 : 83 = 1788.8543819998317
77 : 79 = 800.0
77 : 83 = 1649.2422502470642
79 : 83 = 2433.105012119288
t=10
Antennas: [ 5 11 18 39 44 52 61 67 77 79 83]
Users: [ 0  9 10 18 19 20 25 32 36 40 42 45 49 54 55 56 61 66 67 69 70 73 75 78
 86 87 88 90]
MinSINR:  31.622776601683793
$x_{10,5}$
		Usuarios totais: 0
$x_{10,11}$
	 $y_{10,11,0}$ = 21.873213783859427 dB
	 $y_{10,11,10}$ = 29.91460281305953 dB
	 $y_{10,11,20}$ = 29.92457602258571 dB
		SNR medio:  20.428098154876167
		Usuarios totais: 4
$x_{10,18}$
	 $y_{10,18,9}$ = 30.21437276565652 dB
	 $y_{10,18,18}$ = 85.42895051345224 dB
	 $y_{10,18,25}$ = 20.285624076015196 dB
	 $y_{10,18,19}$ = 25.708848731090242 dB
	 $y_{10,18,49}$ = 16.528342708201592 dB
		SNR medio:  35.633227758883166
		Usuarios totais: 5
$x_{10,39}$
		Usuarios totais: 0
$x_{10,44}$
	 $y_{10,44,36}$ = 18.907111200602642 dB
		SNR medio:  18.907111200602642
		Usuarios totais: 1
$x_{10,52}$
	 $y_{10,52,40}$ = 17.112969886195444 dB
	 $y_{10,52,32}$ = 17.822974577535476 dB
	 $y_{10,52,42}$ = 27.560237392938717 dB
	 $y_{10,52,54}$ = 17.291629203548865 dB
	 $y_{10,52,45}$ = 15.213898901229086 dB
	 $y_{10,52,73}$ = 16.576424349767905 dB
		SNR medio:  18.596355718535914
		Usuarios totais: 6
$x_{10,61}$
	 $y_{10,61,90}$ = 15.370371290977843 dB
	 $y_{10,61,61}$ = 86.8153266324774 dB
	 $y_{10,61,70}$ = 27.975378313084036 dB
		SNR medio:  43.38702541217975
		Usuarios totais: 3
$x_{10,67}$
	 $y_{10,67,56}$ = 15.274978991070668 dB
	 $y_{10,67,67}$ = 87.62913119771079 dB
	 $y_{10,67,55}$ = 18.811277864289025 dB
	 $y_{10,67,66}$ = 25.40409538076922 dB
	 $y_{10,67,69}$ = 16.04867395806994 dB
	 $y_{10,67,75}$ = 18.31015960388295 dB
	 $y_{10,67,78}$ = 24.664205832632334 dB
	 $y_{10,67,87}$ = 21.199797226066607 dB
		SNR medio:  25.260257783832394
		Usuarios totais: 9
$x_{10,77}$
	 $y_{10,77,86}$ = 30.188014918943082 dB
	 $y_{10,77,88}$ = 19.153012383999112 dB
		SNR medio:  16.447009100980733
		Usuarios totais: 3
$x_{10,79}$
		Usuarios totais: 0
$x_{10,83}$
		Usuarios totais: 0
Distances:
5 : 11 = 1649.2422502470642
5 : 18 = 1264.9110640673518
5 : 39 = 2000.0
5 : 44 = 1649.2422502470642
5 : 52 = 2332.38075793812
5 : 61 = 2884.4410203711914
5 : 67 = 2529.8221281347037
5 : 77 = 2912.043955712207
5 : 79 = 3224.9030993194197
5 : 83 = 3298.4845004941285
11 : 18 = 2800.0
11 : 39 = 3298.4845004941285
11 : 44 = 1697.0562748477141
11 : 52 = 1649.2422502470642
11 : 61 = 2000.0
11 : 67 = 3124.099870362662
11 : 77 = 3394.1125496954282
11 : 79 = 4000.0
11 : 83 = 2912.043955712207
18 : 39 = 894.4271909999159
18 : 44 = 2000.0
18 : 52 = 2884.4410203711914
18 : 61 = 3440.9301068170507
18 : 67 = 2039.607805437114
18 : 77 = 2433.105012119288
18 : 79 = 2433.105012119288
18 : 83 = 3440.9301068170507
39 : 44 = 2039.607805437114
39 : 52 = 2912.043955712207
39 : 61 = 3417.6014981270123
39 : 67 = 1442.2205101855957
39 : 77 = 1788.8543819998317
39 : 79 = 1600.0
39 : 83 = 3124.099870362662
44 : 52 = 894.4271909999159
44 : 61 = 1442.2205101855957
44 : 67 = 1442.2205101855957
44 : 77 = 1697.0562748477141
44 : 79 = 2332.38075793812
44 : 83 = 1649.2422502470642
52 : 61 = 565.685424949238
52 : 67 = 2039.607805437114
52 : 77 = 2154.0659228538016
52 : 79 = 2912.043955712207
52 : 83 = 1264.9110640673518
61 : 67 = 2400.0
61 : 77 = 2433.105012119288
61 : 79 = 3224.9030993194197
61 : 83 = 1131.370849898476
67 : 77 = 400.0
67 : 79 = 894.4271909999159
67 : 83 = 1788.8543819998317
77 : 79 = 800.0
77 : 83 = 1649.2422502470642
79 : 83 = 2433.105012119288
t=11
Antennas: [ 5 11 18 39 44 52 61 67 77 79 83]
Users: [ 0 28 32 34 36 37 54 71 76 84 90 94 99]
MinSINR:  31.622776601683793
$x_{11,5}$
		Usuarios totais: 0
$x_{11,11}$
	 $y_{11,11,0}$ = 21.873213783859427 dB
		SNR medio:  21.873213783859427
		Usuarios totais: 1
$x_{11,18}$
	 $y_{11,18,28}$ = 30.072596916192936 dB
	 $y_{11,18,37}$ = 17.52110014030967 dB
		SNR medio:  23.796848528251303
		Usuarios totais: 2
$x_{11,39}$
		Usuarios totais: 0
$x_{11,44}$
	 $y_{11,44,36}$ = 18.907111200602642 dB
	 $y_{11,44,32}$ = 16.55394684637234 dB
	 $y_{11,44,54}$ = 20.689582392281707 dB
	 $y_{11,44,34}$ = 24.90190405425453 dB
		SNR medio:  20.263136123377805
		Usuarios totais: 4
$x_{11,52}$
		Usuarios totais: 0
$x_{11,61}$
	 $y_{11,61,90}$ = 15.370371290977843 dB
	 $y_{11,61,71}$ = 26.793448080277443 dB
		SNR medio:  21.081909685627643
		Usuarios totais: 2
$x_{11,67}$
		Usuarios totais: 0
$x_{11,77}$
		Usuarios totais: 0
$x_{11,79}$
	 $y_{11,79,99}$ = 27.85381864223696 dB
		SNR medio:  27.85381864223696
		Usuarios totais: 1
$x_{11,83}$
	 $y_{11,83,84}$ = 30.23065640638812 dB
	 $y_{11,83,94}$ = 22.66023487684207 dB
	 $y_{11,83,76}$ = 20.277394612262853 dB
		SNR medio:  24.389428631831013
		Usuarios totais: 3
Distances:
5 : 11 = 1649.2422502470642
5 : 18 = 1264.9110640673518
5 : 39 = 2000.0
5 : 44 = 1649.2422502470642
5 : 52 = 2332.38075793812
5 : 61 = 2884.4410203711914
5 : 67 = 2529.8221281347037
5 : 77 = 2912.043955712207
5 : 79 = 3224.9030993194197
5 : 83 = 3298.4845004941285
11 : 18 = 2800.0
11 : 39 = 3298.4845004941285
11 : 44 = 1697.0562748477141
11 : 52 = 1649.2422502470642
11 : 61 = 2000.0
11 : 67 = 3124.099870362662
11 : 77 = 3394.1125496954282
11 : 79 = 4000.0
11 : 83 = 2912.043955712207
18 : 39 = 894.4271909999159
18 : 44 = 2000.0
18 : 52 = 2884.4410203711914
18 : 61 = 3440.9301068170507
18 : 67 = 2039.607805437114
18 : 77 = 2433.105012119288
18 : 79 = 2433.105012119288
18 : 83 = 3440.9301068170507
39 : 44 = 2039.607805437114
39 : 52 = 2912.043955712207
39 : 61 = 3417.6014981270123
39 : 67 = 1442.2205101855957
39 : 77 = 1788.8543819998317
39 : 79 = 1600.0
39 : 83 = 3124.099870362662
44 : 52 = 894.4271909999159
44 : 61 = 1442.2205101855957
44 : 67 = 1442.2205101855957
44 : 77 = 1697.0562748477141
44 : 79 = 2332.38075793812
44 : 83 = 1649.2422502470642
52 : 61 = 565.685424949238
52 : 67 = 2039.607805437114
52 : 77 = 2154.0659228538016
52 : 79 = 2912.043955712207
52 : 83 = 1264.9110640673518
61 : 67 = 2400.0
61 : 77 = 2433.105012119288
61 : 79 = 3224.9030993194197
61 : 83 = 1131.370849898476
67 : 77 = 400.0
67 : 79 = 894.4271909999159
67 : 83 = 1788.8543819998317
77 : 79 = 800.0
77 : 83 = 1649.2422502470642
79 : 83 = 2433.105012119288
--- Done after 0.5467921404043833 hours. ---
