-------------Calculating Solution (this may take a while)
+++++++++++++++++++Min Sinr: 5 dB (varying)
+++++++++++++++++++With backhaul constraint. Start: 2022-05-10 06:20:27

Parameters:
- chosen seed 4
- Map with 100 sectors
- Map 4000 x 4000 m
- Sector has a side of 400 m
- Max time:  10
- users_t_m:  [[0, 0, 0, 0, 0, 0, 0, 0, 0, 0, 0, 0, 4, 7, 0, 0, 0, 0, 0, 0, 0, 0, 1, 47, 1, 0, 0, 0, 0, 0, 0, 0, 0, 0, 0, 0, 0, 0, 0, 0, 0, 0, 0, 0, 0, 0, 0, 0, 0, 0, 0, 0, 0, 0, 0, 0, 0, 0, 0, 0, 0, 0, 0, 0, 0, 0, 0, 0, 0, 0, 0, 0, 0, 0, 0, 0, 0, 0, 0, 0, 0, 0, 0, 0, 0, 0, 0, 0, 0, 0, 0, 0, 0, 0, 0, 0, 0, 0, 0, 0], [0, 0, 0, 0, 1, 0, 3, 0, 1, 1, 0, 0, 1, 0, 0, 1, 0, 2, 0, 0, 1, 0, 1, 1, 1, 0, 2, 0, 1, 0, 1, 0, 2, 1, 1, 1, 0, 1, 2, 1, 1, 0, 0, 2, 0, 1, 1, 0, 1, 0, 0, 2, 0, 0, 1, 1, 1, 0, 0, 1, 0, 1, 1, 0, 0, 0, 1, 0, 1, 0, 0, 1, 1, 1, 1, 0, 1, 0, 0, 0, 0, 1, 0, 0, 0, 0, 1, 0, 0, 0, 3, 2, 0, 0, 1, 0, 1, 2, 1, 0], [1, 0, 1, 2, 0, 1, 2, 0, 0, 0, 1, 3, 3, 1, 0, 0, 0, 0, 0, 1, 0, 0, 0, 0, 1, 1, 1, 0, 0, 0, 0, 0, 1, 0, 0, 0, 1, 1, 1, 0, 0, 0, 0, 0, 0, 0, 1, 0, 1, 0, 1, 0, 0, 0, 0, 2, 0, 2, 0, 0, 0, 0, 1, 2, 1, 0, 1, 1, 0, 1, 0, 0, 0, 1, 1, 0, 0, 0, 2, 2, 0, 0, 0, 1, 0, 0, 2, 2, 0, 0, 1, 2, 1, 1, 2, 1, 0, 4, 0, 0], [0, 1, 0, 0, 0, 0, 0, 1, 2, 1, 0, 0, 0, 0, 0, 1, 1, 0, 1, 0, 0, 2, 3, 1, 2, 1, 0, 2, 0, 0, 0, 1, 0, 3, 0, 0, 1, 1, 0, 0, 0, 0, 0, 1, 0, 1, 0, 4, 0, 0, 1, 1, 0, 0, 2, 0, 0, 0, 0, 0, 0, 1, 2, 0, 1, 1, 1, 0, 1, 0, 0, 0, 1, 1, 0, 1, 0, 0, 0, 0, 1, 0, 1, 2, 1, 0, 2, 0, 1, 2, 1, 0, 0, 1, 1, 0, 0, 1, 1, 0], [0, 0, 1, 1, 3, 1, 1, 0, 0, 0, 0, 2, 1, 0, 1, 1, 0, 0, 0, 0, 1, 0, 2, 0, 0, 1, 1, 2, 0, 3, 0, 0, 0, 0, 1, 1, 0, 0, 0, 1, 0, 0, 0, 1, 1, 0, 2, 2, 1, 0, 0, 1, 1, 2, 0, 0, 1, 2, 0, 0, 0, 1, 1, 2, 1, 1, 0, 1, 0, 0, 0, 0, 1, 1, 1, 1, 0, 0, 0, 0, 1, 0, 0, 1, 1, 1, 0, 1, 1, 0, 0, 2, 1, 0, 0, 0, 0, 0, 1, 0], [1, 1, 0, 1, 0, 2, 0, 1, 0, 0, 0, 1, 1, 0, 0, 1, 3, 0, 1, 0, 0, 0, 1, 0, 1, 1, 1, 0, 2, 2, 1, 1, 2, 0, 0, 0, 3, 0, 0, 2, 0, 0, 2, 0, 2, 1, 2, 2, 0, 0, 0, 0, 0, 1, 1, 0, 0, 0, 0, 0, 0, 0, 1, 0, 1, 1, 0, 1, 0, 0, 0, 2, 0, 1, 0, 1, 1, 1, 0, 1, 0, 0, 1, 0, 2, 1, 0, 0, 0, 0, 0, 0, 0, 1, 1, 0, 1, 0, 1, 0], [1, 1, 0, 0, 1, 1, 0, 1, 0, 0, 0, 2, 0, 0, 0, 2, 1, 1, 1, 2, 1, 0, 1, 0, 0, 3, 0, 0, 1, 1, 0, 1, 0, 0, 0, 2, 0, 0, 0, 1, 1, 0, 0, 2, 1, 0, 0, 2, 1, 0, 0, 0, 0, 1, 0, 1, 2, 1, 1, 0, 1, 0, 1, 0, 0, 0, 1, 1, 1, 0, 1, 0, 1, 0, 1, 0, 2, 1, 1, 0, 0, 1, 2, 0, 0, 1, 0, 0, 0, 0, 1, 0, 1, 0, 0, 3, 0, 0, 1, 0], [0, 0, 0, 1, 0, 0, 1, 1, 1, 0, 0, 0, 1, 0, 1, 0, 1, 1, 1, 1, 1, 0, 1, 0, 1, 0, 1, 2, 1, 0, 1, 0, 0, 2, 1, 0, 1, 0, 3, 0, 0, 0, 1, 1, 0, 0, 2, 1, 1, 2, 1, 1, 0, 1, 0, 1, 1, 0, 0, 0, 0, 1, 1, 0, 1, 0, 0, 1, 1, 1, 0, 1, 1, 1, 1, 0, 1, 0, 1, 0, 0, 1, 0, 0, 0, 0, 1, 0, 0, 1, 1, 0, 1, 3, 1, 1, 0, 0, 0, 0], [1, 1, 2, 1, 0, 2, 0, 1, 0, 0, 0, 0, 2, 0, 0, 0, 1, 0, 1, 0, 1, 0, 1, 0, 1, 2, 0, 0, 0, 1, 1, 0, 1, 0, 2, 2, 1, 0, 0, 0, 1, 0, 0, 1, 0, 1, 3, 1, 0, 1, 0, 1, 0, 0, 1, 0, 0, 1, 0, 1, 0, 0, 0, 1, 1, 1, 1, 1, 0, 1, 2, 0, 0, 0, 1, 2, 2, 0, 2, 0, 0, 0, 0, 0, 0, 0, 0, 1, 0, 2, 1, 1, 0, 0, 0, 0, 1, 2, 0, 0], [1, 1, 1, 0, 0, 0, 0, 0, 0, 1, 0, 2, 1, 1, 1, 1, 0, 0, 1, 0, 0, 2, 0, 1, 1, 1, 1, 0, 2, 0, 1, 1, 0, 1, 1, 1, 0, 0, 0, 2, 0, 0, 2, 1, 1, 1, 1, 1, 2, 1, 0, 0, 1, 1, 1, 2, 0, 1, 0, 0, 0, 0, 0, 1, 0, 0, 0, 0, 1, 0, 1, 0, 1, 0, 0, 1, 0, 1, 2, 0, 1, 1, 3, 0, 1, 0, 0, 0, 1, 1, 1, 0, 0, 0, 0, 0, 0, 0, 1, 0], [1, 1, 0, 1, 2, 0, 0, 1, 0, 0, 1, 3, 0, 0, 0, 1, 0, 0, 1, 0, 0, 0, 1, 2, 3, 0, 1, 1, 0, 1, 0, 1, 0, 2, 1, 0, 3, 1, 0, 1, 1, 1, 0, 0, 2, 0, 1, 0, 0, 1, 0, 1, 2, 0, 0, 0, 0, 0, 0, 0, 1, 0, 1, 0, 0, 0, 0, 2, 1, 0, 1, 1, 0, 0, 2, 0, 0, 1, 3, 1, 1, 1, 1, 0, 0, 0, 1, 0, 0, 0, 0, 0, 0, 0, 0, 2, 1, 0, 0, 0]]
MAX_USER_PER_ANTENNAS_m:  [60, 60, 60, 60, 60, 60, 60, 60, 60, 60, 60, 60, 60, 60, 60, 60, 60, 60, 60, 60, 60, 60, 60, 60, 60, 60, 60, 60, 60, 60, 60, 60, 60, 60, 60, 60, 60, 60, 60, 60, 60, 60, 60, 60, 60, 60, 60, 60, 60, 60, 60, 60, 60, 60, 60, 60, 60, 60, 60, 60, 60, 60, 60, 60, 60, 60, 60, 60, 60, 60, 60, 60, 60, 60, 60, 60, 60, 60, 60, 60, 60, 60, 60, 60, 60, 60, 60, 60, 60, 60, 60, 60, 60, 60, 60, 60, 60, 60, 60, 60]
antennas_map_m:  [1, 1, 1, 1, 1, 1, 1, 1, 1, 1, 1, 1, 1, 1, 1, 1, 1, 1, 1, 1, 1, 1, 1, 1, 1, 1, 1, 1, 1, 1, 1, 1, 1, 1, 1, 1, 1, 1, 1, 1, 1, 1, 1, 1, 1, 1, 1, 1, 1, 1, 1, 1, 1, 1, 1, 1, 1, 1, 1, 1, 1, 1, 1, 1, 1, 1, 1, 1, 1, 1, 1, 1, 1, 1, 1, 1, 1, 1, 1, 1, 1, 1, 1, 1, 1, 1, 1, 1, 1, 1, 1, 1, 1, 1, 1, 1, 1, 1, 1, 1]
FIRST_ANTENNA:  37
MIN_SNR_m:  [3.1622776601683795, 3.1622776601683795, 3.1622776601683795, 3.1622776601683795, 3.1622776601683795, 3.1622776601683795, 3.1622776601683795, 3.1622776601683795, 3.1622776601683795, 3.1622776601683795, 3.1622776601683795, 3.1622776601683795, 3.1622776601683795, 3.1622776601683795, 3.1622776601683795, 3.1622776601683795, 3.1622776601683795, 3.1622776601683795, 3.1622776601683795, 3.1622776601683795, 3.1622776601683795, 3.1622776601683795, 3.1622776601683795, 3.1622776601683795, 3.1622776601683795, 3.1622776601683795, 3.1622776601683795, 3.1622776601683795, 3.1622776601683795, 3.1622776601683795, 3.1622776601683795, 3.1622776601683795, 3.1622776601683795, 3.1622776601683795, 3.1622776601683795, 3.1622776601683795, 3.1622776601683795, 3.1622776601683795, 3.1622776601683795, 3.1622776601683795, 3.1622776601683795, 3.1622776601683795, 3.1622776601683795, 3.1622776601683795, 3.1622776601683795, 3.1622776601683795, 3.1622776601683795, 3.1622776601683795, 3.1622776601683795, 3.1622776601683795, 3.1622776601683795, 3.1622776601683795, 3.1622776601683795, 3.1622776601683795, 3.1622776601683795, 3.1622776601683795, 3.1622776601683795, 3.1622776601683795, 3.1622776601683795, 3.1622776601683795, 3.1622776601683795, 3.1622776601683795, 3.1622776601683795, 3.1622776601683795, 3.1622776601683795, 3.1622776601683795, 3.1622776601683795, 3.1622776601683795, 3.1622776601683795, 3.1622776601683795, 3.1622776601683795, 3.1622776601683795, 3.1622776601683795, 3.1622776601683795, 3.1622776601683795, 3.1622776601683795, 3.1622776601683795, 3.1622776601683795, 3.1622776601683795, 3.1622776601683795, 3.1622776601683795, 3.1622776601683795, 3.1622776601683795, 3.1622776601683795, 3.1622776601683795, 3.1622776601683795, 3.1622776601683795, 3.1622776601683795, 3.1622776601683795, 3.1622776601683795, 3.1622776601683795, 3.1622776601683795, 3.1622776601683795, 3.1622776601683795, 3.1622776601683795, 3.1622776601683795, 3.1622776601683795, 3.1622776601683795, 3.1622776601683795, 3.1622776601683795]
-MIN_DIST:  2000
- disaster percentage:  0

Média de carros: 3.4
t=0
$x_{0,37}$
	 $y_{0,37,24}$ = 14.555999094042619 dB
		SNR medio: 14.555999094042619
		Usuarios totais: 1
$x_{0,44}$
	 $y_{0,44,12}$ = 8.353474686581649 dB
	 $y_{0,44,13}$ = 15.452292353086094 dB
	 $y_{0,44,22}$ = 17.55210493423806 dB
	 $y_{0,44,23}$ = 16.10472964179607 dB
		SNR medio: 15.42929896446439
		Usuarios totais: 59
Distances:
37 : 44 = 1264.9110640673518
t=1
$x_{1,37}$
	 $y_{1,37,8}$ = 12.0494165953383 dB
	 $y_{1,37,15}$ = 12.221158061493014 dB
	 $y_{1,37,17}$ = 19.626353135192502 dB
	 $y_{1,37,24}$ = 14.555999094042619 dB
	 $y_{1,37,26}$ = 19.129892857253054 dB
	 $y_{1,37,28}$ = 26.79841355448974 dB
	 $y_{1,37,33}$ = 7.9165123137804585 dB
	 $y_{1,37,34}$ = 7.607087609526474 dB
	 $y_{1,37,35}$ = 22.291598055042826 dB
	 $y_{1,37,37}$ = 82.79913553742686 dB
	 $y_{1,37,38}$ = 33.05891161707294 dB
	 $y_{1,37,39}$ = 18.400482609853896 dB
	 $y_{1,37,46}$ = 21.083050185266842 dB
	 $y_{1,37,54}$ = 5.4003842010415894 dB
	 $y_{1,37,56}$ = 24.56612540841698 dB
	 $y_{1,37,59}$ = 11.811663078504125 dB
	 $y_{1,37,66}$ = 9.735959211180187 dB
	 $y_{1,37,74}$ = 7.211099876957064 dB
		SNR medio: 70.24648877540584
		Usuarios totais: 21
$x_{1,44}$
	 $y_{1,44,4}$ = 15.72112368266312 dB
	 $y_{1,44,6}$ = 5.779762669996842 dB
	 $y_{1,44,9}$ = 5.506888225331977 dB
	 $y_{1,44,12}$ = 8.353474686581649 dB
	 $y_{1,44,20}$ = 6.799427341037841 dB
	 $y_{1,44,22}$ = 17.55210493423806 dB
	 $y_{1,44,23}$ = 16.10472964179607 dB
	 $y_{1,44,30}$ = 11.24441348238085 dB
	 $y_{1,44,32}$ = 14.616727043748412 dB
	 $y_{1,44,40}$ = 7.473381591706328 dB
	 $y_{1,44,43}$ = 27.34339238860484 dB
	 $y_{1,44,45}$ = 23.85793192548006 dB
	 $y_{1,44,48}$ = 11.599528738085667 dB
	 $y_{1,44,51}$ = 9.636583041279536 dB
	 $y_{1,44,71}$ = 11.451930603582184 dB
	 $y_{1,44,72}$ = 9.46680727471869 dB
	 $y_{1,44,73}$ = 8.952740696892533 dB
	 $y_{1,44,86}$ = 5.542444148841668 dB
	 $y_{1,44,94}$ = 7.70596254574636 dB
		SNR medio: 17.42926556583066
		Usuarios totais: 24
$x_{1,85}$
	 $y_{1,85,55}$ = 17.544032185605104 dB
	 $y_{1,85,61}$ = 6.270839949950641 dB
	 $y_{1,85,62}$ = 9.496986077533705 dB
	 $y_{1,85,68}$ = 12.009773249025443 dB
	 $y_{1,85,76}$ = 22.202762428716056 dB
	 $y_{1,85,81}$ = 10.198688292438248 dB
	 $y_{1,85,90}$ = 10.183742138410608 dB
	 $y_{1,85,91}$ = 6.46234122888734 dB
	 $y_{1,85,96}$ = 25.038927953930212 dB
	 $y_{1,85,97}$ = 19.379253012215486 dB
	 $y_{1,85,98}$ = 22.990845581139922 dB
		SNR medio: 19.041205175450408
		Usuarios totais: 15
Distances:
37 : 44 = 1264.9110640673518
37 : 85 = 2154.0659228538016
44 : 85 = 1649.2422502470642
t=2
$x_{2,22}$
	 $pastx_{2,22}$ : 0.0
	 $y_{2,22,0}$ = 22.44775599552942 dB
	 $y_{2,22,2}$ = 18.499722484931894 dB
	 $y_{2,22,3}$ = 16.706865786896756 dB
	 $y_{2,22,5}$ = 13.256425772771337 dB
	 $y_{2,22,6}$ = 7.0791354957652 dB
	 $y_{2,22,10}$ = 27.121372306274935 dB
	 $y_{2,22,12}$ = 34.257360761684964 dB
	 $y_{2,22,13}$ = 19.11574439875332 dB
	 $y_{2,22,32}$ = 29.974762304281768 dB
	 $y_{2,22,50}$ = 5.294236798940858 dB
	 $y_{2,22,57}$ = 9.05798618353927 dB
		SNR medio: 26.201793424431298
		Usuarios totais: 16
$x_{2,37}$
	 $y_{2,37,11}$ = 5.829861780661702 dB
	 $y_{2,37,19}$ = 12.74432423652101 dB
	 $y_{2,37,25}$ = 13.399832315570563 dB
	 $y_{2,37,26}$ = 19.129892857253054 dB
	 $y_{2,37,36}$ = 26.099428232364602 dB
	 $y_{2,37,37}$ = 82.79913553742686 dB
	 $y_{2,37,38}$ = 33.05891161707294 dB
	 $y_{2,37,46}$ = 21.083050185266842 dB
	 $y_{2,37,48}$ = 22.12954425347914 dB
	 $y_{2,37,66}$ = 9.735959211180187 dB
	 $y_{2,37,67}$ = 11.92541092139217 dB
	 $y_{2,37,74}$ = 7.211099876957064 dB
	 $y_{2,37,83}$ = 8.692445059855842 dB
		SNR medio: 71.65976779269239
		Usuarios totais: 15
$x_{2,55}$
	 $pastx_{2,55}$ : 0.0
	 $y_{2,55,24}$ = 8.173708974658808 dB
	 $y_{2,55,55}$ = 91.68943290489776 dB
	 $y_{2,55,63}$ = 17.785617696312286 dB
	 $y_{2,55,78}$ = 13.201288936621467 dB
	 $y_{2,55,87}$ = 10.079666025850003 dB
		SNR medio: 84.69973314912609
		Usuarios totais: 9
$x_{2,85}$
	 $pastx_{2,85}$ : 1.0
	 $y_{2,85,62}$ = 9.496986077533705 dB
	 $y_{2,85,64}$ = 13.79710034561569 dB
	 $y_{2,85,69}$ = 5.700042826565721 dB
	 $y_{2,85,73}$ = 16.033279707964155 dB
	 $y_{2,85,79}$ = 10.655601590553886 dB
	 $y_{2,85,86}$ = 35.91617633806537 dB
	 $y_{2,85,90}$ = 10.183742138410608 dB
	 $y_{2,85,91}$ = 6.46234122888734 dB
	 $y_{2,85,92}$ = 11.326906925178378 dB
	 $y_{2,85,93}$ = 14.266652871393688 dB
	 $y_{2,85,94}$ = 18.69345687279366 dB
	 $y_{2,85,95}$ = 26.192899582638944 dB
	 $y_{2,85,97}$ = 19.379253012215486 dB
		SNR medio: 25.512005265949774
		Usuarios totais: 20
Distances:
22 : 37 = 2039.607805437114
22 : 55 = 1697.0562748477141
22 : 85 = 2683.281572999748
37 : 55 = 1131.370849898476
37 : 85 = 2154.0659228538016
55 : 85 = 1200.0
t=3
$x_{3,22}$
	 $pastx_{3,22}$ : 1.0
	 $y_{3,22,1}$ = 14.369268668872479 dB
	 $y_{3,22,9}$ = 13.253785885587163 dB
	 $y_{3,22,21}$ = 26.851666113725642 dB
	 $y_{3,22,22}$ = 89.96278847919663 dB
	 $y_{3,22,23}$ = 26.7950793706067 dB
	 $y_{3,22,50}$ = 5.294236798940858 dB
	 $y_{3,22,51}$ = 11.348787925873609 dB
	 $y_{3,22,54}$ = 11.354546801159273 dB
	 $y_{3,22,61}$ = 9.46697433444379 dB
	 $y_{3,22,64}$ = 10.976980513903342 dB
	 $y_{3,22,75}$ = 5.014572348759245 dB
	 $y_{3,22,82}$ = 6.139882732421896 dB
		SNR medio: 79.17098070690784
		Usuarios totais: 16
$x_{3,37}$
	 $y_{3,37,7}$ = 23.176466176255815 dB
	 $y_{3,37,8}$ = 12.0494165953383 dB
	 $y_{3,37,15}$ = 12.221158061493014 dB
	 $y_{3,37,16}$ = 16.543076211237008 dB
	 $y_{3,37,18}$ = 12.120325111236639 dB
	 $y_{3,37,24}$ = 14.555999094042619 dB
	 $y_{3,37,25}$ = 13.399832315570563 dB
	 $y_{3,37,27}$ = 24.950047147323602 dB
	 $y_{3,37,33}$ = 7.9165123137804585 dB
	 $y_{3,37,36}$ = 26.099428232364602 dB
	 $y_{3,37,37}$ = 82.79913553742686 dB
	 $y_{3,37,43}$ = 9.399444178207318 dB
	 $y_{3,37,45}$ = 17.242134584599597 dB
	 $y_{3,37,47}$ = 30.173032450866472 dB
	 $y_{3,37,66}$ = 9.735959211180187 dB
	 $y_{3,37,68}$ = 10.596822106694006 dB
	 $y_{3,37,84}$ = 5.769740789826159 dB
		SNR medio: 70.494696600775
		Usuarios totais: 25
$x_{3,55}$
	 $pastx_{3,55}$ : 1.0
	 $y_{3,55,31}$ = 11.96423294074711 dB
	 $y_{3,55,72}$ = 12.185781982385919 dB
	 $y_{3,55,73}$ = 12.29396776446697 dB
	 $y_{3,55,80}$ = 10.036219147387953 dB
	 $y_{3,55,83}$ = 8.636916011506315 dB
	 $y_{3,55,88}$ = 8.742340465365118 dB
	 $y_{3,55,89}$ = 8.4476367754323 dB
	 $y_{3,55,93}$ = 16.340909213487308 dB
	 $y_{3,55,97}$ = 11.865487994082116 dB
		SNR medio: 11.903845256571323
		Usuarios totais: 11
$x_{3,85}$
	 $pastx_{3,85}$ : 2.0
	 $y_{3,85,62}$ = 9.496986077533705 dB
	 $y_{3,85,65}$ = 11.330524025930231 dB
	 $y_{3,85,86}$ = 35.91617633806537 dB
	 $y_{3,85,90}$ = 10.183742138410608 dB
	 $y_{3,85,94}$ = 18.69345687279366 dB
	 $y_{3,85,98}$ = 22.990845581139922 dB
		SNR medio: 28.462358646102025
		Usuarios totais: 8
Distances:
22 : 37 = 2039.607805437114
22 : 55 = 1697.0562748477141
22 : 85 = 2683.281572999748
37 : 55 = 1131.370849898476
37 : 85 = 2154.0659228538016
55 : 85 = 1200.0
t=4
$x_{4,33}$
	 $pastx_{4,33}$ : 0.0
	 $y_{4,33,2}$ = 9.38127429614967 dB
	 $y_{4,33,3}$ = 17.022102567242413 dB
	 $y_{4,33,4}$ = 7.693430011269271 dB
	 $y_{4,33,5}$ = 10.079071373169924 dB
	 $y_{4,33,6}$ = 8.204818012597258 dB
	 $y_{4,33,12}$ = 26.062871901180998 dB
	 $y_{4,33,14}$ = 20.66161682216385 dB
	 $y_{4,33,20}$ = 9.424121800272957 dB
	 $y_{4,33,22}$ = 21.313123256053515 dB
	 $y_{4,33,27}$ = 16.66809554940518 dB
	 $y_{4,33,34}$ = 28.082780846238236 dB
	 $y_{4,33,35}$ = 11.591362066417872 dB
	 $y_{4,33,46}$ = 10.923458623295588 dB
	 $y_{4,33,51}$ = 10.023294010028408 dB
	 $y_{4,33,52}$ = 11.274143301833917 dB
	 $y_{4,33,53}$ = 15.323182777453752 dB
	 $y_{4,33,56}$ = 13.321054012237482 dB
	 $y_{4,33,61}$ = 8.670555792575001 dB
	 $y_{4,33,62}$ = 13.118784368095902 dB
	 $y_{4,33,64}$ = 9.62290182188812 dB
	 $y_{4,33,72}$ = 7.928657558744305 dB
	 $y_{4,33,73}$ = 8.575157683820407 dB
	 $y_{4,33,74}$ = 7.498895210765738 dB
	 $y_{4,33,84}$ = 15.169468856990804 dB
	 $y_{4,33,85}$ = 6.176107003838638 dB
	 $y_{4,33,87}$ = 10.77202182733285 dB
	 $y_{4,33,91}$ = 12.168880806868202 dB
		SNR medio: 17.895316525789752
		Usuarios totais: 34
$x_{4,37}$
	 $y_{4,37,11}$ = 5.829861780661702 dB
	 $y_{4,37,15}$ = 12.221158061493014 dB
	 $y_{4,37,25}$ = 13.399832315570563 dB
	 $y_{4,37,26}$ = 19.129892857253054 dB
	 $y_{4,37,29}$ = 28.872422252294896 dB
	 $y_{4,37,39}$ = 18.400482609853896 dB
	 $y_{4,37,43}$ = 9.399444178207318 dB
	 $y_{4,37,44}$ = 9.112169689918872 dB
	 $y_{4,37,47}$ = 30.173032450866472 dB
	 $y_{4,37,48}$ = 22.12954425347914 dB
	 $y_{4,37,57}$ = 13.589726913313797 dB
	 $y_{4,37,65}$ = 7.676099363556034 dB
	 $y_{4,37,67}$ = 11.92541092139217 dB
	 $y_{4,37,83}$ = 8.692445059855842 dB
		SNR medio: 22.03583529355425
		Usuarios totais: 19
$x_{4,55}$
	 $pastx_{4,55}$ : 2.0
	 $y_{4,55,63}$ = 17.785617696312286 dB
	 $y_{4,55,75}$ = 18.738477868964694 dB
	 $y_{4,55,80}$ = 10.036219147387953 dB
	 $y_{4,55,88}$ = 8.742340465365118 dB
	 $y_{4,55,92}$ = 8.968976954557462 dB
	 $y_{4,55,98}$ = 5.1702647711094585 dB
		SNR medio: 14.356118974766956
		Usuarios totais: 7
Distances:
33 : 37 = 1600.0
33 : 55 = 1131.370849898476
37 : 55 = 1131.370849898476
t=5
$x_{5,33}$
	 $pastx_{5,33}$ : 1.0
	 $y_{5,33,1}$ = 13.549530019835544 dB
	 $y_{5,33,3}$ = 17.022102567242413 dB
	 $y_{5,33,5}$ = 10.079071373169924 dB
	 $y_{5,33,12}$ = 26.062871901180998 dB
	 $y_{5,33,22}$ = 21.313123256053515 dB
	 $y_{5,33,24}$ = 22.74480026641318 dB
	 $y_{5,33,26}$ = 11.42918006963626 dB
	 $y_{5,33,32}$ = 35.864655495443515 dB
	 $y_{5,33,46}$ = 10.923458623295588 dB
	 $y_{5,33,53}$ = 15.323182777453752 dB
	 $y_{5,33,54}$ = 19.105773636988715 dB
	 $y_{5,33,62}$ = 13.118784368095902 dB
	 $y_{5,33,64}$ = 9.62290182188812 dB
	 $y_{5,33,71}$ = 6.790259585952327 dB
	 $y_{5,33,79}$ = 5.214646186779618 dB
	 $y_{5,33,82}$ = 6.943486528523309 dB
		SNR medio: 24.819725562957228
		Usuarios totais: 20
$x_{5,37}$
	 $y_{5,37,7}$ = 23.176466176255815 dB
	 $y_{5,37,11}$ = 5.829861780661702 dB
	 $y_{5,37,15}$ = 12.221158061493014 dB
	 $y_{5,37,16}$ = 16.543076211237008 dB
	 $y_{5,37,25}$ = 13.399832315570563 dB
	 $y_{5,37,28}$ = 26.79841355448974 dB
	 $y_{5,37,29}$ = 28.872422252294896 dB
	 $y_{5,37,36}$ = 26.099428232364602 dB
	 $y_{5,37,39}$ = 18.400482609853896 dB
	 $y_{5,37,42}$ = 10.81045161318356 dB
	 $y_{5,37,45}$ = 17.242134584599597 dB
	 $y_{5,37,47}$ = 30.173032450866472 dB
	 $y_{5,37,67}$ = 11.92541092139217 dB
	 $y_{5,37,77}$ = 7.38766200294998 dB
	 $y_{5,37,84}$ = 5.769740789826159 dB
	 $y_{5,37,85}$ = 5.512439613440677 dB
		SNR medio: 22.949737229096222
		Usuarios totais: 26
$x_{5,44}$
	 $pastx_{5,44}$ : 0.0
	 $y_{5,44,0}$ = 5.0196892990409765 dB
	 $y_{5,44,18}$ = 13.252702728348751 dB
	 $y_{5,44,30}$ = 11.24441348238085 dB
	 $y_{5,44,31}$ = 9.847338778698827 dB
	 $y_{5,44,44}$ = 83.48899093130136 dB
	 $y_{5,44,73}$ = 8.952740696892533 dB
		SNR medio: 75.70747950013819
		Usuarios totais: 7
$x_{5,83}$
	 $pastx_{5,83}$ : 0.0
	 $y_{5,83,65}$ = 17.032372971379274 dB
	 $y_{5,83,75}$ = 11.36510447378788 dB
	 $y_{5,83,76}$ = 16.11629692981181 dB
	 $y_{5,83,93}$ = 26.281308425596933 dB
	 $y_{5,83,94}$ = 24.226550544517565 dB
	 $y_{5,83,96}$ = 10.690331793993664 dB
	 $y_{5,83,98}$ = 9.09067848990128 dB
		SNR medio: 20.65685991312546
		Usuarios totais: 7
Distances:
33 : 37 = 1600.0
33 : 44 = 565.685424949238
33 : 83 = 2000.0
37 : 44 = 1264.9110640673518
37 : 83 = 2561.2496949731394
44 : 83 = 1649.2422502470642
t=6
$x_{6,37}$
	 $y_{6,37,7}$ = 23.176466176255815 dB
	 $y_{6,37,11}$ = 5.829861780661702 dB
	 $y_{6,37,15}$ = 12.221158061493014 dB
	 $y_{6,37,16}$ = 16.543076211237008 dB
	 $y_{6,37,17}$ = 19.626353135192502 dB
	 $y_{6,37,18}$ = 12.120325111236639 dB
	 $y_{6,37,19}$ = 12.74432423652101 dB
	 $y_{6,37,25}$ = 13.399832315570563 dB
	 $y_{6,37,28}$ = 26.79841355448974 dB
	 $y_{6,37,29}$ = 28.872422252294896 dB
	 $y_{6,37,39}$ = 18.400482609853896 dB
	 $y_{6,37,43}$ = 9.399444178207318 dB
	 $y_{6,37,48}$ = 22.12954425347914 dB
	 $y_{6,37,56}$ = 24.56612540841698 dB
	 $y_{6,37,57}$ = 13.589726913313797 dB
	 $y_{6,37,66}$ = 9.735959211180187 dB
	 $y_{6,37,67}$ = 11.92541092139217 dB
	 $y_{6,37,68}$ = 10.596822106694006 dB
	 $y_{6,37,77}$ = 7.38766200294998 dB
		SNR medio: 20.761407523751586
		Usuarios totais: 26
$x_{6,44}$
	 $pastx_{6,44}$ : 1.0
	 $y_{6,44,0}$ = 5.0196892990409765 dB
	 $y_{6,44,1}$ = 5.23214684115618 dB
	 $y_{6,44,4}$ = 15.72112368266312 dB
	 $y_{6,44,5}$ = 8.56706361583349 dB
	 $y_{6,44,20}$ = 6.799427341037841 dB
	 $y_{6,44,22}$ = 17.55210493423806 dB
	 $y_{6,44,31}$ = 9.847338778698827 dB
	 $y_{6,44,35}$ = 26.254239574067427 dB
	 $y_{6,44,40}$ = 7.473381591706328 dB
	 $y_{6,44,44}$ = 83.48899093130136 dB
	 $y_{6,44,47}$ = 5.6595615229139185 dB
	 $y_{6,44,53}$ = 16.582657665665664 dB
	 $y_{6,44,55}$ = 16.74709140216204 dB
	 $y_{6,44,58}$ = 16.34099203743132 dB
	 $y_{6,44,62}$ = 12.432468229949222 dB
	 $y_{6,44,70}$ = 9.078763274140755 dB
	 $y_{6,44,74}$ = 9.966021217671937 dB
	 $y_{6,44,76}$ = 13.960099146412404 dB
	 $y_{6,44,85}$ = 12.09003613882939 dB
	 $y_{6,44,95}$ = 7.679223913823437 dB
		SNR medio: 70.47870599060633
		Usuarios totais: 25
$x_{6,83}$
	 $pastx_{6,83}$ : 1.0
	 $y_{6,83,60}$ = 12.083441787974692 dB
	 $y_{6,83,72}$ = 22.860265295423304 dB
	 $y_{6,83,78}$ = 9.339513046066912 dB
	 $y_{6,83,81}$ = 22.07657344565561 dB
	 $y_{6,83,82}$ = 32.943036720857876 dB
	 $y_{6,83,90}$ = 11.481680834456384 dB
	 $y_{6,83,92}$ = 18.15795605716457 dB
	 $y_{6,83,98}$ = 9.09067848990128 dB
		SNR medio: 24.836113844797815
		Usuarios totais: 9
Distances:
37 : 44 = 1264.9110640673518
37 : 83 = 2561.2496949731394
44 : 83 = 1649.2422502470642
t=7
$x_{7,37}$
	 $y_{7,37,7}$ = 23.176466176255815 dB
	 $y_{7,37,8}$ = 12.0494165953383 dB
	 $y_{7,37,16}$ = 16.543076211237008 dB
	 $y_{7,37,17}$ = 19.626353135192502 dB
	 $y_{7,37,18}$ = 12.120325111236639 dB
	 $y_{7,37,19}$ = 12.74432423652101 dB
	 $y_{7,37,24}$ = 14.555999094042619 dB
	 $y_{7,37,26}$ = 19.129892857253054 dB
	 $y_{7,37,28}$ = 26.79841355448974 dB
	 $y_{7,37,34}$ = 7.607087609526474 dB
	 $y_{7,37,36}$ = 26.099428232364602 dB
	 $y_{7,37,38}$ = 33.05891161707294 dB
	 $y_{7,37,43}$ = 9.399444178207318 dB
	 $y_{7,37,46}$ = 21.083050185266842 dB
	 $y_{7,37,47}$ = 30.173032450866472 dB
	 $y_{7,37,48}$ = 22.12954425347914 dB
	 $y_{7,37,49}$ = 9.284152805342458 dB
	 $y_{7,37,56}$ = 24.56612540841698 dB
	 $y_{7,37,68}$ = 10.596822106694006 dB
	 $y_{7,37,69}$ = 8.986962284813671 dB
		SNR medio: 24.044283303782837
		Usuarios totais: 24
$x_{7,61}$
	 $pastx_{7,61}$ : 0.0
	 $y_{7,61,3}$ = 8.248964206519815 dB
	 $y_{7,61,12}$ = 8.440986549174141 dB
	 $y_{7,61,20}$ = 5.4555569141306535 dB
	 $y_{7,61,22}$ = 6.311964896800163 dB
	 $y_{7,61,30}$ = 12.791521390687024 dB
	 $y_{7,61,33}$ = 6.995817874284455 dB
	 $y_{7,61,42}$ = 19.827021342993447 dB
	 $y_{7,61,50}$ = 25.140245228358197 dB
	 $y_{7,61,51}$ = 32.931906939964605 dB
	 $y_{7,61,53}$ = 20.405199711214777 dB
	 $y_{7,61,55}$ = 14.951331103234224 dB
	 $y_{7,61,61}$ = 85.62018160884313 dB
	 $y_{7,61,62}$ = 27.10818620339103 dB
	 $y_{7,61,64}$ = 11.794152903396423 dB
	 $y_{7,61,71}$ = 27.71118917261856 dB
	 $y_{7,61,73}$ = 16.155280791120248 dB
	 $y_{7,61,76}$ = 5.57673460314227 dB
	 $y_{7,61,81}$ = 18.317913808026745 dB
	 $y_{7,61,90}$ = 15.123646213210378 dB
	 $y_{7,61,92}$ = 9.324322034334728 dB
	 $y_{7,61,93}$ = 13.118332521113715 dB
	 $y_{7,61,94}$ = 7.65881625535431 dB
		SNR medio: 72.19600091176349
		Usuarios totais: 25
$x_{7,74}$
	 $pastx_{7,74}$ : 0.0
	 $y_{7,74,6}$ = 5.591257620019036 dB
	 $y_{7,74,14}$ = 7.741323115888903 dB
	 $y_{7,74,27}$ = 7.082963164466449 dB
	 $y_{7,74,67}$ = 7.461682855685581 dB
	 $y_{7,74,72}$ = 12.819789113089996 dB
	 $y_{7,74,74}$ = 92.14916145986543 dB
	 $y_{7,74,78}$ = 11.171967121498426 dB
	 $y_{7,74,86}$ = 15.998023204930163 dB
	 $y_{7,74,89}$ = 5.058621570053816 dB
	 $y_{7,74,95}$ = 24.514377981498114 dB
		SNR medio: 82.1491624613853
		Usuarios totais: 11
Distances:
37 : 61 = 2683.281572999748
37 : 74 = 2000.0
61 : 74 = 1264.9110640673518
t=8
$x_{8,23}$
	 $pastx_{8,23}$ : 0.0
	 $y_{8,23,0}$ = 10.752588470684017 dB
	 $y_{8,23,1}$ = 14.590573679110435 dB
	 $y_{8,23,5}$ = 9.231137744472505 dB
	 $y_{8,23,12}$ = 28.04978071103605 dB
	 $y_{8,23,20}$ = 8.695944782099303 dB
	 $y_{8,23,22}$ = 29.82792807861634 dB
	 $y_{8,23,24}$ = 35.324728061542494 dB
	 $y_{8,23,25}$ = 18.493762354079536 dB
	 $y_{8,23,30}$ = 12.04418897276993 dB
	 $y_{8,23,32}$ = 20.81040993722867 dB
	 $y_{8,23,34}$ = 20.20755292244364 dB
	 $y_{8,23,35}$ = 17.344293488097108 dB
	 $y_{8,23,36}$ = 12.535155463024665 dB
	 $y_{8,23,40}$ = 5.116367333554422 dB
	 $y_{8,23,43}$ = 17.164197101157754 dB
	 $y_{8,23,47}$ = 6.736166714915001 dB
	 $y_{8,23,51}$ = 8.054517797690636 dB
	 $y_{8,23,54}$ = 19.146947400456938 dB
	 $y_{8,23,63}$ = 14.353004963875492 dB
		SNR medio: 24.712715970954303
		Usuarios totais: 24
$x_{8,37}$
	 $y_{8,37,7}$ = 23.176466176255815 dB
	 $y_{8,37,16}$ = 16.543076211237008 dB
	 $y_{8,37,18}$ = 12.120325111236639 dB
	 $y_{8,37,29}$ = 28.872422252294896 dB
	 $y_{8,37,46}$ = 21.083050185266842 dB
	 $y_{8,37,49}$ = 9.284152805342458 dB
	 $y_{8,37,57}$ = 13.589726913313797 dB
	 $y_{8,37,59}$ = 11.811663078504125 dB
	 $y_{8,37,65}$ = 7.676099363556034 dB
	 $y_{8,37,66}$ = 9.735959211180187 dB
	 $y_{8,37,69}$ = 8.986962284813671 dB
		SNR medio: 20.515250622695277
		Usuarios totais: 13
$x_{8,61}$
	 $pastx_{8,61}$ : 1.0
	 $y_{8,61,2}$ = 8.408244408422064 dB
	 $y_{8,61,3}$ = 8.248964206519815 dB
	 $y_{8,61,90}$ = 15.123646213210378 dB
		SNR medio: 11.87044197251713
		Usuarios totais: 4
$x_{8,74}$
	 $pastx_{8,74}$ : 1.0
	 $y_{8,74,45}$ = 15.51556080365036 dB
	 $y_{8,74,64}$ = 31.509182091544247 dB
	 $y_{8,74,67}$ = 7.461682855685581 dB
	 $y_{8,74,70}$ = 10.158348693597873 dB
	 $y_{8,74,74}$ = 92.14916145986543 dB
	 $y_{8,74,75}$ = 28.785027364365533 dB
	 $y_{8,74,76}$ = 15.759515442792079 dB
	 $y_{8,74,78}$ = 11.171967121498426 dB
	 $y_{8,74,87}$ = 9.339890019081594 dB
	 $y_{8,74,89}$ = 5.058621570053816 dB
	 $y_{8,74,91}$ = 5.137652530170243 dB
	 $y_{8,74,96}$ = 12.42007195161517 dB
	 $y_{8,74,97}$ = 11.244896519836033 dB
		SNR medio: 81.0097340785196
		Usuarios totais: 19
Distances:
23 : 37 = 1649.2422502470642
23 : 61 = 1788.8543819998317
23 : 74 = 2039.607805437114
37 : 61 = 2683.281572999748
37 : 74 = 2000.0
61 : 74 = 1264.9110640673518
t=9
$x_{9,23}$
	 $pastx_{9,23}$ : 1.0
	 $y_{9,23,0}$ = 10.752588470684017 dB
	 $y_{9,23,1}$ = 14.590573679110435 dB
	 $y_{9,23,2}$ = 20.187010066283165 dB
	 $y_{9,23,9}$ = 9.202801563979364 dB
	 $y_{9,23,12}$ = 28.04978071103605 dB
	 $y_{9,23,13}$ = 30.90140172973547 dB
	 $y_{9,23,14}$ = 20.071140458189248 dB
	 $y_{9,23,21}$ = 21.75297583189129 dB
	 $y_{9,23,23}$ = 88.84343253935468 dB
	 $y_{9,23,30}$ = 12.04418897276993 dB
	 $y_{9,23,34}$ = 20.20755292244364 dB
	 $y_{9,23,35}$ = 17.344293488097108 dB
	 $y_{9,23,45}$ = 10.956874227067473 dB
	 $y_{9,23,63}$ = 14.353004963875492 dB
	 $y_{9,23,72}$ = 5.9776210409378905 dB
		SNR medio: 77.08253407662433
		Usuarios totais: 16
$x_{9,37}$
	 $y_{9,37,11}$ = 5.829861780661702 dB
	 $y_{9,37,15}$ = 12.221158061493014 dB
	 $y_{9,37,18}$ = 12.120325111236639 dB
	 $y_{9,37,24}$ = 14.555999094042619 dB
	 $y_{9,37,25}$ = 13.399832315570563 dB
	 $y_{9,37,26}$ = 19.129892857253054 dB
	 $y_{9,37,28}$ = 26.79841355448974 dB
	 $y_{9,37,33}$ = 7.9165123137804585 dB
	 $y_{9,37,39}$ = 18.400482609853896 dB
	 $y_{9,37,42}$ = 10.81045161318356 dB
	 $y_{9,37,43}$ = 9.399444178207318 dB
	 $y_{9,37,44}$ = 9.112169689918872 dB
	 $y_{9,37,46}$ = 21.083050185266842 dB
	 $y_{9,37,47}$ = 30.173032450866472 dB
	 $y_{9,37,48}$ = 22.12954425347914 dB
	 $y_{9,37,49}$ = 9.284152805342458 dB
	 $y_{9,37,52}$ = 5.139810859438427 dB
	 $y_{9,37,54}$ = 5.4003842010415894 dB
	 $y_{9,37,55}$ = 17.16709108858086 dB
	 $y_{9,37,57}$ = 13.589726913313797 dB
	 $y_{9,37,77}$ = 7.38766200294998 dB
	 $y_{9,37,84}$ = 5.769740789826159 dB
		SNR medio: 19.96727091406444
		Usuarios totais: 28
$x_{9,74}$
	 $pastx_{9,74}$ : 2.0
	 $y_{9,74,31}$ = 6.046567502366742 dB
	 $y_{9,74,68}$ = 7.815074853290497 dB
	 $y_{9,74,70}$ = 10.158348693597873 dB
	 $y_{9,74,78}$ = 11.171967121498426 dB
	 $y_{9,74,80}$ = 7.807149160695843 dB
	 $y_{9,74,81}$ = 6.315488505265137 dB
	 $y_{9,74,89}$ = 5.058621570053816 dB
		SNR medio: 8.275671481854152
		Usuarios totais: 8
$x_{9,85}$
	 $pastx_{9,85}$ : 0.0
	 $y_{9,85,53}$ = 7.550481073976528 dB
	 $y_{9,85,75}$ = 29.889291405388235 dB
	 $y_{9,85,82}$ = 9.804162221381759 dB
	 $y_{9,85,88}$ = 17.79183452445848 dB
	 $y_{9,85,90}$ = 10.183742138410608 dB
	 $y_{9,85,98}$ = 22.990845581139922 dB
		SNR medio: 23.221365100366288
		Usuarios totais: 8
Distances:
23 : 37 = 1649.2422502470642
23 : 74 = 2039.607805437114
23 : 85 = 2529.8221281347037
37 : 74 = 2000.0
37 : 85 = 2154.0659228538016
74 : 85 = 565.685424949238
--- Done after 0.2912218383948008 hours. ---
