-------------Calculating Solution (this may take a while)
+++++++++++++++++++Min Sinr: 10 dB (pgwo2)
+++++++++++++++++++With backhaul constraint. Start: 2023-06-30 04:37:27

Parameters:
- chosen seed 24
- Map with 100 sectors
- Map 4000 x 4000 m
- Sector has a side of 400 m
- Max time:  12
- users_t_m:  [[0, 0, 0, 0, 0, 0, 0, 0, 0, 0, 0, 0, 0, 0, 0, 0, 0, 0, 0, 0, 0, 0, 0, 0, 0, 0, 0, 0, 0, 0, 0, 0, 0, 0, 0, 0, 0, 0, 0, 0, 0, 0, 0, 0, 0, 0, 0, 0, 0, 0, 0, 0, 0, 0, 0, 0, 0, 0, 0, 0, 0, 0, 0, 0, 0, 0, 1, 1, 0, 0, 0, 0, 0, 0, 0, 0, 12, 13, 0, 0, 0, 0, 0, 0, 0, 0, 2, 2, 0, 0, 0, 0, 0, 0, 0, 0, 0, 0, 0, 0], [0, 1, 0, 1, 0, 1, 0, 0, 0, 0, 0, 0, 0, 0, 1, 0, 0, 0, 1, 0, 0, 0, 1, 0, 0, 1, 0, 0, 0, 0, 0, 0, 0, 0, 0, 1, 1, 0, 0, 0, 1, 0, 0, 0, 0, 0, 1, 0, 0, 1, 1, 0, 0, 0, 0, 0, 2, 0, 0, 1, 2, 0, 0, 0, 0, 0, 0, 2, 0, 0, 0, 0, 0, 0, 0, 2, 8, 10, 0, 0, 0, 0, 1, 0, 0, 3, 2, 0, 0, 0, 2, 1, 2, 0, 1, 0, 1, 0, 0, 0], [2, 0, 0, 0, 2, 0, 3, 2, 0, 0, 1, 0, 1, 0, 1, 0, 0, 0, 1, 0, 0, 0, 0, 1, 1, 1, 0, 1, 1, 1, 0, 0, 1, 2, 1, 0, 0, 1, 0, 0, 0, 0, 0, 0, 0, 0, 1, 2, 0, 0, 0, 0, 1, 1, 0, 2, 1, 0, 0, 1, 2, 2, 0, 0, 0, 0, 2, 1, 2, 0, 1, 1, 0, 0, 0, 3, 14, 22, 0, 0, 0, 0, 0, 3, 0, 0, 5, 1, 0, 0, 2, 0, 1, 0, 1, 0, 0, 0, 0, 0], [0, 1, 0, 0, 0, 1, 1, 1, 1, 0, 1, 1, 0, 1, 1, 1, 0, 0, 0, 1, 0, 0, 2, 3, 2, 2, 0, 0, 1, 1, 2, 1, 0, 3, 0, 1, 0, 0, 1, 1, 3, 0, 2, 2, 2, 0, 0, 2, 0, 0, 0, 1, 1, 0, 1, 0, 2, 1, 2, 0, 0, 1, 0, 0, 0, 2, 5, 0, 0, 3, 0, 0, 2, 2, 4, 0, 8, 21, 1, 2, 4, 1, 0, 0, 0, 1, 2, 1, 0, 0, 1, 1, 2, 2, 1, 2, 2, 2, 0, 2], [1, 1, 2, 2, 0, 1, 3, 0, 0, 2, 3, 3, 1, 0, 1, 2, 1, 2, 2, 2, 4, 0, 1, 1, 0, 0, 2, 1, 0, 1, 4, 1, 0, 2, 2, 1, 1, 2, 0, 1, 1, 3, 2, 1, 0, 0, 1, 1, 1, 1, 1, 2, 2, 2, 0, 2, 0, 0, 1, 2, 2, 1, 2, 1, 1, 1, 4, 2, 3, 0, 2, 0, 4, 2, 0, 4, 14, 11, 0, 2, 1, 2, 2, 0, 1, 0, 2, 1, 0, 2, 2, 2, 1, 1, 0, 1, 3, 0, 2, 2], [1, 1, 0, 0, 4, 1, 1, 1, 4, 2, 3, 2, 0, 5, 1, 1, 1, 2, 1, 1, 1, 0, 2, 0, 2, 1, 1, 1, 0, 2, 5, 2, 1, 2, 3, 1, 0, 1, 0, 2, 2, 3, 1, 4, 5, 3, 2, 0, 1, 1, 0, 1, 2, 2, 4, 1, 2, 2, 0, 1, 3, 1, 2, 2, 1, 1, 0, 1, 7, 5, 0, 0, 2, 0, 1, 1, 8, 17, 2, 1, 2, 1, 3, 1, 0, 2, 2, 1, 2, 1, 0, 3, 5, 2, 3, 1, 0, 1, 1, 1], [3, 0, 0, 1, 0, 3, 1, 1, 3, 2, 1, 1, 0, 2, 2, 0, 0, 3, 1, 2, 2, 0, 1, 3, 2, 1, 3, 2, 0, 3, 1, 3, 2, 3, 3, 0, 1, 1, 3, 2, 5, 3, 2, 3, 1, 1, 2, 3, 1, 2, 1, 1, 1, 0, 0, 2, 0, 1, 1, 1, 1, 0, 1, 3, 1, 2, 2, 0, 2, 2, 1, 0, 1, 2, 3, 2, 2, 1, 0, 2, 2, 0, 0, 2, 0, 1, 1, 1, 0, 0, 0, 1, 3, 3, 1, 1, 1, 3, 2, 2], [1, 2, 2, 1, 0, 2, 2, 1, 1, 3, 2, 2, 2, 0, 0, 0, 2, 1, 1, 2, 0, 0, 0, 2, 1, 1, 2, 2, 0, 0, 1, 0, 0, 2, 0, 0, 0, 4, 1, 1, 3, 0, 2, 3, 2, 0, 0, 2, 1, 0, 0, 1, 3, 1, 0, 3, 1, 0, 1, 2, 1, 1, 4, 0, 0, 0, 3, 2, 0, 1, 1, 1, 0, 1, 1, 1, 0, 1, 0, 0, 0, 0, 0, 0, 1, 0, 1, 1, 4, 1, 2, 3, 2, 3, 1, 0, 0, 1, 3, 0], [3, 1, 1, 1, 2, 3, 3, 0, 1, 0, 2, 2, 1, 1, 0, 0, 1, 3, 1, 1, 0, 1, 0, 1, 1, 0, 1, 2, 1, 1, 0, 0, 1, 1, 0, 2, 2, 0, 0, 1, 0, 0, 1, 1, 0, 0, 0, 0, 2, 1, 0, 0, 2, 0, 1, 1, 1, 0, 0, 2, 0, 1, 2, 0, 0, 1, 2, 1, 0, 1, 0, 0, 0, 0, 0, 1, 1, 2, 1, 1, 0, 1, 0, 1, 1, 0, 1, 0, 1, 1, 1, 2, 0, 0, 0, 0, 2, 0, 0, 3], [2, 0, 0, 1, 1, 1, 0, 0, 1, 0, 0, 0, 0, 0, 0, 0, 1, 1, 1, 0, 1, 1, 1, 3, 0, 1, 0, 0, 0, 1, 0, 0, 0, 0, 1, 0, 2, 0, 1, 0, 1, 1, 0, 0, 0, 0, 1, 0, 2, 0, 0, 0, 0, 1, 1, 0, 1, 1, 0, 0, 0, 1, 1, 0, 0, 0, 2, 1, 1, 0, 0, 1, 2, 0, 1, 0, 0, 0, 0, 0, 0, 0, 2, 0, 0, 0, 0, 1, 2, 1, 2, 0, 0, 1, 3, 1, 0, 1, 1, 0], [0, 1, 0, 0, 0, 0, 0, 0, 0, 1, 0, 0, 1, 0, 0, 0, 1, 0, 0, 0, 0, 1, 1, 0, 2, 1, 0, 0, 0, 0, 1, 1, 0, 0, 0, 1, 0, 1, 2, 0, 0, 0, 0, 0, 0, 0, 3, 1, 0, 0, 0, 0, 0, 0, 0, 1, 0, 0, 0, 2, 0, 1, 0, 1, 0, 0, 0, 0, 0, 1, 0, 0, 0, 0, 0, 0, 0, 1, 0, 0, 0, 1, 0, 0, 0, 0, 0, 1, 0, 0, 1, 0, 0, 1, 0, 0, 0, 0, 1, 0], [0, 0, 0, 0, 0, 0, 0, 0, 1, 0, 1, 0, 1, 0, 0, 0, 1, 0, 0, 0, 0, 0, 0, 1, 0, 0, 0, 0, 1, 0, 0, 0, 0, 0, 0, 0, 0, 0, 0, 0, 0, 0, 0, 0, 0, 0, 0, 0, 0, 0, 1, 0, 0, 0, 0, 0, 0, 0, 0, 1, 0, 0, 0, 0, 1, 0, 0, 0, 0, 0, 0, 0, 1, 0, 0, 0, 0, 0, 0, 0, 0, 0, 0, 0, 0, 0, 0, 0, 0, 0, 0, 0, 0, 0, 0, 0, 0, 0, 0, 0]]
MAX_USER_PER_ANTENNAS_m:  [40, 40, 40, 40, 40, 40, 40, 40, 40, 40, 40, 40, 40, 40, 40, 40, 40, 40, 40, 40, 40, 40, 40, 40, 40, 40, 40, 40, 40, 40, 40, 40, 40, 40, 40, 40, 40, 40, 40, 40, 40, 40, 40, 40, 40, 40, 40, 40, 40, 40, 40, 40, 40, 40, 40, 40, 40, 40, 40, 40, 40, 40, 40, 40, 40, 40, 40, 40, 40, 40, 40, 40, 40, 40, 40, 40, 40, 40, 40, 40, 40, 40, 40, 40, 40, 40, 40, 40, 40, 40, 40, 40, 40, 40, 40, 40, 40, 40, 40, 40]
antennas_map_m:  [1, 1, 1, 1, 1, 1, 1, 1, 1, 1, 1, 1, 1, 1, 1, 1, 1, 1, 1, 1, 1, 1, 1, 1, 1, 1, 1, 1, 1, 1, 1, 1, 1, 1, 1, 1, 1, 1, 1, 1, 1, 1, 1, 1, 1, 1, 1, 1, 1, 1, 1, 1, 1, 1, 1, 1, 1, 1, 1, 1, 1, 1, 1, 1, 1, 1, 1, 1, 1, 1, 1, 1, 1, 1, 1, 1, 1, 1, 1, 1, 1, 1, 1, 1, 1, 1, 1, 1, 1, 1, 1, 1, 1, 1, 1, 1, 1, 1, 1, 1]
FIRST_ANTENNA:  91
MIN_SNR_m:  [10.0, 10.0, 10.0, 10.0, 10.0, 10.0, 10.0, 10.0, 10.0, 10.0, 10.0, 10.0, 10.0, 10.0, 10.0, 10.0, 10.0, 10.0, 10.0, 10.0, 10.0, 10.0, 10.0, 10.0, 10.0, 10.0, 10.0, 10.0, 10.0, 10.0, 10.0, 10.0, 10.0, 10.0, 10.0, 10.0, 10.0, 10.0, 10.0, 10.0, 10.0, 10.0, 10.0, 10.0, 10.0, 10.0, 10.0, 10.0, 10.0, 10.0, 10.0, 10.0, 10.0, 10.0, 10.0, 10.0, 10.0, 10.0, 10.0, 10.0, 10.0, 10.0, 10.0, 10.0, 10.0, 10.0, 10.0, 10.0, 10.0, 10.0, 10.0, 10.0, 10.0, 10.0, 10.0, 10.0, 10.0, 10.0, 10.0, 10.0, 10.0, 10.0, 10.0, 10.0, 10.0, 10.0, 10.0, 10.0, 10.0, 10.0, 10.0, 10.0, 10.0, 10.0, 10.0, 10.0, 10.0, 10.0, 10.0, 10.0]
-MIN_DIST:  2000
- disaster percentage:  0

Slice 0
Fitnes _wolf:  -inf

Run GWO to deployment +1 antenna on the map
	Pack size:  50
	Wolf dimension 1
	Max iter 100
	antennas_regions:  [91]
	users_regions:  [66 67 76 77 86 87]
	Fitness function:  <function fitness_pgwo2 at 0x7f11058800e0>
	Seed_base:  0
initial_alpha:  Wolf 35 (35). Fitness: 16.019249925451483
	(2194.778422575289, 3002.163801542683, 0). Region: 75
initial_beta:  Wolf 0 (0). Fitness: -inf
	(3377.6874061001927, 3031.8176117612097, 0). Region: 78
initial_delta:  Wolf 1 (1). Fitness: -inf
	(537.4569764496049, 3389.7349477489306, 0). Region: 81 

The alpha wolf has been updated to a position with higher fitness. iter = 0
New alpha wolf:  Wolf 47 (47). Fitness: 50.80538745402744
	(2337.341185196813, 3621.3839257800128, 0.0). Region: 95
iter = 10
Alpha wolf:  Wolf 47 (47). Fitness: 50.80538745402744
	(2149.9787970582156, 3819.3804375993477, 0.0). Region: 95
iter = 20
Alpha wolf:  Wolf 47 (47). Fitness: 50.80538745402744
	(2149.9787970582156, 3819.3804375993477, 0.0). Region: 95
iter = 30
Alpha wolf:  Wolf 47 (47). Fitness: 50.80538745402744
	(2245.885556932886, 3783.782162456303, 0.0). Region: 95
iter = 40
Alpha wolf:  Wolf 47 (47). Fitness: 50.80538745402744
	(2191.599278283113, 3830.2649752190737, 0.0). Region: 95
iter = 50
Alpha wolf:  Wolf 47 (47). Fitness: 50.80538745402744
	(2238.4317869776187, 3796.2947082783303, 0.0). Region: 95
iter = 60
Alpha wolf:  Wolf 47 (47). Fitness: 50.80538745402744
	(2303.081732788376, 3990.93066109504, 0.0). Region: 95
iter = 70
Alpha wolf:  Wolf 47 (47). Fitness: 50.80538745402744
	(2286.275083288481, 3683.385677336518, 0.0). Region: 95
iter = 80
Alpha wolf:  Wolf 47 (47). Fitness: 50.80538745402744
	(2215.9306360963474, 3802.567836039412, 0.0). Region: 95
iter = 90
Alpha wolf:  Wolf 47 (47). Fitness: 50.80538745402744
	(2190.708012850371, 3983.6551473712098, 0.0). Region: 95

- Finishing GWO - 

Best solution:  Wolf 47 (47). Fitness: 50.80538745402744
	(2356.863372424543, 3935.6966279097237, 0.0). Region: 95
Antennas in slice 0:  [91 95]
Results:  [array([91, 95])]

Slice 1
Fitnes _wolf:  -inf

Run GWO to deployment +1 antenna on the map
	Pack size:  50
	Wolf dimension 1
	Max iter 100
	antennas_regions:  [91 95]
	users_regions:  [ 1  3  5 14 18 22 25 35 36 40 46 49 50 56 59 60 67 75 76 77 82 85 86 90
 91 92 94 96]
	Fitness function:  <function fitness_pgwo2 at 0x7f11058800e0>
	Seed_base:  50
initial_alpha:  Wolf 0 (50). Fitness: -inf
	(1990.1462750344092, 1064.6948922901624, 0). Region: 24
initial_beta:  Wolf 1 (51). Fitness: -inf
	(974.071050837348, 2008.835958012624, 0). Region: 52
initial_delta:  Wolf 2 (52). Fitness: -inf
	(3913.4194334839867, 218.09062004182954, 0). Region: 9 

iter = 10
Alpha wolf:  Wolf 0 (50). Fitness: -inf
	(3434.0392672531843, 1257.0919518326918, 0.0). Region: 38
iter = 20
Alpha wolf:  Wolf 0 (50). Fitness: -inf
	(1675.999600118152, 2453.706715361084, 0.0). Region: 64
iter = 30
Alpha wolf:  Wolf 0 (50). Fitness: -inf
	(3050.0353319538444, 1240.793211419308, 0.0). Region: 37
iter = 40
Alpha wolf:  Wolf 0 (50). Fitness: -inf
	(2135.389602056523, 1807.7437488753412, 0.0). Region: 45
iter = 50
Alpha wolf:  Wolf 0 (50). Fitness: -inf
	(2785.1120919555183, 3614.470656321588, 0.0). Region: 96
iter = 60
Alpha wolf:  Wolf 0 (50). Fitness: -inf
	(2895.0311754453332, 3736.213816339099, 0.0). Region: 97
iter = 70
Alpha wolf:  Wolf 0 (50). Fitness: -inf
	(2528.228186002096, 2775.286237585655, 0.0). Region: 66
iter = 80
Alpha wolf:  Wolf 0 (50). Fitness: -inf
	(3018.063633454127, 2411.0448612883306, 0.0). Region: 67
iter = 90
Alpha wolf:  Wolf 0 (50). Fitness: -inf
	(2699.129432630447, 2940.9682522318626, 0.0). Region: 76

- Finishing GWO - 


Run GWO to deployment +2 antenna on the map
	Pack size:  50
	Wolf dimension 2
	Max iter 100
	antennas_regions:  [91 95]
	users_regions:  [ 1  3  5 14 18 22 25 35 36 40 46 49 50 56 59 60 67 75 76 77 82 85 86 90
 91 92 94 96]
	Fitness function:  <function fitness_pgwo2 at 0x7f11058800e0>
	Seed_base:  100
initial_alpha:  Wolf 0 (100). Fitness: -inf
	(582.6770204165213, 1819.7080180560854, 0). Region: 41
	(3083.1352226360887, 2822.052907736112, 0). Region: 77
initial_beta:  Wolf 1 (101). Fitness: -inf
	(2324.6085300182585, 779.0179821365468, 0). Region: 15
	(3861.0044282444446, 3695.905606707177, 0). Region: 99
initial_delta:  Wolf 2 (102). Fitness: -inf
	(592.6848255483344, 2463.8611483048944, 0). Region: 61
	(678.7432895426688, 2850.0277895008303, 0). Region: 71 

iter = 10
Alpha wolf:  Wolf 0 (100). Fitness: -inf
	(727.1052874564741, 2679.425478996681, 0.0). Region: 61
	(1382.5691180880817, 537.5798167460487, 0.0). Region: 13
iter = 20
Alpha wolf:  Wolf 0 (100). Fitness: -inf
	(1295.0418831884201, 861.8897582520318, 0.0). Region: 23
	(3543.716976758933, 949.6340102235373, 0.0). Region: 28
iter = 30
Alpha wolf:  Wolf 0 (100). Fitness: -inf
	(661.2890350177928, 759.1510903769058, 0.0). Region: 11
	(1445.1213643692163, 913.885999557564, 0.0). Region: 23
iter = 40
Alpha wolf:  Wolf 0 (100). Fitness: -inf
	(295.80833468427693, 558.5065764504751, 0.0). Region: 10
	(782.2814362745769, 351.951706485866, 0.0). Region: 1
iter = 50
Alpha wolf:  Wolf 0 (100). Fitness: -inf
	(421.6281885569017, 1158.312203210953, 0.0). Region: 21
	(613.6872332792018, 271.29090820635986, 0.0). Region: 1
iter = 60
Alpha wolf:  Wolf 0 (100). Fitness: -inf
	(587.8077269251552, 1009.6953174138613, 0.0). Region: 21
	(614.9842680665183, 227.71992007303007, 0.0). Region: 1
iter = 70
Alpha wolf:  Wolf 0 (100). Fitness: -inf
	(687.9667812359027, 1081.8784410693138, 0.0). Region: 21
	(808.7966028211818, 155.55055918867117, 0.0). Region: 2
iter = 80
Alpha wolf:  Wolf 0 (100). Fitness: -inf
	(849.5965374469424, 729.1337735043571, 0.0). Region: 12
	(926.4898884164332, 172.42587216554412, 0.0). Region: 2
iter = 90
Alpha wolf:  Wolf 0 (100). Fitness: -inf
	(758.6501997670048, 789.1240115666175, 0.0). Region: 11
	(989.2276298406248, 168.42625883110463, 0.0). Region: 2

- Finishing GWO - 


Run GWO to deployment +3 antenna on the map
	Pack size:  50
	Wolf dimension 3
	Max iter 100
	antennas_regions:  [91 95]
	users_regions:  [ 1  3  5 14 18 22 25 35 36 40 46 49 50 56 59 60 67 75 76 77 82 85 86 90
 91 92 94 96]
	Fitness function:  <function fitness_pgwo2 at 0x7f11058800e0>
	Seed_base:  150
initial_alpha:  Wolf 0 (150). Fitness: -inf
	(3295.228967856352, 3580.836635796672, 0). Region: 88
	(751.473642213539, 1215.4358867466128, 0). Region: 31
	(1913.193826237758, 651.6169136788617, 0). Region: 14
initial_beta:  Wolf 1 (151). Fitness: -inf
	(2826.2949409966977, 3383.9252850902753, 0). Region: 87
	(3803.1426880375734, 2531.1547435486596, 0). Region: 69
	(818.4409842517395, 3893.295803136745, 0). Region: 92
initial_delta:  Wolf 2 (152). Fitness: -inf
	(3910.6132911531163, 1565.8019670122374, 0). Region: 39
	(584.7257787554714, 3886.4213585906614, 0). Region: 91
	(3193.5153629310744, 2498.6899798302097, 0). Region: 67 

The alpha wolf has been updated to a position with higher fitness. iter = 3
New alpha wolf:  Wolf 2 (152). Fitness: 3.114045348913126e-05
	(2851.32018909119, 1001.502689116755, 0.0). Region: 27
	(1447.0947044340069, 341.7682827643031, 0.0). Region: 3
	(100.14573638319226, 2363.804531842753, 0.0). Region: 50
The alpha wolf has been updated to a position with higher fitness. iter = 7
New alpha wolf:  Wolf 27 (177). Fitness: 3.6350630951097083e-05
	(2894.1961875188254, 973.9334285422599, 0.0). Region: 27
	(691.3699355087434, 1113.2860812800382, 0.0). Region: 21
	(1335.5304614928762, 2335.7358175306213, 0.0). Region: 53
The alpha wolf has been updated to a position with higher fitness. iter = 8
New alpha wolf:  Wolf 46 (196). Fitness: 3.67500884340657e-05
	(3252.5892716237004, 1531.5325529508566, 0.0). Region: 38
	(1925.6767771711668, 1554.4081940400774, 0.0). Region: 34
	(532.0627527738318, 1318.8965706152708, 0.0). Region: 31
iter = 10
Alpha wolf:  Wolf 46 (196). Fitness: 3.67500884340657e-05
	(3252.5892716237004, 1531.5325529508566, 0.0). Region: 38
	(1925.6767771711668, 1554.4081940400774, 0.0). Region: 34
	(532.0627527738318, 1318.8965706152708, 0.0). Region: 31
The alpha wolf has been updated to a position with higher fitness. iter = 10
New alpha wolf:  Wolf 17 (167). Fitness: 3.7549003400023965e-05
	(3262.346654004398, 2122.9672423415923, 0.0). Region: 58
	(1922.0407997912312, 1112.9685681233402, 0.0). Region: 24
	(516.2074950418685, 2548.679470835248, 0.0). Region: 61
The alpha wolf has been updated to a position with higher fitness. iter = 15
New alpha wolf:  Wolf 11 (161). Fitness: 3.7948460882999865e-05
	(3522.0489678536833, 1713.2724737169358, 0.0). Region: 48
	(2354.57043815525, 451.6225521254171, 0.0). Region: 15
	(539.3165050403883, 1515.4324074868175, 0.0). Region: 31
The alpha wolf has been updated to a position with higher fitness. iter = 17
New alpha wolf:  Wolf 39 (189). Fitness: 3.834791836595925e-05
	(3238.548293447737, 2199.488422066426, 0.0). Region: 58
	(2300.1312586963254, 669.7798217328989, 0.0). Region: 15
	(662.51078355182, 1053.7996074464472, 0.0). Region: 21
iter = 20
Alpha wolf:  Wolf 39 (189). Fitness: 3.834791836595925e-05
	(3238.548293447737, 2199.488422066426, 0.0). Region: 58
	(2300.1312586963254, 669.7798217328989, 0.0). Region: 15
	(662.51078355182, 1053.7996074464472, 0.0). Region: 21
iter = 30
Alpha wolf:  Wolf 39 (189). Fitness: 3.834791836595925e-05
	(3238.548293447737, 2199.488422066426, 0.0). Region: 58
	(2300.1312586963254, 669.7798217328989, 0.0). Region: 15
	(662.51078355182, 1053.7996074464472, 0.0). Region: 21
iter = 40
Alpha wolf:  Wolf 39 (189). Fitness: 3.834791836595925e-05
	(3238.548293447737, 2199.488422066426, 0.0). Region: 58
	(2300.1312586963254, 669.7798217328989, 0.0). Region: 15
	(662.51078355182, 1053.7996074464472, 0.0). Region: 21
iter = 50
Alpha wolf:  Wolf 39 (189). Fitness: 3.834791836595925e-05
	(3238.548293447737, 2199.488422066426, 0.0). Region: 58
	(2300.1312586963254, 669.7798217328989, 0.0). Region: 15
	(662.51078355182, 1053.7996074464472, 0.0). Region: 21
The alpha wolf has been updated to a position with higher fitness. iter = 55
New alpha wolf:  Wolf 39 (189). Fitness: 3.83479183659834e-05
	(3260.039825237127, 2003.08479928213, 0.0). Region: 58
	(1860.0671291919666, 832.8326476785394, 0.0). Region: 24
	(592.5875792670515, 1061.6931271546073, 0.0). Region: 21
iter = 60
Alpha wolf:  Wolf 39 (189). Fitness: 3.83479183659834e-05
	(3260.039825237127, 2003.08479928213, 0.0). Region: 58
	(1860.0671291919666, 832.8326476785394, 0.0). Region: 24
	(592.5875792670515, 1061.6931271546073, 0.0). Region: 21
iter = 70
Alpha wolf:  Wolf 39 (189). Fitness: 3.83479183659834e-05
	(3260.039825237127, 2003.08479928213, 0.0). Region: 58
	(1860.0671291919666, 832.8326476785394, 0.0). Region: 24
	(592.5875792670515, 1061.6931271546073, 0.0). Region: 21
iter = 80
Alpha wolf:  Wolf 39 (189). Fitness: 3.83479183659834e-05
	(3511.7793883334944, 2222.6451631021982, 0.0). Region: 58
	(1666.0797147530502, 996.6890361701726, 0.0). Region: 24
	(651.515377312774, 802.1423313603304, 0.0). Region: 21
iter = 90
Alpha wolf:  Wolf 39 (189). Fitness: 3.83479183659834e-05
	(3497.3646559182534, 2266.361796555818, 0.0). Region: 58
	(1606.2992639078907, 1057.1970792824002, 0.0). Region: 24
	(733.6509455787769, 881.2892229841395, 0.0). Region: 21

- Finishing GWO - 

Best solution:  Wolf 39 (189). Fitness: 3.83479183659834e-05
	(3467.5434754516755, 2326.1147983773926, 0.0). Region: 58
	(1766.2190061552774, 1009.3055242663077, 0.0). Region: 24
	(726.7793653905978, 854.5580783927915, 0.0). Region: 21
Antennas in slice 1:  [21 24 58 91 95]
Results:  [array([91, 95]), array([21, 24, 58, 91, 95])]

Slice 2
Fitnes _wolf:  -inf

Run GWO to deployment +1 antenna on the map
	Pack size:  50
	Wolf dimension 1
	Max iter 100
	antennas_regions:  [21 24 58 91 95]
	users_regions:  [ 0  4  6  7 10 12 14 18 23 24 25 27 28 29 32 33 34 37 46 47 52 53 55 56
 59 60 61 66 67 68 70 71 75 76 77 83 86 87 90 92 94]
	Fitness function:  <function fitness_pgwo2 at 0x7f11058800e0>
	Seed_base:  200
initial_alpha:  Wolf 0 (200). Fitness: -inf
	(182.43720834157574, 813.787899449597, 0). Region: 20
initial_beta:  Wolf 1 (201). Fitness: -inf
	(268.4090350376151, 1302.3982173307095, 0). Region: 30
initial_delta:  Wolf 2 (202). Fitness: -inf
	(3055.5262978535816, 2579.1230043452256, 0). Region: 67 

The alpha wolf has been updated to a position with higher fitness. iter = 0
New alpha wolf:  Wolf 34 (234). Fitness: 0.00015805892198744492
	(1088.3825401827457, 1768.151929605221, 0.0). Region: 42
iter = 10
Alpha wolf:  Wolf 34 (234). Fitness: 0.00015805892198744492
	(809.5370261721193, 1996.9472198714848, 0.0). Region: 42
iter = 20
Alpha wolf:  Wolf 34 (234). Fitness: 0.00015805892198744492
	(809.5370261721193, 1996.9472198714848, 0.0). Region: 42
iter = 30
Alpha wolf:  Wolf 34 (234). Fitness: 0.00015805892198744492
	(809.5370261721193, 1996.9472198714848, 0.0). Region: 42
iter = 40
Alpha wolf:  Wolf 34 (234). Fitness: 0.00015805892198744492
	(1085.8390518675585, 1777.4183827185225, 0.0). Region: 42
iter = 50
Alpha wolf:  Wolf 34 (234). Fitness: 0.00015805892198744492
	(1160.0670338857929, 1878.2984019501237, 0.0). Region: 42
iter = 60
Alpha wolf:  Wolf 34 (234). Fitness: 0.00015805892198744492
	(1094.6715456702805, 1952.693445523204, 0.0). Region: 42
iter = 70
Alpha wolf:  Wolf 34 (234). Fitness: 0.00015805892198744492
	(941.735853374964, 1871.452631380492, 0.0). Region: 42
iter = 80
Alpha wolf:  Wolf 34 (234). Fitness: 0.00015805892198744492
	(1181.3499583664577, 1779.7460830206878, 0.0). Region: 42
iter = 90
Alpha wolf:  Wolf 34 (234). Fitness: 0.00015805892198744492
	(976.9833239903408, 1851.4137806134388, 0.0). Region: 42

- Finishing GWO - 

Best solution:  Wolf 34 (234). Fitness: 0.00015805892198744492
	(1087.0038682032423, 1819.6351115518733, 0.0). Region: 42
Antennas in slice 2:  [21 24 42 58 91 95]
Results:  [array([91, 95]), array([21, 24, 58, 91, 95]), array([21, 24, 42, 58, 91, 95])]

Slice 3
Fitnes _wolf:  -inf

Run GWO to deployment +1 antenna on the map
	Pack size:  50
	Wolf dimension 1
	Max iter 100
	antennas_regions:  [21 24 42 58 91 95]
	users_regions:  [ 1  5  6  7  8 10 11 13 14 15 19 22 23 24 25 28 29 30 31 33 35 38 39 40
 42 43 44 47 51 52 54 56 57 58 61 65 66 69 72 73 74 76 77 78 79 80 81 85
 86 87 90 91 92 93 94 95 96 97 99]
	Fitness function:  <function fitness_pgwo2 at 0x7f11058800e0>
	Seed_base:  250
initial_alpha:  Wolf 15 (265). Fitness: 4.073695582984579e-05
	(3237.2623798917807, 1912.2582325117367, 0). Region: 48
initial_beta:  Wolf 33 (283). Fitness: 4.073695582984052e-05
	(2899.53044118902, 546.2214604485669, 0). Region: 17
initial_delta:  Wolf 38 (288). Fitness: 4.059360255833219e-05
	(3739.729996246611, 1125.0469369976313, 0). Region: 29 

iter = 10
Alpha wolf:  Wolf 15 (265). Fitness: 4.073695582984579e-05
	(3314.3910985478888, 1940.809186584167, 0.0). Region: 48
iter = 20
Alpha wolf:  Wolf 15 (265). Fitness: 4.073695582984579e-05
	(3314.3910985478888, 1940.809186584167, 0.0). Region: 48
iter = 30
Alpha wolf:  Wolf 15 (265). Fitness: 4.073695582984579e-05
	(3567.1880056364807, 1653.67825092679, 0.0). Region: 48
iter = 40
Alpha wolf:  Wolf 15 (265). Fitness: 4.073695582984579e-05
	(3379.8933826066063, 1664.0487258906753, 0.0). Region: 48
iter = 50
Alpha wolf:  Wolf 15 (265). Fitness: 4.073695582984579e-05
	(3532.6626211413723, 1994.7209575071884, 0.0). Region: 48
iter = 60
Alpha wolf:  Wolf 15 (265). Fitness: 4.073695582984579e-05
	(3444.2977526076365, 1777.3743893533313, 0.0). Region: 48
iter = 70
Alpha wolf:  Wolf 15 (265). Fitness: 4.073695582984579e-05
	(3444.2977526076365, 1777.3743893533313, 0.0). Region: 48
iter = 80
Alpha wolf:  Wolf 15 (265). Fitness: 4.073695582984579e-05
	(3457.7053323985383, 1953.760001644284, 0.0). Region: 48
iter = 90
Alpha wolf:  Wolf 15 (265). Fitness: 4.073695582984579e-05
	(3210.5106674001227, 1998.818291398357, 0.0). Region: 48

- Finishing GWO - 

Best solution:  Wolf 15 (265). Fitness: 4.073695582984579e-05
	(3523.325118441783, 1952.3805049080675, 0.0). Region: 48
Antennas in slice 3:  [21 24 42 48 58 91 95]
Results:  [array([91, 95]), array([21, 24, 58, 91, 95]), array([21, 24, 42, 58, 91, 95]), array([21, 24, 42, 48, 58, 91, 95])]

Slice 4
Fitnes _wolf:  3.1899854740109204e-05
The set of antennas serves the scenario in the respective slice.
Results:  [array([91, 95]), array([21, 24, 58, 91, 95]), array([21, 24, 42, 58, 91, 95]), array([21, 24, 42, 48, 58, 91, 95]), array([21, 24, 42, 48, 58, 91, 95])]

Slice 5
Fitnes _wolf:  3.0768626642661813e-05
The set of antennas serves the scenario in the respective slice.
Results:  [array([91, 95]), array([21, 24, 58, 91, 95]), array([21, 24, 42, 58, 91, 95]), array([21, 24, 42, 48, 58, 91, 95]), array([21, 24, 42, 48, 58, 91, 95]), array([21, 24, 42, 48, 58, 91, 95])]

Slice 6
Fitnes _wolf:  3.359821419052491e-05
The set of antennas serves the scenario in the respective slice.
Results:  [array([91, 95]), array([21, 24, 58, 91, 95]), array([21, 24, 42, 58, 91, 95]), array([21, 24, 42, 48, 58, 91, 95]), array([21, 24, 42, 48, 58, 91, 95]), array([21, 24, 42, 48, 58, 91, 95]), array([21, 24, 42, 48, 58, 91, 95])]

Slice 7
Fitnes _wolf:  2.5042347247396065e-05
The set of antennas serves the scenario in the respective slice.
Results:  [array([91, 95]), array([21, 24, 58, 91, 95]), array([21, 24, 42, 58, 91, 95]), array([21, 24, 42, 48, 58, 91, 95]), array([21, 24, 42, 48, 58, 91, 95]), array([21, 24, 42, 48, 58, 91, 95]), array([21, 24, 42, 48, 58, 91, 95]), array([21, 24, 42, 48, 58, 91, 95])]

Slice 8
Fitnes _wolf:  1.9678091166419107e-05
The set of antennas serves the scenario in the respective slice.
Results:  [array([91, 95]), array([21, 24, 58, 91, 95]), array([21, 24, 42, 58, 91, 95]), array([21, 24, 42, 48, 58, 91, 95]), array([21, 24, 42, 48, 58, 91, 95]), array([21, 24, 42, 48, 58, 91, 95]), array([21, 24, 42, 48, 58, 91, 95]), array([21, 24, 42, 48, 58, 91, 95]), array([21, 24, 42, 48, 58, 91, 95])]

Slice 9
Fitnes _wolf:  1.8761869433752595e-05
The set of antennas serves the scenario in the respective slice.
Results:  [array([91, 95]), array([21, 24, 58, 91, 95]), array([21, 24, 42, 58, 91, 95]), array([21, 24, 42, 48, 58, 91, 95]), array([21, 24, 42, 48, 58, 91, 95]), array([21, 24, 42, 48, 58, 91, 95]), array([21, 24, 42, 48, 58, 91, 95]), array([21, 24, 42, 48, 58, 91, 95]), array([21, 24, 42, 48, 58, 91, 95]), array([21, 24, 42, 48, 58, 91, 95])]

Slice 10
Fitnes _wolf:  5.79818350258129e-05
The set of antennas serves the scenario in the respective slice.
Results:  [array([91, 95]), array([21, 24, 58, 91, 95]), array([21, 24, 42, 58, 91, 95]), array([21, 24, 42, 48, 58, 91, 95]), array([21, 24, 42, 48, 58, 91, 95]), array([21, 24, 42, 48, 58, 91, 95]), array([21, 24, 42, 48, 58, 91, 95]), array([21, 24, 42, 48, 58, 91, 95]), array([21, 24, 42, 48, 58, 91, 95]), array([21, 24, 42, 48, 58, 91, 95]), array([21, 24, 42, 48, 58, 91, 95])]

Slice 11
Fitnes _wolf:  37.26024764363119
The set of antennas serves the scenario in the respective slice.
Results:  [array([91, 95]), array([21, 24, 58, 91, 95]), array([21, 24, 42, 58, 91, 95]), array([21, 24, 42, 48, 58, 91, 95]), array([21, 24, 42, 48, 58, 91, 95]), array([21, 24, 42, 48, 58, 91, 95]), array([21, 24, 42, 48, 58, 91, 95]), array([21, 24, 42, 48, 58, 91, 95]), array([21, 24, 42, 48, 58, 91, 95]), array([21, 24, 42, 48, 58, 91, 95]), array([21, 24, 42, 48, 58, 91, 95]), array([21, 24, 42, 48, 58, 91, 95])]
Results:  [array([91, 95]), array([21, 24, 58, 91, 95]), array([21, 24, 42, 58, 91, 95]), array([21, 24, 42, 48, 58, 91, 95]), array([21, 24, 42, 48, 58, 91, 95]), array([21, 24, 42, 48, 58, 91, 95]), array([21, 24, 42, 48, 58, 91, 95]), array([21, 24, 42, 48, 58, 91, 95]), array([21, 24, 42, 48, 58, 91, 95]), array([21, 24, 42, 48, 58, 91, 95]), array([21, 24, 42, 48, 58, 91, 95]), array([21, 24, 42, 48, 58, 91, 95])]

Média de carros: 6.333333333333333
t=0
Antennas: [91 95]
Users: [66 67 76 77 86 87]
connections:  {66: 95, 67: 95, 76: 95, 77: 95, 86: 95, 87: 95}
$x_{0,91}$
		Usuarios totais: 0
$x_{0,95}$
	 $y_{0,95,66}$ = 12.514787378859069 dB
	 $y_{0,95,67}$ = 16.745582893264228 dB
	 $y_{0,95,76}$ = 13.493523557200604 dB
	 $y_{0,95,77}$ = 13.880643277318313 dB
	 $y_{0,95,86}$ = 19.614398534715235 dB
	 $y_{0,95,87}$ = 23.7604950274241 dB
		SNR medio:  3.2261106667348884
		Usuarios totais: 31
Distances:
91 : 95 = 1600.0
t=1
Antennas: [21 24 58 91 95]
Users: [ 1  3  5 14 18 22 25 35 36 40 46 49 50 56 59 60 67 75 76 77 82 85 86 90
 91 92 94 96]
connections:  {5: 24, 14: 24, 18: 58, 25: 24, 40: 21, 49: 58, 50: 21, 56: 58, 59: 58, 60: 91, 75: 95, 82: 91, 85: 95, 86: 95, 90: 91, 91: 91, 92: 91, 1: 24, 3: 24, 22: 24, 35: 24, 36: 24, 46: 24, 67: 95, 76: 95, 77: 95, 94: 95, 96: 95}
$x_{1,21}$
	 $y_{1,21,40}$ = 16.78522807773902 dB
	 $y_{1,21,50}$ = 16.96382308549103 dB
		SNR medio:  16.874525581615025
		Usuarios totais: 2
$x_{1,24}$
	 $y_{1,24,5}$ = 17.451672246880378 dB
	 $y_{1,24,14}$ = 19.90605294889663 dB
	 $y_{1,24,25}$ = 23.203778892175876 dB
	 $y_{1,24,1}$ = 15.256639640631136 dB
	 $y_{1,24,3}$ = 11.038595973131464 dB
	 $y_{1,24,22}$ = 22.390478663425213 dB
	 $y_{1,24,35}$ = 22.529798138812566 dB
	 $y_{1,24,36}$ = 20.264179763139225 dB
	 $y_{1,24,46}$ = 15.366522779498808 dB
		SNR medio:  18.600857671843478
		Usuarios totais: 9
$x_{1,58}$
	 $y_{1,58,18}$ = 14.216060677225698 dB
	 $y_{1,58,49}$ = 28.458097580276004 dB
	 $y_{1,58,56}$ = 11.017610211202182 dB
	 $y_{1,58,59}$ = 30.875346448124972 dB
		SNR medio:  16.91342298336577
		Usuarios totais: 5
$x_{1,91}$
	 $y_{1,91,60}$ = 11.037872787918303 dB
	 $y_{1,91,82}$ = 12.564694874421633 dB
	 $y_{1,91,90}$ = 29.867500548585312 dB
	 $y_{1,91,91}$ = 92.60667376036639 dB
	 $y_{1,91,92}$ = 18.980873501350345 dB
		SNR medio:  20.63220193408025
		Usuarios totais: 8
$x_{1,95}$
	 $y_{1,95,75}$ = 11.63642617973511 dB
	 $y_{1,95,85}$ = 29.971289900045576 dB
	 $y_{1,95,86}$ = 19.614398534715235 dB
	 $y_{1,95,67}$ = 16.745582893264228 dB
	 $y_{1,95,76}$ = 13.493523557200604 dB
	 $y_{1,95,77}$ = 13.880643277318313 dB
	 $y_{1,95,94}$ = 20.554740338128596 dB
	 $y_{1,95,96}$ = 25.96266265997157 dB
		SNR medio:  5.236526460013077
		Usuarios totais: 29
Distances:
21 : 24 = 1200.0
21 : 58 = 3046.3092423455632
21 : 91 = 2800.0
21 : 95 = 3224.9030993194197
24 : 58 = 2000.0
24 : 91 = 3046.3092423455632
24 : 95 = 2828.42712474619
58 : 91 = 3224.9030993194197
58 : 95 = 2000.0
91 : 95 = 1600.0
t=2
Antennas: [21 24 42 58 91 95]
Users: [ 0  4  6  7 10 12 14 18 23 24 25 27 28 29 32 33 34 37 46 47 52 53 55 56
 59 60 61 66 67 68 70 71 75 76 77 83 86 87 90 92 94]
connections:  {4: 24, 6: 24, 7: 42, 10: 21, 14: 24, 18: 58, 28: 58, 29: 58, 47: 58, 55: 24, 56: 58, 59: 58, 60: 91, 61: 42, 68: 58, 70: 91, 75: 95, 86: 95, 87: 95, 90: 91, 92: 91, 0: 24, 25: 24, 27: 24, 34: 24, 52: 42, 53: 91, 67: 58, 71: 91, 76: 58, 77: 95, 83: 95, 94: 95, 12: 24, 23: 24, 24: 24, 32: 24, 37: 58, 46: 58, 66: 95, 33: 58}
$x_{2,21}$
	 $y_{2,21,10}$ = 26.39368376864263 dB
		SNR medio:  26.39368376864263
		Usuarios totais: 1
$x_{2,24}$
	 $y_{2,24,4}$ = 14.113107246051413 dB
	 $y_{2,24,6}$ = 10.761343113296704 dB
	 $y_{2,24,14}$ = 19.90605294889663 dB
	 $y_{2,24,55}$ = 15.760114929156472 dB
	 $y_{2,24,0}$ = 14.202154154892696 dB
	 $y_{2,24,25}$ = 23.203778892175876 dB
	 $y_{2,24,27}$ = 14.632432512005096 dB
	 $y_{2,24,34}$ = 26.635510344982677 dB
	 $y_{2,24,12}$ = 14.882192784330343 dB
	 $y_{2,24,23}$ = 31.79253239626253 dB
	 $y_{2,24,24}$ = 87.83542683760541 dB
	 $y_{2,24,32}$ = 15.296006460876654 dB
		SNR medio:  17.001214860031325
		Usuarios totais: 17
$x_{2,42}$
	 $y_{2,42,7}$ = 10.433199348043814 dB
	 $y_{2,42,61}$ = 18.116278704354144 dB
	 $y_{2,42,52}$ = 30.264379598256966 dB
		SNR medio:  11.762771530130985
		Usuarios totais: 5
$x_{2,58}$
	 $y_{2,58,18}$ = 14.216060677225698 dB
	 $y_{2,58,28}$ = 10.472132590927458 dB
	 $y_{2,58,29}$ = 10.090379123703713 dB
	 $y_{2,58,47}$ = 20.00290673750841 dB
	 $y_{2,58,56}$ = 11.017610211202182 dB
	 $y_{2,58,59}$ = 30.875346448124972 dB
	 $y_{2,58,68}$ = 34.79770179600612 dB
	 $y_{2,58,67}$ = 25.149210161058207 dB
	 $y_{2,58,76}$ = 13.092644911347122 dB
	 $y_{2,58,37}$ = 19.59932260322705 dB
	 $y_{2,58,46}$ = 16.966422384352953 dB
	 $y_{2,58,33}$ = 12.291606266132817 dB
		SNR medio:  7.806119425386309
		Usuarios totais: 28
$x_{2,91}$
	 $y_{2,91,60}$ = 11.037872787918303 dB
	 $y_{2,91,70}$ = 11.462705656384315 dB
	 $y_{2,91,90}$ = 29.867500548585312 dB
	 $y_{2,91,92}$ = 18.980873501350345 dB
	 $y_{2,91,53}$ = 11.590782410852938 dB
	 $y_{2,91,71}$ = 24.347498925996845 dB
		SNR medio:  13.410904228886007
		Usuarios totais: 8
$x_{2,95}$
	 $y_{2,95,75}$ = 11.63642617973511 dB
	 $y_{2,95,86}$ = 19.614398534715235 dB
	 $y_{2,95,87}$ = 23.7604950274241 dB
	 $y_{2,95,77}$ = 13.880643277318313 dB
	 $y_{2,95,83}$ = 22.46942977873492 dB
	 $y_{2,95,94}$ = 20.554740338128596 dB
	 $y_{2,95,66}$ = 12.514787378859069 dB
		SNR medio:  3.3629978517544687
		Usuarios totais: 37
Distances:
21 : 24 = 1200.0
21 : 42 = 894.4271909999159
21 : 58 = 3046.3092423455632
21 : 91 = 2800.0
21 : 95 = 3224.9030993194197
24 : 42 = 1131.370849898476
24 : 58 = 2000.0
24 : 91 = 3046.3092423455632
24 : 95 = 2828.42712474619
42 : 58 = 2433.105012119288
42 : 91 = 2039.607805437114
42 : 95 = 2332.38075793812
58 : 91 = 3224.9030993194197
58 : 95 = 2000.0
91 : 95 = 1600.0
t=3
Antennas: [21 24 42 48 58 91 95]
Users: [ 1  5  6  7  8 10 11 13 14 15 19 22 23 24 25 28 29 30 31 33 35 38 39 40
 42 43 44 47 51 52 54 56 57 58 61 65 66 69 72 73 74 76 77 78 79 80 81 85
 86 87 90 91 92 93 94 95 96 97 99]
connections:  {5: 24, 6: 24, 7: 42, 8: 24, 10: 21, 14: 24, 15: 24, 19: 48, 61: 42, 73: 21, 74: 95, 78: 58, 80: 91, 81: 91, 85: 95, 86: 95, 87: 95, 90: 91, 91: 91, 92: 91, 95: 95, 97: 95, 99: 58, 1: 24, 28: 58, 29: 58, 30: 21, 38: 58, 39: 58, 40: 21, 42: 42, 47: 58, 52: 21, 56: 58, 58: 58, 69: 58, 72: 91, 79: 58, 93: 95, 94: 95, 96: 58, 11: 21, 13: 21, 22: 21, 23: 21, 24: 24, 25: 24, 31: 21, 43: 21, 44: 24, 51: 21, 57: 58, 65: 58, 76: 58, 77: 95, 33: 58, 35: 58, 66: 58, 54: 21}
$x_{3,21}$
	 $y_{3,21,10}$ = 26.39368376864263 dB
	 $y_{3,21,73}$ = 12.514208993689465 dB
	 $y_{3,21,30}$ = 21.128480662600026 dB
	 $y_{3,21,40}$ = 16.78522807773902 dB
	 $y_{3,21,52}$ = 17.208762289978125 dB
	 $y_{3,21,11}$ = 29.668339243564787 dB
	 $y_{3,21,13}$ = 14.344839503850267 dB
	 $y_{3,21,22}$ = 18.006986123823268 dB
	 $y_{3,21,23}$ = 12.664794960397927 dB
	 $y_{3,21,31}$ = 25.010916531110624 dB
	 $y_{3,21,43}$ = 12.71072004524251 dB
	 $y_{3,21,51}$ = 13.495532333222556 dB
	 $y_{3,21,54}$ = 18.341046785825412 dB
		SNR medio:  11.346359015223172
		Usuarios totais: 21
$x_{3,24}$
	 $y_{3,24,5}$ = 17.451672246880378 dB
	 $y_{3,24,6}$ = 10.761343113296704 dB
	 $y_{3,24,8}$ = 14.06316947454934 dB
	 $y_{3,24,14}$ = 19.90605294889663 dB
	 $y_{3,24,15}$ = 25.201557889524167 dB
	 $y_{3,24,1}$ = 15.256639640631136 dB
	 $y_{3,24,24}$ = 87.83542683760541 dB
	 $y_{3,24,25}$ = 23.203778892175876 dB
	 $y_{3,24,44}$ = 12.104717242814132 dB
		SNR medio:  18.815363190531148
		Usuarios totais: 12
$x_{3,42}$
	 $y_{3,42,7}$ = 10.433199348043814 dB
	 $y_{3,42,61}$ = 18.116278704354144 dB
	 $y_{3,42,42}$ = 85.35860462202695 dB
		SNR medio:  28.477020668606226
		Usuarios totais: 4
$x_{3,48}$
	 $y_{3,48,19}$ = 12.878027847212024 dB
		SNR medio:  12.878027847212024
		Usuarios totais: 1
$x_{3,58}$
	 $y_{3,58,78}$ = 17.717885968094805 dB
	 $y_{3,58,99}$ = 10.732963184494494 dB
	 $y_{3,58,28}$ = 10.472132590927458 dB
	 $y_{3,58,29}$ = 10.090379123703713 dB
	 $y_{3,58,38}$ = 18.098119642243176 dB
	 $y_{3,58,39}$ = 14.575529682509085 dB
	 $y_{3,58,47}$ = 20.00290673750841 dB
	 $y_{3,58,56}$ = 11.017610211202182 dB
	 $y_{3,58,58}$ = 83.00822126213347 dB
	 $y_{3,58,69}$ = 31.585779063617807 dB
	 $y_{3,58,79}$ = 18.570986092577385 dB
	 $y_{3,58,96}$ = 11.707680484704639 dB
	 $y_{3,58,57}$ = 35.62472576498399 dB
	 $y_{3,58,65}$ = 16.88348232998331 dB
	 $y_{3,58,76}$ = 13.092644911347122 dB
	 $y_{3,58,33}$ = 12.291606266132817 dB
	 $y_{3,58,35}$ = 18.18392459724771 dB
	 $y_{3,58,66}$ = 16.33292041721019 dB
		SNR medio:  9.249737458265544
		Usuarios totais: 40
$x_{3,91}$
	 $y_{3,91,80}$ = 28.703991150010424 dB
	 $y_{3,91,81}$ = 26.698443516944025 dB
	 $y_{3,91,90}$ = 29.867500548585312 dB
	 $y_{3,91,91}$ = 92.60667376036639 dB
	 $y_{3,91,92}$ = 18.980873501350345 dB
	 $y_{3,91,72}$ = 21.356564919184905 dB
		SNR medio:  19.837640672403765
		Usuarios totais: 11
$x_{3,95}$
	 $y_{3,95,74}$ = 16.805280382893613 dB
	 $y_{3,95,85}$ = 29.971289900045576 dB
	 $y_{3,95,86}$ = 19.614398534715235 dB
	 $y_{3,95,87}$ = 23.7604950274241 dB
	 $y_{3,95,95}$ = 90.9911894775955 dB
	 $y_{3,95,97}$ = 16.66113873788555 dB
	 $y_{3,95,93}$ = 26.68442995082863 dB
	 $y_{3,95,94}$ = 20.554740338128596 dB
	 $y_{3,95,77}$ = 13.880643277318313 dB
		SNR medio:  7.192322378523197
		Usuarios totais: 36
Distances:
21 : 24 = 1200.0
21 : 42 = 894.4271909999159
21 : 48 = 2912.043955712207
21 : 58 = 3046.3092423455632
21 : 91 = 2800.0
21 : 95 = 3224.9030993194197
24 : 42 = 1131.370849898476
24 : 48 = 1788.8543819998317
24 : 58 = 2000.0
24 : 91 = 3046.3092423455632
24 : 95 = 2828.42712474619
42 : 48 = 2400.0
42 : 58 = 2433.105012119288
42 : 91 = 2039.607805437114
42 : 95 = 2332.38075793812
48 : 58 = 400.0
48 : 91 = 3440.9301068170507
48 : 95 = 2332.38075793812
58 : 91 = 3224.9030993194197
58 : 95 = 2000.0
91 : 95 = 1600.0
t=4
Antennas: [21 24 42 48 58 91 95]
Users: [ 0  1  2  3  5  6  9 10 11 12 14 15 16 17 18 19 20 22 23 26 27 29 30 31
 33 34 35 36 37 39 40 41 42 43 46 47 48 49 50 51 52 53 55 58 59 60 61 62
 63 64 65 66 67 68 70 72 73 75 76 77 79 80 81 82 84 86 87 89 90 91 92 93
 95 96 98 99]
connections:  {5: 24, 6: 24, 9: 48, 10: 21, 14: 24, 15: 24, 18: 58, 19: 48, 60: 91, 61: 42, 70: 91, 73: 21, 75: 95, 80: 91, 81: 91, 82: 91, 84: 95, 86: 95, 87: 95, 90: 91, 91: 91, 92: 91, 95: 95, 98: 95, 99: 58, 0: 24, 1: 24, 3: 24, 16: 24, 20: 21, 26: 24, 29: 48, 30: 21, 34: 24, 39: 48, 40: 21, 42: 42, 47: 48, 49: 48, 50: 21, 52: 21, 53: 91, 55: 24, 58: 58, 59: 48, 63: 24, 68: 48, 72: 91, 79: 48, 89: 48, 93: 91, 96: 95, 2: 24, 11: 24, 12: 24, 17: 24, 22: 24, 23: 24, 27: 24, 31: 24, 36: 24, 41: 24, 43: 24, 48: 48, 51: 91, 62: 24, 64: 24, 65: 24, 33: 21, 35: 48, 37: 48, 46: 48, 66: 48, 67: 48, 76: 95, 77: 48}
$x_{4,21}$
	 $y_{4,21,10}$ = 26.39368376864263 dB
	 $y_{4,21,73}$ = 12.514208993689465 dB
	 $y_{4,21,20}$ = 26.592147602411785 dB
	 $y_{4,21,30}$ = 21.128480662600026 dB
	 $y_{4,21,40}$ = 16.78522807773902 dB
	 $y_{4,21,50}$ = 16.96382308549103 dB
	 $y_{4,21,52}$ = 17.208762289978125 dB
	 $y_{4,21,33}$ = 10.470848729815856 dB
		SNR medio:  7.792483326861469
		Usuarios totais: 19
$x_{4,24}$
	 $y_{4,24,5}$ = 17.451672246880378 dB
	 $y_{4,24,6}$ = 10.761343113296704 dB
	 $y_{4,24,14}$ = 19.90605294889663 dB
	 $y_{4,24,15}$ = 25.201557889524167 dB
	 $y_{4,24,0}$ = 14.202154154892696 dB
	 $y_{4,24,1}$ = 15.256639640631136 dB
	 $y_{4,24,3}$ = 11.038595973131464 dB
	 $y_{4,24,16}$ = 19.030462300128235 dB
	 $y_{4,24,26}$ = 13.96033412833259 dB
	 $y_{4,24,34}$ = 26.635510344982677 dB
	 $y_{4,24,55}$ = 15.760114929156472 dB
	 $y_{4,24,63}$ = 10.373668652159694 dB
	 $y_{4,24,2}$ = 10.913960596084536 dB
	 $y_{4,24,11}$ = 18.54289882993139 dB
	 $y_{4,24,12}$ = 14.882192784330343 dB
	 $y_{4,24,17}$ = 14.25336348269252 dB
	 $y_{4,24,22}$ = 22.390478663425213 dB
	 $y_{4,24,23}$ = 31.79253239626253 dB
	 $y_{4,24,27}$ = 14.632432512005096 dB
	 $y_{4,24,31}$ = 12.841356994133207 dB
	 $y_{4,24,36}$ = 20.264179763139225 dB
	 $y_{4,24,41}$ = 11.207520471500032 dB
	 $y_{4,24,43}$ = 18.484153086468098 dB
	 $y_{4,24,62}$ = 12.205476201995111 dB
	 $y_{4,24,64}$ = 12.912116511440772 dB
	 $y_{4,24,65}$ = 10.340931821150718 dB
		SNR medio:  10.631042510914293
		Usuarios totais: 40
$x_{4,42}$
	 $y_{4,42,61}$ = 18.116278704354144 dB
	 $y_{4,42,42}$ = 85.35860462202695 dB
		SNR medio:  34.491627775460366
		Usuarios totais: 3
$x_{4,48}$
	 $y_{4,48,9}$ = 11.307247455554688 dB
	 $y_{4,48,19}$ = 12.878027847212024 dB
	 $y_{4,48,29}$ = 19.800501320541485 dB
	 $y_{4,48,39}$ = 22.315190937962825 dB
	 $y_{4,48,47}$ = 29.26416291523401 dB
	 $y_{4,48,49}$ = 31.390705656143666 dB
	 $y_{4,48,59}$ = 28.48824492855786 dB
	 $y_{4,48,68}$ = 15.587352094474198 dB
	 $y_{4,48,79}$ = 13.68711762884925 dB
	 $y_{4,48,89}$ = 13.923078645428717 dB
	 $y_{4,48,48}$ = 94.20400791505668 dB
	 $y_{4,48,35}$ = 10.531732496717922 dB
	 $y_{4,48,37}$ = 26.423884270251094 dB
	 $y_{4,48,46}$ = 20.782019063600387 dB
	 $y_{4,48,66}$ = 11.463573197957345 dB
	 $y_{4,48,67}$ = 19.80405387866061 dB
	 $y_{4,48,77}$ = 10.644223350703271 dB
		SNR medio:  10.063977528279642
		Usuarios totais: 39
$x_{4,58}$
	 $y_{4,58,18}$ = 14.216060677225698 dB
	 $y_{4,58,99}$ = 10.732963184494494 dB
	 $y_{4,58,58}$ = 83.00822126213347 dB
		SNR medio:  21.591449024770732
		Usuarios totais: 5
$x_{4,91}$
	 $y_{4,91,60}$ = 11.037872787918303 dB
	 $y_{4,91,70}$ = 11.462705656384315 dB
	 $y_{4,91,80}$ = 28.703991150010424 dB
	 $y_{4,91,81}$ = 26.698443516944025 dB
	 $y_{4,91,82}$ = 12.564694874421633 dB
	 $y_{4,91,90}$ = 29.867500548585312 dB
	 $y_{4,91,91}$ = 92.60667376036639 dB
	 $y_{4,91,92}$ = 18.980873501350345 dB
	 $y_{4,91,53}$ = 11.590782410852938 dB
	 $y_{4,91,72}$ = 21.356564919184905 dB
	 $y_{4,91,93}$ = 32.06020566564831 dB
	 $y_{4,91,51}$ = 10.490526208459926 dB
		SNR medio:  13.36612326087508
		Usuarios totais: 23
$x_{4,95}$
	 $y_{4,95,75}$ = 11.63642617973511 dB
	 $y_{4,95,84}$ = 26.21543656697169 dB
	 $y_{4,95,86}$ = 19.614398534715235 dB
	 $y_{4,95,87}$ = 23.7604950274241 dB
	 $y_{4,95,95}$ = 90.9911894775955 dB
	 $y_{4,95,98}$ = 16.98615829656339 dB
	 $y_{4,95,96}$ = 25.96266265997157 dB
	 $y_{4,95,76}$ = 13.493523557200604 dB
		SNR medio:  8.166438939292044
		Usuarios totais: 28
Distances:
21 : 24 = 1200.0
21 : 42 = 894.4271909999159
21 : 48 = 2912.043955712207
21 : 58 = 3046.3092423455632
21 : 91 = 2800.0
21 : 95 = 3224.9030993194197
24 : 42 = 1131.370849898476
24 : 48 = 1788.8543819998317
24 : 58 = 2000.0
24 : 91 = 3046.3092423455632
24 : 95 = 2828.42712474619
42 : 48 = 2400.0
42 : 58 = 2433.105012119288
42 : 91 = 2039.607805437114
42 : 95 = 2332.38075793812
48 : 58 = 400.0
48 : 91 = 3440.9301068170507
48 : 95 = 2332.38075793812
58 : 91 = 3224.9030993194197
58 : 95 = 2000.0
91 : 95 = 1600.0
t=5
Antennas: [21 24 42 48 58 91 95]
Users: [ 0  1  4  5  6  7  8  9 10 11 13 14 15 16 17 18 19 20 22 24 25 26 27 29
 30 31 32 33 34 35 37 39 40 41 42 43 44 45 46 48 49 51 52 53 54 55 56 57
 59 60 61 62 63 64 65 67 68 69 72 74 75 76 77 78 79 80 81 82 83 85 86 87
 88 89 91 92 93 94 95 97 98 99]
connections:  {4: 24, 5: 24, 6: 24, 7: 42, 8: 24, 9: 48, 10: 21, 14: 24, 15: 24, 18: 58, 19: 48, 60: 91, 61: 42, 74: 95, 75: 95, 78: 58, 80: 91, 81: 91, 82: 91, 85: 95, 86: 95, 87: 95, 91: 91, 92: 91, 95: 95, 97: 95, 98: 95, 99: 58, 0: 24, 1: 24, 16: 24, 20: 21, 26: 24, 29: 58, 30: 21, 34: 24, 39: 58, 40: 21, 42: 42, 49: 58, 52: 21, 53: 91, 55: 24, 56: 58, 59: 58, 63: 24, 68: 58, 69: 58, 72: 91, 79: 58, 83: 91, 88: 58, 89: 58, 93: 91, 94: 91, 11: 24, 13: 24, 17: 24, 22: 24, 24: 24, 25: 24, 27: 24, 31: 24, 32: 24, 41: 21, 43: 21, 44: 42, 45: 58, 48: 48, 62: 91, 64: 95, 65: 58, 33: 58, 35: 58, 37: 58, 46: 58, 51: 91, 57: 58, 67: 95, 76: 95, 77: 95, 54: 21}
$x_{5,21}$
	 $y_{5,21,10}$ = 26.39368376864263 dB
	 $y_{5,21,20}$ = 26.592147602411785 dB
	 $y_{5,21,30}$ = 21.128480662600026 dB
	 $y_{5,21,40}$ = 16.78522807773902 dB
	 $y_{5,21,52}$ = 17.208762289978125 dB
	 $y_{5,21,41}$ = 22.717390515720453 dB
	 $y_{5,21,43}$ = 12.71072004524251 dB
	 $y_{5,21,54}$ = 18.341046785825412 dB
		SNR medio:  6.744894156173333
		Usuarios totais: 24
$x_{5,24}$
	 $y_{5,24,4}$ = 14.113107246051413 dB
	 $y_{5,24,5}$ = 17.451672246880378 dB
	 $y_{5,24,6}$ = 10.761343113296704 dB
	 $y_{5,24,8}$ = 14.06316947454934 dB
	 $y_{5,24,14}$ = 19.90605294889663 dB
	 $y_{5,24,15}$ = 25.201557889524167 dB
	 $y_{5,24,0}$ = 14.202154154892696 dB
	 $y_{5,24,1}$ = 15.256639640631136 dB
	 $y_{5,24,16}$ = 19.030462300128235 dB
	 $y_{5,24,26}$ = 13.96033412833259 dB
	 $y_{5,24,34}$ = 26.635510344982677 dB
	 $y_{5,24,55}$ = 15.760114929156472 dB
	 $y_{5,24,63}$ = 10.373668652159694 dB
	 $y_{5,24,11}$ = 18.54289882993139 dB
	 $y_{5,24,13}$ = 19.059346140238375 dB
	 $y_{5,24,17}$ = 14.25336348269252 dB
	 $y_{5,24,22}$ = 22.390478663425213 dB
	 $y_{5,24,24}$ = 87.83542683760541 dB
	 $y_{5,24,25}$ = 23.203778892175876 dB
	 $y_{5,24,27}$ = 14.632432512005096 dB
	 $y_{5,24,31}$ = 12.841356994133207 dB
	 $y_{5,24,32}$ = 15.296006460876654 dB
		SNR medio:  11.119271897064149
		Usuarios totais: 40
$x_{5,42}$
	 $y_{5,42,7}$ = 10.433199348043814 dB
	 $y_{5,42,61}$ = 18.116278704354144 dB
	 $y_{5,42,42}$ = 85.35860462202695 dB
	 $y_{5,42,44}$ = 19.149202157926837 dB
		SNR medio:  16.632160604043968
		Usuarios totais: 8
$x_{5,48}$
	 $y_{5,48,9}$ = 11.307247455554688 dB
	 $y_{5,48,19}$ = 12.878027847212024 dB
	 $y_{5,48,48}$ = 94.20400791505668 dB
		SNR medio:  29.597320804455848
		Usuarios totais: 4
$x_{5,58}$
	 $y_{5,58,18}$ = 14.216060677225698 dB
	 $y_{5,58,78}$ = 17.717885968094805 dB
	 $y_{5,58,99}$ = 10.732963184494494 dB
	 $y_{5,58,29}$ = 10.090379123703713 dB
	 $y_{5,58,39}$ = 14.575529682509085 dB
	 $y_{5,58,49}$ = 28.458097580276004 dB
	 $y_{5,58,56}$ = 11.017610211202182 dB
	 $y_{5,58,59}$ = 30.875346448124972 dB
	 $y_{5,58,68}$ = 34.79770179600612 dB
	 $y_{5,58,69}$ = 31.585779063617807 dB
	 $y_{5,58,79}$ = 18.570986092577385 dB
	 $y_{5,58,88}$ = 15.728020547774747 dB
	 $y_{5,58,89}$ = 10.804813676683523 dB
	 $y_{5,58,45}$ = 11.675449966441988 dB
	 $y_{5,58,65}$ = 16.88348232998331 dB
	 $y_{5,58,33}$ = 12.291606266132817 dB
	 $y_{5,58,35}$ = 18.18392459724771 dB
	 $y_{5,58,37}$ = 19.59932260322705 dB
	 $y_{5,58,46}$ = 16.966422384352953 dB
	 $y_{5,58,57}$ = 35.62472576498399 dB
		SNR medio:  9.509902699116509
		Usuarios totais: 40
$x_{5,91}$
	 $y_{5,91,60}$ = 11.037872787918303 dB
	 $y_{5,91,80}$ = 28.703991150010424 dB
	 $y_{5,91,81}$ = 26.698443516944025 dB
	 $y_{5,91,82}$ = 12.564694874421633 dB
	 $y_{5,91,91}$ = 92.60667376036639 dB
	 $y_{5,91,92}$ = 18.980873501350345 dB
	 $y_{5,91,53}$ = 11.590782410852938 dB
	 $y_{5,91,72}$ = 21.356564919184905 dB
	 $y_{5,91,83}$ = 16.576884670587233 dB
	 $y_{5,91,93}$ = 32.06020566564831 dB
	 $y_{5,91,94}$ = 18.190372723041378 dB
	 $y_{5,91,62}$ = 16.744080426145047 dB
	 $y_{5,91,51}$ = 10.490526208459926 dB
		SNR medio:  10.586732220497696
		Usuarios totais: 30
$x_{5,95}$
	 $y_{5,95,74}$ = 16.805280382893613 dB
	 $y_{5,95,75}$ = 11.63642617973511 dB
	 $y_{5,95,85}$ = 29.971289900045576 dB
	 $y_{5,95,86}$ = 19.614398534715235 dB
	 $y_{5,95,87}$ = 23.7604950274241 dB
	 $y_{5,95,95}$ = 90.9911894775955 dB
	 $y_{5,95,97}$ = 16.66113873788555 dB
	 $y_{5,95,98}$ = 16.98615829656339 dB
	 $y_{5,95,64}$ = 10.690138779793244 dB
	 $y_{5,95,67}$ = 16.745582893264228 dB
	 $y_{5,95,76}$ = 13.493523557200604 dB
	 $y_{5,95,77}$ = 13.880643277318313 dB
		SNR medio:  7.600980136336066
		Usuarios totais: 37
Distances:
21 : 24 = 1200.0
21 : 42 = 894.4271909999159
21 : 48 = 2912.043955712207
21 : 58 = 3046.3092423455632
21 : 91 = 2800.0
21 : 95 = 3224.9030993194197
24 : 42 = 1131.370849898476
24 : 48 = 1788.8543819998317
24 : 58 = 2000.0
24 : 91 = 3046.3092423455632
24 : 95 = 2828.42712474619
42 : 48 = 2400.0
42 : 58 = 2433.105012119288
42 : 91 = 2039.607805437114
42 : 95 = 2332.38075793812
48 : 58 = 400.0
48 : 91 = 3440.9301068170507
48 : 95 = 2332.38075793812
58 : 91 = 3224.9030993194197
58 : 95 = 2000.0
91 : 95 = 1600.0
t=6
Antennas: [21 24 42 48 58 91 95]
Users: [ 0  3  5  6  7  8  9 10 11 13 14 17 18 19 20 22 23 24 25 26 27 29 30 31
 32 33 34 36 37 38 39 40 41 42 43 44 45 46 47 48 49 50 51 52 55 57 58 59
 60 62 63 64 65 66 68 69 70 72 73 74 75 76 77 79 80 83 85 86 87 91 92 93
 94 95 96 97 98 99]
connections:  {5: 24, 6: 24, 7: 42, 8: 24, 9: 48, 10: 21, 14: 24, 18: 58, 19: 48, 60: 91, 70: 91, 73: 21, 74: 95, 75: 95, 80: 91, 85: 95, 86: 95, 87: 95, 91: 91, 92: 91, 95: 95, 97: 95, 98: 95, 99: 58, 0: 24, 3: 24, 20: 21, 26: 24, 29: 48, 30: 21, 34: 24, 38: 48, 39: 48, 40: 21, 42: 42, 47: 48, 49: 48, 50: 21, 52: 21, 55: 24, 58: 58, 59: 48, 63: 24, 68: 48, 69: 48, 72: 91, 79: 48, 83: 95, 93: 95, 94: 95, 96: 95, 11: 24, 13: 24, 17: 24, 22: 24, 23: 24, 24: 24, 25: 24, 27: 24, 31: 21, 32: 21, 36: 24, 41: 21, 43: 21, 44: 48, 45: 58, 48: 48, 62: 91, 64: 95, 65: 95, 33: 21, 37: 48, 46: 48, 51: 21, 57: 48, 66: 48, 76: 48, 77: 48}
$x_{6,21}$
	 $y_{6,21,10}$ = 26.39368376864263 dB
	 $y_{6,21,73}$ = 12.514208993689465 dB
	 $y_{6,21,20}$ = 26.592147602411785 dB
	 $y_{6,21,30}$ = 21.128480662600026 dB
	 $y_{6,21,40}$ = 16.78522807773902 dB
	 $y_{6,21,50}$ = 16.96382308549103 dB
	 $y_{6,21,52}$ = 17.208762289978125 dB
	 $y_{6,21,31}$ = 25.010916531110624 dB
	 $y_{6,21,32}$ = 22.001143554148953 dB
	 $y_{6,21,41}$ = 22.717390515720453 dB
	 $y_{6,21,43}$ = 12.71072004524251 dB
	 $y_{6,21,33}$ = 10.470848729815856 dB
	 $y_{6,21,51}$ = 13.495532333222556 dB
		SNR medio:  8.71403164963618
		Usuarios totais: 28
$x_{6,24}$
	 $y_{6,24,5}$ = 17.451672246880378 dB
	 $y_{6,24,6}$ = 10.761343113296704 dB
	 $y_{6,24,8}$ = 14.06316947454934 dB
	 $y_{6,24,14}$ = 19.90605294889663 dB
	 $y_{6,24,0}$ = 14.202154154892696 dB
	 $y_{6,24,3}$ = 11.038595973131464 dB
	 $y_{6,24,26}$ = 13.96033412833259 dB
	 $y_{6,24,34}$ = 26.635510344982677 dB
	 $y_{6,24,55}$ = 15.760114929156472 dB
	 $y_{6,24,63}$ = 10.373668652159694 dB
	 $y_{6,24,11}$ = 18.54289882993139 dB
	 $y_{6,24,13}$ = 19.059346140238375 dB
	 $y_{6,24,17}$ = 14.25336348269252 dB
	 $y_{6,24,22}$ = 22.390478663425213 dB
	 $y_{6,24,23}$ = 31.79253239626253 dB
	 $y_{6,24,24}$ = 87.83542683760541 dB
	 $y_{6,24,25}$ = 23.203778892175876 dB
	 $y_{6,24,27}$ = 14.632432512005096 dB
	 $y_{6,24,36}$ = 20.264179763139225 dB
		SNR medio:  10.153176337093857
		Usuarios totais: 40
$x_{6,42}$
	 $y_{6,42,7}$ = 10.433199348043814 dB
	 $y_{6,42,42}$ = 85.35860462202695 dB
		SNR medio:  31.93060132335692
		Usuarios totais: 3
$x_{6,48}$
	 $y_{6,48,9}$ = 11.307247455554688 dB
	 $y_{6,48,19}$ = 12.878027847212024 dB
	 $y_{6,48,29}$ = 19.800501320541485 dB
	 $y_{6,48,38}$ = 26.568026999616208 dB
	 $y_{6,48,39}$ = 22.315190937962825 dB
	 $y_{6,48,47}$ = 29.26416291523401 dB
	 $y_{6,48,49}$ = 31.390705656143666 dB
	 $y_{6,48,59}$ = 28.48824492855786 dB
	 $y_{6,48,68}$ = 15.587352094474198 dB
	 $y_{6,48,69}$ = 16.68999511119374 dB
	 $y_{6,48,79}$ = 13.68711762884925 dB
	 $y_{6,48,44}$ = 11.12466060076025 dB
	 $y_{6,48,48}$ = 94.20400791505668 dB
	 $y_{6,48,37}$ = 26.423884270251094 dB
	 $y_{6,48,46}$ = 20.782019063600387 dB
	 $y_{6,48,57}$ = 27.12676977490034 dB
	 $y_{6,48,66}$ = 11.463573197957345 dB
	 $y_{6,48,76}$ = 11.405071087649446 dB
	 $y_{6,48,77}$ = 10.644223350703271 dB
		SNR medio:  12.604308061606249
		Usuarios totais: 35
$x_{6,58}$
	 $y_{6,58,18}$ = 14.216060677225698 dB
	 $y_{6,58,99}$ = 10.732963184494494 dB
	 $y_{6,58,58}$ = 83.00822126213347 dB
	 $y_{6,58,45}$ = 11.675449966441988 dB
		SNR medio:  23.92653901805913
		Usuarios totais: 5
$x_{6,91}$
	 $y_{6,91,60}$ = 11.037872787918303 dB
	 $y_{6,91,70}$ = 11.462705656384315 dB
	 $y_{6,91,80}$ = 28.703991150010424 dB
	 $y_{6,91,91}$ = 92.60667376036639 dB
	 $y_{6,91,92}$ = 18.980873501350345 dB
	 $y_{6,91,72}$ = 21.356564919184905 dB
	 $y_{6,91,62}$ = 16.744080426145047 dB
		SNR medio:  20.089276220135975
		Usuarios totais: 10
$x_{6,95}$
	 $y_{6,95,74}$ = 16.805280382893613 dB
	 $y_{6,95,75}$ = 11.63642617973511 dB
	 $y_{6,95,85}$ = 29.971289900045576 dB
	 $y_{6,95,86}$ = 19.614398534715235 dB
	 $y_{6,95,87}$ = 23.7604950274241 dB
	 $y_{6,95,95}$ = 90.9911894775955 dB
	 $y_{6,95,97}$ = 16.66113873788555 dB
	 $y_{6,95,98}$ = 16.98615829656339 dB
	 $y_{6,95,83}$ = 22.46942977873492 dB
	 $y_{6,95,93}$ = 26.68442995082863 dB
	 $y_{6,95,94}$ = 20.554740338128596 dB
	 $y_{6,95,96}$ = 25.96266265997157 dB
	 $y_{6,95,64}$ = 10.690138779793244 dB
	 $y_{6,95,65}$ = 17.086054132440253 dB
		SNR medio:  14.57807634069814
		Usuarios totais: 24
Distances:
21 : 24 = 1200.0
21 : 42 = 894.4271909999159
21 : 48 = 2912.043955712207
21 : 58 = 3046.3092423455632
21 : 91 = 2800.0
21 : 95 = 3224.9030993194197
24 : 42 = 1131.370849898476
24 : 48 = 1788.8543819998317
24 : 58 = 2000.0
24 : 91 = 3046.3092423455632
24 : 95 = 2828.42712474619
42 : 48 = 2400.0
42 : 58 = 2433.105012119288
42 : 91 = 2039.607805437114
42 : 95 = 2332.38075793812
48 : 58 = 400.0
48 : 91 = 3440.9301068170507
48 : 95 = 2332.38075793812
58 : 91 = 3224.9030993194197
58 : 95 = 2000.0
91 : 95 = 1600.0
t=7
Antennas: [21 24 42 48 58 91 95]
Users: [ 0  1  2  3  5  6  7  8  9 10 11 12 16 17 18 19 23 24 25 26 27 30 33 37
 38 39 40 42 43 44 47 48 51 52 53 55 56 58 59 60 61 62 66 67 69 70 71 73
 74 75 77 84 86 87 88 89 90 91 92 93 94 97 98]
connections:  {5: 24, 6: 24, 7: 42, 8: 24, 9: 48, 10: 21, 18: 58, 19: 48, 60: 91, 61: 42, 70: 91, 73: 21, 74: 95, 75: 95, 84: 95, 86: 95, 87: 95, 90: 91, 91: 91, 92: 91, 97: 95, 98: 95, 0: 24, 1: 24, 3: 24, 16: 24, 26: 24, 30: 21, 38: 48, 39: 48, 40: 21, 42: 42, 47: 48, 52: 21, 53: 91, 55: 24, 56: 48, 58: 58, 59: 48, 69: 48, 71: 91, 88: 48, 89: 48, 93: 91, 94: 91, 2: 24, 11: 24, 12: 24, 17: 24, 23: 24, 24: 24, 25: 24, 27: 24, 43: 24, 44: 24, 48: 48, 51: 91, 62: 24, 67: 48, 77: 48, 33: 24, 37: 48, 66: 48}
$x_{7,21}$
	 $y_{7,21,10}$ = 26.39368376864263 dB
	 $y_{7,21,73}$ = 12.514208993689465 dB
	 $y_{7,21,30}$ = 21.128480662600026 dB
	 $y_{7,21,40}$ = 16.78522807773902 dB
	 $y_{7,21,52}$ = 17.208762289978125 dB
		SNR medio:  9.403036379264927
		Usuarios totais: 10
$x_{7,24}$
	 $y_{7,24,5}$ = 17.451672246880378 dB
	 $y_{7,24,6}$ = 10.761343113296704 dB
	 $y_{7,24,8}$ = 14.06316947454934 dB
	 $y_{7,24,0}$ = 14.202154154892696 dB
	 $y_{7,24,1}$ = 15.256639640631136 dB
	 $y_{7,24,3}$ = 11.038595973131464 dB
	 $y_{7,24,16}$ = 19.030462300128235 dB
	 $y_{7,24,26}$ = 13.96033412833259 dB
	 $y_{7,24,55}$ = 15.760114929156472 dB
	 $y_{7,24,2}$ = 10.913960596084536 dB
	 $y_{7,24,11}$ = 18.54289882993139 dB
	 $y_{7,24,12}$ = 14.882192784330343 dB
	 $y_{7,24,17}$ = 14.25336348269252 dB
	 $y_{7,24,23}$ = 31.79253239626253 dB
	 $y_{7,24,24}$ = 87.83542683760541 dB
	 $y_{7,24,25}$ = 23.203778892175876 dB
	 $y_{7,24,27}$ = 14.632432512005096 dB
	 $y_{7,24,43}$ = 18.484153086468098 dB
	 $y_{7,24,44}$ = 12.104717242814132 dB
	 $y_{7,24,62}$ = 12.205476201995111 dB
	 $y_{7,24,33}$ = 25.66154242135326 dB
		SNR medio:  10.400924031117933
		Usuarios totais: 40
$x_{7,42}$
	 $y_{7,42,7}$ = 10.433199348043814 dB
	 $y_{7,42,61}$ = 18.116278704354144 dB
	 $y_{7,42,42}$ = 85.35860462202695 dB
		SNR medio:  28.477020668606226
		Usuarios totais: 4
$x_{7,48}$
	 $y_{7,48,9}$ = 11.307247455554688 dB
	 $y_{7,48,19}$ = 12.878027847212024 dB
	 $y_{7,48,38}$ = 26.568026999616208 dB
	 $y_{7,48,39}$ = 22.315190937962825 dB
	 $y_{7,48,47}$ = 29.26416291523401 dB
	 $y_{7,48,56}$ = 17.781397709653803 dB
	 $y_{7,48,59}$ = 28.48824492855786 dB
	 $y_{7,48,69}$ = 16.68999511119374 dB
	 $y_{7,48,88}$ = 15.856040893863593 dB
	 $y_{7,48,89}$ = 13.923078645428717 dB
	 $y_{7,48,48}$ = 94.20400791505668 dB
	 $y_{7,48,67}$ = 19.80405387866061 dB
	 $y_{7,48,77}$ = 10.644223350703271 dB
	 $y_{7,48,37}$ = 26.423884270251094 dB
	 $y_{7,48,66}$ = 11.463573197957345 dB
		SNR medio:  12.331419174376084
		Usuarios totais: 29
$x_{7,58}$
	 $y_{7,58,18}$ = 14.216060677225698 dB
	 $y_{7,58,58}$ = 83.00822126213347 dB
		SNR medio:  48.61214096967959
		Usuarios totais: 2
$x_{7,91}$
	 $y_{7,91,60}$ = 11.037872787918303 dB
	 $y_{7,91,70}$ = 11.462705656384315 dB
	 $y_{7,91,90}$ = 29.867500548585312 dB
	 $y_{7,91,91}$ = 92.60667376036639 dB
	 $y_{7,91,92}$ = 18.980873501350345 dB
	 $y_{7,91,53}$ = 11.590782410852938 dB
	 $y_{7,91,71}$ = 24.347498925996845 dB
	 $y_{7,91,93}$ = 32.06020566564831 dB
	 $y_{7,91,94}$ = 18.190372723041378 dB
	 $y_{7,91,51}$ = 10.490526208459926 dB
		SNR medio:  16.289688261787756
		Usuarios totais: 16
$x_{7,95}$
	 $y_{7,95,74}$ = 16.805280382893613 dB
	 $y_{7,95,75}$ = 11.63642617973511 dB
	 $y_{7,95,84}$ = 26.21543656697169 dB
	 $y_{7,95,86}$ = 19.614398534715235 dB
	 $y_{7,95,87}$ = 23.7604950274241 dB
	 $y_{7,95,97}$ = 16.66113873788555 dB
	 $y_{7,95,98}$ = 16.98615829656339 dB
		SNR medio:  14.631037080687634
		Usuarios totais: 9
Distances:
21 : 24 = 1200.0
21 : 42 = 894.4271909999159
21 : 48 = 2912.043955712207
21 : 58 = 3046.3092423455632
21 : 91 = 2800.0
21 : 95 = 3224.9030993194197
24 : 42 = 1131.370849898476
24 : 48 = 1788.8543819998317
24 : 58 = 2000.0
24 : 91 = 3046.3092423455632
24 : 95 = 2828.42712474619
42 : 48 = 2400.0
42 : 58 = 2433.105012119288
42 : 91 = 2039.607805437114
42 : 95 = 2332.38075793812
48 : 58 = 400.0
48 : 91 = 3440.9301068170507
48 : 95 = 2332.38075793812
58 : 91 = 3224.9030993194197
58 : 95 = 2000.0
91 : 95 = 1600.0
t=8
Antennas: [21 24 42 48 58 91 95]
Users: [ 0  1  2  3  4  5  6  8 10 11 12 13 16 17 18 19 21 23 24 26 27 28 29 32
 33 35 36 39 42 43 48 49 52 54 55 56 59 61 62 65 66 67 69 75 76 77 78 79
 81 83 84 86 88 89 90 91 96 99]
connections:  {4: 24, 5: 24, 6: 24, 8: 24, 10: 21, 18: 58, 19: 48, 61: 42, 75: 95, 78: 58, 81: 91, 84: 95, 86: 95, 90: 91, 91: 91, 99: 58, 0: 24, 1: 24, 3: 24, 16: 24, 21: 21, 26: 24, 28: 58, 29: 58, 39: 58, 42: 42, 49: 58, 52: 21, 55: 24, 56: 58, 59: 58, 69: 58, 79: 58, 83: 91, 88: 58, 89: 58, 96: 58, 2: 24, 11: 24, 12: 24, 13: 24, 17: 24, 23: 24, 24: 24, 27: 24, 32: 24, 36: 24, 43: 24, 48: 48, 62: 24, 65: 24, 67: 58, 76: 58, 77: 58, 33: 24, 35: 24, 66: 58, 54: 24}
$x_{8,21}$
	 $y_{8,21,10}$ = 26.39368376864263 dB
	 $y_{8,21,21}$ = 86.32408032274219 dB
	 $y_{8,21,52}$ = 17.208762289978125 dB
		SNR medio:  25.98530527627259
		Usuarios totais: 5
$x_{8,24}$
	 $y_{8,24,4}$ = 14.113107246051413 dB
	 $y_{8,24,5}$ = 17.451672246880378 dB
	 $y_{8,24,6}$ = 10.761343113296704 dB
	 $y_{8,24,8}$ = 14.06316947454934 dB
	 $y_{8,24,0}$ = 14.202154154892696 dB
	 $y_{8,24,1}$ = 15.256639640631136 dB
	 $y_{8,24,3}$ = 11.038595973131464 dB
	 $y_{8,24,16}$ = 19.030462300128235 dB
	 $y_{8,24,26}$ = 13.96033412833259 dB
	 $y_{8,24,55}$ = 15.760114929156472 dB
	 $y_{8,24,2}$ = 10.913960596084536 dB
	 $y_{8,24,11}$ = 18.54289882993139 dB
	 $y_{8,24,12}$ = 14.882192784330343 dB
	 $y_{8,24,13}$ = 19.059346140238375 dB
	 $y_{8,24,17}$ = 14.25336348269252 dB
	 $y_{8,24,23}$ = 31.79253239626253 dB
	 $y_{8,24,24}$ = 87.83542683760541 dB
	 $y_{8,24,27}$ = 14.632432512005096 dB
	 $y_{8,24,32}$ = 15.296006460876654 dB
	 $y_{8,24,36}$ = 20.264179763139225 dB
	 $y_{8,24,43}$ = 18.484153086468098 dB
	 $y_{8,24,62}$ = 12.205476201995111 dB
	 $y_{8,24,65}$ = 10.340931821150718 dB
	 $y_{8,24,33}$ = 25.66154242135326 dB
	 $y_{8,24,35}$ = 22.529798138812566 dB
	 $y_{8,24,54}$ = 11.217989635931815 dB
		SNR medio:  12.3387456078982
		Usuarios totais: 40
$x_{8,42}$
	 $y_{8,42,61}$ = 18.116278704354144 dB
	 $y_{8,42,42}$ = 85.35860462202695 dB
		SNR medio:  51.737441663190545
		Usuarios totais: 2
$x_{8,48}$
	 $y_{8,48,19}$ = 12.878027847212024 dB
	 $y_{8,48,48}$ = 94.20400791505668 dB
		SNR medio:  35.69401192075623
		Usuarios totais: 3
$x_{8,58}$
	 $y_{8,58,18}$ = 14.216060677225698 dB
	 $y_{8,58,78}$ = 17.717885968094805 dB
	 $y_{8,58,99}$ = 10.732963184494494 dB
	 $y_{8,58,28}$ = 10.472132590927458 dB
	 $y_{8,58,29}$ = 10.090379123703713 dB
	 $y_{8,58,39}$ = 14.575529682509085 dB
	 $y_{8,58,49}$ = 28.458097580276004 dB
	 $y_{8,58,56}$ = 11.017610211202182 dB
	 $y_{8,58,59}$ = 30.875346448124972 dB
	 $y_{8,58,69}$ = 31.585779063617807 dB
	 $y_{8,58,79}$ = 18.570986092577385 dB
	 $y_{8,58,88}$ = 15.728020547774747 dB
	 $y_{8,58,89}$ = 10.804813676683523 dB
	 $y_{8,58,96}$ = 11.707680484704639 dB
	 $y_{8,58,67}$ = 25.149210161058207 dB
	 $y_{8,58,76}$ = 13.092644911347122 dB
	 $y_{8,58,77}$ = 18.47475735941444 dB
	 $y_{8,58,66}$ = 16.33292041721019 dB
		SNR medio:  12.900117424206101
		Usuarios totais: 24
$x_{8,91}$
	 $y_{8,91,81}$ = 26.698443516944025 dB
	 $y_{8,91,90}$ = 29.867500548585312 dB
	 $y_{8,91,91}$ = 92.60667376036639 dB
	 $y_{8,91,83}$ = 16.576884670587233 dB
		SNR medio:  33.149900499296585
		Usuarios totais: 5
$x_{8,95}$
	 $y_{8,95,75}$ = 11.63642617973511 dB
	 $y_{8,95,84}$ = 26.21543656697169 dB
	 $y_{8,95,86}$ = 19.614398534715235 dB
		SNR medio:  19.15542042714068
		Usuarios totais: 3
Distances:
21 : 24 = 1200.0
21 : 42 = 894.4271909999159
21 : 48 = 2912.043955712207
21 : 58 = 3046.3092423455632
21 : 91 = 2800.0
21 : 95 = 3224.9030993194197
24 : 42 = 1131.370849898476
24 : 48 = 1788.8543819998317
24 : 58 = 2000.0
24 : 91 = 3046.3092423455632
24 : 95 = 2828.42712474619
42 : 48 = 2400.0
42 : 58 = 2433.105012119288
42 : 91 = 2039.607805437114
42 : 95 = 2332.38075793812
48 : 58 = 400.0
48 : 91 = 3440.9301068170507
48 : 95 = 2332.38075793812
58 : 91 = 3224.9030993194197
58 : 95 = 2000.0
91 : 95 = 1600.0
t=9
Antennas: [21 24 42 48 58 91 95]
Users: [ 0  3  4  5  8 16 17 18 20 21 22 23 25 29 34 36 38 40 41 46 48 53 54 56
 57 61 62 66 67 68 71 72 74 82 87 88 89 90 93 94 95 97 98]
connections:  {4: 24, 5: 24, 8: 24, 18: 58, 61: 42, 74: 95, 82: 91, 87: 95, 90: 91, 95: 95, 97: 95, 98: 95, 0: 24, 3: 24, 16: 24, 20: 42, 21: 21, 29: 58, 34: 24, 38: 58, 40: 42, 53: 91, 56: 58, 68: 58, 71: 91, 72: 91, 88: 58, 89: 58, 93: 91, 94: 91, 17: 24, 22: 24, 23: 24, 25: 24, 36: 24, 41: 24, 48: 48, 57: 58, 62: 24, 67: 58, 46: 24, 66: 24, 54: 24}
$x_{9,21}$
	 $y_{9,21,21}$ = 86.32408032274219 dB
		SNR medio:  86.32408032274219
		Usuarios totais: 1
$x_{9,24}$
	 $y_{9,24,4}$ = 14.113107246051413 dB
	 $y_{9,24,5}$ = 17.451672246880378 dB
	 $y_{9,24,8}$ = 14.06316947454934 dB
	 $y_{9,24,0}$ = 14.202154154892696 dB
	 $y_{9,24,3}$ = 11.038595973131464 dB
	 $y_{9,24,16}$ = 19.030462300128235 dB
	 $y_{9,24,34}$ = 26.635510344982677 dB
	 $y_{9,24,17}$ = 14.25336348269252 dB
	 $y_{9,24,22}$ = 22.390478663425213 dB
	 $y_{9,24,23}$ = 31.79253239626253 dB
	 $y_{9,24,25}$ = 23.203778892175876 dB
	 $y_{9,24,36}$ = 20.264179763139225 dB
	 $y_{9,24,41}$ = 11.207520471500032 dB
	 $y_{9,24,62}$ = 12.205476201995111 dB
	 $y_{9,24,46}$ = 15.366522779498808 dB
	 $y_{9,24,66}$ = 10.66448313148517 dB
	 $y_{9,24,54}$ = 11.217989635931815 dB
		SNR medio:  13.140954416305567
		Usuarios totais: 22
$x_{9,42}$
	 $y_{9,42,61}$ = 18.116278704354144 dB
	 $y_{9,42,20}$ = 17.57916907924195 dB
	 $y_{9,42,40}$ = 13.59996575423213 dB
		SNR medio:  16.431804512609407
		Usuarios totais: 3
$x_{9,48}$
	 $y_{9,48,48}$ = 94.20400791505668 dB
		SNR medio:  47.10200395752834
		Usuarios totais: 2
$x_{9,58}$
	 $y_{9,58,18}$ = 14.216060677225698 dB
	 $y_{9,58,29}$ = 10.090379123703713 dB
	 $y_{9,58,38}$ = 18.098119642243176 dB
	 $y_{9,58,56}$ = 11.017610211202182 dB
	 $y_{9,58,68}$ = 34.79770179600612 dB
	 $y_{9,58,88}$ = 15.728020547774747 dB
	 $y_{9,58,89}$ = 10.804813676683523 dB
	 $y_{9,58,57}$ = 35.62472576498399 dB
	 $y_{9,58,67}$ = 25.149210161058207 dB
		SNR medio:  17.552664160088135
		Usuarios totais: 10
$x_{9,91}$
	 $y_{9,91,82}$ = 12.564694874421633 dB
	 $y_{9,91,90}$ = 29.867500548585312 dB
	 $y_{9,91,53}$ = 11.590782410852938 dB
	 $y_{9,91,71}$ = 24.347498925996845 dB
	 $y_{9,91,72}$ = 21.356564919184905 dB
	 $y_{9,91,93}$ = 32.06020566564831 dB
	 $y_{9,91,94}$ = 18.190372723041378 dB
		SNR medio:  12.498135005644277
		Usuarios totais: 12
$x_{9,95}$
	 $y_{9,95,74}$ = 16.805280382893613 dB
	 $y_{9,95,87}$ = 23.7604950274241 dB
	 $y_{9,95,95}$ = 90.9911894775955 dB
	 $y_{9,95,97}$ = 16.66113873788555 dB
	 $y_{9,95,98}$ = 16.98615829656339 dB
		SNR medio:  33.04085238447243
		Usuarios totais: 5
Distances:
21 : 24 = 1200.0
21 : 42 = 894.4271909999159
21 : 48 = 2912.043955712207
21 : 58 = 3046.3092423455632
21 : 91 = 2800.0
21 : 95 = 3224.9030993194197
24 : 42 = 1131.370849898476
24 : 48 = 1788.8543819998317
24 : 58 = 2000.0
24 : 91 = 3046.3092423455632
24 : 95 = 2828.42712474619
42 : 48 = 2400.0
42 : 58 = 2433.105012119288
42 : 91 = 2039.607805437114
42 : 95 = 2332.38075793812
48 : 58 = 400.0
48 : 91 = 3440.9301068170507
48 : 95 = 2332.38075793812
58 : 91 = 3224.9030993194197
58 : 95 = 2000.0
91 : 95 = 1600.0
t=10
Antennas: [21 24 42 48 58 91 95]
Users: [ 1  9 12 16 21 22 24 25 30 31 35 37 38 46 47 55 59 61 63 69 77 81 87 90
 93 98]
connections:  {9: 48, 61: 42, 81: 91, 87: 95, 90: 91, 98: 95, 1: 21, 16: 48, 21: 21, 30: 21, 38: 48, 47: 48, 55: 48, 59: 48, 63: 42, 69: 48, 93: 91, 12: 21, 22: 21, 24: 24, 25: 48, 31: 21, 77: 48, 35: 48, 37: 48, 46: 48}
$x_{10,21}$
	 $y_{10,21,1}$ = 28.304470792022414 dB
	 $y_{10,21,21}$ = 86.32408032274219 dB
	 $y_{10,21,30}$ = 21.128480662600026 dB
	 $y_{10,21,12}$ = 19.53977667804044 dB
	 $y_{10,21,22}$ = 18.006986123823268 dB
	 $y_{10,21,31}$ = 25.010916531110624 dB
		SNR medio:  33.05245185172316
		Usuarios totais: 6
$x_{10,24}$
	 $y_{10,24,24}$ = 87.83542683760541 dB
		SNR medio:  43.917713418802705
		Usuarios totais: 2
$x_{10,42}$
	 $y_{10,42,61}$ = 18.116278704354144 dB
	 $y_{10,42,63}$ = 11.215682260441696 dB
		SNR medio:  14.66598048239792
		Usuarios totais: 2
$x_{10,48}$
	 $y_{10,48,9}$ = 11.307247455554688 dB
	 $y_{10,48,16}$ = 12.962754500273292 dB
	 $y_{10,48,38}$ = 26.568026999616208 dB
	 $y_{10,48,47}$ = 29.26416291523401 dB
	 $y_{10,48,55}$ = 15.191519537622156 dB
	 $y_{10,48,59}$ = 28.48824492855786 dB
	 $y_{10,48,69}$ = 16.68999511119374 dB
	 $y_{10,48,25}$ = 13.652698108103635 dB
	 $y_{10,48,77}$ = 10.644223350703271 dB
	 $y_{10,48,35}$ = 10.531732496717922 dB
	 $y_{10,48,37}$ = 26.423884270251094 dB
	 $y_{10,48,46}$ = 20.782019063600387 dB
		SNR medio:  13.906656796089266
		Usuarios totais: 16
$x_{10,58}$
		Usuarios totais: 0
$x_{10,91}$
	 $y_{10,91,81}$ = 26.698443516944025 dB
	 $y_{10,91,90}$ = 29.867500548585312 dB
	 $y_{10,91,93}$ = 32.06020566564831 dB
		SNR medio:  29.54204991039255
		Usuarios totais: 3
$x_{10,95}$
	 $y_{10,95,87}$ = 23.7604950274241 dB
	 $y_{10,95,98}$ = 16.98615829656339 dB
		SNR medio:  20.373326661993744
		Usuarios totais: 2
Distances:
21 : 24 = 1200.0
21 : 42 = 894.4271909999159
21 : 48 = 2912.043955712207
21 : 58 = 3046.3092423455632
21 : 91 = 2800.0
21 : 95 = 3224.9030993194197
24 : 42 = 1131.370849898476
24 : 48 = 1788.8543819998317
24 : 58 = 2000.0
24 : 91 = 3046.3092423455632
24 : 95 = 2828.42712474619
42 : 48 = 2400.0
42 : 58 = 2433.105012119288
42 : 91 = 2039.607805437114
42 : 95 = 2332.38075793812
48 : 58 = 400.0
48 : 91 = 3440.9301068170507
48 : 95 = 2332.38075793812
58 : 91 = 3224.9030993194197
58 : 95 = 2000.0
91 : 95 = 1600.0
t=11
Antennas: [21 24 42 48 58 91 95]
Users: [ 8 10 12 16 23 28 50 59 64 72]
connections:  {8: 24, 10: 21, 16: 24, 28: 48, 50: 21, 59: 48, 72: 42, 12: 21, 23: 21, 64: 24}
$x_{11,21}$
	 $y_{11,21,10}$ = 26.39368376864263 dB
	 $y_{11,21,50}$ = 16.96382308549103 dB
	 $y_{11,21,12}$ = 19.53977667804044 dB
	 $y_{11,21,23}$ = 12.664794960397927 dB
		SNR medio:  18.890519623143007
		Usuarios totais: 4
$x_{11,24}$
	 $y_{11,24,8}$ = 14.06316947454934 dB
	 $y_{11,24,16}$ = 19.030462300128235 dB
	 $y_{11,24,64}$ = 12.912116511440772 dB
		SNR medio:  15.335249428706115
		Usuarios totais: 3
$x_{11,42}$
	 $y_{11,42,72}$ = 23.139299922370142 dB
		SNR medio:  23.139299922370142
		Usuarios totais: 1
$x_{11,48}$
	 $y_{11,48,28}$ = 17.96072194286917 dB
	 $y_{11,48,59}$ = 28.48824492855786 dB
		SNR medio:  23.224483435713516
		Usuarios totais: 2
$x_{11,58}$
		Usuarios totais: 0
$x_{11,91}$
		Usuarios totais: 0
$x_{11,95}$
		Usuarios totais: 0
Distances:
21 : 24 = 1200.0
21 : 42 = 894.4271909999159
21 : 48 = 2912.043955712207
21 : 58 = 3046.3092423455632
21 : 91 = 2800.0
21 : 95 = 3224.9030993194197
24 : 42 = 1131.370849898476
24 : 48 = 1788.8543819998317
24 : 58 = 2000.0
24 : 91 = 3046.3092423455632
24 : 95 = 2828.42712474619
42 : 48 = 2400.0
42 : 58 = 2433.105012119288
42 : 91 = 2039.607805437114
42 : 95 = 2332.38075793812
48 : 58 = 400.0
48 : 91 = 3440.9301068170507
48 : 95 = 2332.38075793812
58 : 91 = 3224.9030993194197
58 : 95 = 2000.0
91 : 95 = 1600.0
--- Done after 0.015930434266726176 hours. ---
