-------------Calculating Solution (this may take a while)
+++++++++++++++++++Min Sinr: 10 dB (ga)
+++++++++++++++++++With backhaul constraint. Start: 2023-06-30 03:52:07

Parameters:
- chosen seed 24
- Map with 100 sectors
- Map 4000 x 4000 m
- Sector has a side of 400 m
- Max time:  12
- users_t_m:  [[0, 0, 0, 0, 0, 0, 0, 0, 0, 0, 0, 0, 0, 0, 0, 0, 0, 0, 0, 0, 0, 0, 0, 0, 0, 0, 0, 0, 0, 0, 0, 0, 0, 0, 0, 0, 0, 0, 0, 0, 0, 0, 0, 0, 0, 0, 0, 0, 0, 0, 0, 0, 0, 0, 0, 0, 0, 0, 0, 0, 0, 0, 0, 0, 0, 0, 1, 1, 0, 0, 0, 0, 0, 0, 0, 0, 12, 13, 0, 0, 0, 0, 0, 0, 0, 0, 2, 2, 0, 0, 0, 0, 0, 0, 0, 0, 0, 0, 0, 0], [0, 1, 0, 1, 0, 1, 0, 0, 0, 0, 0, 0, 0, 0, 1, 0, 0, 0, 1, 0, 0, 0, 1, 0, 0, 1, 0, 0, 0, 0, 0, 0, 0, 0, 0, 1, 1, 0, 0, 0, 1, 0, 0, 0, 0, 0, 1, 0, 0, 1, 1, 0, 0, 0, 0, 0, 2, 0, 0, 1, 2, 0, 0, 0, 0, 0, 0, 2, 0, 0, 0, 0, 0, 0, 0, 2, 8, 10, 0, 0, 0, 0, 1, 0, 0, 3, 2, 0, 0, 0, 2, 1, 2, 0, 1, 0, 1, 0, 0, 0], [2, 0, 0, 0, 2, 0, 3, 2, 0, 0, 1, 0, 1, 0, 1, 0, 0, 0, 1, 0, 0, 0, 0, 1, 1, 1, 0, 1, 1, 1, 0, 0, 1, 2, 1, 0, 0, 1, 0, 0, 0, 0, 0, 0, 0, 0, 1, 2, 0, 0, 0, 0, 1, 1, 0, 2, 1, 0, 0, 1, 2, 2, 0, 0, 0, 0, 2, 1, 2, 0, 1, 1, 0, 0, 0, 3, 14, 22, 0, 0, 0, 0, 0, 3, 0, 0, 5, 1, 0, 0, 2, 0, 1, 0, 1, 0, 0, 0, 0, 0], [0, 1, 0, 0, 0, 1, 1, 1, 1, 0, 1, 1, 0, 1, 1, 1, 0, 0, 0, 1, 0, 0, 2, 3, 2, 2, 0, 0, 1, 1, 2, 1, 0, 3, 0, 1, 0, 0, 1, 1, 3, 0, 2, 2, 2, 0, 0, 2, 0, 0, 0, 1, 1, 0, 1, 0, 2, 1, 2, 0, 0, 1, 0, 0, 0, 2, 5, 0, 0, 3, 0, 0, 2, 2, 4, 0, 8, 21, 1, 2, 4, 1, 0, 0, 0, 1, 2, 1, 0, 0, 1, 1, 2, 2, 1, 2, 2, 2, 0, 2], [1, 1, 2, 2, 0, 1, 3, 0, 0, 2, 3, 3, 1, 0, 1, 2, 1, 2, 2, 2, 4, 0, 1, 1, 0, 0, 2, 1, 0, 1, 4, 1, 0, 2, 2, 1, 1, 2, 0, 1, 1, 3, 2, 1, 0, 0, 1, 1, 1, 1, 1, 2, 2, 2, 0, 2, 0, 0, 1, 2, 2, 1, 2, 1, 1, 1, 4, 2, 3, 0, 2, 0, 4, 2, 0, 4, 14, 11, 0, 2, 1, 2, 2, 0, 1, 0, 2, 1, 0, 2, 2, 2, 1, 1, 0, 1, 3, 0, 2, 2], [1, 1, 0, 0, 4, 1, 1, 1, 4, 2, 3, 2, 0, 5, 1, 1, 1, 2, 1, 1, 1, 0, 2, 0, 2, 1, 1, 1, 0, 2, 5, 2, 1, 2, 3, 1, 0, 1, 0, 2, 2, 3, 1, 4, 5, 3, 2, 0, 1, 1, 0, 1, 2, 2, 4, 1, 2, 2, 0, 1, 3, 1, 2, 2, 1, 1, 0, 1, 7, 5, 0, 0, 2, 0, 1, 1, 8, 17, 2, 1, 2, 1, 3, 1, 0, 2, 2, 1, 2, 1, 0, 3, 5, 2, 3, 1, 0, 1, 1, 1], [3, 0, 0, 1, 0, 3, 1, 1, 3, 2, 1, 1, 0, 2, 2, 0, 0, 3, 1, 2, 2, 0, 1, 3, 2, 1, 3, 2, 0, 3, 1, 3, 2, 3, 3, 0, 1, 1, 3, 2, 5, 3, 2, 3, 1, 1, 2, 3, 1, 2, 1, 1, 1, 0, 0, 2, 0, 1, 1, 1, 1, 0, 1, 3, 1, 2, 2, 0, 2, 2, 1, 0, 1, 2, 3, 2, 2, 1, 0, 2, 2, 0, 0, 2, 0, 1, 1, 1, 0, 0, 0, 1, 3, 3, 1, 1, 1, 3, 2, 2], [1, 2, 2, 1, 0, 2, 2, 1, 1, 3, 2, 2, 2, 0, 0, 0, 2, 1, 1, 2, 0, 0, 0, 2, 1, 1, 2, 2, 0, 0, 1, 0, 0, 2, 0, 0, 0, 4, 1, 1, 3, 0, 2, 3, 2, 0, 0, 2, 1, 0, 0, 1, 3, 1, 0, 3, 1, 0, 1, 2, 1, 1, 4, 0, 0, 0, 3, 2, 0, 1, 1, 1, 0, 1, 1, 1, 0, 1, 0, 0, 0, 0, 0, 0, 1, 0, 1, 1, 4, 1, 2, 3, 2, 3, 1, 0, 0, 1, 3, 0], [3, 1, 1, 1, 2, 3, 3, 0, 1, 0, 2, 2, 1, 1, 0, 0, 1, 3, 1, 1, 0, 1, 0, 1, 1, 0, 1, 2, 1, 1, 0, 0, 1, 1, 0, 2, 2, 0, 0, 1, 0, 0, 1, 1, 0, 0, 0, 0, 2, 1, 0, 0, 2, 0, 1, 1, 1, 0, 0, 2, 0, 1, 2, 0, 0, 1, 2, 1, 0, 1, 0, 0, 0, 0, 0, 1, 1, 2, 1, 1, 0, 1, 0, 1, 1, 0, 1, 0, 1, 1, 1, 2, 0, 0, 0, 0, 2, 0, 0, 3], [2, 0, 0, 1, 1, 1, 0, 0, 1, 0, 0, 0, 0, 0, 0, 0, 1, 1, 1, 0, 1, 1, 1, 3, 0, 1, 0, 0, 0, 1, 0, 0, 0, 0, 1, 0, 2, 0, 1, 0, 1, 1, 0, 0, 0, 0, 1, 0, 2, 0, 0, 0, 0, 1, 1, 0, 1, 1, 0, 0, 0, 1, 1, 0, 0, 0, 2, 1, 1, 0, 0, 1, 2, 0, 1, 0, 0, 0, 0, 0, 0, 0, 2, 0, 0, 0, 0, 1, 2, 1, 2, 0, 0, 1, 3, 1, 0, 1, 1, 0], [0, 1, 0, 0, 0, 0, 0, 0, 0, 1, 0, 0, 1, 0, 0, 0, 1, 0, 0, 0, 0, 1, 1, 0, 2, 1, 0, 0, 0, 0, 1, 1, 0, 0, 0, 1, 0, 1, 2, 0, 0, 0, 0, 0, 0, 0, 3, 1, 0, 0, 0, 0, 0, 0, 0, 1, 0, 0, 0, 2, 0, 1, 0, 1, 0, 0, 0, 0, 0, 1, 0, 0, 0, 0, 0, 0, 0, 1, 0, 0, 0, 1, 0, 0, 0, 0, 0, 1, 0, 0, 1, 0, 0, 1, 0, 0, 0, 0, 1, 0], [0, 0, 0, 0, 0, 0, 0, 0, 1, 0, 1, 0, 1, 0, 0, 0, 1, 0, 0, 0, 0, 0, 0, 1, 0, 0, 0, 0, 1, 0, 0, 0, 0, 0, 0, 0, 0, 0, 0, 0, 0, 0, 0, 0, 0, 0, 0, 0, 0, 0, 1, 0, 0, 0, 0, 0, 0, 0, 0, 1, 0, 0, 0, 0, 1, 0, 0, 0, 0, 0, 0, 0, 1, 0, 0, 0, 0, 0, 0, 0, 0, 0, 0, 0, 0, 0, 0, 0, 0, 0, 0, 0, 0, 0, 0, 0, 0, 0, 0, 0]]
MAX_USER_PER_ANTENNAS_m:  [40, 40, 40, 40, 40, 40, 40, 40, 40, 40, 40, 40, 40, 40, 40, 40, 40, 40, 40, 40, 40, 40, 40, 40, 40, 40, 40, 40, 40, 40, 40, 40, 40, 40, 40, 40, 40, 40, 40, 40, 40, 40, 40, 40, 40, 40, 40, 40, 40, 40, 40, 40, 40, 40, 40, 40, 40, 40, 40, 40, 40, 40, 40, 40, 40, 40, 40, 40, 40, 40, 40, 40, 40, 40, 40, 40, 40, 40, 40, 40, 40, 40, 40, 40, 40, 40, 40, 40, 40, 40, 40, 40, 40, 40, 40, 40, 40, 40, 40, 40]
antennas_map_m:  [1, 1, 1, 1, 1, 1, 1, 1, 1, 1, 1, 1, 1, 1, 1, 1, 1, 1, 1, 1, 1, 1, 1, 1, 1, 1, 1, 1, 1, 1, 1, 1, 1, 1, 1, 1, 1, 1, 1, 1, 1, 1, 1, 1, 1, 1, 1, 1, 1, 1, 1, 1, 1, 1, 1, 1, 1, 1, 1, 1, 1, 1, 1, 1, 1, 1, 1, 1, 1, 1, 1, 1, 1, 1, 1, 1, 1, 1, 1, 1, 1, 1, 1, 1, 1, 1, 1, 1, 1, 1, 1, 1, 1, 1, 1, 1, 1, 1, 1, 1]
FIRST_ANTENNA:  91
MIN_SNR_m:  [10.0, 10.0, 10.0, 10.0, 10.0, 10.0, 10.0, 10.0, 10.0, 10.0, 10.0, 10.0, 10.0, 10.0, 10.0, 10.0, 10.0, 10.0, 10.0, 10.0, 10.0, 10.0, 10.0, 10.0, 10.0, 10.0, 10.0, 10.0, 10.0, 10.0, 10.0, 10.0, 10.0, 10.0, 10.0, 10.0, 10.0, 10.0, 10.0, 10.0, 10.0, 10.0, 10.0, 10.0, 10.0, 10.0, 10.0, 10.0, 10.0, 10.0, 10.0, 10.0, 10.0, 10.0, 10.0, 10.0, 10.0, 10.0, 10.0, 10.0, 10.0, 10.0, 10.0, 10.0, 10.0, 10.0, 10.0, 10.0, 10.0, 10.0, 10.0, 10.0, 10.0, 10.0, 10.0, 10.0, 10.0, 10.0, 10.0, 10.0, 10.0, 10.0, 10.0, 10.0, 10.0, 10.0, 10.0, 10.0, 10.0, 10.0, 10.0, 10.0, 10.0, 10.0, 10.0, 10.0, 10.0, 10.0, 10.0, 10.0]
-MIN_DIST:  2000
- disaster percentage:  0
44

Starting GA of slice 0.

Generation :  1
Fitness of the best solution : 880953372.7953522
Generation :  2
Fitness of the best solution : 930963488.6036719
Generation :  3
Fitness of the best solution : 960823831.2907414
Generation :  4
Fitness of the best solution : 970753644.4065936
Generation :  5
Fitness of the best solution : 970753644.4065936
Generation :  6
Fitness of the best solution : 970753644.4065936
Generation :  7
Fitness of the best solution : 970753644.4065936
Generation :  8
Fitness of the best solution : 970753644.4065936
Generation :  9
Fitness of the best solution : 970753644.4065936
Generation :  10
Fitness of the best solution : 970753644.4065936
Generation :  11
Fitness of the best solution : 970753644.4065936
Generation :  12
Fitness of the best solution : 970753644.4065936
Generation :  13
Fitness of the best solution : 970753644.4065936
Generation :  14
Fitness of the best solution : 970753644.4065936
Generation :  15
Fitness of the best solution : 970753644.4065936
Generation :  16
Fitness of the best solution : 970753644.4065936
Generation :  17
Fitness of the best solution : 970753699.6350685
Generation :  18
Fitness of the best solution : 970753699.6350685
Generation :  19
Fitness of the best solution : 970753699.6350685
Generation :  20
Fitness of the best solution : 970753699.6350685
Generation :  21
Fitness of the best solution : 970753699.6350685
Generation :  22
Fitness of the best solution : 970753699.6350685
Generation :  23
Fitness of the best solution : 970753699.6350685
Generation :  24
Fitness of the best solution : 970753699.6350685
Generation :  25
Fitness of the best solution : 970753699.6350685
Generation :  26
Fitness of the best solution : 970753699.6350685
Generation :  27
Fitness of the best solution : 970753699.6350685
Generation :  28
Fitness of the best solution : 970753699.6350685
Generation :  29
Fitness of the best solution : 970753699.6350685
Generation :  30
Fitness of the best solution : 970753699.6350685
Generation :  31
Fitness of the best solution : 970753699.6350685
Generation :  32
Fitness of the best solution : 970753699.6350685
Generation :  33
Fitness of the best solution : 970753699.6350685
Generation :  34
Fitness of the best solution : 970753699.6350685
Generation :  35
Fitness of the best solution : 970753699.6350685
Generation :  36
Fitness of the best solution : 970753699.6350685
Generation :  37
Fitness of the best solution : 970753699.6350685
Generation :  38
Fitness of the best solution : 970753699.6350685
Generation :  39
Fitness of the best solution : 970753699.6350685
Generation :  40
Fitness of the best solution : 970753699.6350685
Generation :  41
Fitness of the best solution : 970753699.6350685
Generation :  42
Fitness of the best solution : 970753699.6350685
Generation :  43
Fitness of the best solution : 970753699.6350685
Generation :  44
Fitness of the best solution : 970753699.6350685
Generation :  45
Fitness of the best solution : 970753699.6350685
Generation :  46
Fitness of the best solution : 970753699.6350685
Generation :  47
Fitness of the best solution : 970753699.6350685
Parameters of the best solution : [0 0 0 0 0 0 0 0 0 0 0 0 0 0 0 0 0 0 0 0 0 0 0 0 0 0 0 0 0 0 0 0 0 0 1 0 0
 0 0 0 0 0 0 0 0 0 0 0 0 0 0 0 0 0 0 0 0 0 0 0 0 0 0 0 0 0 0 0 0 0 0 0 0 0
 0 0 1 0 0 0 0 0 0 0 0 0 0 0 0 0 0 1 0 0 0 0 0 0 0 0]
Number of antennas of the best solution = 3.0
Number of covered regions of the best solution = 75.0
Index of the best solution : 2
Total generations: 47.
Best fitness value reached after 17 generations.

34 : 76 => 1788.8543819998317

34 : 91 => 2683.281572999748

76 : 91 => 2154.0659228538016

Starting GA of slice 1.

Generation :  1
Fitness of the best solution : 831003757.9983402
Generation :  2
Fitness of the best solution : 890993306.7407532
Generation :  3
Fitness of the best solution : 911003277.8546243
Generation :  4
Fitness of the best solution : 920983578.8518313
Generation :  5
Fitness of the best solution : 920973553.1159
Generation :  6
Fitness of the best solution : 940953640.4315919
Generation :  7
Fitness of the best solution : 940983640.4315919
Generation :  8
Fitness of the best solution : 950953750.2841452
Generation :  9
Fitness of the best solution : 950953750.2841452
Generation :  10
Fitness of the best solution : 950953750.2841452
Generation :  11
Fitness of the best solution : 950953750.2841452
Generation :  12
Fitness of the best solution : 950953750.2841452
Generation :  13
Fitness of the best solution : 950953750.2841452
Generation :  14
Fitness of the best solution : 950953750.2841452
Generation :  15
Fitness of the best solution : 950953750.2841452
Generation :  16
Fitness of the best solution : 950953750.2841452
Generation :  17
Fitness of the best solution : 950953750.2841452
Generation :  18
Fitness of the best solution : 950953750.2841452
Generation :  19
Fitness of the best solution : 950953750.2841452
Generation :  20
Fitness of the best solution : 950953750.2841452
Generation :  21
Fitness of the best solution : 950953750.2841452
Generation :  22
Fitness of the best solution : 950953750.2841452
Generation :  23
Fitness of the best solution : 950953750.2841452
Generation :  24
Fitness of the best solution : 950953750.2841452
Generation :  25
Fitness of the best solution : 950953750.2841452
Generation :  26
Fitness of the best solution : 950973673.4179081
Generation :  27
Fitness of the best solution : 950973673.4179081
Generation :  28
Fitness of the best solution : 950973673.4179081
Generation :  29
Fitness of the best solution : 950973673.4179081
Generation :  30
Fitness of the best solution : 950973673.4179081
Generation :  31
Fitness of the best solution : 950973673.4179081
Generation :  32
Fitness of the best solution : 950973673.4179081
Generation :  33
Fitness of the best solution : 950973673.4179081
Generation :  34
Fitness of the best solution : 950973673.4179081
Generation :  35
Fitness of the best solution : 950973673.4179081
Generation :  36
Fitness of the best solution : 950973673.4179081
Generation :  37
Fitness of the best solution : 950973673.4179081
Generation :  38
Fitness of the best solution : 950973673.4179081
Generation :  39
Fitness of the best solution : 950973673.4179081
Generation :  40
Fitness of the best solution : 950973673.4179081
Generation :  41
Fitness of the best solution : 950973673.4179081
Generation :  42
Fitness of the best solution : 950973673.4179081
Generation :  43
Fitness of the best solution : 950973673.4179081
Generation :  44
Fitness of the best solution : 950973673.4179081
Generation :  45
Fitness of the best solution : 950973673.4179081
Generation :  46
Fitness of the best solution : 950973673.4179081
Generation :  47
Fitness of the best solution : 950973673.4179081
Generation :  48
Fitness of the best solution : 950973673.4179081
Generation :  49
Fitness of the best solution : 950973673.4179081
Generation :  50
Fitness of the best solution : 950973673.4179081
Generation :  51
Fitness of the best solution : 950973673.4179081
Generation :  52
Fitness of the best solution : 950973673.4179081
Generation :  53
Fitness of the best solution : 950973673.4179081
Generation :  54
Fitness of the best solution : 950973673.4179081
Generation :  55
Fitness of the best solution : 950973673.4179081
Generation :  56
Fitness of the best solution : 950973673.4179081
Parameters of the best solution : [0 0 0 0 0 0 0 0 0 0 0 0 0 0 0 0 0 0 0 0 0 0 0 0 0 0 0 0 0 0 0 1 0 0 1 0 0
 0 1 0 0 0 0 0 0 0 0 0 0 0 0 0 0 0 0 0 0 0 0 0 0 0 0 0 0 0 0 0 0 0 0 0 0 0
 0 0 1 0 0 0 0 0 0 0 0 0 0 0 0 0 0 1 0 0 0 0 0 0 0 0]
Number of antennas of the best solution = 5.0
Number of covered regions of the best solution = 97.0
Index of the best solution : 2
Total generations: 56.
Best fitness value reached after 26 generations.

31 : 34 => 1200.0

31 : 38 => 2800.0

31 : 76 => 2561.2496949731394

31 : 91 => 2400.0

34 : 38 => 1600.0

34 : 76 => 1788.8543819998317

34 : 91 => 2683.281572999748

38 : 76 => 1788.8543819998317

38 : 91 => 3687.817782917155

76 : 91 => 2154.0659228538016

Starting GA of slice 2.

Generation :  1
Fitness of the best solution : 821003563.3898435
Generation :  2
Fitness of the best solution : 841003534.4788295
Generation :  3
Fitness of the best solution : 881003578.0149068
Generation :  4
Fitness of the best solution : 881003707.0190378
Generation :  5
Fitness of the best solution : 871003692.1408907
Generation :  6
Fitness of the best solution : 901003579.3353565
Generation :  7
Fitness of the best solution : 891003620.603006
Generation :  8
Fitness of the best solution : 911003656.5784978
Generation :  9
Fitness of the best solution : 921003657.5322708
Generation :  10
Fitness of the best solution : 921003657.5322708
Generation :  11
Fitness of the best solution : 921003657.5322708
Generation :  12
Fitness of the best solution : 921003657.5322708
Generation :  13
Fitness of the best solution : 921003657.5322708
Generation :  14
Fitness of the best solution : 921003657.5322708
Generation :  15
Fitness of the best solution : 921003657.5322708
Generation :  16
Fitness of the best solution : 921003657.5322708
Generation :  17
Fitness of the best solution : 921003657.5322708
Generation :  18
Fitness of the best solution : 921003657.5322708
Generation :  19
Fitness of the best solution : 931003580.5023618
Generation :  20
Fitness of the best solution : 931003580.5023618
Generation :  21
Fitness of the best solution : 931003580.5023618
Generation :  22
Fitness of the best solution : 931003580.5023618
Generation :  23
Fitness of the best solution : 931003580.5023618
Generation :  24
Fitness of the best solution : 931003580.5023618
Generation :  25
Fitness of the best solution : 931003580.5023618
Generation :  26
Fitness of the best solution : 931003580.5023618
Generation :  27
Fitness of the best solution : 931003580.5023618
Generation :  28
Fitness of the best solution : 931003580.5023618
Generation :  29
Fitness of the best solution : 931003580.5023618
Generation :  30
Fitness of the best solution : 931003580.5023618
Generation :  31
Fitness of the best solution : 931003580.5023618
Generation :  32
Fitness of the best solution : 931003580.5023618
Generation :  33
Fitness of the best solution : 931003580.5023618
Generation :  34
Fitness of the best solution : 931003580.5023618
Generation :  35
Fitness of the best solution : 931003580.5023618
Generation :  36
Fitness of the best solution : 931003580.5023618
Generation :  37
Fitness of the best solution : 931003580.5023618
Generation :  38
Fitness of the best solution : 931003580.5023618
Generation :  39
Fitness of the best solution : 931003580.5023618
Generation :  40
Fitness of the best solution : 931003580.5023618
Generation :  41
Fitness of the best solution : 931003580.5023618
Generation :  42
Fitness of the best solution : 931003580.5023618
Generation :  43
Fitness of the best solution : 931003580.5023618
Generation :  44
Fitness of the best solution : 931003580.5023618
Generation :  45
Fitness of the best solution : 931003580.5023618
Generation :  46
Fitness of the best solution : 931003580.5023618
Generation :  47
Fitness of the best solution : 931003580.5023618
Generation :  48
Fitness of the best solution : 931003580.5023618
Generation :  49
Fitness of the best solution : 931003580.5023618
Parameters of the best solution : [0 0 1 0 0 0 0 0 0 0 0 0 0 0 0 0 0 0 0 0 0 0 0 0 0 0 0 0 0 0 0 1 0 0 1 0 0
 0 1 0 0 0 0 0 0 0 0 0 0 0 0 0 0 0 0 0 0 0 0 0 0 0 0 0 0 0 0 0 0 0 0 0 0 0
 0 0 1 1 0 0 0 0 0 0 0 0 0 0 0 0 0 1 0 0 0 0 0 0 0 0]
Number of antennas of the best solution = 7.0
Number of covered regions of the best solution = 100.0
Index of the best solution : 56
Total generations: 49.
Best fitness value reached after 19 generations.

2 : 31 => 1264.9110640673518

2 : 34 => 1442.2205101855957

2 : 38 => 2683.281572999748

2 : 76 => 3224.9030993194197

2 : 77 => 3440.9301068170507

2 : 91 => 3622.154055254967

31 : 34 => 1200.0

31 : 38 => 2800.0

31 : 76 => 2561.2496949731394

31 : 77 => 2884.4410203711914

31 : 91 => 2400.0

34 : 38 => 1600.0

34 : 76 => 1788.8543819998317

34 : 77 => 2000.0

34 : 91 => 2683.281572999748

38 : 76 => 1788.8543819998317

38 : 77 => 1649.2422502470642

38 : 91 => 3687.817782917155

76 : 77 => 400.0

76 : 91 => 2154.0659228538016

77 : 91 => 2529.8221281347037

Starting GA of slice 3.

Generation :  1
Fitness of the best solution : 931003580.5023618
Generation :  2
Fitness of the best solution : 931003580.5023618
Generation :  3
Fitness of the best solution : 931003580.5023618
Generation :  4
Fitness of the best solution : 931003580.5023618
Generation :  5
Fitness of the best solution : 931003580.5023618
Generation :  6
Fitness of the best solution : 931003580.5023618
Generation :  7
Fitness of the best solution : 931003580.5023618
Generation :  8
Fitness of the best solution : 931003580.5023618
Generation :  9
Fitness of the best solution : 931003580.5023618
Generation :  10
Fitness of the best solution : 931003580.5023618
Generation :  11
Fitness of the best solution : 931003580.5023618
Generation :  12
Fitness of the best solution : 931003580.5023618
Generation :  13
Fitness of the best solution : 931003580.5023618
Generation :  14
Fitness of the best solution : 931003580.5023618
Generation :  15
Fitness of the best solution : 931003580.5023618
Generation :  16
Fitness of the best solution : 931003580.5023618
Generation :  17
Fitness of the best solution : 931003580.5023618
Generation :  18
Fitness of the best solution : 931003580.5023618
Generation :  19
Fitness of the best solution : 931003580.5023618
Generation :  20
Fitness of the best solution : 931003580.5023618
Generation :  21
Fitness of the best solution : 931003580.5023618
Generation :  22
Fitness of the best solution : 931003580.5023618
Generation :  23
Fitness of the best solution : 931003580.5023618
Generation :  24
Fitness of the best solution : 931003580.5023618
Generation :  25
Fitness of the best solution : 931003580.5023618
Generation :  26
Fitness of the best solution : 931003580.5023618
Generation :  27
Fitness of the best solution : 931003580.5023618
Generation :  28
Fitness of the best solution : 931003580.5023618
Generation :  29
Fitness of the best solution : 931003580.5023618
Generation :  30
Fitness of the best solution : 931003580.5023618
Parameters of the best solution : [0 0 1 0 0 0 0 0 0 0 0 0 0 0 0 0 0 0 0 0 0 0 0 0 0 0 0 0 0 0 0 1 0 0 1 0 0
 0 1 0 0 0 0 0 0 0 0 0 0 0 0 0 0 0 0 0 0 0 0 0 0 0 0 0 0 0 0 0 0 0 0 0 0 0
 0 0 1 1 0 0 0 0 0 0 0 0 0 0 0 0 0 1 0 0 0 0 0 0 0 0]
Number of antennas of the best solution = 7.0
Number of covered regions of the best solution = 100.0
Index of the best solution : 0
Total generations: 30.
Best fitness value reached after 0 generations.

2 : 31 => 1264.9110640673518

2 : 34 => 1442.2205101855957

2 : 38 => 2683.281572999748

2 : 76 => 3224.9030993194197

2 : 77 => 3440.9301068170507

2 : 91 => 3622.154055254967

31 : 34 => 1200.0

31 : 38 => 2800.0

31 : 76 => 2561.2496949731394

31 : 77 => 2884.4410203711914

31 : 91 => 2400.0

34 : 38 => 1600.0

34 : 76 => 1788.8543819998317

34 : 77 => 2000.0

34 : 91 => 2683.281572999748

38 : 76 => 1788.8543819998317

38 : 77 => 1649.2422502470642

38 : 91 => 3687.817782917155

76 : 77 => 400.0

76 : 91 => 2154.0659228538016

77 : 91 => 2529.8221281347037

Starting GA of slice 4.

Generation :  1
Fitness of the best solution : 931003580.5023618
Generation :  2
Fitness of the best solution : 931003580.5023618
Generation :  3
Fitness of the best solution : 931003580.5023618
Generation :  4
Fitness of the best solution : 931003580.5023618
Generation :  5
Fitness of the best solution : 931003580.5023618
Generation :  6
Fitness of the best solution : 931003580.5023618
Generation :  7
Fitness of the best solution : 931003580.5023618
Generation :  8
Fitness of the best solution : 931003580.5023618
Generation :  9
Fitness of the best solution : 931003580.5023618
Generation :  10
Fitness of the best solution : 931003580.5023618
Generation :  11
Fitness of the best solution : 931003580.5023618
Generation :  12
Fitness of the best solution : 931003580.5023618
Generation :  13
Fitness of the best solution : 931003580.5023618
Generation :  14
Fitness of the best solution : 931003580.5023618
Generation :  15
Fitness of the best solution : 931003580.5023618
Generation :  16
Fitness of the best solution : 931003580.5023618
Generation :  17
Fitness of the best solution : 931003580.5023618
Generation :  18
Fitness of the best solution : 931003580.5023618
Generation :  19
Fitness of the best solution : 931003580.5023618
Generation :  20
Fitness of the best solution : 931003580.5023618
Generation :  21
Fitness of the best solution : 931003580.5023618
Generation :  22
Fitness of the best solution : 931003580.5023618
Generation :  23
Fitness of the best solution : 931003580.5023618
Generation :  24
Fitness of the best solution : 931003580.5023618
Generation :  25
Fitness of the best solution : 931003580.5023618
Generation :  26
Fitness of the best solution : 931003580.5023618
Generation :  27
Fitness of the best solution : 931003580.5023618
Generation :  28
Fitness of the best solution : 931003580.5023618
Generation :  29
Fitness of the best solution : 931003580.5023618
Generation :  30
Fitness of the best solution : 931003580.5023618
Parameters of the best solution : [0 0 1 0 0 0 0 0 0 0 0 0 0 0 0 0 0 0 0 0 0 0 0 0 0 0 0 0 0 0 0 1 0 0 1 0 0
 0 1 0 0 0 0 0 0 0 0 0 0 0 0 0 0 0 0 0 0 0 0 0 0 0 0 0 0 0 0 0 0 0 0 0 0 0
 0 0 1 1 0 0 0 0 0 0 0 0 0 0 0 0 0 1 0 0 0 0 0 0 0 0]
Number of antennas of the best solution = 7.0
Number of covered regions of the best solution = 100.0
Index of the best solution : 0
Total generations: 30.
Best fitness value reached after 0 generations.

2 : 31 => 1264.9110640673518

2 : 34 => 1442.2205101855957

2 : 38 => 2683.281572999748

2 : 76 => 3224.9030993194197

2 : 77 => 3440.9301068170507

2 : 91 => 3622.154055254967

31 : 34 => 1200.0

31 : 38 => 2800.0

31 : 76 => 2561.2496949731394

31 : 77 => 2884.4410203711914

31 : 91 => 2400.0

34 : 38 => 1600.0

34 : 76 => 1788.8543819998317

34 : 77 => 2000.0

34 : 91 => 2683.281572999748

38 : 76 => 1788.8543819998317

38 : 77 => 1649.2422502470642

38 : 91 => 3687.817782917155

76 : 77 => 400.0

76 : 91 => 2154.0659228538016

77 : 91 => 2529.8221281347037

Starting GA of slice 5.

Generation :  1
Fitness of the best solution : 931003580.5023618
Generation :  2
Fitness of the best solution : 931003580.5023618
Generation :  3
Fitness of the best solution : 931003580.5023618
Generation :  4
Fitness of the best solution : 931003580.5023618
Generation :  5
Fitness of the best solution : 931003580.5023618
Generation :  6
Fitness of the best solution : 931003580.5023618
Generation :  7
Fitness of the best solution : 931003580.5023618
Generation :  8
Fitness of the best solution : 931003580.5023618
Generation :  9
Fitness of the best solution : 931003580.5023618
Generation :  10
Fitness of the best solution : 931003580.5023618
Generation :  11
Fitness of the best solution : 931003580.5023618
Generation :  12
Fitness of the best solution : 931003580.5023618
Generation :  13
Fitness of the best solution : 931003580.5023618
Generation :  14
Fitness of the best solution : 931003580.5023618
Generation :  15
Fitness of the best solution : 931003580.5023618
Generation :  16
Fitness of the best solution : 931003580.5023618
Generation :  17
Fitness of the best solution : 931003580.5023618
Generation :  18
Fitness of the best solution : 931003580.5023618
Generation :  19
Fitness of the best solution : 931003580.5023618
Generation :  20
Fitness of the best solution : 931003580.5023618
Generation :  21
Fitness of the best solution : 931003580.5023618
Generation :  22
Fitness of the best solution : 931003580.5023618
Generation :  23
Fitness of the best solution : 931003580.5023618
Generation :  24
Fitness of the best solution : 931003580.5023618
Generation :  25
Fitness of the best solution : 931003580.5023618
Generation :  26
Fitness of the best solution : 931003580.5023618
Generation :  27
Fitness of the best solution : 931003580.5023618
Generation :  28
Fitness of the best solution : 931003580.5023618
Generation :  29
Fitness of the best solution : 931003580.5023618
Generation :  30
Fitness of the best solution : 931003580.5023618
Parameters of the best solution : [0 0 1 0 0 0 0 0 0 0 0 0 0 0 0 0 0 0 0 0 0 0 0 0 0 0 0 0 0 0 0 1 0 0 1 0 0
 0 1 0 0 0 0 0 0 0 0 0 0 0 0 0 0 0 0 0 0 0 0 0 0 0 0 0 0 0 0 0 0 0 0 0 0 0
 0 0 1 1 0 0 0 0 0 0 0 0 0 0 0 0 0 1 0 0 0 0 0 0 0 0]
Number of antennas of the best solution = 7.0
Number of covered regions of the best solution = 100.0
Index of the best solution : 0
Total generations: 30.
Best fitness value reached after 0 generations.

2 : 31 => 1264.9110640673518

2 : 34 => 1442.2205101855957

2 : 38 => 2683.281572999748

2 : 76 => 3224.9030993194197

2 : 77 => 3440.9301068170507

2 : 91 => 3622.154055254967

31 : 34 => 1200.0

31 : 38 => 2800.0

31 : 76 => 2561.2496949731394

31 : 77 => 2884.4410203711914

31 : 91 => 2400.0

34 : 38 => 1600.0

34 : 76 => 1788.8543819998317

34 : 77 => 2000.0

34 : 91 => 2683.281572999748

38 : 76 => 1788.8543819998317

38 : 77 => 1649.2422502470642

38 : 91 => 3687.817782917155

76 : 77 => 400.0

76 : 91 => 2154.0659228538016

77 : 91 => 2529.8221281347037

Starting GA of slice 6.

Generation :  1
Fitness of the best solution : 931003580.5023618
Generation :  2
Fitness of the best solution : 931003580.5023618
Generation :  3
Fitness of the best solution : 931003580.5023618
Generation :  4
Fitness of the best solution : 931003580.5023618
Generation :  5
Fitness of the best solution : 931003580.5023618
Generation :  6
Fitness of the best solution : 931003580.5023618
Generation :  7
Fitness of the best solution : 931003580.5023618
Generation :  8
Fitness of the best solution : 931003580.5023618
Generation :  9
Fitness of the best solution : 931003580.5023618
Generation :  10
Fitness of the best solution : 931003580.5023618
Generation :  11
Fitness of the best solution : 931003580.5023618
Generation :  12
Fitness of the best solution : 931003580.5023618
Generation :  13
Fitness of the best solution : 931003580.5023618
Generation :  14
Fitness of the best solution : 931003580.5023618
Generation :  15
Fitness of the best solution : 931003580.5023618
Generation :  16
Fitness of the best solution : 931003580.5023618
Generation :  17
Fitness of the best solution : 931003580.5023618
Generation :  18
Fitness of the best solution : 931003580.5023618
Generation :  19
Fitness of the best solution : 931003580.5023618
Generation :  20
Fitness of the best solution : 931003580.5023618
Generation :  21
Fitness of the best solution : 931003580.5023618
Generation :  22
Fitness of the best solution : 931003580.5023618
Generation :  23
Fitness of the best solution : 931003580.5023618
Generation :  24
Fitness of the best solution : 931003580.5023618
Generation :  25
Fitness of the best solution : 931003580.5023618
Generation :  26
Fitness of the best solution : 931003580.5023618
Generation :  27
Fitness of the best solution : 931003580.5023618
Generation :  28
Fitness of the best solution : 931003580.5023618
Generation :  29
Fitness of the best solution : 931003580.5023618
Generation :  30
Fitness of the best solution : 931003580.5023618
Parameters of the best solution : [0 0 1 0 0 0 0 0 0 0 0 0 0 0 0 0 0 0 0 0 0 0 0 0 0 0 0 0 0 0 0 1 0 0 1 0 0
 0 1 0 0 0 0 0 0 0 0 0 0 0 0 0 0 0 0 0 0 0 0 0 0 0 0 0 0 0 0 0 0 0 0 0 0 0
 0 0 1 1 0 0 0 0 0 0 0 0 0 0 0 0 0 1 0 0 0 0 0 0 0 0]
Number of antennas of the best solution = 7.0
Number of covered regions of the best solution = 100.0
Index of the best solution : 0
Total generations: 30.
Best fitness value reached after 0 generations.

2 : 31 => 1264.9110640673518

2 : 34 => 1442.2205101855957

2 : 38 => 2683.281572999748

2 : 76 => 3224.9030993194197

2 : 77 => 3440.9301068170507

2 : 91 => 3622.154055254967

31 : 34 => 1200.0

31 : 38 => 2800.0

31 : 76 => 2561.2496949731394

31 : 77 => 2884.4410203711914

31 : 91 => 2400.0

34 : 38 => 1600.0

34 : 76 => 1788.8543819998317

34 : 77 => 2000.0

34 : 91 => 2683.281572999748

38 : 76 => 1788.8543819998317

38 : 77 => 1649.2422502470642

38 : 91 => 3687.817782917155

76 : 77 => 400.0

76 : 91 => 2154.0659228538016

77 : 91 => 2529.8221281347037

Starting GA of slice 7.

Generation :  1
Fitness of the best solution : 931003580.5023618
Generation :  2
Fitness of the best solution : 931003580.5023618
Generation :  3
Fitness of the best solution : 931003580.5023618
Generation :  4
Fitness of the best solution : 931003580.5023618
Generation :  5
Fitness of the best solution : 931003580.5023618
Generation :  6
Fitness of the best solution : 931003580.5023618
Generation :  7
Fitness of the best solution : 931003580.5023618
Generation :  8
Fitness of the best solution : 931003580.5023618
Generation :  9
Fitness of the best solution : 931003580.5023618
Generation :  10
Fitness of the best solution : 931003580.5023618
Generation :  11
Fitness of the best solution : 931003580.5023618
Generation :  12
Fitness of the best solution : 931003580.5023618
Generation :  13
Fitness of the best solution : 931003580.5023618
Generation :  14
Fitness of the best solution : 931003580.5023618
Generation :  15
Fitness of the best solution : 931003580.5023618
Generation :  16
Fitness of the best solution : 931003580.5023618
Generation :  17
Fitness of the best solution : 931003580.5023618
Generation :  18
Fitness of the best solution : 931003580.5023618
Generation :  19
Fitness of the best solution : 931003580.5023618
Generation :  20
Fitness of the best solution : 931003580.5023618
Generation :  21
Fitness of the best solution : 931003580.5023618
Generation :  22
Fitness of the best solution : 931003580.5023618
Generation :  23
Fitness of the best solution : 931003580.5023618
Generation :  24
Fitness of the best solution : 931003580.5023618
Generation :  25
Fitness of the best solution : 931003580.5023618
Generation :  26
Fitness of the best solution : 931003580.5023618
Generation :  27
Fitness of the best solution : 931003580.5023618
Generation :  28
Fitness of the best solution : 931003580.5023618
Generation :  29
Fitness of the best solution : 931003580.5023618
Generation :  30
Fitness of the best solution : 931003580.5023618
Parameters of the best solution : [0 0 1 0 0 0 0 0 0 0 0 0 0 0 0 0 0 0 0 0 0 0 0 0 0 0 0 0 0 0 0 1 0 0 1 0 0
 0 1 0 0 0 0 0 0 0 0 0 0 0 0 0 0 0 0 0 0 0 0 0 0 0 0 0 0 0 0 0 0 0 0 0 0 0
 0 0 1 1 0 0 0 0 0 0 0 0 0 0 0 0 0 1 0 0 0 0 0 0 0 0]
Number of antennas of the best solution = 7.0
Number of covered regions of the best solution = 100.0
Index of the best solution : 0
Total generations: 30.
Best fitness value reached after 0 generations.

2 : 31 => 1264.9110640673518

2 : 34 => 1442.2205101855957

2 : 38 => 2683.281572999748

2 : 76 => 3224.9030993194197

2 : 77 => 3440.9301068170507

2 : 91 => 3622.154055254967

31 : 34 => 1200.0

31 : 38 => 2800.0

31 : 76 => 2561.2496949731394

31 : 77 => 2884.4410203711914

31 : 91 => 2400.0

34 : 38 => 1600.0

34 : 76 => 1788.8543819998317

34 : 77 => 2000.0

34 : 91 => 2683.281572999748

38 : 76 => 1788.8543819998317

38 : 77 => 1649.2422502470642

38 : 91 => 3687.817782917155

76 : 77 => 400.0

76 : 91 => 2154.0659228538016

77 : 91 => 2529.8221281347037

Starting GA of slice 8.

Generation :  1
Fitness of the best solution : 931003580.5023618
Generation :  2
Fitness of the best solution : 931003580.5023618
Generation :  3
Fitness of the best solution : 931003580.5023618
Generation :  4
Fitness of the best solution : 931003580.5023618
Generation :  5
Fitness of the best solution : 931003580.5023618
Generation :  6
Fitness of the best solution : 931003580.5023618
Generation :  7
Fitness of the best solution : 931003580.5023618
Generation :  8
Fitness of the best solution : 931003580.5023618
Generation :  9
Fitness of the best solution : 931003580.5023618
Generation :  10
Fitness of the best solution : 931003580.5023618
Generation :  11
Fitness of the best solution : 931003580.5023618
Generation :  12
Fitness of the best solution : 931003580.5023618
Generation :  13
Fitness of the best solution : 931003580.5023618
Generation :  14
Fitness of the best solution : 931003580.5023618
Generation :  15
Fitness of the best solution : 931003580.5023618
Generation :  16
Fitness of the best solution : 931003580.5023618
Generation :  17
Fitness of the best solution : 931003580.5023618
Generation :  18
Fitness of the best solution : 931003580.5023618
Generation :  19
Fitness of the best solution : 931003580.5023618
Generation :  20
Fitness of the best solution : 931003580.5023618
Generation :  21
Fitness of the best solution : 931003580.5023618
Generation :  22
Fitness of the best solution : 931003580.5023618
Generation :  23
Fitness of the best solution : 931003580.5023618
Generation :  24
Fitness of the best solution : 931003580.5023618
Generation :  25
Fitness of the best solution : 931003580.5023618
Generation :  26
Fitness of the best solution : 931003580.5023618
Generation :  27
Fitness of the best solution : 931003580.5023618
Generation :  28
Fitness of the best solution : 931003580.5023618
Generation :  29
Fitness of the best solution : 931003580.5023618
Generation :  30
Fitness of the best solution : 931003580.5023618
Parameters of the best solution : [0 0 1 0 0 0 0 0 0 0 0 0 0 0 0 0 0 0 0 0 0 0 0 0 0 0 0 0 0 0 0 1 0 0 1 0 0
 0 1 0 0 0 0 0 0 0 0 0 0 0 0 0 0 0 0 0 0 0 0 0 0 0 0 0 0 0 0 0 0 0 0 0 0 0
 0 0 1 1 0 0 0 0 0 0 0 0 0 0 0 0 0 1 0 0 0 0 0 0 0 0]
Number of antennas of the best solution = 7.0
Number of covered regions of the best solution = 100.0
Index of the best solution : 0
Total generations: 30.
Best fitness value reached after 0 generations.

2 : 31 => 1264.9110640673518

2 : 34 => 1442.2205101855957

2 : 38 => 2683.281572999748

2 : 76 => 3224.9030993194197

2 : 77 => 3440.9301068170507

2 : 91 => 3622.154055254967

31 : 34 => 1200.0

31 : 38 => 2800.0

31 : 76 => 2561.2496949731394

31 : 77 => 2884.4410203711914

31 : 91 => 2400.0

34 : 38 => 1600.0

34 : 76 => 1788.8543819998317

34 : 77 => 2000.0

34 : 91 => 2683.281572999748

38 : 76 => 1788.8543819998317

38 : 77 => 1649.2422502470642

38 : 91 => 3687.817782917155

76 : 77 => 400.0

76 : 91 => 2154.0659228538016

77 : 91 => 2529.8221281347037

Starting GA of slice 9.

Generation :  1
Fitness of the best solution : 931003580.5023618
Generation :  2
Fitness of the best solution : 931003580.5023618
Generation :  3
Fitness of the best solution : 931003580.5023618
Generation :  4
Fitness of the best solution : 931003580.5023618
Generation :  5
Fitness of the best solution : 931003580.5023618
Generation :  6
Fitness of the best solution : 931003580.5023618
Generation :  7
Fitness of the best solution : 931003580.5023618
Generation :  8
Fitness of the best solution : 931003580.5023618
Generation :  9
Fitness of the best solution : 931003580.5023618
Generation :  10
Fitness of the best solution : 931003580.5023618
Generation :  11
Fitness of the best solution : 931003580.5023618
Generation :  12
Fitness of the best solution : 931003580.5023618
Generation :  13
Fitness of the best solution : 931003580.5023618
Generation :  14
Fitness of the best solution : 931003580.5023618
Generation :  15
Fitness of the best solution : 931003580.5023618
Generation :  16
Fitness of the best solution : 931003580.5023618
Generation :  17
Fitness of the best solution : 931003580.5023618
Generation :  18
Fitness of the best solution : 931003580.5023618
Generation :  19
Fitness of the best solution : 931003580.5023618
Generation :  20
Fitness of the best solution : 931003580.5023618
Generation :  21
Fitness of the best solution : 931003580.5023618
Generation :  22
Fitness of the best solution : 931003580.5023618
Generation :  23
Fitness of the best solution : 931003580.5023618
Generation :  24
Fitness of the best solution : 931003580.5023618
Generation :  25
Fitness of the best solution : 931003580.5023618
Generation :  26
Fitness of the best solution : 931003580.5023618
Generation :  27
Fitness of the best solution : 931003580.5023618
Generation :  28
Fitness of the best solution : 931003580.5023618
Generation :  29
Fitness of the best solution : 931003580.5023618
Generation :  30
Fitness of the best solution : 931003580.5023618
Parameters of the best solution : [0 0 1 0 0 0 0 0 0 0 0 0 0 0 0 0 0 0 0 0 0 0 0 0 0 0 0 0 0 0 0 1 0 0 1 0 0
 0 1 0 0 0 0 0 0 0 0 0 0 0 0 0 0 0 0 0 0 0 0 0 0 0 0 0 0 0 0 0 0 0 0 0 0 0
 0 0 1 1 0 0 0 0 0 0 0 0 0 0 0 0 0 1 0 0 0 0 0 0 0 0]
Number of antennas of the best solution = 7.0
Number of covered regions of the best solution = 100.0
Index of the best solution : 0
Total generations: 30.
Best fitness value reached after 0 generations.

2 : 31 => 1264.9110640673518

2 : 34 => 1442.2205101855957

2 : 38 => 2683.281572999748

2 : 76 => 3224.9030993194197

2 : 77 => 3440.9301068170507

2 : 91 => 3622.154055254967

31 : 34 => 1200.0

31 : 38 => 2800.0

31 : 76 => 2561.2496949731394

31 : 77 => 2884.4410203711914

31 : 91 => 2400.0

34 : 38 => 1600.0

34 : 76 => 1788.8543819998317

34 : 77 => 2000.0

34 : 91 => 2683.281572999748

38 : 76 => 1788.8543819998317

38 : 77 => 1649.2422502470642

38 : 91 => 3687.817782917155

76 : 77 => 400.0

76 : 91 => 2154.0659228538016

77 : 91 => 2529.8221281347037

Starting GA of slice 10.

Generation :  1
Fitness of the best solution : 931003580.5023618
Generation :  2
Fitness of the best solution : 931003580.5023618
Generation :  3
Fitness of the best solution : 931003580.5023618
Generation :  4
Fitness of the best solution : 931003580.5023618
Generation :  5
Fitness of the best solution : 931003580.5023618
Generation :  6
Fitness of the best solution : 931003580.5023618
Generation :  7
Fitness of the best solution : 931003580.5023618
Generation :  8
Fitness of the best solution : 931003580.5023618
Generation :  9
Fitness of the best solution : 931003580.5023618
Generation :  10
Fitness of the best solution : 931003580.5023618
Generation :  11
Fitness of the best solution : 931003580.5023618
Generation :  12
Fitness of the best solution : 931003580.5023618
Generation :  13
Fitness of the best solution : 931003580.5023618
Generation :  14
Fitness of the best solution : 931003580.5023618
Generation :  15
Fitness of the best solution : 931003580.5023618
Generation :  16
Fitness of the best solution : 931003580.5023618
Generation :  17
Fitness of the best solution : 931003580.5023618
Generation :  18
Fitness of the best solution : 931003580.5023618
Generation :  19
Fitness of the best solution : 931003580.5023618
Generation :  20
Fitness of the best solution : 931003580.5023618
Generation :  21
Fitness of the best solution : 931003580.5023618
Generation :  22
Fitness of the best solution : 931003580.5023618
Generation :  23
Fitness of the best solution : 931003580.5023618
Generation :  24
Fitness of the best solution : 931003580.5023618
Generation :  25
Fitness of the best solution : 931003580.5023618
Generation :  26
Fitness of the best solution : 931003580.5023618
Generation :  27
Fitness of the best solution : 931003580.5023618
Generation :  28
Fitness of the best solution : 931003580.5023618
Generation :  29
Fitness of the best solution : 931003580.5023618
Generation :  30
Fitness of the best solution : 931003580.5023618
Parameters of the best solution : [0 0 1 0 0 0 0 0 0 0 0 0 0 0 0 0 0 0 0 0 0 0 0 0 0 0 0 0 0 0 0 1 0 0 1 0 0
 0 1 0 0 0 0 0 0 0 0 0 0 0 0 0 0 0 0 0 0 0 0 0 0 0 0 0 0 0 0 0 0 0 0 0 0 0
 0 0 1 1 0 0 0 0 0 0 0 0 0 0 0 0 0 1 0 0 0 0 0 0 0 0]
Number of antennas of the best solution = 7.0
Number of covered regions of the best solution = 100.0
Index of the best solution : 0
Total generations: 30.
Best fitness value reached after 0 generations.

2 : 31 => 1264.9110640673518

2 : 34 => 1442.2205101855957

2 : 38 => 2683.281572999748

2 : 76 => 3224.9030993194197

2 : 77 => 3440.9301068170507

2 : 91 => 3622.154055254967

31 : 34 => 1200.0

31 : 38 => 2800.0

31 : 76 => 2561.2496949731394

31 : 77 => 2884.4410203711914

31 : 91 => 2400.0

34 : 38 => 1600.0

34 : 76 => 1788.8543819998317

34 : 77 => 2000.0

34 : 91 => 2683.281572999748

38 : 76 => 1788.8543819998317

38 : 77 => 1649.2422502470642

38 : 91 => 3687.817782917155

76 : 77 => 400.0

76 : 91 => 2154.0659228538016

77 : 91 => 2529.8221281347037

Starting GA of slice 11.

Generation :  1
Fitness of the best solution : 931003580.5023618
Generation :  2
Fitness of the best solution : 931003580.5023618
Generation :  3
Fitness of the best solution : 931003580.5023618
Generation :  4
Fitness of the best solution : 931003580.5023618
Generation :  5
Fitness of the best solution : 931003580.5023618
Generation :  6
Fitness of the best solution : 931003580.5023618
Generation :  7
Fitness of the best solution : 931003580.5023618
Generation :  8
Fitness of the best solution : 931003580.5023618
Generation :  9
Fitness of the best solution : 931003580.5023618
Generation :  10
Fitness of the best solution : 931003580.5023618
Generation :  11
Fitness of the best solution : 931003580.5023618
Generation :  12
Fitness of the best solution : 931003580.5023618
Generation :  13
Fitness of the best solution : 931003580.5023618
Generation :  14
Fitness of the best solution : 931003580.5023618
Generation :  15
Fitness of the best solution : 931003580.5023618
Generation :  16
Fitness of the best solution : 931003580.5023618
Generation :  17
Fitness of the best solution : 931003580.5023618
Generation :  18
Fitness of the best solution : 931003580.5023618
Generation :  19
Fitness of the best solution : 931003580.5023618
Generation :  20
Fitness of the best solution : 931003580.5023618
Generation :  21
Fitness of the best solution : 931003580.5023618
Generation :  22
Fitness of the best solution : 931003580.5023618
Generation :  23
Fitness of the best solution : 931003580.5023618
Generation :  24
Fitness of the best solution : 931003580.5023618
Generation :  25
Fitness of the best solution : 931003580.5023618
Generation :  26
Fitness of the best solution : 931003580.5023618
Generation :  27
Fitness of the best solution : 931003580.5023618
Generation :  28
Fitness of the best solution : 931003580.5023618
Generation :  29
Fitness of the best solution : 931003580.5023618
Generation :  30
Fitness of the best solution : 931003580.5023618
Parameters of the best solution : [0 0 1 0 0 0 0 0 0 0 0 0 0 0 0 0 0 0 0 0 0 0 0 0 0 0 0 0 0 0 0 1 0 0 1 0 0
 0 1 0 0 0 0 0 0 0 0 0 0 0 0 0 0 0 0 0 0 0 0 0 0 0 0 0 0 0 0 0 0 0 0 0 0 0
 0 0 1 1 0 0 0 0 0 0 0 0 0 0 0 0 0 1 0 0 0 0 0 0 0 0]
Number of antennas of the best solution = 7.0
Number of covered regions of the best solution = 100.0
Index of the best solution : 0
Total generations: 30.
Best fitness value reached after 0 generations.

2 : 31 => 1264.9110640673518

2 : 34 => 1442.2205101855957

2 : 38 => 2683.281572999748

2 : 76 => 3224.9030993194197

2 : 77 => 3440.9301068170507

2 : 91 => 3622.154055254967

31 : 34 => 1200.0

31 : 38 => 2800.0

31 : 76 => 2561.2496949731394

31 : 77 => 2884.4410203711914

31 : 91 => 2400.0

34 : 38 => 1600.0

34 : 76 => 1788.8543819998317

34 : 77 => 2000.0

34 : 91 => 2683.281572999748

38 : 76 => 1788.8543819998317

38 : 77 => 1649.2422502470642

38 : 91 => 3687.817782917155

76 : 77 => 400.0

76 : 91 => 2154.0659228538016

77 : 91 => 2529.8221281347037
t=0
x_0_34
		Usuarios totais: 0
x_0_76
		Usuarios totais: 0
x_0_91
	 y_0,91,66 = -4.795092407900938 dB
	 y_0,91,67 = -0.6606132885961525 dB
	 y_0,91,76 = 8.763175989668184 dB
	 y_0,91,77 = -9.653747574110497 dB
	 y_0,91,86 = 1.0272813509511989 dB
	 y_0,91,87 = -2.3046729442047824 dB
		SNR medio: 2.5023670929245148
		Usuarios totais: 31
Distances:
34 : 76 = 1788.8543819998317
34 : 91 = 2683.281572999748
76 : 91 = 2154.0659228538016
t=1
x_1_31
		Usuarios totais: 0
x_1_34
	 y_1,34,1 = -3.774400962954246 dB
	 y_1,34,3 = 5.865341565898689 dB
	 y_1,34,5 = 18.921069648009663 dB
	 y_1,34,14 = 21.212804155414673 dB
	 y_1,34,22 = 19.352843937115964 dB
	 y_1,34,25 = 31.14276122241914 dB
	 y_1,34,35 = 25.744916372328447 dB
	 y_1,34,36 = 20.264991403861274 dB
	 y_1,34,46 = 14.957959450574833 dB
	 y_1,34,49 = 6.432445247912966 dB
	 y_1,34,50 = 3.8005788889070686 dB
		SNR medio: 22.85240688536618
		Usuarios totais: 11
x_1_38
		Usuarios totais: 0
x_1_76
	 y_1,76,18 = 1.3140876077443833 dB
	 y_1,76,56 = 25.62983941021531 dB
	 y_1,76,59 = 8.563864604210423 dB
	 y_1,76,67 = 22.33001202175207 dB
	 y_1,76,75 = 28.294755703710706 dB
	 y_1,76,76 = 89.10531092021611 dB
	 y_1,76,77 = 23.245327948603887 dB
	 y_1,76,85 = 18.767314029793155 dB
	 y_1,76,86 = 30.584288671195736 dB
	 y_1,76,94 = 18.355236660526103 dB
	 y_1,76,96 = 19.84589112683281 dB
		SNR medio: 78.69139909497623
		Usuarios totais: 33
x_1_91
	 y_1,91,40 = 7.862508304324621 dB
	 y_1,91,60 = 11.037872787918303 dB
	 y_1,91,82 = 12.564694874421633 dB
	 y_1,91,90 = 29.867500548585312 dB
	 y_1,91,91 = 92.60667376036639 dB
	 y_1,91,92 = 18.980873501350345 dB
		SNR medio: 84.82516384418057
		Usuarios totais: 9
Distances:
31 : 34 = 1200.0
31 : 38 = 2800.0
31 : 76 = 2561.2496949731394
31 : 91 = 2400.0
34 : 38 = 1600.0
34 : 76 = 1788.8543819998317
34 : 91 = 2683.281572999748
38 : 76 = 1788.8543819998317
38 : 91 = 3687.817782917155
76 : 91 = 2154.0659228538016
t=2
x_2_2
		Usuarios totais: 0
x_2_31
	 y_2,31,0 = 9.215213371783804 dB
	 y_2,31,10 = 15.576288562641977 dB
	 y_2,31,32 = 33.452907865137306 dB
	 y_2,31,52 = 13.950066781054943 dB
	 y_2,31,60 = 15.838985997366692 dB
	 y_2,31,61 = 17.63785541830815 dB
		SNR medio: 25.98475920637799
		Usuarios totais: 9
x_2_34
	 y_2,34,4 = 9.290995371628995 dB
	 y_2,34,12 = 16.285475814721437 dB
	 y_2,34,14 = 21.212804155414673 dB
	 y_2,34,23 = 15.922967860597538 dB
	 y_2,34,24 = 21.23374688965791 dB
	 y_2,34,25 = 31.14276122241914 dB
	 y_2,34,33 = 22.5981607246666 dB
	 y_2,34,34 = 74.91232027781597 dB
	 y_2,34,46 = 14.957959450574833 dB
	 y_2,34,53 = 17.34054800844126 dB
		SNR medio: 64.91258983715662
		Usuarios totais: 12
x_2_38
	 y_2,38,6 = 15.181167247923682 dB
	 y_2,38,7 = 14.76349552791524 dB
	 y_2,38,18 = 12.699883959808858 dB
	 y_2,38,27 = 23.494016383854643 dB
	 y_2,38,28 = 25.591839796944214 dB
	 y_2,38,29 = 20.93269179038208 dB
	 y_2,38,37 = 33.99714256413435 dB
	 y_2,38,47 = 26.766827827089656 dB
	 y_2,38,59 = 14.791850152271962 dB
		SNR medio: 26.26319732034837
		Usuarios totais: 13
x_2_76
	 y_2,76,55 = 11.796313145942321 dB
	 y_2,76,56 = 25.62983941021531 dB
	 y_2,76,66 = 23.730770193068082 dB
	 y_2,76,67 = 22.33001202175207 dB
	 y_2,76,68 = 22.87773834977793 dB
	 y_2,76,75 = 28.294755703710706 dB
	 y_2,76,76 = 89.10531092021611 dB
	 y_2,76,77 = 23.245327948603887 dB
	 y_2,76,83 = 20.59204419951449 dB
	 y_2,76,86 = 30.584288671195736 dB
	 y_2,76,87 = 27.256475474233696 dB
	 y_2,76,94 = 18.355236660526103 dB
		SNR medio: 78.31351834833207
		Usuarios totais: 57
x_2_77
		Usuarios totais: 0
x_2_91
	 y_2,91,70 = 11.462705656384315 dB
	 y_2,91,71 = 24.347498925996845 dB
	 y_2,91,90 = 29.867500548585312 dB
	 y_2,91,92 = 18.980873501350345 dB
		SNR medio: 25.234711487507255
		Usuarios totais: 5
Distances:
2 : 31 = 1264.9110640673518
2 : 34 = 1442.2205101855957
2 : 38 = 2683.281572999748
2 : 76 = 3224.9030993194197
2 : 77 = 3440.9301068170507
2 : 91 = 3622.154055254967
31 : 34 = 1200.0
31 : 38 = 2800.0
31 : 76 = 2561.2496949731394
31 : 77 = 2884.4410203711914
31 : 91 = 2400.0
34 : 38 = 1600.0
34 : 76 = 1788.8543819998317
34 : 77 = 2000.0
34 : 91 = 2683.281572999748
38 : 76 = 1788.8543819998317
38 : 77 = 1649.2422502470642
38 : 91 = 3687.817782917155
76 : 77 = 400.0
76 : 91 = 2154.0659228538016
77 : 91 = 2529.8221281347037
t=3
x_3_2
	 y_3,2,1 = 33.354898287566655 dB
	 y_3,2,6 = 16.640951616969346 dB
	 y_3,2,10 = 18.314159424312862 dB
	 y_3,2,11 = 22.321076836651628 dB
	 y_3,2,13 = 24.367277946559625 dB
		SNR medio: 27.36099351594084
		Usuarios totais: 5
x_3_31
	 y_3,31,22 = 22.953167579777144 dB
	 y_3,31,30 = 29.40886723515176 dB
	 y_3,31,31 = 85.93125166066147 dB
	 y_3,31,40 = 24.18723552929518 dB
	 y_3,31,42 = 24.28006578913211 dB
	 y_3,31,51 = 11.556670262047191 dB
	 y_3,31,52 = 13.950066781054943 dB
	 y_3,31,61 = 17.63785541830815 dB
		SNR medio: 76.9003706041283
		Usuarios totais: 13
x_3_34
	 y_3,34,5 = 18.921069648009663 dB
	 y_3,34,14 = 21.212804155414673 dB
	 y_3,34,15 = 14.208206338061615 dB
	 y_3,34,23 = 15.922967860597538 dB
	 y_3,34,24 = 21.23374688965791 dB
	 y_3,34,25 = 31.14276122241914 dB
	 y_3,34,33 = 22.5981607246666 dB
	 y_3,34,35 = 25.744916372328447 dB
	 y_3,34,43 = 23.501447665564697 dB
	 y_3,34,44 = 25.672534882770634 dB
	 y_3,34,54 = 14.393103045279048 dB
		SNR medio: 24.191232885484236
		Usuarios totais: 19
x_3_38
	 y_3,38,7 = 14.76349552791524 dB
	 y_3,38,8 = 16.365254455277523 dB
	 y_3,38,19 = 25.98892517635433 dB
	 y_3,38,28 = 25.591839796944214 dB
	 y_3,38,29 = 20.93269179038208 dB
	 y_3,38,38 = 90.65944120659415 dB
	 y_3,38,39 = 18.656592243553746 dB
	 y_3,38,47 = 26.766827827089656 dB
	 y_3,38,57 = 18.208379168140567 dB
	 y_3,38,58 = 22.104758538283022 dB
	 y_3,38,69 = 14.542857766715073 dB
		SNR medio: 80.24552092961969
		Usuarios totais: 15
x_3_76
	 y_3,76,56 = 25.62983941021531 dB
	 y_3,76,65 = 23.83562802923508 dB
	 y_3,76,66 = 23.730770193068082 dB
	 y_3,76,73 = 12.745234048403404 dB
	 y_3,76,74 = 16.776625098042544 dB
	 y_3,76,76 = 89.10531092021611 dB
	 y_3,76,85 = 18.767314029793155 dB
	 y_3,76,86 = 30.584288671195736 dB
	 y_3,76,94 = 18.355236660526103 dB
	 y_3,76,95 = 17.40206905945921 dB
	 y_3,76,97 = 11.935224251140141 dB
	 y_3,76,99 = 13.618379186524749 dB
		SNR medio: 78.31351068727366
		Usuarios totais: 33
x_3_77
	 y_3,77,77 = 91.08170193872394 dB
	 y_3,77,78 = 27.895811971716768 dB
	 y_3,77,79 = 12.086836675054343 dB
	 y_3,77,87 = 28.50223955176176 dB
	 y_3,77,96 = 22.577571728304065 dB
		SNR medio: 84.09200704634117
		Usuarios totais: 27
x_3_91
	 y_3,91,72 = 21.356564919184905 dB
	 y_3,91,80 = 28.703991150010424 dB
	 y_3,91,81 = 26.698443516944025 dB
	 y_3,91,90 = 29.867500548585312 dB
	 y_3,91,91 = 92.60667376036639 dB
	 y_3,91,92 = 18.980873501350345 dB
	 y_3,91,93 = 32.06020566564831 dB
		SNR medio: 84.1557028974829
		Usuarios totais: 13
Distances:
2 : 31 = 1264.9110640673518
2 : 34 = 1442.2205101855957
2 : 38 = 2683.281572999748
2 : 76 = 3224.9030993194197
2 : 77 = 3440.9301068170507
2 : 91 = 3622.154055254967
31 : 34 = 1200.0
31 : 38 = 2800.0
31 : 76 = 2561.2496949731394
31 : 77 = 2884.4410203711914
31 : 91 = 2400.0
34 : 38 = 1600.0
34 : 76 = 1788.8543819998317
34 : 77 = 2000.0
34 : 91 = 2683.281572999748
38 : 76 = 1788.8543819998317
38 : 77 = 1649.2422502470642
38 : 91 = 3687.817782917155
76 : 77 = 400.0
76 : 91 = 2154.0659228538016
77 : 91 = 2529.8221281347037
t=4
x_4_2
	 y_4,2,0 = 11.24886369985677 dB
	 y_4,2,1 = 33.354898287566655 dB
	 y_4,2,2 = 97.12573697238801 dB
	 y_4,2,3 = 27.137796042240765 dB
	 y_4,2,6 = 16.640951616969346 dB
	 y_4,2,10 = 18.314159424312862 dB
	 y_4,2,11 = 22.321076836651628 dB
	 y_4,2,12 = 22.700357698899552 dB
		SNR medio: 88.09483976818993
		Usuarios totais: 16
x_4_31
	 y_4,31,20 = 25.346343705203665 dB
	 y_4,31,22 = 22.953167579777144 dB
	 y_4,31,30 = 29.40886723515176 dB
	 y_4,31,31 = 85.93125166066147 dB
	 y_4,31,40 = 24.18723552929518 dB
	 y_4,31,41 = 34.21862127246237 dB
	 y_4,31,42 = 24.28006578913211 dB
	 y_4,31,50 = 14.72850353320807 dB
	 y_4,31,51 = 11.556670262047191 dB
	 y_4,31,52 = 13.950066781054943 dB
	 y_4,31,60 = 15.838985997366692 dB
	 y_4,31,61 = 17.63785541830815 dB
	 y_4,31,63 = 10.155039714153077 dB
		SNR medio: 74.79187089231809
		Usuarios totais: 25
x_4_34
	 y_4,34,5 = 18.921069648009663 dB
	 y_4,34,14 = 21.212804155414673 dB
	 y_4,34,15 = 14.208206338061615 dB
	 y_4,34,16 = 17.453582199564664 dB
	 y_4,34,23 = 15.922967860597538 dB
	 y_4,34,33 = 22.5981607246666 dB
	 y_4,34,34 = 74.91232027781597 dB
	 y_4,34,35 = 25.744916372328447 dB
	 y_4,34,36 = 20.264991403861274 dB
	 y_4,34,43 = 23.501447665564697 dB
	 y_4,34,46 = 14.957959450574833 dB
	 y_4,34,53 = 17.34054800844126 dB
		SNR medio: 64.12069060389187
		Usuarios totais: 16
x_4_38
	 y_4,38,9 = 15.55594116843983 dB
	 y_4,38,17 = 17.71311839497224 dB
	 y_4,38,18 = 12.699883959808858 dB
	 y_4,38,19 = 25.98892517635433 dB
	 y_4,38,26 = 22.60666878926537 dB
	 y_4,38,27 = 23.494016383854643 dB
	 y_4,38,29 = 20.93269179038208 dB
	 y_4,38,37 = 33.99714256413435 dB
	 y_4,38,39 = 18.656592243553746 dB
	 y_4,38,47 = 26.766827827089656 dB
	 y_4,38,48 = 36.28454691961488 dB
	 y_4,38,49 = 28.924587872534232 dB
	 y_4,38,58 = 22.104758538283022 dB
		SNR medio: 28.54201392300746
		Usuarios totais: 19
x_4_76
	 y_4,76,55 = 11.796313145942321 dB
	 y_4,76,64 = 21.295650395720585 dB
	 y_4,76,65 = 23.83562802923508 dB
	 y_4,76,66 = 23.730770193068082 dB
	 y_4,76,68 = 22.87773834977793 dB
	 y_4,76,73 = 12.745234048403404 dB
	 y_4,76,75 = 28.294755703710706 dB
	 y_4,76,76 = 89.10531092021611 dB
	 y_4,76,84 = 13.448001296964208 dB
	 y_4,76,86 = 30.584288671195736 dB
	 y_4,76,95 = 17.40206905945921 dB
	 y_4,76,98 = 17.90464937554954 dB
	 y_4,76,99 = 13.618379186524749 dB
		SNR medio: 77.96589245524083
		Usuarios totais: 39
x_4_77
	 y_4,77,59 = 27.69290221888238 dB
	 y_4,77,67 = 32.11672370722388 dB
	 y_4,77,77 = 91.08170193872394 dB
	 y_4,77,79 = 12.086836675054343 dB
	 y_4,77,87 = 28.50223955176176 dB
	 y_4,77,89 = 17.433815756899804 dB
	 y_4,77,96 = 22.577571728304065 dB
		SNR medio: 82.63073229356411
		Usuarios totais: 23
x_4_91
	 y_4,91,62 = 16.744080426145047 dB
	 y_4,91,70 = 11.462705656384315 dB
	 y_4,91,72 = 21.356564919184905 dB
	 y_4,91,80 = 28.703991150010424 dB
	 y_4,91,81 = 26.698443516944025 dB
	 y_4,91,82 = 12.564694874421633 dB
	 y_4,91,90 = 29.867500548585312 dB
	 y_4,91,91 = 92.60667376036639 dB
	 y_4,91,92 = 18.980873501350345 dB
	 y_4,91,93 = 32.06020566564831 dB
		SNR medio: 82.60668348660565
		Usuarios totais: 19
Distances:
2 : 31 = 1264.9110640673518
2 : 34 = 1442.2205101855957
2 : 38 = 2683.281572999748
2 : 76 = 3224.9030993194197
2 : 77 = 3440.9301068170507
2 : 91 = 3622.154055254967
31 : 34 = 1200.0
31 : 38 = 2800.0
31 : 76 = 2561.2496949731394
31 : 77 = 2884.4410203711914
31 : 91 = 2400.0
34 : 38 = 1600.0
34 : 76 = 1788.8543819998317
34 : 77 = 2000.0
34 : 91 = 2683.281572999748
38 : 76 = 1788.8543819998317
38 : 77 = 1649.2422502470642
38 : 91 = 3687.817782917155
76 : 77 = 400.0
76 : 91 = 2154.0659228538016
77 : 91 = 2529.8221281347037
t=5
x_5_2
	 y_5,2,0 = 11.24886369985677 dB
	 y_5,2,1 = 33.354898287566655 dB
	 y_5,2,4 = 11.924754050821491 dB
	 y_5,2,6 = 16.640951616969346 dB
	 y_5,2,10 = 18.314159424312862 dB
	 y_5,2,11 = 22.321076836651628 dB
	 y_5,2,13 = 24.367277946559625 dB
		SNR medio: 25.945574241262225
		Usuarios totais: 17
x_5_31
	 y_5,31,20 = 25.346343705203665 dB
	 y_5,31,22 = 22.953167579777144 dB
	 y_5,31,30 = 29.40886723515176 dB
	 y_5,31,31 = 85.93125166066147 dB
	 y_5,31,32 = 33.452907865137306 dB
	 y_5,31,40 = 24.18723552929518 dB
	 y_5,31,41 = 34.21862127246237 dB
	 y_5,31,42 = 24.28006578913211 dB
	 y_5,31,51 = 11.556670262047191 dB
	 y_5,31,52 = 13.950066781054943 dB
	 y_5,31,60 = 15.838985997366692 dB
	 y_5,31,61 = 17.63785541830815 dB
	 y_5,31,63 = 10.155039714153077 dB
		SNR medio: 74.79189510697815
		Usuarios totais: 26
x_5_34
	 y_5,34,5 = 18.921069648009663 dB
	 y_5,34,14 = 21.212804155414673 dB
	 y_5,34,15 = 14.208206338061615 dB
	 y_5,34,16 = 17.453582199564664 dB
	 y_5,34,24 = 21.23374688965791 dB
	 y_5,34,25 = 31.14276122241914 dB
	 y_5,34,33 = 22.5981607246666 dB
	 y_5,34,34 = 74.91232027781597 dB
	 y_5,34,35 = 25.744916372328447 dB
	 y_5,34,43 = 23.501447665564697 dB
	 y_5,34,44 = 25.672534882770634 dB
	 y_5,34,45 = 25.576929113240595 dB
	 y_5,34,46 = 14.957959450574833 dB
	 y_5,34,53 = 17.34054800844126 dB
	 y_5,34,54 = 14.393103045279048 dB
		SNR medio: 63.15187721343414
		Usuarios totais: 33
x_5_38
	 y_5,38,7 = 14.76349552791524 dB
	 y_5,38,8 = 16.365254455277523 dB
	 y_5,38,9 = 15.55594116843983 dB
	 y_5,38,17 = 17.71311839497224 dB
	 y_5,38,18 = 12.699883959808858 dB
	 y_5,38,19 = 25.98892517635433 dB
	 y_5,38,26 = 22.60666878926537 dB
	 y_5,38,27 = 23.494016383854643 dB
	 y_5,38,29 = 20.93269179038208 dB
	 y_5,38,37 = 33.99714256413435 dB
	 y_5,38,39 = 18.656592243553746 dB
	 y_5,38,48 = 36.28454691961488 dB
	 y_5,38,49 = 28.924587872534232 dB
	 y_5,38,57 = 18.208379168140567 dB
	 y_5,38,69 = 14.542857766715073 dB
		SNR medio: 27.695409828172075
		Usuarios totais: 27
x_5_76
	 y_5,76,55 = 11.796313145942321 dB
	 y_5,76,56 = 25.62983941021531 dB
	 y_5,76,64 = 21.295650395720585 dB
	 y_5,76,65 = 23.83562802923508 dB
	 y_5,76,68 = 22.87773834977793 dB
	 y_5,76,74 = 16.776625098042544 dB
	 y_5,76,75 = 28.294755703710706 dB
	 y_5,76,76 = 89.10531092021611 dB
	 y_5,76,83 = 20.59204419951449 dB
	 y_5,76,85 = 18.767314029793155 dB
	 y_5,76,86 = 30.584288671195736 dB
	 y_5,76,94 = 18.355236660526103 dB
	 y_5,76,95 = 17.40206905945921 dB
	 y_5,76,97 = 11.935224251140141 dB
	 y_5,76,98 = 17.90464937554954 dB
	 y_5,76,99 = 13.618379186524749 dB
		SNR medio: 77.06412834045472
		Usuarios totais: 34
x_5_77
	 y_5,77,59 = 27.69290221888238 dB
	 y_5,77,67 = 32.11672370722388 dB
	 y_5,77,77 = 91.08170193872394 dB
	 y_5,77,78 = 27.895811971716768 dB
	 y_5,77,79 = 12.086836675054343 dB
	 y_5,77,87 = 28.50223955176176 dB
	 y_5,77,88 = 27.62408966156336 dB
	 y_5,77,89 = 17.433815756899804 dB
		SNR medio: 82.0508162552806
		Usuarios totais: 26
x_5_91
	 y_5,91,62 = 16.744080426145047 dB
	 y_5,91,72 = 21.356564919184905 dB
	 y_5,91,80 = 28.703991150010424 dB
	 y_5,91,81 = 26.698443516944025 dB
	 y_5,91,82 = 12.564694874421633 dB
	 y_5,91,91 = 92.60667376036639 dB
	 y_5,91,92 = 18.980873501350345 dB
	 y_5,91,93 = 32.06020566564831 dB
		SNR medio: 83.57578127196163
		Usuarios totais: 20
Distances:
2 : 31 = 1264.9110640673518
2 : 34 = 1442.2205101855957
2 : 38 = 2683.281572999748
2 : 76 = 3224.9030993194197
2 : 77 = 3440.9301068170507
2 : 91 = 3622.154055254967
31 : 34 = 1200.0
31 : 38 = 2800.0
31 : 76 = 2561.2496949731394
31 : 77 = 2884.4410203711914
31 : 91 = 2400.0
34 : 38 = 1600.0
34 : 76 = 1788.8543819998317
34 : 77 = 2000.0
34 : 91 = 2683.281572999748
38 : 76 = 1788.8543819998317
38 : 77 = 1649.2422502470642
38 : 91 = 3687.817782917155
76 : 77 = 400.0
76 : 91 = 2154.0659228538016
77 : 91 = 2529.8221281347037
t=6
x_6_2
	 y_6,2,0 = 11.24886369985677 dB
	 y_6,2,3 = 27.137796042240765 dB
	 y_6,2,6 = 16.640951616969346 dB
	 y_6,2,10 = 18.314159424312862 dB
	 y_6,2,11 = 22.321076836651628 dB
	 y_6,2,13 = 24.367277946559625 dB
		SNR medio: 22.58738195939396
		Usuarios totais: 9
x_6_31
	 y_6,31,20 = 25.346343705203665 dB
	 y_6,31,22 = 22.953167579777144 dB
	 y_6,31,30 = 29.40886723515176 dB
	 y_6,31,31 = 85.93125166066147 dB
	 y_6,31,32 = 33.452907865137306 dB
	 y_6,31,40 = 24.18723552929518 dB
	 y_6,31,41 = 34.21862127246237 dB
	 y_6,31,42 = 24.28006578913211 dB
	 y_6,31,50 = 14.72850353320807 dB
	 y_6,31,51 = 11.556670262047191 dB
	 y_6,31,52 = 13.950066781054943 dB
	 y_6,31,60 = 15.838985997366692 dB
	 y_6,31,63 = 10.155039714153077 dB
		SNR medio: 74.79189479287524
		Usuarios totais: 26
x_6_34
	 y_6,34,5 = 18.921069648009663 dB
	 y_6,34,14 = 21.212804155414673 dB
	 y_6,34,23 = 15.922967860597538 dB
	 y_6,34,24 = 21.23374688965791 dB
	 y_6,34,25 = 31.14276122241914 dB
	 y_6,34,33 = 22.5981607246666 dB
	 y_6,34,34 = 74.91232027781597 dB
	 y_6,34,36 = 20.264991403861274 dB
	 y_6,34,43 = 23.501447665564697 dB
	 y_6,34,44 = 25.672534882770634 dB
	 y_6,34,45 = 25.576929113240595 dB
	 y_6,34,46 = 14.957959450574833 dB
		SNR medio: 64.12092217872994
		Usuarios totais: 25
x_6_38
	 y_6,38,7 = 14.76349552791524 dB
	 y_6,38,8 = 16.365254455277523 dB
	 y_6,38,9 = 15.55594116843983 dB
	 y_6,38,17 = 17.71311839497224 dB
	 y_6,38,18 = 12.699883959808858 dB
	 y_6,38,19 = 25.98892517635433 dB
	 y_6,38,26 = 22.60666878926537 dB
	 y_6,38,27 = 23.494016383854643 dB
	 y_6,38,29 = 20.93269179038208 dB
	 y_6,38,37 = 33.99714256413435 dB
	 y_6,38,38 = 90.65944120659415 dB
	 y_6,38,39 = 18.656592243553746 dB
	 y_6,38,47 = 26.766827827089656 dB
	 y_6,38,48 = 36.28454691961488 dB
	 y_6,38,49 = 28.924587872534232 dB
	 y_6,38,57 = 18.208379168140567 dB
	 y_6,38,58 = 22.104758538283022 dB
	 y_6,38,69 = 14.542857766715073 dB
		SNR medio: 78.10675145439654
		Usuarios totais: 36
x_6_76
	 y_6,76,55 = 11.796313145942321 dB
	 y_6,76,64 = 21.295650395720585 dB
	 y_6,76,65 = 23.83562802923508 dB
	 y_6,76,66 = 23.730770193068082 dB
	 y_6,76,68 = 22.87773834977793 dB
	 y_6,76,73 = 12.745234048403404 dB
	 y_6,76,74 = 16.776625098042544 dB
	 y_6,76,75 = 28.294755703710706 dB
	 y_6,76,76 = 89.10531092021611 dB
	 y_6,76,83 = 20.59204419951449 dB
	 y_6,76,85 = 18.767314029793155 dB
	 y_6,76,86 = 30.584288671195736 dB
	 y_6,76,94 = 18.355236660526103 dB
	 y_6,76,95 = 17.40206905945921 dB
	 y_6,76,97 = 11.935224251140141 dB
	 y_6,76,98 = 17.90464937554954 dB
	 y_6,76,99 = 13.618379186524749 dB
		SNR medio: 76.80083836261684
		Usuarios totais: 31
x_6_77
	 y_6,77,59 = 27.69290221888238 dB
	 y_6,77,77 = 91.08170193872394 dB
	 y_6,77,79 = 12.086836675054343 dB
	 y_6,77,87 = 28.50223955176176 dB
	 y_6,77,96 = 22.577571728304065 dB
		SNR medio: 84.09200695114762
		Usuarios totais: 6
x_6_91
	 y_6,91,62 = 16.744080426145047 dB
	 y_6,91,70 = 11.462705656384315 dB
	 y_6,91,72 = 21.356564919184905 dB
	 y_6,91,80 = 28.703991150010424 dB
	 y_6,91,91 = 92.60667376036639 dB
	 y_6,91,92 = 18.980873501350345 dB
	 y_6,91,93 = 32.06020566564831 dB
		SNR medio: 84.1556996179058
		Usuarios totais: 12
Distances:
2 : 31 = 1264.9110640673518
2 : 34 = 1442.2205101855957
2 : 38 = 2683.281572999748
2 : 76 = 3224.9030993194197
2 : 77 = 3440.9301068170507
2 : 91 = 3622.154055254967
31 : 34 = 1200.0
31 : 38 = 2800.0
31 : 76 = 2561.2496949731394
31 : 77 = 2884.4410203711914
31 : 91 = 2400.0
34 : 38 = 1600.0
34 : 76 = 1788.8543819998317
34 : 77 = 2000.0
34 : 91 = 2683.281572999748
38 : 76 = 1788.8543819998317
38 : 77 = 1649.2422502470642
38 : 91 = 3687.817782917155
76 : 77 = 400.0
76 : 91 = 2154.0659228538016
77 : 91 = 2529.8221281347037
t=7
x_7_2
	 y_7,2,0 = 11.24886369985677 dB
	 y_7,2,1 = 33.354898287566655 dB
	 y_7,2,2 = 97.12573697238801 dB
	 y_7,2,3 = 27.137796042240765 dB
	 y_7,2,6 = 16.640951616969346 dB
	 y_7,2,10 = 18.314159424312862 dB
	 y_7,2,11 = 22.321076836651628 dB
	 y_7,2,12 = 22.700357698899552 dB
		SNR medio: 88.09483976818993
		Usuarios totais: 14
x_7_31
	 y_7,31,30 = 29.40886723515176 dB
	 y_7,31,40 = 24.18723552929518 dB
	 y_7,31,42 = 24.28006578913211 dB
	 y_7,31,51 = 11.556670262047191 dB
	 y_7,31,52 = 13.950066781054943 dB
	 y_7,31,60 = 15.838985997366692 dB
	 y_7,31,61 = 17.63785541830815 dB
		SNR medio: 23.419914465063854
		Usuarios totais: 12
x_7_34
	 y_7,34,5 = 18.921069648009663 dB
	 y_7,34,16 = 17.453582199564664 dB
	 y_7,34,23 = 15.922967860597538 dB
	 y_7,34,24 = 21.23374688965791 dB
	 y_7,34,25 = 31.14276122241914 dB
	 y_7,34,33 = 22.5981607246666 dB
	 y_7,34,43 = 23.501447665564697 dB
	 y_7,34,44 = 25.672534882770634 dB
	 y_7,34,53 = 17.34054800844126 dB
		SNR medio: 24.324061711110055
		Usuarios totais: 16
x_7_38
	 y_7,38,7 = 14.76349552791524 dB
	 y_7,38,8 = 16.365254455277523 dB
	 y_7,38,9 = 15.55594116843983 dB
	 y_7,38,17 = 17.71311839497224 dB
	 y_7,38,18 = 12.699883959808858 dB
	 y_7,38,19 = 25.98892517635433 dB
	 y_7,38,26 = 22.60666878926537 dB
	 y_7,38,27 = 23.494016383854643 dB
	 y_7,38,37 = 33.99714256413435 dB
	 y_7,38,38 = 90.65944120659415 dB
	 y_7,38,39 = 18.656592243553746 dB
	 y_7,38,47 = 26.766827827089656 dB
	 y_7,38,48 = 36.28454691961488 dB
	 y_7,38,58 = 22.104758538283022 dB
	 y_7,38,69 = 14.542857766715073 dB
		SNR medio: 78.89856029269235
		Usuarios totais: 24
x_7_76
	 y_7,76,55 = 11.796313145942321 dB
	 y_7,76,56 = 25.62983941021531 dB
	 y_7,76,66 = 23.730770193068082 dB
	 y_7,76,73 = 12.745234048403404 dB
	 y_7,76,74 = 16.776625098042544 dB
	 y_7,76,75 = 28.294755703710706 dB
	 y_7,76,84 = 13.448001296964208 dB
	 y_7,76,86 = 30.584288671195736 dB
	 y_7,76,94 = 18.355236660526103 dB
	 y_7,76,97 = 11.935224251140141 dB
	 y_7,76,98 = 17.90464937554954 dB
		SNR medio: 23.851876176521042
		Usuarios totais: 17
x_7_77
	 y_7,77,59 = 27.69290221888238 dB
	 y_7,77,67 = 32.11672370722388 dB
	 y_7,77,77 = 91.08170193872394 dB
	 y_7,77,87 = 28.50223955176176 dB
	 y_7,77,88 = 27.62408966156336 dB
	 y_7,77,89 = 17.433815756899804 dB
		SNR medio: 83.3002014812024
		Usuarios totais: 11
x_7_91
	 y_7,91,62 = 16.744080426145047 dB
	 y_7,91,70 = 11.462705656384315 dB
	 y_7,91,71 = 24.347498925996845 dB
	 y_7,91,90 = 29.867500548585312 dB
	 y_7,91,91 = 92.60667376036639 dB
	 y_7,91,92 = 18.980873501350345 dB
	 y_7,91,93 = 32.06020566564831 dB
		SNR medio: 84.15570048389249
		Usuarios totais: 16
Distances:
2 : 31 = 1264.9110640673518
2 : 34 = 1442.2205101855957
2 : 38 = 2683.281572999748
2 : 76 = 3224.9030993194197
2 : 77 = 3440.9301068170507
2 : 91 = 3622.154055254967
31 : 34 = 1200.0
31 : 38 = 2800.0
31 : 76 = 2561.2496949731394
31 : 77 = 2884.4410203711914
31 : 91 = 2400.0
34 : 38 = 1600.0
34 : 76 = 1788.8543819998317
34 : 77 = 2000.0
34 : 91 = 2683.281572999748
38 : 76 = 1788.8543819998317
38 : 77 = 1649.2422502470642
38 : 91 = 3687.817782917155
76 : 77 = 400.0
76 : 91 = 2154.0659228538016
77 : 91 = 2529.8221281347037
t=8
x_8_2
	 y_8,2,0 = 11.24886369985677 dB
	 y_8,2,1 = 33.354898287566655 dB
	 y_8,2,2 = 97.12573697238801 dB
	 y_8,2,3 = 27.137796042240765 dB
	 y_8,2,4 = 11.924754050821491 dB
	 y_8,2,6 = 16.640951616969346 dB
	 y_8,2,10 = 18.314159424312862 dB
	 y_8,2,11 = 22.321076836651628 dB
	 y_8,2,12 = 22.700357698899552 dB
	 y_8,2,13 = 24.367277946559625 dB
		SNR medio: 87.12573988133327
		Usuarios totais: 17
x_8_31
	 y_8,31,21 = 27.615830679981485 dB
	 y_8,31,32 = 33.452907865137306 dB
	 y_8,31,42 = 24.28006578913211 dB
	 y_8,31,52 = 13.950066781054943 dB
	 y_8,31,61 = 17.63785541830815 dB
		SNR medio: 27.983631440617618
		Usuarios totais: 6
x_8_34
	 y_8,34,5 = 18.921069648009663 dB
	 y_8,34,16 = 17.453582199564664 dB
	 y_8,34,23 = 15.922967860597538 dB
	 y_8,34,24 = 21.23374688965791 dB
	 y_8,34,33 = 22.5981607246666 dB
	 y_8,34,35 = 25.744916372328447 dB
	 y_8,34,36 = 20.264991403861274 dB
	 y_8,34,43 = 23.501447665564697 dB
	 y_8,34,54 = 14.393103045279048 dB
		SNR medio: 21.323419164060127
		Usuarios totais: 13
x_8_38
	 y_8,38,8 = 16.365254455277523 dB
	 y_8,38,17 = 17.71311839497224 dB
	 y_8,38,18 = 12.699883959808858 dB
	 y_8,38,19 = 25.98892517635433 dB
	 y_8,38,26 = 22.60666878926537 dB
	 y_8,38,27 = 23.494016383854643 dB
	 y_8,38,28 = 25.591839796944214 dB
	 y_8,38,29 = 20.93269179038208 dB
	 y_8,38,39 = 18.656592243553746 dB
	 y_8,38,48 = 36.28454691961488 dB
	 y_8,38,49 = 28.924587872534232 dB
	 y_8,38,69 = 14.542857766715073 dB
		SNR medio: 27.36622322882822
		Usuarios totais: 16
x_8_76
	 y_8,76,55 = 11.796313145942321 dB
	 y_8,76,56 = 25.62983941021531 dB
	 y_8,76,65 = 23.83562802923508 dB
	 y_8,76,66 = 23.730770193068082 dB
	 y_8,76,75 = 28.294755703710706 dB
	 y_8,76,76 = 89.10531092021611 dB
	 y_8,76,83 = 20.59204419951449 dB
	 y_8,76,84 = 13.448001296964208 dB
	 y_8,76,86 = 30.584288671195736 dB
	 y_8,76,99 = 13.618379186524749 dB
		SNR medio: 79.10532606324429
		Usuarios totais: 13
x_8_77
	 y_8,77,59 = 27.69290221888238 dB
	 y_8,77,67 = 32.11672370722388 dB
	 y_8,77,77 = 91.08170193872394 dB
	 y_8,77,78 = 27.895811971716768 dB
	 y_8,77,79 = 12.086836675054343 dB
	 y_8,77,88 = 27.62408966156336 dB
	 y_8,77,89 = 17.433815756899804 dB
	 y_8,77,96 = 22.577571728304065 dB
		SNR medio: 82.05081447022152
		Usuarios totais: 11
x_8_91
	 y_8,91,62 = 16.744080426145047 dB
	 y_8,91,81 = 26.698443516944025 dB
	 y_8,91,90 = 29.867500548585312 dB
	 y_8,91,91 = 92.60667376036639 dB
		SNR medio: 86.58607738523386
		Usuarios totais: 6
Distances:
2 : 31 = 1264.9110640673518
2 : 34 = 1442.2205101855957
2 : 38 = 2683.281572999748
2 : 76 = 3224.9030993194197
2 : 77 = 3440.9301068170507
2 : 91 = 3622.154055254967
31 : 34 = 1200.0
31 : 38 = 2800.0
31 : 76 = 2561.2496949731394
31 : 77 = 2884.4410203711914
31 : 91 = 2400.0
34 : 38 = 1600.0
34 : 76 = 1788.8543819998317
34 : 77 = 2000.0
34 : 91 = 2683.281572999748
38 : 76 = 1788.8543819998317
38 : 77 = 1649.2422502470642
38 : 91 = 3687.817782917155
76 : 77 = 400.0
76 : 91 = 2154.0659228538016
77 : 91 = 2529.8221281347037
t=9
x_9_2
	 y_9,2,0 = 11.24886369985677 dB
	 y_9,2,3 = 27.137796042240765 dB
	 y_9,2,4 = 11.924754050821491 dB
		SNR medio: 22.602723000310544
		Usuarios totais: 4
x_9_31
	 y_9,31,20 = 25.346343705203665 dB
	 y_9,31,21 = 27.615830679981485 dB
	 y_9,31,22 = 22.953167579777144 dB
	 y_9,31,40 = 24.18723552929518 dB
	 y_9,31,41 = 34.21862127246237 dB
	 y_9,31,61 = 17.63785541830815 dB
		SNR medio: 28.324322132410998
		Usuarios totais: 6
x_9_34
	 y_9,34,5 = 18.921069648009663 dB
	 y_9,34,16 = 17.453582199564664 dB
	 y_9,34,23 = 15.922967860597538 dB
	 y_9,34,25 = 31.14276122241914 dB
	 y_9,34,34 = 74.91232027781597 dB
	 y_9,34,36 = 20.264991403861274 dB
	 y_9,34,46 = 14.957959450574833 dB
	 y_9,34,53 = 17.34054800844126 dB
	 y_9,34,54 = 14.393103045279048 dB
		SNR medio: 65.37013243715525
		Usuarios totais: 12
x_9_38
	 y_9,38,8 = 16.365254455277523 dB
	 y_9,38,17 = 17.71311839497224 dB
	 y_9,38,18 = 12.699883959808858 dB
	 y_9,38,29 = 20.93269179038208 dB
	 y_9,38,38 = 90.65944120659415 dB
	 y_9,38,48 = 36.28454691961488 dB
	 y_9,38,57 = 18.208379168140567 dB
		SNR medio: 82.20847782701847
		Usuarios totais: 8
x_9_76
	 y_9,76,56 = 25.62983941021531 dB
	 y_9,76,66 = 23.730770193068082 dB
	 y_9,76,68 = 22.87773834977793 dB
	 y_9,76,74 = 16.776625098042544 dB
	 y_9,76,94 = 18.355236660526103 dB
	 y_9,76,95 = 17.40206905945921 dB
	 y_9,76,97 = 11.935224251140141 dB
	 y_9,76,98 = 17.90464937554954 dB
		SNR medio: 21.156347997201465
		Usuarios totais: 11
x_9_77
	 y_9,77,67 = 32.11672370722388 dB
	 y_9,77,87 = 28.50223955176176 dB
	 y_9,77,88 = 27.62408966156336 dB
	 y_9,77,89 = 17.433815756899804 dB
		SNR medio: 28.70755332154101
		Usuarios totais: 5
x_9_91
	 y_9,91,62 = 16.744080426145047 dB
	 y_9,91,71 = 24.347498925996845 dB
	 y_9,91,72 = 21.356564919184905 dB
	 y_9,91,82 = 12.564694874421633 dB
	 y_9,91,90 = 29.867500548585312 dB
	 y_9,91,93 = 32.06020566564831 dB
		SNR medio: 27.062977060475045
		Usuarios totais: 9
Distances:
2 : 31 = 1264.9110640673518
2 : 34 = 1442.2205101855957
2 : 38 = 2683.281572999748
2 : 76 = 3224.9030993194197
2 : 77 = 3440.9301068170507
2 : 91 = 3622.154055254967
31 : 34 = 1200.0
31 : 38 = 2800.0
31 : 76 = 2561.2496949731394
31 : 77 = 2884.4410203711914
31 : 91 = 2400.0
34 : 38 = 1600.0
34 : 76 = 1788.8543819998317
34 : 77 = 2000.0
34 : 91 = 2683.281572999748
38 : 76 = 1788.8543819998317
38 : 77 = 1649.2422502470642
38 : 91 = 3687.817782917155
76 : 77 = 400.0
76 : 91 = 2154.0659228538016
77 : 91 = 2529.8221281347037
t=10
x_10_2
	 y_10,2,1 = 33.354898287566655 dB
	 y_10,2,12 = 22.700357698899552 dB
		SNR medio: 30.702934192443507
		Usuarios totais: 2
x_10_31
	 y_10,31,21 = 27.615830679981485 dB
	 y_10,31,22 = 22.953167579777144 dB
	 y_10,31,30 = 29.40886723515176 dB
	 y_10,31,31 = 85.93125166066147 dB
	 y_10,31,61 = 17.63785541830815 dB
	 y_10,31,63 = 10.155039714153077 dB
		SNR medio: 78.14975817620432
		Usuarios totais: 6
x_10_34
	 y_10,34,16 = 17.453582199564664 dB
	 y_10,34,24 = 21.23374688965791 dB
	 y_10,34,25 = 31.14276122241914 dB
	 y_10,34,35 = 25.744916372328447 dB
	 y_10,34,46 = 14.957959450574833 dB
		SNR medio: 25.789147472950198
		Usuarios totais: 8
x_10_38
	 y_10,38,9 = 15.55594116843983 dB
	 y_10,38,37 = 33.99714256413435 dB
	 y_10,38,38 = 90.65944120659415 dB
	 y_10,38,47 = 26.766827827089656 dB
	 y_10,38,69 = 14.542857766715073 dB
		SNR medio: 83.66975254176923
		Usuarios totais: 6
x_10_76
	 y_10,76,55 = 11.796313145942321 dB
	 y_10,76,98 = 17.90464937554954 dB
		SNR medio: 15.846043509173722
		Usuarios totais: 2
x_10_77
	 y_10,77,59 = 27.69290221888238 dB
	 y_10,77,77 = 91.08170193872394 dB
	 y_10,77,87 = 28.50223955176176 dB
		SNR medio: 86.31049377969867
		Usuarios totais: 4
x_10_91
	 y_10,91,81 = 26.698443516944025 dB
	 y_10,91,90 = 29.867500548585312 dB
	 y_10,91,93 = 32.06020566564831 dB
		SNR medio: 30.063999262926
		Usuarios totais: 3
Distances:
2 : 31 = 1264.9110640673518
2 : 34 = 1442.2205101855957
2 : 38 = 2683.281572999748
2 : 76 = 3224.9030993194197
2 : 77 = 3440.9301068170507
2 : 91 = 3622.154055254967
31 : 34 = 1200.0
31 : 38 = 2800.0
31 : 76 = 2561.2496949731394
31 : 77 = 2884.4410203711914
31 : 91 = 2400.0
34 : 38 = 1600.0
34 : 76 = 1788.8543819998317
34 : 77 = 2000.0
34 : 91 = 2683.281572999748
38 : 76 = 1788.8543819998317
38 : 77 = 1649.2422502470642
38 : 91 = 3687.817782917155
76 : 77 = 400.0
76 : 91 = 2154.0659228538016
77 : 91 = 2529.8221281347037
t=11
x_11_2
	 y_11,2,10 = 18.314159424312862 dB
	 y_11,2,12 = 22.700357698899552 dB
		SNR medio: 21.038945602638705
		Usuarios totais: 2
x_11_31
	 y_11,31,50 = 14.72850353320807 dB
		SNR medio: 14.72850353320807
		Usuarios totais: 1
x_11_34
	 y_11,34,16 = 17.453582199564664 dB
	 y_11,34,23 = 15.922967860597538 dB
		SNR medio: 16.755359542369742
		Usuarios totais: 2
x_11_38
	 y_11,38,8 = 16.365254455277523 dB
	 y_11,38,28 = 25.591839796944214 dB
		SNR medio: 23.071752597673143
		Usuarios totais: 2
x_11_76
	 y_11,76,64 = 21.295650395720585 dB
		SNR medio: 21.295650395720585
		Usuarios totais: 1
x_11_77
	 y_11,77,59 = 27.69290221888238 dB
		SNR medio: 27.69290221888238
		Usuarios totais: 1
x_11_91
	 y_11,91,72 = 21.356564919184905 dB
		SNR medio: 21.356564919184905
		Usuarios totais: 1
Distances:
2 : 31 = 1264.9110640673518
2 : 34 = 1442.2205101855957
2 : 38 = 2683.281572999748
2 : 76 = 3224.9030993194197
2 : 77 = 3440.9301068170507
2 : 91 = 3622.154055254967
31 : 34 = 1200.0
31 : 38 = 2800.0
31 : 76 = 2561.2496949731394
31 : 77 = 2884.4410203711914
31 : 91 = 2400.0
34 : 38 = 1600.0
34 : 76 = 1788.8543819998317
34 : 77 = 2000.0
34 : 91 = 2683.281572999748
38 : 76 = 1788.8543819998317
38 : 77 = 1649.2422502470642
38 : 91 = 3687.817782917155
76 : 77 = 400.0
76 : 91 = 2154.0659228538016
77 : 91 = 2529.8221281347037

Média de carros: 6.5
--- Done after 1.4106188331047693 hours. ---
