-------------Calculating Solution (this may take a while)
+++++++++++++++++++Min Sinr: 15 dB (single)
+++++++++++++++++++With backhaul constraint. Start: 2022-09-10 02:27:55

Parameters:
- chosen seed 13
- Map with 100 sectors
- Map 4000 x 4000 m
- Sector has a side of 400 m
- Max time:  12
- users_t_m:  [[0, 0, 0, 0, 0, 0, 0, 0, 0, 0, 0, 0, 0, 0, 0, 0, 0, 0, 0, 0, 0, 0, 0, 0, 0, 0, 0, 0, 0, 0, 0, 0, 0, 0, 0, 0, 0, 0, 0, 0, 0, 0, 0, 0, 0, 0, 0, 0, 0, 0, 0, 0, 2, 24, 0, 0, 0, 0, 0, 0, 0, 0, 1, 8, 0, 0, 0, 0, 0, 0, 0, 0, 0, 0, 0, 0, 0, 0, 0, 0, 0, 0, 0, 0, 0, 0, 0, 0, 0, 0, 0, 0, 0, 0, 0, 0, 0, 0, 0, 0], [0, 1, 1, 0, 0, 0, 0, 1, 2, 0, 0, 0, 2, 2, 1, 0, 1, 0, 0, 1, 1, 0, 0, 1, 1, 0, 0, 1, 0, 0, 1, 0, 0, 0, 0, 0, 0, 1, 0, 0, 1, 0, 0, 0, 0, 1, 1, 0, 1, 0, 0, 0, 0, 23, 0, 0, 0, 0, 0, 0, 1, 0, 4, 1, 3, 0, 0, 0, 1, 1, 0, 0, 0, 1, 0, 0, 0, 1, 1, 0, 0, 1, 0, 0, 0, 0, 0, 0, 2, 0, 0, 0, 1, 1, 0, 0, 1, 0, 1, 1], [0, 1, 1, 0, 0, 1, 0, 3, 0, 0, 1, 1, 1, 0, 3, 1, 0, 1, 0, 1, 3, 0, 1, 0, 1, 0, 0, 0, 0, 0, 0, 0, 1, 1, 1, 0, 0, 0, 0, 0, 1, 1, 0, 0, 1, 2, 2, 0, 0, 1, 1, 2, 1, 22, 0, 0, 0, 0, 0, 0, 0, 1, 4, 4, 0, 0, 0, 0, 2, 2, 1, 0, 5, 3, 1, 0, 1, 3, 0, 2, 1, 1, 1, 0, 0, 0, 0, 0, 0, 2, 2, 1, 1, 1, 1, 0, 0, 0, 0, 2], [2, 0, 2, 1, 1, 0, 0, 1, 1, 0, 1, 3, 0, 1, 0, 0, 2, 0, 0, 0, 1, 2, 2, 2, 2, 1, 1, 0, 1, 1, 0, 1, 0, 0, 0, 4, 3, 3, 0, 3, 1, 1, 2, 1, 1, 4, 1, 0, 1, 0, 2, 1, 1, 18, 3, 0, 0, 1, 2, 0, 1, 1, 7, 2, 1, 0, 1, 2, 0, 0, 0, 0, 0, 2, 2, 1, 0, 0, 1, 1, 1, 0, 1, 1, 2, 1, 0, 1, 2, 1, 1, 2, 1, 1, 2, 2, 0, 2, 1, 1], [2, 2, 3, 0, 0, 0, 0, 4, 1, 2, 3, 1, 1, 1, 1, 1, 2, 0, 1, 1, 2, 3, 1, 3, 2, 2, 0, 1, 2, 1, 0, 3, 4, 2, 1, 1, 1, 2, 0, 4, 1, 0, 1, 0, 1, 1, 1, 1, 1, 0, 1, 2, 3, 21, 1, 1, 1, 2, 2, 3, 1, 1, 2, 0, 2, 2, 2, 1, 3, 0, 3, 0, 2, 3, 1, 1, 2, 1, 0, 1, 1, 1, 1, 0, 2, 1, 0, 2, 1, 1, 2, 2, 0, 0, 0, 0, 2, 2, 1, 1], [2, 2, 2, 2, 0, 2, 2, 5, 1, 2, 2, 2, 1, 2, 2, 1, 2, 2, 1, 3, 2, 4, 2, 2, 3, 2, 3, 1, 0, 3, 1, 1, 1, 2, 0, 0, 0, 0, 1, 0, 0, 3, 2, 2, 2, 0, 1, 1, 3, 2, 0, 1, 3, 36, 4, 2, 0, 2, 2, 0, 2, 1, 4, 4, 2, 2, 1, 4, 2, 1, 1, 2, 0, 3, 2, 2, 1, 0, 2, 2, 1, 2, 1, 2, 2, 1, 2, 0, 1, 1, 0, 1, 0, 2, 2, 1, 0, 0, 2, 4], [2, 0, 2, 2, 1, 3, 3, 2, 2, 2, 1, 2, 4, 1, 3, 0, 1, 3, 2, 2, 2, 1, 1, 1, 1, 1, 3, 2, 2, 1, 3, 0, 0, 3, 5, 1, 1, 1, 1, 1, 4, 0, 5, 2, 0, 2, 2, 2, 1, 4, 2, 1, 1, 2, 1, 1, 4, 2, 2, 0, 1, 3, 1, 2, 0, 0, 0, 0, 1, 2, 4, 2, 0, 2, 4, 2, 0, 1, 0, 0, 2, 1, 1, 0, 4, 3, 2, 0, 0, 3, 2, 0, 2, 6, 1, 2, 2, 1, 2, 2], [1, 1, 2, 2, 1, 4, 0, 1, 1, 3, 1, 1, 3, 0, 0, 0, 2, 1, 1, 0, 1, 1, 1, 2, 1, 3, 2, 1, 3, 2, 1, 2, 2, 0, 1, 2, 2, 2, 1, 1, 2, 1, 2, 1, 1, 5, 4, 0, 1, 2, 0, 1, 0, 2, 4, 2, 0, 3, 6, 3, 4, 1, 2, 4, 1, 0, 1, 1, 1, 3, 2, 1, 1, 1, 2, 2, 1, 0, 2, 1, 3, 0, 2, 0, 4, 1, 0, 2, 1, 2, 1, 2, 1, 0, 1, 1, 2, 1, 0, 3], [1, 2, 1, 3, 1, 2, 1, 3, 1, 2, 2, 1, 2, 3, 2, 0, 0, 0, 1, 0, 1, 2, 0, 0, 2, 2, 0, 1, 2, 1, 1, 3, 1, 1, 0, 1, 2, 1, 1, 1, 0, 3, 0, 0, 0, 1, 3, 1, 1, 2, 1, 1, 2, 0, 0, 1, 2, 1, 0, 3, 2, 0, 2, 1, 0, 2, 2, 3, 1, 0, 0, 1, 0, 0, 0, 1, 3, 1, 0, 2, 3, 0, 1, 2, 3, 1, 2, 1, 1, 0, 1, 3, 0, 1, 1, 3, 1, 2, 1, 1], [0, 1, 1, 2, 0, 0, 1, 1, 2, 0, 1, 0, 0, 0, 0, 2, 0, 1, 0, 1, 1, 2, 0, 1, 2, 0, 1, 0, 1, 0, 1, 1, 0, 1, 2, 1, 3, 0, 0, 1, 1, 2, 1, 1, 1, 2, 1, 0, 2, 0, 2, 2, 3, 2, 2, 1, 1, 0, 0, 1, 2, 0, 2, 1, 0, 1, 0, 0, 0, 0, 3, 2, 0, 0, 1, 2, 0, 1, 1, 0, 1, 1, 0, 0, 0, 2, 2, 0, 0, 0, 0, 1, 1, 1, 0, 0, 0, 0, 1, 4], [0, 0, 1, 0, 0, 0, 0, 1, 0, 0, 1, 0, 1, 0, 0, 1, 1, 1, 0, 0, 1, 0, 0, 0, 0, 0, 0, 1, 1, 0, 2, 0, 1, 0, 2, 2, 1, 1, 0, 1, 0, 0, 0, 2, 0, 0, 1, 0, 0, 0, 0, 0, 2, 2, 0, 0, 0, 1, 1, 0, 0, 0, 0, 0, 0, 0, 0, 2, 1, 0, 0, 1, 1, 0, 2, 2, 2, 1, 1, 0, 0, 1, 1, 1, 0, 0, 0, 0, 2, 2, 0, 0, 0, 1, 1, 0, 0, 1, 0, 1], [1, 0, 0, 0, 0, 0, 0, 0, 2, 1, 0, 0, 0, 2, 0, 0, 0, 0, 1, 1, 0, 0, 0, 0, 0, 0, 0, 0, 1, 0, 0, 0, 0, 0, 1, 1, 0, 0, 1, 0, 1, 0, 0, 0, 0, 0, 0, 0, 0, 2, 1, 0, 0, 0, 0, 1, 0, 0, 0, 0, 0, 0, 0, 1, 0, 0, 0, 0, 0, 0, 0, 0, 1, 1, 0, 0, 0, 0, 0, 1, 0, 0, 1, 0, 0, 0, 0, 1, 0, 0, 0, 0, 0, 0, 0, 0, 0, 0, 0, 0]]
MAX_USER_PER_ANTENNAS_m:  [60, 60, 60, 60, 60, 60, 60, 60, 60, 60, 60, 60, 60, 60, 60, 60, 60, 60, 60, 60, 60, 60, 60, 60, 60, 60, 60, 60, 60, 60, 60, 60, 60, 60, 60, 60, 60, 60, 60, 60, 60, 60, 60, 60, 60, 60, 60, 60, 60, 60, 60, 60, 60, 60, 60, 60, 60, 60, 60, 60, 60, 60, 60, 60, 60, 60, 60, 60, 60, 60, 60, 60, 60, 60, 60, 60, 60, 60, 60, 60, 60, 60, 60, 60, 60, 60, 60, 60, 60, 60, 60, 60, 60, 60, 60, 60, 60, 60, 60, 60]
antennas_map_m:  [1, 1, 1, 1, 1, 1, 1, 1, 1, 1, 1, 1, 1, 1, 1, 1, 1, 1, 1, 1, 1, 1, 1, 1, 1, 1, 1, 1, 1, 1, 1, 1, 1, 1, 1, 1, 1, 1, 1, 1, 1, 1, 1, 1, 1, 1, 1, 1, 1, 1, 1, 1, 1, 1, 1, 1, 1, 1, 1, 1, 1, 1, 1, 1, 1, 1, 1, 1, 1, 1, 1, 1, 1, 1, 1, 1, 1, 1, 1, 1, 1, 1, 1, 1, 1, 1, 1, 1, 1, 1, 1, 1, 1, 1, 1, 1, 1, 1, 1, 1]
FIRST_ANTENNA:  43
MIN_SNR_m:  [31.622776601683793, 31.622776601683793, 31.622776601683793, 31.622776601683793, 31.622776601683793, 31.622776601683793, 31.622776601683793, 31.622776601683793, 31.622776601683793, 31.622776601683793, 31.622776601683793, 31.622776601683793, 31.622776601683793, 31.622776601683793, 31.622776601683793, 31.622776601683793, 31.622776601683793, 31.622776601683793, 31.622776601683793, 31.622776601683793, 31.622776601683793, 31.622776601683793, 31.622776601683793, 31.622776601683793, 31.622776601683793, 31.622776601683793, 31.622776601683793, 31.622776601683793, 31.622776601683793, 31.622776601683793, 31.622776601683793, 31.622776601683793, 31.622776601683793, 31.622776601683793, 31.622776601683793, 31.622776601683793, 31.622776601683793, 31.622776601683793, 31.622776601683793, 31.622776601683793, 31.622776601683793, 31.622776601683793, 31.622776601683793, 31.622776601683793, 31.622776601683793, 31.622776601683793, 31.622776601683793, 31.622776601683793, 31.622776601683793, 31.622776601683793, 31.622776601683793, 31.622776601683793, 31.622776601683793, 31.622776601683793, 31.622776601683793, 31.622776601683793, 31.622776601683793, 31.622776601683793, 31.622776601683793, 31.622776601683793, 31.622776601683793, 31.622776601683793, 31.622776601683793, 31.622776601683793, 31.622776601683793, 31.622776601683793, 31.622776601683793, 31.622776601683793, 31.622776601683793, 31.622776601683793, 31.622776601683793, 31.622776601683793, 31.622776601683793, 31.622776601683793, 31.622776601683793, 31.622776601683793, 31.622776601683793, 31.622776601683793, 31.622776601683793, 31.622776601683793, 31.622776601683793, 31.622776601683793, 31.622776601683793, 31.622776601683793, 31.622776601683793, 31.622776601683793, 31.622776601683793, 31.622776601683793, 31.622776601683793, 31.622776601683793, 31.622776601683793, 31.622776601683793, 31.622776601683793, 31.622776601683793, 31.622776601683793, 31.622776601683793, 31.622776601683793, 31.622776601683793, 31.622776601683793, 31.622776601683793]
-MIN_DIST:  2000
- disaster percentage:  0
- valid_time:  0
1.0

Média de carros: 1.0
t=0
$x_{43}$
	 $y_{43,52}$ = 24.98865862660854 dB
	 $y_{43,53}$ = 25.597134619800627 dB
	 $y_{43,62}$ = 18.935871041048387 dB
	 $y_{43,63}$ = 21.699824195099026 dB
		SNR medio: 23.543077567319127
		Usuarios totais: 35
t=1
$x_{43}$
	 $y_{1,43,1}$ = 4.342011564878959 dB
	 $y_{1,43,2}$ = 9.934738326983137 dB
	 $y_{1,43,7}$ = 5.435034837018804 dB
	 $y_{1,43,8}$ = -3.8277783042068734 dB
	 $y_{1,43,12}$ = 11.622478825244514 dB
	 $y_{1,43,13}$ = 17.378886127766137 dB
	 $y_{1,43,14}$ = 13.445091139649591 dB
	 $y_{1,43,16}$ = 7.232776783926198 dB
	 $y_{1,43,19}$ = -6.0682026340335256 dB
	 $y_{1,43,20}$ = 1.1607852727041743 dB
	 $y_{1,43,23}$ = 14.939448833580371 dB
	 $y_{1,43,24}$ = 17.027614627344974 dB
	 $y_{1,43,27}$ = 2.5648358943232097 dB
	 $y_{1,43,30}$ = 11.989908144731544 dB
	 $y_{1,43,37}$ = 12.805295432917589 dB
	 $y_{1,43,40}$ = 7.6428621294993775 dB
	 $y_{1,43,45}$ = 15.391973365719778 dB
	 $y_{1,43,46}$ = 17.0024854714829 dB
	 $y_{1,43,48}$ = 2.5845875479438405 dB
	 $y_{1,43,53}$ = 25.597134619800627 dB
	 $y_{1,43,60}$ = 12.408540414376503 dB
	 $y_{1,43,62}$ = 18.935871041048387 dB
	 $y_{1,43,63}$ = 21.699824195099026 dB
	 $y_{1,43,64}$ = 16.955956977884725 dB
	 $y_{1,43,68}$ = 2.887590161363249 dB
	 $y_{1,43,69}$ = -0.35349401883230774 dB
	 $y_{1,43,73}$ = 10.356206783369956 dB
	 $y_{1,43,77}$ = 1.9011339348859764 dB
	 $y_{1,43,78}$ = -2.853499587795227 dB
	 $y_{1,43,81}$ = 5.701296617712188 dB
	 $y_{1,43,88}$ = -4.201491812774606 dB
	 $y_{1,43,92}$ = -4.345417441898704 dB
	 $y_{1,43,93}$ = 0.16398547893911108 dB
	 $y_{1,43,96}$ = -8.00966188732879 dB
	 $y_{1,43,98}$ = -5.9076143951506594 dB
	 $y_{1,43,99}$ = -6.966717228667704 dB
		SNR medio: 14.45122672123929
		Usuarios totais: 67
t=2
$x_{43}$
	 $y_{2,43,1}$ = 4.342011564878959 dB
	 $y_{2,43,2}$ = 9.934738326983137 dB
	 $y_{2,43,5}$ = 9.60500600760254 dB
	 $y_{2,43,7}$ = 5.435034837018804 dB
	 $y_{2,43,10}$ = 2.0899835719451545 dB
	 $y_{2,43,11}$ = 17.889746256111607 dB
	 $y_{2,43,12}$ = 11.622478825244514 dB
	 $y_{2,43,14}$ = 13.445091139649591 dB
	 $y_{2,43,15}$ = 7.385281501572223 dB
	 $y_{2,43,17}$ = -1.6492265576536627 dB
	 $y_{2,43,19}$ = -6.0682026340335256 dB
	 $y_{2,43,20}$ = 1.1607852727041743 dB
	 $y_{2,43,22}$ = 22.434323993741614 dB
	 $y_{2,43,24}$ = 17.027614627344974 dB
	 $y_{2,43,32}$ = 25.013063208658153 dB
	 $y_{2,43,33}$ = 28.206568872586757 dB
	 $y_{2,43,34}$ = 26.309126294197355 dB
	 $y_{2,43,40}$ = 7.6428621294993775 dB
	 $y_{2,43,41}$ = 18.38462010347915 dB
	 $y_{2,43,44}$ = 30.31498015686124 dB
	 $y_{2,43,45}$ = 15.391973365719778 dB
	 $y_{2,43,46}$ = 17.0024854714829 dB
	 $y_{2,43,49}$ = -0.20899835050053664 dB
	 $y_{2,43,50}$ = 6.408273346513113 dB
	 $y_{2,43,51}$ = 20.0460889007923 dB
	 $y_{2,43,52}$ = 24.98865862660854 dB
	 $y_{2,43,53}$ = 25.597134619800627 dB
	 $y_{2,43,61}$ = 9.788588809333561 dB
	 $y_{2,43,62}$ = 18.935871041048387 dB
	 $y_{2,43,63}$ = 21.699824195099026 dB
	 $y_{2,43,68}$ = 2.887590161363249 dB
	 $y_{2,43,69}$ = -0.35349401883230774 dB
	 $y_{2,43,70}$ = -0.4604329932157896 dB
	 $y_{2,43,72}$ = 12.503432321681117 dB
	 $y_{2,43,73}$ = 10.356206783369956 dB
	 $y_{2,43,74}$ = 9.15029781756138 dB
	 $y_{2,43,76}$ = 10.65447922058712 dB
	 $y_{2,43,77}$ = 1.9011339348859764 dB
	 $y_{2,43,79}$ = -3.412274550086778 dB
	 $y_{2,43,80}$ = 7.7070807668450385 dB
	 $y_{2,43,81}$ = 5.701296617712188 dB
	 $y_{2,43,82}$ = 13.15797315306537 dB
	 $y_{2,43,89}$ = -11.52935422892483 dB
	 $y_{2,43,90}$ = -6.671927258842857 dB
	 $y_{2,43,91}$ = 5.732310341888962 dB
	 $y_{2,43,92}$ = -4.345417441898704 dB
	 $y_{2,43,93}$ = 0.16398547893911108 dB
	 $y_{2,43,94}$ = 7.950378566714335 dB
	 $y_{2,43,99}$ = -6.966717228667704 dB
		SNR medio: 19.242938945070506
		Usuarios totais: 99
t=3
$x_{43}$
	 $y_{3,43,0}$ = 3.4578955333166728 dB
	 $y_{3,43,2}$ = 9.934738326983137 dB
	 $y_{3,43,3}$ = 10.740986646978342 dB
	 $y_{3,43,4}$ = 4.713692702385913 dB
	 $y_{3,43,7}$ = 5.435034837018804 dB
	 $y_{3,43,8}$ = -3.8277783042068734 dB
	 $y_{3,43,10}$ = 2.0899835719451545 dB
	 $y_{3,43,11}$ = 17.889746256111607 dB
	 $y_{3,43,13}$ = 17.378886127766137 dB
	 $y_{3,43,16}$ = 7.232776783926198 dB
	 $y_{3,43,20}$ = 1.1607852727041743 dB
	 $y_{3,43,21}$ = 9.855657224269478 dB
	 $y_{3,43,22}$ = 22.434323993741614 dB
	 $y_{3,43,23}$ = 14.939448833580371 dB
	 $y_{3,43,24}$ = 17.027614627344974 dB
	 $y_{3,43,25}$ = 10.496231068369354 dB
	 $y_{3,43,26}$ = 14.04046346669054 dB
	 $y_{3,43,28}$ = -0.5400428986739884 dB
	 $y_{3,43,29}$ = -4.5432397159291895 dB
	 $y_{3,43,31}$ = 15.470747022073127 dB
	 $y_{3,43,35}$ = 21.755420979127138 dB
	 $y_{3,43,36}$ = 20.545320589667753 dB
	 $y_{3,43,37}$ = 12.805295432917589 dB
	 $y_{3,43,39}$ = 2.44944132906555 dB
	 $y_{3,43,40}$ = 7.6428621294993775 dB
	 $y_{3,43,41}$ = 18.38462010347915 dB
	 $y_{3,43,42}$ = 29.835740924309363 dB
	 $y_{3,43,43}$ = 82.990394816508 dB
	 $y_{3,43,44}$ = 30.31498015686124 dB
	 $y_{3,43,45}$ = 15.391973365719778 dB
	 $y_{3,43,46}$ = 17.0024854714829 dB
	 $y_{3,43,48}$ = 2.5845875479438405 dB
	 $y_{3,43,50}$ = 6.408273346513113 dB
	 $y_{3,43,51}$ = 20.0460889007923 dB
	 $y_{3,43,52}$ = 24.98865862660854 dB
	 $y_{3,43,53}$ = 25.597134619800627 dB
	 $y_{3,43,54}$ = 26.709353395757873 dB
	 $y_{3,43,57}$ = 5.202028140183728 dB
	 $y_{3,43,58}$ = 8.245001829241488 dB
	 $y_{3,43,60}$ = 12.408540414376503 dB
	 $y_{3,43,61}$ = 9.788588809333561 dB
	 $y_{3,43,62}$ = 18.935871041048387 dB
	 $y_{3,43,63}$ = 21.699824195099026 dB
	 $y_{3,43,64}$ = 16.955956977884725 dB
	 $y_{3,43,66}$ = 12.720492132548728 dB
	 $y_{3,43,67}$ = 6.781629889937989 dB
	 $y_{3,43,73}$ = 10.356206783369956 dB
	 $y_{3,43,74}$ = 9.15029781756138 dB
	 $y_{3,43,75}$ = 4.97414403869368 dB
	 $y_{3,43,78}$ = -2.853499587795227 dB
	 $y_{3,43,79}$ = -3.412274550086778 dB
	 $y_{3,43,80}$ = 7.7070807668450385 dB
	 $y_{3,43,82}$ = 13.15797315306537 dB
	 $y_{3,43,83}$ = 9.935333906322569 dB
	 $y_{3,43,84}$ = 4.65287662681436 dB
	 $y_{3,43,85}$ = -2.5904633729483777 dB
	 $y_{3,43,87}$ = 0.8577254303055214 dB
	 $y_{3,43,88}$ = -4.201491812774606 dB
	 $y_{3,43,89}$ = -11.52935422892483 dB
	 $y_{3,43,90}$ = -6.671927258842857 dB
	 $y_{3,43,91}$ = 5.732310341888962 dB
	 $y_{3,43,92}$ = -4.345417441898704 dB
	 $y_{3,43,93}$ = 0.16398547893911108 dB
	 $y_{3,43,94}$ = 7.950378566714335 dB
	 $y_{3,43,95}$ = -10.371303748361527 dB
	 $y_{3,43,97}$ = 0.7989086403482305 dB
	 $y_{3,43,98}$ = -5.9076143951506594 dB
	 $y_{3,43,99}$ = -6.966717228667704 dB
		SNR medio: 64.6654070144161
		Usuarios totais: 127
t=4
$x_{43}$
	 $y_{4,43,0}$ = 3.4578955333166728 dB
	 $y_{4,43,1}$ = 4.342011564878959 dB
	 $y_{4,43,2}$ = 9.934738326983137 dB
	 $y_{4,43,7}$ = 5.435034837018804 dB
	 $y_{4,43,8}$ = -3.8277783042068734 dB
	 $y_{4,43,9}$ = -1.7690286413846654 dB
	 $y_{4,43,10}$ = 2.0899835719451545 dB
	 $y_{4,43,11}$ = 17.889746256111607 dB
	 $y_{4,43,12}$ = 11.622478825244514 dB
	 $y_{4,43,13}$ = 17.378886127766137 dB
	 $y_{4,43,14}$ = 13.445091139649591 dB
	 $y_{4,43,15}$ = 7.385281501572223 dB
	 $y_{4,43,16}$ = 7.232776783926198 dB
	 $y_{4,43,18}$ = 0.6786794029105181 dB
	 $y_{4,43,19}$ = -6.0682026340335256 dB
	 $y_{4,43,20}$ = 1.1607852727041743 dB
	 $y_{4,43,21}$ = 9.855657224269478 dB
	 $y_{4,43,22}$ = 22.434323993741614 dB
	 $y_{4,43,23}$ = 14.939448833580371 dB
	 $y_{4,43,24}$ = 17.027614627344974 dB
	 $y_{4,43,25}$ = 10.496231068369354 dB
	 $y_{4,43,27}$ = 2.5648358943232097 dB
	 $y_{4,43,28}$ = -0.5400428986739884 dB
	 $y_{4,43,29}$ = -4.5432397159291895 dB
	 $y_{4,43,31}$ = 15.470747022073127 dB
	 $y_{4,43,32}$ = 25.013063208658153 dB
	 $y_{4,43,33}$ = 28.206568872586757 dB
	 $y_{4,43,34}$ = 26.309126294197355 dB
	 $y_{4,43,35}$ = 21.755420979127138 dB
	 $y_{4,43,36}$ = 20.545320589667753 dB
	 $y_{4,43,37}$ = 12.805295432917589 dB
	 $y_{4,43,39}$ = 2.44944132906555 dB
	 $y_{4,43,40}$ = 7.6428621294993775 dB
	 $y_{4,43,42}$ = 29.835740924309363 dB
	 $y_{4,43,44}$ = 30.31498015686124 dB
	 $y_{4,43,45}$ = 15.391973365719778 dB
	 $y_{4,43,46}$ = 17.0024854714829 dB
	 $y_{4,43,47}$ = -0.17740530243725056 dB
	 $y_{4,43,48}$ = 2.5845875479438405 dB
	 $y_{4,43,50}$ = 6.408273346513113 dB
	 $y_{4,43,51}$ = 20.0460889007923 dB
	 $y_{4,43,52}$ = 24.98865862660854 dB
	 $y_{4,43,53}$ = 25.597134619800627 dB
	 $y_{4,43,54}$ = 26.709353395757873 dB
	 $y_{4,43,55}$ = 15.251751180774917 dB
	 $y_{4,43,56}$ = 11.807573555048918 dB
	 $y_{4,43,57}$ = 5.202028140183728 dB
	 $y_{4,43,58}$ = 8.245001829241488 dB
	 $y_{4,43,59}$ = -0.2140085478258129 dB
	 $y_{4,43,60}$ = 12.408540414376503 dB
	 $y_{4,43,61}$ = 9.788588809333561 dB
	 $y_{4,43,62}$ = 18.935871041048387 dB
	 $y_{4,43,64}$ = 16.955956977884725 dB
	 $y_{4,43,65}$ = 10.77956920128139 dB
	 $y_{4,43,66}$ = 12.720492132548728 dB
	 $y_{4,43,67}$ = 6.781629889937989 dB
	 $y_{4,43,68}$ = 2.887590161363249 dB
	 $y_{4,43,70}$ = -0.4604329932157896 dB
	 $y_{4,43,72}$ = 12.503432321681117 dB
	 $y_{4,43,73}$ = 10.356206783369956 dB
	 $y_{4,43,74}$ = 9.15029781756138 dB
	 $y_{4,43,75}$ = 4.97414403869368 dB
	 $y_{4,43,76}$ = 10.65447922058712 dB
	 $y_{4,43,77}$ = 1.9011339348859764 dB
	 $y_{4,43,79}$ = -3.412274550086778 dB
	 $y_{4,43,80}$ = 7.7070807668450385 dB
	 $y_{4,43,81}$ = 5.701296617712188 dB
	 $y_{4,43,82}$ = 13.15797315306537 dB
	 $y_{4,43,84}$ = 4.65287662681436 dB
	 $y_{4,43,85}$ = -2.5904633729483777 dB
	 $y_{4,43,87}$ = 0.8577254303055214 dB
	 $y_{4,43,88}$ = -4.201491812774606 dB
	 $y_{4,43,89}$ = -11.52935422892483 dB
	 $y_{4,43,90}$ = -6.671927258842857 dB
	 $y_{4,43,91}$ = 5.732310341888962 dB
	 $y_{4,43,96}$ = -8.00966188732879 dB
	 $y_{4,43,97}$ = 0.7989086403482305 dB
	 $y_{4,43,98}$ = -5.9076143951506594 dB
	 $y_{4,43,99}$ = -6.966717228667704 dB
		SNR medio: 18.750676857801295
		Usuarios totais: 153
t=5
$x_{43}$
	 $y_{5,43,0}$ = 3.4578955333166728 dB
	 $y_{5,43,1}$ = 4.342011564878959 dB
	 $y_{5,43,2}$ = 9.934738326983137 dB
	 $y_{5,43,3}$ = 10.740986646978342 dB
	 $y_{5,43,5}$ = 9.60500600760254 dB
	 $y_{5,43,6}$ = 10.93169720285863 dB
	 $y_{5,43,7}$ = 5.435034837018804 dB
	 $y_{5,43,8}$ = -3.8277783042068734 dB
	 $y_{5,43,9}$ = -1.7690286413846654 dB
	 $y_{5,43,10}$ = 2.0899835719451545 dB
	 $y_{5,43,11}$ = 17.889746256111607 dB
	 $y_{5,43,12}$ = 11.622478825244514 dB
	 $y_{5,43,13}$ = 17.378886127766137 dB
	 $y_{5,43,14}$ = 13.445091139649591 dB
	 $y_{5,43,15}$ = 7.385281501572223 dB
	 $y_{5,43,16}$ = 7.232776783926198 dB
	 $y_{5,43,17}$ = -1.6492265576536627 dB
	 $y_{5,43,18}$ = 0.6786794029105181 dB
	 $y_{5,43,19}$ = -6.0682026340335256 dB
	 $y_{5,43,20}$ = 1.1607852727041743 dB
	 $y_{5,43,21}$ = 9.855657224269478 dB
	 $y_{5,43,22}$ = 22.434323993741614 dB
	 $y_{5,43,23}$ = 14.939448833580371 dB
	 $y_{5,43,24}$ = 17.027614627344974 dB
	 $y_{5,43,25}$ = 10.496231068369354 dB
	 $y_{5,43,26}$ = 14.04046346669054 dB
	 $y_{5,43,27}$ = 2.5648358943232097 dB
	 $y_{5,43,29}$ = -4.5432397159291895 dB
	 $y_{5,43,30}$ = 11.989908144731544 dB
	 $y_{5,43,31}$ = 15.470747022073127 dB
	 $y_{5,43,32}$ = 25.013063208658153 dB
	 $y_{5,43,33}$ = 28.206568872586757 dB
	 $y_{5,43,38}$ = 9.873823417534027 dB
	 $y_{5,43,41}$ = 18.38462010347915 dB
	 $y_{5,43,42}$ = 29.835740924309363 dB
	 $y_{5,43,43}$ = 82.990394816508 dB
	 $y_{5,43,44}$ = 30.31498015686124 dB
	 $y_{5,43,46}$ = 17.0024854714829 dB
	 $y_{5,43,47}$ = -0.17740530243725056 dB
	 $y_{5,43,48}$ = 2.5845875479438405 dB
	 $y_{5,43,49}$ = -0.20899835050053664 dB
	 $y_{5,43,51}$ = 20.0460889007923 dB
	 $y_{5,43,52}$ = 24.98865862660854 dB
	 $y_{5,43,53}$ = 25.597134619800627 dB
	 $y_{5,43,54}$ = 26.709353395757873 dB
	 $y_{5,43,55}$ = 15.251751180774917 dB
	 $y_{5,43,57}$ = 5.202028140183728 dB
	 $y_{5,43,58}$ = 8.245001829241488 dB
	 $y_{5,43,60}$ = 12.408540414376503 dB
	 $y_{5,43,61}$ = 9.788588809333561 dB
	 $y_{5,43,62}$ = 18.935871041048387 dB
	 $y_{5,43,63}$ = 21.699824195099026 dB
	 $y_{5,43,64}$ = 16.955956977884725 dB
	 $y_{5,43,65}$ = 10.77956920128139 dB
	 $y_{5,43,66}$ = 12.720492132548728 dB
	 $y_{5,43,67}$ = 6.781629889937989 dB
	 $y_{5,43,68}$ = 2.887590161363249 dB
	 $y_{5,43,69}$ = -0.35349401883230774 dB
	 $y_{5,43,70}$ = -0.4604329932157896 dB
	 $y_{5,43,71}$ = 8.220476030426028 dB
	 $y_{5,43,73}$ = 10.356206783369956 dB
	 $y_{5,43,74}$ = 9.15029781756138 dB
	 $y_{5,43,75}$ = 4.97414403869368 dB
	 $y_{5,43,76}$ = 10.65447922058712 dB
	 $y_{5,43,78}$ = -2.853499587795227 dB
	 $y_{5,43,79}$ = -3.412274550086778 dB
	 $y_{5,43,80}$ = 7.7070807668450385 dB
	 $y_{5,43,81}$ = 5.701296617712188 dB
	 $y_{5,43,82}$ = 13.15797315306537 dB
	 $y_{5,43,83}$ = 9.935333906322569 dB
	 $y_{5,43,84}$ = 4.65287662681436 dB
	 $y_{5,43,85}$ = -2.5904633729483777 dB
	 $y_{5,43,86}$ = 4.021421059020298 dB
	 $y_{5,43,88}$ = -4.201491812774606 dB
	 $y_{5,43,89}$ = -11.52935422892483 dB
	 $y_{5,43,91}$ = 5.732310341888962 dB
	 $y_{5,43,93}$ = 0.16398547893911108 dB
	 $y_{5,43,94}$ = 7.950378566714335 dB
	 $y_{5,43,95}$ = -10.371303748361527 dB
	 $y_{5,43,98}$ = -5.9076143951506594 dB
	 $y_{5,43,99}$ = -6.966717228667704 dB
		SNR medio: 63.90566373797416
		Usuarios totais: 195
t=6
$x_{43}$
	 $y_{6,43,0}$ = 3.4578955333166728 dB
	 $y_{6,43,2}$ = 9.934738326983137 dB
	 $y_{6,43,3}$ = 10.740986646978342 dB
	 $y_{6,43,4}$ = 4.713692702385913 dB
	 $y_{6,43,5}$ = 9.60500600760254 dB
	 $y_{6,43,6}$ = 10.93169720285863 dB
	 $y_{6,43,7}$ = 5.435034837018804 dB
	 $y_{6,43,8}$ = -3.8277783042068734 dB
	 $y_{6,43,9}$ = -1.7690286413846654 dB
	 $y_{6,43,10}$ = 2.0899835719451545 dB
	 $y_{6,43,11}$ = 17.889746256111607 dB
	 $y_{6,43,12}$ = 11.622478825244514 dB
	 $y_{6,43,13}$ = 17.378886127766137 dB
	 $y_{6,43,14}$ = 13.445091139649591 dB
	 $y_{6,43,16}$ = 7.232776783926198 dB
	 $y_{6,43,17}$ = -1.6492265576536627 dB
	 $y_{6,43,18}$ = 0.6786794029105181 dB
	 $y_{6,43,19}$ = -6.0682026340335256 dB
	 $y_{6,43,20}$ = 1.1607852727041743 dB
	 $y_{6,43,21}$ = 9.855657224269478 dB
	 $y_{6,43,22}$ = 22.434323993741614 dB
	 $y_{6,43,23}$ = 14.939448833580371 dB
	 $y_{6,43,24}$ = 17.027614627344974 dB
	 $y_{6,43,25}$ = 10.496231068369354 dB
	 $y_{6,43,26}$ = 14.04046346669054 dB
	 $y_{6,43,27}$ = 2.5648358943232097 dB
	 $y_{6,43,28}$ = -0.5400428986739884 dB
	 $y_{6,43,29}$ = -4.5432397159291895 dB
	 $y_{6,43,30}$ = 11.989908144731544 dB
	 $y_{6,43,33}$ = 28.206568872586757 dB
	 $y_{6,43,34}$ = 26.309126294197355 dB
	 $y_{6,43,35}$ = 21.755420979127138 dB
	 $y_{6,43,36}$ = 20.545320589667753 dB
	 $y_{6,43,37}$ = 12.805295432917589 dB
	 $y_{6,43,38}$ = 9.873823417534027 dB
	 $y_{6,43,39}$ = 2.44944132906555 dB
	 $y_{6,43,40}$ = 7.6428621294993775 dB
	 $y_{6,43,42}$ = 29.835740924309363 dB
	 $y_{6,43,43}$ = 82.990394816508 dB
	 $y_{6,43,45}$ = 15.391973365719778 dB
	 $y_{6,43,46}$ = 17.0024854714829 dB
	 $y_{6,43,47}$ = -0.17740530243725056 dB
	 $y_{6,43,48}$ = 2.5845875479438405 dB
	 $y_{6,43,49}$ = -0.20899835050053664 dB
	 $y_{6,43,50}$ = 6.408273346513113 dB
	 $y_{6,43,51}$ = 20.0460889007923 dB
	 $y_{6,43,52}$ = 24.98865862660854 dB
	 $y_{6,43,53}$ = 25.597134619800627 dB
	 $y_{6,43,54}$ = 26.709353395757873 dB
	 $y_{6,43,55}$ = 15.251751180774917 dB
	 $y_{6,43,56}$ = 11.807573555048918 dB
	 $y_{6,43,57}$ = 5.202028140183728 dB
	 $y_{6,43,58}$ = 8.245001829241488 dB
	 $y_{6,43,60}$ = 12.408540414376503 dB
	 $y_{6,43,61}$ = 9.788588809333561 dB
	 $y_{6,43,62}$ = 18.935871041048387 dB
	 $y_{6,43,63}$ = 21.699824195099026 dB
	 $y_{6,43,68}$ = 2.887590161363249 dB
	 $y_{6,43,69}$ = -0.35349401883230774 dB
	 $y_{6,43,70}$ = -0.4604329932157896 dB
	 $y_{6,43,71}$ = 8.220476030426028 dB
	 $y_{6,43,73}$ = 10.356206783369956 dB
	 $y_{6,43,74}$ = 9.15029781756138 dB
	 $y_{6,43,75}$ = 4.97414403869368 dB
	 $y_{6,43,77}$ = 1.9011339348859764 dB
	 $y_{6,43,80}$ = 7.7070807668450385 dB
	 $y_{6,43,81}$ = 5.701296617712188 dB
	 $y_{6,43,82}$ = 13.15797315306537 dB
	 $y_{6,43,84}$ = 4.65287662681436 dB
	 $y_{6,43,85}$ = -2.5904633729483777 dB
	 $y_{6,43,86}$ = 4.021421059020298 dB
	 $y_{6,43,89}$ = -11.52935422892483 dB
	 $y_{6,43,90}$ = -6.671927258842857 dB
	 $y_{6,43,92}$ = -4.345417441898704 dB
	 $y_{6,43,93}$ = 0.16398547893911108 dB
	 $y_{6,43,94}$ = 7.950378566714335 dB
	 $y_{6,43,95}$ = -10.371303748361527 dB
	 $y_{6,43,96}$ = -8.00966188732879 dB
	 $y_{6,43,97}$ = 0.7989086403482305 dB
	 $y_{6,43,98}$ = -5.9076143951506594 dB
	 $y_{6,43,99}$ = -6.966717228667704 dB
		SNR medio: 63.905645466315605
		Usuarios totais: 168
t=7
$x_{43}$
	 $y_{7,43,0}$ = 3.4578955333166728 dB
	 $y_{7,43,1}$ = 4.342011564878959 dB
	 $y_{7,43,2}$ = 9.934738326983137 dB
	 $y_{7,43,3}$ = 10.740986646978342 dB
	 $y_{7,43,4}$ = 4.713692702385913 dB
	 $y_{7,43,5}$ = 9.60500600760254 dB
	 $y_{7,43,7}$ = 5.435034837018804 dB
	 $y_{7,43,8}$ = -3.8277783042068734 dB
	 $y_{7,43,9}$ = -1.7690286413846654 dB
	 $y_{7,43,10}$ = 2.0899835719451545 dB
	 $y_{7,43,11}$ = 17.889746256111607 dB
	 $y_{7,43,12}$ = 11.622478825244514 dB
	 $y_{7,43,16}$ = 7.232776783926198 dB
	 $y_{7,43,17}$ = -1.6492265576536627 dB
	 $y_{7,43,18}$ = 0.6786794029105181 dB
	 $y_{7,43,20}$ = 1.1607852727041743 dB
	 $y_{7,43,21}$ = 9.855657224269478 dB
	 $y_{7,43,22}$ = 22.434323993741614 dB
	 $y_{7,43,23}$ = 14.939448833580371 dB
	 $y_{7,43,24}$ = 17.027614627344974 dB
	 $y_{7,43,25}$ = 10.496231068369354 dB
	 $y_{7,43,26}$ = 14.04046346669054 dB
	 $y_{7,43,27}$ = 2.5648358943232097 dB
	 $y_{7,43,28}$ = -0.5400428986739884 dB
	 $y_{7,43,29}$ = -4.5432397159291895 dB
	 $y_{7,43,30}$ = 11.989908144731544 dB
	 $y_{7,43,31}$ = 15.470747022073127 dB
	 $y_{7,43,32}$ = 25.013063208658153 dB
	 $y_{7,43,34}$ = 26.309126294197355 dB
	 $y_{7,43,35}$ = 21.755420979127138 dB
	 $y_{7,43,36}$ = 20.545320589667753 dB
	 $y_{7,43,37}$ = 12.805295432917589 dB
	 $y_{7,43,38}$ = 9.873823417534027 dB
	 $y_{7,43,39}$ = 2.44944132906555 dB
	 $y_{7,43,40}$ = 7.6428621294993775 dB
	 $y_{7,43,41}$ = 18.38462010347915 dB
	 $y_{7,43,42}$ = 29.835740924309363 dB
	 $y_{7,43,43}$ = 82.990394816508 dB
	 $y_{7,43,44}$ = 30.31498015686124 dB
	 $y_{7,43,45}$ = 15.391973365719778 dB
	 $y_{7,43,46}$ = 17.0024854714829 dB
	 $y_{7,43,48}$ = 2.5845875479438405 dB
	 $y_{7,43,49}$ = -0.20899835050053664 dB
	 $y_{7,43,51}$ = 20.0460889007923 dB
	 $y_{7,43,53}$ = 25.597134619800627 dB
	 $y_{7,43,54}$ = 26.709353395757873 dB
	 $y_{7,43,55}$ = 15.251751180774917 dB
	 $y_{7,43,57}$ = 5.202028140183728 dB
	 $y_{7,43,58}$ = 8.245001829241488 dB
	 $y_{7,43,59}$ = -0.2140085478258129 dB
	 $y_{7,43,60}$ = 12.408540414376503 dB
	 $y_{7,43,61}$ = 9.788588809333561 dB
	 $y_{7,43,62}$ = 18.935871041048387 dB
	 $y_{7,43,63}$ = 21.699824195099026 dB
	 $y_{7,43,64}$ = 16.955956977884725 dB
	 $y_{7,43,66}$ = 12.720492132548728 dB
	 $y_{7,43,67}$ = 6.781629889937989 dB
	 $y_{7,43,68}$ = 2.887590161363249 dB
	 $y_{7,43,69}$ = -0.35349401883230774 dB
	 $y_{7,43,70}$ = -0.4604329932157896 dB
	 $y_{7,43,71}$ = 8.220476030426028 dB
	 $y_{7,43,72}$ = 12.503432321681117 dB
	 $y_{7,43,73}$ = 10.356206783369956 dB
	 $y_{7,43,74}$ = 9.15029781756138 dB
	 $y_{7,43,75}$ = 4.97414403869368 dB
	 $y_{7,43,76}$ = 10.65447922058712 dB
	 $y_{7,43,78}$ = -2.853499587795227 dB
	 $y_{7,43,79}$ = -3.412274550086778 dB
	 $y_{7,43,80}$ = 7.7070807668450385 dB
	 $y_{7,43,82}$ = 13.15797315306537 dB
	 $y_{7,43,84}$ = 4.65287662681436 dB
	 $y_{7,43,85}$ = -2.5904633729483777 dB
	 $y_{7,43,87}$ = 0.8577254303055214 dB
	 $y_{7,43,88}$ = -4.201491812774606 dB
	 $y_{7,43,89}$ = -11.52935422892483 dB
	 $y_{7,43,90}$ = -6.671927258842857 dB
	 $y_{7,43,91}$ = 5.732310341888962 dB
	 $y_{7,43,92}$ = -4.345417441898704 dB
	 $y_{7,43,94}$ = 7.950378566714335 dB
	 $y_{7,43,95}$ = -10.371303748361527 dB
	 $y_{7,43,96}$ = -8.00966188732879 dB
	 $y_{7,43,97}$ = 0.7989086403482305 dB
	 $y_{7,43,99}$ = -6.966717228667704 dB
		SNR medio: 63.799725921234284
		Usuarios totais: 154
t=8
$x_{43}$
	 $y_{8,43,0}$ = 3.4578955333166728 dB
	 $y_{8,43,1}$ = 4.342011564878959 dB
	 $y_{8,43,2}$ = 9.934738326983137 dB
	 $y_{8,43,3}$ = 10.740986646978342 dB
	 $y_{8,43,4}$ = 4.713692702385913 dB
	 $y_{8,43,5}$ = 9.60500600760254 dB
	 $y_{8,43,6}$ = 10.93169720285863 dB
	 $y_{8,43,7}$ = 5.435034837018804 dB
	 $y_{8,43,8}$ = -3.8277783042068734 dB
	 $y_{8,43,9}$ = -1.7690286413846654 dB
	 $y_{8,43,10}$ = 2.0899835719451545 dB
	 $y_{8,43,11}$ = 17.889746256111607 dB
	 $y_{8,43,12}$ = 11.622478825244514 dB
	 $y_{8,43,13}$ = 17.378886127766137 dB
	 $y_{8,43,14}$ = 13.445091139649591 dB
	 $y_{8,43,18}$ = 0.6786794029105181 dB
	 $y_{8,43,20}$ = 1.1607852727041743 dB
	 $y_{8,43,21}$ = 9.855657224269478 dB
	 $y_{8,43,24}$ = 17.027614627344974 dB
	 $y_{8,43,25}$ = 10.496231068369354 dB
	 $y_{8,43,27}$ = 2.5648358943232097 dB
	 $y_{8,43,28}$ = -0.5400428986739884 dB
	 $y_{8,43,29}$ = -4.5432397159291895 dB
	 $y_{8,43,30}$ = 11.989908144731544 dB
	 $y_{8,43,31}$ = 15.470747022073127 dB
	 $y_{8,43,32}$ = 25.013063208658153 dB
	 $y_{8,43,33}$ = 28.206568872586757 dB
	 $y_{8,43,35}$ = 21.755420979127138 dB
	 $y_{8,43,36}$ = 20.545320589667753 dB
	 $y_{8,43,37}$ = 12.805295432917589 dB
	 $y_{8,43,38}$ = 9.873823417534027 dB
	 $y_{8,43,39}$ = 2.44944132906555 dB
	 $y_{8,43,41}$ = 18.38462010347915 dB
	 $y_{8,43,45}$ = 15.391973365719778 dB
	 $y_{8,43,46}$ = 17.0024854714829 dB
	 $y_{8,43,47}$ = -0.17740530243725056 dB
	 $y_{8,43,48}$ = 2.5845875479438405 dB
	 $y_{8,43,49}$ = -0.20899835050053664 dB
	 $y_{8,43,50}$ = 6.408273346513113 dB
	 $y_{8,43,51}$ = 20.0460889007923 dB
	 $y_{8,43,52}$ = 24.98865862660854 dB
	 $y_{8,43,55}$ = 15.251751180774917 dB
	 $y_{8,43,56}$ = 11.807573555048918 dB
	 $y_{8,43,57}$ = 5.202028140183728 dB
	 $y_{8,43,59}$ = -0.2140085478258129 dB
	 $y_{8,43,60}$ = 12.408540414376503 dB
	 $y_{8,43,62}$ = 18.935871041048387 dB
	 $y_{8,43,63}$ = 21.699824195099026 dB
	 $y_{8,43,65}$ = 10.77956920128139 dB
	 $y_{8,43,66}$ = 12.720492132548728 dB
	 $y_{8,43,67}$ = 6.781629889937989 dB
	 $y_{8,43,68}$ = 2.887590161363249 dB
	 $y_{8,43,71}$ = 8.220476030426028 dB
	 $y_{8,43,75}$ = 4.97414403869368 dB
	 $y_{8,43,76}$ = 10.65447922058712 dB
	 $y_{8,43,77}$ = 1.9011339348859764 dB
	 $y_{8,43,79}$ = -3.412274550086778 dB
	 $y_{8,43,80}$ = 7.7070807668450385 dB
	 $y_{8,43,82}$ = 13.15797315306537 dB
	 $y_{8,43,83}$ = 9.935333906322569 dB
	 $y_{8,43,84}$ = 4.65287662681436 dB
	 $y_{8,43,85}$ = -2.5904633729483777 dB
	 $y_{8,43,86}$ = 4.021421059020298 dB
	 $y_{8,43,87}$ = 0.8577254303055214 dB
	 $y_{8,43,88}$ = -4.201491812774606 dB
	 $y_{8,43,90}$ = -6.671927258842857 dB
	 $y_{8,43,91}$ = 5.732310341888962 dB
	 $y_{8,43,93}$ = 0.16398547893911108 dB
	 $y_{8,43,94}$ = 7.950378566714335 dB
	 $y_{8,43,95}$ = -10.371303748361527 dB
	 $y_{8,43,96}$ = -8.00966188732879 dB
	 $y_{8,43,97}$ = 0.7989086403482305 dB
	 $y_{8,43,98}$ = -5.9076143951506594 dB
	 $y_{8,43,99}$ = -6.966717228667704 dB
		SNR medio: 15.463142253218606
		Usuarios totais: 122
t=9
$x_{43}$
	 $y_{9,43,1}$ = 4.342011564878959 dB
	 $y_{9,43,2}$ = 9.934738326983137 dB
	 $y_{9,43,3}$ = 10.740986646978342 dB
	 $y_{9,43,6}$ = 10.93169720285863 dB
	 $y_{9,43,7}$ = 5.435034837018804 dB
	 $y_{9,43,8}$ = -3.8277783042068734 dB
	 $y_{9,43,10}$ = 2.0899835719451545 dB
	 $y_{9,43,15}$ = 7.385281501572223 dB
	 $y_{9,43,17}$ = -1.6492265576536627 dB
	 $y_{9,43,19}$ = -6.0682026340335256 dB
	 $y_{9,43,20}$ = 1.1607852727041743 dB
	 $y_{9,43,21}$ = 9.855657224269478 dB
	 $y_{9,43,23}$ = 14.939448833580371 dB
	 $y_{9,43,24}$ = 17.027614627344974 dB
	 $y_{9,43,26}$ = 14.04046346669054 dB
	 $y_{9,43,28}$ = -0.5400428986739884 dB
	 $y_{9,43,30}$ = 11.989908144731544 dB
	 $y_{9,43,31}$ = 15.470747022073127 dB
	 $y_{9,43,33}$ = 28.206568872586757 dB
	 $y_{9,43,34}$ = 26.309126294197355 dB
	 $y_{9,43,35}$ = 21.755420979127138 dB
	 $y_{9,43,36}$ = 20.545320589667753 dB
	 $y_{9,43,39}$ = 2.44944132906555 dB
	 $y_{9,43,40}$ = 7.6428621294993775 dB
	 $y_{9,43,41}$ = 18.38462010347915 dB
	 $y_{9,43,42}$ = 29.835740924309363 dB
	 $y_{9,43,43}$ = 82.990394816508 dB
	 $y_{9,43,44}$ = 30.31498015686124 dB
	 $y_{9,43,45}$ = 15.391973365719778 dB
	 $y_{9,43,46}$ = 17.0024854714829 dB
	 $y_{9,43,48}$ = 2.5845875479438405 dB
	 $y_{9,43,50}$ = 6.408273346513113 dB
	 $y_{9,43,51}$ = 20.0460889007923 dB
	 $y_{9,43,52}$ = 24.98865862660854 dB
	 $y_{9,43,53}$ = 25.597134619800627 dB
	 $y_{9,43,54}$ = 26.709353395757873 dB
	 $y_{9,43,55}$ = 15.251751180774917 dB
	 $y_{9,43,56}$ = 11.807573555048918 dB
	 $y_{9,43,59}$ = -0.2140085478258129 dB
	 $y_{9,43,60}$ = 12.408540414376503 dB
	 $y_{9,43,62}$ = 18.935871041048387 dB
	 $y_{9,43,63}$ = 21.699824195099026 dB
	 $y_{9,43,65}$ = 10.77956920128139 dB
	 $y_{9,43,70}$ = -0.4604329932157896 dB
	 $y_{9,43,71}$ = 8.220476030426028 dB
	 $y_{9,43,74}$ = 9.15029781756138 dB
	 $y_{9,43,75}$ = 4.97414403869368 dB
	 $y_{9,43,77}$ = 1.9011339348859764 dB
	 $y_{9,43,78}$ = -2.853499587795227 dB
	 $y_{9,43,80}$ = 7.7070807668450385 dB
	 $y_{9,43,81}$ = 5.701296617712188 dB
	 $y_{9,43,85}$ = -2.5904633729483777 dB
	 $y_{9,43,86}$ = 4.021421059020298 dB
	 $y_{9,43,91}$ = 5.732310341888962 dB
	 $y_{9,43,92}$ = -4.345417441898704 dB
	 $y_{9,43,93}$ = 0.16398547893911108 dB
	 $y_{9,43,98}$ = -5.9076143951506594 dB
	 $y_{9,43,99}$ = -6.966717228667704 dB
		SNR medio: 65.35623200267308
		Usuarios totais: 86
t=10
$x_{43}$
	 $y_{10,43,2}$ = 9.934738326983137 dB
	 $y_{10,43,7}$ = 5.435034837018804 dB
	 $y_{10,43,10}$ = 2.0899835719451545 dB
	 $y_{10,43,12}$ = 11.622478825244514 dB
	 $y_{10,43,15}$ = 7.385281501572223 dB
	 $y_{10,43,16}$ = 7.232776783926198 dB
	 $y_{10,43,17}$ = -1.6492265576536627 dB
	 $y_{10,43,20}$ = 1.1607852727041743 dB
	 $y_{10,43,27}$ = 2.5648358943232097 dB
	 $y_{10,43,28}$ = -0.5400428986739884 dB
	 $y_{10,43,30}$ = 11.989908144731544 dB
	 $y_{10,43,32}$ = 25.013063208658153 dB
	 $y_{10,43,34}$ = 26.309126294197355 dB
	 $y_{10,43,35}$ = 21.755420979127138 dB
	 $y_{10,43,36}$ = 20.545320589667753 dB
	 $y_{10,43,37}$ = 12.805295432917589 dB
	 $y_{10,43,39}$ = 2.44944132906555 dB
	 $y_{10,43,43}$ = 82.990394816508 dB
	 $y_{10,43,46}$ = 17.0024854714829 dB
	 $y_{10,43,52}$ = 24.98865862660854 dB
	 $y_{10,43,53}$ = 25.597134619800627 dB
	 $y_{10,43,57}$ = 5.202028140183728 dB
	 $y_{10,43,58}$ = 8.245001829241488 dB
	 $y_{10,43,67}$ = 6.781629889937989 dB
	 $y_{10,43,68}$ = 2.887590161363249 dB
	 $y_{10,43,71}$ = 8.220476030426028 dB
	 $y_{10,43,72}$ = 12.503432321681117 dB
	 $y_{10,43,74}$ = 9.15029781756138 dB
	 $y_{10,43,75}$ = 4.97414403869368 dB
	 $y_{10,43,76}$ = 10.65447922058712 dB
	 $y_{10,43,77}$ = 1.9011339348859764 dB
	 $y_{10,43,78}$ = -2.853499587795227 dB
	 $y_{10,43,81}$ = 5.701296617712188 dB
	 $y_{10,43,82}$ = 13.15797315306537 dB
	 $y_{10,43,83}$ = 9.935333906322569 dB
	 $y_{10,43,88}$ = -4.201491812774606 dB
	 $y_{10,43,89}$ = -11.52935422892483 dB
	 $y_{10,43,93}$ = 0.16398547893911108 dB
	 $y_{10,43,94}$ = 7.950378566714335 dB
	 $y_{10,43,97}$ = 0.7989086403482305 dB
	 $y_{10,43,99}$ = -6.966717228667704 dB
		SNR medio: 66.86259829444212
		Usuarios totais: 53
t=11
$x_{43}$
	 $y_{11,43,0}$ = 3.4578955333166728 dB
	 $y_{11,43,8}$ = -3.8277783042068734 dB
	 $y_{11,43,9}$ = -1.7690286413846654 dB
	 $y_{11,43,13}$ = 17.378886127766137 dB
	 $y_{11,43,18}$ = 0.6786794029105181 dB
	 $y_{11,43,19}$ = -6.0682026340335256 dB
	 $y_{11,43,28}$ = -0.5400428986739884 dB
	 $y_{11,43,34}$ = 26.309126294197355 dB
	 $y_{11,43,35}$ = 21.755420979127138 dB
	 $y_{11,43,38}$ = 9.873823417534027 dB
	 $y_{11,43,40}$ = 7.6428621294993775 dB
	 $y_{11,43,49}$ = -0.20899835050053664 dB
	 $y_{11,43,50}$ = 6.408273346513113 dB
	 $y_{11,43,55}$ = 15.251751180774917 dB
	 $y_{11,43,63}$ = 21.699824195099026 dB
	 $y_{11,43,72}$ = 12.503432321681117 dB
	 $y_{11,43,73}$ = 10.356206783369956 dB
	 $y_{11,43,79}$ = -3.412274550086778 dB
	 $y_{11,43,82}$ = 13.15797315306537 dB
	 $y_{11,43,87}$ = 0.8577254303055214 dB
		SNR medio: 16.4877711883888
		Usuarios totais: 23
Distances:
--- Done after 0.00048093616962432864 hours. ---
