-------------Calculating Solution (this may take a while)
+++++++++++++++++++Min Sinr: 10 dB (pgwo2)
+++++++++++++++++++With backhaul constraint. Start: 2023-02-03 20:12:41

Parameters:
- chosen seed 13
- Map with 100 sectors
- Map 4000 x 4000 m
- Sector has a side of 400 m
- Max time:  12
- users_t_m:  [[0, 0, 0, 0, 0, 0, 0, 0, 0, 0, 0, 0, 0, 0, 0, 0, 0, 0, 0, 0, 0, 0, 0, 0, 0, 0, 0, 0, 0, 0, 0, 0, 0, 0, 0, 0, 0, 0, 0, 0, 0, 0, 0, 0, 0, 0, 0, 0, 0, 0, 0, 0, 2, 24, 0, 0, 0, 0, 0, 0, 0, 0, 1, 8, 0, 0, 0, 0, 0, 0, 0, 0, 0, 0, 0, 0, 0, 0, 0, 0, 0, 0, 0, 0, 0, 0, 0, 0, 0, 0, 0, 0, 0, 0, 0, 0, 0, 0, 0, 0], [0, 1, 1, 0, 0, 0, 0, 1, 2, 0, 0, 0, 2, 2, 1, 0, 1, 0, 0, 1, 1, 0, 0, 1, 1, 0, 0, 1, 0, 0, 1, 0, 0, 0, 0, 0, 0, 1, 0, 0, 1, 0, 0, 0, 0, 1, 1, 0, 1, 0, 0, 0, 0, 23, 0, 0, 0, 0, 0, 0, 1, 0, 4, 1, 3, 0, 0, 0, 1, 1, 0, 0, 0, 1, 0, 0, 0, 1, 1, 0, 0, 1, 0, 0, 0, 0, 0, 0, 2, 0, 0, 0, 1, 1, 0, 0, 1, 0, 1, 1], [0, 1, 1, 0, 0, 1, 0, 3, 0, 0, 1, 1, 1, 0, 3, 1, 0, 1, 0, 1, 3, 0, 1, 0, 1, 0, 0, 0, 0, 0, 0, 0, 1, 1, 1, 0, 0, 0, 0, 0, 1, 1, 0, 0, 1, 2, 2, 0, 0, 1, 1, 2, 1, 22, 0, 0, 0, 0, 0, 0, 0, 1, 4, 4, 0, 0, 0, 0, 2, 2, 1, 0, 5, 3, 1, 0, 1, 3, 0, 2, 1, 1, 1, 0, 0, 0, 0, 0, 0, 2, 2, 1, 1, 1, 1, 0, 0, 0, 0, 2], [2, 0, 2, 1, 1, 0, 0, 1, 1, 0, 1, 3, 0, 1, 0, 0, 2, 0, 0, 0, 1, 2, 2, 2, 2, 1, 1, 0, 1, 1, 0, 1, 0, 0, 0, 4, 3, 3, 0, 3, 1, 1, 2, 1, 1, 4, 1, 0, 1, 0, 2, 1, 1, 18, 3, 0, 0, 1, 2, 0, 1, 1, 7, 2, 1, 0, 1, 2, 0, 0, 0, 0, 0, 2, 2, 1, 0, 0, 1, 1, 1, 0, 1, 1, 2, 1, 0, 1, 2, 1, 1, 2, 1, 1, 2, 2, 0, 2, 1, 1], [2, 2, 3, 0, 0, 0, 0, 4, 1, 2, 3, 1, 1, 1, 1, 1, 2, 0, 1, 1, 2, 3, 1, 3, 2, 2, 0, 1, 2, 1, 0, 3, 4, 2, 1, 1, 1, 2, 0, 4, 1, 0, 1, 0, 1, 1, 1, 1, 1, 0, 1, 2, 3, 21, 1, 1, 1, 2, 2, 3, 1, 1, 2, 0, 2, 2, 2, 1, 3, 0, 3, 0, 2, 3, 1, 1, 2, 1, 0, 1, 1, 1, 1, 0, 2, 1, 0, 2, 1, 1, 2, 2, 0, 0, 0, 0, 2, 2, 1, 1], [2, 2, 2, 2, 0, 2, 2, 5, 1, 2, 2, 2, 1, 2, 2, 1, 2, 2, 1, 3, 2, 4, 2, 2, 3, 2, 3, 1, 0, 3, 1, 1, 1, 2, 0, 0, 0, 0, 1, 0, 0, 3, 2, 2, 2, 0, 1, 1, 3, 2, 0, 1, 3, 36, 4, 2, 0, 2, 2, 0, 2, 1, 4, 4, 2, 2, 1, 4, 2, 1, 1, 2, 0, 3, 2, 2, 1, 0, 2, 2, 1, 2, 1, 2, 2, 1, 2, 0, 1, 1, 0, 1, 0, 2, 2, 1, 0, 0, 2, 4], [2, 0, 2, 2, 1, 3, 3, 2, 2, 2, 1, 2, 4, 1, 3, 0, 1, 3, 2, 2, 2, 1, 1, 1, 1, 1, 3, 2, 2, 1, 3, 0, 0, 3, 5, 1, 1, 1, 1, 1, 4, 0, 5, 2, 0, 2, 2, 2, 1, 4, 2, 1, 1, 2, 1, 1, 4, 2, 2, 0, 1, 3, 1, 2, 0, 0, 0, 0, 1, 2, 4, 2, 0, 2, 4, 2, 0, 1, 0, 0, 2, 1, 1, 0, 4, 3, 2, 0, 0, 3, 2, 0, 2, 6, 1, 2, 2, 1, 2, 2], [1, 1, 2, 2, 1, 4, 0, 1, 1, 3, 1, 1, 3, 0, 0, 0, 2, 1, 1, 0, 1, 1, 1, 2, 1, 3, 2, 1, 3, 2, 1, 2, 2, 0, 1, 2, 2, 2, 1, 1, 2, 1, 2, 1, 1, 5, 4, 0, 1, 2, 0, 1, 0, 2, 4, 2, 0, 3, 6, 3, 4, 1, 2, 4, 1, 0, 1, 1, 1, 3, 2, 1, 1, 1, 2, 2, 1, 0, 2, 1, 3, 0, 2, 0, 4, 1, 0, 2, 1, 2, 1, 2, 1, 0, 1, 1, 2, 1, 0, 3], [1, 2, 1, 3, 1, 2, 1, 3, 1, 2, 2, 1, 2, 3, 2, 0, 0, 0, 1, 0, 1, 2, 0, 0, 2, 2, 0, 1, 2, 1, 1, 3, 1, 1, 0, 1, 2, 1, 1, 1, 0, 3, 0, 0, 0, 1, 3, 1, 1, 2, 1, 1, 2, 0, 0, 1, 2, 1, 0, 3, 2, 0, 2, 1, 0, 2, 2, 3, 1, 0, 0, 1, 0, 0, 0, 1, 3, 1, 0, 2, 3, 0, 1, 2, 3, 1, 2, 1, 1, 0, 1, 3, 0, 1, 1, 3, 1, 2, 1, 1], [0, 1, 1, 2, 0, 0, 1, 1, 2, 0, 1, 0, 0, 0, 0, 2, 0, 1, 0, 1, 1, 2, 0, 1, 2, 0, 1, 0, 1, 0, 1, 1, 0, 1, 2, 1, 3, 0, 0, 1, 1, 2, 1, 1, 1, 2, 1, 0, 2, 0, 2, 2, 3, 2, 2, 1, 1, 0, 0, 1, 2, 0, 2, 1, 0, 1, 0, 0, 0, 0, 3, 2, 0, 0, 1, 2, 0, 1, 1, 0, 1, 1, 0, 0, 0, 2, 2, 0, 0, 0, 0, 1, 1, 1, 0, 0, 0, 0, 1, 4], [0, 0, 1, 0, 0, 0, 0, 1, 0, 0, 1, 0, 1, 0, 0, 1, 1, 1, 0, 0, 1, 0, 0, 0, 0, 0, 0, 1, 1, 0, 2, 0, 1, 0, 2, 2, 1, 1, 0, 1, 0, 0, 0, 2, 0, 0, 1, 0, 0, 0, 0, 0, 2, 2, 0, 0, 0, 1, 1, 0, 0, 0, 0, 0, 0, 0, 0, 2, 1, 0, 0, 1, 1, 0, 2, 2, 2, 1, 1, 0, 0, 1, 1, 1, 0, 0, 0, 0, 2, 2, 0, 0, 0, 1, 1, 0, 0, 1, 0, 1], [1, 0, 0, 0, 0, 0, 0, 0, 2, 1, 0, 0, 0, 2, 0, 0, 0, 0, 1, 1, 0, 0, 0, 0, 0, 0, 0, 0, 1, 0, 0, 0, 0, 0, 1, 1, 0, 0, 1, 0, 1, 0, 0, 0, 0, 0, 0, 0, 0, 2, 1, 0, 0, 0, 0, 1, 0, 0, 0, 0, 0, 0, 0, 1, 0, 0, 0, 0, 0, 0, 0, 0, 1, 1, 0, 0, 0, 0, 0, 1, 0, 0, 1, 0, 0, 0, 0, 1, 0, 0, 0, 0, 0, 0, 0, 0, 0, 0, 0, 0]]
users_0_m:
[0, 0, 0, 0, 0, 0, 0, 0, 0, 0]
[0, 0, 0, 0, 0, 0, 0, 0, 0, 0]
[0, 0, 0, 0, 0, 0, 0, 0, 0, 0]
[0, 0, 0, 0, 0, 0, 0, 0, 0, 0]
[0, 0, 0, 0, 0, 0, 0, 0, 0, 0]
[0, 0, 2, 24, 0, 0, 0, 0, 0, 0]
[0, 0, 1, 8, 0, 0, 0, 0, 0, 0]
[0, 0, 0, 0, 0, 0, 0, 0, 0, 0]
[0, 0, 0, 0, 0, 0, 0, 0, 0, 0]
[0, 0, 0, 0, 0, 0, 0, 0, 0, 0]
users_1_m:
[0, 1, 1, 0, 0, 0, 0, 1, 2, 0]
[0, 0, 2, 2, 1, 0, 1, 0, 0, 1]
[1, 0, 0, 1, 1, 0, 0, 1, 0, 0]
[1, 0, 0, 0, 0, 0, 0, 1, 0, 0]
[1, 0, 0, 0, 0, 1, 1, 0, 1, 0]
[0, 0, 0, 23, 0, 0, 0, 0, 0, 0]
[1, 0, 4, 1, 3, 0, 0, 0, 1, 1]
[0, 0, 0, 1, 0, 0, 0, 1, 1, 0]
[0, 1, 0, 0, 0, 0, 0, 0, 2, 0]
[0, 0, 1, 1, 0, 0, 1, 0, 1, 1]
users_2_m:
[0, 1, 1, 0, 0, 1, 0, 3, 0, 0]
[1, 1, 1, 0, 3, 1, 0, 1, 0, 1]
[3, 0, 1, 0, 1, 0, 0, 0, 0, 0]
[0, 0, 1, 1, 1, 0, 0, 0, 0, 0]
[1, 1, 0, 0, 1, 2, 2, 0, 0, 1]
[1, 2, 1, 22, 0, 0, 0, 0, 0, 0]
[0, 1, 4, 4, 0, 0, 0, 0, 2, 2]
[1, 0, 5, 3, 1, 0, 1, 3, 0, 2]
[1, 1, 1, 0, 0, 0, 0, 0, 0, 2]
[2, 1, 1, 1, 1, 0, 0, 0, 0, 2]
users_3_m:
[2, 0, 2, 1, 1, 0, 0, 1, 1, 0]
[1, 3, 0, 1, 0, 0, 2, 0, 0, 0]
[1, 2, 2, 2, 2, 1, 1, 0, 1, 1]
[0, 1, 0, 0, 0, 4, 3, 3, 0, 3]
[1, 1, 2, 1, 1, 4, 1, 0, 1, 0]
[2, 1, 1, 18, 3, 0, 0, 1, 2, 0]
[1, 1, 7, 2, 1, 0, 1, 2, 0, 0]
[0, 0, 0, 2, 2, 1, 0, 0, 1, 1]
[1, 0, 1, 1, 2, 1, 0, 1, 2, 1]
[1, 2, 1, 1, 2, 2, 0, 2, 1, 1]
users_4_m:
[2, 2, 3, 0, 0, 0, 0, 4, 1, 2]
[3, 1, 1, 1, 1, 1, 2, 0, 1, 1]
[2, 3, 1, 3, 2, 2, 0, 1, 2, 1]
[0, 3, 4, 2, 1, 1, 1, 2, 0, 4]
[1, 0, 1, 0, 1, 1, 1, 1, 1, 0]
[1, 2, 3, 21, 1, 1, 1, 2, 2, 3]
[1, 1, 2, 0, 2, 2, 2, 1, 3, 0]
[3, 0, 2, 3, 1, 1, 2, 1, 0, 1]
[1, 1, 1, 0, 2, 1, 0, 2, 1, 1]
[2, 2, 0, 0, 0, 0, 2, 2, 1, 1]
users_5_m:
[2, 2, 2, 2, 0, 2, 2, 5, 1, 2]
[2, 2, 1, 2, 2, 1, 2, 2, 1, 3]
[2, 4, 2, 2, 3, 2, 3, 1, 0, 3]
[1, 1, 1, 2, 0, 0, 0, 0, 1, 0]
[0, 3, 2, 2, 2, 0, 1, 1, 3, 2]
[0, 1, 3, 36, 4, 2, 0, 2, 2, 0]
[2, 1, 4, 4, 2, 2, 1, 4, 2, 1]
[1, 2, 0, 3, 2, 2, 1, 0, 2, 2]
[1, 2, 1, 2, 2, 1, 2, 0, 1, 1]
[0, 1, 0, 2, 2, 1, 0, 0, 2, 4]
users_6_m:
[2, 0, 2, 2, 1, 3, 3, 2, 2, 2]
[1, 2, 4, 1, 3, 0, 1, 3, 2, 2]
[2, 1, 1, 1, 1, 1, 3, 2, 2, 1]
[3, 0, 0, 3, 5, 1, 1, 1, 1, 1]
[4, 0, 5, 2, 0, 2, 2, 2, 1, 4]
[2, 1, 1, 2, 1, 1, 4, 2, 2, 0]
[1, 3, 1, 2, 0, 0, 0, 0, 1, 2]
[4, 2, 0, 2, 4, 2, 0, 1, 0, 0]
[2, 1, 1, 0, 4, 3, 2, 0, 0, 3]
[2, 0, 2, 6, 1, 2, 2, 1, 2, 2]
users_7_m:
[1, 1, 2, 2, 1, 4, 0, 1, 1, 3]
[1, 1, 3, 0, 0, 0, 2, 1, 1, 0]
[1, 1, 1, 2, 1, 3, 2, 1, 3, 2]
[1, 2, 2, 0, 1, 2, 2, 2, 1, 1]
[2, 1, 2, 1, 1, 5, 4, 0, 1, 2]
[0, 1, 0, 2, 4, 2, 0, 3, 6, 3]
[4, 1, 2, 4, 1, 0, 1, 1, 1, 3]
[2, 1, 1, 1, 2, 2, 1, 0, 2, 1]
[3, 0, 2, 0, 4, 1, 0, 2, 1, 2]
[1, 2, 1, 0, 1, 1, 2, 1, 0, 3]
users_8_m:
[1, 2, 1, 3, 1, 2, 1, 3, 1, 2]
[2, 1, 2, 3, 2, 0, 0, 0, 1, 0]
[1, 2, 0, 0, 2, 2, 0, 1, 2, 1]
[1, 3, 1, 1, 0, 1, 2, 1, 1, 1]
[0, 3, 0, 0, 0, 1, 3, 1, 1, 2]
[1, 1, 2, 0, 0, 1, 2, 1, 0, 3]
[2, 0, 2, 1, 0, 2, 2, 3, 1, 0]
[0, 1, 0, 0, 0, 1, 3, 1, 0, 2]
[3, 0, 1, 2, 3, 1, 2, 1, 1, 0]
[1, 3, 0, 1, 1, 3, 1, 2, 1, 1]
users_9_m:
[0, 1, 1, 2, 0, 0, 1, 1, 2, 0]
[1, 0, 0, 0, 0, 2, 0, 1, 0, 1]
[1, 2, 0, 1, 2, 0, 1, 0, 1, 0]
[1, 1, 0, 1, 2, 1, 3, 0, 0, 1]
[1, 2, 1, 1, 1, 2, 1, 0, 2, 0]
[2, 2, 3, 2, 2, 1, 1, 0, 0, 1]
[2, 0, 2, 1, 0, 1, 0, 0, 0, 0]
[3, 2, 0, 0, 1, 2, 0, 1, 1, 0]
[1, 1, 0, 0, 0, 2, 2, 0, 0, 0]
[0, 1, 1, 1, 0, 0, 0, 0, 1, 4]
users_10_m:
[0, 0, 1, 0, 0, 0, 0, 1, 0, 0]
[1, 0, 1, 0, 0, 1, 1, 1, 0, 0]
[1, 0, 0, 0, 0, 0, 0, 1, 1, 0]
[2, 0, 1, 0, 2, 2, 1, 1, 0, 1]
[0, 0, 0, 2, 0, 0, 1, 0, 0, 0]
[0, 0, 2, 2, 0, 0, 0, 1, 1, 0]
[0, 0, 0, 0, 0, 0, 0, 2, 1, 0]
[0, 1, 1, 0, 2, 2, 2, 1, 1, 0]
[0, 1, 1, 1, 0, 0, 0, 0, 2, 2]
[0, 0, 0, 1, 1, 0, 0, 1, 0, 1]
users_11_m:
[1, 0, 0, 0, 0, 0, 0, 0, 2, 1]
[0, 0, 0, 2, 0, 0, 0, 0, 1, 1]
[0, 0, 0, 0, 0, 0, 0, 0, 1, 0]
[0, 0, 0, 0, 1, 1, 0, 0, 1, 0]
[1, 0, 0, 0, 0, 0, 0, 0, 0, 2]
[1, 0, 0, 0, 0, 1, 0, 0, 0, 0]
[0, 0, 0, 1, 0, 0, 0, 0, 0, 0]
[0, 0, 1, 1, 0, 0, 0, 0, 0, 1]
[0, 0, 1, 0, 0, 0, 0, 1, 0, 0]
[0, 0, 0, 0, 0, 0, 0, 0, 0, 0]
MAX_USER_PER_ANTENNAS_m:  [40, 40, 40, 40, 40, 40, 40, 40, 40, 40, 40, 40, 40, 40, 40, 40, 40, 40, 40, 40, 40, 40, 40, 40, 40, 40, 40, 40, 40, 40, 40, 40, 40, 40, 40, 40, 40, 40, 40, 40, 40, 40, 40, 40, 40, 40, 40, 40, 40, 40, 40, 40, 40, 40, 40, 40, 40, 40, 40, 40, 40, 40, 40, 40, 40, 40, 40, 40, 40, 40, 40, 40, 40, 40, 40, 40, 40, 40, 40, 40, 40, 40, 40, 40, 40, 40, 40, 40, 40, 40, 40, 40, 40, 40, 40, 40, 40, 40, 40, 40]
antennas_map_m:  [1, 1, 1, 1, 1, 1, 1, 1, 1, 1, 1, 1, 1, 1, 1, 1, 1, 1, 1, 1, 1, 1, 1, 1, 1, 1, 1, 1, 1, 1, 1, 1, 1, 1, 1, 1, 1, 1, 1, 1, 1, 1, 1, 1, 1, 1, 1, 1, 1, 1, 1, 1, 1, 1, 1, 1, 1, 1, 1, 1, 1, 1, 1, 1, 1, 1, 1, 1, 1, 1, 1, 1, 1, 1, 1, 1, 1, 1, 1, 1, 1, 1, 1, 1, 1, 1, 1, 1, 1, 1, 1, 1, 1, 1, 1, 1, 1, 1, 1, 1]
FIRST_ANTENNA:  43
MIN_SNR_m:  [10.0, 10.0, 10.0, 10.0, 10.0, 10.0, 10.0, 10.0, 10.0, 10.0, 10.0, 10.0, 10.0, 10.0, 10.0, 10.0, 10.0, 10.0, 10.0, 10.0, 10.0, 10.0, 10.0, 10.0, 10.0, 10.0, 10.0, 10.0, 10.0, 10.0, 10.0, 10.0, 10.0, 10.0, 10.0, 10.0, 10.0, 10.0, 10.0, 10.0, 10.0, 10.0, 10.0, 10.0, 10.0, 10.0, 10.0, 10.0, 10.0, 10.0, 10.0, 10.0, 10.0, 10.0, 10.0, 10.0, 10.0, 10.0, 10.0, 10.0, 10.0, 10.0, 10.0, 10.0, 10.0, 10.0, 10.0, 10.0, 10.0, 10.0, 10.0, 10.0, 10.0, 10.0, 10.0, 10.0, 10.0, 10.0, 10.0, 10.0, 10.0, 10.0, 10.0, 10.0, 10.0, 10.0, 10.0, 10.0, 10.0, 10.0, 10.0, 10.0, 10.0, 10.0, 10.0, 10.0, 10.0, 10.0, 10.0, 10.0]
-MIN_DIST:  2000
- disaster percentage:  0

Slice  0
Updating fitness _wolf
--------
The set of antennas serves the scenario in the respective slice(0).

Slice  1
Updating fitness _wolf
--------

Run GWO to deployment +1 antenna on the map
	Pack size:  300
	Wolf dimension 1
	Max iter 100
	antennas_regions:  [43]
	users_regions:  [ 1  2  7  8 12 13 14 16 19 20 23 24 27 30 37 40 45 46 48 53 60 62 63 64
 68 69 73 77 78 81 88 92 93 96 98 99]
	Seed_base:  60291
initial_alpha:  Wolf 0 (60291). Fitness: 0
	(2415.922939692596, 2358.0750258981548, 0). Region: 56
initial_beta:  Wolf 1 (60292). Fitness: 0
	(1639.4891155179882, 1039.7885379551658, 0). Region: 24
initial_delta:  Wolf 2 (60293). Fitness: 0
	(476.91891883500136, 3355.948424805184, 0). Region: 81 

iter = 10
Alpha wolf:  Wolf 0 (60291). Fitness: 0
	(673.6319606690668, 1615.3413728670043, 0.0). Region: 41
iter = 20
Alpha wolf:  Wolf 0 (60291). Fitness: 0
	(330.535832317875, 1269.7913702518583, 0.0). Region: 30
iter = 30
Alpha wolf:  Wolf 0 (60291). Fitness: 0
	(172.12283438517866, 167.78336018030768, 0.0). Region: 0
iter = 40
Alpha wolf:  Wolf 0 (60291). Fitness: 0
	(352.37015740828167, 324.4054165531833, 0.0). Region: 0
iter = 50
Alpha wolf:  Wolf 0 (60291). Fitness: 0
	(249.72954608397333, 794.0537173409381, 0.0). Region: 10
iter = 60
Alpha wolf:  Wolf 0 (60291). Fitness: 0
	(415.90908039293106, 509.73135815453827, 0.0). Region: 11
iter = 70
Alpha wolf:  Wolf 0 (60291). Fitness: 0
	(406.7789166042718, 363.4397729083924, 0.0). Region: 1
iter = 80
Alpha wolf:  Wolf 0 (60291). Fitness: 0
	(457.26239695302297, 366.17068257320875, 0.0). Region: 1
iter = 90
Alpha wolf:  Wolf 0 (60291). Fitness: 0
	(472.0640332022081, 403.1988203140493, 0.0). Region: 11

Run GWO to deployment +2 antenna on the map
	Pack size:  300
	Wolf dimension 2
	Max iter 100
	antennas_regions:  [43]
	users_regions:  [ 1  2  7  8 12 13 14 16 19 20 23 24 27 30 37 40 45 46 48 53 60 62 63 64
 68 69 73 77 78 81 88 92 93 96 98 99]
	Seed_base:  45651
initial_alpha:  Wolf 0 (45651). Fitness: 0
	(1690.3061995018525, 2919.437405507054, 0). Region: 74
	(1719.860817309275, 1997.0656476050665, 0). Region: 44
initial_beta:  Wolf 1 (45652). Fitness: 0
	(1652.4123852143236, 1383.6765116569484, 0). Region: 34
	(3934.6362191519747, 2069.2346804022873, 0). Region: 59
initial_delta:  Wolf 2 (45653). Fitness: 0
	(1327.8336147462558, 3620.237722570687, 0). Region: 93
	(1455.5590754183543, 3866.439616513213, 0). Region: 93 

iter = 10
Alpha wolf:  Wolf 0 (45651). Fitness: 0
	(592.1859277165073, 1585.4365744311247, 0.0). Region: 31
	(3951.267031845709, 1583.2080417422187, 0.0). Region: 39
iter = 20
Alpha wolf:  Wolf 0 (45651). Fitness: 0
	(569.4345255739061, 870.5465424164183, 0.0). Region: 21
	(3021.144168136193, 1320.789974528155, 0.0). Region: 37
iter = 30
Alpha wolf:  Wolf 0 (45651). Fitness: 0
	(451.0891095984005, 903.6604950107949, 0.0). Region: 21
	(3482.009658789474, 129.8301089615776, 0.0). Region: 8
iter = 40
Alpha wolf:  Wolf 0 (45651). Fitness: 0
	(607.5735309368263, 269.00613534629304, 0.0). Region: 1
	(1254.4945093557417, 61.089382000236164, 0.0). Region: 3
iter = 50
Alpha wolf:  Wolf 0 (45651). Fitness: 0
	(157.77004400920464, 67.82371649804435, 0.0). Region: 0
	(2548.3384846746135, 48.503818126794, 0.0). Region: 6
iter = 60
Alpha wolf:  Wolf 0 (45651). Fitness: 0
	(108.27316922327867, 94.88759577145095, 0.0). Region: 0
	(2806.1551259800062, 33.240671874392504, 0.0). Region: 7
iter = 70
Alpha wolf:  Wolf 0 (45651). Fitness: 0
	(116.35979508391064, 81.99543496692854, 0.0). Region: 0
	(2270.9233961929567, 56.31164575419087, 0.0). Region: 5
iter = 80
Alpha wolf:  Wolf 0 (45651). Fitness: 0
	(88.82202525244254, 93.26698140473238, 0.0). Region: 0
	(2119.8126709002486, 80.50626574573523, 0.0). Region: 5
iter = 90
Alpha wolf:  Wolf 0 (45651). Fitness: 0
	(90.04469226838417, 72.70029714093114, 0.0). Region: 0
	(1817.09381432103, 63.60673371112129, 0.0). Region: 4

Run GWO to deployment +3 antenna on the map
	Pack size:  300
	Wolf dimension 3
	Max iter 100
	antennas_regions:  [43]
	users_regions:  [ 1  2  7  8 12 13 14 16 19 20 23 24 27 30 37 40 45 46 48 53 60 62 63 64
 68 69 73 77 78 81 88 92 93 96 98 99]
	Seed_base:  6497
initial_alpha:  Wolf 0 (6497). Fitness: 0
	(1641.9664041065585, 484.3529602070924, 0). Region: 14
	(2015.2142296391023, 1607.0960495294546, 0). Region: 45
	(1641.293345233665, 3158.5708150624223, 0). Region: 74
initial_beta:  Wolf 1 (6498). Fitness: 0
	(1978.4733164262125, 2598.109999506807, 0). Region: 64
	(2380.0388208620025, 3648.3171249319084, 0). Region: 95
	(263.9476224119921, 906.3328590058663, 0). Region: 20
initial_delta:  Wolf 2 (6499). Fitness: 0
	(1249.7074733906115, 569.10918463542, 0). Region: 13
	(708.0001173735391, 748.9517132338581, 0). Region: 11
	(2940.350250133013, 748.9222935282806, 0). Region: 17 

iter = 10
Alpha wolf:  Wolf 0 (6497). Fitness: 0
	(1641.19725980385, 523.1940987651931, 0.0). Region: 14
	(2077.406688995595, 1329.2869442768874, 0.0). Region: 35
	(2401.886189765768, 890.0914997088346, 0.0). Region: 26
iter = 20
Alpha wolf:  Wolf 0 (6497). Fitness: 0
	(1623.9712919407743, 101.42824776953663, 0.0). Region: 4
	(665.865699700682, 329.61946746568447, 0.0). Region: 1
	(632.5470839295955, 634.8913981470693, 0.0). Region: 11
iter = 30
Alpha wolf:  Wolf 0 (6497). Fitness: 0
	(1606.1276606687863, 29.872404399846694, 0.0). Region: 4
	(765.571695864745, 99.80883284551601, 0.0). Region: 1
	(598.8295515549473, 1178.8854689023979, 0.0). Region: 21
iter = 40
Alpha wolf:  Wolf 0 (6497). Fitness: 0
	(2571.2541613136946, 54.4458177514601, 0.0). Region: 6
	(993.7709505242079, 222.68852351631455, 0.0). Region: 2
	(634.6168818602325, 771.5388014071729, 0.0). Region: 11
iter = 50
Alpha wolf:  Wolf 0 (6497). Fitness: 0
	(2686.5297512172892, 16.986504828979722, 0.0). Region: 6
	(545.0517792938086, 279.68446387636754, 0.0). Region: 1
	(379.40478519915644, 433.8962378366425, 0.0). Region: 10
iter = 60
Alpha wolf:  Wolf 0 (6497). Fitness: 0
	(2910.835997626714, 27.761565292274945, 0.0). Region: 7
	(1177.5857507360427, 320.8349026295043, 0.0). Region: 2
	(462.360189517184, 729.0797727448381, 0.0). Region: 11
iter = 70
Alpha wolf:  Wolf 0 (6497). Fitness: 0
	(2520.8094100511157, 28.37283995675587, 0.0). Region: 6
	(827.5275312900055, 428.21383091752233, 0.0). Region: 12
	(767.0149563326702, 923.7526755067574, 0.0). Region: 21
iter = 80
Alpha wolf:  Wolf 0 (6497). Fitness: 0
	(2157.459673443639, 32.948109463829965, 0.0). Region: 5
	(740.5822559679751, 390.13151990422944, 0.0). Region: 1
	(641.8666938629323, 1105.0792450321615, 0.0). Region: 21
iter = 90
Alpha wolf:  Wolf 0 (6497). Fitness: 0
	(2027.1012193178703, 30.32693670943413, 0.0). Region: 5
	(787.6441730059055, 439.5096479270233, 0.0). Region: 11
	(636.6151704566573, 1105.5020110843757, 0.0). Region: 21

Run GWO to deployment +4 antenna on the map
	Pack size:  300
	Wolf dimension 4
	Max iter 100
	antennas_regions:  [43]
	users_regions:  [ 1  2  7  8 12 13 14 16 19 20 23 24 27 30 37 40 45 46 48 53 60 62 63 64
 68 69 73 77 78 81 88 92 93 96 98 99]
	Seed_base:  90817
initial_alpha:  Wolf 0 (90817). Fitness: 0
	(1664.5008362575359, 566.7624058836327, 0). Region: 14
	(270.84683345300454, 1592.166427663035, 0). Region: 30
	(3336.3173886444383, 1822.526611802385, 0). Region: 48
	(3689.971071817757, 3608.682272536377, 0). Region: 99
initial_beta:  Wolf 1 (90818). Fitness: 0
	(3253.745312874865, 2749.292561163396, 0). Region: 68
	(176.1536953878613, 941.6154903380632, 0). Region: 20
	(2485.6516550326955, 2236.522787740047, 0). Region: 56
	(2735.5777057302203, 3427.3778778927144, 0). Region: 86
initial_delta:  Wolf 2 (90819). Fitness: 0
	(3793.344052841334, 2061.684424817522, 0). Region: 59
	(1383.218929550903, 2247.525014166085, 0). Region: 53
	(3970.9787196253096, 797.2762215449198, 0). Region: 19
	(772.0704040239692, 2399.424695284684, 0). Region: 51 

The alpha wolf has been updated to a position with higher fitness. iter = 0
New alpha wolf:  Wolf 201 (91018). Fitness: 7.438068552730654e-05
	(2488.880957997628, 1077.98633409645, 0.0). Region: 26
	(961.075337647809, 1089.5094658800758, 0.0). Region: 22
	(3119.5866904304935, 2524.990005843748, 0.0). Region: 67
	(1332.3077438349928, 2901.4241001748223, 0.0). Region: 73
The alpha wolf has been updated to a position with higher fitness. iter = 9
New alpha wolf:  Wolf 76 (90893). Fitness: 7.834681958071042
	(2546.45891001786, 958.6571223712019, 0.0). Region: 26
	(522.2245342186864, 1386.9380407195217, 0.0). Region: 31
	(3010.085153515127, 2757.5845242154355, 0.0). Region: 67
	(1763.4580126713718, 3292.997179802829, 0.0). Region: 84
iter = 10
Alpha wolf:  Wolf 76 (90893). Fitness: 7.834681958071042
	(2546.45891001786, 958.6571223712019, 0.0). Region: 26
	(522.2245342186864, 1386.9380407195217, 0.0). Region: 31
	(3010.085153515127, 2757.5845242154355, 0.0). Region: 67
	(1763.4580126713718, 3292.997179802829, 0.0). Region: 84
iter = 20
Alpha wolf:  Wolf 76 (90893). Fitness: 7.834681958071042
	(2546.45891001786, 958.6571223712019, 0.0). Region: 26
	(522.2245342186864, 1386.9380407195217, 0.0). Region: 31
	(3010.085153515127, 2757.5845242154355, 0.0). Region: 67
	(1763.4580126713718, 3292.997179802829, 0.0). Region: 84
iter = 30
Alpha wolf:  Wolf 76 (90893). Fitness: 7.834681958071042
	(2546.45891001786, 958.6571223712019, 0.0). Region: 26
	(522.2245342186864, 1386.9380407195217, 0.0). Region: 31
	(3010.085153515127, 2757.5845242154355, 0.0). Region: 67
	(1763.4580126713718, 3292.997179802829, 0.0). Region: 84
iter = 40
Alpha wolf:  Wolf 76 (90893). Fitness: 7.834681958071042
	(2546.45891001786, 958.6571223712019, 0.0). Region: 26
	(522.2245342186864, 1386.9380407195217, 0.0). Region: 31
	(3010.085153515127, 2757.5845242154355, 0.0). Region: 67
	(1763.4580126713718, 3292.997179802829, 0.0). Region: 84
The alpha wolf has been updated to a position with higher fitness. iter = 41
New alpha wolf:  Wolf 259 (91076). Fitness: 7.8538817545089845
	(3301.045395831855, 1138.0341795652967, 0.0). Region: 28
	(744.091666338941, 1205.9875156003868, 0.0). Region: 31
	(2854.047914031937, 2558.4678113901887, 0.0). Region: 67
	(1782.450524772274, 3536.5830709016936, 0.0). Region: 84
iter = 50
Alpha wolf:  Wolf 259 (91076). Fitness: 7.8538817545089845
	(3301.045395831855, 1138.0341795652967, 0.0). Region: 28
	(744.091666338941, 1205.9875156003868, 0.0). Region: 31
	(2854.047914031937, 2558.4678113901887, 0.0). Region: 67
	(1782.450524772274, 3536.5830709016936, 0.0). Region: 84
iter = 60
Alpha wolf:  Wolf 259 (91076). Fitness: 7.8538817545089845
	(3301.045395831855, 1138.0341795652967, 0.0). Region: 28
	(744.091666338941, 1205.9875156003868, 0.0). Region: 31
	(2854.047914031937, 2558.4678113901887, 0.0). Region: 67
	(1782.450524772274, 3536.5830709016936, 0.0). Region: 84
iter = 70
Alpha wolf:  Wolf 259 (91076). Fitness: 7.8538817545089845
	(3301.045395831855, 1138.0341795652967, 0.0). Region: 28
	(744.091666338941, 1205.9875156003868, 0.0). Region: 31
	(2854.047914031937, 2558.4678113901887, 0.0). Region: 67
	(1782.450524772274, 3536.5830709016936, 0.0). Region: 84
The alpha wolf has been updated to a position with higher fitness. iter = 79
New alpha wolf:  Wolf 184 (91001). Fitness: 20.14969241483313
	(3718.961254230792, 978.4841860906986, 0.0). Region: 29
	(678.2343266392836, 1295.638159985867, 0.0). Region: 31
	(3723.043916811691, 2954.497421883664, 0.0). Region: 79
	(2000.5979917901882, 3661.38342376728, 0.0). Region: 95
iter = 80
Alpha wolf:  Wolf 184 (91001). Fitness: 20.14969241483313
	(3718.961254230792, 978.4841860906986, 0.0). Region: 29
	(678.2343266392836, 1295.638159985867, 0.0). Region: 31
	(3723.043916811691, 2954.497421883664, 0.0). Region: 79
	(2000.5979917901882, 3661.38342376728, 0.0). Region: 95
iter = 90
Alpha wolf:  Wolf 184 (91001). Fitness: 20.14969241483313
	(3774.2657051191663, 952.8633735304735, 0.0). Region: 29
	(638.8811163307022, 1431.520180096218, 0.0). Region: 31
	(3982.152618038436, 3052.4304669090875, 0.0). Region: 79
	(2027.093752690059, 3963.5270478273383, 0.0). Region: 95

- Finishing GWO - 

Best solution:  Wolf 184 (91001). Fitness: 20.14969241483313
	(3715.0584394292246, 903.2773243350116, 0.0). Region: 29
	(657.1984834475597, 1474.2067145596438, 0.0). Region: 31
	(3744.215277565134, 3123.5745391538917, 0.0). Region: 79
	(2094.004721475294, 3841.575251200497, 0.0). Region: 95
Antennas in slice 1:  [29 31 43 79 95]

Slice  2
Updating fitness _wolf
--------

Run GWO to deployment +1 antenna on the map
	Pack size:  300
	Wolf dimension 1
	Max iter 100
	antennas_regions:  [29 31 43 79 95]
	users_regions:  [ 1  2  5  7 10 11 12 14 15 17 19 20 22 24 32 33 34 40 41 44 45 46 49 50
 51 52 53 61 62 63 68 69 70 72 73 74 76 77 79 80 81 82 89 90 91 92 93 94
 99]
	Seed_base:  2295
initial_alpha:  Wolf 0 (2295). Fitness: 0
	(1117.9274891276082, 2225.0313875207853, 0). Region: 52
initial_beta:  Wolf 1 (2296). Fitness: 0
	(1993.3073690780927, 25.9214678958144, 0). Region: 4
initial_delta:  Wolf 2 (2297). Fitness: 0
	(1850.0906486017036, 2695.65168731821, 0). Region: 64 

iter = 10
Alpha wolf:  Wolf 0 (2295). Fitness: 0
	(368.84346192149656, 1348.1033889900057, 0.0). Region: 30
iter = 20
Alpha wolf:  Wolf 0 (2295). Fitness: 0
	(176.32485705870468, 1180.729115153928, 0.0). Region: 20
iter = 30
Alpha wolf:  Wolf 0 (2295). Fitness: 0
	(91.83767198037289, 156.9376522030489, 0.0). Region: 0
iter = 40
Alpha wolf:  Wolf 0 (2295). Fitness: 0
	(188.01029323310388, 303.4411468954311, 0.0). Region: 0
iter = 50
Alpha wolf:  Wolf 0 (2295). Fitness: 0
	(133.24546418304058, 742.7390493480162, 0.0). Region: 10
iter = 60
Alpha wolf:  Wolf 0 (2295). Fitness: 0
	(221.91206184414776, 476.7906454066997, 0.0). Region: 10
iter = 70
Alpha wolf:  Wolf 0 (2295). Fitness: 0
	(217.04058015059593, 339.9529597685083, 0.0). Region: 0
iter = 80
Alpha wolf:  Wolf 0 (2295). Fitness: 0
	(243.9764989400484, 342.5073880193996, 0.0). Region: 0
iter = 90
Alpha wolf:  Wolf 0 (2295). Fitness: 0
	(251.87404620114822, 377.14263148486253, 0.0). Region: 0

Run GWO to deployment +2 antenna on the map
	Pack size:  300
	Wolf dimension 2
	Max iter 100
	antennas_regions:  [29 31 43 79 95]
	users_regions:  [ 1  2  5  7 10 11 12 14 15 17 19 20 22 24 32 33 34 40 41 44 45 46 49 50
 51 52 53 61 62 63 68 69 70 72 73 74 76 77 79 80 81 82 89 90 91 92 93 94
 99]
	Seed_base:  65459
initial_alpha:  Wolf 247 (65706). Fitness: 0.00025606171635348226
	(2559.779673744277, 630.3288580865529, 0). Region: 16
	(1580.4336017534952, 3945.374321522193, 0). Region: 93
initial_beta:  Wolf 119 (65578). Fitness: 0.00022076377969567113
	(1264.5559894706794, 863.5603745613855, 0). Region: 23
	(175.91190679422564, 3183.64731613825, 0). Region: 70
initial_delta:  Wolf 19 (65478). Fitness: 0.00013418945012796466
	(317.8226007163736, 3891.891065950978, 0). Region: 90
	(2037.26577471381, 607.7460024741188, 0). Region: 15 

The alpha wolf has been updated to a position with higher fitness. iter = 1
New alpha wolf:  Wolf 92 (65551). Fitness: 0.0002954133831453266
	(2834.2769045028435, 92.86375825843993, 0.0). Region: 7
	(425.9763139623924, 2946.7189840516494, 0.0). Region: 71
The alpha wolf has been updated to a position with higher fitness. iter = 2
New alpha wolf:  Wolf 270 (65729). Fitness: 0.00031126139560464053
	(3460.2381853415072, 637.3133844120366, 0.0). Region: 18
	(454.8558887012506, 2881.9975745279917, 0.0). Region: 71
The alpha wolf has been updated to a position with higher fitness. iter = 3
New alpha wolf:  Wolf 163 (65622). Fitness: 0.0003144054501149255
	(2616.6907234496975, 397.47802116780724, 0.0). Region: 6
	(677.1344264681363, 3189.6871155944323, 0.0). Region: 71
The alpha wolf has been updated to a position with higher fitness. iter = 4
New alpha wolf:  Wolf 157 (65616). Fitness: 0.0003144054501185368
	(1851.234035611455, 91.48199641324118, 0.0). Region: 4
	(725.3227838911862, 2956.5828556535635, 0.0). Region: 71
iter = 10
Alpha wolf:  Wolf 157 (65616). Fitness: 0.0003144054501185368
	(1851.234035611455, 91.48199641324118, 0.0). Region: 4
	(725.3227838911862, 2956.5828556535635, 0.0). Region: 71
iter = 20
Alpha wolf:  Wolf 157 (65616). Fitness: 0.0003144054501185368
	(1674.4869156109482, 112.50507728585565, 0.0). Region: 4
	(583.9449383277275, 3064.6252602092322, 0.0). Region: 71
iter = 30
Alpha wolf:  Wolf 157 (65616). Fitness: 0.0003144054501185368
	(1674.4869156109482, 112.50507728585565, 0.0). Region: 4
	(583.9449383277275, 3064.6252602092322, 0.0). Region: 71
iter = 40
Alpha wolf:  Wolf 157 (65616). Fitness: 0.0003144054501185368
	(1674.4869156109482, 112.50507728585565, 0.0). Region: 4
	(583.9449383277275, 3064.6252602092322, 0.0). Region: 71
iter = 50
Alpha wolf:  Wolf 157 (65616). Fitness: 0.0003144054501185368
	(1807.3270689579176, 55.649162843590815, 0.0). Region: 4
	(558.485174220045, 2907.861872841714, 0.0). Region: 71
iter = 60
Alpha wolf:  Wolf 157 (65616). Fitness: 0.0003144054501185368
	(1912.4656901200547, 74.48586247306818, 0.0). Region: 4
	(713.9552393138507, 2956.2978823720973, 0.0). Region: 71
iter = 70
Alpha wolf:  Wolf 157 (65616). Fitness: 0.0003144054501185368
	(1931.9909113611352, 70.60997595965875, 0.0). Region: 4
	(694.5617051194159, 3034.630139397158, 0.0). Region: 71
iter = 80
Alpha wolf:  Wolf 157 (65616). Fitness: 0.0003144054501185368
	(1892.7796859868095, 123.61025462574821, 0.0). Region: 4
	(565.9445236678994, 3016.1396418371914, 0.0). Region: 71
iter = 90
Alpha wolf:  Wolf 157 (65616). Fitness: 0.0003144054501185368
	(1969.8547901337556, 108.84737298790299, 0.0). Region: 4
	(532.3338514760303, 2846.6118835619027, 0.0). Region: 71

- Finishing GWO - 

Best solution:  Wolf 157 (65616). Fitness: 0.0003144054501185368
	(1812.8409540880807, 108.86657888941888, 0.0). Region: 4
	(593.6063680598957, 2978.3500087077937, 0.0). Region: 71
Antennas in slice 2:  [ 4 29 31 43 71 79 95]

Slice  3
Updating fitness _wolf
--------
The set of antennas serves the scenario in the respective slice(3).

Slice  4
Updating fitness _wolf
--------
The set of antennas serves the scenario in the respective slice(4).

Slice  5
Updating fitness _wolf
--------

Run GWO to deployment +1 antenna on the map
	Pack size:  300
	Wolf dimension 1
	Max iter 100
	antennas_regions:  [ 4 29 31 43 71 79 95]
	users_regions:  [ 0  1  2  3  5  6  7  8  9 10 11 12 13 14 15 16 17 18 19 20 21 22 23 24
 25 26 27 29 30 31 32 33 38 41 42 43 44 46 47 48 49 51 52 53 54 55 57 58
 60 61 62 63 64 65 66 67 68 69 70 71 73 74 75 76 78 79 80 81 82 83 84 85
 86 88 89 91 93 94 95 98 99]
	Seed_base:  33855
initial_alpha:  Wolf 258 (34113). Fitness: 0.00010318750446337846
	(1714.5391305150351, 1312.14541159286, 0). Region: 34
initial_beta:  Wolf 114 (33969). Fitness: 9.04439315159692e-05
	(257.8918266044452, 1998.4868196561877, 0). Region: 40
initial_delta:  Wolf 191 (34046). Fitness: 9.04439315159692e-05
	(17.264209685616372, 1600.0790604796232, 0). Region: 40 

iter = 10
Alpha wolf:  Wolf 258 (34113). Fitness: 0.00010318750446337846
	(1763.6113852134897, 1350.2572114366376, 0.0). Region: 34
iter = 20
Alpha wolf:  Wolf 258 (34113). Fitness: 0.00010318750446337846
	(1976.7375349387567, 1489.0657351587354, 0.0). Region: 34
iter = 30
Alpha wolf:  Wolf 258 (34113). Fitness: 0.00010318750446337846
	(1976.7375349387567, 1489.0657351587354, 0.0). Region: 34
iter = 40
Alpha wolf:  Wolf 258 (34113). Fitness: 0.00010318750446337846
	(1623.1706540479063, 1502.8957313385513, 0.0). Region: 34
iter = 50
Alpha wolf:  Wolf 258 (34113). Fitness: 0.00010318750446337846
	(1964.8813690327029, 1331.2912120009962, 0.0). Region: 34
iter = 60
Alpha wolf:  Wolf 258 (34113). Fitness: 0.00010318750446337846
	(1808.3982916349796, 1368.5279136956642, 0.0). Region: 34
iter = 70
Alpha wolf:  Wolf 258 (34113). Fitness: 0.00010318750446337846
	(1808.1024579756786, 1393.4653276351823, 0.0). Region: 34
iter = 80
Alpha wolf:  Wolf 258 (34113). Fitness: 0.00010318750446337846
	(1868.8753530001181, 1401.0164550020781, 0.0). Region: 34
iter = 90
Alpha wolf:  Wolf 258 (34113). Fitness: 0.00010318750446337846
	(1827.9393690822455, 1504.6244846894397, 0.0). Region: 34

- Finishing GWO - 

Best solution:  Wolf 258 (34113). Fitness: 0.00010318750446337846
	(1777.8957027159363, 1362.6249738991075, 0.0). Region: 34
Antennas in slice 5:  [ 4 29 31 34 43 71 79 95]

Slice  6
Updating fitness _wolf
--------
The set of antennas serves the scenario in the respective slice(6).

Slice  7
Updating fitness _wolf
--------
The set of antennas serves the scenario in the respective slice(7).

Slice  8
Updating fitness _wolf
--------
The set of antennas serves the scenario in the respective slice(8).

Slice  9
Updating fitness _wolf
--------
The set of antennas serves the scenario in the respective slice(9).

Slice  10
Updating fitness _wolf
--------
The set of antennas serves the scenario in the respective slice(10).

Slice  11
Updating fitness _wolf
--------
The set of antennas serves the scenario in the respective slice(11).

Média de carros: 6.916666666666667
t=0
Antennas: [43]
Users: [52 53 62 63]
MinSINR:  10.0
$x_{0,43}$
	 $y_{0,43,52}$ = 24.98865862660854 dB
	 $y_{0,43,53}$ = 25.597134619800627 dB
	 $y_{0,43,62}$ = 18.935871041048387 dB
	 $y_{0,43,63}$ = 21.699824195099026 dB
		SNR medio:  2.6063282423587593
		Usuarios totais: 35
Distances:
t=1
Antennas: [29 31 43 79 95]
Users: [ 1  2  7  8 12 13 14 16 19 20 23 24 27 30 37 40 45 46 48 53 60 62 63 64
 68 69 73 77 78 81 88 92 93 96 98 99]
MinSINR:  10.0
$x_{1,29}$
	 $y_{1,29,7}$ = 14.131413701478664 dB
	 $y_{1,29,8}$ = 25.33263177688859 dB
	 $y_{1,29,16}$ = 10.132736852663015 dB
	 $y_{1,29,19}$ = 28.901170519464372 dB
	 $y_{1,29,27}$ = 27.080723386507188 dB
	 $y_{1,29,37}$ = 11.778683591587026 dB
	 $y_{1,29,48}$ = 16.991023768237255 dB
	 $y_{1,29,69}$ = 10.45186698100153 dB
		SNR medio:  16.08891673086974
		Usuarios totais: 9
$x_{1,31}$
	 $y_{1,31,1}$ = 12.19449099331193 dB
	 $y_{1,31,2}$ = 11.961339895457087 dB
	 $y_{1,31,20}$ = 21.19717694597975 dB
	 $y_{1,31,40}$ = 21.61271766969996 dB
	 $y_{1,31,30}$ = 30.64241234200881 dB
	 $y_{1,31,60}$ = 13.353304893405806 dB
	 $y_{1,31,63}$ = 11.802549140752944 dB
		SNR medio:  17.537713125802327
		Usuarios totais: 7
$x_{1,43}$
	 $y_{1,43,12}$ = 11.622478825244514 dB
	 $y_{1,43,23}$ = 14.939448833580371 dB
	 $y_{1,43,45}$ = 15.391973365719778 dB
	 $y_{1,43,46}$ = 17.0024854714829 dB
	 $y_{1,43,53}$ = 25.597134619800627 dB
	 $y_{1,43,62}$ = 18.935871041048387 dB
	 $y_{1,43,64}$ = 16.955956977884725 dB
	 $y_{1,43,73}$ = 10.356206783369956 dB
	 $y_{1,43,13}$ = 17.378886127766137 dB
	 $y_{1,43,14}$ = 13.445091139649591 dB
	 $y_{1,43,24}$ = 17.027614627344974 dB
		SNR medio:  4.466328695322299
		Usuarios totais: 40
$x_{1,79}$
	 $y_{1,79,68}$ = 26.079570480121887 dB
	 $y_{1,79,88}$ = 22.4343091636362 dB
	 $y_{1,79,99}$ = 21.33660141217416 dB
		SNR medio:  17.462620263983062
		Usuarios totais: 4
$x_{1,95}$
	 $y_{1,95,77}$ = 11.725642959394904 dB
	 $y_{1,95,81}$ = 10.316236715542033 dB
	 $y_{1,95,92}$ = 13.581771074462267 dB
	 $y_{1,95,93}$ = 18.68328454021453 dB
	 $y_{1,95,96}$ = 34.564220874793264 dB
	 $y_{1,95,78}$ = 10.447828126625112 dB
	 $y_{1,95,98}$ = 14.777052493385867 dB
		SNR medio:  16.299433826345425
		Usuarios totais: 7
Distances:
29 : 31 = 3224.9030993194197
29 : 43 = 2529.8221281347037
29 : 79 = 2000.0
29 : 95 = 3224.9030993194197
31 : 43 = 894.4271909999159
31 : 79 = 3577.7087639996635
31 : 95 = 2884.4410203711914
43 : 79 = 2683.281572999748
43 : 95 = 2154.0659228538016
79 : 95 = 1788.8543819998317
t=2
Antennas: [ 4 29 31 43 71 79 95]
Users: [ 1  2  5  7 10 11 12 14 15 17 19 20 22 24 32 33 34 40 41 44 45 46 49 50
 51 52 53 61 62 63 68 69 70 72 73 74 76 77 79 80 81 82 89 90 91 92 93 94
 99]
MinSINR:  10.0
$x_{2,4}$
	 $y_{2,4,5}$ = 27.625170198877726 dB
	 $y_{2,4,15}$ = 27.658745075723147 dB
	 $y_{2,4,7}$ = 14.990486992284275 dB
	 $y_{2,4,17}$ = 11.310185862416205 dB
		SNR medio:  13.59743135488356
		Usuarios totais: 6
$x_{2,29}$
	 $y_{2,29,19}$ = 28.901170519464372 dB
	 $y_{2,29,49}$ = 16.797639241006152 dB
		SNR medio:  22.849404880235262
		Usuarios totais: 2
$x_{2,31}$
	 $y_{2,31,10}$ = 11.56381250927842 dB
	 $y_{2,31,20}$ = 21.19717694597975 dB
	 $y_{2,31,1}$ = 12.19449099331193 dB
	 $y_{2,31,2}$ = 11.961339895457087 dB
	 $y_{2,31,40}$ = 21.61271766969996 dB
	 $y_{2,31,50}$ = 21.15724499242893 dB
	 $y_{2,31,14}$ = 10.383768670511529 dB
	 $y_{2,31,24}$ = 10.903240349019285 dB
	 $y_{2,31,41}$ = 27.25529602257815 dB
	 $y_{2,31,51}$ = 22.973988075956314 dB
	 $y_{2,31,52}$ = 19.961226121865167 dB
	 $y_{2,31,63}$ = 11.802549140752944 dB
	 $y_{2,31,72}$ = 13.226150234700441 dB
		SNR medio:  8.647720064861597
		Usuarios totais: 25
$x_{2,43}$
	 $y_{2,43,45}$ = 15.391973365719778 dB
	 $y_{2,43,46}$ = 17.0024854714829 dB
	 $y_{2,43,53}$ = 25.597134619800627 dB
	 $y_{2,43,11}$ = 17.889746256111607 dB
	 $y_{2,43,12}$ = 11.622478825244514 dB
	 $y_{2,43,32}$ = 25.013063208658153 dB
	 $y_{2,43,33}$ = 28.206568872586757 dB
	 $y_{2,43,34}$ = 26.309126294197355 dB
	 $y_{2,43,44}$ = 30.31498015686124 dB
	 $y_{2,43,62}$ = 18.935871041048387 dB
	 $y_{2,43,73}$ = 10.356206783369956 dB
	 $y_{2,43,22}$ = 22.434323993741614 dB
		SNR medio:  6.226848972220571
		Usuarios totais: 40
$x_{2,71}$
	 $y_{2,71,61}$ = 31.83022104985983 dB
	 $y_{2,71,70}$ = 33.17890195820594 dB
	 $y_{2,71,80}$ = 25.91380001900906 dB
	 $y_{2,71,90}$ = 20.96687118328319 dB
	 $y_{2,71,91}$ = 17.17987339639234 dB
	 $y_{2,71,74}$ = 14.200744966369001 dB
	 $y_{2,71,81}$ = 27.1663653056995 dB
	 $y_{2,71,92}$ = 22.226675478739992 dB
	 $y_{2,71,93}$ = 19.22339010723249 dB
	 $y_{2,71,82}$ = 10.950360388459387 dB
		SNR medio:  20.257927623022795
		Usuarios totais: 11
$x_{2,79}$
	 $y_{2,79,68}$ = 26.079570480121887 dB
	 $y_{2,79,99}$ = 21.33660141217416 dB
	 $y_{2,79,69}$ = 24.771256390753734 dB
	 $y_{2,79,79}$ = 83.49812553053582 dB
	 $y_{2,79,89}$ = 26.89870369183535 dB
	 $y_{2,79,76}$ = 13.112185707051324 dB
		SNR medio:  17.790585746588388
		Usuarios totais: 11
$x_{2,95}$
	 $y_{2,95,77}$ = 11.725642959394904 dB
	 $y_{2,95,94}$ = 26.287824498919562 dB
		SNR medio:  9.503366864578616
		Usuarios totais: 4
Distances:
4 : 29 = 2154.0659228538016
4 : 31 = 1697.0562748477141
4 : 43 = 1649.2422502470642
4 : 71 = 3046.3092423455632
4 : 79 = 3440.9301068170507
4 : 95 = 3622.154055254967
29 : 31 = 3224.9030993194197
29 : 43 = 2529.8221281347037
29 : 71 = 3773.5924528226415
29 : 79 = 2000.0
29 : 95 = 3224.9030993194197
31 : 43 = 894.4271909999159
31 : 71 = 1600.0
31 : 79 = 3577.7087639996635
31 : 95 = 2884.4410203711914
43 : 71 = 1442.2205101855957
43 : 79 = 2683.281572999748
43 : 95 = 2154.0659228538016
71 : 79 = 3200.0
71 : 95 = 1788.8543819998317
79 : 95 = 1788.8543819998317
t=3
Antennas: [ 4 29 31 43 71 79 95]
Users: [ 0  2  3  4  7  8 10 11 13 16 20 21 22 23 24 25 26 28 29 31 35 36 37 39
 40 41 42 43 44 45 46 48 50 51 52 53 54 57 58 60 61 62 63 64 66 67 73 74
 75 78 79 80 82 83 84 85 87 88 89 90 91 92 93 94 95 97 98 99]
MinSINR:  10.0
$x_{3,4}$
	 $y_{3,4,4}$ = 84.69233160993193 dB
		SNR medio:  84.69233160993193
		Usuarios totais: 1
$x_{3,29}$
	 $y_{3,29,8}$ = 25.33263177688859 dB
	 $y_{3,29,28}$ = 29.745173871779727 dB
	 $y_{3,29,29}$ = 85.73874849419144 dB
	 $y_{3,29,39}$ = 24.537812311467235 dB
	 $y_{3,29,7}$ = 14.131413701478664 dB
	 $y_{3,29,16}$ = 10.132736852663015 dB
	 $y_{3,29,37}$ = 11.778683591587026 dB
	 $y_{3,29,26}$ = 12.196604671146218 dB
	 $y_{3,29,48}$ = 16.991023768237255 dB
		SNR medio:  16.470344931388514
		Usuarios totais: 14
$x_{3,31}$
	 $y_{3,31,0}$ = 17.24032532687309 dB
	 $y_{3,31,10}$ = 11.56381250927842 dB
	 $y_{3,31,20}$ = 21.19717694597975 dB
	 $y_{3,31,21}$ = 26.190642758574413 dB
	 $y_{3,31,2}$ = 11.961339895457087 dB
	 $y_{3,31,40}$ = 21.61271766969996 dB
	 $y_{3,31,3}$ = 12.945924390737588 dB
	 $y_{3,31,13}$ = 20.99866801820704 dB
	 $y_{3,31,22}$ = 28.86705711259475 dB
	 $y_{3,31,24}$ = 10.903240349019285 dB
	 $y_{3,31,31}$ = 88.71144307421386 dB
	 $y_{3,31,41}$ = 27.25529602257815 dB
	 $y_{3,31,42}$ = 25.627162629064983 dB
	 $y_{3,31,43}$ = 17.39004292034602 dB
	 $y_{3,31,50}$ = 21.15724499242893 dB
	 $y_{3,31,51}$ = 22.973988075956314 dB
	 $y_{3,31,52}$ = 19.961226121865167 dB
	 $y_{3,31,60}$ = 13.353304893405806 dB
	 $y_{3,31,63}$ = 11.802549140752944 dB
		SNR medio:  15.98937640174198
		Usuarios totais: 27
$x_{3,43}$
	 $y_{3,43,36}$ = 20.545320589667753 dB
	 $y_{3,43,45}$ = 15.391973365719778 dB
	 $y_{3,43,46}$ = 17.0024854714829 dB
	 $y_{3,43,53}$ = 25.597134619800627 dB
	 $y_{3,43,54}$ = 26.709353395757873 dB
	 $y_{3,43,11}$ = 17.889746256111607 dB
	 $y_{3,43,23}$ = 14.939448833580371 dB
	 $y_{3,43,25}$ = 10.496231068369354 dB
	 $y_{3,43,35}$ = 21.755420979127138 dB
	 $y_{3,43,44}$ = 30.31498015686124 dB
		SNR medio:  5.016052368411967
		Usuarios totais: 40
$x_{3,71}$
	 $y_{3,71,61}$ = 31.83022104985983 dB
	 $y_{3,71,80}$ = 25.91380001900906 dB
	 $y_{3,71,90}$ = 20.96687118328319 dB
	 $y_{3,71,91}$ = 17.17987339639234 dB
	 $y_{3,71,62}$ = 19.574464111533672 dB
	 $y_{3,71,64}$ = 14.685783151003335 dB
	 $y_{3,71,73}$ = 18.709333715314102 dB
	 $y_{3,71,74}$ = 14.200744966369001 dB
	 $y_{3,71,82}$ = 10.950360388459387 dB
	 $y_{3,71,83}$ = 25.926841889739407 dB
	 $y_{3,71,92}$ = 22.226675478739992 dB
	 $y_{3,71,93}$ = 19.22339010723249 dB
	 $y_{3,71,84}$ = 12.273226720625303 dB
		SNR medio:  11.0287646164157
		Usuarios totais: 23
$x_{3,79}$
	 $y_{3,79,57}$ = 12.810685477631978 dB
	 $y_{3,79,58}$ = 23.044939854654103 dB
	 $y_{3,79,67}$ = 19.72476418278994 dB
	 $y_{3,79,88}$ = 22.4343091636362 dB
	 $y_{3,79,99}$ = 21.33660141217416 dB
	 $y_{3,79,66}$ = 17.16722108256431 dB
	 $y_{3,79,78}$ = 22.471986698726994 dB
	 $y_{3,79,79}$ = 83.49812553053582 dB
	 $y_{3,79,87}$ = 15.358109161374742 dB
	 $y_{3,79,89}$ = 26.89870369183535 dB
	 $y_{3,79,97}$ = 12.274783656868863 dB
	 $y_{3,79,98}$ = 18.499008759668186 dB
		SNR medio:  18.46995241702879
		Usuarios totais: 16
$x_{3,95}$
	 $y_{3,95,75}$ = 19.027248421235498 dB
	 $y_{3,95,85}$ = 32.80506299035511 dB
	 $y_{3,95,94}$ = 26.287824498919562 dB
	 $y_{3,95,95}$ = 86.13842792840431 dB
		SNR medio:  27.37642730648575
		Usuarios totais: 6
Distances:
4 : 29 = 2154.0659228538016
4 : 31 = 1697.0562748477141
4 : 43 = 1649.2422502470642
4 : 71 = 3046.3092423455632
4 : 79 = 3440.9301068170507
4 : 95 = 3622.154055254967
29 : 31 = 3224.9030993194197
29 : 43 = 2529.8221281347037
29 : 71 = 3773.5924528226415
29 : 79 = 2000.0
29 : 95 = 3224.9030993194197
31 : 43 = 894.4271909999159
31 : 71 = 1600.0
31 : 79 = 3577.7087639996635
31 : 95 = 2884.4410203711914
43 : 71 = 1442.2205101855957
43 : 79 = 2683.281572999748
43 : 95 = 2154.0659228538016
71 : 79 = 3200.0
71 : 95 = 1788.8543819998317
79 : 95 = 1788.8543819998317
t=4
Antennas: [ 4 29 31 43 71 79 95]
Users: [ 0  1  2  7  8  9 10 11 12 13 14 15 16 18 19 20 21 22 23 24 25 27 28 29
 31 32 33 34 35 36 37 39 40 42 44 45 46 47 48 50 51 52 53 54 55 56 57 58
 59 60 61 62 64 65 66 67 68 70 72 73 74 75 76 77 79 80 81 82 84 85 87 88
 89 90 91 96 97 98 99]
MinSINR:  10.0
$x_{4,4}$
	 $y_{4,4,15}$ = 27.658745075723147 dB
		SNR medio:  27.658745075723147
		Usuarios totais: 1
$x_{4,29}$
	 $y_{4,29,8}$ = 25.33263177688859 dB
	 $y_{4,29,9}$ = 25.068250815217823 dB
	 $y_{4,29,18}$ = 15.546239307738219 dB
	 $y_{4,29,19}$ = 28.901170519464372 dB
	 $y_{4,29,28}$ = 29.745173871779727 dB
	 $y_{4,29,29}$ = 85.73874849419144 dB
	 $y_{4,29,39}$ = 24.537812311467235 dB
	 $y_{4,29,47}$ = 12.155440382733332 dB
	 $y_{4,29,7}$ = 14.131413701478664 dB
	 $y_{4,29,16}$ = 10.132736852663015 dB
	 $y_{4,29,27}$ = 27.080723386507188 dB
	 $y_{4,29,37}$ = 11.778683591587026 dB
	 $y_{4,29,48}$ = 16.991023768237255 dB
	 $y_{4,29,59}$ = 13.694247628870372 dB
		SNR medio:  13.109011400339396
		Usuarios totais: 26
$x_{4,31}$
	 $y_{4,31,0}$ = 17.24032532687309 dB
	 $y_{4,31,10}$ = 11.56381250927842 dB
	 $y_{4,31,20}$ = 21.19717694597975 dB
	 $y_{4,31,21}$ = 26.190642758574413 dB
	 $y_{4,31,1}$ = 12.19449099331193 dB
	 $y_{4,31,2}$ = 11.961339895457087 dB
	 $y_{4,31,13}$ = 20.99866801820704 dB
	 $y_{4,31,14}$ = 10.383768670511529 dB
	 $y_{4,31,22}$ = 28.86705711259475 dB
	 $y_{4,31,24}$ = 10.903240349019285 dB
	 $y_{4,31,31}$ = 88.71144307421386 dB
	 $y_{4,31,40}$ = 21.61271766969996 dB
	 $y_{4,31,42}$ = 25.627162629064983 dB
	 $y_{4,31,50}$ = 21.15724499242893 dB
	 $y_{4,31,51}$ = 22.973988075956314 dB
	 $y_{4,31,52}$ = 19.961226121865167 dB
	 $y_{4,31,60}$ = 13.353304893405806 dB
	 $y_{4,31,72}$ = 13.226150234700441 dB
		SNR medio:  11.709522360915962
		Usuarios totais: 34
$x_{4,43}$
	 $y_{4,43,36}$ = 20.545320589667753 dB
	 $y_{4,43,45}$ = 15.391973365719778 dB
	 $y_{4,43,46}$ = 17.0024854714829 dB
	 $y_{4,43,53}$ = 25.597134619800627 dB
	 $y_{4,43,54}$ = 26.709353395757873 dB
	 $y_{4,43,11}$ = 17.889746256111607 dB
	 $y_{4,43,12}$ = 11.622478825244514 dB
	 $y_{4,43,23}$ = 14.939448833580371 dB
	 $y_{4,43,25}$ = 10.496231068369354 dB
	 $y_{4,43,32}$ = 25.013063208658153 dB
	 $y_{4,43,33}$ = 28.206568872586757 dB
	 $y_{4,43,34}$ = 26.309126294197355 dB
	 $y_{4,43,35}$ = 21.755420979127138 dB
		SNR medio:  6.536958794507603
		Usuarios totais: 40
$x_{4,71}$
	 $y_{4,71,61}$ = 31.83022104985983 dB
	 $y_{4,71,70}$ = 33.17890195820594 dB
	 $y_{4,71,80}$ = 25.91380001900906 dB
	 $y_{4,71,90}$ = 20.96687118328319 dB
	 $y_{4,71,91}$ = 17.17987339639234 dB
	 $y_{4,71,44}$ = 11.633369833299554 dB
	 $y_{4,71,55}$ = 12.399777814508468 dB
	 $y_{4,71,62}$ = 19.574464111533672 dB
	 $y_{4,71,64}$ = 14.685783151003335 dB
	 $y_{4,71,73}$ = 18.709333715314102 dB
	 $y_{4,71,74}$ = 14.200744966369001 dB
	 $y_{4,71,81}$ = 27.1663653056995 dB
	 $y_{4,71,82}$ = 10.950360388459387 dB
		SNR medio:  12.304279375854161
		Usuarios totais: 21
$x_{4,79}$
	 $y_{4,79,57}$ = 12.810685477631978 dB
	 $y_{4,79,58}$ = 23.044939854654103 dB
	 $y_{4,79,67}$ = 19.72476418278994 dB
	 $y_{4,79,68}$ = 26.079570480121887 dB
	 $y_{4,79,88}$ = 22.4343091636362 dB
	 $y_{4,79,99}$ = 21.33660141217416 dB
	 $y_{4,79,56}$ = 12.270380352928896 dB
	 $y_{4,79,65}$ = 10.093063615021777 dB
	 $y_{4,79,66}$ = 17.16722108256431 dB
	 $y_{4,79,76}$ = 13.112185707051324 dB
	 $y_{4,79,79}$ = 83.49812553053582 dB
	 $y_{4,79,87}$ = 15.358109161374742 dB
	 $y_{4,79,89}$ = 26.89870369183535 dB
	 $y_{4,79,97}$ = 12.274783656868863 dB
	 $y_{4,79,98}$ = 18.499008759668186 dB
	 $y_{4,79,84}$ = 10.462757954636587 dB
		SNR medio:  13.271738849365155
		Usuarios totais: 26
$x_{4,95}$
	 $y_{4,95,75}$ = 19.027248421235498 dB
	 $y_{4,95,77}$ = 11.725642959394904 dB
	 $y_{4,95,85}$ = 32.80506299035511 dB
	 $y_{4,95,96}$ = 34.564220874793264 dB
		SNR medio:  19.624435049155757
		Usuarios totais: 5
Distances:
4 : 29 = 2154.0659228538016
4 : 31 = 1697.0562748477141
4 : 43 = 1649.2422502470642
4 : 71 = 3046.3092423455632
4 : 79 = 3440.9301068170507
4 : 95 = 3622.154055254967
29 : 31 = 3224.9030993194197
29 : 43 = 2529.8221281347037
29 : 71 = 3773.5924528226415
29 : 79 = 2000.0
29 : 95 = 3224.9030993194197
31 : 43 = 894.4271909999159
31 : 71 = 1600.0
31 : 79 = 3577.7087639996635
31 : 95 = 2884.4410203711914
43 : 71 = 1442.2205101855957
43 : 79 = 2683.281572999748
43 : 95 = 2154.0659228538016
71 : 79 = 3200.0
71 : 95 = 1788.8543819998317
79 : 95 = 1788.8543819998317
t=5
Antennas: [ 4 29 31 34 43 71 79 95]
Users: [ 0  1  2  3  5  6  7  8  9 10 11 12 13 14 15 16 17 18 19 20 21 22 23 24
 25 26 27 29 30 31 32 33 38 41 42 43 44 46 47 48 49 51 52 53 54 55 57 58
 60 61 62 63 64 65 66 67 68 69 70 71 73 74 75 76 78 79 80 81 82 83 84 85
 86 88 89 91 93 94 95 98 99]
MinSINR:  10.0
$x_{5,4}$
	 $y_{5,4,5}$ = 27.625170198877726 dB
	 $y_{5,4,15}$ = 27.658745075723147 dB
		SNR medio:  18.42797175820029
		Usuarios totais: 3
$x_{5,29}$
	 $y_{5,29,8}$ = 25.33263177688859 dB
	 $y_{5,29,9}$ = 25.068250815217823 dB
	 $y_{5,29,19}$ = 28.901170519464372 dB
	 $y_{5,29,29}$ = 85.73874849419144 dB
	 $y_{5,29,38}$ = 25.08877674863065 dB
	 $y_{5,29,47}$ = 12.155440382733332 dB
	 $y_{5,29,49}$ = 16.797639241006152 dB
	 $y_{5,29,7}$ = 14.131413701478664 dB
	 $y_{5,29,16}$ = 10.132736852663015 dB
	 $y_{5,29,18}$ = 15.546239307738219 dB
	 $y_{5,29,27}$ = 27.080723386507188 dB
	 $y_{5,29,48}$ = 16.991023768237255 dB
	 $y_{5,29,69}$ = 10.45186698100153 dB
	 $y_{5,29,17}$ = 14.571638126359773 dB
	 $y_{5,29,26}$ = 12.196604671146218 dB
		SNR medio:  10.97370660558917
		Usuarios totais: 31
$x_{5,31}$
	 $y_{5,31,0}$ = 17.24032532687309 dB
	 $y_{5,31,10}$ = 11.56381250927842 dB
	 $y_{5,31,20}$ = 21.19717694597975 dB
	 $y_{5,31,1}$ = 12.19449099331193 dB
	 $y_{5,31,2}$ = 11.961339895457087 dB
	 $y_{5,31,21}$ = 26.190642758574413 dB
	 $y_{5,31,30}$ = 30.64241234200881 dB
	 $y_{5,31,11}$ = 14.913247373029137 dB
	 $y_{5,31,32}$ = 31.144472202862417 dB
	 $y_{5,31,33}$ = 28.393713361290708 dB
	 $y_{5,31,52}$ = 19.961226121865167 dB
	 $y_{5,31,60}$ = 13.353304893405806 dB
	 $y_{5,31,63}$ = 11.802549140752944 dB
	 $y_{5,31,3}$ = 12.945924390737588 dB
	 $y_{5,31,13}$ = 20.99866801820704 dB
	 $y_{5,31,14}$ = 10.383768670511529 dB
	 $y_{5,31,22}$ = 28.86705711259475 dB
	 $y_{5,31,24}$ = 10.903240349019285 dB
		SNR medio:  8.366434310143996
		Usuarios totais: 40
$x_{5,34}$
	 $y_{5,34,54}$ = 15.05514782919748 dB
	 $y_{5,34,6}$ = 12.710719698614028 dB
	 $y_{5,34,23}$ = 27.832053962675758 dB
	 $y_{5,34,25}$ = 26.053212143683126 dB
	 $y_{5,34,31}$ = 17.421375273277093 dB
		SNR medio:  9.006591718858862
		Usuarios totais: 11
$x_{5,43}$
	 $y_{5,43,46}$ = 17.0024854714829 dB
	 $y_{5,43,53}$ = 25.597134619800627 dB
	 $y_{5,43,64}$ = 16.955956977884725 dB
	 $y_{5,43,12}$ = 11.622478825244514 dB
		SNR medio:  1.7794513973603192
		Usuarios totais: 40
$x_{5,71}$
	 $y_{5,71,61}$ = 31.83022104985983 dB
	 $y_{5,71,70}$ = 33.17890195820594 dB
	 $y_{5,71,71}$ = 88.78079148002891 dB
	 $y_{5,71,80}$ = 25.91380001900906 dB
	 $y_{5,71,91}$ = 17.17987339639234 dB
	 $y_{5,71,62}$ = 19.574464111533672 dB
	 $y_{5,71,74}$ = 14.200744966369001 dB
	 $y_{5,71,81}$ = 27.1663653056995 dB
	 $y_{5,71,83}$ = 25.926841889739407 dB
	 $y_{5,71,93}$ = 19.22339010723249 dB
	 $y_{5,71,44}$ = 11.633369833299554 dB
	 $y_{5,71,55}$ = 12.399777814508468 dB
	 $y_{5,71,73}$ = 18.709333715314102 dB
	 $y_{5,71,82}$ = 10.950360388459387 dB
	 $y_{5,71,41}$ = 17.885390600181594 dB
	 $y_{5,71,42}$ = 14.527314921598602 dB
	 $y_{5,71,43}$ = 10.019008382603062 dB
	 $y_{5,71,51}$ = 21.845328264071455 dB
	 $y_{5,71,84}$ = 12.273226720625303 dB
		SNR medio:  12.033847359020323
		Usuarios totais: 36
$x_{5,79}$
	 $y_{5,79,57}$ = 12.810685477631978 dB
	 $y_{5,79,58}$ = 23.044939854654103 dB
	 $y_{5,79,67}$ = 19.72476418278994 dB
	 $y_{5,79,68}$ = 26.079570480121887 dB
	 $y_{5,79,88}$ = 22.4343091636362 dB
	 $y_{5,79,99}$ = 21.33660141217416 dB
	 $y_{5,79,78}$ = 22.471986698726994 dB
	 $y_{5,79,79}$ = 83.49812553053582 dB
	 $y_{5,79,89}$ = 26.89870369183535 dB
	 $y_{5,79,98}$ = 18.499008759668186 dB
	 $y_{5,79,65}$ = 10.093063615021777 dB
	 $y_{5,79,66}$ = 17.16722108256431 dB
	 $y_{5,79,76}$ = 13.112185707051324 dB
		SNR medio:  12.198890986785075
		Usuarios totais: 26
$x_{5,95}$
	 $y_{5,95,75}$ = 19.027248421235498 dB
	 $y_{5,95,86}$ = 23.396002783241073 dB
	 $y_{5,95,94}$ = 26.287824498919562 dB
	 $y_{5,95,95}$ = 86.13842792840431 dB
	 $y_{5,95,85}$ = 32.80506299035511 dB
		SNR medio:  23.456820827769445
		Usuarios totais: 8
Distances:
4 : 29 = 2154.0659228538016
4 : 31 = 1697.0562748477141
4 : 34 = 1200.0
4 : 43 = 1649.2422502470642
4 : 71 = 3046.3092423455632
4 : 79 = 3440.9301068170507
4 : 95 = 3622.154055254967
29 : 31 = 3224.9030993194197
29 : 34 = 2039.607805437114
29 : 43 = 2529.8221281347037
29 : 71 = 3773.5924528226415
29 : 79 = 2000.0
29 : 95 = 3224.9030993194197
31 : 34 = 1200.0
31 : 43 = 894.4271909999159
31 : 71 = 1600.0
31 : 79 = 3577.7087639996635
31 : 95 = 2884.4410203711914
34 : 43 = 565.685424949238
34 : 71 = 2000.0
34 : 79 = 2561.2496949731394
34 : 95 = 2433.105012119288
43 : 71 = 1442.2205101855957
43 : 79 = 2683.281572999748
43 : 95 = 2154.0659228538016
71 : 79 = 3200.0
71 : 95 = 1788.8543819998317
79 : 95 = 1788.8543819998317
t=6
Antennas: [ 4 29 31 34 43 71 79 95]
Users: [ 0  2  3  4  5  6  7  8  9 10 11 12 13 14 16 17 18 19 20 21 22 23 24 25
 26 27 28 29 30 33 34 35 36 37 38 39 40 42 43 45 46 47 48 49 50 51 52 53
 54 55 56 57 58 60 61 62 63 68 69 70 71 73 74 75 77 80 81 82 84 85 86 89
 90 92 93 94 95 96 97 98 99]
MinSINR:  10.0
$x_{6,4}$
	 $y_{6,4,4}$ = 84.69233160993193 dB
	 $y_{6,4,5}$ = 27.625170198877726 dB
		SNR medio:  28.079375452202413
		Usuarios totais: 4
$x_{6,29}$
	 $y_{6,29,8}$ = 25.33263177688859 dB
	 $y_{6,29,9}$ = 25.068250815217823 dB
	 $y_{6,29,19}$ = 28.901170519464372 dB
	 $y_{6,29,29}$ = 85.73874849419144 dB
	 $y_{6,29,38}$ = 25.08877674863065 dB
	 $y_{6,29,39}$ = 24.537812311467235 dB
	 $y_{6,29,47}$ = 12.155440382733332 dB
	 $y_{6,29,49}$ = 16.797639241006152 dB
	 $y_{6,29,7}$ = 14.131413701478664 dB
	 $y_{6,29,16}$ = 10.132736852663015 dB
	 $y_{6,29,18}$ = 15.546239307738219 dB
	 $y_{6,29,27}$ = 27.080723386507188 dB
	 $y_{6,29,28}$ = 29.745173871779727 dB
	 $y_{6,29,48}$ = 16.991023768237255 dB
	 $y_{6,29,69}$ = 10.45186698100153 dB
	 $y_{6,29,17}$ = 14.571638126359773 dB
	 $y_{6,29,37}$ = 11.778683591587026 dB
	 $y_{6,29,26}$ = 12.196604671146218 dB
		SNR medio:  11.94842866317936
		Usuarios totais: 34
$x_{6,31}$
	 $y_{6,31,0}$ = 17.24032532687309 dB
	 $y_{6,31,10}$ = 11.56381250927842 dB
	 $y_{6,31,20}$ = 21.19717694597975 dB
	 $y_{6,31,2}$ = 11.961339895457087 dB
	 $y_{6,31,21}$ = 26.190642758574413 dB
	 $y_{6,31,30}$ = 30.64241234200881 dB
	 $y_{6,31,14}$ = 10.383768670511529 dB
	 $y_{6,31,24}$ = 10.903240349019285 dB
		SNR medio:  9.338847919846824
		Usuarios totais: 15
$x_{6,34}$
	 $y_{6,34,34}$ = 88.35476958217808 dB
		SNR medio:  17.670953916435614
		Usuarios totais: 5
$x_{6,43}$
	 $y_{6,43,36}$ = 20.545320589667753 dB
	 $y_{6,43,45}$ = 15.391973365719778 dB
	 $y_{6,43,46}$ = 17.0024854714829 dB
	 $y_{6,43,53}$ = 25.597134619800627 dB
	 $y_{6,43,54}$ = 26.709353395757873 dB
	 $y_{6,43,6}$ = 10.93169720285863 dB
	 $y_{6,43,11}$ = 17.889746256111607 dB
	 $y_{6,43,12}$ = 11.622478825244514 dB
	 $y_{6,43,23}$ = 14.939448833580371 dB
	 $y_{6,43,25}$ = 10.496231068369354 dB
	 $y_{6,43,33}$ = 28.206568872586757 dB
	 $y_{6,43,56}$ = 11.807573555048918 dB
	 $y_{6,43,73}$ = 10.356206783369956 dB
	 $y_{6,43,42}$ = 29.835740924309363 dB
	 $y_{6,43,43}$ = 82.990394816508 dB
	 $y_{6,43,51}$ = 20.0460889007923 dB
	 $y_{6,43,3}$ = 10.740986646978342 dB
	 $y_{6,43,13}$ = 17.378886127766137 dB
	 $y_{6,43,22}$ = 22.434323993741614 dB
		SNR medio:  10.123066006242368
		Usuarios totais: 40
$x_{6,71}$
	 $y_{6,71,61}$ = 31.83022104985983 dB
	 $y_{6,71,70}$ = 33.17890195820594 dB
	 $y_{6,71,71}$ = 88.78079148002891 dB
	 $y_{6,71,80}$ = 25.91380001900906 dB
	 $y_{6,71,90}$ = 20.96687118328319 dB
	 $y_{6,71,40}$ = 13.109467652412008 dB
	 $y_{6,71,50}$ = 19.24276349811157 dB
	 $y_{6,71,62}$ = 19.574464111533672 dB
	 $y_{6,71,74}$ = 14.200744966369001 dB
	 $y_{6,71,81}$ = 27.1663653056995 dB
	 $y_{6,71,92}$ = 22.226675478739992 dB
	 $y_{6,71,93}$ = 19.22339010723249 dB
	 $y_{6,71,35}$ = 12.670556244569099 dB
	 $y_{6,71,52}$ = 18.616243477411814 dB
	 $y_{6,71,55}$ = 12.399777814508468 dB
	 $y_{6,71,60}$ = 19.07788930814843 dB
	 $y_{6,71,63}$ = 14.206225234088024 dB
	 $y_{6,71,82}$ = 10.950360388459387 dB
		SNR medio:  10.583387731941759
		Usuarios totais: 40
$x_{6,79}$
	 $y_{6,79,57}$ = 12.810685477631978 dB
	 $y_{6,79,58}$ = 23.044939854654103 dB
	 $y_{6,79,68}$ = 26.079570480121887 dB
	 $y_{6,79,99}$ = 21.33660141217416 dB
		SNR medio:  11.895971032083162
		Usuarios totais: 7
$x_{6,95}$
	 $y_{6,95,75}$ = 19.027248421235498 dB
	 $y_{6,95,77}$ = 11.725642959394904 dB
	 $y_{6,95,86}$ = 23.396002783241073 dB
	 $y_{6,95,94}$ = 26.287824498919562 dB
	 $y_{6,95,95}$ = 86.13842792840431 dB
	 $y_{6,95,96}$ = 34.564220874793264 dB
	 $y_{6,95,85}$ = 32.80506299035511 dB
	 $y_{6,95,89}$ = 15.661986281667723 dB
	 $y_{6,95,97}$ = 18.94945237435229 dB
	 $y_{6,95,98}$ = 14.777052493385867 dB
	 $y_{6,95,84}$ = 20.450591670387468 dB
		SNR medio:  13.207978838092913
		Usuarios totais: 23
Distances:
4 : 29 = 2154.0659228538016
4 : 31 = 1697.0562748477141
4 : 34 = 1200.0
4 : 43 = 1649.2422502470642
4 : 71 = 3046.3092423455632
4 : 79 = 3440.9301068170507
4 : 95 = 3622.154055254967
29 : 31 = 3224.9030993194197
29 : 34 = 2039.607805437114
29 : 43 = 2529.8221281347037
29 : 71 = 3773.5924528226415
29 : 79 = 2000.0
29 : 95 = 3224.9030993194197
31 : 34 = 1200.0
31 : 43 = 894.4271909999159
31 : 71 = 1600.0
31 : 79 = 3577.7087639996635
31 : 95 = 2884.4410203711914
34 : 43 = 565.685424949238
34 : 71 = 2000.0
34 : 79 = 2561.2496949731394
34 : 95 = 2433.105012119288
43 : 71 = 1442.2205101855957
43 : 79 = 2683.281572999748
43 : 95 = 2154.0659228538016
71 : 79 = 3200.0
71 : 95 = 1788.8543819998317
79 : 95 = 1788.8543819998317
t=7
Antennas: [ 4 29 31 34 43 71 79 95]
Users: [ 0  1  2  3  4  5  7  8  9 10 11 12 16 17 18 20 21 22 23 24 25 26 27 28
 29 30 31 32 34 35 36 37 38 39 40 41 42 43 44 45 46 48 49 51 53 54 55 57
 58 59 60 61 62 63 64 66 67 68 69 70 71 72 73 74 75 76 78 79 80 82 84 85
 87 88 89 90 91 92 94 95 96 97 99]
MinSINR:  10.0
$x_{7,4}$
	 $y_{7,4,4}$ = 84.69233160993193 dB
	 $y_{7,4,5}$ = 27.625170198877726 dB
		SNR medio:  22.46350036176193
		Usuarios totais: 5
$x_{7,29}$
	 $y_{7,29,8}$ = 25.33263177688859 dB
	 $y_{7,29,9}$ = 25.068250815217823 dB
	 $y_{7,29,29}$ = 85.73874849419144 dB
	 $y_{7,29,38}$ = 25.08877674863065 dB
	 $y_{7,29,39}$ = 24.537812311467235 dB
	 $y_{7,29,49}$ = 16.797639241006152 dB
	 $y_{7,29,7}$ = 14.131413701478664 dB
	 $y_{7,29,16}$ = 10.132736852663015 dB
	 $y_{7,29,18}$ = 15.546239307738219 dB
	 $y_{7,29,27}$ = 27.080723386507188 dB
	 $y_{7,29,28}$ = 29.745173871779727 dB
	 $y_{7,29,48}$ = 16.991023768237255 dB
	 $y_{7,29,59}$ = 13.694247628870372 dB
	 $y_{7,29,69}$ = 10.45186698100153 dB
	 $y_{7,29,17}$ = 14.571638126359773 dB
	 $y_{7,29,26}$ = 12.196604671146218 dB
		SNR medio:  13.110911702970855
		Usuarios totais: 28
$x_{7,31}$
	 $y_{7,31,0}$ = 17.24032532687309 dB
	 $y_{7,31,10}$ = 11.56381250927842 dB
	 $y_{7,31,20}$ = 21.19717694597975 dB
	 $y_{7,31,1}$ = 12.19449099331193 dB
	 $y_{7,31,2}$ = 11.961339895457087 dB
	 $y_{7,31,21}$ = 26.190642758574413 dB
	 $y_{7,31,30}$ = 30.64241234200881 dB
	 $y_{7,31,3}$ = 12.945924390737588 dB
	 $y_{7,31,22}$ = 28.86705711259475 dB
	 $y_{7,31,24}$ = 10.903240349019285 dB
	 $y_{7,31,31}$ = 88.71144307421386 dB
		SNR medio:  19.45841897843207
		Usuarios totais: 14
$x_{7,34}$
	 $y_{7,34,34}$ = 88.35476958217808 dB
		SNR medio:  88.35476958217808
		Usuarios totais: 1
$x_{7,43}$
	 $y_{7,43,36}$ = 20.545320589667753 dB
	 $y_{7,43,45}$ = 15.391973365719778 dB
	 $y_{7,43,46}$ = 17.0024854714829 dB
	 $y_{7,43,53}$ = 25.597134619800627 dB
	 $y_{7,43,54}$ = 26.709353395757873 dB
	 $y_{7,43,62}$ = 18.935871041048387 dB
	 $y_{7,43,64}$ = 16.955956977884725 dB
	 $y_{7,43,11}$ = 17.889746256111607 dB
	 $y_{7,43,12}$ = 11.622478825244514 dB
	 $y_{7,43,23}$ = 14.939448833580371 dB
	 $y_{7,43,25}$ = 10.496231068369354 dB
	 $y_{7,43,32}$ = 25.013063208658153 dB
	 $y_{7,43,35}$ = 21.755420979127138 dB
	 $y_{7,43,37}$ = 12.805295432917589 dB
	 $y_{7,43,44}$ = 30.31498015686124 dB
	 $y_{7,43,55}$ = 15.251751180774917 dB
	 $y_{7,43,66}$ = 12.720492132548728 dB
	 $y_{7,43,72}$ = 12.503432321681117 dB
		SNR medio:  8.161260896430917
		Usuarios totais: 40
$x_{7,71}$
	 $y_{7,71,61}$ = 31.83022104985983 dB
	 $y_{7,71,70}$ = 33.17890195820594 dB
	 $y_{7,71,71}$ = 88.78079148002891 dB
	 $y_{7,71,80}$ = 25.91380001900906 dB
	 $y_{7,71,90}$ = 20.96687118328319 dB
	 $y_{7,71,91}$ = 17.17987339639234 dB
	 $y_{7,71,40}$ = 13.109467652412008 dB
	 $y_{7,71,74}$ = 14.200744966369001 dB
	 $y_{7,71,92}$ = 22.226675478739992 dB
	 $y_{7,71,60}$ = 19.07788930814843 dB
	 $y_{7,71,63}$ = 14.206225234088024 dB
	 $y_{7,71,73}$ = 18.709333715314102 dB
	 $y_{7,71,82}$ = 10.950360388459387 dB
	 $y_{7,71,41}$ = 17.885390600181594 dB
	 $y_{7,71,42}$ = 14.527314921598602 dB
	 $y_{7,71,43}$ = 10.019008382603062 dB
	 $y_{7,71,51}$ = 21.845328264071455 dB
	 $y_{7,71,84}$ = 12.273226720625303 dB
		SNR medio:  11.625183563411147
		Usuarios totais: 35
$x_{7,79}$
	 $y_{7,79,57}$ = 12.810685477631978 dB
	 $y_{7,79,58}$ = 23.044939854654103 dB
	 $y_{7,79,67}$ = 19.72476418278994 dB
	 $y_{7,79,68}$ = 26.079570480121887 dB
	 $y_{7,79,88}$ = 22.4343091636362 dB
	 $y_{7,79,99}$ = 21.33660141217416 dB
	 $y_{7,79,78}$ = 22.471986698726994 dB
	 $y_{7,79,79}$ = 83.49812553053582 dB
	 $y_{7,79,87}$ = 15.358109161374742 dB
	 $y_{7,79,89}$ = 26.89870369183535 dB
	 $y_{7,79,97}$ = 12.274783656868863 dB
	 $y_{7,79,76}$ = 13.112185707051324 dB
		SNR medio:  12.460198542391723
		Usuarios totais: 24
$x_{7,95}$
	 $y_{7,95,75}$ = 19.027248421235498 dB
	 $y_{7,95,94}$ = 26.287824498919562 dB
	 $y_{7,95,95}$ = 86.13842792840431 dB
	 $y_{7,95,96}$ = 34.564220874793264 dB
	 $y_{7,95,85}$ = 32.80506299035511 dB
		SNR medio:  28.403254959101105
		Usuarios totais: 7
Distances:
4 : 29 = 2154.0659228538016
4 : 31 = 1697.0562748477141
4 : 34 = 1200.0
4 : 43 = 1649.2422502470642
4 : 71 = 3046.3092423455632
4 : 79 = 3440.9301068170507
4 : 95 = 3622.154055254967
29 : 31 = 3224.9030993194197
29 : 34 = 2039.607805437114
29 : 43 = 2529.8221281347037
29 : 71 = 3773.5924528226415
29 : 79 = 2000.0
29 : 95 = 3224.9030993194197
31 : 34 = 1200.0
31 : 43 = 894.4271909999159
31 : 71 = 1600.0
31 : 79 = 3577.7087639996635
31 : 95 = 2884.4410203711914
34 : 43 = 565.685424949238
34 : 71 = 2000.0
34 : 79 = 2561.2496949731394
34 : 95 = 2433.105012119288
43 : 71 = 1442.2205101855957
43 : 79 = 2683.281572999748
43 : 95 = 2154.0659228538016
71 : 79 = 3200.0
71 : 95 = 1788.8543819998317
79 : 95 = 1788.8543819998317
t=8
Antennas: [ 4 29 31 34 43 71 79 95]
Users: [ 0  1  2  3  4  5  6  7  8  9 10 11 12 13 14 18 20 21 24 25 27 28 29 30
 31 32 33 35 36 37 38 39 41 45 46 47 48 49 50 51 52 55 56 57 59 60 62 63
 65 66 67 68 71 75 76 77 79 80 82 83 84 85 86 87 88 90 91 93 94 95 96 97
 98 99]
MinSINR:  10.0
$x_{8,4}$
	 $y_{8,4,4}$ = 84.69233160993193 dB
	 $y_{8,4,5}$ = 27.625170198877726 dB
		SNR medio:  37.43916726960322
		Usuarios totais: 3
$x_{8,29}$
	 $y_{8,29,8}$ = 25.33263177688859 dB
	 $y_{8,29,9}$ = 25.068250815217823 dB
	 $y_{8,29,29}$ = 85.73874849419144 dB
	 $y_{8,29,38}$ = 25.08877674863065 dB
	 $y_{8,29,39}$ = 24.537812311467235 dB
	 $y_{8,29,47}$ = 12.155440382733332 dB
	 $y_{8,29,49}$ = 16.797639241006152 dB
	 $y_{8,29,7}$ = 14.131413701478664 dB
	 $y_{8,29,18}$ = 15.546239307738219 dB
	 $y_{8,29,27}$ = 27.080723386507188 dB
	 $y_{8,29,28}$ = 29.745173871779727 dB
	 $y_{8,29,48}$ = 16.991023768237255 dB
	 $y_{8,29,59}$ = 13.694247628870372 dB
	 $y_{8,29,37}$ = 11.778683591587026 dB
		SNR medio:  16.36603833458732
		Usuarios totais: 21
$x_{8,31}$
	 $y_{8,31,0}$ = 17.24032532687309 dB
	 $y_{8,31,10}$ = 11.56381250927842 dB
	 $y_{8,31,20}$ = 21.19717694597975 dB
	 $y_{8,31,1}$ = 12.19449099331193 dB
	 $y_{8,31,2}$ = 11.961339895457087 dB
	 $y_{8,31,21}$ = 26.190642758574413 dB
	 $y_{8,31,30}$ = 30.64241234200881 dB
	 $y_{8,31,50}$ = 21.15724499242893 dB
	 $y_{8,31,11}$ = 14.913247373029137 dB
	 $y_{8,31,32}$ = 31.144472202862417 dB
	 $y_{8,31,33}$ = 28.393713361290708 dB
	 $y_{8,31,52}$ = 19.961226121865167 dB
	 $y_{8,31,60}$ = 13.353304893405806 dB
	 $y_{8,31,63}$ = 11.802549140752944 dB
	 $y_{8,31,3}$ = 12.945924390737588 dB
	 $y_{8,31,13}$ = 20.99866801820704 dB
	 $y_{8,31,14}$ = 10.383768670511529 dB
	 $y_{8,31,24}$ = 10.903240349019285 dB
	 $y_{8,31,31}$ = 88.71144307421386 dB
	 $y_{8,31,41}$ = 27.25529602257815 dB
	 $y_{8,31,51}$ = 22.973988075956314 dB
		SNR medio:  12.941341318287288
		Usuarios totais: 36
$x_{8,34}$
		Usuarios totais: 0
$x_{8,43}$
	 $y_{8,43,36}$ = 20.545320589667753 dB
	 $y_{8,43,45}$ = 15.391973365719778 dB
	 $y_{8,43,46}$ = 17.0024854714829 dB
	 $y_{8,43,6}$ = 10.93169720285863 dB
	 $y_{8,43,12}$ = 11.622478825244514 dB
	 $y_{8,43,25}$ = 10.496231068369354 dB
	 $y_{8,43,56}$ = 11.807573555048918 dB
		SNR medio:  7.5229046214147575
		Usuarios totais: 13
$x_{8,71}$
	 $y_{8,71,71}$ = 88.78079148002891 dB
	 $y_{8,71,80}$ = 25.91380001900906 dB
	 $y_{8,71,90}$ = 20.96687118328319 dB
	 $y_{8,71,91}$ = 17.17987339639234 dB
	 $y_{8,71,62}$ = 19.574464111533672 dB
	 $y_{8,71,83}$ = 25.926841889739407 dB
	 $y_{8,71,93}$ = 19.22339010723249 dB
	 $y_{8,71,35}$ = 12.670556244569099 dB
	 $y_{8,71,55}$ = 12.399777814508468 dB
		SNR medio:  16.175757749753107
		Usuarios totais: 15
$x_{8,79}$
	 $y_{8,79,57}$ = 12.810685477631978 dB
	 $y_{8,79,67}$ = 19.72476418278994 dB
	 $y_{8,79,68}$ = 26.079570480121887 dB
	 $y_{8,79,88}$ = 22.4343091636362 dB
	 $y_{8,79,99}$ = 21.33660141217416 dB
	 $y_{8,79,79}$ = 83.49812553053582 dB
		SNR medio:  20.653784027432224
		Usuarios totais: 9
$x_{8,95}$
	 $y_{8,95,75}$ = 19.027248421235498 dB
	 $y_{8,95,77}$ = 11.725642959394904 dB
	 $y_{8,95,86}$ = 23.396002783241073 dB
	 $y_{8,95,94}$ = 26.287824498919562 dB
	 $y_{8,95,95}$ = 86.13842792840431 dB
	 $y_{8,95,96}$ = 34.564220874793264 dB
	 $y_{8,95,85}$ = 32.80506299035511 dB
	 $y_{8,95,87}$ = 11.368421065752756 dB
	 $y_{8,95,97}$ = 18.94945237435229 dB
	 $y_{8,95,98}$ = 14.777052493385867 dB
	 $y_{8,95,65}$ = 17.083036569343548 dB
	 $y_{8,95,66}$ = 12.537454345645898 dB
	 $y_{8,95,76}$ = 15.84575535542892 dB
	 $y_{8,95,82}$ = 15.48479117015573 dB
	 $y_{8,95,84}$ = 20.450591670387468 dB
		SNR medio:  14.41763942003185
		Usuarios totais: 25
Distances:
4 : 29 = 2154.0659228538016
4 : 31 = 1697.0562748477141
4 : 34 = 1200.0
4 : 43 = 1649.2422502470642
4 : 71 = 3046.3092423455632
4 : 79 = 3440.9301068170507
4 : 95 = 3622.154055254967
29 : 31 = 3224.9030993194197
29 : 34 = 2039.607805437114
29 : 43 = 2529.8221281347037
29 : 71 = 3773.5924528226415
29 : 79 = 2000.0
29 : 95 = 3224.9030993194197
31 : 34 = 1200.0
31 : 43 = 894.4271909999159
31 : 71 = 1600.0
31 : 79 = 3577.7087639996635
31 : 95 = 2884.4410203711914
34 : 43 = 565.685424949238
34 : 71 = 2000.0
34 : 79 = 2561.2496949731394
34 : 95 = 2433.105012119288
43 : 71 = 1442.2205101855957
43 : 79 = 2683.281572999748
43 : 95 = 2154.0659228538016
71 : 79 = 3200.0
71 : 95 = 1788.8543819998317
79 : 95 = 1788.8543819998317
t=9
Antennas: [ 4 29 31 34 43 71 79 95]
Users: [ 1  2  3  6  7  8 10 15 17 19 20 21 23 24 26 28 30 31 33 34 35 36 39 40
 41 42 43 44 45 46 48 50 51 52 53 54 55 56 59 60 62 63 65 70 71 74 75 77
 78 80 81 85 86 91 92 93 98 99]
MinSINR:  10.0
$x_{9,4}$
	 $y_{9,4,15}$ = 27.658745075723147 dB
		SNR medio:  13.829372537861573
		Usuarios totais: 2
$x_{9,29}$
	 $y_{9,29,8}$ = 25.33263177688859 dB
	 $y_{9,29,19}$ = 28.901170519464372 dB
	 $y_{9,29,39}$ = 24.537812311467235 dB
	 $y_{9,29,7}$ = 14.131413701478664 dB
	 $y_{9,29,28}$ = 29.745173871779727 dB
	 $y_{9,29,48}$ = 16.991023768237255 dB
	 $y_{9,29,59}$ = 13.694247628870372 dB
	 $y_{9,29,17}$ = 14.571638126359773 dB
		SNR medio:  16.7905111704546
		Usuarios totais: 10
$x_{9,31}$
	 $y_{9,31,10}$ = 11.56381250927842 dB
	 $y_{9,31,20}$ = 21.19717694597975 dB
	 $y_{9,31,1}$ = 12.19449099331193 dB
	 $y_{9,31,2}$ = 11.961339895457087 dB
	 $y_{9,31,21}$ = 26.190642758574413 dB
	 $y_{9,31,30}$ = 30.64241234200881 dB
	 $y_{9,31,40}$ = 21.61271766969996 dB
	 $y_{9,31,50}$ = 21.15724499242893 dB
	 $y_{9,31,31}$ = 88.71144307421386 dB
		SNR medio:  22.293752834632105
		Usuarios totais: 11
$x_{9,34}$
	 $y_{9,34,34}$ = 88.35476958217808 dB
		SNR medio:  44.17738479108904
		Usuarios totais: 2
$x_{9,43}$
	 $y_{9,43,36}$ = 20.545320589667753 dB
	 $y_{9,43,45}$ = 15.391973365719778 dB
	 $y_{9,43,46}$ = 17.0024854714829 dB
	 $y_{9,43,53}$ = 25.597134619800627 dB
	 $y_{9,43,54}$ = 26.709353395757873 dB
	 $y_{9,43,62}$ = 18.935871041048387 dB
	 $y_{9,43,6}$ = 10.93169720285863 dB
	 $y_{9,43,23}$ = 14.939448833580371 dB
	 $y_{9,43,33}$ = 28.206568872586757 dB
	 $y_{9,43,35}$ = 21.755420979127138 dB
	 $y_{9,43,44}$ = 30.31498015686124 dB
	 $y_{9,43,52}$ = 24.98865862660854 dB
	 $y_{9,43,55}$ = 15.251751180774917 dB
	 $y_{9,43,56}$ = 11.807573555048918 dB
	 $y_{9,43,60}$ = 12.408540414376503 dB
	 $y_{9,43,63}$ = 21.699824195099026 dB
	 $y_{9,43,65}$ = 10.77956920128139 dB
	 $y_{9,43,3}$ = 10.740986646978342 dB
	 $y_{9,43,24}$ = 17.027614627344974 dB
	 $y_{9,43,26}$ = 14.04046346669054 dB
	 $y_{9,43,41}$ = 18.38462010347915 dB
	 $y_{9,43,42}$ = 29.835740924309363 dB
	 $y_{9,43,43}$ = 82.990394816508 dB
	 $y_{9,43,51}$ = 20.0460889007923 dB
		SNR medio:  14.063029221291442
		Usuarios totais: 37
$x_{9,71}$
	 $y_{9,71,70}$ = 33.17890195820594 dB
	 $y_{9,71,71}$ = 88.78079148002891 dB
	 $y_{9,71,80}$ = 25.91380001900906 dB
	 $y_{9,71,91}$ = 17.17987339639234 dB
	 $y_{9,71,74}$ = 14.200744966369001 dB
	 $y_{9,71,81}$ = 27.1663653056995 dB
	 $y_{9,71,92}$ = 22.226675478739992 dB
	 $y_{9,71,93}$ = 19.22339010723249 dB
		SNR medio:  22.533685701061565
		Usuarios totais: 11
$x_{9,79}$
	 $y_{9,79,99}$ = 21.33660141217416 dB
		SNR medio:  5.33415035304354
		Usuarios totais: 4
$x_{9,95}$
	 $y_{9,95,75}$ = 19.027248421235498 dB
	 $y_{9,95,77}$ = 11.725642959394904 dB
	 $y_{9,95,86}$ = 23.396002783241073 dB
	 $y_{9,95,78}$ = 10.447828126625112 dB
	 $y_{9,95,85}$ = 32.80506299035511 dB
	 $y_{9,95,98}$ = 14.777052493385867 dB
		SNR medio:  12.464315308248619
		Usuarios totais: 9
Distances:
4 : 29 = 2154.0659228538016
4 : 31 = 1697.0562748477141
4 : 34 = 1200.0
4 : 43 = 1649.2422502470642
4 : 71 = 3046.3092423455632
4 : 79 = 3440.9301068170507
4 : 95 = 3622.154055254967
29 : 31 = 3224.9030993194197
29 : 34 = 2039.607805437114
29 : 43 = 2529.8221281347037
29 : 71 = 3773.5924528226415
29 : 79 = 2000.0
29 : 95 = 3224.9030993194197
31 : 34 = 1200.0
31 : 43 = 894.4271909999159
31 : 71 = 1600.0
31 : 79 = 3577.7087639996635
31 : 95 = 2884.4410203711914
34 : 43 = 565.685424949238
34 : 71 = 2000.0
34 : 79 = 2561.2496949731394
34 : 95 = 2433.105012119288
43 : 71 = 1442.2205101855957
43 : 79 = 2683.281572999748
43 : 95 = 2154.0659228538016
71 : 79 = 3200.0
71 : 95 = 1788.8543819998317
79 : 95 = 1788.8543819998317
t=10
Antennas: [ 4 29 31 34 43 71 79 95]
Users: [ 2  7 10 12 15 16 17 20 27 28 30 32 34 35 36 37 39 43 46 52 53 57 58 67
 68 71 72 74 75 76 77 78 81 82 83 88 89 93 94 97 99]
MinSINR:  10.0
$x_{10,4}$
	 $y_{10,4,15}$ = 27.658745075723147 dB
		SNR medio:  27.658745075723147
		Usuarios totais: 1
$x_{10,29}$
	 $y_{10,29,39}$ = 24.537812311467235 dB
	 $y_{10,29,7}$ = 14.131413701478664 dB
	 $y_{10,29,16}$ = 10.132736852663015 dB
	 $y_{10,29,27}$ = 27.080723386507188 dB
	 $y_{10,29,28}$ = 29.745173871779727 dB
	 $y_{10,29,17}$ = 14.571638126359773 dB
		SNR medio:  20.033249708375934
		Usuarios totais: 6
$x_{10,31}$
	 $y_{10,31,10}$ = 11.56381250927842 dB
	 $y_{10,31,20}$ = 21.19717694597975 dB
	 $y_{10,31,2}$ = 11.961339895457087 dB
	 $y_{10,31,30}$ = 30.64241234200881 dB
	 $y_{10,31,32}$ = 31.144472202862417 dB
		SNR medio:  17.751535649264415
		Usuarios totais: 6
$x_{10,34}$
	 $y_{10,34,34}$ = 88.35476958217808 dB
		SNR medio:  44.17738479108904
		Usuarios totais: 2
$x_{10,43}$
	 $y_{10,43,36}$ = 20.545320589667753 dB
	 $y_{10,43,46}$ = 17.0024854714829 dB
	 $y_{10,43,53}$ = 25.597134619800627 dB
	 $y_{10,43,12}$ = 11.622478825244514 dB
	 $y_{10,43,35}$ = 21.755420979127138 dB
	 $y_{10,43,37}$ = 12.805295432917589 dB
	 $y_{10,43,52}$ = 24.98865862660854 dB
	 $y_{10,43,72}$ = 12.503432321681117 dB
	 $y_{10,43,82}$ = 13.15797315306537 dB
	 $y_{10,43,43}$ = 82.990394816508 dB
		SNR medio:  17.354899631150253
		Usuarios totais: 14
$x_{10,71}$
	 $y_{10,71,71}$ = 88.78079148002891 dB
		SNR medio:  88.78079148002891
		Usuarios totais: 1
$x_{10,79}$
	 $y_{10,79,57}$ = 12.810685477631978 dB
	 $y_{10,79,58}$ = 23.044939854654103 dB
	 $y_{10,79,67}$ = 19.72476418278994 dB
	 $y_{10,79,68}$ = 26.079570480121887 dB
	 $y_{10,79,88}$ = 22.4343091636362 dB
	 $y_{10,79,99}$ = 21.33660141217416 dB
	 $y_{10,79,78}$ = 22.471986698726994 dB
	 $y_{10,79,89}$ = 26.89870369183535 dB
	 $y_{10,79,97}$ = 12.274783656868863 dB
	 $y_{10,79,76}$ = 13.112185707051324 dB
		SNR medio:  14.299180737535055
		Usuarios totais: 14
$x_{10,95}$
	 $y_{10,95,75}$ = 19.027248421235498 dB
	 $y_{10,95,77}$ = 11.725642959394904 dB
	 $y_{10,95,94}$ = 26.287824498919562 dB
	 $y_{10,95,74}$ = 19.81281837001022 dB
	 $y_{10,95,81}$ = 10.316236715542033 dB
	 $y_{10,95,83}$ = 19.377843695003037 dB
	 $y_{10,95,93}$ = 18.68328454021453 dB
		SNR medio:  13.914544355591087
		Usuarios totais: 9
Distances:
4 : 29 = 2154.0659228538016
4 : 31 = 1697.0562748477141
4 : 34 = 1200.0
4 : 43 = 1649.2422502470642
4 : 71 = 3046.3092423455632
4 : 79 = 3440.9301068170507
4 : 95 = 3622.154055254967
29 : 31 = 3224.9030993194197
29 : 34 = 2039.607805437114
29 : 43 = 2529.8221281347037
29 : 71 = 3773.5924528226415
29 : 79 = 2000.0
29 : 95 = 3224.9030993194197
31 : 34 = 1200.0
31 : 43 = 894.4271909999159
31 : 71 = 1600.0
31 : 79 = 3577.7087639996635
31 : 95 = 2884.4410203711914
34 : 43 = 565.685424949238
34 : 71 = 2000.0
34 : 79 = 2561.2496949731394
34 : 95 = 2433.105012119288
43 : 71 = 1442.2205101855957
43 : 79 = 2683.281572999748
43 : 95 = 2154.0659228538016
71 : 79 = 3200.0
71 : 95 = 1788.8543819998317
79 : 95 = 1788.8543819998317
t=11
Antennas: [ 4 29 31 34 43 71 79 95]
Users: [ 0  8  9 13 18 19 28 34 35 38 40 49 50 55 63 72 73 79 82 87]
MinSINR:  10.0
$x_{11,4}$
		Usuarios totais: 0
$x_{11,29}$
	 $y_{11,29,8}$ = 25.33263177688859 dB
	 $y_{11,29,9}$ = 25.068250815217823 dB
	 $y_{11,29,19}$ = 28.901170519464372 dB
	 $y_{11,29,38}$ = 25.08877674863065 dB
	 $y_{11,29,49}$ = 16.797639241006152 dB
	 $y_{11,29,18}$ = 15.546239307738219 dB
	 $y_{11,29,28}$ = 29.745173871779727 dB
		SNR medio:  18.49776469785839
		Usuarios totais: 9
$x_{11,31}$
	 $y_{11,31,0}$ = 17.24032532687309 dB
	 $y_{11,31,40}$ = 21.61271766969996 dB
	 $y_{11,31,50}$ = 21.15724499242893 dB
	 $y_{11,31,63}$ = 11.802549140752944 dB
	 $y_{11,31,72}$ = 13.226150234700441 dB
	 $y_{11,31,13}$ = 20.99866801820704 dB
		SNR medio:  15.148236483237486
		Usuarios totais: 7
$x_{11,34}$
	 $y_{11,34,34}$ = 88.35476958217808 dB
	 $y_{11,34,35}$ = 24.176711647580007 dB
	 $y_{11,34,55}$ = 12.356533165326994 dB
	 $y_{11,34,73}$ = 11.26394488185764 dB
		SNR medio:  34.037989819235676
		Usuarios totais: 4
$x_{11,43}$
		Usuarios totais: 0
$x_{11,71}$
		Usuarios totais: 0
$x_{11,79}$
	 $y_{11,79,79}$ = 83.49812553053582 dB
	 $y_{11,79,87}$ = 15.358109161374742 dB
		SNR medio:  49.42811734595528
		Usuarios totais: 2
$x_{11,95}$
	 $y_{11,95,82}$ = 15.48479117015573 dB
		SNR medio:  15.48479117015573
		Usuarios totais: 1
Distances:
4 : 29 = 2154.0659228538016
4 : 31 = 1697.0562748477141
4 : 34 = 1200.0
4 : 43 = 1649.2422502470642
4 : 71 = 3046.3092423455632
4 : 79 = 3440.9301068170507
4 : 95 = 3622.154055254967
29 : 31 = 3224.9030993194197
29 : 34 = 2039.607805437114
29 : 43 = 2529.8221281347037
29 : 71 = 3773.5924528226415
29 : 79 = 2000.0
29 : 95 = 3224.9030993194197
31 : 34 = 1200.0
31 : 43 = 894.4271909999159
31 : 71 = 1600.0
31 : 79 = 3577.7087639996635
31 : 95 = 2884.4410203711914
34 : 43 = 565.685424949238
34 : 71 = 2000.0
34 : 79 = 2561.2496949731394
34 : 95 = 2433.105012119288
43 : 71 = 1442.2205101855957
43 : 79 = 2683.281572999748
43 : 95 = 2154.0659228538016
71 : 79 = 3200.0
71 : 95 = 1788.8543819998317
79 : 95 = 1788.8543819998317
--- Done after 0.23840303440888722 hours. ---
