-------------Calculating Solution (this may take a while)
+++++++++++++++++++Min Sinr: 10 dB (gwo)
+++++++++++++++++++With backhaul constraint. Start: 2023-01-18 04:57:24

Parameters:
- chosen seed 12
- Map with 100 sectors
- Map 4000 x 4000 m
- Sector has a side of 400 m
- Max time:  12
- users_t_m:  [[0, 0, 0, 0, 0, 0, 0, 0, 0, 0, 0, 0, 0, 0, 0, 0, 0, 0, 0, 0, 0, 0, 0, 0, 0, 0, 0, 0, 0, 0, 0, 0, 0, 0, 0, 0, 0, 0, 0, 0, 0, 0, 0, 0, 0, 0, 0, 0, 0, 0, 0, 0, 0, 1, 1, 0, 0, 0, 0, 0, 0, 0, 0, 0, 2, 18, 0, 0, 0, 0, 0, 0, 0, 0, 0, 1, 0, 0, 0, 0, 0, 0, 0, 0, 0, 0, 0, 0, 0, 0, 0, 0, 0, 0, 0, 0, 0, 0, 0, 0], [0, 0, 0, 0, 0, 1, 0, 0, 0, 0, 1, 0, 0, 1, 1, 0, 0, 0, 1, 0, 0, 0, 0, 1, 0, 0, 0, 0, 0, 0, 0, 0, 0, 0, 2, 0, 0, 0, 0, 0, 0, 0, 0, 0, 0, 0, 0, 1, 0, 0, 1, 0, 1, 2, 1, 4, 0, 0, 1, 0, 0, 0, 0, 1, 5, 15, 0, 0, 0, 1, 0, 1, 0, 1, 0, 2, 0, 1, 0, 0, 0, 0, 0, 0, 0, 2, 0, 0, 0, 0, 0, 0, 0, 0, 0, 0, 0, 0, 0, 1], [0, 1, 1, 0, 1, 0, 1, 1, 0, 0, 1, 1, 0, 0, 1, 0, 3, 1, 1, 0, 1, 0, 0, 1, 1, 1, 1, 0, 1, 1, 0, 1, 0, 0, 0, 0, 1, 0, 1, 0, 1, 0, 0, 0, 0, 0, 0, 0, 0, 1, 0, 1, 0, 4, 5, 0, 0, 0, 0, 1, 0, 2, 0, 3, 2, 27, 1, 0, 0, 1, 0, 0, 1, 0, 0, 2, 0, 0, 1, 0, 1, 1, 1, 2, 0, 0, 0, 0, 0, 2, 0, 0, 1, 1, 1, 1, 0, 0, 0, 0], [1, 1, 2, 1, 1, 1, 1, 2, 2, 2, 0, 1, 1, 0, 0, 0, 2, 0, 2, 1, 0, 0, 4, 0, 2, 0, 0, 0, 1, 0, 1, 1, 0, 0, 1, 0, 0, 0, 2, 0, 2, 1, 3, 3, 0, 0, 1, 0, 2, 1, 2, 4, 0, 0, 4, 3, 0, 0, 2, 2, 1, 1, 0, 0, 6, 29, 0, 0, 1, 2, 1, 1, 1, 0, 0, 2, 1, 0, 0, 0, 1, 1, 0, 1, 0, 0, 0, 1, 0, 5, 1, 1, 2, 2, 1, 1, 0, 0, 2, 2], [2, 1, 1, 1, 0, 1, 1, 1, 3, 3, 0, 1, 2, 4, 2, 1, 0, 0, 0, 0, 1, 1, 0, 1, 3, 6, 1, 2, 0, 0, 0, 1, 3, 2, 0, 0, 2, 3, 1, 1, 1, 2, 0, 2, 0, 2, 1, 0, 0, 0, 1, 0, 1, 2, 3, 3, 0, 2, 2, 2, 3, 1, 3, 3, 3, 17, 1, 2, 0, 3, 0, 0, 2, 2, 0, 3, 2, 3, 3, 1, 2, 4, 1, 2, 0, 1, 0, 2, 1, 3, 1, 1, 1, 0, 2, 1, 2, 1, 1, 2], [2, 0, 2, 0, 2, 1, 1, 4, 2, 1, 0, 2, 2, 1, 0, 2, 2, 1, 3, 1, 4, 2, 1, 3, 0, 0, 1, 1, 0, 1, 0, 1, 3, 0, 2, 0, 1, 1, 3, 1, 1, 1, 1, 2, 1, 1, 2, 1, 2, 2, 2, 1, 3, 3, 3, 5, 2, 0, 1, 3, 1, 4, 3, 1, 9, 29, 2, 0, 3, 2, 2, 1, 2, 2, 2, 2, 2, 1, 1, 6, 0, 1, 1, 1, 2, 3, 2, 0, 2, 1, 1, 3, 1, 1, 2, 3, 1, 4, 1, 1], [2, 4, 2, 2, 1, 2, 2, 4, 0, 1, 2, 1, 2, 3, 1, 2, 2, 1, 1, 2, 2, 0, 0, 3, 1, 2, 2, 4, 2, 4, 0, 3, 3, 1, 4, 1, 2, 0, 2, 0, 2, 1, 3, 1, 3, 2, 5, 1, 4, 3, 0, 1, 3, 1, 1, 5, 3, 0, 3, 2, 1, 0, 2, 3, 5, 0, 1, 0, 2, 1, 0, 2, 0, 1, 0, 2, 1, 3, 1, 4, 0, 0, 2, 0, 1, 3, 0, 2, 2, 0, 1, 0, 0, 1, 2, 2, 2, 0, 0, 2], [2, 1, 0, 2, 1, 2, 3, 3, 3, 0, 1, 4, 2, 1, 3, 2, 0, 0, 0, 1, 0, 0, 1, 1, 1, 0, 1, 1, 1, 0, 0, 2, 1, 1, 1, 0, 1, 0, 2, 0, 2, 2, 1, 0, 2, 1, 2, 1, 1, 1, 3, 1, 2, 2, 0, 1, 1, 2, 3, 1, 0, 1, 1, 3, 2, 0, 4, 1, 1, 2, 2, 2, 1, 1, 2, 2, 0, 1, 3, 1, 1, 0, 1, 4, 0, 1, 2, 0, 2, 2, 4, 1, 2, 0, 1, 1, 2, 1, 2, 0], [1, 0, 0, 0, 0, 2, 0, 0, 0, 3, 1, 1, 0, 1, 1, 3, 2, 1, 2, 0, 0, 1, 1, 0, 1, 0, 1, 0, 0, 0, 1, 0, 4, 0, 1, 4, 0, 2, 0, 0, 1, 1, 2, 1, 1, 0, 2, 1, 3, 0, 1, 0, 1, 1, 2, 1, 3, 1, 0, 0, 1, 0, 2, 3, 1, 1, 1, 2, 1, 2, 0, 0, 1, 0, 1, 0, 0, 3, 0, 0, 0, 2, 3, 0, 0, 0, 0, 0, 2, 2, 2, 2, 1, 0, 1, 0, 2, 1, 1, 2], [2, 0, 2, 2, 1, 0, 2, 0, 2, 0, 0, 2, 0, 0, 0, 1, 1, 1, 2, 2, 1, 1, 1, 0, 0, 0, 1, 1, 1, 2, 0, 0, 1, 1, 0, 1, 1, 2, 1, 2, 1, 0, 1, 0, 1, 0, 2, 0, 1, 0, 1, 0, 1, 0, 1, 1, 1, 1, 2, 2, 0, 1, 0, 0, 1, 0, 0, 0, 2, 2, 0, 2, 0, 0, 1, 0, 0, 0, 0, 1, 0, 0, 2, 0, 0, 0, 1, 2, 0, 0, 0, 0, 0, 1, 0, 0, 1, 1, 1, 1], [3, 0, 2, 1, 1, 0, 0, 1, 0, 0, 1, 0, 0, 0, 0, 0, 0, 0, 2, 1, 2, 1, 1, 1, 0, 1, 1, 2, 0, 0, 0, 0, 0, 0, 1, 0, 1, 0, 0, 0, 0, 0, 0, 0, 1, 2, 1, 0, 2, 0, 0, 1, 0, 1, 0, 0, 1, 2, 0, 0, 0, 1, 0, 1, 0, 0, 0, 1, 0, 0, 0, 0, 0, 0, 0, 1, 0, 0, 2, 0, 0, 1, 0, 0, 0, 0, 1, 0, 0, 0, 1, 0, 1, 0, 0, 0, 0, 2, 0, 0], [0, 0, 0, 0, 1, 0, 0, 0, 0, 0, 0, 0, 0, 1, 0, 0, 1, 0, 0, 0, 0, 0, 0, 0, 0, 0, 0, 0, 0, 0, 0, 1, 0, 0, 1, 0, 0, 0, 0, 0, 0, 2, 0, 0, 0, 1, 2, 0, 2, 0, 0, 0, 0, 0, 0, 0, 0, 0, 0, 0, 1, 0, 0, 0, 2, 0, 0, 0, 0, 0, 0, 0, 0, 0, 0, 0, 0, 0, 0, 0, 0, 0, 0, 0, 0, 0, 0, 0, 0, 1, 0, 0, 0, 0, 0, 0, 0, 0, 0, 1]]
MAX_USER_PER_ANTENNAS_m:  [40, 40, 40, 40, 40, 40, 40, 40, 40, 40, 40, 40, 40, 40, 40, 40, 40, 40, 40, 40, 40, 40, 40, 40, 40, 40, 40, 40, 40, 40, 40, 40, 40, 40, 40, 40, 40, 40, 40, 40, 40, 40, 40, 40, 40, 40, 40, 40, 40, 40, 40, 40, 40, 40, 40, 40, 40, 40, 40, 40, 40, 40, 40, 40, 40, 40, 40, 40, 40, 40, 40, 40, 40, 40, 40, 40, 40, 40, 40, 40, 40, 40, 40, 40, 40, 40, 40, 40, 40, 40, 40, 40, 40, 40, 40, 40, 40, 40, 40, 40]
antennas_map_m:  [1, 1, 1, 1, 1, 1, 1, 1, 1, 1, 1, 1, 1, 1, 1, 1, 1, 1, 1, 1, 1, 1, 1, 1, 1, 1, 1, 1, 1, 1, 1, 1, 1, 1, 1, 1, 1, 1, 1, 1, 1, 1, 1, 1, 1, 1, 1, 1, 1, 1, 1, 1, 1, 1, 1, 1, 1, 1, 1, 1, 1, 1, 1, 1, 1, 1, 1, 1, 1, 1, 1, 1, 1, 1, 1, 1, 1, 1, 1, 1, 1, 1, 1, 1, 1, 1, 1, 1, 1, 1, 1, 1, 1, 1, 1, 1, 1, 1, 1, 1]
FIRST_ANTENNA:  64
MIN_SNR_m:  [10.0, 10.0, 10.0, 10.0, 10.0, 10.0, 10.0, 10.0, 10.0, 10.0, 10.0, 10.0, 10.0, 10.0, 10.0, 10.0, 10.0, 10.0, 10.0, 10.0, 10.0, 10.0, 10.0, 10.0, 10.0, 10.0, 10.0, 10.0, 10.0, 10.0, 10.0, 10.0, 10.0, 10.0, 10.0, 10.0, 10.0, 10.0, 10.0, 10.0, 10.0, 10.0, 10.0, 10.0, 10.0, 10.0, 10.0, 10.0, 10.0, 10.0, 10.0, 10.0, 10.0, 10.0, 10.0, 10.0, 10.0, 10.0, 10.0, 10.0, 10.0, 10.0, 10.0, 10.0, 10.0, 10.0, 10.0, 10.0, 10.0, 10.0, 10.0, 10.0, 10.0, 10.0, 10.0, 10.0, 10.0, 10.0, 10.0, 10.0, 10.0, 10.0, 10.0, 10.0, 10.0, 10.0, 10.0, 10.0, 10.0, 10.0, 10.0, 10.0, 10.0, 10.0, 10.0, 10.0, 10.0, 10.0, 10.0, 10.0]
-MIN_DIST:  2000
- disaster percentage:  0

Slice  0
The set of antennas serves the scenario in the respective slice.

Slice  1

Run GWO to deployment +1 antenna on the map
	Pack size:  300
	Wolf dimension 1
	Max iter 200
	antennas_regions:  [64]
	users_regions:  [ 5 10 13 14 18 23 34 47 50 52 53 54 55 58 63 64 65 69 71 73 75 77 85 99]
	Seed_base:  94196
initial_alpha:  Wolf 0 (94196). Fitness: 0
	(697.3637322810782, 3234.7669118205663, 0). Region: 81
initial_beta:  Wolf 1 (94197). Fitness: 0
	(1018.9123425402923, 3414.915436583454, 0). Region: 82
initial_delta:  Wolf 2 (94198). Fitness: 0
	(3880.198834998055, 361.14804610227094, 0). Region: 9 

iter = 10
Alpha wolf:  Wolf 0 (94196). Fitness: 0
	(868.317730348134, 3998.424674858307, 0.0). Region: 92
iter = 20
Alpha wolf:  Wolf 0 (94196). Fitness: 0
	(1398.1180519873792, 571.0458304142293, 0.0). Region: 13
iter = 30
Alpha wolf:  Wolf 0 (94196). Fitness: 0
	(1046.0295747566117, 737.6961329662499, 0.0). Region: 12
iter = 40
Alpha wolf:  Wolf 0 (94196). Fitness: 0
	(525.8748090031788, 1441.614661019939, 0.0). Region: 31
iter = 50
Alpha wolf:  Wolf 0 (94196). Fitness: 0
	(120.60719433933795, 205.6973188729601, 0.0). Region: 0
iter = 60
Alpha wolf:  Wolf 0 (94196). Fitness: 0
	(148.37035159529165, 11.245545616632342, 0.0). Region: 0
iter = 70
Alpha wolf:  Wolf 0 (94196). Fitness: 0
	(207.70190666733856, 38.23355903009826, 0.0). Region: 0
iter = 80
Alpha wolf:  Wolf 0 (94196). Fitness: 0
	(289.933962274682, 17.2609895019841, 0.0). Region: 0
iter = 90
Alpha wolf:  Wolf 0 (94196). Fitness: 0
	(107.66406722416832, 18.760970370433995, 0.0). Region: 0
iter = 100
Alpha wolf:  Wolf 0 (94196). Fitness: 0
	(248.8163075909246, 25.31919708546284, 0.0). Region: 0
iter = 110
Alpha wolf:  Wolf 0 (94196). Fitness: 0
	(232.3182198736534, 16.898041309295824, 0.0). Region: 0
iter = 120
Alpha wolf:  Wolf 0 (94196). Fitness: 0
	(259.799932260673, 9.279010167208824, 0.0). Region: 0
iter = 130
Alpha wolf:  Wolf 0 (94196). Fitness: 0
	(292.099623501107, 9.427874330155316, 0.0). Region: 0
iter = 140
Alpha wolf:  Wolf 0 (94196). Fitness: 0
	(275.81225285640494, 16.797593557866115, 0.0). Region: 0
iter = 150
Alpha wolf:  Wolf 0 (94196). Fitness: 0
	(209.2605252214809, 16.204080625631384, 0.0). Region: 0
iter = 160
Alpha wolf:  Wolf 0 (94196). Fitness: 0
	(223.34775164440092, 17.12414856028714, 0.0). Region: 0
iter = 170
Alpha wolf:  Wolf 0 (94196). Fitness: 0
	(274.7689330679039, 17.44608479410424, 0.0). Region: 0
iter = 180
Alpha wolf:  Wolf 0 (94196). Fitness: 0
	(317.7260087912998, 18.217353179356312, 0.0). Region: 0
iter = 190
Alpha wolf:  Wolf 0 (94196). Fitness: 0
	(316.4746949429098, 18.2222093121078, 0.0). Region: 0

Run GWO to deployment +2 antenna on the map
	Pack size:  300
	Wolf dimension 2
	Max iter 200
	antennas_regions:  [64]
	users_regions:  [ 5 10 13 14 18 23 34 47 50 52 53 54 55 58 63 64 65 69 71 73 75 77 85 99]
	Seed_base:  81724
initial_alpha:  Wolf 0 (81724). Fitness: 0
	(115.91550434716157, 747.7055079216543, 0). Region: 10
	(1116.2330679623947, 936.3856309812304, 0). Region: 22
initial_beta:  Wolf 1 (81725). Fitness: 0
	(3207.2573631917367, 2967.0217607168197, 0). Region: 78
	(3223.805093604515, 3182.8145117717713, 0). Region: 78
initial_delta:  Wolf 2 (81726). Fitness: 0
	(2555.1043503175497, 18.296346523668294, 0). Region: 6
	(628.500143584144, 1540.9799403604202, 0). Region: 31 

iter = 10
Alpha wolf:  Wolf 0 (81724). Fitness: 0
	(1187.3214052667036, 1851.0806994104105, 0.0). Region: 42
	(3744.798094480023, 1668.709728613503, 0.0). Region: 49
iter = 20
Alpha wolf:  Wolf 0 (81724). Fitness: 0
	(68.44371237578696, 1652.0636627817453, 0.0). Region: 40
	(3704.6086248490246, 303.26705796912694, 0.0). Region: 9
iter = 30
Alpha wolf:  Wolf 0 (81724). Fitness: 0
	(51.22472730665087, 135.77017714339195, 0.0). Region: 0
	(2330.7233145531536, 93.91644258071308, 0.0). Region: 5
iter = 40
Alpha wolf:  Wolf 0 (81724). Fitness: 0
	(26.992075475063707, 532.7271940959795, 0.0). Region: 10
	(2075.278347684784, 78.72887091557138, 0.0). Region: 5
iter = 50
Alpha wolf:  Wolf 0 (81724). Fitness: 0
	(55.36946976360507, 167.40936519220799, 0.0). Region: 0
	(2016.8187617245057, 95.12141097620253, 0.0). Region: 5
iter = 60
Alpha wolf:  Wolf 0 (81724). Fitness: 0
	(27.838682265108876, 31.569284004642753, 0.0). Region: 0
	(1361.3446121846919, 37.258432993650274, 0.0). Region: 3
iter = 70
Alpha wolf:  Wolf 0 (81724). Fitness: 0
	(34.461059597745766, 68.07329508097624, 0.0). Region: 0
	(779.2825400815569, 10.798201614103855, 0.0). Region: 1
iter = 80
Alpha wolf:  Wolf 0 (81724). Fitness: 0
	(21.42143293274634, 29.567562313199353, 0.0). Region: 0
	(764.5789849424688, 3.5380548094226505, 0.0). Region: 1
iter = 90
Alpha wolf:  Wolf 0 (81724). Fitness: 0
	(8.429914369642868, 36.27975025691837, 0.0). Region: 0
	(853.7520454750571, 3.1337475522791918, 0.0). Region: 2
iter = 100
Alpha wolf:  Wolf 0 (81724). Fitness: 0
	(6.880364140372604, 33.7773957217136, 0.0). Region: 0
	(770.8304577753081, 2.056145036928956, 0.0). Region: 1
iter = 110
Alpha wolf:  Wolf 0 (81724). Fitness: 0
	(13.036519793561059, 22.933656617115776, 0.0). Region: 0
	(334.6551948738861, 3.124671385443929, 0.0). Region: 0
iter = 120
Alpha wolf:  Wolf 0 (81724). Fitness: 0
	(20.789812376683713, 10.425300490011308, 0.0). Region: 0
	(320.12522637426974, 3.145925614793875, 0.0). Region: 0
iter = 130
Alpha wolf:  Wolf 0 (81724). Fitness: 0
	(16.500511694382205, 5.65991144296617, 0.0). Region: 0
	(303.2682361176203, 2.3268363422115503, 0.0). Region: 0
iter = 140
Alpha wolf:  Wolf 0 (81724). Fitness: 0
	(17.028515679197707, 3.6475950632261434, 0.0). Region: 0
	(241.70014373003383, 2.4863413418821327, 0.0). Region: 0
iter = 150
Alpha wolf:  Wolf 0 (81724). Fitness: 0
	(21.65535897988326, 3.237688476025412, 0.0). Region: 0
	(197.30235063592798, 3.1979789301868107, 0.0). Region: 0
iter = 160
Alpha wolf:  Wolf 0 (81724). Fitness: 0
	(23.078797774145904, 3.122933797346115, 0.0). Region: 0
	(169.63456893570745, 3.837516658505104, 0.0). Region: 0
iter = 170
Alpha wolf:  Wolf 0 (81724). Fitness: 0
	(21.743323405890784, 3.5596740652059236, 0.0). Region: 0
	(216.20988971490215, 4.183163918259472, 0.0). Region: 0
iter = 180
Alpha wolf:  Wolf 0 (81724). Fitness: 0
	(21.89789705944726, 3.8003978235780824, 0.0). Region: 0
	(242.23330853941883, 3.5643503159441505, 0.0). Region: 0
iter = 190
Alpha wolf:  Wolf 0 (81724). Fitness: 0
	(20.284975075465, 3.969302209820593, 0.0). Region: 0
	(231.10895119732905, 4.166750265452286, 0.0). Region: 0

Run GWO to deployment +3 antenna on the map
	Pack size:  300
	Wolf dimension 3
	Max iter 200
	antennas_regions:  [64]
	users_regions:  [ 5 10 13 14 18 23 34 47 50 52 53 54 55 58 63 64 65 69 71 73 75 77 85 99]
	Seed_base:  55371
initial_alpha:  Wolf 40 (55411). Fitness: 0.83
	(1654.8579373247762, 286.18280829082335, 0). Region: 4
	(3478.4754506791546, 2709.1001783017277, 0). Region: 68
	(1277.0063162218985, 1791.7612543731148, 0). Region: 43
initial_beta:  Wolf 0 (55371). Fitness: 0
	(3923.044630356368, 1333.931528289492, 0). Region: 39
	(1648.2100395045206, 473.56223972162593, 0). Region: 14
	(1609.7777393003469, 1479.2427278124524, 0). Region: 34
initial_delta:  Wolf 1 (55372). Fitness: 0
	(2448.22703326734, 2643.6854103873375, 0). Region: 66
	(2746.9387088110734, 253.09996706408054, 0). Region: 6
	(3324.1185423548404, 339.9857545945477, 0). Region: 8 

The alpha wolf has been updated to a position with higher fitness. iter = 3
New alpha wolf:  Wolf 267 (55638). Fitness: 0.85
	(1712.6446601345945, 357.61220155928805, 0.0). Region: 4
	(3569.949849632938, 2506.035769719612, 0.0). Region: 68
	(892.163613726939, 980.6204320147172, 0.0). Region: 22
The alpha wolf has been updated to a position with higher fitness. iter = 4
New alpha wolf:  Wolf 252 (55623). Fitness: 0.88
	(2567.8767373026003, 270.7117990654345, 0.0). Region: 6
	(3074.615975855115, 2626.4031429170304, 0.0). Region: 67
	(822.1855202928327, 1266.237229575507, 0.0). Region: 32
The alpha wolf has been updated to a position with higher fitness. iter = 7
New alpha wolf:  Wolf 174 (55545). Fitness: 0.9
	(2435.9976143478298, 529.9619828552846, 0.0). Region: 16
	(3290.9952135518433, 2940.4019097665814, 0.0). Region: 78
	(995.6777389422183, 1435.0690832654802, 0.0). Region: 32
iter = 10
Alpha wolf:  Wolf 174 (55545). Fitness: 0.9
	(2435.9976143478298, 529.9619828552846, 0.0). Region: 16
	(3290.9952135518433, 2940.4019097665814, 0.0). Region: 78
	(995.6777389422183, 1435.0690832654802, 0.0). Region: 32
The alpha wolf has been updated to a position with higher fitness. iter = 14
New alpha wolf:  Wolf 100 (55471). Fitness: 0.91
	(2581.7731871315577, 581.7933340080281, 0.0). Region: 16
	(3225.475889183169, 2436.992422157888, 0.0). Region: 68
	(1116.1180183481388, 1420.4396695652651, 0.0). Region: 32
iter = 20
Alpha wolf:  Wolf 100 (55471). Fitness: 0.91
	(2581.7731871315577, 581.7933340080281, 0.0). Region: 16
	(3225.475889183169, 2436.992422157888, 0.0). Region: 68
	(1116.1180183481388, 1420.4396695652651, 0.0). Region: 32
iter = 30
Alpha wolf:  Wolf 100 (55471). Fitness: 0.91
	(2581.7731871315577, 581.7933340080281, 0.0). Region: 16
	(3225.475889183169, 2436.992422157888, 0.0). Region: 68
	(1116.1180183481388, 1420.4396695652651, 0.0). Region: 32
iter = 40
Alpha wolf:  Wolf 100 (55471). Fitness: 0.91
	(2581.7731871315577, 581.7933340080281, 0.0). Region: 16
	(3225.475889183169, 2436.992422157888, 0.0). Region: 68
	(1116.1180183481388, 1420.4396695652651, 0.0). Region: 32
iter = 50
Alpha wolf:  Wolf 100 (55471). Fitness: 0.91
	(2581.7731871315577, 581.7933340080281, 0.0). Region: 16
	(3225.475889183169, 2436.992422157888, 0.0). Region: 68
	(1116.1180183481388, 1420.4396695652651, 0.0). Region: 32
iter = 60
Alpha wolf:  Wolf 100 (55471). Fitness: 0.91
	(2581.7731871315577, 581.7933340080281, 0.0). Region: 16
	(3225.475889183169, 2436.992422157888, 0.0). Region: 68
	(1116.1180183481388, 1420.4396695652651, 0.0). Region: 32
iter = 70
Alpha wolf:  Wolf 100 (55471). Fitness: 0.91
	(2581.7731871315577, 581.7933340080281, 0.0). Region: 16
	(3225.475889183169, 2436.992422157888, 0.0). Region: 68
	(1116.1180183481388, 1420.4396695652651, 0.0). Region: 32
iter = 80
Alpha wolf:  Wolf 100 (55471). Fitness: 0.91
	(2581.7731871315577, 581.7933340080281, 0.0). Region: 16
	(3225.475889183169, 2436.992422157888, 0.0). Region: 68
	(1116.1180183481388, 1420.4396695652651, 0.0). Region: 32
iter = 90
Alpha wolf:  Wolf 100 (55471). Fitness: 0.91
	(2581.7731871315577, 581.7933340080281, 0.0). Region: 16
	(3225.475889183169, 2436.992422157888, 0.0). Region: 68
	(1116.1180183481388, 1420.4396695652651, 0.0). Region: 32
iter = 100
Alpha wolf:  Wolf 100 (55471). Fitness: 0.91
	(2581.7731871315577, 581.7933340080281, 0.0). Region: 16
	(3225.475889183169, 2436.992422157888, 0.0). Region: 68
	(1116.1180183481388, 1420.4396695652651, 0.0). Region: 32
iter = 110
Alpha wolf:  Wolf 100 (55471). Fitness: 0.91
	(2581.7731871315577, 581.7933340080281, 0.0). Region: 16
	(3225.475889183169, 2436.992422157888, 0.0). Region: 68
	(1116.1180183481388, 1420.4396695652651, 0.0). Region: 32
iter = 120
Alpha wolf:  Wolf 100 (55471). Fitness: 0.91
	(2581.7731871315577, 581.7933340080281, 0.0). Region: 16
	(3225.475889183169, 2436.992422157888, 0.0). Region: 68
	(1116.1180183481388, 1420.4396695652651, 0.0). Region: 32
iter = 130
Alpha wolf:  Wolf 100 (55471). Fitness: 0.91
	(2581.7731871315577, 581.7933340080281, 0.0). Region: 16
	(3225.475889183169, 2436.992422157888, 0.0). Region: 68
	(1116.1180183481388, 1420.4396695652651, 0.0). Region: 32
iter = 140
Alpha wolf:  Wolf 100 (55471). Fitness: 0.91
	(2581.7731871315577, 581.7933340080281, 0.0). Region: 16
	(3225.475889183169, 2436.992422157888, 0.0). Region: 68
	(1116.1180183481388, 1420.4396695652651, 0.0). Region: 32
iter = 150
Alpha wolf:  Wolf 100 (55471). Fitness: 0.91
	(2504.2235971493656, 699.0787269587538, 0.0). Region: 16
	(3394.010206657633, 2791.1946689903402, 0.0). Region: 68
	(972.7854604310905, 1210.6861938266254, 0.0). Region: 32
iter = 160
Alpha wolf:  Wolf 100 (55471). Fitness: 0.91
	(2720.2939828188305, 819.1575214999352, 0.0). Region: 26
	(3704.5991650441742, 2478.769267170332, 0.0). Region: 69
	(919.7262576469672, 1342.618854087304, 0.0). Region: 32
iter = 170
Alpha wolf:  Wolf 100 (55471). Fitness: 0.91
	(2720.2939828188305, 819.1575214999352, 0.0). Region: 26
	(3704.5991650441742, 2478.769267170332, 0.0). Region: 69
	(919.7262576469672, 1342.618854087304, 0.0). Region: 32
iter = 180
Alpha wolf:  Wolf 100 (55471). Fitness: 0.91
	(2778.5118015789144, 662.7646982286174, 0.0). Region: 16
	(3601.748907713355, 2516.7376427374875, 0.0). Region: 69
	(864.1779827066123, 1412.9899428833942, 0.0). Region: 32
iter = 190
Alpha wolf:  Wolf 100 (55471). Fitness: 0.91
	(2492.5873916434775, 621.3747494027541, 0.0). Region: 16
	(3637.571842175398, 2441.7059556035038, 0.0). Region: 69
	(839.4192370041046, 1460.9298926009074, 0.0). Region: 32

- Finishing GWO - 

Best solution:  Wolf 100 (55471). Fitness: 0.91
	(2545.7454971646653, 624.2531163240179, 0.0). Region: 16
	(3596.1832669740443, 2520.6399528928227, 0.0). Region: 68
	(823.4896974061887, 1508.4015626539895, 0.0). Region: 32
Antennas in slice 1:  [16 32 64 68]

Slice  2

Run GWO to deployment +1 antenna on the map
	Pack size:  300
	Wolf dimension 1
	Max iter 200
	antennas_regions:  [16 32 64 68]
	users_regions:  [ 1  2  4  6  7 10 11 14 16 17 18 20 23 24 25 26 28 29 31 36 38 40 49 51
 53 54 59 61 63 64 65 66 69 72 75 78 80 81 82 83 89 92 93 94 95]
	Seed_base:  61622
initial_alpha:  Wolf 0 (61622). Fitness: 0
	(1444.9322902230133, 3850.0436852889725, 0). Region: 93
initial_beta:  Wolf 1 (61623). Fitness: 0
	(3249.6509676261944, 3845.218486119934, 0). Region: 98
initial_delta:  Wolf 2 (61624). Fitness: 0
	(674.7443658628915, 709.9445372976261, 0). Region: 11 

iter = 10
Alpha wolf:  Wolf 0 (61622). Fitness: 0
	(834.4055759417498, 3996.7546671223863, 0.0). Region: 92
iter = 20
Alpha wolf:  Wolf 0 (61622). Fitness: 0
	(1343.3990039162172, 574.6004135918249, 0.0). Region: 13
iter = 30
Alpha wolf:  Wolf 0 (61622). Fitness: 0
	(1020.5436775085287, 742.2570073012464, 0.0). Region: 12
iter = 40
Alpha wolf:  Wolf 0 (61622). Fitness: 0
	(512.8429730140579, 1450.5286624617877, 0.0). Region: 31
iter = 50
Alpha wolf:  Wolf 0 (61622). Fitness: 0
	(117.61838529509271, 206.96921602585832, 0.0). Region: 0
iter = 60
Alpha wolf:  Wolf 0 (61622). Fitness: 0
	(144.69353444153813, 11.31508068655854, 0.0). Region: 0
iter = 70
Alpha wolf:  Wolf 0 (61622). Fitness: 0
	(202.55477366493315, 38.46997025382388, 0.0). Region: 0
iter = 80
Alpha wolf:  Wolf 0 (61622). Fitness: 0
	(282.74900817538173, 17.36772012697422, 0.0). Region: 0
iter = 90
Alpha wolf:  Wolf 0 (61622). Fitness: 0
	(104.99600662484897, 18.876975892181598, 0.0). Region: 0
iter = 100
Alpha wolf:  Wolf 0 (61622). Fitness: 0
	(242.65030435635177, 25.475754374885273, 0.0). Region: 0
iter = 110
Alpha wolf:  Wolf 0 (61622). Fitness: 0
	(226.5610614741072, 17.002527700985176, 0.0). Region: 0
iter = 120
Alpha wolf:  Wolf 0 (61622). Fitness: 0
	(253.36174001286093, 9.33638547320285, 0.0). Region: 0
iter = 130
Alpha wolf:  Wolf 0 (61622). Fitness: 0
	(284.8610013996712, 9.486170114384272, 0.0). Region: 0
iter = 140
Alpha wolf:  Wolf 0 (61622). Fitness: 0
	(268.9772537371211, 16.901458846617675, 0.0). Region: 0
iter = 150
Alpha wolf:  Wolf 0 (61622). Fitness: 0
	(204.07476755198994, 16.304276020128633, 0.0). Region: 0
iter = 160
Alpha wolf:  Wolf 0 (61622). Fitness: 0
	(217.81289352996367, 17.230033050747736, 0.0). Region: 0
iter = 170
Alpha wolf:  Wolf 0 (61622). Fitness: 0
	(267.9597888182341, 17.55395992684165, 0.0). Region: 0
iter = 180
Alpha wolf:  Wolf 0 (61622). Fitness: 0
	(309.8523303460107, 18.329997329349858, 0.0). Region: 0
iter = 190
Alpha wolf:  Wolf 0 (61622). Fitness: 0
	(308.6320257401875, 18.334883489237598, 0.0). Region: 0

Run GWO to deployment +2 antenna on the map
	Pack size:  300
	Wolf dimension 2
	Max iter 200
	antennas_regions:  [16 32 64 68]
	users_regions:  [ 1  2  4  6  7 10 11 14 16 17 18 20 23 24 25 26 28 29 31 36 38 40 49 51
 53 54 59 61 63 64 65 66 69 72 75 78 80 81 82 83 89 92 93 94 95]
	Seed_base:  53985
initial_alpha:  Wolf 18 (54003). Fitness: 0.99
	(886.9232887909022, 3798.63555588538, 0). Region: 92
	(3464.7317973425743, 1120.2032209500885, 0). Region: 28
initial_beta:  Wolf 139 (54124). Fitness: 0.98
	(3580.664035523063, 98.65034598355837, 0). Region: 8
	(801.8334469832769, 3217.8209250661394, 0). Region: 82
initial_delta:  Wolf 145 (54130). Fitness: 0.98
	(3656.267891123652, 262.65392465428096, 0). Region: 9
	(1229.8854489158796, 2822.785047408233, 0). Region: 73 

iter = 10
Alpha wolf:  Wolf 18 (54003). Fitness: 0.99
	(886.9232887909022, 3798.63555588538, 0). Region: 92
	(3464.7317973425743, 1120.2032209500885, 0). Region: 28
iter = 20
Alpha wolf:  Wolf 18 (54003). Fitness: 0.99
	(886.9232887909022, 3798.63555588538, 0). Region: 92
	(3464.7317973425743, 1120.2032209500885, 0). Region: 28
iter = 30
Alpha wolf:  Wolf 18 (54003). Fitness: 0.99
	(886.9232887909022, 3798.63555588538, 0). Region: 92
	(3464.7317973425743, 1120.2032209500885, 0). Region: 28
iter = 40
Alpha wolf:  Wolf 18 (54003). Fitness: 0.99
	(886.9232887909022, 3798.63555588538, 0). Region: 92
	(3464.7317973425743, 1120.2032209500885, 0). Region: 28
iter = 50
Alpha wolf:  Wolf 18 (54003). Fitness: 0.99
	(886.9232887909022, 3798.63555588538, 0). Region: 92
	(3464.7317973425743, 1120.2032209500885, 0). Region: 28
iter = 60
Alpha wolf:  Wolf 18 (54003). Fitness: 0.99
	(886.9232887909022, 3798.63555588538, 0). Region: 92
	(3464.7317973425743, 1120.2032209500885, 0). Region: 28
iter = 70
Alpha wolf:  Wolf 18 (54003). Fitness: 0.99
	(886.9232887909022, 3798.63555588538, 0). Region: 92
	(3464.7317973425743, 1120.2032209500885, 0). Region: 28
iter = 80
Alpha wolf:  Wolf 18 (54003). Fitness: 0.99
	(886.9232887909022, 3798.63555588538, 0). Region: 92
	(3464.7317973425743, 1120.2032209500885, 0). Region: 28
iter = 90
Alpha wolf:  Wolf 18 (54003). Fitness: 0.99
	(886.9232887909022, 3798.63555588538, 0). Region: 92
	(3464.7317973425743, 1120.2032209500885, 0). Region: 28
iter = 100
Alpha wolf:  Wolf 18 (54003). Fitness: 0.99
	(886.9232887909022, 3798.63555588538, 0). Region: 92
	(3464.7317973425743, 1120.2032209500885, 0). Region: 28
iter = 110
Alpha wolf:  Wolf 18 (54003). Fitness: 0.99
	(886.9232887909022, 3798.63555588538, 0). Region: 92
	(3464.7317973425743, 1120.2032209500885, 0). Region: 28
iter = 120
Alpha wolf:  Wolf 18 (54003). Fitness: 0.99
	(886.9232887909022, 3798.63555588538, 0). Region: 92
	(3464.7317973425743, 1120.2032209500885, 0). Region: 28
iter = 130
Alpha wolf:  Wolf 18 (54003). Fitness: 0.99
	(886.9232887909022, 3798.63555588538, 0). Region: 92
	(3464.7317973425743, 1120.2032209500885, 0). Region: 28
iter = 140
Alpha wolf:  Wolf 18 (54003). Fitness: 0.99
	(886.9232887909022, 3798.63555588538, 0). Region: 92
	(3464.7317973425743, 1120.2032209500885, 0). Region: 28
iter = 150
Alpha wolf:  Wolf 18 (54003). Fitness: 0.99
	(886.9232887909022, 3798.63555588538, 0). Region: 92
	(3464.7317973425743, 1120.2032209500885, 0). Region: 28
iter = 160
Alpha wolf:  Wolf 18 (54003). Fitness: 0.99
	(886.9232887909022, 3798.63555588538, 0). Region: 92
	(3464.7317973425743, 1120.2032209500885, 0). Region: 28
iter = 170
Alpha wolf:  Wolf 18 (54003). Fitness: 0.99
	(886.9232887909022, 3798.63555588538, 0). Region: 92
	(3464.7317973425743, 1120.2032209500885, 0). Region: 28
iter = 180
Alpha wolf:  Wolf 18 (54003). Fitness: 0.99
	(886.9232887909022, 3798.63555588538, 0). Region: 92
	(3464.7317973425743, 1120.2032209500885, 0). Region: 28
iter = 190
Alpha wolf:  Wolf 18 (54003). Fitness: 0.99
	(886.9232887909022, 3798.63555588538, 0). Region: 92
	(3464.7317973425743, 1120.2032209500885, 0). Region: 28

- Finishing GWO - 

Best solution:  Wolf 18 (54003). Fitness: 0.99
	(886.9232887909022, 3798.63555588538, 0). Region: 92
	(3464.7317973425743, 1120.2032209500885, 0). Region: 28
Antennas in slice 2:  [16 28 32 64 68 92]

Slice  3

Run GWO to deployment +1 antenna on the map
	Pack size:  300
	Wolf dimension 1
	Max iter 200
	antennas_regions:  [16 28 32 64 68 92]
	users_regions:  [ 0  1  2  3  4  5  6  7  8  9 11 12 16 18 19 22 24 28 30 31 34 38 40 41
 42 43 46 48 49 50 51 54 55 58 59 60 61 64 65 68 69 70 71 72 75 76 80 81
 83 87 89 90 91 92 93 94 95 98 99]
	Seed_base:  3918
initial_alpha:  Wolf 6 (3924). Fitness: 1.0
	(867.937932546329, 583.2490507803585, 0). Region: 12
initial_beta:  Wolf 10 (3928). Fitness: 1.0
	(1644.6454463576324, 726.6746394984929, 0). Region: 14
initial_delta:  Wolf 12 (3930). Fitness: 1.0
	(42.3311807425315, 1368.839222203088, 0). Region: 30 

iter = 10
Alpha wolf:  Wolf 6 (3924). Fitness: 1.0
	(279.46143583554095, 1003.6132148343873, 0.0). Region: 20
iter = 20
Alpha wolf:  Wolf 6 (3924). Fitness: 1.0
	(653.1562417954348, 244.61678981138817, 0.0). Region: 1
iter = 30
Alpha wolf:  Wolf 6 (3924). Fitness: 1.0
	(489.9023384568501, 282.43259135654995, 0.0). Region: 1
iter = 40
Alpha wolf:  Wolf 6 (3924). Fitness: 1.0
	(246.33156902160619, 552.3765826354582, 0.0). Region: 10
iter = 50
Alpha wolf:  Wolf 6 (3924). Fitness: 1.0
	(56.49512025994699, 78.81588219717526, 0.0). Region: 0
iter = 60
Alpha wolf:  Wolf 6 (3924). Fitness: 1.0
	(69.50000697214003, 4.308892322773438, 0.0). Region: 0
iter = 70
Alpha wolf:  Wolf 6 (3924). Fitness: 1.0
	(97.29224070909203, 14.649737291135148, 0.0). Region: 0
iter = 80
Alpha wolf:  Wolf 6 (3924). Fitness: 1.0
	(135.81158353326248, 6.613796047342699, 0.0). Region: 0
iter = 90
Alpha wolf:  Wolf 6 (3924). Fitness: 1.0
	(50.43226859188401, 7.188535261320164, 0.0). Region: 0
iter = 100
Alpha wolf:  Wolf 6 (3924). Fitness: 1.0
	(116.55115005398468, 9.701414023018575, 0.0). Region: 0
iter = 110
Alpha wolf:  Wolf 6 (3924). Fitness: 1.0
	(108.82307501036314, 6.4747272342879265, 0.0). Region: 0
iter = 120
Alpha wolf:  Wolf 6 (3924). Fitness: 1.0
	(121.69612668118054, 3.555386020024184, 0.0). Region: 0
iter = 130
Alpha wolf:  Wolf 6 (3924). Fitness: 1.0
	(136.82602792001114, 3.6124254621936687, 0.0). Region: 0
iter = 140
Alpha wolf:  Wolf 6 (3924). Fitness: 1.0
	(129.19665748856607, 6.436239235596197, 0.0). Region: 0
iter = 150
Alpha wolf:  Wolf 6 (3924). Fitness: 1.0
	(98.02233266624535, 6.20882623098197, 0.0). Region: 0
iter = 160
Alpha wolf:  Wolf 6 (3924). Fitness: 1.0
	(104.62110610098985, 6.561363475084548, 0.0). Region: 0
iter = 170
Alpha wolf:  Wolf 6 (3924). Fitness: 1.0
	(128.70794305340215, 6.684717967042916, 0.0). Region: 0
iter = 180
Alpha wolf:  Wolf 6 (3924). Fitness: 1.0
	(148.83000268443453, 6.980240526582982, 0.0). Region: 0
iter = 190
Alpha wolf:  Wolf 6 (3924). Fitness: 1.0
	(148.24385915742704, 6.982101223595372, 0.0). Region: 0

- Finishing GWO - 

Best solution:  Wolf 6 (3924). Fitness: 1.0
	(152.7985360954357, 7.154289183886641, 0.0). Region: 0
Antennas in slice 3:  [ 0 16 28 32 64 68 92]

Slice  4
The set of antennas serves the scenario in the respective slice.

Slice  5

Run GWO to deployment +1 antenna on the map
	Pack size:  300
	Wolf dimension 1
	Max iter 200
	antennas_regions:  [ 0 16 28 32 64 68 92]
	users_regions:  [ 0  2  4  5  6  7  8  9 11 12 13 15 16 17 18 19 20 21 22 23 26 27 29 31
 32 34 36 37 38 39 40 41 42 43 44 45 46 47 48 49 50 51 52 53 54 55 56 58
 59 60 61 62 63 64 65 66 68 69 70 71 72 73 74 75 76 77 78 79 81 82 83 84
 85 86 88 89 90 91 92 93 94 95 96 97 98 99]
	Seed_base:  37227
initial_alpha:  Wolf 1 (37228). Fitness: 1.0
	(3069.4477604086974, 3684.977215030731, 0). Region: 97
initial_beta:  Wolf 3 (37230). Fitness: 1.0
	(2161.1089787877027, 3632.919736275753, 0). Region: 95
initial_delta:  Wolf 5 (37232). Fitness: 1.0
	(1172.1906275336478, 2460.0478737218205, 0). Region: 62 

iter = 10
Alpha wolf:  Wolf 1 (37228). Fitness: 1.0
	(360.4450171020517, 3729.309882582387, 0.0). Region: 90
iter = 20
Alpha wolf:  Wolf 1 (37228). Fitness: 1.0
	(2076.3483022977607, 3866.8763280377625, 0.0). Region: 95
iter = 30
Alpha wolf:  Wolf 1 (37228). Fitness: 1.0
	(1600.6821301254627, 3839.0981202737457, 0.0). Region: 94
iter = 40
Alpha wolf:  Wolf 1 (37228). Fitness: 1.0
	(1299.2326190828144, 3553.2480358032467, 0.0). Region: 83
iter = 50
Alpha wolf:  Wolf 1 (37228). Fitness: 1.0
	(651.1176300974612, 1650.9640946772247, 0.0). Region: 41
iter = 60
Alpha wolf:  Wolf 1 (37228). Fitness: 1.0
	(543.4823313305179, 2044.2020765406207, 0.0). Region: 51
iter = 70
Alpha wolf:  Wolf 1 (37228). Fitness: 1.0
	(627.3545358445509, 3391.685608456135, 0.0). Region: 81
iter = 80
Alpha wolf:  Wolf 1 (37228). Fitness: 1.0
	(1246.1919988800505, 2624.9113008052186, 0.0). Region: 63
iter = 90
Alpha wolf:  Wolf 1 (37228). Fitness: 1.0
	(326.5735876485713, 2255.4497716287756, 0.0). Region: 50
iter = 100
Alpha wolf:  Wolf 1 (37228). Fitness: 1.0
	(440.2312647761174, 2841.034138702462, 0.0). Region: 71
iter = 110
Alpha wolf:  Wolf 1 (37228). Fitness: 1.0
	(311.8077413277143, 2496.3774381907283, 0.0). Region: 60
iter = 120
Alpha wolf:  Wolf 1 (37228). Fitness: 1.0
	(320.5932007946542, 2465.76373356582, 0.0). Region: 60
iter = 130
Alpha wolf:  Wolf 1 (37228). Fitness: 1.0
	(359.60719386609645, 2215.364224327413, 0.0). Region: 50
iter = 140
Alpha wolf:  Wolf 1 (37228). Fitness: 1.0
	(336.8897742969726, 3874.7880781012855, 0.0). Region: 90
iter = 150
Alpha wolf:  Wolf 1 (37228). Fitness: 1.0
	(255.6004325301532, 3548.3803700132858, 0.0). Region: 80
iter = 160
Alpha wolf:  Wolf 1 (37228). Fitness: 1.0
	(272.807218965567, 3637.1074529416146, 0.0). Region: 90
iter = 170
Alpha wolf:  Wolf 1 (37228). Fitness: 1.0
	(335.6154155862531, 3474.3391015580646, 0.0). Region: 80
iter = 180
Alpha wolf:  Wolf 1 (37228). Fitness: 1.0
	(388.08516411388143, 3627.936143607687, 0.0). Region: 90
iter = 190
Alpha wolf:  Wolf 1 (37228). Fitness: 1.0
	(386.55675181279923, 3628.9032291855897, 0.0). Region: 90

- Finishing GWO - 

Best solution:  Wolf 1 (37228). Fitness: 1.0
	(398.43340648652577, 3718.3968393636014, 0.0). Region: 90
Antennas in slice 5:  [ 0 16 28 32 64 68 90 92]

Slice  6
The set of antennas serves the scenario in the respective slice.

Slice  7
The set of antennas serves the scenario in the respective slice.

Slice  8
The set of antennas serves the scenario in the respective slice.

Slice  9
The set of antennas serves the scenario in the respective slice.

Slice  10
The set of antennas serves the scenario in the respective slice.

Slice  11
The set of antennas serves the scenario in the respective slice.

Média de carros: 6.75
t=0
Antennas: [64]
Users: [53 54 64 65 75]
MinSINR:  10.0
$x_{0,64}$
	 $y_{0,64,53}$ = 31.102254849003472 dB
	 $y_{0,64,54}$ = 31.54112019615117 dB
	 $y_{0,64,64}$ = 88.11121558117976 dB
	 $y_{0,64,65}$ = 34.06710705007105 dB
	 $y_{0,64,75}$ = 13.502958509161516 dB
		SNR medio:  8.622811138502911
		Usuarios totais: 23
Distances:
t=1
Antennas: [16 32 64 68]
Users: [ 5 10 13 14 18 23 34 47 50 52 53 54 55 58 63 64 65 69 71 73 75 77 85 99]
MinSINR:  10.0
$x_{1,16}$
	 $y_{1,16,5}$ = 25.24637848835802 dB
	 $y_{1,16,14}$ = 23.34232201767807 dB
	 $y_{1,16,18}$ = 11.380822982743581 dB
	 $y_{1,16,13}$ = 10.54702924721181 dB
	 $y_{1,16,23}$ = 12.084458961985689 dB
	 $y_{1,16,47}$ = 10.607739272277385 dB
		SNR medio:  15.53479182837576
		Usuarios totais: 6
$x_{1,32}$
	 $y_{1,32,10}$ = 12.565132121758666 dB
	 $y_{1,32,50}$ = 10.276669561463862 dB
	 $y_{1,32,52}$ = 11.248134796359153 dB
	 $y_{1,32,53}$ = 11.14390898273453 dB
	 $y_{1,32,55}$ = 11.807585370688486 dB
		SNR medio:  6.337936759222744
		Usuarios totais: 9
$x_{1,64}$
	 $y_{1,64,71}$ = 12.545622079811366 dB
	 $y_{1,64,64}$ = 88.11121558117976 dB
	 $y_{1,64,65}$ = 34.06710705007105 dB
	 $y_{1,64,73}$ = 24.651214888573946 dB
	 $y_{1,64,75}$ = 13.502958509161516 dB
	 $y_{1,64,77}$ = 10.08686859962043 dB
	 $y_{1,64,85}$ = 17.798093474670125 dB
	 $y_{1,64,63}$ = 27.931756239904274 dB
	 $y_{1,64,34}$ = 13.47434544073667 dB
	 $y_{1,64,54}$ = 31.54112019615117 dB
		SNR medio:  8.829364582576785
		Usuarios totais: 31
$x_{1,68}$
	 $y_{1,68,58}$ = 29.792990313268177 dB
	 $y_{1,68,69}$ = 29.77242075926209 dB
	 $y_{1,68,99}$ = 12.90077856882256 dB
		SNR medio:  24.155396547117608
		Usuarios totais: 3
Distances:
16 : 32 = 1788.8543819998317
16 : 64 = 2154.0659228538016
16 : 68 = 2154.0659228538016
32 : 64 = 1442.2205101855957
32 : 68 = 2683.281572999748
64 : 68 = 1600.0
t=2
Antennas: [16 28 32 64 68 92]
Users: [ 1  2  4  6  7 10 11 14 16 17 18 20 23 24 25 26 28 29 31 36 38 40 49 51
 53 54 59 61 63 64 65 66 69 72 75 78 80 81 82 83 89 92 93 94 95]
MinSINR:  10.0
$x_{2,16}$
	 $y_{2,16,14}$ = 23.34232201767807 dB
	 $y_{2,16,7}$ = 30.998726779991216 dB
	 $y_{2,16,16}$ = 86.72261503446512 dB
	 $y_{2,16,18}$ = 11.380822982743581 dB
	 $y_{2,16,26}$ = 22.008763955933176 dB
	 $y_{2,16,6}$ = 24.004086576869923 dB
	 $y_{2,16,36}$ = 22.484103507787907 dB
		SNR medio:  24.549048983941002
		Usuarios totais: 9
$x_{2,28}$
	 $y_{2,28,29}$ = 30.904289019773287 dB
	 $y_{2,28,28}$ = 87.01103487370943 dB
		SNR medio:  58.95766194674136
		Usuarios totais: 2
$x_{2,32}$
	 $y_{2,32,1}$ = 13.73753380783208 dB
	 $y_{2,32,2}$ = 11.348707458840039 dB
	 $y_{2,32,10}$ = 12.565132121758666 dB
	 $y_{2,32,20}$ = 17.767490842641664 dB
	 $y_{2,32,31}$ = 30.309591972301362 dB
	 $y_{2,32,40}$ = 15.087924363669075 dB
	 $y_{2,32,4}$ = 12.532146857758207 dB
	 $y_{2,32,11}$ = 24.16566043732817 dB
	 $y_{2,32,23}$ = 30.446129247364752 dB
	 $y_{2,32,24}$ = 17.358784413095336 dB
	 $y_{2,32,51}$ = 10.386958583485637 dB
	 $y_{2,32,53}$ = 11.14390898273453 dB
	 $y_{2,32,61}$ = 12.937198319209045 dB
	 $y_{2,32,17}$ = 12.628632391965652 dB
	 $y_{2,32,25}$ = 13.170343531112792 dB
	 $y_{2,32,63}$ = 13.799158587684019 dB
	 $y_{2,32,54}$ = 13.453358475455602 dB
		SNR medio:  10.105135570156913
		Usuarios totais: 27
$x_{2,64}$
	 $y_{2,64,64}$ = 88.11121558117976 dB
		SNR medio:  44.05560779058988
		Usuarios totais: 2
$x_{2,68}$
	 $y_{2,68,69}$ = 29.77242075926209 dB
	 $y_{2,68,89}$ = 23.40942142664096 dB
	 $y_{2,68,38}$ = 10.838779260672936 dB
	 $y_{2,68,49}$ = 15.81134805328037 dB
	 $y_{2,68,59}$ = 23.058598276452997 dB
	 $y_{2,68,78}$ = 29.15214612650169 dB
	 $y_{2,68,66}$ = 25.889775112828218 dB
		SNR medio:  19.741561126954906
		Usuarios totais: 8
$x_{2,92}$
	 $y_{2,92,80}$ = 15.73900888362492 dB
	 $y_{2,92,93}$ = 34.15848820473023 dB
	 $y_{2,92,94}$ = 17.594185825664113 dB
	 $y_{2,92,72}$ = 16.226394461889868 dB
	 $y_{2,92,81}$ = 18.056652693538922 dB
	 $y_{2,92,82}$ = 25.81154088546981 dB
	 $y_{2,92,83}$ = 21.555451875619795 dB
	 $y_{2,92,92}$ = 81.7509458178539 dB
	 $y_{2,92,65}$ = 10.251259945880719 dB
	 $y_{2,92,75}$ = 12.003175573504052 dB
	 $y_{2,92,95}$ = 17.830890558699025 dB
		SNR medio:  6.948153710935265
		Usuarios totais: 39
Distances:
16 : 28 = 894.4271909999159
16 : 32 = 1788.8543819998317
16 : 64 = 2154.0659228538016
16 : 68 = 2154.0659228538016
16 : 92 = 3577.7087639996635
28 : 32 = 2433.105012119288
28 : 64 = 2262.741699796952
28 : 68 = 1600.0
28 : 92 = 3687.817782917155
32 : 64 = 1442.2205101855957
32 : 68 = 2683.281572999748
32 : 92 = 2400.0
64 : 68 = 1600.0
64 : 92 = 1442.2205101855957
68 : 92 = 2683.281572999748
t=3
Antennas: [ 0 16 28 32 64 68 92]
Users: [ 0  1  2  3  4  5  6  7  8  9 11 12 16 18 19 22 24 28 30 31 34 38 40 41
 42 43 46 48 49 50 51 54 55 58 59 60 61 64 65 68 69 70 71 72 75 76 80 81
 83 87 89 90 91 92 93 94 95 98 99]
MinSINR:  10.0
$x_{3,0}$
	 $y_{3,0,0}$ = 89.60640838408546 dB
		SNR medio:  89.60640838408546
		Usuarios totais: 1
$x_{3,16}$
	 $y_{3,16,5}$ = 25.24637848835802 dB
	 $y_{3,16,3}$ = 14.322998796642935 dB
	 $y_{3,16,7}$ = 30.998726779991216 dB
	 $y_{3,16,8}$ = 21.613329859897846 dB
	 $y_{3,16,16}$ = 86.72261503446512 dB
	 $y_{3,16,18}$ = 11.380822982743581 dB
	 $y_{3,16,19}$ = 19.72459295702086 dB
	 $y_{3,16,24}$ = 13.527746353921117 dB
	 $y_{3,16,6}$ = 24.004086576869923 dB
		SNR medio:  17.681521273565043
		Usuarios totais: 14
$x_{3,28}$
	 $y_{3,28,9}$ = 19.060293001898586 dB
	 $y_{3,28,28}$ = 87.01103487370943 dB
		SNR medio:  35.35710929186934
		Usuarios totais: 3
$x_{3,32}$
	 $y_{3,32,40}$ = 15.087924363669075 dB
	 $y_{3,32,1}$ = 13.73753380783208 dB
	 $y_{3,32,2}$ = 11.348707458840039 dB
	 $y_{3,32,22}$ = 26.578785346255003 dB
	 $y_{3,32,30}$ = 30.853383386332283 dB
	 $y_{3,32,31}$ = 30.309591972301362 dB
	 $y_{3,32,41}$ = 26.85883136854062 dB
	 $y_{3,32,42}$ = 30.52239617927428 dB
	 $y_{3,32,43}$ = 19.840552082987656 dB
	 $y_{3,32,50}$ = 10.276669561463862 dB
	 $y_{3,32,51}$ = 10.386958583485637 dB
	 $y_{3,32,55}$ = 11.807585370688486 dB
	 $y_{3,32,61}$ = 12.937198319209045 dB
	 $y_{3,32,70}$ = 12.724427873405176 dB
	 $y_{3,32,4}$ = 12.532146857758207 dB
	 $y_{3,32,11}$ = 24.16566043732817 dB
	 $y_{3,32,12}$ = 23.39111360266071 dB
	 $y_{3,32,46}$ = 18.86287926250216 dB
	 $y_{3,32,54}$ = 13.453358475455602 dB
		SNR medio:  9.612856873242958
		Usuarios totais: 37
$x_{3,64}$
	 $y_{3,64,87}$ = 10.388284391818488 dB
	 $y_{3,64,64}$ = 88.11121558117976 dB
	 $y_{3,64,65}$ = 34.06710705007105 dB
	 $y_{3,64,75}$ = 13.502958509161516 dB
	 $y_{3,64,95}$ = 18.0064894600209 dB
	 $y_{3,64,34}$ = 13.47434544073667 dB
		SNR medio:  4.43876001082471
		Usuarios totais: 40
$x_{3,68}$
	 $y_{3,68,68}$ = 86.3742456477967 dB
	 $y_{3,68,69}$ = 29.77242075926209 dB
	 $y_{3,68,89}$ = 23.40942142664096 dB
	 $y_{3,68,98}$ = 15.185469309589593 dB
	 $y_{3,68,99}$ = 12.90077856882256 dB
	 $y_{3,68,38}$ = 10.838779260672936 dB
	 $y_{3,68,48}$ = 15.957430514539524 dB
	 $y_{3,68,49}$ = 15.81134805328037 dB
	 $y_{3,68,58}$ = 29.792990313268177 dB
	 $y_{3,68,59}$ = 23.058598276452997 dB
	 $y_{3,68,76}$ = 15.844299498597906 dB
		SNR medio:  12.679353710405627
		Usuarios totais: 22
$x_{3,92}$
	 $y_{3,92,60}$ = 14.214576475144213 dB
	 $y_{3,92,80}$ = 15.73900888362492 dB
	 $y_{3,92,90}$ = 15.473888860307412 dB
	 $y_{3,92,91}$ = 33.74213579069985 dB
	 $y_{3,92,93}$ = 34.15848820473023 dB
	 $y_{3,92,94}$ = 17.594185825664113 dB
	 $y_{3,92,71}$ = 11.752401871259536 dB
	 $y_{3,92,72}$ = 16.226394461889868 dB
	 $y_{3,92,81}$ = 18.056652693538922 dB
	 $y_{3,92,83}$ = 21.555451875619795 dB
	 $y_{3,92,92}$ = 81.7509458178539 dB
		SNR medio:  21.558779289256368
		Usuarios totais: 13
Distances:
0 : 16 = 2433.105012119288
0 : 28 = 3298.4845004941285
0 : 32 = 1442.2205101855957
0 : 64 = 2884.4410203711914
0 : 68 = 4000.0
0 : 92 = 3687.817782917155
16 : 28 = 894.4271909999159
16 : 32 = 1788.8543819998317
16 : 64 = 2154.0659228538016
16 : 68 = 2154.0659228538016
16 : 92 = 3577.7087639996635
28 : 32 = 2433.105012119288
28 : 64 = 2262.741699796952
28 : 68 = 1600.0
28 : 92 = 3687.817782917155
32 : 64 = 1442.2205101855957
32 : 68 = 2683.281572999748
32 : 92 = 2400.0
64 : 68 = 1600.0
64 : 92 = 1442.2205101855957
68 : 92 = 2683.281572999748
t=4
Antennas: [ 0 16 28 32 64 68 92]
Users: [ 0  1  2  3  5  6  7  8  9 11 12 13 14 15 20 21 23 24 25 26 27 31 32 33
 36 37 38 39 40 41 43 45 46 50 52 53 54 55 57 58 59 60 61 62 63 64 65 66
 67 69 72 73 75 76 77 78 79 80 81 82 83 85 87 88 89 90 91 92 94 95 96 97
 98 99]
MinSINR:  10.0
$x_{4,0}$
	 $y_{4,0,0}$ = 89.60640838408546 dB
	 $y_{4,0,1}$ = 32.24342222007148 dB
	 $y_{4,0,2}$ = 29.82842112995739 dB
	 $y_{4,0,3}$ = 14.130716511803826 dB
	 $y_{4,0,14}$ = 13.159468124537852 dB
	 $y_{4,0,20}$ = 12.59280082594259 dB
	 $y_{4,0,21}$ = 18.9928176455237 dB
	 $y_{4,0,31}$ = 15.33933187107229 dB
	 $y_{4,0,41}$ = 11.89807236847615 dB
	 $y_{4,0,50}$ = 11.142356019880879 dB
		SNR medio:  19.14875500779628
		Usuarios totais: 13
$x_{4,16}$
	 $y_{4,16,5}$ = 25.24637848835802 dB
	 $y_{4,16,15}$ = 26.6066169995902 dB
	 $y_{4,16,23}$ = 12.084458961985689 dB
	 $y_{4,16,24}$ = 13.527746353921117 dB
	 $y_{4,16,33}$ = 13.651981175986734 dB
	 $y_{4,16,45}$ = 14.10131583171318 dB
		SNR medio:  10.521849781155494
		Usuarios totais: 10
$x_{4,28}$
	 $y_{4,28,9}$ = 19.060293001898586 dB
	 $y_{4,28,7}$ = 10.508194325657854 dB
	 $y_{4,28,8}$ = 22.541025661316425 dB
	 $y_{4,28,26}$ = 12.694735272949288 dB
	 $y_{4,28,27}$ = 30.61490452852435 dB
	 $y_{4,28,39}$ = 31.10413529951495 dB
	 $y_{4,28,6}$ = 19.88599034775322 dB
	 $y_{4,28,36}$ = 17.642355898982345 dB
		SNR medio:  11.7179738811855
		Usuarios totais: 14
$x_{4,32}$
	 $y_{4,32,40}$ = 15.087924363669075 dB
	 $y_{4,32,32}$ = 81.46470730731897 dB
	 $y_{4,32,43}$ = 19.840552082987656 dB
	 $y_{4,32,52}$ = 11.248134796359153 dB
	 $y_{4,32,53}$ = 11.14390898273453 dB
	 $y_{4,32,55}$ = 11.807585370688486 dB
	 $y_{4,32,61}$ = 12.937198319209045 dB
	 $y_{4,32,62}$ = 11.035854710806944 dB
	 $y_{4,32,11}$ = 24.16566043732817 dB
	 $y_{4,32,12}$ = 23.39111360266071 dB
	 $y_{4,32,13}$ = 21.126350120222924 dB
	 $y_{4,32,25}$ = 13.170343531112792 dB
	 $y_{4,32,63}$ = 13.799158587684019 dB
	 $y_{4,32,54}$ = 13.453358475455602 dB
		SNR medio:  8.104910019663947
		Usuarios totais: 35
$x_{4,64}$
	 $y_{4,64,87}$ = 10.388284391818488 dB
	 $y_{4,64,96}$ = 11.70281656930203 dB
	 $y_{4,64,64}$ = 88.11121558117976 dB
		SNR medio:  15.74318807747147
		Usuarios totais: 7
$x_{4,68}$
	 $y_{4,68,69}$ = 29.77242075926209 dB
	 $y_{4,68,79}$ = 18.092897051813907 dB
	 $y_{4,68,88}$ = 10.873993936814003 dB
	 $y_{4,68,89}$ = 23.40942142664096 dB
	 $y_{4,68,97}$ = 20.503077062627156 dB
	 $y_{4,68,98}$ = 15.185469309589593 dB
	 $y_{4,68,99}$ = 12.90077856882256 dB
	 $y_{4,68,38}$ = 10.838779260672936 dB
	 $y_{4,68,57}$ = 27.018673956087667 dB
	 $y_{4,68,58}$ = 29.792990313268177 dB
	 $y_{4,68,59}$ = 23.058598276452997 dB
	 $y_{4,68,67}$ = 32.86896666849475 dB
	 $y_{4,68,76}$ = 15.844299498597906 dB
	 $y_{4,68,77}$ = 24.371227786534945 dB
	 $y_{4,68,78}$ = 29.15214612650169 dB
	 $y_{4,68,85}$ = 14.607461819936148 dB
	 $y_{4,68,37}$ = 14.870177819993117 dB
	 $y_{4,68,66}$ = 25.889775112828218 dB
	 $y_{4,68,75}$ = 10.871376514530652 dB
	 $y_{4,68,46}$ = 14.478666374057042 dB
		SNR medio:  10.6421367800928
		Usuarios totais: 38
$x_{4,92}$
	 $y_{4,92,60}$ = 14.214576475144213 dB
	 $y_{4,92,80}$ = 15.73900888362492 dB
	 $y_{4,92,90}$ = 15.473888860307412 dB
	 $y_{4,92,91}$ = 33.74213579069985 dB
	 $y_{4,92,94}$ = 17.594185825664113 dB
	 $y_{4,92,72}$ = 16.226394461889868 dB
	 $y_{4,92,81}$ = 18.056652693538922 dB
	 $y_{4,92,82}$ = 25.81154088546981 dB
	 $y_{4,92,83}$ = 21.555451875619795 dB
	 $y_{4,92,92}$ = 81.7509458178539 dB
	 $y_{4,92,65}$ = 10.251259945880719 dB
	 $y_{4,92,73}$ = 21.963143960895877 dB
	 $y_{4,92,95}$ = 17.830890558699025 dB
		SNR medio:  7.954104513725345
		Usuarios totais: 39
Distances:
0 : 16 = 2433.105012119288
0 : 28 = 3298.4845004941285
0 : 32 = 1442.2205101855957
0 : 64 = 2884.4410203711914
0 : 68 = 4000.0
0 : 92 = 3687.817782917155
16 : 28 = 894.4271909999159
16 : 32 = 1788.8543819998317
16 : 64 = 2154.0659228538016
16 : 68 = 2154.0659228538016
16 : 92 = 3577.7087639996635
28 : 32 = 2433.105012119288
28 : 64 = 2262.741699796952
28 : 68 = 1600.0
28 : 92 = 3687.817782917155
32 : 64 = 1442.2205101855957
32 : 68 = 2683.281572999748
32 : 92 = 2400.0
64 : 68 = 1600.0
64 : 92 = 1442.2205101855957
68 : 92 = 2683.281572999748
t=5
Antennas: [ 0 16 28 32 64 68 90 92]
Users: [ 0  2  4  5  6  7  8  9 11 12 13 15 16 17 18 19 20 21 22 23 26 27 29 31
 32 34 36 37 38 39 40 41 42 43 44 45 46 47 48 49 50 51 52 53 54 55 56 58
 59 60 61 62 63 64 65 66 68 69 70 71 72 73 74 75 76 77 78 79 81 82 83 84
 85 86 88 89 90 91 92 93 94 95 96 97 98 99]
MinSINR:  10.0
$x_{5,0}$
	 $y_{5,0,0}$ = 89.60640838408546 dB
	 $y_{5,0,2}$ = 29.82842112995739 dB
	 $y_{5,0,20}$ = 12.59280082594259 dB
	 $y_{5,0,21}$ = 18.9928176455237 dB
	 $y_{5,0,22}$ = 23.169111111762334 dB
	 $y_{5,0,31}$ = 15.33933187107229 dB
	 $y_{5,0,41}$ = 11.89807236847615 dB
	 $y_{5,0,50}$ = 11.142356019880879 dB
		SNR medio:  14.171287957113384
		Usuarios totais: 15
$x_{5,16}$
	 $y_{5,16,5}$ = 25.24637848835802 dB
	 $y_{5,16,15}$ = 26.6066169995902 dB
	 $y_{5,16,7}$ = 30.998726779991216 dB
	 $y_{5,16,8}$ = 21.613329859897846 dB
	 $y_{5,16,16}$ = 86.72261503446512 dB
	 $y_{5,16,18}$ = 11.380822982743581 dB
	 $y_{5,16,19}$ = 19.72459295702086 dB
	 $y_{5,16,23}$ = 12.084458961985689 dB
	 $y_{5,16,26}$ = 22.008763955933176 dB
	 $y_{5,16,27}$ = 22.95889920085287 dB
	 $y_{5,16,39}$ = 12.728177787381327 dB
	 $y_{5,16,45}$ = 14.10131583171318 dB
	 $y_{5,16,6}$ = 24.004086576869923 dB
	 $y_{5,16,36}$ = 22.484103507787907 dB
		SNR medio:  14.694287038524623
		Usuarios totais: 24
$x_{5,28}$
	 $y_{5,28,9}$ = 19.060293001898586 dB
	 $y_{5,28,29}$ = 30.904289019773287 dB
		SNR medio:  24.982291010835937
		Usuarios totais: 2
$x_{5,32}$
	 $y_{5,32,40}$ = 15.087924363669075 dB
	 $y_{5,32,32}$ = 81.46470730731897 dB
	 $y_{5,32,42}$ = 30.52239617927428 dB
	 $y_{5,32,43}$ = 19.840552082987656 dB
	 $y_{5,32,44}$ = 14.094919362760521 dB
	 $y_{5,32,52}$ = 11.248134796359153 dB
	 $y_{5,32,53}$ = 11.14390898273453 dB
	 $y_{5,32,55}$ = 11.807585370688486 dB
	 $y_{5,32,62}$ = 11.035854710806944 dB
	 $y_{5,32,74}$ = 10.646302361796899 dB
	 $y_{5,32,4}$ = 12.532146857758207 dB
	 $y_{5,32,11}$ = 24.16566043732817 dB
	 $y_{5,32,12}$ = 23.39111360266071 dB
	 $y_{5,32,13}$ = 21.126350120222924 dB
	 $y_{5,32,17}$ = 12.628632391965652 dB
	 $y_{5,32,34}$ = 13.124007125757402 dB
	 $y_{5,32,46}$ = 18.86287926250216 dB
	 $y_{5,32,51}$ = 10.386958583485637 dB
	 $y_{5,32,70}$ = 12.724427873405176 dB
		SNR medio:  9.380370814704683
		Usuarios totais: 39
$x_{5,64}$
	 $y_{5,64,86}$ = 16.079026983241505 dB
	 $y_{5,64,96}$ = 11.70281656930203 dB
	 $y_{5,64,56}$ = 11.808214157392797 dB
	 $y_{5,64,64}$ = 88.11121558117976 dB
	 $y_{5,64,66}$ = 16.644565998834068 dB
	 $y_{5,64,84}$ = 16.900322462652113 dB
	 $y_{5,64,95}$ = 18.0064894600209 dB
	 $y_{5,64,61}$ = 13.563585361317621 dB
	 $y_{5,64,71}$ = 12.545622079811366 dB
	 $y_{5,64,72}$ = 20.93939480265331 dB
	 $y_{5,64,73}$ = 24.651214888573946 dB
	 $y_{5,64,81}$ = 11.604025660461787 dB
	 $y_{5,64,82}$ = 15.922199749108401 dB
	 $y_{5,64,92}$ = 10.971775047121213 dB
	 $y_{5,64,54}$ = 31.54112019615117 dB
		SNR medio:  8.916433027717277
		Usuarios totais: 36
$x_{5,68}$
	 $y_{5,68,68}$ = 86.3742456477967 dB
	 $y_{5,68,69}$ = 29.77242075926209 dB
	 $y_{5,68,79}$ = 18.092897051813907 dB
	 $y_{5,68,88}$ = 10.873993936814003 dB
	 $y_{5,68,89}$ = 23.40942142664096 dB
	 $y_{5,68,97}$ = 20.503077062627156 dB
	 $y_{5,68,98}$ = 15.185469309589593 dB
	 $y_{5,68,99}$ = 12.90077856882256 dB
	 $y_{5,68,38}$ = 10.838779260672936 dB
	 $y_{5,68,48}$ = 15.957430514539524 dB
	 $y_{5,68,49}$ = 15.81134805328037 dB
	 $y_{5,68,58}$ = 29.792990313268177 dB
	 $y_{5,68,59}$ = 23.058598276452997 dB
	 $y_{5,68,76}$ = 15.844299498597906 dB
	 $y_{5,68,77}$ = 24.371227786534945 dB
	 $y_{5,68,78}$ = 29.15214612650169 dB
	 $y_{5,68,85}$ = 14.607461819936148 dB
	 $y_{5,68,37}$ = 14.870177819993117 dB
	 $y_{5,68,47}$ = 11.566252040351202 dB
		SNR medio:  10.574575381837397
		Usuarios totais: 40
$x_{5,90}$
	 $y_{5,90,90}$ = 86.747208339802 dB
		SNR medio:  86.747208339802
		Usuarios totais: 1
$x_{5,92}$
	 $y_{5,92,60}$ = 14.214576475144213 dB
	 $y_{5,92,93}$ = 34.15848820473023 dB
	 $y_{5,92,94}$ = 17.594185825664113 dB
	 $y_{5,92,83}$ = 21.555451875619795 dB
	 $y_{5,92,91}$ = 33.74213579069985 dB
	 $y_{5,92,65}$ = 10.251259945880719 dB
	 $y_{5,92,75}$ = 12.003175573504052 dB
	 $y_{5,92,63}$ = 14.579196962233908 dB
		SNR medio:  3.952461766336922
		Usuarios totais: 40
Distances:
0 : 16 = 2433.105012119288
0 : 28 = 3298.4845004941285
0 : 32 = 1442.2205101855957
0 : 64 = 2884.4410203711914
0 : 68 = 4000.0
0 : 90 = 3600.0
0 : 92 = 3687.817782917155
16 : 28 = 894.4271909999159
16 : 32 = 1788.8543819998317
16 : 64 = 2154.0659228538016
16 : 68 = 2154.0659228538016
16 : 90 = 4000.0
16 : 92 = 3577.7087639996635
28 : 32 = 2433.105012119288
28 : 64 = 2262.741699796952
28 : 68 = 1600.0
28 : 90 = 4252.05832509386
28 : 92 = 3687.817782917155
32 : 64 = 1442.2205101855957
32 : 68 = 2683.281572999748
32 : 90 = 2529.8221281347037
32 : 92 = 2400.0
64 : 68 = 1600.0
64 : 90 = 2000.0
64 : 92 = 1442.2205101855957
68 : 90 = 3417.6014981270123
68 : 92 = 2683.281572999748
90 : 92 = 800.0
t=6
Antennas: [ 0 16 28 32 64 68 90 92]
Users: [ 0  1  2  3  4  5  6  7  9 10 11 12 13 14 15 16 17 18 19 20 23 24 25 26
 27 28 29 31 32 33 34 35 36 38 40 41 42 43 44 45 46 47 48 49 51 52 53 54
 55 56 58 59 60 62 63 64 66 68 69 71 73 75 76 77 78 79 82 84 85 87 88 90
 93 94 95 96 99]
MinSINR:  10.0
$x_{6,0}$
	 $y_{6,0,0}$ = 89.60640838408546 dB
	 $y_{6,0,1}$ = 32.24342222007148 dB
	 $y_{6,0,2}$ = 29.82842112995739 dB
	 $y_{6,0,3}$ = 14.130716511803826 dB
	 $y_{6,0,10}$ = 30.040510344082065 dB
	 $y_{6,0,14}$ = 13.159468124537852 dB
	 $y_{6,0,20}$ = 12.59280082594259 dB
	 $y_{6,0,31}$ = 15.33933187107229 dB
	 $y_{6,0,41}$ = 11.89807236847615 dB
		SNR medio:  13.096797462106796
		Usuarios totais: 19
$x_{6,16}$
	 $y_{6,16,5}$ = 25.24637848835802 dB
	 $y_{6,16,15}$ = 26.6066169995902 dB
	 $y_{6,16,16}$ = 86.72261503446512 dB
	 $y_{6,16,23}$ = 12.084458961985689 dB
	 $y_{6,16,24}$ = 13.527746353921117 dB
	 $y_{6,16,33}$ = 13.651981175986734 dB
	 $y_{6,16,45}$ = 14.10131583171318 dB
	 $y_{6,16,36}$ = 22.484103507787907 dB
		SNR medio:  14.295014423587197
		Usuarios totais: 15
$x_{6,28}$
	 $y_{6,28,9}$ = 19.060293001898586 dB
	 $y_{6,28,29}$ = 30.904289019773287 dB
	 $y_{6,28,7}$ = 10.508194325657854 dB
	 $y_{6,28,18}$ = 33.99748729661712 dB
	 $y_{6,28,19}$ = 25.637188553998897 dB
	 $y_{6,28,26}$ = 12.694735272949288 dB
	 $y_{6,28,27}$ = 30.61490452852435 dB
	 $y_{6,28,38}$ = 24.511167684460972 dB
	 $y_{6,28,48}$ = 15.900955513185806 dB
	 $y_{6,28,49}$ = 18.278306323063134 dB
	 $y_{6,28,58}$ = 15.481873349493412 dB
	 $y_{6,28,59}$ = 11.177738338793176 dB
	 $y_{6,28,6}$ = 19.88599034775322 dB
	 $y_{6,28,17}$ = 25.387895647411895 dB
	 $y_{6,28,25}$ = 13.642607534650963 dB
	 $y_{6,28,28}$ = 87.01103487370943 dB
	 $y_{6,28,47}$ = 15.05711413989421 dB
		SNR medio:  10.243794393795891
		Usuarios totais: 40
$x_{6,32}$
	 $y_{6,32,40}$ = 15.087924363669075 dB
	 $y_{6,32,32}$ = 81.46470730731897 dB
	 $y_{6,32,42}$ = 30.52239617927428 dB
	 $y_{6,32,43}$ = 19.840552082987656 dB
	 $y_{6,32,44}$ = 14.094919362760521 dB
	 $y_{6,32,52}$ = 11.248134796359153 dB
	 $y_{6,32,53}$ = 11.14390898273453 dB
	 $y_{6,32,55}$ = 11.807585370688486 dB
	 $y_{6,32,62}$ = 11.035854710806944 dB
	 $y_{6,32,4}$ = 12.532146857758207 dB
	 $y_{6,32,11}$ = 24.16566043732817 dB
	 $y_{6,32,12}$ = 23.39111360266071 dB
	 $y_{6,32,13}$ = 21.126350120222924 dB
	 $y_{6,32,35}$ = 17.799374423944897 dB
	 $y_{6,32,46}$ = 18.86287926250216 dB
	 $y_{6,32,51}$ = 10.386958583485637 dB
	 $y_{6,32,73}$ = 11.609405810841963 dB
	 $y_{6,32,54}$ = 13.453358475455602 dB
		SNR medio:  9.219826428994867
		Usuarios totais: 39
$x_{6,64}$
	 $y_{6,64,87}$ = 10.388284391818488 dB
	 $y_{6,64,96}$ = 11.70281656930203 dB
	 $y_{6,64,64}$ = 88.11121558117976 dB
	 $y_{6,64,71}$ = 12.545622079811366 dB
	 $y_{6,64,82}$ = 15.922199749108401 dB
		SNR medio:  10.666933720863081
		Usuarios totais: 13
$x_{6,68}$
	 $y_{6,68,68}$ = 86.3742456477967 dB
	 $y_{6,68,69}$ = 29.77242075926209 dB
	 $y_{6,68,79}$ = 18.092897051813907 dB
	 $y_{6,68,88}$ = 10.873993936814003 dB
	 $y_{6,68,99}$ = 12.90077856882256 dB
	 $y_{6,68,76}$ = 15.844299498597906 dB
	 $y_{6,68,77}$ = 24.371227786534945 dB
	 $y_{6,68,78}$ = 29.15214612650169 dB
	 $y_{6,68,85}$ = 14.607461819936148 dB
	 $y_{6,68,56}$ = 19.116019255061673 dB
	 $y_{6,68,66}$ = 25.889775112828218 dB
	 $y_{6,68,75}$ = 10.871376514530652 dB
	 $y_{6,68,84}$ = 14.492863300803322 dB
	 $y_{6,68,95}$ = 12.122862541147839 dB
	 $y_{6,68,34}$ = 10.389166535230402 dB
	 $y_{6,68,63}$ = 10.715599498100516 dB
		SNR medio:  9.873918112965214
		Usuarios totais: 35
$x_{6,90}$
	 $y_{6,90,90}$ = 86.747208339802 dB
		SNR medio:  86.747208339802
		Usuarios totais: 1
$x_{6,92}$
	 $y_{6,92,60}$ = 14.214576475144213 dB
	 $y_{6,92,93}$ = 34.15848820473023 dB
	 $y_{6,92,94}$ = 17.594185825664113 dB
		SNR medio:  16.49181262638464
		Usuarios totais: 4
Distances:
0 : 16 = 2433.105012119288
0 : 28 = 3298.4845004941285
0 : 32 = 1442.2205101855957
0 : 64 = 2884.4410203711914
0 : 68 = 4000.0
0 : 90 = 3600.0
0 : 92 = 3687.817782917155
16 : 28 = 894.4271909999159
16 : 32 = 1788.8543819998317
16 : 64 = 2154.0659228538016
16 : 68 = 2154.0659228538016
16 : 90 = 4000.0
16 : 92 = 3577.7087639996635
28 : 32 = 2433.105012119288
28 : 64 = 2262.741699796952
28 : 68 = 1600.0
28 : 90 = 4252.05832509386
28 : 92 = 3687.817782917155
32 : 64 = 1442.2205101855957
32 : 68 = 2683.281572999748
32 : 90 = 2529.8221281347037
32 : 92 = 2400.0
64 : 68 = 1600.0
64 : 90 = 2000.0
64 : 92 = 1442.2205101855957
68 : 90 = 3417.6014981270123
68 : 92 = 2683.281572999748
90 : 92 = 800.0
t=7
Antennas: [ 0 16 28 32 64 68 90 92]
Users: [ 0  1  3  4  5  6  7  8 10 11 12 13 14 15 19 22 23 24 26 27 28 31 32 33
 34 36 38 40 41 42 44 45 46 47 48 49 50 51 52 53 55 56 57 58 59 61 62 63
 64 66 67 68 69 70 71 72 73 74 75 77 78 79 80 82 83 85 86 88 89 90 91 92
 94 95 96 97 98]
MinSINR:  10.0
$x_{7,0}$
	 $y_{7,0,0}$ = 89.60640838408546 dB
	 $y_{7,0,1}$ = 32.24342222007148 dB
	 $y_{7,0,10}$ = 30.040510344082065 dB
	 $y_{7,0,22}$ = 23.169111111762334 dB
	 $y_{7,0,31}$ = 15.33933187107229 dB
	 $y_{7,0,41}$ = 11.89807236847615 dB
	 $y_{7,0,50}$ = 11.142356019880879 dB
		SNR medio:  17.78660102661922
		Usuarios totais: 12
$x_{7,16}$
	 $y_{7,16,5}$ = 25.24637848835802 dB
	 $y_{7,16,15}$ = 26.6066169995902 dB
	 $y_{7,16,3}$ = 14.322998796642935 dB
	 $y_{7,16,7}$ = 30.998726779991216 dB
	 $y_{7,16,8}$ = 21.613329859897846 dB
	 $y_{7,16,14}$ = 23.34232201767807 dB
	 $y_{7,16,19}$ = 19.72459295702086 dB
	 $y_{7,16,23}$ = 12.084458961985689 dB
	 $y_{7,16,24}$ = 13.527746353921117 dB
	 $y_{7,16,26}$ = 22.008763955933176 dB
	 $y_{7,16,27}$ = 22.95889920085287 dB
	 $y_{7,16,33}$ = 13.651981175986734 dB
	 $y_{7,16,45}$ = 14.10131583171318 dB
	 $y_{7,16,4}$ = 17.438929500970545 dB
	 $y_{7,16,6}$ = 24.004086576869923 dB
	 $y_{7,16,12}$ = 11.12816775219531 dB
	 $y_{7,16,13}$ = 10.54702924721181 dB
	 $y_{7,16,36}$ = 22.484103507787907 dB
	 $y_{7,16,47}$ = 10.607739272277385 dB
		SNR medio:  11.496715717318862
		Usuarios totais: 31
$x_{7,28}$
	 $y_{7,28,28}$ = 87.01103487370943 dB
		SNR medio:  87.01103487370943
		Usuarios totais: 1
$x_{7,32}$
	 $y_{7,32,40}$ = 15.087924363669075 dB
	 $y_{7,32,32}$ = 81.46470730731897 dB
		SNR medio:  32.184210556996014
		Usuarios totais: 3
$x_{7,64}$
	 $y_{7,64,86}$ = 16.079026983241505 dB
	 $y_{7,64,96}$ = 11.70281656930203 dB
	 $y_{7,64,42}$ = 10.293829213987536 dB
	 $y_{7,64,44}$ = 25.03888923715374 dB
	 $y_{7,64,52}$ = 15.332354049932121 dB
	 $y_{7,64,53}$ = 31.102254849003472 dB
	 $y_{7,64,55}$ = 24.504538530413726 dB
	 $y_{7,64,62}$ = 18.784944830701875 dB
	 $y_{7,64,74}$ = 30.299880857188057 dB
	 $y_{7,64,83}$ = 25.37874611669983 dB
	 $y_{7,64,11}$ = 11.174130075977743 dB
	 $y_{7,64,51}$ = 17.201637799772143 dB
	 $y_{7,64,61}$ = 13.563585361317621 dB
	 $y_{7,64,64}$ = 88.11121558117976 dB
	 $y_{7,64,71}$ = 12.545622079811366 dB
	 $y_{7,64,72}$ = 20.93939480265331 dB
	 $y_{7,64,73}$ = 24.651214888573946 dB
	 $y_{7,64,82}$ = 15.922199749108401 dB
	 $y_{7,64,63}$ = 27.931756239904274 dB
		SNR medio:  12.587372509026354
		Usuarios totais: 35
$x_{7,68}$
	 $y_{7,68,68}$ = 86.3742456477967 dB
	 $y_{7,68,69}$ = 29.77242075926209 dB
	 $y_{7,68,79}$ = 18.092897051813907 dB
	 $y_{7,68,88}$ = 10.873993936814003 dB
	 $y_{7,68,89}$ = 23.40942142664096 dB
	 $y_{7,68,97}$ = 20.503077062627156 dB
	 $y_{7,68,98}$ = 15.185469309589593 dB
	 $y_{7,68,38}$ = 10.838779260672936 dB
	 $y_{7,68,48}$ = 15.957430514539524 dB
	 $y_{7,68,49}$ = 15.81134805328037 dB
	 $y_{7,68,57}$ = 27.018673956087667 dB
	 $y_{7,68,58}$ = 29.792990313268177 dB
	 $y_{7,68,59}$ = 23.058598276452997 dB
	 $y_{7,68,67}$ = 32.86896666849475 dB
	 $y_{7,68,77}$ = 24.371227786534945 dB
	 $y_{7,68,78}$ = 29.15214612650169 dB
	 $y_{7,68,85}$ = 14.607461819936148 dB
	 $y_{7,68,56}$ = 19.116019255061673 dB
	 $y_{7,68,66}$ = 25.889775112828218 dB
	 $y_{7,68,75}$ = 10.871376514530652 dB
	 $y_{7,68,95}$ = 12.122862541147839 dB
	 $y_{7,68,34}$ = 10.389166535230402 dB
	 $y_{7,68,46}$ = 14.478666374057042 dB
		SNR medio:  13.698868797451828
		Usuarios totais: 38
$x_{7,90}$
	 $y_{7,90,90}$ = 86.747208339802 dB
	 $y_{7,90,91}$ = 29.73870455119571 dB
	 $y_{7,90,70}$ = 16.95762556407591 dB
		SNR medio:  19.063362636439088
		Usuarios totais: 7
$x_{7,92}$
	 $y_{7,92,94}$ = 17.594185825664113 dB
	 $y_{7,92,80}$ = 15.73900888362492 dB
	 $y_{7,92,92}$ = 81.7509458178539 dB
		SNR medio:  28.771035131785734
		Usuarios totais: 4
Distances:
0 : 16 = 2433.105012119288
0 : 28 = 3298.4845004941285
0 : 32 = 1442.2205101855957
0 : 64 = 2884.4410203711914
0 : 68 = 4000.0
0 : 90 = 3600.0
0 : 92 = 3687.817782917155
16 : 28 = 894.4271909999159
16 : 32 = 1788.8543819998317
16 : 64 = 2154.0659228538016
16 : 68 = 2154.0659228538016
16 : 90 = 4000.0
16 : 92 = 3577.7087639996635
28 : 32 = 2433.105012119288
28 : 64 = 2262.741699796952
28 : 68 = 1600.0
28 : 90 = 4252.05832509386
28 : 92 = 3687.817782917155
32 : 64 = 1442.2205101855957
32 : 68 = 2683.281572999748
32 : 90 = 2529.8221281347037
32 : 92 = 2400.0
64 : 68 = 1600.0
64 : 90 = 2000.0
64 : 92 = 1442.2205101855957
68 : 90 = 3417.6014981270123
68 : 92 = 2683.281572999748
90 : 92 = 800.0
t=8
Antennas: [ 0 16 28 32 64 68 90 92]
Users: [ 0  5  9 10 11 13 14 15 16 17 18 21 22 24 26 30 32 34 35 37 40 41 42 43
 44 46 47 48 50 52 53 54 55 56 57 60 62 63 64 65 66 67 68 69 72 74 77 81
 82 88 89 90 91 92 94 96 97 98 99]
MinSINR:  10.0
$x_{8,0}$
	 $y_{8,0,0}$ = 89.60640838408546 dB
	 $y_{8,0,10}$ = 30.040510344082065 dB
	 $y_{8,0,21}$ = 18.9928176455237 dB
	 $y_{8,0,22}$ = 23.169111111762334 dB
	 $y_{8,0,30}$ = 10.556477013264427 dB
		SNR medio:  34.4730648997436
		Usuarios totais: 5
$x_{8,16}$
	 $y_{8,16,5}$ = 25.24637848835802 dB
	 $y_{8,16,15}$ = 26.6066169995902 dB
	 $y_{8,16,14}$ = 23.34232201767807 dB
	 $y_{8,16,16}$ = 86.72261503446512 dB
	 $y_{8,16,18}$ = 11.380822982743581 dB
	 $y_{8,16,24}$ = 13.527746353921117 dB
	 $y_{8,16,26}$ = 22.008763955933176 dB
		SNR medio:  17.402938819390773
		Usuarios totais: 12
$x_{8,28}$
	 $y_{8,28,9}$ = 19.060293001898586 dB
		SNR medio:  6.353431000632862
		Usuarios totais: 3
$x_{8,32}$
	 $y_{8,32,40}$ = 15.087924363669075 dB
	 $y_{8,32,32}$ = 81.46470730731897 dB
	 $y_{8,32,41}$ = 26.85883136854062 dB
	 $y_{8,32,42}$ = 30.52239617927428 dB
	 $y_{8,32,43}$ = 19.840552082987656 dB
	 $y_{8,32,44}$ = 14.094919362760521 dB
	 $y_{8,32,50}$ = 10.276669561463862 dB
	 $y_{8,32,52}$ = 11.248134796359153 dB
	 $y_{8,32,53}$ = 11.14390898273453 dB
	 $y_{8,32,55}$ = 11.807585370688486 dB
	 $y_{8,32,62}$ = 11.035854710806944 dB
	 $y_{8,32,74}$ = 10.646302361796899 dB
	 $y_{8,32,11}$ = 24.16566043732817 dB
	 $y_{8,32,13}$ = 21.126350120222924 dB
	 $y_{8,32,17}$ = 12.628632391965652 dB
	 $y_{8,32,35}$ = 17.799374423944897 dB
		SNR medio:  13.739491825910946
		Usuarios totais: 24
$x_{8,64}$
	 $y_{8,64,96}$ = 11.70281656930203 dB
	 $y_{8,64,64}$ = 88.11121558117976 dB
		SNR medio:  33.2713440501606
		Usuarios totais: 3
$x_{8,68}$
	 $y_{8,68,68}$ = 86.3742456477967 dB
	 $y_{8,68,69}$ = 29.77242075926209 dB
	 $y_{8,68,88}$ = 10.873993936814003 dB
	 $y_{8,68,89}$ = 23.40942142664096 dB
	 $y_{8,68,97}$ = 20.503077062627156 dB
	 $y_{8,68,98}$ = 15.185469309589593 dB
	 $y_{8,68,99}$ = 12.90077856882256 dB
	 $y_{8,68,48}$ = 15.957430514539524 dB
	 $y_{8,68,57}$ = 27.018673956087667 dB
	 $y_{8,68,67}$ = 32.86896666849475 dB
	 $y_{8,68,77}$ = 24.371227786534945 dB
	 $y_{8,68,37}$ = 14.870177819993117 dB
	 $y_{8,68,47}$ = 11.566252040351202 dB
	 $y_{8,68,56}$ = 19.116019255061673 dB
	 $y_{8,68,65}$ = 10.732217550460177 dB
	 $y_{8,68,66}$ = 25.889775112828218 dB
	 $y_{8,68,34}$ = 10.389166535230402 dB
	 $y_{8,68,46}$ = 14.478666374057042 dB
	 $y_{8,68,63}$ = 10.715599498100516 dB
	 $y_{8,68,54}$ = 11.065446444673455 dB
		SNR medio:  11.890528507443495
		Usuarios totais: 36
$x_{8,90}$
	 $y_{8,90,90}$ = 86.747208339802 dB
		SNR medio:  43.373604169901
		Usuarios totais: 2
$x_{8,92}$
	 $y_{8,92,60}$ = 14.214576475144213 dB
	 $y_{8,92,94}$ = 17.594185825664113 dB
	 $y_{8,92,91}$ = 33.74213579069985 dB
	 $y_{8,92,72}$ = 16.226394461889868 dB
	 $y_{8,92,81}$ = 18.056652693538922 dB
	 $y_{8,92,82}$ = 25.81154088546981 dB
	 $y_{8,92,92}$ = 81.7509458178539 dB
		SNR medio:  18.854221086387334
		Usuarios totais: 11
Distances:
0 : 16 = 2433.105012119288
0 : 28 = 3298.4845004941285
0 : 32 = 1442.2205101855957
0 : 64 = 2884.4410203711914
0 : 68 = 4000.0
0 : 90 = 3600.0
0 : 92 = 3687.817782917155
16 : 28 = 894.4271909999159
16 : 32 = 1788.8543819998317
16 : 64 = 2154.0659228538016
16 : 68 = 2154.0659228538016
16 : 90 = 4000.0
16 : 92 = 3577.7087639996635
28 : 32 = 2433.105012119288
28 : 64 = 2262.741699796952
28 : 68 = 1600.0
28 : 90 = 4252.05832509386
28 : 92 = 3687.817782917155
32 : 64 = 1442.2205101855957
32 : 68 = 2683.281572999748
32 : 90 = 2529.8221281347037
32 : 92 = 2400.0
64 : 68 = 1600.0
64 : 90 = 2000.0
64 : 92 = 1442.2205101855957
68 : 90 = 3417.6014981270123
68 : 92 = 2683.281572999748
90 : 92 = 800.0
t=9
Antennas: [ 0 16 28 32 64 68 90 92]
Users: [ 0  2  3  4  6  8 11 15 16 17 18 19 20 21 22 26 27 28 29 32 33 35 36 37
 38 39 40 42 44 46 48 50 52 54 55 56 57 58 59 61 64 68 69 71 74 79 82 86
 87 93 96 97 98 99]
MinSINR:  10.0
$x_{9,0}$
	 $y_{9,0,0}$ = 89.60640838408546 dB
	 $y_{9,0,2}$ = 29.82842112995739 dB
	 $y_{9,0,3}$ = 14.130716511803826 dB
	 $y_{9,0,20}$ = 12.59280082594259 dB
	 $y_{9,0,21}$ = 18.9928176455237 dB
	 $y_{9,0,22}$ = 23.169111111762334 dB
	 $y_{9,0,50}$ = 11.142356019880879 dB
	 $y_{9,0,4}$ = 10.74172630386434 dB
	 $y_{9,0,11}$ = 22.524338288483335 dB
		SNR medio:  17.90220740163876
		Usuarios totais: 13
$x_{9,16}$
	 $y_{9,16,15}$ = 26.6066169995902 dB
	 $y_{9,16,16}$ = 86.72261503446512 dB
		SNR medio:  56.66461601702766
		Usuarios totais: 2
$x_{9,28}$
	 $y_{9,28,29}$ = 30.904289019773287 dB
	 $y_{9,28,8}$ = 22.541025661316425 dB
	 $y_{9,28,18}$ = 33.99748729661712 dB
	 $y_{9,28,19}$ = 25.637188553998897 dB
	 $y_{9,28,26}$ = 12.694735272949288 dB
	 $y_{9,28,27}$ = 30.61490452852435 dB
	 $y_{9,28,38}$ = 24.511167684460972 dB
	 $y_{9,28,39}$ = 31.10413529951495 dB
	 $y_{9,28,48}$ = 15.900955513185806 dB
	 $y_{9,28,58}$ = 15.481873349493412 dB
	 $y_{9,28,59}$ = 11.177738338793176 dB
	 $y_{9,28,6}$ = 19.88599034775322 dB
	 $y_{9,28,17}$ = 25.387895647411895 dB
	 $y_{9,28,28}$ = 87.01103487370943 dB
	 $y_{9,28,36}$ = 17.642355898982345 dB
	 $y_{9,28,37}$ = 25.384311856035296 dB
	 $y_{9,28,56}$ = 15.053515322974619 dB
	 $y_{9,28,46}$ = 14.766719331790767 dB
		SNR medio:  16.417761564188762
		Usuarios totais: 28
$x_{9,32}$
	 $y_{9,32,40}$ = 15.087924363669075 dB
	 $y_{9,32,32}$ = 81.46470730731897 dB
	 $y_{9,32,33}$ = 32.17575198567614 dB
		SNR medio:  42.90946121888806
		Usuarios totais: 3
$x_{9,64}$
	 $y_{9,64,86}$ = 16.079026983241505 dB
	 $y_{9,64,87}$ = 10.388284391818488 dB
	 $y_{9,64,96}$ = 11.70281656930203 dB
	 $y_{9,64,42}$ = 10.293829213987536 dB
	 $y_{9,64,44}$ = 25.03888923715374 dB
	 $y_{9,64,52}$ = 15.332354049932121 dB
	 $y_{9,64,55}$ = 24.504538530413726 dB
	 $y_{9,64,74}$ = 30.299880857188057 dB
	 $y_{9,64,35}$ = 12.138964180274797 dB
	 $y_{9,64,61}$ = 13.563585361317621 dB
	 $y_{9,64,64}$ = 88.11121558117976 dB
	 $y_{9,64,71}$ = 12.545622079811366 dB
	 $y_{9,64,82}$ = 15.922199749108401 dB
	 $y_{9,64,54}$ = 31.54112019615117 dB
		SNR medio:  18.67425452828708
		Usuarios totais: 17
$x_{9,68}$
	 $y_{9,68,68}$ = 86.3742456477967 dB
	 $y_{9,68,69}$ = 29.77242075926209 dB
	 $y_{9,68,79}$ = 18.092897051813907 dB
	 $y_{9,68,97}$ = 20.503077062627156 dB
	 $y_{9,68,98}$ = 15.185469309589593 dB
	 $y_{9,68,99}$ = 12.90077856882256 dB
	 $y_{9,68,57}$ = 27.018673956087667 dB
		SNR medio:  23.316395817333294
		Usuarios totais: 9
$x_{9,90}$
		Usuarios totais: 0
$x_{9,92}$
	 $y_{9,92,93}$ = 34.15848820473023 dB
		SNR medio:  34.15848820473023
		Usuarios totais: 1
Distances:
0 : 16 = 2433.105012119288
0 : 28 = 3298.4845004941285
0 : 32 = 1442.2205101855957
0 : 64 = 2884.4410203711914
0 : 68 = 4000.0
0 : 90 = 3600.0
0 : 92 = 3687.817782917155
16 : 28 = 894.4271909999159
16 : 32 = 1788.8543819998317
16 : 64 = 2154.0659228538016
16 : 68 = 2154.0659228538016
16 : 90 = 4000.0
16 : 92 = 3577.7087639996635
28 : 32 = 2433.105012119288
28 : 64 = 2262.741699796952
28 : 68 = 1600.0
28 : 90 = 4252.05832509386
28 : 92 = 3687.817782917155
32 : 64 = 1442.2205101855957
32 : 68 = 2683.281572999748
32 : 90 = 2529.8221281347037
32 : 92 = 2400.0
64 : 68 = 1600.0
64 : 90 = 2000.0
64 : 92 = 1442.2205101855957
68 : 90 = 3417.6014981270123
68 : 92 = 2683.281572999748
90 : 92 = 800.0
t=10
Antennas: [ 0 16 28 32 64 68 90 92]
Users: [ 0  2  3  4  7 10 18 19 20 21 22 23 25 26 27 34 36 44 45 46 48 51 53 56
 57 61 63 67 75 78 81 86 90 92 97]
MinSINR:  10.0
$x_{10,0}$
	 $y_{10,0,0}$ = 89.60640838408546 dB
	 $y_{10,0,2}$ = 29.82842112995739 dB
	 $y_{10,0,3}$ = 14.130716511803826 dB
	 $y_{10,0,10}$ = 30.040510344082065 dB
	 $y_{10,0,20}$ = 12.59280082594259 dB
	 $y_{10,0,21}$ = 18.9928176455237 dB
	 $y_{10,0,22}$ = 23.169111111762334 dB
	 $y_{10,0,4}$ = 10.74172630386434 dB
		SNR medio:  19.091876021418475
		Usuarios totais: 12
$x_{10,16}$
	 $y_{10,16,7}$ = 30.998726779991216 dB
	 $y_{10,16,18}$ = 11.380822982743581 dB
	 $y_{10,16,19}$ = 19.72459295702086 dB
	 $y_{10,16,23}$ = 12.084458961985689 dB
	 $y_{10,16,26}$ = 22.008763955933176 dB
	 $y_{10,16,27}$ = 22.95889920085287 dB
	 $y_{10,16,45}$ = 14.10131583171318 dB
	 $y_{10,16,25}$ = 25.03573153123415 dB
	 $y_{10,16,36}$ = 22.484103507787907 dB
	 $y_{10,16,34}$ = 11.875694121417752 dB
		SNR medio:  14.819469986975415
		Usuarios totais: 13
$x_{10,28}$
		Usuarios totais: 0
$x_{10,32}$
		Usuarios totais: 0
$x_{10,64}$
	 $y_{10,64,86}$ = 16.079026983241505 dB
	 $y_{10,64,44}$ = 25.03888923715374 dB
	 $y_{10,64,53}$ = 31.102254849003472 dB
	 $y_{10,64,51}$ = 17.201637799772143 dB
	 $y_{10,64,61}$ = 13.563585361317621 dB
	 $y_{10,64,81}$ = 11.604025660461787 dB
		SNR medio:  19.09823664849171
		Usuarios totais: 6
$x_{10,68}$
	 $y_{10,68,97}$ = 20.503077062627156 dB
	 $y_{10,68,48}$ = 15.957430514539524 dB
	 $y_{10,68,57}$ = 27.018673956087667 dB
	 $y_{10,68,67}$ = 32.86896666849475 dB
	 $y_{10,68,78}$ = 29.15214612650169 dB
	 $y_{10,68,56}$ = 19.116019255061673 dB
	 $y_{10,68,75}$ = 10.871376514530652 dB
	 $y_{10,68,46}$ = 14.478666374057042 dB
	 $y_{10,68,63}$ = 10.715599498100516 dB
		SNR medio:  13.89861199769236
		Usuarios totais: 13
$x_{10,90}$
	 $y_{10,90,90}$ = 86.747208339802 dB
		SNR medio:  86.747208339802
		Usuarios totais: 1
$x_{10,92}$
	 $y_{10,92,92}$ = 81.7509458178539 dB
		SNR medio:  81.7509458178539
		Usuarios totais: 1
Distances:
0 : 16 = 2433.105012119288
0 : 28 = 3298.4845004941285
0 : 32 = 1442.2205101855957
0 : 64 = 2884.4410203711914
0 : 68 = 4000.0
0 : 90 = 3600.0
0 : 92 = 3687.817782917155
16 : 28 = 894.4271909999159
16 : 32 = 1788.8543819998317
16 : 64 = 2154.0659228538016
16 : 68 = 2154.0659228538016
16 : 90 = 4000.0
16 : 92 = 3577.7087639996635
28 : 32 = 2433.105012119288
28 : 64 = 2262.741699796952
28 : 68 = 1600.0
28 : 90 = 4252.05832509386
28 : 92 = 3687.817782917155
32 : 64 = 1442.2205101855957
32 : 68 = 2683.281572999748
32 : 90 = 2529.8221281347037
32 : 92 = 2400.0
64 : 68 = 1600.0
64 : 90 = 2000.0
64 : 92 = 1442.2205101855957
68 : 90 = 3417.6014981270123
68 : 92 = 2683.281572999748
90 : 92 = 800.0
t=11
Antennas: [ 0 16 28 32 64 68 90 92]
Users: [ 4 13 16 31 34 41 45 46 48 60 64 89 99]
MinSINR:  10.0
$x_{11,0}$
		Usuarios totais: 0
$x_{11,16}$
	 $y_{11,16,16}$ = 86.72261503446512 dB
	 $y_{11,16,45}$ = 14.10131583171318 dB
		SNR medio:  50.41196543308915
		Usuarios totais: 2
$x_{11,28}$
		Usuarios totais: 0
$x_{11,32}$
	 $y_{11,32,31}$ = 30.309591972301362 dB
	 $y_{11,32,41}$ = 26.85883136854062 dB
	 $y_{11,32,4}$ = 12.532146857758207 dB
	 $y_{11,32,13}$ = 21.126350120222924 dB
	 $y_{11,32,34}$ = 13.124007125757402 dB
	 $y_{11,32,46}$ = 18.86287926250216 dB
		SNR medio:  15.351725838385335
		Usuarios totais: 8
$x_{11,64}$
	 $y_{11,64,64}$ = 88.11121558117976 dB
		SNR medio:  44.05560779058988
		Usuarios totais: 2
$x_{11,68}$
	 $y_{11,68,89}$ = 23.40942142664096 dB
	 $y_{11,68,99}$ = 12.90077856882256 dB
	 $y_{11,68,48}$ = 15.957430514539524 dB
		SNR medio:  13.066907627500761
		Usuarios totais: 4
$x_{11,90}$
		Usuarios totais: 0
$x_{11,92}$
	 $y_{11,92,60}$ = 14.214576475144213 dB
		SNR medio:  14.214576475144213
		Usuarios totais: 1
Distances:
0 : 16 = 2433.105012119288
0 : 28 = 3298.4845004941285
0 : 32 = 1442.2205101855957
0 : 64 = 2884.4410203711914
0 : 68 = 4000.0
0 : 90 = 3600.0
0 : 92 = 3687.817782917155
16 : 28 = 894.4271909999159
16 : 32 = 1788.8543819998317
16 : 64 = 2154.0659228538016
16 : 68 = 2154.0659228538016
16 : 90 = 4000.0
16 : 92 = 3577.7087639996635
28 : 32 = 2433.105012119288
28 : 64 = 2262.741699796952
28 : 68 = 1600.0
28 : 90 = 4252.05832509386
28 : 92 = 3687.817782917155
32 : 64 = 1442.2205101855957
32 : 68 = 2683.281572999748
32 : 90 = 2529.8221281347037
32 : 92 = 2400.0
64 : 68 = 1600.0
64 : 90 = 2000.0
64 : 92 = 1442.2205101855957
68 : 90 = 3417.6014981270123
68 : 92 = 2683.281572999748
90 : 92 = 800.0
--- Done after 0.4516931047042211 hours. ---
