-------------Calculating Solution (this may take a while)
+++++++++++++++++++Min Sinr: 5 dB (fixed)
+++++++++++++++++++With backhaul constraint. Start: 2022-11-12 17:12:12

Parameters:
- chosen seed 12
- Map with 100 sectors
- Map 4000 x 4000 m
- Sector has a side of 400 m
- Max time:  12
- users_t_m:  [[0, 0, 0, 0, 0, 0, 0, 0, 0, 0, 0, 0, 0, 0, 0, 0, 0, 0, 0, 0, 0, 0, 0, 0, 0, 0, 0, 0, 0, 0, 0, 0, 0, 0, 0, 0, 0, 0, 0, 0, 0, 0, 0, 0, 0, 0, 0, 0, 0, 0, 0, 0, 0, 1, 1, 0, 0, 0, 0, 0, 0, 0, 0, 0, 2, 18, 0, 0, 0, 0, 0, 0, 0, 0, 0, 1, 0, 0, 0, 0, 0, 0, 0, 0, 0, 0, 0, 0, 0, 0, 0, 0, 0, 0, 0, 0, 0, 0, 0, 0], [0, 0, 0, 0, 0, 1, 0, 0, 0, 0, 1, 0, 0, 1, 1, 0, 0, 0, 1, 0, 0, 0, 0, 1, 0, 0, 0, 0, 0, 0, 0, 0, 0, 0, 2, 0, 0, 0, 0, 0, 0, 0, 0, 0, 0, 0, 0, 1, 0, 0, 1, 0, 1, 2, 1, 4, 0, 0, 1, 0, 0, 0, 0, 1, 5, 15, 0, 0, 0, 1, 0, 1, 0, 1, 0, 2, 0, 1, 0, 0, 0, 0, 0, 0, 0, 2, 0, 0, 0, 0, 0, 0, 0, 0, 0, 0, 0, 0, 0, 1], [0, 1, 1, 0, 1, 0, 1, 1, 0, 0, 1, 1, 0, 0, 1, 0, 3, 1, 1, 0, 1, 0, 0, 1, 1, 1, 1, 0, 1, 1, 0, 1, 0, 0, 0, 0, 1, 0, 1, 0, 1, 0, 0, 0, 0, 0, 0, 0, 0, 1, 0, 1, 0, 4, 5, 0, 0, 0, 0, 1, 0, 2, 0, 3, 2, 27, 1, 0, 0, 1, 0, 0, 1, 0, 0, 2, 0, 0, 1, 0, 1, 1, 1, 2, 0, 0, 0, 0, 0, 2, 0, 0, 1, 1, 1, 1, 0, 0, 0, 0], [1, 1, 2, 1, 1, 1, 1, 2, 2, 2, 0, 1, 1, 0, 0, 0, 2, 0, 2, 1, 0, 0, 4, 0, 2, 0, 0, 0, 1, 0, 1, 1, 0, 0, 1, 0, 0, 0, 2, 0, 2, 1, 3, 3, 0, 0, 1, 0, 2, 1, 2, 4, 0, 0, 4, 3, 0, 0, 2, 2, 1, 1, 0, 0, 6, 29, 0, 0, 1, 2, 1, 1, 1, 0, 0, 2, 1, 0, 0, 0, 1, 1, 0, 1, 0, 0, 0, 1, 0, 5, 1, 1, 2, 2, 1, 1, 0, 0, 2, 2], [2, 1, 1, 1, 0, 1, 1, 1, 3, 3, 0, 1, 2, 4, 2, 1, 0, 0, 0, 0, 1, 1, 0, 1, 3, 6, 1, 2, 0, 0, 0, 1, 3, 2, 0, 0, 2, 3, 1, 1, 1, 2, 0, 2, 0, 2, 1, 0, 0, 0, 1, 0, 1, 2, 3, 3, 0, 2, 2, 2, 3, 1, 3, 3, 3, 17, 1, 2, 0, 3, 0, 0, 2, 2, 0, 3, 2, 3, 3, 1, 2, 4, 1, 2, 0, 1, 0, 2, 1, 3, 1, 1, 1, 0, 2, 1, 2, 1, 1, 2], [2, 0, 2, 0, 2, 1, 1, 4, 2, 1, 0, 2, 2, 1, 0, 2, 2, 1, 3, 1, 4, 2, 1, 3, 0, 0, 1, 1, 0, 1, 0, 1, 3, 0, 2, 0, 1, 1, 3, 1, 1, 1, 1, 2, 1, 1, 2, 1, 2, 2, 2, 1, 3, 3, 3, 5, 2, 0, 1, 3, 1, 4, 3, 1, 9, 29, 2, 0, 3, 2, 2, 1, 2, 2, 2, 2, 2, 1, 1, 6, 0, 1, 1, 1, 2, 3, 2, 0, 2, 1, 1, 3, 1, 1, 2, 3, 1, 4, 1, 1], [2, 4, 2, 2, 1, 2, 2, 4, 0, 1, 2, 1, 2, 3, 1, 2, 2, 1, 1, 2, 2, 0, 0, 3, 1, 2, 2, 4, 2, 4, 0, 3, 3, 1, 4, 1, 2, 0, 2, 0, 2, 1, 3, 1, 3, 2, 5, 1, 4, 3, 0, 1, 3, 1, 1, 5, 3, 0, 3, 2, 1, 0, 2, 3, 5, 0, 1, 0, 2, 1, 0, 2, 0, 1, 0, 2, 1, 3, 1, 4, 0, 0, 2, 0, 1, 3, 0, 2, 2, 0, 1, 0, 0, 1, 2, 2, 2, 0, 0, 2], [2, 1, 0, 2, 1, 2, 3, 3, 3, 0, 1, 4, 2, 1, 3, 2, 0, 0, 0, 1, 0, 0, 1, 1, 1, 0, 1, 1, 1, 0, 0, 2, 1, 1, 1, 0, 1, 0, 2, 0, 2, 2, 1, 0, 2, 1, 2, 1, 1, 1, 3, 1, 2, 2, 0, 1, 1, 2, 3, 1, 0, 1, 1, 3, 2, 0, 4, 1, 1, 2, 2, 2, 1, 1, 2, 2, 0, 1, 3, 1, 1, 0, 1, 4, 0, 1, 2, 0, 2, 2, 4, 1, 2, 0, 1, 1, 2, 1, 2, 0], [1, 0, 0, 0, 0, 2, 0, 0, 0, 3, 1, 1, 0, 1, 1, 3, 2, 1, 2, 0, 0, 1, 1, 0, 1, 0, 1, 0, 0, 0, 1, 0, 4, 0, 1, 4, 0, 2, 0, 0, 1, 1, 2, 1, 1, 0, 2, 1, 3, 0, 1, 0, 1, 1, 2, 1, 3, 1, 0, 0, 1, 0, 2, 3, 1, 1, 1, 2, 1, 2, 0, 0, 1, 0, 1, 0, 0, 3, 0, 0, 0, 2, 3, 0, 0, 0, 0, 0, 2, 2, 2, 2, 1, 0, 1, 0, 2, 1, 1, 2], [2, 0, 2, 2, 1, 0, 2, 0, 2, 0, 0, 2, 0, 0, 0, 1, 1, 1, 2, 2, 1, 1, 1, 0, 0, 0, 1, 1, 1, 2, 0, 0, 1, 1, 0, 1, 1, 2, 1, 2, 1, 0, 1, 0, 1, 0, 2, 0, 1, 0, 1, 0, 1, 0, 1, 1, 1, 1, 2, 2, 0, 1, 0, 0, 1, 0, 0, 0, 2, 2, 0, 2, 0, 0, 1, 0, 0, 0, 0, 1, 0, 0, 2, 0, 0, 0, 1, 2, 0, 0, 0, 0, 0, 1, 0, 0, 1, 1, 1, 1], [3, 0, 2, 1, 1, 0, 0, 1, 0, 0, 1, 0, 0, 0, 0, 0, 0, 0, 2, 1, 2, 1, 1, 1, 0, 1, 1, 2, 0, 0, 0, 0, 0, 0, 1, 0, 1, 0, 0, 0, 0, 0, 0, 0, 1, 2, 1, 0, 2, 0, 0, 1, 0, 1, 0, 0, 1, 2, 0, 0, 0, 1, 0, 1, 0, 0, 0, 1, 0, 0, 0, 0, 0, 0, 0, 1, 0, 0, 2, 0, 0, 1, 0, 0, 0, 0, 1, 0, 0, 0, 1, 0, 1, 0, 0, 0, 0, 2, 0, 0], [0, 0, 0, 0, 1, 0, 0, 0, 0, 0, 0, 0, 0, 1, 0, 0, 1, 0, 0, 0, 0, 0, 0, 0, 0, 0, 0, 0, 0, 0, 0, 1, 0, 0, 1, 0, 0, 0, 0, 0, 0, 2, 0, 0, 0, 1, 2, 0, 2, 0, 0, 0, 0, 0, 0, 0, 0, 0, 0, 0, 1, 0, 0, 0, 2, 0, 0, 0, 0, 0, 0, 0, 0, 0, 0, 0, 0, 0, 0, 0, 0, 0, 0, 0, 0, 0, 0, 0, 0, 1, 0, 0, 0, 0, 0, 0, 0, 0, 0, 1]]
MAX_USER_PER_ANTENNAS_m:  [60, 60, 60, 60, 60, 60, 60, 60, 60, 60, 60, 60, 60, 60, 60, 60, 60, 60, 60, 60, 60, 60, 60, 60, 60, 60, 60, 60, 60, 60, 60, 60, 60, 60, 60, 60, 60, 60, 60, 60, 60, 60, 60, 60, 60, 60, 60, 60, 60, 60, 60, 60, 60, 60, 60, 60, 60, 60, 60, 60, 60, 60, 60, 60, 60, 60, 60, 60, 60, 60, 60, 60, 60, 60, 60, 60, 60, 60, 60, 60, 60, 60, 60, 60, 60, 60, 60, 60, 60, 60, 60, 60, 60, 60, 60, 60, 60, 60, 60, 60]
antennas_map_m:  [1, 1, 1, 1, 1, 1, 1, 1, 1, 1, 1, 1, 1, 1, 1, 1, 1, 1, 1, 1, 1, 1, 1, 1, 1, 1, 1, 1, 1, 1, 1, 1, 1, 1, 1, 1, 1, 1, 1, 1, 1, 1, 1, 1, 1, 1, 1, 1, 1, 1, 1, 1, 1, 1, 1, 1, 1, 1, 1, 1, 1, 1, 1, 1, 1, 1, 1, 1, 1, 1, 1, 1, 1, 1, 1, 1, 1, 1, 1, 1, 1, 1, 1, 1, 1, 1, 1, 1, 1, 1, 1, 1, 1, 1, 1, 1, 1, 1, 1, 1]
FIRST_ANTENNA:  64
MIN_SNR_m:  [3.1622776601683795, 3.1622776601683795, 3.1622776601683795, 3.1622776601683795, 3.1622776601683795, 3.1622776601683795, 3.1622776601683795, 3.1622776601683795, 3.1622776601683795, 3.1622776601683795, 3.1622776601683795, 3.1622776601683795, 3.1622776601683795, 3.1622776601683795, 3.1622776601683795, 3.1622776601683795, 3.1622776601683795, 3.1622776601683795, 3.1622776601683795, 3.1622776601683795, 3.1622776601683795, 3.1622776601683795, 3.1622776601683795, 3.1622776601683795, 3.1622776601683795, 3.1622776601683795, 3.1622776601683795, 3.1622776601683795, 3.1622776601683795, 3.1622776601683795, 3.1622776601683795, 3.1622776601683795, 3.1622776601683795, 3.1622776601683795, 3.1622776601683795, 3.1622776601683795, 3.1622776601683795, 3.1622776601683795, 3.1622776601683795, 3.1622776601683795, 3.1622776601683795, 3.1622776601683795, 3.1622776601683795, 3.1622776601683795, 3.1622776601683795, 3.1622776601683795, 3.1622776601683795, 3.1622776601683795, 3.1622776601683795, 3.1622776601683795, 3.1622776601683795, 3.1622776601683795, 3.1622776601683795, 3.1622776601683795, 3.1622776601683795, 3.1622776601683795, 3.1622776601683795, 3.1622776601683795, 3.1622776601683795, 3.1622776601683795, 3.1622776601683795, 3.1622776601683795, 3.1622776601683795, 3.1622776601683795, 3.1622776601683795, 3.1622776601683795, 3.1622776601683795, 3.1622776601683795, 3.1622776601683795, 3.1622776601683795, 3.1622776601683795, 3.1622776601683795, 3.1622776601683795, 3.1622776601683795, 3.1622776601683795, 3.1622776601683795, 3.1622776601683795, 3.1622776601683795, 3.1622776601683795, 3.1622776601683795, 3.1622776601683795, 3.1622776601683795, 3.1622776601683795, 3.1622776601683795, 3.1622776601683795, 3.1622776601683795, 3.1622776601683795, 3.1622776601683795, 3.1622776601683795, 3.1622776601683795, 3.1622776601683795, 3.1622776601683795, 3.1622776601683795, 3.1622776601683795, 3.1622776601683795, 3.1622776601683795, 3.1622776601683795, 3.1622776601683795, 3.1622776601683795, 3.1622776601683795]
-MIN_DIST:  2000
- disaster percentage:  0

Média de carros: 3.6666666666666665
t=0
$x_{0,64}$
	 $y_{0,64,53}$ = 31.102254849003472 dB
	 $y_{0,64,54}$ = 31.54112019615117 dB
	 $y_{0,64,64}$ = 88.11121558117976 dB
	 $y_{0,64,65}$ = 34.06710705007105 dB
	 $y_{0,64,75}$ = 13.502958509161516 dB
		SNR medio: 81.12155101727025
		Usuarios totais: 23
Distances:
t=1
$x_{1,34}$
	 $y_{1,34,5}$ = 11.781839288607955 dB
	 $y_{1,34,10}$ = 6.091254588449175 dB
	 $y_{1,34,13}$ = 15.489675845068604 dB
	 $y_{1,34,14}$ = 12.424929151655846 dB
	 $y_{1,34,18}$ = 9.452379882533279 dB
	 $y_{1,34,34}$ = 85.25180371126066 dB
	 $y_{1,34,53}$ = 14.82358938987187 dB
	 $y_{1,34,58}$ = 10.431901848600177 dB
		SNR medio: 76.22090542554331
		Usuarios totais: 10
$x_{1,64}$
	 $y_{1,64,23}$ = 5.174148253867429 dB
	 $y_{1,64,47}$ = 8.448317971192068 dB
	 $y_{1,64,50}$ = 5.213466071545099 dB
	 $y_{1,64,52}$ = 15.332354049932121 dB
	 $y_{1,64,54}$ = 31.54112019615117 dB
	 $y_{1,64,55}$ = 24.504538530413726 dB
	 $y_{1,64,63}$ = 27.931756239904274 dB
	 $y_{1,64,64}$ = 88.11121558117976 dB
	 $y_{1,64,65}$ = 34.06710705007105 dB
	 $y_{1,64,69}$ = 8.986245182619172 dB
	 $y_{1,64,71}$ = 12.545622079811366 dB
	 $y_{1,64,73}$ = 24.651214888573946 dB
	 $y_{1,64,75}$ = 13.502958509161516 dB
	 $y_{1,64,77}$ = 10.08686859962043 dB
	 $y_{1,64,85}$ = 17.798093474670125 dB
		SNR medio: 76.35033880704047
		Usuarios totais: 38
$x_{1,67}$
	 $y_{1,67,99}$ = 14.775994674034663 dB
		SNR medio: 14.775994674034663
		Usuarios totais: 1
Distances:
34 : 64 = 1200.0
34 : 67 = 1697.0562748477141
64 : 67 = 1200.0
t=2
$x_{2,34}$
	 $y_{2,34,1}$ = 7.29751572723751 dB
	 $y_{2,34,2}$ = 9.35450075293052 dB
	 $y_{2,34,7}$ = 8.462724753547917 dB
	 $y_{2,34,14}$ = 12.424929151655846 dB
	 $y_{2,34,16}$ = 9.213853518649074 dB
	 $y_{2,34,18}$ = 9.452379882533279 dB
	 $y_{2,34,28}$ = 8.235806425708958 dB
	 $y_{2,34,36}$ = 18.288760619170205 dB
	 $y_{2,34,40}$ = 6.378849042118048 dB
	 $y_{2,34,53}$ = 14.82358938987187 dB
		SNR medio: 12.160227356913039
		Usuarios totais: 15
$x_{2,42}$
	 $y_{2,42,4}$ = 11.81074028986535 dB
	 $y_{2,42,10}$ = 12.952213273282183 dB
	 $y_{2,42,11}$ = 7.881049371339202 dB
	 $y_{2,42,17}$ = 7.3805766790340215 dB
	 $y_{2,42,20}$ = 7.84278914474578 dB
	 $y_{2,42,23}$ = 14.188730225520573 dB
	 $y_{2,42,24}$ = 14.688973863764858 dB
	 $y_{2,42,25}$ = 8.40304130345416 dB
	 $y_{2,42,31}$ = 24.223136398809686 dB
	 $y_{2,42,61}$ = 17.803168276012443 dB
	 $y_{2,42,63}$ = 20.979573649964905 dB
	 $y_{2,42,66}$ = 6.281870859425624 dB
	 $y_{2,42,75}$ = 9.238381989582393 dB
	 $y_{2,42,81}$ = 7.092081123689155 dB
		SNR medio: 16.195329510413924
		Usuarios totais: 18
$x_{2,64}$
	 $y_{2,64,6}$ = 13.382660007231948 dB
	 $y_{2,64,26}$ = 5.8953532300755 dB
	 $y_{2,64,49}$ = 8.845178587975951 dB
	 $y_{2,64,51}$ = 17.201637799772143 dB
	 $y_{2,64,54}$ = 31.54112019615117 dB
	 $y_{2,64,64}$ = 88.11121558117976 dB
	 $y_{2,64,65}$ = 34.06710705007105 dB
	 $y_{2,64,69}$ = 8.986245182619172 dB
	 $y_{2,64,72}$ = 20.93939480265331 dB
	 $y_{2,64,78}$ = 18.00408321452005 dB
	 $y_{2,64,80}$ = 8.181944308406656 dB
	 $y_{2,64,82}$ = 15.922199749108401 dB
	 $y_{2,64,83}$ = 25.37874611669983 dB
	 $y_{2,64,89}$ = 5.447572055478503 dB
	 $y_{2,64,92}$ = 10.971775047121213 dB
	 $y_{2,64,93}$ = 7.586764205879547 dB
	 $y_{2,64,94}$ = 8.688859024746023 dB
	 $y_{2,64,95}$ = 18.0064894600209 dB
		SNR medio: 75.55852233844837
		Usuarios totais: 51
$x_{2,67}$
	 $y_{2,67,29}$ = 16.620695500202885 dB
	 $y_{2,67,38}$ = 10.396217376646604 dB
	 $y_{2,67,59}$ = 16.37392787676015 dB
		SNR medio: 15.240614768008511
		Usuarios totais: 3
Distances:
34 : 42 = 894.4271909999159
34 : 64 = 1200.0
34 : 67 = 1697.0562748477141
42 : 64 = 1131.370849898476
42 : 67 = 2154.0659228538016
64 : 67 = 1200.0
t=3
$x_{3,34}$
	 $y_{3,34,1}$ = 7.29751572723751 dB
	 $y_{3,34,2}$ = 9.35450075293052 dB
	 $y_{3,34,7}$ = 8.462724753547917 dB
	 $y_{3,34,8}$ = 8.26673603152895 dB
	 $y_{3,34,9}$ = 10.189194445250351 dB
	 $y_{3,34,16}$ = 9.213853518649074 dB
	 $y_{3,34,18}$ = 9.452379882533279 dB
	 $y_{3,34,28}$ = 8.235806425708958 dB
	 $y_{3,34,34}$ = 85.25180371126066 dB
	 $y_{3,34,41}$ = 8.931379700400043 dB
	 $y_{3,34,58}$ = 10.431901848600177 dB
	 $y_{3,34,75}$ = 6.958537278563682 dB
	 $y_{3,34,76}$ = 7.0728742797653865 dB
	 $y_{3,34,93}$ = 5.830978396446284 dB
		SNR medio: 73.79052458224282
		Usuarios totais: 23
$x_{3,42}$
	 $y_{3,42,0}$ = 8.116794957353505 dB
	 $y_{3,42,3}$ = 11.647315981087274 dB
	 $y_{3,42,4}$ = 11.81074028986535 dB
	 $y_{3,42,5}$ = 8.646906300844748 dB
	 $y_{3,42,11}$ = 7.881049371339202 dB
	 $y_{3,42,12}$ = 14.32411687276226 dB
	 $y_{3,42,24}$ = 14.688973863764858 dB
	 $y_{3,42,30}$ = 12.330462567014877 dB
	 $y_{3,42,42}$ = 88.435423956107 dB
	 $y_{3,42,46}$ = 11.958253350026865 dB
	 $y_{3,42,50}$ = 13.193037273842805 dB
	 $y_{3,42,54}$ = 17.58804717246035 dB
	 $y_{3,42,60}$ = 13.42909501021731 dB
	 $y_{3,42,61}$ = 17.803168276012443 dB
	 $y_{3,42,70}$ = 14.948970762216007 dB
	 $y_{3,42,71}$ = 8.952170189583086 dB
	 $y_{3,42,81}$ = 7.092081123689155 dB
	 $y_{3,42,91}$ = 5.000727818664785 dB
		SNR medio: 75.88270106561484
		Usuarios totais: 25
$x_{3,64}$
	 $y_{3,64,6}$ = 13.382660007231948 dB
	 $y_{3,64,22}$ = 5.174375460371408 dB
	 $y_{3,64,31}$ = 7.1071694749427365 dB
	 $y_{3,64,40}$ = 5.641087171062907 dB
	 $y_{3,64,43}$ = 14.107494850028786 dB
	 $y_{3,64,49}$ = 8.845178587975951 dB
	 $y_{3,64,51}$ = 17.201637799772143 dB
	 $y_{3,64,64}$ = 88.11121558117976 dB
	 $y_{3,64,68}$ = 8.364775702175507 dB
	 $y_{3,64,80}$ = 8.181944308406656 dB
	 $y_{3,64,83}$ = 25.37874611669983 dB
	 $y_{3,64,87}$ = 10.388284391818488 dB
	 $y_{3,64,89}$ = 5.447572055478503 dB
	 $y_{3,64,90}$ = 6.381186921474978 dB
	 $y_{3,64,92}$ = 10.971775047121213 dB
	 $y_{3,64,94}$ = 8.688859024746023 dB
	 $y_{3,64,95}$ = 18.0064894600209 dB
		SNR medio: 75.80673025975794
		Usuarios totais: 36
$x_{3,67}$
	 $y_{3,67,19}$ = 7.500340058177386 dB
	 $y_{3,67,38}$ = 10.396217376646604 dB
	 $y_{3,67,48}$ = 8.335453180447388 dB
	 $y_{3,67,55}$ = 15.44027411066331 dB
	 $y_{3,67,59}$ = 16.37392787676015 dB
	 $y_{3,67,65}$ = 17.501528940160497 dB
	 $y_{3,67,69}$ = 15.68096300042238 dB
	 $y_{3,67,72}$ = 6.582864873705233 dB
	 $y_{3,67,98}$ = 15.731743899076577 dB
	 $y_{3,67,99}$ = 14.775994674034663 dB
		SNR medio: 14.265752579333085
		Usuarios totais: 46
Distances:
34 : 42 = 894.4271909999159
34 : 64 = 1200.0
34 : 67 = 1697.0562748477141
42 : 64 = 1131.370849898476
42 : 67 = 2154.0659228538016
64 : 67 = 1200.0
t=4
$x_{4,34}$
	 $y_{4,34,0}$ = 9.4640212857486 dB
	 $y_{4,34,1}$ = 7.29751572723751 dB
	 $y_{4,34,2}$ = 9.35450075293052 dB
	 $y_{4,34,5}$ = 11.781839288607955 dB
	 $y_{4,34,7}$ = 8.462724753547917 dB
	 $y_{4,34,8}$ = 8.26673603152895 dB
	 $y_{4,34,9}$ = 10.189194445250351 dB
	 $y_{4,34,14}$ = 12.424929151655846 dB
	 $y_{4,34,15}$ = 17.528273152308756 dB
	 $y_{4,34,20}$ = 5.463804088893738 dB
	 $y_{4,34,23}$ = 12.272456323726686 dB
	 $y_{4,34,24}$ = 27.811817093645914 dB
	 $y_{4,34,26}$ = 18.99102436822602 dB
	 $y_{4,34,27}$ = 8.010377950818565 dB
	 $y_{4,34,31}$ = 11.865642558557767 dB
	 $y_{4,34,37}$ = 11.689126363095141 dB
	 $y_{4,34,40}$ = 6.378849042118048 dB
	 $y_{4,34,43}$ = 23.133845612332138 dB
	 $y_{4,34,46}$ = 17.54496785625672 dB
	 $y_{4,34,50}$ = 11.853565725843822 dB
	 $y_{4,34,52}$ = 15.531019988855846 dB
	 $y_{4,34,54}$ = 16.331647732604964 dB
	 $y_{4,34,58}$ = 10.431901848600177 dB
	 $y_{4,34,60}$ = 5.054577437671497 dB
	 $y_{4,34,66}$ = 9.077092095371796 dB
	 $y_{4,34,72}$ = 7.967837514440333 dB
	 $y_{4,34,75}$ = 6.958537278563682 dB
	 $y_{4,34,85}$ = 6.886946722026977 dB
		SNR medio: 16.58647284748964
		Usuarios totais: 48
$x_{4,42}$
	 $y_{4,42,11}$ = 7.881049371339202 dB
	 $y_{4,42,12}$ = 14.32411687276226 dB
	 $y_{4,42,13}$ = 9.970061620172345 dB
	 $y_{4,42,21}$ = 13.698220532764992 dB
	 $y_{4,42,32}$ = 31.916979419049767 dB
	 $y_{4,42,33}$ = 22.522675601951548 dB
	 $y_{4,42,41}$ = 24.77612008907502 dB
	 $y_{4,42,45}$ = 9.970668081017408 dB
	 $y_{4,42,55}$ = 17.69794963206708 dB
	 $y_{4,42,57}$ = 8.965095331886502 dB
	 $y_{4,42,61}$ = 17.803168276012443 dB
	 $y_{4,42,81}$ = 7.092081123689155 dB
	 $y_{4,42,82}$ = 7.865481028028768 dB
	 $y_{4,42,91}$ = 5.000727818664785 dB
		SNR medio: 22.064245904438703
		Usuarios totais: 29
$x_{4,64}$
	 $y_{4,64,3}$ = 5.459385309671262 dB
	 $y_{4,64,6}$ = 13.382660007231948 dB
	 $y_{4,64,25}$ = 8.891733879893877 dB
	 $y_{4,64,53}$ = 31.102254849003472 dB
	 $y_{4,64,62}$ = 18.784944830701875 dB
	 $y_{4,64,63}$ = 27.931756239904274 dB
	 $y_{4,64,64}$ = 88.11121558117976 dB
	 $y_{4,64,65}$ = 34.06710705007105 dB
	 $y_{4,64,73}$ = 24.651214888573946 dB
	 $y_{4,64,76}$ = 18.259980090488142 dB
	 $y_{4,64,78}$ = 18.00408321452005 dB
	 $y_{4,64,80}$ = 8.181944308406656 dB
	 $y_{4,64,83}$ = 25.37874611669983 dB
	 $y_{4,64,87}$ = 10.388284391818488 dB
	 $y_{4,64,89}$ = 5.447572055478503 dB
	 $y_{4,64,90}$ = 6.381186921474978 dB
	 $y_{4,64,92}$ = 10.971775047121213 dB
	 $y_{4,64,94}$ = 8.688859024746023 dB
	 $y_{4,64,95}$ = 18.0064894600209 dB
	 $y_{4,64,96}$ = 11.70281656930203 dB
	 $y_{4,64,97}$ = 8.959580094074283 dB
		SNR medio: 74.88905931777113
		Usuarios totais: 60
$x_{4,67}$
	 $y_{4,67,36}$ = 7.379332323868894 dB
	 $y_{4,67,38}$ = 10.396217376646604 dB
	 $y_{4,67,39}$ = 5.043972719666286 dB
	 $y_{4,67,59}$ = 16.37392787676015 dB
	 $y_{4,67,67}$ = 92.66289328582602 dB
	 $y_{4,67,69}$ = 15.68096300042238 dB
	 $y_{4,67,77}$ = 32.4139008670241 dB
	 $y_{4,67,79}$ = 23.71476368057573 dB
	 $y_{4,67,88}$ = 11.511897480690209 dB
	 $y_{4,67,98}$ = 15.731743899076577 dB
	 $y_{4,67,99}$ = 14.775994674034663 dB
		SNR medio: 82.24897151574547
		Usuarios totais: 19
Distances:
34 : 42 = 894.4271909999159
34 : 64 = 1200.0
34 : 67 = 1697.0562748477141
42 : 64 = 1131.370849898476
42 : 67 = 2154.0659228538016
64 : 67 = 1200.0
t=5
$x_{5,34}$
	 $y_{5,34,2}$ = 9.35450075293052 dB
	 $y_{5,34,4}$ = 16.609056028563103 dB
	 $y_{5,34,5}$ = 11.781839288607955 dB
	 $y_{5,34,8}$ = 8.26673603152895 dB
	 $y_{5,34,9}$ = 10.189194445250351 dB
	 $y_{5,34,15}$ = 17.528273152308756 dB
	 $y_{5,34,16}$ = 9.213853518649074 dB
	 $y_{5,34,18}$ = 9.452379882533279 dB
	 $y_{5,34,20}$ = 5.463804088893738 dB
	 $y_{5,34,26}$ = 18.99102436822602 dB
	 $y_{5,34,29}$ = 7.09153831664959 dB
	 $y_{5,34,31}$ = 11.865642558557767 dB
	 $y_{5,34,34}$ = 85.25180371126066 dB
	 $y_{5,34,36}$ = 18.288760619170205 dB
	 $y_{5,34,40}$ = 6.378849042118048 dB
	 $y_{5,34,43}$ = 23.133845612332138 dB
	 $y_{5,34,44}$ = 21.168212169180222 dB
	 $y_{5,34,45}$ = 14.52533477785137 dB
	 $y_{5,34,46}$ = 17.54496785625672 dB
	 $y_{5,34,47}$ = 14.250449449412173 dB
	 $y_{5,34,50}$ = 11.853565725843822 dB
	 $y_{5,34,51}$ = 13.466668877897177 dB
	 $y_{5,34,60}$ = 5.054577437671497 dB
	 $y_{5,34,61}$ = 9.473606671873654 dB
	 $y_{5,34,68}$ = 6.9017304774840795 dB
	 $y_{5,34,77}$ = 5.745596736562533 dB
	 $y_{5,34,85}$ = 6.886946722026977 dB
	 $y_{5,34,93}$ = 5.830978396446284 dB
		SNR medio: 70.78023442469954
		Usuarios totais: 49
$x_{5,42}$
	 $y_{5,42,0}$ = 8.116794957353505 dB
	 $y_{5,42,12}$ = 14.32411687276226 dB
	 $y_{5,42,13}$ = 9.970061620172345 dB
	 $y_{5,42,17}$ = 7.3805766790340215 dB
	 $y_{5,42,21}$ = 13.698220532764992 dB
	 $y_{5,42,32}$ = 31.916979419049767 dB
	 $y_{5,42,41}$ = 24.77612008907502 dB
	 $y_{5,42,42}$ = 88.435423956107 dB
	 $y_{5,42,54}$ = 17.58804717246035 dB
	 $y_{5,42,55}$ = 17.69794963206708 dB
	 $y_{5,42,62}$ = 20.48874398459438 dB
	 $y_{5,42,63}$ = 20.979573649964905 dB
	 $y_{5,42,66}$ = 6.281870859425624 dB
	 $y_{5,42,70}$ = 14.948970762216007 dB
	 $y_{5,42,71}$ = 8.952170189583086 dB
	 $y_{5,42,72}$ = 8.500480368806478 dB
	 $y_{5,42,73}$ = 11.807173287580966 dB
	 $y_{5,42,75}$ = 9.238381989582393 dB
	 $y_{5,42,81}$ = 7.092081123689155 dB
	 $y_{5,42,82}$ = 7.865481028028768 dB
	 $y_{5,42,84}$ = 5.6219294108583995 dB
	 $y_{5,42,91}$ = 5.000727818664785 dB
		SNR medio: 75.01121192388834
		Usuarios totais: 43
$x_{5,64}$
	 $y_{5,64,6}$ = 13.382660007231948 dB
	 $y_{5,64,11}$ = 11.174130075977743 dB
	 $y_{5,64,22}$ = 5.174375460371408 dB
	 $y_{5,64,37}$ = 5.18350506773146 dB
	 $y_{5,64,49}$ = 8.845178587975951 dB
	 $y_{5,64,64}$ = 88.11121558117976 dB
	 $y_{5,64,65}$ = 34.06710705007105 dB
	 $y_{5,64,69}$ = 8.986245182619172 dB
	 $y_{5,64,76}$ = 18.259980090488142 dB
	 $y_{5,64,83}$ = 25.37874611669983 dB
	 $y_{5,64,86}$ = 16.079026983241505 dB
	 $y_{5,64,89}$ = 5.447572055478503 dB
	 $y_{5,64,90}$ = 6.381186921474978 dB
	 $y_{5,64,94}$ = 8.688859024746023 dB
	 $y_{5,64,95}$ = 18.0064894600209 dB
	 $y_{5,64,96}$ = 11.70281656930203 dB
		SNR medio: 76.07003691419678
		Usuarios totais: 60
$x_{5,67}$
	 $y_{5,67,7}$ = 6.424112150212665 dB
	 $y_{5,67,19}$ = 7.500340058177386 dB
	 $y_{5,67,23}$ = 5.420013488217705 dB
	 $y_{5,67,27}$ = 8.08225560436992 dB
	 $y_{5,67,38}$ = 10.396217376646604 dB
	 $y_{5,67,39}$ = 5.043972719666286 dB
	 $y_{5,67,48}$ = 8.335453180447388 dB
	 $y_{5,67,52}$ = 11.971178797170126 dB
	 $y_{5,67,53}$ = 5.303174482472457 dB
	 $y_{5,67,56}$ = 17.317350244981995 dB
	 $y_{5,67,58}$ = 29.577556755442373 dB
	 $y_{5,67,59}$ = 16.37392787676015 dB
	 $y_{5,67,74}$ = 16.62577657894485 dB
	 $y_{5,67,78}$ = 23.643368486857113 dB
	 $y_{5,67,79}$ = 23.71476368057573 dB
	 $y_{5,67,88}$ = 11.511897480690209 dB
	 $y_{5,67,92}$ = 5.402280569884439 dB
	 $y_{5,67,97}$ = 9.177097129955072 dB
	 $y_{5,67,98}$ = 15.731743899076577 dB
	 $y_{5,67,99}$ = 14.775994674034663 dB
		SNR medio: 19.21842634097129
		Usuarios totais: 45
Distances:
34 : 42 = 894.4271909999159
34 : 64 = 1200.0
34 : 67 = 1697.0562748477141
42 : 64 = 1131.370849898476
42 : 67 = 2154.0659228538016
64 : 67 = 1200.0
t=6
$x_{6,34}$
	 $y_{6,34,0}$ = 9.4640212857486 dB
	 $y_{6,34,1}$ = 7.29751572723751 dB
	 $y_{6,34,2}$ = 9.35450075293052 dB
	 $y_{6,34,7}$ = 8.462724753547917 dB
	 $y_{6,34,9}$ = 10.189194445250351 dB
	 $y_{6,34,10}$ = 6.091254588449175 dB
	 $y_{6,34,13}$ = 15.489675845068604 dB
	 $y_{6,34,14}$ = 12.424929151655846 dB
	 $y_{6,34,15}$ = 17.528273152308756 dB
	 $y_{6,34,16}$ = 9.213853518649074 dB
	 $y_{6,34,20}$ = 5.463804088893738 dB
	 $y_{6,34,27}$ = 8.010377950818565 dB
	 $y_{6,34,28}$ = 8.235806425708958 dB
	 $y_{6,34,29}$ = 7.09153831664959 dB
	 $y_{6,34,31}$ = 11.865642558557767 dB
	 $y_{6,34,34}$ = 85.25180371126066 dB
	 $y_{6,34,41}$ = 8.931379700400043 dB
	 $y_{6,34,48}$ = 7.895354594955194 dB
	 $y_{6,34,55}$ = 19.203808655203076 dB
	 $y_{6,34,63}$ = 9.261326828611544 dB
	 $y_{6,34,85}$ = 6.886946722026977 dB
		SNR medio: 72.0296147777762
		Usuarios totais: 58
$x_{6,42}$
	 $y_{6,42,5}$ = 8.646906300844748 dB
	 $y_{6,42,12}$ = 14.32411687276226 dB
	 $y_{6,42,17}$ = 7.3805766790340215 dB
	 $y_{6,42,24}$ = 14.688973863764858 dB
	 $y_{6,42,25}$ = 8.40304130345416 dB
	 $y_{6,42,26}$ = 14.983623649676574 dB
	 $y_{6,42,32}$ = 31.916979419049767 dB
	 $y_{6,42,42}$ = 88.435423956107 dB
	 $y_{6,42,46}$ = 11.958253350026865 dB
	 $y_{6,42,52}$ = 28.913706741489932 dB
	 $y_{6,42,56}$ = 11.857252198078044 dB
	 $y_{6,42,60}$ = 13.42909501021731 dB
		SNR medio: 77.64362702670157
		Usuarios totais: 28
$x_{6,64}$
	 $y_{6,64,3}$ = 5.459385309671262 dB
	 $y_{6,64,6}$ = 13.382660007231948 dB
	 $y_{6,64,11}$ = 11.174130075977743 dB
	 $y_{6,64,23}$ = 5.174148253867429 dB
	 $y_{6,64,33}$ = 6.9789486568398615 dB
	 $y_{6,64,35}$ = 12.138964180274797 dB
	 $y_{6,64,36}$ = 12.218235798431294 dB
	 $y_{6,64,40}$ = 5.641087171062907 dB
	 $y_{6,64,43}$ = 14.107494850028786 dB
	 $y_{6,64,44}$ = 25.03888923715374 dB
	 $y_{6,64,45}$ = 13.791593031698426 dB
	 $y_{6,64,47}$ = 8.448317971192068 dB
	 $y_{6,64,49}$ = 8.845178587975951 dB
	 $y_{6,64,51}$ = 17.201637799772143 dB
	 $y_{6,64,53}$ = 31.102254849003472 dB
	 $y_{6,64,54}$ = 31.54112019615117 dB
	 $y_{6,64,62}$ = 18.784944830701875 dB
	 $y_{6,64,64}$ = 88.11121558117976 dB
	 $y_{6,64,66}$ = 16.644565998834068 dB
	 $y_{6,64,68}$ = 8.364775702175507 dB
	 $y_{6,64,69}$ = 8.986245182619172 dB
	 $y_{6,64,71}$ = 12.545622079811366 dB
	 $y_{6,64,73}$ = 24.651214888573946 dB
	 $y_{6,64,75}$ = 13.502958509161516 dB
	 $y_{6,64,76}$ = 18.259980090488142 dB
	 $y_{6,64,78}$ = 18.00408321452005 dB
	 $y_{6,64,82}$ = 15.922199749108401 dB
	 $y_{6,64,84}$ = 16.900322462652113 dB
	 $y_{6,64,87}$ = 10.388284391818488 dB
	 $y_{6,64,90}$ = 6.381186921474978 dB
	 $y_{6,64,93}$ = 7.586764205879547 dB
	 $y_{6,64,94}$ = 8.688859024746023 dB
	 $y_{6,64,95}$ = 18.0064894600209 dB
	 $y_{6,64,96}$ = 11.70281656930203 dB
		SNR medio: 72.7964534320668
		Usuarios totais: 58
$x_{6,67}$
	 $y_{6,67,4}$ = 5.4823551827069394 dB
	 $y_{6,67,18}$ = 8.697683813985094 dB
	 $y_{6,67,19}$ = 7.500340058177386 dB
	 $y_{6,67,38}$ = 10.396217376646604 dB
	 $y_{6,67,58}$ = 29.577556755442373 dB
	 $y_{6,67,59}$ = 16.37392787676015 dB
	 $y_{6,67,77}$ = 32.4139008670241 dB
	 $y_{6,67,79}$ = 23.71476368057573 dB
	 $y_{6,67,88}$ = 11.511897480690209 dB
	 $y_{6,67,99}$ = 14.775994674034663 dB
		SNR medio: 24.77267827790145
		Usuarios totais: 22
Distances:
34 : 42 = 894.4271909999159
34 : 64 = 1200.0
34 : 67 = 1697.0562748477141
42 : 64 = 1131.370849898476
42 : 67 = 2154.0659228538016
64 : 67 = 1200.0
t=7
$x_{7,34}$
	 $y_{7,34,1}$ = 7.29751572723751 dB
	 $y_{7,34,5}$ = 11.781839288607955 dB
	 $y_{7,34,7}$ = 8.462724753547917 dB
	 $y_{7,34,8}$ = 8.26673603152895 dB
	 $y_{7,34,10}$ = 6.091254588449175 dB
	 $y_{7,34,14}$ = 12.424929151655846 dB
	 $y_{7,34,15}$ = 17.528273152308756 dB
	 $y_{7,34,24}$ = 27.811817093645914 dB
	 $y_{7,34,28}$ = 8.235806425708958 dB
	 $y_{7,34,31}$ = 11.865642558557767 dB
	 $y_{7,34,34}$ = 85.25180371126066 dB
	 $y_{7,34,44}$ = 21.168212169180222 dB
	 $y_{7,34,51}$ = 13.466668877897177 dB
	 $y_{7,34,58}$ = 10.431901848600177 dB
		SNR medio: 73.7905350530123
		Usuarios totais: 26
$x_{7,42}$
	 $y_{7,42,0}$ = 8.116794957353505 dB
	 $y_{7,42,4}$ = 11.81074028986535 dB
	 $y_{7,42,11}$ = 7.881049371339202 dB
	 $y_{7,42,12}$ = 14.32411687276226 dB
	 $y_{7,42,13}$ = 9.970061620172345 dB
	 $y_{7,42,41}$ = 24.77612008907502 dB
	 $y_{7,42,42}$ = 88.435423956107 dB
	 $y_{7,42,50}$ = 13.193037273842805 dB
	 $y_{7,42,53}$ = 17.907109689374465 dB
	 $y_{7,42,57}$ = 8.965095331886502 dB
	 $y_{7,42,66}$ = 6.281870859425624 dB
	 $y_{7,42,70}$ = 14.948970762216007 dB
	 $y_{7,42,71}$ = 8.952170189583086 dB
	 $y_{7,42,75}$ = 9.238381989582393 dB
	 $y_{7,42,91}$ = 5.000727818664785 dB
		SNR medio: 76.67451454441837
		Usuarios totais: 31
$x_{7,64}$
	 $y_{7,64,3}$ = 5.459385309671262 dB
	 $y_{7,64,6}$ = 13.382660007231948 dB
	 $y_{7,64,22}$ = 5.174375460371408 dB
	 $y_{7,64,23}$ = 5.174148253867429 dB
	 $y_{7,64,26}$ = 5.8953532300755 dB
	 $y_{7,64,32}$ = 11.787216674389697 dB
	 $y_{7,64,33}$ = 6.9789486568398615 dB
	 $y_{7,64,36}$ = 12.218235798431294 dB
	 $y_{7,64,40}$ = 5.641087171062907 dB
	 $y_{7,64,45}$ = 13.791593031698426 dB
	 $y_{7,64,46}$ = 11.189021435851402 dB
	 $y_{7,64,47}$ = 8.448317971192068 dB
	 $y_{7,64,49}$ = 8.845178587975951 dB
	 $y_{7,64,52}$ = 15.332354049932121 dB
	 $y_{7,64,55}$ = 24.504538530413726 dB
	 $y_{7,64,56}$ = 11.808214157392797 dB
	 $y_{7,64,61}$ = 13.563585361317621 dB
	 $y_{7,64,62}$ = 18.784944830701875 dB
	 $y_{7,64,63}$ = 27.931756239904274 dB
	 $y_{7,64,64}$ = 88.11121558117976 dB
	 $y_{7,64,68}$ = 8.364775702175507 dB
	 $y_{7,64,69}$ = 8.986245182619172 dB
	 $y_{7,64,72}$ = 20.93939480265331 dB
	 $y_{7,64,73}$ = 24.651214888573946 dB
	 $y_{7,64,74}$ = 30.299880857188057 dB
	 $y_{7,64,77}$ = 10.08686859962043 dB
	 $y_{7,64,80}$ = 8.181944308406656 dB
	 $y_{7,64,82}$ = 15.922199749108401 dB
	 $y_{7,64,83}$ = 25.37874611669983 dB
	 $y_{7,64,86}$ = 16.079026983241505 dB
	 $y_{7,64,89}$ = 5.447572055478503 dB
	 $y_{7,64,90}$ = 6.381186921474978 dB
	 $y_{7,64,92}$ = 10.971775047121213 dB
	 $y_{7,64,94}$ = 8.688859024746023 dB
	 $y_{7,64,95}$ = 18.0064894600209 dB
	 $y_{7,64,96}$ = 11.70281656930203 dB
	 $y_{7,64,97}$ = 8.959580094074283 dB
		SNR medio: 72.4292200519209
		Usuarios totais: 58
$x_{7,67}$
	 $y_{7,67,19}$ = 7.500340058177386 dB
	 $y_{7,67,27}$ = 8.08225560436992 dB
	 $y_{7,67,38}$ = 10.396217376646604 dB
	 $y_{7,67,48}$ = 8.335453180447388 dB
	 $y_{7,67,59}$ = 16.37392787676015 dB
	 $y_{7,67,67}$ = 92.66289328582602 dB
	 $y_{7,67,78}$ = 23.643368486857113 dB
	 $y_{7,67,79}$ = 23.71476368057573 dB
	 $y_{7,67,85}$ = 7.848990313930869 dB
	 $y_{7,67,88}$ = 11.511897480690209 dB
	 $y_{7,67,98}$ = 15.731743899076577 dB
		SNR medio: 82.24896783976675
		Usuarios totais: 16
Distances:
34 : 42 = 894.4271909999159
34 : 64 = 1200.0
34 : 67 = 1697.0562748477141
42 : 64 = 1131.370849898476
42 : 67 = 2154.0659228538016
64 : 67 = 1200.0
t=8
$x_{8,34}$
	 $y_{8,34,9}$ = 10.189194445250351 dB
	 $y_{8,34,13}$ = 15.489675845068604 dB
	 $y_{8,34,14}$ = 12.424929151655846 dB
	 $y_{8,34,15}$ = 17.528273152308756 dB
	 $y_{8,34,16}$ = 9.213853518649074 dB
	 $y_{8,34,18}$ = 9.452379882533279 dB
	 $y_{8,34,24}$ = 27.811817093645914 dB
	 $y_{8,34,34}$ = 85.25180371126066 dB
	 $y_{8,34,55}$ = 19.203808655203076 dB
		SNR medio: 75.70938930276392
		Usuarios totais: 15
$x_{8,42}$
	 $y_{8,42,0}$ = 8.116794957353505 dB
	 $y_{8,42,5}$ = 8.646906300844748 dB
	 $y_{8,42,10}$ = 12.952213273282183 dB
	 $y_{8,42,17}$ = 7.3805766790340215 dB
	 $y_{8,42,21}$ = 13.698220532764992 dB
	 $y_{8,42,30}$ = 12.330462567014877 dB
	 $y_{8,42,41}$ = 24.77612008907502 dB
	 $y_{8,42,42}$ = 88.435423956107 dB
	 $y_{8,42,54}$ = 17.58804717246035 dB
	 $y_{8,42,60}$ = 13.42909501021731 dB
	 $y_{8,42,63}$ = 20.979573649964905 dB
	 $y_{8,42,82}$ = 7.865481028028768 dB
	 $y_{8,42,91}$ = 5.000727818664785 dB
		SNR medio: 77.29599413078753
		Usuarios totais: 21
$x_{8,64}$
	 $y_{8,64,11}$ = 11.174130075977743 dB
	 $y_{8,64,22}$ = 5.174375460371408 dB
	 $y_{8,64,26}$ = 5.8953532300755 dB
	 $y_{8,64,32}$ = 11.787216674389697 dB
	 $y_{8,64,35}$ = 12.138964180274797 dB
	 $y_{8,64,37}$ = 5.18350506773146 dB
	 $y_{8,64,40}$ = 5.641087171062907 dB
	 $y_{8,64,43}$ = 14.107494850028786 dB
	 $y_{8,64,44}$ = 25.03888923715374 dB
	 $y_{8,64,46}$ = 11.189021435851402 dB
	 $y_{8,64,47}$ = 8.448317971192068 dB
	 $y_{8,64,50}$ = 5.213466071545099 dB
	 $y_{8,64,52}$ = 15.332354049932121 dB
	 $y_{8,64,53}$ = 31.102254849003472 dB
	 $y_{8,64,56}$ = 11.808214157392797 dB
	 $y_{8,64,57}$ = 10.578717963675302 dB
	 $y_{8,64,62}$ = 18.784944830701875 dB
	 $y_{8,64,64}$ = 88.11121558117976 dB
	 $y_{8,64,65}$ = 34.06710705007105 dB
	 $y_{8,64,66}$ = 16.644565998834068 dB
	 $y_{8,64,68}$ = 8.364775702175507 dB
	 $y_{8,64,72}$ = 20.93939480265331 dB
	 $y_{8,64,74}$ = 30.299880857188057 dB
	 $y_{8,64,81}$ = 11.604025660461787 dB
	 $y_{8,64,89}$ = 5.447572055478503 dB
	 $y_{8,64,90}$ = 6.381186921474978 dB
	 $y_{8,64,92}$ = 10.971775047121213 dB
	 $y_{8,64,94}$ = 8.688859024746023 dB
	 $y_{8,64,96}$ = 11.70281656930203 dB
	 $y_{8,64,97}$ = 8.959580094074283 dB
		SNR medio: 73.3400413882905
		Usuarios totais: 45
$x_{8,67}$
	 $y_{8,67,48}$ = 8.335453180447388 dB
	 $y_{8,67,67}$ = 92.66289328582602 dB
	 $y_{8,67,69}$ = 15.68096300042238 dB
	 $y_{8,67,77}$ = 32.4139008670241 dB
	 $y_{8,67,88}$ = 11.511897480690209 dB
	 $y_{8,67,98}$ = 15.731743899076577 dB
	 $y_{8,67,99}$ = 14.775994674034663 dB
		SNR medio: 84.21191728168863
		Usuarios totais: 15
Distances:
34 : 42 = 894.4271909999159
34 : 64 = 1200.0
34 : 67 = 1697.0562748477141
42 : 64 = 1131.370849898476
42 : 67 = 2154.0659228538016
64 : 67 = 1200.0
t=9
$x_{9,34}$
	 $y_{9,34,0}$ = 9.4640212857486 dB
	 $y_{9,34,2}$ = 9.35450075293052 dB
	 $y_{9,34,3}$ = 5.730523943295921 dB
	 $y_{9,34,4}$ = 16.609056028563103 dB
	 $y_{9,34,8}$ = 8.26673603152895 dB
	 $y_{9,34,15}$ = 17.528273152308756 dB
	 $y_{9,34,16}$ = 9.213853518649074 dB
	 $y_{9,34,20}$ = 5.463804088893738 dB
	 $y_{9,34,21}$ = 10.960121338872568 dB
	 $y_{9,34,27}$ = 8.010377950818565 dB
	 $y_{9,34,28}$ = 8.235806425708958 dB
	 $y_{9,34,29}$ = 7.09153831664959 dB
	 $y_{9,34,48}$ = 7.895354594955194 dB
	 $y_{9,34,58}$ = 10.431901848600177 dB
		SNR medio: 11.325370741936307
		Usuarios totais: 20
$x_{9,42}$
	 $y_{9,42,17}$ = 7.3805766790340215 dB
	 $y_{9,42,42}$ = 88.435423956107 dB
		SNR medio: 85.4251240335315
		Usuarios totais: 2
$x_{9,64}$
	 $y_{9,64,6}$ = 13.382660007231948 dB
	 $y_{9,64,11}$ = 11.174130075977743 dB
	 $y_{9,64,22}$ = 5.174375460371408 dB
	 $y_{9,64,26}$ = 5.8953532300755 dB
	 $y_{9,64,32}$ = 11.787216674389697 dB
	 $y_{9,64,33}$ = 6.9789486568398615 dB
	 $y_{9,64,35}$ = 12.138964180274797 dB
	 $y_{9,64,36}$ = 12.218235798431294 dB
	 $y_{9,64,37}$ = 5.18350506773146 dB
	 $y_{9,64,40}$ = 5.641087171062907 dB
	 $y_{9,64,44}$ = 25.03888923715374 dB
	 $y_{9,64,46}$ = 11.189021435851402 dB
	 $y_{9,64,50}$ = 5.213466071545099 dB
	 $y_{9,64,52}$ = 15.332354049932121 dB
	 $y_{9,64,54}$ = 31.54112019615117 dB
	 $y_{9,64,55}$ = 24.504538530413726 dB
	 $y_{9,64,56}$ = 11.808214157392797 dB
	 $y_{9,64,57}$ = 10.578717963675302 dB
	 $y_{9,64,61}$ = 13.563585361317621 dB
	 $y_{9,64,64}$ = 88.11121558117976 dB
	 $y_{9,64,68}$ = 8.364775702175507 dB
	 $y_{9,64,69}$ = 8.986245182619172 dB
	 $y_{9,64,71}$ = 12.545622079811366 dB
	 $y_{9,64,74}$ = 30.299880857188057 dB
	 $y_{9,64,82}$ = 15.922199749108401 dB
	 $y_{9,64,86}$ = 16.079026983241505 dB
	 $y_{9,64,87}$ = 10.388284391818488 dB
	 $y_{9,64,93}$ = 7.586764205879547 dB
	 $y_{9,64,96}$ = 11.70281656930203 dB
	 $y_{9,64,97}$ = 8.959580094074283 dB
		SNR medio: 73.34002619681466
		Usuarios totais: 39
$x_{9,67}$
	 $y_{9,67,18}$ = 8.697683813985094 dB
	 $y_{9,67,19}$ = 7.500340058177386 dB
	 $y_{9,67,38}$ = 10.396217376646604 dB
	 $y_{9,67,39}$ = 5.043972719666286 dB
	 $y_{9,67,59}$ = 16.37392787676015 dB
	 $y_{9,67,79}$ = 23.71476368057573 dB
	 $y_{9,67,98}$ = 15.731743899076577 dB
	 $y_{9,67,99}$ = 14.775994674034663 dB
		SNR medio: 16.689136659271295
		Usuarios totais: 12
Distances:
34 : 42 = 894.4271909999159
34 : 64 = 1200.0
34 : 67 = 1697.0562748477141
42 : 64 = 1131.370849898476
42 : 67 = 2154.0659228538016
64 : 67 = 1200.0
t=10
$x_{10,34}$
	 $y_{10,34,0}$ = 9.4640212857486 dB
	 $y_{10,34,2}$ = 9.35450075293052 dB
	 $y_{10,34,3}$ = 5.730523943295921 dB
	 $y_{10,34,4}$ = 16.609056028563103 dB
	 $y_{10,34,10}$ = 6.091254588449175 dB
	 $y_{10,34,18}$ = 9.452379882533279 dB
	 $y_{10,34,20}$ = 5.463804088893738 dB
	 $y_{10,34,21}$ = 10.960121338872568 dB
	 $y_{10,34,25}$ = 13.8934808302579 dB
	 $y_{10,34,27}$ = 8.010377950818565 dB
	 $y_{10,34,34}$ = 85.25180371126066 dB
	 $y_{10,34,36}$ = 18.288760619170205 dB
	 $y_{10,34,45}$ = 14.52533477785137 dB
	 $y_{10,34,46}$ = 17.54496785625672 dB
	 $y_{10,34,48}$ = 7.895354594955194 dB
	 $y_{10,34,51}$ = 13.466668877897177 dB
	 $y_{10,34,53}$ = 14.82358938987187 dB
		SNR medio: 72.94731887863796
		Usuarios totais: 25
$x_{10,42}$
		Usuarios totais: 0
$x_{10,64}$
	 $y_{10,64,7}$ = 5.9873668495932435 dB
	 $y_{10,64,22}$ = 5.174375460371408 dB
	 $y_{10,64,23}$ = 5.174148253867429 dB
	 $y_{10,64,26}$ = 5.8953532300755 dB
	 $y_{10,64,44}$ = 25.03888923715374 dB
	 $y_{10,64,56}$ = 11.808214157392797 dB
	 $y_{10,64,57}$ = 10.578717963675302 dB
	 $y_{10,64,61}$ = 13.563585361317621 dB
	 $y_{10,64,63}$ = 27.931756239904274 dB
	 $y_{10,64,75}$ = 13.502958509161516 dB
	 $y_{10,64,78}$ = 18.00408321452005 dB
	 $y_{10,64,81}$ = 11.604025660461787 dB
	 $y_{10,64,86}$ = 16.079026983241505 dB
	 $y_{10,64,90}$ = 6.381186921474978 dB
	 $y_{10,64,92}$ = 10.971775047121213 dB
	 $y_{10,64,97}$ = 8.959580094074283 dB
		SNR medio: 18.637797812318098
		Usuarios totais: 19
$x_{10,67}$
	 $y_{10,67,19}$ = 7.500340058177386 dB
	 $y_{10,67,67}$ = 92.66289328582602 dB
		SNR medio: 89.65259334241526
		Usuarios totais: 2
Distances:
34 : 42 = 894.4271909999159
34 : 64 = 1200.0
34 : 67 = 1697.0562748477141
42 : 64 = 1131.370849898476
42 : 67 = 2154.0659228538016
64 : 67 = 1200.0
t=11
$x_{11,34}$
	 $y_{11,34,13}$ = 15.489675845068604 dB
	 $y_{11,34,16}$ = 9.213853518649074 dB
	 $y_{11,34,34}$ = 85.25180371126066 dB
	 $y_{11,34,41}$ = 8.931379700400043 dB
	 $y_{11,34,46}$ = 17.54496785625672 dB
	 $y_{11,34,60}$ = 5.054577437671497 dB
		SNR medio: 77.47029265351996
		Usuarios totais: 8
$x_{11,42}$
	 $y_{11,42,4}$ = 11.81074028986535 dB
		SNR medio: 11.81074028986535
		Usuarios totais: 1
$x_{11,64}$
	 $y_{11,64,31}$ = 7.1071694749427365 dB
	 $y_{11,64,45}$ = 13.791593031698426 dB
	 $y_{11,64,64}$ = 88.11121558117976 dB
	 $y_{11,64,89}$ = 5.447572055478503 dB
		SNR medio: 82.09061588651261
		Usuarios totais: 5
$x_{11,67}$
	 $y_{11,67,48}$ = 8.335453180447388 dB
	 $y_{11,67,99}$ = 14.775994674034663 dB
		SNR medio: 12.653992340394812
		Usuarios totais: 3
Distances:
34 : 42 = 894.4271909999159
34 : 64 = 1200.0
34 : 67 = 1697.0562748477141
42 : 64 = 1131.370849898476
42 : 67 = 2154.0659228538016
64 : 67 = 1200.0
--- Done after 0.4787467539972729 hours. ---
