
Running makefile.
Creating Makefile in /home/juliano/Documentos/LTE-Scenarios-Simulation/Network_CCOpMv...
Creating executable: out/gcc-release//Network_CCOpMv
Simulating at most 1 cases, hence 12 runs. There are 8 CPU cores available
Running 1 cases simultaneously.
Started process run_all Process-2 23930. (Seed: 5)
Number of users over time, mu poisson:  30
[27, 71, 104, 130, 166, 201, 179, 143, 111, 75, 47, 16]

UEs per slice
[159, 65, 191, 92, 179, 194, 169, 137, 7, 122, 64, 174, 14, 42, 30, 102, 129, 69, 106, 152, 28, 162, 71, 3, 61, 118, 82]
[159, 65, 191, 92, 179, 194, 169, 137, 7, 122, 64, 174, 14, 42, 30, 102, 129, 69, 106, 152, 28, 162, 71, 3, 61, 118, 82, 52, 115, 46, 21, 41, 188, 189, 136, 38, 40, 0, 2, 72, 75, 56, 57, 99, 108, 70, 180, 76, 63, 74, 135, 109, 9, 131, 149, 59, 51, 100, 23, 126, 117, 1, 133, 25, 124, 143, 123, 186, 128, 80, 192]
[159, 65, 191, 92, 179, 194, 169, 137, 7, 122, 64, 174, 14, 42, 30, 102, 129, 69, 106, 152, 28, 162, 71, 3, 61, 118, 82, 52, 115, 46, 21, 41, 188, 189, 136, 38, 40, 0, 2, 72, 75, 56, 57, 99, 108, 70, 180, 76, 63, 74, 135, 109, 9, 131, 149, 59, 51, 100, 23, 126, 117, 1, 133, 25, 124, 143, 123, 186, 128, 80, 192, 185, 78, 22, 50, 199, 195, 6, 198, 158, 84, 177, 91, 8, 125, 171, 96, 87, 90, 141, 193, 5, 110, 15, 167, 44, 154, 48, 32, 184, 66, 121, 95, 142]
[159, 65, 191, 92, 179, 194, 169, 137, 7, 122, 64, 174, 14, 42, 30, 102, 129, 69, 106, 152, 28, 162, 71, 3, 61, 118, 82, 52, 115, 46, 21, 41, 188, 189, 136, 38, 40, 0, 2, 72, 75, 56, 57, 99, 108, 70, 180, 76, 63, 74, 135, 109, 9, 131, 149, 59, 51, 100, 23, 126, 117, 1, 133, 25, 124, 143, 123, 186, 128, 80, 192, 185, 78, 22, 50, 199, 195, 6, 198, 158, 84, 177, 91, 8, 125, 171, 96, 87, 90, 141, 193, 5, 110, 15, 167, 44, 154, 48, 32, 184, 66, 121, 95, 142, 98, 147, 68, 134, 29, 165, 107, 86, 13, 138, 27, 60, 111, 161, 187, 116, 43, 113, 93, 176, 31, 105, 114, 112, 55, 26]
[159, 65, 191, 92, 179, 194, 169, 137, 7, 122, 64, 174, 14, 42, 30, 102, 129, 69, 106, 152, 28, 162, 71, 3, 61, 118, 82, 52, 115, 46, 21, 41, 188, 189, 136, 38, 40, 0, 2, 72, 75, 56, 57, 99, 108, 70, 180, 76, 63, 74, 135, 109, 9, 131, 149, 59, 51, 100, 23, 126, 117, 1, 133, 25, 124, 143, 123, 186, 128, 80, 192, 185, 78, 22, 50, 199, 195, 6, 198, 158, 84, 177, 91, 8, 125, 171, 96, 87, 90, 141, 193, 5, 110, 15, 167, 44, 154, 48, 32, 184, 66, 121, 95, 142, 98, 147, 68, 134, 29, 165, 107, 86, 13, 138, 27, 60, 111, 161, 187, 116, 43, 113, 93, 176, 31, 105, 114, 112, 55, 26, 53, 130, 178, 58, 18, 34, 164, 16, 49, 160, 145, 83, 181, 62, 119, 156, 101, 35, 12, 166, 11, 146, 94, 67, 37, 170, 39, 190, 144, 33, 73, 153, 140, 54, 19, 163]
[159, 65, 191, 92, 179, 194, 169, 137, 7, 122, 64, 174, 14, 42, 30, 102, 129, 69, 106, 152, 28, 162, 71, 3, 61, 118, 82, 52, 115, 46, 21, 41, 188, 189, 136, 38, 40, 0, 2, 72, 75, 56, 57, 99, 108, 70, 180, 76, 63, 74, 135, 109, 9, 131, 149, 59, 51, 100, 23, 126, 117, 1, 133, 25, 124, 143, 123, 186, 128, 80, 192, 185, 78, 22, 50, 199, 195, 6, 198, 158, 84, 177, 91, 8, 125, 171, 96, 87, 90, 141, 193, 5, 110, 15, 167, 44, 154, 48, 32, 184, 66, 121, 95, 142, 98, 147, 68, 134, 29, 165, 107, 86, 13, 138, 27, 60, 111, 161, 187, 116, 43, 113, 93, 176, 31, 105, 114, 112, 55, 26, 53, 130, 178, 58, 18, 34, 164, 16, 49, 160, 145, 83, 181, 62, 119, 156, 101, 35, 12, 166, 11, 146, 94, 67, 37, 170, 39, 190, 144, 33, 73, 153, 140, 54, 19, 163, 127, 79, 183, 85, 132, 104, 139, 173, 182, 88, 150, 77, 89, 157, 148, 24, 20, 168, 47, 200, 196, 81, 17, 10, 155, 103, 197, 151, 4, 97, 175, 36, 120, 172, 45]
[159, 65, 92, 179, 194, 169, 137, 7, 122, 64, 174, 14, 42, 30, 102, 129, 69, 106, 152, 28, 162, 71, 3, 61, 118, 82, 52, 115, 46, 21, 41, 188, 189, 136, 38, 40, 0, 2, 72, 75, 56, 57, 99, 108, 180, 76, 63, 74, 135, 109, 9, 131, 149, 59, 51, 100, 23, 126, 117, 1, 133, 25, 124, 143, 128, 80, 192, 185, 78, 22, 199, 6, 198, 84, 177, 91, 8, 125, 171, 96, 87, 193, 5, 110, 15, 167, 44, 154, 48, 32, 184, 66, 121, 95, 142, 98, 147, 68, 134, 29, 165, 107, 86, 13, 138, 27, 60, 111, 161, 187, 116, 43, 113, 93, 176, 105, 114, 26, 53, 130, 178, 58, 18, 34, 164, 16, 49, 160, 83, 181, 62, 119, 156, 101, 12, 166, 11, 146, 94, 37, 170, 39, 190, 144, 33, 73, 153, 140, 54, 19, 163, 127, 79, 183, 85, 104, 139, 173, 182, 88, 150, 77, 157, 148, 24, 168, 200, 81, 17, 10, 155, 103, 151, 4, 97, 175, 36, 120, 45]
[159, 65, 92, 179, 194, 169, 137, 122, 64, 174, 42, 30, 102, 129, 69, 106, 152, 28, 71, 3, 61, 118, 82, 52, 115, 46, 21, 41, 188, 189, 136, 38, 40, 2, 72, 75, 56, 57, 99, 63, 135, 109, 9, 131, 149, 23, 117, 1, 133, 25, 124, 143, 128, 80, 185, 78, 22, 6, 198, 84, 177, 91, 171, 96, 87, 193, 5, 110, 15, 44, 48, 121, 142, 98, 147, 68, 134, 165, 107, 86, 138, 27, 60, 111, 187, 116, 43, 113, 93, 176, 105, 114, 26, 53, 130, 178, 34, 164, 49, 160, 83, 181, 62, 119, 156, 101, 12, 166, 94, 37, 170, 39, 144, 33, 73, 153, 54, 19, 163, 127, 79, 85, 104, 139, 173, 182, 88, 150, 77, 157, 148, 24, 200, 17, 10, 103, 151, 4, 97, 175, 36, 120, 45]
[65, 92, 179, 194, 169, 137, 122, 64, 42, 30, 102, 69, 106, 152, 71, 3, 118, 82, 52, 115, 46, 21, 41, 188, 38, 40, 2, 72, 57, 99, 63, 135, 109, 131, 23, 117, 1, 133, 25, 143, 128, 80, 22, 84, 177, 91, 171, 96, 87, 5, 110, 44, 48, 121, 142, 98, 147, 68, 134, 165, 107, 86, 138, 27, 60, 111, 116, 113, 93, 176, 105, 114, 26, 53, 130, 178, 34, 164, 160, 83, 181, 62, 119, 156, 12, 94, 37, 170, 144, 33, 73, 54, 19, 163, 127, 85, 104, 139, 173, 182, 88, 150, 77, 157, 200, 17, 4, 175, 36, 120, 45]
[92, 179, 194, 137, 122, 64, 42, 30, 102, 69, 71, 3, 118, 115, 41, 188, 40, 2, 72, 57, 99, 135, 109, 131, 23, 117, 1, 133, 25, 22, 84, 177, 91, 171, 5, 110, 44, 121, 142, 98, 68, 134, 27, 60, 111, 116, 113, 176, 26, 178, 164, 160, 83, 181, 156, 37, 170, 144, 73, 54, 19, 163, 127, 85, 139, 173, 150, 77, 157, 200, 17, 4, 36, 120, 45]
[92, 194, 137, 122, 64, 42, 30, 102, 69, 3, 118, 115, 41, 188, 40, 99, 135, 131, 23, 133, 84, 177, 91, 171, 110, 44, 121, 68, 27, 111, 116, 26, 178, 83, 181, 156, 37, 170, 144, 54, 163, 85, 139, 150, 77, 157, 36]
[137, 42, 30, 102, 115, 99, 131, 91, 171, 116, 26, 37, 144, 54, 163, 150]


Movement profile already simulated. Results in ilp_move_users-5.sna.
Starting computations on 8 cores.
Started process process_func Process-2:1 23936. (Seed: 5, Mode: fixed, Min_sinr: 5)

Running case fixed 5 dB, seed 5, micro power 30, disaster percentage 0.

-------------Generating sinr map
Running Solver - Min Snr: 5 - Fixed (Seed: 5)
-------------Generating ues map
