-------------Calculating Solution (this may take a while)
+++++++++++++++++++Min Sinr: 5 dB (pgwo2)
+++++++++++++++++++With backhaul constraint. Start: 2023-02-03 18:38:38

Parameters:
- chosen seed 11
- Map with 100 sectors
- Map 4000 x 4000 m
- Sector has a side of 400 m
- Max time:  12
- users_t_m:  [[0, 0, 0, 0, 0, 0, 0, 0, 0, 0, 0, 0, 0, 0, 0, 0, 0, 0, 0, 0, 0, 0, 0, 0, 0, 0, 0, 0, 0, 0, 0, 0, 0, 0, 0, 0, 0, 0, 0, 0, 0, 0, 0, 0, 1, 0, 0, 0, 0, 0, 0, 0, 0, 16, 3, 3, 0, 0, 0, 0, 0, 0, 0, 0, 0, 1, 0, 0, 0, 0, 0, 0, 0, 0, 0, 0, 0, 0, 0, 0, 0, 0, 0, 0, 0, 0, 0, 0, 0, 0, 0, 0, 0, 0, 0, 0, 0, 0, 0, 0], [0, 0, 0, 0, 1, 0, 0, 0, 0, 0, 0, 0, 0, 0, 0, 0, 0, 0, 2, 0, 0, 0, 2, 0, 1, 1, 1, 0, 0, 0, 0, 0, 0, 0, 0, 0, 0, 0, 0, 0, 0, 0, 0, 2, 3, 2, 0, 0, 0, 0, 0, 0, 0, 19, 3, 2, 0, 0, 1, 1, 1, 1, 1, 0, 0, 0, 0, 0, 1, 1, 0, 0, 0, 0, 0, 0, 0, 0, 0, 0, 0, 0, 0, 0, 0, 1, 2, 0, 0, 1, 1, 0, 1, 0, 0, 1, 0, 0, 0, 0], [0, 0, 2, 1, 1, 1, 0, 1, 1, 0, 2, 0, 2, 1, 0, 0, 1, 0, 1, 0, 1, 0, 0, 3, 0, 0, 1, 1, 0, 0, 0, 0, 1, 0, 1, 1, 0, 0, 0, 1, 0, 0, 0, 1, 1, 2, 0, 1, 1, 0, 1, 0, 0, 23, 4, 1, 1, 1, 0, 0, 1, 0, 0, 0, 3, 0, 1, 1, 0, 1, 0, 0, 0, 0, 0, 0, 1, 0, 1, 0, 0, 0, 0, 0, 0, 0, 0, 1, 0, 0, 2, 1, 1, 0, 2, 1, 3, 0, 0, 1], [1, 0, 0, 2, 2, 1, 1, 0, 0, 0, 0, 0, 0, 1, 2, 0, 1, 0, 0, 2, 1, 2, 2, 1, 1, 2, 0, 1, 0, 0, 3, 1, 2, 1, 0, 0, 0, 3, 0, 1, 0, 0, 2, 2, 5, 2, 1, 0, 0, 1, 1, 3, 5, 32, 3, 2, 0, 2, 0, 1, 1, 0, 1, 1, 1, 0, 0, 0, 1, 1, 0, 1, 1, 0, 2, 0, 1, 1, 0, 0, 2, 2, 0, 1, 1, 0, 0, 1, 0, 1, 0, 0, 0, 0, 1, 1, 3, 0, 0, 2], [1, 1, 0, 1, 2, 0, 1, 1, 1, 1, 1, 0, 0, 0, 0, 2, 1, 1, 2, 1, 0, 2, 1, 2, 1, 3, 2, 4, 1, 3, 2, 1, 1, 0, 3, 1, 0, 0, 0, 0, 0, 0, 1, 0, 2, 1, 2, 0, 1, 0, 2, 1, 0, 21, 6, 6, 1, 2, 3, 0, 0, 0, 1, 3, 5, 1, 3, 3, 1, 4, 1, 2, 3, 1, 0, 0, 0, 2, 3, 1, 2, 3, 2, 2, 0, 2, 0, 2, 0, 2, 1, 1, 2, 2, 2, 2, 0, 2, 2, 1], [2, 3, 3, 0, 3, 2, 4, 2, 0, 1, 2, 5, 1, 2, 1, 4, 2, 4, 4, 2, 2, 2, 1, 1, 2, 2, 0, 1, 0, 2, 2, 3, 3, 1, 1, 2, 2, 0, 0, 2, 1, 0, 2, 1, 1, 1, 2, 0, 0, 2, 1, 0, 1, 18, 4, 7, 1, 1, 1, 0, 2, 2, 1, 0, 1, 3, 0, 3, 3, 1, 0, 2, 2, 1, 2, 6, 0, 2, 2, 1, 0, 2, 2, 1, 2, 0, 3, 1, 2, 2, 2, 0, 3, 0, 0, 2, 2, 1, 1, 1], [2, 2, 0, 1, 1, 4, 3, 3, 1, 3, 1, 2, 3, 3, 1, 3, 3, 2, 2, 1, 1, 1, 3, 0, 2, 2, 4, 1, 2, 0, 1, 1, 0, 2, 0, 1, 1, 3, 4, 1, 1, 3, 5, 2, 1, 0, 2, 1, 0, 3, 1, 0, 0, 3, 0, 3, 0, 1, 0, 3, 1, 1, 2, 0, 0, 1, 1, 1, 2, 3, 0, 1, 0, 1, 0, 0, 1, 0, 2, 1, 1, 1, 2, 2, 1, 2, 2, 3, 3, 4, 1, 2, 2, 3, 2, 3, 1, 0, 1, 0], [0, 0, 1, 2, 2, 1, 3, 1, 1, 2, 0, 0, 2, 0, 0, 0, 1, 0, 1, 2, 1, 1, 2, 0, 2, 1, 3, 1, 1, 0, 1, 2, 0, 0, 3, 0, 1, 2, 0, 1, 1, 1, 2, 1, 0, 0, 3, 2, 4, 2, 3, 0, 0, 0, 0, 2, 1, 0, 2, 3, 0, 1, 1, 3, 2, 2, 0, 0, 1, 0, 0, 1, 3, 1, 1, 1, 1, 4, 1, 3, 0, 1, 2, 0, 0, 0, 3, 2, 1, 2, 1, 1, 2, 0, 1, 2, 1, 3, 1, 3], [0, 0, 2, 1, 1, 0, 0, 2, 2, 0, 2, 2, 0, 1, 0, 0, 1, 3, 0, 2, 1, 1, 0, 1, 0, 1, 1, 0, 2, 0, 1, 0, 0, 0, 1, 0, 0, 0, 1, 1, 0, 2, 2, 0, 1, 2, 1, 0, 0, 1, 4, 2, 1, 0, 0, 0, 0, 1, 0, 0, 4, 2, 0, 1, 1, 5, 1, 0, 1, 1, 3, 0, 0, 1, 0, 3, 0, 1, 1, 1, 2, 2, 2, 0, 1, 0, 1, 2, 1, 1, 3, 0, 2, 0, 1, 0, 1, 0, 0, 1], [0, 2, 0, 1, 0, 0, 0, 0, 3, 0, 0, 1, 0, 0, 0, 0, 0, 0, 2, 1, 3, 1, 1, 5, 1, 0, 2, 0, 0, 2, 1, 1, 1, 0, 0, 2, 1, 2, 0, 3, 2, 0, 0, 0, 1, 1, 0, 1, 1, 0, 2, 0, 0, 1, 1, 1, 1, 1, 2, 0, 0, 0, 0, 0, 0, 1, 2, 0, 2, 2, 0, 2, 0, 0, 1, 1, 0, 0, 1, 0, 0, 0, 0, 0, 0, 0, 1, 0, 0, 1, 0, 1, 1, 0, 1, 1, 0, 2, 0, 0], [1, 0, 0, 1, 1, 1, 1, 0, 1, 0, 0, 1, 0, 1, 0, 0, 2, 0, 0, 0, 0, 1, 0, 0, 0, 1, 0, 0, 0, 0, 0, 1, 0, 1, 0, 1, 0, 0, 0, 0, 0, 0, 0, 0, 1, 1, 0, 0, 2, 0, 1, 0, 0, 1, 1, 2, 0, 0, 0, 0, 1, 0, 0, 0, 0, 0, 0, 0, 0, 2, 0, 0, 0, 0, 0, 0, 1, 1, 0, 0, 0, 0, 1, 0, 2, 0, 0, 0, 1, 1, 0, 0, 0, 0, 0, 1, 1, 0, 1, 0], [0, 1, 0, 0, 1, 1, 0, 0, 1, 0, 0, 0, 0, 0, 0, 0, 1, 0, 0, 1, 1, 2, 1, 0, 0, 0, 0, 0, 0, 0, 0, 0, 1, 0, 0, 0, 0, 0, 0, 0, 0, 0, 0, 0, 0, 0, 0, 1, 0, 0, 0, 0, 0, 0, 0, 0, 1, 0, 0, 0, 2, 0, 0, 0, 0, 0, 0, 0, 0, 0, 0, 0, 0, 1, 0, 1, 1, 0, 0, 0, 0, 0, 0, 0, 0, 1, 0, 0, 0, 0, 0, 0, 0, 0, 0, 0, 0, 0, 0, 0]]
users_0_m:
[0, 0, 0, 0, 0, 0, 0, 0, 0, 0]
[0, 0, 0, 0, 0, 0, 0, 0, 0, 0]
[0, 0, 0, 0, 0, 0, 0, 0, 0, 0]
[0, 0, 0, 0, 0, 0, 0, 0, 0, 0]
[0, 0, 0, 0, 1, 0, 0, 0, 0, 0]
[0, 0, 0, 16, 3, 3, 0, 0, 0, 0]
[0, 0, 0, 0, 0, 1, 0, 0, 0, 0]
[0, 0, 0, 0, 0, 0, 0, 0, 0, 0]
[0, 0, 0, 0, 0, 0, 0, 0, 0, 0]
[0, 0, 0, 0, 0, 0, 0, 0, 0, 0]
users_1_m:
[0, 0, 0, 0, 1, 0, 0, 0, 0, 0]
[0, 0, 0, 0, 0, 0, 0, 0, 2, 0]
[0, 0, 2, 0, 1, 1, 1, 0, 0, 0]
[0, 0, 0, 0, 0, 0, 0, 0, 0, 0]
[0, 0, 0, 2, 3, 2, 0, 0, 0, 0]
[0, 0, 0, 19, 3, 2, 0, 0, 1, 1]
[1, 1, 1, 0, 0, 0, 0, 0, 1, 1]
[0, 0, 0, 0, 0, 0, 0, 0, 0, 0]
[0, 0, 0, 0, 0, 1, 2, 0, 0, 1]
[1, 0, 1, 0, 0, 1, 0, 0, 0, 0]
users_2_m:
[0, 0, 2, 1, 1, 1, 0, 1, 1, 0]
[2, 0, 2, 1, 0, 0, 1, 0, 1, 0]
[1, 0, 0, 3, 0, 0, 1, 1, 0, 0]
[0, 0, 1, 0, 1, 1, 0, 0, 0, 1]
[0, 0, 0, 1, 1, 2, 0, 1, 1, 0]
[1, 0, 0, 23, 4, 1, 1, 1, 0, 0]
[1, 0, 0, 0, 3, 0, 1, 1, 0, 1]
[0, 0, 0, 0, 0, 0, 1, 0, 1, 0]
[0, 0, 0, 0, 0, 0, 0, 1, 0, 0]
[2, 1, 1, 0, 2, 1, 3, 0, 0, 1]
users_3_m:
[1, 0, 0, 2, 2, 1, 1, 0, 0, 0]
[0, 0, 0, 1, 2, 0, 1, 0, 0, 2]
[1, 2, 2, 1, 1, 2, 0, 1, 0, 0]
[3, 1, 2, 1, 0, 0, 0, 3, 0, 1]
[0, 0, 2, 2, 5, 2, 1, 0, 0, 1]
[1, 3, 5, 32, 3, 2, 0, 2, 0, 1]
[1, 0, 1, 1, 1, 0, 0, 0, 1, 1]
[0, 1, 1, 0, 2, 0, 1, 1, 0, 0]
[2, 2, 0, 1, 1, 0, 0, 1, 0, 1]
[0, 0, 0, 0, 1, 1, 3, 0, 0, 2]
users_4_m:
[1, 1, 0, 1, 2, 0, 1, 1, 1, 1]
[1, 0, 0, 0, 0, 2, 1, 1, 2, 1]
[0, 2, 1, 2, 1, 3, 2, 4, 1, 3]
[2, 1, 1, 0, 3, 1, 0, 0, 0, 0]
[0, 0, 1, 0, 2, 1, 2, 0, 1, 0]
[2, 1, 0, 21, 6, 6, 1, 2, 3, 0]
[0, 0, 1, 3, 5, 1, 3, 3, 1, 4]
[1, 2, 3, 1, 0, 0, 0, 2, 3, 1]
[2, 3, 2, 2, 0, 2, 0, 2, 0, 2]
[1, 1, 2, 2, 2, 2, 0, 2, 2, 1]
users_5_m:
[2, 3, 3, 0, 3, 2, 4, 2, 0, 1]
[2, 5, 1, 2, 1, 4, 2, 4, 4, 2]
[2, 2, 1, 1, 2, 2, 0, 1, 0, 2]
[2, 3, 3, 1, 1, 2, 2, 0, 0, 2]
[1, 0, 2, 1, 1, 1, 2, 0, 0, 2]
[1, 0, 1, 18, 4, 7, 1, 1, 1, 0]
[2, 2, 1, 0, 1, 3, 0, 3, 3, 1]
[0, 2, 2, 1, 2, 6, 0, 2, 2, 1]
[0, 2, 2, 1, 2, 0, 3, 1, 2, 2]
[2, 0, 3, 0, 0, 2, 2, 1, 1, 1]
users_6_m:
[2, 2, 0, 1, 1, 4, 3, 3, 1, 3]
[1, 2, 3, 3, 1, 3, 3, 2, 2, 1]
[1, 1, 3, 0, 2, 2, 4, 1, 2, 0]
[1, 1, 0, 2, 0, 1, 1, 3, 4, 1]
[1, 3, 5, 2, 1, 0, 2, 1, 0, 3]
[1, 0, 0, 3, 0, 3, 0, 1, 0, 3]
[1, 1, 2, 0, 0, 1, 1, 1, 2, 3]
[0, 1, 0, 1, 0, 0, 1, 0, 2, 1]
[1, 1, 2, 2, 1, 2, 2, 3, 3, 4]
[1, 2, 2, 3, 2, 3, 1, 0, 1, 0]
users_7_m:
[0, 0, 1, 2, 2, 1, 3, 1, 1, 2]
[0, 0, 2, 0, 0, 0, 1, 0, 1, 2]
[1, 1, 2, 0, 2, 1, 3, 1, 1, 0]
[1, 2, 0, 0, 3, 0, 1, 2, 0, 1]
[1, 1, 2, 1, 0, 0, 3, 2, 4, 2]
[3, 0, 0, 0, 0, 2, 1, 0, 2, 3]
[0, 1, 1, 3, 2, 2, 0, 0, 1, 0]
[0, 1, 3, 1, 1, 1, 1, 4, 1, 3]
[0, 1, 2, 0, 0, 0, 3, 2, 1, 2]
[1, 1, 2, 0, 1, 2, 1, 3, 1, 3]
users_8_m:
[0, 0, 2, 1, 1, 0, 0, 2, 2, 0]
[2, 2, 0, 1, 0, 0, 1, 3, 0, 2]
[1, 1, 0, 1, 0, 1, 1, 0, 2, 0]
[1, 0, 0, 0, 1, 0, 0, 0, 1, 1]
[0, 2, 2, 0, 1, 2, 1, 0, 0, 1]
[4, 2, 1, 0, 0, 0, 0, 1, 0, 0]
[4, 2, 0, 1, 1, 5, 1, 0, 1, 1]
[3, 0, 0, 1, 0, 3, 0, 1, 1, 1]
[2, 2, 2, 0, 1, 0, 1, 2, 1, 1]
[3, 0, 2, 0, 1, 0, 1, 0, 0, 1]
users_9_m:
[0, 2, 0, 1, 0, 0, 0, 0, 3, 0]
[0, 1, 0, 0, 0, 0, 0, 0, 2, 1]
[3, 1, 1, 5, 1, 0, 2, 0, 0, 2]
[1, 1, 1, 0, 0, 2, 1, 2, 0, 3]
[2, 0, 0, 0, 1, 1, 0, 1, 1, 0]
[2, 0, 0, 1, 1, 1, 1, 1, 2, 0]
[0, 0, 0, 0, 0, 1, 2, 0, 2, 2]
[0, 2, 0, 0, 1, 1, 0, 0, 1, 0]
[0, 0, 0, 0, 0, 0, 1, 0, 0, 1]
[0, 1, 1, 0, 1, 1, 0, 2, 0, 0]
users_10_m:
[1, 0, 0, 1, 1, 1, 1, 0, 1, 0]
[0, 1, 0, 1, 0, 0, 2, 0, 0, 0]
[0, 1, 0, 0, 0, 1, 0, 0, 0, 0]
[0, 1, 0, 1, 0, 1, 0, 0, 0, 0]
[0, 0, 0, 0, 1, 1, 0, 0, 2, 0]
[1, 0, 0, 1, 1, 2, 0, 0, 0, 0]
[1, 0, 0, 0, 0, 0, 0, 0, 0, 2]
[0, 0, 0, 0, 0, 0, 1, 1, 0, 0]
[0, 0, 1, 0, 2, 0, 0, 0, 1, 1]
[0, 0, 0, 0, 0, 1, 1, 0, 1, 0]
users_11_m:
[0, 1, 0, 0, 1, 1, 0, 0, 1, 0]
[0, 0, 0, 0, 0, 0, 1, 0, 0, 1]
[1, 2, 1, 0, 0, 0, 0, 0, 0, 0]
[0, 0, 1, 0, 0, 0, 0, 0, 0, 0]
[0, 0, 0, 0, 0, 0, 0, 1, 0, 0]
[0, 0, 0, 0, 0, 0, 1, 0, 0, 0]
[2, 0, 0, 0, 0, 0, 0, 0, 0, 0]
[0, 0, 0, 1, 0, 1, 1, 0, 0, 0]
[0, 0, 0, 0, 0, 1, 0, 0, 0, 0]
[0, 0, 0, 0, 0, 0, 0, 0, 0, 0]
MAX_USER_PER_ANTENNAS_m:  [40, 40, 40, 40, 40, 40, 40, 40, 40, 40, 40, 40, 40, 40, 40, 40, 40, 40, 40, 40, 40, 40, 40, 40, 40, 40, 40, 40, 40, 40, 40, 40, 40, 40, 40, 40, 40, 40, 40, 40, 40, 40, 40, 40, 40, 40, 40, 40, 40, 40, 40, 40, 40, 40, 40, 40, 40, 40, 40, 40, 40, 40, 40, 40, 40, 40, 40, 40, 40, 40, 40, 40, 40, 40, 40, 40, 40, 40, 40, 40, 40, 40, 40, 40, 40, 40, 40, 40, 40, 40, 40, 40, 40, 40, 40, 40, 40, 40, 40, 40]
antennas_map_m:  [1, 1, 1, 1, 1, 1, 1, 1, 1, 1, 1, 1, 1, 1, 1, 1, 1, 1, 1, 1, 1, 1, 1, 1, 1, 1, 1, 1, 1, 1, 1, 1, 1, 1, 1, 1, 1, 1, 1, 1, 1, 1, 1, 1, 1, 1, 1, 1, 1, 1, 1, 1, 1, 1, 1, 1, 1, 1, 1, 1, 1, 1, 1, 1, 1, 1, 1, 1, 1, 1, 1, 1, 1, 1, 1, 1, 1, 1, 1, 1, 1, 1, 1, 1, 1, 1, 1, 1, 1, 1, 1, 1, 1, 1, 1, 1, 1, 1, 1, 1]
FIRST_ANTENNA:  47
MIN_SNR_m:  [3.1622776601683795, 3.1622776601683795, 3.1622776601683795, 3.1622776601683795, 3.1622776601683795, 3.1622776601683795, 3.1622776601683795, 3.1622776601683795, 3.1622776601683795, 3.1622776601683795, 3.1622776601683795, 3.1622776601683795, 3.1622776601683795, 3.1622776601683795, 3.1622776601683795, 3.1622776601683795, 3.1622776601683795, 3.1622776601683795, 3.1622776601683795, 3.1622776601683795, 3.1622776601683795, 3.1622776601683795, 3.1622776601683795, 3.1622776601683795, 3.1622776601683795, 3.1622776601683795, 3.1622776601683795, 3.1622776601683795, 3.1622776601683795, 3.1622776601683795, 3.1622776601683795, 3.1622776601683795, 3.1622776601683795, 3.1622776601683795, 3.1622776601683795, 3.1622776601683795, 3.1622776601683795, 3.1622776601683795, 3.1622776601683795, 3.1622776601683795, 3.1622776601683795, 3.1622776601683795, 3.1622776601683795, 3.1622776601683795, 3.1622776601683795, 3.1622776601683795, 3.1622776601683795, 3.1622776601683795, 3.1622776601683795, 3.1622776601683795, 3.1622776601683795, 3.1622776601683795, 3.1622776601683795, 3.1622776601683795, 3.1622776601683795, 3.1622776601683795, 3.1622776601683795, 3.1622776601683795, 3.1622776601683795, 3.1622776601683795, 3.1622776601683795, 3.1622776601683795, 3.1622776601683795, 3.1622776601683795, 3.1622776601683795, 3.1622776601683795, 3.1622776601683795, 3.1622776601683795, 3.1622776601683795, 3.1622776601683795, 3.1622776601683795, 3.1622776601683795, 3.1622776601683795, 3.1622776601683795, 3.1622776601683795, 3.1622776601683795, 3.1622776601683795, 3.1622776601683795, 3.1622776601683795, 3.1622776601683795, 3.1622776601683795, 3.1622776601683795, 3.1622776601683795, 3.1622776601683795, 3.1622776601683795, 3.1622776601683795, 3.1622776601683795, 3.1622776601683795, 3.1622776601683795, 3.1622776601683795, 3.1622776601683795, 3.1622776601683795, 3.1622776601683795, 3.1622776601683795, 3.1622776601683795, 3.1622776601683795, 3.1622776601683795, 3.1622776601683795, 3.1622776601683795, 3.1622776601683795]
-MIN_DIST:  2000
- disaster percentage:  0

Slice  0
Updating fitness _wolf
--------
The set of antennas serves the scenario in the respective slice(0).

Slice  1
Updating fitness _wolf
--------

Run GWO to deployment +1 antenna on the map
	Pack size:  300
	Wolf dimension 1
	Max iter 100
	antennas_regions:  [47]
	users_regions:  [ 4 18 22 24 25 26 43 44 45 53 54 55 58 59 60 61 62 68 69 85 86 89 90 92
 95]
	Seed_base:  35128
initial_alpha:  Wolf 0 (35128). Fitness: 0
	(2177.575378501804, 2335.7315484265537, 0). Region: 55
initial_beta:  Wolf 1 (35129). Fitness: 0
	(1849.0895037605578, 1781.7908606333556, 0). Region: 44
initial_delta:  Wolf 2 (35130). Fitness: 0
	(3413.595057967778, 1099.8429583261075, 0). Region: 28 

iter = 10
Alpha wolf:  Wolf 0 (35128). Fitness: 0
	(2820.119035346774, 2888.9774793518886, 0.0). Region: 77
iter = 20
Alpha wolf:  Wolf 0 (35128). Fitness: 0
	(2595.854038655252, 1024.4686201587278, 0.0). Region: 26
iter = 30
Alpha wolf:  Wolf 0 (35128). Fitness: 0
	(2697.489844118648, 1066.5466864036998, 0.0). Region: 26
iter = 40
Alpha wolf:  Wolf 0 (35128). Fitness: 0
	(1555.8415679068994, 2314.086892601945, 0.0). Region: 53
iter = 50
Alpha wolf:  Wolf 0 (35128). Fitness: 0
	(1009.5658716752112, 2826.3205647267137, 0.0). Region: 72
iter = 60
Alpha wolf:  Wolf 0 (35128). Fitness: 0
	(720.5945552222911, 1741.8826356851546, 0.0). Region: 41
iter = 70
Alpha wolf:  Wolf 0 (35128). Fitness: 0
	(813.3213931919001, 1844.5546084115122, 0.0). Region: 42
iter = 80
Alpha wolf:  Wolf 0 (35128). Fitness: 0
	(1236.5731915580698, 1916.8601232760502, 0.0). Region: 43
iter = 90
Alpha wolf:  Wolf 0 (35128). Fitness: 0
	(927.3468712527285, 2215.270877193813, 0.0). Region: 52

Run GWO to deployment +2 antenna on the map
	Pack size:  300
	Wolf dimension 2
	Max iter 100
	antennas_regions:  [47]
	users_regions:  [ 4 18 22 24 25 26 43 44 45 53 54 55 58 59 60 61 62 68 69 85 86 89 90 92
 95]
	Seed_base:  35872
initial_alpha:  Wolf 0 (35872). Fitness: 0
	(2392.4447438717752, 737.4943232026947, 0). Region: 15
	(3872.5448189146387, 636.0841231844337, 0). Region: 19
initial_beta:  Wolf 1 (35873). Fitness: 0
	(3171.258762781721, 447.6413802007464, 0). Region: 17
	(898.7064479041322, 2073.91624476079, 0). Region: 52
initial_delta:  Wolf 2 (35874). Fitness: 0
	(1001.9761003469961, 1781.09310080149, 0). Region: 42
	(3677.4693829751445, 2861.58547436718, 0). Region: 79 

The alpha wolf has been updated to a position with higher fitness. iter = 0
New alpha wolf:  Wolf 266 (36138). Fitness: 89.05738900575133
	(911.3013445502072, 3148.288978401304, 0.0). Region: 72
	(2508.493462650654, 2097.6267630892967, 0.0). Region: 56
The alpha wolf has been updated to a position with higher fitness. iter = 2
New alpha wolf:  Wolf 36 (35908). Fitness: 181.81567661544173
	(2264.734637206917, 3133.525314828631, 0.0). Region: 75
	(615.4074175143152, 1957.8716818038968, 0.0). Region: 41
The alpha wolf has been updated to a position with higher fitness. iter = 6
New alpha wolf:  Wolf 82 (35954). Fitness: 188.79507315936993
	(1612.0133914883445, 1350.0788129828572, 0.0). Region: 34
	(37.576838455313535, 2393.6757752770463, 0.0). Region: 50
iter = 10
Alpha wolf:  Wolf 82 (35954). Fitness: 188.79507315936993
	(1612.0133914883445, 1350.0788129828572, 0.0). Region: 34
	(37.576838455313535, 2393.6757752770463, 0.0). Region: 50
iter = 20
Alpha wolf:  Wolf 82 (35954). Fitness: 188.79507315936993
	(1612.0133914883445, 1350.0788129828572, 0.0). Region: 34
	(37.576838455313535, 2393.6757752770463, 0.0). Region: 50
iter = 30
Alpha wolf:  Wolf 82 (35954). Fitness: 188.79507315936993
	(1612.0133914883445, 1350.0788129828572, 0.0). Region: 34
	(37.576838455313535, 2393.6757752770463, 0.0). Region: 50
iter = 40
Alpha wolf:  Wolf 82 (35954). Fitness: 188.79507315936993
	(1695.7336008129637, 1476.8484963654728, 0.0). Region: 34
	(248.1889836922808, 2339.6980230435383, 0.0). Region: 50
iter = 50
Alpha wolf:  Wolf 82 (35954). Fitness: 188.79507315936993
	(1766.5118995212397, 1445.9696377300293, 0.0). Region: 34
	(245.19333048049975, 2291.433059782141, 0.0). Region: 50
iter = 60
Alpha wolf:  Wolf 82 (35954). Fitness: 188.79507315936993
	(1987.4834717352571, 1384.4396947466912, 0.0). Region: 34
	(230.44574549042915, 2151.502969584022, 0.0). Region: 50
iter = 70
Alpha wolf:  Wolf 82 (35954). Fitness: 188.79507315936993
	(1612.4330924312426, 1481.073189313271, 0.0). Region: 34
	(225.84289556513377, 2350.2998532186557, 0.0). Region: 50
iter = 80
Alpha wolf:  Wolf 82 (35954). Fitness: 188.79507315936993
	(1911.0744912499042, 1449.1471661157057, 0.0). Region: 34
	(226.35525593434699, 2260.6004007186343, 0.0). Region: 50
iter = 90
Alpha wolf:  Wolf 82 (35954). Fitness: 188.79507315936993
	(1789.7875901522784, 1405.3524678552753, 0.0). Region: 34
	(259.2307113569648, 2081.4851807558885, 0.0). Region: 50

- Finishing GWO - 

Best solution:  Wolf 82 (35954). Fitness: 188.79507315936993
	(1769.2229433607201, 1424.2684189640743, 0.0). Region: 34
	(249.5707477029132, 2127.355679142981, 0.0). Region: 50
Antennas in slice 1:  [34 47 50]

Slice  2
Updating fitness _wolf
--------

Run GWO to deployment +1 antenna on the map
	Pack size:  300
	Wolf dimension 1
	Max iter 100
	antennas_regions:  [34 47 50]
	users_regions:  [ 2  3  4  5  7  8 10 12 13 16 18 20 23 26 27 32 34 35 39 43 44 45 47 48
 50 53 54 55 56 57 60 64 66 67 69 76 78 87 90 91 92 94 95 96 99]
	Seed_base:  74675
initial_alpha:  Wolf 0 (74675). Fitness: 0
	(1734.6689338109873, 300.2661215396576, 0). Region: 4
initial_beta:  Wolf 1 (74676). Fitness: 0
	(3150.92057177359, 1928.0131147247657, 0). Region: 47
initial_delta:  Wolf 2 (74677). Fitness: 0
	(2711.775472768715, 695.7683508624881, 0). Region: 16 

iter = 10
Alpha wolf:  Wolf 0 (74675). Fitness: 0
	(2663.3896503257083, 2695.405339310206, 0.0). Region: 66
iter = 20
Alpha wolf:  Wolf 0 (74675). Fitness: 0
	(2774.2768377324373, 1109.166788754682, 0.0). Region: 26
iter = 30
Alpha wolf:  Wolf 0 (74675). Fitness: 0
	(2902.9196827880446, 1156.006060352591, 0.0). Region: 27
iter = 40
Alpha wolf:  Wolf 0 (74675). Fitness: 0
	(1401.9103788462162, 2508.1872742503256, 0.0). Region: 63
iter = 50
Alpha wolf:  Wolf 0 (74675). Fitness: 0
	(921.1777508398214, 3063.3859497889866, 0.0). Region: 72
iter = 60
Alpha wolf:  Wolf 0 (74675). Fitness: 0
	(657.5057825397549, 1887.987816716488, 0.0). Region: 41
iter = 70
Alpha wolf:  Wolf 0 (74675). Fitness: 0
	(742.1142932993354, 1999.2716826064327, 0.0). Region: 41
iter = 80
Alpha wolf:  Wolf 0 (74675). Fitness: 0
	(1128.3099741967537, 2077.6420207388664, 0.0). Region: 52
iter = 90
Alpha wolf:  Wolf 0 (74675). Fitness: 0
	(846.1567269271261, 2401.082794664665, 0.0). Region: 62

Run GWO to deployment +2 antenna on the map
	Pack size:  300
	Wolf dimension 2
	Max iter 100
	antennas_regions:  [34 47 50]
	users_regions:  [ 2  3  4  5  7  8 10 12 13 16 18 20 23 26 27 32 34 35 39 43 44 45 47 48
 50 53 54 55 56 57 60 64 66 67 69 76 78 87 90 91 92 94 95 96 99]
	Seed_base:  24074
initial_alpha:  Wolf 59 (24133). Fitness: 4.4101744668943517e-05
	(845.8787515420037, 370.550407700688, 0). Region: 2
	(3872.8392414801287, 1669.3789098316033, 0). Region: 49
initial_beta:  Wolf 37 (24111). Fitness: 4.305419322173072e-05
	(1318.9100244322835, 242.60870292394765, 0). Region: 3
	(3839.3364499285617, 3085.0782002078854, 0). Region: 79
initial_delta:  Wolf 54 (24128). Fitness: 4.275169126071054e-05
	(808.8747159792673, 99.7767375217995, 0). Region: 2
	(2063.8986596234954, 664.3450591343357, 0). Region: 15 

The alpha wolf has been updated to a position with higher fitness. iter = 0
New alpha wolf:  Wolf 103 (24177). Fitness: 4.478170851755492e-05
	(1152.1500151654432, 106.00755830667181, 0.0). Region: 2
	(2502.5117273253436, 2421.880479056498, 0.0). Region: 66
The alpha wolf has been updated to a position with higher fitness. iter = 2
New alpha wolf:  Wolf 88 (24162). Fitness: 4.500178027443216e-05
	(1139.4599605885612, 271.85532389366267, 0.0). Region: 2
	(3095.8318984718426, 3613.092763454527, 0.0). Region: 97
iter = 10
Alpha wolf:  Wolf 88 (24162). Fitness: 4.500178027443216e-05
	(1139.4599605885612, 271.85532389366267, 0.0). Region: 2
	(3095.8318984718426, 3613.092763454527, 0.0). Region: 97
iter = 20
Alpha wolf:  Wolf 88 (24162). Fitness: 4.500178027443216e-05
	(1161.8466871675678, 379.58064491514506, 0.0). Region: 2
	(2896.0572762407, 3988.6376703504793, 0.0). Region: 97
iter = 30
Alpha wolf:  Wolf 88 (24162). Fitness: 4.500178027443216e-05
	(1161.8466871675678, 379.58064491514506, 0.0). Region: 2
	(2896.0572762407, 3988.6376703504793, 0.0). Region: 97
iter = 40
Alpha wolf:  Wolf 88 (24162). Fitness: 4.500178027443216e-05
	(1161.8466871675678, 379.58064491514506, 0.0). Region: 2
	(2896.0572762407, 3988.6376703504793, 0.0). Region: 97
iter = 50
Alpha wolf:  Wolf 88 (24162). Fitness: 4.500178027443216e-05
	(1161.8466871675678, 379.58064491514506, 0.0). Region: 2
	(2896.0572762407, 3988.6376703504793, 0.0). Region: 97
iter = 60
Alpha wolf:  Wolf 88 (24162). Fitness: 4.500178027443216e-05
	(984.9964917760365, 383.2427555294894, 0.0). Region: 2
	(2198.466521059073, 2859.8352266283, 0.0). Region: 75
iter = 70
Alpha wolf:  Wolf 88 (24162). Fitness: 4.500178027443216e-05
	(947.8233939354716, 362.51872571633885, 0.0). Region: 2
	(2000.042912317714, 2992.199120989154, 0.0). Region: 75
iter = 80
Alpha wolf:  Wolf 88 (24162). Fitness: 4.500178027443216e-05
	(1136.8100391879234, 352.06959849885067, 0.0). Region: 2
	(2062.286460565297, 3006.9653920179353, 0.0). Region: 75
iter = 90
Alpha wolf:  Wolf 88 (24162). Fitness: 4.500178027443216e-05
	(1064.4429363116192, 372.9581993010618, 0.0). Region: 2
	(2124.61003106177, 2947.0135473738196, 0.0). Region: 75

- Finishing GWO - 

Best solution:  Wolf 88 (24162). Fitness: 4.500178027443216e-05
	(1056.7381266735047, 366.51419951354893, 0.0). Region: 2
	(2171.9589079794737, 2979.837507639586, 0.0). Region: 75
Antennas in slice 2:  [ 2 34 47 50 75]

Slice  3
Updating fitness _wolf
--------
The set of antennas serves the scenario in the respective slice(3).

Slice  4
Updating fitness _wolf
--------
The set of antennas serves the scenario in the respective slice(4).

Slice  5
Updating fitness _wolf
--------
The set of antennas serves the scenario in the respective slice(5).

Slice  6
Updating fitness _wolf
--------
The set of antennas serves the scenario in the respective slice(6).

Slice  7
Updating fitness _wolf
--------
The set of antennas serves the scenario in the respective slice(7).

Slice  8
Updating fitness _wolf
--------
The set of antennas serves the scenario in the respective slice(8).

Slice  9
Updating fitness _wolf
--------
The set of antennas serves the scenario in the respective slice(9).

Slice  10
Updating fitness _wolf
--------
The set of antennas serves the scenario in the respective slice(10).

Slice  11
Updating fitness _wolf
--------
The set of antennas serves the scenario in the respective slice(11).

Média de carros: 4.5
t=0
Antennas: [47]
Users: [44 53 54 55 65]
MinSINR:  3.1622776601683795
$x_{0,47}$
	 $y_{0,47,44}$ = 13.388719818289104 dB
	 $y_{0,47,53}$ = 11.793564026541347 dB
	 $y_{0,47,54}$ = 19.452806082557004 dB
	 $y_{0,47,55}$ = 16.559105833616712 dB
	 $y_{0,47,65}$ = 10.074371193812908 dB
		SNR medio:  2.9695236231173783
		Usuarios totais: 24
Distances:
t=1
Antennas: [34 47 50]
Users: [ 4 18 22 24 25 26 43 44 45 53 54 55 58 59 60 61 62 68 69 85 86 89 90 92
 95]
MinSINR:  3.1622776601683795
$x_{1,34}$
	 $y_{1,34,4}$ = 7.430201804218115 dB
	 $y_{1,34,89}$ = 5.5068215149618425 dB
		SNR medio:  6.4685116595899785
		Usuarios totais: 2
$x_{1,47}$
	 $y_{1,47,18}$ = 12.363932466888059 dB
	 $y_{1,47,58}$ = 19.908950205502563 dB
	 $y_{1,47,69}$ = 6.582529791901607 dB
	 $y_{1,47,86}$ = 16.375508719898335 dB
	 $y_{1,47,24}$ = 8.152894305543413 dB
	 $y_{1,47,25}$ = 7.044074068356679 dB
	 $y_{1,47,26}$ = 16.906994942939164 dB
	 $y_{1,47,45}$ = 17.11520940523235 dB
	 $y_{1,47,59}$ = 19.17807459585167 dB
	 $y_{1,47,68}$ = 20.58714178448956 dB
	 $y_{1,47,85}$ = 7.673361970203544 dB
	 $y_{1,47,43}$ = 11.108212631987328 dB
	 $y_{1,47,44}$ = 13.388719818289104 dB
	 $y_{1,47,53}$ = 11.793564026541347 dB
	 $y_{1,47,55}$ = 16.559105833616712 dB
		SNR medio:  5.118456864181036
		Usuarios totais: 40
$x_{1,50}$
	 $y_{1,50,60}$ = 23.238399298547762 dB
	 $y_{1,50,90}$ = 6.701723317267607 dB
	 $y_{1,50,92}$ = 12.399466831638136 dB
	 $y_{1,50,95}$ = 8.467093381666217 dB
	 $y_{1,50,22}$ = 11.646682093097738 dB
	 $y_{1,50,61}$ = 21.71710795240611 dB
	 $y_{1,50,62}$ = 16.971517510930624 dB
	 $y_{1,50,54}$ = 7.705476696415445 dB
		SNR medio:  9.895224280179058
		Usuarios totais: 11
Distances:
34 : 47 = 1264.9110640673518
34 : 50 = 1788.8543819998317
47 : 50 = 2828.42712474619
t=2
Antennas: [ 2 34 47 50 75]
Users: [ 2  3  4  5  7  8 10 12 13 16 18 20 23 26 27 32 34 35 39 43 44 45 47 48
 50 53 54 55 56 57 60 64 66 67 69 76 78 87 90 91 92 94 95 96 99]
MinSINR:  3.1622776601683795
$x_{2,2}$
	 $y_{2,2,3}$ = 25.763859801705408 dB
	 $y_{2,2,7}$ = 7.438521477401849 dB
	 $y_{2,2,10}$ = 21.49773750892399 dB
	 $y_{2,2,16}$ = 6.668825728870857 dB
	 $y_{2,2,20}$ = 9.435698157425776 dB
	 $y_{2,2,4}$ = 21.72064566709085 dB
	 $y_{2,2,5}$ = 5.33914318319502 dB
	 $y_{2,2,13}$ = 19.449779120832204 dB
	 $y_{2,2,2}$ = 81.75280181901982 dB
	 $y_{2,2,12}$ = 24.74178846894138 dB
	 $y_{2,2,23}$ = 11.114956051067907 dB
	 $y_{2,2,32}$ = 9.560064273774827 dB
	 $y_{2,2,53}$ = 5.76348022093687 dB
		SNR medio:  6.2561825369796695
		Usuarios totais: 40
$x_{2,34}$
	 $y_{2,34,34}$ = 85.3873137969313 dB
		SNR medio:  85.3873137969313
		Usuarios totais: 1
$x_{2,47}$
	 $y_{2,47,18}$ = 12.363932466888059 dB
	 $y_{2,47,69}$ = 6.582529791901607 dB
	 $y_{2,47,8}$ = 7.007176766226593 dB
	 $y_{2,47,39}$ = 12.918653749192828 dB
	 $y_{2,47,57}$ = 26.63473100673474 dB
	 $y_{2,47,67}$ = 17.20483312626577 dB
	 $y_{2,47,76}$ = 20.86489732016311 dB
	 $y_{2,47,78}$ = 6.745538459734348 dB
	 $y_{2,47,87}$ = 10.993603258460581 dB
	 $y_{2,47,94}$ = 5.476518789934232 dB
	 $y_{2,47,26}$ = 16.906994942939164 dB
	 $y_{2,47,27}$ = 19.53970744085457 dB
	 $y_{2,47,45}$ = 17.11520940523235 dB
	 $y_{2,47,47}$ = 83.23816731671516 dB
	 $y_{2,47,48}$ = 27.497300339159963 dB
	 $y_{2,47,66}$ = 11.258857298199388 dB
	 $y_{2,47,35}$ = 18.844298888762538 dB
	 $y_{2,47,43}$ = 11.108212631987328 dB
	 $y_{2,47,54}$ = 19.452806082557004 dB
	 $y_{2,47,55}$ = 16.559105833616712 dB
	 $y_{2,47,64}$ = 7.4216906948327335 dB
	 $y_{2,47,44}$ = 13.388719818289104 dB
	 $y_{2,47,56}$ = 19.78445983666336 dB
		SNR medio:  13.630264842177041
		Usuarios totais: 30
$x_{2,50}$
	 $y_{2,50,90}$ = 6.701723317267607 dB
	 $y_{2,50,60}$ = 23.238399298547762 dB
	 $y_{2,50,91}$ = 8.223366277554447 dB
	 $y_{2,50,92}$ = 12.399466831638136 dB
	 $y_{2,50,95}$ = 8.467093381666217 dB
	 $y_{2,50,96}$ = 5.536921413211999 dB
	 $y_{2,50,50}$ = 92.92181354853832 dB
		SNR medio:  15.748878406842447
		Usuarios totais: 10
$x_{2,75}$
	 $y_{2,75,99}$ = 6.976787526447353 dB
		SNR medio:  6.976787526447353
		Usuarios totais: 1
Distances:
2 : 34 = 1442.2205101855957
2 : 47 = 2561.2496949731394
2 : 50 = 2154.0659228538016
2 : 75 = 3046.3092423455632
34 : 47 = 1264.9110640673518
34 : 50 = 1788.8543819998317
34 : 75 = 1649.2422502470642
47 : 50 = 2828.42712474619
47 : 75 = 1442.2205101855957
50 : 75 = 2154.0659228538016
t=3
Antennas: [ 2 34 47 50 75]
Users: [ 0  3  4  5  6 13 14 16 19 20 21 22 23 24 25 27 30 31 32 33 37 39 42 43
 44 45 46 49 50 51 52 53 54 55 57 59 60 62 63 64 68 69 71 72 74 76 77 80
 81 83 84 87 89 94 95 96 99]
MinSINR:  3.1622776601683795
$x_{3,2}$
	 $y_{3,2,0}$ = 12.388525914433387 dB
	 $y_{3,2,3}$ = 25.763859801705408 dB
	 $y_{3,2,16}$ = 6.668825728870857 dB
	 $y_{3,2,20}$ = 9.435698157425776 dB
	 $y_{3,2,4}$ = 21.72064566709085 dB
	 $y_{3,2,5}$ = 5.33914318319502 dB
	 $y_{3,2,6}$ = 8.866950869764281 dB
	 $y_{3,2,13}$ = 19.449779120832204 dB
	 $y_{3,2,14}$ = 16.628931281399673 dB
	 $y_{3,2,21}$ = 22.13901440008341 dB
	 $y_{3,2,22}$ = 18.757886584404005 dB
	 $y_{3,2,23}$ = 11.114956051067907 dB
	 $y_{3,2,24}$ = 11.343814371499747 dB
	 $y_{3,2,25}$ = 11.512174151198096 dB
	 $y_{3,2,30}$ = 9.67593578306861 dB
	 $y_{3,2,32}$ = 9.560064273774827 dB
	 $y_{3,2,31}$ = 14.521106699272423 dB
	 $y_{3,2,51}$ = 5.968633237480134 dB
	 $y_{3,2,44}$ = 7.897941649912227 dB
	 $y_{3,2,63}$ = 15.035098968084014 dB
		SNR medio:  7.536828168416082
		Usuarios totais: 35
$x_{3,34}$
		Usuarios totais: 0
$x_{3,47}$
	 $y_{3,47,19}$ = 18.10841905608848 dB
	 $y_{3,47,49}$ = 23.150065590296578 dB
	 $y_{3,47,69}$ = 6.582529791901607 dB
	 $y_{3,47,39}$ = 12.918653749192828 dB
	 $y_{3,47,57}$ = 26.63473100673474 dB
	 $y_{3,47,76}$ = 20.86489732016311 dB
	 $y_{3,47,77}$ = 7.688894957153138 dB
	 $y_{3,47,27}$ = 19.53970744085457 dB
	 $y_{3,47,33}$ = 10.831348576659337 dB
	 $y_{3,47,54}$ = 19.452806082557004 dB
	 $y_{3,47,64}$ = 7.4216906948327335 dB
		SNR medio:  11.546249617762275
		Usuarios totais: 15
$x_{3,50}$
	 $y_{3,50,50}$ = 92.92181354853832 dB
	 $y_{3,50,53}$ = 13.14309696441309 dB
		SNR medio:  3.2140881973621642
		Usuarios totais: 33
$x_{3,75}$
	 $y_{3,75,83}$ = 14.96996610757084 dB
	 $y_{3,75,99}$ = 6.976787526447353 dB
	 $y_{3,75,60}$ = 8.969879692779372 dB
	 $y_{3,75,71}$ = 7.70083529838368 dB
	 $y_{3,75,80}$ = 5.237305026262732 dB
	 $y_{3,75,81}$ = 6.8730749124133865 dB
	 $y_{3,75,87}$ = 16.118359469080616 dB
	 $y_{3,75,89}$ = 8.252213208934023 dB
	 $y_{3,75,94}$ = 27.398607393937823 dB
	 $y_{3,75,95}$ = 23.123829137844226 dB
	 $y_{3,75,96}$ = 12.018816170745765 dB
	 $y_{3,75,45}$ = 6.379170964566271 dB
	 $y_{3,75,46}$ = 13.600205674489757 dB
	 $y_{3,75,52}$ = 14.247239868146607 dB
	 $y_{3,75,59}$ = 10.683528991077765 dB
	 $y_{3,75,62}$ = 10.529795516582567 dB
	 $y_{3,75,68}$ = 15.337561876933819 dB
	 $y_{3,75,72}$ = 10.38310146187402 dB
	 $y_{3,75,74}$ = 21.943643698370693 dB
	 $y_{3,75,84}$ = 19.358991105854372 dB
	 $y_{3,75,37}$ = 11.808748148685396 dB
	 $y_{3,75,42}$ = 6.996835563166826 dB
	 $y_{3,75,43}$ = 15.293636046205961 dB
	 $y_{3,75,55}$ = 20.517209325193974 dB
		SNR medio:  7.867983554638696
		Usuarios totais: 40
Distances:
2 : 34 = 1442.2205101855957
2 : 47 = 2561.2496949731394
2 : 50 = 2154.0659228538016
2 : 75 = 3046.3092423455632
34 : 47 = 1264.9110640673518
34 : 50 = 1788.8543819998317
34 : 75 = 1649.2422502470642
47 : 50 = 2828.42712474619
47 : 75 = 1442.2205101855957
50 : 75 = 2154.0659228538016
t=4
Antennas: [ 2 34 47 50 75]
Users: [ 0  1  3  4  6  7  8  9 10 15 16 17 18 19 21 22 23 24 25 26 27 28 29 30
 31 32 34 35 42 44 45 46 48 50 51 53 54 55 56 57 58 62 63 64 65 66 67 68
 69 70 71 72 73 77 78 79 80 81 82 83 85 87 89 90 91 92 93 94 95 97 98 99]
MinSINR:  3.1622776601683795
$x_{4,2}$
	 $y_{4,2,0}$ = 12.388525914433387 dB
	 $y_{4,2,1}$ = 29.593954811209457 dB
	 $y_{4,2,3}$ = 25.763859801705408 dB
	 $y_{4,2,7}$ = 7.438521477401849 dB
	 $y_{4,2,10}$ = 21.49773750892399 dB
	 $y_{4,2,16}$ = 6.668825728870857 dB
	 $y_{4,2,4}$ = 21.72064566709085 dB
	 $y_{4,2,21}$ = 22.13901440008341 dB
	 $y_{4,2,22}$ = 18.757886584404005 dB
	 $y_{4,2,23}$ = 11.114956051067907 dB
	 $y_{4,2,30}$ = 9.67593578306861 dB
	 $y_{4,2,31}$ = 14.521106699272423 dB
	 $y_{4,2,32}$ = 9.560064273774827 dB
	 $y_{4,2,53}$ = 5.76348022093687 dB
	 $y_{4,2,56}$ = 7.648071061775283 dB
		SNR medio:  5.750066307282543
		Usuarios totais: 39
$x_{4,34}$
	 $y_{4,34,34}$ = 85.3873137969313 dB
		SNR medio:  28.462437932310433
		Usuarios totais: 3
$x_{4,47}$
	 $y_{4,47,9}$ = 6.21910907371668 dB
	 $y_{4,47,17}$ = 8.191096152502126 dB
	 $y_{4,47,18}$ = 12.363932466888059 dB
	 $y_{4,47,19}$ = 18.10841905608848 dB
	 $y_{4,47,69}$ = 6.582529791901607 dB
	 $y_{4,47,6}$ = 5.799745379271002 dB
	 $y_{4,47,8}$ = 7.007176766226593 dB
	 $y_{4,47,28}$ = 13.472165002039048 dB
	 $y_{4,47,29}$ = 13.596007391410168 dB
	 $y_{4,47,57}$ = 26.63473100673474 dB
	 $y_{4,47,58}$ = 19.908950205502563 dB
	 $y_{4,47,67}$ = 17.20483312626577 dB
	 $y_{4,47,77}$ = 7.688894957153138 dB
	 $y_{4,47,78}$ = 6.745538459734348 dB
	 $y_{4,47,82}$ = 13.81140274971493 dB
	 $y_{4,47,87}$ = 10.993603258460581 dB
	 $y_{4,47,94}$ = 5.476518789934232 dB
	 $y_{4,47,15}$ = 11.515539581913444 dB
	 $y_{4,47,24}$ = 8.152894305543413 dB
	 $y_{4,47,25}$ = 7.044074068356679 dB
		SNR medio:  5.66292903973394
		Usuarios totais: 40
$x_{4,50}$
	 $y_{4,50,90}$ = 6.701723317267607 dB
	 $y_{4,50,27}$ = 5.2804784446838084 dB
	 $y_{4,50,54}$ = 7.705476696415445 dB
	 $y_{4,50,55}$ = 5.127683034292005 dB
	 $y_{4,50,62}$ = 16.971517510930624 dB
	 $y_{4,50,64}$ = 5.874210263928774 dB
	 $y_{4,50,72}$ = 10.382891480335502 dB
	 $y_{4,50,42}$ = 19.326221749619023 dB
	 $y_{4,50,44}$ = 10.575541460342578 dB
	 $y_{4,50,50}$ = 92.92181354853832 dB
	 $y_{4,50,51}$ = 25.716559023205406 dB
	 $y_{4,50,63}$ = 9.708803211149927 dB
		SNR medio:  6.179797706877401
		Usuarios totais: 35
$x_{4,75}$
	 $y_{4,75,79}$ = 6.536293989274952 dB
	 $y_{4,75,83}$ = 14.96996610757084 dB
	 $y_{4,75,93}$ = 20.082210079168775 dB
	 $y_{4,75,97}$ = 9.819979432504482 dB
	 $y_{4,75,98}$ = 5.920017567379519 dB
	 $y_{4,75,99}$ = 6.976787526447353 dB
	 $y_{4,75,70}$ = 10.26713674909496 dB
	 $y_{4,75,71}$ = 7.70083529838368 dB
	 $y_{4,75,80}$ = 5.237305026262732 dB
	 $y_{4,75,81}$ = 6.8730749124133865 dB
	 $y_{4,75,89}$ = 8.252213208934023 dB
	 $y_{4,75,91}$ = 6.64487657240835 dB
	 $y_{4,75,92}$ = 10.157781171589988 dB
	 $y_{4,75,95}$ = 23.123829137844226 dB
	 $y_{4,75,26}$ = 12.305863874142403 dB
	 $y_{4,75,45}$ = 6.379170964566271 dB
	 $y_{4,75,46}$ = 13.600205674489757 dB
	 $y_{4,75,48}$ = 8.473310330691675 dB
	 $y_{4,75,65}$ = 29.561718882514597 dB
	 $y_{4,75,66}$ = 23.089846248147936 dB
	 $y_{4,75,68}$ = 15.337561876933819 dB
	 $y_{4,75,73}$ = 14.850960487049207 dB
	 $y_{4,75,85}$ = 20.978265745691147 dB
	 $y_{4,75,35}$ = 9.626402850235706 dB
		SNR medio:  7.419140342843495
		Usuarios totais: 40
Distances:
2 : 34 = 1442.2205101855957
2 : 47 = 2561.2496949731394
2 : 50 = 2154.0659228538016
2 : 75 = 3046.3092423455632
34 : 47 = 1264.9110640673518
34 : 50 = 1788.8543819998317
34 : 75 = 1649.2422502470642
47 : 50 = 2828.42712474619
47 : 75 = 1442.2205101855957
50 : 75 = 2154.0659228538016
t=5
Antennas: [ 2 34 47 50 75]
Users: [ 0  1  2  4  5  6  7  9 10 11 12 13 14 15 16 17 18 19 20 21 22 23 24 25
 27 29 30 31 32 33 34 35 36 39 40 42 43 44 45 46 49 50 52 53 54 55 56 57
 58 60 61 62 64 65 67 68 69 71 72 73 74 75 77 78 79 81 82 83 84 86 87 88
 89 90 92 95 96 97 98 99]
MinSINR:  3.1622776601683795
$x_{5,2}$
	 $y_{5,2,0}$ = 12.388525914433387 dB
	 $y_{5,2,1}$ = 29.593954811209457 dB
	 $y_{5,2,7}$ = 7.438521477401849 dB
	 $y_{5,2,10}$ = 21.49773750892399 dB
	 $y_{5,2,16}$ = 6.668825728870857 dB
	 $y_{5,2,20}$ = 9.435698157425776 dB
	 $y_{5,2,4}$ = 21.72064566709085 dB
	 $y_{5,2,5}$ = 5.33914318319502 dB
	 $y_{5,2,6}$ = 8.866950869764281 dB
	 $y_{5,2,11}$ = 22.98933050054407 dB
	 $y_{5,2,13}$ = 19.449779120832204 dB
	 $y_{5,2,2}$ = 81.75280181901982 dB
	 $y_{5,2,12}$ = 24.74178846894138 dB
	 $y_{5,2,24}$ = 11.343814371499747 dB
	 $y_{5,2,25}$ = 11.512174151198096 dB
	 $y_{5,2,35}$ = 5.733080188808202 dB
	 $y_{5,2,22}$ = 18.757886584404005 dB
		SNR medio:  7.980766463089077
		Usuarios totais: 40
$x_{5,34}$
	 $y_{5,34,34}$ = 85.3873137969313 dB
	 $y_{5,34,50}$ = 7.178165275620444 dB
	 $y_{5,34,53}$ = 18.652321328680557 dB
	 $y_{5,34,56}$ = 8.396106220046192 dB
		SNR medio:  5.695900315298975
		Usuarios totais: 21
$x_{5,47}$
	 $y_{5,47,9}$ = 6.21910907371668 dB
	 $y_{5,47,17}$ = 8.191096152502126 dB
	 $y_{5,47,18}$ = 12.363932466888059 dB
	 $y_{5,47,19}$ = 18.10841905608848 dB
	 $y_{5,47,49}$ = 23.150065590296578 dB
	 $y_{5,47,69}$ = 6.582529791901607 dB
	 $y_{5,47,29}$ = 13.596007391410168 dB
	 $y_{5,47,39}$ = 12.918653749192828 dB
	 $y_{5,47,57}$ = 26.63473100673474 dB
	 $y_{5,47,58}$ = 19.908950205502563 dB
	 $y_{5,47,67}$ = 17.20483312626577 dB
	 $y_{5,47,77}$ = 7.688894957153138 dB
	 $y_{5,47,78}$ = 6.745538459734348 dB
	 $y_{5,47,82}$ = 13.81140274971493 dB
	 $y_{5,47,86}$ = 16.375508719898335 dB
	 $y_{5,47,87}$ = 10.993603258460581 dB
	 $y_{5,47,88}$ = 21.629800057076153 dB
	 $y_{5,47,14}$ = 9.09438017552634 dB
	 $y_{5,47,15}$ = 11.515539581913444 dB
		SNR medio:  6.568324889249422
		Usuarios totais: 40
$x_{5,50}$
	 $y_{5,50,90}$ = 6.701723317267607 dB
	 $y_{5,50,40}$ = 25.737140083960185 dB
	 $y_{5,50,27}$ = 5.2804784446838084 dB
	 $y_{5,50,33}$ = 8.74707981456811 dB
	 $y_{5,50,43}$ = 10.611050935612155 dB
	 $y_{5,50,52}$ = 17.120179107645527 dB
	 $y_{5,50,54}$ = 7.705476696415445 dB
	 $y_{5,50,55}$ = 5.127683034292005 dB
	 $y_{5,50,61}$ = 21.71710795240611 dB
	 $y_{5,50,62}$ = 16.971517510930624 dB
	 $y_{5,50,64}$ = 5.874210263928774 dB
	 $y_{5,50,72}$ = 10.382891480335502 dB
	 $y_{5,50,84}$ = 6.774985007246727 dB
	 $y_{5,50,21}$ = 12.960466003251781 dB
	 $y_{5,50,23}$ = 12.998371180584314 dB
	 $y_{5,50,30}$ = 13.43676633842179 dB
	 $y_{5,50,31}$ = 15.068021454893966 dB
	 $y_{5,50,32}$ = 15.232242512866478 dB
	 $y_{5,50,42}$ = 19.326221749619023 dB
	 $y_{5,50,44}$ = 10.575541460342578 dB
		SNR medio:  6.2087288587318135
		Usuarios totais: 40
$x_{5,75}$
	 $y_{5,75,79}$ = 6.536293989274952 dB
	 $y_{5,75,83}$ = 14.96996610757084 dB
	 $y_{5,75,97}$ = 9.819979432504482 dB
	 $y_{5,75,98}$ = 5.920017567379519 dB
	 $y_{5,75,99}$ = 6.976787526447353 dB
	 $y_{5,75,60}$ = 8.969879692779372 dB
	 $y_{5,75,71}$ = 7.70083529838368 dB
	 $y_{5,75,81}$ = 6.8730749124133865 dB
	 $y_{5,75,89}$ = 8.252213208934023 dB
	 $y_{5,75,92}$ = 10.157781171589988 dB
	 $y_{5,75,95}$ = 23.123829137844226 dB
	 $y_{5,75,96}$ = 12.018816170745765 dB
	 $y_{5,75,36}$ = 14.320434983601345 dB
	 $y_{5,75,45}$ = 6.379170964566271 dB
	 $y_{5,75,46}$ = 13.600205674489757 dB
	 $y_{5,75,65}$ = 29.561718882514597 dB
	 $y_{5,75,68}$ = 15.337561876933819 dB
	 $y_{5,75,73}$ = 14.850960487049207 dB
	 $y_{5,75,74}$ = 21.943643698370693 dB
	 $y_{5,75,75}$ = 88.34071706707886 dB
		SNR medio:  8.141347196261805
		Usuarios totais: 40
Distances:
2 : 34 = 1442.2205101855957
2 : 47 = 2561.2496949731394
2 : 50 = 2154.0659228538016
2 : 75 = 3046.3092423455632
34 : 47 = 1264.9110640673518
34 : 50 = 1788.8543819998317
34 : 75 = 1649.2422502470642
47 : 50 = 2828.42712474619
47 : 75 = 1442.2205101855957
50 : 75 = 2154.0659228538016
t=6
Antennas: [ 2 34 47 50 75]
Users: [ 0  1  3  4  5  6  7  8  9 10 11 12 13 14 15 16 17 18 19 20 21 22 24 25
 26 27 28 30 31 33 35 36 37 38 39 40 41 42 43 44 46 47 49 50 53 55 57 59
 60 61 62 65 66 67 68 69 71 73 76 78 79 80 81 82 83 84 85 86 87 88 89 90
 91 92 93 94 95 96 98]
MinSINR:  3.1622776601683795
$x_{6,2}$
	 $y_{6,2,0}$ = 12.388525914433387 dB
	 $y_{6,2,1}$ = 29.593954811209457 dB
	 $y_{6,2,3}$ = 25.763859801705408 dB
	 $y_{6,2,7}$ = 7.438521477401849 dB
	 $y_{6,2,10}$ = 21.49773750892399 dB
	 $y_{6,2,16}$ = 6.668825728870857 dB
	 $y_{6,2,20}$ = 9.435698157425776 dB
	 $y_{6,2,4}$ = 21.72064566709085 dB
	 $y_{6,2,5}$ = 5.33914318319502 dB
	 $y_{6,2,6}$ = 8.866950869764281 dB
	 $y_{6,2,11}$ = 22.98933050054407 dB
	 $y_{6,2,13}$ = 19.449779120832204 dB
	 $y_{6,2,12}$ = 24.74178846894138 dB
	 $y_{6,2,15}$ = 7.763471576528445 dB
	 $y_{6,2,24}$ = 11.343814371499747 dB
	 $y_{6,2,25}$ = 11.512174151198096 dB
	 $y_{6,2,21}$ = 22.13901440008341 dB
	 $y_{6,2,22}$ = 18.757886584404005 dB
		SNR medio:  7.185278057351304
		Usuarios totais: 40
$x_{6,34}$
	 $y_{6,34,85}$ = 7.312468876091572 dB
	 $y_{6,34,37}$ = 16.978527330061965 dB
		SNR medio:  4.858199241230707
		Usuarios totais: 5
$x_{6,47}$
	 $y_{6,47,9}$ = 6.21910907371668 dB
	 $y_{6,47,17}$ = 8.191096152502126 dB
	 $y_{6,47,18}$ = 12.363932466888059 dB
	 $y_{6,47,19}$ = 18.10841905608848 dB
	 $y_{6,47,49}$ = 23.150065590296578 dB
	 $y_{6,47,69}$ = 6.582529791901607 dB
	 $y_{6,47,8}$ = 7.007176766226593 dB
	 $y_{6,47,28}$ = 13.472165002039048 dB
	 $y_{6,47,38}$ = 26.91035158987006 dB
	 $y_{6,47,39}$ = 12.918653749192828 dB
	 $y_{6,47,57}$ = 26.63473100673474 dB
	 $y_{6,47,67}$ = 17.20483312626577 dB
	 $y_{6,47,76}$ = 20.86489732016311 dB
	 $y_{6,47,78}$ = 6.745538459734348 dB
	 $y_{6,47,82}$ = 13.81140274971493 dB
	 $y_{6,47,86}$ = 16.375508719898335 dB
	 $y_{6,47,87}$ = 10.993603258460581 dB
	 $y_{6,47,88}$ = 21.629800057076153 dB
	 $y_{6,47,94}$ = 5.476518789934232 dB
	 $y_{6,47,14}$ = 9.09438017552634 dB
		SNR medio:  7.093867822555765
		Usuarios totais: 40
$x_{6,50}$
	 $y_{6,50,90}$ = 6.701723317267607 dB
	 $y_{6,50,40}$ = 25.737140083960185 dB
	 $y_{6,50,27}$ = 5.2804784446838084 dB
	 $y_{6,50,33}$ = 8.74707981456811 dB
	 $y_{6,50,30}$ = 13.43676633842179 dB
	 $y_{6,50,31}$ = 15.068021454893966 dB
	 $y_{6,50,41}$ = 26.245809179909273 dB
	 $y_{6,50,42}$ = 19.326221749619023 dB
	 $y_{6,50,43}$ = 10.611050935612155 dB
	 $y_{6,50,44}$ = 10.575541460342578 dB
	 $y_{6,50,50}$ = 92.92181354853832 dB
	 $y_{6,50,53}$ = 13.14309696441309 dB
	 $y_{6,50,55}$ = 5.127683034292005 dB
	 $y_{6,50,61}$ = 21.71710795240611 dB
	 $y_{6,50,62}$ = 16.971517510930624 dB
	 $y_{6,50,84}$ = 6.774985007246727 dB
		SNR medio:  10.289173682658806
		Usuarios totais: 29
$x_{6,75}$
	 $y_{6,75,79}$ = 6.536293989274952 dB
	 $y_{6,75,83}$ = 14.96996610757084 dB
	 $y_{6,75,93}$ = 20.082210079168775 dB
	 $y_{6,75,98}$ = 5.920017567379519 dB
	 $y_{6,75,60}$ = 8.969879692779372 dB
	 $y_{6,75,71}$ = 7.70083529838368 dB
	 $y_{6,75,80}$ = 5.237305026262732 dB
	 $y_{6,75,81}$ = 6.8730749124133865 dB
	 $y_{6,75,89}$ = 8.252213208934023 dB
	 $y_{6,75,91}$ = 6.64487657240835 dB
	 $y_{6,75,92}$ = 10.157781171589988 dB
	 $y_{6,75,95}$ = 23.123829137844226 dB
	 $y_{6,75,96}$ = 12.018816170745765 dB
	 $y_{6,75,26}$ = 12.305863874142403 dB
	 $y_{6,75,36}$ = 14.320434983601345 dB
	 $y_{6,75,46}$ = 13.600205674489757 dB
	 $y_{6,75,47}$ = 8.291564217590661 dB
	 $y_{6,75,59}$ = 10.683528991077765 dB
	 $y_{6,75,65}$ = 29.561718882514597 dB
	 $y_{6,75,66}$ = 23.089846248147936 dB
	 $y_{6,75,68}$ = 15.337561876933819 dB
	 $y_{6,75,73}$ = 14.850960487049207 dB
	 $y_{6,75,35}$ = 9.626402850235706 dB
		SNR medio:  7.20387967551347
		Usuarios totais: 40
Distances:
2 : 34 = 1442.2205101855957
2 : 47 = 2561.2496949731394
2 : 50 = 2154.0659228538016
2 : 75 = 3046.3092423455632
34 : 47 = 1264.9110640673518
34 : 50 = 1788.8543819998317
34 : 75 = 1649.2422502470642
47 : 50 = 2828.42712474619
47 : 75 = 1442.2205101855957
50 : 75 = 2154.0659228538016
t=7
Antennas: [ 2 34 47 50 75]
Users: [ 2  3  4  5  6  7  8  9 12 16 18 19 20 21 22 24 25 26 27 28 30 31 34 36
 37 39 40 41 42 43 46 47 48 49 50 55 56 58 59 61 62 63 64 65 68 71 72 73
 74 75 76 77 78 79 81 82 86 87 88 89 90 91 92 94 95 96 97 98 99]
MinSINR:  3.1622776601683795
$x_{7,2}$
	 $y_{7,2,3}$ = 25.763859801705408 dB
	 $y_{7,2,7}$ = 7.438521477401849 dB
	 $y_{7,2,16}$ = 6.668825728870857 dB
	 $y_{7,2,20}$ = 9.435698157425776 dB
	 $y_{7,2,4}$ = 21.72064566709085 dB
	 $y_{7,2,5}$ = 5.33914318319502 dB
	 $y_{7,2,6}$ = 8.866950869764281 dB
	 $y_{7,2,2}$ = 81.75280181901982 dB
	 $y_{7,2,12}$ = 24.74178846894138 dB
	 $y_{7,2,21}$ = 22.13901440008341 dB
	 $y_{7,2,22}$ = 18.757886584404005 dB
	 $y_{7,2,30}$ = 9.67593578306861 dB
	 $y_{7,2,31}$ = 14.521106699272423 dB
	 $y_{7,2,41}$ = 6.230435050006079 dB
	 $y_{7,2,42}$ = 6.09844432433411 dB
	 $y_{7,2,56}$ = 7.648071061775283 dB
	 $y_{7,2,63}$ = 15.035098968084014 dB
		SNR medio:  10.80867511275715
		Usuarios totais: 27
$x_{7,34}$
	 $y_{7,34,34}$ = 85.3873137969313 dB
		SNR medio:  28.462437932310433
		Usuarios totais: 3
$x_{7,47}$
	 $y_{7,47,9}$ = 6.21910907371668 dB
	 $y_{7,47,18}$ = 12.363932466888059 dB
	 $y_{7,47,19}$ = 18.10841905608848 dB
	 $y_{7,47,49}$ = 23.150065590296578 dB
	 $y_{7,47,8}$ = 7.007176766226593 dB
	 $y_{7,47,28}$ = 13.472165002039048 dB
	 $y_{7,47,39}$ = 12.918653749192828 dB
	 $y_{7,47,58}$ = 19.908950205502563 dB
	 $y_{7,47,76}$ = 20.86489732016311 dB
	 $y_{7,47,77}$ = 7.688894957153138 dB
	 $y_{7,47,78}$ = 6.745538459734348 dB
	 $y_{7,47,82}$ = 13.81140274971493 dB
	 $y_{7,47,86}$ = 16.375508719898335 dB
	 $y_{7,47,87}$ = 10.993603258460581 dB
	 $y_{7,47,88}$ = 21.629800057076153 dB
	 $y_{7,47,94}$ = 5.476518789934232 dB
	 $y_{7,47,24}$ = 8.152894305543413 dB
	 $y_{7,47,25}$ = 7.044074068356679 dB
	 $y_{7,47,26}$ = 16.906994942939164 dB
	 $y_{7,47,27}$ = 19.53970744085457 dB
	 $y_{7,47,36}$ = 26.758862642157013 dB
	 $y_{7,47,46}$ = 34.86144914124246 dB
	 $y_{7,47,47}$ = 83.23816731671516 dB
		SNR medio:  10.330919651997354
		Usuarios totais: 40
$x_{7,50}$
	 $y_{7,50,90}$ = 6.701723317267607 dB
	 $y_{7,50,40}$ = 25.737140083960185 dB
	 $y_{7,50,64}$ = 5.874210263928774 dB
	 $y_{7,50,72}$ = 10.382891480335502 dB
	 $y_{7,50,50}$ = 92.92181354853832 dB
		SNR medio:  14.16177786940304
		Usuarios totais: 10
$x_{7,75}$
	 $y_{7,75,79}$ = 6.536293989274952 dB
	 $y_{7,75,97}$ = 9.819979432504482 dB
	 $y_{7,75,98}$ = 5.920017567379519 dB
	 $y_{7,75,99}$ = 6.976787526447353 dB
	 $y_{7,75,71}$ = 7.70083529838368 dB
	 $y_{7,75,81}$ = 6.8730749124133865 dB
	 $y_{7,75,89}$ = 8.252213208934023 dB
	 $y_{7,75,91}$ = 6.64487657240835 dB
	 $y_{7,75,92}$ = 10.157781171589988 dB
	 $y_{7,75,95}$ = 23.123829137844226 dB
	 $y_{7,75,96}$ = 12.018816170745765 dB
	 $y_{7,75,48}$ = 8.473310330691675 dB
	 $y_{7,75,59}$ = 10.683528991077765 dB
	 $y_{7,75,65}$ = 29.561718882514597 dB
	 $y_{7,75,68}$ = 15.337561876933819 dB
	 $y_{7,75,73}$ = 14.850960487049207 dB
	 $y_{7,75,74}$ = 21.943643698370693 dB
	 $y_{7,75,75}$ = 88.34071706707886 dB
	 $y_{7,75,37}$ = 11.808748148685396 dB
	 $y_{7,75,43}$ = 15.293636046205961 dB
	 $y_{7,75,55}$ = 20.517209325193974 dB
	 $y_{7,75,61}$ = 5.805302372909466 dB
	 $y_{7,75,62}$ = 10.529795516582567 dB
		SNR medio:  8.929265943280493
		Usuarios totais: 40
Distances:
2 : 34 = 1442.2205101855957
2 : 47 = 2561.2496949731394
2 : 50 = 2154.0659228538016
2 : 75 = 3046.3092423455632
34 : 47 = 1264.9110640673518
34 : 50 = 1788.8543819998317
34 : 75 = 1649.2422502470642
47 : 50 = 2828.42712474619
47 : 75 = 1442.2205101855957
50 : 75 = 2154.0659228538016
t=8
Antennas: [ 2 34 47 50 75]
Users: [ 2  3  4  7  8 10 11 13 16 17 19 20 21 23 25 26 28 30 34 38 39 41 42 44
 45 46 49 50 51 52 57 60 61 63 64 65 66 68 69 70 73 75 77 78 79 80 81 82
 84 86 87 88 89 90 92 94 96 99]
MinSINR:  3.1622776601683795
$x_{8,2}$
	 $y_{8,2,3}$ = 25.763859801705408 dB
	 $y_{8,2,7}$ = 7.438521477401849 dB
	 $y_{8,2,10}$ = 21.49773750892399 dB
	 $y_{8,2,16}$ = 6.668825728870857 dB
	 $y_{8,2,20}$ = 9.435698157425776 dB
	 $y_{8,2,4}$ = 21.72064566709085 dB
	 $y_{8,2,11}$ = 22.98933050054407 dB
	 $y_{8,2,13}$ = 19.449779120832204 dB
	 $y_{8,2,2}$ = 81.75280181901982 dB
		SNR medio:  16.67055382937037
		Usuarios totais: 13
$x_{8,34}$
	 $y_{8,34,34}$ = 85.3873137969313 dB
		SNR medio:  85.3873137969313
		Usuarios totais: 1
$x_{8,47}$
	 $y_{8,47,17}$ = 8.191096152502126 dB
	 $y_{8,47,19}$ = 18.10841905608848 dB
	 $y_{8,47,49}$ = 23.150065590296578 dB
	 $y_{8,47,69}$ = 6.582529791901607 dB
	 $y_{8,47,8}$ = 7.007176766226593 dB
	 $y_{8,47,28}$ = 13.472165002039048 dB
	 $y_{8,47,38}$ = 26.91035158987006 dB
	 $y_{8,47,39}$ = 12.918653749192828 dB
	 $y_{8,47,57}$ = 26.63473100673474 dB
	 $y_{8,47,77}$ = 7.688894957153138 dB
	 $y_{8,47,78}$ = 6.745538459734348 dB
	 $y_{8,47,82}$ = 13.81140274971493 dB
	 $y_{8,47,86}$ = 16.375508719898335 dB
	 $y_{8,47,87}$ = 10.993603258460581 dB
	 $y_{8,47,88}$ = 21.629800057076153 dB
	 $y_{8,47,94}$ = 5.476518789934232 dB
	 $y_{8,47,25}$ = 7.044074068356679 dB
	 $y_{8,47,26}$ = 16.906994942939164 dB
	 $y_{8,47,45}$ = 17.11520940523235 dB
	 $y_{8,47,46}$ = 34.86144914124246 dB
	 $y_{8,47,65}$ = 10.074371193812908 dB
	 $y_{8,47,66}$ = 11.258857298199388 dB
	 $y_{8,47,68}$ = 20.58714178448956 dB
	 $y_{8,47,73}$ = 5.223131379141904 dB
	 $y_{8,47,64}$ = 7.4216906948327335 dB
	 $y_{8,47,44}$ = 13.388719818289104 dB
	 $y_{8,47,63}$ = 5.95598941900036 dB
		SNR medio:  9.62907909852206
		Usuarios totais: 39
$x_{8,50}$
	 $y_{8,50,90}$ = 6.701723317267607 dB
	 $y_{8,50,60}$ = 23.238399298547762 dB
	 $y_{8,50,70}$ = 13.75202434448488 dB
	 $y_{8,50,80}$ = 12.195061777254779 dB
	 $y_{8,50,81}$ = 10.471858074579899 dB
	 $y_{8,50,92}$ = 12.399466831638136 dB
	 $y_{8,50,96}$ = 5.536921413211999 dB
	 $y_{8,50,21}$ = 12.960466003251781 dB
	 $y_{8,50,23}$ = 12.998371180584314 dB
	 $y_{8,50,30}$ = 13.43676633842179 dB
	 $y_{8,50,52}$ = 17.120179107645527 dB
	 $y_{8,50,61}$ = 21.71710795240611 dB
	 $y_{8,50,84}$ = 6.774985007246727 dB
	 $y_{8,50,41}$ = 26.245809179909273 dB
	 $y_{8,50,42}$ = 19.326221749619023 dB
	 $y_{8,50,50}$ = 92.92181354853832 dB
	 $y_{8,50,51}$ = 25.716559023205406 dB
		SNR medio:  9.809227474935687
		Usuarios totais: 34
$x_{8,75}$
	 $y_{8,75,79}$ = 6.536293989274952 dB
	 $y_{8,75,99}$ = 6.976787526447353 dB
	 $y_{8,75,89}$ = 8.252213208934023 dB
	 $y_{8,75,75}$ = 88.34071706707886 dB
		SNR medio:  18.351001965289196
		Usuarios totais: 6
Distances:
2 : 34 = 1442.2205101855957
2 : 47 = 2561.2496949731394
2 : 50 = 2154.0659228538016
2 : 75 = 3046.3092423455632
34 : 47 = 1264.9110640673518
34 : 50 = 1788.8543819998317
34 : 75 = 1649.2422502470642
47 : 50 = 2828.42712474619
47 : 75 = 1442.2205101855957
50 : 75 = 2154.0659228538016
t=9
Antennas: [ 2 34 47 50 75]
Users: [ 1  3  8 11 18 19 20 21 22 23 24 26 29 30 31 32 35 36 37 39 40 44 45 47
 48 50 53 54 55 56 57 58 65 66 68 69 71 74 75 78 86 89 91 92 94 95 97]
MinSINR:  3.1622776601683795
$x_{9,2}$
	 $y_{9,2,1}$ = 29.593954811209457 dB
	 $y_{9,2,3}$ = 25.763859801705408 dB
	 $y_{9,2,20}$ = 9.435698157425776 dB
	 $y_{9,2,11}$ = 22.98933050054407 dB
	 $y_{9,2,21}$ = 22.13901440008341 dB
	 $y_{9,2,22}$ = 18.757886584404005 dB
	 $y_{9,2,23}$ = 11.114956051067907 dB
	 $y_{9,2,30}$ = 9.67593578306861 dB
	 $y_{9,2,32}$ = 9.560064273774827 dB
	 $y_{9,2,53}$ = 5.76348022093687 dB
	 $y_{9,2,56}$ = 7.648071061775283 dB
		SNR medio:  9.5801250914442
		Usuarios totais: 18
$x_{9,34}$
		Usuarios totais: 0
$x_{9,47}$
	 $y_{9,47,18}$ = 12.363932466888059 dB
	 $y_{9,47,19}$ = 18.10841905608848 dB
	 $y_{9,47,69}$ = 6.582529791901607 dB
	 $y_{9,47,8}$ = 7.007176766226593 dB
	 $y_{9,47,29}$ = 13.596007391410168 dB
	 $y_{9,47,39}$ = 12.918653749192828 dB
	 $y_{9,47,57}$ = 26.63473100673474 dB
	 $y_{9,47,58}$ = 19.908950205502563 dB
	 $y_{9,47,78}$ = 6.745538459734348 dB
	 $y_{9,47,86}$ = 16.375508719898335 dB
	 $y_{9,47,94}$ = 5.476518789934232 dB
	 $y_{9,47,24}$ = 8.152894305543413 dB
	 $y_{9,47,26}$ = 16.906994942939164 dB
	 $y_{9,47,36}$ = 26.758862642157013 dB
	 $y_{9,47,45}$ = 17.11520940523235 dB
	 $y_{9,47,47}$ = 83.23816731671516 dB
	 $y_{9,47,48}$ = 27.497300339159963 dB
	 $y_{9,47,65}$ = 10.074371193812908 dB
	 $y_{9,47,66}$ = 11.258857298199388 dB
	 $y_{9,47,68}$ = 20.58714178448956 dB
	 $y_{9,47,74}$ = 11.832930485473895 dB
	 $y_{9,47,31}$ = 8.295501325269939 dB
	 $y_{9,47,35}$ = 18.844298888762538 dB
	 $y_{9,47,37}$ = 27.642655208637933 dB
	 $y_{9,47,54}$ = 19.452806082557004 dB
	 $y_{9,47,55}$ = 16.559105833616712 dB
	 $y_{9,47,44}$ = 13.388719818289104 dB
		SNR medio:  12.083094581859203
		Usuarios totais: 40
$x_{9,50}$
	 $y_{9,50,40}$ = 25.737140083960185 dB
	 $y_{9,50,71}$ = 14.889935153380875 dB
	 $y_{9,50,91}$ = 8.223366277554447 dB
	 $y_{9,50,92}$ = 12.399466831638136 dB
	 $y_{9,50,95}$ = 8.467093381666217 dB
	 $y_{9,50,50}$ = 92.92181354853832 dB
		SNR medio:  18.07097947519313
		Usuarios totais: 9
$x_{9,75}$
	 $y_{9,75,97}$ = 9.819979432504482 dB
	 $y_{9,75,89}$ = 8.252213208934023 dB
	 $y_{9,75,75}$ = 88.34071706707886 dB
		SNR medio:  26.60322742712934
		Usuarios totais: 4
Distances:
2 : 34 = 1442.2205101855957
2 : 47 = 2561.2496949731394
2 : 50 = 2154.0659228538016
2 : 75 = 3046.3092423455632
34 : 47 = 1264.9110640673518
34 : 50 = 1788.8543819998317
34 : 75 = 1649.2422502470642
47 : 50 = 2828.42712474619
47 : 75 = 1442.2205101855957
50 : 75 = 2154.0659228538016
t=10
Antennas: [ 2 34 47 50 75]
Users: [ 0  3  4  5  6  8 11 13 16 21 25 31 33 35 44 45 48 50 53 54 55 60 69 76
 77 82 84 88 89 95 96 98]
MinSINR:  3.1622776601683795
$x_{10,2}$
	 $y_{10,2,0}$ = 12.388525914433387 dB
	 $y_{10,2,3}$ = 25.763859801705408 dB
	 $y_{10,2,16}$ = 6.668825728870857 dB
	 $y_{10,2,4}$ = 21.72064566709085 dB
	 $y_{10,2,5}$ = 5.33914318319502 dB
	 $y_{10,2,6}$ = 8.866950869764281 dB
	 $y_{10,2,11}$ = 22.98933050054407 dB
	 $y_{10,2,13}$ = 19.449779120832204 dB
	 $y_{10,2,21}$ = 22.13901440008341 dB
	 $y_{10,2,25}$ = 11.512174151198096 dB
	 $y_{10,2,31}$ = 14.521106699272423 dB
	 $y_{10,2,35}$ = 5.733080188808202 dB
		SNR medio:  13.62249509429217
		Usuarios totais: 13
$x_{10,34}$
		Usuarios totais: 0
$x_{10,47}$
	 $y_{10,47,69}$ = 6.582529791901607 dB
	 $y_{10,47,8}$ = 7.007176766226593 dB
	 $y_{10,47,76}$ = 20.86489732016311 dB
	 $y_{10,47,77}$ = 7.688894957153138 dB
	 $y_{10,47,82}$ = 13.81140274971493 dB
	 $y_{10,47,88}$ = 21.629800057076153 dB
	 $y_{10,47,33}$ = 10.831348576659337 dB
	 $y_{10,47,45}$ = 17.11520940523235 dB
	 $y_{10,47,48}$ = 27.497300339159963 dB
	 $y_{10,47,54}$ = 19.452806082557004 dB
	 $y_{10,47,55}$ = 16.559105833616712 dB
	 $y_{10,47,44}$ = 13.388719818289104 dB
	 $y_{10,47,53}$ = 11.793564026541347 dB
		SNR medio:  12.13892223276821
		Usuarios totais: 16
$x_{10,50}$
	 $y_{10,50,50}$ = 92.92181354853832 dB
		SNR medio:  92.92181354853832
		Usuarios totais: 1
$x_{10,75}$
	 $y_{10,75,98}$ = 5.920017567379519 dB
	 $y_{10,75,60}$ = 8.969879692779372 dB
	 $y_{10,75,89}$ = 8.252213208934023 dB
	 $y_{10,75,95}$ = 23.123829137844226 dB
	 $y_{10,75,96}$ = 12.018816170745765 dB
	 $y_{10,75,84}$ = 19.358991105854372 dB
		SNR medio:  11.091963840505326
		Usuarios totais: 7
Distances:
2 : 34 = 1442.2205101855957
2 : 47 = 2561.2496949731394
2 : 50 = 2154.0659228538016
2 : 75 = 3046.3092423455632
34 : 47 = 1264.9110640673518
34 : 50 = 1788.8543819998317
34 : 75 = 1649.2422502470642
47 : 50 = 2828.42712474619
47 : 75 = 1442.2205101855957
50 : 75 = 2154.0659228538016
t=11
Antennas: [ 2 34 47 50 75]
Users: [ 1  4  5  8 16 19 20 21 22 32 47 56 60 73 75 76 85]
MinSINR:  3.1622776601683795
$x_{11,2}$
	 $y_{11,2,1}$ = 29.593954811209457 dB
	 $y_{11,2,16}$ = 6.668825728870857 dB
	 $y_{11,2,20}$ = 9.435698157425776 dB
	 $y_{11,2,4}$ = 21.72064566709085 dB
	 $y_{11,2,5}$ = 5.33914318319502 dB
	 $y_{11,2,21}$ = 22.13901440008341 dB
	 $y_{11,2,22}$ = 18.757886584404005 dB
	 $y_{11,2,32}$ = 9.560064273774827 dB
	 $y_{11,2,56}$ = 7.648071061775283 dB
		SNR medio:  13.086330386782947
		Usuarios totais: 10
$x_{11,34}$
		Usuarios totais: 0
$x_{11,47}$
	 $y_{11,47,19}$ = 18.10841905608848 dB
	 $y_{11,47,8}$ = 7.007176766226593 dB
	 $y_{11,47,76}$ = 20.86489732016311 dB
	 $y_{11,47,47}$ = 83.23816731671516 dB
	 $y_{11,47,73}$ = 5.223131379141904 dB
	 $y_{11,47,85}$ = 7.673361970203544 dB
		SNR medio:  23.685858968089804
		Usuarios totais: 6
$x_{11,50}$
	 $y_{11,50,60}$ = 23.238399298547762 dB
		SNR medio:  11.619199649273881
		Usuarios totais: 2
$x_{11,75}$
	 $y_{11,75,75}$ = 88.34071706707886 dB
		SNR medio:  88.34071706707886
		Usuarios totais: 1
Distances:
2 : 34 = 1442.2205101855957
2 : 47 = 2561.2496949731394
2 : 50 = 2154.0659228538016
2 : 75 = 3046.3092423455632
34 : 47 = 1264.9110640673518
34 : 50 = 1788.8543819998317
34 : 75 = 1649.2422502470642
47 : 50 = 2828.42712474619
47 : 75 = 1442.2205101855957
50 : 75 = 2154.0659228538016
--- Done after 0.11159752329190573 hours. ---
