-------------Calculating Solution (this may take a while)
+++++++++++++++++++Min Sinr: 5 dB (single)
+++++++++++++++++++With backhaul constraint. Start: 2023-01-06 20:11:02

Parameters:
- chosen seed 11
- Map with 100 sectors
- Map 4000 x 4000 m
- Sector has a side of 400 m
- Max time:  12
- users_t_m:  [[0, 0, 0, 0, 0, 0, 0, 0, 0, 0, 0, 0, 0, 0, 0, 0, 0, 0, 0, 0, 0, 0, 0, 0, 0, 0, 0, 0, 0, 0, 0, 0, 0, 0, 0, 0, 0, 0, 0, 0, 0, 0, 0, 0, 1, 0, 0, 0, 0, 0, 0, 0, 0, 16, 3, 3, 0, 0, 0, 0, 0, 0, 0, 0, 0, 1, 0, 0, 0, 0, 0, 0, 0, 0, 0, 0, 0, 0, 0, 0, 0, 0, 0, 0, 0, 0, 0, 0, 0, 0, 0, 0, 0, 0, 0, 0, 0, 0, 0, 0], [0, 0, 0, 0, 1, 0, 0, 0, 0, 0, 0, 0, 0, 0, 0, 0, 0, 0, 2, 0, 0, 0, 2, 0, 1, 1, 1, 0, 0, 0, 0, 0, 0, 0, 0, 0, 0, 0, 0, 0, 0, 0, 0, 2, 3, 2, 0, 0, 0, 0, 0, 0, 0, 19, 3, 2, 0, 0, 1, 1, 1, 1, 1, 0, 0, 0, 0, 0, 1, 1, 0, 0, 0, 0, 0, 0, 0, 0, 0, 0, 0, 0, 0, 0, 0, 1, 2, 0, 0, 1, 1, 0, 1, 0, 0, 1, 0, 0, 0, 0], [0, 0, 2, 1, 1, 1, 0, 1, 1, 0, 2, 0, 2, 1, 0, 0, 1, 0, 1, 0, 1, 0, 0, 3, 0, 0, 1, 1, 0, 0, 0, 0, 1, 0, 1, 1, 0, 0, 0, 1, 0, 0, 0, 1, 1, 2, 0, 1, 1, 0, 1, 0, 0, 23, 4, 1, 1, 1, 0, 0, 1, 0, 0, 0, 3, 0, 1, 1, 0, 1, 0, 0, 0, 0, 0, 0, 1, 0, 1, 0, 0, 0, 0, 0, 0, 0, 0, 1, 0, 0, 2, 1, 1, 0, 2, 1, 3, 0, 0, 1], [1, 0, 0, 2, 2, 1, 1, 0, 0, 0, 0, 0, 0, 1, 2, 0, 1, 0, 0, 2, 1, 2, 2, 1, 1, 2, 0, 1, 0, 0, 3, 1, 2, 1, 0, 0, 0, 3, 0, 1, 0, 0, 2, 2, 5, 2, 1, 0, 0, 1, 1, 3, 5, 32, 3, 2, 0, 2, 0, 1, 1, 0, 1, 1, 1, 0, 0, 0, 1, 1, 0, 1, 1, 0, 2, 0, 1, 1, 0, 0, 2, 2, 0, 1, 1, 0, 0, 1, 0, 1, 0, 0, 0, 0, 1, 1, 3, 0, 0, 2], [1, 1, 0, 1, 2, 0, 1, 1, 1, 1, 1, 0, 0, 0, 0, 2, 1, 1, 2, 1, 0, 2, 1, 2, 1, 3, 2, 4, 1, 3, 2, 1, 1, 0, 3, 1, 0, 0, 0, 0, 0, 0, 1, 0, 2, 1, 2, 0, 1, 0, 2, 1, 0, 21, 6, 6, 1, 2, 3, 0, 0, 0, 1, 3, 5, 1, 3, 3, 1, 4, 1, 2, 3, 1, 0, 0, 0, 2, 3, 1, 2, 3, 2, 2, 0, 2, 0, 2, 0, 2, 1, 1, 2, 2, 2, 2, 0, 2, 2, 1], [2, 3, 3, 0, 3, 2, 4, 2, 0, 1, 2, 5, 1, 2, 1, 4, 2, 4, 4, 2, 2, 2, 1, 1, 2, 2, 0, 1, 0, 2, 2, 3, 3, 1, 1, 2, 2, 0, 0, 2, 1, 0, 2, 1, 1, 1, 2, 0, 0, 2, 1, 0, 1, 18, 4, 7, 1, 1, 1, 0, 2, 2, 1, 0, 1, 3, 0, 3, 3, 1, 0, 2, 2, 1, 2, 6, 0, 2, 2, 1, 0, 2, 2, 1, 2, 0, 3, 1, 2, 2, 2, 0, 3, 0, 0, 2, 2, 1, 1, 1], [2, 2, 0, 1, 1, 4, 3, 3, 1, 3, 1, 2, 3, 3, 1, 3, 3, 2, 2, 1, 1, 1, 3, 0, 2, 2, 4, 1, 2, 0, 1, 1, 0, 2, 0, 1, 1, 3, 4, 1, 1, 3, 5, 2, 1, 0, 2, 1, 0, 3, 1, 0, 0, 3, 0, 3, 0, 1, 0, 3, 1, 1, 2, 0, 0, 1, 1, 1, 2, 3, 0, 1, 0, 1, 0, 0, 1, 0, 2, 1, 1, 1, 2, 2, 1, 2, 2, 3, 3, 4, 1, 2, 2, 3, 2, 3, 1, 0, 1, 0], [0, 0, 1, 2, 2, 1, 3, 1, 1, 2, 0, 0, 2, 0, 0, 0, 1, 0, 1, 2, 1, 1, 2, 0, 2, 1, 3, 1, 1, 0, 1, 2, 0, 0, 3, 0, 1, 2, 0, 1, 1, 1, 2, 1, 0, 0, 3, 2, 4, 2, 3, 0, 0, 0, 0, 2, 1, 0, 2, 3, 0, 1, 1, 3, 2, 2, 0, 0, 1, 0, 0, 1, 3, 1, 1, 1, 1, 4, 1, 3, 0, 1, 2, 0, 0, 0, 3, 2, 1, 2, 1, 1, 2, 0, 1, 2, 1, 3, 1, 3], [0, 0, 2, 1, 1, 0, 0, 2, 2, 0, 2, 2, 0, 1, 0, 0, 1, 3, 0, 2, 1, 1, 0, 1, 0, 1, 1, 0, 2, 0, 1, 0, 0, 0, 1, 0, 0, 0, 1, 1, 0, 2, 2, 0, 1, 2, 1, 0, 0, 1, 4, 2, 1, 0, 0, 0, 0, 1, 0, 0, 4, 2, 0, 1, 1, 5, 1, 0, 1, 1, 3, 0, 0, 1, 0, 3, 0, 1, 1, 1, 2, 2, 2, 0, 1, 0, 1, 2, 1, 1, 3, 0, 2, 0, 1, 0, 1, 0, 0, 1], [0, 2, 0, 1, 0, 0, 0, 0, 3, 0, 0, 1, 0, 0, 0, 0, 0, 0, 2, 1, 3, 1, 1, 5, 1, 0, 2, 0, 0, 2, 1, 1, 1, 0, 0, 2, 1, 2, 0, 3, 2, 0, 0, 0, 1, 1, 0, 1, 1, 0, 2, 0, 0, 1, 1, 1, 1, 1, 2, 0, 0, 0, 0, 0, 0, 1, 2, 0, 2, 2, 0, 2, 0, 0, 1, 1, 0, 0, 1, 0, 0, 0, 0, 0, 0, 0, 1, 0, 0, 1, 0, 1, 1, 0, 1, 1, 0, 2, 0, 0], [1, 0, 0, 1, 1, 1, 1, 0, 1, 0, 0, 1, 0, 1, 0, 0, 2, 0, 0, 0, 0, 1, 0, 0, 0, 1, 0, 0, 0, 0, 0, 1, 0, 1, 0, 1, 0, 0, 0, 0, 0, 0, 0, 0, 1, 1, 0, 0, 2, 0, 1, 0, 0, 1, 1, 2, 0, 0, 0, 0, 1, 0, 0, 0, 0, 0, 0, 0, 0, 2, 0, 0, 0, 0, 0, 0, 1, 1, 0, 0, 0, 0, 1, 0, 2, 0, 0, 0, 1, 1, 0, 0, 0, 0, 0, 1, 1, 0, 1, 0], [0, 1, 0, 0, 1, 1, 0, 0, 1, 0, 0, 0, 0, 0, 0, 0, 1, 0, 0, 1, 1, 2, 1, 0, 0, 0, 0, 0, 0, 0, 0, 0, 1, 0, 0, 0, 0, 0, 0, 0, 0, 0, 0, 0, 0, 0, 0, 1, 0, 0, 0, 0, 0, 0, 0, 0, 1, 0, 0, 0, 2, 0, 0, 0, 0, 0, 0, 0, 0, 0, 0, 0, 0, 1, 0, 1, 1, 0, 0, 0, 0, 0, 0, 0, 0, 1, 0, 0, 0, 0, 0, 0, 0, 0, 0, 0, 0, 0, 0, 0]]
MAX_USER_PER_ANTENNAS_m:  [40, 40, 40, 40, 40, 40, 40, 40, 40, 40, 40, 40, 40, 40, 40, 40, 40, 40, 40, 40, 40, 40, 40, 40, 40, 40, 40, 40, 40, 40, 40, 40, 40, 40, 40, 40, 40, 40, 40, 40, 40, 40, 40, 40, 40, 40, 40, 40, 40, 40, 40, 40, 40, 40, 40, 40, 40, 40, 40, 40, 40, 40, 40, 40, 40, 40, 40, 40, 40, 40, 40, 40, 40, 40, 40, 40, 40, 40, 40, 40, 40, 40, 40, 40, 40, 40, 40, 40, 40, 40, 40, 40, 40, 40, 40, 40, 40, 40, 40, 40]
antennas_map_m:  [1, 1, 1, 1, 1, 1, 1, 1, 1, 1, 1, 1, 1, 1, 1, 1, 1, 1, 1, 1, 1, 1, 1, 1, 1, 1, 1, 1, 1, 1, 1, 1, 1, 1, 1, 1, 1, 1, 1, 1, 1, 1, 1, 1, 1, 1, 1, 1, 1, 1, 1, 1, 1, 1, 1, 1, 1, 1, 1, 1, 1, 1, 1, 1, 1, 1, 1, 1, 1, 1, 1, 1, 1, 1, 1, 1, 1, 1, 1, 1, 1, 1, 1, 1, 1, 1, 1, 1, 1, 1, 1, 1, 1, 1, 1, 1, 1, 1, 1, 1]
FIRST_ANTENNA:  47
MIN_SNR_m:  [3.1622776601683795, 3.1622776601683795, 3.1622776601683795, 3.1622776601683795, 3.1622776601683795, 3.1622776601683795, 3.1622776601683795, 3.1622776601683795, 3.1622776601683795, 3.1622776601683795, 3.1622776601683795, 3.1622776601683795, 3.1622776601683795, 3.1622776601683795, 3.1622776601683795, 3.1622776601683795, 3.1622776601683795, 3.1622776601683795, 3.1622776601683795, 3.1622776601683795, 3.1622776601683795, 3.1622776601683795, 3.1622776601683795, 3.1622776601683795, 3.1622776601683795, 3.1622776601683795, 3.1622776601683795, 3.1622776601683795, 3.1622776601683795, 3.1622776601683795, 3.1622776601683795, 3.1622776601683795, 3.1622776601683795, 3.1622776601683795, 3.1622776601683795, 3.1622776601683795, 3.1622776601683795, 3.1622776601683795, 3.1622776601683795, 3.1622776601683795, 3.1622776601683795, 3.1622776601683795, 3.1622776601683795, 3.1622776601683795, 3.1622776601683795, 3.1622776601683795, 3.1622776601683795, 3.1622776601683795, 3.1622776601683795, 3.1622776601683795, 3.1622776601683795, 3.1622776601683795, 3.1622776601683795, 3.1622776601683795, 3.1622776601683795, 3.1622776601683795, 3.1622776601683795, 3.1622776601683795, 3.1622776601683795, 3.1622776601683795, 3.1622776601683795, 3.1622776601683795, 3.1622776601683795, 3.1622776601683795, 3.1622776601683795, 3.1622776601683795, 3.1622776601683795, 3.1622776601683795, 3.1622776601683795, 3.1622776601683795, 3.1622776601683795, 3.1622776601683795, 3.1622776601683795, 3.1622776601683795, 3.1622776601683795, 3.1622776601683795, 3.1622776601683795, 3.1622776601683795, 3.1622776601683795, 3.1622776601683795, 3.1622776601683795, 3.1622776601683795, 3.1622776601683795, 3.1622776601683795, 3.1622776601683795, 3.1622776601683795, 3.1622776601683795, 3.1622776601683795, 3.1622776601683795, 3.1622776601683795, 3.1622776601683795, 3.1622776601683795, 3.1622776601683795, 3.1622776601683795, 3.1622776601683795, 3.1622776601683795, 3.1622776601683795, 3.1622776601683795, 3.1622776601683795, 3.1622776601683795]
-MIN_DIST:  2000
- disaster percentage:  0
- valid_time:  0
1.0

Média de carros: 1.0
t=0
$x_{47}$
	 $y_{47,44}$ = 13.388719818289104 dB
	 $y_{47,53}$ = 11.793564026541347 dB
	 $y_{47,54}$ = 19.452806082557004 dB
	 $y_{47,55}$ = 16.559105833616712 dB
	 $y_{47,65}$ = 10.074371193812908 dB
		SNR medio: 15.576252090274059
		Usuarios totais: 24
t=1
$x_{47}$
	 $y_{1,47,4}$ = -3.6663979829311018 dB
	 $y_{1,47,18}$ = 12.363932466888059 dB
	 $y_{1,47,22}$ = 0.012537293052219348 dB
	 $y_{1,47,24}$ = 8.152894305543413 dB
	 $y_{1,47,25}$ = 7.044074068356679 dB
	 $y_{1,47,26}$ = 16.906994942939164 dB
	 $y_{1,47,43}$ = 11.108212631987328 dB
	 $y_{1,47,44}$ = 13.388719818289104 dB
	 $y_{1,47,45}$ = 17.11520940523235 dB
	 $y_{1,47,53}$ = 11.793564026541347 dB
	 $y_{1,47,54}$ = 19.452806082557004 dB
	 $y_{1,47,55}$ = 16.559105833616712 dB
		SNR medio: 14.178477343203792
		Usuarios totais: 39
t=2
$x_{47}$
	 $y_{2,47,2}$ = 5.408785318208373 dB
	 $y_{2,47,3}$ = 4.262046342179005 dB
	 $y_{2,47,4}$ = -3.6663979829311018 dB
	 $y_{2,47,5}$ = 4.549486526789252 dB
	 $y_{2,47,7}$ = -0.5612809620935193 dB
	 $y_{2,47,8}$ = 7.007176766226593 dB
	 $y_{2,47,10}$ = 0.31575198268060906 dB
	 $y_{2,47,12}$ = -1.2716547845658686 dB
	 $y_{2,47,13}$ = 3.714137545375578 dB
	 $y_{2,47,16}$ = 1.4029426572155899 dB
	 $y_{2,47,18}$ = 12.363932466888059 dB
	 $y_{2,47,20}$ = -0.13906721600096728 dB
	 $y_{2,47,23}$ = -2.8453142538764093 dB
	 $y_{2,47,26}$ = 16.906994942939164 dB
	 $y_{2,47,27}$ = 19.53970744085457 dB
	 $y_{2,47,32}$ = 1.942534844907811 dB
	 $y_{2,47,34}$ = 7.572807636797222 dB
	 $y_{2,47,35}$ = 18.844298888762538 dB
	 $y_{2,47,39}$ = 12.918653749192828 dB
	 $y_{2,47,43}$ = 11.108212631987328 dB
	 $y_{2,47,44}$ = 13.388719818289104 dB
	 $y_{2,47,45}$ = 17.11520940523235 dB
	 $y_{2,47,47}$ = 83.23816731671516 dB
	 $y_{2,47,48}$ = 27.497300339159963 dB
	 $y_{2,47,50}$ = -0.7291538033348676 dB
	 $y_{2,47,54}$ = 19.452806082557004 dB
	 $y_{2,47,55}$ = 16.559105833616712 dB
	 $y_{2,47,56}$ = 19.78445983666336 dB
	 $y_{2,47,57}$ = 26.63473100673474 dB
	 $y_{2,47,60}$ = -6.147958298048536 dB
		SNR medio: 68.46698816419325
		Usuarios totais: 39
t=3
$x_{47}$
	 $y_{3,47,0}$ = -6.934557800931884 dB
	 $y_{3,47,3}$ = 4.262046342179005 dB
	 $y_{3,47,4}$ = -3.6663979829311018 dB
	 $y_{3,47,5}$ = 4.549486526789252 dB
	 $y_{3,47,6}$ = 5.799745379271002 dB
	 $y_{3,47,13}$ = 3.714137545375578 dB
	 $y_{3,47,14}$ = 9.09438017552634 dB
	 $y_{3,47,16}$ = 1.4029426572155899 dB
	 $y_{3,47,19}$ = 18.10841905608848 dB
	 $y_{3,47,20}$ = -0.13906721600096728 dB
	 $y_{3,47,21}$ = -7.230588519710125 dB
	 $y_{3,47,22}$ = 0.012537293052219348 dB
	 $y_{3,47,23}$ = -2.8453142538764093 dB
	 $y_{3,47,24}$ = 8.152894305543413 dB
	 $y_{3,47,25}$ = 7.044074068356679 dB
	 $y_{3,47,27}$ = 19.53970744085457 dB
	 $y_{3,47,30}$ = -0.4691081718720513 dB
	 $y_{3,47,31}$ = 8.295501325269939 dB
	 $y_{3,47,32}$ = 1.942534844907811 dB
	 $y_{3,47,33}$ = 10.831348576659337 dB
	 $y_{3,47,37}$ = 27.642655208637933 dB
	 $y_{3,47,39}$ = 12.918653749192828 dB
	 $y_{3,47,42}$ = 1.7617779476923663 dB
	 $y_{3,47,43}$ = 11.108212631987328 dB
	 $y_{3,47,46}$ = 34.86144914124246 dB
		SNR medio: 21.92024844628225
		Usuarios totais: 39
t=4
$x_{47}$
	 $y_{4,47,0}$ = -6.934557800931884 dB
	 $y_{4,47,1}$ = 0.4966440137223175 dB
	 $y_{4,47,3}$ = 4.262046342179005 dB
	 $y_{4,47,4}$ = -3.6663979829311018 dB
	 $y_{4,47,6}$ = 5.799745379271002 dB
	 $y_{4,47,7}$ = -0.5612809620935193 dB
	 $y_{4,47,8}$ = 7.007176766226593 dB
	 $y_{4,47,9}$ = 6.21910907371668 dB
	 $y_{4,47,10}$ = 0.31575198268060906 dB
	 $y_{4,47,15}$ = 11.515539581913444 dB
	 $y_{4,47,16}$ = 1.4029426572155899 dB
	 $y_{4,47,17}$ = 8.191096152502126 dB
	 $y_{4,47,18}$ = 12.363932466888059 dB
	 $y_{4,47,19}$ = 18.10841905608848 dB
	 $y_{4,47,21}$ = -7.230588519710125 dB
	 $y_{4,47,22}$ = 0.012537293052219348 dB
	 $y_{4,47,23}$ = -2.8453142538764093 dB
	 $y_{4,47,24}$ = 8.152894305543413 dB
	 $y_{4,47,25}$ = 7.044074068356679 dB
	 $y_{4,47,26}$ = 16.906994942939164 dB
	 $y_{4,47,27}$ = 19.53970744085457 dB
	 $y_{4,47,28}$ = 13.472165002039048 dB
	 $y_{4,47,29}$ = 13.596007391410168 dB
	 $y_{4,47,30}$ = -0.4691081718720513 dB
	 $y_{4,47,31}$ = 8.295501325269939 dB
		SNR medio: 11.186673078926022
		Usuarios totais: 39
t=5
$x_{47}$
	 $y_{5,47,0}$ = -6.934557800931884 dB
	 $y_{5,47,1}$ = 0.4966440137223175 dB
	 $y_{5,47,2}$ = 5.408785318208373 dB
	 $y_{5,47,4}$ = -3.6663979829311018 dB
	 $y_{5,47,5}$ = 4.549486526789252 dB
	 $y_{5,47,6}$ = 5.799745379271002 dB
	 $y_{5,47,7}$ = -0.5612809620935193 dB
	 $y_{5,47,9}$ = 6.21910907371668 dB
	 $y_{5,47,10}$ = 0.31575198268060906 dB
	 $y_{5,47,11}$ = -4.1902504344127465 dB
	 $y_{5,47,12}$ = -1.2716547845658686 dB
	 $y_{5,47,13}$ = 3.714137545375578 dB
	 $y_{5,47,14}$ = 9.09438017552634 dB
	 $y_{5,47,15}$ = 11.515539581913444 dB
	 $y_{5,47,16}$ = 1.4029426572155899 dB
	 $y_{5,47,19}$ = 18.10841905608848 dB
		SNR medio: 8.367453293917318
		Usuarios totais: 39
t=6
$x_{47}$
	 $y_{6,47,0}$ = -6.934557800931884 dB
	 $y_{6,47,1}$ = 0.4966440137223175 dB
	 $y_{6,47,3}$ = 4.262046342179005 dB
	 $y_{6,47,4}$ = -3.6663979829311018 dB
	 $y_{6,47,5}$ = 4.549486526789252 dB
	 $y_{6,47,6}$ = 5.799745379271002 dB
	 $y_{6,47,7}$ = -0.5612809620935193 dB
	 $y_{6,47,8}$ = 7.007176766226593 dB
	 $y_{6,47,9}$ = 6.21910907371668 dB
	 $y_{6,47,10}$ = 0.31575198268060906 dB
	 $y_{6,47,11}$ = -4.1902504344127465 dB
	 $y_{6,47,12}$ = -1.2716547845658686 dB
	 $y_{6,47,13}$ = 3.714137545375578 dB
	 $y_{6,47,14}$ = 9.09438017552634 dB
	 $y_{6,47,15}$ = 11.515539581913444 dB
	 $y_{6,47,16}$ = 1.4029426572155899 dB
	 $y_{6,47,17}$ = 8.191096152502126 dB
	 $y_{6,47,19}$ = 18.10841905608848 dB
		SNR medio: 8.26340468608607
		Usuarios totais: 39
t=7
$x_{47}$
	 $y_{7,47,2}$ = 5.408785318208373 dB
	 $y_{7,47,3}$ = 4.262046342179005 dB
	 $y_{7,47,4}$ = -3.6663979829311018 dB
	 $y_{7,47,5}$ = 4.549486526789252 dB
	 $y_{7,47,6}$ = 5.799745379271002 dB
	 $y_{7,47,7}$ = -0.5612809620935193 dB
	 $y_{7,47,8}$ = 7.007176766226593 dB
	 $y_{7,47,9}$ = 6.21910907371668 dB
	 $y_{7,47,12}$ = -1.2716547845658686 dB
	 $y_{7,47,16}$ = 1.4029426572155899 dB
	 $y_{7,47,18}$ = 12.363932466888059 dB
	 $y_{7,47,19}$ = 18.10841905608848 dB
	 $y_{7,47,20}$ = -0.13906721600096728 dB
	 $y_{7,47,21}$ = -7.230588519710125 dB
	 $y_{7,47,22}$ = 0.012537293052219348 dB
	 $y_{7,47,24}$ = 8.152894305543413 dB
	 $y_{7,47,25}$ = 7.044074068356679 dB
	 $y_{7,47,26}$ = 16.906994942939164 dB
	 $y_{7,47,27}$ = 19.53970744085457 dB
	 $y_{7,47,28}$ = 13.472165002039048 dB
	 $y_{7,47,30}$ = -0.4691081718720513 dB
	 $y_{7,47,31}$ = 8.295501325269939 dB
	 $y_{7,47,34}$ = 7.572807636797222 dB
	 $y_{7,47,36}$ = 26.758862642157013 dB
	 $y_{7,47,39}$ = 12.918653749192828 dB
		SNR medio: 14.993776270522943
		Usuarios totais: 39
t=8
$x_{47}$
	 $y_{8,47,2}$ = 5.408785318208373 dB
	 $y_{8,47,3}$ = 4.262046342179005 dB
	 $y_{8,47,4}$ = -3.6663979829311018 dB
	 $y_{8,47,7}$ = -0.5612809620935193 dB
	 $y_{8,47,8}$ = 7.007176766226593 dB
	 $y_{8,47,10}$ = 0.31575198268060906 dB
	 $y_{8,47,11}$ = -4.1902504344127465 dB
	 $y_{8,47,13}$ = 3.714137545375578 dB
	 $y_{8,47,16}$ = 1.4029426572155899 dB
	 $y_{8,47,17}$ = 8.191096152502126 dB
	 $y_{8,47,19}$ = 18.10841905608848 dB
	 $y_{8,47,20}$ = -0.13906721600096728 dB
	 $y_{8,47,21}$ = -7.230588519710125 dB
	 $y_{8,47,23}$ = -2.8453142538764093 dB
	 $y_{8,47,25}$ = 7.044074068356679 dB
	 $y_{8,47,26}$ = 16.906994942939164 dB
	 $y_{8,47,28}$ = 13.472165002039048 dB
	 $y_{8,47,30}$ = -0.4691081718720513 dB
	 $y_{8,47,34}$ = 7.572807636797222 dB
	 $y_{8,47,38}$ = 26.91035158987006 dB
	 $y_{8,47,39}$ = 12.918653749192828 dB
	 $y_{8,47,41}$ = 1.2642256493840596 dB
	 $y_{8,47,42}$ = 1.7617779476923663 dB
	 $y_{8,47,44}$ = 13.388719818289104 dB
	 $y_{8,47,45}$ = 17.11520940523235 dB
	 $y_{8,47,46}$ = 34.86144914124246 dB
	 $y_{8,47,49}$ = 23.150065590296578 dB
		SNR medio: 21.73917983400075
		Usuarios totais: 39
t=9
$x_{47}$
	 $y_{9,47,1}$ = 0.4966440137223175 dB
	 $y_{9,47,3}$ = 4.262046342179005 dB
	 $y_{9,47,8}$ = 7.007176766226593 dB
	 $y_{9,47,11}$ = -4.1902504344127465 dB
	 $y_{9,47,18}$ = 12.363932466888059 dB
	 $y_{9,47,19}$ = 18.10841905608848 dB
	 $y_{9,47,20}$ = -0.13906721600096728 dB
	 $y_{9,47,21}$ = -7.230588519710125 dB
	 $y_{9,47,22}$ = 0.012537293052219348 dB
	 $y_{9,47,23}$ = -2.8453142538764093 dB
	 $y_{9,47,24}$ = 8.152894305543413 dB
	 $y_{9,47,26}$ = 16.906994942939164 dB
	 $y_{9,47,29}$ = 13.596007391410168 dB
	 $y_{9,47,30}$ = -0.4691081718720513 dB
	 $y_{9,47,31}$ = 8.295501325269939 dB
	 $y_{9,47,32}$ = 1.942534844907811 dB
	 $y_{9,47,35}$ = 18.844298888762538 dB
	 $y_{9,47,36}$ = 26.758862642157013 dB
	 $y_{9,47,37}$ = 27.642655208637933 dB
	 $y_{9,47,39}$ = 12.918653749192828 dB
	 $y_{9,47,40}$ = -2.7461449125745507 dB
	 $y_{9,47,44}$ = 13.388719818289104 dB
		SNR medio: 17.89612279941154
		Usuarios totais: 39
t=10
$x_{47}$
	 $y_{10,47,0}$ = -6.934557800931884 dB
	 $y_{10,47,3}$ = 4.262046342179005 dB
	 $y_{10,47,4}$ = -3.6663979829311018 dB
	 $y_{10,47,5}$ = 4.549486526789252 dB
	 $y_{10,47,6}$ = 5.799745379271002 dB
	 $y_{10,47,8}$ = 7.007176766226593 dB
	 $y_{10,47,11}$ = -4.1902504344127465 dB
	 $y_{10,47,13}$ = 3.714137545375578 dB
	 $y_{10,47,16}$ = 1.4029426572155899 dB
	 $y_{10,47,21}$ = -7.230588519710125 dB
	 $y_{10,47,25}$ = 7.044074068356679 dB
	 $y_{10,47,31}$ = 8.295501325269939 dB
	 $y_{10,47,33}$ = 10.831348576659337 dB
	 $y_{10,47,35}$ = 18.844298888762538 dB
	 $y_{10,47,44}$ = 13.388719818289104 dB
	 $y_{10,47,45}$ = 17.11520940523235 dB
	 $y_{10,47,48}$ = 27.497300339159963 dB
	 $y_{10,47,50}$ = -0.7291538033348676 dB
	 $y_{10,47,53}$ = 11.793564026541347 dB
	 $y_{10,47,54}$ = 19.452806082557004 dB
	 $y_{10,47,55}$ = 16.559105833616712 dB
	 $y_{10,47,60}$ = -6.147958298048536 dB
	 $y_{10,47,69}$ = 6.582529791901607 dB
	 $y_{10,47,76}$ = 20.86489732016311 dB
	 $y_{10,47,77}$ = 7.688894957153138 dB
	 $y_{10,47,82}$ = 13.81140274971493 dB
	 $y_{10,47,84}$ = 1.8868129287759814 dB
	 $y_{10,47,88}$ = 21.629800057076153 dB
	 $y_{10,47,89}$ = -0.9430703426023117 dB
	 $y_{10,47,95}$ = -3.2066230936290623 dB
	 $y_{10,47,96}$ = 1.7376864242534393 dB
	 $y_{10,47,98}$ = 1.7168589528704383 dB
		SNR medio: 15.785739514170547
		Usuarios totais: 37
t=11
$x_{47}$
	 $y_{11,47,1}$ = 0.4966440137223175 dB
	 $y_{11,47,4}$ = -3.6663979829311018 dB
	 $y_{11,47,5}$ = 4.549486526789252 dB
	 $y_{11,47,8}$ = 7.007176766226593 dB
	 $y_{11,47,16}$ = 1.4029426572155899 dB
	 $y_{11,47,19}$ = 18.10841905608848 dB
	 $y_{11,47,20}$ = -0.13906721600096728 dB
	 $y_{11,47,21}$ = -7.230588519710125 dB
	 $y_{11,47,22}$ = 0.012537293052219348 dB
	 $y_{11,47,32}$ = 1.942534844907811 dB
	 $y_{11,47,47}$ = 83.23816731671516 dB
	 $y_{11,47,56}$ = 19.78445983666336 dB
	 $y_{11,47,60}$ = -6.147958298048536 dB
	 $y_{11,47,73}$ = 5.223131379141904 dB
	 $y_{11,47,75}$ = 8.976114734153057 dB
	 $y_{11,47,76}$ = 20.86489732016311 dB
	 $y_{11,47,85}$ = 7.673361970203544 dB
		SNR medio: 70.933684567406
		Usuarios totais: 19
Distances:
--- Done after 0.0005323545800315009 hours. ---
