-------------Calculating Solution (this may take a while)
+++++++++++++++++++Min Sinr: 15 dB (pgwo2)
+++++++++++++++++++With backhaul constraint. Start: 2023-02-03 18:55:41

Parameters:
- chosen seed 11
- Map with 100 sectors
- Map 4000 x 4000 m
- Sector has a side of 400 m
- Max time:  12
- users_t_m:  [[0, 0, 0, 0, 0, 0, 0, 0, 0, 0, 0, 0, 0, 0, 0, 0, 0, 0, 0, 0, 0, 0, 0, 0, 0, 0, 0, 0, 0, 0, 0, 0, 0, 0, 0, 0, 0, 0, 0, 0, 0, 0, 0, 0, 1, 0, 0, 0, 0, 0, 0, 0, 0, 16, 3, 3, 0, 0, 0, 0, 0, 0, 0, 0, 0, 1, 0, 0, 0, 0, 0, 0, 0, 0, 0, 0, 0, 0, 0, 0, 0, 0, 0, 0, 0, 0, 0, 0, 0, 0, 0, 0, 0, 0, 0, 0, 0, 0, 0, 0], [0, 0, 0, 0, 1, 0, 0, 0, 0, 0, 0, 0, 0, 0, 0, 0, 0, 0, 2, 0, 0, 0, 2, 0, 1, 1, 1, 0, 0, 0, 0, 0, 0, 0, 0, 0, 0, 0, 0, 0, 0, 0, 0, 2, 3, 2, 0, 0, 0, 0, 0, 0, 0, 19, 3, 2, 0, 0, 1, 1, 1, 1, 1, 0, 0, 0, 0, 0, 1, 1, 0, 0, 0, 0, 0, 0, 0, 0, 0, 0, 0, 0, 0, 0, 0, 1, 2, 0, 0, 1, 1, 0, 1, 0, 0, 1, 0, 0, 0, 0], [0, 0, 2, 1, 1, 1, 0, 1, 1, 0, 2, 0, 2, 1, 0, 0, 1, 0, 1, 0, 1, 0, 0, 3, 0, 0, 1, 1, 0, 0, 0, 0, 1, 0, 1, 1, 0, 0, 0, 1, 0, 0, 0, 1, 1, 2, 0, 1, 1, 0, 1, 0, 0, 23, 4, 1, 1, 1, 0, 0, 1, 0, 0, 0, 3, 0, 1, 1, 0, 1, 0, 0, 0, 0, 0, 0, 1, 0, 1, 0, 0, 0, 0, 0, 0, 0, 0, 1, 0, 0, 2, 1, 1, 0, 2, 1, 3, 0, 0, 1], [1, 0, 0, 2, 2, 1, 1, 0, 0, 0, 0, 0, 0, 1, 2, 0, 1, 0, 0, 2, 1, 2, 2, 1, 1, 2, 0, 1, 0, 0, 3, 1, 2, 1, 0, 0, 0, 3, 0, 1, 0, 0, 2, 2, 5, 2, 1, 0, 0, 1, 1, 3, 5, 32, 3, 2, 0, 2, 0, 1, 1, 0, 1, 1, 1, 0, 0, 0, 1, 1, 0, 1, 1, 0, 2, 0, 1, 1, 0, 0, 2, 2, 0, 1, 1, 0, 0, 1, 0, 1, 0, 0, 0, 0, 1, 1, 3, 0, 0, 2], [1, 1, 0, 1, 2, 0, 1, 1, 1, 1, 1, 0, 0, 0, 0, 2, 1, 1, 2, 1, 0, 2, 1, 2, 1, 3, 2, 4, 1, 3, 2, 1, 1, 0, 3, 1, 0, 0, 0, 0, 0, 0, 1, 0, 2, 1, 2, 0, 1, 0, 2, 1, 0, 21, 6, 6, 1, 2, 3, 0, 0, 0, 1, 3, 5, 1, 3, 3, 1, 4, 1, 2, 3, 1, 0, 0, 0, 2, 3, 1, 2, 3, 2, 2, 0, 2, 0, 2, 0, 2, 1, 1, 2, 2, 2, 2, 0, 2, 2, 1], [2, 3, 3, 0, 3, 2, 4, 2, 0, 1, 2, 5, 1, 2, 1, 4, 2, 4, 4, 2, 2, 2, 1, 1, 2, 2, 0, 1, 0, 2, 2, 3, 3, 1, 1, 2, 2, 0, 0, 2, 1, 0, 2, 1, 1, 1, 2, 0, 0, 2, 1, 0, 1, 18, 4, 7, 1, 1, 1, 0, 2, 2, 1, 0, 1, 3, 0, 3, 3, 1, 0, 2, 2, 1, 2, 6, 0, 2, 2, 1, 0, 2, 2, 1, 2, 0, 3, 1, 2, 2, 2, 0, 3, 0, 0, 2, 2, 1, 1, 1], [2, 2, 0, 1, 1, 4, 3, 3, 1, 3, 1, 2, 3, 3, 1, 3, 3, 2, 2, 1, 1, 1, 3, 0, 2, 2, 4, 1, 2, 0, 1, 1, 0, 2, 0, 1, 1, 3, 4, 1, 1, 3, 5, 2, 1, 0, 2, 1, 0, 3, 1, 0, 0, 3, 0, 3, 0, 1, 0, 3, 1, 1, 2, 0, 0, 1, 1, 1, 2, 3, 0, 1, 0, 1, 0, 0, 1, 0, 2, 1, 1, 1, 2, 2, 1, 2, 2, 3, 3, 4, 1, 2, 2, 3, 2, 3, 1, 0, 1, 0], [0, 0, 1, 2, 2, 1, 3, 1, 1, 2, 0, 0, 2, 0, 0, 0, 1, 0, 1, 2, 1, 1, 2, 0, 2, 1, 3, 1, 1, 0, 1, 2, 0, 0, 3, 0, 1, 2, 0, 1, 1, 1, 2, 1, 0, 0, 3, 2, 4, 2, 3, 0, 0, 0, 0, 2, 1, 0, 2, 3, 0, 1, 1, 3, 2, 2, 0, 0, 1, 0, 0, 1, 3, 1, 1, 1, 1, 4, 1, 3, 0, 1, 2, 0, 0, 0, 3, 2, 1, 2, 1, 1, 2, 0, 1, 2, 1, 3, 1, 3], [0, 0, 2, 1, 1, 0, 0, 2, 2, 0, 2, 2, 0, 1, 0, 0, 1, 3, 0, 2, 1, 1, 0, 1, 0, 1, 1, 0, 2, 0, 1, 0, 0, 0, 1, 0, 0, 0, 1, 1, 0, 2, 2, 0, 1, 2, 1, 0, 0, 1, 4, 2, 1, 0, 0, 0, 0, 1, 0, 0, 4, 2, 0, 1, 1, 5, 1, 0, 1, 1, 3, 0, 0, 1, 0, 3, 0, 1, 1, 1, 2, 2, 2, 0, 1, 0, 1, 2, 1, 1, 3, 0, 2, 0, 1, 0, 1, 0, 0, 1], [0, 2, 0, 1, 0, 0, 0, 0, 3, 0, 0, 1, 0, 0, 0, 0, 0, 0, 2, 1, 3, 1, 1, 5, 1, 0, 2, 0, 0, 2, 1, 1, 1, 0, 0, 2, 1, 2, 0, 3, 2, 0, 0, 0, 1, 1, 0, 1, 1, 0, 2, 0, 0, 1, 1, 1, 1, 1, 2, 0, 0, 0, 0, 0, 0, 1, 2, 0, 2, 2, 0, 2, 0, 0, 1, 1, 0, 0, 1, 0, 0, 0, 0, 0, 0, 0, 1, 0, 0, 1, 0, 1, 1, 0, 1, 1, 0, 2, 0, 0], [1, 0, 0, 1, 1, 1, 1, 0, 1, 0, 0, 1, 0, 1, 0, 0, 2, 0, 0, 0, 0, 1, 0, 0, 0, 1, 0, 0, 0, 0, 0, 1, 0, 1, 0, 1, 0, 0, 0, 0, 0, 0, 0, 0, 1, 1, 0, 0, 2, 0, 1, 0, 0, 1, 1, 2, 0, 0, 0, 0, 1, 0, 0, 0, 0, 0, 0, 0, 0, 2, 0, 0, 0, 0, 0, 0, 1, 1, 0, 0, 0, 0, 1, 0, 2, 0, 0, 0, 1, 1, 0, 0, 0, 0, 0, 1, 1, 0, 1, 0], [0, 1, 0, 0, 1, 1, 0, 0, 1, 0, 0, 0, 0, 0, 0, 0, 1, 0, 0, 1, 1, 2, 1, 0, 0, 0, 0, 0, 0, 0, 0, 0, 1, 0, 0, 0, 0, 0, 0, 0, 0, 0, 0, 0, 0, 0, 0, 1, 0, 0, 0, 0, 0, 0, 0, 0, 1, 0, 0, 0, 2, 0, 0, 0, 0, 0, 0, 0, 0, 0, 0, 0, 0, 1, 0, 1, 1, 0, 0, 0, 0, 0, 0, 0, 0, 1, 0, 0, 0, 0, 0, 0, 0, 0, 0, 0, 0, 0, 0, 0]]
users_0_m:
[0, 0, 0, 0, 0, 0, 0, 0, 0, 0]
[0, 0, 0, 0, 0, 0, 0, 0, 0, 0]
[0, 0, 0, 0, 0, 0, 0, 0, 0, 0]
[0, 0, 0, 0, 0, 0, 0, 0, 0, 0]
[0, 0, 0, 0, 1, 0, 0, 0, 0, 0]
[0, 0, 0, 16, 3, 3, 0, 0, 0, 0]
[0, 0, 0, 0, 0, 1, 0, 0, 0, 0]
[0, 0, 0, 0, 0, 0, 0, 0, 0, 0]
[0, 0, 0, 0, 0, 0, 0, 0, 0, 0]
[0, 0, 0, 0, 0, 0, 0, 0, 0, 0]
users_1_m:
[0, 0, 0, 0, 1, 0, 0, 0, 0, 0]
[0, 0, 0, 0, 0, 0, 0, 0, 2, 0]
[0, 0, 2, 0, 1, 1, 1, 0, 0, 0]
[0, 0, 0, 0, 0, 0, 0, 0, 0, 0]
[0, 0, 0, 2, 3, 2, 0, 0, 0, 0]
[0, 0, 0, 19, 3, 2, 0, 0, 1, 1]
[1, 1, 1, 0, 0, 0, 0, 0, 1, 1]
[0, 0, 0, 0, 0, 0, 0, 0, 0, 0]
[0, 0, 0, 0, 0, 1, 2, 0, 0, 1]
[1, 0, 1, 0, 0, 1, 0, 0, 0, 0]
users_2_m:
[0, 0, 2, 1, 1, 1, 0, 1, 1, 0]
[2, 0, 2, 1, 0, 0, 1, 0, 1, 0]
[1, 0, 0, 3, 0, 0, 1, 1, 0, 0]
[0, 0, 1, 0, 1, 1, 0, 0, 0, 1]
[0, 0, 0, 1, 1, 2, 0, 1, 1, 0]
[1, 0, 0, 23, 4, 1, 1, 1, 0, 0]
[1, 0, 0, 0, 3, 0, 1, 1, 0, 1]
[0, 0, 0, 0, 0, 0, 1, 0, 1, 0]
[0, 0, 0, 0, 0, 0, 0, 1, 0, 0]
[2, 1, 1, 0, 2, 1, 3, 0, 0, 1]
users_3_m:
[1, 0, 0, 2, 2, 1, 1, 0, 0, 0]
[0, 0, 0, 1, 2, 0, 1, 0, 0, 2]
[1, 2, 2, 1, 1, 2, 0, 1, 0, 0]
[3, 1, 2, 1, 0, 0, 0, 3, 0, 1]
[0, 0, 2, 2, 5, 2, 1, 0, 0, 1]
[1, 3, 5, 32, 3, 2, 0, 2, 0, 1]
[1, 0, 1, 1, 1, 0, 0, 0, 1, 1]
[0, 1, 1, 0, 2, 0, 1, 1, 0, 0]
[2, 2, 0, 1, 1, 0, 0, 1, 0, 1]
[0, 0, 0, 0, 1, 1, 3, 0, 0, 2]
users_4_m:
[1, 1, 0, 1, 2, 0, 1, 1, 1, 1]
[1, 0, 0, 0, 0, 2, 1, 1, 2, 1]
[0, 2, 1, 2, 1, 3, 2, 4, 1, 3]
[2, 1, 1, 0, 3, 1, 0, 0, 0, 0]
[0, 0, 1, 0, 2, 1, 2, 0, 1, 0]
[2, 1, 0, 21, 6, 6, 1, 2, 3, 0]
[0, 0, 1, 3, 5, 1, 3, 3, 1, 4]
[1, 2, 3, 1, 0, 0, 0, 2, 3, 1]
[2, 3, 2, 2, 0, 2, 0, 2, 0, 2]
[1, 1, 2, 2, 2, 2, 0, 2, 2, 1]
users_5_m:
[2, 3, 3, 0, 3, 2, 4, 2, 0, 1]
[2, 5, 1, 2, 1, 4, 2, 4, 4, 2]
[2, 2, 1, 1, 2, 2, 0, 1, 0, 2]
[2, 3, 3, 1, 1, 2, 2, 0, 0, 2]
[1, 0, 2, 1, 1, 1, 2, 0, 0, 2]
[1, 0, 1, 18, 4, 7, 1, 1, 1, 0]
[2, 2, 1, 0, 1, 3, 0, 3, 3, 1]
[0, 2, 2, 1, 2, 6, 0, 2, 2, 1]
[0, 2, 2, 1, 2, 0, 3, 1, 2, 2]
[2, 0, 3, 0, 0, 2, 2, 1, 1, 1]
users_6_m:
[2, 2, 0, 1, 1, 4, 3, 3, 1, 3]
[1, 2, 3, 3, 1, 3, 3, 2, 2, 1]
[1, 1, 3, 0, 2, 2, 4, 1, 2, 0]
[1, 1, 0, 2, 0, 1, 1, 3, 4, 1]
[1, 3, 5, 2, 1, 0, 2, 1, 0, 3]
[1, 0, 0, 3, 0, 3, 0, 1, 0, 3]
[1, 1, 2, 0, 0, 1, 1, 1, 2, 3]
[0, 1, 0, 1, 0, 0, 1, 0, 2, 1]
[1, 1, 2, 2, 1, 2, 2, 3, 3, 4]
[1, 2, 2, 3, 2, 3, 1, 0, 1, 0]
users_7_m:
[0, 0, 1, 2, 2, 1, 3, 1, 1, 2]
[0, 0, 2, 0, 0, 0, 1, 0, 1, 2]
[1, 1, 2, 0, 2, 1, 3, 1, 1, 0]
[1, 2, 0, 0, 3, 0, 1, 2, 0, 1]
[1, 1, 2, 1, 0, 0, 3, 2, 4, 2]
[3, 0, 0, 0, 0, 2, 1, 0, 2, 3]
[0, 1, 1, 3, 2, 2, 0, 0, 1, 0]
[0, 1, 3, 1, 1, 1, 1, 4, 1, 3]
[0, 1, 2, 0, 0, 0, 3, 2, 1, 2]
[1, 1, 2, 0, 1, 2, 1, 3, 1, 3]
users_8_m:
[0, 0, 2, 1, 1, 0, 0, 2, 2, 0]
[2, 2, 0, 1, 0, 0, 1, 3, 0, 2]
[1, 1, 0, 1, 0, 1, 1, 0, 2, 0]
[1, 0, 0, 0, 1, 0, 0, 0, 1, 1]
[0, 2, 2, 0, 1, 2, 1, 0, 0, 1]
[4, 2, 1, 0, 0, 0, 0, 1, 0, 0]
[4, 2, 0, 1, 1, 5, 1, 0, 1, 1]
[3, 0, 0, 1, 0, 3, 0, 1, 1, 1]
[2, 2, 2, 0, 1, 0, 1, 2, 1, 1]
[3, 0, 2, 0, 1, 0, 1, 0, 0, 1]
users_9_m:
[0, 2, 0, 1, 0, 0, 0, 0, 3, 0]
[0, 1, 0, 0, 0, 0, 0, 0, 2, 1]
[3, 1, 1, 5, 1, 0, 2, 0, 0, 2]
[1, 1, 1, 0, 0, 2, 1, 2, 0, 3]
[2, 0, 0, 0, 1, 1, 0, 1, 1, 0]
[2, 0, 0, 1, 1, 1, 1, 1, 2, 0]
[0, 0, 0, 0, 0, 1, 2, 0, 2, 2]
[0, 2, 0, 0, 1, 1, 0, 0, 1, 0]
[0, 0, 0, 0, 0, 0, 1, 0, 0, 1]
[0, 1, 1, 0, 1, 1, 0, 2, 0, 0]
users_10_m:
[1, 0, 0, 1, 1, 1, 1, 0, 1, 0]
[0, 1, 0, 1, 0, 0, 2, 0, 0, 0]
[0, 1, 0, 0, 0, 1, 0, 0, 0, 0]
[0, 1, 0, 1, 0, 1, 0, 0, 0, 0]
[0, 0, 0, 0, 1, 1, 0, 0, 2, 0]
[1, 0, 0, 1, 1, 2, 0, 0, 0, 0]
[1, 0, 0, 0, 0, 0, 0, 0, 0, 2]
[0, 0, 0, 0, 0, 0, 1, 1, 0, 0]
[0, 0, 1, 0, 2, 0, 0, 0, 1, 1]
[0, 0, 0, 0, 0, 1, 1, 0, 1, 0]
users_11_m:
[0, 1, 0, 0, 1, 1, 0, 0, 1, 0]
[0, 0, 0, 0, 0, 0, 1, 0, 0, 1]
[1, 2, 1, 0, 0, 0, 0, 0, 0, 0]
[0, 0, 1, 0, 0, 0, 0, 0, 0, 0]
[0, 0, 0, 0, 0, 0, 0, 1, 0, 0]
[0, 0, 0, 0, 0, 0, 1, 0, 0, 0]
[2, 0, 0, 0, 0, 0, 0, 0, 0, 0]
[0, 0, 0, 1, 0, 1, 1, 0, 0, 0]
[0, 0, 0, 0, 0, 1, 0, 0, 0, 0]
[0, 0, 0, 0, 0, 0, 0, 0, 0, 0]
MAX_USER_PER_ANTENNAS_m:  [40, 40, 40, 40, 40, 40, 40, 40, 40, 40, 40, 40, 40, 40, 40, 40, 40, 40, 40, 40, 40, 40, 40, 40, 40, 40, 40, 40, 40, 40, 40, 40, 40, 40, 40, 40, 40, 40, 40, 40, 40, 40, 40, 40, 40, 40, 40, 40, 40, 40, 40, 40, 40, 40, 40, 40, 40, 40, 40, 40, 40, 40, 40, 40, 40, 40, 40, 40, 40, 40, 40, 40, 40, 40, 40, 40, 40, 40, 40, 40, 40, 40, 40, 40, 40, 40, 40, 40, 40, 40, 40, 40, 40, 40, 40, 40, 40, 40, 40, 40]
antennas_map_m:  [1, 1, 1, 1, 1, 1, 1, 1, 1, 1, 1, 1, 1, 1, 1, 1, 1, 1, 1, 1, 1, 1, 1, 1, 1, 1, 1, 1, 1, 1, 1, 1, 1, 1, 1, 1, 1, 1, 1, 1, 1, 1, 1, 1, 1, 1, 1, 1, 1, 1, 1, 1, 1, 1, 1, 1, 1, 1, 1, 1, 1, 1, 1, 1, 1, 1, 1, 1, 1, 1, 1, 1, 1, 1, 1, 1, 1, 1, 1, 1, 1, 1, 1, 1, 1, 1, 1, 1, 1, 1, 1, 1, 1, 1, 1, 1, 1, 1, 1, 1]
FIRST_ANTENNA:  47
MIN_SNR_m:  [31.622776601683793, 31.622776601683793, 31.622776601683793, 31.622776601683793, 31.622776601683793, 31.622776601683793, 31.622776601683793, 31.622776601683793, 31.622776601683793, 31.622776601683793, 31.622776601683793, 31.622776601683793, 31.622776601683793, 31.622776601683793, 31.622776601683793, 31.622776601683793, 31.622776601683793, 31.622776601683793, 31.622776601683793, 31.622776601683793, 31.622776601683793, 31.622776601683793, 31.622776601683793, 31.622776601683793, 31.622776601683793, 31.622776601683793, 31.622776601683793, 31.622776601683793, 31.622776601683793, 31.622776601683793, 31.622776601683793, 31.622776601683793, 31.622776601683793, 31.622776601683793, 31.622776601683793, 31.622776601683793, 31.622776601683793, 31.622776601683793, 31.622776601683793, 31.622776601683793, 31.622776601683793, 31.622776601683793, 31.622776601683793, 31.622776601683793, 31.622776601683793, 31.622776601683793, 31.622776601683793, 31.622776601683793, 31.622776601683793, 31.622776601683793, 31.622776601683793, 31.622776601683793, 31.622776601683793, 31.622776601683793, 31.622776601683793, 31.622776601683793, 31.622776601683793, 31.622776601683793, 31.622776601683793, 31.622776601683793, 31.622776601683793, 31.622776601683793, 31.622776601683793, 31.622776601683793, 31.622776601683793, 31.622776601683793, 31.622776601683793, 31.622776601683793, 31.622776601683793, 31.622776601683793, 31.622776601683793, 31.622776601683793, 31.622776601683793, 31.622776601683793, 31.622776601683793, 31.622776601683793, 31.622776601683793, 31.622776601683793, 31.622776601683793, 31.622776601683793, 31.622776601683793, 31.622776601683793, 31.622776601683793, 31.622776601683793, 31.622776601683793, 31.622776601683793, 31.622776601683793, 31.622776601683793, 31.622776601683793, 31.622776601683793, 31.622776601683793, 31.622776601683793, 31.622776601683793, 31.622776601683793, 31.622776601683793, 31.622776601683793, 31.622776601683793, 31.622776601683793, 31.622776601683793, 31.622776601683793]
-MIN_DIST:  2000
- disaster percentage:  0

Slice  0
Updating fitness _wolf
--------

Run GWO to deployment +1 antenna on the map
	Pack size:  300
	Wolf dimension 1
	Max iter 100
	antennas_regions:  [47]
	users_regions:  [44 53 54 55 65]
	Seed_base:  69144
initial_alpha:  Wolf 153 (69297). Fitness: 26.409538372143974
	(2677.3675714946257, 1705.3495369397913, 0). Region: 46
initial_beta:  Wolf 156 (69300). Fitness: 26.409538372143974
	(2753.9004984470625, 1692.866284015015, 0). Region: 46
initial_delta:  Wolf 239 (69383). Fitness: 26.409538372143974
	(2690.078430763891, 1754.256563220027, 0). Region: 46 

The alpha wolf has been updated to a position with higher fitness. iter = 2
New alpha wolf:  Wolf 48 (69192). Fitness: 183.54455233114848
	(1740.6337599189587, 2909.0227477146727, 0.0). Region: 74
iter = 10
Alpha wolf:  Wolf 48 (69192). Fitness: 183.54455233114848
	(1974.9376735896994, 2813.5509258099837, 0.0). Region: 74
iter = 20
Alpha wolf:  Wolf 48 (69192). Fitness: 183.54455233114848
	(1974.9376735896994, 2813.5509258099837, 0.0). Region: 74
iter = 30
Alpha wolf:  Wolf 48 (69192). Fitness: 183.54455233114848
	(1974.9376735896994, 2813.5509258099837, 0.0). Region: 74
iter = 40
Alpha wolf:  Wolf 48 (69192). Fitness: 183.54455233114848
	(1974.9376735896994, 2813.5509258099837, 0.0). Region: 74
iter = 50
Alpha wolf:  Wolf 48 (69192). Fitness: 183.54455233114848
	(1878.9489848940684, 2955.2329134671622, 0.0). Region: 74
iter = 60
Alpha wolf:  Wolf 48 (69192). Fitness: 183.54455233114848
	(1812.8127130511625, 3179.4748978987245, 0.0). Region: 74
iter = 70
Alpha wolf:  Wolf 48 (69192). Fitness: 183.54455233114848
	(1986.4815120816638, 3013.135905310823, 0.0). Region: 74
iter = 80
Alpha wolf:  Wolf 48 (69192). Fitness: 183.54455233114848
	(1914.7751837773512, 2891.2485723954196, 0.0). Region: 74
iter = 90
Alpha wolf:  Wolf 48 (69192). Fitness: 183.54455233114848
	(1600.5460385093156, 2912.6250566355975, 0.0). Region: 74

- Finishing GWO - 

Best solution:  Wolf 48 (69192). Fitness: 183.54455233114848
	(1812.2995285744314, 2887.9551669475136, 0.0). Region: 74
Antennas in slice 0:  [47 74]

Slice  1
Updating fitness _wolf
--------

Run GWO to deployment +1 antenna on the map
	Pack size:  300
	Wolf dimension 1
	Max iter 100
	antennas_regions:  [47 74]
	users_regions:  [ 4 18 22 24 25 26 43 44 45 53 54 55 58 59 60 61 62 68 69 85 86 89 90 92
 95]
	Seed_base:  63661
initial_alpha:  Wolf 0 (63661). Fitness: 0
	(3993.2855580105133, 1420.5099746518988, 0). Region: 39
initial_beta:  Wolf 1 (63662). Fitness: 0
	(2875.9201987384977, 1012.0111777603711, 0). Region: 27
initial_delta:  Wolf 2 (63663). Fitness: 0
	(2359.2071569233462, 99.39632151518384, 0). Region: 5 

iter = 10
Alpha wolf:  Wolf 0 (63661). Fitness: 0
	(2622.422861278953, 2725.8109139706594, 0.0). Region: 66
iter = 20
Alpha wolf:  Wolf 0 (63661). Fitness: 0
	(2543.9792471756127, 1052.9672859869038, 0.0). Region: 26
iter = 30
Alpha wolf:  Wolf 0 (63661). Fitness: 0
	(2665.5293472099156, 1096.845934099137, 0.0). Region: 26
iter = 40
Alpha wolf:  Wolf 0 (63661). Fitness: 0
	(1580.1425670727854, 2379.827357747022, 0.0). Region: 53
iter = 50
Alpha wolf:  Wolf 0 (63661). Fitness: 0
	(1025.8805061516366, 2906.61298121379, 0.0). Region: 72
iter = 60
Alpha wolf:  Wolf 0 (63661). Fitness: 0
	(732.239392771523, 1791.3674562683268, 0.0). Region: 41
iter = 70
Alpha wolf:  Wolf 0 (63661). Fitness: 0
	(826.4647002440929, 1896.9562180166297, 0.0). Region: 42
iter = 80
Alpha wolf:  Wolf 0 (63661). Fitness: 0
	(1256.5562650210386, 1971.3158468363483, 0.0). Region: 43
iter = 90
Alpha wolf:  Wolf 0 (63661). Fitness: 0
	(942.3328347043126, 2278.2040964907283, 0.0). Region: 52

Run GWO to deployment +2 antenna on the map
	Pack size:  300
	Wolf dimension 2
	Max iter 100
	antennas_regions:  [47 74]
	users_regions:  [ 4 18 22 24 25 26 43 44 45 53 54 55 58 59 60 61 62 68 69 85 86 89 90 92
 95]
	Seed_base:  42791
initial_alpha:  Wolf 0 (42791). Fitness: 0
	(2831.244672420232, 3046.3699905477747, 0). Region: 77
	(3501.7492390280645, 2163.560165750669, 0). Region: 58
initial_beta:  Wolf 1 (42792). Fitness: 0
	(31.32529858742572, 2817.2756402416057, 0). Region: 70
	(3071.5260089050853, 3040.1313532526083, 0). Region: 77
initial_delta:  Wolf 2 (42793). Fitness: 0
	(1521.7586391245623, 2218.711857602784, 0). Region: 53
	(2142.6706062539547, 2037.6536244764777, 0). Region: 55 

iter = 10
Alpha wolf:  Wolf 0 (42791). Fitness: 0
	(3774.1875418809905, 1844.073057360268, 0.0). Region: 49
	(3310.8138303821815, 3444.148795138854, 0.0). Region: 88
iter = 20
Alpha wolf:  Wolf 0 (42791). Fitness: 0
	(618.093464528446, 900.1854701624054, 0.0). Region: 21
	(2645.7765359159043, 1073.3524323131362, 0.0). Region: 26
iter = 30
Alpha wolf:  Wolf 0 (42791). Fitness: 0
	(841.1228248196322, 1049.9550308167265, 0.0). Region: 22
	(2523.110734431156, 400.54846816995246, 0.0). Region: 16
iter = 40
Alpha wolf:  Wolf 0 (42791). Fitness: 0
	(286.19291235251524, 1383.9407381611131, 0.0). Region: 30
	(2054.3641243626616, 2898.77990661249, 0.0). Region: 75
iter = 50
Alpha wolf:  Wolf 0 (42791). Fitness: 0
	(532.717239605211, 1325.4707820681276, 0.0). Region: 31
	(1863.5458211649357, 1416.1515003471109, 0.0). Region: 34
iter = 60
Alpha wolf:  Wolf 0 (42791). Fitness: 0
	(602.8465838858317, 1686.572798961321, 0.0). Region: 41
	(1709.0647408089444, 829.4196869311378, 0.0). Region: 24
iter = 70
Alpha wolf:  Wolf 0 (42791). Fitness: 0
	(585.0130119566352, 2412.5845474738417, 0.0). Region: 61
	(1260.7718331818014, 594.491888530288, 0.0). Region: 13
iter = 80
Alpha wolf:  Wolf 0 (42791). Fitness: 0
	(900.218484181973, 2578.0805139821805, 0.0). Region: 62
	(1243.2270461714145, 399.2846180166225, 0.0). Region: 3
iter = 90
Alpha wolf:  Wolf 0 (42791). Fitness: 0
	(735.7867035987415, 2445.631859277745, 0.0). Region: 61
	(1288.0886860513979, 315.8252345332131, 0.0). Region: 3

Run GWO to deployment +3 antenna on the map
	Pack size:  300
	Wolf dimension 3
	Max iter 100
	antennas_regions:  [47 74]
	users_regions:  [ 4 18 22 24 25 26 43 44 45 53 54 55 58 59 60 61 62 68 69 85 86 89 90 92
 95]
	Seed_base:  99509
initial_alpha:  Wolf 0 (99509). Fitness: 0
	(309.34313560482127, 3695.195186029384, 0). Region: 90
	(2896.7688448608883, 980.7832880270478, 0). Region: 27
	(1185.910733370447, 750.0838415919611, 0). Region: 12
initial_beta:  Wolf 1 (99510). Fitness: 0
	(605.716839609522, 691.7211972082438, 0). Region: 11
	(3165.2515533065457, 72.52260741899485, 0). Region: 7
	(3676.6077827113236, 982.1318882239632, 0). Region: 29
initial_delta:  Wolf 2 (99511). Fitness: 0
	(1463.455706375016, 2317.1168390435373, 0). Region: 53
	(1006.2463708574026, 3790.7779435158513, 0). Region: 92
	(2995.1256267899726, 3205.1454423824184, 0). Region: 87 

iter = 10
Alpha wolf:  Wolf 0 (99509). Fitness: 0
	(2589.820701245215, 2552.12720406851, 0.0). Region: 66
	(3093.1503504239686, 1187.1771422176573, 0.0). Region: 27
	(2303.1758029055413, 787.3881570809377, 0.0). Region: 15
iter = 20
Alpha wolf:  Wolf 0 (99509). Fitness: 0
	(2708.4512846094117, 1111.130337791255, 0.0). Region: 26
	(88.80292746390775, 165.2156257427116, 0.0). Region: 0
	(1698.7551697891915, 851.0833236205787, 0.0). Region: 24
iter = 30
Alpha wolf:  Wolf 0 (99509). Fitness: 0
	(1350.817379919686, 676.0056633699944, 0.0). Region: 13
	(196.2821451139601, 275.5164577433682, 0.0). Region: 0
	(1271.3582540954235, 648.6797030708625, 0.0). Region: 13
iter = 40
Alpha wolf:  Wolf 0 (99509). Fitness: 0
	(1141.5422586665486, 263.84528640396115, 0.0). Region: 2
	(99.552410759536, 673.0664915439788, 0.0). Region: 10
	(534.3488028538409, 208.09798698356735, 0.0). Region: 1
iter = 50
Alpha wolf:  Wolf 0 (99509). Fitness: 0
	(1068.7764633424658, 1141.460849392176, 0.0). Region: 22
	(164.10396761594424, 1199.2750852421634, 0.0). Region: 20
	(693.9101744394225, 88.50940745777413, 0.0). Region: 1
iter = 60
Alpha wolf:  Wolf 0 (99509). Fitness: 0
	(1196.9066866117678, 1349.5556377326761, 0.0). Region: 32
	(165.47295013292847, 638.6836942079901, 0.0). Region: 10
	(685.0214201645276, 98.37573152841486, 0.0). Region: 1
iter = 70
Alpha wolf:  Wolf 0 (99509). Fitness: 0
	(1502.0441907327718, 1135.8376457234208, 0.0). Region: 23
	(238.91115460039646, 722.3753231534738, 0.0). Region: 10
	(694.6715858329063, 89.12404888076532, 0.0). Region: 1
iter = 80
Alpha wolf:  Wolf 0 (99509). Fitness: 0
	(1430.5337729738494, 1298.1862778071113, 0.0). Region: 33
	(292.90853726257353, 559.9360595169021, 0.0). Region: 10
	(388.54041055112395, 66.22257505220833, 0.0). Region: 0
iter = 90
Alpha wolf:  Wolf 0 (99509). Fitness: 0
	(1583.905731967575, 1196.2272218042929, 0.0). Region: 23
	(340.07872178495427, 527.7815031329629, 0.0). Region: 10
	(348.25235094290235, 57.654182318906216, 0.0). Region: 0

Run GWO to deployment +4 antenna on the map
	Pack size:  300
	Wolf dimension 4
	Max iter 100
	antennas_regions:  [47 74]
	users_regions:  [ 4 18 22 24 25 26 43 44 45 53 54 55 58 59 60 61 62 68 69 85 86 89 90 92
 95]
	Seed_base:  96914
initial_alpha:  Wolf 0 (96914). Fitness: 0
	(2441.8471408204264, 3464.322294802187, 0). Region: 86
	(1327.2724695560069, 1137.6075846992233, 0). Region: 23
	(1674.7197320842827, 2305.064075761096, 0). Region: 54
	(3187.7097945706255, 2532.586537983524, 0). Region: 67
initial_beta:  Wolf 1 (96915). Fitness: 0
	(1493.0474697823456, 2795.840493737823, 0). Region: 63
	(2169.4890818278554, 40.832777193418934, 0). Region: 5
	(460.46666302196604, 3879.177183760716, 0). Region: 91
	(1978.9265416851788, 2698.422828327441, 0). Region: 64
initial_delta:  Wolf 2 (96916). Fitness: 0
	(58.98770018320754, 1288.383973846354, 0). Region: 30
	(1025.0591203092504, 2724.086970361488, 0). Region: 62
	(1559.9788784467314, 3416.714667022487, 0). Region: 83
	(3789.9724214559515, 3651.9510855311682, 0). Region: 99 

The alpha wolf has been updated to a position with higher fitness. iter = 1
New alpha wolf:  Wolf 270 (97184). Fitness: 0.00010890580619140914
	(1409.0594364272874, 1800.3059375940704, 0.0). Region: 43
	(2557.4846697866847, 849.8067757583362, 0.0). Region: 26
	(344.35534537884206, 2842.2021445754526, 0.0). Region: 70
	(3553.896526893347, 2897.220915437907, 0.0). Region: 78
iter = 10
Alpha wolf:  Wolf 270 (97184). Fitness: 0.00010890580619140914
	(1409.0594364272874, 1800.3059375940704, 0.0). Region: 43
	(2557.4846697866847, 849.8067757583362, 0.0). Region: 26
	(344.35534537884206, 2842.2021445754526, 0.0). Region: 70
	(3553.896526893347, 2897.220915437907, 0.0). Region: 78
The alpha wolf has been updated to a position with higher fitness. iter = 14
New alpha wolf:  Wolf 253 (97167). Fitness: 0.00022305882251071797
	(1320.8355111280198, 1465.5531551486401, 0.0). Region: 33
	(2496.1271385024256, 870.2229758670688, 0.0). Region: 26
	(287.48989673703466, 3022.47610431596, 0.0). Region: 70
	(2610.254866117217, 3752.186365639307, 0.0). Region: 96
The alpha wolf has been updated to a position with higher fitness. iter = 18
New alpha wolf:  Wolf 110 (97024). Fitness: 42.559483048530815
	(1269.220045050155, 1362.8312332038406, 0.0). Region: 33
	(3674.4862333775673, 1400.0168743315662, 0.0). Region: 39
	(359.9593548623639, 3065.7546288991093, 0.0). Region: 70
	(3190.519964059218, 3818.4114043742034, 0.0). Region: 97
iter = 20
Alpha wolf:  Wolf 110 (97024). Fitness: 42.559483048530815
	(1269.220045050155, 1362.8312332038406, 0.0). Region: 33
	(3674.4862333775673, 1400.0168743315662, 0.0). Region: 39
	(359.9593548623639, 3065.7546288991093, 0.0). Region: 70
	(3190.519964059218, 3818.4114043742034, 0.0). Region: 97
The alpha wolf has been updated to a position with higher fitness. iter = 27
New alpha wolf:  Wolf 70 (96984). Fitness: 45.201706038691796
	(1434.5170774416492, 1382.4723063481053, 0.0). Region: 33
	(3212.5259548693293, 1002.9552611139045, 0.0). Region: 28
	(325.92061498826865, 3057.2898678097445, 0.0). Region: 70
	(3213.001641639633, 3062.8760001137316, 0.0). Region: 78
iter = 30
Alpha wolf:  Wolf 70 (96984). Fitness: 45.201706038691796
	(1434.5170774416492, 1382.4723063481053, 0.0). Region: 33
	(3212.5259548693293, 1002.9552611139045, 0.0). Region: 28
	(325.92061498826865, 3057.2898678097445, 0.0). Region: 70
	(3213.001641639633, 3062.8760001137316, 0.0). Region: 78
iter = 40
Alpha wolf:  Wolf 70 (96984). Fitness: 45.201706038691796
	(1434.5170774416492, 1382.4723063481053, 0.0). Region: 33
	(3212.5259548693293, 1002.9552611139045, 0.0). Region: 28
	(325.92061498826865, 3057.2898678097445, 0.0). Region: 70
	(3213.001641639633, 3062.8760001137316, 0.0). Region: 78
iter = 50
Alpha wolf:  Wolf 70 (96984). Fitness: 45.201706038691796
	(1434.5170774416492, 1382.4723063481053, 0.0). Region: 33
	(3212.5259548693293, 1002.9552611139045, 0.0). Region: 28
	(325.92061498826865, 3057.2898678097445, 0.0). Region: 70
	(3213.001641639633, 3062.8760001137316, 0.0). Region: 78
iter = 60
Alpha wolf:  Wolf 70 (96984). Fitness: 45.201706038691796
	(1434.5170774416492, 1382.4723063481053, 0.0). Region: 33
	(3212.5259548693293, 1002.9552611139045, 0.0). Region: 28
	(325.92061498826865, 3057.2898678097445, 0.0). Region: 70
	(3213.001641639633, 3062.8760001137316, 0.0). Region: 78
iter = 70
Alpha wolf:  Wolf 70 (96984). Fitness: 45.201706038691796
	(1434.5170774416492, 1382.4723063481053, 0.0). Region: 33
	(3212.5259548693293, 1002.9552611139045, 0.0). Region: 28
	(325.92061498826865, 3057.2898678097445, 0.0). Region: 70
	(3213.001641639633, 3062.8760001137316, 0.0). Region: 78
iter = 80
Alpha wolf:  Wolf 70 (96984). Fitness: 45.201706038691796
	(1251.537135315029, 1323.3296621797685, 0.0). Region: 33
	(3229.219068754822, 980.1950461868871, 0.0). Region: 28
	(302.06313822395117, 3196.9418184626265, 0.0). Region: 70
	(3270.2971846646587, 2881.6119753785447, 0.0). Region: 78
iter = 90
Alpha wolf:  Wolf 70 (96984). Fitness: 45.201706038691796
	(1368.3940021834335, 1209.2775103676104, 0.0). Region: 33
	(3430.9436592188404, 1030.9500808252517, 0.0). Region: 28
	(279.13485347353185, 3135.5449636580606, 0.0). Region: 70
	(3442.335173428168, 3138.3850884907574, 0.0). Region: 78

- Finishing GWO - 

Best solution:  Wolf 70 (96984). Fitness: 45.201706038691796
	(1309.8077666441625, 1255.3430945092948, 0.0). Region: 33
	(3530.7752922896143, 907.3821744727243, 0.0). Region: 28
	(295.551051309948, 3014.9686531276393, 0.0). Region: 70
	(3343.6334726354744, 2968.052672576074, 0.0). Region: 78
Antennas in slice 1:  [28 33 47 70 74 78]

Slice  2
Updating fitness _wolf
--------

Run GWO to deployment +1 antenna on the map
	Pack size:  300
	Wolf dimension 1
	Max iter 100
	antennas_regions:  [28 33 47 70 74 78]
	users_regions:  [ 2  3  4  5  7  8 10 12 13 16 18 20 23 26 27 32 34 35 39 43 44 45 47 48
 50 53 54 55 56 57 60 64 66 67 69 76 78 87 90 91 92 94 95 96 99]
	Seed_base:  81291
initial_alpha:  Wolf 0 (81291). Fitness: 0
	(2462.6512180293184, 994.3202247333916, 0). Region: 26
initial_beta:  Wolf 1 (81292). Fitness: 0
	(629.8225028102169, 860.9011226609424, 0). Region: 21
initial_delta:  Wolf 2 (81293). Fitness: 0
	(2794.0570445124613, 2389.0343805298185, 0). Region: 56 

iter = 10
Alpha wolf:  Wolf 0 (81291). Fitness: 0
	(2701.9450758647527, 2847.650814652232, 0.0). Region: 76
iter = 20
Alpha wolf:  Wolf 0 (81291). Fitness: 0
	(2773.459006628873, 1018.969318169876, 0.0). Region: 26
iter = 30
Alpha wolf:  Wolf 0 (81291). Fitness: 0
	(2901.952404726317, 1060.7346142000406, 0.0). Region: 27
iter = 40
Alpha wolf:  Wolf 0 (81291). Fitness: 0
	(1402.6374470255007, 2301.4764089053424, 0.0). Region: 53
iter = 50
Alpha wolf:  Wolf 0 (81291). Fitness: 0
	(921.4068191230086, 2810.9186930356327, 0.0). Region: 72
iter = 60
Alpha wolf:  Wolf 0 (81291). Fitness: 0
	(657.6692890422279, 1732.3903462433377, 0.0). Region: 41
iter = 70
Alpha wolf:  Wolf 0 (81291). Fitness: 0
	(742.298839983868, 1834.5028139475348, 0.0). Region: 41
iter = 80
Alpha wolf:  Wolf 0 (81291). Fitness: 0
	(1128.5905588273738, 1906.414304059042, 0.0). Region: 42
iter = 90
Alpha wolf:  Wolf 0 (81291). Fitness: 0
	(846.3671465618905, 2203.1988857016413, 0.0). Region: 52

Run GWO to deployment +2 antenna on the map
	Pack size:  300
	Wolf dimension 2
	Max iter 100
	antennas_regions:  [28 33 47 70 74 78]
	users_regions:  [ 2  3  4  5  7  8 10 12 13 16 18 20 23 26 27 32 34 35 39 43 44 45 47 48
 50 53 54 55 56 57 60 64 66 67 69 76 78 87 90 91 92 94 95 96 99]
	Seed_base:  73311
initial_alpha:  Wolf 0 (73311). Fitness: 0
	(2915.4650457675566, 3452.685170962371, 0). Region: 87
	(2197.189442958494, 3000.246787476753, 0). Region: 75
initial_beta:  Wolf 1 (73312). Fitness: 0
	(3666.9555487693556, 1230.2857091062665, 0). Region: 39
	(3621.3702726533647, 958.6095869861393, 0). Region: 29
initial_delta:  Wolf 2 (73313). Fitness: 0
	(984.9610809801072, 3563.3501517080977, 0). Region: 82
	(3979.528290163558, 2356.9442533939623, 0). Region: 59 

The alpha wolf has been updated to a position with higher fitness. iter = 9
New alpha wolf:  Wolf 24 (73335). Fitness: 0.00024007308704488182
	(2629.0503437504094, 63.99462182947816, 0.0). Region: 6
	(768.9015836230831, 759.6340240668696, 0.0). Region: 11
iter = 10
Alpha wolf:  Wolf 24 (73335). Fitness: 0.00024007308704488182
	(2629.0503437504094, 63.99462182947816, 0.0). Region: 6
	(768.9015836230831, 759.6340240668696, 0.0). Region: 11
iter = 20
Alpha wolf:  Wolf 24 (73335). Fitness: 0.00024007308704488182
	(2572.6242516649518, 115.93349679857842, 0.0). Region: 6
	(652.7014142037456, 697.7461791355875, 0.0). Region: 11
iter = 30
Alpha wolf:  Wolf 24 (73335). Fitness: 0.00024007308704488182
	(2565.4456145947997, 170.66733916998706, 0.0). Region: 6
	(640.9007235731151, 519.9612957573344, 0.0). Region: 11
iter = 40
Alpha wolf:  Wolf 24 (73335). Fitness: 0.00024007308704488182
	(2481.5712533619558, 189.6058529608255, 0.0). Region: 6
	(529.267950663273, 466.7275443280994, 0.0). Region: 11
iter = 50
Alpha wolf:  Wolf 24 (73335). Fitness: 0.00024007308704488182
	(2527.937382550938, 220.1552026973666, 0.0). Region: 6
	(488.1459279923654, 542.8164446482533, 0.0). Region: 11
iter = 60
Alpha wolf:  Wolf 24 (73335). Fitness: 0.00024007308704488182
	(2421.3529588020992, 289.79367169516036, 0.0). Region: 6
	(621.2648091558345, 486.1101739835699, 0.0). Region: 11
iter = 70
Alpha wolf:  Wolf 24 (73335). Fitness: 0.00024007308704488182
	(2565.8525058548094, 276.641604196597, 0.0). Region: 6
	(664.068655150886, 514.4459058578223, 0.0). Region: 11
iter = 80
Alpha wolf:  Wolf 24 (73335). Fitness: 0.00024007308704488182
	(2779.47197380003, 298.3358547013937, 0.0). Region: 6
	(688.5255787900526, 530.2412253608843, 0.0). Region: 11
iter = 90
Alpha wolf:  Wolf 24 (73335). Fitness: 0.00024007308704488182
	(2641.037276820254, 309.4232930687343, 0.0). Region: 6
	(709.243464875643, 450.3952718569344, 0.0). Region: 11

- Finishing GWO - 

Best solution:  Wolf 24 (73335). Fitness: 0.00024007308704488182
	(2616.3940598182608, 313.36932671195143, 0.0). Region: 6
	(689.8115505002403, 451.1443809595354, 0.0). Region: 11
Antennas in slice 2:  [ 6 11 28 33 47 70 74 78]

Slice  3
Updating fitness _wolf
--------

Run GWO to deployment +1 antenna on the map
	Pack size:  300
	Wolf dimension 1
	Max iter 100
	antennas_regions:  [ 6 11 28 33 47 70 74 78]
	users_regions:  [ 0  3  4  5  6 13 14 16 19 20 21 22 23 24 25 27 30 31 32 33 37 39 42 43
 44 45 46 49 50 51 52 53 54 55 57 59 60 62 63 64 68 69 71 72 74 76 77 80
 81 83 84 87 89 94 95 96 99]
	Seed_base:  79861
initial_alpha:  Wolf 85 (79946). Fitness: 0.00011262472872896114
	(888.3084977691484, 3606.178640079205, 0). Region: 92
initial_beta:  Wolf 116 (79977). Fitness: 0.00011262472872896114
	(1059.5314106977066, 3998.6464060066783, 0). Region: 92
initial_delta:  Wolf 133 (79994). Fitness: 0.00011262472872896114
	(986.7787585227808, 3911.479571851591, 0). Region: 92 

iter = 10
Alpha wolf:  Wolf 85 (79946). Fitness: 0.00011262472872896114
	(888.3084977691484, 3606.178640079205, 0). Region: 92
iter = 20
Alpha wolf:  Wolf 85 (79946). Fitness: 0.00011262472872896114
	(835.2964369918795, 3776.109719098554, 0.0). Region: 92
iter = 30
Alpha wolf:  Wolf 85 (79946). Fitness: 0.00011262472872896114
	(835.2964369918795, 3776.109719098554, 0.0). Region: 92
iter = 40
Alpha wolf:  Wolf 85 (79946). Fitness: 0.00011262472872896114
	(835.2964369918795, 3776.109719098554, 0.0). Region: 92
iter = 50
Alpha wolf:  Wolf 85 (79946). Fitness: 0.00011262472872896114
	(1005.8052620715367, 3830.907291662483, 0.0). Region: 92
iter = 60
Alpha wolf:  Wolf 85 (79946). Fitness: 0.00011262472872896114
	(965.1036818761664, 3877.881182298308, 0.0). Region: 92
iter = 70
Alpha wolf:  Wolf 85 (79946). Fitness: 0.00011262472872896114
	(1025.769469430922, 3940.9502009060134, 0.0). Region: 92
iter = 80
Alpha wolf:  Wolf 85 (79946). Fitness: 0.00011262472872896114
	(1169.821514017712, 3701.497396842189, 0.0). Region: 92
iter = 90
Alpha wolf:  Wolf 85 (79946). Fitness: 0.00011262472872896114
	(925.5764538764704, 3714.4910132644136, 0.0). Region: 92

- Finishing GWO - 

Best solution:  Wolf 85 (79946). Fitness: 0.00011262472872896114
	(1036.0427042691633, 3725.101939167901, 0.0). Region: 92
Antennas in slice 3:  [ 6 11 28 33 47 70 74 78 92]

Slice  4
Updating fitness _wolf
--------
The set of antennas serves the scenario in the respective slice(4).

Slice  5
Updating fitness _wolf
--------

Run GWO to deployment +1 antenna on the map
	Pack size:  300
	Wolf dimension 1
	Max iter 100
	antennas_regions:  [ 6 11 28 33 47 70 74 78 92]
	users_regions:  [ 0  1  2  4  5  6  7  9 10 11 12 13 14 15 16 17 18 19 20 21 22 23 24 25
 27 29 30 31 32 33 34 35 36 39 40 42 43 44 45 46 49 50 52 53 54 55 56 57
 58 60 61 62 64 65 67 68 69 71 72 73 74 75 77 78 79 81 82 83 84 86 87 88
 89 90 92 95 96 97 98 99]
	Seed_base:  83807
initial_alpha:  Wolf 136 (83943). Fitness: 4.0659156630606534e-05
	(574.8461016805218, 2015.7456387919397, 0). Region: 51
initial_beta:  Wolf 110 (83917). Fitness: 4.065915663059532e-05
	(555.9438904408855, 1981.4482721904828, 0). Region: 41
initial_delta:  Wolf 133 (83940). Fitness: 4.065915663059532e-05
	(417.784660949335, 1791.2023380662324, 0). Region: 41 

iter = 10
Alpha wolf:  Wolf 136 (83943). Fitness: 4.0659156630606534e-05
	(574.8461016805218, 2015.7456387919397, 0). Region: 51
iter = 20
Alpha wolf:  Wolf 136 (83943). Fitness: 4.0659156630606534e-05
	(453.13144631168666, 2166.463967045384, 0.0). Region: 51
iter = 30
Alpha wolf:  Wolf 136 (83943). Fitness: 4.0659156630606534e-05
	(721.8085289845558, 2257.277953453359, 0.0). Region: 51
iter = 40
Alpha wolf:  Wolf 136 (83943). Fitness: 4.0659156630606534e-05
	(662.2231169672203, 2064.5204198811407, 0.0). Region: 51
iter = 50
Alpha wolf:  Wolf 136 (83943). Fitness: 4.0659156630606534e-05
	(589.2862341548905, 2098.543093101872, 0.0). Region: 51
iter = 60
Alpha wolf:  Wolf 136 (83943). Fitness: 4.0659156630606534e-05
	(569.4129757179091, 2287.7497971760336, 0.0). Region: 51
iter = 70
Alpha wolf:  Wolf 136 (83943). Fitness: 4.0659156630606534e-05
	(644.6049139368972, 2091.6110223476394, 0.0). Region: 51
iter = 80
Alpha wolf:  Wolf 136 (83943). Fitness: 4.0659156630606534e-05
	(786.6410146961523, 2094.95728519734, 0.0). Region: 51
iter = 90
Alpha wolf:  Wolf 136 (83943). Fitness: 4.0659156630606534e-05
	(573.7099269659682, 2181.8837652713337, 0.0). Region: 51

- Finishing GWO - 

Best solution:  Wolf 136 (83943). Fitness: 4.0659156630606534e-05
	(649.6070727952767, 2163.3986324354837, 0.0). Region: 51
Antennas in slice 5:  [ 6 11 28 33 47 51 70 74 78 92]

Slice  6
Updating fitness _wolf
--------
The set of antennas serves the scenario in the respective slice(6).

Slice  7
Updating fitness _wolf
--------
The set of antennas serves the scenario in the respective slice(7).

Slice  8
Updating fitness _wolf
--------
The set of antennas serves the scenario in the respective slice(8).

Slice  9
Updating fitness _wolf
--------
The set of antennas serves the scenario in the respective slice(9).

Slice  10
Updating fitness _wolf
--------
The set of antennas serves the scenario in the respective slice(10).

Slice  11
Updating fitness _wolf
--------
The set of antennas serves the scenario in the respective slice(11).

Média de carros: 8.666666666666666
t=0
Antennas: [47 74]
Users: [44 53 54 55 65]
MinSINR:  31.622776601683793
$x_{0,47}$
	 $y_{0,47,55}$ = 16.559105833616712 dB
		SNR medio:  5.519701944538904
		Usuarios totais: 3
$x_{0,74}$
	 $y_{0,74,44}$ = 15.27939838708231 dB
	 $y_{0,74,53}$ = 17.047033556724656 dB
	 $y_{0,74,65}$ = 20.529818689368412 dB
	 $y_{0,74,54}$ = 15.972258227125081 dB
		SNR medio:  3.2775480409666886
		Usuarios totais: 21
Distances:
47 : 74 = 1697.0562748477141
t=1
Antennas: [28 33 47 70 74 78]
Users: [ 4 18 22 24 25 26 43 44 45 53 54 55 58 59 60 61 62 68 69 85 86 89 90 92
 95]
MinSINR:  31.622776601683793
$x_{1,28}$
	 $y_{1,28,18}$ = 19.771765464248617 dB
	 $y_{1,28,26}$ = 18.159633408459968 dB
		SNR medio:  12.643799624236195
		Usuarios totais: 3
$x_{1,33}$
	 $y_{1,33,4}$ = 15.335434195205806 dB
	 $y_{1,33,22}$ = 28.00270608591356 dB
	 $y_{1,33,24}$ = 21.623368119604947 dB
	 $y_{1,33,43}$ = 17.070553170423125 dB
	 $y_{1,33,25}$ = 17.695291261277646 dB
	 $y_{1,33,44}$ = 26.99334855707157 dB
	 $y_{1,33,53}$ = 21.75232080407578 dB
	 $y_{1,33,55}$ = 17.458180416137154 dB
		SNR medio:  5.352619439022891
		Usuarios totais: 31
$x_{1,47}$
	 $y_{1,47,54}$ = 19.452806082557004 dB
	 $y_{1,47,58}$ = 19.908950205502563 dB
	 $y_{1,47,59}$ = 19.17807459585167 dB
	 $y_{1,47,68}$ = 20.58714178448956 dB
	 $y_{1,47,86}$ = 16.375508719898335 dB
	 $y_{1,47,45}$ = 17.11520940523235 dB
		SNR medio:  11.261769079353147
		Usuarios totais: 10
$x_{1,70}$
	 $y_{1,70,60}$ = 24.451153712388916 dB
	 $y_{1,70,61}$ = 25.64781195707853 dB
	 $y_{1,70,90}$ = 16.528300784541173 dB
	 $y_{1,70,92}$ = 19.090668633071758 dB
	 $y_{1,70,62}$ = 19.965813006442374 dB
		SNR medio:  21.13674961870455
		Usuarios totais: 5
$x_{1,74}$
		Usuarios totais: 0
$x_{1,78}$
	 $y_{1,78,69}$ = 23.673617954530073 dB
	 $y_{1,78,89}$ = 19.85123454947106 dB
	 $y_{1,78,85}$ = 16.243996782999048 dB
	 $y_{1,78,95}$ = 15.058839721588711 dB
		SNR medio:  18.706922252147223
		Usuarios totais: 4
Distances:
28 : 33 = 2039.607805437114
28 : 47 = 894.4271909999159
28 : 70 = 3773.5924528226415
28 : 74 = 2561.2496949731394
28 : 78 = 2000.0
33 : 47 = 1649.2422502470642
33 : 70 = 2000.0
33 : 74 = 1649.2422502470642
33 : 78 = 2561.2496949731394
47 : 70 = 3046.3092423455632
47 : 74 = 1697.0562748477141
47 : 78 = 1264.9110640673518
70 : 74 = 1600.0
70 : 78 = 3200.0
74 : 78 = 1600.0
t=2
Antennas: [ 6 11 28 33 47 70 74 78]
Users: [ 2  3  4  5  7  8 10 12 13 16 18 20 23 26 27 32 34 35 39 43 44 45 47 48
 50 53 54 55 56 57 60 64 66 67 69 76 78 87 90 91 92 94 95 96 99]
MinSINR:  31.622776601683793
$x_{2,6}$
	 $y_{2,6,5}$ = 30.25495767108201 dB
	 $y_{2,6,7}$ = 30.167069844518636 dB
	 $y_{2,6,8}$ = 17.392126598427993 dB
	 $y_{2,6,16}$ = 25.72824018333131 dB
	 $y_{2,6,18}$ = 16.40925448718947 dB
		SNR medio:  23.990329756909883
		Usuarios totais: 5
$x_{2,11}$
	 $y_{2,11,2}$ = 26.090231874826813 dB
	 $y_{2,11,3}$ = 20.4259739922165 dB
	 $y_{2,11,10}$ = 28.245323907653187 dB
	 $y_{2,11,20}$ = 31.572315733275815 dB
		SNR medio:  17.72230758466205
		Usuarios totais: 6
$x_{2,28}$
	 $y_{2,28,39}$ = 21.897776790025404 dB
		SNR medio:  21.897776790025404
		Usuarios totais: 1
$x_{2,33}$
	 $y_{2,33,23}$ = 24.97649183452441 dB
	 $y_{2,33,32}$ = 30.232252939495893 dB
	 $y_{2,33,34}$ = 32.430712914809135 dB
	 $y_{2,33,43}$ = 17.070553170423125 dB
	 $y_{2,33,4}$ = 15.335434195205806 dB
	 $y_{2,33,12}$ = 22.134943521421462 dB
	 $y_{2,33,13}$ = 18.92764376463792 dB
	 $y_{2,33,44}$ = 26.99334855707157 dB
	 $y_{2,33,50}$ = 15.154586002954659 dB
	 $y_{2,33,53}$ = 21.75232080407578 dB
	 $y_{2,33,55}$ = 17.458180416137154 dB
		SNR medio:  6.735179670021026
		Usuarios totais: 36
$x_{2,47}$
	 $y_{2,47,35}$ = 18.844298888762538 dB
	 $y_{2,47,47}$ = 83.23816731671516 dB
	 $y_{2,47,56}$ = 19.78445983666336 dB
	 $y_{2,47,26}$ = 16.906994942939164 dB
	 $y_{2,47,27}$ = 19.53970744085457 dB
	 $y_{2,47,48}$ = 27.497300339159963 dB
	 $y_{2,47,57}$ = 26.63473100673474 dB
	 $y_{2,47,67}$ = 17.20483312626577 dB
		SNR medio:  28.706311612261906
		Usuarios totais: 8
$x_{2,70}$
	 $y_{2,70,60}$ = 24.451153712388916 dB
	 $y_{2,70,90}$ = 16.528300784541173 dB
	 $y_{2,70,91}$ = 18.384972353881935 dB
	 $y_{2,70,92}$ = 19.090668633071758 dB
		SNR medio:  15.691019096776756
		Usuarios totais: 5
$x_{2,74}$
	 $y_{2,74,64}$ = 30.47928652593241 dB
	 $y_{2,74,94}$ = 19.452741493513514 dB
	 $y_{2,74,96}$ = 17.474153463002907 dB
	 $y_{2,74,54}$ = 15.972258227125081 dB
	 $y_{2,74,66}$ = 25.22831685427728 dB
	 $y_{2,74,95}$ = 15.466213456428648 dB
	 $y_{2,74,45}$ = 19.345474014250513 dB
	 $y_{2,74,76}$ = 16.195361933227673 dB
		SNR medio:  9.38904740986812
		Usuarios totais: 17
$x_{2,78}$
	 $y_{2,78,69}$ = 23.673617954530073 dB
	 $y_{2,78,78}$ = 84.88902026676186 dB
	 $y_{2,78,87}$ = 21.488138354880647 dB
	 $y_{2,78,99}$ = 19.515487243327186 dB
		SNR medio:  37.39156595487494
		Usuarios totais: 4
Distances:
6 : 11 = 2039.607805437114
6 : 28 = 1131.370849898476
6 : 33 = 1697.0562748477141
6 : 47 = 1649.2422502470642
6 : 70 = 3687.817782917155
6 : 74 = 2912.043955712207
6 : 78 = 2912.043955712207
11 : 28 = 2828.42712474619
11 : 33 = 1131.370849898476
11 : 47 = 2683.281572999748
11 : 70 = 2433.105012119288
11 : 74 = 2683.281572999748
11 : 78 = 3687.817782917155
28 : 33 = 2039.607805437114
28 : 47 = 894.4271909999159
28 : 70 = 3773.5924528226415
28 : 74 = 2561.2496949731394
28 : 78 = 2000.0
33 : 47 = 1649.2422502470642
33 : 70 = 2000.0
33 : 74 = 1649.2422502470642
33 : 78 = 2561.2496949731394
47 : 70 = 3046.3092423455632
47 : 74 = 1697.0562748477141
47 : 78 = 1264.9110640673518
70 : 74 = 1600.0
70 : 78 = 3200.0
74 : 78 = 1600.0
t=3
Antennas: [ 6 11 28 33 47 70 74 78 92]
Users: [ 0  3  4  5  6 13 14 16 19 20 21 22 23 24 25 27 30 31 32 33 37 39 42 43
 44 45 46 49 50 51 52 53 54 55 57 59 60 62 63 64 68 69 71 72 74 76 77 80
 81 83 84 87 89 94 95 96 99]
MinSINR:  31.622776601683793
$x_{3,6}$
	 $y_{3,6,5}$ = 30.25495767108201 dB
	 $y_{3,6,6}$ = 89.80588913334628 dB
	 $y_{3,6,16}$ = 25.72824018333131 dB
		SNR medio:  48.5963623292532
		Usuarios totais: 3
$x_{3,11}$
	 $y_{3,11,0}$ = 28.33913568618148 dB
	 $y_{3,11,3}$ = 20.4259739922165 dB
	 $y_{3,11,20}$ = 31.572315733275815 dB
	 $y_{3,11,21}$ = 34.57914726524468 dB
	 $y_{3,11,30}$ = 15.4956815704913 dB
		SNR medio:  14.490250471934417
		Usuarios totais: 9
$x_{3,28}$
	 $y_{3,28,39}$ = 21.897776790025404 dB
	 $y_{3,28,19}$ = 30.052864249952904 dB
	 $y_{3,28,27}$ = 26.395564924908285 dB
	 $y_{3,28,46}$ = 17.65658201751978 dB
	 $y_{3,28,49}$ = 19.475263249963803 dB
	 $y_{3,28,37}$ = 30.86277609765125 dB
		SNR medio:  16.260091925557937
		Usuarios totais: 9
$x_{3,33}$
	 $y_{3,33,23}$ = 24.97649183452441 dB
	 $y_{3,33,24}$ = 21.623368119604947 dB
	 $y_{3,33,32}$ = 30.232252939495893 dB
	 $y_{3,33,33}$ = 82.77643184115138 dB
	 $y_{3,33,42}$ = 21.38066273508572 dB
	 $y_{3,33,43}$ = 17.070553170423125 dB
	 $y_{3,33,4}$ = 15.335434195205806 dB
	 $y_{3,33,13}$ = 18.92764376463792 dB
	 $y_{3,33,22}$ = 28.00270608591356 dB
	 $y_{3,33,25}$ = 17.695291261277646 dB
	 $y_{3,33,31}$ = 16.26576223500578 dB
	 $y_{3,33,44}$ = 26.99334855707157 dB
	 $y_{3,33,50}$ = 15.154586002954659 dB
	 $y_{3,33,52}$ = 16.017047590828952 dB
	 $y_{3,33,55}$ = 17.458180416137154 dB
	 $y_{3,33,14}$ = 16.397443405851305 dB
		SNR medio:  12.072100129849055
		Usuarios totais: 32
$x_{3,47}$
	 $y_{3,47,54}$ = 19.452806082557004 dB
		SNR medio:  6.484268694185668
		Usuarios totais: 3
$x_{3,70}$
	 $y_{3,70,51}$ = 26.36216219404089 dB
	 $y_{3,70,80}$ = 32.16126920325176 dB
	 $y_{3,70,60}$ = 24.451153712388916 dB
	 $y_{3,70,72}$ = 21.418531123325593 dB
	 $y_{3,70,81}$ = 19.195241333483537 dB
	 $y_{3,70,83}$ = 15.403616837440467 dB
		SNR medio:  13.899197440393118
		Usuarios totais: 10
$x_{3,74}$
	 $y_{3,74,63}$ = 20.915224671492354 dB
	 $y_{3,74,64}$ = 30.47928652593241 dB
	 $y_{3,74,94}$ = 19.452741493513514 dB
	 $y_{3,74,96}$ = 17.474153463002907 dB
	 $y_{3,74,53}$ = 17.047033556724656 dB
	 $y_{3,74,62}$ = 15.150512125846262 dB
	 $y_{3,74,71}$ = 21.41787478188772 dB
		SNR medio:  3.5484206654599957
		Usuarios totais: 40
$x_{3,78}$
	 $y_{3,78,69}$ = 23.673617954530073 dB
	 $y_{3,78,77}$ = 37.093037951183625 dB
	 $y_{3,78,87}$ = 21.488138354880647 dB
	 $y_{3,78,89}$ = 19.85123454947106 dB
	 $y_{3,78,99}$ = 19.515487243327186 dB
	 $y_{3,78,57}$ = 20.604072302075792 dB
	 $y_{3,78,59}$ = 20.86515618329699 dB
	 $y_{3,78,68}$ = 32.98410752440692 dB
	 $y_{3,78,95}$ = 15.058839721588711 dB
	 $y_{3,78,45}$ = 17.834991680664615 dB
	 $y_{3,78,76}$ = 17.111228101137698 dB
		SNR medio:  17.577136540468807
		Usuarios totais: 14
$x_{3,92}$
	 $y_{3,92,74}$ = 17.858799772595688 dB
	 $y_{3,92,84}$ = 18.403080480105885 dB
		SNR medio:  12.08729341756719
		Usuarios totais: 3
Distances:
6 : 11 = 2039.607805437114
6 : 28 = 1131.370849898476
6 : 33 = 1697.0562748477141
6 : 47 = 1649.2422502470642
6 : 70 = 3687.817782917155
6 : 74 = 2912.043955712207
6 : 78 = 2912.043955712207
6 : 92 = 3939.543120718442
11 : 28 = 2828.42712474619
11 : 33 = 1131.370849898476
11 : 47 = 2683.281572999748
11 : 70 = 2433.105012119288
11 : 74 = 2683.281572999748
11 : 78 = 3687.817782917155
11 : 92 = 3224.9030993194197
28 : 33 = 2039.607805437114
28 : 47 = 894.4271909999159
28 : 70 = 3773.5924528226415
28 : 74 = 2561.2496949731394
28 : 78 = 2000.0
28 : 92 = 3687.817782917155
33 : 47 = 1649.2422502470642
33 : 70 = 2000.0
33 : 74 = 1649.2422502470642
33 : 78 = 2561.2496949731394
33 : 92 = 2433.105012119288
47 : 70 = 3046.3092423455632
47 : 74 = 1697.0562748477141
47 : 78 = 1264.9110640673518
47 : 92 = 2828.42712474619
70 : 74 = 1600.0
70 : 78 = 3200.0
70 : 92 = 1131.370849898476
74 : 78 = 1600.0
74 : 92 = 1131.370849898476
78 : 92 = 2529.8221281347037
t=4
Antennas: [ 6 11 28 33 47 70 74 78 92]
Users: [ 0  1  3  4  6  7  8  9 10 15 16 17 18 19 21 22 23 24 25 26 27 28 29 30
 31 32 34 35 42 44 45 46 48 50 51 53 54 55 56 57 58 62 63 64 65 66 67 68
 69 70 71 72 73 77 78 79 80 81 82 83 85 87 89 90 91 92 93 94 95 97 98 99]
MinSINR:  31.622776601683793
$x_{4,6}$
	 $y_{4,6,7}$ = 30.167069844518636 dB
	 $y_{4,6,8}$ = 17.392126598427993 dB
	 $y_{4,6,15}$ = 25.243055408582805 dB
	 $y_{4,6,6}$ = 89.80588913334628 dB
	 $y_{4,6,9}$ = 16.601994848999695 dB
	 $y_{4,6,16}$ = 25.72824018333131 dB
	 $y_{4,6,17}$ = 18.783845896488657 dB
	 $y_{4,6,18}$ = 16.40925448718947 dB
	 $y_{4,6,29}$ = 17.181725379729755 dB
		SNR medio:  19.793323213893434
		Usuarios totais: 13
$x_{4,11}$
	 $y_{4,11,0}$ = 28.33913568618148 dB
	 $y_{4,11,1}$ = 28.92045156230222 dB
	 $y_{4,11,3}$ = 20.4259739922165 dB
	 $y_{4,11,10}$ = 28.245323907653187 dB
	 $y_{4,11,21}$ = 34.57914726524468 dB
	 $y_{4,11,30}$ = 15.4956815704913 dB
		SNR medio:  19.50071424801117
		Usuarios totais: 8
$x_{4,28}$
	 $y_{4,28,28}$ = 88.17763390947447 dB
		SNR medio:  88.17763390947447
		Usuarios totais: 1
$x_{4,33}$
	 $y_{4,33,23}$ = 24.97649183452441 dB
	 $y_{4,33,24}$ = 21.623368119604947 dB
	 $y_{4,33,32}$ = 30.232252939495893 dB
	 $y_{4,33,34}$ = 32.430712914809135 dB
	 $y_{4,33,42}$ = 21.38066273508572 dB
	 $y_{4,33,4}$ = 15.335434195205806 dB
	 $y_{4,33,22}$ = 28.00270608591356 dB
	 $y_{4,33,25}$ = 17.695291261277646 dB
	 $y_{4,33,31}$ = 16.26576223500578 dB
	 $y_{4,33,44}$ = 26.99334855707157 dB
	 $y_{4,33,50}$ = 15.154586002954659 dB
	 $y_{4,33,53}$ = 21.75232080407578 dB
		SNR medio:  6.796073442125623
		Usuarios totais: 40
$x_{4,47}$
	 $y_{4,47,35}$ = 18.844298888762538 dB
	 $y_{4,47,56}$ = 19.78445983666336 dB
	 $y_{4,47,19}$ = 18.10841905608848 dB
	 $y_{4,47,26}$ = 16.906994942939164 dB
	 $y_{4,47,27}$ = 19.53970744085457 dB
	 $y_{4,47,46}$ = 34.86144914124246 dB
	 $y_{4,47,48}$ = 27.497300339159963 dB
	 $y_{4,47,55}$ = 16.559105833616712 dB
	 $y_{4,47,54}$ = 19.452806082557004 dB
	 $y_{4,47,57}$ = 26.63473100673474 dB
	 $y_{4,47,58}$ = 19.908950205502563 dB
	 $y_{4,47,67}$ = 17.20483312626577 dB
	 $y_{4,47,68}$ = 20.58714178448956 dB
	 $y_{4,47,45}$ = 17.11520940523235 dB
		SNR medio:  8.617806090885566
		Usuarios totais: 34
$x_{4,70}$
	 $y_{4,70,51}$ = 26.36216219404089 dB
	 $y_{4,70,80}$ = 32.16126920325176 dB
	 $y_{4,70,90}$ = 16.528300784541173 dB
	 $y_{4,70,70}$ = 86.01845306364191 dB
	 $y_{4,70,81}$ = 19.195241333483537 dB
	 $y_{4,70,91}$ = 18.384972353881935 dB
		SNR medio:  22.072266548093467
		Usuarios totais: 9
$x_{4,74}$
	 $y_{4,74,63}$ = 20.915224671492354 dB
	 $y_{4,74,64}$ = 30.47928652593241 dB
	 $y_{4,74,65}$ = 20.529818689368412 dB
	 $y_{4,74,94}$ = 19.452741493513514 dB
	 $y_{4,74,62}$ = 15.150512125846262 dB
	 $y_{4,74,71}$ = 21.41787478188772 dB
	 $y_{4,74,73}$ = 29.96405054979823 dB
	 $y_{4,74,93}$ = 16.708284004272386 dB
	 $y_{4,74,72}$ = 20.818204296953382 dB
	 $y_{4,74,82}$ = 17.479298780412094 dB
	 $y_{4,74,83}$ = 30.077759550173866 dB
		SNR medio:  10.124710644568777
		Usuarios totais: 24
$x_{4,78}$
	 $y_{4,78,69}$ = 23.673617954530073 dB
	 $y_{4,78,77}$ = 37.093037951183625 dB
	 $y_{4,78,78}$ = 84.88902026676186 dB
	 $y_{4,78,79}$ = 32.14390792368512 dB
	 $y_{4,78,87}$ = 21.488138354880647 dB
	 $y_{4,78,89}$ = 19.85123454947106 dB
	 $y_{4,78,97}$ = 17.591987338974363 dB
	 $y_{4,78,98}$ = 15.442721659623984 dB
	 $y_{4,78,99}$ = 19.515487243327186 dB
	 $y_{4,78,66}$ = 16.43575194548734 dB
	 $y_{4,78,85}$ = 16.243996782999048 dB
	 $y_{4,78,95}$ = 15.058839721588711 dB
		SNR medio:  12.285682372788962
		Usuarios totais: 26
$x_{4,92}$
	 $y_{4,92,92}$ = 90.55705142222803 dB
		SNR medio:  45.278525711114014
		Usuarios totais: 2
Distances:
6 : 11 = 2039.607805437114
6 : 28 = 1131.370849898476
6 : 33 = 1697.0562748477141
6 : 47 = 1649.2422502470642
6 : 70 = 3687.817782917155
6 : 74 = 2912.043955712207
6 : 78 = 2912.043955712207
6 : 92 = 3939.543120718442
11 : 28 = 2828.42712474619
11 : 33 = 1131.370849898476
11 : 47 = 2683.281572999748
11 : 70 = 2433.105012119288
11 : 74 = 2683.281572999748
11 : 78 = 3687.817782917155
11 : 92 = 3224.9030993194197
28 : 33 = 2039.607805437114
28 : 47 = 894.4271909999159
28 : 70 = 3773.5924528226415
28 : 74 = 2561.2496949731394
28 : 78 = 2000.0
28 : 92 = 3687.817782917155
33 : 47 = 1649.2422502470642
33 : 70 = 2000.0
33 : 74 = 1649.2422502470642
33 : 78 = 2561.2496949731394
33 : 92 = 2433.105012119288
47 : 70 = 3046.3092423455632
47 : 74 = 1697.0562748477141
47 : 78 = 1264.9110640673518
47 : 92 = 2828.42712474619
70 : 74 = 1600.0
70 : 78 = 3200.0
70 : 92 = 1131.370849898476
74 : 78 = 1600.0
74 : 92 = 1131.370849898476
78 : 92 = 2529.8221281347037
t=5
Antennas: [ 6 11 28 33 47 51 70 74 78 92]
Users: [ 0  1  2  4  5  6  7  9 10 11 12 13 14 15 16 17 18 19 20 21 22 23 24 25
 27 29 30 31 32 33 34 35 36 39 40 42 43 44 45 46 49 50 52 53 54 55 56 57
 58 60 61 62 64 65 67 68 69 71 72 73 74 75 77 78 79 81 82 83 84 86 87 88
 89 90 92 95 96 97 98 99]
MinSINR:  31.622776601683793
$x_{5,6}$
	 $y_{5,6,5}$ = 30.25495767108201 dB
	 $y_{5,6,7}$ = 30.167069844518636 dB
	 $y_{5,6,15}$ = 25.243055408582805 dB
	 $y_{5,6,6}$ = 89.80588913334628 dB
	 $y_{5,6,9}$ = 16.601994848999695 dB
	 $y_{5,6,16}$ = 25.72824018333131 dB
	 $y_{5,6,17}$ = 18.783845896488657 dB
	 $y_{5,6,18}$ = 16.40925448718947 dB
	 $y_{5,6,29}$ = 17.181725379729755 dB
	 $y_{5,6,14}$ = 15.856821658722211 dB
		SNR medio:  11.00126363507657
		Usuarios totais: 26
$x_{5,11}$
	 $y_{5,11,0}$ = 28.33913568618148 dB
	 $y_{5,11,1}$ = 28.92045156230222 dB
	 $y_{5,11,2}$ = 26.090231874826813 dB
	 $y_{5,11,11}$ = 86.9686284200277 dB
	 $y_{5,11,20}$ = 31.572315733275815 dB
	 $y_{5,11,30}$ = 15.4956815704913 dB
	 $y_{5,11,10}$ = 28.245323907653187 dB
	 $y_{5,11,12}$ = 26.964585474969567 dB
	 $y_{5,11,13}$ = 18.718841263206954 dB
	 $y_{5,11,21}$ = 34.57914726524468 dB
	 $y_{5,11,22}$ = 25.168694703153022 dB
	 $y_{5,11,31}$ = 21.644059065103107 dB
		SNR medio:  13.310967733086995
		Usuarios totais: 28
$x_{5,28}$
	 $y_{5,28,39}$ = 21.897776790025404 dB
		SNR medio:  10.948888395012702
		Usuarios totais: 2
$x_{5,33}$
	 $y_{5,33,23}$ = 24.97649183452441 dB
	 $y_{5,33,24}$ = 21.623368119604947 dB
	 $y_{5,33,32}$ = 30.232252939495893 dB
	 $y_{5,33,33}$ = 82.77643184115138 dB
	 $y_{5,33,34}$ = 32.430712914809135 dB
	 $y_{5,33,43}$ = 17.070553170423125 dB
	 $y_{5,33,4}$ = 15.335434195205806 dB
	 $y_{5,33,25}$ = 17.695291261277646 dB
	 $y_{5,33,42}$ = 21.38066273508572 dB
	 $y_{5,33,55}$ = 17.458180416137154 dB
	 $y_{5,33,44}$ = 26.99334855707157 dB
	 $y_{5,33,50}$ = 15.154586002954659 dB
	 $y_{5,33,52}$ = 16.017047590828952 dB
		SNR medio:  13.044013906868091
		Usuarios totais: 26
$x_{5,47}$
	 $y_{5,47,35}$ = 18.844298888762538 dB
	 $y_{5,47,56}$ = 19.78445983666336 dB
	 $y_{5,47,19}$ = 18.10841905608848 dB
	 $y_{5,47,27}$ = 19.53970744085457 dB
	 $y_{5,47,36}$ = 26.758862642157013 dB
	 $y_{5,47,46}$ = 34.86144914124246 dB
	 $y_{5,47,49}$ = 23.150065590296578 dB
	 $y_{5,47,54}$ = 19.452806082557004 dB
	 $y_{5,47,57}$ = 26.63473100673474 dB
	 $y_{5,47,58}$ = 19.908950205502563 dB
	 $y_{5,47,67}$ = 17.20483312626577 dB
	 $y_{5,47,68}$ = 20.58714178448956 dB
	 $y_{5,47,86}$ = 16.375508719898335 dB
	 $y_{5,47,45}$ = 17.11520940523235 dB
	 $y_{5,47,88}$ = 21.629800057076153 dB
		SNR medio:  10.665208099460719
		Usuarios totais: 30
$x_{5,51}$
	 $y_{5,51,40}$ = 19.591243717496127 dB
		SNR medio:  19.591243717496127
		Usuarios totais: 1
$x_{5,70}$
	 $y_{5,70,90}$ = 16.528300784541173 dB
	 $y_{5,70,61}$ = 25.64781195707853 dB
	 $y_{5,70,81}$ = 19.195241333483537 dB
	 $y_{5,70,60}$ = 24.451153712388916 dB
	 $y_{5,70,72}$ = 21.418531123325593 dB
	 $y_{5,70,82}$ = 18.77737026341613 dB
	 $y_{5,70,83}$ = 15.403616837440467 dB
		SNR medio:  10.878617385513412
		Usuarios totais: 13
$x_{5,74}$
	 $y_{5,74,64}$ = 30.47928652593241 dB
	 $y_{5,74,65}$ = 20.529818689368412 dB
	 $y_{5,74,96}$ = 17.474153463002907 dB
	 $y_{5,74,73}$ = 29.96405054979823 dB
	 $y_{5,74,74}$ = 89.94450339953879 dB
	 $y_{5,74,75}$ = 22.487893965957184 dB
	 $y_{5,74,84}$ = 38.13942583630924 dB
	 $y_{5,74,95}$ = 15.466213456428648 dB
	 $y_{5,74,53}$ = 17.047033556724656 dB
	 $y_{5,74,62}$ = 15.150512125846262 dB
	 $y_{5,74,71}$ = 21.41787478188772 dB
		SNR medio:  7.952519158769863
		Usuarios totais: 40
$x_{5,78}$
	 $y_{5,78,69}$ = 23.673617954530073 dB
	 $y_{5,78,77}$ = 37.093037951183625 dB
	 $y_{5,78,78}$ = 84.88902026676186 dB
	 $y_{5,78,79}$ = 32.14390792368512 dB
	 $y_{5,78,87}$ = 21.488138354880647 dB
	 $y_{5,78,89}$ = 19.85123454947106 dB
	 $y_{5,78,97}$ = 17.591987338974363 dB
	 $y_{5,78,98}$ = 15.442721659623984 dB
	 $y_{5,78,99}$ = 19.515487243327186 dB
		SNR medio:  22.640762770203164
		Usuarios totais: 12
$x_{5,92}$
	 $y_{5,92,92}$ = 90.55705142222803 dB
		SNR medio:  30.185683807409344
		Usuarios totais: 3
Distances:
6 : 11 = 2039.607805437114
6 : 28 = 1131.370849898476
6 : 33 = 1697.0562748477141
6 : 47 = 1649.2422502470642
6 : 51 = 2828.42712474619
6 : 70 = 3687.817782917155
6 : 74 = 2912.043955712207
6 : 78 = 2912.043955712207
6 : 92 = 3939.543120718442
11 : 28 = 2828.42712474619
11 : 33 = 1131.370849898476
11 : 47 = 2683.281572999748
11 : 51 = 1600.0
11 : 70 = 2433.105012119288
11 : 74 = 2683.281572999748
11 : 78 = 3687.817782917155
11 : 92 = 3224.9030993194197
28 : 33 = 2039.607805437114
28 : 47 = 894.4271909999159
28 : 51 = 3046.3092423455632
28 : 70 = 3773.5924528226415
28 : 74 = 2561.2496949731394
28 : 78 = 2000.0
28 : 92 = 3687.817782917155
33 : 47 = 1649.2422502470642
33 : 51 = 1131.370849898476
33 : 70 = 2000.0
33 : 74 = 1649.2422502470642
33 : 78 = 2561.2496949731394
33 : 92 = 2433.105012119288
47 : 51 = 2433.105012119288
47 : 70 = 3046.3092423455632
47 : 74 = 1697.0562748477141
47 : 78 = 1264.9110640673518
47 : 92 = 2828.42712474619
51 : 70 = 894.4271909999159
51 : 74 = 1442.2205101855957
51 : 78 = 2912.043955712207
51 : 92 = 1649.2422502470642
70 : 74 = 1600.0
70 : 78 = 3200.0
70 : 92 = 1131.370849898476
74 : 78 = 1600.0
74 : 92 = 1131.370849898476
78 : 92 = 2529.8221281347037
t=6
Antennas: [ 6 11 28 33 47 51 70 74 78 92]
Users: [ 0  1  3  4  5  6  7  8  9 10 11 12 13 14 15 16 17 18 19 20 21 22 24 25
 26 27 28 30 31 33 35 36 37 38 39 40 41 42 43 44 46 47 49 50 53 55 57 59
 60 61 62 65 66 67 68 69 71 73 76 78 79 80 81 82 83 84 85 86 87 88 89 90
 91 92 93 94 95 96 98]
MinSINR:  31.622776601683793
$x_{6,6}$
	 $y_{6,6,5}$ = 30.25495767108201 dB
	 $y_{6,6,7}$ = 30.167069844518636 dB
	 $y_{6,6,8}$ = 17.392126598427993 dB
	 $y_{6,6,15}$ = 25.243055408582805 dB
	 $y_{6,6,4}$ = 20.638659477209018 dB
	 $y_{6,6,6}$ = 89.80588913334628 dB
	 $y_{6,6,9}$ = 16.601994848999695 dB
	 $y_{6,6,16}$ = 25.72824018333131 dB
	 $y_{6,6,17}$ = 18.783845896488657 dB
	 $y_{6,6,18}$ = 16.40925448718947 dB
	 $y_{6,6,14}$ = 15.856821658722211 dB
	 $y_{6,6,37}$ = 18.82632328587428 dB
		SNR medio:  11.23131856875077
		Usuarios totais: 29
$x_{6,11}$
	 $y_{6,11,0}$ = 28.33913568618148 dB
	 $y_{6,11,1}$ = 28.92045156230222 dB
	 $y_{6,11,3}$ = 20.4259739922165 dB
	 $y_{6,11,11}$ = 86.9686284200277 dB
	 $y_{6,11,20}$ = 31.572315733275815 dB
	 $y_{6,11,30}$ = 15.4956815704913 dB
	 $y_{6,11,10}$ = 28.245323907653187 dB
	 $y_{6,11,12}$ = 26.964585474969567 dB
	 $y_{6,11,13}$ = 18.718841263206954 dB
	 $y_{6,11,21}$ = 34.57914726524468 dB
	 $y_{6,11,22}$ = 25.168694703153022 dB
	 $y_{6,11,31}$ = 21.644059065103107 dB
		SNR medio:  17.478230411610735
		Usuarios totais: 21
$x_{6,28}$
	 $y_{6,28,28}$ = 88.17763390947447 dB
	 $y_{6,28,39}$ = 21.897776790025404 dB
	 $y_{6,28,19}$ = 30.052864249952904 dB
	 $y_{6,28,26}$ = 18.159633408459968 dB
	 $y_{6,28,27}$ = 26.395564924908285 dB
	 $y_{6,28,36}$ = 18.57284292479615 dB
	 $y_{6,28,38}$ = 26.119999316410485 dB
	 $y_{6,28,46}$ = 17.65658201751978 dB
	 $y_{6,28,49}$ = 19.475263249963803 dB
		SNR medio:  14.02674530481638
		Usuarios totais: 19
$x_{6,33}$
	 $y_{6,33,24}$ = 21.623368119604947 dB
	 $y_{6,33,33}$ = 82.77643184115138 dB
	 $y_{6,33,43}$ = 17.070553170423125 dB
	 $y_{6,33,25}$ = 17.695291261277646 dB
	 $y_{6,33,41}$ = 27.6212000910121 dB
	 $y_{6,33,42}$ = 21.38066273508572 dB
	 $y_{6,33,55}$ = 17.458180416137154 dB
	 $y_{6,33,44}$ = 26.99334855707157 dB
	 $y_{6,33,50}$ = 15.154586002954659 dB
	 $y_{6,33,53}$ = 21.75232080407578 dB
		SNR medio:  11.230247624949754
		Usuarios totais: 24
$x_{6,47}$
	 $y_{6,47,35}$ = 18.844298888762538 dB
	 $y_{6,47,47}$ = 83.23816731671516 dB
		SNR medio:  51.04123310273885
		Usuarios totais: 2
$x_{6,51}$
	 $y_{6,51,40}$ = 19.591243717496127 dB
		SNR medio:  19.591243717496127
		Usuarios totais: 1
$x_{6,70}$
	 $y_{6,70,80}$ = 32.16126920325176 dB
	 $y_{6,70,90}$ = 16.528300784541173 dB
	 $y_{6,70,61}$ = 25.64781195707853 dB
	 $y_{6,70,81}$ = 19.195241333483537 dB
	 $y_{6,70,91}$ = 18.384972353881935 dB
	 $y_{6,70,60}$ = 24.451153712388916 dB
		SNR medio:  19.481249906375123
		Usuarios totais: 7
$x_{6,74}$
	 $y_{6,74,65}$ = 20.529818689368412 dB
	 $y_{6,74,94}$ = 19.452741493513514 dB
	 $y_{6,74,96}$ = 17.474153463002907 dB
	 $y_{6,74,73}$ = 29.96405054979823 dB
	 $y_{6,74,84}$ = 38.13942583630924 dB
	 $y_{6,74,86}$ = 19.16170297586841 dB
	 $y_{6,74,93}$ = 16.708284004272386 dB
	 $y_{6,74,62}$ = 15.150512125846262 dB
	 $y_{6,74,71}$ = 21.41787478188772 dB
	 $y_{6,74,82}$ = 17.479298780412094 dB
	 $y_{6,74,83}$ = 30.077759550173866 dB
		SNR medio:  13.64197901391406
		Usuarios totais: 18
$x_{6,78}$
	 $y_{6,78,69}$ = 23.673617954530073 dB
	 $y_{6,78,78}$ = 84.88902026676186 dB
	 $y_{6,78,79}$ = 32.14390792368512 dB
	 $y_{6,78,87}$ = 21.488138354880647 dB
	 $y_{6,78,89}$ = 19.85123454947106 dB
	 $y_{6,78,98}$ = 15.442721659623984 dB
	 $y_{6,78,57}$ = 20.604072302075792 dB
	 $y_{6,78,59}$ = 20.86515618329699 dB
	 $y_{6,78,66}$ = 16.43575194548734 dB
	 $y_{6,78,67}$ = 19.372657931757473 dB
	 $y_{6,78,68}$ = 32.98410752440692 dB
	 $y_{6,78,85}$ = 16.243996782999048 dB
	 $y_{6,78,95}$ = 15.058839721588711 dB
	 $y_{6,78,76}$ = 17.111228101137698 dB
	 $y_{6,78,88}$ = 19.58975516198133 dB
		SNR medio:  12.121103431086581
		Usuarios totais: 31
$x_{6,92}$
	 $y_{6,92,92}$ = 90.55705142222803 dB
		SNR medio:  45.278525711114014
		Usuarios totais: 2
Distances:
6 : 11 = 2039.607805437114
6 : 28 = 1131.370849898476
6 : 33 = 1697.0562748477141
6 : 47 = 1649.2422502470642
6 : 51 = 2828.42712474619
6 : 70 = 3687.817782917155
6 : 74 = 2912.043955712207
6 : 78 = 2912.043955712207
6 : 92 = 3939.543120718442
11 : 28 = 2828.42712474619
11 : 33 = 1131.370849898476
11 : 47 = 2683.281572999748
11 : 51 = 1600.0
11 : 70 = 2433.105012119288
11 : 74 = 2683.281572999748
11 : 78 = 3687.817782917155
11 : 92 = 3224.9030993194197
28 : 33 = 2039.607805437114
28 : 47 = 894.4271909999159
28 : 51 = 3046.3092423455632
28 : 70 = 3773.5924528226415
28 : 74 = 2561.2496949731394
28 : 78 = 2000.0
28 : 92 = 3687.817782917155
33 : 47 = 1649.2422502470642
33 : 51 = 1131.370849898476
33 : 70 = 2000.0
33 : 74 = 1649.2422502470642
33 : 78 = 2561.2496949731394
33 : 92 = 2433.105012119288
47 : 51 = 2433.105012119288
47 : 70 = 3046.3092423455632
47 : 74 = 1697.0562748477141
47 : 78 = 1264.9110640673518
47 : 92 = 2828.42712474619
51 : 70 = 894.4271909999159
51 : 74 = 1442.2205101855957
51 : 78 = 2912.043955712207
51 : 92 = 1649.2422502470642
70 : 74 = 1600.0
70 : 78 = 3200.0
70 : 92 = 1131.370849898476
74 : 78 = 1600.0
74 : 92 = 1131.370849898476
78 : 92 = 2529.8221281347037
t=7
Antennas: [ 6 11 28 33 47 51 70 74 78 92]
Users: [ 2  3  4  5  6  7  8  9 12 16 18 19 20 21 22 24 25 26 27 28 30 31 34 36
 37 39 40 41 42 43 46 47 48 49 50 55 56 58 59 61 62 63 64 65 68 71 72 73
 74 75 76 77 78 79 81 82 86 87 88 89 90 91 92 94 95 96 97 98 99]
MinSINR:  31.622776601683793
$x_{7,6}$
	 $y_{7,6,5}$ = 30.25495767108201 dB
	 $y_{7,6,7}$ = 30.167069844518636 dB
	 $y_{7,6,8}$ = 17.392126598427993 dB
	 $y_{7,6,6}$ = 89.80588913334628 dB
	 $y_{7,6,9}$ = 16.601994848999695 dB
	 $y_{7,6,16}$ = 25.72824018333131 dB
	 $y_{7,6,18}$ = 16.40925448718947 dB
		SNR medio:  22.635953276689538
		Usuarios totais: 10
$x_{7,11}$
	 $y_{7,11,2}$ = 26.090231874826813 dB
	 $y_{7,11,3}$ = 20.4259739922165 dB
	 $y_{7,11,20}$ = 31.572315733275815 dB
	 $y_{7,11,30}$ = 15.4956815704913 dB
	 $y_{7,11,21}$ = 34.57914726524468 dB
		SNR medio:  21.360558406009186
		Usuarios totais: 6
$x_{7,28}$
	 $y_{7,28,28}$ = 88.17763390947447 dB
	 $y_{7,28,39}$ = 21.897776790025404 dB
		SNR medio:  55.037705349749935
		Usuarios totais: 2
$x_{7,33}$
	 $y_{7,33,24}$ = 21.623368119604947 dB
	 $y_{7,33,34}$ = 32.430712914809135 dB
	 $y_{7,33,43}$ = 17.070553170423125 dB
	 $y_{7,33,4}$ = 15.335434195205806 dB
	 $y_{7,33,12}$ = 22.134943521421462 dB
	 $y_{7,33,22}$ = 28.00270608591356 dB
	 $y_{7,33,25}$ = 17.695291261277646 dB
	 $y_{7,33,41}$ = 27.6212000910121 dB
	 $y_{7,33,42}$ = 21.38066273508572 dB
	 $y_{7,33,31}$ = 16.26576223500578 dB
	 $y_{7,33,50}$ = 15.154586002954659 dB
		SNR medio:  11.176915253938759
		Usuarios totais: 21
$x_{7,47}$
	 $y_{7,47,47}$ = 83.23816731671516 dB
	 $y_{7,47,56}$ = 19.78445983666336 dB
	 $y_{7,47,19}$ = 18.10841905608848 dB
	 $y_{7,47,26}$ = 16.906994942939164 dB
	 $y_{7,47,27}$ = 19.53970744085457 dB
	 $y_{7,47,36}$ = 26.758862642157013 dB
	 $y_{7,47,46}$ = 34.86144914124246 dB
	 $y_{7,47,48}$ = 27.497300339159963 dB
	 $y_{7,47,49}$ = 23.150065590296578 dB
	 $y_{7,47,55}$ = 16.559105833616712 dB
	 $y_{7,47,58}$ = 19.908950205502563 dB
	 $y_{7,47,59}$ = 19.17807459585167 dB
	 $y_{7,47,68}$ = 20.58714178448956 dB
	 $y_{7,47,86}$ = 16.375508719898335 dB
	 $y_{7,47,37}$ = 27.642655208637933 dB
	 $y_{7,47,76}$ = 20.86489732016311 dB
	 $y_{7,47,88}$ = 21.629800057076153 dB
		SNR medio:  12.723281177392728
		Usuarios totais: 34
$x_{7,51}$
	 $y_{7,51,40}$ = 19.591243717496127 dB
	 $y_{7,51,61}$ = 26.891174636198144 dB
		SNR medio:  23.241209176847136
		Usuarios totais: 2
$x_{7,70}$
	 $y_{7,70,90}$ = 16.528300784541173 dB
	 $y_{7,70,81}$ = 19.195241333483537 dB
	 $y_{7,70,91}$ = 18.384972353881935 dB
		SNR medio:  18.03617149063555
		Usuarios totais: 3
$x_{7,74}$
	 $y_{7,74,63}$ = 20.915224671492354 dB
	 $y_{7,74,64}$ = 30.47928652593241 dB
	 $y_{7,74,65}$ = 20.529818689368412 dB
	 $y_{7,74,94}$ = 19.452741493513514 dB
	 $y_{7,74,96}$ = 17.474153463002907 dB
	 $y_{7,74,73}$ = 29.96405054979823 dB
	 $y_{7,74,74}$ = 89.94450339953879 dB
	 $y_{7,74,75}$ = 22.487893965957184 dB
	 $y_{7,74,62}$ = 15.150512125846262 dB
	 $y_{7,74,71}$ = 21.41787478188772 dB
	 $y_{7,74,72}$ = 20.818204296953382 dB
	 $y_{7,74,82}$ = 17.479298780412094 dB
		SNR medio:  17.1638717233528
		Usuarios totais: 19
$x_{7,78}$
	 $y_{7,78,77}$ = 37.093037951183625 dB
	 $y_{7,78,78}$ = 84.88902026676186 dB
	 $y_{7,78,79}$ = 32.14390792368512 dB
	 $y_{7,78,87}$ = 21.488138354880647 dB
	 $y_{7,78,89}$ = 19.85123454947106 dB
	 $y_{7,78,97}$ = 17.591987338974363 dB
	 $y_{7,78,98}$ = 15.442721659623984 dB
	 $y_{7,78,99}$ = 19.515487243327186 dB
	 $y_{7,78,95}$ = 15.058839721588711 dB
		SNR medio:  12.527351190928409
		Usuarios totais: 21
$x_{7,92}$
	 $y_{7,92,92}$ = 90.55705142222803 dB
		SNR medio:  45.278525711114014
		Usuarios totais: 2
Distances:
6 : 11 = 2039.607805437114
6 : 28 = 1131.370849898476
6 : 33 = 1697.0562748477141
6 : 47 = 1649.2422502470642
6 : 51 = 2828.42712474619
6 : 70 = 3687.817782917155
6 : 74 = 2912.043955712207
6 : 78 = 2912.043955712207
6 : 92 = 3939.543120718442
11 : 28 = 2828.42712474619
11 : 33 = 1131.370849898476
11 : 47 = 2683.281572999748
11 : 51 = 1600.0
11 : 70 = 2433.105012119288
11 : 74 = 2683.281572999748
11 : 78 = 3687.817782917155
11 : 92 = 3224.9030993194197
28 : 33 = 2039.607805437114
28 : 47 = 894.4271909999159
28 : 51 = 3046.3092423455632
28 : 70 = 3773.5924528226415
28 : 74 = 2561.2496949731394
28 : 78 = 2000.0
28 : 92 = 3687.817782917155
33 : 47 = 1649.2422502470642
33 : 51 = 1131.370849898476
33 : 70 = 2000.0
33 : 74 = 1649.2422502470642
33 : 78 = 2561.2496949731394
33 : 92 = 2433.105012119288
47 : 51 = 2433.105012119288
47 : 70 = 3046.3092423455632
47 : 74 = 1697.0562748477141
47 : 78 = 1264.9110640673518
47 : 92 = 2828.42712474619
51 : 70 = 894.4271909999159
51 : 74 = 1442.2205101855957
51 : 78 = 2912.043955712207
51 : 92 = 1649.2422502470642
70 : 74 = 1600.0
70 : 78 = 3200.0
70 : 92 = 1131.370849898476
74 : 78 = 1600.0
74 : 92 = 1131.370849898476
78 : 92 = 2529.8221281347037
t=8
Antennas: [ 6 11 28 33 47 51 70 74 78 92]
Users: [ 2  3  4  7  8 10 11 13 16 17 19 20 21 23 25 26 28 30 34 38 39 41 42 44
 45 46 49 50 51 52 57 60 61 63 64 65 66 68 69 70 73 75 77 78 79 80 81 82
 84 86 87 88 89 90 92 94 96 99]
MinSINR:  31.622776601683793
$x_{8,6}$
	 $y_{8,6,7}$ = 30.167069844518636 dB
	 $y_{8,6,8}$ = 17.392126598427993 dB
	 $y_{8,6,4}$ = 20.638659477209018 dB
	 $y_{8,6,16}$ = 25.72824018333131 dB
	 $y_{8,6,17}$ = 18.783845896488657 dB
		SNR medio:  12.52332688888618
		Usuarios totais: 9
$x_{8,11}$
	 $y_{8,11,2}$ = 26.090231874826813 dB
	 $y_{8,11,3}$ = 20.4259739922165 dB
	 $y_{8,11,11}$ = 86.9686284200277 dB
	 $y_{8,11,20}$ = 31.572315733275815 dB
	 $y_{8,11,30}$ = 15.4956815704913 dB
	 $y_{8,11,10}$ = 28.245323907653187 dB
	 $y_{8,11,13}$ = 18.718841263206954 dB
	 $y_{8,11,21}$ = 34.57914726524468 dB
		SNR medio:  23.82692218426754
		Usuarios totais: 11
$x_{8,28}$
	 $y_{8,28,28}$ = 88.17763390947447 dB
	 $y_{8,28,39}$ = 21.897776790025404 dB
	 $y_{8,28,19}$ = 30.052864249952904 dB
	 $y_{8,28,25}$ = 15.832484091538305 dB
	 $y_{8,28,26}$ = 18.159633408459968 dB
	 $y_{8,28,38}$ = 26.119999316410485 dB
	 $y_{8,28,46}$ = 17.65658201751978 dB
	 $y_{8,28,49}$ = 19.475263249963803 dB
		SNR medio:  23.73722370333451
		Usuarios totais: 10
$x_{8,33}$
	 $y_{8,33,23}$ = 24.97649183452441 dB
	 $y_{8,33,34}$ = 32.430712914809135 dB
	 $y_{8,33,41}$ = 27.6212000910121 dB
	 $y_{8,33,42}$ = 21.38066273508572 dB
		SNR medio:  17.734844595905226
		Usuarios totais: 6
$x_{8,47}$
		Usuarios totais: 0
$x_{8,51}$
	 $y_{8,51,51}$ = 89.57411736831699 dB
		SNR medio:  44.787058684158495
		Usuarios totais: 2
$x_{8,70}$
	 $y_{8,70,80}$ = 32.16126920325176 dB
	 $y_{8,70,90}$ = 16.528300784541173 dB
	 $y_{8,70,61}$ = 25.64781195707853 dB
	 $y_{8,70,81}$ = 19.195241333483537 dB
	 $y_{8,70,50}$ = 18.513117135239895 dB
	 $y_{8,70,52}$ = 16.542626330529473 dB
	 $y_{8,70,60}$ = 24.451153712388916 dB
	 $y_{8,70,70}$ = 86.01845306364191 dB
	 $y_{8,70,82}$ = 18.77737026341613 dB
		SNR medio:  11.210232338416144
		Usuarios totais: 23
$x_{8,74}$
	 $y_{8,74,63}$ = 20.915224671492354 dB
	 $y_{8,74,64}$ = 30.47928652593241 dB
	 $y_{8,74,65}$ = 20.529818689368412 dB
	 $y_{8,74,94}$ = 19.452741493513514 dB
	 $y_{8,74,96}$ = 17.474153463002907 dB
	 $y_{8,74,66}$ = 25.22831685427728 dB
	 $y_{8,74,73}$ = 29.96405054979823 dB
	 $y_{8,74,75}$ = 22.487893965957184 dB
	 $y_{8,74,84}$ = 38.13942583630924 dB
	 $y_{8,74,86}$ = 19.16170297586841 dB
	 $y_{8,74,44}$ = 15.27939838708231 dB
	 $y_{8,74,45}$ = 19.345474014250513 dB
	 $y_{8,74,88}$ = 18.278486419549537 dB
		SNR medio:  14.836798692320116
		Usuarios totais: 20
$x_{8,78}$
	 $y_{8,78,69}$ = 23.673617954530073 dB
	 $y_{8,78,77}$ = 37.093037951183625 dB
	 $y_{8,78,78}$ = 84.88902026676186 dB
	 $y_{8,78,79}$ = 32.14390792368512 dB
	 $y_{8,78,87}$ = 21.488138354880647 dB
	 $y_{8,78,89}$ = 19.85123454947106 dB
	 $y_{8,78,99}$ = 19.515487243327186 dB
	 $y_{8,78,57}$ = 20.604072302075792 dB
	 $y_{8,78,68}$ = 32.98410752440692 dB
		SNR medio:  29.224262407032228
		Usuarios totais: 10
$x_{8,92}$
	 $y_{8,92,92}$ = 90.55705142222803 dB
		SNR medio:  45.278525711114014
		Usuarios totais: 2
Distances:
6 : 11 = 2039.607805437114
6 : 28 = 1131.370849898476
6 : 33 = 1697.0562748477141
6 : 47 = 1649.2422502470642
6 : 51 = 2828.42712474619
6 : 70 = 3687.817782917155
6 : 74 = 2912.043955712207
6 : 78 = 2912.043955712207
6 : 92 = 3939.543120718442
11 : 28 = 2828.42712474619
11 : 33 = 1131.370849898476
11 : 47 = 2683.281572999748
11 : 51 = 1600.0
11 : 70 = 2433.105012119288
11 : 74 = 2683.281572999748
11 : 78 = 3687.817782917155
11 : 92 = 3224.9030993194197
28 : 33 = 2039.607805437114
28 : 47 = 894.4271909999159
28 : 51 = 3046.3092423455632
28 : 70 = 3773.5924528226415
28 : 74 = 2561.2496949731394
28 : 78 = 2000.0
28 : 92 = 3687.817782917155
33 : 47 = 1649.2422502470642
33 : 51 = 1131.370849898476
33 : 70 = 2000.0
33 : 74 = 1649.2422502470642
33 : 78 = 2561.2496949731394
33 : 92 = 2433.105012119288
47 : 51 = 2433.105012119288
47 : 70 = 3046.3092423455632
47 : 74 = 1697.0562748477141
47 : 78 = 1264.9110640673518
47 : 92 = 2828.42712474619
51 : 70 = 894.4271909999159
51 : 74 = 1442.2205101855957
51 : 78 = 2912.043955712207
51 : 92 = 1649.2422502470642
70 : 74 = 1600.0
70 : 78 = 3200.0
70 : 92 = 1131.370849898476
74 : 78 = 1600.0
74 : 92 = 1131.370849898476
78 : 92 = 2529.8221281347037
t=9
Antennas: [ 6 11 28 33 47 51 70 74 78 92]
Users: [ 1  3  8 11 18 19 20 21 22 23 24 26 29 30 31 32 35 36 37 39 40 44 45 47
 48 50 53 54 55 56 57 58 65 66 68 69 71 74 75 78 86 89 91 92 94 95 97]
MinSINR:  31.622776601683793
$x_{9,6}$
	 $y_{9,6,8}$ = 17.392126598427993 dB
		SNR medio:  5.797375532809331
		Usuarios totais: 3
$x_{9,11}$
	 $y_{9,11,1}$ = 28.92045156230222 dB
	 $y_{9,11,3}$ = 20.4259739922165 dB
	 $y_{9,11,11}$ = 86.9686284200277 dB
	 $y_{9,11,20}$ = 31.572315733275815 dB
	 $y_{9,11,30}$ = 15.4956815704913 dB
	 $y_{9,11,21}$ = 34.57914726524468 dB
	 $y_{9,11,22}$ = 25.168694703153022 dB
	 $y_{9,11,31}$ = 21.644059065103107 dB
		SNR medio:  24.07045021016494
		Usuarios totais: 11
$x_{9,28}$
	 $y_{9,28,39}$ = 21.897776790025404 dB
	 $y_{9,28,18}$ = 19.771765464248617 dB
	 $y_{9,28,19}$ = 30.052864249952904 dB
	 $y_{9,28,26}$ = 18.159633408459968 dB
	 $y_{9,28,29}$ = 26.32446771153714 dB
	 $y_{9,28,36}$ = 18.57284292479615 dB
	 $y_{9,28,48}$ = 23.74331680658706 dB
	 $y_{9,28,37}$ = 30.86277609765125 dB
		SNR medio:  13.527531675232751
		Usuarios totais: 14
$x_{9,33}$
	 $y_{9,33,23}$ = 24.97649183452441 dB
	 $y_{9,33,24}$ = 21.623368119604947 dB
	 $y_{9,33,32}$ = 30.232252939495893 dB
	 $y_{9,33,55}$ = 17.458180416137154 dB
	 $y_{9,33,44}$ = 26.99334855707157 dB
	 $y_{9,33,50}$ = 15.154586002954659 dB
	 $y_{9,33,53}$ = 21.75232080407578 dB
		SNR medio:  13.182545722822036
		Usuarios totais: 12
$x_{9,47}$
	 $y_{9,47,35}$ = 18.844298888762538 dB
	 $y_{9,47,47}$ = 83.23816731671516 dB
	 $y_{9,47,56}$ = 19.78445983666336 dB
	 $y_{9,47,54}$ = 19.452806082557004 dB
	 $y_{9,47,86}$ = 16.375508719898335 dB
		SNR medio:  26.28254014076607
		Usuarios totais: 6
$x_{9,51}$
	 $y_{9,51,40}$ = 19.591243717496127 dB
		SNR medio:  9.795621858748063
		Usuarios totais: 2
$x_{9,70}$
		Usuarios totais: 0
$x_{9,74}$
	 $y_{9,74,65}$ = 20.529818689368412 dB
	 $y_{9,74,94}$ = 19.452741493513514 dB
	 $y_{9,74,74}$ = 89.94450339953879 dB
	 $y_{9,74,75}$ = 22.487893965957184 dB
	 $y_{9,74,71}$ = 21.41787478188772 dB
		SNR medio:  28.972138721710937
		Usuarios totais: 6
$x_{9,78}$
	 $y_{9,78,69}$ = 23.673617954530073 dB
	 $y_{9,78,78}$ = 84.88902026676186 dB
	 $y_{9,78,89}$ = 19.85123454947106 dB
	 $y_{9,78,97}$ = 17.591987338974363 dB
	 $y_{9,78,57}$ = 20.604072302075792 dB
	 $y_{9,78,58}$ = 22.849979505849177 dB
	 $y_{9,78,66}$ = 16.43575194548734 dB
	 $y_{9,78,68}$ = 32.98410752440692 dB
	 $y_{9,78,95}$ = 15.058839721588711 dB
	 $y_{9,78,45}$ = 17.834991680664615 dB
		SNR medio:  18.11824018598732
		Usuarios totais: 15
$x_{9,92}$
	 $y_{9,92,91}$ = 31.026281277748083 dB
	 $y_{9,92,92}$ = 90.55705142222803 dB
		SNR medio:  60.791666349988056
		Usuarios totais: 2
Distances:
6 : 11 = 2039.607805437114
6 : 28 = 1131.370849898476
6 : 33 = 1697.0562748477141
6 : 47 = 1649.2422502470642
6 : 51 = 2828.42712474619
6 : 70 = 3687.817782917155
6 : 74 = 2912.043955712207
6 : 78 = 2912.043955712207
6 : 92 = 3939.543120718442
11 : 28 = 2828.42712474619
11 : 33 = 1131.370849898476
11 : 47 = 2683.281572999748
11 : 51 = 1600.0
11 : 70 = 2433.105012119288
11 : 74 = 2683.281572999748
11 : 78 = 3687.817782917155
11 : 92 = 3224.9030993194197
28 : 33 = 2039.607805437114
28 : 47 = 894.4271909999159
28 : 51 = 3046.3092423455632
28 : 70 = 3773.5924528226415
28 : 74 = 2561.2496949731394
28 : 78 = 2000.0
28 : 92 = 3687.817782917155
33 : 47 = 1649.2422502470642
33 : 51 = 1131.370849898476
33 : 70 = 2000.0
33 : 74 = 1649.2422502470642
33 : 78 = 2561.2496949731394
33 : 92 = 2433.105012119288
47 : 51 = 2433.105012119288
47 : 70 = 3046.3092423455632
47 : 74 = 1697.0562748477141
47 : 78 = 1264.9110640673518
47 : 92 = 2828.42712474619
51 : 70 = 894.4271909999159
51 : 74 = 1442.2205101855957
51 : 78 = 2912.043955712207
51 : 92 = 1649.2422502470642
70 : 74 = 1600.0
70 : 78 = 3200.0
70 : 92 = 1131.370849898476
74 : 78 = 1600.0
74 : 92 = 1131.370849898476
78 : 92 = 2529.8221281347037
t=10
Antennas: [ 6 11 28 33 47 51 70 74 78 92]
Users: [ 0  3  4  5  6  8 11 13 16 21 25 31 33 35 44 45 48 50 53 54 55 60 69 76
 77 82 84 88 89 95 96 98]
MinSINR:  31.622776601683793
$x_{10,6}$
	 $y_{10,6,5}$ = 30.25495767108201 dB
	 $y_{10,6,8}$ = 17.392126598427993 dB
	 $y_{10,6,4}$ = 20.638659477209018 dB
	 $y_{10,6,6}$ = 89.80588913334628 dB
	 $y_{10,6,16}$ = 25.72824018333131 dB
		SNR medio:  30.6366455105661
		Usuarios totais: 6
$x_{10,11}$
	 $y_{10,11,0}$ = 28.33913568618148 dB
	 $y_{10,11,3}$ = 20.4259739922165 dB
	 $y_{10,11,11}$ = 86.9686284200277 dB
	 $y_{10,11,13}$ = 18.718841263206954 dB
	 $y_{10,11,21}$ = 34.57914726524468 dB
	 $y_{10,11,31}$ = 21.644059065103107 dB
		SNR medio:  35.1126309486634
		Usuarios totais: 6
$x_{10,28}$
		Usuarios totais: 0
$x_{10,33}$
	 $y_{10,33,33}$ = 82.77643184115138 dB
	 $y_{10,33,25}$ = 17.695291261277646 dB
	 $y_{10,33,50}$ = 15.154586002954659 dB
		SNR medio:  38.542103035127894
		Usuarios totais: 3
$x_{10,47}$
	 $y_{10,47,35}$ = 18.844298888762538 dB
	 $y_{10,47,48}$ = 27.497300339159963 dB
	 $y_{10,47,54}$ = 19.452806082557004 dB
	 $y_{10,47,55}$ = 16.559105833616712 dB
		SNR medio:  13.725585190682702
		Usuarios totais: 6
$x_{10,51}$
		Usuarios totais: 0
$x_{10,70}$
	 $y_{10,70,60}$ = 24.451153712388916 dB
		SNR medio:  24.451153712388916
		Usuarios totais: 1
$x_{10,74}$
	 $y_{10,74,96}$ = 17.474153463002907 dB
	 $y_{10,74,84}$ = 38.13942583630924 dB
	 $y_{10,74,44}$ = 15.27939838708231 dB
	 $y_{10,74,53}$ = 17.047033556724656 dB
	 $y_{10,74,82}$ = 17.479298780412094 dB
		SNR medio:  17.56988500392187
		Usuarios totais: 6
$x_{10,78}$
	 $y_{10,78,69}$ = 23.673617954530073 dB
	 $y_{10,78,77}$ = 37.093037951183625 dB
	 $y_{10,78,89}$ = 19.85123454947106 dB
	 $y_{10,78,98}$ = 15.442721659623984 dB
	 $y_{10,78,95}$ = 15.058839721588711 dB
	 $y_{10,78,45}$ = 17.834991680664615 dB
	 $y_{10,78,76}$ = 17.111228101137698 dB
	 $y_{10,78,88}$ = 19.58975516198133 dB
		SNR medio:  18.40615853113123
		Usuarios totais: 9
$x_{10,92}$
		Usuarios totais: 0
Distances:
6 : 11 = 2039.607805437114
6 : 28 = 1131.370849898476
6 : 33 = 1697.0562748477141
6 : 47 = 1649.2422502470642
6 : 51 = 2828.42712474619
6 : 70 = 3687.817782917155
6 : 74 = 2912.043955712207
6 : 78 = 2912.043955712207
6 : 92 = 3939.543120718442
11 : 28 = 2828.42712474619
11 : 33 = 1131.370849898476
11 : 47 = 2683.281572999748
11 : 51 = 1600.0
11 : 70 = 2433.105012119288
11 : 74 = 2683.281572999748
11 : 78 = 3687.817782917155
11 : 92 = 3224.9030993194197
28 : 33 = 2039.607805437114
28 : 47 = 894.4271909999159
28 : 51 = 3046.3092423455632
28 : 70 = 3773.5924528226415
28 : 74 = 2561.2496949731394
28 : 78 = 2000.0
28 : 92 = 3687.817782917155
33 : 47 = 1649.2422502470642
33 : 51 = 1131.370849898476
33 : 70 = 2000.0
33 : 74 = 1649.2422502470642
33 : 78 = 2561.2496949731394
33 : 92 = 2433.105012119288
47 : 51 = 2433.105012119288
47 : 70 = 3046.3092423455632
47 : 74 = 1697.0562748477141
47 : 78 = 1264.9110640673518
47 : 92 = 2828.42712474619
51 : 70 = 894.4271909999159
51 : 74 = 1442.2205101855957
51 : 78 = 2912.043955712207
51 : 92 = 1649.2422502470642
70 : 74 = 1600.0
70 : 78 = 3200.0
70 : 92 = 1131.370849898476
74 : 78 = 1600.0
74 : 92 = 1131.370849898476
78 : 92 = 2529.8221281347037
t=11
Antennas: [ 6 11 28 33 47 51 70 74 78 92]
Users: [ 1  4  5  8 16 19 20 21 22 32 47 56 60 73 75 76 85]
MinSINR:  31.622776601683793
$x_{11,6}$
	 $y_{11,6,5}$ = 30.25495767108201 dB
	 $y_{11,6,8}$ = 17.392126598427993 dB
	 $y_{11,6,4}$ = 20.638659477209018 dB
	 $y_{11,6,16}$ = 25.72824018333131 dB
		SNR medio:  23.503495982512582
		Usuarios totais: 4
$x_{11,11}$
	 $y_{11,11,1}$ = 28.92045156230222 dB
	 $y_{11,11,20}$ = 31.572315733275815 dB
	 $y_{11,11,21}$ = 34.57914726524468 dB
	 $y_{11,11,22}$ = 25.168694703153022 dB
		SNR medio:  24.048121852795145
		Usuarios totais: 5
$x_{11,28}$
		Usuarios totais: 0
$x_{11,33}$
	 $y_{11,33,32}$ = 30.232252939495893 dB
		SNR medio:  30.232252939495893
		Usuarios totais: 1
$x_{11,47}$
	 $y_{11,47,47}$ = 83.23816731671516 dB
	 $y_{11,47,56}$ = 19.78445983666336 dB
	 $y_{11,47,19}$ = 18.10841905608848 dB
	 $y_{11,47,76}$ = 20.86489732016311 dB
		SNR medio:  35.498985882407524
		Usuarios totais: 4
$x_{11,51}$
		Usuarios totais: 0
$x_{11,70}$
	 $y_{11,70,60}$ = 24.451153712388916 dB
		SNR medio:  12.225576856194458
		Usuarios totais: 2
$x_{11,74}$
	 $y_{11,74,73}$ = 29.96405054979823 dB
	 $y_{11,74,75}$ = 22.487893965957184 dB
	 $y_{11,74,85}$ = 24.144227208256837 dB
		SNR medio:  25.532057241337416
		Usuarios totais: 3
$x_{11,78}$
		Usuarios totais: 0
$x_{11,92}$
		Usuarios totais: 0
Distances:
6 : 11 = 2039.607805437114
6 : 28 = 1131.370849898476
6 : 33 = 1697.0562748477141
6 : 47 = 1649.2422502470642
6 : 51 = 2828.42712474619
6 : 70 = 3687.817782917155
6 : 74 = 2912.043955712207
6 : 78 = 2912.043955712207
6 : 92 = 3939.543120718442
11 : 28 = 2828.42712474619
11 : 33 = 1131.370849898476
11 : 47 = 2683.281572999748
11 : 51 = 1600.0
11 : 70 = 2433.105012119288
11 : 74 = 2683.281572999748
11 : 78 = 3687.817782917155
11 : 92 = 3224.9030993194197
28 : 33 = 2039.607805437114
28 : 47 = 894.4271909999159
28 : 51 = 3046.3092423455632
28 : 70 = 3773.5924528226415
28 : 74 = 2561.2496949731394
28 : 78 = 2000.0
28 : 92 = 3687.817782917155
33 : 47 = 1649.2422502470642
33 : 51 = 1131.370849898476
33 : 70 = 2000.0
33 : 74 = 1649.2422502470642
33 : 78 = 2561.2496949731394
33 : 92 = 2433.105012119288
47 : 51 = 2433.105012119288
47 : 70 = 3046.3092423455632
47 : 74 = 1697.0562748477141
47 : 78 = 1264.9110640673518
47 : 92 = 2828.42712474619
51 : 70 = 894.4271909999159
51 : 74 = 1442.2205101855957
51 : 78 = 2912.043955712207
51 : 92 = 1649.2422502470642
70 : 74 = 1600.0
70 : 78 = 3200.0
70 : 92 = 1131.370849898476
74 : 78 = 1600.0
74 : 92 = 1131.370849898476
78 : 92 = 2529.8221281347037
--- Done after 0.27371244351069135 hours. ---
