-------------Calculating Solution (this may take a while)
+++++++++++++++++++Min Sinr: 10 dB (gwo)
+++++++++++++++++++With backhaul constraint. Start: 2023-01-18 02:46:40

Parameters:
- chosen seed 11
- Map with 100 sectors
- Map 4000 x 4000 m
- Sector has a side of 400 m
- Max time:  12
- users_t_m:  [[0, 0, 0, 0, 0, 0, 0, 0, 0, 0, 0, 0, 0, 0, 0, 0, 0, 0, 0, 0, 0, 0, 0, 0, 0, 0, 0, 0, 0, 0, 0, 0, 0, 0, 0, 0, 0, 0, 0, 0, 0, 0, 0, 0, 1, 0, 0, 0, 0, 0, 0, 0, 0, 16, 3, 3, 0, 0, 0, 0, 0, 0, 0, 0, 0, 1, 0, 0, 0, 0, 0, 0, 0, 0, 0, 0, 0, 0, 0, 0, 0, 0, 0, 0, 0, 0, 0, 0, 0, 0, 0, 0, 0, 0, 0, 0, 0, 0, 0, 0], [0, 0, 0, 0, 1, 0, 0, 0, 0, 0, 0, 0, 0, 0, 0, 0, 0, 0, 2, 0, 0, 0, 2, 0, 1, 1, 1, 0, 0, 0, 0, 0, 0, 0, 0, 0, 0, 0, 0, 0, 0, 0, 0, 2, 3, 2, 0, 0, 0, 0, 0, 0, 0, 19, 3, 2, 0, 0, 1, 1, 1, 1, 1, 0, 0, 0, 0, 0, 1, 1, 0, 0, 0, 0, 0, 0, 0, 0, 0, 0, 0, 0, 0, 0, 0, 1, 2, 0, 0, 1, 1, 0, 1, 0, 0, 1, 0, 0, 0, 0], [0, 0, 2, 1, 1, 1, 0, 1, 1, 0, 2, 0, 2, 1, 0, 0, 1, 0, 1, 0, 1, 0, 0, 3, 0, 0, 1, 1, 0, 0, 0, 0, 1, 0, 1, 1, 0, 0, 0, 1, 0, 0, 0, 1, 1, 2, 0, 1, 1, 0, 1, 0, 0, 23, 4, 1, 1, 1, 0, 0, 1, 0, 0, 0, 3, 0, 1, 1, 0, 1, 0, 0, 0, 0, 0, 0, 1, 0, 1, 0, 0, 0, 0, 0, 0, 0, 0, 1, 0, 0, 2, 1, 1, 0, 2, 1, 3, 0, 0, 1], [1, 0, 0, 2, 2, 1, 1, 0, 0, 0, 0, 0, 0, 1, 2, 0, 1, 0, 0, 2, 1, 2, 2, 1, 1, 2, 0, 1, 0, 0, 3, 1, 2, 1, 0, 0, 0, 3, 0, 1, 0, 0, 2, 2, 5, 2, 1, 0, 0, 1, 1, 3, 5, 32, 3, 2, 0, 2, 0, 1, 1, 0, 1, 1, 1, 0, 0, 0, 1, 1, 0, 1, 1, 0, 2, 0, 1, 1, 0, 0, 2, 2, 0, 1, 1, 0, 0, 1, 0, 1, 0, 0, 0, 0, 1, 1, 3, 0, 0, 2], [1, 1, 0, 1, 2, 0, 1, 1, 1, 1, 1, 0, 0, 0, 0, 2, 1, 1, 2, 1, 0, 2, 1, 2, 1, 3, 2, 4, 1, 3, 2, 1, 1, 0, 3, 1, 0, 0, 0, 0, 0, 0, 1, 0, 2, 1, 2, 0, 1, 0, 2, 1, 0, 21, 6, 6, 1, 2, 3, 0, 0, 0, 1, 3, 5, 1, 3, 3, 1, 4, 1, 2, 3, 1, 0, 0, 0, 2, 3, 1, 2, 3, 2, 2, 0, 2, 0, 2, 0, 2, 1, 1, 2, 2, 2, 2, 0, 2, 2, 1], [2, 3, 3, 0, 3, 2, 4, 2, 0, 1, 2, 5, 1, 2, 1, 4, 2, 4, 4, 2, 2, 2, 1, 1, 2, 2, 0, 1, 0, 2, 2, 3, 3, 1, 1, 2, 2, 0, 0, 2, 1, 0, 2, 1, 1, 1, 2, 0, 0, 2, 1, 0, 1, 18, 4, 7, 1, 1, 1, 0, 2, 2, 1, 0, 1, 3, 0, 3, 3, 1, 0, 2, 2, 1, 2, 6, 0, 2, 2, 1, 0, 2, 2, 1, 2, 0, 3, 1, 2, 2, 2, 0, 3, 0, 0, 2, 2, 1, 1, 1], [2, 2, 0, 1, 1, 4, 3, 3, 1, 3, 1, 2, 3, 3, 1, 3, 3, 2, 2, 1, 1, 1, 3, 0, 2, 2, 4, 1, 2, 0, 1, 1, 0, 2, 0, 1, 1, 3, 4, 1, 1, 3, 5, 2, 1, 0, 2, 1, 0, 3, 1, 0, 0, 3, 0, 3, 0, 1, 0, 3, 1, 1, 2, 0, 0, 1, 1, 1, 2, 3, 0, 1, 0, 1, 0, 0, 1, 0, 2, 1, 1, 1, 2, 2, 1, 2, 2, 3, 3, 4, 1, 2, 2, 3, 2, 3, 1, 0, 1, 0], [0, 0, 1, 2, 2, 1, 3, 1, 1, 2, 0, 0, 2, 0, 0, 0, 1, 0, 1, 2, 1, 1, 2, 0, 2, 1, 3, 1, 1, 0, 1, 2, 0, 0, 3, 0, 1, 2, 0, 1, 1, 1, 2, 1, 0, 0, 3, 2, 4, 2, 3, 0, 0, 0, 0, 2, 1, 0, 2, 3, 0, 1, 1, 3, 2, 2, 0, 0, 1, 0, 0, 1, 3, 1, 1, 1, 1, 4, 1, 3, 0, 1, 2, 0, 0, 0, 3, 2, 1, 2, 1, 1, 2, 0, 1, 2, 1, 3, 1, 3], [0, 0, 2, 1, 1, 0, 0, 2, 2, 0, 2, 2, 0, 1, 0, 0, 1, 3, 0, 2, 1, 1, 0, 1, 0, 1, 1, 0, 2, 0, 1, 0, 0, 0, 1, 0, 0, 0, 1, 1, 0, 2, 2, 0, 1, 2, 1, 0, 0, 1, 4, 2, 1, 0, 0, 0, 0, 1, 0, 0, 4, 2, 0, 1, 1, 5, 1, 0, 1, 1, 3, 0, 0, 1, 0, 3, 0, 1, 1, 1, 2, 2, 2, 0, 1, 0, 1, 2, 1, 1, 3, 0, 2, 0, 1, 0, 1, 0, 0, 1], [0, 2, 0, 1, 0, 0, 0, 0, 3, 0, 0, 1, 0, 0, 0, 0, 0, 0, 2, 1, 3, 1, 1, 5, 1, 0, 2, 0, 0, 2, 1, 1, 1, 0, 0, 2, 1, 2, 0, 3, 2, 0, 0, 0, 1, 1, 0, 1, 1, 0, 2, 0, 0, 1, 1, 1, 1, 1, 2, 0, 0, 0, 0, 0, 0, 1, 2, 0, 2, 2, 0, 2, 0, 0, 1, 1, 0, 0, 1, 0, 0, 0, 0, 0, 0, 0, 1, 0, 0, 1, 0, 1, 1, 0, 1, 1, 0, 2, 0, 0], [1, 0, 0, 1, 1, 1, 1, 0, 1, 0, 0, 1, 0, 1, 0, 0, 2, 0, 0, 0, 0, 1, 0, 0, 0, 1, 0, 0, 0, 0, 0, 1, 0, 1, 0, 1, 0, 0, 0, 0, 0, 0, 0, 0, 1, 1, 0, 0, 2, 0, 1, 0, 0, 1, 1, 2, 0, 0, 0, 0, 1, 0, 0, 0, 0, 0, 0, 0, 0, 2, 0, 0, 0, 0, 0, 0, 1, 1, 0, 0, 0, 0, 1, 0, 2, 0, 0, 0, 1, 1, 0, 0, 0, 0, 0, 1, 1, 0, 1, 0], [0, 1, 0, 0, 1, 1, 0, 0, 1, 0, 0, 0, 0, 0, 0, 0, 1, 0, 0, 1, 1, 2, 1, 0, 0, 0, 0, 0, 0, 0, 0, 0, 1, 0, 0, 0, 0, 0, 0, 0, 0, 0, 0, 0, 0, 0, 0, 1, 0, 0, 0, 0, 0, 0, 0, 0, 1, 0, 0, 0, 2, 0, 0, 0, 0, 0, 0, 0, 0, 0, 0, 0, 0, 1, 0, 1, 1, 0, 0, 0, 0, 0, 0, 0, 0, 1, 0, 0, 0, 0, 0, 0, 0, 0, 0, 0, 0, 0, 0, 0]]
MAX_USER_PER_ANTENNAS_m:  [40, 40, 40, 40, 40, 40, 40, 40, 40, 40, 40, 40, 40, 40, 40, 40, 40, 40, 40, 40, 40, 40, 40, 40, 40, 40, 40, 40, 40, 40, 40, 40, 40, 40, 40, 40, 40, 40, 40, 40, 40, 40, 40, 40, 40, 40, 40, 40, 40, 40, 40, 40, 40, 40, 40, 40, 40, 40, 40, 40, 40, 40, 40, 40, 40, 40, 40, 40, 40, 40, 40, 40, 40, 40, 40, 40, 40, 40, 40, 40, 40, 40, 40, 40, 40, 40, 40, 40, 40, 40, 40, 40, 40, 40, 40, 40, 40, 40, 40, 40]
antennas_map_m:  [1, 1, 1, 1, 1, 1, 1, 1, 1, 1, 1, 1, 1, 1, 1, 1, 1, 1, 1, 1, 1, 1, 1, 1, 1, 1, 1, 1, 1, 1, 1, 1, 1, 1, 1, 1, 1, 1, 1, 1, 1, 1, 1, 1, 1, 1, 1, 1, 1, 1, 1, 1, 1, 1, 1, 1, 1, 1, 1, 1, 1, 1, 1, 1, 1, 1, 1, 1, 1, 1, 1, 1, 1, 1, 1, 1, 1, 1, 1, 1, 1, 1, 1, 1, 1, 1, 1, 1, 1, 1, 1, 1, 1, 1, 1, 1, 1, 1, 1, 1]
FIRST_ANTENNA:  47
MIN_SNR_m:  [10.0, 10.0, 10.0, 10.0, 10.0, 10.0, 10.0, 10.0, 10.0, 10.0, 10.0, 10.0, 10.0, 10.0, 10.0, 10.0, 10.0, 10.0, 10.0, 10.0, 10.0, 10.0, 10.0, 10.0, 10.0, 10.0, 10.0, 10.0, 10.0, 10.0, 10.0, 10.0, 10.0, 10.0, 10.0, 10.0, 10.0, 10.0, 10.0, 10.0, 10.0, 10.0, 10.0, 10.0, 10.0, 10.0, 10.0, 10.0, 10.0, 10.0, 10.0, 10.0, 10.0, 10.0, 10.0, 10.0, 10.0, 10.0, 10.0, 10.0, 10.0, 10.0, 10.0, 10.0, 10.0, 10.0, 10.0, 10.0, 10.0, 10.0, 10.0, 10.0, 10.0, 10.0, 10.0, 10.0, 10.0, 10.0, 10.0, 10.0, 10.0, 10.0, 10.0, 10.0, 10.0, 10.0, 10.0, 10.0, 10.0, 10.0, 10.0, 10.0, 10.0, 10.0, 10.0, 10.0, 10.0, 10.0, 10.0, 10.0]
-MIN_DIST:  2000
- disaster percentage:  0

Slice  0
The set of antennas serves the scenario in the respective slice.

Slice  1

Run GWO to deployment +1 antenna on the map
	Pack size:  300
	Wolf dimension 1
	Max iter 200
	antennas_regions:  [47]
	users_regions:  [ 4 18 22 24 25 26 43 44 45 53 54 55 58 59 60 61 62 68 69 85 86 89 90 92
 95]
	Seed_base:  55833
initial_alpha:  Wolf 0 (55833). Fitness: 0
	(3590.1270320889184, 747.2881762754585, 0). Region: 18
initial_beta:  Wolf 1 (55834). Fitness: 0
	(2651.3449833689033, 1191.0908392999336, 0). Region: 26
initial_delta:  Wolf 2 (55835). Fitness: 0
	(3925.4467389336587, 2315.6575484473397, 0). Region: 59 

iter = 10
Alpha wolf:  Wolf 0 (55833). Fitness: 0
	(2570.2342283556004, 2425.8669785831275, 0.0). Region: 66
iter = 20
Alpha wolf:  Wolf 0 (55833). Fitness: 0
	(2591.945850404063, 716.6909341843108, 0.0). Region: 16
iter = 30
Alpha wolf:  Wolf 0 (55833). Fitness: 0
	(3374.933820577048, 794.6956544024916, 0.0). Region: 18
iter = 40
Alpha wolf:  Wolf 0 (55833). Fitness: 0
	(197.65521109280644, 2004.053318137155, 0.0). Region: 50
iter = 50
Alpha wolf:  Wolf 0 (55833). Fitness: 0
	(606.9193818791841, 2716.0707027409017, 0.0). Region: 61
iter = 60
Alpha wolf:  Wolf 0 (55833). Fitness: 0
	(267.3698441245923, 1461.423517454706, 0.0). Region: 30
iter = 70
Alpha wolf:  Wolf 0 (55833). Fitness: 0
	(234.52076618436087, 1377.2376101638906, 0.0). Region: 30
iter = 80
Alpha wolf:  Wolf 0 (55833). Fitness: 0
	(684.7079163135382, 1287.1656084470628, 0.0). Region: 31
iter = 90
Alpha wolf:  Wolf 0 (55833). Fitness: 0
	(186.60451093291317, 2147.3553129668107, 0.0). Region: 50
iter = 100
Alpha wolf:  Wolf 0 (55833). Fitness: 0
	(466.3796819055807, 2503.27602237484, 0.0). Region: 61
iter = 110
Alpha wolf:  Wolf 0 (55833). Fitness: 0
	(797.7591663478015, 1565.1673374959985, 0.0). Region: 31
iter = 120
Alpha wolf:  Wolf 0 (55833). Fitness: 0
	(937.4215623072453, 1210.7291235634605, 0.0). Region: 32
iter = 130
Alpha wolf:  Wolf 0 (55833). Fitness: 0
	(975.347050775222, 1143.883210173358, 0.0). Region: 22
iter = 140
Alpha wolf:  Wolf 0 (55833). Fitness: 0
	(1172.4238481781679, 1025.4507397664158, 0.0). Region: 22
iter = 150
Alpha wolf:  Wolf 0 (55833). Fitness: 0
	(791.9900945653408, 1252.7536241294056, 0.0). Region: 31
iter = 160
Alpha wolf:  Wolf 0 (55833). Fitness: 0
	(899.2033106696895, 1293.7959145931627, 0.0). Region: 32
iter = 170
Alpha wolf:  Wolf 0 (55833). Fitness: 0
	(836.899489497721, 1009.3504567110423, 0.0). Region: 22
iter = 180
Alpha wolf:  Wolf 0 (55833). Fitness: 0
	(984.7129512102938, 941.3504310042687, 0.0). Region: 22
iter = 190
Alpha wolf:  Wolf 0 (55833). Fitness: 0
	(885.076773080257, 1074.777506044699, 0.0). Region: 22

Run GWO to deployment +2 antenna on the map
	Pack size:  300
	Wolf dimension 2
	Max iter 200
	antennas_regions:  [47]
	users_regions:  [ 4 18 22 24 25 26 43 44 45 53 54 55 58 59 60 61 62 68 69 85 86 89 90 92
 95]
	Seed_base:  56325
initial_alpha:  Wolf 0 (56325). Fitness: 0
	(1855.7559563220148, 261.17455676395275, 0). Region: 4
	(2548.487201253703, 220.65281801664273, 0). Region: 6
initial_beta:  Wolf 1 (56326). Fitness: 0
	(3424.5055236273706, 1948.6147630323792, 0). Region: 48
	(3518.6404431910937, 1978.8940121555543, 0). Region: 48
initial_delta:  Wolf 2 (56327). Fitness: 0
	(2239.6869998112606, 3474.9136929368087, 0). Region: 85
	(1615.1468707261563, 2001.1021905373586, 0). Region: 54 

iter = 10
Alpha wolf:  Wolf 0 (56325). Fitness: 0
	(3795.1800941217443, 543.0839846826862, 0.0). Region: 19
	(3324.149387076901, 1935.5407612932433, 0.0). Region: 48
iter = 20
Alpha wolf:  Wolf 0 (56325). Fitness: 0
	(328.55506708285805, 393.0746214527978, 0.0). Region: 0
	(2513.5220727586957, 542.4415600328307, 0.0). Region: 16
iter = 30
Alpha wolf:  Wolf 0 (56325). Fitness: 0
	(593.3397358297974, 476.31878682902794, 0.0). Region: 11
	(2108.9987354147715, 71.37661573029234, 0.0). Region: 5
iter = 40
Alpha wolf:  Wolf 0 (56325). Fitness: 0
	(195.66897502676443, 503.748348838531, 0.0). Region: 10
	(1229.9209734803812, 1652.7124259589787, 0.0). Region: 43
iter = 50
Alpha wolf:  Wolf 0 (56325). Fitness: 0
	(451.40495713224675, 427.16322610393127, 0.0). Region: 11
	(960.719275198394, 430.6442735665306, 0.0). Region: 12
iter = 60
Alpha wolf:  Wolf 0 (56325). Fitness: 0
	(558.7286779310002, 508.18845277116316, 0.0). Region: 11
	(675.7023686921088, 204.61227961838864, 0.0). Region: 1
iter = 70
Alpha wolf:  Wolf 0 (56325). Fitness: 0
	(388.46736848541605, 1069.7962216877409, 0.0). Region: 20
	(358.6046317845538, 94.92341925120168, 0.0). Region: 0
iter = 80
Alpha wolf:  Wolf 0 (56325). Fitness: 0
	(1263.0482361874617, 1058.8088691462676, 0.0). Region: 23
	(299.5165419083175, 25.79367541680344, 0.0). Region: 0
iter = 90
Alpha wolf:  Wolf 0 (56325). Fitness: 0
	(723.3775025768311, 759.4613908782358, 0.0). Region: 11
	(297.059296394707, 12.620159171732277, 0.0). Region: 0
iter = 100
Alpha wolf:  Wolf 0 (56325). Fitness: 0
	(584.5318825597321, 1034.7284879536148, 0.0). Region: 21
	(116.93141590592309, 9.560913670557115, 0.0). Region: 0
iter = 110
Alpha wolf:  Wolf 0 (56325). Fitness: 0
	(609.1703329667213, 667.8441947179847, 0.0). Region: 11
	(142.81266290700484, 9.40257534197589, 0.0). Region: 0
iter = 120
Alpha wolf:  Wolf 0 (56325). Fitness: 0
	(531.0082075916303, 765.8201772190338, 0.0). Region: 11
	(157.2048898389891, 8.775890260490721, 0.0). Region: 0
iter = 130
Alpha wolf:  Wolf 0 (56325). Fitness: 0
	(921.442112669654, 506.73146013745395, 0.0). Region: 12
	(158.90947124971925, 6.944891231492716, 0.0). Region: 0
iter = 140
Alpha wolf:  Wolf 0 (56325). Fitness: 0
	(828.3978534578937, 731.3779044551829, 0.0). Region: 12
	(149.97166073253908, 4.888497514680672, 0.0). Region: 0
iter = 150
Alpha wolf:  Wolf 0 (56325). Fitness: 0
	(774.4330697510052, 553.1185979747224, 0.0). Region: 11
	(175.6484923947624, 6.843106850268601, 0.0). Region: 0
iter = 160
Alpha wolf:  Wolf 0 (56325). Fitness: 0
	(696.2771415891912, 418.1628689241032, 0.0). Region: 11
	(131.63848606334653, 5.869614993420107, 0.0). Region: 0
iter = 170
Alpha wolf:  Wolf 0 (56325). Fitness: 0
	(685.2739124333839, 346.31566012573563, 0.0). Region: 1
	(155.08636910545502, 7.002591982469649, 0.0). Region: 0
iter = 180
Alpha wolf:  Wolf 0 (56325). Fitness: 0
	(556.3831553732309, 364.15641767340685, 0.0). Region: 1
	(157.59972736237592, 6.475077390354337, 0.0). Region: 0
iter = 190
Alpha wolf:  Wolf 0 (56325). Fitness: 0
	(507.89526471964365, 359.36326503705436, 0.0). Region: 1
	(182.47426582307628, 6.565861017989303, 0.0). Region: 0

Run GWO to deployment +3 antenna on the map
	Pack size:  300
	Wolf dimension 3
	Max iter 200
	antennas_regions:  [47]
	users_regions:  [ 4 18 22 24 25 26 43 44 45 53 54 55 58 59 60 61 62 68 69 85 86 89 90 92
 95]
	Seed_base:  41812
initial_alpha:  Wolf 0 (41812). Fitness: 0
	(405.7113663390326, 2216.4986389381825, 0). Region: 51
	(487.0830123965173, 685.4967160411207, 0). Region: 11
	(3477.8119949284614, 767.7917461553036, 0). Region: 18
initial_beta:  Wolf 1 (41813). Fitness: 0
	(665.5695255377511, 561.9522428718323, 0). Region: 11
	(2157.4281100172707, 3511.96046274742, 0). Region: 85
	(123.03877728930068, 454.9996368280524, 0). Region: 10
initial_delta:  Wolf 2 (41814). Fitness: 0
	(553.9157412241514, 3491.4548596316686, 0). Region: 81
	(223.47272025927455, 383.16742301608645, 0). Region: 0
	(1163.2668303113496, 627.1912260726542, 0). Region: 12 

The alpha wolf has been updated to a position with higher fitness. iter = 2
New alpha wolf:  Wolf 171 (41983). Fitness: 0.85
	(950.3851102518149, 1270.3959381573338, 0.0). Region: 32
	(497.46812630777094, 2972.6005556839445, 0.0). Region: 71
	(3255.654949495505, 3287.082319378569, 0.0). Region: 88
The alpha wolf has been updated to a position with higher fitness. iter = 6
New alpha wolf:  Wolf 73 (41885). Fitness: 0.86
	(817.0768469401555, 1576.2806707006634, 0.0). Region: 32
	(139.93090441172808, 2982.8918989383847, 0.0). Region: 70
	(3263.730043141899, 3420.7376981920124, 0.0). Region: 88
The alpha wolf has been updated to a position with higher fitness. iter = 8
New alpha wolf:  Wolf 129 (41941). Fitness: 0.9
	(1500.0271795867004, 1275.1102324381347, 0.0). Region: 33
	(901.3411020873639, 2737.4154977839376, 0.0). Region: 62
	(3810.002289741104, 3381.336336755452, 0.0). Region: 89
iter = 10
Alpha wolf:  Wolf 129 (41941). Fitness: 0.9
	(1500.0271795867004, 1275.1102324381347, 0.0). Region: 33
	(901.3411020873639, 2737.4154977839376, 0.0). Region: 62
	(3810.002289741104, 3381.336336755452, 0.0). Region: 89
The alpha wolf has been updated to a position with higher fitness. iter = 11
New alpha wolf:  Wolf 130 (41942). Fitness: 0.91
	(1361.6730288712477, 1125.2730416558402, 0.0). Region: 23
	(1108.2290060441699, 2600.2544312969917, 0.0). Region: 62
	(3014.2905983821784, 3541.780842168285, 0.0). Region: 87
The alpha wolf has been updated to a position with higher fitness. iter = 18
New alpha wolf:  Wolf 145 (41957). Fitness: 0.92
	(1573.9673318657765, 1055.9008581015346, 0.0). Region: 23
	(561.0864300212085, 2479.618294625994, 0.0). Region: 61
	(2927.9865822406628, 3669.397734515908, 0.0). Region: 97
iter = 20
Alpha wolf:  Wolf 145 (41957). Fitness: 0.92
	(1573.9673318657765, 1055.9008581015346, 0.0). Region: 23
	(561.0864300212085, 2479.618294625994, 0.0). Region: 61
	(2927.9865822406628, 3669.397734515908, 0.0). Region: 97
iter = 30
Alpha wolf:  Wolf 145 (41957). Fitness: 0.92
	(1573.9673318657765, 1055.9008581015346, 0.0). Region: 23
	(561.0864300212085, 2479.618294625994, 0.0). Region: 61
	(2927.9865822406628, 3669.397734515908, 0.0). Region: 97
The alpha wolf has been updated to a position with higher fitness. iter = 32
New alpha wolf:  Wolf 119 (41931). Fitness: 0.93
	(1506.7023436648635, 1161.6845480062905, 0.0). Region: 23
	(620.933283591515, 2729.075006319646, 0.0). Region: 61
	(3070.9858950265116, 3283.3369460372614, 0.0). Region: 87
iter = 40
Alpha wolf:  Wolf 119 (41931). Fitness: 0.93
	(1506.7023436648635, 1161.6845480062905, 0.0). Region: 23
	(620.933283591515, 2729.075006319646, 0.0). Region: 61
	(3070.9858950265116, 3283.3369460372614, 0.0). Region: 87
iter = 50
Alpha wolf:  Wolf 119 (41931). Fitness: 0.93
	(1506.7023436648635, 1161.6845480062905, 0.0). Region: 23
	(620.933283591515, 2729.075006319646, 0.0). Region: 61
	(3070.9858950265116, 3283.3369460372614, 0.0). Region: 87
iter = 60
Alpha wolf:  Wolf 119 (41931). Fitness: 0.93
	(1506.7023436648635, 1161.6845480062905, 0.0). Region: 23
	(620.933283591515, 2729.075006319646, 0.0). Region: 61
	(3070.9858950265116, 3283.3369460372614, 0.0). Region: 87
iter = 70
Alpha wolf:  Wolf 119 (41931). Fitness: 0.93
	(1506.7023436648635, 1161.6845480062905, 0.0). Region: 23
	(620.933283591515, 2729.075006319646, 0.0). Region: 61
	(3070.9858950265116, 3283.3369460372614, 0.0). Region: 87
iter = 80
Alpha wolf:  Wolf 119 (41931). Fitness: 0.93
	(1506.7023436648635, 1161.6845480062905, 0.0). Region: 23
	(620.933283591515, 2729.075006319646, 0.0). Region: 61
	(3070.9858950265116, 3283.3369460372614, 0.0). Region: 87
iter = 90
Alpha wolf:  Wolf 119 (41931). Fitness: 0.93
	(1506.7023436648635, 1161.6845480062905, 0.0). Region: 23
	(620.933283591515, 2729.075006319646, 0.0). Region: 61
	(3070.9858950265116, 3283.3369460372614, 0.0). Region: 87
iter = 100
Alpha wolf:  Wolf 119 (41931). Fitness: 0.93
	(1506.7023436648635, 1161.6845480062905, 0.0). Region: 23
	(620.933283591515, 2729.075006319646, 0.0). Region: 61
	(3070.9858950265116, 3283.3369460372614, 0.0). Region: 87
iter = 110
Alpha wolf:  Wolf 119 (41931). Fitness: 0.93
	(1506.7023436648635, 1161.6845480062905, 0.0). Region: 23
	(620.933283591515, 2729.075006319646, 0.0). Region: 61
	(3070.9858950265116, 3283.3369460372614, 0.0). Region: 87
iter = 120
Alpha wolf:  Wolf 119 (41931). Fitness: 0.93
	(1506.7023436648635, 1161.6845480062905, 0.0). Region: 23
	(620.933283591515, 2729.075006319646, 0.0). Region: 61
	(3070.9858950265116, 3283.3369460372614, 0.0). Region: 87
iter = 130
Alpha wolf:  Wolf 119 (41931). Fitness: 0.93
	(1506.7023436648635, 1161.6845480062905, 0.0). Region: 23
	(620.933283591515, 2729.075006319646, 0.0). Region: 61
	(3070.9858950265116, 3283.3369460372614, 0.0). Region: 87
iter = 140
Alpha wolf:  Wolf 119 (41931). Fitness: 0.93
	(1506.7023436648635, 1161.6845480062905, 0.0). Region: 23
	(620.933283591515, 2729.075006319646, 0.0). Region: 61
	(3070.9858950265116, 3283.3369460372614, 0.0). Region: 87
iter = 150
Alpha wolf:  Wolf 119 (41931). Fitness: 0.93
	(1506.7023436648635, 1161.6845480062905, 0.0). Region: 23
	(620.933283591515, 2729.075006319646, 0.0). Region: 61
	(3070.9858950265116, 3283.3369460372614, 0.0). Region: 87
iter = 160
Alpha wolf:  Wolf 119 (41931). Fitness: 0.93
	(1506.7023436648635, 1161.6845480062905, 0.0). Region: 23
	(620.933283591515, 2729.075006319646, 0.0). Region: 61
	(3070.9858950265116, 3283.3369460372614, 0.0). Region: 87
iter = 170
Alpha wolf:  Wolf 119 (41931). Fitness: 0.93
	(1308.5369831779046, 1142.775804292522, 0.0). Region: 23
	(501.6322135341478, 2479.274731296011, 0.0). Region: 61
	(3079.2141440037876, 3309.3582214499443, 0.0). Region: 87
iter = 180
Alpha wolf:  Wolf 119 (41931). Fitness: 0.93
	(1268.1135399531067, 1062.7561335063874, 0.0). Region: 23
	(472.2960044125846, 2531.1208482268075, 0.0). Region: 61
	(3134.361854823183, 3491.084435179068, 0.0). Region: 87
iter = 190
Alpha wolf:  Wolf 119 (41931). Fitness: 0.93
	(1276.5221512264216, 1122.2263807802858, 0.0). Region: 23
	(453.9382632138837, 2732.9142577117677, 0.0). Region: 61
	(2888.6774395746197, 3250.700526222507, 0.0). Region: 87

- Finishing GWO - 

Best solution:  Wolf 119 (41931). Fitness: 0.93
	(1235.1825496090714, 1136.5111999737796, 0.0). Region: 23
	(455.31581572605864, 2708.1500622395706, 0.0). Region: 61
	(2972.2728335992747, 3355.7008516123956, 0.0). Region: 87
Antennas in slice 1:  [23 47 61 87]

Slice  2

Run GWO to deployment +1 antenna on the map
	Pack size:  300
	Wolf dimension 1
	Max iter 200
	antennas_regions:  [23 47 61 87]
	users_regions:  [ 2  3  4  5  7  8 10 12 13 16 18 20 23 26 27 32 34 35 39 43 44 45 47 48
 50 53 54 55 56 57 60 64 66 67 69 76 78 87 90 91 92 94 95 96 99]
	Seed_base:  13479
initial_alpha:  Wolf 31 (13510). Fitness: 0.99
	(2257.941234989891, 563.6114742151102, 0). Region: 15
initial_beta:  Wolf 46 (13525). Fitness: 0.99
	(2819.088682797908, 288.4226658711775, 0). Region: 7
initial_delta:  Wolf 117 (13596). Fitness: 0.99
	(2187.6458060709315, 411.52418953658156, 0). Region: 15 

iter = 10
Alpha wolf:  Wolf 31 (13510). Fitness: 0.99
	(2257.941234989891, 563.6114742151102, 0). Region: 15
iter = 20
Alpha wolf:  Wolf 31 (13510). Fitness: 0.99
	(2257.941234989891, 563.6114742151102, 0). Region: 15
iter = 30
Alpha wolf:  Wolf 31 (13510). Fitness: 0.99
	(2200.6177344110815, 460.9011114042821, 0.0). Region: 15
iter = 40
Alpha wolf:  Wolf 31 (13510). Fitness: 0.99
	(2072.857944813062, 488.597519364224, 0.0). Region: 15
iter = 50
Alpha wolf:  Wolf 31 (13510). Fitness: 0.99
	(2189.843008052736, 538.5040065259037, 0.0). Region: 15
iter = 60
Alpha wolf:  Wolf 31 (13510). Fitness: 0.99
	(2906.07679194476, 339.69981051545915, 0.0). Region: 7
iter = 70
Alpha wolf:  Wolf 31 (13510). Fitness: 0.99
	(2057.513043281495, 471.2647764792256, 0.0). Region: 15
iter = 80
Alpha wolf:  Wolf 31 (13510). Fitness: 0.99
	(2013.092076834403, 592.0286540481867, 0.0). Region: 15
iter = 90
Alpha wolf:  Wolf 31 (13510). Fitness: 0.99
	(2137.5902439187576, 489.2628855268059, 0.0). Region: 15
iter = 100
Alpha wolf:  Wolf 31 (13510). Fitness: 0.99
	(2200.298579284238, 478.2084287746785, 0.0). Region: 15
iter = 110
Alpha wolf:  Wolf 31 (13510). Fitness: 0.99
	(2051.194564626552, 508.0317321281655, 0.0). Region: 15
iter = 120
Alpha wolf:  Wolf 31 (13510). Fitness: 0.99
	(2004.5005633952908, 543.2954866788186, 0.0). Region: 15
iter = 130
Alpha wolf:  Wolf 31 (13510). Fitness: 0.99
	(2098.4112947752255, 406.124267696024, 0.0). Region: 15
iter = 140
Alpha wolf:  Wolf 31 (13510). Fitness: 0.99
	(2036.3484445530653, 423.03024246696333, 0.0). Region: 15
iter = 150
Alpha wolf:  Wolf 31 (13510). Fitness: 0.99
	(2119.7054274964216, 478.25976932905076, 0.0). Region: 15
iter = 160
Alpha wolf:  Wolf 31 (13510). Fitness: 0.99
	(2011.2756888894285, 474.02902904700824, 0.0). Region: 15
iter = 170
Alpha wolf:  Wolf 31 (13510). Fitness: 0.99
	(2152.8852564508984, 463.6158446175832, 0.0). Region: 15
iter = 180
Alpha wolf:  Wolf 31 (13510). Fitness: 0.99
	(2234.061466758935, 440.92554118763303, 0.0). Region: 15
iter = 190
Alpha wolf:  Wolf 31 (13510). Fitness: 0.99
	(2159.996250376069, 478.0762746604801, 0.0). Region: 15

- Finishing GWO - 

Best solution:  Wolf 31 (13510). Fitness: 0.99
	(2139.2436109417113, 468.98002172695317, 0.0). Region: 15
Antennas in slice 2:  [15 23 47 61 87]

Slice  3
The set of antennas serves the scenario in the respective slice.

Slice  4

Run GWO to deployment +1 antenna on the map
	Pack size:  300
	Wolf dimension 1
	Max iter 200
	antennas_regions:  [15 23 47 61 87]
	users_regions:  [ 0  1  3  4  6  7  8  9 10 15 16 17 18 19 21 22 23 24 25 26 27 28 29 30
 31 32 34 35 42 44 45 46 48 50 51 53 54 55 56 57 58 62 63 64 65 66 67 68
 69 70 71 72 73 77 78 79 80 81 82 83 85 87 89 90 91 92 93 94 95 97 98 99]
	Seed_base:  78476
initial_alpha:  Wolf 0 (78476). Fitness: 1.0
	(2401.5406763656283, 939.547548984502, 0). Region: 26
initial_beta:  Wolf 11 (78487). Fitness: 1.0
	(3212.415574427617, 1055.9053560060256, 0). Region: 28
initial_delta:  Wolf 16 (78492). Fitness: 1.0
	(2980.0326684235197, 1231.7663655244596, 0). Region: 37 

iter = 10
Alpha wolf:  Wolf 0 (78476). Fitness: 1.0
	(3971.5917552258616, 1567.3906574513135, 0.0). Region: 39
iter = 20
Alpha wolf:  Wolf 0 (78476). Fitness: 1.0
	(3506.047282272575, 564.7641733330669, 0.0). Region: 18
iter = 30
Alpha wolf:  Wolf 0 (78476). Fitness: 1.0
	(3931.952268167683, 489.8887671710928, 0.0). Region: 19
iter = 40
Alpha wolf:  Wolf 0 (78476). Fitness: 1.0
	(3009.7189196397658, 344.50836525134105, 0.0). Region: 7
iter = 50
Alpha wolf:  Wolf 0 (78476). Fitness: 1.0
	(2432.905465687688, 1129.6694779752956, 0.0). Region: 26
iter = 60
Alpha wolf:  Wolf 0 (78476). Fitness: 1.0
	(3347.845430189158, 227.10918832301797, 0.0). Region: 8
iter = 70
Alpha wolf:  Wolf 0 (78476). Fitness: 1.0
	(2886.7415030905636, 391.9839854579192, 0.0). Region: 7
iter = 80
Alpha wolf:  Wolf 0 (78476). Fitness: 1.0
	(3751.548170076152, 390.28502078264756, 0.0). Region: 9
iter = 90
Alpha wolf:  Wolf 0 (78476). Fitness: 1.0
	(3736.7019420747574, 465.4118621295032, 0.0). Region: 19
iter = 100
Alpha wolf:  Wolf 0 (78476). Fitness: 1.0
	(3019.621548713648, 559.6497335308032, 0.0). Region: 17
iter = 110
Alpha wolf:  Wolf 0 (78476). Fitness: 1.0
	(2799.4878987548714, 359.77926881964197, 0.0). Region: 6
iter = 120
Alpha wolf:  Wolf 0 (78476). Fitness: 1.0
	(3823.5092225916933, 276.59030286796644, 0.0). Region: 9
iter = 130
Alpha wolf:  Wolf 0 (78476). Fitness: 1.0
	(3878.687517795918, 261.4073809144236, 0.0). Region: 9
iter = 140
Alpha wolf:  Wolf 0 (78476). Fitness: 1.0
	(3318.733274373501, 234.34244838870637, 0.0). Region: 8
iter = 150
Alpha wolf:  Wolf 0 (78476). Fitness: 1.0
	(2417.133240236576, 291.55964458279084, 0.0). Region: 6
iter = 160
Alpha wolf:  Wolf 0 (78476). Fitness: 1.0
	(2928.9962382173276, 304.05349772816544, 0.0). Region: 7
iter = 170
Alpha wolf:  Wolf 0 (78476). Fitness: 1.0
	(2726.052528928253, 237.20629607339214, 0.0). Region: 6
iter = 180
Alpha wolf:  Wolf 0 (78476). Fitness: 1.0
	(3207.5288186951807, 221.22568782820565, 0.0). Region: 8
iter = 190
Alpha wolf:  Wolf 0 (78476). Fitness: 1.0
	(2882.9815358104156, 252.5822320847738, 0.0). Region: 7

- Finishing GWO - 

Best solution:  Wolf 0 (78476). Fitness: 1.0
	(2855.2826561014085, 247.77640508324328, 0.0). Region: 7
Antennas in slice 4:  [ 7 15 23 47 61 87]

Slice  5
The set of antennas serves the scenario in the respective slice.

Slice  6
The set of antennas serves the scenario in the respective slice.

Slice  7
The set of antennas serves the scenario in the respective slice.

Slice  8
The set of antennas serves the scenario in the respective slice.

Slice  9
The set of antennas serves the scenario in the respective slice.

Slice  10
The set of antennas serves the scenario in the respective slice.

Slice  11
The set of antennas serves the scenario in the respective slice.

Média de carros: 5.25
t=0
Antennas: [47]
Users: [44 53 54 55 65]
MinSINR:  10.0
$x_{0,47}$
	 $y_{0,47,44}$ = 13.388719818289104 dB
	 $y_{0,47,53}$ = 11.793564026541347 dB
	 $y_{0,47,54}$ = 19.452806082557004 dB
	 $y_{0,47,55}$ = 16.559105833616712 dB
	 $y_{0,47,65}$ = 10.074371193812908 dB
		SNR medio:  2.9695236231173783
		Usuarios totais: 24
Distances:
t=1
Antennas: [23 47 61 87]
Users: [ 4 18 22 24 25 26 43 44 45 53 54 55 58 59 60 61 62 68 69 85 86 89 90 92
 95]
MinSINR:  10.0
$x_{1,23}$
	 $y_{1,23,4}$ = 14.479921968817465 dB
	 $y_{1,23,22}$ = 33.56670970578172 dB
	 $y_{1,23,24}$ = 32.51102739619992 dB
	 $y_{1,23,25}$ = 18.568417555061544 dB
	 $y_{1,23,26}$ = 20.18962925118211 dB
	 $y_{1,23,44}$ = 21.210128955399156 dB
	 $y_{1,23,45}$ = 19.032544863781766 dB
	 $y_{1,23,43}$ = 17.039999460388756 dB
	 $y_{1,23,54}$ = 14.413696449642202 dB
	 $y_{1,23,53}$ = 13.727301623742306 dB
		SNR medio:  5.849696492285627
		Usuarios totais: 35
$x_{1,47}$
	 $y_{1,47,18}$ = 12.363932466888059 dB
	 $y_{1,47,55}$ = 16.559105833616712 dB
	 $y_{1,47,58}$ = 19.908950205502563 dB
	 $y_{1,47,59}$ = 19.17807459585167 dB
	 $y_{1,47,68}$ = 20.58714178448956 dB
	 $y_{1,47,86}$ = 16.375508719898335 dB
		SNR medio:  11.663634845138544
		Usuarios totais: 9
$x_{1,61}$
	 $y_{1,61,60}$ = 29.041208960201473 dB
	 $y_{1,61,61}$ = 87.7915448341034 dB
	 $y_{1,61,62}$ = 30.558041307484785 dB
	 $y_{1,61,90}$ = 17.059479049007862 dB
	 $y_{1,61,92}$ = 10.534337300319692 dB
		SNR medio:  34.99692229022344
		Usuarios totais: 5
$x_{1,87}$
	 $y_{1,87,69}$ = 13.72909622401113 dB
	 $y_{1,87,85}$ = 20.63870876738376 dB
	 $y_{1,87,89}$ = 18.298690372084607 dB
	 $y_{1,87,95}$ = 19.201378897734116 dB
		SNR medio:  17.966968565303404
		Usuarios totais: 4
Distances:
23 : 47 = 1788.8543819998317
23 : 61 = 1788.8543819998317
23 : 87 = 2884.4410203711914
47 : 61 = 2529.8221281347037
47 : 87 = 1600.0
61 : 87 = 2529.8221281347037
t=2
Antennas: [15 23 47 61 87]
Users: [ 2  3  4  5  7  8 10 12 13 16 18 20 23 26 27 32 34 35 39 43 44 45 47 48
 50 53 54 55 56 57 60 64 66 67 69 76 78 87 90 91 92 94 95 96 99]
MinSINR:  10.0
$x_{2,15}$
	 $y_{2,15,2}$ = 13.873963434285514 dB
	 $y_{2,15,7}$ = 14.026463922625112 dB
	 $y_{2,15,16}$ = 29.857850422024796 dB
	 $y_{2,15,3}$ = 21.496492726729826 dB
	 $y_{2,15,4}$ = 19.118501582323674 dB
	 $y_{2,15,5}$ = 26.144046051206615 dB
	 $y_{2,15,12}$ = 18.86954611905078 dB
	 $y_{2,15,13}$ = 13.620757520621794 dB
	 $y_{2,15,27}$ = 15.776725240275539 dB
	 $y_{2,15,34}$ = 13.696408372477919 dB
	 $y_{2,15,55}$ = 10.814944601218116 dB
	 $y_{2,15,26}$ = 28.17073419251392 dB
	 $y_{2,15,35}$ = 14.21701538854387 dB
	 $y_{2,15,44}$ = 10.756430362681556 dB
	 $y_{2,15,57}$ = 13.09207563687454 dB
	 $y_{2,15,43}$ = 12.691301847159053 dB
		SNR medio:  15.34573652336737
		Usuarios totais: 18
$x_{2,23}$
	 $y_{2,23,8}$ = 10.621678051621231 dB
	 $y_{2,23,10}$ = 14.819010073155098 dB
	 $y_{2,23,20}$ = 12.996340500570682 dB
	 $y_{2,23,45}$ = 19.032544863781766 dB
	 $y_{2,23,23}$ = 87.14951038242933 dB
		SNR medio:  16.068787096839788
		Usuarios totais: 9
$x_{2,47}$
	 $y_{2,47,18}$ = 12.363932466888059 dB
	 $y_{2,47,39}$ = 12.918653749192828 dB
	 $y_{2,47,47}$ = 83.23816731671516 dB
		SNR medio:  36.17358451093202
		Usuarios totais: 3
$x_{2,61}$
	 $y_{2,61,50}$ = 40.2673095924807 dB
	 $y_{2,61,60}$ = 29.041208960201473 dB
	 $y_{2,61,64}$ = 16.830591925833502 dB
	 $y_{2,61,90}$ = 17.059479049007862 dB
	 $y_{2,61,91}$ = 19.19740857334513 dB
	 $y_{2,61,92}$ = 10.534337300319692 dB
	 $y_{2,61,32}$ = 13.4242903280483 dB
	 $y_{2,61,54}$ = 11.691027446866741 dB
		SNR medio:  11.288975226864528
		Usuarios totais: 14
$x_{2,87}$
	 $y_{2,87,69}$ = 13.72909622401113 dB
	 $y_{2,87,78}$ = 29.21779702423403 dB
	 $y_{2,87,94}$ = 16.432359854298767 dB
	 $y_{2,87,95}$ = 19.201378897734116 dB
	 $y_{2,87,96}$ = 18.353331238669114 dB
	 $y_{2,87,99}$ = 14.971374789104303 dB
	 $y_{2,87,48}$ = 12.160212679247792 dB
	 $y_{2,87,56}$ = 11.46850713778177 dB
	 $y_{2,87,66}$ = 17.111150596011925 dB
	 $y_{2,87,67}$ = 14.913380208754916 dB
	 $y_{2,87,76}$ = 21.601885307114728 dB
	 $y_{2,87,87}$ = 86.65554372981052 dB
	 $y_{2,87,53}$ = 11.073539290620474 dB
		SNR medio:  7.54972518361562
		Usuarios totais: 38
Distances:
15 : 23 = 894.4271909999159
15 : 47 = 1442.2205101855957
15 : 61 = 2561.2496949731394
15 : 87 = 2912.043955712207
23 : 47 = 1788.8543819998317
23 : 61 = 1788.8543819998317
23 : 87 = 2884.4410203711914
47 : 61 = 2529.8221281347037
47 : 87 = 1600.0
61 : 87 = 2529.8221281347037
t=3
Antennas: [15 23 47 61 87]
Users: [ 0  3  4  5  6 13 14 16 19 20 21 22 23 24 25 27 30 31 32 33 37 39 42 43
 44 45 46 49 50 51 52 53 54 55 57 59 60 62 63 64 68 69 71 72 74 76 77 80
 81 83 84 87 89 94 95 96 99]
MinSINR:  10.0
$x_{3,15}$
	 $y_{3,15,0}$ = 10.711426900860204 dB
	 $y_{3,15,6}$ = 18.701887272606356 dB
	 $y_{3,15,16}$ = 29.857850422024796 dB
	 $y_{3,15,3}$ = 21.496492726729826 dB
	 $y_{3,15,4}$ = 19.118501582323674 dB
	 $y_{3,15,5}$ = 26.144046051206615 dB
	 $y_{3,15,13}$ = 13.620757520621794 dB
	 $y_{3,15,14}$ = 28.713404788186764 dB
	 $y_{3,15,19}$ = 13.156367529162694 dB
	 $y_{3,15,22}$ = 19.61621649643537 dB
	 $y_{3,15,24}$ = 19.38775656856876 dB
	 $y_{3,15,25}$ = 25.450594472069838 dB
	 $y_{3,15,27}$ = 15.776725240275539 dB
	 $y_{3,15,55}$ = 10.814944601218116 dB
	 $y_{3,15,33}$ = 19.332552664267325 dB
	 $y_{3,15,44}$ = 10.756430362681556 dB
	 $y_{3,15,57}$ = 13.09207563687454 dB
		SNR medio:  10.887863132279785
		Usuarios totais: 29
$x_{3,23}$
	 $y_{3,23,20}$ = 12.996340500570682 dB
	 $y_{3,23,21}$ = 14.625647311593767 dB
	 $y_{3,23,23}$ = 87.14951038242933 dB
		SNR medio:  28.692874548648444
		Usuarios totais: 4
$x_{3,47}$
	 $y_{3,47,37}$ = 27.642655208637933 dB
	 $y_{3,47,39}$ = 12.918653749192828 dB
	 $y_{3,47,49}$ = 23.150065590296578 dB
	 $y_{3,47,45}$ = 17.11520940523235 dB
	 $y_{3,47,53}$ = 11.793564026541347 dB
		SNR medio:  2.374875589228232
		Usuarios totais: 39
$x_{3,61}$
	 $y_{3,61,30}$ = 15.967150302676984 dB
	 $y_{3,61,50}$ = 40.2673095924807 dB
	 $y_{3,61,52}$ = 21.5149143415115 dB
	 $y_{3,61,60}$ = 29.041208960201473 dB
	 $y_{3,61,62}$ = 30.558041307484785 dB
	 $y_{3,61,64}$ = 16.830591925833502 dB
	 $y_{3,61,71}$ = 31.10463824269233 dB
	 $y_{3,61,80}$ = 12.181602267210309 dB
	 $y_{3,61,81}$ = 10.083847985848479 dB
	 $y_{3,61,83}$ = 23.63525390698389 dB
	 $y_{3,61,31}$ = 15.34783103936681 dB
	 $y_{3,61,32}$ = 13.4242903280483 dB
	 $y_{3,61,42}$ = 25.26087077085515 dB
	 $y_{3,61,51}$ = 29.89258854073259 dB
	 $y_{3,61,63}$ = 22.27224834400708 dB
	 $y_{3,61,72}$ = 25.024235728038946 dB
	 $y_{3,61,54}$ = 11.691027446866741 dB
	 $y_{3,61,74}$ = 13.765285257372724 dB
	 $y_{3,61,84}$ = 11.629736047737083 dB
	 $y_{3,61,43}$ = 15.298501620542282 dB
		SNR medio:  11.521977054346994
		Usuarios totais: 36
$x_{3,87}$
	 $y_{3,87,69}$ = 13.72909622401113 dB
	 $y_{3,87,77}$ = 26.327354289245704 dB
	 $y_{3,87,89}$ = 18.298690372084607 dB
	 $y_{3,87,94}$ = 16.432359854298767 dB
	 $y_{3,87,95}$ = 19.201378897734116 dB
	 $y_{3,87,96}$ = 18.353331238669114 dB
	 $y_{3,87,99}$ = 14.971374789104303 dB
	 $y_{3,87,59}$ = 10.92163670018985 dB
	 $y_{3,87,68}$ = 19.27915088538235 dB
	 $y_{3,87,76}$ = 21.601885307114728 dB
	 $y_{3,87,87}$ = 86.65554372981052 dB
	 $y_{3,87,46}$ = 15.101230668556056 dB
		SNR medio:  18.72486886374675
		Usuarios totais: 15
Distances:
15 : 23 = 894.4271909999159
15 : 47 = 1442.2205101855957
15 : 61 = 2561.2496949731394
15 : 87 = 2912.043955712207
23 : 47 = 1788.8543819998317
23 : 61 = 1788.8543819998317
23 : 87 = 2884.4410203711914
47 : 61 = 2529.8221281347037
47 : 87 = 1600.0
61 : 87 = 2529.8221281347037
t=4
Antennas: [ 7 15 23 47 61 87]
Users: [ 0  1  3  4  6  7  8  9 10 15 16 17 18 19 21 22 23 24 25 26 27 28 29 30
 31 32 34 35 42 44 45 46 48 50 51 53 54 55 56 57 58 62 63 64 65 66 67 68
 69 70 71 72 73 77 78 79 80 81 82 83 85 87 89 90 91 92 93 94 95 97 98 99]
MinSINR:  10.0
$x_{4,7}$
	 $y_{4,7,9}$ = 19.059845517394592 dB
	 $y_{4,7,6}$ = 29.743967950602524 dB
	 $y_{4,7,7}$ = 85.57821768018104 dB
	 $y_{4,7,16}$ = 24.8534218659031 dB
	 $y_{4,7,17}$ = 26.74448358309172 dB
	 $y_{4,7,18}$ = 21.697570616823995 dB
		SNR medio:  29.668215316285284
		Usuarios totais: 7
$x_{4,15}$
	 $y_{4,15,0}$ = 10.711426900860204 dB
	 $y_{4,15,15}$ = 86.6312080000271 dB
		SNR medio:  32.44754496696243
		Usuarios totais: 3
$x_{4,23}$
	 $y_{4,23,1}$ = 12.166931430479764 dB
	 $y_{4,23,10}$ = 14.819010073155098 dB
	 $y_{4,23,21}$ = 14.625647311593767 dB
	 $y_{4,23,3}$ = 18.70164128397741 dB
	 $y_{4,23,8}$ = 10.621678051621231 dB
	 $y_{4,23,22}$ = 33.56670970578172 dB
	 $y_{4,23,24}$ = 32.51102739619992 dB
	 $y_{4,23,25}$ = 18.568417555061544 dB
	 $y_{4,23,34}$ = 27.63110700111352 dB
	 $y_{4,23,45}$ = 19.032544863781766 dB
	 $y_{4,23,4}$ = 14.479921968817465 dB
	 $y_{4,23,23}$ = 87.14951038242933 dB
	 $y_{4,23,53}$ = 13.727301623742306 dB
		SNR medio:  7.940036216193872
		Usuarios totais: 40
$x_{4,47}$
	 $y_{4,47,29}$ = 13.596007391410168 dB
	 $y_{4,47,82}$ = 13.81140274971493 dB
	 $y_{4,47,55}$ = 16.559105833616712 dB
	 $y_{4,47,58}$ = 19.908950205502563 dB
	 $y_{4,47,19}$ = 18.10841905608848 dB
	 $y_{4,47,27}$ = 19.53970744085457 dB
	 $y_{4,47,28}$ = 13.472165002039048 dB
	 $y_{4,47,35}$ = 18.844298888762538 dB
	 $y_{4,47,54}$ = 19.452806082557004 dB
	 $y_{4,47,26}$ = 16.906994942939164 dB
	 $y_{4,47,44}$ = 13.388719818289104 dB
	 $y_{4,47,46}$ = 34.86144914124246 dB
		SNR medio:  6.619697774333839
		Usuarios totais: 33
$x_{4,61}$
	 $y_{4,61,30}$ = 15.967150302676984 dB
	 $y_{4,61,50}$ = 40.2673095924807 dB
	 $y_{4,61,62}$ = 30.558041307484785 dB
	 $y_{4,61,64}$ = 16.830591925833502 dB
	 $y_{4,61,70}$ = 20.844296202993533 dB
	 $y_{4,61,71}$ = 31.10463824269233 dB
	 $y_{4,61,73}$ = 18.053908935316585 dB
	 $y_{4,61,80}$ = 12.181602267210309 dB
	 $y_{4,61,81}$ = 10.083847985848479 dB
	 $y_{4,61,83}$ = 23.63525390698389 dB
	 $y_{4,61,90}$ = 17.059479049007862 dB
	 $y_{4,61,91}$ = 19.19740857334513 dB
	 $y_{4,61,92}$ = 10.534337300319692 dB
	 $y_{4,61,31}$ = 15.34783103936681 dB
	 $y_{4,61,32}$ = 13.4242903280483 dB
	 $y_{4,61,42}$ = 25.26087077085515 dB
	 $y_{4,61,51}$ = 29.89258854073259 dB
	 $y_{4,61,63}$ = 22.27224834400708 dB
	 $y_{4,61,72}$ = 25.024235728038946 dB
		SNR medio:  11.358283724092647
		Usuarios totais: 35
$x_{4,87}$
	 $y_{4,87,69}$ = 13.72909622401113 dB
	 $y_{4,87,77}$ = 26.327354289245704 dB
	 $y_{4,87,78}$ = 29.21779702423403 dB
	 $y_{4,87,79}$ = 18.386581850384474 dB
	 $y_{4,87,85}$ = 20.63870876738376 dB
	 $y_{4,87,89}$ = 18.298690372084607 dB
	 $y_{4,87,93}$ = 10.721393055641116 dB
	 $y_{4,87,94}$ = 16.432359854298767 dB
	 $y_{4,87,95}$ = 19.201378897734116 dB
	 $y_{4,87,97}$ = 19.713884095463712 dB
	 $y_{4,87,98}$ = 26.88071349438023 dB
	 $y_{4,87,99}$ = 14.971374789104303 dB
	 $y_{4,87,48}$ = 12.160212679247792 dB
	 $y_{4,87,56}$ = 11.46850713778177 dB
	 $y_{4,87,65}$ = 15.541201722598288 dB
	 $y_{4,87,66}$ = 17.111150596011925 dB
	 $y_{4,87,67}$ = 14.913380208754916 dB
	 $y_{4,87,68}$ = 19.27915088538235 dB
	 $y_{4,87,87}$ = 86.65554372981052 dB
	 $y_{4,87,57}$ = 16.64669027384015 dB
		SNR medio:  10.981927434548558
		Usuarios totais: 39
Distances:
7 : 15 = 894.4271909999159
7 : 23 = 1788.8543819998317
7 : 47 = 1600.0
7 : 61 = 3394.1125496954282
7 : 87 = 3200.0
15 : 23 = 894.4271909999159
15 : 47 = 1442.2205101855957
15 : 61 = 2561.2496949731394
15 : 87 = 2912.043955712207
23 : 47 = 1788.8543819998317
23 : 61 = 1788.8543819998317
23 : 87 = 2884.4410203711914
47 : 61 = 2529.8221281347037
47 : 87 = 1600.0
61 : 87 = 2529.8221281347037
t=5
Antennas: [ 7 15 23 47 61 87]
Users: [ 0  1  2  4  5  6  7  9 10 11 12 13 14 15 16 17 18 19 20 21 22 23 24 25
 27 29 30 31 32 33 34 35 36 39 40 42 43 44 45 46 49 50 52 53 54 55 56 57
 58 60 61 62 64 65 67 68 69 71 72 73 74 75 77 78 79 81 82 83 84 86 87 88
 89 90 92 95 96 97 98 99]
MinSINR:  10.0
$x_{5,7}$
	 $y_{5,7,9}$ = 19.059845517394592 dB
	 $y_{5,7,7}$ = 85.57821768018104 dB
		SNR medio:  34.879354399191875
		Usuarios totais: 3
$x_{5,15}$
	 $y_{5,15,0}$ = 10.711426900860204 dB
	 $y_{5,15,2}$ = 13.873963434285514 dB
	 $y_{5,15,6}$ = 18.701887272606356 dB
	 $y_{5,15,16}$ = 29.857850422024796 dB
	 $y_{5,15,17}$ = 18.98627619490955 dB
	 $y_{5,15,55}$ = 10.814944601218116 dB
	 $y_{5,15,58}$ = 10.104976939583707 dB
	 $y_{5,15,23}$ = 23.795805079101953 dB
	 $y_{5,15,33}$ = 19.332552664267325 dB
	 $y_{5,15,35}$ = 14.21701538854387 dB
	 $y_{5,15,15}$ = 86.6312080000271 dB
	 $y_{5,15,19}$ = 13.156367529162694 dB
	 $y_{5,15,27}$ = 15.776725240275539 dB
	 $y_{5,15,36}$ = 15.946744977162425 dB
	 $y_{5,15,43}$ = 12.691301847159053 dB
	 $y_{5,15,44}$ = 10.756430362681556 dB
		SNR medio:  8.561986232996574
		Usuarios totais: 38
$x_{5,23}$
	 $y_{5,23,1}$ = 12.166931430479764 dB
	 $y_{5,23,10}$ = 14.819010073155098 dB
	 $y_{5,23,11}$ = 20.236321038575298 dB
	 $y_{5,23,20}$ = 12.996340500570682 dB
	 $y_{5,23,21}$ = 14.625647311593767 dB
	 $y_{5,23,12}$ = 26.114227933677725 dB
	 $y_{5,23,13}$ = 28.70583023055501 dB
	 $y_{5,23,14}$ = 24.781186467180348 dB
	 $y_{5,23,22}$ = 33.56670970578172 dB
	 $y_{5,23,24}$ = 32.51102739619992 dB
	 $y_{5,23,25}$ = 18.568417555061544 dB
	 $y_{5,23,31}$ = 13.563050850096374 dB
	 $y_{5,23,32}$ = 24.430049615715475 dB
	 $y_{5,23,34}$ = 27.63110700111352 dB
	 $y_{5,23,42}$ = 17.37673442178898 dB
	 $y_{5,23,45}$ = 19.032544863781766 dB
	 $y_{5,23,72}$ = 11.344228508097473 dB
	 $y_{5,23,4}$ = 14.479921968817465 dB
	 $y_{5,23,5}$ = 12.690887531162048 dB
		SNR medio:  9.491004360085098
		Usuarios totais: 40
$x_{5,47}$
	 $y_{5,47,29}$ = 13.596007391410168 dB
	 $y_{5,47,49}$ = 23.150065590296578 dB
	 $y_{5,47,82}$ = 13.81140274971493 dB
	 $y_{5,47,18}$ = 12.363932466888059 dB
	 $y_{5,47,39}$ = 12.918653749192828 dB
	 $y_{5,47,46}$ = 34.86144914124246 dB
	 $y_{5,47,53}$ = 11.793564026541347 dB
		SNR medio:  3.827971097352699
		Usuarios totais: 32
$x_{5,61}$
	 $y_{5,61,30}$ = 15.967150302676984 dB
	 $y_{5,61,40}$ = 18.98337745846402 dB
	 $y_{5,61,50}$ = 40.2673095924807 dB
	 $y_{5,61,52}$ = 21.5149143415115 dB
	 $y_{5,61,60}$ = 29.041208960201473 dB
	 $y_{5,61,61}$ = 87.7915448341034 dB
	 $y_{5,61,62}$ = 30.558041307484785 dB
	 $y_{5,61,64}$ = 16.830591925833502 dB
	 $y_{5,61,71}$ = 31.10463824269233 dB
	 $y_{5,61,73}$ = 18.053908935316585 dB
	 $y_{5,61,81}$ = 10.083847985848479 dB
	 $y_{5,61,83}$ = 23.63525390698389 dB
	 $y_{5,61,90}$ = 17.059479049007862 dB
	 $y_{5,61,92}$ = 10.534337300319692 dB
	 $y_{5,61,54}$ = 11.691027446866741 dB
	 $y_{5,61,74}$ = 13.765285257372724 dB
		SNR medio:  14.174354173113025
		Usuarios totais: 28
$x_{5,87}$
	 $y_{5,87,69}$ = 13.72909622401113 dB
	 $y_{5,87,75}$ = 23.540838210018705 dB
	 $y_{5,87,77}$ = 26.327354289245704 dB
	 $y_{5,87,78}$ = 29.21779702423403 dB
	 $y_{5,87,79}$ = 18.386581850384474 dB
	 $y_{5,87,89}$ = 18.298690372084607 dB
	 $y_{5,87,95}$ = 19.201378897734116 dB
	 $y_{5,87,96}$ = 18.353331238669114 dB
	 $y_{5,87,97}$ = 19.713884095463712 dB
	 $y_{5,87,98}$ = 26.88071349438023 dB
	 $y_{5,87,99}$ = 14.971374789104303 dB
	 $y_{5,87,56}$ = 11.46850713778177 dB
	 $y_{5,87,65}$ = 15.541201722598288 dB
	 $y_{5,87,67}$ = 14.913380208754916 dB
	 $y_{5,87,68}$ = 19.27915088538235 dB
	 $y_{5,87,86}$ = 28.106792027564126 dB
	 $y_{5,87,87}$ = 86.65554372981052 dB
	 $y_{5,87,88}$ = 28.134080986529966 dB
	 $y_{5,87,84}$ = 22.94428116210615 dB
	 $y_{5,87,57}$ = 16.64669027384015 dB
		SNR medio:  11.807766715492459
		Usuarios totais: 40
Distances:
7 : 15 = 894.4271909999159
7 : 23 = 1788.8543819998317
7 : 47 = 1600.0
7 : 61 = 3394.1125496954282
7 : 87 = 3200.0
15 : 23 = 894.4271909999159
15 : 47 = 1442.2205101855957
15 : 61 = 2561.2496949731394
15 : 87 = 2912.043955712207
23 : 47 = 1788.8543819998317
23 : 61 = 1788.8543819998317
23 : 87 = 2884.4410203711914
47 : 61 = 2529.8221281347037
47 : 87 = 1600.0
61 : 87 = 2529.8221281347037
t=6
Antennas: [ 7 15 23 47 61 87]
Users: [ 0  1  3  4  5  6  7  8  9 10 11 12 13 14 15 16 17 18 19 20 21 22 24 25
 26 27 28 30 31 33 35 36 37 38 39 40 41 42 43 44 46 47 49 50 53 55 57 59
 60 61 62 65 66 67 68 69 71 73 76 78 79 80 81 82 83 84 85 86 87 88 89 90
 91 92 93 94 95 96 98]
MinSINR:  10.0
$x_{6,7}$
	 $y_{6,7,9}$ = 19.059845517394592 dB
	 $y_{6,7,6}$ = 29.743967950602524 dB
	 $y_{6,7,7}$ = 85.57821768018104 dB
	 $y_{6,7,8}$ = 31.19890694832914 dB
	 $y_{6,7,16}$ = 24.8534218659031 dB
	 $y_{6,7,17}$ = 26.74448358309172 dB
	 $y_{6,7,18}$ = 21.697570616823995 dB
	 $y_{6,7,37}$ = 13.148266900938523 dB
	 $y_{6,7,39}$ = 13.203935889670618 dB
	 $y_{6,7,19}$ = 10.955248652884308 dB
	 $y_{6,7,27}$ = 22.965653549981866 dB
	 $y_{6,7,28}$ = 23.757313644512408 dB
	 $y_{6,7,46}$ = 10.525059726434051 dB
	 $y_{6,7,26}$ = 11.150674353287798 dB
	 $y_{6,7,36}$ = 14.463092702479017 dB
	 $y_{6,7,44}$ = 10.25546359560056 dB
		SNR medio:  11.19094312660955
		Usuarios totais: 33
$x_{6,15}$
	 $y_{6,15,0}$ = 10.711426900860204 dB
	 $y_{6,15,15}$ = 86.6312080000271 dB
		SNR medio:  19.46852698017746
		Usuarios totais: 5
$x_{6,23}$
	 $y_{6,23,1}$ = 12.166931430479764 dB
	 $y_{6,23,10}$ = 14.819010073155098 dB
	 $y_{6,23,11}$ = 20.236321038575298 dB
	 $y_{6,23,20}$ = 12.996340500570682 dB
	 $y_{6,23,21}$ = 14.625647311593767 dB
	 $y_{6,23,3}$ = 18.70164128397741 dB
	 $y_{6,23,12}$ = 26.114227933677725 dB
	 $y_{6,23,13}$ = 28.70583023055501 dB
	 $y_{6,23,14}$ = 24.781186467180348 dB
	 $y_{6,23,22}$ = 33.56670970578172 dB
	 $y_{6,23,24}$ = 32.51102739619992 dB
	 $y_{6,23,25}$ = 18.568417555061544 dB
	 $y_{6,23,31}$ = 13.563050850096374 dB
	 $y_{6,23,41}$ = 15.985505418404955 dB
	 $y_{6,23,42}$ = 17.37673442178898 dB
	 $y_{6,23,4}$ = 14.479921968817465 dB
	 $y_{6,23,5}$ = 12.690887531162048 dB
	 $y_{6,23,33}$ = 24.121598401753047 dB
	 $y_{6,23,35}$ = 16.275874103334132 dB
	 $y_{6,23,84}$ = 10.578469774080162 dB
		SNR medio:  9.571633334906135
		Usuarios totais: 40
$x_{6,47}$
	 $y_{6,47,49}$ = 23.150065590296578 dB
	 $y_{6,47,82}$ = 13.81140274971493 dB
	 $y_{6,47,38}$ = 26.91035158987006 dB
	 $y_{6,47,47}$ = 83.23816731671516 dB
	 $y_{6,47,55}$ = 16.559105833616712 dB
		SNR medio:  12.589930236939496
		Usuarios totais: 13
$x_{6,61}$
	 $y_{6,61,30}$ = 15.967150302676984 dB
	 $y_{6,61,40}$ = 18.98337745846402 dB
	 $y_{6,61,50}$ = 40.2673095924807 dB
	 $y_{6,61,60}$ = 29.041208960201473 dB
	 $y_{6,61,61}$ = 87.7915448341034 dB
	 $y_{6,61,62}$ = 30.558041307484785 dB
	 $y_{6,61,71}$ = 31.10463824269233 dB
	 $y_{6,61,73}$ = 18.053908935316585 dB
	 $y_{6,61,80}$ = 12.181602267210309 dB
	 $y_{6,61,81}$ = 10.083847985848479 dB
	 $y_{6,61,83}$ = 23.63525390698389 dB
	 $y_{6,61,90}$ = 17.059479049007862 dB
	 $y_{6,61,91}$ = 19.19740857334513 dB
	 $y_{6,61,92}$ = 10.534337300319692 dB
	 $y_{6,61,43}$ = 15.298501620542282 dB
	 $y_{6,61,53}$ = 14.713097724481983 dB
		SNR medio:  17.150900350485212
		Usuarios totais: 23
$x_{6,87}$
	 $y_{6,87,69}$ = 13.72909622401113 dB
	 $y_{6,87,78}$ = 29.21779702423403 dB
	 $y_{6,87,79}$ = 18.386581850384474 dB
	 $y_{6,87,85}$ = 20.63870876738376 dB
	 $y_{6,87,89}$ = 18.298690372084607 dB
	 $y_{6,87,93}$ = 10.721393055641116 dB
	 $y_{6,87,94}$ = 16.432359854298767 dB
	 $y_{6,87,95}$ = 19.201378897734116 dB
	 $y_{6,87,96}$ = 18.353331238669114 dB
	 $y_{6,87,98}$ = 26.88071349438023 dB
	 $y_{6,87,59}$ = 10.92163670018985 dB
	 $y_{6,87,65}$ = 15.541201722598288 dB
	 $y_{6,87,66}$ = 17.111150596011925 dB
	 $y_{6,87,67}$ = 14.913380208754916 dB
	 $y_{6,87,68}$ = 19.27915088538235 dB
	 $y_{6,87,76}$ = 21.601885307114728 dB
	 $y_{6,87,86}$ = 28.106792027564126 dB
	 $y_{6,87,87}$ = 86.65554372981052 dB
	 $y_{6,87,88}$ = 28.134080986529966 dB
	 $y_{6,87,57}$ = 16.64669027384015 dB
		SNR medio:  11.269289080415454
		Usuarios totais: 40
Distances:
7 : 15 = 894.4271909999159
7 : 23 = 1788.8543819998317
7 : 47 = 1600.0
7 : 61 = 3394.1125496954282
7 : 87 = 3200.0
15 : 23 = 894.4271909999159
15 : 47 = 1442.2205101855957
15 : 61 = 2561.2496949731394
15 : 87 = 2912.043955712207
23 : 47 = 1788.8543819998317
23 : 61 = 1788.8543819998317
23 : 87 = 2884.4410203711914
47 : 61 = 2529.8221281347037
47 : 87 = 1600.0
61 : 87 = 2529.8221281347037
t=7
Antennas: [ 7 15 23 47 61 87]
Users: [ 2  3  4  5  6  7  8  9 12 16 18 19 20 21 22 24 25 26 27 28 30 31 34 36
 37 39 40 41 42 43 46 47 48 49 50 55 56 58 59 61 62 63 64 65 68 71 72 73
 74 75 76 77 78 79 81 82 86 87 88 89 90 91 92 94 95 96 97 98 99]
MinSINR:  10.0
$x_{7,7}$
	 $y_{7,7,9}$ = 19.059845517394592 dB
	 $y_{7,7,2}$ = 11.306593270435414 dB
	 $y_{7,7,6}$ = 29.743967950602524 dB
	 $y_{7,7,7}$ = 85.57821768018104 dB
	 $y_{7,7,8}$ = 31.19890694832914 dB
	 $y_{7,7,16}$ = 24.8534218659031 dB
	 $y_{7,7,18}$ = 21.697570616823995 dB
	 $y_{7,7,37}$ = 13.148266900938523 dB
	 $y_{7,7,39}$ = 13.203935889670618 dB
	 $y_{7,7,19}$ = 10.955248652884308 dB
	 $y_{7,7,27}$ = 22.965653549981866 dB
	 $y_{7,7,28}$ = 23.757313644512408 dB
		SNR medio:  18.086408381626914
		Usuarios totais: 17
$x_{7,15}$
		Usuarios totais: 0
$x_{7,23}$
	 $y_{7,23,20}$ = 12.996340500570682 dB
	 $y_{7,23,21}$ = 14.625647311593767 dB
	 $y_{7,23,3}$ = 18.70164128397741 dB
	 $y_{7,23,12}$ = 26.114227933677725 dB
	 $y_{7,23,22}$ = 33.56670970578172 dB
	 $y_{7,23,24}$ = 32.51102739619992 dB
	 $y_{7,23,25}$ = 18.568417555061544 dB
	 $y_{7,23,34}$ = 27.63110700111352 dB
	 $y_{7,23,4}$ = 14.479921968817465 dB
	 $y_{7,23,5}$ = 12.690887531162048 dB
	 $y_{7,23,46}$ = 11.884723248656627 dB
	 $y_{7,23,26}$ = 20.18962925118211 dB
	 $y_{7,23,36}$ = 13.08484366378741 dB
		SNR medio:  10.710213514649249
		Usuarios totais: 24
$x_{7,47}$
	 $y_{7,47,49}$ = 23.150065590296578 dB
	 $y_{7,47,82}$ = 13.81140274971493 dB
	 $y_{7,47,47}$ = 83.23816731671516 dB
	 $y_{7,47,55}$ = 16.559105833616712 dB
	 $y_{7,47,58}$ = 19.908950205502563 dB
		SNR medio:  15.666769169584592
		Usuarios totais: 10
$x_{7,61}$
	 $y_{7,61,30}$ = 15.967150302676984 dB
	 $y_{7,61,40}$ = 18.98337745846402 dB
	 $y_{7,61,50}$ = 40.2673095924807 dB
	 $y_{7,61,61}$ = 87.7915448341034 dB
	 $y_{7,61,62}$ = 30.558041307484785 dB
	 $y_{7,61,64}$ = 16.830591925833502 dB
	 $y_{7,61,71}$ = 31.10463824269233 dB
	 $y_{7,61,73}$ = 18.053908935316585 dB
	 $y_{7,61,81}$ = 10.083847985848479 dB
	 $y_{7,61,90}$ = 17.059479049007862 dB
	 $y_{7,61,91}$ = 19.19740857334513 dB
	 $y_{7,61,92}$ = 10.534337300319692 dB
	 $y_{7,61,31}$ = 15.34783103936681 dB
	 $y_{7,61,41}$ = 13.052015734902596 dB
	 $y_{7,61,42}$ = 25.26087077085515 dB
	 $y_{7,61,63}$ = 22.27224834400708 dB
	 $y_{7,61,72}$ = 25.024235728038946 dB
	 $y_{7,61,74}$ = 13.765285257372724 dB
	 $y_{7,61,43}$ = 15.298501620542282 dB
		SNR medio:  15.394918069057212
		Usuarios totais: 29
$x_{7,87}$
	 $y_{7,87,75}$ = 23.540838210018705 dB
	 $y_{7,87,77}$ = 26.327354289245704 dB
	 $y_{7,87,78}$ = 29.21779702423403 dB
	 $y_{7,87,79}$ = 18.386581850384474 dB
	 $y_{7,87,89}$ = 18.298690372084607 dB
	 $y_{7,87,94}$ = 16.432359854298767 dB
	 $y_{7,87,95}$ = 19.201378897734116 dB
	 $y_{7,87,96}$ = 18.353331238669114 dB
	 $y_{7,87,97}$ = 19.713884095463712 dB
	 $y_{7,87,98}$ = 26.88071349438023 dB
	 $y_{7,87,99}$ = 14.971374789104303 dB
	 $y_{7,87,48}$ = 12.160212679247792 dB
	 $y_{7,87,56}$ = 11.46850713778177 dB
	 $y_{7,87,59}$ = 10.92163670018985 dB
	 $y_{7,87,65}$ = 15.541201722598288 dB
	 $y_{7,87,68}$ = 19.27915088538235 dB
	 $y_{7,87,76}$ = 21.601885307114728 dB
	 $y_{7,87,86}$ = 28.106792027564126 dB
	 $y_{7,87,87}$ = 86.65554372981052 dB
	 $y_{7,87,88}$ = 28.134080986529966 dB
		SNR medio:  11.629832882295931
		Usuarios totais: 40
Distances:
7 : 15 = 894.4271909999159
7 : 23 = 1788.8543819998317
7 : 47 = 1600.0
7 : 61 = 3394.1125496954282
7 : 87 = 3200.0
15 : 23 = 894.4271909999159
15 : 47 = 1442.2205101855957
15 : 61 = 2561.2496949731394
15 : 87 = 2912.043955712207
23 : 47 = 1788.8543819998317
23 : 61 = 1788.8543819998317
23 : 87 = 2884.4410203711914
47 : 61 = 2529.8221281347037
47 : 87 = 1600.0
61 : 87 = 2529.8221281347037
t=8
Antennas: [ 7 15 23 47 61 87]
Users: [ 2  3  4  7  8 10 11 13 16 17 19 20 21 23 25 26 28 30 34 38 39 41 42 44
 45 46 49 50 51 52 57 60 61 63 64 65 66 68 69 70 73 75 77 78 79 80 81 82
 84 86 87 88 89 90 92 94 96 99]
MinSINR:  10.0
$x_{8,7}$
	 $y_{8,7,7}$ = 85.57821768018104 dB
		SNR medio:  42.78910884009052
		Usuarios totais: 2
$x_{8,15}$
	 $y_{8,15,2}$ = 13.873963434285514 dB
	 $y_{8,15,16}$ = 29.857850422024796 dB
	 $y_{8,15,17}$ = 18.98627619490955 dB
	 $y_{8,15,38}$ = 13.840316774562154 dB
	 $y_{8,15,19}$ = 13.156367529162694 dB
	 $y_{8,15,28}$ = 16.782601530525966 dB
		SNR medio:  9.68157962595188
		Usuarios totais: 11
$x_{8,23}$
	 $y_{8,23,10}$ = 14.819010073155098 dB
	 $y_{8,23,11}$ = 20.236321038575298 dB
	 $y_{8,23,20}$ = 12.996340500570682 dB
	 $y_{8,23,21}$ = 14.625647311593767 dB
	 $y_{8,23,3}$ = 18.70164128397741 dB
	 $y_{8,23,8}$ = 10.621678051621231 dB
	 $y_{8,23,13}$ = 28.70583023055501 dB
	 $y_{8,23,25}$ = 18.568417555061544 dB
	 $y_{8,23,34}$ = 27.63110700111352 dB
	 $y_{8,23,45}$ = 19.032544863781766 dB
	 $y_{8,23,4}$ = 14.479921968817465 dB
	 $y_{8,23,23}$ = 87.14951038242933 dB
	 $y_{8,23,26}$ = 20.18962925118211 dB
	 $y_{8,23,44}$ = 21.210128955399156 dB
		SNR medio:  18.27598491487963
		Usuarios totais: 18
$x_{8,47}$
	 $y_{8,47,49}$ = 23.150065590296578 dB
	 $y_{8,47,82}$ = 13.81140274971493 dB
	 $y_{8,47,39}$ = 12.918653749192828 dB
		SNR medio:  12.470030522301084
		Usuarios totais: 4
$x_{8,61}$
	 $y_{8,61,30}$ = 15.967150302676984 dB
	 $y_{8,61,50}$ = 40.2673095924807 dB
	 $y_{8,61,52}$ = 21.5149143415115 dB
	 $y_{8,61,60}$ = 29.041208960201473 dB
	 $y_{8,61,61}$ = 87.7915448341034 dB
	 $y_{8,61,64}$ = 16.830591925833502 dB
	 $y_{8,61,70}$ = 20.844296202993533 dB
	 $y_{8,61,73}$ = 18.053908935316585 dB
	 $y_{8,61,80}$ = 12.181602267210309 dB
	 $y_{8,61,81}$ = 10.083847985848479 dB
	 $y_{8,61,90}$ = 17.059479049007862 dB
	 $y_{8,61,92}$ = 10.534337300319692 dB
	 $y_{8,61,41}$ = 13.052015734902596 dB
	 $y_{8,61,42}$ = 25.26087077085515 dB
	 $y_{8,61,51}$ = 29.89258854073259 dB
	 $y_{8,61,63}$ = 22.27224834400708 dB
	 $y_{8,61,84}$ = 11.629736047737083 dB
		SNR medio:  11.831695621639371
		Usuarios totais: 34
$x_{8,87}$
	 $y_{8,87,69}$ = 13.72909622401113 dB
	 $y_{8,87,75}$ = 23.540838210018705 dB
	 $y_{8,87,77}$ = 26.327354289245704 dB
	 $y_{8,87,78}$ = 29.21779702423403 dB
	 $y_{8,87,79}$ = 18.386581850384474 dB
	 $y_{8,87,89}$ = 18.298690372084607 dB
	 $y_{8,87,94}$ = 16.432359854298767 dB
	 $y_{8,87,96}$ = 18.353331238669114 dB
	 $y_{8,87,99}$ = 14.971374789104303 dB
	 $y_{8,87,65}$ = 15.541201722598288 dB
	 $y_{8,87,66}$ = 17.111150596011925 dB
	 $y_{8,87,68}$ = 19.27915088538235 dB
	 $y_{8,87,86}$ = 28.106792027564126 dB
	 $y_{8,87,87}$ = 86.65554372981052 dB
	 $y_{8,87,88}$ = 28.134080986529966 dB
	 $y_{8,87,57}$ = 16.64669027384015 dB
	 $y_{8,87,46}$ = 15.101230668556056 dB
		SNR medio:  16.909719364264344
		Usuarios totais: 24
Distances:
7 : 15 = 894.4271909999159
7 : 23 = 1788.8543819998317
7 : 47 = 1600.0
7 : 61 = 3394.1125496954282
7 : 87 = 3200.0
15 : 23 = 894.4271909999159
15 : 47 = 1442.2205101855957
15 : 61 = 2561.2496949731394
15 : 87 = 2912.043955712207
23 : 47 = 1788.8543819998317
23 : 61 = 1788.8543819998317
23 : 87 = 2884.4410203711914
47 : 61 = 2529.8221281347037
47 : 87 = 1600.0
61 : 87 = 2529.8221281347037
t=9
Antennas: [ 7 15 23 47 61 87]
Users: [ 1  3  8 11 18 19 20 21 22 23 24 26 29 30 31 32 35 36 37 39 40 44 45 47
 48 50 53 54 55 56 57 58 65 66 68 69 71 74 75 78 86 89 91 92 94 95 97]
MinSINR:  10.0
$x_{9,7}$
		Usuarios totais: 0
$x_{9,15}$
		Usuarios totais: 0
$x_{9,23}$
	 $y_{9,23,1}$ = 12.166931430479764 dB
	 $y_{9,23,11}$ = 20.236321038575298 dB
	 $y_{9,23,20}$ = 12.996340500570682 dB
	 $y_{9,23,21}$ = 14.625647311593767 dB
	 $y_{9,23,3}$ = 18.70164128397741 dB
	 $y_{9,23,8}$ = 10.621678051621231 dB
	 $y_{9,23,22}$ = 33.56670970578172 dB
	 $y_{9,23,24}$ = 32.51102739619992 dB
	 $y_{9,23,31}$ = 13.563050850096374 dB
	 $y_{9,23,32}$ = 24.430049615715475 dB
	 $y_{9,23,45}$ = 19.032544863781766 dB
	 $y_{9,23,23}$ = 87.14951038242933 dB
		SNR medio:  14.266735830039178
		Usuarios totais: 21
$x_{9,47}$
	 $y_{9,47,29}$ = 13.596007391410168 dB
	 $y_{9,47,18}$ = 12.363932466888059 dB
	 $y_{9,47,37}$ = 27.642655208637933 dB
	 $y_{9,47,39}$ = 12.918653749192828 dB
	 $y_{9,47,47}$ = 83.23816731671516 dB
	 $y_{9,47,48}$ = 27.497300339159963 dB
	 $y_{9,47,55}$ = 16.559105833616712 dB
	 $y_{9,47,56}$ = 19.78445983666336 dB
	 $y_{9,47,58}$ = 19.908950205502563 dB
	 $y_{9,47,65}$ = 10.074371193812908 dB
	 $y_{9,47,66}$ = 11.258857298199388 dB
	 $y_{9,47,68}$ = 20.58714178448956 dB
	 $y_{9,47,86}$ = 16.375508719898335 dB
	 $y_{9,47,19}$ = 18.10841905608848 dB
	 $y_{9,47,35}$ = 18.844298888762538 dB
	 $y_{9,47,54}$ = 19.452806082557004 dB
	 $y_{9,47,57}$ = 26.63473100673474 dB
	 $y_{9,47,74}$ = 11.832930485473895 dB
	 $y_{9,47,26}$ = 16.906994942939164 dB
	 $y_{9,47,36}$ = 26.758862642157013 dB
	 $y_{9,47,44}$ = 13.388719818289104 dB
	 $y_{9,47,53}$ = 11.793564026541347 dB
		SNR medio:  14.235201196679066
		Usuarios totais: 32
$x_{9,61}$
	 $y_{9,61,30}$ = 15.967150302676984 dB
	 $y_{9,61,40}$ = 18.98337745846402 dB
	 $y_{9,61,50}$ = 40.2673095924807 dB
	 $y_{9,61,71}$ = 31.10463824269233 dB
	 $y_{9,61,91}$ = 19.19740857334513 dB
	 $y_{9,61,92}$ = 10.534337300319692 dB
		SNR medio:  15.11713571888654
		Usuarios totais: 9
$x_{9,87}$
	 $y_{9,87,69}$ = 13.72909622401113 dB
	 $y_{9,87,75}$ = 23.540838210018705 dB
	 $y_{9,87,78}$ = 29.21779702423403 dB
	 $y_{9,87,89}$ = 18.298690372084607 dB
	 $y_{9,87,94}$ = 16.432359854298767 dB
	 $y_{9,87,95}$ = 19.201378897734116 dB
	 $y_{9,87,97}$ = 19.713884095463712 dB
		SNR medio:  15.57044940864945
		Usuarios totais: 9
Distances:
7 : 15 = 894.4271909999159
7 : 23 = 1788.8543819998317
7 : 47 = 1600.0
7 : 61 = 3394.1125496954282
7 : 87 = 3200.0
15 : 23 = 894.4271909999159
15 : 47 = 1442.2205101855957
15 : 61 = 2561.2496949731394
15 : 87 = 2912.043955712207
23 : 47 = 1788.8543819998317
23 : 61 = 1788.8543819998317
23 : 87 = 2884.4410203711914
47 : 61 = 2529.8221281347037
47 : 87 = 1600.0
61 : 87 = 2529.8221281347037
t=10
Antennas: [ 7 15 23 47 61 87]
Users: [ 0  3  4  5  6  8 11 13 16 21 25 31 33 35 44 45 48 50 53 54 55 60 69 76
 77 82 84 88 89 95 96 98]
MinSINR:  10.0
$x_{10,7}$
		Usuarios totais: 0
$x_{10,15}$
	 $y_{10,15,0}$ = 10.711426900860204 dB
	 $y_{10,15,6}$ = 18.701887272606356 dB
	 $y_{10,15,16}$ = 29.857850422024796 dB
	 $y_{10,15,55}$ = 10.814944601218116 dB
		SNR medio:  11.681018199451579
		Usuarios totais: 6
$x_{10,23}$
	 $y_{10,23,11}$ = 20.236321038575298 dB
	 $y_{10,23,21}$ = 14.625647311593767 dB
	 $y_{10,23,3}$ = 18.70164128397741 dB
	 $y_{10,23,8}$ = 10.621678051621231 dB
	 $y_{10,23,13}$ = 28.70583023055501 dB
	 $y_{10,23,25}$ = 18.568417555061544 dB
	 $y_{10,23,31}$ = 13.563050850096374 dB
	 $y_{10,23,45}$ = 19.032544863781766 dB
	 $y_{10,23,4}$ = 14.479921968817465 dB
	 $y_{10,23,5}$ = 12.690887531162048 dB
	 $y_{10,23,33}$ = 24.121598401753047 dB
	 $y_{10,23,35}$ = 16.275874103334132 dB
	 $y_{10,23,54}$ = 14.413696449642202 dB
	 $y_{10,23,84}$ = 10.578469774080162 dB
	 $y_{10,23,44}$ = 21.210128955399156 dB
	 $y_{10,23,53}$ = 13.727301623742306 dB
		SNR medio:  15.973706470187816
		Usuarios totais: 17
$x_{10,47}$
	 $y_{10,47,82}$ = 13.81140274971493 dB
		SNR medio:  13.81140274971493
		Usuarios totais: 1
$x_{10,61}$
	 $y_{10,61,50}$ = 40.2673095924807 dB
	 $y_{10,61,60}$ = 29.041208960201473 dB
		SNR medio:  34.65425927634109
		Usuarios totais: 2
$x_{10,87}$
	 $y_{10,87,69}$ = 13.72909622401113 dB
	 $y_{10,87,77}$ = 26.327354289245704 dB
	 $y_{10,87,89}$ = 18.298690372084607 dB
	 $y_{10,87,95}$ = 19.201378897734116 dB
	 $y_{10,87,96}$ = 18.353331238669114 dB
	 $y_{10,87,98}$ = 26.88071349438023 dB
	 $y_{10,87,48}$ = 12.160212679247792 dB
	 $y_{10,87,76}$ = 21.601885307114728 dB
	 $y_{10,87,88}$ = 28.134080986529966 dB
		SNR medio:  16.789703953547033
		Usuarios totais: 11
Distances:
7 : 15 = 894.4271909999159
7 : 23 = 1788.8543819998317
7 : 47 = 1600.0
7 : 61 = 3394.1125496954282
7 : 87 = 3200.0
15 : 23 = 894.4271909999159
15 : 47 = 1442.2205101855957
15 : 61 = 2561.2496949731394
15 : 87 = 2912.043955712207
23 : 47 = 1788.8543819998317
23 : 61 = 1788.8543819998317
23 : 87 = 2884.4410203711914
47 : 61 = 2529.8221281347037
47 : 87 = 1600.0
61 : 87 = 2529.8221281347037
t=11
Antennas: [ 7 15 23 47 61 87]
Users: [ 1  4  5  8 16 19 20 21 22 32 47 56 60 73 75 76 85]
MinSINR:  10.0
$x_{11,7}$
		Usuarios totais: 0
$x_{11,15}$
	 $y_{11,15,16}$ = 29.857850422024796 dB
		SNR medio:  29.857850422024796
		Usuarios totais: 1
$x_{11,23}$
	 $y_{11,23,1}$ = 12.166931430479764 dB
	 $y_{11,23,20}$ = 12.996340500570682 dB
	 $y_{11,23,21}$ = 14.625647311593767 dB
	 $y_{11,23,8}$ = 10.621678051621231 dB
	 $y_{11,23,22}$ = 33.56670970578172 dB
	 $y_{11,23,32}$ = 24.430049615715475 dB
	 $y_{11,23,4}$ = 14.479921968817465 dB
	 $y_{11,23,5}$ = 12.690887531162048 dB
		SNR medio:  15.064240679526904
		Usuarios totais: 9
$x_{11,47}$
	 $y_{11,47,47}$ = 83.23816731671516 dB
	 $y_{11,47,19}$ = 18.10841905608848 dB
		SNR medio:  50.67329318640182
		Usuarios totais: 2
$x_{11,61}$
	 $y_{11,61,60}$ = 29.041208960201473 dB
	 $y_{11,61,73}$ = 18.053908935316585 dB
		SNR medio:  15.698372631839353
		Usuarios totais: 3
$x_{11,87}$
	 $y_{11,87,75}$ = 23.540838210018705 dB
	 $y_{11,87,85}$ = 20.63870876738376 dB
	 $y_{11,87,56}$ = 11.46850713778177 dB
	 $y_{11,87,76}$ = 21.601885307114728 dB
		SNR medio:  19.31248485557474
		Usuarios totais: 4
Distances:
7 : 15 = 894.4271909999159
7 : 23 = 1788.8543819998317
7 : 47 = 1600.0
7 : 61 = 3394.1125496954282
7 : 87 = 3200.0
15 : 23 = 894.4271909999159
15 : 47 = 1442.2205101855957
15 : 61 = 2561.2496949731394
15 : 87 = 2912.043955712207
23 : 47 = 1788.8543819998317
23 : 61 = 1788.8543819998317
23 : 87 = 2884.4410203711914
47 : 61 = 2529.8221281347037
47 : 87 = 1600.0
61 : 87 = 2529.8221281347037
--- Done after 0.2760368107424842 hours. ---
