-------------Calculating Solution (this may take a while)
+++++++++++++++++++Min Sinr: 10 dB (varying)
+++++++++++++++++++With backhaul constraint. Start: 2022-05-10 10:26:38

Parameters:
- chosen seed 7
- Map with 100 sectors
- Map 4000 x 4000 m
- Sector has a side of 400 m
- Max time:  10
- users_t_m:  [[0, 0, 0, 0, 0, 0, 0, 0, 0, 0, 0, 0, 0, 1, 0, 0, 0, 0, 0, 0, 0, 0, 5, 4, 47, 0, 0, 0, 0, 0, 0, 0, 1, 2, 0, 0, 0, 0, 0, 0, 0, 0, 0, 0, 0, 0, 0, 0, 0, 0, 0, 0, 0, 0, 0, 0, 0, 0, 0, 0, 0, 0, 0, 0, 0, 0, 0, 0, 0, 0, 0, 0, 0, 0, 0, 0, 0, 0, 0, 0, 0, 0, 0, 0, 0, 0, 0, 0, 0, 0, 0, 0, 0, 0, 0, 0, 0, 0, 0, 0], [2, 0, 0, 0, 0, 0, 0, 0, 1, 2, 2, 0, 0, 0, 1, 1, 1, 0, 1, 0, 1, 3, 2, 2, 0, 1, 1, 1, 2, 0, 0, 0, 1, 1, 0, 1, 0, 2, 1, 3, 0, 0, 0, 0, 0, 0, 0, 1, 2, 0, 0, 0, 0, 0, 0, 0, 0, 2, 0, 1, 0, 0, 1, 0, 0, 1, 0, 0, 2, 0, 0, 1, 1, 2, 1, 1, 1, 2, 0, 0, 2, 1, 0, 0, 1, 1, 0, 0, 0, 1, 0, 0, 0, 1, 0, 0, 0, 0, 0, 1], [0, 0, 1, 0, 1, 0, 2, 0, 0, 0, 0, 0, 0, 0, 2, 0, 1, 1, 0, 1, 1, 1, 1, 0, 0, 1, 2, 0, 1, 1, 0, 2, 0, 1, 0, 2, 3, 1, 0, 3, 1, 0, 2, 2, 0, 0, 0, 1, 0, 0, 1, 0, 1, 1, 0, 0, 0, 2, 0, 0, 0, 0, 0, 1, 2, 0, 0, 1, 0, 1, 1, 1, 1, 1, 0, 1, 0, 0, 0, 0, 0, 1, 1, 0, 0, 0, 1, 2, 2, 0, 2, 0, 0, 0, 1, 0, 0, 0, 0, 0], [1, 2, 2, 0, 1, 0, 0, 1, 0, 0, 0, 0, 2, 2, 1, 1, 1, 1, 0, 0, 0, 2, 0, 0, 2, 1, 0, 1, 0, 0, 1, 0, 3, 0, 2, 0, 1, 0, 1, 0, 0, 1, 0, 1, 1, 1, 1, 1, 0, 0, 0, 1, 0, 0, 0, 2, 1, 0, 0, 0, 1, 1, 0, 0, 1, 0, 1, 0, 0, 0, 2, 0, 1, 1, 0, 2, 3, 0, 0, 0, 0, 0, 2, 0, 2, 0, 0, 0, 0, 0, 0, 0, 1, 0, 0, 1, 1, 0, 1, 0], [0, 0, 1, 0, 0, 0, 0, 3, 1, 0, 0, 0, 1, 0, 0, 0, 2, 0, 0, 0, 3, 1, 0, 0, 0, 0, 0, 0, 1, 4, 0, 1, 0, 3, 0, 3, 0, 3, 0, 1, 0, 0, 0, 1, 0, 1, 0, 0, 1, 0, 2, 0, 2, 0, 0, 0, 1, 1, 2, 2, 0, 0, 1, 0, 1, 1, 1, 0, 0, 1, 0, 0, 1, 0, 0, 0, 1, 0, 3, 0, 0, 1, 1, 0, 0, 0, 0, 0, 2, 1, 0, 0, 0, 0, 0, 0, 1, 1, 0, 2], [1, 0, 0, 0, 1, 1, 1, 1, 2, 0, 0, 0, 1, 0, 0, 0, 1, 1, 0, 1, 1, 0, 1, 0, 0, 2, 2, 0, 2, 1, 1, 2, 1, 1, 1, 1, 0, 1, 0, 2, 0, 2, 0, 0, 3, 0, 1, 0, 0, 0, 0, 0, 1, 0, 2, 1, 1, 2, 0, 1, 0, 0, 1, 1, 1, 1, 0, 0, 1, 0, 0, 0, 1, 1, 0, 3, 0, 0, 0, 1, 0, 1, 1, 0, 0, 0, 0, 0, 0, 0, 1, 1, 0, 1, 0, 0, 0, 0, 0, 0], [2, 1, 2, 1, 0, 0, 0, 1, 0, 0, 1, 0, 1, 3, 3, 1, 0, 4, 0, 0, 1, 1, 1, 0, 0, 1, 0, 0, 2, 0, 0, 1, 2, 1, 0, 0, 1, 0, 0, 0, 0, 1, 1, 0, 1, 1, 0, 0, 0, 0, 1, 0, 0, 0, 0, 0, 1, 1, 0, 0, 1, 0, 2, 0, 1, 1, 0, 3, 1, 0, 0, 1, 2, 0, 0, 2, 0, 1, 0, 0, 1, 0, 0, 0, 0, 0, 0, 1, 0, 1, 0, 0, 0, 1, 0, 1, 1, 1, 0, 0], [1, 0, 0, 0, 0, 0, 0, 0, 0, 0, 1, 0, 4, 1, 1, 0, 1, 1, 1, 0, 0, 1, 0, 0, 0, 0, 1, 0, 2, 1, 0, 0, 1, 1, 0, 2, 3, 0, 1, 1, 0, 0, 2, 1, 0, 1, 1, 4, 0, 1, 1, 0, 0, 1, 0, 0, 1, 0, 0, 1, 1, 2, 0, 0, 0, 1, 0, 1, 1, 1, 0, 1, 0, 0, 0, 4, 0, 0, 1, 0, 0, 0, 1, 0, 0, 2, 1, 1, 2, 0, 0, 0, 0, 0, 0, 0, 0, 1, 0, 0], [0, 1, 0, 1, 0, 1, 0, 0, 0, 0, 1, 0, 0, 0, 1, 1, 0, 0, 2, 1, 3, 1, 1, 0, 1, 1, 1, 0, 2, 1, 0, 1, 1, 0, 0, 1, 0, 1, 1, 1, 2, 1, 0, 1, 1, 0, 0, 1, 1, 1, 0, 3, 0, 0, 1, 0, 1, 0, 0, 0, 0, 1, 0, 1, 1, 0, 2, 1, 2, 0, 0, 1, 0, 0, 1, 0, 1, 0, 1, 0, 0, 2, 0, 1, 0, 2, 1, 0, 0, 0, 0, 1, 1, 0, 0, 1, 0, 0, 0, 0], [0, 2, 0, 2, 0, 1, 2, 0, 0, 0, 0, 1, 1, 0, 0, 2, 0, 0, 1, 1, 0, 0, 0, 4, 1, 0, 0, 1, 0, 0, 0, 0, 0, 0, 2, 0, 1, 1, 1, 1, 0, 0, 1, 1, 0, 3, 1, 0, 0, 1, 1, 0, 0, 1, 0, 0, 1, 0, 1, 0, 0, 0, 0, 0, 1, 0, 1, 1, 0, 0, 1, 2, 2, 0, 0, 2, 1, 0, 0, 1, 0, 0, 1, 0, 2, 3, 0, 0, 0, 2, 1, 0, 0, 0, 0, 0, 1, 0, 2, 0], [0, 0, 0, 0, 0, 0, 1, 1, 0, 0, 0, 0, 1, 1, 0, 0, 0, 1, 1, 0, 1, 1, 2, 0, 1, 1, 2, 0, 0, 1, 0, 0, 1, 2, 1, 3, 1, 0, 1, 0, 2, 0, 0, 0, 1, 1, 2, 0, 1, 0, 0, 0, 1, 0, 1, 1, 1, 0, 1, 0, 0, 0, 0, 1, 0, 0, 1, 1, 0, 1, 0, 1, 1, 2, 2, 0, 3, 0, 0, 1, 1, 0, 1, 0, 2, 0, 2, 0, 1, 0, 0, 0, 0, 1, 1, 0, 1, 0, 0, 0]]
MAX_USER_PER_ANTENNAS_m:  [60, 60, 60, 60, 60, 60, 60, 60, 60, 60, 60, 60, 60, 60, 60, 60, 60, 60, 60, 60, 60, 60, 60, 60, 60, 60, 60, 60, 60, 60, 60, 60, 60, 60, 60, 60, 60, 60, 60, 60, 60, 60, 60, 60, 60, 60, 60, 60, 60, 60, 60, 60, 60, 60, 60, 60, 60, 60, 60, 60, 60, 60, 60, 60, 60, 60, 60, 60, 60, 60, 60, 60, 60, 60, 60, 60, 60, 60, 60, 60, 60, 60, 60, 60, 60, 60, 60, 60, 60, 60, 60, 60, 60, 60, 60, 60, 60, 60, 60, 60]
antennas_map_m:  [1, 1, 1, 1, 1, 1, 1, 1, 1, 1, 1, 1, 1, 1, 1, 1, 1, 1, 1, 1, 1, 1, 1, 1, 1, 1, 1, 1, 1, 1, 1, 1, 1, 1, 1, 1, 1, 1, 1, 1, 1, 1, 1, 1, 1, 1, 1, 1, 1, 1, 1, 1, 1, 1, 1, 1, 1, 1, 1, 1, 1, 1, 1, 1, 1, 1, 1, 1, 1, 1, 1, 1, 1, 1, 1, 1, 1, 1, 1, 1, 1, 1, 1, 1, 1, 1, 1, 1, 1, 1, 1, 1, 1, 1, 1, 1, 1, 1, 1, 1]
FIRST_ANTENNA:  22
MIN_SNR_m:  [10.0, 10.0, 10.0, 10.0, 10.0, 10.0, 10.0, 10.0, 10.0, 10.0, 10.0, 10.0, 10.0, 10.0, 10.0, 10.0, 10.0, 10.0, 10.0, 10.0, 10.0, 10.0, 10.0, 10.0, 10.0, 10.0, 10.0, 10.0, 10.0, 10.0, 10.0, 10.0, 10.0, 10.0, 10.0, 10.0, 10.0, 10.0, 10.0, 10.0, 10.0, 10.0, 10.0, 10.0, 10.0, 10.0, 10.0, 10.0, 10.0, 10.0, 10.0, 10.0, 10.0, 10.0, 10.0, 10.0, 10.0, 10.0, 10.0, 10.0, 10.0, 10.0, 10.0, 10.0, 10.0, 10.0, 10.0, 10.0, 10.0, 10.0, 10.0, 10.0, 10.0, 10.0, 10.0, 10.0, 10.0, 10.0, 10.0, 10.0, 10.0, 10.0, 10.0, 10.0, 10.0, 10.0, 10.0, 10.0, 10.0, 10.0, 10.0, 10.0, 10.0, 10.0, 10.0, 10.0, 10.0, 10.0, 10.0, 10.0]
-MIN_DIST:  2000
- disaster percentage:  0

Média de carros: 4.1
t=0
$x_{0,22}$
	 $y_{0,22,13}$ = 24.342461718209208 dB
	 $y_{0,22,22}$ = 91.22696134298263 dB
	 $y_{0,22,23}$ = 28.749955251169098 dB
	 $y_{0,22,24}$ = 18.561381582555768 dB
	 $y_{0,22,32}$ = 34.21067213597813 dB
	 $y_{0,22,33}$ = 27.655465208510506 dB
		SNR medio: 83.44546296039825
		Usuarios totais: 60
Distances:
t=1
$x_{1,22}$
	 $y_{1,22,0}$ = 15.375364923628865 dB
	 $y_{1,22,10}$ = 15.559718945142066 dB
	 $y_{1,22,14}$ = 15.117393744942873 dB
	 $y_{1,22,15}$ = 13.123746400523146 dB
	 $y_{1,22,21}$ = 35.820272638720056 dB
	 $y_{1,22,22}$ = 91.22696134298263 dB
	 $y_{1,22,23}$ = 28.749955251169098 dB
	 $y_{1,22,32}$ = 34.21067213597813 dB
	 $y_{1,22,33}$ = 27.655465208510506 dB
	 $y_{1,22,35}$ = 11.216674845634657 dB
	 $y_{1,22,62}$ = 13.757853786479913 dB
		SNR medio: 80.81306051889291
		Usuarios totais: 17
$x_{1,38}$
	 $y_{1,38,8}$ = 16.23079556480357 dB
	 $y_{1,38,9}$ = 16.628793872733752 dB
	 $y_{1,38,16}$ = 16.202848038401356 dB
	 $y_{1,38,18}$ = 13.130532546926247 dB
	 $y_{1,38,25}$ = 13.728524112519523 dB
	 $y_{1,38,26}$ = 21.714293406764668 dB
	 $y_{1,38,27}$ = 26.982502399702682 dB
	 $y_{1,38,37}$ = 30.553794176637496 dB
	 $y_{1,38,38}$ = 96.84725315421053 dB
	 $y_{1,38,39}$ = 27.50577567959354 dB
	 $y_{1,38,47}$ = 25.917254738772584 dB
	 $y_{1,38,48}$ = 30.732455455315915 dB
	 $y_{1,38,57}$ = 12.49040224560909 dB
		SNR medio: 85.7078233223897
		Usuarios totais: 19
$x_{1,70}$
	 $y_{1,70,20}$ = 15.018660490548669 dB
	 $y_{1,70,71}$ = 31.32092558545257 dB
	 $y_{1,70,81}$ = 22.026049204563208 dB
	 $y_{1,70,93}$ = 10.727063214081312 dB
		SNR medio: 25.90647492801654
		Usuarios totais: 4
$x_{1,72}$
	 $y_{1,72,72}$ = 85.80765133543946 dB
	 $y_{1,72,73}$ = 29.205201199712292 dB
	 $y_{1,72,74}$ = 18.01078131764325 dB
	 $y_{1,72,75}$ = 11.914231852076512 dB
	 $y_{1,72,80}$ = 20.709231312280792 dB
	 $y_{1,72,84}$ = 13.755107635754428 dB
		SNR medio: 78.02615083932858
		Usuarios totais: 8
$x_{1,77}$
	 $y_{1,77,28}$ = 11.03787851611682 dB
	 $y_{1,77,59}$ = 15.301757757293387 dB
	 $y_{1,77,65}$ = 16.708550665530908 dB
	 $y_{1,77,68}$ = 14.454156958140572 dB
	 $y_{1,77,76}$ = 28.438188564828792 dB
	 $y_{1,77,77}$ = 97.48776801500013 dB
	 $y_{1,77,85}$ = 21.839423559953403 dB
	 $y_{1,77,89}$ = 18.651758687216542 dB
	 $y_{1,77,99}$ = 15.984257524447031 dB
		SNR medio: 87.94534376091829
		Usuarios totais: 12
Distances:
22 : 38 = 2433.105012119288
22 : 70 = 2154.0659228538016
22 : 72 = 2000.0
22 : 77 = 2828.42712474619
38 : 70 = 3577.7087639996635
38 : 72 = 2884.4410203711914
38 : 77 = 1649.2422502470642
70 : 72 = 800.0
70 : 77 = 2800.0
72 : 77 = 2000.0
t=2
$x_{2,22}$
	 $y_{2,22,2}$ = 24.316132080450075 dB
	 $y_{2,22,4}$ = 14.392064438912485 dB
	 $y_{2,22,14}$ = 15.117393744942873 dB
	 $y_{2,22,21}$ = 35.820272638720056 dB
	 $y_{2,22,22}$ = 91.22696134298263 dB
	 $y_{2,22,31}$ = 26.796677810450504 dB
	 $y_{2,22,33}$ = 27.655465208510506 dB
	 $y_{2,22,35}$ = 11.216674845634657 dB
	 $y_{2,22,42}$ = 12.874317458569578 dB
	 $y_{2,22,43}$ = 16.7690934469927 dB
	 $y_{2,22,50}$ = 10.392396372114504 dB
	 $y_{2,22,52}$ = 13.730259164470283 dB
		SNR medio: 80.43516631890427
		Usuarios totais: 17
$x_{2,38}$
	 $pastx_{2,38}$ : 1.0
	 $y_{2,38,6}$ = 12.853576434459512 dB
	 $y_{2,38,16}$ = 16.202848038401356 dB
	 $y_{2,38,17}$ = 22.184454348009226 dB
	 $y_{2,38,19}$ = 19.22476485287541 dB
	 $y_{2,38,25}$ = 13.728524112519523 dB
	 $y_{2,38,26}$ = 21.714293406764668 dB
	 $y_{2,38,29}$ = 23.11129531751827 dB
	 $y_{2,38,36}$ = 17.785386401235925 dB
	 $y_{2,38,37}$ = 30.553794176637496 dB
	 $y_{2,38,39}$ = 27.50577567959354 dB
	 $y_{2,38,47}$ = 25.917254738772584 dB
	 $y_{2,38,57}$ = 12.49040224560909 dB
	 $y_{2,38,86}$ = 13.847040177509172 dB
		SNR medio: 23.452163855733854
		Usuarios totais: 20
$x_{2,70}$
	 $pastx_{2,70}$ : 1.0
	 $y_{2,70,20}$ = 15.018660490548669 dB
	 $y_{2,70,40}$ = 10.255462719526292 dB
	 $y_{2,70,53}$ = 13.671046086946177 dB
	 $y_{2,70,70}$ = 86.15464054512947 dB
	 $y_{2,70,71}$ = 31.32092558545257 dB
	 $y_{2,70,73}$ = 15.08205139556081 dB
	 $y_{2,70,75}$ = 11.956341651802632 dB
	 $y_{2,70,81}$ = 22.026049204563208 dB
	 $y_{2,70,90}$ = 16.517211422442088 dB
		SNR medio: 76.61223306652636
		Usuarios totais: 10
$x_{2,72}$
	 $pastx_{2,72}$ : 1.0
	 $y_{2,72,72}$ = 85.80765133543946 dB
	 $y_{2,72,82}$ = 28.699205019757954 dB
		SNR medio: 82.79735983040592
		Usuarios totais: 2
$x_{2,77}$
	 $pastx_{2,77}$ : 1.0
	 $y_{2,77,28}$ = 11.03787851611682 dB
	 $y_{2,77,63}$ = 11.272900876600886 dB
	 $y_{2,77,64}$ = 12.026082432222267 dB
	 $y_{2,77,67}$ = 35.36522649442198 dB
	 $y_{2,77,69}$ = 22.97618218097425 dB
	 $y_{2,77,87}$ = 25.576733451309494 dB
	 $y_{2,77,88}$ = 33.660927613331566 dB
	 $y_{2,77,94}$ = 20.669295162932855 dB
		SNR medio: 29.085677313544277
		Usuarios totais: 11
Distances:
22 : 38 = 2433.105012119288
22 : 70 = 2154.0659228538016
22 : 72 = 2000.0
22 : 77 = 2828.42712474619
38 : 70 = 3577.7087639996635
38 : 72 = 2884.4410203711914
38 : 77 = 1649.2422502470642
70 : 72 = 800.0
70 : 77 = 2800.0
72 : 77 = 2000.0
t=3
$x_{3,22}$
	 $y_{3,22,0}$ = 15.375364923628865 dB
	 $y_{3,22,1}$ = 19.865674538912316 dB
	 $y_{3,22,2}$ = 24.316132080450075 dB
	 $y_{3,22,4}$ = 14.392064438912485 dB
	 $y_{3,22,12}$ = 26.22928520217536 dB
	 $y_{3,22,13}$ = 24.342461718209208 dB
	 $y_{3,22,14}$ = 15.117393744942873 dB
	 $y_{3,22,15}$ = 13.123746400523146 dB
	 $y_{3,22,21}$ = 35.820272638720056 dB
	 $y_{3,22,24}$ = 18.561381582555768 dB
	 $y_{3,22,30}$ = 21.253912088616133 dB
	 $y_{3,22,32}$ = 34.21067213597813 dB
	 $y_{3,22,34}$ = 21.948298676959894 dB
	 $y_{3,22,41}$ = 18.541996756285997 dB
	 $y_{3,22,44}$ = 15.001270192987562 dB
	 $y_{3,22,45}$ = 10.515664242319502 dB
	 $y_{3,22,61}$ = 13.029344252037959 dB
		SNR medio: 26.794470754901138
		Usuarios totais: 26
$x_{3,27}$
	 $pastx_{3,27}$ : 0.0
	 $y_{3,27,7}$ = 15.74942601709104 dB
	 $y_{3,27,16}$ = 27.657019642418135 dB
	 $y_{3,27,17}$ = 34.81849917354645 dB
	 $y_{3,27,25}$ = 20.506531770171094 dB
	 $y_{3,27,27}$ = 79.55828542042732 dB
	 $y_{3,27,36}$ = 27.02865822210883 dB
	 $y_{3,27,38}$ = 24.179652195614892 dB
	 $y_{3,27,47}$ = 15.013168144103886 dB
	 $y_{3,27,55}$ = 10.635303767715769 dB
		SNR medio: 70.01608030293083
		Usuarios totais: 10
$x_{3,72}$
	 $pastx_{3,72}$ : 2.0
	 $y_{3,72,43}$ = 13.920426735027462 dB
	 $y_{3,72,51}$ = 21.308994316383504 dB
	 $y_{3,72,60}$ = 10.742028164141658 dB
	 $y_{3,72,70}$ = 14.302062306605748 dB
	 $y_{3,72,72}$ = 85.80765133543946 dB
	 $y_{3,72,73}$ = 29.205201199712292 dB
	 $y_{3,72,75}$ = 11.914231852076512 dB
	 $y_{3,72,82}$ = 28.699205019757954 dB
	 $y_{3,72,84}$ = 13.755107635754428 dB
	 $y_{3,72,92}$ = 14.071988107935795 dB
		SNR medio: 75.80767228708734
		Usuarios totais: 14
$x_{3,77}$
	 $pastx_{3,77}$ : 2.0
	 $y_{3,77,46}$ = 11.284355175141144 dB
	 $y_{3,77,56}$ = 10.678808764867256 dB
	 $y_{3,77,64}$ = 12.026082432222267 dB
	 $y_{3,77,66}$ = 24.780412404585448 dB
	 $y_{3,77,76}$ = 28.438188564828792 dB
	 $y_{3,77,95}$ = 18.77050684406821 dB
	 $y_{3,77,96}$ = 12.45890317879308 dB
	 $y_{3,77,98}$ = 14.77720992136804 dB
		SNR medio: 21.623611897049123
		Usuarios totais: 10
Distances:
22 : 27 = 2000.0
22 : 72 = 2000.0
22 : 77 = 2828.42712474619
27 : 72 = 2828.42712474619
27 : 77 = 2000.0
72 : 77 = 2000.0
t=4
$x_{4,22}$
	 $y_{4,22,2}$ = 24.316132080450075 dB
	 $y_{4,22,12}$ = 26.22928520217536 dB
	 $y_{4,22,21}$ = 35.820272638720056 dB
	 $y_{4,22,31}$ = 26.796677810450504 dB
	 $y_{4,22,33}$ = 27.655465208510506 dB
	 $y_{4,22,35}$ = 11.216674845634657 dB
	 $y_{4,22,43}$ = 16.7690934469927 dB
	 $y_{4,22,45}$ = 10.515664242319502 dB
	 $y_{4,22,50}$ = 10.392396372114504 dB
	 $y_{4,22,52}$ = 13.730259164470283 dB
	 $y_{4,22,62}$ = 13.757853786479913 dB
		SNR medio: 27.14554842350195
		Usuarios totais: 17
$x_{4,27}$
	 $pastx_{4,27}$ : 1.0
	 $y_{4,27,7}$ = 15.74942601709104 dB
	 $y_{4,27,8}$ = 17.911773678508126 dB
	 $y_{4,27,16}$ = 27.657019642418135 dB
	 $y_{4,27,28}$ = 26.28753277988612 dB
	 $y_{4,27,29}$ = 13.015326012773926 dB
	 $y_{4,27,37}$ = 32.31384221898348 dB
	 $y_{4,27,39}$ = 19.29549894462049 dB
	 $y_{4,27,48}$ = 16.72738305477192 dB
	 $y_{4,27,57}$ = 12.023258608774 dB
		SNR medio: 25.19904449435847
		Usuarios totais: 17
$x_{4,60}$
	 $pastx_{4,60}$ : 0.0
	 $y_{4,60,20}$ = 10.384727702041616 dB
	 $y_{4,60,72}$ = 12.054216784718705 dB
	 $y_{4,60,82}$ = 15.517916988623654 dB
		SNR medio: 13.194693143332913
		Usuarios totais: 5
$x_{4,74}$
	 $pastx_{4,74}$ : 0.0
	 $y_{4,74,56}$ = 11.321952306280593 dB
	 $y_{4,74,65}$ = 23.477151243841547 dB
	 $y_{4,74,66}$ = 17.797490585294767 dB
	 $y_{4,74,76}$ = 13.54083631233459 dB
	 $y_{4,74,81}$ = 10.914776785295203 dB
		SNR medio: 18.214085196488583
		Usuarios totais: 5
$x_{4,77}$
	 $pastx_{4,77}$ : 2.0
	 $y_{4,77,58}$ = 23.619209345129107 dB
	 $y_{4,77,59}$ = 15.301757757293387 dB
	 $y_{4,77,64}$ = 12.026082432222267 dB
	 $y_{4,77,69}$ = 22.97618218097425 dB
	 $y_{4,77,78}$ = 33.78655422625181 dB
	 $y_{4,77,88}$ = 33.660927613331566 dB
	 $y_{4,77,89}$ = 18.651758687216542 dB
	 $y_{4,77,96}$ = 12.45890317879308 dB
	 $y_{4,77,97}$ = 22.667602185467132 dB
	 $y_{4,77,99}$ = 15.984257524447031 dB
		SNR medio: 27.41029354478934
		Usuarios totais: 16
Distances:
22 : 27 = 2000.0
22 : 60 = 1788.8543819998317
22 : 74 = 2154.0659228538016
22 : 77 = 2828.42712474619
27 : 60 = 3224.9030993194197
27 : 74 = 2332.38075793812
27 : 77 = 2000.0
60 : 74 = 1649.2422502470642
60 : 77 = 2828.42712474619
74 : 77 = 1200.0
t=5
$x_{5,22}$
	 $y_{5,22,0}$ = 15.375364923628865 dB
	 $y_{5,22,4}$ = 14.392064438912485 dB
	 $y_{5,22,12}$ = 26.22928520217536 dB
	 $y_{5,22,22}$ = 91.22696134298263 dB
	 $y_{5,22,30}$ = 21.253912088616133 dB
	 $y_{5,22,31}$ = 26.796677810450504 dB
	 $y_{5,22,32}$ = 34.21067213597813 dB
	 $y_{5,22,33}$ = 27.655465208510506 dB
	 $y_{5,22,34}$ = 21.948298676959894 dB
	 $y_{5,22,35}$ = 11.216674845634657 dB
	 $y_{5,22,41}$ = 18.541996756285997 dB
	 $y_{5,22,44}$ = 15.001270192987562 dB
	 $y_{5,22,52}$ = 13.730259164470283 dB
	 $y_{5,22,62}$ = 13.757853786479913 dB
		SNR medio: 79.76569615591644
		Usuarios totais: 18
$x_{5,27}$
	 $pastx_{5,27}$ : 2.0
	 $y_{5,27,5}$ = 10.138150535259399 dB
	 $y_{5,27,6}$ = 23.135281159182824 dB
	 $y_{5,27,7}$ = 15.74942601709104 dB
	 $y_{5,27,8}$ = 17.911773678508126 dB
	 $y_{5,27,16}$ = 27.657019642418135 dB
	 $y_{5,27,17}$ = 34.81849917354645 dB
	 $y_{5,27,19}$ = 18.46597437971195 dB
	 $y_{5,27,25}$ = 20.506531770171094 dB
	 $y_{5,27,26}$ = 24.980664594692584 dB
	 $y_{5,27,28}$ = 26.28753277988612 dB
	 $y_{5,27,29}$ = 13.015326012773926 dB
	 $y_{5,27,37}$ = 32.31384221898348 dB
	 $y_{5,27,39}$ = 19.29549894462049 dB
	 $y_{5,27,46}$ = 21.77746851344834 dB
	 $y_{5,27,57}$ = 12.023258608774 dB
		SNR medio: 26.58295692225877
		Usuarios totais: 21
$x_{5,60}$
	 $pastx_{5,60}$ : 1.0
	 $y_{5,60,20}$ = 10.384727702041616 dB
	 $y_{5,60,63}$ = 13.893251935952492 dB
	 $y_{5,60,72}$ = 12.054216784718705 dB
		SNR medio: 12.345450958362425
		Usuarios totais: 3
$x_{5,74}$
	 $pastx_{5,74}$ : 1.0
	 $y_{5,74,55}$ = 11.669036183877239 dB
	 $y_{5,74,56}$ = 11.321952306280593 dB
	 $y_{5,74,64}$ = 31.594198710828806 dB
	 $y_{5,74,73}$ = 23.639047798752713 dB
	 $y_{5,74,81}$ = 10.914776785295203 dB
	 $y_{5,74,82}$ = 18.551970612768372 dB
	 $y_{5,74,90}$ = 13.450887465212318 dB
	 $y_{5,74,91}$ = 13.45032060951155 dB
	 $y_{5,74,93}$ = 19.10049732866429 dB
		SNR medio: 23.273502830871667
		Usuarios totais: 9
$x_{5,77}$
	 $pastx_{5,77}$ : 2.0
	 $y_{5,77,54}$ = 11.158112305074894 dB
	 $y_{5,77,59}$ = 15.301757757293387 dB
	 $y_{5,77,65}$ = 16.708550665530908 dB
	 $y_{5,77,68}$ = 14.454156958140572 dB
	 $y_{5,77,75}$ = 12.874433871350305 dB
	 $y_{5,77,79}$ = 12.535889030177941 dB
		SNR medio: 14.233062570683455
		Usuarios totais: 9
Distances:
22 : 27 = 2000.0
22 : 60 = 1788.8543819998317
22 : 74 = 2154.0659228538016
22 : 77 = 2828.42712474619
27 : 60 = 3224.9030993194197
27 : 74 = 2332.38075793812
27 : 77 = 2000.0
60 : 74 = 1649.2422502470642
60 : 77 = 2828.42712474619
74 : 77 = 1200.0
t=6
$x_{6,22}$
	 $y_{6,22,0}$ = 15.375364923628865 dB
	 $y_{6,22,1}$ = 19.865674538912316 dB
	 $y_{6,22,2}$ = 24.316132080450075 dB
	 $y_{6,22,3}$ = 17.241310992884152 dB
	 $y_{6,22,10}$ = 15.559718945142066 dB
	 $y_{6,22,12}$ = 26.22928520217536 dB
	 $y_{6,22,13}$ = 24.342461718209208 dB
	 $y_{6,22,14}$ = 15.117393744942873 dB
	 $y_{6,22,15}$ = 13.123746400523146 dB
	 $y_{6,22,21}$ = 35.820272638720056 dB
	 $y_{6,22,22}$ = 91.22696134298263 dB
	 $y_{6,22,31}$ = 26.796677810450504 dB
	 $y_{6,22,32}$ = 34.21067213597813 dB
	 $y_{6,22,33}$ = 27.655465208510506 dB
	 $y_{6,22,41}$ = 18.541996756285997 dB
	 $y_{6,22,42}$ = 12.874317458569578 dB
	 $y_{6,22,44}$ = 15.001270192987562 dB
	 $y_{6,22,45}$ = 10.515664242319502 dB
	 $y_{6,22,50}$ = 10.392396372114504 dB
	 $y_{6,22,62}$ = 13.757853786479913 dB
		SNR medio: 78.21669059434113
		Usuarios totais: 28
$x_{6,27}$
	 $pastx_{6,27}$ : 2.0
	 $y_{6,27,7}$ = 15.74942601709104 dB
	 $y_{6,27,17}$ = 34.81849917354645 dB
	 $y_{6,27,25}$ = 20.506531770171094 dB
	 $y_{6,27,28}$ = 26.28753277988612 dB
	 $y_{6,27,36}$ = 27.02865822210883 dB
	 $y_{6,27,57}$ = 12.023258608774 dB
		SNR medio: 28.376503542611957
		Usuarios totais: 10
$x_{6,60}$
	 $pastx_{6,60}$ : 2.0
	 $y_{6,60,20}$ = 10.384727702041616 dB
	 $y_{6,60,60}$ = 89.17953835503982 dB
	 $y_{6,60,71}$ = 27.112188482805962 dB
	 $y_{6,60,72}$ = 12.054216784718705 dB
	 $y_{6,60,80}$ = 16.775176880876316 dB
	 $y_{6,60,93}$ = 14.186012950414764 dB
		SNR medio: 81.39802907795644
		Usuarios totais: 7
$x_{6,77}$
	 $pastx_{6,77}$ : 2.0
	 $y_{6,77,56}$ = 10.678808764867256 dB
	 $y_{6,77,64}$ = 12.026082432222267 dB
	 $y_{6,77,65}$ = 16.708550665530908 dB
	 $y_{6,77,67}$ = 35.36522649442198 dB
	 $y_{6,77,68}$ = 14.454156958140572 dB
	 $y_{6,77,75}$ = 12.874433871350305 dB
	 $y_{6,77,77}$ = 97.48776801500013 dB
	 $y_{6,77,87}$ = 25.576733451309494 dB
	 $y_{6,77,89}$ = 18.651758687216542 dB
	 $y_{6,77,95}$ = 18.77050684406821 dB
	 $y_{6,77,96}$ = 12.45890317879308 dB
	 $y_{6,77,97}$ = 22.667602185467132 dB
		SNR medio: 86.69595886441658
		Usuarios totais: 15
Distances:
22 : 27 = 2000.0
22 : 60 = 1788.8543819998317
22 : 77 = 2828.42712474619
27 : 60 = 3224.9030993194197
27 : 77 = 2000.0
60 : 77 = 2828.42712474619
t=7
$x_{7,22}$
	 $y_{7,22,0}$ = 15.375364923628865 dB
	 $y_{7,22,10}$ = 15.559718945142066 dB
	 $y_{7,22,12}$ = 26.22928520217536 dB
	 $y_{7,22,13}$ = 24.342461718209208 dB
	 $y_{7,22,14}$ = 15.117393744942873 dB
	 $y_{7,22,21}$ = 35.820272638720056 dB
	 $y_{7,22,32}$ = 34.21067213597813 dB
	 $y_{7,22,33}$ = 27.655465208510506 dB
	 $y_{7,22,35}$ = 11.216674845634657 dB
	 $y_{7,22,42}$ = 12.874317458569578 dB
	 $y_{7,22,43}$ = 16.7690934469927 dB
	 $y_{7,22,45}$ = 10.515664242319502 dB
	 $y_{7,22,50}$ = 10.392396372114504 dB
	 $y_{7,22,61}$ = 13.029344252037959 dB
		SNR medio: 27.54573286249954
		Usuarios totais: 20
$x_{7,37}$
	 $pastx_{7,37}$ : 0.0
	 $y_{7,37,16}$ = 13.93725334237655 dB
	 $y_{7,37,17}$ = 30.786602319931873 dB
	 $y_{7,37,18}$ = 27.522552789355686 dB
	 $y_{7,37,26}$ = 28.50644800533172 dB
	 $y_{7,37,29}$ = 15.279886403431775 dB
	 $y_{7,37,36}$ = 23.632789932333196 dB
	 $y_{7,37,38}$ = 29.285520413328413 dB
	 $y_{7,37,39}$ = 19.688884626679254 dB
	 $y_{7,37,46}$ = 24.693957033479066 dB
	 $y_{7,37,47}$ = 31.72940285679711 dB
	 $y_{7,37,49}$ = 11.233061673672495 dB
	 $y_{7,37,56}$ = 13.588039976284136 dB
	 $y_{7,37,59}$ = 10.892867828026084 dB
	 $y_{7,37,67}$ = 18.082937403924703 dB
		SNR medio: 26.020692916000062
		Usuarios totais: 19
$x_{7,52}$
	 $pastx_{7,52}$ : 0.0
	 $y_{7,52,53}$ = 36.31796959310254 dB
	 $y_{7,52,60}$ = 18.08057705107376 dB
	 $y_{7,52,71}$ = 14.094497747335879 dB
	 $y_{7,52,75}$ = 13.589554852570643 dB
	 $y_{7,52,82}$ = 11.923249504823673 dB
		SNR medio: 29.456513050791266
		Usuarios totais: 8
$x_{7,77}$
	 $pastx_{7,77}$ : 2.0
	 $y_{7,77,28}$ = 11.03787851611682 dB
	 $y_{7,77,65}$ = 16.708550665530908 dB
	 $y_{7,77,68}$ = 14.454156958140572 dB
	 $y_{7,77,69}$ = 22.97618218097425 dB
	 $y_{7,77,78}$ = 33.78655422625181 dB
	 $y_{7,77,85}$ = 21.839423559953403 dB
	 $y_{7,77,86}$ = 23.165733503354502 dB
	 $y_{7,77,87}$ = 25.576733451309494 dB
	 $y_{7,77,88}$ = 33.660927613331566 dB
	 $y_{7,77,97}$ = 22.667602185467132 dB
		SNR medio: 27.71332085768714
		Usuarios totais: 13
Distances:
22 : 37 = 2039.607805437114
22 : 52 = 1200.0
22 : 77 = 2828.42712474619
37 : 52 = 2154.0659228538016
37 : 77 = 1600.0
52 : 77 = 2154.0659228538016
t=8
$x_{8,22}$
	 $y_{8,22,1}$ = 19.865674538912316 dB
	 $y_{8,22,3}$ = 17.241310992884152 dB
	 $y_{8,22,10}$ = 15.559718945142066 dB
	 $y_{8,22,14}$ = 15.117393744942873 dB
	 $y_{8,22,15}$ = 13.123746400523146 dB
	 $y_{8,22,21}$ = 35.820272638720056 dB
	 $y_{8,22,22}$ = 91.22696134298263 dB
	 $y_{8,22,24}$ = 18.561381582555768 dB
	 $y_{8,22,31}$ = 26.796677810450504 dB
	 $y_{8,22,32}$ = 34.21067213597813 dB
	 $y_{8,22,35}$ = 11.216674845634657 dB
	 $y_{8,22,41}$ = 18.541996756285997 dB
	 $y_{8,22,43}$ = 16.7690934469927 dB
	 $y_{8,22,44}$ = 15.001270192987562 dB
	 $y_{8,22,61}$ = 13.029344252037959 dB
		SNR medio: 79.46607307666513
		Usuarios totais: 15
$x_{8,37}$
	 $pastx_{8,37}$ : 1.0
	 $y_{8,37,5}$ = 15.12756572558719 dB
	 $y_{8,37,18}$ = 27.522552789355686 dB
	 $y_{8,37,19}$ = 12.920480055119782 dB
	 $y_{8,37,25}$ = 14.231300388924353 dB
	 $y_{8,37,26}$ = 28.50644800533172 dB
	 $y_{8,37,28}$ = 21.482138696775223 dB
	 $y_{8,37,29}$ = 15.279886403431775 dB
	 $y_{8,37,37}$ = 90.05942689556673 dB
	 $y_{8,37,38}$ = 29.285520413328413 dB
	 $y_{8,37,39}$ = 19.688884626679254 dB
	 $y_{8,37,47}$ = 31.72940285679711 dB
	 $y_{8,37,48}$ = 27.47229948771998 dB
	 $y_{8,37,49}$ = 11.233061673672495 dB
	 $y_{8,37,56}$ = 13.588039976284136 dB
	 $y_{8,37,66}$ = 12.791727625754987 dB
	 $y_{8,37,67}$ = 18.082937403924703 dB
	 $y_{8,37,76}$ = 10.37881066542559 dB
	 $y_{8,37,78}$ = 10.163258947632514 dB
		SNR medio: 77.50672179636871
		Usuarios totais: 21
$x_{8,52}$
	 $pastx_{8,52}$ : 1.0
	 $y_{8,52,20}$ = 14.540460861660478 dB
	 $y_{8,52,40}$ = 12.370722802334228 dB
		SNR medio: 13.589705956404599
		Usuarios totais: 5
$x_{8,74}$
	 $pastx_{8,74}$ : 0.0
	 $y_{8,74,51}$ = 10.837907849409504 dB
	 $y_{8,74,54}$ = 26.648578436178994 dB
	 $y_{8,74,63}$ = 25.455427657347244 dB
	 $y_{8,74,64}$ = 31.594198710828806 dB
	 $y_{8,74,68}$ = 11.226080366457424 dB
	 $y_{8,74,71}$ = 10.94329402440934 dB
	 $y_{8,74,74}$ = 84.54255395668741 dB
	 $y_{8,74,81}$ = 10.914776785295203 dB
	 $y_{8,74,83}$ = 22.936030329785396 dB
	 $y_{8,74,85}$ = 19.606703564976073 dB
	 $y_{8,74,86}$ = 18.827095867934204 dB
	 $y_{8,74,91}$ = 13.45032060951155 dB
	 $y_{8,74,92}$ = 21.052217784009656 dB
	 $y_{8,74,95}$ = 11.959060154241428 dB
		SNR medio: 73.08131688399561
		Usuarios totais: 19
Distances:
22 : 37 = 2039.607805437114
22 : 52 = 1200.0
22 : 74 = 2154.0659228538016
37 : 52 = 2154.0659228538016
37 : 74 = 2000.0
52 : 74 = 1131.370849898476
t=9
$x_{9,22}$
	 $y_{9,22,1}$ = 19.865674538912316 dB
	 $y_{9,22,3}$ = 17.241310992884152 dB
	 $y_{9,22,11}$ = 29.685673869048642 dB
	 $y_{9,22,12}$ = 26.22928520217536 dB
	 $y_{9,22,15}$ = 13.123746400523146 dB
	 $y_{9,22,23}$ = 28.749955251169098 dB
	 $y_{9,22,24}$ = 18.561381582555768 dB
	 $y_{9,22,34}$ = 21.948298676959894 dB
	 $y_{9,22,42}$ = 12.874317458569578 dB
	 $y_{9,22,45}$ = 10.515664242319502 dB
	 $y_{9,22,50}$ = 10.392396372114504 dB
		SNR medio: 23.63480198423311
		Usuarios totais: 20
$x_{9,37}$
	 $pastx_{9,37}$ : 2.0
	 $y_{9,37,5}$ = 15.12756572558719 dB
	 $y_{9,37,6}$ = 13.931903892359173 dB
	 $y_{9,37,18}$ = 27.522552789355686 dB
	 $y_{9,37,19}$ = 12.920480055119782 dB
	 $y_{9,37,27}$ = 26.00086072145028 dB
	 $y_{9,37,36}$ = 23.632789932333196 dB
	 $y_{9,37,37}$ = 90.05942689556673 dB
	 $y_{9,37,38}$ = 29.285520413328413 dB
	 $y_{9,37,39}$ = 19.688884626679254 dB
	 $y_{9,37,46}$ = 24.693957033479066 dB
	 $y_{9,37,49}$ = 11.233061673672495 dB
	 $y_{9,37,53}$ = 10.618687372797439 dB
	 $y_{9,37,56}$ = 13.588039976284136 dB
	 $y_{9,37,58}$ = 12.095244262146025 dB
	 $y_{9,37,66}$ = 12.791727625754987 dB
	 $y_{9,37,67}$ = 18.082937403924703 dB
		SNR medio: 78.01823844047564
		Usuarios totais: 17
$x_{9,74}$
	 $pastx_{9,74}$ : 1.0
	 $y_{9,74,43}$ = 11.230315320986392 dB
	 $y_{9,74,64}$ = 31.594198710828806 dB
	 $y_{9,74,70}$ = 13.534200676165668 dB
	 $y_{9,74,71}$ = 10.94329402440934 dB
	 $y_{9,74,72}$ = 21.017187204613748 dB
	 $y_{9,74,75}$ = 28.274322157830824 dB
	 $y_{9,74,76}$ = 13.54083631233459 dB
	 $y_{9,74,82}$ = 18.551970612768372 dB
	 $y_{9,74,85}$ = 19.606703564976073 dB
	 $y_{9,74,90}$ = 13.450887465212318 dB
		SNR medio: 23.975902510192455
		Usuarios totais: 15
$x_{9,96}$
	 $pastx_{9,96}$ : 0.0
	 $y_{9,96,79}$ = 11.288774815699696 dB
	 $y_{9,96,84}$ = 16.80075202937863 dB
	 $y_{9,96,89}$ = 15.115111280494034 dB
	 $y_{9,96,96}$ = 91.18886430933713 dB
	 $y_{9,96,98}$ = 19.98052982276853 dB
		SNR medio: 84.19916490459934
		Usuarios totais: 8
Distances:
22 : 37 = 2039.607805437114
22 : 74 = 2154.0659228538016
22 : 96 = 3224.9030993194197
37 : 74 = 2000.0
37 : 96 = 2433.105012119288
74 : 96 = 1131.370849898476
--- Done after 0.2051356609662374 hours. ---
