-------------Generating sinr map
-------------Generating ues map
-------------Calculating Solution (this may take a while)
+++++++++++++++++++Min Sinr: 10 dB (fixed)
+++++++++++++++++++With backhaul constraint. Start: 2022-04-06 01:28:59


MÕdia de carros: 11.1
t=0
$x_{0,1}$
		Usuarios totais: 0
$x_{0,22}$
	 $y_{0,22,21}$ = 21.3110376799645 dB
	 $y_{0,22,22}$ = 80.11563653140499 dB
	 $y_{0,22,23}$ = 21.912377139604345 dB
	 $y_{0,22,31}$ = 16.51847870967613 dB
	 $y_{0,22,32}$ = 16.502045033460192 dB
		SNR medio: 73.12595256229939
		Usuarios totais: 59
$x_{0,52}$
	 $y_{0,52,33}$ = 12.292850311030449 dB
		SNR medio: 12.292850311030449
		Usuarios totais: 1
Distances:
1 : 22 = 894.4271909999159
1 : 52 = 2039.607805437114
22 : 52 = 1200.0
t=1
$x_{1,1}$
	 $y_{1,1,0}$ = 17.46771615269607 dB
	 $y_{1,1,1}$ = 74.18043708372582 dB
	 $y_{1,1,3}$ = 11.959023108843297 dB
	 $y_{1,1,10}$ = 16.0694987839115 dB
	 $y_{1,1,12}$ = 15.451261861603626 dB
		SNR medio: 67.19076143095502
		Usuarios totais: 7
$x_{1,4}$
	 $y_{1,4,13}$ = 20.26377846596877 dB
	 $y_{1,4,14}$ = 18.238510219138504 dB
	 $y_{1,4,15}$ = 15.01928915538106 dB
		SNR medio: 18.339611859052283
		Usuarios totais: 5
$x_{1,22}$
	 $y_{1,22,22}$ = 80.11563653140499 dB
	 $y_{1,22,23}$ = 21.912377139604345 dB
	 $y_{1,22,24}$ = 15.110949453639506 dB
		SNR medio: 75.344431924461
		Usuarios totais: 3
$x_{1,26}$
	 $y_{1,26,5}$ = 12.847368694366565 dB
	 $y_{1,26,7}$ = 12.615961252457168 dB
	 $y_{1,26,16}$ = 17.343980498817572 dB
	 $y_{1,26,17}$ = 12.435471408421009 dB
	 $y_{1,26,26}$ = 82.5423894424762 dB
	 $y_{1,26,36}$ = 14.017737985308685 dB
		SNR medio: 74.76088019198883
		Usuarios totais: 7
$x_{1,28}$
	 $y_{1,28,28}$ = 84.57812893103127 dB
		SNR medio: 84.57812893103127
		Usuarios totais: 1
$x_{1,51}$
	 $y_{1,51,30}$ = 10.843956578004295 dB
	 $y_{1,51,41}$ = 18.8277555959408 dB
	 $y_{1,51,50}$ = 22.901216886779395 dB
	 $y_{1,51,51}$ = 80.21411283399765 dB
	 $y_{1,51,53}$ = 10.593006863745913 dB
	 $y_{1,51,60}$ = 14.744917912293147 dB
	 $y_{1,51,70}$ = 19.533616390794734 dB
		SNR medio: 71.7631495746345
		Usuarios totais: 9
$x_{1,52}$
	 $y_{1,52,61}$ = 15.395719822511126 dB
	 $y_{1,52,62}$ = 30.945775575214483 dB
		SNR medio: 28.054818881687112
		Usuarios totais: 3
$x_{1,55}$
	 $y_{1,55,45}$ = 19.594257136748695 dB
	 $y_{1,55,55}$ = 67.29204136175139 dB
	 $y_{1,55,56}$ = 12.821930838715048 dB
	 $y_{1,55,63}$ = 10.13602450890643 dB
	 $y_{1,55,66}$ = 14.791074517349685 dB
	 $y_{1,55,74}$ = 10.025765156003231 dB
	 $y_{1,55,75}$ = 16.15566525816729 dB
		SNR medio: 58.8412246227753
		Usuarios totais: 7
$x_{1,58}$
	 $y_{1,58,39}$ = 14.87055657613287 dB
	 $y_{1,58,57}$ = 18.450446576922957 dB
	 $y_{1,58,58}$ = 86.65926303768896 dB
	 $y_{1,58,59}$ = 17.224823268439323 dB
	 $y_{1,58,68}$ = 18.59708001124453 dB
		SNR medio: 79.66956511123256
		Usuarios totais: 6
$x_{1,85}$
	 $y_{1,85,77}$ = 11.737609348149107 dB
	 $y_{1,85,87}$ = 12.57844417630119 dB
	 $y_{1,85,93}$ = 12.908154092139782 dB
	 $y_{1,85,95}$ = 22.306090913991284 dB
		SNR medio: 17.45512849135688
		Usuarios totais: 4
$x_{1,89}$
	 $y_{1,89,97}$ = 11.059053695415784 dB
		SNR medio: 11.059053695415784
		Usuarios totais: 1
$x_{1,92}$
	 $y_{1,92,80}$ = 10.766925862809273 dB
	 $y_{1,92,81}$ = 18.581499040748525 dB
	 $y_{1,92,83}$ = 14.535891142703434 dB
	 $y_{1,92,92}$ = 83.19948561138378 dB
		SNR medio: 77.17888803656136
		Usuarios totais: 7
Distances:
1 : 4 = 1200.0
1 : 22 = 894.4271909999159
1 : 26 = 2154.0659228538016
1 : 28 = 2912.043955712207
1 : 51 = 2000.0
1 : 52 = 2039.607805437114
1 : 55 = 2561.2496949731394
1 : 58 = 3440.9301068170507
1 : 85 = 3577.7087639996635
1 : 89 = 4525.483399593904
1 : 92 = 3622.154055254967
4 : 22 = 1131.370849898476
4 : 26 = 1131.370849898476
4 : 28 = 1788.8543819998317
4 : 51 = 2332.38075793812
4 : 52 = 2154.0659228538016
4 : 55 = 2039.607805437114
4 : 58 = 2561.2496949731394
4 : 85 = 3224.9030993194197
4 : 89 = 3773.5924528226415
4 : 92 = 3687.817782917155
22 : 26 = 1600.0
22 : 28 = 2400.0
22 : 51 = 1264.9110640673518
22 : 52 = 1200.0
22 : 55 = 1697.0562748477141
22 : 58 = 2683.281572999748
22 : 85 = 2683.281572999748
22 : 89 = 3687.817782917155
22 : 92 = 2800.0
26 : 28 = 800.0
26 : 51 = 2332.38075793812
26 : 52 = 2000.0
26 : 55 = 1264.9110640673518
26 : 58 = 1442.2205101855957
26 : 85 = 2433.105012119288
26 : 89 = 2683.281572999748
26 : 92 = 3224.9030993194197
28 : 51 = 3046.3092423455632
28 : 52 = 2683.281572999748
28 : 55 = 1697.0562748477141
28 : 58 = 1200.0
28 : 85 = 2683.281572999748
28 : 89 = 2433.105012119288
28 : 92 = 3687.817782917155
51 : 52 = 400.0
51 : 55 = 1600.0
51 : 58 = 2800.0
51 : 85 = 2000.0
51 : 89 = 3417.6014981270123
51 : 92 = 1649.2422502470642
52 : 55 = 1200.0
52 : 58 = 2400.0
52 : 85 = 1697.0562748477141
52 : 89 = 3046.3092423455632
52 : 92 = 1600.0
55 : 58 = 1200.0
55 : 85 = 1200.0
55 : 89 = 2000.0
55 : 92 = 2000.0
58 : 85 = 1697.0562748477141
58 : 89 = 1264.9110640673518
58 : 92 = 2884.4410203711914
85 : 89 = 1600.0
85 : 92 = 1264.9110640673518
89 : 92 = 2828.42712474619
t=2
$x_{2,1}$
	 $y_{2,1,1}$ = 74.18043708372582 dB
	 $y_{2,1,11}$ = 17.604707659314258 dB
		SNR medio: 71.1701466816504
		Usuarios totais: 3
$x_{2,4}$
	 $y_{2,4,5}$ = 19.115513534914058 dB
	 $y_{2,4,13}$ = 20.26377846596877 dB
		SNR medio: 19.727485810287366
		Usuarios totais: 2
$x_{2,22}$
	 $y_{2,22,24}$ = 15.110949453639506 dB
		SNR medio: 15.110949453639506
		Usuarios totais: 2
$x_{2,26}$
	 $y_{2,26,7}$ = 12.615961252457168 dB
	 $y_{2,26,16}$ = 17.343980498817572 dB
	 $y_{2,26,17}$ = 12.435471408421009 dB
	 $y_{2,26,25}$ = 22.232230304784736 dB
	 $y_{2,26,26}$ = 82.5423894424762 dB
	 $y_{2,26,35}$ = 16.622923852586283 dB
	 $y_{2,26,36}$ = 14.017737985308685 dB
		SNR medio: 74.09141698470631
		Usuarios totais: 11
$x_{2,28}$
	 $y_{2,28,9}$ = 12.775002796042273 dB
	 $y_{2,28,18}$ = 18.05628224828341 dB
	 $y_{2,28,19}$ = 16.21273962248017 dB
		SNR medio: 16.186525236666686
		Usuarios totais: 3
$x_{2,51}$
	 $y_{2,51,32}$ = 11.162722958150127 dB
	 $y_{2,51,50}$ = 22.901216886779395 dB
	 $y_{2,51,51}$ = 80.21411283399765 dB
	 $y_{2,51,71}$ = 14.286237061626807 dB
		SNR medio: 74.19352263315045
		Usuarios totais: 4
$x_{2,52}$
	 $y_{2,52,43}$ = 16.81502282024161 dB
	 $y_{2,52,61}$ = 15.395719822511126 dB
		SNR medio: 16.163094824972056
		Usuarios totais: 3
$x_{2,55}$
	 $y_{2,55,46}$ = 14.23015334273424 dB
	 $y_{2,55,54}$ = 19.546081744479864 dB
	 $y_{2,55,55}$ = 67.29204136175139 dB
	 $y_{2,55,63}$ = 10.13602450890643 dB
	 $y_{2,55,65}$ = 16.2635728921949 dB
		SNR medio: 60.30247838331989
		Usuarios totais: 7
$x_{2,58}$
	 $y_{2,58,39}$ = 14.87055657613287 dB
	 $y_{2,58,49}$ = 18.532350803383906 dB
	 $y_{2,58,56}$ = 10.565580465647002 dB
	 $y_{2,58,58}$ = 86.65926303768896 dB
	 $y_{2,58,67}$ = 13.401459026242222 dB
		SNR medio: 79.66956426237832
		Usuarios totais: 6
$x_{2,85}$
	 $y_{2,85,74}$ = 14.2842085980093 dB
	 $y_{2,85,76}$ = 13.388648171992571 dB
	 $y_{2,85,77}$ = 11.737609348149107 dB
	 $y_{2,85,84}$ = 15.658373733618177 dB
	 $y_{2,85,86}$ = 16.7580840898775 dB
	 $y_{2,85,87}$ = 12.57844417630119 dB
	 $y_{2,85,93}$ = 12.908154092139782 dB
	 $y_{2,85,94}$ = 12.196931805015055 dB
	 $y_{2,85,95}$ = 22.306090913991284 dB
		SNR medio: 16.16357807468245
		Usuarios totais: 13
$x_{2,89}$
	 $y_{2,89,78}$ = 12.124063260858122 dB
	 $y_{2,89,79}$ = 12.795787826236548 dB
	 $y_{2,89,97}$ = 11.059053695415784 dB
		SNR medio: 12.050775728454093
		Usuarios totais: 3
$x_{2,92}$
	 $y_{2,92,80}$ = 10.766925862809273 dB
	 $y_{2,92,81}$ = 18.581499040748525 dB
	 $y_{2,92,82}$ = 31.00892206124641 dB
		SNR medio: 26.51788738906474
		Usuarios totais: 3
Distances:
1 : 4 = 1200.0
1 : 22 = 894.4271909999159
1 : 26 = 2154.0659228538016
1 : 28 = 2912.043955712207
1 : 51 = 2000.0
1 : 52 = 2039.607805437114
1 : 55 = 2561.2496949731394
1 : 58 = 3440.9301068170507
1 : 85 = 3577.7087639996635
1 : 89 = 4525.483399593904
1 : 92 = 3622.154055254967
4 : 22 = 1131.370849898476
4 : 26 = 1131.370849898476
4 : 28 = 1788.8543819998317
4 : 51 = 2332.38075793812
4 : 52 = 2154.0659228538016
4 : 55 = 2039.607805437114
4 : 58 = 2561.2496949731394
4 : 85 = 3224.9030993194197
4 : 89 = 3773.5924528226415
4 : 92 = 3687.817782917155
22 : 26 = 1600.0
22 : 28 = 2400.0
22 : 51 = 1264.9110640673518
22 : 52 = 1200.0
22 : 55 = 1697.0562748477141
22 : 58 = 2683.281572999748
22 : 85 = 2683.281572999748
22 : 89 = 3687.817782917155
22 : 92 = 2800.0
26 : 28 = 800.0
26 : 51 = 2332.38075793812
26 : 52 = 2000.0
26 : 55 = 1264.9110640673518
26 : 58 = 1442.2205101855957
26 : 85 = 2433.105012119288
26 : 89 = 2683.281572999748
26 : 92 = 3224.9030993194197
28 : 51 = 3046.3092423455632
28 : 52 = 2683.281572999748
28 : 55 = 1697.0562748477141
28 : 58 = 1200.0
28 : 85 = 2683.281572999748
28 : 89 = 2433.105012119288
28 : 92 = 3687.817782917155
51 : 52 = 400.0
51 : 55 = 1600.0
51 : 58 = 2800.0
51 : 85 = 2000.0
51 : 89 = 3417.6014981270123
51 : 92 = 1649.2422502470642
52 : 55 = 1200.0
52 : 58 = 2400.0
52 : 85 = 1697.0562748477141
52 : 89 = 3046.3092423455632
52 : 92 = 1600.0
55 : 58 = 1200.0
55 : 85 = 1200.0
55 : 89 = 2000.0
55 : 92 = 2000.0
58 : 85 = 1697.0562748477141
58 : 89 = 1264.9110640673518
58 : 92 = 2884.4410203711914
85 : 89 = 1600.0
85 : 92 = 1264.9110640673518
89 : 92 = 2828.42712474619
t=3
$x_{3,1}$
	 $y_{3,1,0}$ = 17.46771615269607 dB
	 $y_{3,1,2}$ = 18.508124801916097 dB
		SNR medio: 18.019001680143298
		Usuarios totais: 2
$x_{3,4}$
	 $y_{3,4,14}$ = 18.238510219138504 dB
	 $y_{3,4,24}$ = 11.564892655635134 dB
		SNR medio: 16.074326635546367
		Usuarios totais: 3
$x_{3,22}$
	 $y_{3,22,13}$ = 16.21093913240469 dB
	 $y_{3,22,21}$ = 21.3110376799645 dB
	 $y_{3,22,22}$ = 80.11563653140499 dB
	 $y_{3,22,31}$ = 16.51847870967613 dB
		SNR medio: 74.09504600149495
		Usuarios totais: 5
$x_{3,26}$
	 $y_{3,26,15}$ = 15.658419436048504 dB
	 $y_{3,26,16}$ = 17.343980498817572 dB
	 $y_{3,26,35}$ = 16.622923852586283 dB
	 $y_{3,26,46}$ = 11.055371119140162 dB
		SNR medio: 15.733091833857443
		Usuarios totais: 9
$x_{3,28}$
	 $y_{3,28,18}$ = 18.05628224828341 dB
		SNR medio: 18.05628224828341
		Usuarios totais: 1
$x_{3,51}$
	 $y_{3,51,30}$ = 10.843956578004295 dB
	 $y_{3,51,32}$ = 11.162722958150127 dB
	 $y_{3,51,40}$ = 11.364989824932351 dB
	 $y_{3,51,53}$ = 10.593006863745913 dB
	 $y_{3,51,70}$ = 19.533616390794734 dB
		SNR medio: 14.477425820846017
		Usuarios totais: 7
$x_{3,52}$
	 $y_{3,52,33}$ = 12.292850311030449 dB
	 $y_{3,52,42}$ = 15.581523456950649 dB
	 $y_{3,52,61}$ = 15.395719822511126 dB
	 $y_{3,52,63}$ = 13.315598166142749 dB
		SNR medio: 14.361795238631265
		Usuarios totais: 5
$x_{3,55}$
	 $y_{3,55,45}$ = 19.594257136748695 dB
	 $y_{3,55,54}$ = 19.546081744479864 dB
	 $y_{3,55,55}$ = 67.29204136175139 dB
	 $y_{3,55,65}$ = 16.2635728921949 dB
	 $y_{3,55,66}$ = 14.791074517349685 dB
		SNR medio: 60.30254677092927
		Usuarios totais: 5
$x_{3,58}$
	 $y_{3,58,38}$ = 11.471983400852423 dB
	 $y_{3,58,39}$ = 14.87055657613287 dB
	 $y_{3,58,57}$ = 18.450446576922957 dB
	 $y_{3,58,58}$ = 86.65926303768896 dB
	 $y_{3,58,67}$ = 13.401459026242222 dB
	 $y_{3,58,68}$ = 18.59708001124453 dB
		SNR medio: 78.8777524927158
		Usuarios totais: 9
$x_{3,85}$
	 $y_{3,85,74}$ = 14.2842085980093 dB
	 $y_{3,85,76}$ = 13.388648171992571 dB
	 $y_{3,85,84}$ = 15.658373733618177 dB
	 $y_{3,85,85}$ = 87.36826343644123 dB
	 $y_{3,85,95}$ = 22.306090913991284 dB
	 $y_{3,85,96}$ = 18.074161142746533 dB
		SNR medio: 79.58675347753913
		Usuarios totais: 7
$x_{3,89}$
		Usuarios totais: 0
$x_{3,92}$
	 $y_{3,92,80}$ = 10.766925862809273 dB
	 $y_{3,92,83}$ = 14.535891142703434 dB
	 $y_{3,92,92}$ = 83.19948561138378 dB
	 $y_{3,92,93}$ = 17.336891795865228 dB
		SNR medio: 77.17888766289134
		Usuarios totais: 7
Distances:
1 : 4 = 1200.0
1 : 22 = 894.4271909999159
1 : 26 = 2154.0659228538016
1 : 28 = 2912.043955712207
1 : 51 = 2000.0
1 : 52 = 2039.607805437114
1 : 55 = 2561.2496949731394
1 : 58 = 3440.9301068170507
1 : 85 = 3577.7087639996635
1 : 89 = 4525.483399593904
1 : 92 = 3622.154055254967
4 : 22 = 1131.370849898476
4 : 26 = 1131.370849898476
4 : 28 = 1788.8543819998317
4 : 51 = 2332.38075793812
4 : 52 = 2154.0659228538016
4 : 55 = 2039.607805437114
4 : 58 = 2561.2496949731394
4 : 85 = 3224.9030993194197
4 : 89 = 3773.5924528226415
4 : 92 = 3687.817782917155
22 : 26 = 1600.0
22 : 28 = 2400.0
22 : 51 = 1264.9110640673518
22 : 52 = 1200.0
22 : 55 = 1697.0562748477141
22 : 58 = 2683.281572999748
22 : 85 = 2683.281572999748
22 : 89 = 3687.817782917155
22 : 92 = 2800.0
26 : 28 = 800.0
26 : 51 = 2332.38075793812
26 : 52 = 2000.0
26 : 55 = 1264.9110640673518
26 : 58 = 1442.2205101855957
26 : 85 = 2433.105012119288
26 : 89 = 2683.281572999748
26 : 92 = 3224.9030993194197
28 : 51 = 3046.3092423455632
28 : 52 = 2683.281572999748
28 : 55 = 1697.0562748477141
28 : 58 = 1200.0
28 : 85 = 2683.281572999748
28 : 89 = 2433.105012119288
28 : 92 = 3687.817782917155
51 : 52 = 400.0
51 : 55 = 1600.0
51 : 58 = 2800.0
51 : 85 = 2000.0
51 : 89 = 3417.6014981270123
51 : 92 = 1649.2422502470642
52 : 55 = 1200.0
52 : 58 = 2400.0
52 : 85 = 1697.0562748477141
52 : 89 = 3046.3092423455632
52 : 92 = 1600.0
55 : 58 = 1200.0
55 : 85 = 1200.0
55 : 89 = 2000.0
55 : 92 = 2000.0
58 : 85 = 1697.0562748477141
58 : 89 = 1264.9110640673518
58 : 92 = 2884.4410203711914
85 : 89 = 1600.0
85 : 92 = 1264.9110640673518
89 : 92 = 2828.42712474619
t=4
$x_{4,1}$
	 $y_{4,1,0}$ = 17.46771615269607 dB
	 $y_{4,1,1}$ = 74.18043708372582 dB
	 $y_{4,1,3}$ = 11.959023108843297 dB
	 $y_{4,1,12}$ = 15.451261861603626 dB
		SNR medio: 68.15985485156307
		Usuarios totais: 7
$x_{4,4}$
	 $y_{4,4,4}$ = 82.56083169500195 dB
	 $y_{4,4,5}$ = 19.115513534914058 dB
	 $y_{4,4,6}$ = 13.52604401430608 dB
	 $y_{4,4,24}$ = 11.564892655635134 dB
		SNR medio: 76.54023463390092
		Usuarios totais: 4
$x_{4,22}$
	 $y_{4,22,21}$ = 21.3110376799645 dB
	 $y_{4,22,31}$ = 16.51847870967613 dB
		SNR medio: 19.544798311997173
		Usuarios totais: 2
$x_{4,26}$
	 $y_{4,26,7}$ = 12.615961252457168 dB
	 $y_{4,26,15}$ = 15.658419436048504 dB
	 $y_{4,26,16}$ = 17.343980498817572 dB
	 $y_{4,26,17}$ = 12.435471408421009 dB
	 $y_{4,26,34}$ = 13.48229421547748 dB
		SNR medio: 14.745948763304732
		Usuarios totais: 6
$x_{4,28}$
	 $y_{4,28,8}$ = 11.993852782731466 dB
	 $y_{4,28,19}$ = 16.21273962248017 dB
	 $y_{4,28,38}$ = 13.747204270365017 dB
		SNR medio: 14.331529779580697
		Usuarios totais: 3
$x_{4,51}$
	 $y_{4,51,41}$ = 18.8277555959408 dB
	 $y_{4,51,50}$ = 22.901216886779395 dB
	 $y_{4,51,60}$ = 14.744917912293147 dB
	 $y_{4,51,70}$ = 19.533616390794734 dB
	 $y_{4,51,71}$ = 14.286237061626807 dB
		SNR medio: 19.220503555964886
		Usuarios totais: 5
$x_{4,52}$
	 $y_{4,52,43}$ = 16.81502282024161 dB
	 $y_{4,52,61}$ = 15.395719822511126 dB
	 $y_{4,52,73}$ = 14.790367521655725 dB
		SNR medio: 15.751916943541735
		Usuarios totais: 4
$x_{4,55}$
	 $y_{4,55,45}$ = 19.594257136748695 dB
	 $y_{4,55,46}$ = 14.23015334273424 dB
	 $y_{4,55,47}$ = 14.769295317363984 dB
	 $y_{4,55,65}$ = 16.2635728921949 dB
	 $y_{4,55,75}$ = 16.15566525816729 dB
		SNR medio: 16.648646165436855
		Usuarios totais: 7
$x_{4,58}$
	 $y_{4,58,39}$ = 14.87055657613287 dB
	 $y_{4,58,58}$ = 86.65926303768896 dB
	 $y_{4,58,69}$ = 16.105183113959143 dB
		SNR medio: 81.8880511604503
		Usuarios totais: 4
$x_{4,85}$
	 $y_{4,85,77}$ = 11.737609348149107 dB
	 $y_{4,85,86}$ = 16.7580840898775 dB
	 $y_{4,85,93}$ = 12.908154092139782 dB
	 $y_{4,85,94}$ = 12.196931805015055 dB
	 $y_{4,85,95}$ = 22.306090913991284 dB
	 $y_{4,85,96}$ = 18.074161142746533 dB
		SNR medio: 17.438850781868375
		Usuarios totais: 6
$x_{4,89}$
	 $y_{4,89,88}$ = 12.558722961294379 dB
	 $y_{4,89,89}$ = 81.55452292068793 dB
	 $y_{4,89,97}$ = 11.059053695415784 dB
	 $y_{4,89,98}$ = 10.747757730126665 dB
	 $y_{4,89,99}$ = 20.984107073384124 dB
		SNR medio: 74.56482798113713
		Usuarios totais: 10
$x_{4,92}$
	 $y_{4,92,80}$ = 10.766925862809273 dB
	 $y_{4,92,82}$ = 31.00892206124641 dB
		SNR medio: 28.039504746787138
		Usuarios totais: 2
Distances:
1 : 4 = 1200.0
1 : 22 = 894.4271909999159
1 : 26 = 2154.0659228538016
1 : 28 = 2912.043955712207
1 : 51 = 2000.0
1 : 52 = 2039.607805437114
1 : 55 = 2561.2496949731394
1 : 58 = 3440.9301068170507
1 : 85 = 3577.7087639996635
1 : 89 = 4525.483399593904
1 : 92 = 3622.154055254967
4 : 22 = 1131.370849898476
4 : 26 = 1131.370849898476
4 : 28 = 1788.8543819998317
4 : 51 = 2332.38075793812
4 : 52 = 2154.0659228538016
4 : 55 = 2039.607805437114
4 : 58 = 2561.2496949731394
4 : 85 = 3224.9030993194197
4 : 89 = 3773.5924528226415
4 : 92 = 3687.817782917155
22 : 26 = 1600.0
22 : 28 = 2400.0
22 : 51 = 1264.9110640673518
22 : 52 = 1200.0
22 : 55 = 1697.0562748477141
22 : 58 = 2683.281572999748
22 : 85 = 2683.281572999748
22 : 89 = 3687.817782917155
22 : 92 = 2800.0
26 : 28 = 800.0
26 : 51 = 2332.38075793812
26 : 52 = 2000.0
26 : 55 = 1264.9110640673518
26 : 58 = 1442.2205101855957
26 : 85 = 2433.105012119288
26 : 89 = 2683.281572999748
26 : 92 = 3224.9030993194197
28 : 51 = 3046.3092423455632
28 : 52 = 2683.281572999748
28 : 55 = 1697.0562748477141
28 : 58 = 1200.0
28 : 85 = 2683.281572999748
28 : 89 = 2433.105012119288
28 : 92 = 3687.817782917155
51 : 52 = 400.0
51 : 55 = 1600.0
51 : 58 = 2800.0
51 : 85 = 2000.0
51 : 89 = 3417.6014981270123
51 : 92 = 1649.2422502470642
52 : 55 = 1200.0
52 : 58 = 2400.0
52 : 85 = 1697.0562748477141
52 : 89 = 3046.3092423455632
52 : 92 = 1600.0
55 : 58 = 1200.0
55 : 85 = 1200.0
55 : 89 = 2000.0
55 : 92 = 2000.0
58 : 85 = 1697.0562748477141
58 : 89 = 1264.9110640673518
58 : 92 = 2884.4410203711914
85 : 89 = 1600.0
85 : 92 = 1264.9110640673518
89 : 92 = 2828.42712474619
t=5
$x_{5,1}$
	 $y_{5,1,2}$ = 18.508124801916097 dB
	 $y_{5,1,3}$ = 11.959023108843297 dB
	 $y_{5,1,10}$ = 16.0694987839115 dB
		SNR medio: 16.269565037105394
		Usuarios totais: 3
$x_{5,4}$
	 $y_{5,4,5}$ = 19.115513534914058 dB
	 $y_{5,4,14}$ = 18.238510219138504 dB
		SNR medio: 18.699111844378315
		Usuarios totais: 2
$x_{5,22}$
	 $y_{5,22,21}$ = 21.3110376799645 dB
	 $y_{5,22,22}$ = 80.11563653140499 dB
	 $y_{5,22,31}$ = 16.51847870967613 dB
		SNR medio: 75.34443160026393
		Usuarios totais: 5
$x_{5,26}$
	 $y_{5,26,15}$ = 15.658419436048504 dB
	 $y_{5,26,25}$ = 22.232230304784736 dB
	 $y_{5,26,34}$ = 13.48229421547748 dB
	 $y_{5,26,35}$ = 16.622923852586283 dB
	 $y_{5,26,46}$ = 11.055371119140162 dB
		SNR medio: 17.558627378050257
		Usuarios totais: 7
$x_{5,28}$
	 $y_{5,28,18}$ = 18.05628224828341 dB
	 $y_{5,28,28}$ = 84.57812893103127 dB
		SNR medio: 81.56782994177702
		Usuarios totais: 2
$x_{5,51}$
	 $y_{5,51,30}$ = 10.843956578004295 dB
	 $y_{5,51,40}$ = 11.364989824932351 dB
	 $y_{5,51,53}$ = 10.593006863745913 dB
	 $y_{5,51,60}$ = 14.744917912293147 dB
	 $y_{5,51,70}$ = 19.533616390794734 dB
		SNR medio: 14.967569324056518
		Usuarios totais: 5
$x_{5,52}$
	 $y_{5,52,41}$ = 12.520406969922306 dB
	 $y_{5,52,43}$ = 16.81502282024161 dB
	 $y_{5,52,61}$ = 15.395719822511126 dB
		SNR medio: 15.251957667535956
		Usuarios totais: 3
$x_{5,55}$
	 $y_{5,55,44}$ = 14.366557609186216 dB
	 $y_{5,55,45}$ = 19.594257136748695 dB
	 $y_{5,55,47}$ = 14.769295317363984 dB
	 $y_{5,55,56}$ = 12.821930838715048 dB
	 $y_{5,55,63}$ = 10.13602450890643 dB
		SNR medio: 15.511267798527433
		Usuarios totais: 8
$x_{5,58}$
	 $y_{5,58,39}$ = 14.87055657613287 dB
	 $y_{5,58,48}$ = 20.891810393337224 dB
	 $y_{5,58,49}$ = 18.532350803383906 dB
	 $y_{5,58,57}$ = 18.450446576922957 dB
	 $y_{5,58,58}$ = 86.65926303768896 dB
	 $y_{5,58,59}$ = 17.224823268439323 dB
	 $y_{5,58,67}$ = 13.401459026242222 dB
	 $y_{5,58,69}$ = 16.105183113959143 dB
		SNR medio: 77.62836701293138
		Usuarios totais: 15
$x_{5,85}$
	 $y_{5,85,76}$ = 13.388648171992571 dB
	 $y_{5,85,84}$ = 15.658373733618177 dB
	 $y_{5,85,85}$ = 87.36826343644123 dB
	 $y_{5,85,96}$ = 18.074161142746533 dB
		SNR medio: 81.34766450076683
		Usuarios totais: 4
$x_{5,89}$
	 $y_{5,89,78}$ = 12.124063260858122 dB
	 $y_{5,89,88}$ = 12.558722961294379 dB
	 $y_{5,89,97}$ = 11.059053695415784 dB
		SNR medio: 11.958507310397435
		Usuarios totais: 4
$x_{5,92}$
	 $y_{5,92,72}$ = 10.177837001800171 dB
	 $y_{5,92,80}$ = 10.766925862809273 dB
		SNR medio: 10.482361986648067
		Usuarios totais: 2
Distances:
1 : 4 = 1200.0
1 : 22 = 894.4271909999159
1 : 26 = 2154.0659228538016
1 : 28 = 2912.043955712207
1 : 51 = 2000.0
1 : 52 = 2039.607805437114
1 : 55 = 2561.2496949731394
1 : 58 = 3440.9301068170507
1 : 85 = 3577.7087639996635
1 : 89 = 4525.483399593904
1 : 92 = 3622.154055254967
4 : 22 = 1131.370849898476
4 : 26 = 1131.370849898476
4 : 28 = 1788.8543819998317
4 : 51 = 2332.38075793812
4 : 52 = 2154.0659228538016
4 : 55 = 2039.607805437114
4 : 58 = 2561.2496949731394
4 : 85 = 3224.9030993194197
4 : 89 = 3773.5924528226415
4 : 92 = 3687.817782917155
22 : 26 = 1600.0
22 : 28 = 2400.0
22 : 51 = 1264.9110640673518
22 : 52 = 1200.0
22 : 55 = 1697.0562748477141
22 : 58 = 2683.281572999748
22 : 85 = 2683.281572999748
22 : 89 = 3687.817782917155
22 : 92 = 2800.0
26 : 28 = 800.0
26 : 51 = 2332.38075793812
26 : 52 = 2000.0
26 : 55 = 1264.9110640673518
26 : 58 = 1442.2205101855957
26 : 85 = 2433.105012119288
26 : 89 = 2683.281572999748
26 : 92 = 3224.9030993194197
28 : 51 = 3046.3092423455632
28 : 52 = 2683.281572999748
28 : 55 = 1697.0562748477141
28 : 58 = 1200.0
28 : 85 = 2683.281572999748
28 : 89 = 2433.105012119288
28 : 92 = 3687.817782917155
51 : 52 = 400.0
51 : 55 = 1600.0
51 : 58 = 2800.0
51 : 85 = 2000.0
51 : 89 = 3417.6014981270123
51 : 92 = 1649.2422502470642
52 : 55 = 1200.0
52 : 58 = 2400.0
52 : 85 = 1697.0562748477141
52 : 89 = 3046.3092423455632
52 : 92 = 1600.0
55 : 58 = 1200.0
55 : 85 = 1200.0
55 : 89 = 2000.0
55 : 92 = 2000.0
58 : 85 = 1697.0562748477141
58 : 89 = 1264.9110640673518
58 : 92 = 2884.4410203711914
85 : 89 = 1600.0
85 : 92 = 1264.9110640673518
89 : 92 = 2828.42712474619
t=6
$x_{6,1}$
	 $y_{6,1,2}$ = 18.508124801916097 dB
	 $y_{6,1,10}$ = 16.0694987839115 dB
		SNR medio: 17.457774732764374
		Usuarios totais: 4
$x_{6,4}$
	 $y_{6,4,6}$ = 13.52604401430608 dB
		SNR medio: 13.52604401430608
		Usuarios totais: 2
$x_{6,22}$
	 $y_{6,22,22}$ = 80.11563653140499 dB
	 $y_{6,22,23}$ = 21.912377139604345 dB
	 $y_{6,22,24}$ = 15.110949453639506 dB
		SNR medio: 75.344431924461
		Usuarios totais: 4
$x_{6,26}$
	 $y_{6,26,7}$ = 12.615961252457168 dB
	 $y_{6,26,16}$ = 17.343980498817572 dB
	 $y_{6,26,17}$ = 12.435471408421009 dB
	 $y_{6,26,27}$ = 18.86772864227993 dB
	 $y_{6,26,35}$ = 16.622923852586283 dB
	 $y_{6,26,36}$ = 14.017737985308685 dB
	 $y_{6,26,46}$ = 11.055371119140162 dB
		SNR medio: 15.545887419105405
		Usuarios totais: 11
$x_{6,28}$
	 $y_{6,28,9}$ = 12.775002796042273 dB
	 $y_{6,28,28}$ = 84.57812893103127 dB
	 $y_{6,28,29}$ = 19.2195183857159 dB
	 $y_{6,28,38}$ = 13.747204270365017 dB
		SNR medio: 78.55753092766052
		Usuarios totais: 5
$x_{6,51}$
	 $y_{6,51,40}$ = 11.364989824932351 dB
	 $y_{6,51,51}$ = 80.21411283399765 dB
		SNR medio: 77.20381344343023
		Usuarios totais: 2
$x_{6,52}$
	 $y_{6,52,33}$ = 12.292850311030449 dB
	 $y_{6,52,42}$ = 15.581523456950649 dB
	 $y_{6,52,43}$ = 16.81502282024161 dB
	 $y_{6,52,52}$ = 80.89840605880468 dB
	 $y_{6,52,61}$ = 15.395719822511126 dB
	 $y_{6,52,62}$ = 30.945775575214483 dB
	 $y_{6,52,73}$ = 14.790367521655725 dB
		SNR medio: 72.4474754229862
		Usuarios totais: 7
$x_{6,55}$
	 $y_{6,55,45}$ = 19.594257136748695 dB
	 $y_{6,55,55}$ = 67.29204136175139 dB
	 $y_{6,55,56}$ = 12.821930838715048 dB
	 $y_{6,55,63}$ = 10.13602450890643 dB
	 $y_{6,55,64}$ = 15.443483423680703 dB
	 $y_{6,55,65}$ = 16.2635728921949 dB
	 $y_{6,55,66}$ = 14.791074517349685 dB
	 $y_{6,55,75}$ = 16.15566525816729 dB
		SNR medio: 58.261359646983124
		Usuarios totais: 9
$x_{6,58}$
	 $y_{6,58,39}$ = 14.87055657613287 dB
	 $y_{6,58,47}$ = 19.969336114916914 dB
	 $y_{6,58,48}$ = 20.891810393337224 dB
		SNR medio: 19.256312109732026
		Usuarios totais: 3
$x_{6,85}$
	 $y_{6,85,74}$ = 14.2842085980093 dB
	 $y_{6,85,84}$ = 15.658373733618177 dB
	 $y_{6,85,94}$ = 12.196931805015055 dB
		SNR medio: 14.270581076650073
		Usuarios totais: 5
$x_{6,89}$
	 $y_{6,89,78}$ = 12.124063260858122 dB
	 $y_{6,89,88}$ = 12.558722961294379 dB
	 $y_{6,89,89}$ = 81.55452292068793 dB
		SNR medio: 76.78331141591633
		Usuarios totais: 3
$x_{6,92}$
	 $y_{6,92,80}$ = 10.766925862809273 dB
	 $y_{6,92,81}$ = 18.581499040748525 dB
	 $y_{6,92,83}$ = 14.535891142703434 dB
	 $y_{6,92,90}$ = 16.698158582924947 dB
		SNR medio: 15.999880144464054
		Usuarios totais: 5
Distances:
1 : 4 = 1200.0
1 : 22 = 894.4271909999159
1 : 26 = 2154.0659228538016
1 : 28 = 2912.043955712207
1 : 51 = 2000.0
1 : 52 = 2039.607805437114
1 : 55 = 2561.2496949731394
1 : 58 = 3440.9301068170507
1 : 85 = 3577.7087639996635
1 : 89 = 4525.483399593904
1 : 92 = 3622.154055254967
4 : 22 = 1131.370849898476
4 : 26 = 1131.370849898476
4 : 28 = 1788.8543819998317
4 : 51 = 2332.38075793812
4 : 52 = 2154.0659228538016
4 : 55 = 2039.607805437114
4 : 58 = 2561.2496949731394
4 : 85 = 3224.9030993194197
4 : 89 = 3773.5924528226415
4 : 92 = 3687.817782917155
22 : 26 = 1600.0
22 : 28 = 2400.0
22 : 51 = 1264.9110640673518
22 : 52 = 1200.0
22 : 55 = 1697.0562748477141
22 : 58 = 2683.281572999748
22 : 85 = 2683.281572999748
22 : 89 = 3687.817782917155
22 : 92 = 2800.0
26 : 28 = 800.0
26 : 51 = 2332.38075793812
26 : 52 = 2000.0
26 : 55 = 1264.9110640673518
26 : 58 = 1442.2205101855957
26 : 85 = 2433.105012119288
26 : 89 = 2683.281572999748
26 : 92 = 3224.9030993194197
28 : 51 = 3046.3092423455632
28 : 52 = 2683.281572999748
28 : 55 = 1697.0562748477141
28 : 58 = 1200.0
28 : 85 = 2683.281572999748
28 : 89 = 2433.105012119288
28 : 92 = 3687.817782917155
51 : 52 = 400.0
51 : 55 = 1600.0
51 : 58 = 2800.0
51 : 85 = 2000.0
51 : 89 = 3417.6014981270123
51 : 92 = 1649.2422502470642
52 : 55 = 1200.0
52 : 58 = 2400.0
52 : 85 = 1697.0562748477141
52 : 89 = 3046.3092423455632
52 : 92 = 1600.0
55 : 58 = 1200.0
55 : 85 = 1200.0
55 : 89 = 2000.0
55 : 92 = 2000.0
58 : 85 = 1697.0562748477141
58 : 89 = 1264.9110640673518
58 : 92 = 2884.4410203711914
85 : 89 = 1600.0
85 : 92 = 1264.9110640673518
89 : 92 = 2828.42712474619
t=7
$x_{7,1}$
	 $y_{7,1,3}$ = 11.959023108843297 dB
	 $y_{7,1,11}$ = 17.604707659314258 dB
		SNR medio: 15.641124897561022
		Usuarios totais: 2
$x_{7,4}$
	 $y_{7,4,4}$ = 82.56083169500195 dB
	 $y_{7,4,13}$ = 20.26377846596877 dB
	 $y_{7,4,14}$ = 18.238510219138504 dB
	 $y_{7,4,15}$ = 15.01928915538106 dB
		SNR medio: 76.5402367110006
		Usuarios totais: 5
$x_{7,22}$
	 $y_{7,22,21}$ = 21.3110376799645 dB
		SNR medio: 21.3110376799645
		Usuarios totais: 1
$x_{7,26}$
	 $y_{7,26,16}$ = 17.343980498817572 dB
	 $y_{7,26,17}$ = 12.435471408421009 dB
	 $y_{7,26,25}$ = 22.232230304784736 dB
	 $y_{7,26,26}$ = 82.5423894424762 dB
	 $y_{7,26,36}$ = 14.017737985308685 dB
	 $y_{7,26,37}$ = 18.269690356879977 dB
		SNR medio: 74.7608849517137
		Usuarios totais: 9
$x_{7,28}$
	 $y_{7,28,8}$ = 11.993852782731466 dB
	 $y_{7,28,19}$ = 16.21273962248017 dB
	 $y_{7,28,29}$ = 19.2195183857159 dB
		SNR medio: 16.72673310661766
		Usuarios totais: 4
$x_{7,51}$
	 $y_{7,51,32}$ = 11.162722958150127 dB
	 $y_{7,51,42}$ = 11.817168896034246 dB
	 $y_{7,51,51}$ = 80.21411283399765 dB
	 $y_{7,51,60}$ = 14.744917912293147 dB
		SNR medio: 74.19351532193973
		Usuarios totais: 5
$x_{7,52}$
	 $y_{7,52,33}$ = 12.292850311030449 dB
	 $y_{7,52,41}$ = 12.520406969922306 dB
	 $y_{7,52,52}$ = 80.89840605880468 dB
	 $y_{7,52,62}$ = 30.945775575214483 dB
	 $y_{7,52,73}$ = 14.790367521655725 dB
		SNR medio: 73.90875221469156
		Usuarios totais: 7
$x_{7,55}$
	 $y_{7,55,54}$ = 19.546081744479864 dB
	 $y_{7,55,56}$ = 12.821930838715048 dB
	 $y_{7,55,63}$ = 10.13602450890643 dB
	 $y_{7,55,64}$ = 15.443483423680703 dB
	 $y_{7,55,75}$ = 16.15566525816729 dB
		SNR medio: 15.929118512665019
		Usuarios totais: 6
$x_{7,58}$
	 $y_{7,58,39}$ = 14.87055657613287 dB
	 $y_{7,58,48}$ = 20.891810393337224 dB
	 $y_{7,58,49}$ = 18.532350803383906 dB
	 $y_{7,58,67}$ = 13.401459026242222 dB
		SNR medio: 17.901058501452948
		Usuarios totais: 6
$x_{7,85}$
	 $y_{7,85,76}$ = 13.388648171992571 dB
	 $y_{7,85,86}$ = 16.7580840898775 dB
	 $y_{7,85,94}$ = 12.196931805015055 dB
	 $y_{7,85,95}$ = 22.306090913991284 dB
	 $y_{7,85,96}$ = 18.074161142746533 dB
		SNR medio: 18.062519911648863
		Usuarios totais: 5
$x_{7,89}$
	 $y_{7,89,69}$ = 12.863709366402034 dB
	 $y_{7,89,78}$ = 12.124063260858122 dB
	 $y_{7,89,79}$ = 12.795787826236548 dB
	 $y_{7,89,97}$ = 11.059053695415784 dB
	 $y_{7,89,99}$ = 20.984107073384124 dB
		SNR medio: 15.863055443840693
		Usuarios totais: 6
$x_{7,92}$
	 $y_{7,92,72}$ = 10.177837001800171 dB
	 $y_{7,92,83}$ = 14.535891142703434 dB
	 $y_{7,92,93}$ = 17.336891795865228 dB
		SNR medio: 14.913477268019204
		Usuarios totais: 4
Distances:
1 : 4 = 1200.0
1 : 22 = 894.4271909999159
1 : 26 = 2154.0659228538016
1 : 28 = 2912.043955712207
1 : 51 = 2000.0
1 : 52 = 2039.607805437114
1 : 55 = 2561.2496949731394
1 : 58 = 3440.9301068170507
1 : 85 = 3577.7087639996635
1 : 89 = 4525.483399593904
1 : 92 = 3622.154055254967
4 : 22 = 1131.370849898476
4 : 26 = 1131.370849898476
4 : 28 = 1788.8543819998317
4 : 51 = 2332.38075793812
4 : 52 = 2154.0659228538016
4 : 55 = 2039.607805437114
4 : 58 = 2561.2496949731394
4 : 85 = 3224.9030993194197
4 : 89 = 3773.5924528226415
4 : 92 = 3687.817782917155
22 : 26 = 1600.0
22 : 28 = 2400.0
22 : 51 = 1264.9110640673518
22 : 52 = 1200.0
22 : 55 = 1697.0562748477141
22 : 58 = 2683.281572999748
22 : 85 = 2683.281572999748
22 : 89 = 3687.817782917155
22 : 92 = 2800.0
26 : 28 = 800.0
26 : 51 = 2332.38075793812
26 : 52 = 2000.0
26 : 55 = 1264.9110640673518
26 : 58 = 1442.2205101855957
26 : 85 = 2433.105012119288
26 : 89 = 2683.281572999748
26 : 92 = 3224.9030993194197
28 : 51 = 3046.3092423455632
28 : 52 = 2683.281572999748
28 : 55 = 1697.0562748477141
28 : 58 = 1200.0
28 : 85 = 2683.281572999748
28 : 89 = 2433.105012119288
28 : 92 = 3687.817782917155
51 : 52 = 400.0
51 : 55 = 1600.0
51 : 58 = 2800.0
51 : 85 = 2000.0
51 : 89 = 3417.6014981270123
51 : 92 = 1649.2422502470642
52 : 55 = 1200.0
52 : 58 = 2400.0
52 : 85 = 1697.0562748477141
52 : 89 = 3046.3092423455632
52 : 92 = 1600.0
55 : 58 = 1200.0
55 : 85 = 1200.0
55 : 89 = 2000.0
55 : 92 = 2000.0
58 : 85 = 1697.0562748477141
58 : 89 = 1264.9110640673518
58 : 92 = 2884.4410203711914
85 : 89 = 1600.0
85 : 92 = 1264.9110640673518
89 : 92 = 2828.42712474619
t=8
$x_{8,1}$
	 $y_{8,1,10}$ = 16.0694987839115 dB
	 $y_{8,1,11}$ = 17.604707659314258 dB
	 $y_{8,1,12}$ = 15.451261861603626 dB
		SNR medio: 16.47202643072845
		Usuarios totais: 4
$x_{8,4}$
	 $y_{8,4,5}$ = 19.115513534914058 dB
	 $y_{8,4,14}$ = 18.238510219138504 dB
	 $y_{8,4,15}$ = 15.01928915538106 dB
		SNR medio: 17.78139843392194
		Usuarios totais: 4
$x_{8,22}$
	 $y_{8,22,13}$ = 16.21093913240469 dB
	 $y_{8,22,20}$ = 10.72490906528219 dB
	 $y_{8,22,21}$ = 21.3110376799645 dB
	 $y_{8,22,22}$ = 80.11563653140499 dB
	 $y_{8,22,31}$ = 16.51847870967613 dB
	 $y_{8,22,32}$ = 16.502045033460192 dB
	 $y_{8,22,41}$ = 16.001659533302544 dB
		SNR medio: 71.66466958833703
		Usuarios totais: 10
$x_{8,26}$
	 $y_{8,26,7}$ = 12.615961252457168 dB
	 $y_{8,26,17}$ = 12.435471408421009 dB
	 $y_{8,26,25}$ = 22.232230304784736 dB
	 $y_{8,26,34}$ = 13.48229421547748 dB
	 $y_{8,26,35}$ = 16.622923852586283 dB
	 $y_{8,26,36}$ = 14.017737985308685 dB
	 $y_{8,26,37}$ = 18.269690356879977 dB
		SNR medio: 17.155091799349382
		Usuarios totais: 9
$x_{8,28}$
	 $y_{8,28,9}$ = 12.775002796042273 dB
	 $y_{8,28,18}$ = 18.05628224828341 dB
	 $y_{8,28,29}$ = 19.2195183857159 dB
		SNR medio: 17.440712826198276
		Usuarios totais: 4
$x_{8,51}$
	 $y_{8,51,42}$ = 11.817168896034246 dB
	 $y_{8,51,51}$ = 80.21411283399765 dB
	 $y_{8,51,53}$ = 10.593006863745913 dB
	 $y_{8,51,61}$ = 19.146734543639212 dB
		SNR medio: 74.19351741940616
		Usuarios totais: 6
$x_{8,52}$
	 $y_{8,52,33}$ = 12.292850311030449 dB
	 $y_{8,52,43}$ = 16.81502282024161 dB
	 $y_{8,52,73}$ = 14.790367521655725 dB
		SNR medio: 15.011321967167815
		Usuarios totais: 4
$x_{8,55}$
	 $y_{8,55,44}$ = 14.366557609186216 dB
	 $y_{8,55,54}$ = 19.546081744479864 dB
	 $y_{8,55,55}$ = 67.29204136175139 dB
	 $y_{8,55,63}$ = 10.13602450890643 dB
		SNR medio: 61.271544927150785
		Usuarios totais: 4
$x_{8,58}$
	 $y_{8,58,38}$ = 11.471983400852423 dB
	 $y_{8,58,39}$ = 14.87055657613287 dB
	 $y_{8,58,49}$ = 18.532350803383906 dB
	 $y_{8,58,67}$ = 13.401459026242222 dB
		SNR medio: 15.37622564954972
		Usuarios totais: 5
$x_{8,85}$
	 $y_{8,85,74}$ = 14.2842085980093 dB
	 $y_{8,85,77}$ = 11.737609348149107 dB
	 $y_{8,85,84}$ = 15.658373733618177 dB
		SNR medio: 14.17950302886992
		Usuarios totais: 6
$x_{8,89}$
		Usuarios totais: 0
$x_{8,92}$
	 $y_{8,92,72}$ = 10.177837001800171 dB
	 $y_{8,92,80}$ = 10.766925862809273 dB
	 $y_{8,92,83}$ = 14.535891142703434 dB
		SNR medio: 12.284613502542545
		Usuarios totais: 4
Distances:
1 : 4 = 1200.0
1 : 22 = 894.4271909999159
1 : 26 = 2154.0659228538016
1 : 28 = 2912.043955712207
1 : 51 = 2000.0
1 : 52 = 2039.607805437114
1 : 55 = 2561.2496949731394
1 : 58 = 3440.9301068170507
1 : 85 = 3577.7087639996635
1 : 89 = 4525.483399593904
1 : 92 = 3622.154055254967
4 : 22 = 1131.370849898476
4 : 26 = 1131.370849898476
4 : 28 = 1788.8543819998317
4 : 51 = 2332.38075793812
4 : 52 = 2154.0659228538016
4 : 55 = 2039.607805437114
4 : 58 = 2561.2496949731394
4 : 85 = 3224.9030993194197
4 : 89 = 3773.5924528226415
4 : 92 = 3687.817782917155
22 : 26 = 1600.0
22 : 28 = 2400.0
22 : 51 = 1264.9110640673518
22 : 52 = 1200.0
22 : 55 = 1697.0562748477141
22 : 58 = 2683.281572999748
22 : 85 = 2683.281572999748
22 : 89 = 3687.817782917155
22 : 92 = 2800.0
26 : 28 = 800.0
26 : 51 = 2332.38075793812
26 : 52 = 2000.0
26 : 55 = 1264.9110640673518
26 : 58 = 1442.2205101855957
26 : 85 = 2433.105012119288
26 : 89 = 2683.281572999748
26 : 92 = 3224.9030993194197
28 : 51 = 3046.3092423455632
28 : 52 = 2683.281572999748
28 : 55 = 1697.0562748477141
28 : 58 = 1200.0
28 : 85 = 2683.281572999748
28 : 89 = 2433.105012119288
28 : 92 = 3687.817782917155
51 : 52 = 400.0
51 : 55 = 1600.0
51 : 58 = 2800.0
51 : 85 = 2000.0
51 : 89 = 3417.6014981270123
51 : 92 = 1649.2422502470642
52 : 55 = 1200.0
52 : 58 = 2400.0
52 : 85 = 1697.0562748477141
52 : 89 = 3046.3092423455632
52 : 92 = 1600.0
55 : 58 = 1200.0
55 : 85 = 1200.0
55 : 89 = 2000.0
55 : 92 = 2000.0
58 : 85 = 1697.0562748477141
58 : 89 = 1264.9110640673518
58 : 92 = 2884.4410203711914
85 : 89 = 1600.0
85 : 92 = 1264.9110640673518
89 : 92 = 2828.42712474619
t=9
$x_{9,1}$
	 $y_{9,1,0}$ = 17.46771615269607 dB
	 $y_{9,1,1}$ = 74.18043708372582 dB
	 $y_{9,1,3}$ = 11.959023108843297 dB
	 $y_{9,1,11}$ = 17.604707659314258 dB
	 $y_{9,1,12}$ = 15.451261861603626 dB
		SNR medio: 67.19076427600798
		Usuarios totais: 5
$x_{9,4}$
	 $y_{9,4,14}$ = 18.238510219138504 dB
	 $y_{9,4,15}$ = 15.01928915538106 dB
	 $y_{9,4,24}$ = 11.564892655635134 dB
		SNR medio: 15.750313902997302
		Usuarios totais: 5
$x_{9,22}$
	 $y_{9,22,23}$ = 21.912377139604345 dB
	 $y_{9,22,31}$ = 16.51847870967613 dB
		SNR medio: 20.003961516925873
		Usuarios totais: 3
$x_{9,26}$
	 $y_{9,26,16}$ = 17.343980498817572 dB
	 $y_{9,26,26}$ = 82.5423894424762 dB
	 $y_{9,26,36}$ = 14.017737985308685 dB
	 $y_{9,26,37}$ = 18.269690356879977 dB
		SNR medio: 76.5217930749413
		Usuarios totais: 5
$x_{9,28}$
	 $y_{9,28,8}$ = 11.993852782731466 dB
	 $y_{9,28,27}$ = 25.360271164888204 dB
	 $y_{9,28,28}$ = 84.57812893103127 dB
	 $y_{9,28,29}$ = 19.2195183857159 dB
	 $y_{9,28,38}$ = 13.747204270365017 dB
		SNR medio: 77.58843595031622
		Usuarios totais: 7
$x_{9,51}$
	 $y_{9,51,40}$ = 11.364989824932351 dB
	 $y_{9,51,42}$ = 11.817168896034246 dB
	 $y_{9,51,50}$ = 22.901216886779395 dB
	 $y_{9,51,51}$ = 80.21411283399765 dB
	 $y_{9,51,71}$ = 14.286237061626807 dB
		SNR medio: 73.22442315701633
		Usuarios totais: 8
$x_{9,52}$
	 $y_{9,52,33}$ = 12.292850311030449 dB
	 $y_{9,52,41}$ = 12.520406969922306 dB
	 $y_{9,52,52}$ = 80.89840605880468 dB
	 $y_{9,52,73}$ = 14.790367521655725 dB
		SNR medio: 74.87780843928113
		Usuarios totais: 4
$x_{9,55}$
	 $y_{9,55,54}$ = 19.546081744479864 dB
	 $y_{9,55,55}$ = 67.29204136175139 dB
	 $y_{9,55,64}$ = 15.443483423680703 dB
	 $y_{9,55,75}$ = 16.15566525816729 dB
		SNR medio: 61.27157622908847
		Usuarios totais: 4
$x_{9,58}$
	 $y_{9,58,57}$ = 18.450446576922957 dB
	 $y_{9,58,58}$ = 86.65926303768896 dB
	 $y_{9,58,67}$ = 13.401459026242222 dB
		SNR medio: 81.88805135160854
		Usuarios totais: 3
$x_{9,85}$
	 $y_{9,85,76}$ = 13.388648171992571 dB
	 $y_{9,85,77}$ = 11.737609348149107 dB
	 $y_{9,85,93}$ = 12.908154092139782 dB
	 $y_{9,85,95}$ = 22.306090913991284 dB
		SNR medio: 17.52697546185583
		Usuarios totais: 6
$x_{9,89}$
	 $y_{9,89,78}$ = 12.124063260858122 dB
	 $y_{9,89,79}$ = 12.795787826236548 dB
	 $y_{9,89,99}$ = 20.984107073384124 dB
		SNR medio: 17.29102741991128
		Usuarios totais: 3
$x_{9,92}$
	 $y_{9,92,72}$ = 10.177837001800171 dB
	 $y_{9,92,81}$ = 18.581499040748525 dB
	 $y_{9,92,82}$ = 31.00892206124641 dB
	 $y_{9,92,91}$ = 16.973742455819163 dB
	 $y_{9,92,92}$ = 83.19948561138378 dB
		SNR medio: 76.20981454553797
		Usuarios totais: 7
Distances:
1 : 4 = 1200.0
1 : 22 = 894.4271909999159
1 : 26 = 2154.0659228538016
1 : 28 = 2912.043955712207
1 : 51 = 2000.0
1 : 52 = 2039.607805437114
1 : 55 = 2561.2496949731394
1 : 58 = 3440.9301068170507
1 : 85 = 3577.7087639996635
1 : 89 = 4525.483399593904
1 : 92 = 3622.154055254967
4 : 22 = 1131.370849898476
4 : 26 = 1131.370849898476
4 : 28 = 1788.8543819998317
4 : 51 = 2332.38075793812
4 : 52 = 2154.0659228538016
4 : 55 = 2039.607805437114
4 : 58 = 2561.2496949731394
4 : 85 = 3224.9030993194197
4 : 89 = 3773.5924528226415
4 : 92 = 3687.817782917155
22 : 26 = 1600.0
22 : 28 = 2400.0
22 : 51 = 1264.9110640673518
22 : 52 = 1200.0
22 : 55 = 1697.0562748477141
22 : 58 = 2683.281572999748
22 : 85 = 2683.281572999748
22 : 89 = 3687.817782917155
22 : 92 = 2800.0
26 : 28 = 800.0
26 : 51 = 2332.38075793812
26 : 52 = 2000.0
26 : 55 = 1264.9110640673518
26 : 58 = 1442.2205101855957
26 : 85 = 2433.105012119288
26 : 89 = 2683.281572999748
26 : 92 = 3224.9030993194197
28 : 51 = 3046.3092423455632
28 : 52 = 2683.281572999748
28 : 55 = 1697.0562748477141
28 : 58 = 1200.0
28 : 85 = 2683.281572999748
28 : 89 = 2433.105012119288
28 : 92 = 3687.817782917155
51 : 52 = 400.0
51 : 55 = 1600.0
51 : 58 = 2800.0
51 : 85 = 2000.0
51 : 89 = 3417.6014981270123
51 : 92 = 1649.2422502470642
52 : 55 = 1200.0
52 : 58 = 2400.0
52 : 85 = 1697.0562748477141
52 : 89 = 3046.3092423455632
52 : 92 = 1600.0
55 : 58 = 1200.0
55 : 85 = 1200.0
55 : 89 = 2000.0
55 : 92 = 2000.0
58 : 85 = 1697.0562748477141
58 : 89 = 1264.9110640673518
58 : 92 = 2884.4410203711914
85 : 89 = 1600.0
85 : 92 = 1264.9110640673518
89 : 92 = 2828.42712474619
--- Done after 0.5077623112334145 hours. ---
