-------------Generating sinr map
-------------Generating ues map
-------------Calculating Solution (this may take a while)
+++++++++++++++++++Min Sinr: 15 dB (fixed)
+++++++++++++++++++With backhaul constraint. Start: 2022-04-06 01:28:59


MÕdia de carros: 16.3
t=0
$x_{0,1}$
	 $y_{0,1,22}$ = 15.131920924914596 dB
		SNR medio: 15.131920924914596
		Usuarios totais: 1
$x_{0,24}$
	 $y_{0,24,23}$ = 15.135244219331724 dB
	 $y_{0,24,33}$ = 16.363107989636447 dB
		SNR medio: 15.7924259828446
		Usuarios totais: 4
$x_{0,31}$
	 $y_{0,31,21}$ = 26.230780064099932 dB
	 $y_{0,31,31}$ = 76.85091221439984 dB
	 $y_{0,31,32}$ = 21.356681936533946 dB
		SNR medio: 72.0797495738003
		Usuarios totais: 55
Distances:
1 : 24 = 1442.2205101855957
1 : 31 = 1200.0
24 : 31 = 1264.9110640673518
t=1
$x_{1,1}$
	 $y_{1,1,0}$ = 17.46771615269607 dB
	 $y_{1,1,1}$ = 74.18043708372582 dB
	 $y_{1,1,10}$ = 16.0694987839115 dB
	 $y_{1,1,12}$ = 15.451261861603626 dB
	 $y_{1,1,22}$ = 15.131920924914596 dB
		SNR medio: 67.19076423363204
		Usuarios totais: 7
$x_{1,4}$
	 $y_{1,4,3}$ = 16.400983558135835 dB
	 $y_{1,4,5}$ = 19.115513534914058 dB
	 $y_{1,4,13}$ = 20.26377846596877 dB
	 $y_{1,4,14}$ = 18.238510219138504 dB
		SNR medio: 18.723823489531316
		Usuarios totais: 5
$x_{1,17}$
	 $y_{1,17,7}$ = 21.046613285049418 dB
	 $y_{1,17,16}$ = 19.94548496214449 dB
	 $y_{1,17,17}$ = 72.54395902248947 dB
	 $y_{1,17,26}$ = 15.375112516190072 dB
		SNR medio: 66.5234220827745
		Usuarios totais: 5
$x_{1,24}$
	 $y_{1,24,15}$ = 15.360408927380092 dB
	 $y_{1,24,23}$ = 15.135244219331724 dB
	 $y_{1,24,24}$ = 72.78608591787996 dB
		SNR medio: 68.01488868626566
		Usuarios totais: 4
$x_{1,31}$
	 $y_{1,31,30}$ = 18.162256012919926 dB
	 $y_{1,31,41}$ = 17.906665792446717 dB
		SNR medio: 18.036340875207383
		Usuarios totais: 4
$x_{1,38}$
	 $y_{1,38,28}$ = 17.62387059143053 dB
	 $y_{1,38,39}$ = 23.665360115107916 dB
		SNR medio: 21.619990397076556
		Usuarios totais: 3
$x_{1,45}$
	 $y_{1,45,36}$ = 16.684231792087033 dB
	 $y_{1,45,45}$ = 73.65854064721341 dB
		SNR medio: 70.64824940729149
		Usuarios totais: 2
$x_{1,50}$
	 $y_{1,50,50}$ = 83.85265426242785 dB
	 $y_{1,50,60}$ = 24.84821333560855 dB
		SNR medio: 80.84235976764026
		Usuarios totais: 2
$x_{1,52}$
	 $y_{1,52,51}$ = 21.564425836858888 dB
	 $y_{1,52,53}$ = 22.536275583625553 dB
	 $y_{1,52,61}$ = 15.395719822511126 dB
	 $y_{1,52,62}$ = 30.945775575214483 dB
		SNR medio: 26.022305571115666
		Usuarios totais: 5
$x_{1,58}$
	 $y_{1,58,58}$ = 86.65926303768896 dB
	 $y_{1,58,59}$ = 17.224823268439323 dB
	 $y_{1,58,68}$ = 18.59708001124453 dB
		SNR medio: 81.88805166371563
		Usuarios totais: 3
$x_{1,66}$
	 $y_{1,66,55}$ = 20.204969739865476 dB
	 $y_{1,66,56}$ = 18.229943071382607 dB
	 $y_{1,66,57}$ = 22.41556580541426 dB
	 $y_{1,66,66}$ = 82.12178855268427 dB
	 $y_{1,66,75}$ = 19.31389172854631 dB
		SNR medio: 75.13209999702211
		Usuarios totais: 5
$x_{1,73}$
	 $y_{1,73,63}$ = 18.681635748452308 dB
	 $y_{1,73,74}$ = 17.121114264376203 dB
	 $y_{1,73,83}$ = 26.042528648979143 dB
		SNR medio: 22.45001680759897
		Usuarios totais: 4
$x_{1,80}$
	 $y_{1,80,70}$ = 17.35987532063932 dB
	 $y_{1,80,80}$ = 77.72748370253893 dB
	 $y_{1,80,81}$ = 18.626826904886727 dB
		SNR medio: 72.95628048797839
		Usuarios totais: 3
$x_{1,87}$
	 $y_{1,87,77}$ = 21.005883336453877 dB
	 $y_{1,87,87}$ = 81.73968369008645 dB
	 $y_{1,87,97}$ = 19.44219176045091 dB
		SNR medio: 76.96847736946657
		Usuarios totais: 3
$x_{1,92}$
	 $y_{1,92,92}$ = 83.19948561138378 dB
	 $y_{1,92,93}$ = 17.336891795865228 dB
		SNR medio: 80.18918678070892
		Usuarios totais: 4
$x_{1,95}$
	 $y_{1,95,95}$ = 79.94273011567779 dB
		SNR medio: 79.94273011567779
		Usuarios totais: 1
Distances:
1 : 4 = 1200.0
1 : 17 = 2433.105012119288
1 : 24 = 1442.2205101855957
1 : 31 = 1200.0
1 : 38 = 3046.3092423455632
1 : 45 = 2262.741699796952
1 : 50 = 2039.607805437114
1 : 52 = 2039.607805437114
1 : 58 = 3440.9301068170507
1 : 66 = 3124.099870362662
1 : 73 = 2912.043955712207
1 : 80 = 3224.9030993194197
1 : 87 = 4000.0
1 : 92 = 3622.154055254967
1 : 95 = 3939.543120718442
4 : 17 = 1264.9110640673518
4 : 24 = 800.0
4 : 31 = 1697.0562748477141
4 : 38 = 2000.0
4 : 45 = 1649.2422502470642
4 : 50 = 2561.2496949731394
4 : 52 = 2154.0659228538016
4 : 58 = 2561.2496949731394
4 : 66 = 2529.8221281347037
4 : 73 = 2828.42712474619
4 : 80 = 3577.7087639996635
4 : 87 = 3417.6014981270123
4 : 92 = 3687.817782917155
4 : 95 = 3622.154055254967
17 : 24 = 1264.9110640673518
17 : 31 = 2529.8221281347037
17 : 38 = 894.4271909999159
17 : 45 = 1442.2205101855957
17 : 50 = 3224.9030993194197
17 : 52 = 2561.2496949731394
17 : 58 = 1649.2422502470642
17 : 66 = 2039.607805437114
17 : 73 = 2884.4410203711914
17 : 80 = 3959.7979746446663
17 : 87 = 2800.0
17 : 92 = 3773.5924528226415
17 : 95 = 3298.4845004941285
24 : 31 = 1264.9110640673518
24 : 38 = 1649.2422502470642
24 : 45 = 894.4271909999159
24 : 50 = 2000.0
24 : 52 = 1442.2205101855957
24 : 58 = 2000.0
24 : 66 = 1788.8543819998317
24 : 73 = 2039.607805437114
24 : 80 = 2884.4410203711914
24 : 87 = 2683.281572999748
24 : 92 = 2912.043955712207
24 : 95 = 2828.42712474619
31 : 38 = 2800.0
31 : 45 = 1649.2422502470642
31 : 50 = 894.4271909999159
31 : 52 = 894.4271909999159
31 : 58 = 2912.043955712207
31 : 66 = 2332.38075793812
31 : 73 = 1788.8543819998317
31 : 80 = 2039.607805437114
31 : 87 = 3124.099870362662
31 : 92 = 2433.105012119288
31 : 95 = 2884.4410203711914
38 : 45 = 1264.9110640673518
38 : 50 = 3298.4845004941285
38 : 52 = 2529.8221281347037
38 : 58 = 800.0
38 : 66 = 1442.2205101855957
38 : 73 = 2561.2496949731394
38 : 80 = 3773.5924528226415
38 : 87 = 2039.607805437114
38 : 92 = 3394.1125496954282
38 : 95 = 2683.281572999748
45 : 50 = 2039.607805437114
45 : 52 = 1264.9110640673518
45 : 58 = 1264.9110640673518
45 : 66 = 894.4271909999159
45 : 73 = 1442.2205101855957
45 : 80 = 2561.2496949731394
45 : 87 = 1788.8543819998317
45 : 92 = 2332.38075793812
45 : 95 = 2000.0
50 : 52 = 800.0
50 : 58 = 3200.0
50 : 66 = 2433.105012119288
50 : 73 = 1442.2205101855957
50 : 80 = 1200.0
50 : 87 = 3046.3092423455632
50 : 92 = 1788.8543819998317
50 : 95 = 2561.2496949731394
52 : 58 = 2400.0
52 : 66 = 1649.2422502470642
52 : 73 = 894.4271909999159
52 : 80 = 1442.2205101855957
52 : 87 = 2332.38075793812
52 : 92 = 1600.0
52 : 95 = 2000.0
58 : 66 = 894.4271909999159
58 : 73 = 2154.0659228538016
58 : 80 = 3417.6014981270123
58 : 87 = 1264.9110640673518
58 : 92 = 2884.4410203711914
58 : 95 = 2000.0
66 : 73 = 1264.9110640673518
66 : 80 = 2529.8221281347037
66 : 87 = 894.4271909999159
66 : 92 = 2000.0
66 : 95 = 1264.9110640673518
73 : 80 = 1264.9110640673518
73 : 87 = 1649.2422502470642
73 : 92 = 894.4271909999159
73 : 95 = 1131.370849898476
80 : 87 = 2800.0
80 : 92 = 894.4271909999159
80 : 95 = 2039.607805437114
87 : 92 = 2039.607805437114
87 : 95 = 894.4271909999159
92 : 95 = 1200.0
t=2
$x_{2,1}$
	 $y_{2,1,1}$ = 74.18043708372582 dB
	 $y_{2,1,11}$ = 17.604707659314258 dB
		SNR medio: 71.1701466816504
		Usuarios totais: 3
$x_{2,4}$
	 $y_{2,4,5}$ = 19.115513534914058 dB
	 $y_{2,4,13}$ = 20.26377846596877 dB
		SNR medio: 19.727485810287366
		Usuarios totais: 2
$x_{2,8}$
	 $y_{2,8,7}$ = 24.983919698742028 dB
	 $y_{2,8,9}$ = 19.110858413030073 dB
		SNR medio: 22.972631298347782
		Usuarios totais: 2
$x_{2,17}$
	 $y_{2,17,16}$ = 19.94548496214449 dB
	 $y_{2,17,17}$ = 72.54395902248947 dB
	 $y_{2,17,18}$ = 16.524254127481555 dB
	 $y_{2,17,19}$ = 15.868741549179447 dB
	 $y_{2,17,26}$ = 15.375112516190072 dB
		SNR medio: 65.55431138612983
		Usuarios totais: 7
$x_{2,24}$
	 $y_{2,24,24}$ = 72.78608591787996 dB
	 $y_{2,24,25}$ = 19.357302055970806 dB
	 $y_{2,24,35}$ = 16.439124932698434 dB
		SNR medio: 68.01490316189856
		Usuarios totais: 5
$x_{2,31}$
	 $y_{2,31,32}$ = 21.356681936533946 dB
		SNR medio: 21.356681936533946
		Usuarios totais: 1
$x_{2,38}$
	 $y_{2,38,39}$ = 23.665360115107916 dB
		SNR medio: 23.665360115107916
		Usuarios totais: 1
$x_{2,45}$
	 $y_{2,45,36}$ = 16.684231792087033 dB
	 $y_{2,45,46}$ = 16.64902417841479 dB
	 $y_{2,45,54}$ = 25.627689920205 dB
	 $y_{2,45,55}$ = 18.912929923519954 dB
		SNR medio: 21.271762991480703
		Usuarios totais: 6
$x_{2,50}$
	 $y_{2,50,50}$ = 83.85265426242785 dB
		SNR medio: 83.85265426242785
		Usuarios totais: 1
$x_{2,52}$
	 $y_{2,52,43}$ = 16.81502282024161 dB
	 $y_{2,52,51}$ = 21.564425836858888 dB
	 $y_{2,52,61}$ = 15.395719822511126 dB
		SNR medio: 18.770509910269965
		Usuarios totais: 4
$x_{2,58}$
	 $y_{2,58,49}$ = 18.532350803383906 dB
	 $y_{2,58,58}$ = 86.65926303768896 dB
		SNR medio: 83.64896374953628
		Usuarios totais: 3
$x_{2,66}$
	 $y_{2,66,56}$ = 18.229943071382607 dB
	 $y_{2,66,65}$ = 21.197850280433713 dB
	 $y_{2,66,67}$ = 17.14793412809057 dB
	 $y_{2,66,76}$ = 15.912382864899016 dB
		SNR medio: 18.590749384451676
		Usuarios totais: 4
$x_{2,73}$
	 $y_{2,73,63}$ = 18.681635748452308 dB
	 $y_{2,73,74}$ = 17.121114264376203 dB
	 $y_{2,73,84}$ = 15.264235523373557 dB
		SNR medio: 17.24168859036817
		Usuarios totais: 4
$x_{2,78}$
	 $y_{2,78,78}$ = 81.1621484703069 dB
	 $y_{2,78,79}$ = 28.64361807582887 dB
		SNR medio: 78.15187283179039
		Usuarios totais: 2
$x_{2,80}$
	 $y_{2,80,71}$ = 15.121126149701468 dB
	 $y_{2,80,80}$ = 77.72748370253893 dB
	 $y_{2,80,81}$ = 18.626826904886727 dB
		SNR medio: 72.95627888065135
		Usuarios totais: 3
$x_{2,87}$
	 $y_{2,87,77}$ = 21.005883336453877 dB
	 $y_{2,87,86}$ = 18.44821853992275 dB
	 $y_{2,87,87}$ = 81.73968369008645 dB
	 $y_{2,87,97}$ = 19.44219176045091 dB
		SNR medio: 75.71909203872406
		Usuarios totais: 8
$x_{2,92}$
	 $y_{2,92,82}$ = 31.00892206124641 dB
	 $y_{2,92,93}$ = 17.336891795865228 dB
		SNR medio: 28.18118856049273
		Usuarios totais: 2
$x_{2,95}$
	 $y_{2,95,94}$ = 18.119850572580177 dB
	 $y_{2,95,95}$ = 79.94273011567779 dB
		SNR medio: 76.93243301331562
		Usuarios totais: 2
Distances:
1 : 4 = 1200.0
1 : 8 = 2800.0
1 : 17 = 2433.105012119288
1 : 24 = 1442.2205101855957
1 : 31 = 1200.0
1 : 38 = 3046.3092423455632
1 : 45 = 2262.741699796952
1 : 50 = 2039.607805437114
1 : 52 = 2039.607805437114
1 : 58 = 3440.9301068170507
1 : 66 = 3124.099870362662
1 : 73 = 2912.043955712207
1 : 78 = 3959.7979746446663
1 : 80 = 3224.9030993194197
1 : 87 = 4000.0
1 : 92 = 3622.154055254967
1 : 95 = 3939.543120718442
4 : 8 = 1600.0
4 : 17 = 1264.9110640673518
4 : 24 = 800.0
4 : 31 = 1697.0562748477141
4 : 38 = 2000.0
4 : 45 = 1649.2422502470642
4 : 50 = 2561.2496949731394
4 : 52 = 2154.0659228538016
4 : 58 = 2561.2496949731394
4 : 66 = 2529.8221281347037
4 : 73 = 2828.42712474619
4 : 78 = 3224.9030993194197
4 : 80 = 3577.7087639996635
4 : 87 = 3417.6014981270123
4 : 92 = 3687.817782917155
4 : 95 = 3622.154055254967
8 : 17 = 565.685424949238
8 : 24 = 1788.8543819998317
8 : 31 = 3046.3092423455632
8 : 38 = 1200.0
8 : 45 = 2000.0
8 : 50 = 3773.5924528226415
8 : 52 = 3124.099870362662
8 : 58 = 2000.0
8 : 66 = 2529.8221281347037
8 : 73 = 3440.9301068170507
8 : 78 = 2800.0
8 : 80 = 4525.483399593904
8 : 87 = 3224.9030993194197
8 : 92 = 4326.6615305567875
8 : 95 = 3794.7331922020553
17 : 24 = 1264.9110640673518
17 : 31 = 2529.8221281347037
17 : 38 = 894.4271909999159
17 : 45 = 1442.2205101855957
17 : 50 = 3224.9030993194197
17 : 52 = 2561.2496949731394
17 : 58 = 1649.2422502470642
17 : 66 = 2039.607805437114
17 : 73 = 2884.4410203711914
17 : 78 = 2433.105012119288
17 : 80 = 3959.7979746446663
17 : 87 = 2800.0
17 : 92 = 3773.5924528226415
17 : 95 = 3298.4845004941285
24 : 31 = 1264.9110640673518
24 : 38 = 1649.2422502470642
24 : 45 = 894.4271909999159
24 : 50 = 2000.0
24 : 52 = 1442.2205101855957
24 : 58 = 2000.0
24 : 66 = 1788.8543819998317
24 : 73 = 2039.607805437114
24 : 78 = 2561.2496949731394
24 : 80 = 2884.4410203711914
24 : 87 = 2683.281572999748
24 : 92 = 2912.043955712207
24 : 95 = 2828.42712474619
31 : 38 = 2800.0
31 : 45 = 1649.2422502470642
31 : 50 = 894.4271909999159
31 : 52 = 894.4271909999159
31 : 58 = 2912.043955712207
31 : 66 = 2332.38075793812
31 : 73 = 1788.8543819998317
31 : 78 = 3224.9030993194197
31 : 80 = 2039.607805437114
31 : 87 = 3124.099870362662
31 : 92 = 2433.105012119288
31 : 95 = 2884.4410203711914
38 : 45 = 1264.9110640673518
38 : 50 = 3298.4845004941285
38 : 52 = 2529.8221281347037
38 : 58 = 800.0
38 : 66 = 1442.2205101855957
38 : 73 = 2561.2496949731394
38 : 78 = 1600.0
38 : 80 = 3773.5924528226415
38 : 87 = 2039.607805437114
38 : 92 = 3394.1125496954282
38 : 95 = 2683.281572999748
45 : 50 = 2039.607805437114
45 : 52 = 1264.9110640673518
45 : 58 = 1264.9110640673518
45 : 66 = 894.4271909999159
45 : 73 = 1442.2205101855957
45 : 78 = 1697.0562748477141
45 : 80 = 2561.2496949731394
45 : 87 = 1788.8543819998317
45 : 92 = 2332.38075793812
45 : 95 = 2000.0
50 : 52 = 800.0
50 : 58 = 3200.0
50 : 66 = 2433.105012119288
50 : 73 = 1442.2205101855957
50 : 78 = 3298.4845004941285
50 : 80 = 1200.0
50 : 87 = 3046.3092423455632
50 : 92 = 1788.8543819998317
50 : 95 = 2561.2496949731394
52 : 58 = 2400.0
52 : 66 = 1649.2422502470642
52 : 73 = 894.4271909999159
52 : 78 = 2529.8221281347037
52 : 80 = 1442.2205101855957
52 : 87 = 2332.38075793812
52 : 92 = 1600.0
52 : 95 = 2000.0
58 : 66 = 894.4271909999159
58 : 73 = 2154.0659228538016
58 : 78 = 800.0
58 : 80 = 3417.6014981270123
58 : 87 = 1264.9110640673518
58 : 92 = 2884.4410203711914
58 : 95 = 2000.0
66 : 73 = 1264.9110640673518
66 : 78 = 894.4271909999159
66 : 80 = 2529.8221281347037
66 : 87 = 894.4271909999159
66 : 92 = 2000.0
66 : 95 = 1264.9110640673518
73 : 78 = 2000.0
73 : 80 = 1264.9110640673518
73 : 87 = 1649.2422502470642
73 : 92 = 894.4271909999159
73 : 95 = 1131.370849898476
78 : 80 = 3224.9030993194197
78 : 87 = 565.685424949238
78 : 92 = 2529.8221281347037
78 : 95 = 1442.2205101855957
80 : 87 = 2800.0
80 : 92 = 894.4271909999159
80 : 95 = 2039.607805437114
87 : 92 = 2039.607805437114
87 : 95 = 894.4271909999159
92 : 95 = 1200.0
t=3
$x_{3,1}$
	 $y_{3,1,0}$ = 17.46771615269607 dB
	 $y_{3,1,2}$ = 18.508124801916097 dB
	 $y_{3,1,22}$ = 15.131920924914596 dB
		SNR medio: 17.252114328348213
		Usuarios totais: 3
$x_{3,4}$
	 $y_{3,4,13}$ = 20.26377846596877 dB
	 $y_{3,4,14}$ = 18.238510219138504 dB
	 $y_{3,4,15}$ = 15.01928915538106 dB
		SNR medio: 18.339611859052283
		Usuarios totais: 5
$x_{3,8}$
	 $y_{3,8,18}$ = 18.179214661905178 dB
		SNR medio: 18.179214661905178
		Usuarios totais: 1
$x_{3,17}$
	 $y_{3,17,16}$ = 19.94548496214449 dB
		SNR medio: 19.94548496214449
		Usuarios totais: 2
$x_{3,24}$
	 $y_{3,24,24}$ = 72.78608591787996 dB
	 $y_{3,24,33}$ = 16.363107989636447 dB
	 $y_{3,24,35}$ = 16.439124932698434 dB
		SNR medio: 68.014893338611
		Usuarios totais: 5
$x_{3,31}$
	 $y_{3,31,21}$ = 26.230780064099932 dB
	 $y_{3,31,30}$ = 18.162256012919926 dB
	 $y_{3,31,31}$ = 76.85091221439984 dB
	 $y_{3,31,32}$ = 21.356681936533946 dB
		SNR medio: 70.83036808143956
		Usuarios totais: 6
$x_{3,38}$
	 $y_{3,38,38}$ = 78.51353181547536 dB
	 $y_{3,38,39}$ = 23.665360115107916 dB
		SNR medio: 75.50324608102403
		Usuarios totais: 3
$x_{3,45}$
	 $y_{3,45,45}$ = 73.65854064721341 dB
	 $y_{3,45,46}$ = 16.64902417841479 dB
	 $y_{3,45,54}$ = 25.627689920205 dB
	 $y_{3,45,55}$ = 18.912929923519954 dB
		SNR medio: 67.63803228520834
		Usuarios totais: 6
$x_{3,50}$
	 $y_{3,50,40}$ = 17.660745789104908 dB
		SNR medio: 17.660745789104908
		Usuarios totais: 1
$x_{3,52}$
	 $y_{3,52,42}$ = 15.581523456950649 dB
	 $y_{3,52,53}$ = 22.536275583625553 dB
	 $y_{3,52,61}$ = 15.395719822511126 dB
		SNR medio: 19.210145103142956
		Usuarios totais: 4
$x_{3,58}$
	 $y_{3,58,58}$ = 86.65926303768896 dB
		SNR medio: 86.65926303768896
		Usuarios totais: 1
$x_{3,66}$
	 $y_{3,66,57}$ = 22.41556580541426 dB
	 $y_{3,66,65}$ = 21.197850280433713 dB
	 $y_{3,66,66}$ = 82.12178855268427 dB
	 $y_{3,66,67}$ = 17.14793412809057 dB
	 $y_{3,66,76}$ = 15.912382864899016 dB
		SNR medio: 75.13209908806995
		Usuarios totais: 6
$x_{3,73}$
	 $y_{3,73,63}$ = 18.681635748452308 dB
	 $y_{3,73,74}$ = 17.121114264376203 dB
	 $y_{3,73,83}$ = 26.042528648979143 dB
	 $y_{3,73,84}$ = 15.264235523373557 dB
		SNR medio: 21.46891757661424
		Usuarios totais: 6
$x_{3,78}$
	 $y_{3,78,68}$ = 17.45880494127529 dB
		SNR medio: 17.45880494127529
		Usuarios totais: 2
$x_{3,80}$
	 $y_{3,80,70}$ = 17.35987532063932 dB
	 $y_{3,80,80}$ = 77.72748370253893 dB
		SNR medio: 74.71718773636199
		Usuarios totais: 2
$x_{3,87}$
		Usuarios totais: 0
$x_{3,92}$
	 $y_{3,92,92}$ = 83.19948561138378 dB
	 $y_{3,92,93}$ = 17.336891795865228 dB
		SNR medio: 80.18918678070892
		Usuarios totais: 4
$x_{3,95}$
	 $y_{3,95,85}$ = 17.226853649065205 dB
	 $y_{3,95,95}$ = 79.94273011567779 dB
	 $y_{3,95,96}$ = 23.670063157372553 dB
		SNR medio: 75.17153013738519
		Usuarios totais: 3
Distances:
1 : 4 = 1200.0
1 : 8 = 2800.0
1 : 17 = 2433.105012119288
1 : 24 = 1442.2205101855957
1 : 31 = 1200.0
1 : 38 = 3046.3092423455632
1 : 45 = 2262.741699796952
1 : 50 = 2039.607805437114
1 : 52 = 2039.607805437114
1 : 58 = 3440.9301068170507
1 : 66 = 3124.099870362662
1 : 73 = 2912.043955712207
1 : 78 = 3959.7979746446663
1 : 80 = 3224.9030993194197
1 : 87 = 4000.0
1 : 92 = 3622.154055254967
1 : 95 = 3939.543120718442
4 : 8 = 1600.0
4 : 17 = 1264.9110640673518
4 : 24 = 800.0
4 : 31 = 1697.0562748477141
4 : 38 = 2000.0
4 : 45 = 1649.2422502470642
4 : 50 = 2561.2496949731394
4 : 52 = 2154.0659228538016
4 : 58 = 2561.2496949731394
4 : 66 = 2529.8221281347037
4 : 73 = 2828.42712474619
4 : 78 = 3224.9030993194197
4 : 80 = 3577.7087639996635
4 : 87 = 3417.6014981270123
4 : 92 = 3687.817782917155
4 : 95 = 3622.154055254967
8 : 17 = 565.685424949238
8 : 24 = 1788.8543819998317
8 : 31 = 3046.3092423455632
8 : 38 = 1200.0
8 : 45 = 2000.0
8 : 50 = 3773.5924528226415
8 : 52 = 3124.099870362662
8 : 58 = 2000.0
8 : 66 = 2529.8221281347037
8 : 73 = 3440.9301068170507
8 : 78 = 2800.0
8 : 80 = 4525.483399593904
8 : 87 = 3224.9030993194197
8 : 92 = 4326.6615305567875
8 : 95 = 3794.7331922020553
17 : 24 = 1264.9110640673518
17 : 31 = 2529.8221281347037
17 : 38 = 894.4271909999159
17 : 45 = 1442.2205101855957
17 : 50 = 3224.9030993194197
17 : 52 = 2561.2496949731394
17 : 58 = 1649.2422502470642
17 : 66 = 2039.607805437114
17 : 73 = 2884.4410203711914
17 : 78 = 2433.105012119288
17 : 80 = 3959.7979746446663
17 : 87 = 2800.0
17 : 92 = 3773.5924528226415
17 : 95 = 3298.4845004941285
24 : 31 = 1264.9110640673518
24 : 38 = 1649.2422502470642
24 : 45 = 894.4271909999159
24 : 50 = 2000.0
24 : 52 = 1442.2205101855957
24 : 58 = 2000.0
24 : 66 = 1788.8543819998317
24 : 73 = 2039.607805437114
24 : 78 = 2561.2496949731394
24 : 80 = 2884.4410203711914
24 : 87 = 2683.281572999748
24 : 92 = 2912.043955712207
24 : 95 = 2828.42712474619
31 : 38 = 2800.0
31 : 45 = 1649.2422502470642
31 : 50 = 894.4271909999159
31 : 52 = 894.4271909999159
31 : 58 = 2912.043955712207
31 : 66 = 2332.38075793812
31 : 73 = 1788.8543819998317
31 : 78 = 3224.9030993194197
31 : 80 = 2039.607805437114
31 : 87 = 3124.099870362662
31 : 92 = 2433.105012119288
31 : 95 = 2884.4410203711914
38 : 45 = 1264.9110640673518
38 : 50 = 3298.4845004941285
38 : 52 = 2529.8221281347037
38 : 58 = 800.0
38 : 66 = 1442.2205101855957
38 : 73 = 2561.2496949731394
38 : 78 = 1600.0
38 : 80 = 3773.5924528226415
38 : 87 = 2039.607805437114
38 : 92 = 3394.1125496954282
38 : 95 = 2683.281572999748
45 : 50 = 2039.607805437114
45 : 52 = 1264.9110640673518
45 : 58 = 1264.9110640673518
45 : 66 = 894.4271909999159
45 : 73 = 1442.2205101855957
45 : 78 = 1697.0562748477141
45 : 80 = 2561.2496949731394
45 : 87 = 1788.8543819998317
45 : 92 = 2332.38075793812
45 : 95 = 2000.0
50 : 52 = 800.0
50 : 58 = 3200.0
50 : 66 = 2433.105012119288
50 : 73 = 1442.2205101855957
50 : 78 = 3298.4845004941285
50 : 80 = 1200.0
50 : 87 = 3046.3092423455632
50 : 92 = 1788.8543819998317
50 : 95 = 2561.2496949731394
52 : 58 = 2400.0
52 : 66 = 1649.2422502470642
52 : 73 = 894.4271909999159
52 : 78 = 2529.8221281347037
52 : 80 = 1442.2205101855957
52 : 87 = 2332.38075793812
52 : 92 = 1600.0
52 : 95 = 2000.0
58 : 66 = 894.4271909999159
58 : 73 = 2154.0659228538016
58 : 78 = 800.0
58 : 80 = 3417.6014981270123
58 : 87 = 1264.9110640673518
58 : 92 = 2884.4410203711914
58 : 95 = 2000.0
66 : 73 = 1264.9110640673518
66 : 78 = 894.4271909999159
66 : 80 = 2529.8221281347037
66 : 87 = 894.4271909999159
66 : 92 = 2000.0
66 : 95 = 1264.9110640673518
73 : 78 = 2000.0
73 : 80 = 1264.9110640673518
73 : 87 = 1649.2422502470642
73 : 92 = 894.4271909999159
73 : 95 = 1131.370849898476
78 : 80 = 3224.9030993194197
78 : 87 = 565.685424949238
78 : 92 = 2529.8221281347037
78 : 95 = 1442.2205101855957
80 : 87 = 2800.0
80 : 92 = 894.4271909999159
80 : 95 = 2039.607805437114
87 : 92 = 2039.607805437114
87 : 95 = 894.4271909999159
92 : 95 = 1200.0
t=4
$x_{4,1}$
	 $y_{4,1,0}$ = 17.46771615269607 dB
	 $y_{4,1,1}$ = 74.18043708372582 dB
	 $y_{4,1,12}$ = 15.451261861603626 dB
		SNR medio: 69.4092396136443
		Usuarios totais: 6
$x_{4,4}$
	 $y_{4,4,3}$ = 16.400983558135835 dB
	 $y_{4,4,4}$ = 82.56083169500195 dB
	 $y_{4,4,5}$ = 19.115513534914058 dB
		SNR medio: 77.7896221637827
		Usuarios totais: 3
$x_{4,8}$
	 $y_{4,8,8}$ = 82.86983513969047 dB
		SNR medio: 82.86983513969047
		Usuarios totais: 1
$x_{4,17}$
	 $y_{4,17,6}$ = 19.426591607358674 dB
	 $y_{4,17,7}$ = 21.046613285049418 dB
	 $y_{4,17,16}$ = 19.94548496214449 dB
	 $y_{4,17,17}$ = 72.54395902248947 dB
	 $y_{4,17,19}$ = 15.868741549179447 dB
		SNR medio: 65.55434414154833
		Usuarios totais: 6
$x_{4,24}$
	 $y_{4,24,15}$ = 15.360408927380092 dB
	 $y_{4,24,24}$ = 72.78608591787996 dB
	 $y_{4,24,34}$ = 19.221637111998263 dB
		SNR medio: 68.01490034033864
		Usuarios totais: 3
$x_{4,31}$
	 $y_{4,31,21}$ = 26.230780064099932 dB
	 $y_{4,31,31}$ = 76.85091221439984 dB
	 $y_{4,31,41}$ = 17.906665792446717 dB
		SNR medio: 72.07974285560434
		Usuarios totais: 3
$x_{4,38}$
	 $y_{4,38,38}$ = 78.51353181547536 dB
	 $y_{4,38,39}$ = 23.665360115107916 dB
	 $y_{4,38,47}$ = 16.014088767629218 dB
		SNR medio: 73.74233593298909
		Usuarios totais: 5
$x_{4,45}$
	 $y_{4,45,45}$ = 73.65854064721341 dB
	 $y_{4,45,46}$ = 16.64902417841479 dB
		SNR medio: 70.64824933691207
		Usuarios totais: 2
$x_{4,50}$
	 $y_{4,50,50}$ = 83.85265426242785 dB
	 $y_{4,50,60}$ = 24.84821333560855 dB
		SNR medio: 80.84235976764026
		Usuarios totais: 2
$x_{4,52}$
	 $y_{4,52,43}$ = 16.81502282024161 dB
	 $y_{4,52,61}$ = 15.395719822511126 dB
		SNR medio: 16.163094824972056
		Usuarios totais: 3
$x_{4,58}$
	 $y_{4,58,58}$ = 86.65926303768896 dB
	 $y_{4,58,69}$ = 16.105183113959143 dB
		SNR medio: 83.64896346332449
		Usuarios totais: 3
$x_{4,66}$
	 $y_{4,66,65}$ = 21.197850280433713 dB
	 $y_{4,66,75}$ = 19.31389172854631 dB
	 $y_{4,66,99}$ = 20.828316656749763 dB
		SNR medio: 20.520007603488764
		Usuarios totais: 4
$x_{4,73}$
	 $y_{4,73,73}$ = 74.83575453310311 dB
		SNR medio: 74.83575453310311
		Usuarios totais: 1
$x_{4,78}$
	 $y_{4,78,88}$ = 17.120886038928873 dB
	 $y_{4,78,89}$ = 18.48432350195864 dB
		SNR medio: 17.85589169401114
		Usuarios totais: 5
$x_{4,80}$
	 $y_{4,80,70}$ = 17.35987532063932 dB
	 $y_{4,80,71}$ = 15.121126149701468 dB
	 $y_{4,80,80}$ = 77.72748370253893 dB
		SNR medio: 72.95627752893684
		Usuarios totais: 3
$x_{4,87}$
	 $y_{4,87,77}$ = 21.005883336453877 dB
	 $y_{4,87,86}$ = 18.44821853992275 dB
	 $y_{4,87,97}$ = 19.44219176045091 dB
	 $y_{4,87,98}$ = 18.632966166828396 dB
		SNR medio: 19.505606732266024
		Usuarios totais: 5
$x_{4,92}$
	 $y_{4,92,82}$ = 31.00892206124641 dB
	 $y_{4,92,93}$ = 17.336891795865228 dB
		SNR medio: 28.18118856049273
		Usuarios totais: 2
$x_{4,95}$
	 $y_{4,95,94}$ = 18.119850572580177 dB
	 $y_{4,95,95}$ = 79.94273011567779 dB
	 $y_{4,95,96}$ = 23.670063157372553 dB
		SNR medio: 75.17153066787333
		Usuarios totais: 3
Distances:
1 : 4 = 1200.0
1 : 8 = 2800.0
1 : 17 = 2433.105012119288
1 : 24 = 1442.2205101855957
1 : 31 = 1200.0
1 : 38 = 3046.3092423455632
1 : 45 = 2262.741699796952
1 : 50 = 2039.607805437114
1 : 52 = 2039.607805437114
1 : 58 = 3440.9301068170507
1 : 66 = 3124.099870362662
1 : 73 = 2912.043955712207
1 : 78 = 3959.7979746446663
1 : 80 = 3224.9030993194197
1 : 87 = 4000.0
1 : 92 = 3622.154055254967
1 : 95 = 3939.543120718442
4 : 8 = 1600.0
4 : 17 = 1264.9110640673518
4 : 24 = 800.0
4 : 31 = 1697.0562748477141
4 : 38 = 2000.0
4 : 45 = 1649.2422502470642
4 : 50 = 2561.2496949731394
4 : 52 = 2154.0659228538016
4 : 58 = 2561.2496949731394
4 : 66 = 2529.8221281347037
4 : 73 = 2828.42712474619
4 : 78 = 3224.9030993194197
4 : 80 = 3577.7087639996635
4 : 87 = 3417.6014981270123
4 : 92 = 3687.817782917155
4 : 95 = 3622.154055254967
8 : 17 = 565.685424949238
8 : 24 = 1788.8543819998317
8 : 31 = 3046.3092423455632
8 : 38 = 1200.0
8 : 45 = 2000.0
8 : 50 = 3773.5924528226415
8 : 52 = 3124.099870362662
8 : 58 = 2000.0
8 : 66 = 2529.8221281347037
8 : 73 = 3440.9301068170507
8 : 78 = 2800.0
8 : 80 = 4525.483399593904
8 : 87 = 3224.9030993194197
8 : 92 = 4326.6615305567875
8 : 95 = 3794.7331922020553
17 : 24 = 1264.9110640673518
17 : 31 = 2529.8221281347037
17 : 38 = 894.4271909999159
17 : 45 = 1442.2205101855957
17 : 50 = 3224.9030993194197
17 : 52 = 2561.2496949731394
17 : 58 = 1649.2422502470642
17 : 66 = 2039.607805437114
17 : 73 = 2884.4410203711914
17 : 78 = 2433.105012119288
17 : 80 = 3959.7979746446663
17 : 87 = 2800.0
17 : 92 = 3773.5924528226415
17 : 95 = 3298.4845004941285
24 : 31 = 1264.9110640673518
24 : 38 = 1649.2422502470642
24 : 45 = 894.4271909999159
24 : 50 = 2000.0
24 : 52 = 1442.2205101855957
24 : 58 = 2000.0
24 : 66 = 1788.8543819998317
24 : 73 = 2039.607805437114
24 : 78 = 2561.2496949731394
24 : 80 = 2884.4410203711914
24 : 87 = 2683.281572999748
24 : 92 = 2912.043955712207
24 : 95 = 2828.42712474619
31 : 38 = 2800.0
31 : 45 = 1649.2422502470642
31 : 50 = 894.4271909999159
31 : 52 = 894.4271909999159
31 : 58 = 2912.043955712207
31 : 66 = 2332.38075793812
31 : 73 = 1788.8543819998317
31 : 78 = 3224.9030993194197
31 : 80 = 2039.607805437114
31 : 87 = 3124.099870362662
31 : 92 = 2433.105012119288
31 : 95 = 2884.4410203711914
38 : 45 = 1264.9110640673518
38 : 50 = 3298.4845004941285
38 : 52 = 2529.8221281347037
38 : 58 = 800.0
38 : 66 = 1442.2205101855957
38 : 73 = 2561.2496949731394
38 : 78 = 1600.0
38 : 80 = 3773.5924528226415
38 : 87 = 2039.607805437114
38 : 92 = 3394.1125496954282
38 : 95 = 2683.281572999748
45 : 50 = 2039.607805437114
45 : 52 = 1264.9110640673518
45 : 58 = 1264.9110640673518
45 : 66 = 894.4271909999159
45 : 73 = 1442.2205101855957
45 : 78 = 1697.0562748477141
45 : 80 = 2561.2496949731394
45 : 87 = 1788.8543819998317
45 : 92 = 2332.38075793812
45 : 95 = 2000.0
50 : 52 = 800.0
50 : 58 = 3200.0
50 : 66 = 2433.105012119288
50 : 73 = 1442.2205101855957
50 : 78 = 3298.4845004941285
50 : 80 = 1200.0
50 : 87 = 3046.3092423455632
50 : 92 = 1788.8543819998317
50 : 95 = 2561.2496949731394
52 : 58 = 2400.0
52 : 66 = 1649.2422502470642
52 : 73 = 894.4271909999159
52 : 78 = 2529.8221281347037
52 : 80 = 1442.2205101855957
52 : 87 = 2332.38075793812
52 : 92 = 1600.0
52 : 95 = 2000.0
58 : 66 = 894.4271909999159
58 : 73 = 2154.0659228538016
58 : 78 = 800.0
58 : 80 = 3417.6014981270123
58 : 87 = 1264.9110640673518
58 : 92 = 2884.4410203711914
58 : 95 = 2000.0
66 : 73 = 1264.9110640673518
66 : 78 = 894.4271909999159
66 : 80 = 2529.8221281347037
66 : 87 = 894.4271909999159
66 : 92 = 2000.0
66 : 95 = 1264.9110640673518
73 : 78 = 2000.0
73 : 80 = 1264.9110640673518
73 : 87 = 1649.2422502470642
73 : 92 = 894.4271909999159
73 : 95 = 1131.370849898476
78 : 80 = 3224.9030993194197
78 : 87 = 565.685424949238
78 : 92 = 2529.8221281347037
78 : 95 = 1442.2205101855957
80 : 87 = 2800.0
80 : 92 = 894.4271909999159
80 : 95 = 2039.607805437114
87 : 92 = 2039.607805437114
87 : 95 = 894.4271909999159
92 : 95 = 1200.0
t=5
$x_{5,1}$
	 $y_{5,1,2}$ = 18.508124801916097 dB
	 $y_{5,1,10}$ = 16.0694987839115 dB
	 $y_{5,1,22}$ = 15.131920924914596 dB
		SNR medio: 16.81175336770102
		Usuarios totais: 3
$x_{5,4}$
	 $y_{5,4,3}$ = 16.400983558135835 dB
	 $y_{5,4,5}$ = 19.115513534914058 dB
	 $y_{5,4,14}$ = 18.238510219138504 dB
		SNR medio: 18.059383331916983
		Usuarios totais: 3
$x_{5,8}$
	 $y_{5,8,18}$ = 18.179214661905178 dB
		SNR medio: 18.179214661905178
		Usuarios totais: 1
$x_{5,17}$
	 $y_{5,17,28}$ = 21.368251760662403 dB
		SNR medio: 21.368251760662403
		Usuarios totais: 1
$x_{5,24}$
	 $y_{5,24,15}$ = 15.360408927380092 dB
	 $y_{5,24,25}$ = 19.357302055970806 dB
	 $y_{5,24,34}$ = 19.221637111998263 dB
	 $y_{5,24,35}$ = 16.439124932698434 dB
		SNR medio: 17.92814759240786
		Usuarios totais: 6
$x_{5,31}$
	 $y_{5,31,21}$ = 26.230780064099932 dB
	 $y_{5,31,30}$ = 18.162256012919926 dB
	 $y_{5,31,31}$ = 76.85091221439984 dB
	 $y_{5,31,41}$ = 17.906665792446717 dB
		SNR medio: 70.83036136325268
		Usuarios totais: 6
$x_{5,38}$
	 $y_{5,38,39}$ = 23.665360115107916 dB
	 $y_{5,38,47}$ = 16.014088767629218 dB
		SNR medio: 21.343374778247522
		Usuarios totais: 3
$x_{5,45}$
	 $y_{5,45,44}$ = 21.587235188249153 dB
	 $y_{5,45,45}$ = 73.65854064721341 dB
	 $y_{5,45,46}$ = 16.64902417841479 dB
		SNR medio: 68.88736370211352
		Usuarios totais: 3
$x_{5,50}$
	 $y_{5,50,40}$ = 17.660745789104908 dB
	 $y_{5,50,60}$ = 24.84821333560855 dB
		SNR medio: 22.59738368602811
		Usuarios totais: 2
$x_{5,52}$
	 $y_{5,52,43}$ = 16.81502282024161 dB
	 $y_{5,52,53}$ = 22.536275583625553 dB
	 $y_{5,52,61}$ = 15.395719822511126 dB
		SNR medio: 19.411599887534067
		Usuarios totais: 3
$x_{5,58}$
	 $y_{5,58,48}$ = 20.891810393337224 dB
	 $y_{5,58,49}$ = 18.532350803383906 dB
	 $y_{5,58,58}$ = 86.65926303768896 dB
	 $y_{5,58,59}$ = 17.224823268439323 dB
	 $y_{5,58,69}$ = 16.105183113959143 dB
		SNR medio: 79.66956569069255
		Usuarios totais: 8
$x_{5,66}$
	 $y_{5,66,56}$ = 18.229943071382607 dB
	 $y_{5,66,57}$ = 22.41556580541426 dB
	 $y_{5,66,67}$ = 17.14793412809057 dB
	 $y_{5,66,76}$ = 15.912382864899016 dB
		SNR medio: 19.188182625829576
		Usuarios totais: 9
$x_{5,73}$
	 $y_{5,73,63}$ = 18.681635748452308 dB
	 $y_{5,73,72}$ = 17.8551071591547 dB
	 $y_{5,73,84}$ = 15.264235523373557 dB
		SNR medio: 17.493501554913856
		Usuarios totais: 4
$x_{5,78}$
	 $y_{5,78,78}$ = 81.1621484703069 dB
	 $y_{5,78,88}$ = 17.120886038928873 dB
		SNR medio: 78.15185022627514
		Usuarios totais: 2
$x_{5,80}$
	 $y_{5,80,70}$ = 17.35987532063932 dB
	 $y_{5,80,80}$ = 77.72748370253893 dB
		SNR medio: 74.71718773636199
		Usuarios totais: 2
$x_{5,87}$
	 $y_{5,87,97}$ = 19.44219176045091 dB
		SNR medio: 19.44219176045091
		Usuarios totais: 2
$x_{5,92}$
		Usuarios totais: 0
$x_{5,95}$
	 $y_{5,95,85}$ = 17.226853649065205 dB
	 $y_{5,95,96}$ = 23.670063157372553 dB
		SNR medio: 21.547567427776958
		Usuarios totais: 2
Distances:
1 : 4 = 1200.0
1 : 8 = 2800.0
1 : 17 = 2433.105012119288
1 : 24 = 1442.2205101855957
1 : 31 = 1200.0
1 : 38 = 3046.3092423455632
1 : 45 = 2262.741699796952
1 : 50 = 2039.607805437114
1 : 52 = 2039.607805437114
1 : 58 = 3440.9301068170507
1 : 66 = 3124.099870362662
1 : 73 = 2912.043955712207
1 : 78 = 3959.7979746446663
1 : 80 = 3224.9030993194197
1 : 87 = 4000.0
1 : 92 = 3622.154055254967
1 : 95 = 3939.543120718442
4 : 8 = 1600.0
4 : 17 = 1264.9110640673518
4 : 24 = 800.0
4 : 31 = 1697.0562748477141
4 : 38 = 2000.0
4 : 45 = 1649.2422502470642
4 : 50 = 2561.2496949731394
4 : 52 = 2154.0659228538016
4 : 58 = 2561.2496949731394
4 : 66 = 2529.8221281347037
4 : 73 = 2828.42712474619
4 : 78 = 3224.9030993194197
4 : 80 = 3577.7087639996635
4 : 87 = 3417.6014981270123
4 : 92 = 3687.817782917155
4 : 95 = 3622.154055254967
8 : 17 = 565.685424949238
8 : 24 = 1788.8543819998317
8 : 31 = 3046.3092423455632
8 : 38 = 1200.0
8 : 45 = 2000.0
8 : 50 = 3773.5924528226415
8 : 52 = 3124.099870362662
8 : 58 = 2000.0
8 : 66 = 2529.8221281347037
8 : 73 = 3440.9301068170507
8 : 78 = 2800.0
8 : 80 = 4525.483399593904
8 : 87 = 3224.9030993194197
8 : 92 = 4326.6615305567875
8 : 95 = 3794.7331922020553
17 : 24 = 1264.9110640673518
17 : 31 = 2529.8221281347037
17 : 38 = 894.4271909999159
17 : 45 = 1442.2205101855957
17 : 50 = 3224.9030993194197
17 : 52 = 2561.2496949731394
17 : 58 = 1649.2422502470642
17 : 66 = 2039.607805437114
17 : 73 = 2884.4410203711914
17 : 78 = 2433.105012119288
17 : 80 = 3959.7979746446663
17 : 87 = 2800.0
17 : 92 = 3773.5924528226415
17 : 95 = 3298.4845004941285
24 : 31 = 1264.9110640673518
24 : 38 = 1649.2422502470642
24 : 45 = 894.4271909999159
24 : 50 = 2000.0
24 : 52 = 1442.2205101855957
24 : 58 = 2000.0
24 : 66 = 1788.8543819998317
24 : 73 = 2039.607805437114
24 : 78 = 2561.2496949731394
24 : 80 = 2884.4410203711914
24 : 87 = 2683.281572999748
24 : 92 = 2912.043955712207
24 : 95 = 2828.42712474619
31 : 38 = 2800.0
31 : 45 = 1649.2422502470642
31 : 50 = 894.4271909999159
31 : 52 = 894.4271909999159
31 : 58 = 2912.043955712207
31 : 66 = 2332.38075793812
31 : 73 = 1788.8543819998317
31 : 78 = 3224.9030993194197
31 : 80 = 2039.607805437114
31 : 87 = 3124.099870362662
31 : 92 = 2433.105012119288
31 : 95 = 2884.4410203711914
38 : 45 = 1264.9110640673518
38 : 50 = 3298.4845004941285
38 : 52 = 2529.8221281347037
38 : 58 = 800.0
38 : 66 = 1442.2205101855957
38 : 73 = 2561.2496949731394
38 : 78 = 1600.0
38 : 80 = 3773.5924528226415
38 : 87 = 2039.607805437114
38 : 92 = 3394.1125496954282
38 : 95 = 2683.281572999748
45 : 50 = 2039.607805437114
45 : 52 = 1264.9110640673518
45 : 58 = 1264.9110640673518
45 : 66 = 894.4271909999159
45 : 73 = 1442.2205101855957
45 : 78 = 1697.0562748477141
45 : 80 = 2561.2496949731394
45 : 87 = 1788.8543819998317
45 : 92 = 2332.38075793812
45 : 95 = 2000.0
50 : 52 = 800.0
50 : 58 = 3200.0
50 : 66 = 2433.105012119288
50 : 73 = 1442.2205101855957
50 : 78 = 3298.4845004941285
50 : 80 = 1200.0
50 : 87 = 3046.3092423455632
50 : 92 = 1788.8543819998317
50 : 95 = 2561.2496949731394
52 : 58 = 2400.0
52 : 66 = 1649.2422502470642
52 : 73 = 894.4271909999159
52 : 78 = 2529.8221281347037
52 : 80 = 1442.2205101855957
52 : 87 = 2332.38075793812
52 : 92 = 1600.0
52 : 95 = 2000.0
58 : 66 = 894.4271909999159
58 : 73 = 2154.0659228538016
58 : 78 = 800.0
58 : 80 = 3417.6014981270123
58 : 87 = 1264.9110640673518
58 : 92 = 2884.4410203711914
58 : 95 = 2000.0
66 : 73 = 1264.9110640673518
66 : 78 = 894.4271909999159
66 : 80 = 2529.8221281347037
66 : 87 = 894.4271909999159
66 : 92 = 2000.0
66 : 95 = 1264.9110640673518
73 : 78 = 2000.0
73 : 80 = 1264.9110640673518
73 : 87 = 1649.2422502470642
73 : 92 = 894.4271909999159
73 : 95 = 1131.370849898476
78 : 80 = 3224.9030993194197
78 : 87 = 565.685424949238
78 : 92 = 2529.8221281347037
78 : 95 = 1442.2205101855957
80 : 87 = 2800.0
80 : 92 = 894.4271909999159
80 : 95 = 2039.607805437114
87 : 92 = 2039.607805437114
87 : 95 = 894.4271909999159
92 : 95 = 1200.0
t=6
$x_{6,1}$
	 $y_{6,1,2}$ = 18.508124801916097 dB
	 $y_{6,1,10}$ = 16.0694987839115 dB
	 $y_{6,1,22}$ = 15.131920924914596 dB
		SNR medio: 16.81175336770102
		Usuarios totais: 6
$x_{6,4}$
		Usuarios totais: 0
$x_{6,8}$
	 $y_{6,8,7}$ = 24.983919698742028 dB
	 $y_{6,8,9}$ = 19.110858413030073 dB
		SNR medio: 22.972631298347782
		Usuarios totais: 2
$x_{6,17}$
	 $y_{6,17,6}$ = 19.426591607358674 dB
	 $y_{6,17,16}$ = 19.94548496214449 dB
	 $y_{6,17,17}$ = 72.54395902248947 dB
	 $y_{6,17,27}$ = 25.124965144013785 dB
		SNR medio: 66.52348285174989
		Usuarios totais: 6
$x_{6,24}$
	 $y_{6,24,23}$ = 15.135244219331724 dB
	 $y_{6,24,24}$ = 72.78608591787996 dB
	 $y_{6,24,33}$ = 16.363107989636447 dB
	 $y_{6,24,35}$ = 16.439124932698434 dB
		SNR medio: 66.76551343182281
		Usuarios totais: 5
$x_{6,31}$
		Usuarios totais: 0
$x_{6,38}$
	 $y_{6,38,28}$ = 17.62387059143053 dB
	 $y_{6,38,29}$ = 15.081223736841281 dB
	 $y_{6,38,38}$ = 78.51353181547536 dB
	 $y_{6,38,39}$ = 23.665360115107916 dB
		SNR medio: 72.49295163325039
		Usuarios totais: 5
$x_{6,45}$
	 $y_{6,45,36}$ = 16.684231792087033 dB
	 $y_{6,45,45}$ = 73.65854064721341 dB
	 $y_{6,45,46}$ = 16.64902417841479 dB
	 $y_{6,45,55}$ = 18.912929923519954 dB
		SNR medio: 67.63797265896432
		Usuarios totais: 6
$x_{6,50}$
	 $y_{6,50,40}$ = 17.660745789104908 dB
		SNR medio: 17.660745789104908
		Usuarios totais: 1
$x_{6,52}$
	 $y_{6,52,42}$ = 15.581523456950649 dB
	 $y_{6,52,43}$ = 16.81502282024161 dB
	 $y_{6,52,51}$ = 21.564425836858888 dB
	 $y_{6,52,52}$ = 80.89840605880468 dB
	 $y_{6,52,61}$ = 15.395719822511126 dB
	 $y_{6,52,62}$ = 30.945775575214483 dB
		SNR medio: 73.1169467191778
		Usuarios totais: 6
$x_{6,58}$
	 $y_{6,58,47}$ = 19.969336114916914 dB
	 $y_{6,58,48}$ = 20.891810393337224 dB
		SNR medio: 20.45501991215078
		Usuarios totais: 2
$x_{6,66}$
	 $y_{6,66,56}$ = 18.229943071382607 dB
	 $y_{6,66,65}$ = 21.197850280433713 dB
	 $y_{6,66,66}$ = 82.12178855268427 dB
	 $y_{6,66,75}$ = 19.31389172854631 dB
		SNR medio: 76.10119619769638
		Usuarios totais: 5
$x_{6,73}$
	 $y_{6,73,63}$ = 18.681635748452308 dB
	 $y_{6,73,64}$ = 15.79995849145324 dB
	 $y_{6,73,73}$ = 74.83575453310311 dB
	 $y_{6,73,74}$ = 17.121114264376203 dB
	 $y_{6,73,83}$ = 26.042528648979143 dB
	 $y_{6,73,84}$ = 15.264235523373557 dB
		SNR medio: 67.05432746400032
		Usuarios totais: 7
$x_{6,78}$
	 $y_{6,78,78}$ = 81.1621484703069 dB
	 $y_{6,78,88}$ = 17.120886038928873 dB
	 $y_{6,78,89}$ = 18.48432350195864 dB
		SNR medio: 76.39093997995539
		Usuarios totais: 3
$x_{6,80}$
	 $y_{6,80,80}$ = 77.72748370253893 dB
		SNR medio: 77.72748370253893
		Usuarios totais: 2
$x_{6,87}$
		Usuarios totais: 0
$x_{6,92}$
	 $y_{6,92,81}$ = 18.581499040748525 dB
	 $y_{6,92,90}$ = 16.698158582924947 dB
		SNR medio: 17.741128792874036
		Usuarios totais: 2
$x_{6,95}$
	 $y_{6,95,94}$ = 18.119850572580177 dB
		SNR medio: 18.119850572580177
		Usuarios totais: 2
Distances:
1 : 4 = 1200.0
1 : 8 = 2800.0
1 : 17 = 2433.105012119288
1 : 24 = 1442.2205101855957
1 : 31 = 1200.0
1 : 38 = 3046.3092423455632
1 : 45 = 2262.741699796952
1 : 50 = 2039.607805437114
1 : 52 = 2039.607805437114
1 : 58 = 3440.9301068170507
1 : 66 = 3124.099870362662
1 : 73 = 2912.043955712207
1 : 78 = 3959.7979746446663
1 : 80 = 3224.9030993194197
1 : 87 = 4000.0
1 : 92 = 3622.154055254967
1 : 95 = 3939.543120718442
4 : 8 = 1600.0
4 : 17 = 1264.9110640673518
4 : 24 = 800.0
4 : 31 = 1697.0562748477141
4 : 38 = 2000.0
4 : 45 = 1649.2422502470642
4 : 50 = 2561.2496949731394
4 : 52 = 2154.0659228538016
4 : 58 = 2561.2496949731394
4 : 66 = 2529.8221281347037
4 : 73 = 2828.42712474619
4 : 78 = 3224.9030993194197
4 : 80 = 3577.7087639996635
4 : 87 = 3417.6014981270123
4 : 92 = 3687.817782917155
4 : 95 = 3622.154055254967
8 : 17 = 565.685424949238
8 : 24 = 1788.8543819998317
8 : 31 = 3046.3092423455632
8 : 38 = 1200.0
8 : 45 = 2000.0
8 : 50 = 3773.5924528226415
8 : 52 = 3124.099870362662
8 : 58 = 2000.0
8 : 66 = 2529.8221281347037
8 : 73 = 3440.9301068170507
8 : 78 = 2800.0
8 : 80 = 4525.483399593904
8 : 87 = 3224.9030993194197
8 : 92 = 4326.6615305567875
8 : 95 = 3794.7331922020553
17 : 24 = 1264.9110640673518
17 : 31 = 2529.8221281347037
17 : 38 = 894.4271909999159
17 : 45 = 1442.2205101855957
17 : 50 = 3224.9030993194197
17 : 52 = 2561.2496949731394
17 : 58 = 1649.2422502470642
17 : 66 = 2039.607805437114
17 : 73 = 2884.4410203711914
17 : 78 = 2433.105012119288
17 : 80 = 3959.7979746446663
17 : 87 = 2800.0
17 : 92 = 3773.5924528226415
17 : 95 = 3298.4845004941285
24 : 31 = 1264.9110640673518
24 : 38 = 1649.2422502470642
24 : 45 = 894.4271909999159
24 : 50 = 2000.0
24 : 52 = 1442.2205101855957
24 : 58 = 2000.0
24 : 66 = 1788.8543819998317
24 : 73 = 2039.607805437114
24 : 78 = 2561.2496949731394
24 : 80 = 2884.4410203711914
24 : 87 = 2683.281572999748
24 : 92 = 2912.043955712207
24 : 95 = 2828.42712474619
31 : 38 = 2800.0
31 : 45 = 1649.2422502470642
31 : 50 = 894.4271909999159
31 : 52 = 894.4271909999159
31 : 58 = 2912.043955712207
31 : 66 = 2332.38075793812
31 : 73 = 1788.8543819998317
31 : 78 = 3224.9030993194197
31 : 80 = 2039.607805437114
31 : 87 = 3124.099870362662
31 : 92 = 2433.105012119288
31 : 95 = 2884.4410203711914
38 : 45 = 1264.9110640673518
38 : 50 = 3298.4845004941285
38 : 52 = 2529.8221281347037
38 : 58 = 800.0
38 : 66 = 1442.2205101855957
38 : 73 = 2561.2496949731394
38 : 78 = 1600.0
38 : 80 = 3773.5924528226415
38 : 87 = 2039.607805437114
38 : 92 = 3394.1125496954282
38 : 95 = 2683.281572999748
45 : 50 = 2039.607805437114
45 : 52 = 1264.9110640673518
45 : 58 = 1264.9110640673518
45 : 66 = 894.4271909999159
45 : 73 = 1442.2205101855957
45 : 78 = 1697.0562748477141
45 : 80 = 2561.2496949731394
45 : 87 = 1788.8543819998317
45 : 92 = 2332.38075793812
45 : 95 = 2000.0
50 : 52 = 800.0
50 : 58 = 3200.0
50 : 66 = 2433.105012119288
50 : 73 = 1442.2205101855957
50 : 78 = 3298.4845004941285
50 : 80 = 1200.0
50 : 87 = 3046.3092423455632
50 : 92 = 1788.8543819998317
50 : 95 = 2561.2496949731394
52 : 58 = 2400.0
52 : 66 = 1649.2422502470642
52 : 73 = 894.4271909999159
52 : 78 = 2529.8221281347037
52 : 80 = 1442.2205101855957
52 : 87 = 2332.38075793812
52 : 92 = 1600.0
52 : 95 = 2000.0
58 : 66 = 894.4271909999159
58 : 73 = 2154.0659228538016
58 : 78 = 800.0
58 : 80 = 3417.6014981270123
58 : 87 = 1264.9110640673518
58 : 92 = 2884.4410203711914
58 : 95 = 2000.0
66 : 73 = 1264.9110640673518
66 : 78 = 894.4271909999159
66 : 80 = 2529.8221281347037
66 : 87 = 894.4271909999159
66 : 92 = 2000.0
66 : 95 = 1264.9110640673518
73 : 78 = 2000.0
73 : 80 = 1264.9110640673518
73 : 87 = 1649.2422502470642
73 : 92 = 894.4271909999159
73 : 95 = 1131.370849898476
78 : 80 = 3224.9030993194197
78 : 87 = 565.685424949238
78 : 92 = 2529.8221281347037
78 : 95 = 1442.2205101855957
80 : 87 = 2800.0
80 : 92 = 894.4271909999159
80 : 95 = 2039.607805437114
87 : 92 = 2039.607805437114
87 : 95 = 894.4271909999159
92 : 95 = 1200.0
t=7
$x_{7,1}$
	 $y_{7,1,11}$ = 17.604707659314258 dB
		SNR medio: 17.604707659314258
		Usuarios totais: 1
$x_{7,4}$
	 $y_{7,4,3}$ = 16.400983558135835 dB
	 $y_{7,4,4}$ = 82.56083169500195 dB
	 $y_{7,4,13}$ = 20.26377846596877 dB
	 $y_{7,4,14}$ = 18.238510219138504 dB
		SNR medio: 76.54023699753185
		Usuarios totais: 5
$x_{7,8}$
	 $y_{7,8,8}$ = 82.86983513969047 dB
	 $y_{7,8,19}$ = 16.783052615888337 dB
		SNR medio: 79.8595362523665
		Usuarios totais: 2
$x_{7,17}$
	 $y_{7,17,16}$ = 19.94548496214449 dB
	 $y_{7,17,17}$ = 72.54395902248947 dB
	 $y_{7,17,25}$ = 16.47989492462156 dB
	 $y_{7,17,26}$ = 15.375112516190072 dB
		SNR medio: 66.52340206777087
		Usuarios totais: 7
$x_{7,24}$
	 $y_{7,24,15}$ = 15.360408927380092 dB
	 $y_{7,24,33}$ = 16.363107989636447 dB
		SNR medio: 15.89063230689225
		Usuarios totais: 2
$x_{7,31}$
	 $y_{7,31,21}$ = 26.230780064099932 dB
	 $y_{7,31,32}$ = 21.356681936533946 dB
	 $y_{7,31,41}$ = 17.906665792446717 dB
		SNR medio: 23.140478042963572
		Usuarios totais: 3
$x_{7,38}$
	 $y_{7,38,29}$ = 15.081223736841281 dB
	 $y_{7,38,37}$ = 15.658175297794642 dB
	 $y_{7,38,39}$ = 23.665360115107916 dB
		SNR medio: 20.022780139852348
		Usuarios totais: 5
$x_{7,45}$
	 $y_{7,45,36}$ = 16.684231792087033 dB
	 $y_{7,45,54}$ = 25.627689920205 dB
		SNR medio: 23.138718333883585
		Usuarios totais: 2
$x_{7,50}$
	 $y_{7,50,51}$ = 21.605589987810973 dB
		SNR medio: 21.605589987810973
		Usuarios totais: 2
$x_{7,52}$
	 $y_{7,52,42}$ = 15.581523456950649 dB
	 $y_{7,52,52}$ = 80.89840605880468 dB
	 $y_{7,52,60}$ = 15.203780771238087 dB
	 $y_{7,52,62}$ = 30.945775575214483 dB
		SNR medio: 74.87785249810119
		Usuarios totais: 5
$x_{7,58}$
	 $y_{7,58,48}$ = 20.891810393337224 dB
	 $y_{7,58,49}$ = 18.532350803383906 dB
	 $y_{7,58,69}$ = 16.105183113959143 dB
		SNR medio: 18.93772256242841
		Usuarios totais: 5
$x_{7,66}$
	 $y_{7,66,56}$ = 18.229943071382607 dB
	 $y_{7,66,67}$ = 17.14793412809057 dB
	 $y_{7,66,75}$ = 19.31389172854631 dB
	 $y_{7,66,76}$ = 15.912382864899016 dB
	 $y_{7,66,99}$ = 20.828316656749763 dB
		SNR medio: 18.61888829626117
		Usuarios totais: 5
$x_{7,73}$
	 $y_{7,73,63}$ = 18.681635748452308 dB
	 $y_{7,73,64}$ = 15.79995849145324 dB
	 $y_{7,73,72}$ = 17.8551071591547 dB
	 $y_{7,73,73}$ = 74.83575453310311 dB
	 $y_{7,73,83}$ = 26.042528648979143 dB
		SNR medio: 67.84613648472344
		Usuarios totais: 7
$x_{7,78}$
	 $y_{7,78,78}$ = 81.1621484703069 dB
	 $y_{7,78,79}$ = 28.64361807582887 dB
		SNR medio: 78.15187283179039
		Usuarios totais: 2
$x_{7,80}$
		Usuarios totais: 0
$x_{7,87}$
	 $y_{7,87,97}$ = 19.44219176045091 dB
		SNR medio: 19.44219176045091
		Usuarios totais: 1
$x_{7,92}$
	 $y_{7,92,93}$ = 17.336891795865228 dB
		SNR medio: 17.336891795865228
		Usuarios totais: 2
$x_{7,95}$
	 $y_{7,95,86}$ = 24.099735241189677 dB
	 $y_{7,95,94}$ = 18.119850572580177 dB
	 $y_{7,95,95}$ = 79.94273011567779 dB
	 $y_{7,95,96}$ = 23.670063157372553 dB
		SNR medio: 73.92215461232014
		Usuarios totais: 4
Distances:
1 : 4 = 1200.0
1 : 8 = 2800.0
1 : 17 = 2433.105012119288
1 : 24 = 1442.2205101855957
1 : 31 = 1200.0
1 : 38 = 3046.3092423455632
1 : 45 = 2262.741699796952
1 : 50 = 2039.607805437114
1 : 52 = 2039.607805437114
1 : 58 = 3440.9301068170507
1 : 66 = 3124.099870362662
1 : 73 = 2912.043955712207
1 : 78 = 3959.7979746446663
1 : 80 = 3224.9030993194197
1 : 87 = 4000.0
1 : 92 = 3622.154055254967
1 : 95 = 3939.543120718442
4 : 8 = 1600.0
4 : 17 = 1264.9110640673518
4 : 24 = 800.0
4 : 31 = 1697.0562748477141
4 : 38 = 2000.0
4 : 45 = 1649.2422502470642
4 : 50 = 2561.2496949731394
4 : 52 = 2154.0659228538016
4 : 58 = 2561.2496949731394
4 : 66 = 2529.8221281347037
4 : 73 = 2828.42712474619
4 : 78 = 3224.9030993194197
4 : 80 = 3577.7087639996635
4 : 87 = 3417.6014981270123
4 : 92 = 3687.817782917155
4 : 95 = 3622.154055254967
8 : 17 = 565.685424949238
8 : 24 = 1788.8543819998317
8 : 31 = 3046.3092423455632
8 : 38 = 1200.0
8 : 45 = 2000.0
8 : 50 = 3773.5924528226415
8 : 52 = 3124.099870362662
8 : 58 = 2000.0
8 : 66 = 2529.8221281347037
8 : 73 = 3440.9301068170507
8 : 78 = 2800.0
8 : 80 = 4525.483399593904
8 : 87 = 3224.9030993194197
8 : 92 = 4326.6615305567875
8 : 95 = 3794.7331922020553
17 : 24 = 1264.9110640673518
17 : 31 = 2529.8221281347037
17 : 38 = 894.4271909999159
17 : 45 = 1442.2205101855957
17 : 50 = 3224.9030993194197
17 : 52 = 2561.2496949731394
17 : 58 = 1649.2422502470642
17 : 66 = 2039.607805437114
17 : 73 = 2884.4410203711914
17 : 78 = 2433.105012119288
17 : 80 = 3959.7979746446663
17 : 87 = 2800.0
17 : 92 = 3773.5924528226415
17 : 95 = 3298.4845004941285
24 : 31 = 1264.9110640673518
24 : 38 = 1649.2422502470642
24 : 45 = 894.4271909999159
24 : 50 = 2000.0
24 : 52 = 1442.2205101855957
24 : 58 = 2000.0
24 : 66 = 1788.8543819998317
24 : 73 = 2039.607805437114
24 : 78 = 2561.2496949731394
24 : 80 = 2884.4410203711914
24 : 87 = 2683.281572999748
24 : 92 = 2912.043955712207
24 : 95 = 2828.42712474619
31 : 38 = 2800.0
31 : 45 = 1649.2422502470642
31 : 50 = 894.4271909999159
31 : 52 = 894.4271909999159
31 : 58 = 2912.043955712207
31 : 66 = 2332.38075793812
31 : 73 = 1788.8543819998317
31 : 78 = 3224.9030993194197
31 : 80 = 2039.607805437114
31 : 87 = 3124.099870362662
31 : 92 = 2433.105012119288
31 : 95 = 2884.4410203711914
38 : 45 = 1264.9110640673518
38 : 50 = 3298.4845004941285
38 : 52 = 2529.8221281347037
38 : 58 = 800.0
38 : 66 = 1442.2205101855957
38 : 73 = 2561.2496949731394
38 : 78 = 1600.0
38 : 80 = 3773.5924528226415
38 : 87 = 2039.607805437114
38 : 92 = 3394.1125496954282
38 : 95 = 2683.281572999748
45 : 50 = 2039.607805437114
45 : 52 = 1264.9110640673518
45 : 58 = 1264.9110640673518
45 : 66 = 894.4271909999159
45 : 73 = 1442.2205101855957
45 : 78 = 1697.0562748477141
45 : 80 = 2561.2496949731394
45 : 87 = 1788.8543819998317
45 : 92 = 2332.38075793812
45 : 95 = 2000.0
50 : 52 = 800.0
50 : 58 = 3200.0
50 : 66 = 2433.105012119288
50 : 73 = 1442.2205101855957
50 : 78 = 3298.4845004941285
50 : 80 = 1200.0
50 : 87 = 3046.3092423455632
50 : 92 = 1788.8543819998317
50 : 95 = 2561.2496949731394
52 : 58 = 2400.0
52 : 66 = 1649.2422502470642
52 : 73 = 894.4271909999159
52 : 78 = 2529.8221281347037
52 : 80 = 1442.2205101855957
52 : 87 = 2332.38075793812
52 : 92 = 1600.0
52 : 95 = 2000.0
58 : 66 = 894.4271909999159
58 : 73 = 2154.0659228538016
58 : 78 = 800.0
58 : 80 = 3417.6014981270123
58 : 87 = 1264.9110640673518
58 : 92 = 2884.4410203711914
58 : 95 = 2000.0
66 : 73 = 1264.9110640673518
66 : 78 = 894.4271909999159
66 : 80 = 2529.8221281347037
66 : 87 = 894.4271909999159
66 : 92 = 2000.0
66 : 95 = 1264.9110640673518
73 : 78 = 2000.0
73 : 80 = 1264.9110640673518
73 : 87 = 1649.2422502470642
73 : 92 = 894.4271909999159
73 : 95 = 1131.370849898476
78 : 80 = 3224.9030993194197
78 : 87 = 565.685424949238
78 : 92 = 2529.8221281347037
78 : 95 = 1442.2205101855957
80 : 87 = 2800.0
80 : 92 = 894.4271909999159
80 : 95 = 2039.607805437114
87 : 92 = 2039.607805437114
87 : 95 = 894.4271909999159
92 : 95 = 1200.0
t=8
$x_{8,1}$
	 $y_{8,1,10}$ = 16.0694987839115 dB
	 $y_{8,1,11}$ = 17.604707659314258 dB
	 $y_{8,1,12}$ = 15.451261861603626 dB
	 $y_{8,1,22}$ = 15.131920924914596 dB
		SNR medio: 16.173746531843697
		Usuarios totais: 7
$x_{8,4}$
	 $y_{8,4,5}$ = 19.115513534914058 dB
	 $y_{8,4,13}$ = 20.26377846596877 dB
	 $y_{8,4,14}$ = 18.238510219138504 dB
	 $y_{8,4,15}$ = 15.01928915538106 dB
		SNR medio: 18.546964856201168
		Usuarios totais: 5
$x_{8,8}$
	 $y_{8,8,9}$ = 19.110858413030073 dB
		SNR medio: 19.110858413030073
		Usuarios totais: 1
$x_{8,17}$
	 $y_{8,17,7}$ = 21.046613285049418 dB
	 $y_{8,17,17}$ = 72.54395902248947 dB
	 $y_{8,17,18}$ = 16.524254127481555 dB
		SNR medio: 67.77278809918445
		Usuarios totais: 3
$x_{8,24}$
	 $y_{8,24,25}$ = 19.357302055970806 dB
	 $y_{8,24,33}$ = 16.363107989636447 dB
	 $y_{8,24,34}$ = 19.221637111998263 dB
	 $y_{8,24,35}$ = 16.439124932698434 dB
		SNR medio: 18.081519114797988
		Usuarios totais: 7
$x_{8,31}$
	 $y_{8,31,20}$ = 15.161660273475832 dB
	 $y_{8,31,21}$ = 26.230780064099932 dB
	 $y_{8,31,31}$ = 76.85091221439984 dB
	 $y_{8,31,32}$ = 21.356681936533946 dB
	 $y_{8,31,41}$ = 17.906665792446717 dB
		SNR medio: 69.8612705590833
		Usuarios totais: 6
$x_{8,38}$
	 $y_{8,38,29}$ = 15.081223736841281 dB
	 $y_{8,38,37}$ = 15.658175297794642 dB
	 $y_{8,38,38}$ = 78.51353181547536 dB
	 $y_{8,38,39}$ = 23.665360115107916 dB
		SNR medio: 72.49295034510698
		Usuarios totais: 5
$x_{8,45}$
	 $y_{8,45,36}$ = 16.684231792087033 dB
	 $y_{8,45,44}$ = 21.587235188249153 dB
	 $y_{8,45,54}$ = 25.627689920205 dB
		SNR medio: 22.680504865397403
		Usuarios totais: 3
$x_{8,50}$
		Usuarios totais: 0
$x_{8,52}$
	 $y_{8,52,42}$ = 15.581523456950649 dB
	 $y_{8,52,43}$ = 16.81502282024161 dB
	 $y_{8,52,51}$ = 21.564425836858888 dB
	 $y_{8,52,53}$ = 22.536275583625553 dB
	 $y_{8,52,61}$ = 15.395719822511126 dB
		SNR medio: 19.459669881471065
		Usuarios totais: 7
$x_{8,58}$
	 $y_{8,58,49}$ = 18.532350803383906 dB
		SNR medio: 18.532350803383906
		Usuarios totais: 1
$x_{8,66}$
	 $y_{8,66,55}$ = 20.204969739865476 dB
	 $y_{8,66,67}$ = 17.14793412809057 dB
		SNR medio: 18.940059636804826
		Usuarios totais: 3
$x_{8,73}$
	 $y_{8,73,63}$ = 18.681635748452308 dB
	 $y_{8,73,72}$ = 17.8551071591547 dB
	 $y_{8,73,73}$ = 74.83575453310311 dB
	 $y_{8,73,74}$ = 17.121114264376203 dB
	 $y_{8,73,83}$ = 26.042528648979143 dB
	 $y_{8,73,84}$ = 15.264235523373557 dB
		SNR medio: 67.05433074538414
		Usuarios totais: 10
$x_{8,78}$
	 $y_{8,78,77}$ = 18.1235225208671 dB
		SNR medio: 18.1235225208671
		Usuarios totais: 1
$x_{8,80}$
	 $y_{8,80,80}$ = 77.72748370253893 dB
		SNR medio: 77.72748370253893
		Usuarios totais: 1
$x_{8,87}$
		Usuarios totais: 0
$x_{8,92}$
		Usuarios totais: 0
$x_{8,95}$
		Usuarios totais: 0
Distances:
1 : 4 = 1200.0
1 : 8 = 2800.0
1 : 17 = 2433.105012119288
1 : 24 = 1442.2205101855957
1 : 31 = 1200.0
1 : 38 = 3046.3092423455632
1 : 45 = 2262.741699796952
1 : 50 = 2039.607805437114
1 : 52 = 2039.607805437114
1 : 58 = 3440.9301068170507
1 : 66 = 3124.099870362662
1 : 73 = 2912.043955712207
1 : 78 = 3959.7979746446663
1 : 80 = 3224.9030993194197
1 : 87 = 4000.0
1 : 92 = 3622.154055254967
1 : 95 = 3939.543120718442
4 : 8 = 1600.0
4 : 17 = 1264.9110640673518
4 : 24 = 800.0
4 : 31 = 1697.0562748477141
4 : 38 = 2000.0
4 : 45 = 1649.2422502470642
4 : 50 = 2561.2496949731394
4 : 52 = 2154.0659228538016
4 : 58 = 2561.2496949731394
4 : 66 = 2529.8221281347037
4 : 73 = 2828.42712474619
4 : 78 = 3224.9030993194197
4 : 80 = 3577.7087639996635
4 : 87 = 3417.6014981270123
4 : 92 = 3687.817782917155
4 : 95 = 3622.154055254967
8 : 17 = 565.685424949238
8 : 24 = 1788.8543819998317
8 : 31 = 3046.3092423455632
8 : 38 = 1200.0
8 : 45 = 2000.0
8 : 50 = 3773.5924528226415
8 : 52 = 3124.099870362662
8 : 58 = 2000.0
8 : 66 = 2529.8221281347037
8 : 73 = 3440.9301068170507
8 : 78 = 2800.0
8 : 80 = 4525.483399593904
8 : 87 = 3224.9030993194197
8 : 92 = 4326.6615305567875
8 : 95 = 3794.7331922020553
17 : 24 = 1264.9110640673518
17 : 31 = 2529.8221281347037
17 : 38 = 894.4271909999159
17 : 45 = 1442.2205101855957
17 : 50 = 3224.9030993194197
17 : 52 = 2561.2496949731394
17 : 58 = 1649.2422502470642
17 : 66 = 2039.607805437114
17 : 73 = 2884.4410203711914
17 : 78 = 2433.105012119288
17 : 80 = 3959.7979746446663
17 : 87 = 2800.0
17 : 92 = 3773.5924528226415
17 : 95 = 3298.4845004941285
24 : 31 = 1264.9110640673518
24 : 38 = 1649.2422502470642
24 : 45 = 894.4271909999159
24 : 50 = 2000.0
24 : 52 = 1442.2205101855957
24 : 58 = 2000.0
24 : 66 = 1788.8543819998317
24 : 73 = 2039.607805437114
24 : 78 = 2561.2496949731394
24 : 80 = 2884.4410203711914
24 : 87 = 2683.281572999748
24 : 92 = 2912.043955712207
24 : 95 = 2828.42712474619
31 : 38 = 2800.0
31 : 45 = 1649.2422502470642
31 : 50 = 894.4271909999159
31 : 52 = 894.4271909999159
31 : 58 = 2912.043955712207
31 : 66 = 2332.38075793812
31 : 73 = 1788.8543819998317
31 : 78 = 3224.9030993194197
31 : 80 = 2039.607805437114
31 : 87 = 3124.099870362662
31 : 92 = 2433.105012119288
31 : 95 = 2884.4410203711914
38 : 45 = 1264.9110640673518
38 : 50 = 3298.4845004941285
38 : 52 = 2529.8221281347037
38 : 58 = 800.0
38 : 66 = 1442.2205101855957
38 : 73 = 2561.2496949731394
38 : 78 = 1600.0
38 : 80 = 3773.5924528226415
38 : 87 = 2039.607805437114
38 : 92 = 3394.1125496954282
38 : 95 = 2683.281572999748
45 : 50 = 2039.607805437114
45 : 52 = 1264.9110640673518
45 : 58 = 1264.9110640673518
45 : 66 = 894.4271909999159
45 : 73 = 1442.2205101855957
45 : 78 = 1697.0562748477141
45 : 80 = 2561.2496949731394
45 : 87 = 1788.8543819998317
45 : 92 = 2332.38075793812
45 : 95 = 2000.0
50 : 52 = 800.0
50 : 58 = 3200.0
50 : 66 = 2433.105012119288
50 : 73 = 1442.2205101855957
50 : 78 = 3298.4845004941285
50 : 80 = 1200.0
50 : 87 = 3046.3092423455632
50 : 92 = 1788.8543819998317
50 : 95 = 2561.2496949731394
52 : 58 = 2400.0
52 : 66 = 1649.2422502470642
52 : 73 = 894.4271909999159
52 : 78 = 2529.8221281347037
52 : 80 = 1442.2205101855957
52 : 87 = 2332.38075793812
52 : 92 = 1600.0
52 : 95 = 2000.0
58 : 66 = 894.4271909999159
58 : 73 = 2154.0659228538016
58 : 78 = 800.0
58 : 80 = 3417.6014981270123
58 : 87 = 1264.9110640673518
58 : 92 = 2884.4410203711914
58 : 95 = 2000.0
66 : 73 = 1264.9110640673518
66 : 78 = 894.4271909999159
66 : 80 = 2529.8221281347037
66 : 87 = 894.4271909999159
66 : 92 = 2000.0
66 : 95 = 1264.9110640673518
73 : 78 = 2000.0
73 : 80 = 1264.9110640673518
73 : 87 = 1649.2422502470642
73 : 92 = 894.4271909999159
73 : 95 = 1131.370849898476
78 : 80 = 3224.9030993194197
78 : 87 = 565.685424949238
78 : 92 = 2529.8221281347037
78 : 95 = 1442.2205101855957
80 : 87 = 2800.0
80 : 92 = 894.4271909999159
80 : 95 = 2039.607805437114
87 : 92 = 2039.607805437114
87 : 95 = 894.4271909999159
92 : 95 = 1200.0
t=9
$x_{9,1}$
	 $y_{9,1,0}$ = 17.46771615269607 dB
	 $y_{9,1,1}$ = 74.18043708372582 dB
	 $y_{9,1,11}$ = 17.604707659314258 dB
	 $y_{9,1,12}$ = 15.451261861603626 dB
		SNR medio: 68.15986180209251
		Usuarios totais: 4
$x_{9,4}$
	 $y_{9,4,3}$ = 16.400983558135835 dB
	 $y_{9,4,14}$ = 18.238510219138504 dB
		SNR medio: 17.416214124137497
		Usuarios totais: 3
$x_{9,8}$
	 $y_{9,8,8}$ = 82.86983513969047 dB
		SNR medio: 82.86983513969047
		Usuarios totais: 1
$x_{9,17}$
	 $y_{9,17,16}$ = 19.94548496214449 dB
	 $y_{9,17,26}$ = 15.375112516190072 dB
	 $y_{9,17,27}$ = 25.124965144013785 dB
		SNR medio: 21.843954756847026
		Usuarios totais: 4
$x_{9,24}$
	 $y_{9,24,15}$ = 15.360408927380092 dB
	 $y_{9,24,23}$ = 15.135244219331724 dB
	 $y_{9,24,24}$ = 72.78608591787996 dB
	 $y_{9,24,33}$ = 16.363107989636447 dB
		SNR medio: 66.76551121674791
		Usuarios totais: 6
$x_{9,31}$
	 $y_{9,31,31}$ = 76.85091221439984 dB
	 $y_{9,31,41}$ = 17.906665792446717 dB
		SNR medio: 73.84061779584216
		Usuarios totais: 2
$x_{9,38}$
	 $y_{9,38,28}$ = 17.62387059143053 dB
	 $y_{9,38,29}$ = 15.081223736841281 dB
	 $y_{9,38,37}$ = 15.658175297794642 dB
	 $y_{9,38,38}$ = 78.51353181547536 dB
		SNR medio: 72.49293966141919
		Usuarios totais: 6
$x_{9,45}$
	 $y_{9,45,36}$ = 16.684231792087033 dB
	 $y_{9,45,54}$ = 25.627689920205 dB
		SNR medio: 23.138718333883585
		Usuarios totais: 2
$x_{9,50}$
	 $y_{9,50,40}$ = 17.660745789104908 dB
	 $y_{9,50,50}$ = 83.85265426242785 dB
	 $y_{9,50,51}$ = 21.605589987810973 dB
		SNR medio: 79.08144534764955
		Usuarios totais: 4
$x_{9,52}$
	 $y_{9,52,42}$ = 15.581523456950649 dB
	 $y_{9,52,52}$ = 80.89840605880468 dB
		SNR medio: 77.88810737888583
		Usuarios totais: 3
$x_{9,58}$
	 $y_{9,58,57}$ = 18.450446576922957 dB
	 $y_{9,58,58}$ = 86.65926303768896 dB
		SNR medio: 83.64896373704731
		Usuarios totais: 2
$x_{9,66}$
	 $y_{9,66,55}$ = 20.204969739865476 dB
	 $y_{9,66,67}$ = 17.14793412809057 dB
	 $y_{9,66,75}$ = 19.31389172854631 dB
	 $y_{9,66,76}$ = 15.912382864899016 dB
	 $y_{9,66,99}$ = 20.828316656749763 dB
		SNR medio: 19.05367385936764
		Usuarios totais: 6
$x_{9,73}$
	 $y_{9,73,64}$ = 15.79995849145324 dB
	 $y_{9,73,72}$ = 17.8551071591547 dB
	 $y_{9,73,73}$ = 74.83575453310311 dB
		SNR medio: 70.06455611246163
		Usuarios totais: 4
$x_{9,78}$
	 $y_{9,78,78}$ = 81.1621484703069 dB
	 $y_{9,78,79}$ = 28.64361807582887 dB
		SNR medio: 78.15187283179039
		Usuarios totais: 2
$x_{9,80}$
	 $y_{9,80,71}$ = 15.121126149701468 dB
	 $y_{9,80,81}$ = 18.626826904886727 dB
		SNR medio: 17.21850311809787
		Usuarios totais: 4
$x_{9,87}$
	 $y_{9,87,77}$ = 21.005883336453877 dB
		SNR medio: 21.005883336453877
		Usuarios totais: 2
$x_{9,92}$
	 $y_{9,92,82}$ = 31.00892206124641 dB
	 $y_{9,92,91}$ = 16.973742455819163 dB
	 $y_{9,92,92}$ = 83.19948561138378 dB
	 $y_{9,92,93}$ = 17.336891795865228 dB
		SNR medio: 77.17891408537167
		Usuarios totais: 4
$x_{9,95}$
	 $y_{9,95,95}$ = 79.94273011567779 dB
		SNR medio: 79.94273011567779
		Usuarios totais: 1
Distances:
1 : 4 = 1200.0
1 : 8 = 2800.0
1 : 17 = 2433.105012119288
1 : 24 = 1442.2205101855957
1 : 31 = 1200.0
1 : 38 = 3046.3092423455632
1 : 45 = 2262.741699796952
1 : 50 = 2039.607805437114
1 : 52 = 2039.607805437114
1 : 58 = 3440.9301068170507
1 : 66 = 3124.099870362662
1 : 73 = 2912.043955712207
1 : 78 = 3959.7979746446663
1 : 80 = 3224.9030993194197
1 : 87 = 4000.0
1 : 92 = 3622.154055254967
1 : 95 = 3939.543120718442
4 : 8 = 1600.0
4 : 17 = 1264.9110640673518
4 : 24 = 800.0
4 : 31 = 1697.0562748477141
4 : 38 = 2000.0
4 : 45 = 1649.2422502470642
4 : 50 = 2561.2496949731394
4 : 52 = 2154.0659228538016
4 : 58 = 2561.2496949731394
4 : 66 = 2529.8221281347037
4 : 73 = 2828.42712474619
4 : 78 = 3224.9030993194197
4 : 80 = 3577.7087639996635
4 : 87 = 3417.6014981270123
4 : 92 = 3687.817782917155
4 : 95 = 3622.154055254967
8 : 17 = 565.685424949238
8 : 24 = 1788.8543819998317
8 : 31 = 3046.3092423455632
8 : 38 = 1200.0
8 : 45 = 2000.0
8 : 50 = 3773.5924528226415
8 : 52 = 3124.099870362662
8 : 58 = 2000.0
8 : 66 = 2529.8221281347037
8 : 73 = 3440.9301068170507
8 : 78 = 2800.0
8 : 80 = 4525.483399593904
8 : 87 = 3224.9030993194197
8 : 92 = 4326.6615305567875
8 : 95 = 3794.7331922020553
17 : 24 = 1264.9110640673518
17 : 31 = 2529.8221281347037
17 : 38 = 894.4271909999159
17 : 45 = 1442.2205101855957
17 : 50 = 3224.9030993194197
17 : 52 = 2561.2496949731394
17 : 58 = 1649.2422502470642
17 : 66 = 2039.607805437114
17 : 73 = 2884.4410203711914
17 : 78 = 2433.105012119288
17 : 80 = 3959.7979746446663
17 : 87 = 2800.0
17 : 92 = 3773.5924528226415
17 : 95 = 3298.4845004941285
24 : 31 = 1264.9110640673518
24 : 38 = 1649.2422502470642
24 : 45 = 894.4271909999159
24 : 50 = 2000.0
24 : 52 = 1442.2205101855957
24 : 58 = 2000.0
24 : 66 = 1788.8543819998317
24 : 73 = 2039.607805437114
24 : 78 = 2561.2496949731394
24 : 80 = 2884.4410203711914
24 : 87 = 2683.281572999748
24 : 92 = 2912.043955712207
24 : 95 = 2828.42712474619
31 : 38 = 2800.0
31 : 45 = 1649.2422502470642
31 : 50 = 894.4271909999159
31 : 52 = 894.4271909999159
31 : 58 = 2912.043955712207
31 : 66 = 2332.38075793812
31 : 73 = 1788.8543819998317
31 : 78 = 3224.9030993194197
31 : 80 = 2039.607805437114
31 : 87 = 3124.099870362662
31 : 92 = 2433.105012119288
31 : 95 = 2884.4410203711914
38 : 45 = 1264.9110640673518
38 : 50 = 3298.4845004941285
38 : 52 = 2529.8221281347037
38 : 58 = 800.0
38 : 66 = 1442.2205101855957
38 : 73 = 2561.2496949731394
38 : 78 = 1600.0
38 : 80 = 3773.5924528226415
38 : 87 = 2039.607805437114
38 : 92 = 3394.1125496954282
38 : 95 = 2683.281572999748
45 : 50 = 2039.607805437114
45 : 52 = 1264.9110640673518
45 : 58 = 1264.9110640673518
45 : 66 = 894.4271909999159
45 : 73 = 1442.2205101855957
45 : 78 = 1697.0562748477141
45 : 80 = 2561.2496949731394
45 : 87 = 1788.8543819998317
45 : 92 = 2332.38075793812
45 : 95 = 2000.0
50 : 52 = 800.0
50 : 58 = 3200.0
50 : 66 = 2433.105012119288
50 : 73 = 1442.2205101855957
50 : 78 = 3298.4845004941285
50 : 80 = 1200.0
50 : 87 = 3046.3092423455632
50 : 92 = 1788.8543819998317
50 : 95 = 2561.2496949731394
52 : 58 = 2400.0
52 : 66 = 1649.2422502470642
52 : 73 = 894.4271909999159
52 : 78 = 2529.8221281347037
52 : 80 = 1442.2205101855957
52 : 87 = 2332.38075793812
52 : 92 = 1600.0
52 : 95 = 2000.0
58 : 66 = 894.4271909999159
58 : 73 = 2154.0659228538016
58 : 78 = 800.0
58 : 80 = 3417.6014981270123
58 : 87 = 1264.9110640673518
58 : 92 = 2884.4410203711914
58 : 95 = 2000.0
66 : 73 = 1264.9110640673518
66 : 78 = 894.4271909999159
66 : 80 = 2529.8221281347037
66 : 87 = 894.4271909999159
66 : 92 = 2000.0
66 : 95 = 1264.9110640673518
73 : 78 = 2000.0
73 : 80 = 1264.9110640673518
73 : 87 = 1649.2422502470642
73 : 92 = 894.4271909999159
73 : 95 = 1131.370849898476
78 : 80 = 3224.9030993194197
78 : 87 = 565.685424949238
78 : 92 = 2529.8221281347037
78 : 95 = 1442.2205101855957
80 : 87 = 2800.0
80 : 92 = 894.4271909999159
80 : 95 = 2039.607805437114
87 : 92 = 2039.607805437114
87 : 95 = 894.4271909999159
92 : 95 = 1200.0
--- Done after 0.14253149257765876 hours. ---
