-------------Calculating Solution (this may take a while)
+++++++++++++++++++Min Sinr: 10 dB (pgwo3)
+++++++++++++++++++With backhaul constraint. Start: 2023-06-30 03:49:21

Parameters:
- chosen seed 22
- Map with 100 sectors
- Map 4000 x 4000 m
- Sector has a side of 400 m
- Max time:  12
- users_t_m:  [[0, 0, 0, 0, 0, 0, 0, 0, 0, 0, 0, 0, 0, 0, 0, 0, 0, 0, 4, 1, 0, 0, 0, 0, 0, 0, 0, 2, 26, 3, 0, 0, 0, 0, 0, 0, 0, 0, 1, 0, 0, 0, 0, 0, 0, 0, 0, 0, 0, 0, 0, 0, 0, 0, 0, 0, 0, 0, 0, 0, 0, 0, 0, 0, 0, 0, 0, 0, 0, 0, 0, 0, 0, 0, 0, 0, 0, 0, 0, 0, 0, 0, 0, 0, 0, 0, 0, 0, 0, 0, 0, 0, 0, 0, 0, 0, 0, 0, 0, 0], [0, 3, 0, 0, 3, 1, 0, 0, 1, 0, 0, 0, 0, 1, 1, 0, 0, 0, 3, 1, 0, 1, 0, 0, 1, 0, 0, 0, 23, 2, 0, 0, 1, 0, 0, 2, 1, 0, 2, 1, 1, 0, 0, 1, 0, 0, 1, 0, 0, 1, 0, 1, 1, 0, 1, 0, 1, 1, 0, 0, 0, 1, 0, 0, 0, 0, 0, 0, 0, 0, 0, 0, 0, 0, 0, 0, 0, 0, 1, 2, 0, 0, 1, 0, 0, 1, 0, 0, 1, 0, 0, 0, 0, 1, 0, 0, 0, 1, 0, 1], [1, 0, 0, 0, 1, 0, 0, 0, 0, 1, 1, 3, 0, 1, 0, 1, 0, 1, 4, 2, 0, 0, 0, 1, 2, 1, 0, 4, 22, 0, 1, 0, 0, 0, 0, 2, 1, 0, 1, 0, 1, 1, 0, 1, 1, 2, 0, 1, 0, 1, 2, 1, 2, 1, 0, 2, 1, 1, 1, 1, 0, 0, 1, 0, 0, 0, 1, 1, 1, 1, 0, 0, 1, 0, 1, 0, 1, 3, 2, 1, 1, 0, 0, 1, 1, 0, 0, 0, 0, 1, 1, 0, 1, 2, 0, 1, 1, 1, 0, 1], [1, 0, 2, 1, 3, 0, 1, 1, 1, 2, 0, 1, 3, 1, 0, 0, 2, 0, 2, 2, 1, 2, 0, 0, 0, 2, 2, 7, 20, 2, 0, 0, 2, 0, 1, 1, 0, 0, 2, 0, 2, 0, 0, 0, 0, 2, 0, 3, 2, 2, 0, 1, 3, 0, 1, 2, 0, 0, 1, 2, 0, 0, 0, 1, 1, 0, 0, 1, 2, 3, 0, 1, 0, 2, 1, 1, 2, 0, 0, 1, 0, 0, 1, 4, 1, 0, 1, 0, 1, 1, 0, 0, 2, 0, 1, 1, 3, 2, 2, 2], [3, 5, 2, 0, 4, 1, 1, 2, 1, 2, 0, 0, 3, 1, 0, 1, 1, 0, 3, 0, 1, 1, 0, 0, 1, 0, 1, 5, 24, 0, 0, 1, 0, 5, 0, 0, 2, 0, 1, 3, 1, 0, 1, 1, 2, 1, 1, 1, 1, 0, 1, 0, 1, 3, 0, 0, 2, 1, 1, 2, 0, 1, 1, 0, 3, 0, 2, 3, 0, 0, 1, 3, 2, 2, 2, 1, 0, 4, 2, 1, 1, 2, 2, 2, 2, 0, 2, 0, 0, 1, 4, 3, 3, 0, 2, 0, 1, 1, 2, 2], [0, 3, 2, 1, 3, 3, 1, 3, 1, 1, 1, 1, 1, 2, 2, 1, 0, 4, 3, 0, 3, 2, 1, 1, 1, 0, 1, 2, 28, 3, 2, 2, 1, 3, 1, 3, 0, 1, 5, 1, 1, 1, 2, 1, 2, 1, 1, 0, 2, 3, 0, 1, 3, 2, 2, 4, 0, 0, 2, 0, 3, 3, 4, 1, 2, 1, 5, 2, 2, 3, 3, 0, 1, 3, 1, 0, 1, 1, 3, 2, 1, 0, 0, 1, 1, 0, 0, 1, 2, 1, 2, 4, 3, 2, 1, 1, 2, 1, 1, 3], [1, 0, 0, 4, 6, 0, 0, 4, 2, 1, 1, 3, 0, 1, 1, 1, 3, 1, 4, 0, 0, 1, 2, 2, 3, 2, 1, 3, 3, 2, 2, 2, 3, 3, 1, 0, 1, 2, 3, 2, 1, 1, 1, 4, 1, 2, 2, 2, 0, 1, 1, 2, 1, 1, 1, 1, 2, 1, 4, 4, 1, 1, 2, 2, 3, 0, 2, 5, 4, 3, 2, 1, 3, 2, 4, 1, 0, 2, 0, 1, 0, 2, 0, 3, 1, 2, 2, 3, 1, 2, 0, 1, 0, 1, 2, 0, 2, 1, 1, 0], [0, 2, 1, 4, 3, 2, 2, 1, 5, 1, 1, 1, 3, 2, 1, 1, 1, 0, 1, 2, 2, 3, 0, 2, 1, 0, 2, 2, 0, 2, 0, 2, 2, 1, 1, 0, 1, 3, 1, 3, 1, 1, 2, 2, 0, 3, 2, 0, 1, 1, 1, 1, 1, 1, 0, 2, 2, 2, 0, 2, 2, 2, 2, 4, 0, 4, 0, 0, 1, 0, 1, 4, 0, 0, 2, 4, 0, 1, 0, 0, 1, 3, 1, 1, 0, 2, 0, 2, 1, 4, 2, 1, 2, 0, 0, 1, 0, 1, 1, 5], [2, 2, 2, 1, 1, 1, 1, 1, 1, 0, 1, 2, 0, 1, 1, 1, 0, 1, 1, 0, 1, 0, 0, 1, 2, 0, 2, 3, 1, 1, 1, 2, 0, 1, 0, 2, 2, 2, 0, 2, 1, 1, 0, 0, 3, 2, 1, 1, 6, 0, 1, 0, 0, 4, 2, 1, 1, 1, 1, 2, 1, 1, 1, 2, 0, 0, 0, 0, 0, 1, 1, 0, 2, 2, 1, 3, 0, 0, 0, 1, 2, 1, 0, 0, 2, 0, 1, 0, 0, 2, 0, 1, 2, 3, 4, 2, 0, 0, 2, 1], [2, 1, 1, 3, 1, 1, 1, 1, 0, 1, 1, 0, 0, 1, 1, 1, 1, 0, 0, 0, 2, 0, 0, 0, 4, 1, 1, 0, 0, 0, 1, 0, 0, 0, 3, 1, 0, 2, 0, 0, 0, 0, 1, 2, 0, 1, 1, 0, 1, 1, 0, 2, 2, 3, 3, 0, 1, 1, 2, 2, 0, 1, 0, 0, 1, 1, 0, 0, 1, 2, 2, 0, 1, 2, 1, 0, 2, 0, 0, 0, 0, 2, 0, 0, 0, 0, 1, 0, 0, 0, 0, 0, 1, 1, 1, 2, 2, 2, 1, 3], [0, 2, 0, 0, 1, 0, 0, 2, 0, 0, 1, 0, 1, 1, 0, 0, 0, 0, 0, 0, 1, 1, 0, 1, 0, 0, 0, 1, 0, 1, 2, 0, 1, 1, 0, 1, 0, 0, 1, 1, 0, 0, 0, 2, 0, 0, 1, 0, 1, 1, 0, 0, 1, 1, 1, 0, 0, 0, 1, 1, 0, 1, 1, 1, 1, 0, 1, 0, 1, 0, 1, 0, 0, 0, 0, 1, 0, 0, 0, 1, 0, 0, 2, 1, 0, 0, 1, 0, 0, 1, 1, 1, 0, 1, 0, 0, 0, 3, 0, 4], [0, 0, 0, 0, 0, 0, 0, 0, 0, 1, 0, 0, 0, 0, 0, 0, 0, 0, 0, 1, 0, 0, 1, 1, 0, 0, 0, 0, 0, 0, 1, 0, 0, 0, 0, 0, 0, 1, 0, 0, 0, 0, 0, 0, 0, 0, 0, 0, 0, 0, 0, 1, 1, 0, 0, 0, 1, 1, 0, 0, 0, 0, 0, 0, 0, 0, 0, 1, 0, 0, 0, 0, 0, 0, 0, 0, 0, 0, 0, 0, 0, 0, 1, 1, 0, 0, 0, 0, 0, 0, 0, 0, 0, 0, 0, 0, 1, 0, 0, 1]]
MAX_USER_PER_ANTENNAS_m:  [40, 40, 40, 40, 40, 40, 40, 40, 40, 40, 40, 40, 40, 40, 40, 40, 40, 40, 40, 40, 40, 40, 40, 40, 40, 40, 40, 40, 40, 40, 40, 40, 40, 40, 40, 40, 40, 40, 40, 40, 40, 40, 40, 40, 40, 40, 40, 40, 40, 40, 40, 40, 40, 40, 40, 40, 40, 40, 40, 40, 40, 40, 40, 40, 40, 40, 40, 40, 40, 40, 40, 40, 40, 40, 40, 40, 40, 40, 40, 40, 40, 40, 40, 40, 40, 40, 40, 40, 40, 40, 40, 40, 40, 40, 40, 40, 40, 40, 40, 40]
antennas_map_m:  [1, 1, 1, 1, 1, 1, 1, 1, 1, 1, 1, 1, 1, 1, 1, 1, 1, 1, 1, 1, 1, 1, 1, 1, 1, 1, 1, 1, 1, 1, 1, 1, 1, 1, 1, 1, 1, 1, 1, 1, 1, 1, 1, 1, 1, 1, 1, 1, 1, 1, 1, 1, 1, 1, 1, 1, 1, 1, 1, 1, 1, 1, 1, 1, 1, 1, 1, 1, 1, 1, 1, 1, 1, 1, 1, 1, 1, 1, 1, 1, 1, 1, 1, 1, 1, 1, 1, 1, 1, 1, 1, 1, 1, 1, 1, 1, 1, 1, 1, 1]
FIRST_ANTENNA:  17
MIN_SNR_m:  [10.0, 10.0, 10.0, 10.0, 10.0, 10.0, 10.0, 10.0, 10.0, 10.0, 10.0, 10.0, 10.0, 10.0, 10.0, 10.0, 10.0, 10.0, 10.0, 10.0, 10.0, 10.0, 10.0, 10.0, 10.0, 10.0, 10.0, 10.0, 10.0, 10.0, 10.0, 10.0, 10.0, 10.0, 10.0, 10.0, 10.0, 10.0, 10.0, 10.0, 10.0, 10.0, 10.0, 10.0, 10.0, 10.0, 10.0, 10.0, 10.0, 10.0, 10.0, 10.0, 10.0, 10.0, 10.0, 10.0, 10.0, 10.0, 10.0, 10.0, 10.0, 10.0, 10.0, 10.0, 10.0, 10.0, 10.0, 10.0, 10.0, 10.0, 10.0, 10.0, 10.0, 10.0, 10.0, 10.0, 10.0, 10.0, 10.0, 10.0, 10.0, 10.0, 10.0, 10.0, 10.0, 10.0, 10.0, 10.0, 10.0, 10.0, 10.0, 10.0, 10.0, 10.0, 10.0, 10.0, 10.0, 10.0, 10.0, 10.0]
-MIN_DIST:  2000
- disaster percentage:  0

Slice 0
444.8586849126657
Fitnes _wolf:  0.11904427093924846
The set of antennas serves the scenario in the respective slice.
Results:  [array([17])]

Slice 1
Fitnes _wolf:  -inf

Run GWO to deployment +1 antenna on the map
	Pack size:  50
	Wolf dimension 1
	Max iter 100
	antennas_regions:  [17]
	users_regions:  [ 1  4  5  8 13 14 18 19 21 24 28 29 32 35 36 38 39 40 43 46 49 51 52 54
 56 57 61 78 79 82 85 88 93 97 99]
	Fitness function:  <function fitness_pgwo3 at 0x7f1105880170>
	Seed_base:  0
initial_alpha:  Wolf 0 (0). Fitness: -inf
	(3377.6874061001927, 3031.8176117612097, 0). Region: 78
initial_beta:  Wolf 1 (1). Fitness: -inf
	(537.4569764496049, 3389.7349477489306, 0). Region: 81
initial_delta:  Wolf 2 (2). Fitness: -inf
	(3824.1370875569974, 3791.3099482373977, 0). Region: 99 

iter = 10
Alpha wolf:  Wolf 0 (0). Fitness: -inf
	(81.56569596725637, 1533.0492192977936, 0.0). Region: 30
iter = 20
Alpha wolf:  Wolf 0 (0). Fitness: -inf
	(506.38061354998786, 371.26509241048984, 0.0). Region: 1
iter = 30
Alpha wolf:  Wolf 0 (0). Fitness: -inf
	(598.8933980431552, 353.9842352890942, 0.0). Region: 1
iter = 40
Alpha wolf:  Wolf 0 (0). Fitness: -inf
	(649.2022063175233, 83.52462599742333, 0.0). Region: 1
iter = 50
Alpha wolf:  Wolf 0 (0). Fitness: -inf
	(219.0708702761497, 119.94696641039664, 0.0). Region: 0
iter = 60
Alpha wolf:  Wolf 0 (0). Fitness: -inf
	(236.02465689898992, 202.8335175120102, 0.0). Region: 0
iter = 70
Alpha wolf:  Wolf 0 (0). Fitness: -inf
	(374.9699585333692, 209.52929749051674, 0.0). Region: 0
iter = 80
Alpha wolf:  Wolf 0 (0). Fitness: -inf
	(381.21487043359093, 170.2192979427995, 0.0). Region: 0
iter = 90
Alpha wolf:  Wolf 0 (0). Fitness: -inf
	(343.3864310843528, 177.45879215794736, 0.0). Region: 0

- Finishing GWO - 


Run GWO to deployment +2 antenna on the map
	Pack size:  50
	Wolf dimension 2
	Max iter 100
	antennas_regions:  [17]
	users_regions:  [ 1  4  5  8 13 14 18 19 21 24 28 29 32 35 36 38 39 40 43 46 49 51 52 54
 56 57 61 78 79 82 85 88 93 97 99]
	Fitness function:  <function fitness_pgwo3 at 0x7f1105880170>
	Seed_base:  50
initial_alpha:  Wolf 0 (50). Fitness: -inf
	(1990.1462750344092, 1064.6948922901624, 0). Region: 24
	(2549.644645774764, 969.9190167350506, 0). Region: 26
initial_beta:  Wolf 1 (51). Fitness: -inf
	(974.071050837348, 2008.835958012624, 0). Region: 52
	(647.7500571632238, 3284.888863373125, 0). Region: 81
initial_delta:  Wolf 2 (52). Fitness: -inf
	(3913.4194334839867, 218.09062004182954, 0). Region: 9
	(2902.6468846973, 1935.4469732977698, 0). Region: 47 

iter = 10
Alpha wolf:  Wolf 0 (50). Fitness: -inf
	(2479.979950711849, 178.94309447475985, 0.0). Region: 6
	(715.0256054823876, 1489.522219924349, 0.0). Region: 31
iter = 20
Alpha wolf:  Wolf 0 (50). Fitness: -inf
	(1401.1660391149226, 525.0576272709552, 0.0). Region: 13
	(1153.43535111027, 831.1177968934346, 0.0). Region: 22
iter = 30
Alpha wolf:  Wolf 0 (50). Fitness: -inf
	(1471.8028699160452, 85.49429688283055, 0.0). Region: 3
	(549.803427164278, 466.4910020234678, 0.0). Region: 11
iter = 40
Alpha wolf:  Wolf 0 (50). Fitness: -inf
	(2298.374523759578, 136.5352736901514, 0.0). Region: 5
	(1176.772535680837, 308.30944728569875, 0.0). Region: 2
iter = 50
Alpha wolf:  Wolf 0 (50). Fitness: -inf
	(2929.093826068548, 168.1401878213547, 0.0). Region: 7
	(697.2422173020152, 161.93096760138585, 0.0). Region: 1
iter = 60
Alpha wolf:  Wolf 0 (50). Fitness: -inf
	(2431.693004728507, 199.22187058942404, 0.0). Region: 6
	(635.6562903726835, 123.39912666516166, 0.0). Region: 1
iter = 70
Alpha wolf:  Wolf 0 (50). Fitness: -inf
	(1688.8159269422326, 172.8341149924686, 0.0). Region: 4
	(477.4692762703565, 142.07003882005142, 0.0). Region: 1
iter = 80
Alpha wolf:  Wolf 0 (50). Fitness: -inf
	(1815.9294715525762, 270.78203023283487, 0.0). Region: 4
	(484.2916925119008, 118.79066477241449, 0.0). Region: 1
iter = 90
Alpha wolf:  Wolf 0 (50). Fitness: -inf
	(1668.842218073225, 183.23614662362675, 0.0). Region: 4
	(430.7209680896324, 110.62901688395533, 0.0). Region: 1

- Finishing GWO - 


Run GWO to deployment +3 antenna on the map
	Pack size:  50
	Wolf dimension 3
	Max iter 100
	antennas_regions:  [17]
	users_regions:  [ 1  4  5  8 13 14 18 19 21 24 28 29 32 35 36 38 39 40 43 46 49 51 52 54
 56 57 61 78 79 82 85 88 93 97 99]
	Fitness function:  <function fitness_pgwo3 at 0x7f1105880170>
	Seed_base:  100
initial_alpha:  Wolf 0 (100). Fitness: -inf
	(582.6770204165213, 1819.7080180560854, 0). Region: 41
	(3083.1352226360887, 2822.052907736112, 0). Region: 77
	(2927.8358921330228, 1734.0577395816151, 0). Region: 47
initial_beta:  Wolf 1 (101). Fitness: -inf
	(2324.6085300182585, 779.0179821365468, 0). Region: 15
	(3861.0044282444446, 3695.905606707177, 0). Region: 99
	(1868.5547127878958, 2653.882578120242, 0). Region: 64
initial_delta:  Wolf 2 (102). Fitness: -inf
	(592.6848255483344, 2463.8611483048944, 0). Region: 61
	(678.7432895426688, 2850.0277895008303, 0). Region: 71
	(2431.329971029885, 1537.3498884678822, 0). Region: 36 

iter = 10
Alpha wolf:  Wolf 0 (100). Fitness: -inf
	(847.3303897947877, 2514.1763883809135, 0.0). Region: 62
	(3396.8980075824984, 1726.7626463407923, 0.0). Region: 48
	(2950.748704408981, 966.9576651309523, 0.0). Region: 27
iter = 20
Alpha wolf:  Wolf 0 (100). Fitness: -inf
	(610.4441031159123, 2768.0806776107174, 0.0). Region: 61
	(1084.0482980826466, 265.7279109425531, 0.0). Region: 2
	(1858.133625862899, 161.73253066536307, 0.0). Region: 4
iter = 30
Alpha wolf:  Wolf 0 (100). Fitness: -inf
	(229.10730707257395, 1955.2734332820628, 0.0). Region: 40
	(1209.4405318079382, 98.3991021860444, 0.0). Region: 3
	(3321.4067003744067, 1955.3615408581318, 0.0). Region: 48
iter = 40
Alpha wolf:  Wolf 0 (100). Fitness: -inf
	(331.77095327740733, 594.0391857445444, 0.0). Region: 10
	(1057.731116692762, 33.343887009027625, 0.0). Region: 2
	(915.0148717315878, 1871.8131815162856, 0.0). Region: 42
iter = 50
Alpha wolf:  Wolf 0 (100). Fitness: -inf
	(139.66183854629577, 427.87663231188344, 0.0). Region: 10
	(618.6413886662249, 29.764121261229604, 0.0). Region: 1
	(371.68664077290634, 1991.1360261981347, 0.0). Region: 40
iter = 60
Alpha wolf:  Wolf 0 (100). Fitness: -inf
	(173.33272887801346, 561.5258968703594, 0.0). Region: 10
	(569.004356363137, 44.94292589389981, 0.0). Region: 1
	(247.53147294563882, 2837.965980898682, 0.0). Region: 70
iter = 70
Alpha wolf:  Wolf 0 (100). Fitness: -inf
	(223.9166867113001, 817.9379196081469, 0.0). Region: 20
	(622.8344993423102, 26.406282420915534, 0.0). Region: 1
	(282.30543948777733, 3137.388380668959, 0.0). Region: 70
iter = 80
Alpha wolf:  Wolf 0 (100). Fitness: -inf
	(287.95616582384224, 843.1077374747945, 0.0). Region: 20
	(726.1274840692973, 25.097497640668525, 0.0). Region: 1
	(222.28110724154033, 2800.417466152307, 0.0). Region: 70
iter = 90
Alpha wolf:  Wolf 0 (100). Fitness: -inf
	(289.4907127092452, 879.18424377578, 0.0). Region: 20
	(1006.2120470675538, 25.950934178223385, 0.0). Region: 2
	(183.74282827347156, 2240.848751931706, 0.0). Region: 50

- Finishing GWO - 


Run GWO to deployment +4 antenna on the map
	Pack size:  50
	Wolf dimension 4
	Max iter 100
	antennas_regions:  [17]
	users_regions:  [ 1  4  5  8 13 14 18 19 21 24 28 29 32 35 36 38 39 40 43 46 49 51 52 54
 56 57 61 78 79 82 85 88 93 97 99]
	Fitness function:  <function fitness_pgwo3 at 0x7f1105880170>
	Seed_base:  150
initial_alpha:  Wolf 0 (150). Fitness: -inf
	(3295.228967856352, 3580.836635796672, 0). Region: 88
	(751.473642213539, 1215.4358867466128, 0). Region: 31
	(1913.193826237758, 651.6169136788617, 0). Region: 14
	(367.05985191567333, 2976.441123875772, 0). Region: 70
initial_beta:  Wolf 1 (151). Fitness: -inf
	(2826.2949409966977, 3383.9252850902753, 0). Region: 87
	(3803.1426880375734, 2531.1547435486596, 0). Region: 69
	(818.4409842517395, 3893.295803136745, 0). Region: 92
	(3672.0205357522486, 2295.9635888369517, 0). Region: 59
initial_delta:  Wolf 2 (152). Fitness: -inf
	(3910.6132911531163, 1565.8019670122374, 0). Region: 39
	(584.7257787554714, 3886.4213585906614, 0). Region: 91
	(3193.5153629310744, 2498.6899798302097, 0). Region: 67
	(3613.582674363201, 2504.961732486124, 0). Region: 69 

iter = 10
Alpha wolf:  Wolf 0 (150). Fitness: -inf
	(714.9571924694508, 3293.2117343336276, 0.0). Region: 81
	(1297.5117120365576, 486.65140935961955, 0.0). Region: 13
	(3678.7652189531345, 1316.706886454789, 0.0). Region: 39
	(2282.7979285978313, 1871.4453242830664, 0.0). Region: 45
iter = 20
Alpha wolf:  Wolf 0 (150). Fitness: -inf
	(688.9628760650791, 425.75034388456345, 0.0). Region: 11
	(844.0438124451214, 49.794137740517286, 0.0). Region: 2
	(1586.4835379878195, 514.6849383206215, 0.0). Region: 13
	(341.0159572183271, 2362.927221955467, 0.0). Region: 50
iter = 30
Alpha wolf:  Wolf 0 (150). Fitness: -inf
	(1259.7987422250235, 93.32202266923585, 0.0). Region: 3
	(1693.7058989052775, 397.9367573196098, 0.0). Region: 4
	(2258.482553597839, 889.8995228304917, 0.0). Region: 25
	(1095.8477519316712, 2199.8452728607717, 0.0). Region: 52
iter = 40
Alpha wolf:  Wolf 0 (150). Fitness: -inf
	(1735.5983986786582, 85.06496382196781, 0.0). Region: 4
	(1659.713417587098, 376.2059861659959, 0.0). Region: 4
	(1179.112169379796, 912.0447400873059, 0.0). Region: 22
	(455.5905615393256, 669.1241272313482, 0.0). Region: 11
iter = 50
Alpha wolf:  Wolf 0 (150). Fitness: -inf
	(3967.1745550725186, 35.35156238455732, 0.0). Region: 9
	(2299.7860755133015, 306.8969006877813, 0.0). Region: 5
	(659.491826946029, 1034.3083448402595, 0.0). Region: 21
	(81.95154112065127, 198.41869335520212, 0.0). Region: 0
iter = 60
Alpha wolf:  Wolf 0 (150). Fitness: -inf
	(3315.180269186473, 59.37001808341769, 0.0). Region: 8
	(1341.9363433825588, 220.12503795623167, 0.0). Region: 3
	(477.0349574328884, 1014.1836943389901, 0.0). Region: 21
	(107.2148150708327, 380.5577776402846, 0.0). Region: 0
iter = 70
Alpha wolf:  Wolf 0 (150). Fitness: -inf
	(3334.349761955318, 34.46183546916507, 0.0). Region: 8
	(1131.4948556349332, 287.43300173397813, 0.0). Region: 2
	(259.90197138553935, 857.8185265693484, 0.0). Region: 20
	(146.89121535400366, 304.25229771255914, 0.0). Region: 0
iter = 80
Alpha wolf:  Wolf 0 (150). Fitness: -inf
	(3641.722079091188, 35.50426996044125, 0.0). Region: 9
	(1149.8221616213746, 310.9245008878892, 0.0). Region: 2
	(332.3713014207288, 548.3008953178839, 0.0). Region: 10
	(85.2073399440097, 343.321282804189, 0.0). Region: 0
iter = 90
Alpha wolf:  Wolf 0 (150). Fitness: -inf
	(3783.6668756044514, 32.35346893978016, 0.0). Region: 9
	(1099.5627199129476, 321.1482053529438, 0.0). Region: 2
	(345.11792225040574, 692.8138292973154, 0.0). Region: 10
	(72.97783748277146, 386.05340775953493, 0.0). Region: 0

- Finishing GWO - 


Run GWO to deployment +5 antenna on the map
	Pack size:  50
	Wolf dimension 5
	Max iter 100
	antennas_regions:  [17]
	users_regions:  [ 1  4  5  8 13 14 18 19 21 24 28 29 32 35 36 38 39 40 43 46 49 51 52 54
 56 57 61 78 79 82 85 88 93 97 99]
	Fitness function:  <function fitness_pgwo3 at 0x7f1105880170>
	Seed_base:  200
initial_alpha:  Wolf 0 (200). Fitness: -inf
	(182.43720834157574, 813.787899449597, 0). Region: 20
	(2836.4959368217837, 571.3939850840158, 0). Region: 17
	(3440.0439500423804, 1066.8490504134693, 0). Region: 28
	(45.89184200299323, 1759.8821732361669, 0). Region: 40
	(668.8416218349685, 64.90452404634839, 0). Region: 1
initial_beta:  Wolf 1 (201). Fitness: -inf
	(268.4090350376151, 1302.3982173307095, 0). Region: 30
	(14.701479072412926, 1131.1923958714174, 0). Region: 20
	(3010.7735305873, 2775.5063081440635, 0). Region: 67
	(1879.4866091226922, 3014.7661647410323, 0). Region: 74
	(1804.0885472951675, 3458.662466978199, 0). Region: 84
initial_delta:  Wolf 2 (202). Fitness: -inf
	(3055.5262978535816, 2579.1230043452256, 0). Region: 67
	(1637.752320559811, 792.3497616045507, 0). Region: 14
	(2706.8013369441865, 3877.1432654907007, 0). Region: 96
	(1710.9883559543678, 3403.499437907091, 0). Region: 84
	(144.31321320339174, 2111.1441649792264, 0). Region: 50 

iter = 10
Alpha wolf:  Wolf 0 (200). Fitness: -inf
	(1600.930724556819, 3426.671754103064, 0.0). Region: 84
	(1506.9741702151518, 209.69968130992277, 0.0). Region: 3
	(1887.3674457423497, 652.6880740725808, 0.0). Region: 14
	(2744.2067749725056, 1681.9500512435443, 0.0). Region: 46
	(415.0975718578884, 431.9702787852085, 0.0). Region: 11
iter = 20
Alpha wolf:  Wolf 0 (200). Fitness: -inf
	(1488.4065734170383, 3248.1958217972688, 0.0). Region: 83
	(2033.2441731141125, 693.2319551898942, 0.0). Region: 15
	(3225.8314380359116, 844.6745001758142, 0.0). Region: 28
	(597.339898225359, 2193.0608712159883, 0.0). Region: 51
	(339.7847392451064, 362.0049205810354, 0.0). Region: 0
iter = 30
Alpha wolf:  Wolf 0 (200). Fitness: -inf
	(955.6821044986452, 1062.7513161771285, 0.0). Region: 22
	(1225.4409230467957, 135.62598098295055, 0.0). Region: 3
	(2103.249792080915, 95.36748835885903, 0.0). Region: 5
	(159.44333524130118, 1013.7922906324386, 0.0). Region: 20
	(161.78777882475828, 90.04209311004611, 0.0). Region: 0
iter = 40
Alpha wolf:  Wolf 0 (200). Fitness: -inf
	(1689.3509923271886, 533.2101170014942, 0.0). Region: 14
	(729.6235244811194, 129.99078497047435, 0.0). Region: 1
	(1374.1827924926488, 242.28475749546354, 0.0). Region: 3
	(178.1907442157987, 1465.3974922685925, 0.0). Region: 30
	(245.50086934717075, 146.70744632744072, 0.0). Region: 0
iter = 50
Alpha wolf:  Wolf 0 (200). Fitness: -inf
	(1613.1318664365456, 212.33241933547882, 0.0). Region: 4
	(1444.1803329428176, 77.83279711537187, 0.0). Region: 3
	(2819.5196852605154, 377.67985950535115, 0.0). Region: 7
	(74.09246962056505, 3422.934907829982, 0.0). Region: 80
	(403.3885556689537, 136.15488080928128, 0.0). Region: 1
iter = 60
Alpha wolf:  Wolf 0 (200). Fitness: -inf
	(1080.2951207886892, 249.54091071547145, 0.0). Region: 2
	(1482.35991686852, 88.59811880905411, 0.0). Region: 3
	(2610.966619104305, 171.3610940139631, 0.0). Region: 6
	(57.95651453342715, 2093.3226672119285, 0.0). Region: 50
	(383.3441690374706, 148.38831310976323, 0.0). Region: 0
iter = 70
Alpha wolf:  Wolf 0 (200). Fitness: -inf
	(1042.3206384584464, 283.65292955704757, 0.0). Region: 2
	(1626.531063624559, 76.57579736044374, 0.0). Region: 4
	(2918.0346015639852, 106.8844816060558, 0.0). Region: 7
	(51.9913006220242, 1845.301846991033, 0.0). Region: 40
	(371.9908463967539, 255.7607620134502, 0.0). Region: 0
iter = 80
Alpha wolf:  Wolf 0 (200). Fitness: -inf
	(1024.4839867740648, 262.25985015345873, 0.0). Region: 2
	(1920.804548670136, 111.97611813850475, 0.0). Region: 4
	(3646.600367554285, 89.41569801056195, 0.0). Region: 9
	(62.765098652027206, 2171.0922657322008, 0.0). Region: 50
	(314.943368833642, 196.43691952628933, 0.0). Region: 0
iter = 90
Alpha wolf:  Wolf 0 (200). Fitness: -inf
	(979.6390934816392, 286.6363995282978, 0.0). Region: 2
	(1718.0013602050724, 119.71772027349252, 0.0). Region: 4
	(3298.3917775241666, 75.07390943763806, 0.0). Region: 8
	(61.75154274802257, 2722.188208144041, 0.0). Region: 60
	(348.2698567008456, 168.32608307657486, 0.0). Region: 0

- Finishing GWO - 


Run GWO to deployment +6 antenna on the map
	Pack size:  50
	Wolf dimension 6
	Max iter 100
	antennas_regions:  [17]
	users_regions:  [ 1  4  5  8 13 14 18 19 21 24 28 29 32 35 36 38 39 40 43 46 49 51 52 54
 56 57 61 78 79 82 85 88 93 97 99]
	Fitness function:  <function fitness_pgwo3 at 0x7f1105880170>
	Seed_base:  250
initial_alpha:  Wolf 43 (293). Fitness: 1.4051191228756886e-05
	(1910.3163024677947, 456.825084419763, 0). Region: 14
	(2001.8916583566254, 1643.9108584070952, 0). Region: 45
	(1765.738049915942, 2435.6276077764114, 0). Region: 64
	(3101.0432200212117, 2978.146253404632, 0). Region: 77
	(820.1792568130726, 3215.553546853154, 0). Region: 82
	(881.6497579139049, 1962.8832667551976, 0). Region: 42
initial_beta:  Wolf 25 (275). Fitness: 7.567484016899307e-06
	(3038.5759417924046, 3310.927931193853, 0). Region: 87
	(2283.009282632548, 1485.162662187599, 0). Region: 35
	(1182.6754009734998, 716.527070720582, 0). Region: 12
	(1328.5452659718214, 2506.6657359531723, 0). Region: 63
	(3459.3218306324798, 2477.1063433223294, 0). Region: 68
	(1428.9713637193322, 1759.2279187690312, 0). Region: 43
initial_delta:  Wolf 11 (261). Fitness: 1.8512733103325804e-06
	(1733.5264976791818, 3984.69436258921, 0). Region: 94
	(701.9869670333953, 149.59944921968082, 0). Region: 1
	(3302.218874924303, 2373.7545985949273, 0). Region: 58
	(3178.8439508025626, 3066.2839312705337, 0). Region: 77
	(1050.3024577267483, 1868.2638830576077, 0). Region: 42
	(954.811699685536, 745.3316045709166, 0). Region: 12 

The alpha wolf has been updated to a position with higher fitness. iter = 0
New alpha wolf:  Wolf 15 (265). Fitness: 1.4191316263642511e-05
	(3776.552390933239, 2751.34470253892, 0.0). Region: 69
	(2147.1841155289994, 740.0804919470932, 0.0). Region: 15
	(1917.7021811877325, 2834.3175897760384, 0.0). Region: 74
	(195.1067404612892, 1642.1300518353885, 0.0). Region: 40
	(2923.052676324873, 2544.373219420506, 0.0). Region: 67
	(2423.890364344568, 1543.152251576314, 0.0). Region: 36
The alpha wolf has been updated to a position with higher fitness. iter = 2
New alpha wolf:  Wolf 39 (289). Fitness: 2.5199816586985497e-05
	(3161.5165998924517, 1519.5273465581897, 0.0). Region: 37
	(1218.3153370966515, 1144.650350283853, 0.0). Region: 23
	(1325.0388641353331, 2994.023412955283, 0.0). Region: 73
	(150.55533373514442, 2656.7518002068655, 0.0). Region: 60
	(3997.5547939543294, 1744.6602624881707, 0.0). Region: 49
	(2711.21954058133, 2663.4347997551167, 0.0). Region: 66
The alpha wolf has been updated to a position with higher fitness. iter = 9
New alpha wolf:  Wolf 32 (282). Fitness: 1.7052142839975022
	(2835.181903718404, 3164.7040353063894, 0.0). Region: 77
	(1395.4847235773282, 1039.1117300152227, 0.0). Region: 23
	(1292.3879908357658, 3576.1560466964174, 0.0). Region: 83
	(196.33651521147706, 3491.0394739343233, 0.0). Region: 80
	(3759.435201163582, 2076.654687130853, 0.0). Region: 59
	(951.0950986464284, 3659.9316569619923, 0.0). Region: 92
iter = 10
Alpha wolf:  Wolf 32 (282). Fitness: 1.7052142839975022
	(2835.181903718404, 3164.7040353063894, 0.0). Region: 77
	(1395.4847235773282, 1039.1117300152227, 0.0). Region: 23
	(1292.3879908357658, 3576.1560466964174, 0.0). Region: 83
	(196.33651521147706, 3491.0394739343233, 0.0). Region: 80
	(3759.435201163582, 2076.654687130853, 0.0). Region: 59
	(951.0950986464284, 3659.9316569619923, 0.0). Region: 92
The alpha wolf has been updated to a position with higher fitness. iter = 16
New alpha wolf:  Wolf 18 (268). Fitness: 2.1104502170628976
	(2060.3702253630086, 2739.294747617172, 0.0). Region: 65
	(1292.7051580876264, 890.8913295431487, 0.0). Region: 23
	(1202.0411372360995, 3479.4450935736495, 0.0). Region: 83
	(279.6578435746752, 3361.8527972063825, 0.0). Region: 80
	(2858.8991183106036, 2810.467749646387, 0.0). Region: 77
	(2622.929879356531, 2928.0651824154265, 0.0). Region: 76
iter = 20
Alpha wolf:  Wolf 18 (268). Fitness: 2.1104502170628976
	(2060.3702253630086, 2739.294747617172, 0.0). Region: 65
	(1292.7051580876264, 890.8913295431487, 0.0). Region: 23
	(1202.0411372360995, 3479.4450935736495, 0.0). Region: 83
	(279.6578435746752, 3361.8527972063825, 0.0). Region: 80
	(2858.8991183106036, 2810.467749646387, 0.0). Region: 77
	(2622.929879356531, 2928.0651824154265, 0.0). Region: 76
The alpha wolf has been updated to a position with higher fitness. iter = 20
New alpha wolf:  Wolf 36 (286). Fitness: 10.724394491081716
	(2381.4037436607045, 3615.912563963173, 0.0). Region: 95
	(877.3491744905641, 477.91847722651505, 0.0). Region: 12
	(1586.6169923212042, 2380.618468253879, 0.0). Region: 53
	(272.31976031631154, 3867.9872558520315, 0.0). Region: 90
	(2947.87775423534, 1613.0702224607405, 0.0). Region: 47
	(2608.1858959017995, 2484.7869394239065, 0.0). Region: 66
iter = 30
Alpha wolf:  Wolf 36 (286). Fitness: 10.724394491081716
	(2381.4037436607045, 3615.912563963173, 0.0). Region: 95
	(877.3491744905641, 477.91847722651505, 0.0). Region: 12
	(1586.6169923212042, 2380.618468253879, 0.0). Region: 53
	(272.31976031631154, 3867.9872558520315, 0.0). Region: 90
	(2947.87775423534, 1613.0702224607405, 0.0). Region: 47
	(2608.1858959017995, 2484.7869394239065, 0.0). Region: 66
iter = 40
Alpha wolf:  Wolf 36 (286). Fitness: 10.724394491081716
	(2381.4037436607045, 3615.912563963173, 0.0). Region: 95
	(877.3491744905641, 477.91847722651505, 0.0). Region: 12
	(1586.6169923212042, 2380.618468253879, 0.0). Region: 53
	(272.31976031631154, 3867.9872558520315, 0.0). Region: 90
	(2947.87775423534, 1613.0702224607405, 0.0). Region: 47
	(2608.1858959017995, 2484.7869394239065, 0.0). Region: 66
iter = 50
Alpha wolf:  Wolf 36 (286). Fitness: 10.724394491081716
	(2381.4037436607045, 3615.912563963173, 0.0). Region: 95
	(877.3491744905641, 477.91847722651505, 0.0). Region: 12
	(1586.6169923212042, 2380.618468253879, 0.0). Region: 53
	(272.31976031631154, 3867.9872558520315, 0.0). Region: 90
	(2947.87775423534, 1613.0702224607405, 0.0). Region: 47
	(2608.1858959017995, 2484.7869394239065, 0.0). Region: 66
The alpha wolf has been updated to a position with higher fitness. iter = 56
New alpha wolf:  Wolf 21 (271). Fitness: 12.524684469187862
	(3184.164529000877, 3276.787707029838, 0.0). Region: 87
	(991.1990393765423, 728.6239446883061, 0.0). Region: 12
	(1306.818077073216, 2441.477196472687, 0.0). Region: 63
	(284.1903168778662, 2012.7890430260222, 0.0). Region: 50
	(3186.0300918244943, 1814.7907374329197, 0.0). Region: 47
	(2598.3341856572265, 2428.1556567919897, 0.0). Region: 66
iter = 60
Alpha wolf:  Wolf 21 (271). Fitness: 12.524684469187862
	(3184.164529000877, 3276.787707029838, 0.0). Region: 87
	(991.1990393765423, 728.6239446883061, 0.0). Region: 12
	(1306.818077073216, 2441.477196472687, 0.0). Region: 63
	(284.1903168778662, 2012.7890430260222, 0.0). Region: 50
	(3186.0300918244943, 1814.7907374329197, 0.0). Region: 47
	(2598.3341856572265, 2428.1556567919897, 0.0). Region: 66
iter = 70
Alpha wolf:  Wolf 21 (271). Fitness: 12.524684469187862
	(3184.164529000877, 3276.787707029838, 0.0). Region: 87
	(991.1990393765423, 728.6239446883061, 0.0). Region: 12
	(1306.818077073216, 2441.477196472687, 0.0). Region: 63
	(284.1903168778662, 2012.7890430260222, 0.0). Region: 50
	(3186.0300918244943, 1814.7907374329197, 0.0). Region: 47
	(2598.3341856572265, 2428.1556567919897, 0.0). Region: 66
iter = 80
Alpha wolf:  Wolf 21 (271). Fitness: 12.524684469187862
	(3184.164529000877, 3276.787707029838, 0.0). Region: 87
	(991.1990393765423, 728.6239446883061, 0.0). Region: 12
	(1306.818077073216, 2441.477196472687, 0.0). Region: 63
	(284.1903168778662, 2012.7890430260222, 0.0). Region: 50
	(3186.0300918244943, 1814.7907374329197, 0.0). Region: 47
	(2598.3341856572265, 2428.1556567919897, 0.0). Region: 66
The alpha wolf has been updated to a position with higher fitness. iter = 83
New alpha wolf:  Wolf 13 (263). Fitness: 12.55977457822834
	(2959.8453757900684, 3278.8852416879877, 0.0). Region: 87
	(1011.3771462633897, 670.2080003454049, 0.0). Region: 12
	(1334.841321416447, 2793.1633064557886, 0.0). Region: 63
	(301.5534565414917, 2429.11170141218, 0.0). Region: 60
	(2837.034321208041, 1779.274624120078, 0.0). Region: 47
	(2682.8219674262136, 2653.7652026589776, 0.0). Region: 66
iter = 90
Alpha wolf:  Wolf 13 (263). Fitness: 12.55977457822834
	(2969.6546087320407, 3380.372271632534, 0.0). Region: 87
	(1095.57647531064, 755.2583036017837, 0.0). Region: 12
	(1430.958576368217, 2630.301430373156, 0.0). Region: 63
	(297.19602529898, 2514.9767341764655, 0.0). Region: 60
	(2848.7576866088457, 1715.5987766213784, 0.0). Region: 47
	(2784.6166462804176, 2428.321234164542, 0.0). Region: 66

- Finishing GWO - 

Best solution:  Wolf 13 (263). Fitness: 12.55977457822834
	(2922.857533802466, 3446.0543382285814, 0.0). Region: 87
	(1068.8713917331029, 688.9671441698481, 0.0). Region: 12
	(1400.9220855273184, 2711.245189205453, 0.0). Region: 63
	(296.2737695927942, 2719.6034566852522, 0.0). Region: 60
	(2964.1843222655416, 1725.5546106921247, 0.0). Region: 47
	(2592.265467458177, 2445.5551081256435, 0.0). Region: 66
Antennas in slice 1:  [12 17 47 60 63 66 87]
Results:  [array([17]), array([12, 17, 47, 60, 63, 66, 87])]

Slice 2
Fitnes _wolf:  3.6711622231196743e-06
The set of antennas serves the scenario in the respective slice.
Results:  [array([17]), array([12, 17, 47, 60, 63, 66, 87]), array([12, 17, 47, 60, 63, 66, 87])]

Slice 3
Fitnes _wolf:  3.0560141191874036e-06
The set of antennas serves the scenario in the respective slice.
Results:  [array([17]), array([12, 17, 47, 60, 63, 66, 87]), array([12, 17, 47, 60, 63, 66, 87]), array([12, 17, 47, 60, 63, 66, 87])]

Slice 4
Fitnes _wolf:  2.5753630528060664e-06
The set of antennas serves the scenario in the respective slice.
Results:  [array([17]), array([12, 17, 47, 60, 63, 66, 87]), array([12, 17, 47, 60, 63, 66, 87]), array([12, 17, 47, 60, 63, 66, 87]), array([12, 17, 47, 60, 63, 66, 87])]

Slice 5
Fitnes _wolf:  2.346855694644808e-06
The set of antennas serves the scenario in the respective slice.
Results:  [array([17]), array([12, 17, 47, 60, 63, 66, 87]), array([12, 17, 47, 60, 63, 66, 87]), array([12, 17, 47, 60, 63, 66, 87]), array([12, 17, 47, 60, 63, 66, 87]), array([12, 17, 47, 60, 63, 66, 87])]

Slice 6
Fitnes _wolf:  3.3231867117393784e-06
The set of antennas serves the scenario in the respective slice.
Results:  [array([17]), array([12, 17, 47, 60, 63, 66, 87]), array([12, 17, 47, 60, 63, 66, 87]), array([12, 17, 47, 60, 63, 66, 87]), array([12, 17, 47, 60, 63, 66, 87]), array([12, 17, 47, 60, 63, 66, 87]), array([12, 17, 47, 60, 63, 66, 87])]

Slice 7
Fitnes _wolf:  3.627242095789505e-06
The set of antennas serves the scenario in the respective slice.
Results:  [array([17]), array([12, 17, 47, 60, 63, 66, 87]), array([12, 17, 47, 60, 63, 66, 87]), array([12, 17, 47, 60, 63, 66, 87]), array([12, 17, 47, 60, 63, 66, 87]), array([12, 17, 47, 60, 63, 66, 87]), array([12, 17, 47, 60, 63, 66, 87]), array([12, 17, 47, 60, 63, 66, 87])]

Slice 8
Fitnes _wolf:  8.815282101423684e-06
The set of antennas serves the scenario in the respective slice.
Results:  [array([17]), array([12, 17, 47, 60, 63, 66, 87]), array([12, 17, 47, 60, 63, 66, 87]), array([12, 17, 47, 60, 63, 66, 87]), array([12, 17, 47, 60, 63, 66, 87]), array([12, 17, 47, 60, 63, 66, 87]), array([12, 17, 47, 60, 63, 66, 87]), array([12, 17, 47, 60, 63, 66, 87]), array([12, 17, 47, 60, 63, 66, 87])]

Slice 9
Fitnes _wolf:  1.8797185924751934
The set of antennas serves the scenario in the respective slice.
Results:  [array([17]), array([12, 17, 47, 60, 63, 66, 87]), array([12, 17, 47, 60, 63, 66, 87]), array([12, 17, 47, 60, 63, 66, 87]), array([12, 17, 47, 60, 63, 66, 87]), array([12, 17, 47, 60, 63, 66, 87]), array([12, 17, 47, 60, 63, 66, 87]), array([12, 17, 47, 60, 63, 66, 87]), array([12, 17, 47, 60, 63, 66, 87]), array([12, 17, 47, 60, 63, 66, 87])]

Slice 10
Fitnes _wolf:  2.404825426273458e-06
The set of antennas serves the scenario in the respective slice.
Results:  [array([17]), array([12, 17, 47, 60, 63, 66, 87]), array([12, 17, 47, 60, 63, 66, 87]), array([12, 17, 47, 60, 63, 66, 87]), array([12, 17, 47, 60, 63, 66, 87]), array([12, 17, 47, 60, 63, 66, 87]), array([12, 17, 47, 60, 63, 66, 87]), array([12, 17, 47, 60, 63, 66, 87]), array([12, 17, 47, 60, 63, 66, 87]), array([12, 17, 47, 60, 63, 66, 87]), array([12, 17, 47, 60, 63, 66, 87])]

Slice 11
Fitnes _wolf:  4.422453673199044
The set of antennas serves the scenario in the respective slice.
Results:  [array([17]), array([12, 17, 47, 60, 63, 66, 87]), array([12, 17, 47, 60, 63, 66, 87]), array([12, 17, 47, 60, 63, 66, 87]), array([12, 17, 47, 60, 63, 66, 87]), array([12, 17, 47, 60, 63, 66, 87]), array([12, 17, 47, 60, 63, 66, 87]), array([12, 17, 47, 60, 63, 66, 87]), array([12, 17, 47, 60, 63, 66, 87]), array([12, 17, 47, 60, 63, 66, 87]), array([12, 17, 47, 60, 63, 66, 87]), array([12, 17, 47, 60, 63, 66, 87])]
Results:  [array([17]), array([12, 17, 47, 60, 63, 66, 87]), array([12, 17, 47, 60, 63, 66, 87]), array([12, 17, 47, 60, 63, 66, 87]), array([12, 17, 47, 60, 63, 66, 87]), array([12, 17, 47, 60, 63, 66, 87]), array([12, 17, 47, 60, 63, 66, 87]), array([12, 17, 47, 60, 63, 66, 87]), array([12, 17, 47, 60, 63, 66, 87]), array([12, 17, 47, 60, 63, 66, 87]), array([12, 17, 47, 60, 63, 66, 87]), array([12, 17, 47, 60, 63, 66, 87])]

Média de carros: 6.5
t=0
Antennas: [17]
Users: [18 19 27 28 29 38]
connections:  {18: 17, 19: 17, 27: 17, 28: 17, 29: 17, 38: 17}
$x_{0,17}$
	 $y_{0,17,18}$ = 25.083676299194465 dB
	 $y_{0,17,19}$ = 22.079882614789597 dB
	 $y_{0,17,27}$ = 32.16590562531573 dB
	 $y_{0,17,28}$ = 26.693222215071202 dB
	 $y_{0,17,29}$ = 13.865773238669817 dB
	 $y_{0,17,38}$ = 20.741150041468416 dB
		SNR medio:  3.8008002712029523
		Usuarios totais: 37
Distances:
t=1
Antennas: [12 17 47 60 63 66 87]
Users: [ 1  4  5  8 13 14 18 19 21 24 28 29 32 35 36 38 39 40 43 46 49 51 52 54
 56 57 61 78 79 82 85 88 93 97 99]
connections:  {1: 12, 4: 12, 5: 17, 13: 12, 21: 12, 32: 12, 35: 47, 49: 47, 93: 63, 8: 47, 14: 12, 18: 47, 19: 47, 24: 12, 29: 47, 38: 47, 39: 47, 40: 12, 51: 63, 56: 47, 61: 63, 79: 47, 82: 63, 85: 66, 88: 66, 97: 66, 99: 66, 28: 47, 36: 47, 46: 66, 78: 66, 43: 12, 52: 12, 54: 66, 57: 66}
$x_{1,12}$
	 $y_{1,12,1}$ = 22.876881968783167 dB
	 $y_{1,12,4}$ = 11.549688962336205 dB
	 $y_{1,12,13}$ = 29.316297208633472 dB
	 $y_{1,12,21}$ = 18.089640851478634 dB
	 $y_{1,12,32}$ = 15.73904944018716 dB
	 $y_{1,12,14}$ = 16.840222785165707 dB
	 $y_{1,12,24}$ = 17.43988346983194 dB
	 $y_{1,12,40}$ = 11.808554377210086 dB
	 $y_{1,12,43}$ = 11.184724192946334 dB
	 $y_{1,12,52}$ = 10.617344548114005 dB
		SNR medio:  11.818734843191907
		Usuarios totais: 14
$x_{1,17}$
	 $y_{1,17,5}$ = 25.64414580138572 dB
		SNR medio:  25.64414580138572
		Usuarios totais: 1
$x_{1,47}$
	 $y_{1,47,35}$ = 12.513134733909965 dB
	 $y_{1,47,49}$ = 21.10296477016567 dB
	 $y_{1,47,8}$ = 12.45206968621315 dB
	 $y_{1,47,18}$ = 11.03356695955054 dB
	 $y_{1,47,19}$ = 11.926395785221956 dB
	 $y_{1,47,29}$ = 14.40604430362066 dB
	 $y_{1,47,38}$ = 22.39881718778844 dB
	 $y_{1,47,39}$ = 15.610324942995291 dB
	 $y_{1,47,56}$ = 21.97546439116944 dB
	 $y_{1,47,79}$ = 15.197288334997566 dB
	 $y_{1,47,28}$ = 17.445844468807294 dB
	 $y_{1,47,36}$ = 19.79506891355335 dB
		SNR medio:  4.896424611949833
		Usuarios totais: 40
$x_{1,60}$
		Usuarios totais: 0
$x_{1,63}$
	 $y_{1,63,93}$ = 19.713113850417628 dB
	 $y_{1,63,51}$ = 15.46588282217617 dB
	 $y_{1,63,61}$ = 24.645605705052148 dB
	 $y_{1,63,82}$ = 18.04348551427148 dB
		SNR medio:  19.467021972979357
		Usuarios totais: 4
$x_{1,66}$
	 $y_{1,66,85}$ = 16.297940231043228 dB
	 $y_{1,66,88}$ = 16.555190859574424 dB
	 $y_{1,66,97}$ = 12.079050747245986 dB
	 $y_{1,66,99}$ = 11.32316731985054 dB
	 $y_{1,66,46}$ = 13.328263834785815 dB
	 $y_{1,66,78}$ = 17.94267163070137 dB
	 $y_{1,66,54}$ = 21.22439224548816 dB
	 $y_{1,66,57}$ = 24.50279348204026 dB
		SNR medio:  16.656683793841225
		Usuarios totais: 8
$x_{1,87}$
		Usuarios totais: 0
Distances:
12 : 17 = 2000.0
12 : 47 = 2332.38075793812
12 : 60 = 2154.0659228538016
12 : 63 = 2039.607805437114
12 : 66 = 2561.2496949731394
12 : 87 = 3440.9301068170507
17 : 47 = 1200.0
17 : 60 = 3440.9301068170507
17 : 63 = 2561.2496949731394
17 : 66 = 2039.607805437114
17 : 87 = 2800.0
47 : 60 = 2912.043955712207
47 : 63 = 1788.8543819998317
47 : 66 = 894.4271909999159
47 : 87 = 1600.0
60 : 63 = 1200.0
60 : 66 = 2400.0
60 : 87 = 2912.043955712207
63 : 66 = 1200.0
63 : 87 = 1788.8543819998317
66 : 87 = 894.4271909999159
t=2
Antennas: [12 17 47 60 63 66 87]
Users: [ 0  4  9 10 11 13 15 17 18 19 23 24 25 27 28 30 35 36 38 40 41 43 44 45
 47 49 50 51 52 53 55 56 57 58 59 62 66 67 68 69 72 74 76 77 78 79 80 83
 84 89 90 92 93 95 96 97 99]
connections:  {0: 12, 4: 12, 9: 17, 10: 12, 11: 12, 13: 12, 23: 12, 25: 17, 30: 60, 35: 47, 49: 47, 50: 60, 53: 63, 59: 47, 80: 60, 89: 87, 90: 60, 93: 63, 15: 12, 18: 47, 19: 47, 24: 47, 27: 47, 38: 47, 40: 12, 41: 12, 51: 60, 56: 47, 58: 47, 62: 60, 72: 60, 77: 87, 79: 47, 95: 87, 96: 87, 97: 87, 99: 87, 17: 17, 28: 17, 36: 17, 43: 12, 44: 47, 47: 47, 52: 12, 66: 66, 68: 47, 78: 47, 83: 87, 84: 87, 92: 87, 45: 47, 55: 47, 57: 47, 67: 47, 69: 47, 74: 47, 76: 47}
$x_{2,12}$
	 $y_{2,12,0}$ = 18.466908438130204 dB
	 $y_{2,12,4}$ = 11.549688962336205 dB
	 $y_{2,12,10}$ = 24.010522517295996 dB
	 $y_{2,12,11}$ = 27.925554176894636 dB
	 $y_{2,12,13}$ = 29.316297208633472 dB
	 $y_{2,12,23}$ = 27.23295622880609 dB
	 $y_{2,12,15}$ = 16.621843822119757 dB
	 $y_{2,12,40}$ = 11.808554377210086 dB
	 $y_{2,12,41}$ = 13.069242818162763 dB
	 $y_{2,12,43}$ = 11.184724192946334 dB
	 $y_{2,12,52}$ = 10.617344548114005 dB
		SNR medio:  14.414545520760681
		Usuarios totais: 14
$x_{2,17}$
	 $y_{2,17,9}$ = 19.02428006635452 dB
	 $y_{2,17,25}$ = 20.741522349565216 dB
	 $y_{2,17,17}$ = 87.07028671302365 dB
	 $y_{2,17,28}$ = 26.693222215071202 dB
	 $y_{2,17,36}$ = 16.412595918191315 dB
		SNR medio:  6.536227202392535
		Usuarios totais: 26
$x_{2,47}$
	 $y_{2,47,35}$ = 12.513134733909965 dB
	 $y_{2,47,49}$ = 21.10296477016567 dB
	 $y_{2,47,59}$ = 16.029063148245868 dB
	 $y_{2,47,18}$ = 11.03356695955054 dB
	 $y_{2,47,19}$ = 11.926395785221956 dB
	 $y_{2,47,24}$ = 13.331248178158702 dB
	 $y_{2,47,27}$ = 14.186428530701477 dB
	 $y_{2,47,38}$ = 22.39881718778844 dB
	 $y_{2,47,56}$ = 21.97546439116944 dB
	 $y_{2,47,58}$ = 23.311741723907474 dB
	 $y_{2,47,79}$ = 15.197288334997566 dB
	 $y_{2,47,44}$ = 16.30462490318905 dB
	 $y_{2,47,47}$ = 92.6113594067684 dB
	 $y_{2,47,68}$ = 14.049365626118515 dB
	 $y_{2,47,78}$ = 10.102216401401165 dB
	 $y_{2,47,45}$ = 25.71288019441984 dB
	 $y_{2,47,55}$ = 11.16981422891152 dB
	 $y_{2,47,57}$ = 30.59941993112848 dB
	 $y_{2,47,67}$ = 13.811609790346438 dB
	 $y_{2,47,69}$ = 14.569249791840704 dB
	 $y_{2,47,74}$ = 12.755133482315514 dB
	 $y_{2,47,76}$ = 20.72725615468201 dB
		SNR medio:  13.100560107498197
		Usuarios totais: 34
$x_{2,60}$
	 $y_{2,60,30}$ = 12.309260550038715 dB
	 $y_{2,60,50}$ = 30.654381685901228 dB
	 $y_{2,60,80}$ = 11.864537335659065 dB
	 $y_{2,60,90}$ = 16.3983433499034 dB
	 $y_{2,60,51}$ = 21.446081135755918 dB
	 $y_{2,60,62}$ = 23.891486709327467 dB
	 $y_{2,60,72}$ = 19.55605850630586 dB
		SNR medio:  17.015018659111455
		Usuarios totais: 8
$x_{2,63}$
	 $y_{2,63,53}$ = 34.89102722054375 dB
	 $y_{2,63,93}$ = 19.713113850417628 dB
		SNR medio:  18.201380356987126
		Usuarios totais: 3
$x_{2,66}$
	 $y_{2,66,66}$ = 96.2889804331889 dB
		SNR medio:  96.2889804331889
		Usuarios totais: 1
$x_{2,87}$
	 $y_{2,87,89}$ = 17.317954508857582 dB
	 $y_{2,87,77}$ = 33.038988850143554 dB
	 $y_{2,87,95}$ = 14.827507966080816 dB
	 $y_{2,87,96}$ = 35.30280409826885 dB
	 $y_{2,87,97}$ = 21.308558857874345 dB
	 $y_{2,87,99}$ = 20.929670775176447 dB
	 $y_{2,87,83}$ = 11.619352925551198 dB
	 $y_{2,87,84}$ = 13.18089300669746 dB
	 $y_{2,87,92}$ = 19.88881776327119 dB
		SNR medio:  17.037686250174676
		Usuarios totais: 11
Distances:
12 : 17 = 2000.0
12 : 47 = 2332.38075793812
12 : 60 = 2154.0659228538016
12 : 63 = 2039.607805437114
12 : 66 = 2561.2496949731394
12 : 87 = 3440.9301068170507
17 : 47 = 1200.0
17 : 60 = 3440.9301068170507
17 : 63 = 2561.2496949731394
17 : 66 = 2039.607805437114
17 : 87 = 2800.0
47 : 60 = 2912.043955712207
47 : 63 = 1788.8543819998317
47 : 66 = 894.4271909999159
47 : 87 = 1600.0
60 : 63 = 1200.0
60 : 66 = 2400.0
60 : 87 = 2912.043955712207
63 : 66 = 1200.0
63 : 87 = 1788.8543819998317
66 : 87 = 894.4271909999159
t=3
Antennas: [12 17 47 60 63 66 87]
Users: [ 0  2  3  4  6  7  8  9 11 12 13 16 18 19 20 21 25 26 27 28 29 32 34 35
 38 40 45 47 48 49 51 52 54 55 58 59 63 64 67 68 69 71 73 74 75 76 79 82
 83 84 86 88 89 92 94 95 96 97 98 99]
connections:  {0: 12, 2: 12, 3: 12, 4: 12, 9: 17, 11: 12, 12: 12, 13: 12, 16: 17, 21: 12, 25: 17, 32: 12, 34: 63, 35: 47, 49: 47, 59: 47, 89: 87, 94: 87, 98: 87, 6: 17, 8: 17, 18: 17, 19: 17, 20: 12, 27: 17, 29: 17, 38: 17, 40: 12, 51: 63, 58: 47, 64: 63, 71: 63, 73: 63, 79: 47, 82: 63, 86: 87, 88: 87, 95: 87, 96: 87, 97: 87, 99: 87, 7: 17, 26: 17, 28: 47, 47: 47, 48: 47, 52: 12, 63: 63, 68: 47, 83: 87, 84: 87, 92: 87, 45: 47, 54: 47, 55: 47, 67: 47, 69: 87, 74: 87, 75: 87, 76: 87}
$x_{3,12}$
	 $y_{3,12,0}$ = 18.466908438130204 dB
	 $y_{3,12,2}$ = 27.459499283137617 dB
	 $y_{3,12,3}$ = 18.93231982309426 dB
	 $y_{3,12,4}$ = 11.549688962336205 dB
	 $y_{3,12,11}$ = 27.925554176894636 dB
	 $y_{3,12,12}$ = 94.99936207343586 dB
	 $y_{3,12,13}$ = 29.316297208633472 dB
	 $y_{3,12,21}$ = 18.089640851478634 dB
	 $y_{3,12,32}$ = 15.73904944018716 dB
	 $y_{3,12,20}$ = 18.122288946363923 dB
	 $y_{3,12,40}$ = 11.808554377210086 dB
	 $y_{3,12,52}$ = 10.617344548114005 dB
		SNR medio:  13.773932187682549
		Usuarios totais: 22
$x_{3,17}$
	 $y_{3,17,9}$ = 19.02428006635452 dB
	 $y_{3,17,16}$ = 29.273531769388782 dB
	 $y_{3,17,25}$ = 20.741522349565216 dB
	 $y_{3,17,6}$ = 26.01335328383533 dB
	 $y_{3,17,8}$ = 14.723885813261674 dB
	 $y_{3,17,18}$ = 25.083676299194465 dB
	 $y_{3,17,19}$ = 22.079882614789597 dB
	 $y_{3,17,27}$ = 32.16590562531573 dB
	 $y_{3,17,29}$ = 13.865773238669817 dB
	 $y_{3,17,38}$ = 20.741150041468416 dB
	 $y_{3,17,7}$ = 26.683209549757848 dB
	 $y_{3,17,26}$ = 22.846247697167897 dB
		SNR medio:  10.509323782644971
		Usuarios totais: 26
$x_{3,47}$
	 $y_{3,47,35}$ = 12.513134733909965 dB
	 $y_{3,47,49}$ = 21.10296477016567 dB
	 $y_{3,47,59}$ = 16.029063148245868 dB
	 $y_{3,47,58}$ = 23.311741723907474 dB
	 $y_{3,47,79}$ = 15.197288334997566 dB
	 $y_{3,47,28}$ = 17.445844468807294 dB
	 $y_{3,47,47}$ = 92.6113594067684 dB
	 $y_{3,47,48}$ = 27.15262043728019 dB
	 $y_{3,47,68}$ = 14.049365626118515 dB
	 $y_{3,47,45}$ = 25.71288019441984 dB
	 $y_{3,47,54}$ = 16.937488801263513 dB
	 $y_{3,47,55}$ = 11.16981422891152 dB
	 $y_{3,47,67}$ = 13.811609790346438 dB
		SNR medio:  7.676129391628555
		Usuarios totais: 40
$x_{3,60}$
		Usuarios totais: 0
$x_{3,63}$
	 $y_{3,63,34}$ = 11.817074978612283 dB
	 $y_{3,63,51}$ = 15.46588282217617 dB
	 $y_{3,63,64}$ = 34.761087928915906 dB
	 $y_{3,63,71}$ = 19.2350113967222 dB
	 $y_{3,63,73}$ = 22.703296653600702 dB
	 $y_{3,63,82}$ = 18.04348551427148 dB
	 $y_{3,63,63}$ = 83.10633169785862 dB
		SNR medio:  25.641521374019668
		Usuarios totais: 8
$x_{3,66}$
		Usuarios totais: 0
$x_{3,87}$
	 $y_{3,87,89}$ = 17.317954508857582 dB
	 $y_{3,87,94}$ = 12.913029371043706 dB
	 $y_{3,87,98}$ = 26.641694786653815 dB
	 $y_{3,87,86}$ = 31.825532905564117 dB
	 $y_{3,87,88}$ = 27.7750373776108 dB
	 $y_{3,87,95}$ = 14.827507966080816 dB
	 $y_{3,87,96}$ = 35.30280409826885 dB
	 $y_{3,87,97}$ = 21.308558857874345 dB
	 $y_{3,87,99}$ = 20.929670775176447 dB
	 $y_{3,87,83}$ = 11.619352925551198 dB
	 $y_{3,87,84}$ = 13.18089300669746 dB
	 $y_{3,87,92}$ = 19.88881776327119 dB
	 $y_{3,87,69}$ = 11.58655057797364 dB
	 $y_{3,87,74}$ = 12.273794584737828 dB
	 $y_{3,87,75}$ = 29.261558662842546 dB
	 $y_{3,87,76}$ = 26.839282010986665 dB
		SNR medio:  11.910430006399679
		Usuarios totais: 28
Distances:
12 : 17 = 2000.0
12 : 47 = 2332.38075793812
12 : 60 = 2154.0659228538016
12 : 63 = 2039.607805437114
12 : 66 = 2561.2496949731394
12 : 87 = 3440.9301068170507
17 : 47 = 1200.0
17 : 60 = 3440.9301068170507
17 : 63 = 2561.2496949731394
17 : 66 = 2039.607805437114
17 : 87 = 2800.0
47 : 60 = 2912.043955712207
47 : 63 = 1788.8543819998317
47 : 66 = 894.4271909999159
47 : 87 = 1600.0
60 : 63 = 1200.0
60 : 66 = 2400.0
60 : 87 = 2912.043955712207
63 : 66 = 1200.0
63 : 87 = 1788.8543819998317
66 : 87 = 894.4271909999159
t=4
Antennas: [12 17 47 60 63 66 87]
Users: [ 0  1  2  4  5  6  7  8  9 12 13 15 16 18 20 21 24 26 27 28 31 33 36 38
 39 40 42 43 44 45 46 47 48 50 52 53 56 57 58 59 61 62 64 66 67 70 71 72
 73 74 75 77 78 79 80 81 82 83 84 86 89 90 91 92 94 96 97 98 99]
connections:  {0: 12, 1: 12, 2: 12, 4: 12, 5: 17, 9: 17, 12: 12, 13: 12, 16: 17, 21: 12, 31: 12, 50: 60, 53: 63, 59: 47, 70: 60, 80: 60, 81: 60, 89: 87, 90: 60, 91: 60, 94: 87, 98: 87, 6: 17, 8: 17, 15: 12, 18: 17, 20: 12, 24: 12, 27: 17, 38: 17, 39: 17, 40: 12, 56: 47, 58: 87, 61: 60, 62: 60, 64: 63, 71: 60, 72: 60, 73: 60, 77: 87, 79: 87, 82: 60, 86: 87, 96: 87, 97: 87, 99: 87, 7: 12, 26: 17, 28: 47, 33: 12, 36: 47, 42: 12, 43: 12, 44: 47, 46: 47, 47: 47, 48: 47, 52: 12, 66: 66, 78: 47, 83: 87, 84: 87, 92: 87, 45: 47, 57: 47, 67: 87, 74: 87, 75: 47}
$x_{4,12}$
	 $y_{4,12,0}$ = 18.466908438130204 dB
	 $y_{4,12,1}$ = 22.876881968783167 dB
	 $y_{4,12,2}$ = 27.459499283137617 dB
	 $y_{4,12,4}$ = 11.549688962336205 dB
	 $y_{4,12,12}$ = 94.99936207343586 dB
	 $y_{4,12,13}$ = 29.316297208633472 dB
	 $y_{4,12,21}$ = 18.089640851478634 dB
	 $y_{4,12,31}$ = 19.492490210255937 dB
	 $y_{4,12,15}$ = 16.621843822119757 dB
	 $y_{4,12,20}$ = 18.122288946363923 dB
	 $y_{4,12,24}$ = 17.43988346983194 dB
	 $y_{4,12,40}$ = 11.808554377210086 dB
	 $y_{4,12,7}$ = 12.78865590907293 dB
	 $y_{4,12,33}$ = 13.36978916084837 dB
	 $y_{4,12,42}$ = 10.31285877088905 dB
	 $y_{4,12,43}$ = 11.184724192946334 dB
	 $y_{4,12,52}$ = 10.617344548114005 dB
		SNR medio:  10.721079770399633
		Usuarios totais: 34
$x_{4,17}$
	 $y_{4,17,5}$ = 25.64414580138572 dB
	 $y_{4,17,9}$ = 19.02428006635452 dB
	 $y_{4,17,16}$ = 29.273531769388782 dB
	 $y_{4,17,6}$ = 26.01335328383533 dB
	 $y_{4,17,8}$ = 14.723885813261674 dB
	 $y_{4,17,18}$ = 25.083676299194465 dB
	 $y_{4,17,27}$ = 32.16590562531573 dB
	 $y_{4,17,38}$ = 20.741150041468416 dB
	 $y_{4,17,39}$ = 20.05829202998558 dB
	 $y_{4,17,26}$ = 22.846247697167897 dB
		SNR medio:  12.398656233018848
		Usuarios totais: 19
$x_{4,47}$
	 $y_{4,47,59}$ = 16.029063148245868 dB
	 $y_{4,47,56}$ = 21.97546439116944 dB
	 $y_{4,47,28}$ = 17.445844468807294 dB
	 $y_{4,47,36}$ = 19.79506891355335 dB
	 $y_{4,47,44}$ = 16.30462490318905 dB
	 $y_{4,47,46}$ = 37.14581254021918 dB
	 $y_{4,47,47}$ = 92.6113594067684 dB
	 $y_{4,47,48}$ = 27.15262043728019 dB
	 $y_{4,47,78}$ = 10.102216401401165 dB
	 $y_{4,47,45}$ = 25.71288019441984 dB
	 $y_{4,47,57}$ = 30.59941993112848 dB
	 $y_{4,47,75}$ = 21.681290561241283 dB
		SNR medio:  8.413891632435588
		Usuarios totais: 40
$x_{4,60}$
	 $y_{4,60,50}$ = 30.654381685901228 dB
	 $y_{4,60,70}$ = 29.005136391618677 dB
	 $y_{4,60,80}$ = 11.864537335659065 dB
	 $y_{4,60,81}$ = 20.11032288587279 dB
	 $y_{4,60,90}$ = 16.3983433499034 dB
	 $y_{4,60,91}$ = 10.406820974110303 dB
	 $y_{4,60,61}$ = 21.163256328961324 dB
	 $y_{4,60,62}$ = 23.891486709327467 dB
	 $y_{4,60,71}$ = 13.2796554159668 dB
	 $y_{4,60,72}$ = 19.55605850630586 dB
	 $y_{4,60,73}$ = 13.470547350106656 dB
	 $y_{4,60,82}$ = 17.159918696234584 dB
		SNR medio:  9.867846331737743
		Usuarios totais: 23
$x_{4,63}$
	 $y_{4,63,53}$ = 34.89102722054375 dB
	 $y_{4,63,64}$ = 34.761087928915906 dB
		SNR medio:  11.608685858243277
		Usuarios totais: 6
$x_{4,66}$
	 $y_{4,66,66}$ = 96.2889804331889 dB
		SNR medio:  48.14449021659445
		Usuarios totais: 2
$x_{4,87}$
	 $y_{4,87,89}$ = 17.317954508857582 dB
	 $y_{4,87,94}$ = 12.913029371043706 dB
	 $y_{4,87,98}$ = 26.641694786653815 dB
	 $y_{4,87,58}$ = 10.084090139588568 dB
	 $y_{4,87,77}$ = 33.038988850143554 dB
	 $y_{4,87,79}$ = 21.105118698019723 dB
	 $y_{4,87,86}$ = 31.825532905564117 dB
	 $y_{4,87,96}$ = 35.30280409826885 dB
	 $y_{4,87,97}$ = 21.308558857874345 dB
	 $y_{4,87,99}$ = 20.929670775176447 dB
	 $y_{4,87,83}$ = 11.619352925551198 dB
	 $y_{4,87,84}$ = 13.18089300669746 dB
	 $y_{4,87,92}$ = 19.88881776327119 dB
	 $y_{4,87,67}$ = 19.030934576604665 dB
	 $y_{4,87,74}$ = 12.273794584737828 dB
		SNR medio:  10.56762882234666
		Usuarios totais: 29
Distances:
12 : 17 = 2000.0
12 : 47 = 2332.38075793812
12 : 60 = 2154.0659228538016
12 : 63 = 2039.607805437114
12 : 66 = 2561.2496949731394
12 : 87 = 3440.9301068170507
17 : 47 = 1200.0
17 : 60 = 3440.9301068170507
17 : 63 = 2561.2496949731394
17 : 66 = 2039.607805437114
17 : 87 = 2800.0
47 : 60 = 2912.043955712207
47 : 63 = 1788.8543819998317
47 : 66 = 894.4271909999159
47 : 87 = 1600.0
60 : 63 = 1200.0
60 : 66 = 2400.0
60 : 87 = 2912.043955712207
63 : 66 = 1200.0
63 : 87 = 1788.8543819998317
66 : 87 = 894.4271909999159
t=5
Antennas: [12 17 47 60 63 66 87]
Users: [ 1  2  3  4  5  6  7  8  9 10 11 12 13 14 15 17 18 20 21 22 23 24 26 27
 28 29 30 31 32 33 34 35 37 38 39 40 41 42 43 44 45 46 48 49 51 52 53 54
 55 58 60 61 62 63 64 65 66 67 68 69 70 72 73 74 76 77 78 79 80 83 84 87
 88 89 90 91 92 93 94 95 96 97 98 99]
connections:  {1: 12, 2: 12, 3: 12, 4: 12, 5: 17, 9: 17, 10: 12, 11: 12, 12: 12, 13: 12, 21: 12, 23: 12, 30: 60, 31: 12, 32: 12, 34: 63, 35: 47, 49: 47, 53: 63, 60: 60, 70: 60, 80: 60, 89: 87, 90: 60, 91: 60, 93: 63, 94: 87, 98: 87, 6: 47, 8: 47, 14: 12, 15: 12, 18: 47, 20: 12, 24: 12, 27: 47, 29: 47, 38: 47, 39: 47, 40: 12, 41: 12, 51: 60, 58: 47, 61: 60, 62: 60, 64: 63, 72: 60, 73: 60, 77: 87, 79: 47, 87: 87, 88: 87, 95: 87, 96: 87, 97: 87, 99: 87, 7: 12, 17: 17, 22: 12, 26: 47, 28: 17, 33: 12, 37: 17, 42: 12, 43: 12, 44: 47, 46: 47, 48: 17, 52: 60, 63: 63, 66: 66, 68: 47, 78: 47, 83: 87, 84: 87, 92: 87, 45: 12, 54: 47, 55: 87, 65: 47, 67: 47, 69: 87, 74: 87, 76: 87}
$x_{5,12}$
	 $y_{5,12,1}$ = 22.876881968783167 dB
	 $y_{5,12,2}$ = 27.459499283137617 dB
	 $y_{5,12,3}$ = 18.93231982309426 dB
	 $y_{5,12,4}$ = 11.549688962336205 dB
	 $y_{5,12,10}$ = 24.010522517295996 dB
	 $y_{5,12,11}$ = 27.925554176894636 dB
	 $y_{5,12,12}$ = 94.99936207343586 dB
	 $y_{5,12,13}$ = 29.316297208633472 dB
	 $y_{5,12,21}$ = 18.089640851478634 dB
	 $y_{5,12,23}$ = 27.23295622880609 dB
	 $y_{5,12,31}$ = 19.492490210255937 dB
	 $y_{5,12,32}$ = 15.73904944018716 dB
	 $y_{5,12,14}$ = 16.840222785165707 dB
	 $y_{5,12,15}$ = 16.621843822119757 dB
	 $y_{5,12,20}$ = 18.122288946363923 dB
	 $y_{5,12,24}$ = 17.43988346983194 dB
	 $y_{5,12,40}$ = 11.808554377210086 dB
	 $y_{5,12,41}$ = 13.069242818162763 dB
	 $y_{5,12,7}$ = 12.78865590907293 dB
	 $y_{5,12,22}$ = 36.50378900694979 dB
	 $y_{5,12,33}$ = 13.36978916084837 dB
	 $y_{5,12,42}$ = 10.31285877088905 dB
	 $y_{5,12,43}$ = 11.184724192946334 dB
	 $y_{5,12,45}$ = 13.85239785269502 dB
		SNR medio:  13.238462846414867
		Usuarios totais: 40
$x_{5,17}$
	 $y_{5,17,5}$ = 25.64414580138572 dB
	 $y_{5,17,9}$ = 19.02428006635452 dB
	 $y_{5,17,17}$ = 87.07028671302365 dB
	 $y_{5,17,28}$ = 26.693222215071202 dB
	 $y_{5,17,37}$ = 23.30422967425521 dB
	 $y_{5,17,48}$ = 10.882904666616298 dB
		SNR medio:  4.938950490684785
		Usuarios totais: 39
$x_{5,47}$
	 $y_{5,47,35}$ = 12.513134733909965 dB
	 $y_{5,47,49}$ = 21.10296477016567 dB
	 $y_{5,47,6}$ = 11.461680249755148 dB
	 $y_{5,47,8}$ = 12.45206968621315 dB
	 $y_{5,47,18}$ = 11.03356695955054 dB
	 $y_{5,47,27}$ = 14.186428530701477 dB
	 $y_{5,47,29}$ = 14.40604430362066 dB
	 $y_{5,47,38}$ = 22.39881718778844 dB
	 $y_{5,47,39}$ = 15.610324942995291 dB
	 $y_{5,47,58}$ = 23.311741723907474 dB
	 $y_{5,47,79}$ = 15.197288334997566 dB
	 $y_{5,47,26}$ = 12.976612120432407 dB
	 $y_{5,47,44}$ = 16.30462490318905 dB
	 $y_{5,47,46}$ = 37.14581254021918 dB
	 $y_{5,47,68}$ = 14.049365626118515 dB
	 $y_{5,47,78}$ = 10.102216401401165 dB
	 $y_{5,47,54}$ = 16.937488801263513 dB
	 $y_{5,47,65}$ = 16.17362004226831 dB
	 $y_{5,47,67}$ = 13.811609790346438 dB
		SNR medio:  7.779385291221098
		Usuarios totais: 40
$x_{5,60}$
	 $y_{5,60,30}$ = 12.309260550038715 dB
	 $y_{5,60,60}$ = 88.87182658514678 dB
	 $y_{5,60,70}$ = 29.005136391618677 dB
	 $y_{5,60,80}$ = 11.864537335659065 dB
	 $y_{5,60,90}$ = 16.3983433499034 dB
	 $y_{5,60,91}$ = 10.406820974110303 dB
	 $y_{5,60,51}$ = 21.446081135755918 dB
	 $y_{5,60,61}$ = 21.163256328961324 dB
	 $y_{5,60,62}$ = 23.891486709327467 dB
	 $y_{5,60,72}$ = 19.55605850630586 dB
	 $y_{5,60,73}$ = 13.470547350106656 dB
	 $y_{5,60,52}$ = 13.840670680185553 dB
		SNR medio:  9.40746752990399
		Usuarios totais: 30
$x_{5,63}$
	 $y_{5,63,34}$ = 11.817074978612283 dB
	 $y_{5,63,53}$ = 34.89102722054375 dB
	 $y_{5,63,93}$ = 19.713113850417628 dB
	 $y_{5,63,64}$ = 34.761087928915906 dB
	 $y_{5,63,63}$ = 83.10633169785862 dB
		SNR medio:  23.036079459543522
		Usuarios totais: 8
$x_{5,66}$
	 $y_{5,66,66}$ = 96.2889804331889 dB
		SNR medio:  19.25779608663778
		Usuarios totais: 5
$x_{5,87}$
	 $y_{5,87,89}$ = 17.317954508857582 dB
	 $y_{5,87,94}$ = 12.913029371043706 dB
	 $y_{5,87,98}$ = 26.641694786653815 dB
	 $y_{5,87,77}$ = 33.038988850143554 dB
	 $y_{5,87,87}$ = 88.85886131537518 dB
	 $y_{5,87,88}$ = 27.7750373776108 dB
	 $y_{5,87,95}$ = 14.827507966080816 dB
	 $y_{5,87,96}$ = 35.30280409826885 dB
	 $y_{5,87,97}$ = 21.308558857874345 dB
	 $y_{5,87,99}$ = 20.929670775176447 dB
	 $y_{5,87,83}$ = 11.619352925551198 dB
	 $y_{5,87,84}$ = 13.18089300669746 dB
	 $y_{5,87,92}$ = 19.88881776327119 dB
	 $y_{5,87,55}$ = 12.527587211310674 dB
	 $y_{5,87,69}$ = 11.58655057797364 dB
	 $y_{5,87,74}$ = 12.273794584737828 dB
	 $y_{5,87,76}$ = 26.839282010986665 dB
		SNR medio:  14.529656642414777
		Usuarios totais: 28
Distances:
12 : 17 = 2000.0
12 : 47 = 2332.38075793812
12 : 60 = 2154.0659228538016
12 : 63 = 2039.607805437114
12 : 66 = 2561.2496949731394
12 : 87 = 3440.9301068170507
17 : 47 = 1200.0
17 : 60 = 3440.9301068170507
17 : 63 = 2561.2496949731394
17 : 66 = 2039.607805437114
17 : 87 = 2800.0
47 : 60 = 2912.043955712207
47 : 63 = 1788.8543819998317
47 : 66 = 894.4271909999159
47 : 87 = 1600.0
60 : 63 = 1200.0
60 : 66 = 2400.0
60 : 87 = 2912.043955712207
63 : 66 = 1200.0
63 : 87 = 1788.8543819998317
66 : 87 = 894.4271909999159
t=6
Antennas: [12 17 47 60 63 66 87]
Users: [ 0  3  4  7  8  9 10 11 13 14 15 16 17 18 21 22 23 24 25 26 27 28 29 30
 31 32 33 34 36 37 38 39 40 41 42 43 44 45 46 47 49 50 51 52 53 54 55 56
 57 58 59 60 61 62 63 64 66 67 68 69 70 71 72 73 74 75 77 79 81 83 84 85
 86 87 88 89 91 93 94 96 97 98]
connections:  {0: 12, 3: 12, 4: 12, 9: 17, 10: 12, 11: 12, 13: 12, 16: 17, 21: 12, 23: 12, 25: 17, 30: 60, 31: 12, 32: 12, 34: 63, 49: 47, 50: 60, 53: 63, 59: 47, 60: 60, 70: 60, 81: 60, 89: 87, 91: 60, 93: 63, 94: 87, 98: 87, 8: 17, 14: 12, 15: 12, 18: 17, 24: 12, 27: 17, 29: 17, 38: 17, 39: 17, 40: 12, 41: 12, 51: 60, 56: 47, 58: 47, 61: 60, 62: 60, 64: 63, 71: 60, 72: 60, 73: 60, 77: 87, 79: 47, 85: 87, 86: 87, 87: 87, 88: 87, 96: 87, 97: 87, 7: 12, 17: 17, 22: 12, 26: 17, 28: 17, 33: 12, 42: 60, 43: 63, 52: 60, 36: 17, 37: 17, 44: 47, 45: 47, 46: 87, 47: 47, 63: 63, 66: 66, 68: 87, 83: 87, 84: 87, 54: 60, 55: 87, 57: 87, 67: 87, 69: 87, 74: 47, 75: 87}
$x_{6,12}$
	 $y_{6,12,0}$ = 18.466908438130204 dB
	 $y_{6,12,3}$ = 18.93231982309426 dB
	 $y_{6,12,4}$ = 11.549688962336205 dB
	 $y_{6,12,10}$ = 24.010522517295996 dB
	 $y_{6,12,11}$ = 27.925554176894636 dB
	 $y_{6,12,13}$ = 29.316297208633472 dB
	 $y_{6,12,21}$ = 18.089640851478634 dB
	 $y_{6,12,23}$ = 27.23295622880609 dB
	 $y_{6,12,31}$ = 19.492490210255937 dB
	 $y_{6,12,32}$ = 15.73904944018716 dB
	 $y_{6,12,14}$ = 16.840222785165707 dB
	 $y_{6,12,15}$ = 16.621843822119757 dB
	 $y_{6,12,24}$ = 17.43988346983194 dB
	 $y_{6,12,40}$ = 11.808554377210086 dB
	 $y_{6,12,41}$ = 13.069242818162763 dB
	 $y_{6,12,7}$ = 12.78865590907293 dB
	 $y_{6,12,22}$ = 36.50378900694979 dB
	 $y_{6,12,33}$ = 13.36978916084837 dB
		SNR medio:  8.729935230161848
		Usuarios totais: 40
$x_{6,17}$
	 $y_{6,17,9}$ = 19.02428006635452 dB
	 $y_{6,17,16}$ = 29.273531769388782 dB
	 $y_{6,17,25}$ = 20.741522349565216 dB
	 $y_{6,17,8}$ = 14.723885813261674 dB
	 $y_{6,17,18}$ = 25.083676299194465 dB
	 $y_{6,17,27}$ = 32.16590562531573 dB
	 $y_{6,17,29}$ = 13.865773238669817 dB
	 $y_{6,17,38}$ = 20.741150041468416 dB
	 $y_{6,17,39}$ = 20.05829202998558 dB
	 $y_{6,17,17}$ = 87.07028671302365 dB
	 $y_{6,17,26}$ = 22.846247697167897 dB
	 $y_{6,17,28}$ = 26.693222215071202 dB
	 $y_{6,17,36}$ = 16.412595918191315 dB
	 $y_{6,17,37}$ = 23.30422967425521 dB
		SNR medio:  12.40015331503045
		Usuarios totais: 30
$x_{6,47}$
	 $y_{6,47,49}$ = 21.10296477016567 dB
	 $y_{6,47,59}$ = 16.029063148245868 dB
	 $y_{6,47,56}$ = 21.97546439116944 dB
	 $y_{6,47,58}$ = 23.311741723907474 dB
	 $y_{6,47,79}$ = 15.197288334997566 dB
	 $y_{6,47,44}$ = 16.30462490318905 dB
	 $y_{6,47,45}$ = 25.71288019441984 dB
	 $y_{6,47,47}$ = 92.6113594067684 dB
	 $y_{6,47,74}$ = 12.755133482315514 dB
		SNR medio:  11.666691445484705
		Usuarios totais: 21
$x_{6,60}$
	 $y_{6,60,30}$ = 12.309260550038715 dB
	 $y_{6,60,50}$ = 30.654381685901228 dB
	 $y_{6,60,60}$ = 88.87182658514678 dB
	 $y_{6,60,70}$ = 29.005136391618677 dB
	 $y_{6,60,81}$ = 20.11032288587279 dB
	 $y_{6,60,91}$ = 10.406820974110303 dB
	 $y_{6,60,51}$ = 21.446081135755918 dB
	 $y_{6,60,61}$ = 21.163256328961324 dB
	 $y_{6,60,62}$ = 23.891486709327467 dB
	 $y_{6,60,71}$ = 13.2796554159668 dB
	 $y_{6,60,72}$ = 19.55605850630586 dB
	 $y_{6,60,73}$ = 13.470547350106656 dB
	 $y_{6,60,42}$ = 11.381840389884218 dB
	 $y_{6,60,52}$ = 13.840670680185553 dB
	 $y_{6,60,54}$ = 11.447930425197413 dB
		SNR medio:  14.818925044103462
		Usuarios totais: 23
$x_{6,63}$
	 $y_{6,63,34}$ = 11.817074978612283 dB
	 $y_{6,63,53}$ = 34.89102722054375 dB
	 $y_{6,63,93}$ = 19.713113850417628 dB
	 $y_{6,63,64}$ = 34.761087928915906 dB
	 $y_{6,63,43}$ = 26.990481316544077 dB
	 $y_{6,63,63}$ = 83.10633169785862 dB
		SNR medio:  17.60659308274102
		Usuarios totais: 12
$x_{6,66}$
	 $y_{6,66,66}$ = 96.2889804331889 dB
		SNR medio:  48.14449021659445
		Usuarios totais: 2
$x_{6,87}$
	 $y_{6,87,89}$ = 17.317954508857582 dB
	 $y_{6,87,94}$ = 12.913029371043706 dB
	 $y_{6,87,98}$ = 26.641694786653815 dB
	 $y_{6,87,77}$ = 33.038988850143554 dB
	 $y_{6,87,85}$ = 20.93387632790855 dB
	 $y_{6,87,86}$ = 31.825532905564117 dB
	 $y_{6,87,87}$ = 88.85886131537518 dB
	 $y_{6,87,88}$ = 27.7750373776108 dB
	 $y_{6,87,96}$ = 35.30280409826885 dB
	 $y_{6,87,97}$ = 21.308558857874345 dB
	 $y_{6,87,46}$ = 11.447088895521858 dB
	 $y_{6,87,68}$ = 16.45122249506177 dB
	 $y_{6,87,83}$ = 11.619352925551198 dB
	 $y_{6,87,84}$ = 13.18089300669746 dB
	 $y_{6,87,55}$ = 12.527587211310674 dB
	 $y_{6,87,57}$ = 15.982644763348816 dB
	 $y_{6,87,67}$ = 19.030934576604665 dB
	 $y_{6,87,69}$ = 11.58655057797364 dB
	 $y_{6,87,75}$ = 29.261558662842546 dB
		SNR medio:  11.71805567985162
		Usuarios totais: 39
Distances:
12 : 17 = 2000.0
12 : 47 = 2332.38075793812
12 : 60 = 2154.0659228538016
12 : 63 = 2039.607805437114
12 : 66 = 2561.2496949731394
12 : 87 = 3440.9301068170507
17 : 47 = 1200.0
17 : 60 = 3440.9301068170507
17 : 63 = 2561.2496949731394
17 : 66 = 2039.607805437114
17 : 87 = 2800.0
47 : 60 = 2912.043955712207
47 : 63 = 1788.8543819998317
47 : 66 = 894.4271909999159
47 : 87 = 1600.0
60 : 63 = 1200.0
60 : 66 = 2400.0
60 : 87 = 2912.043955712207
63 : 66 = 1200.0
63 : 87 = 1788.8543819998317
66 : 87 = 894.4271909999159
t=7
Antennas: [12 17 47 60 63 66 87]
Users: [ 1  2  3  4  5  6  7  8  9 10 11 12 13 14 15 16 18 19 20 21 23 24 26 27
 29 31 32 33 34 36 37 38 39 40 41 42 43 45 46 48 49 50 51 52 53 55 56 57
 59 60 61 62 63 65 68 70 71 74 75 77 80 81 82 83 85 87 88 89 90 91 92 95
 97 98 99]
connections:  {1: 12, 2: 12, 3: 12, 4: 12, 5: 17, 9: 17, 10: 12, 11: 12, 12: 12, 13: 12, 16: 17, 21: 12, 23: 12, 31: 12, 32: 12, 34: 63, 49: 47, 50: 60, 53: 63, 59: 47, 60: 60, 70: 60, 80: 60, 81: 60, 89: 87, 90: 60, 91: 60, 98: 87, 6: 17, 8: 17, 14: 12, 15: 12, 18: 17, 19: 17, 20: 12, 24: 12, 27: 17, 29: 17, 38: 17, 39: 17, 40: 12, 41: 12, 51: 60, 56: 47, 61: 60, 62: 60, 71: 60, 77: 87, 82: 60, 85: 87, 87: 87, 88: 87, 95: 87, 97: 87, 99: 87, 7: 12, 26: 17, 33: 12, 36: 17, 37: 17, 42: 12, 43: 12, 46: 87, 48: 17, 52: 12, 45: 47, 63: 63, 68: 87, 83: 87, 92: 87, 55: 87, 57: 87, 65: 87, 74: 87, 75: 87}
$x_{7,12}$
	 $y_{7,12,1}$ = 22.876881968783167 dB
	 $y_{7,12,2}$ = 27.459499283137617 dB
	 $y_{7,12,3}$ = 18.93231982309426 dB
	 $y_{7,12,4}$ = 11.549688962336205 dB
	 $y_{7,12,10}$ = 24.010522517295996 dB
	 $y_{7,12,11}$ = 27.925554176894636 dB
	 $y_{7,12,12}$ = 94.99936207343586 dB
	 $y_{7,12,13}$ = 29.316297208633472 dB
	 $y_{7,12,21}$ = 18.089640851478634 dB
	 $y_{7,12,23}$ = 27.23295622880609 dB
	 $y_{7,12,31}$ = 19.492490210255937 dB
	 $y_{7,12,32}$ = 15.73904944018716 dB
	 $y_{7,12,14}$ = 16.840222785165707 dB
	 $y_{7,12,15}$ = 16.621843822119757 dB
	 $y_{7,12,20}$ = 18.122288946363923 dB
	 $y_{7,12,24}$ = 17.43988346983194 dB
	 $y_{7,12,40}$ = 11.808554377210086 dB
	 $y_{7,12,41}$ = 13.069242818162763 dB
	 $y_{7,12,7}$ = 12.78865590907293 dB
	 $y_{7,12,33}$ = 13.36978916084837 dB
	 $y_{7,12,42}$ = 10.31285877088905 dB
	 $y_{7,12,43}$ = 11.184724192946334 dB
	 $y_{7,12,52}$ = 10.617344548114005 dB
		SNR medio:  12.244991788626598
		Usuarios totais: 40
$x_{7,17}$
	 $y_{7,17,5}$ = 25.64414580138572 dB
	 $y_{7,17,9}$ = 19.02428006635452 dB
	 $y_{7,17,16}$ = 29.273531769388782 dB
	 $y_{7,17,6}$ = 26.01335328383533 dB
	 $y_{7,17,8}$ = 14.723885813261674 dB
	 $y_{7,17,18}$ = 25.083676299194465 dB
	 $y_{7,17,19}$ = 22.079882614789597 dB
	 $y_{7,17,27}$ = 32.16590562531573 dB
	 $y_{7,17,29}$ = 13.865773238669817 dB
	 $y_{7,17,38}$ = 20.741150041468416 dB
	 $y_{7,17,39}$ = 20.05829202998558 dB
	 $y_{7,17,26}$ = 22.846247697167897 dB
	 $y_{7,17,36}$ = 16.412595918191315 dB
	 $y_{7,17,37}$ = 23.30422967425521 dB
	 $y_{7,17,48}$ = 10.882904666616298 dB
		SNR medio:  11.107581191030357
		Usuarios totais: 29
$x_{7,47}$
	 $y_{7,47,49}$ = 21.10296477016567 dB
	 $y_{7,47,59}$ = 16.029063148245868 dB
	 $y_{7,47,56}$ = 21.97546439116944 dB
	 $y_{7,47,45}$ = 25.71288019441984 dB
		SNR medio:  10.602546563000102
		Usuarios totais: 8
$x_{7,60}$
	 $y_{7,60,50}$ = 30.654381685901228 dB
	 $y_{7,60,60}$ = 88.87182658514678 dB
	 $y_{7,60,70}$ = 29.005136391618677 dB
	 $y_{7,60,80}$ = 11.864537335659065 dB
	 $y_{7,60,81}$ = 20.11032288587279 dB
	 $y_{7,60,90}$ = 16.3983433499034 dB
	 $y_{7,60,91}$ = 10.406820974110303 dB
	 $y_{7,60,51}$ = 21.446081135755918 dB
	 $y_{7,60,61}$ = 21.163256328961324 dB
	 $y_{7,60,62}$ = 23.891486709327467 dB
	 $y_{7,60,71}$ = 13.2796554159668 dB
	 $y_{7,60,82}$ = 17.159918696234584 dB
		SNR medio:  14.488179404498014
		Usuarios totais: 21
$x_{7,63}$
	 $y_{7,63,34}$ = 11.817074978612283 dB
	 $y_{7,63,53}$ = 34.89102722054375 dB
	 $y_{7,63,63}$ = 83.10633169785862 dB
		SNR medio:  21.635738982835775
		Usuarios totais: 6
$x_{7,66}$
		Usuarios totais: 0
$x_{7,87}$
	 $y_{7,87,89}$ = 17.317954508857582 dB
	 $y_{7,87,98}$ = 26.641694786653815 dB
	 $y_{7,87,77}$ = 33.038988850143554 dB
	 $y_{7,87,85}$ = 20.93387632790855 dB
	 $y_{7,87,87}$ = 88.85886131537518 dB
	 $y_{7,87,88}$ = 27.7750373776108 dB
	 $y_{7,87,95}$ = 14.827507966080816 dB
	 $y_{7,87,97}$ = 21.308558857874345 dB
	 $y_{7,87,99}$ = 20.929670775176447 dB
	 $y_{7,87,46}$ = 11.447088895521858 dB
	 $y_{7,87,68}$ = 16.45122249506177 dB
	 $y_{7,87,83}$ = 11.619352925551198 dB
	 $y_{7,87,92}$ = 19.88881776327119 dB
	 $y_{7,87,55}$ = 12.527587211310674 dB
	 $y_{7,87,57}$ = 15.982644763348816 dB
	 $y_{7,87,65}$ = 13.298528064523822 dB
	 $y_{7,87,74}$ = 12.273794584737828 dB
	 $y_{7,87,75}$ = 29.261558662842546 dB
		SNR medio:  10.904809108732918
		Usuarios totais: 38
Distances:
12 : 17 = 2000.0
12 : 47 = 2332.38075793812
12 : 60 = 2154.0659228538016
12 : 63 = 2039.607805437114
12 : 66 = 2561.2496949731394
12 : 87 = 3440.9301068170507
17 : 47 = 1200.0
17 : 60 = 3440.9301068170507
17 : 63 = 2561.2496949731394
17 : 66 = 2039.607805437114
17 : 87 = 2800.0
47 : 60 = 2912.043955712207
47 : 63 = 1788.8543819998317
47 : 66 = 894.4271909999159
47 : 87 = 1600.0
60 : 63 = 1200.0
60 : 66 = 2400.0
60 : 87 = 2912.043955712207
63 : 66 = 1200.0
63 : 87 = 1788.8543819998317
66 : 87 = 894.4271909999159
t=8
Antennas: [12 17 47 60 63 66 87]
Users: [ 0  1  2  3  4  5  6  7  8 10 11 13 14 15 17 18 20 23 24 26 27 28 29 30
 31 33 35 36 37 39 40 41 44 45 46 47 48 50 53 54 55 56 57 58 59 60 61 62
 63 69 70 72 73 74 75 79 80 81 84 86 89 91 92 93 94 95 98 99]
connections:  {0: 12, 1: 12, 2: 12, 3: 12, 4: 12, 5: 17, 10: 12, 11: 12, 13: 12, 23: 12, 30: 60, 31: 12, 35: 47, 50: 60, 53: 63, 59: 47, 60: 60, 70: 60, 80: 60, 81: 60, 89: 87, 91: 60, 93: 63, 94: 87, 98: 87, 6: 47, 8: 47, 14: 12, 15: 12, 18: 47, 20: 12, 24: 12, 27: 47, 29: 47, 39: 47, 40: 12, 41: 12, 56: 47, 58: 47, 61: 60, 62: 60, 72: 60, 73: 60, 79: 47, 86: 87, 95: 87, 99: 87, 7: 12, 17: 17, 26: 47, 28: 47, 33: 12, 36: 47, 37: 47, 44: 47, 46: 47, 47: 47, 48: 47, 63: 63, 84: 87, 92: 87, 45: 47, 54: 47, 55: 47, 57: 47, 69: 87, 74: 87, 75: 87}
$x_{8,12}$
	 $y_{8,12,0}$ = 18.466908438130204 dB
	 $y_{8,12,1}$ = 22.876881968783167 dB
	 $y_{8,12,2}$ = 27.459499283137617 dB
	 $y_{8,12,3}$ = 18.93231982309426 dB
	 $y_{8,12,4}$ = 11.549688962336205 dB
	 $y_{8,12,10}$ = 24.010522517295996 dB
	 $y_{8,12,11}$ = 27.925554176894636 dB
	 $y_{8,12,13}$ = 29.316297208633472 dB
	 $y_{8,12,23}$ = 27.23295622880609 dB
	 $y_{8,12,31}$ = 19.492490210255937 dB
	 $y_{8,12,14}$ = 16.840222785165707 dB
	 $y_{8,12,15}$ = 16.621843822119757 dB
	 $y_{8,12,20}$ = 18.122288946363923 dB
	 $y_{8,12,24}$ = 17.43988346983194 dB
	 $y_{8,12,40}$ = 11.808554377210086 dB
	 $y_{8,12,41}$ = 13.069242818162763 dB
	 $y_{8,12,7}$ = 12.78865590907293 dB
	 $y_{8,12,33}$ = 13.36978916084837 dB
		SNR medio:  14.471816671089295
		Usuarios totais: 24
$x_{8,17}$
	 $y_{8,17,5}$ = 25.64414580138572 dB
	 $y_{8,17,17}$ = 87.07028671302365 dB
		SNR medio:  56.35721625720468
		Usuarios totais: 2
$x_{8,47}$
	 $y_{8,47,35}$ = 12.513134733909965 dB
	 $y_{8,47,59}$ = 16.029063148245868 dB
	 $y_{8,47,6}$ = 11.461680249755148 dB
	 $y_{8,47,8}$ = 12.45206968621315 dB
	 $y_{8,47,18}$ = 11.03356695955054 dB
	 $y_{8,47,27}$ = 14.186428530701477 dB
	 $y_{8,47,29}$ = 14.40604430362066 dB
	 $y_{8,47,39}$ = 15.610324942995291 dB
	 $y_{8,47,56}$ = 21.97546439116944 dB
	 $y_{8,47,58}$ = 23.311741723907474 dB
	 $y_{8,47,79}$ = 15.197288334997566 dB
	 $y_{8,47,26}$ = 12.976612120432407 dB
	 $y_{8,47,28}$ = 17.445844468807294 dB
	 $y_{8,47,36}$ = 19.79506891355335 dB
	 $y_{8,47,37}$ = 32.276267300787225 dB
	 $y_{8,47,44}$ = 16.30462490318905 dB
	 $y_{8,47,46}$ = 37.14581254021918 dB
	 $y_{8,47,47}$ = 92.6113594067684 dB
	 $y_{8,47,48}$ = 27.15262043728019 dB
	 $y_{8,47,45}$ = 25.71288019441984 dB
	 $y_{8,47,54}$ = 16.937488801263513 dB
	 $y_{8,47,55}$ = 11.16981422891152 dB
	 $y_{8,47,57}$ = 30.59941993112848 dB
		SNR medio:  12.70761550629567
		Usuarios totais: 40
$x_{8,60}$
	 $y_{8,60,30}$ = 12.309260550038715 dB
	 $y_{8,60,50}$ = 30.654381685901228 dB
	 $y_{8,60,60}$ = 88.87182658514678 dB
	 $y_{8,60,70}$ = 29.005136391618677 dB
	 $y_{8,60,80}$ = 11.864537335659065 dB
	 $y_{8,60,81}$ = 20.11032288587279 dB
	 $y_{8,60,91}$ = 10.406820974110303 dB
	 $y_{8,60,61}$ = 21.163256328961324 dB
	 $y_{8,60,62}$ = 23.891486709327467 dB
	 $y_{8,60,72}$ = 19.55605850630586 dB
	 $y_{8,60,73}$ = 13.470547350106656 dB
		SNR medio:  20.093116807360634
		Usuarios totais: 14
$x_{8,63}$
	 $y_{8,63,53}$ = 34.89102722054375 dB
	 $y_{8,63,93}$ = 19.713113850417628 dB
	 $y_{8,63,63}$ = 83.10633169785862 dB
		SNR medio:  15.30116364098
		Usuarios totais: 9
$x_{8,66}$
		Usuarios totais: 0
$x_{8,87}$
	 $y_{8,87,89}$ = 17.317954508857582 dB
	 $y_{8,87,94}$ = 12.913029371043706 dB
	 $y_{8,87,98}$ = 26.641694786653815 dB
	 $y_{8,87,86}$ = 31.825532905564117 dB
	 $y_{8,87,95}$ = 14.827507966080816 dB
	 $y_{8,87,99}$ = 20.929670775176447 dB
	 $y_{8,87,84}$ = 13.18089300669746 dB
	 $y_{8,87,92}$ = 19.88881776327119 dB
	 $y_{8,87,69}$ = 11.58655057797364 dB
	 $y_{8,87,74}$ = 12.273794584737828 dB
	 $y_{8,87,75}$ = 29.261558662842546 dB
		SNR medio:  10.030809757566626
		Usuarios totais: 21
Distances:
12 : 17 = 2000.0
12 : 47 = 2332.38075793812
12 : 60 = 2154.0659228538016
12 : 63 = 2039.607805437114
12 : 66 = 2561.2496949731394
12 : 87 = 3440.9301068170507
17 : 47 = 1200.0
17 : 60 = 3440.9301068170507
17 : 63 = 2561.2496949731394
17 : 66 = 2039.607805437114
17 : 87 = 2800.0
47 : 60 = 2912.043955712207
47 : 63 = 1788.8543819998317
47 : 66 = 894.4271909999159
47 : 87 = 1600.0
60 : 63 = 1200.0
60 : 66 = 2400.0
60 : 87 = 2912.043955712207
63 : 66 = 1200.0
63 : 87 = 1788.8543819998317
66 : 87 = 894.4271909999159
t=9
Antennas: [12 17 47 60 63 66 87]
Users: [ 0  1  2  3  4  5  6  7  9 10 13 14 15 16 20 24 25 26 30 34 35 37 42 43
 45 46 48 49 51 52 53 54 56 57 58 59 61 64 65 68 69 70 72 73 74 76 81 86
 92 93 94 95 96 97 98 99]
connections:  {0: 12, 1: 12, 2: 12, 3: 12, 4: 12, 5: 17, 9: 17, 10: 12, 13: 12, 16: 17, 25: 17, 30: 60, 34: 63, 35: 47, 49: 47, 53: 63, 59: 47, 70: 60, 81: 60, 93: 63, 94: 87, 98: 87, 6: 17, 14: 12, 15: 12, 20: 12, 24: 12, 51: 63, 56: 47, 58: 47, 61: 63, 64: 63, 72: 63, 73: 63, 86: 87, 95: 87, 96: 87, 97: 87, 99: 87, 7: 12, 26: 47, 37: 47, 42: 12, 43: 12, 46: 87, 48: 87, 52: 12, 68: 87, 92: 87, 45: 12, 54: 63, 57: 63, 65: 63, 69: 63, 74: 63, 76: 63}
$x_{9,12}$
	 $y_{9,12,0}$ = 18.466908438130204 dB
	 $y_{9,12,1}$ = 22.876881968783167 dB
	 $y_{9,12,2}$ = 27.459499283137617 dB
	 $y_{9,12,3}$ = 18.93231982309426 dB
	 $y_{9,12,4}$ = 11.549688962336205 dB
	 $y_{9,12,10}$ = 24.010522517295996 dB
	 $y_{9,12,13}$ = 29.316297208633472 dB
	 $y_{9,12,14}$ = 16.840222785165707 dB
	 $y_{9,12,15}$ = 16.621843822119757 dB
	 $y_{9,12,20}$ = 18.122288946363923 dB
	 $y_{9,12,24}$ = 17.43988346983194 dB
	 $y_{9,12,7}$ = 12.78865590907293 dB
	 $y_{9,12,42}$ = 10.31285877088905 dB
	 $y_{9,12,43}$ = 11.184724192946334 dB
	 $y_{9,12,52}$ = 10.617344548114005 dB
	 $y_{9,12,45}$ = 13.85239785269502 dB
		SNR medio:  11.215693539944386
		Usuarios totais: 25
$x_{9,17}$
	 $y_{9,17,5}$ = 25.64414580138572 dB
	 $y_{9,17,9}$ = 19.02428006635452 dB
	 $y_{9,17,16}$ = 29.273531769388782 dB
	 $y_{9,17,25}$ = 20.741522349565216 dB
	 $y_{9,17,6}$ = 26.01335328383533 dB
		SNR medio:  24.139366654105913
		Usuarios totais: 5
$x_{9,47}$
	 $y_{9,47,35}$ = 12.513134733909965 dB
	 $y_{9,47,49}$ = 21.10296477016567 dB
	 $y_{9,47,59}$ = 16.029063148245868 dB
	 $y_{9,47,56}$ = 21.97546439116944 dB
	 $y_{9,47,58}$ = 23.311741723907474 dB
	 $y_{9,47,26}$ = 12.976612120432407 dB
	 $y_{9,47,37}$ = 32.276267300787225 dB
		SNR medio:  14.018524818861806
		Usuarios totais: 10
$x_{9,60}$
	 $y_{9,60,30}$ = 12.309260550038715 dB
	 $y_{9,60,70}$ = 29.005136391618677 dB
	 $y_{9,60,81}$ = 20.11032288587279 dB
		SNR medio:  12.284943965506036
		Usuarios totais: 5
$x_{9,63}$
	 $y_{9,63,34}$ = 11.817074978612283 dB
	 $y_{9,63,53}$ = 34.89102722054375 dB
	 $y_{9,63,93}$ = 19.713113850417628 dB
	 $y_{9,63,51}$ = 15.46588282217617 dB
	 $y_{9,63,61}$ = 24.645605705052148 dB
	 $y_{9,63,64}$ = 34.761087928915906 dB
	 $y_{9,63,72}$ = 27.254174807465006 dB
	 $y_{9,63,73}$ = 22.703296653600702 dB
	 $y_{9,63,54}$ = 24.790772257932204 dB
	 $y_{9,63,57}$ = 14.949099242042493 dB
	 $y_{9,63,65}$ = 19.8489885275865 dB
	 $y_{9,63,69}$ = 11.33807039758912 dB
	 $y_{9,63,74}$ = 17.234311084699385 dB
	 $y_{9,63,76}$ = 14.68834916555194 dB
		SNR medio:  12.254202276757718
		Usuarios totais: 24
$x_{9,66}$
		Usuarios totais: 0
$x_{9,87}$
	 $y_{9,87,94}$ = 12.913029371043706 dB
	 $y_{9,87,98}$ = 26.641694786653815 dB
	 $y_{9,87,86}$ = 31.825532905564117 dB
	 $y_{9,87,95}$ = 14.827507966080816 dB
	 $y_{9,87,96}$ = 35.30280409826885 dB
	 $y_{9,87,97}$ = 21.308558857874345 dB
	 $y_{9,87,99}$ = 20.929670775176447 dB
	 $y_{9,87,46}$ = 11.447088895521858 dB
	 $y_{9,87,48}$ = 13.365540878430352 dB
	 $y_{9,87,68}$ = 16.45122249506177 dB
	 $y_{9,87,92}$ = 19.88881776327119 dB
		SNR medio:  14.056341799559204
		Usuarios totais: 16
Distances:
12 : 17 = 2000.0
12 : 47 = 2332.38075793812
12 : 60 = 2154.0659228538016
12 : 63 = 2039.607805437114
12 : 66 = 2561.2496949731394
12 : 87 = 3440.9301068170507
17 : 47 = 1200.0
17 : 60 = 3440.9301068170507
17 : 63 = 2561.2496949731394
17 : 66 = 2039.607805437114
17 : 87 = 2800.0
47 : 60 = 2912.043955712207
47 : 63 = 1788.8543819998317
47 : 66 = 894.4271909999159
47 : 87 = 1600.0
60 : 63 = 1200.0
60 : 66 = 2400.0
60 : 87 = 2912.043955712207
63 : 66 = 1200.0
63 : 87 = 1788.8543819998317
66 : 87 = 894.4271909999159
t=10
Antennas: [12 17 47 60 63 66 87]
Users: [ 1  4  7 10 12 13 20 21 23 27 29 30 32 33 35 38 39 43 46 48 49 52 53 54
 58 59 61 62 63 64 66 68 70 75 79 82 83 86 89 90 91 93 97 99]
connections:  {1: 12, 4: 12, 10: 12, 12: 12, 13: 12, 21: 12, 23: 12, 30: 60, 32: 12, 35: 47, 49: 47, 53: 63, 59: 47, 70: 60, 89: 87, 90: 60, 91: 60, 93: 63, 20: 12, 27: 47, 29: 47, 38: 47, 39: 47, 58: 47, 61: 60, 62: 60, 64: 63, 79: 47, 82: 60, 86: 87, 97: 87, 99: 87, 7: 12, 33: 12, 43: 12, 46: 47, 48: 47, 52: 12, 63: 63, 66: 66, 68: 47, 83: 87, 54: 47, 75: 47}
$x_{10,12}$
	 $y_{10,12,1}$ = 22.876881968783167 dB
	 $y_{10,12,4}$ = 11.549688962336205 dB
	 $y_{10,12,10}$ = 24.010522517295996 dB
	 $y_{10,12,12}$ = 94.99936207343586 dB
	 $y_{10,12,13}$ = 29.316297208633472 dB
	 $y_{10,12,21}$ = 18.089640851478634 dB
	 $y_{10,12,23}$ = 27.23295622880609 dB
	 $y_{10,12,32}$ = 15.73904944018716 dB
	 $y_{10,12,20}$ = 18.122288946363923 dB
	 $y_{10,12,7}$ = 12.78865590907293 dB
	 $y_{10,12,33}$ = 13.36978916084837 dB
	 $y_{10,12,43}$ = 11.184724192946334 dB
	 $y_{10,12,52}$ = 10.617344548114005 dB
		SNR medio:  19.368575125518888
		Usuarios totais: 16
$x_{10,17}$
		Usuarios totais: 0
$x_{10,47}$
	 $y_{10,47,35}$ = 12.513134733909965 dB
	 $y_{10,47,49}$ = 21.10296477016567 dB
	 $y_{10,47,59}$ = 16.029063148245868 dB
	 $y_{10,47,27}$ = 14.186428530701477 dB
	 $y_{10,47,29}$ = 14.40604430362066 dB
	 $y_{10,47,38}$ = 22.39881718778844 dB
	 $y_{10,47,39}$ = 15.610324942995291 dB
	 $y_{10,47,58}$ = 23.311741723907474 dB
	 $y_{10,47,79}$ = 15.197288334997566 dB
	 $y_{10,47,46}$ = 37.14581254021918 dB
	 $y_{10,47,48}$ = 27.15262043728019 dB
	 $y_{10,47,68}$ = 14.049365626118515 dB
	 $y_{10,47,54}$ = 16.937488801263513 dB
	 $y_{10,47,75}$ = 21.681290561241283 dB
		SNR medio:  19.40874183160393
		Usuarios totais: 14
$x_{10,60}$
	 $y_{10,60,30}$ = 12.309260550038715 dB
	 $y_{10,60,70}$ = 29.005136391618677 dB
	 $y_{10,60,90}$ = 16.3983433499034 dB
	 $y_{10,60,91}$ = 10.406820974110303 dB
	 $y_{10,60,61}$ = 21.163256328961324 dB
	 $y_{10,60,62}$ = 23.891486709327467 dB
	 $y_{10,60,82}$ = 17.159918696234584 dB
		SNR medio:  14.481580333354941
		Usuarios totais: 9
$x_{10,63}$
	 $y_{10,63,53}$ = 34.89102722054375 dB
	 $y_{10,63,93}$ = 19.713113850417628 dB
	 $y_{10,63,64}$ = 34.761087928915906 dB
	 $y_{10,63,63}$ = 83.10633169785862 dB
		SNR medio:  43.117890174433974
		Usuarios totais: 4
$x_{10,66}$
	 $y_{10,66,66}$ = 96.2889804331889 dB
		SNR medio:  96.2889804331889
		Usuarios totais: 1
$x_{10,87}$
	 $y_{10,87,89}$ = 17.317954508857582 dB
	 $y_{10,87,86}$ = 31.825532905564117 dB
	 $y_{10,87,97}$ = 21.308558857874345 dB
	 $y_{10,87,99}$ = 20.929670775176447 dB
	 $y_{10,87,83}$ = 11.619352925551198 dB
		SNR medio:  10.300106997302368
		Usuarios totais: 10
Distances:
12 : 17 = 2000.0
12 : 47 = 2332.38075793812
12 : 60 = 2154.0659228538016
12 : 63 = 2039.607805437114
12 : 66 = 2561.2496949731394
12 : 87 = 3440.9301068170507
17 : 47 = 1200.0
17 : 60 = 3440.9301068170507
17 : 63 = 2561.2496949731394
17 : 66 = 2039.607805437114
17 : 87 = 2800.0
47 : 60 = 2912.043955712207
47 : 63 = 1788.8543819998317
47 : 66 = 894.4271909999159
47 : 87 = 1600.0
60 : 63 = 1200.0
60 : 66 = 2400.0
60 : 87 = 2912.043955712207
63 : 66 = 1200.0
63 : 87 = 1788.8543819998317
66 : 87 = 894.4271909999159
t=11
Antennas: [12 17 47 60 63 66 87]
Users: [ 9 19 22 23 30 37 51 52 56 57 67 82 83 96 99]
connections:  {9: 17, 23: 12, 30: 60, 19: 17, 51: 60, 56: 47, 82: 60, 96: 66, 99: 66, 22: 60, 37: 17, 52: 60, 83: 66, 57: 66, 67: 66}
$x_{11,12}$
	 $y_{11,12,23}$ = 27.23295622880609 dB
		SNR medio:  27.23295622880609
		Usuarios totais: 1
$x_{11,17}$
	 $y_{11,17,9}$ = 19.02428006635452 dB
	 $y_{11,17,19}$ = 22.079882614789597 dB
	 $y_{11,17,37}$ = 23.30422967425521 dB
		SNR medio:  21.469464118466444
		Usuarios totais: 3
$x_{11,47}$
	 $y_{11,47,56}$ = 21.97546439116944 dB
		SNR medio:  21.97546439116944
		Usuarios totais: 1
$x_{11,60}$
	 $y_{11,60,30}$ = 12.309260550038715 dB
	 $y_{11,60,51}$ = 21.446081135755918 dB
	 $y_{11,60,82}$ = 17.159918696234584 dB
	 $y_{11,60,22}$ = 10.11571480649377 dB
	 $y_{11,60,52}$ = 13.840670680185553 dB
		SNR medio:  14.974329173741708
		Usuarios totais: 5
$x_{11,63}$
		Usuarios totais: 0
$x_{11,66}$
	 $y_{11,66,96}$ = 10.052256558329688 dB
	 $y_{11,66,99}$ = 11.32316731985054 dB
	 $y_{11,66,83}$ = 11.132816398109412 dB
	 $y_{11,66,57}$ = 24.50279348204026 dB
	 $y_{11,66,67}$ = 31.377507185527747 dB
		SNR medio:  17.67770818877153
		Usuarios totais: 5
$x_{11,87}$
		Usuarios totais: 0
Distances:
12 : 17 = 2000.0
12 : 47 = 2332.38075793812
12 : 60 = 2154.0659228538016
12 : 63 = 2039.607805437114
12 : 66 = 2561.2496949731394
12 : 87 = 3440.9301068170507
17 : 47 = 1200.0
17 : 60 = 3440.9301068170507
17 : 63 = 2561.2496949731394
17 : 66 = 2039.607805437114
17 : 87 = 2800.0
47 : 60 = 2912.043955712207
47 : 63 = 1788.8543819998317
47 : 66 = 894.4271909999159
47 : 87 = 1600.0
60 : 63 = 1200.0
60 : 66 = 2400.0
60 : 87 = 2912.043955712207
63 : 66 = 1200.0
63 : 87 = 1788.8543819998317
66 : 87 = 894.4271909999159
--- Done after 0.014614312847455343 hours. ---
