-------------Calculating Solution (this may take a while)
+++++++++++++++++++Min Sinr: 10 dB (pgwo3)
+++++++++++++++++++With backhaul constraint. Start: 2023-06-30 05:57:34

Parameters:
- chosen seed 14
- Map with 100 sectors
- Map 4000 x 4000 m
- Sector has a side of 400 m
- Max time:  12
- users_t_m:  [[0, 0, 0, 0, 0, 0, 0, 0, 0, 0, 0, 0, 0, 0, 0, 0, 0, 0, 0, 0, 0, 0, 0, 0, 0, 0, 0, 0, 0, 0, 0, 0, 0, 0, 0, 0, 0, 0, 0, 0, 0, 0, 0, 0, 0, 0, 0, 0, 0, 0, 0, 0, 0, 0, 0, 0, 0, 0, 0, 0, 0, 1, 26, 1, 0, 0, 0, 0, 0, 0, 0, 3, 2, 0, 0, 0, 0, 0, 0, 0, 0, 0, 0, 0, 0, 0, 0, 0, 0, 0, 0, 0, 0, 0, 0, 0, 0, 0, 0, 0], [1, 0, 3, 1, 0, 0, 0, 0, 1, 0, 0, 0, 0, 0, 1, 1, 0, 0, 0, 0, 0, 0, 0, 0, 0, 0, 0, 0, 0, 0, 1, 0, 0, 0, 0, 0, 0, 0, 0, 0, 0, 0, 0, 1, 0, 0, 1, 1, 0, 0, 0, 1, 1, 0, 0, 0, 0, 0, 3, 0, 1, 1, 27, 3, 0, 0, 0, 0, 1, 1, 0, 1, 2, 0, 0, 0, 0, 1, 1, 0, 1, 1, 0, 2, 0, 0, 0, 1, 0, 1, 0, 0, 1, 1, 0, 0, 0, 0, 1, 1], [0, 0, 1, 1, 1, 0, 0, 0, 0, 0, 1, 0, 1, 0, 0, 0, 0, 0, 0, 0, 3, 1, 1, 0, 0, 3, 0, 0, 0, 0, 0, 0, 1, 1, 1, 0, 0, 0, 0, 2, 0, 0, 1, 0, 1, 2, 0, 1, 0, 2, 0, 0, 3, 0, 1, 1, 0, 1, 1, 0, 0, 2, 20, 1, 0, 1, 1, 2, 1, 0, 1, 0, 1, 1, 0, 1, 0, 3, 1, 1, 1, 1, 2, 1, 0, 1, 2, 1, 0, 0, 0, 1, 1, 0, 3, 0, 3, 2, 2, 0], [1, 1, 0, 2, 0, 0, 1, 0, 1, 1, 0, 0, 1, 2, 1, 2, 0, 1, 1, 0, 1, 0, 2, 2, 1, 1, 0, 2, 0, 2, 2, 2, 3, 1, 0, 0, 0, 1, 0, 0, 2, 0, 0, 1, 1, 1, 1, 2, 1, 0, 0, 2, 4, 0, 0, 2, 1, 1, 2, 0, 0, 1, 31, 0, 1, 2, 0, 2, 0, 0, 2, 2, 1, 0, 0, 3, 2, 2, 1, 1, 2, 1, 2, 0, 1, 2, 2, 0, 0, 1, 1, 2, 0, 1, 1, 3, 0, 1, 1, 0], [0, 1, 2, 1, 1, 1, 0, 3, 1, 2, 1, 2, 0, 1, 0, 1, 0, 3, 3, 0, 1, 0, 0, 1, 1, 1, 2, 0, 2, 2, 0, 0, 3, 1, 1, 2, 2, 0, 1, 2, 1, 1, 1, 1, 2, 0, 2, 2, 1, 0, 1, 4, 3, 1, 0, 5, 3, 2, 0, 2, 0, 5, 24, 3, 0, 0, 0, 1, 0, 3, 2, 2, 4, 0, 1, 2, 0, 1, 1, 4, 1, 1, 0, 0, 1, 0, 3, 1, 6, 5, 2, 2, 0, 2, 3, 1, 1, 0, 3, 0], [4, 0, 4, 4, 0, 0, 3, 4, 0, 2, 3, 0, 1, 2, 2, 0, 0, 1, 1, 2, 4, 1, 1, 2, 1, 1, 3, 4, 1, 3, 1, 3, 1, 1, 2, 0, 2, 0, 0, 1, 2, 2, 3, 3, 2, 1, 2, 4, 2, 0, 3, 1, 3, 0, 4, 0, 5, 1, 2, 0, 3, 4, 30, 4, 1, 2, 1, 2, 2, 1, 0, 2, 4, 2, 0, 1, 2, 1, 1, 2, 3, 1, 1, 0, 3, 1, 1, 1, 1, 2, 3, 0, 3, 2, 0, 2, 0, 0, 1, 1], [2, 3, 2, 2, 2, 2, 3, 0, 0, 4, 1, 3, 3, 1, 1, 2, 2, 2, 4, 2, 3, 2, 2, 0, 2, 1, 1, 5, 1, 3, 2, 2, 0, 3, 1, 0, 1, 1, 1, 1, 0, 1, 3, 2, 2, 2, 0, 1, 2, 1, 4, 1, 2, 2, 3, 0, 1, 0, 0, 2, 2, 2, 2, 1, 2, 0, 1, 1, 1, 2, 1, 2, 3, 0, 0, 0, 0, 4, 4, 3, 3, 1, 4, 0, 1, 1, 3, 3, 1, 0, 2, 1, 1, 4, 1, 3, 1, 1, 3, 0], [2, 3, 2, 1, 1, 0, 1, 2, 0, 1, 0, 1, 1, 0, 1, 1, 1, 1, 1, 1, 2, 1, 3, 2, 2, 2, 0, 1, 2, 1, 1, 2, 2, 1, 2, 1, 1, 1, 1, 2, 0, 2, 0, 2, 2, 1, 1, 2, 2, 1, 1, 1, 0, 2, 1, 4, 2, 2, 1, 4, 1, 2, 1, 1, 0, 3, 0, 3, 2, 1, 2, 3, 0, 3, 1, 2, 3, 5, 0, 0, 2, 2, 0, 2, 2, 2, 0, 3, 0, 1, 1, 1, 0, 0, 0, 3, 1, 2, 2, 1], [3, 2, 1, 2, 2, 1, 0, 1, 2, 1, 0, 1, 1, 2, 0, 2, 2, 1, 0, 2, 1, 3, 1, 2, 1, 2, 1, 1, 2, 1, 1, 1, 1, 0, 0, 3, 2, 1, 0, 1, 2, 1, 0, 1, 2, 2, 1, 3, 1, 3, 0, 0, 2, 1, 0, 1, 1, 1, 0, 1, 0, 2, 2, 0, 0, 0, 1, 1, 0, 3, 3, 2, 1, 2, 1, 0, 1, 2, 1, 0, 1, 1, 0, 1, 0, 1, 1, 0, 1, 0, 1, 3, 2, 1, 0, 0, 0, 0, 2, 1], [2, 1, 0, 0, 3, 0, 0, 0, 0, 0, 0, 0, 2, 1, 0, 0, 3, 1, 1, 1, 0, 2, 2, 0, 1, 0, 1, 0, 0, 1, 0, 1, 0, 4, 0, 2, 0, 0, 2, 2, 2, 1, 2, 3, 0, 3, 1, 0, 0, 0, 0, 1, 1, 1, 0, 2, 2, 0, 2, 0, 0, 0, 1, 0, 2, 0, 0, 1, 0, 0, 1, 0, 1, 0, 1, 0, 0, 1, 0, 0, 0, 0, 2, 1, 0, 3, 1, 4, 3, 0, 3, 2, 0, 1, 0, 1, 1, 0, 1, 1], [1, 1, 0, 1, 0, 1, 3, 0, 0, 1, 0, 0, 1, 0, 0, 0, 1, 0, 1, 0, 0, 1, 1, 0, 0, 0, 1, 1, 1, 1, 2, 1, 0, 0, 1, 0, 1, 3, 0, 0, 1, 0, 2, 0, 0, 2, 0, 0, 1, 1, 1, 2, 0, 3, 1, 0, 1, 0, 1, 1, 0, 0, 2, 0, 0, 0, 1, 0, 1, 0, 1, 1, 0, 1, 0, 0, 1, 1, 0, 0, 0, 0, 0, 0, 0, 0, 0, 0, 0, 0, 2, 1, 1, 1, 2, 0, 0, 3, 0, 1], [1, 0, 0, 0, 1, 0, 1, 1, 1, 0, 0, 0, 0, 0, 0, 0, 1, 0, 0, 1, 1, 0, 0, 0, 0, 1, 0, 0, 0, 0, 0, 1, 1, 0, 0, 0, 0, 0, 0, 0, 0, 0, 0, 0, 1, 2, 0, 1, 1, 0, 0, 0, 1, 0, 0, 0, 0, 1, 0, 0, 0, 1, 0, 2, 1, 0, 0, 1, 2, 1, 0, 0, 1, 0, 0, 0, 0, 0, 0, 0, 0, 1, 1, 2, 1, 0, 1, 0, 1, 1, 1, 0, 1, 0, 1, 0, 1, 0, 0, 0]]
MAX_USER_PER_ANTENNAS_m:  [40, 40, 40, 40, 40, 40, 40, 40, 40, 40, 40, 40, 40, 40, 40, 40, 40, 40, 40, 40, 40, 40, 40, 40, 40, 40, 40, 40, 40, 40, 40, 40, 40, 40, 40, 40, 40, 40, 40, 40, 40, 40, 40, 40, 40, 40, 40, 40, 40, 40, 40, 40, 40, 40, 40, 40, 40, 40, 40, 40, 40, 40, 40, 40, 40, 40, 40, 40, 40, 40, 40, 40, 40, 40, 40, 40, 40, 40, 40, 40, 40, 40, 40, 40, 40, 40, 40, 40, 40, 40, 40, 40, 40, 40, 40, 40, 40, 40, 40, 40]
antennas_map_m:  [1, 1, 1, 1, 1, 1, 1, 1, 1, 1, 1, 1, 1, 1, 1, 1, 1, 1, 1, 1, 1, 1, 1, 1, 1, 1, 1, 1, 1, 1, 1, 1, 1, 1, 1, 1, 1, 1, 1, 1, 1, 1, 1, 1, 1, 1, 1, 1, 1, 1, 1, 1, 1, 1, 1, 1, 1, 1, 1, 1, 1, 1, 1, 1, 1, 1, 1, 1, 1, 1, 1, 1, 1, 1, 1, 1, 1, 1, 1, 1, 1, 1, 1, 1, 1, 1, 1, 1, 1, 1, 1, 1, 1, 1, 1, 1, 1, 1, 1, 1]
FIRST_ANTENNA:  13
MIN_SNR_m:  [10.0, 10.0, 10.0, 10.0, 10.0, 10.0, 10.0, 10.0, 10.0, 10.0, 10.0, 10.0, 10.0, 10.0, 10.0, 10.0, 10.0, 10.0, 10.0, 10.0, 10.0, 10.0, 10.0, 10.0, 10.0, 10.0, 10.0, 10.0, 10.0, 10.0, 10.0, 10.0, 10.0, 10.0, 10.0, 10.0, 10.0, 10.0, 10.0, 10.0, 10.0, 10.0, 10.0, 10.0, 10.0, 10.0, 10.0, 10.0, 10.0, 10.0, 10.0, 10.0, 10.0, 10.0, 10.0, 10.0, 10.0, 10.0, 10.0, 10.0, 10.0, 10.0, 10.0, 10.0, 10.0, 10.0, 10.0, 10.0, 10.0, 10.0, 10.0, 10.0, 10.0, 10.0, 10.0, 10.0, 10.0, 10.0, 10.0, 10.0, 10.0, 10.0, 10.0, 10.0, 10.0, 10.0, 10.0, 10.0, 10.0, 10.0, 10.0, 10.0, 10.0, 10.0, 10.0, 10.0, 10.0, 10.0, 10.0, 10.0]
-MIN_DIST:  2000
- disaster percentage:  0

Slice 0
Fitnes _wolf:  -inf

Run GWO to deployment +1 antenna on the map
	Pack size:  50
	Wolf dimension 1
	Max iter 100
	antennas_regions:  [13]
	users_regions:  [61 62 63 71 72]
	Fitness function:  <function fitness_pgwo3 at 0x7f1105880170>
	Seed_base:  0
initial_alpha:  Wolf 45 (45). Fitness: 22.457444582404193
	(1087.5016575363632, 1952.1128314036314, 0). Region: 42
initial_beta:  Wolf 3 (3). Fitness: 1.3751081742459528
	(951.8585083675655, 2176.9169011838076, 0). Region: 52
initial_delta:  Wolf 0 (0). Fitness: -inf
	(3377.6874061001927, 3031.8176117612097, 0). Region: 78 

iter = 10
Alpha wolf:  Wolf 45 (45). Fitness: 22.457444582404193
	(1087.5016575363632, 1952.1128314036314, 0). Region: 42
iter = 20
Alpha wolf:  Wolf 45 (45). Fitness: 22.457444582404193
	(1087.5016575363632, 1952.1128314036314, 0). Region: 42
iter = 30
Alpha wolf:  Wolf 45 (45). Fitness: 22.457444582404193
	(813.7515499263005, 1770.1987062727624, 0.0). Region: 42
iter = 40
Alpha wolf:  Wolf 45 (45). Fitness: 22.457444582404193
	(984.3641211926756, 1995.5003529728588, 0.0). Region: 42
iter = 50
Alpha wolf:  Wolf 45 (45). Fitness: 22.457444582404193
	(1113.5275218609618, 1934.9339116424298, 0.0). Region: 42
iter = 60
Alpha wolf:  Wolf 45 (45). Fitness: 22.457444582404193
	(1071.3155179844007, 1715.3086691603996, 0.0). Region: 42
iter = 70
Alpha wolf:  Wolf 45 (45). Fitness: 22.457444582404193
	(1097.7327041308756, 1937.7571547751072, 0.0). Region: 42
iter = 80
Alpha wolf:  Wolf 45 (45). Fitness: 22.457444582404193
	(953.27246230426, 1930.9167452467505, 0.0). Region: 42
iter = 90
Alpha wolf:  Wolf 45 (45). Fitness: 22.457444582404193
	(1145.3189317250585, 1889.2806996089287, 0.0). Region: 42

- Finishing GWO - 

Best solution:  Wolf 45 (45). Fitness: 22.457444582404193
	(1065.066246084211, 1968.460096485835, 0.0). Region: 42
Antennas in slice 0:  [13 42]
Results:  [array([13, 42])]

Slice 1
Fitnes _wolf:  -inf

Run GWO to deployment +1 antenna on the map
	Pack size:  50
	Wolf dimension 1
	Max iter 100
	antennas_regions:  [13 42]
	users_regions:  [ 0  2  3  8 14 15 30 43 46 47 51 52 58 60 61 62 63 68 69 71 72 77 78 80
 81 83 87 89 92 93 98 99]
	Fitness function:  <function fitness_pgwo3 at 0x7f1105880170>
	Seed_base:  50
initial_alpha:  Wolf 0 (50). Fitness: -inf
	(1990.1462750344092, 1064.6948922901624, 0). Region: 24
initial_beta:  Wolf 1 (51). Fitness: -inf
	(974.071050837348, 2008.835958012624, 0). Region: 52
initial_delta:  Wolf 2 (52). Fitness: -inf
	(3913.4194334839867, 218.09062004182954, 0). Region: 9 

iter = 10
Alpha wolf:  Wolf 0 (50). Fitness: -inf
	(972.6153654042101, 2430.8073476040418, 0.0). Region: 62
iter = 20
Alpha wolf:  Wolf 0 (50). Fitness: -inf
	(2314.8352112015, 809.5176037438687, 0.0). Region: 25
iter = 30
Alpha wolf:  Wolf 0 (50). Fitness: -inf
	(2149.597399303606, 474.5781098265216, 0.0). Region: 15
iter = 40
Alpha wolf:  Wolf 0 (50). Fitness: -inf
	(1207.0502596960255, 449.5597526557036, 0.0). Region: 13
iter = 50
Alpha wolf:  Wolf 0 (50). Fitness: -inf
	(920.6022577181168, 743.0064208058238, 0.0). Region: 12
iter = 60
Alpha wolf:  Wolf 0 (50). Fitness: -inf
	(2285.7422366826604, 692.7877232541192, 0.0). Region: 15
iter = 70
Alpha wolf:  Wolf 0 (50). Fitness: -inf
	(1918.544393248293, 945.9047692093806, 0.0). Region: 24
iter = 80
Alpha wolf:  Wolf 0 (50). Fitness: -inf
	(1990.2761129684445, 1294.5301492292483, 0.0). Region: 34
iter = 90
Alpha wolf:  Wolf 0 (50). Fitness: -inf
	(2445.633818332888, 1446.6640161522857, 0.0). Region: 36

- Finishing GWO - 


Run GWO to deployment +2 antenna on the map
	Pack size:  50
	Wolf dimension 2
	Max iter 100
	antennas_regions:  [13 42]
	users_regions:  [ 0  2  3  8 14 15 30 43 46 47 51 52 58 60 61 62 63 68 69 71 72 77 78 80
 81 83 87 89 92 93 98 99]
	Fitness function:  <function fitness_pgwo3 at 0x7f1105880170>
	Seed_base:  100
initial_alpha:  Wolf 0 (100). Fitness: -inf
	(582.6770204165213, 1819.7080180560854, 0). Region: 41
	(3083.1352226360887, 2822.052907736112, 0). Region: 77
initial_beta:  Wolf 1 (101). Fitness: -inf
	(2324.6085300182585, 779.0179821365468, 0). Region: 15
	(3861.0044282444446, 3695.905606707177, 0). Region: 99
initial_delta:  Wolf 2 (102). Fitness: -inf
	(592.6848255483344, 2463.8611483048944, 0). Region: 61
	(678.7432895426688, 2850.0277895008303, 0). Region: 71 

iter = 10
Alpha wolf:  Wolf 0 (100). Fitness: -inf
	(410.08111388276006, 327.15407875664073, 0.0). Region: 1
	(2311.3108846789137, 162.12961624037666, 0.0). Region: 5
iter = 20
Alpha wolf:  Wolf 0 (100). Fitness: -inf
	(1006.8991815385922, 400.74963779253426, 0.0). Region: 12
	(1076.5488051101984, 150.73446463640087, 0.0). Region: 2
iter = 30
Alpha wolf:  Wolf 0 (100). Fitness: -inf
	(1784.6213380874806, 401.300278771677, 0.0). Region: 14
	(557.2849115384572, 49.0827877129115, 0.0). Region: 1
iter = 40
Alpha wolf:  Wolf 0 (100). Fitness: -inf
	(429.01021888173665, 623.9067891797079, 0.0). Region: 11
	(240.56341896451787, 144.97096015058864, 0.0). Region: 0
iter = 50
Alpha wolf:  Wolf 0 (100). Fitness: -inf
	(458.6556180754769, 394.8146621376843, 0.0). Region: 1
	(359.27165612571616, 235.50856229056615, 0.0). Region: 0
iter = 60
Alpha wolf:  Wolf 0 (100). Fitness: -inf
	(343.0268369333123, 651.9315714759196, 0.0). Region: 10
	(296.51608276628997, 143.42128570803317, 0.0). Region: 0
iter = 70
Alpha wolf:  Wolf 0 (100). Fitness: -inf
	(325.9758044896671, 639.8315860484787, 0.0). Region: 10
	(223.99570541243025, 172.8516866882334, 0.0). Region: 0
iter = 80
Alpha wolf:  Wolf 0 (100). Fitness: -inf
	(266.8699602061545, 635.3303291872319, 0.0). Region: 10
	(256.130897659381, 205.27127383436962, 0.0). Region: 0
iter = 90
Alpha wolf:  Wolf 0 (100). Fitness: -inf
	(212.9126217409767, 588.3157417238801, 0.0). Region: 10
	(235.08786595380053, 196.4891062722893, 0.0). Region: 0

- Finishing GWO - 


Run GWO to deployment +3 antenna on the map
	Pack size:  50
	Wolf dimension 3
	Max iter 100
	antennas_regions:  [13 42]
	users_regions:  [ 0  2  3  8 14 15 30 43 46 47 51 52 58 60 61 62 63 68 69 71 72 77 78 80
 81 83 87 89 92 93 98 99]
	Fitness function:  <function fitness_pgwo3 at 0x7f1105880170>
	Seed_base:  150
initial_alpha:  Wolf 0 (150). Fitness: -inf
	(3295.228967856352, 3580.836635796672, 0). Region: 88
	(751.473642213539, 1215.4358867466128, 0). Region: 31
	(1913.193826237758, 651.6169136788617, 0). Region: 14
initial_beta:  Wolf 1 (151). Fitness: -inf
	(2826.2949409966977, 3383.9252850902753, 0). Region: 87
	(3803.1426880375734, 2531.1547435486596, 0). Region: 69
	(818.4409842517395, 3893.295803136745, 0). Region: 92
initial_delta:  Wolf 2 (152). Fitness: -inf
	(3910.6132911531163, 1565.8019670122374, 0). Region: 39
	(584.7257787554714, 3886.4213585906614, 0). Region: 91
	(3193.5153629310744, 2498.6899798302097, 0). Region: 67 

iter = 10
Alpha wolf:  Wolf 0 (150). Fitness: -inf
	(3007.118231272207, 910.8015026883011, 0.0). Region: 27
	(403.31934545575905, 2429.443368714236, 0.0). Region: 61
	(271.5302603660457, 3648.505412440467, 0.0). Region: 90
iter = 20
Alpha wolf:  Wolf 0 (150). Fitness: -inf
	(912.6279914057495, 776.3402992807756, 0.0). Region: 12
	(726.1426263720974, 1537.5961397335836, 0.0). Region: 31
	(2343.556071349649, 1094.3913182083113, 0.0). Region: 25
iter = 30
Alpha wolf:  Wolf 0 (150). Fitness: -inf
	(1182.6136808122103, 463.04087319503316, 0.0). Region: 12
	(516.2022796597255, 1746.6588608332222, 0.0). Region: 41
	(1487.2104781515604, 167.63809629421291, 0.0). Region: 3
iter = 40
Alpha wolf:  Wolf 0 (150). Fitness: -inf
	(602.4731401377686, 688.8643612977198, 0.0). Region: 11
	(238.455611173515, 1641.3474655750529, 0.0). Region: 40
	(2557.6647086444254, 152.3960329651419, 0.0). Region: 6
iter = 50
Alpha wolf:  Wolf 0 (150). Fitness: -inf
	(595.9789845343291, 624.2020188382583, 0.0). Region: 11
	(265.9499555698743, 2687.142288779662, 0.0). Region: 60
	(1472.752756756053, 55.33150532669147, 0.0). Region: 3
iter = 60
Alpha wolf:  Wolf 0 (150). Fitness: -inf
	(754.1360516181119, 577.8944076724971, 0.0). Region: 11
	(270.8541383833081, 2868.110810142424, 0.0). Region: 70
	(1316.8998733918975, 165.17820099647702, 0.0). Region: 3
iter = 70
Alpha wolf:  Wolf 0 (150). Fitness: -inf
	(646.5619718900623, 780.5935339011554, 0.0). Region: 11
	(302.64330483768254, 2956.6672464808335, 0.0). Region: 70
	(812.722274928831, 134.02905262814807, 0.0). Region: 2
iter = 80
Alpha wolf:  Wolf 0 (150). Fitness: -inf
	(989.8806596884833, 690.8999851024439, 0.0). Region: 12
	(338.1696551230896, 2804.3491611927093, 0.0). Region: 70
	(875.1291436086364, 122.33799074892524, 0.0). Region: 2
iter = 90
Alpha wolf:  Wolf 0 (150). Fitness: -inf
	(906.0778695319425, 676.7972286313353, 0.0). Region: 12
	(247.99085889449873, 2824.4051842686863, 0.0). Region: 70
	(976.0751003299881, 112.66050205235689, 0.0). Region: 2

- Finishing GWO - 


Run GWO to deployment +4 antenna on the map
	Pack size:  50
	Wolf dimension 4
	Max iter 100
	antennas_regions:  [13 42]
	users_regions:  [ 0  2  3  8 14 15 30 43 46 47 51 52 58 60 61 62 63 68 69 71 72 77 78 80
 81 83 87 89 92 93 98 99]
	Fitness function:  <function fitness_pgwo3 at 0x7f1105880170>
	Seed_base:  200
initial_alpha:  Wolf 0 (200). Fitness: -inf
	(182.43720834157574, 813.787899449597, 0). Region: 20
	(2836.4959368217837, 571.3939850840158, 0). Region: 17
	(3440.0439500423804, 1066.8490504134693, 0). Region: 28
	(45.89184200299323, 1759.8821732361669, 0). Region: 40
initial_beta:  Wolf 1 (201). Fitness: -inf
	(268.4090350376151, 1302.3982173307095, 0). Region: 30
	(14.701479072412926, 1131.1923958714174, 0). Region: 20
	(3010.7735305873, 2775.5063081440635, 0). Region: 67
	(1879.4866091226922, 3014.7661647410323, 0). Region: 74
initial_delta:  Wolf 2 (202). Fitness: -inf
	(3055.5262978535816, 2579.1230043452256, 0). Region: 67
	(1637.752320559811, 792.3497616045507, 0). Region: 14
	(2706.8013369441865, 3877.1432654907007, 0). Region: 96
	(1710.9883559543678, 3403.499437907091, 0). Region: 84 

iter = 10
Alpha wolf:  Wolf 0 (200). Fitness: -inf
	(3185.8454772567566, 573.1546772269355, 0.0). Region: 17
	(2726.745424302726, 116.45334519081226, 0.0). Region: 6
	(113.09651997554222, 1607.321019446314, 0.0). Region: 40
	(1366.204745461114, 2512.623983951027, 0.0). Region: 63
iter = 20
Alpha wolf:  Wolf 0 (200). Fitness: -inf
	(2602.621784726651, 545.6760397740377, 0.0). Region: 16
	(483.3449598883369, 34.568110290295316, 0.0). Region: 1
	(3588.7138386331612, 3442.931997557799, 0.0). Region: 88
	(3761.776706355863, 149.894468795359, 0.0). Region: 9
iter = 30
Alpha wolf:  Wolf 0 (200). Fitness: -inf
	(2212.1473610636717, 153.04193958860557, 0.0). Region: 5
	(658.7435695998131, 103.28747381793744, 0.0). Region: 1
	(1186.5055587502734, 1615.1614542867223, 0.0). Region: 42
	(3241.5822645224225, 188.93434769157102, 0.0). Region: 8
iter = 40
Alpha wolf:  Wolf 0 (200). Fitness: -inf
	(1227.6464326856537, 94.61989374172067, 0.0). Region: 3
	(283.22482077316147, 15.855251180437797, 0.0). Region: 0
	(2602.4604887597025, 2848.379104799894, 0.0). Region: 76
	(3659.879585841906, 90.243433801783, 0.0). Region: 9
iter = 50
Alpha wolf:  Wolf 0 (200). Fitness: -inf
	(1128.367462098683, 102.30521199102834, 0.0). Region: 2
	(140.95272385629366, 20.763803315251693, 0.0). Region: 0
	(2498.674901906612, 3652.7811677594786, 0.0). Region: 96
	(2690.7643651582666, 84.2468132786618, 0.0). Region: 6
iter = 60
Alpha wolf:  Wolf 0 (200). Fitness: -inf
	(2540.2907156747524, 69.54840029126343, 0.0). Region: 6
	(243.0995431374074, 19.208715221508882, 0.0). Region: 0
	(1518.5513826628742, 2149.1215470892203, 0.0). Region: 53
	(1565.3997654757015, 113.59099799762653, 0.0). Region: 3
iter = 70
Alpha wolf:  Wolf 0 (200). Fitness: -inf
	(3250.6968051702024, 107.7142036998776, 0.0). Region: 8
	(123.30373243137554, 24.996656292211004, 0.0). Region: 0
	(1713.1892860829776, 2192.844327851132, 0.0). Region: 54
	(1790.2999593026116, 95.02940781664752, 0.0). Region: 4
iter = 80
Alpha wolf:  Wolf 0 (200). Fitness: -inf
	(2075.0776774223814, 106.93855846641556, 0.0). Region: 5
	(194.75566766590117, 29.78637137141367, 0.0). Region: 0
	(1056.1458755888953, 1609.8862698083776, 0.0). Region: 42
	(2075.415425998653, 80.60973567053361, 0.0). Region: 5
iter = 90
Alpha wolf:  Wolf 0 (200). Fitness: -inf
	(2316.313251095775, 94.09866012515971, 0.0). Region: 5
	(170.08156112799355, 29.001379261249227, 0.0). Region: 0
	(998.4874860790726, 1759.365376734556, 0.0). Region: 42
	(1909.885747759055, 89.40497981343567, 0.0). Region: 4

- Finishing GWO - 


Run GWO to deployment +5 antenna on the map
	Pack size:  50
	Wolf dimension 5
	Max iter 100
	antennas_regions:  [13 42]
	users_regions:  [ 0  2  3  8 14 15 30 43 46 47 51 52 58 60 61 62 63 68 69 71 72 77 78 80
 81 83 87 89 92 93 98 99]
	Fitness function:  <function fitness_pgwo3 at 0x7f1105880170>
	Seed_base:  250
initial_alpha:  Wolf 0 (250). Fitness: -inf
	(1550.2251804418927, 3732.074563417412, 0). Region: 93
	(2248.585631592364, 273.1373817682061, 0). Region: 5
	(156.51662824308897, 963.671265067127, 0). Region: 20
	(664.9415471199069, 1497.0898601460042, 0). Region: 31
	(1635.8672757049678, 3796.4882976386893, 0). Region: 94
initial_beta:  Wolf 1 (251). Fitness: -inf
	(1779.142906074199, 1529.7804097549533, 0). Region: 34
	(2311.895209155092, 1828.0321731264287, 0). Region: 45
	(1640.96306891834, 1956.3075033816153, 0). Region: 44
	(1049.3357241927943, 3646.3685469553043, 0). Region: 92
	(1610.5752359604635, 3916.6534223118165, 0). Region: 94
initial_delta:  Wolf 2 (252). Fitness: -inf
	(3107.712794002624, 64.88281358430959, 0). Region: 7
	(2746.7622247923678, 2162.4204857878153, 0). Region: 56
	(3241.26387221536, 1354.3810629890008, 0). Region: 38
	(1822.4997667090697, 1054.4954245625831, 0). Region: 24
	(3259.2530184246657, 2930.003050098271, 0). Region: 78 

The alpha wolf has been updated to a position with higher fitness. iter = 1
New alpha wolf:  Wolf 40 (290). Fitness: 2.3370131658732844e-05
	(3935.350353715491, 2829.7157570530835, 0.0). Region: 79
	(3136.705764780844, 1844.2159524840736, 0.0). Region: 47
	(2155.0124445409037, 2109.738785178778, 0.0). Region: 55
	(2439.8498048672727, 2153.3367575275734, 0.0). Region: 56
	(1419.2002829173475, 3041.739791238315, 0.0). Region: 73
iter = 10
Alpha wolf:  Wolf 40 (290). Fitness: 2.3370131658732844e-05
	(3935.350353715491, 2829.7157570530835, 0.0). Region: 79
	(3136.705764780844, 1844.2159524840736, 0.0). Region: 47
	(2155.0124445409037, 2109.738785178778, 0.0). Region: 55
	(2439.8498048672727, 2153.3367575275734, 0.0). Region: 56
	(1419.2002829173475, 3041.739791238315, 0.0). Region: 73
The alpha wolf has been updated to a position with higher fitness. iter = 11
New alpha wolf:  Wolf 17 (267). Fitness: 5.579163281545276
	(2903.471205067166, 3849.7202757325967, 0.0). Region: 97
	(2888.070313594401, 2291.810715477852, 0.0). Region: 57
	(2425.5354489928623, 2466.6277952030487, 0.0). Region: 66
	(3205.980037341795, 1293.6530131491018, 0.0). Region: 38
	(911.4798033422026, 3164.09215954261, 0.0). Region: 72
iter = 20
Alpha wolf:  Wolf 17 (267). Fitness: 5.579163281545276
	(2903.471205067166, 3849.7202757325967, 0.0). Region: 97
	(2888.070313594401, 2291.810715477852, 0.0). Region: 57
	(2425.5354489928623, 2466.6277952030487, 0.0). Region: 66
	(3205.980037341795, 1293.6530131491018, 0.0). Region: 38
	(911.4798033422026, 3164.09215954261, 0.0). Region: 72
iter = 30
Alpha wolf:  Wolf 17 (267). Fitness: 5.579163281545276
	(2903.471205067166, 3849.7202757325967, 0.0). Region: 97
	(2888.070313594401, 2291.810715477852, 0.0). Region: 57
	(2425.5354489928623, 2466.6277952030487, 0.0). Region: 66
	(3205.980037341795, 1293.6530131491018, 0.0). Region: 38
	(911.4798033422026, 3164.09215954261, 0.0). Region: 72
iter = 40
Alpha wolf:  Wolf 17 (267). Fitness: 5.579163281545276
	(2903.471205067166, 3849.7202757325967, 0.0). Region: 97
	(2888.070313594401, 2291.810715477852, 0.0). Region: 57
	(2425.5354489928623, 2466.6277952030487, 0.0). Region: 66
	(3205.980037341795, 1293.6530131491018, 0.0). Region: 38
	(911.4798033422026, 3164.09215954261, 0.0). Region: 72
iter = 50
Alpha wolf:  Wolf 17 (267). Fitness: 5.579163281545276
	(2903.471205067166, 3849.7202757325967, 0.0). Region: 97
	(2888.070313594401, 2291.810715477852, 0.0). Region: 57
	(2425.5354489928623, 2466.6277952030487, 0.0). Region: 66
	(3205.980037341795, 1293.6530131491018, 0.0). Region: 38
	(911.4798033422026, 3164.09215954261, 0.0). Region: 72
iter = 60
Alpha wolf:  Wolf 17 (267). Fitness: 5.579163281545276
	(2903.471205067166, 3849.7202757325967, 0.0). Region: 97
	(2888.070313594401, 2291.810715477852, 0.0). Region: 57
	(2425.5354489928623, 2466.6277952030487, 0.0). Region: 66
	(3205.980037341795, 1293.6530131491018, 0.0). Region: 38
	(911.4798033422026, 3164.09215954261, 0.0). Region: 72
iter = 70
Alpha wolf:  Wolf 17 (267). Fitness: 5.579163281545276
	(2903.471205067166, 3849.7202757325967, 0.0). Region: 97
	(2888.070313594401, 2291.810715477852, 0.0). Region: 57
	(2425.5354489928623, 2466.6277952030487, 0.0). Region: 66
	(3205.980037341795, 1293.6530131491018, 0.0). Region: 38
	(911.4798033422026, 3164.09215954261, 0.0). Region: 72
iter = 80
Alpha wolf:  Wolf 17 (267). Fitness: 5.579163281545276
	(2903.471205067166, 3849.7202757325967, 0.0). Region: 97
	(2888.070313594401, 2291.810715477852, 0.0). Region: 57
	(2425.5354489928623, 2466.6277952030487, 0.0). Region: 66
	(3205.980037341795, 1293.6530131491018, 0.0). Region: 38
	(911.4798033422026, 3164.09215954261, 0.0). Region: 72
iter = 90
Alpha wolf:  Wolf 17 (267). Fitness: 5.579163281545276
	(2903.471205067166, 3849.7202757325967, 0.0). Region: 97
	(2888.070313594401, 2291.810715477852, 0.0). Region: 57
	(2425.5354489928623, 2466.6277952030487, 0.0). Region: 66
	(3205.980037341795, 1293.6530131491018, 0.0). Region: 38
	(911.4798033422026, 3164.09215954261, 0.0). Region: 72

- Finishing GWO - 

Best solution:  Wolf 17 (267). Fitness: 5.579163281545276
	(2903.471205067166, 3849.7202757325967, 0.0). Region: 97
	(2888.070313594401, 2291.810715477852, 0.0). Region: 57
	(2425.5354489928623, 2466.6277952030487, 0.0). Region: 66
	(3205.980037341795, 1293.6530131491018, 0.0). Region: 38
	(911.4798033422026, 3164.09215954261, 0.0). Region: 72
Antennas in slice 1:  [13 38 42 57 66 72 97]
Results:  [array([13, 42]), array([13, 38, 42, 57, 66, 72, 97])]

Slice 2
Fitnes _wolf:  1.5065445300163168e-05
The set of antennas serves the scenario in the respective slice.
Results:  [array([13, 42]), array([13, 38, 42, 57, 66, 72, 97]), array([13, 38, 42, 57, 66, 72, 97])]

Slice 3
Fitnes _wolf:  1.6014398187326657e-05
The set of antennas serves the scenario in the respective slice.
Results:  [array([13, 42]), array([13, 38, 42, 57, 66, 72, 97]), array([13, 38, 42, 57, 66, 72, 97]), array([13, 38, 42, 57, 66, 72, 97])]

Slice 4
Fitnes _wolf:  1.2859053216866974e-05
The set of antennas serves the scenario in the respective slice.
Results:  [array([13, 42]), array([13, 38, 42, 57, 66, 72, 97]), array([13, 38, 42, 57, 66, 72, 97]), array([13, 38, 42, 57, 66, 72, 97]), array([13, 38, 42, 57, 66, 72, 97])]

Slice 5
Fitnes _wolf:  -inf

Run GWO to deployment +1 antenna on the map
	Pack size:  50
	Wolf dimension 1
	Max iter 100
	antennas_regions:  [13 38 42 57 66 72 97]
	users_regions:  [ 0  2  3  6  7  9 10 12 13 14 17 18 19 20 21 22 23 24 25 26 27 28 29 30
 31 32 33 34 36 39 40 41 42 43 44 45 46 47 48 50 51 52 54 56 57 58 60 61
 62 63 64 65 66 67 68 69 71 72 73 75 76 77 78 79 80 81 82 84 85 86 87 88
 89 90 92 93 95 98 99]
	Fitness function:  <function fitness_pgwo3 at 0x7f1105880170>
	Seed_base:  300
initial_alpha:  Wolf 14 (314). Fitness: 2.1752087446511445e-05
	(785.725100526125, 445.86304353900584, 0). Region: 11
initial_beta:  Wolf 8 (308). Fitness: 2.0906249598560742e-05
	(749.5234950824283, 3867.250186179435, 0). Region: 91
initial_delta:  Wolf 19 (319). Fitness: 2.0906249598560742e-05
	(711.7489249329632, 3674.5476436797126, 0). Region: 91 

iter = 10
Alpha wolf:  Wolf 14 (314). Fitness: 2.1752087446511445e-05
	(758.6447696164298, 627.2218861659992, 0.0). Region: 11
iter = 20
Alpha wolf:  Wolf 14 (314). Fitness: 2.1752087446511445e-05
	(764.2185566815157, 625.5908843197695, 0.0). Region: 11
iter = 30
Alpha wolf:  Wolf 14 (314). Fitness: 2.1752087446511445e-05
	(490.15862614358787, 579.0267445379544, 0.0). Region: 11
iter = 40
Alpha wolf:  Wolf 14 (314). Fitness: 2.1752087446511445e-05
	(688.8721728944913, 587.838925229556, 0.0). Region: 11
iter = 50
Alpha wolf:  Wolf 14 (314). Fitness: 2.1752087446511445e-05
	(436.0178788969145, 697.1714727024856, 0.0). Region: 11
iter = 60
Alpha wolf:  Wolf 14 (314). Fitness: 2.1752087446511445e-05
	(614.0391816132025, 648.8214208193132, 0.0). Region: 11
iter = 70
Alpha wolf:  Wolf 14 (314). Fitness: 2.1752087446511445e-05
	(516.3027788119646, 752.195816702414, 0.0). Region: 11
iter = 80
Alpha wolf:  Wolf 14 (314). Fitness: 2.1752087446511445e-05
	(573.1544077501276, 707.941207231545, 0.0). Region: 11
iter = 90
Alpha wolf:  Wolf 14 (314). Fitness: 2.1752087446511445e-05
	(695.8507161766013, 722.4136682177332, 0.0). Region: 11

- Finishing GWO - 

Best solution:  Wolf 14 (314). Fitness: 2.1752087446511445e-05
	(655.4450364467167, 781.5823179252968, 0.0). Region: 11
Antennas in slice 5:  [11 13 38 42 57 66 72 97]
Results:  [array([13, 42]), array([13, 38, 42, 57, 66, 72, 97]), array([13, 38, 42, 57, 66, 72, 97]), array([13, 38, 42, 57, 66, 72, 97]), array([13, 38, 42, 57, 66, 72, 97]), array([11, 13, 38, 42, 57, 66, 72, 97])]

Slice 6
Fitnes _wolf:  2.005145710330542e-05
The set of antennas serves the scenario in the respective slice.
Results:  [array([13, 42]), array([13, 38, 42, 57, 66, 72, 97]), array([13, 38, 42, 57, 66, 72, 97]), array([13, 38, 42, 57, 66, 72, 97]), array([13, 38, 42, 57, 66, 72, 97]), array([11, 13, 38, 42, 57, 66, 72, 97]), array([11, 13, 38, 42, 57, 66, 72, 97])]

Slice 7
Fitnes _wolf:  1.3696975065584461e-05
The set of antennas serves the scenario in the respective slice.
Results:  [array([13, 42]), array([13, 38, 42, 57, 66, 72, 97]), array([13, 38, 42, 57, 66, 72, 97]), array([13, 38, 42, 57, 66, 72, 97]), array([13, 38, 42, 57, 66, 72, 97]), array([11, 13, 38, 42, 57, 66, 72, 97]), array([11, 13, 38, 42, 57, 66, 72, 97]), array([11, 13, 38, 42, 57, 66, 72, 97])]

Slice 8
Fitnes _wolf:  1.4042818985210187e-05
The set of antennas serves the scenario in the respective slice.
Results:  [array([13, 42]), array([13, 38, 42, 57, 66, 72, 97]), array([13, 38, 42, 57, 66, 72, 97]), array([13, 38, 42, 57, 66, 72, 97]), array([13, 38, 42, 57, 66, 72, 97]), array([11, 13, 38, 42, 57, 66, 72, 97]), array([11, 13, 38, 42, 57, 66, 72, 97]), array([11, 13, 38, 42, 57, 66, 72, 97]), array([11, 13, 38, 42, 57, 66, 72, 97])]

Slice 9
Fitnes _wolf:  1.6687426590599252e-05
The set of antennas serves the scenario in the respective slice.
Results:  [array([13, 42]), array([13, 38, 42, 57, 66, 72, 97]), array([13, 38, 42, 57, 66, 72, 97]), array([13, 38, 42, 57, 66, 72, 97]), array([13, 38, 42, 57, 66, 72, 97]), array([11, 13, 38, 42, 57, 66, 72, 97]), array([11, 13, 38, 42, 57, 66, 72, 97]), array([11, 13, 38, 42, 57, 66, 72, 97]), array([11, 13, 38, 42, 57, 66, 72, 97]), array([11, 13, 38, 42, 57, 66, 72, 97])]

Slice 10
Fitnes _wolf:  2.761154690937519e-05
The set of antennas serves the scenario in the respective slice.
Results:  [array([13, 42]), array([13, 38, 42, 57, 66, 72, 97]), array([13, 38, 42, 57, 66, 72, 97]), array([13, 38, 42, 57, 66, 72, 97]), array([13, 38, 42, 57, 66, 72, 97]), array([11, 13, 38, 42, 57, 66, 72, 97]), array([11, 13, 38, 42, 57, 66, 72, 97]), array([11, 13, 38, 42, 57, 66, 72, 97]), array([11, 13, 38, 42, 57, 66, 72, 97]), array([11, 13, 38, 42, 57, 66, 72, 97]), array([11, 13, 38, 42, 57, 66, 72, 97])]

Slice 11
Fitnes _wolf:  1.062116794578213e-05
The set of antennas serves the scenario in the respective slice.
Results:  [array([13, 42]), array([13, 38, 42, 57, 66, 72, 97]), array([13, 38, 42, 57, 66, 72, 97]), array([13, 38, 42, 57, 66, 72, 97]), array([13, 38, 42, 57, 66, 72, 97]), array([11, 13, 38, 42, 57, 66, 72, 97]), array([11, 13, 38, 42, 57, 66, 72, 97]), array([11, 13, 38, 42, 57, 66, 72, 97]), array([11, 13, 38, 42, 57, 66, 72, 97]), array([11, 13, 38, 42, 57, 66, 72, 97]), array([11, 13, 38, 42, 57, 66, 72, 97]), array([11, 13, 38, 42, 57, 66, 72, 97])]
Results:  [array([13, 42]), array([13, 38, 42, 57, 66, 72, 97]), array([13, 38, 42, 57, 66, 72, 97]), array([13, 38, 42, 57, 66, 72, 97]), array([13, 38, 42, 57, 66, 72, 97]), array([11, 13, 38, 42, 57, 66, 72, 97]), array([11, 13, 38, 42, 57, 66, 72, 97]), array([11, 13, 38, 42, 57, 66, 72, 97]), array([11, 13, 38, 42, 57, 66, 72, 97]), array([11, 13, 38, 42, 57, 66, 72, 97]), array([11, 13, 38, 42, 57, 66, 72, 97]), array([11, 13, 38, 42, 57, 66, 72, 97])]

Média de carros: 7.166666666666667
t=0
Antennas: [13 42]
Users: [61 62 63 71 72]
connections:  {61: 42, 62: 42, 63: 42, 71: 42, 72: 42}
$x_{0,13}$
		Usuarios totais: 0
$x_{0,42}$
	 $y_{0,42,61}$ = 15.87579843281219 dB
	 $y_{0,42,62}$ = 19.424698484855128 dB
	 $y_{0,42,63}$ = 13.970798824683186 dB
	 $y_{0,42,71}$ = 11.523696951624999 dB
	 $y_{0,42,72}$ = 10.403494126908612 dB
		SNR medio:  2.157529903663155
		Usuarios totais: 33
Distances:
13 : 42 = 1264.9110640673518
t=1
Antennas: [13 38 42 57 66 72 97]
Users: [ 0  2  3  8 14 15 30 43 46 47 51 52 58 60 61 62 63 68 69 71 72 77 78 80
 81 83 87 89 92 93 98 99]
connections:  {0: 42, 3: 13, 8: 38, 14: 13, 15: 13, 30: 42, 60: 72, 69: 57, 80: 72, 81: 72, 89: 97, 92: 72, 93: 72, 99: 97, 2: 13, 51: 72, 52: 72, 61: 72, 62: 72, 63: 72, 71: 72, 83: 66, 98: 66, 46: 66, 47: 66, 68: 66, 78: 66, 87: 66, 43: 72, 72: 66, 58: 66, 77: 66}
$x_{1,13}$
	 $y_{1,13,3}$ = 26.369995811011094 dB
	 $y_{1,13,14}$ = 32.419546452539805 dB
	 $y_{1,13,15}$ = 18.68133671684042 dB
	 $y_{1,13,2}$ = 24.560976175474195 dB
		SNR medio:  17.00530919264425
		Usuarios totais: 6
$x_{1,38}$
	 $y_{1,38,8}$ = 16.80788966331123 dB
		SNR medio:  16.80788966331123
		Usuarios totais: 1
$x_{1,42}$
	 $y_{1,42,0}$ = 13.334536227324236 dB
	 $y_{1,42,30}$ = 13.708436670176155 dB
		SNR medio:  13.521486448750196
		Usuarios totais: 2
$x_{1,57}$
	 $y_{1,57,69}$ = 12.17982813030605 dB
		SNR medio:  12.17982813030605
		Usuarios totais: 1
$x_{1,66}$
	 $y_{1,66,83}$ = 10.564209739907028 dB
	 $y_{1,66,98}$ = 15.399923739701123 dB
	 $y_{1,66,46}$ = 17.75609488498347 dB
	 $y_{1,66,47}$ = 19.131722043413163 dB
	 $y_{1,66,68}$ = 18.675449217248286 dB
	 $y_{1,66,78}$ = 16.19368979275046 dB
	 $y_{1,66,87}$ = 21.837230253833 dB
	 $y_{1,66,72}$ = 10.832602840965933 dB
	 $y_{1,66,58}$ = 14.176181540298884 dB
	 $y_{1,66,77}$ = 31.024436707522142 dB
		SNR medio:  12.542252911473105
		Usuarios totais: 14
$x_{1,72}$
	 $y_{1,72,60}$ = 17.744515487043287 dB
	 $y_{1,72,80}$ = 16.57637646497959 dB
	 $y_{1,72,81}$ = 15.973954024518491 dB
	 $y_{1,72,92}$ = 15.848363670779648 dB
	 $y_{1,72,93}$ = 21.930169646444327 dB
	 $y_{1,72,51}$ = 13.428360758394632 dB
	 $y_{1,72,52}$ = 15.058392638244456 dB
	 $y_{1,72,61}$ = 24.09379940402893 dB
	 $y_{1,72,62}$ = 20.278899474406742 dB
	 $y_{1,72,63}$ = 27.187124005619225 dB
	 $y_{1,72,71}$ = 21.72175914019695 dB
	 $y_{1,72,43}$ = 10.998424618007533 dB
		SNR medio:  5.521003483316595
		Usuarios totais: 40
$x_{1,97}$
	 $y_{1,97,89}$ = 11.281333994797734 dB
	 $y_{1,97,99}$ = 18.051654171399306 dB
		SNR medio:  14.66649408309852
		Usuarios totais: 2
Distances:
13 : 38 = 2154.0659228538016
13 : 42 = 1264.9110640673518
13 : 57 = 2262.741699796952
13 : 66 = 2332.38075793812
13 : 72 = 2433.105012119288
13 : 97 = 3577.7087639996635
38 : 42 = 2433.105012119288
38 : 57 = 894.4271909999159
38 : 66 = 1442.2205101855957
38 : 72 = 2884.4410203711914
38 : 97 = 2433.105012119288
42 : 57 = 2039.607805437114
42 : 66 = 1788.8543819998317
42 : 72 = 1200.0
42 : 97 = 2828.42712474619
57 : 66 = 565.685424949238
57 : 72 = 2154.0659228538016
57 : 97 = 1600.0
66 : 72 = 1649.2422502470642
66 : 97 = 1264.9110640673518
72 : 97 = 2154.0659228538016
t=2
Antennas: [13 38 42 57 66 72 97]
Users: [ 2  3  4 10 12 20 21 22 25 32 33 34 39 42 44 45 47 49 52 54 55 57 58 61
 62 63 65 66 67 68 70 72 73 75 77 78 79 80 81 82 83 85 86 87 91 92 94 96
 97 98]
connections:  {3: 13, 4: 13, 10: 13, 20: 42, 49: 38, 73: 72, 80: 72, 81: 72, 82: 72, 91: 72, 92: 72, 94: 97, 2: 13, 12: 13, 21: 72, 22: 13, 32: 13, 33: 13, 52: 72, 61: 72, 62: 72, 63: 72, 70: 72, 83: 72, 86: 97, 96: 97, 98: 97, 25: 42, 34: 13, 39: 38, 42: 42, 44: 42, 45: 42, 47: 38, 57: 57, 65: 72, 66: 66, 67: 97, 68: 97, 78: 97, 79: 97, 87: 97, 97: 97, 54: 72, 55: 42, 58: 97, 72: 72, 77: 97, 85: 72, 75: 97}
$x_{2,13}$
	 $y_{2,13,3}$ = 26.369995811011094 dB
	 $y_{2,13,4}$ = 22.585094773806873 dB
	 $y_{2,13,10}$ = 11.250926133893387 dB
	 $y_{2,13,2}$ = 24.560976175474195 dB
	 $y_{2,13,12}$ = 38.43401323010314 dB
	 $y_{2,13,22}$ = 29.471725056850218 dB
	 $y_{2,13,32}$ = 17.18169697211445 dB
	 $y_{2,13,33}$ = 14.538206670643149 dB
	 $y_{2,13,34}$ = 12.711022470662613 dB
		SNR medio:  21.90040636606212
		Usuarios totais: 9
$x_{2,38}$
	 $y_{2,38,49}$ = 28.57696276263688 dB
	 $y_{2,38,39}$ = 21.856074098633414 dB
	 $y_{2,38,47}$ = 29.77418886131929 dB
		SNR medio:  16.041445144517915
		Usuarios totais: 5
$x_{2,42}$
	 $y_{2,42,20}$ = 12.643796976523248 dB
	 $y_{2,42,25}$ = 11.562339913728792 dB
	 $y_{2,42,42}$ = 74.51819179914199 dB
	 $y_{2,42,44}$ = 16.037399806400558 dB
	 $y_{2,42,45}$ = 12.86987004656487 dB
	 $y_{2,42,55}$ = 10.34296585243419 dB
		SNR medio:  12.543142217708514
		Usuarios totais: 11
$x_{2,57}$
	 $y_{2,57,57}$ = 89.44557727030741 dB
		SNR medio:  89.44557727030741
		Usuarios totais: 1
$x_{2,66}$
	 $y_{2,66,66}$ = 81.84626913064324 dB
		SNR medio:  81.84626913064324
		Usuarios totais: 1
$x_{2,72}$
	 $y_{2,72,73}$ = 22.615379926536946 dB
	 $y_{2,72,80}$ = 16.57637646497959 dB
	 $y_{2,72,81}$ = 15.973954024518491 dB
	 $y_{2,72,82}$ = 31.800222848444037 dB
	 $y_{2,72,91}$ = 21.828242347284174 dB
	 $y_{2,72,92}$ = 15.848363670779648 dB
	 $y_{2,72,21}$ = 13.130903562237506 dB
	 $y_{2,72,52}$ = 15.058392638244456 dB
	 $y_{2,72,61}$ = 24.09379940402893 dB
	 $y_{2,72,62}$ = 20.278899474406742 dB
	 $y_{2,72,63}$ = 27.187124005619225 dB
	 $y_{2,72,70}$ = 19.192521758983887 dB
	 $y_{2,72,83}$ = 29.395630215388934 dB
	 $y_{2,72,65}$ = 11.099804482045414 dB
	 $y_{2,72,54}$ = 11.066036489021286 dB
	 $y_{2,72,72}$ = 86.70834797021755 dB
	 $y_{2,72,85}$ = 16.91363640492571 dB
		SNR medio:  9.969190892191563
		Usuarios totais: 40
$x_{2,97}$
	 $y_{2,97,94}$ = 11.529065571011444 dB
	 $y_{2,97,86}$ = 18.064644028990926 dB
	 $y_{2,97,96}$ = 34.93068492077461 dB
	 $y_{2,97,98}$ = 25.62421624077946 dB
	 $y_{2,97,67}$ = 13.541342003818897 dB
	 $y_{2,97,68}$ = 14.892814689611228 dB
	 $y_{2,97,78}$ = 23.240332583711307 dB
	 $y_{2,97,79}$ = 15.051750289504184 dB
	 $y_{2,97,87}$ = 24.579288112723148 dB
	 $y_{2,97,97}$ = 84.21388423736013 dB
	 $y_{2,97,58}$ = 15.412240740989546 dB
	 $y_{2,97,77}$ = 20.41086320779921 dB
	 $y_{2,97,75}$ = 15.249393739801121 dB
		SNR medio:  13.771326972472833
		Usuarios totais: 23
Distances:
13 : 38 = 2154.0659228538016
13 : 42 = 1264.9110640673518
13 : 57 = 2262.741699796952
13 : 66 = 2332.38075793812
13 : 72 = 2433.105012119288
13 : 97 = 3577.7087639996635
38 : 42 = 2433.105012119288
38 : 57 = 894.4271909999159
38 : 66 = 1442.2205101855957
38 : 72 = 2884.4410203711914
38 : 97 = 2433.105012119288
42 : 57 = 2039.607805437114
42 : 66 = 1788.8543819998317
42 : 72 = 1200.0
42 : 97 = 2828.42712474619
57 : 66 = 565.685424949238
57 : 72 = 2154.0659228538016
57 : 97 = 1600.0
66 : 72 = 1649.2422502470642
66 : 97 = 1264.9110640673518
72 : 97 = 2154.0659228538016
t=3
Antennas: [13 38 42 57 66 72 97]
Users: [ 0  1  3  6  8  9 12 13 14 15 17 18 20 22 23 24 25 27 29 30 31 32 33 37
 40 43 44 45 46 47 48 51 52 55 56 57 58 61 62 64 65 67 70 71 72 75 76 77
 78 79 80 81 82 84 85 86 89 90 91 93 94 95 97 98]
connections:  {0: 42, 1: 13, 3: 13, 6: 38, 8: 38, 9: 38, 14: 13, 15: 13, 20: 42, 29: 38, 30: 42, 40: 42, 80: 72, 81: 72, 82: 72, 89: 97, 90: 72, 91: 72, 93: 72, 94: 97, 12: 13, 13: 13, 17: 38, 18: 38, 22: 13, 23: 13, 27: 38, 31: 13, 32: 13, 33: 13, 51: 72, 52: 72, 61: 72, 62: 42, 70: 42, 71: 72, 84: 72, 86: 97, 98: 97, 24: 42, 25: 38, 44: 57, 45: 38, 43: 13, 46: 38, 47: 38, 48: 38, 55: 38, 57: 57, 64: 72, 65: 72, 67: 97, 72: 72, 77: 97, 78: 97, 79: 97, 95: 72, 97: 97, 37: 72, 58: 38, 75: 38, 76: 38, 85: 72, 56: 38}
$x_{3,13}$
	 $y_{3,13,1}$ = 12.034113332766879 dB
	 $y_{3,13,3}$ = 26.369995811011094 dB
	 $y_{3,13,14}$ = 32.419546452539805 dB
	 $y_{3,13,15}$ = 18.68133671684042 dB
	 $y_{3,13,12}$ = 38.43401323010314 dB
	 $y_{3,13,13}$ = 86.46845660107809 dB
	 $y_{3,13,22}$ = 29.471725056850218 dB
	 $y_{3,13,23}$ = 27.37526968680187 dB
	 $y_{3,13,31}$ = 18.58158593054752 dB
	 $y_{3,13,32}$ = 17.18169697211445 dB
	 $y_{3,13,33}$ = 14.538206670643149 dB
	 $y_{3,13,43}$ = 22.277723597074115 dB
		SNR medio:  17.19168350291854
		Usuarios totais: 20
$x_{3,38}$
	 $y_{3,38,6}$ = 14.91921223816098 dB
	 $y_{3,38,8}$ = 16.80788966331123 dB
	 $y_{3,38,9}$ = 15.000624246203472 dB
	 $y_{3,38,29}$ = 32.92674272243204 dB
	 $y_{3,38,17}$ = 18.592957917456047 dB
	 $y_{3,38,18}$ = 12.115392041921012 dB
	 $y_{3,38,27}$ = 25.606356150220634 dB
	 $y_{3,38,25}$ = 11.911897047451987 dB
	 $y_{3,38,45}$ = 13.514351823592818 dB
	 $y_{3,38,46}$ = 19.965616054827933 dB
	 $y_{3,38,47}$ = 29.77418886131929 dB
	 $y_{3,38,48}$ = 30.97369565253804 dB
	 $y_{3,38,55}$ = 10.257150359069357 dB
	 $y_{3,38,58}$ = 17.56331586358816 dB
	 $y_{3,38,75}$ = 22.287061060773198 dB
	 $y_{3,38,76}$ = 13.012969804898546 dB
	 $y_{3,38,56}$ = 13.643542154593717 dB
		SNR medio:  12.754918546494336
		Usuarios totais: 25
$x_{3,42}$
	 $y_{3,42,0}$ = 13.334536227324236 dB
	 $y_{3,42,20}$ = 12.643796976523248 dB
	 $y_{3,42,30}$ = 13.708436670176155 dB
	 $y_{3,42,40}$ = 21.338557951447854 dB
	 $y_{3,42,62}$ = 19.424698484855128 dB
	 $y_{3,42,70}$ = 12.340262389607972 dB
	 $y_{3,42,24}$ = 13.861834893245529 dB
		SNR medio:  2.666303089829503
		Usuarios totais: 40
$x_{3,57}$
	 $y_{3,57,44}$ = 13.329126337111944 dB
	 $y_{3,57,57}$ = 89.44557727030741 dB
		SNR medio:  51.38735180370968
		Usuarios totais: 2
$x_{3,66}$
		Usuarios totais: 0
$x_{3,72}$
	 $y_{3,72,80}$ = 16.57637646497959 dB
	 $y_{3,72,81}$ = 15.973954024518491 dB
	 $y_{3,72,82}$ = 31.800222848444037 dB
	 $y_{3,72,90}$ = 17.189949138074397 dB
	 $y_{3,72,91}$ = 21.828242347284174 dB
	 $y_{3,72,93}$ = 21.930169646444327 dB
	 $y_{3,72,51}$ = 13.428360758394632 dB
	 $y_{3,72,52}$ = 15.058392638244456 dB
	 $y_{3,72,61}$ = 24.09379940402893 dB
	 $y_{3,72,71}$ = 21.72175914019695 dB
	 $y_{3,72,84}$ = 15.963702030870195 dB
	 $y_{3,72,64}$ = 11.679252874115633 dB
	 $y_{3,72,65}$ = 11.099804482045414 dB
	 $y_{3,72,72}$ = 86.70834797021755 dB
	 $y_{3,72,95}$ = 12.192518437999581 dB
	 $y_{3,72,37}$ = 12.857224531441602 dB
	 $y_{3,72,85}$ = 16.91363640492571 dB
		SNR medio:  12.655714246283644
		Usuarios totais: 29
$x_{3,97}$
	 $y_{3,97,89}$ = 11.281333994797734 dB
	 $y_{3,97,94}$ = 11.529065571011444 dB
	 $y_{3,97,86}$ = 18.064644028990926 dB
	 $y_{3,97,98}$ = 25.62421624077946 dB
	 $y_{3,97,67}$ = 13.541342003818897 dB
	 $y_{3,97,77}$ = 20.41086320779921 dB
	 $y_{3,97,78}$ = 23.240332583711307 dB
	 $y_{3,97,79}$ = 15.051750289504184 dB
	 $y_{3,97,97}$ = 84.21388423736013 dB
		SNR medio:  18.579786013147775
		Usuarios totais: 12
Distances:
13 : 38 = 2154.0659228538016
13 : 42 = 1264.9110640673518
13 : 57 = 2262.741699796952
13 : 66 = 2332.38075793812
13 : 72 = 2433.105012119288
13 : 97 = 3577.7087639996635
38 : 42 = 2433.105012119288
38 : 57 = 894.4271909999159
38 : 66 = 1442.2205101855957
38 : 72 = 2884.4410203711914
38 : 97 = 2433.105012119288
42 : 57 = 2039.607805437114
42 : 66 = 1788.8543819998317
42 : 72 = 1200.0
42 : 97 = 2828.42712474619
57 : 66 = 565.685424949238
57 : 72 = 2154.0659228538016
57 : 97 = 1600.0
66 : 72 = 1649.2422502470642
66 : 97 = 1264.9110640673518
72 : 97 = 2154.0659228538016
t=4
Antennas: [13 38 42 57 66 72 97]
Users: [ 1  2  3  4  5  7  8  9 10 11 13 15 17 18 20 23 24 25 26 28 29 32 33 34
 35 36 38 39 40 41 42 43 44 46 47 48 50 51 52 53 55 56 57 59 61 62 63 67
 69 70 71 72 74 75 77 78 79 80 81 84 86 87 88 89 90 91 93 94 95 96 98]
connections:  {1: 13, 3: 13, 4: 13, 7: 38, 8: 38, 9: 38, 10: 13, 11: 13, 15: 13, 20: 42, 29: 38, 40: 42, 50: 42, 69: 57, 80: 72, 81: 72, 89: 97, 90: 72, 91: 72, 93: 72, 94: 97, 2: 13, 5: 13, 13: 13, 17: 38, 18: 38, 23: 13, 28: 38, 32: 13, 33: 13, 35: 38, 38: 38, 41: 72, 51: 72, 52: 72, 59: 38, 61: 72, 62: 42, 63: 42, 70: 42, 71: 42, 74: 72, 84: 72, 86: 97, 96: 97, 98: 97, 24: 42, 25: 42, 26: 38, 34: 42, 36: 38, 39: 38, 42: 42, 44: 42, 43: 72, 46: 38, 47: 38, 48: 38, 53: 72, 55: 38, 57: 57, 67: 97, 72: 72, 77: 97, 78: 97, 79: 97, 87: 97, 88: 97, 95: 72, 75: 38, 56: 97}
$x_{4,13}$
	 $y_{4,13,1}$ = 12.034113332766879 dB
	 $y_{4,13,3}$ = 26.369995811011094 dB
	 $y_{4,13,4}$ = 22.585094773806873 dB
	 $y_{4,13,10}$ = 11.250926133893387 dB
	 $y_{4,13,11}$ = 20.900774157636334 dB
	 $y_{4,13,15}$ = 18.68133671684042 dB
	 $y_{4,13,2}$ = 24.560976175474195 dB
	 $y_{4,13,5}$ = 14.896742798225091 dB
	 $y_{4,13,13}$ = 86.46845660107809 dB
	 $y_{4,13,23}$ = 27.37526968680187 dB
	 $y_{4,13,32}$ = 17.18169697211445 dB
	 $y_{4,13,33}$ = 14.538206670643149 dB
		SNR medio:  18.552724364393242
		Usuarios totais: 16
$x_{4,38}$
	 $y_{4,38,7}$ = 12.275161478948831 dB
	 $y_{4,38,8}$ = 16.80788966331123 dB
	 $y_{4,38,9}$ = 15.000624246203472 dB
	 $y_{4,38,29}$ = 32.92674272243204 dB
	 $y_{4,38,17}$ = 18.592957917456047 dB
	 $y_{4,38,18}$ = 12.115392041921012 dB
	 $y_{4,38,28}$ = 26.62594467993638 dB
	 $y_{4,38,35}$ = 18.856575721216373 dB
	 $y_{4,38,38}$ = 86.85686932066758 dB
	 $y_{4,38,59}$ = 21.90150050067423 dB
	 $y_{4,38,26}$ = 15.078297317331717 dB
	 $y_{4,38,36}$ = 17.389483627894236 dB
	 $y_{4,38,39}$ = 21.856074098633414 dB
	 $y_{4,38,46}$ = 19.965616054827933 dB
	 $y_{4,38,47}$ = 29.77418886131929 dB
	 $y_{4,38,48}$ = 30.97369565253804 dB
	 $y_{4,38,55}$ = 10.257150359069357 dB
	 $y_{4,38,75}$ = 22.287061060773198 dB
		SNR medio:  11.013877572439855
		Usuarios totais: 39
$x_{4,42}$
	 $y_{4,42,20}$ = 12.643796976523248 dB
	 $y_{4,42,40}$ = 21.338557951447854 dB
	 $y_{4,42,50}$ = 12.890345859268137 dB
	 $y_{4,42,62}$ = 19.424698484855128 dB
	 $y_{4,42,63}$ = 13.970798824683186 dB
	 $y_{4,42,70}$ = 12.340262389607972 dB
	 $y_{4,42,71}$ = 11.523696951624999 dB
	 $y_{4,42,24}$ = 13.861834893245529 dB
	 $y_{4,42,25}$ = 11.562339913728792 dB
	 $y_{4,42,34}$ = 22.351253334785525 dB
	 $y_{4,42,42}$ = 74.51819179914199 dB
	 $y_{4,42,44}$ = 16.037399806400558 dB
		SNR medio:  6.061579429632824
		Usuarios totais: 40
$x_{4,57}$
	 $y_{4,57,69}$ = 12.17982813030605 dB
	 $y_{4,57,57}$ = 89.44557727030741 dB
		SNR medio:  20.325081080122693
		Usuarios totais: 5
$x_{4,66}$
		Usuarios totais: 0
$x_{4,72}$
	 $y_{4,72,80}$ = 16.57637646497959 dB
	 $y_{4,72,81}$ = 15.973954024518491 dB
	 $y_{4,72,90}$ = 17.189949138074397 dB
	 $y_{4,72,91}$ = 21.828242347284174 dB
	 $y_{4,72,93}$ = 21.930169646444327 dB
	 $y_{4,72,41}$ = 10.737336175689308 dB
	 $y_{4,72,51}$ = 13.428360758394632 dB
	 $y_{4,72,52}$ = 15.058392638244456 dB
	 $y_{4,72,61}$ = 24.09379940402893 dB
	 $y_{4,72,74}$ = 13.705573359649406 dB
	 $y_{4,72,84}$ = 15.963702030870195 dB
	 $y_{4,72,43}$ = 10.998424618007533 dB
	 $y_{4,72,53}$ = 22.239107933643083 dB
	 $y_{4,72,72}$ = 86.70834797021755 dB
	 $y_{4,72,95}$ = 12.192518437999581 dB
		SNR medio:  10.620808498268188
		Usuarios totais: 30
$x_{4,97}$
	 $y_{4,97,89}$ = 11.281333994797734 dB
	 $y_{4,97,94}$ = 11.529065571011444 dB
	 $y_{4,97,86}$ = 18.064644028990926 dB
	 $y_{4,97,96}$ = 34.93068492077461 dB
	 $y_{4,97,98}$ = 25.62421624077946 dB
	 $y_{4,97,67}$ = 13.541342003818897 dB
	 $y_{4,97,77}$ = 20.41086320779921 dB
	 $y_{4,97,78}$ = 23.240332583711307 dB
	 $y_{4,97,79}$ = 15.051750289504184 dB
	 $y_{4,97,87}$ = 24.579288112723148 dB
	 $y_{4,97,88}$ = 18.502059789203642 dB
	 $y_{4,97,56}$ = 14.49343419816465 dB
		SNR medio:  7.226531716914977
		Usuarios totais: 32
Distances:
13 : 38 = 2154.0659228538016
13 : 42 = 1264.9110640673518
13 : 57 = 2262.741699796952
13 : 66 = 2332.38075793812
13 : 72 = 2433.105012119288
13 : 97 = 3577.7087639996635
38 : 42 = 2433.105012119288
38 : 57 = 894.4271909999159
38 : 66 = 1442.2205101855957
38 : 72 = 2884.4410203711914
38 : 97 = 2433.105012119288
42 : 57 = 2039.607805437114
42 : 66 = 1788.8543819998317
42 : 72 = 1200.0
42 : 97 = 2828.42712474619
57 : 66 = 565.685424949238
57 : 72 = 2154.0659228538016
57 : 97 = 1600.0
66 : 72 = 1649.2422502470642
66 : 97 = 1264.9110640673518
72 : 97 = 2154.0659228538016
t=5
Antennas: [11 13 38 42 57 66 72 97]
Users: [ 0  2  3  6  7  9 10 12 13 14 17 18 19 20 21 22 23 24 25 26 27 28 29 30
 31 32 33 34 36 39 40 41 42 43 44 45 46 47 48 50 51 52 54 56 57 58 60 61
 62 63 64 65 66 67 68 69 71 72 73 75 76 77 78 79 80 81 82 84 85 86 87 88
 89 90 92 93 95 98 99]
connections:  {6: 38, 7: 38, 9: 38, 19: 38, 29: 38, 50: 42, 60: 72, 69: 57, 73: 72, 80: 72, 81: 72, 82: 72, 89: 97, 90: 72, 92: 72, 93: 72, 99: 97, 0: 42, 3: 11, 10: 11, 14: 11, 17: 38, 18: 38, 20: 11, 27: 38, 28: 38, 30: 11, 32: 42, 40: 11, 52: 72, 61: 72, 62: 42, 63: 72, 71: 42, 2: 11, 12: 11, 13: 13, 21: 72, 22: 11, 23: 11, 24: 72, 25: 38, 31: 11, 33: 11, 34: 38, 41: 72, 44: 57, 45: 38, 51: 72, 84: 72, 86: 97, 98: 97, 26: 38, 36: 38, 39: 38, 42: 72, 43: 13, 54: 57, 64: 57, 65: 57, 72: 97, 95: 97, 46: 38, 47: 38, 48: 38, 57: 57, 66: 66, 67: 57, 68: 57, 77: 57, 78: 57, 79: 57, 85: 57, 87: 57, 88: 57, 58: 57, 75: 38, 76: 57, 56: 57}
$x_{5,11}$
	 $y_{5,11,3}$ = 14.17187825459547 dB
	 $y_{5,11,10}$ = 22.898046699740533 dB
	 $y_{5,11,14}$ = 16.333086012837413 dB
	 $y_{5,11,20}$ = 37.708366176060835 dB
	 $y_{5,11,30}$ = 14.594666129793268 dB
	 $y_{5,11,40}$ = 14.88174429505986 dB
	 $y_{5,11,2}$ = 18.05960446129427 dB
	 $y_{5,11,12}$ = 39.358905511248174 dB
	 $y_{5,11,22}$ = 15.57818203084237 dB
	 $y_{5,11,23}$ = 14.678481058327819 dB
	 $y_{5,11,31}$ = 15.106649985212115 dB
	 $y_{5,11,33}$ = 13.01583835012714 dB
		SNR medio:  8.442337463040687
		Usuarios totais: 28
$x_{5,13}$
	 $y_{5,13,13}$ = 86.46845660107809 dB
	 $y_{5,13,43}$ = 22.277723597074115 dB
		SNR medio:  21.74923603963044
		Usuarios totais: 5
$x_{5,38}$
	 $y_{5,38,6}$ = 14.91921223816098 dB
	 $y_{5,38,7}$ = 12.275161478948831 dB
	 $y_{5,38,9}$ = 15.000624246203472 dB
	 $y_{5,38,19}$ = 12.92670282905246 dB
	 $y_{5,38,29}$ = 32.92674272243204 dB
	 $y_{5,38,17}$ = 18.592957917456047 dB
	 $y_{5,38,18}$ = 12.115392041921012 dB
	 $y_{5,38,27}$ = 25.606356150220634 dB
	 $y_{5,38,28}$ = 26.62594467993638 dB
	 $y_{5,38,25}$ = 11.911897047451987 dB
	 $y_{5,38,34}$ = 10.592999533839077 dB
	 $y_{5,38,45}$ = 13.514351823592818 dB
	 $y_{5,38,26}$ = 15.078297317331717 dB
	 $y_{5,38,36}$ = 17.389483627894236 dB
	 $y_{5,38,39}$ = 21.856074098633414 dB
	 $y_{5,38,46}$ = 19.965616054827933 dB
	 $y_{5,38,47}$ = 29.77418886131929 dB
	 $y_{5,38,48}$ = 30.97369565253804 dB
	 $y_{5,38,75}$ = 22.287061060773198 dB
		SNR medio:  9.10831898456334
		Usuarios totais: 40
$x_{5,42}$
	 $y_{5,42,50}$ = 12.890345859268137 dB
	 $y_{5,42,0}$ = 13.334536227324236 dB
	 $y_{5,42,32}$ = 26.94784904409741 dB
	 $y_{5,42,62}$ = 19.424698484855128 dB
	 $y_{5,42,71}$ = 11.523696951624999 dB
		SNR medio:  2.1030281641792476
		Usuarios totais: 40
$x_{5,57}$
	 $y_{5,57,69}$ = 12.17982813030605 dB
	 $y_{5,57,44}$ = 13.329126337111944 dB
	 $y_{5,57,54}$ = 15.017786223959149 dB
	 $y_{5,57,64}$ = 10.705143712842897 dB
	 $y_{5,57,65}$ = 15.028785725562187 dB
	 $y_{5,57,57}$ = 89.44557727030741 dB
	 $y_{5,57,67}$ = 31.026644462761325 dB
	 $y_{5,57,68}$ = 27.50094232658961 dB
	 $y_{5,57,77}$ = 14.900061510132218 dB
	 $y_{5,57,78}$ = 19.36208765245874 dB
	 $y_{5,57,79}$ = 14.501709904426065 dB
	 $y_{5,57,85}$ = 11.179424878379564 dB
	 $y_{5,57,87}$ = 12.92907604292796 dB
	 $y_{5,57,88}$ = 15.711025178592891 dB
	 $y_{5,57,58}$ = 31.32551607331358 dB
	 $y_{5,57,76}$ = 28.94070341618948 dB
	 $y_{5,57,56}$ = 32.34380797570927 dB
		SNR medio:  12.755717639405493
		Usuarios totais: 31
$x_{5,66}$
	 $y_{5,66,66}$ = 81.84626913064324 dB
		SNR medio:  81.84626913064324
		Usuarios totais: 1
$x_{5,72}$
	 $y_{5,72,60}$ = 17.744515487043287 dB
	 $y_{5,72,73}$ = 22.615379926536946 dB
	 $y_{5,72,80}$ = 16.57637646497959 dB
	 $y_{5,72,81}$ = 15.973954024518491 dB
	 $y_{5,72,82}$ = 31.800222848444037 dB
	 $y_{5,72,90}$ = 17.189949138074397 dB
	 $y_{5,72,92}$ = 15.848363670779648 dB
	 $y_{5,72,93}$ = 21.930169646444327 dB
	 $y_{5,72,52}$ = 15.058392638244456 dB
	 $y_{5,72,61}$ = 24.09379940402893 dB
	 $y_{5,72,63}$ = 27.187124005619225 dB
	 $y_{5,72,21}$ = 13.130903562237506 dB
	 $y_{5,72,24}$ = 11.12957051627059 dB
	 $y_{5,72,41}$ = 10.737336175689308 dB
	 $y_{5,72,51}$ = 13.428360758394632 dB
	 $y_{5,72,84}$ = 15.963702030870195 dB
	 $y_{5,72,42}$ = 15.571777492379894 dB
		SNR medio:  7.649497444763888
		Usuarios totais: 40
$x_{5,97}$
	 $y_{5,97,89}$ = 11.281333994797734 dB
	 $y_{5,97,99}$ = 18.051654171399306 dB
	 $y_{5,97,86}$ = 18.064644028990926 dB
	 $y_{5,97,98}$ = 25.62421624077946 dB
	 $y_{5,97,72}$ = 11.800934278144695 dB
	 $y_{5,97,95}$ = 19.972426388558716 dB
		SNR medio:  9.526837191151895
		Usuarios totais: 11
Distances:
11 : 13 = 800.0
11 : 38 = 2912.043955712207
11 : 42 = 1264.9110640673518
11 : 57 = 2884.4410203711914
11 : 66 = 2828.42712474619
11 : 72 = 2433.105012119288
11 : 97 = 4000.0
13 : 38 = 2154.0659228538016
13 : 42 = 1264.9110640673518
13 : 57 = 2262.741699796952
13 : 66 = 2332.38075793812
13 : 72 = 2433.105012119288
13 : 97 = 3577.7087639996635
38 : 42 = 2433.105012119288
38 : 57 = 894.4271909999159
38 : 66 = 1442.2205101855957
38 : 72 = 2884.4410203711914
38 : 97 = 2433.105012119288
42 : 57 = 2039.607805437114
42 : 66 = 1788.8543819998317
42 : 72 = 1200.0
42 : 97 = 2828.42712474619
57 : 66 = 565.685424949238
57 : 72 = 2154.0659228538016
57 : 97 = 1600.0
66 : 72 = 1649.2422502470642
66 : 97 = 1264.9110640673518
72 : 97 = 2154.0659228538016
t=6
Antennas: [11 13 38 42 57 66 72 97]
Users: [ 0  1  2  3  4  5  6  9 10 11 12 13 14 15 16 17 18 19 20 21 22 24 25 26
 27 28 29 30 31 33 34 36 37 38 39 41 42 43 44 45 47 48 49 50 51 52 53 54
 56 59 60 61 62 63 64 66 67 68 69 70 71 72 77 78 79 80 81 82 84 85 86 87
 88 90 91 92 93 94 95 96 97 98]
connections:  {6: 38, 9: 38, 15: 13, 19: 38, 29: 38, 49: 38, 50: 42, 60: 72, 69: 57, 80: 72, 81: 72, 82: 72, 90: 72, 91: 72, 92: 72, 93: 72, 94: 97, 0: 42, 1: 13, 3: 13, 4: 13, 5: 38, 10: 13, 11: 11, 14: 13, 17: 38, 18: 38, 20: 42, 27: 38, 28: 38, 30: 42, 38: 38, 52: 72, 59: 38, 61: 72, 62: 72, 63: 72, 70: 72, 71: 72, 84: 72, 86: 97, 96: 97, 98: 97, 2: 13, 12: 13, 13: 13, 16: 38, 21: 72, 22: 13, 24: 72, 25: 38, 26: 38, 31: 13, 33: 13, 34: 38, 36: 38, 39: 38, 41: 72, 44: 42, 45: 38, 47: 38, 48: 57, 51: 72, 64: 72, 66: 66, 67: 97, 68: 97, 78: 97, 79: 97, 87: 97, 88: 97, 95: 72, 37: 42, 42: 42, 43: 13, 53: 13, 54: 42, 72: 97, 85: 97, 97: 97, 56: 13, 77: 97}
$x_{6,11}$
	 $y_{6,11,11}$ = 86.73611655247493 dB
		SNR medio:  28.912038850824974
		Usuarios totais: 3
$x_{6,13}$
	 $y_{6,13,15}$ = 18.68133671684042 dB
	 $y_{6,13,1}$ = 12.034113332766879 dB
	 $y_{6,13,3}$ = 26.369995811011094 dB
	 $y_{6,13,4}$ = 22.585094773806873 dB
	 $y_{6,13,10}$ = 11.250926133893387 dB
	 $y_{6,13,14}$ = 32.419546452539805 dB
	 $y_{6,13,2}$ = 24.560976175474195 dB
	 $y_{6,13,12}$ = 38.43401323010314 dB
	 $y_{6,13,13}$ = 86.46845660107809 dB
	 $y_{6,13,22}$ = 29.471725056850218 dB
	 $y_{6,13,31}$ = 18.58158593054752 dB
	 $y_{6,13,33}$ = 14.538206670643149 dB
	 $y_{6,13,43}$ = 22.277723597074115 dB
	 $y_{6,13,53}$ = 12.760996651101038 dB
	 $y_{6,13,56}$ = 16.45340299194355 dB
		SNR medio:  13.340968969850811
		Usuarios totais: 29
$x_{6,38}$
	 $y_{6,38,6}$ = 14.91921223816098 dB
	 $y_{6,38,9}$ = 15.000624246203472 dB
	 $y_{6,38,19}$ = 12.92670282905246 dB
	 $y_{6,38,29}$ = 32.92674272243204 dB
	 $y_{6,38,49}$ = 28.57696276263688 dB
	 $y_{6,38,5}$ = 13.917284389611623 dB
	 $y_{6,38,17}$ = 18.592957917456047 dB
	 $y_{6,38,18}$ = 12.115392041921012 dB
	 $y_{6,38,27}$ = 25.606356150220634 dB
	 $y_{6,38,28}$ = 26.62594467993638 dB
	 $y_{6,38,38}$ = 86.85686932066758 dB
	 $y_{6,38,59}$ = 21.90150050067423 dB
	 $y_{6,38,16}$ = 15.642962501673964 dB
	 $y_{6,38,25}$ = 11.911897047451987 dB
	 $y_{6,38,26}$ = 15.078297317331717 dB
	 $y_{6,38,34}$ = 10.592999533839077 dB
	 $y_{6,38,36}$ = 17.389483627894236 dB
	 $y_{6,38,39}$ = 21.856074098633414 dB
	 $y_{6,38,45}$ = 13.514351823592818 dB
	 $y_{6,38,47}$ = 29.77418886131929 dB
		SNR medio:  11.143170115267745
		Usuarios totais: 40
$x_{6,42}$
	 $y_{6,42,50}$ = 12.890345859268137 dB
	 $y_{6,42,0}$ = 13.334536227324236 dB
	 $y_{6,42,20}$ = 12.643796976523248 dB
	 $y_{6,42,30}$ = 13.708436670176155 dB
	 $y_{6,42,44}$ = 16.037399806400558 dB
	 $y_{6,42,37}$ = 13.236691204318191 dB
	 $y_{6,42,42}$ = 74.51819179914199 dB
	 $y_{6,42,54}$ = 12.700443650299405 dB
		SNR medio:  8.453492109672595
		Usuarios totais: 20
$x_{6,57}$
	 $y_{6,57,69}$ = 12.17982813030605 dB
	 $y_{6,57,48}$ = 24.294004255675162 dB
		SNR medio:  9.118458096495303
		Usuarios totais: 4
$x_{6,66}$
	 $y_{6,66,66}$ = 81.84626913064324 dB
		SNR medio:  81.84626913064324
		Usuarios totais: 1
$x_{6,72}$
	 $y_{6,72,60}$ = 17.744515487043287 dB
	 $y_{6,72,80}$ = 16.57637646497959 dB
	 $y_{6,72,81}$ = 15.973954024518491 dB
	 $y_{6,72,82}$ = 31.800222848444037 dB
	 $y_{6,72,90}$ = 17.189949138074397 dB
	 $y_{6,72,91}$ = 21.828242347284174 dB
	 $y_{6,72,92}$ = 15.848363670779648 dB
	 $y_{6,72,93}$ = 21.930169646444327 dB
	 $y_{6,72,52}$ = 15.058392638244456 dB
	 $y_{6,72,61}$ = 24.09379940402893 dB
	 $y_{6,72,62}$ = 20.278899474406742 dB
	 $y_{6,72,63}$ = 27.187124005619225 dB
	 $y_{6,72,70}$ = 19.192521758983887 dB
	 $y_{6,72,71}$ = 21.72175914019695 dB
	 $y_{6,72,84}$ = 15.963702030870195 dB
	 $y_{6,72,21}$ = 13.130903562237506 dB
	 $y_{6,72,24}$ = 11.12957051627059 dB
	 $y_{6,72,41}$ = 10.737336175689308 dB
	 $y_{6,72,51}$ = 13.428360758394632 dB
	 $y_{6,72,64}$ = 11.679252874115633 dB
	 $y_{6,72,95}$ = 12.192518437999581 dB
		SNR medio:  9.367148360115639
		Usuarios totais: 40
$x_{6,97}$
	 $y_{6,97,94}$ = 11.529065571011444 dB
	 $y_{6,97,86}$ = 18.064644028990926 dB
	 $y_{6,97,96}$ = 34.93068492077461 dB
	 $y_{6,97,98}$ = 25.62421624077946 dB
	 $y_{6,97,67}$ = 13.541342003818897 dB
	 $y_{6,97,68}$ = 14.892814689611228 dB
	 $y_{6,97,78}$ = 23.240332583711307 dB
	 $y_{6,97,79}$ = 15.051750289504184 dB
	 $y_{6,97,87}$ = 24.579288112723148 dB
	 $y_{6,97,88}$ = 18.502059789203642 dB
	 $y_{6,97,72}$ = 11.800934278144695 dB
	 $y_{6,97,85}$ = 14.353715686929789 dB
	 $y_{6,97,97}$ = 84.21388423736013 dB
	 $y_{6,97,77}$ = 20.41086320779921 dB
		SNR medio:  11.024519854678754
		Usuarios totais: 30
Distances:
11 : 13 = 800.0
11 : 38 = 2912.043955712207
11 : 42 = 1264.9110640673518
11 : 57 = 2884.4410203711914
11 : 66 = 2828.42712474619
11 : 72 = 2433.105012119288
11 : 97 = 4000.0
13 : 38 = 2154.0659228538016
13 : 42 = 1264.9110640673518
13 : 57 = 2262.741699796952
13 : 66 = 2332.38075793812
13 : 72 = 2433.105012119288
13 : 97 = 3577.7087639996635
38 : 42 = 2433.105012119288
38 : 57 = 894.4271909999159
38 : 66 = 1442.2205101855957
38 : 72 = 2884.4410203711914
38 : 97 = 2433.105012119288
42 : 57 = 2039.607805437114
42 : 66 = 1788.8543819998317
42 : 72 = 1200.0
42 : 97 = 2828.42712474619
57 : 66 = 565.685424949238
57 : 72 = 2154.0659228538016
57 : 97 = 1600.0
66 : 72 = 1649.2422502470642
66 : 97 = 1264.9110640673518
72 : 97 = 2154.0659228538016
t=7
Antennas: [11 13 38 42 57 66 72 97]
Users: [ 0  1  2  3  4  6  7  9 11 12 14 15 16 17 18 19 20 21 22 23 24 25 27 28
 29 30 31 32 33 34 35 36 37 38 39 41 43 44 45 46 47 48 49 50 51 53 54 55
 56 57 58 59 60 61 62 63 65 67 68 69 70 71 73 74 75 76 77 80 81 83 84 85
 87 89 90 91 95 96 97 98 99]
connections:  {6: 38, 7: 38, 9: 38, 15: 13, 19: 38, 29: 38, 49: 38, 50: 42, 60: 72, 69: 57, 73: 72, 80: 72, 81: 72, 89: 97, 90: 72, 91: 72, 99: 97, 0: 42, 1: 13, 3: 13, 4: 13, 11: 11, 14: 13, 17: 38, 18: 38, 20: 42, 27: 38, 28: 38, 30: 42, 32: 13, 35: 38, 38: 38, 59: 38, 61: 72, 62: 72, 63: 72, 70: 72, 71: 72, 74: 72, 83: 72, 84: 72, 96: 97, 98: 97, 2: 13, 12: 13, 16: 38, 21: 72, 22: 13, 23: 13, 24: 72, 25: 38, 31: 13, 33: 13, 34: 38, 36: 38, 39: 38, 41: 72, 44: 42, 45: 38, 46: 38, 47: 38, 48: 38, 51: 72, 57: 57, 65: 72, 67: 97, 68: 97, 87: 97, 95: 72, 97: 97, 43: 72, 53: 72, 54: 42, 85: 97, 37: 38, 55: 38, 58: 38, 76: 97, 77: 97, 56: 38, 75: 97}
$x_{7,11}$
	 $y_{7,11,11}$ = 86.73611655247493 dB
		SNR medio:  86.73611655247493
		Usuarios totais: 1
$x_{7,13}$
	 $y_{7,13,15}$ = 18.68133671684042 dB
	 $y_{7,13,1}$ = 12.034113332766879 dB
	 $y_{7,13,3}$ = 26.369995811011094 dB
	 $y_{7,13,4}$ = 22.585094773806873 dB
	 $y_{7,13,14}$ = 32.419546452539805 dB
	 $y_{7,13,32}$ = 17.18169697211445 dB
	 $y_{7,13,2}$ = 24.560976175474195 dB
	 $y_{7,13,12}$ = 38.43401323010314 dB
	 $y_{7,13,22}$ = 29.471725056850218 dB
	 $y_{7,13,23}$ = 27.37526968680187 dB
	 $y_{7,13,31}$ = 18.58158593054752 dB
	 $y_{7,13,33}$ = 14.538206670643149 dB
		SNR medio:  14.111678040474981
		Usuarios totais: 20
$x_{7,38}$
	 $y_{7,38,6}$ = 14.91921223816098 dB
	 $y_{7,38,7}$ = 12.275161478948831 dB
	 $y_{7,38,9}$ = 15.000624246203472 dB
	 $y_{7,38,19}$ = 12.92670282905246 dB
	 $y_{7,38,29}$ = 32.92674272243204 dB
	 $y_{7,38,49}$ = 28.57696276263688 dB
	 $y_{7,38,17}$ = 18.592957917456047 dB
	 $y_{7,38,18}$ = 12.115392041921012 dB
	 $y_{7,38,27}$ = 25.606356150220634 dB
	 $y_{7,38,28}$ = 26.62594467993638 dB
	 $y_{7,38,35}$ = 18.856575721216373 dB
	 $y_{7,38,38}$ = 86.85686932066758 dB
	 $y_{7,38,59}$ = 21.90150050067423 dB
	 $y_{7,38,16}$ = 15.642962501673964 dB
	 $y_{7,38,25}$ = 11.911897047451987 dB
	 $y_{7,38,34}$ = 10.592999533839077 dB
	 $y_{7,38,36}$ = 17.389483627894236 dB
	 $y_{7,38,39}$ = 21.856074098633414 dB
	 $y_{7,38,45}$ = 13.514351823592818 dB
	 $y_{7,38,46}$ = 19.965616054827933 dB
	 $y_{7,38,47}$ = 29.77418886131929 dB
	 $y_{7,38,48}$ = 30.97369565253804 dB
	 $y_{7,38,37}$ = 26.381199474775627 dB
	 $y_{7,38,55}$ = 10.257150359069357 dB
	 $y_{7,38,58}$ = 17.56331586358816 dB
	 $y_{7,38,56}$ = 13.643542154593717 dB
		SNR medio:  14.166186991583112
		Usuarios totais: 40
$x_{7,42}$
	 $y_{7,42,50}$ = 12.890345859268137 dB
	 $y_{7,42,0}$ = 13.334536227324236 dB
	 $y_{7,42,20}$ = 12.643796976523248 dB
	 $y_{7,42,30}$ = 13.708436670176155 dB
	 $y_{7,42,44}$ = 16.037399806400558 dB
	 $y_{7,42,54}$ = 12.700443650299405 dB
		SNR medio:  9.034995465554637
		Usuarios totais: 9
$x_{7,57}$
	 $y_{7,57,69}$ = 12.17982813030605 dB
	 $y_{7,57,57}$ = 89.44557727030741 dB
		SNR medio:  33.87513513353782
		Usuarios totais: 3
$x_{7,66}$
		Usuarios totais: 0
$x_{7,72}$
	 $y_{7,72,60}$ = 17.744515487043287 dB
	 $y_{7,72,73}$ = 22.615379926536946 dB
	 $y_{7,72,80}$ = 16.57637646497959 dB
	 $y_{7,72,81}$ = 15.973954024518491 dB
	 $y_{7,72,90}$ = 17.189949138074397 dB
	 $y_{7,72,91}$ = 21.828242347284174 dB
	 $y_{7,72,61}$ = 24.09379940402893 dB
	 $y_{7,72,62}$ = 20.278899474406742 dB
	 $y_{7,72,63}$ = 27.187124005619225 dB
	 $y_{7,72,70}$ = 19.192521758983887 dB
	 $y_{7,72,71}$ = 21.72175914019695 dB
	 $y_{7,72,74}$ = 13.705573359649406 dB
	 $y_{7,72,83}$ = 29.395630215388934 dB
	 $y_{7,72,84}$ = 15.963702030870195 dB
	 $y_{7,72,21}$ = 13.130903562237506 dB
	 $y_{7,72,24}$ = 11.12957051627059 dB
	 $y_{7,72,41}$ = 10.737336175689308 dB
	 $y_{7,72,51}$ = 13.428360758394632 dB
	 $y_{7,72,65}$ = 11.099804482045414 dB
	 $y_{7,72,95}$ = 12.192518437999581 dB
	 $y_{7,72,43}$ = 10.998424618007533 dB
	 $y_{7,72,53}$ = 22.239107933643083 dB
		SNR medio:  9.71058633154672
		Usuarios totais: 40
$x_{7,97}$
	 $y_{7,97,89}$ = 11.281333994797734 dB
	 $y_{7,97,99}$ = 18.051654171399306 dB
	 $y_{7,97,96}$ = 34.93068492077461 dB
	 $y_{7,97,98}$ = 25.62421624077946 dB
	 $y_{7,97,67}$ = 13.541342003818897 dB
	 $y_{7,97,68}$ = 14.892814689611228 dB
	 $y_{7,97,87}$ = 24.579288112723148 dB
	 $y_{7,97,97}$ = 84.21388423736013 dB
	 $y_{7,97,85}$ = 14.353715686929789 dB
	 $y_{7,97,76}$ = 11.49338656352657 dB
	 $y_{7,97,77}$ = 20.41086320779921 dB
	 $y_{7,97,75}$ = 15.249393739801121 dB
		SNR medio:  10.689725095160044
		Usuarios totais: 27
Distances:
11 : 13 = 800.0
11 : 38 = 2912.043955712207
11 : 42 = 1264.9110640673518
11 : 57 = 2884.4410203711914
11 : 66 = 2828.42712474619
11 : 72 = 2433.105012119288
11 : 97 = 4000.0
13 : 38 = 2154.0659228538016
13 : 42 = 1264.9110640673518
13 : 57 = 2262.741699796952
13 : 66 = 2332.38075793812
13 : 72 = 2433.105012119288
13 : 97 = 3577.7087639996635
38 : 42 = 2433.105012119288
38 : 57 = 894.4271909999159
38 : 66 = 1442.2205101855957
38 : 72 = 2884.4410203711914
38 : 97 = 2433.105012119288
42 : 57 = 2039.607805437114
42 : 66 = 1788.8543819998317
42 : 72 = 1200.0
42 : 97 = 2828.42712474619
57 : 66 = 565.685424949238
57 : 72 = 2154.0659228538016
57 : 97 = 1600.0
66 : 72 = 1649.2422502470642
66 : 97 = 1264.9110640673518
72 : 97 = 2154.0659228538016
t=8
Antennas: [11 13 38 42 57 66 72 97]
Users: [ 0  1  2  3  4  5  7  8  9 11 12 13 15 16 17 19 20 21 22 23 24 25 26 27
 28 29 30 31 32 35 36 37 39 40 41 43 44 45 46 47 48 49 52 53 55 56 57 59
 61 62 66 67 69 70 71 72 73 74 76 77 78 80 81 83 85 86 88 90 91 92 93 98
 99]
connections:  {7: 38, 8: 38, 9: 38, 15: 13, 19: 38, 29: 38, 49: 38, 69: 57, 73: 72, 80: 72, 81: 72, 90: 72, 91: 72, 92: 72, 93: 72, 99: 97, 0: 11, 1: 11, 3: 11, 4: 11, 5: 38, 11: 11, 17: 38, 20: 11, 27: 38, 28: 38, 30: 11, 32: 13, 35: 38, 40: 11, 52: 72, 59: 38, 61: 72, 62: 72, 70: 72, 71: 72, 74: 72, 83: 72, 86: 97, 98: 97, 2: 11, 12: 11, 13: 13, 16: 38, 21: 72, 22: 11, 23: 11, 24: 72, 25: 38, 26: 38, 31: 11, 36: 38, 39: 38, 41: 72, 44: 57, 45: 38, 46: 38, 47: 38, 48: 38, 57: 57, 66: 66, 67: 57, 78: 57, 88: 57, 43: 72, 53: 72, 55: 38, 72: 72, 76: 38, 77: 57, 85: 72, 37: 38, 56: 38}
$x_{8,11}$
	 $y_{8,11,0}$ = 21.268230587304615 dB
	 $y_{8,11,1}$ = 35.034645062531496 dB
	 $y_{8,11,3}$ = 14.17187825459547 dB
	 $y_{8,11,4}$ = 15.62182807977041 dB
	 $y_{8,11,11}$ = 86.73611655247493 dB
	 $y_{8,11,20}$ = 37.708366176060835 dB
	 $y_{8,11,30}$ = 14.594666129793268 dB
	 $y_{8,11,40}$ = 14.88174429505986 dB
	 $y_{8,11,2}$ = 18.05960446129427 dB
	 $y_{8,11,12}$ = 39.358905511248174 dB
	 $y_{8,11,22}$ = 15.57818203084237 dB
	 $y_{8,11,23}$ = 14.678481058327819 dB
	 $y_{8,11,31}$ = 15.106649985212115 dB
		SNR medio:  17.139964909225778
		Usuarios totais: 20
$x_{8,13}$
	 $y_{8,13,15}$ = 18.68133671684042 dB
	 $y_{8,13,32}$ = 17.18169697211445 dB
	 $y_{8,13,13}$ = 86.46845660107809 dB
		SNR medio:  24.466298058006593
		Usuarios totais: 5
$x_{8,38}$
	 $y_{8,38,7}$ = 12.275161478948831 dB
	 $y_{8,38,8}$ = 16.80788966331123 dB
	 $y_{8,38,9}$ = 15.000624246203472 dB
	 $y_{8,38,19}$ = 12.92670282905246 dB
	 $y_{8,38,29}$ = 32.92674272243204 dB
	 $y_{8,38,49}$ = 28.57696276263688 dB
	 $y_{8,38,5}$ = 13.917284389611623 dB
	 $y_{8,38,17}$ = 18.592957917456047 dB
	 $y_{8,38,27}$ = 25.606356150220634 dB
	 $y_{8,38,28}$ = 26.62594467993638 dB
	 $y_{8,38,35}$ = 18.856575721216373 dB
	 $y_{8,38,59}$ = 21.90150050067423 dB
	 $y_{8,38,16}$ = 15.642962501673964 dB
	 $y_{8,38,25}$ = 11.911897047451987 dB
	 $y_{8,38,26}$ = 15.078297317331717 dB
	 $y_{8,38,36}$ = 17.389483627894236 dB
	 $y_{8,38,39}$ = 21.856074098633414 dB
	 $y_{8,38,45}$ = 13.514351823592818 dB
	 $y_{8,38,46}$ = 19.965616054827933 dB
	 $y_{8,38,47}$ = 29.77418886131929 dB
	 $y_{8,38,48}$ = 30.97369565253804 dB
	 $y_{8,38,55}$ = 10.257150359069357 dB
	 $y_{8,38,76}$ = 13.012969804898546 dB
	 $y_{8,38,37}$ = 26.381199474775627 dB
	 $y_{8,38,56}$ = 13.643542154593717 dB
		SNR medio:  12.721477153692124
		Usuarios totais: 38
$x_{8,42}$
		Usuarios totais: 0
$x_{8,57}$
	 $y_{8,57,69}$ = 12.17982813030605 dB
	 $y_{8,57,44}$ = 13.329126337111944 dB
	 $y_{8,57,57}$ = 89.44557727030741 dB
	 $y_{8,57,67}$ = 31.026644462761325 dB
	 $y_{8,57,78}$ = 19.36208765245874 dB
	 $y_{8,57,88}$ = 15.711025178592891 dB
	 $y_{8,57,77}$ = 14.900061510132218 dB
		SNR medio:  17.8140318674246
		Usuarios totais: 11
$x_{8,66}$
	 $y_{8,66,66}$ = 81.84626913064324 dB
		SNR medio:  81.84626913064324
		Usuarios totais: 1
$x_{8,72}$
	 $y_{8,72,73}$ = 22.615379926536946 dB
	 $y_{8,72,80}$ = 16.57637646497959 dB
	 $y_{8,72,81}$ = 15.973954024518491 dB
	 $y_{8,72,90}$ = 17.189949138074397 dB
	 $y_{8,72,91}$ = 21.828242347284174 dB
	 $y_{8,72,92}$ = 15.848363670779648 dB
	 $y_{8,72,93}$ = 21.930169646444327 dB
	 $y_{8,72,52}$ = 15.058392638244456 dB
	 $y_{8,72,61}$ = 24.09379940402893 dB
	 $y_{8,72,62}$ = 20.278899474406742 dB
	 $y_{8,72,70}$ = 19.192521758983887 dB
	 $y_{8,72,71}$ = 21.72175914019695 dB
	 $y_{8,72,74}$ = 13.705573359649406 dB
	 $y_{8,72,83}$ = 29.395630215388934 dB
	 $y_{8,72,21}$ = 13.130903562237506 dB
	 $y_{8,72,24}$ = 11.12957051627059 dB
	 $y_{8,72,41}$ = 10.737336175689308 dB
	 $y_{8,72,43}$ = 10.998424618007533 dB
	 $y_{8,72,53}$ = 22.239107933643083 dB
	 $y_{8,72,72}$ = 86.70834797021755 dB
	 $y_{8,72,85}$ = 16.91363640492571 dB
		SNR medio:  13.553525405772971
		Usuarios totais: 33
$x_{8,97}$
	 $y_{8,97,99}$ = 18.051654171399306 dB
	 $y_{8,97,86}$ = 18.064644028990926 dB
	 $y_{8,97,98}$ = 25.62421624077946 dB
		SNR medio:  15.435128610292423
		Usuarios totais: 4
Distances:
11 : 13 = 800.0
11 : 38 = 2912.043955712207
11 : 42 = 1264.9110640673518
11 : 57 = 2884.4410203711914
11 : 66 = 2828.42712474619
11 : 72 = 2433.105012119288
11 : 97 = 4000.0
13 : 38 = 2154.0659228538016
13 : 42 = 1264.9110640673518
13 : 57 = 2262.741699796952
13 : 66 = 2332.38075793812
13 : 72 = 2433.105012119288
13 : 97 = 3577.7087639996635
38 : 42 = 2433.105012119288
38 : 57 = 894.4271909999159
38 : 66 = 1442.2205101855957
38 : 72 = 2884.4410203711914
38 : 97 = 2433.105012119288
42 : 57 = 2039.607805437114
42 : 66 = 1788.8543819998317
42 : 72 = 1200.0
42 : 97 = 2828.42712474619
57 : 66 = 565.685424949238
57 : 72 = 2154.0659228538016
57 : 97 = 1600.0
66 : 72 = 1649.2422502470642
66 : 97 = 1264.9110640673518
72 : 97 = 2154.0659228538016
t=9
Antennas: [11 13 38 42 57 66 72 97]
Users: [ 0  1  4 12 13 16 17 18 19 21 22 24 26 29 31 33 35 38 39 40 41 42 43 45
 46 51 52 53 55 56 58 62 64 67 70 72 74 77 82 83 85 86 87 88 90 91 93 95
 96 98 99]
connections:  {19: 38, 29: 38, 82: 72, 90: 72, 91: 72, 93: 72, 99: 97, 0: 11, 1: 11, 4: 11, 17: 38, 18: 38, 35: 38, 38: 38, 40: 11, 52: 72, 62: 72, 70: 72, 74: 72, 83: 72, 86: 97, 96: 97, 98: 97, 12: 11, 13: 13, 16: 38, 21: 72, 22: 11, 24: 72, 26: 38, 31: 11, 33: 11, 39: 38, 41: 11, 45: 38, 46: 38, 51: 11, 64: 72, 67: 97, 87: 97, 88: 97, 95: 72, 42: 42, 43: 72, 53: 72, 55: 38, 58: 38, 72: 72, 77: 97, 85: 72, 56: 38}
$x_{9,11}$
	 $y_{9,11,0}$ = 21.268230587304615 dB
	 $y_{9,11,1}$ = 35.034645062531496 dB
	 $y_{9,11,4}$ = 15.62182807977041 dB
	 $y_{9,11,40}$ = 14.88174429505986 dB
	 $y_{9,11,12}$ = 39.358905511248174 dB
	 $y_{9,11,22}$ = 15.57818203084237 dB
	 $y_{9,11,31}$ = 15.106649985212115 dB
	 $y_{9,11,33}$ = 13.01583835012714 dB
	 $y_{9,11,41}$ = 11.373589438459447 dB
	 $y_{9,11,51}$ = 12.612577095842141 dB
		SNR medio:  10.202746865073566
		Usuarios totais: 19
$x_{9,13}$
	 $y_{9,13,13}$ = 86.46845660107809 dB
		SNR medio:  86.46845660107809
		Usuarios totais: 1
$x_{9,38}$
	 $y_{9,38,19}$ = 12.92670282905246 dB
	 $y_{9,38,29}$ = 32.92674272243204 dB
	 $y_{9,38,17}$ = 18.592957917456047 dB
	 $y_{9,38,18}$ = 12.115392041921012 dB
	 $y_{9,38,35}$ = 18.856575721216373 dB
	 $y_{9,38,38}$ = 86.85686932066758 dB
	 $y_{9,38,16}$ = 15.642962501673964 dB
	 $y_{9,38,26}$ = 15.078297317331717 dB
	 $y_{9,38,39}$ = 21.856074098633414 dB
	 $y_{9,38,45}$ = 13.514351823592818 dB
	 $y_{9,38,46}$ = 19.965616054827933 dB
	 $y_{9,38,55}$ = 10.257150359069357 dB
	 $y_{9,38,58}$ = 17.56331586358816 dB
	 $y_{9,38,56}$ = 13.643542154593717 dB
		SNR medio:  12.908189613585693
		Usuarios totais: 24
$x_{9,42}$
	 $y_{9,42,42}$ = 74.51819179914199 dB
		SNR medio:  37.259095899570994
		Usuarios totais: 2
$x_{9,57}$
		Usuarios totais: 0
$x_{9,66}$
		Usuarios totais: 0
$x_{9,72}$
	 $y_{9,72,82}$ = 31.800222848444037 dB
	 $y_{9,72,90}$ = 17.189949138074397 dB
	 $y_{9,72,91}$ = 21.828242347284174 dB
	 $y_{9,72,93}$ = 21.930169646444327 dB
	 $y_{9,72,52}$ = 15.058392638244456 dB
	 $y_{9,72,62}$ = 20.278899474406742 dB
	 $y_{9,72,70}$ = 19.192521758983887 dB
	 $y_{9,72,74}$ = 13.705573359649406 dB
	 $y_{9,72,83}$ = 29.395630215388934 dB
	 $y_{9,72,21}$ = 13.130903562237506 dB
	 $y_{9,72,24}$ = 11.12957051627059 dB
	 $y_{9,72,64}$ = 11.679252874115633 dB
	 $y_{9,72,95}$ = 12.192518437999581 dB
	 $y_{9,72,43}$ = 10.998424618007533 dB
	 $y_{9,72,53}$ = 22.239107933643083 dB
	 $y_{9,72,72}$ = 86.70834797021755 dB
	 $y_{9,72,85}$ = 16.91363640492571 dB
		SNR medio:  13.902643101642129
		Usuarios totais: 27
$x_{9,97}$
	 $y_{9,97,99}$ = 18.051654171399306 dB
	 $y_{9,97,86}$ = 18.064644028990926 dB
	 $y_{9,97,96}$ = 34.93068492077461 dB
	 $y_{9,97,98}$ = 25.62421624077946 dB
	 $y_{9,97,67}$ = 13.541342003818897 dB
	 $y_{9,97,87}$ = 24.579288112723148 dB
	 $y_{9,97,88}$ = 18.502059789203642 dB
	 $y_{9,97,77}$ = 20.41086320779921 dB
		SNR medio:  13.361904036576094
		Usuarios totais: 13
Distances:
11 : 13 = 800.0
11 : 38 = 2912.043955712207
11 : 42 = 1264.9110640673518
11 : 57 = 2884.4410203711914
11 : 66 = 2828.42712474619
11 : 72 = 2433.105012119288
11 : 97 = 4000.0
13 : 38 = 2154.0659228538016
13 : 42 = 1264.9110640673518
13 : 57 = 2262.741699796952
13 : 66 = 2332.38075793812
13 : 72 = 2433.105012119288
13 : 97 = 3577.7087639996635
38 : 42 = 2433.105012119288
38 : 57 = 894.4271909999159
38 : 66 = 1442.2205101855957
38 : 72 = 2884.4410203711914
38 : 97 = 2433.105012119288
42 : 57 = 2039.607805437114
42 : 66 = 1788.8543819998317
42 : 72 = 1200.0
42 : 97 = 2828.42712474619
57 : 66 = 565.685424949238
57 : 72 = 2154.0659228538016
57 : 97 = 1600.0
66 : 72 = 1649.2422502470642
66 : 97 = 1264.9110640673518
72 : 97 = 2154.0659228538016
t=10
Antennas: [11 13 38 42 57 66 72 97]
Users: [ 0  1  3  5  6  9 12 16 18 21 22 26 27 28 29 30 31 34 36 37 40 42 45 48
 49 50 51 53 54 56 58 59 62 66 68 70 71 73 76 77 90 91 92 93 94 97 99]
connections:  {6: 38, 9: 38, 29: 38, 49: 38, 50: 42, 73: 72, 90: 72, 91: 72, 92: 72, 93: 72, 94: 97, 99: 97, 0: 42, 1: 11, 3: 11, 5: 38, 18: 38, 27: 38, 28: 38, 30: 11, 40: 11, 59: 38, 62: 72, 70: 72, 71: 72, 12: 11, 16: 38, 21: 72, 22: 11, 26: 38, 31: 11, 34: 38, 36: 38, 45: 38, 48: 38, 51: 72, 66: 66, 68: 97, 97: 97, 42: 42, 53: 72, 54: 72, 58: 38, 76: 38, 77: 97, 37: 38, 56: 38}
$x_{10,11}$
	 $y_{10,11,1}$ = 35.034645062531496 dB
	 $y_{10,11,3}$ = 14.17187825459547 dB
	 $y_{10,11,30}$ = 14.594666129793268 dB
	 $y_{10,11,40}$ = 14.88174429505986 dB
	 $y_{10,11,12}$ = 39.358905511248174 dB
	 $y_{10,11,22}$ = 15.57818203084237 dB
	 $y_{10,11,31}$ = 15.106649985212115 dB
		SNR medio:  18.590833908660343
		Usuarios totais: 8
$x_{10,13}$
		Usuarios totais: 0
$x_{10,38}$
	 $y_{10,38,6}$ = 14.91921223816098 dB
	 $y_{10,38,9}$ = 15.000624246203472 dB
	 $y_{10,38,29}$ = 32.92674272243204 dB
	 $y_{10,38,49}$ = 28.57696276263688 dB
	 $y_{10,38,5}$ = 13.917284389611623 dB
	 $y_{10,38,18}$ = 12.115392041921012 dB
	 $y_{10,38,27}$ = 25.606356150220634 dB
	 $y_{10,38,28}$ = 26.62594467993638 dB
	 $y_{10,38,59}$ = 21.90150050067423 dB
	 $y_{10,38,16}$ = 15.642962501673964 dB
	 $y_{10,38,26}$ = 15.078297317331717 dB
	 $y_{10,38,34}$ = 10.592999533839077 dB
	 $y_{10,38,36}$ = 17.389483627894236 dB
	 $y_{10,38,45}$ = 13.514351823592818 dB
	 $y_{10,38,48}$ = 30.97369565253804 dB
	 $y_{10,38,58}$ = 17.56331586358816 dB
	 $y_{10,38,76}$ = 13.012969804898546 dB
	 $y_{10,38,37}$ = 26.381199474775627 dB
	 $y_{10,38,56}$ = 13.643542154593717 dB
		SNR medio:  15.224284895271795
		Usuarios totais: 24
$x_{10,42}$
	 $y_{10,42,50}$ = 12.890345859268137 dB
	 $y_{10,42,0}$ = 13.334536227324236 dB
	 $y_{10,42,42}$ = 74.51819179914199 dB
		SNR medio:  25.18576847143359
		Usuarios totais: 4
$x_{10,57}$
		Usuarios totais: 0
$x_{10,66}$
	 $y_{10,66,66}$ = 81.84626913064324 dB
		SNR medio:  81.84626913064324
		Usuarios totais: 1
$x_{10,72}$
	 $y_{10,72,73}$ = 22.615379926536946 dB
	 $y_{10,72,90}$ = 17.189949138074397 dB
	 $y_{10,72,91}$ = 21.828242347284174 dB
	 $y_{10,72,92}$ = 15.848363670779648 dB
	 $y_{10,72,93}$ = 21.930169646444327 dB
	 $y_{10,72,62}$ = 20.278899474406742 dB
	 $y_{10,72,70}$ = 19.192521758983887 dB
	 $y_{10,72,71}$ = 21.72175914019695 dB
	 $y_{10,72,21}$ = 13.130903562237506 dB
	 $y_{10,72,51}$ = 13.428360758394632 dB
	 $y_{10,72,53}$ = 22.239107933643083 dB
	 $y_{10,72,54}$ = 11.066036489021286 dB
		SNR medio:  12.968805520353152
		Usuarios totais: 17
$x_{10,97}$
	 $y_{10,97,94}$ = 11.529065571011444 dB
	 $y_{10,97,99}$ = 18.051654171399306 dB
	 $y_{10,97,68}$ = 14.892814689611228 dB
	 $y_{10,97,97}$ = 84.21388423736013 dB
	 $y_{10,97,77}$ = 20.41086320779921 dB
		SNR medio:  18.637285234647663
		Usuarios totais: 8
Distances:
11 : 13 = 800.0
11 : 38 = 2912.043955712207
11 : 42 = 1264.9110640673518
11 : 57 = 2884.4410203711914
11 : 66 = 2828.42712474619
11 : 72 = 2433.105012119288
11 : 97 = 4000.0
13 : 38 = 2154.0659228538016
13 : 42 = 1264.9110640673518
13 : 57 = 2262.741699796952
13 : 66 = 2332.38075793812
13 : 72 = 2433.105012119288
13 : 97 = 3577.7087639996635
38 : 42 = 2433.105012119288
38 : 57 = 894.4271909999159
38 : 66 = 1442.2205101855957
38 : 72 = 2884.4410203711914
38 : 97 = 2433.105012119288
42 : 57 = 2039.607805437114
42 : 66 = 1788.8543819998317
42 : 72 = 1200.0
42 : 97 = 2828.42712474619
57 : 66 = 565.685424949238
57 : 72 = 2154.0659228538016
57 : 97 = 1600.0
66 : 72 = 1649.2422502470642
66 : 97 = 1264.9110640673518
72 : 97 = 2154.0659228538016
t=11
Antennas: [11 13 38 42 57 66 72 97]
Users: [ 0  4  6  7  8 16 19 20 25 31 32 44 45 47 48 52 57 61 63 64 67 68 69 72
 81 82 83 84 86 88 89 90 92 94 96]
connections:  {6: 38, 7: 38, 8: 38, 19: 38, 69: 57, 81: 72, 82: 72, 89: 97, 90: 72, 92: 72, 94: 97, 0: 11, 4: 11, 20: 11, 32: 13, 52: 72, 61: 72, 63: 72, 83: 72, 84: 72, 86: 97, 96: 97, 16: 38, 25: 38, 31: 11, 44: 57, 45: 38, 47: 38, 48: 38, 57: 57, 64: 72, 67: 97, 68: 97, 88: 97, 72: 72}
$x_{11,11}$
	 $y_{11,11,0}$ = 21.268230587304615 dB
	 $y_{11,11,4}$ = 15.62182807977041 dB
	 $y_{11,11,20}$ = 37.708366176060835 dB
	 $y_{11,11,31}$ = 15.106649985212115 dB
		SNR medio:  22.426268707086994
		Usuarios totais: 4
$x_{11,13}$
	 $y_{11,13,32}$ = 17.18169697211445 dB
		SNR medio:  17.18169697211445
		Usuarios totais: 1
$x_{11,38}$
	 $y_{11,38,6}$ = 14.91921223816098 dB
	 $y_{11,38,7}$ = 12.275161478948831 dB
	 $y_{11,38,8}$ = 16.80788966331123 dB
	 $y_{11,38,19}$ = 12.92670282905246 dB
	 $y_{11,38,16}$ = 15.642962501673964 dB
	 $y_{11,38,25}$ = 11.911897047451987 dB
	 $y_{11,38,45}$ = 13.514351823592818 dB
	 $y_{11,38,47}$ = 29.77418886131929 dB
	 $y_{11,38,48}$ = 30.97369565253804 dB
		SNR medio:  15.87460620960496
		Usuarios totais: 10
$x_{11,42}$
		Usuarios totais: 0
$x_{11,57}$
	 $y_{11,57,69}$ = 12.17982813030605 dB
	 $y_{11,57,44}$ = 13.329126337111944 dB
	 $y_{11,57,57}$ = 89.44557727030741 dB
		SNR medio:  38.318177245908466
		Usuarios totais: 3
$x_{11,66}$
		Usuarios totais: 0
$x_{11,72}$
	 $y_{11,72,81}$ = 15.973954024518491 dB
	 $y_{11,72,82}$ = 31.800222848444037 dB
	 $y_{11,72,90}$ = 17.189949138074397 dB
	 $y_{11,72,92}$ = 15.848363670779648 dB
	 $y_{11,72,52}$ = 15.058392638244456 dB
	 $y_{11,72,61}$ = 24.09379940402893 dB
	 $y_{11,72,63}$ = 27.187124005619225 dB
	 $y_{11,72,83}$ = 29.395630215388934 dB
	 $y_{11,72,84}$ = 15.963702030870195 dB
	 $y_{11,72,64}$ = 11.679252874115633 dB
	 $y_{11,72,72}$ = 86.70834797021755 dB
		SNR medio:  22.37682606310011
		Usuarios totais: 13
$x_{11,97}$
	 $y_{11,97,89}$ = 11.281333994797734 dB
	 $y_{11,97,94}$ = 11.529065571011444 dB
	 $y_{11,97,86}$ = 18.064644028990926 dB
	 $y_{11,97,96}$ = 34.93068492077461 dB
	 $y_{11,97,67}$ = 13.541342003818897 dB
	 $y_{11,97,68}$ = 14.892814689611228 dB
	 $y_{11,97,88}$ = 18.502059789203642 dB
		SNR medio:  15.34274312477606
		Usuarios totais: 8
Distances:
11 : 13 = 800.0
11 : 38 = 2912.043955712207
11 : 42 = 1264.9110640673518
11 : 57 = 2884.4410203711914
11 : 66 = 2828.42712474619
11 : 72 = 2433.105012119288
11 : 97 = 4000.0
13 : 38 = 2154.0659228538016
13 : 42 = 1264.9110640673518
13 : 57 = 2262.741699796952
13 : 66 = 2332.38075793812
13 : 72 = 2433.105012119288
13 : 97 = 3577.7087639996635
38 : 42 = 2433.105012119288
38 : 57 = 894.4271909999159
38 : 66 = 1442.2205101855957
38 : 72 = 2884.4410203711914
38 : 97 = 2433.105012119288
42 : 57 = 2039.607805437114
42 : 66 = 1788.8543819998317
42 : 72 = 1200.0
42 : 97 = 2828.42712474619
57 : 66 = 565.685424949238
57 : 72 = 2154.0659228538016
57 : 97 = 1600.0
66 : 72 = 1649.2422502470642
66 : 97 = 1264.9110640673518
72 : 97 = 2154.0659228538016
--- Done after 0.022491054667366877 hours. ---
