-------------Generating sinr map
-------------Generating ues map
-------------Calculating Solution (this may take a while)
+++++++++++++++++++Min Sinr: 10 dB (fixed)
+++++++++++++++++++With backhaul constraint. Start: 2022-04-06 01:28:59


Mťdia de carros: 10.9
t=0
$x_{0,1}$
	 $y_{0,1,12}$ = 13.053115997189593 dB
	 $y_{0,1,22}$ = 13.679582738247248 dB
		SNR medio: 13.377635511228842
		Usuarios totais: 37
$x_{0,15}$
	 $y_{0,15,13}$ = 17.544055615332596 dB
	 $y_{0,15,14}$ = 15.509151350598131 dB
	 $y_{0,15,24}$ = 11.647678167351131 dB
		SNR medio: 15.521716963352048
		Usuarios totais: 13
$x_{0,43}$
	 $y_{0,43,23}$ = 12.619027160277966 dB
	 $y_{0,43,33}$ = 24.264579919664143 dB
		SNR medio: 21.54186766051233
		Usuarios totais: 10
Distances:
1 : 15 = 1649.2422502470642
1 : 43 = 1788.8543819998317
15 : 43 = 1442.2205101855957
t=1
$x_{1,1}$
	 $y_{1,1,1}$ = 75.77612674871875 dB
	 $y_{1,1,2}$ = 11.114646856753197 dB
	 $y_{1,1,10}$ = 14.736777921420341 dB
	 $y_{1,1,12}$ = 13.053115997189593 dB
		SNR medio: 69.75553405870856
		Usuarios totais: 5
$x_{1,8}$
	 $y_{1,8,7}$ = 18.882800814432258 dB
	 $y_{1,8,17}$ = 10.22368125238745 dB
	 $y_{1,8,19}$ = 20.287538825518084 dB
		SNR medio: 18.12225437653649
		Usuarios totais: 4
$x_{1,15}$
	 $y_{1,15,4}$ = 14.071500292149551 dB
	 $y_{1,15,5}$ = 19.57916878578672 dB
	 $y_{1,15,6}$ = 12.818889447376392 dB
	 $y_{1,15,14}$ = 15.509151350598131 dB
	 $y_{1,15,15}$ = 81.30916061600689 dB
	 $y_{1,15,24}$ = 11.647678167351131 dB
	 $y_{1,15,26}$ = 16.171743495746284 dB
	 $y_{1,15,34}$ = 11.14470171734375 dB
		SNR medio: 72.27826845783363
		Usuarios totais: 10
$x_{1,38}$
	 $y_{1,38,49}$ = 17.51404169372921 dB
	 $y_{1,38,58}$ = 17.34882469151738 dB
		SNR medio: 17.432218806218476
		Usuarios totais: 4
$x_{1,41}$
	 $y_{1,41,30}$ = 12.035059899205535 dB
	 $y_{1,41,41}$ = 77.53364700237844 dB
	 $y_{1,41,51}$ = 19.812764981077464 dB
		SNR medio: 72.76244301958063
		Usuarios totais: 3
$x_{1,43}$
	 $y_{1,43,42}$ = 21.659757569995904 dB
	 $y_{1,43,54}$ = 17.404803242033097 dB
		SNR medio: 20.033775923400825
		Usuarios totais: 2
$x_{1,46}$
	 $y_{1,46,35}$ = 14.049732239987947 dB
	 $y_{1,46,36}$ = 11.80163505501524 dB
	 $y_{1,46,37}$ = 12.295995644297818 dB
	 $y_{1,46,44}$ = 11.389360863098716 dB
	 $y_{1,46,47}$ = 20.22439620872926 dB
	 $y_{1,46,55}$ = 11.092265046744828 dB
	 $y_{1,46,57}$ = 17.20925777387471 dB
	 $y_{1,46,67}$ = 11.264736624326602 dB
		SNR medio: 15.041681498466193
		Usuarios totais: 11
$x_{1,71}$
	 $y_{1,71,52}$ = 13.526701697999442 dB
	 $y_{1,71,60}$ = 20.34522532293532 dB
	 $y_{1,71,61}$ = 20.418415206204045 dB
	 $y_{1,71,63}$ = 12.694315628674445 dB
	 $y_{1,71,70}$ = 23.446849769031758 dB
	 $y_{1,71,83}$ = 11.260351808518465 dB
		SNR medio: 19.15597817550424
		Usuarios totais: 8
$x_{1,79}$
	 $y_{1,79,59}$ = 10.608835082137844 dB
	 $y_{1,79,89}$ = 21.942010937026865 dB
		SNR medio: 19.240002081529983
		Usuarios totais: 3
$x_{1,84}$
	 $y_{1,84,64}$ = 12.93127890595764 dB
	 $y_{1,84,74}$ = 25.496338121497203 dB
	 $y_{1,84,75}$ = 12.014141358782666 dB
	 $y_{1,84,92}$ = 11.03061524223574 dB
	 $y_{1,84,94}$ = 11.021701263700365 dB
	 $y_{1,84,95}$ = 15.185403021570579 dB
		SNR medio: 18.735017516265497
		Usuarios totais: 8
$x_{1,86}$
	 $y_{1,86,76}$ = 20.028013117660308 dB
	 $y_{1,86,86}$ = 69.68561926992228 dB
		SNR medio: 66.67536630500302
		Usuarios totais: 2
Distances:
1 : 8 = 2800.0
1 : 15 = 1649.2422502470642
1 : 38 = 3046.3092423455632
1 : 41 = 1600.0
1 : 43 = 1788.8543819998317
1 : 46 = 2561.2496949731394
1 : 71 = 2800.0
1 : 79 = 4252.05832509386
1 : 84 = 3417.6014981270123
1 : 86 = 3773.5924528226415
8 : 15 = 1264.9110640673518
8 : 38 = 1200.0
8 : 41 = 3224.9030993194197
8 : 43 = 2561.2496949731394
8 : 46 = 1788.8543819998317
8 : 71 = 3959.7979746446663
8 : 79 = 2828.42712474619
8 : 84 = 3577.7087639996635
8 : 86 = 3298.4845004941285
15 : 38 = 1442.2205101855957
15 : 41 = 2000.0
15 : 43 = 1442.2205101855957
15 : 46 = 1264.9110640673518
15 : 71 = 2884.4410203711914
15 : 79 = 2884.4410203711914
15 : 84 = 2828.42712474619
15 : 86 = 2828.42712474619
38 : 41 = 2828.42712474619
38 : 43 = 2039.607805437114
38 : 46 = 894.4271909999159
38 : 71 = 3224.9030993194197
38 : 79 = 1649.2422502470642
38 : 84 = 2561.2496949731394
38 : 86 = 2154.0659228538016
41 : 43 = 800.0
41 : 46 = 2000.0
41 : 71 = 1200.0
41 : 79 = 3417.6014981270123
41 : 84 = 2000.0
41 : 86 = 2561.2496949731394
43 : 46 = 1200.0
43 : 71 = 1442.2205101855957
43 : 79 = 2683.281572999748
43 : 84 = 1649.2422502470642
43 : 86 = 2000.0
46 : 71 = 2332.38075793812
46 : 79 = 1697.0562748477141
46 : 84 = 1788.8543819998317
46 : 86 = 1600.0
71 : 79 = 3200.0
71 : 84 = 1264.9110640673518
71 : 86 = 2039.607805437114
79 : 84 = 2039.607805437114
79 : 86 = 1264.9110640673518
84 : 86 = 800.0
t=2
$x_{2,1}$
	 $y_{2,1,2}$ = 11.114646856753197 dB
	 $y_{2,1,12}$ = 13.053115997189593 dB
		SNR medio: 12.191149594119437
		Usuarios totais: 2
$x_{2,8}$
	 $y_{2,8,7}$ = 18.882800814432258 dB
	 $y_{2,8,9}$ = 21.897450541397177 dB
		SNR medio: 20.64661373588599
		Usuarios totais: 2
$x_{2,15}$
	 $y_{2,15,5}$ = 19.57916878578672 dB
	 $y_{2,15,6}$ = 12.818889447376392 dB
	 $y_{2,15,14}$ = 15.509151350598131 dB
	 $y_{2,15,15}$ = 81.30916061600689 dB
	 $y_{2,15,16}$ = 17.21989449983016 dB
	 $y_{2,15,26}$ = 16.171743495746284 dB
	 $y_{2,15,34}$ = 11.14470171734375 dB
		SNR medio: 72.8581883315059
		Usuarios totais: 8
$x_{2,38}$
	 $y_{2,38,38}$ = 77.52602747357906 dB
	 $y_{2,38,48}$ = 16.64298425428113 dB
	 $y_{2,38,49}$ = 17.51404169372921 dB
	 $y_{2,38,58}$ = 17.34882469151738 dB
		SNR medio: 71.50543960445484
		Usuarios totais: 5
$x_{2,41}$
	 $y_{2,41,31}$ = 18.25191835234658 dB
	 $y_{2,41,32}$ = 17.777101936619374 dB
	 $y_{2,41,41}$ = 77.53364700237844 dB
		SNR medio: 72.7624441725512
		Usuarios totais: 3
$x_{2,43}$
	 $y_{2,43,43}$ = 76.88390266814446 dB
	 $y_{2,43,53}$ = 18.191511217421038 dB
		SNR medio: 73.87360858024469
		Usuarios totais: 2
$x_{2,46}$
	 $y_{2,46,35}$ = 14.049732239987947 dB
	 $y_{2,46,36}$ = 11.80163505501524 dB
	 $y_{2,46,44}$ = 11.389360863098716 dB
	 $y_{2,46,46}$ = 74.23019175970637 dB
	 $y_{2,46,55}$ = 11.092265046744828 dB
	 $y_{2,46,57}$ = 17.20925777387471 dB
	 $y_{2,46,65}$ = 10.189763376718304 dB
	 $y_{2,46,67}$ = 11.264736624326602 dB
		SNR medio: 65.19931543569501
		Usuarios totais: 16
$x_{2,71}$
	 $y_{2,71,50}$ = 12.370452793598616 dB
	 $y_{2,71,61}$ = 20.418415206204045 dB
	 $y_{2,71,72}$ = 18.823161547638463 dB
	 $y_{2,71,80}$ = 21.17286430842144 dB
	 $y_{2,71,90}$ = 12.231531158690515 dB
		SNR medio: 18.46780686109428
		Usuarios totais: 5
$x_{2,79}$
	 $y_{2,79,68}$ = 12.641637387581113 dB
	 $y_{2,79,78}$ = 10.899235628127258 dB
	 $y_{2,79,88}$ = 15.673563793987597 dB
	 $y_{2,79,89}$ = 21.942010937026865 dB
		SNR medio: 17.481648423023856
		Usuarios totais: 8
$x_{2,84}$
	 $y_{2,84,75}$ = 12.014141358782666 dB
	 $y_{2,84,83}$ = 22.74712274347769 dB
		SNR medio: 20.088997719116072
		Usuarios totais: 3
$x_{2,86}$
	 $y_{2,86,66}$ = 10.153738607003135 dB
	 $y_{2,86,76}$ = 20.028013117660308 dB
	 $y_{2,86,87}$ = 21.792085176235304 dB
	 $y_{2,86,97}$ = 11.597360735001956 dB
	 $y_{2,86,98}$ = 12.737385830008634 dB
		SNR medio: 17.71316177301059
		Usuarios totais: 6
Distances:
1 : 8 = 2800.0
1 : 15 = 1649.2422502470642
1 : 38 = 3046.3092423455632
1 : 41 = 1600.0
1 : 43 = 1788.8543819998317
1 : 46 = 2561.2496949731394
1 : 71 = 2800.0
1 : 79 = 4252.05832509386
1 : 84 = 3417.6014981270123
1 : 86 = 3773.5924528226415
8 : 15 = 1264.9110640673518
8 : 38 = 1200.0
8 : 41 = 3224.9030993194197
8 : 43 = 2561.2496949731394
8 : 46 = 1788.8543819998317
8 : 71 = 3959.7979746446663
8 : 79 = 2828.42712474619
8 : 84 = 3577.7087639996635
8 : 86 = 3298.4845004941285
15 : 38 = 1442.2205101855957
15 : 41 = 2000.0
15 : 43 = 1442.2205101855957
15 : 46 = 1264.9110640673518
15 : 71 = 2884.4410203711914
15 : 79 = 2884.4410203711914
15 : 84 = 2828.42712474619
15 : 86 = 2828.42712474619
38 : 41 = 2828.42712474619
38 : 43 = 2039.607805437114
38 : 46 = 894.4271909999159
38 : 71 = 3224.9030993194197
38 : 79 = 1649.2422502470642
38 : 84 = 2561.2496949731394
38 : 86 = 2154.0659228538016
41 : 43 = 800.0
41 : 46 = 2000.0
41 : 71 = 1200.0
41 : 79 = 3417.6014981270123
41 : 84 = 2000.0
41 : 86 = 2561.2496949731394
43 : 46 = 1200.0
43 : 71 = 1442.2205101855957
43 : 79 = 2683.281572999748
43 : 84 = 1649.2422502470642
43 : 86 = 2000.0
46 : 71 = 2332.38075793812
46 : 79 = 1697.0562748477141
46 : 84 = 1788.8543819998317
46 : 86 = 1600.0
71 : 79 = 3200.0
71 : 84 = 1264.9110640673518
71 : 86 = 2039.607805437114
79 : 84 = 2039.607805437114
79 : 86 = 1264.9110640673518
84 : 86 = 800.0
t=3
$x_{3,1}$
	 $y_{3,1,1}$ = 75.77612674871875 dB
	 $y_{3,1,2}$ = 11.114646856753197 dB
	 $y_{3,1,10}$ = 14.736777921420341 dB
	 $y_{3,1,12}$ = 13.053115997189593 dB
		SNR medio: 69.75553405870856
		Usuarios totais: 4
$x_{3,8}$
	 $y_{3,8,7}$ = 18.882800814432258 dB
	 $y_{3,8,8}$ = 74.71521593576065 dB
	 $y_{3,8,18}$ = 14.502514584660702 dB
		SNR medio: 69.94401886207028
		Usuarios totais: 4
$x_{3,15}$
	 $y_{3,15,5}$ = 19.57916878578672 dB
	 $y_{3,15,15}$ = 81.30916061600689 dB
	 $y_{3,15,24}$ = 11.647678167351131 dB
	 $y_{3,15,25}$ = 15.23962036263724 dB
	 $y_{3,15,26}$ = 16.171743495746284 dB
		SNR medio: 74.31946636228203
		Usuarios totais: 6
$x_{3,21}$
	 $y_{3,21,21}$ = 82.16629678383264 dB
	 $y_{3,21,33}$ = 20.49280518590136 dB
		SNR medio: 79.15599978135955
		Usuarios totais: 2
$x_{3,38}$
	 $y_{3,38,29}$ = 18.640701653072824 dB
	 $y_{3,38,37}$ = 20.271979291901616 dB
	 $y_{3,38,47}$ = 15.778120197847898 dB
	 $y_{3,38,49}$ = 17.51404169372921 dB
		SNR medio: 18.35425251155082
		Usuarios totais: 5
$x_{3,41}$
	 $y_{3,41,41}$ = 77.53364700237844 dB
	 $y_{3,41,50}$ = 12.05934848423827 dB
		SNR medio: 74.52334827701175
		Usuarios totais: 4
$x_{3,43}$
	 $y_{3,43,23}$ = 12.619027160277966 dB
	 $y_{3,43,32}$ = 16.097803796034995 dB
	 $y_{3,43,43}$ = 76.88390266814446 dB
	 $y_{3,43,53}$ = 18.191511217421038 dB
	 $y_{3,43,54}$ = 17.404803242033097 dB
		SNR medio: 69.89421864041537
		Usuarios totais: 7
$x_{3,46}$
	 $y_{3,46,36}$ = 11.80163505501524 dB
	 $y_{3,46,45}$ = 18.589910923618305 dB
	 $y_{3,46,46}$ = 74.23019175970637 dB
	 $y_{3,46,56}$ = 24.06278750486591 dB
		SNR medio: 68.20964796708192
		Usuarios totais: 6
$x_{3,71}$
	 $y_{3,71,61}$ = 20.418415206204045 dB
	 $y_{3,71,70}$ = 23.446849769031758 dB
	 $y_{3,71,72}$ = 18.823161547638463 dB
	 $y_{3,71,82}$ = 11.899525003698557 dB
	 $y_{3,71,83}$ = 11.260351808518465 dB
	 $y_{3,71,91}$ = 11.193492176819689 dB
		SNR medio: 18.746194841914917
		Usuarios totais: 7
$x_{3,79}$
	 $y_{3,79,59}$ = 10.608835082137844 dB
	 $y_{3,79,78}$ = 10.899235628127258 dB
	 $y_{3,79,89}$ = 21.942010937026865 dB
		SNR medio: 17.786156979122584
		Usuarios totais: 3
$x_{3,84}$
	 $y_{3,84,64}$ = 12.93127890595764 dB
	 $y_{3,84,73}$ = 10.388662625895165 dB
	 $y_{3,84,81}$ = 11.99646943705801 dB
	 $y_{3,84,96}$ = 15.650193865746957 dB
		SNR medio: 13.17757881163093
		Usuarios totais: 8
$x_{3,86}$
	 $y_{3,86,77}$ = 10.327320648565333 dB
	 $y_{3,86,86}$ = 69.68561926992228 dB
	 $y_{3,86,87}$ = 21.792085176235304 dB
		SNR medio: 64.91448229580656
		Usuarios totais: 4
Distances:
1 : 8 = 2800.0
1 : 15 = 1649.2422502470642
1 : 21 = 800.0
1 : 38 = 3046.3092423455632
1 : 41 = 1600.0
1 : 43 = 1788.8543819998317
1 : 46 = 2561.2496949731394
1 : 71 = 2800.0
1 : 79 = 4252.05832509386
1 : 84 = 3417.6014981270123
1 : 86 = 3773.5924528226415
8 : 15 = 1264.9110640673518
8 : 21 = 2912.043955712207
8 : 38 = 1200.0
8 : 41 = 3224.9030993194197
8 : 43 = 2561.2496949731394
8 : 46 = 1788.8543819998317
8 : 71 = 3959.7979746446663
8 : 79 = 2828.42712474619
8 : 84 = 3577.7087639996635
8 : 86 = 3298.4845004941285
15 : 21 = 1649.2422502470642
15 : 38 = 1442.2205101855957
15 : 41 = 2000.0
15 : 43 = 1442.2205101855957
15 : 46 = 1264.9110640673518
15 : 71 = 2884.4410203711914
15 : 79 = 2884.4410203711914
15 : 84 = 2828.42712474619
15 : 86 = 2828.42712474619
21 : 38 = 2828.42712474619
21 : 41 = 800.0
21 : 43 = 1131.370849898476
21 : 46 = 2154.0659228538016
21 : 71 = 2000.0
21 : 79 = 3773.5924528226415
21 : 84 = 2683.281572999748
21 : 86 = 3124.099870362662
38 : 41 = 2828.42712474619
38 : 43 = 2039.607805437114
38 : 46 = 894.4271909999159
38 : 71 = 3224.9030993194197
38 : 79 = 1649.2422502470642
38 : 84 = 2561.2496949731394
38 : 86 = 2154.0659228538016
41 : 43 = 800.0
41 : 46 = 2000.0
41 : 71 = 1200.0
41 : 79 = 3417.6014981270123
41 : 84 = 2000.0
41 : 86 = 2561.2496949731394
43 : 46 = 1200.0
43 : 71 = 1442.2205101855957
43 : 79 = 2683.281572999748
43 : 84 = 1649.2422502470642
43 : 86 = 2000.0
46 : 71 = 2332.38075793812
46 : 79 = 1697.0562748477141
46 : 84 = 1788.8543819998317
46 : 86 = 1600.0
71 : 79 = 3200.0
71 : 84 = 1264.9110640673518
71 : 86 = 2039.607805437114
79 : 84 = 2039.607805437114
79 : 86 = 1264.9110640673518
84 : 86 = 800.0
t=4
$x_{4,1}$
	 $y_{4,1,0}$ = 15.210169919196517 dB
	 $y_{4,1,1}$ = 75.77612674871875 dB
	 $y_{4,1,2}$ = 11.114646856753197 dB
		SNR medio: 71.00491949852443
		Usuarios totais: 3
$x_{4,8}$
	 $y_{4,8,8}$ = 74.71521593576065 dB
		SNR medio: 74.71521593576065
		Usuarios totais: 1
$x_{4,15}$
	 $y_{4,15,4}$ = 14.071500292149551 dB
	 $y_{4,15,16}$ = 17.21989449983016 dB
	 $y_{4,15,25}$ = 15.23962036263724 dB
	 $y_{4,15,26}$ = 16.171743495746284 dB
		SNR medio: 15.828888520847045
		Usuarios totais: 4
$x_{4,21}$
	 $y_{4,21,31}$ = 26.71628627726443 dB
		SNR medio: 26.71628627726443
		Usuarios totais: 1
$x_{4,38}$
	 $y_{4,38,39}$ = 17.990200839702027 dB
	 $y_{4,38,58}$ = 17.34882469151738 dB
		SNR medio: 17.68134201096165
		Usuarios totais: 2
$x_{4,41}$
	 $y_{4,41,32}$ = 17.777101936619374 dB
	 $y_{4,41,40}$ = 18.137819504521957 dB
	 $y_{4,41,42}$ = 20.959396177841043 dB
	 $y_{4,41,51}$ = 19.812764981077464 dB
		SNR medio: 19.364768012553753
		Usuarios totais: 5
$x_{4,43}$
	 $y_{4,43,43}$ = 76.88390266814446 dB
	 $y_{4,43,44}$ = 28.825173570230547 dB
	 $y_{4,43,52}$ = 16.308402257779946 dB
	 $y_{4,43,54}$ = 17.404803242033097 dB
		SNR medio: 70.8633793610147
		Usuarios totais: 6
$x_{4,46}$
	 $y_{4,46,36}$ = 11.80163505501524 dB
	 $y_{4,46,45}$ = 18.589910923618305 dB
	 $y_{4,46,46}$ = 74.23019175970637 dB
	 $y_{4,46,55}$ = 11.092265046744828 dB
	 $y_{4,46,57}$ = 17.20925777387471 dB
	 $y_{4,46,67}$ = 11.264736624326602 dB
		SNR medio: 66.44870651578745
		Usuarios totais: 10
$x_{4,71}$
	 $y_{4,71,50}$ = 12.370452793598616 dB
	 $y_{4,71,61}$ = 20.418415206204045 dB
	 $y_{4,71,63}$ = 12.694315628674445 dB
	 $y_{4,71,70}$ = 23.446849769031758 dB
	 $y_{4,71,72}$ = 18.823161547638463 dB
	 $y_{4,71,80}$ = 21.17286430842144 dB
		SNR medio: 19.810536521829924
		Usuarios totais: 7
$x_{4,79}$
	 $y_{4,79,59}$ = 10.608835082137844 dB
	 $y_{4,79,68}$ = 12.641637387581113 dB
	 $y_{4,79,87}$ = 15.544431370606361 dB
	 $y_{4,79,88}$ = 15.673563793987597 dB
	 $y_{4,79,99}$ = 11.78643504526542 dB
		SNR medio: 13.71953617065725
		Usuarios totais: 6
$x_{4,84}$
	 $y_{4,84,64}$ = 12.93127890595764 dB
	 $y_{4,84,73}$ = 10.388662625895165 dB
	 $y_{4,84,74}$ = 25.496338121497203 dB
	 $y_{4,84,83}$ = 22.74712274347769 dB
	 $y_{4,84,84}$ = 78.91938840239828 dB
	 $y_{4,84,92}$ = 11.03061524223574 dB
	 $y_{4,84,94}$ = 11.021701263700365 dB
		SNR medio: 70.4684413467829
		Usuarios totais: 9
$x_{4,86}$
	 $y_{4,86,66}$ = 10.153738607003135 dB
	 $y_{4,86,77}$ = 10.327320648565333 dB
	 $y_{4,86,86}$ = 69.68561926992228 dB
	 $y_{4,86,98}$ = 12.737385830008634 dB
		SNR medio: 63.66503799752522
		Usuarios totais: 6
Distances:
1 : 8 = 2800.0
1 : 15 = 1649.2422502470642
1 : 21 = 800.0
1 : 38 = 3046.3092423455632
1 : 41 = 1600.0
1 : 43 = 1788.8543819998317
1 : 46 = 2561.2496949731394
1 : 71 = 2800.0
1 : 79 = 4252.05832509386
1 : 84 = 3417.6014981270123
1 : 86 = 3773.5924528226415
8 : 15 = 1264.9110640673518
8 : 21 = 2912.043955712207
8 : 38 = 1200.0
8 : 41 = 3224.9030993194197
8 : 43 = 2561.2496949731394
8 : 46 = 1788.8543819998317
8 : 71 = 3959.7979746446663
8 : 79 = 2828.42712474619
8 : 84 = 3577.7087639996635
8 : 86 = 3298.4845004941285
15 : 21 = 1649.2422502470642
15 : 38 = 1442.2205101855957
15 : 41 = 2000.0
15 : 43 = 1442.2205101855957
15 : 46 = 1264.9110640673518
15 : 71 = 2884.4410203711914
15 : 79 = 2884.4410203711914
15 : 84 = 2828.42712474619
15 : 86 = 2828.42712474619
21 : 38 = 2828.42712474619
21 : 41 = 800.0
21 : 43 = 1131.370849898476
21 : 46 = 2154.0659228538016
21 : 71 = 2000.0
21 : 79 = 3773.5924528226415
21 : 84 = 2683.281572999748
21 : 86 = 3124.099870362662
38 : 41 = 2828.42712474619
38 : 43 = 2039.607805437114
38 : 46 = 894.4271909999159
38 : 71 = 3224.9030993194197
38 : 79 = 1649.2422502470642
38 : 84 = 2561.2496949731394
38 : 86 = 2154.0659228538016
41 : 43 = 800.0
41 : 46 = 2000.0
41 : 71 = 1200.0
41 : 79 = 3417.6014981270123
41 : 84 = 2000.0
41 : 86 = 2561.2496949731394
43 : 46 = 1200.0
43 : 71 = 1442.2205101855957
43 : 79 = 2683.281572999748
43 : 84 = 1649.2422502470642
43 : 86 = 2000.0
46 : 71 = 2332.38075793812
46 : 79 = 1697.0562748477141
46 : 84 = 1788.8543819998317
46 : 86 = 1600.0
71 : 79 = 3200.0
71 : 84 = 1264.9110640673518
71 : 86 = 2039.607805437114
79 : 84 = 2039.607805437114
79 : 86 = 1264.9110640673518
84 : 86 = 800.0
t=5
$x_{5,1}$
	 $y_{5,1,1}$ = 75.77612674871875 dB
		SNR medio: 75.77612674871875
		Usuarios totais: 1
$x_{5,8}$
	 $y_{5,8,7}$ = 18.882800814432258 dB
	 $y_{5,8,18}$ = 14.502514584660702 dB
		SNR medio: 17.222967949590583
		Usuarios totais: 2
$x_{5,15}$
	 $y_{5,15,6}$ = 12.818889447376392 dB
	 $y_{5,15,13}$ = 17.544055615332596 dB
	 $y_{5,15,15}$ = 81.30916061600689 dB
	 $y_{5,15,24}$ = 11.647678167351131 dB
	 $y_{5,15,25}$ = 15.23962036263724 dB
	 $y_{5,15,34}$ = 11.14470171734375 dB
		SNR medio: 73.52765251327364
		Usuarios totais: 8
$x_{5,21}$
	 $y_{5,21,20}$ = 27.109070855295798 dB
	 $y_{5,21,30}$ = 16.97095068633911 dB
	 $y_{5,21,31}$ = 26.71628627726443 dB
		SNR medio: 25.370676650441652
		Usuarios totais: 5
$x_{5,38}$
	 $y_{5,38,29}$ = 18.640701653072824 dB
	 $y_{5,38,47}$ = 15.778120197847898 dB
	 $y_{5,38,48}$ = 16.64298425428113 dB
	 $y_{5,38,49}$ = 17.51404169372921 dB
		SNR medio: 17.274056510588437
		Usuarios totais: 5
$x_{5,41}$
	 $y_{5,41,40}$ = 18.137819504521957 dB
	 $y_{5,41,41}$ = 77.53364700237844 dB
	 $y_{5,41,42}$ = 20.959396177841043 dB
	 $y_{5,41,51}$ = 19.812764981077464 dB
		SNR medio: 71.51306897803369
		Usuarios totais: 7
$x_{5,43}$
	 $y_{5,43,33}$ = 24.264579919664143 dB
	 $y_{5,43,44}$ = 28.825173570230547 dB
	 $y_{5,43,54}$ = 17.404803242033097 dB
	 $y_{5,43,63}$ = 14.44886568695442 dB
		SNR medio: 24.44366285964913
		Usuarios totais: 7
$x_{5,46}$
	 $y_{5,46,35}$ = 14.049732239987947 dB
	 $y_{5,46,36}$ = 11.80163505501524 dB
	 $y_{5,46,46}$ = 74.23019175970637 dB
	 $y_{5,46,57}$ = 17.20925777387471 dB
	 $y_{5,46,67}$ = 11.264736624326602 dB
		SNR medio: 67.24050918287618
		Usuarios totais: 6
$x_{5,71}$
	 $y_{5,71,72}$ = 18.823161547638463 dB
	 $y_{5,71,80}$ = 21.17286430842144 dB
	 $y_{5,71,81}$ = 21.03186044412932 dB
	 $y_{5,71,91}$ = 11.193492176819689 dB
		SNR medio: 19.385826314967648
		Usuarios totais: 5
$x_{5,79}$
	 $y_{5,79,68}$ = 12.641637387581113 dB
	 $y_{5,79,79}$ = 71.65356532531874 dB
	 $y_{5,79,89}$ = 21.942010937026865 dB
		SNR medio: 66.88240464210944
		Usuarios totais: 3
$x_{5,84}$
	 $y_{5,84,65}$ = 14.498826599436399 dB
	 $y_{5,84,82}$ = 10.460261516716699 dB
	 $y_{5,84,94}$ = 11.021701263700365 dB
		SNR medio: 12.384352124396914
		Usuarios totais: 3
$x_{5,86}$
	 $y_{5,86,76}$ = 20.028013117660308 dB
	 $y_{5,86,77}$ = 10.327320648565333 dB
	 $y_{5,86,87}$ = 21.792085176235304 dB
	 $y_{5,86,95}$ = 14.788669584452109 dB
	 $y_{5,86,97}$ = 11.597360735001956 dB
		SNR medio: 17.88277154000042
		Usuarios totais: 8
Distances:
1 : 8 = 2800.0
1 : 15 = 1649.2422502470642
1 : 21 = 800.0
1 : 38 = 3046.3092423455632
1 : 41 = 1600.0
1 : 43 = 1788.8543819998317
1 : 46 = 2561.2496949731394
1 : 71 = 2800.0
1 : 79 = 4252.05832509386
1 : 84 = 3417.6014981270123
1 : 86 = 3773.5924528226415
8 : 15 = 1264.9110640673518
8 : 21 = 2912.043955712207
8 : 38 = 1200.0
8 : 41 = 3224.9030993194197
8 : 43 = 2561.2496949731394
8 : 46 = 1788.8543819998317
8 : 71 = 3959.7979746446663
8 : 79 = 2828.42712474619
8 : 84 = 3577.7087639996635
8 : 86 = 3298.4845004941285
15 : 21 = 1649.2422502470642
15 : 38 = 1442.2205101855957
15 : 41 = 2000.0
15 : 43 = 1442.2205101855957
15 : 46 = 1264.9110640673518
15 : 71 = 2884.4410203711914
15 : 79 = 2884.4410203711914
15 : 84 = 2828.42712474619
15 : 86 = 2828.42712474619
21 : 38 = 2828.42712474619
21 : 41 = 800.0
21 : 43 = 1131.370849898476
21 : 46 = 2154.0659228538016
21 : 71 = 2000.0
21 : 79 = 3773.5924528226415
21 : 84 = 2683.281572999748
21 : 86 = 3124.099870362662
38 : 41 = 2828.42712474619
38 : 43 = 2039.607805437114
38 : 46 = 894.4271909999159
38 : 71 = 3224.9030993194197
38 : 79 = 1649.2422502470642
38 : 84 = 2561.2496949731394
38 : 86 = 2154.0659228538016
41 : 43 = 800.0
41 : 46 = 2000.0
41 : 71 = 1200.0
41 : 79 = 3417.6014981270123
41 : 84 = 2000.0
41 : 86 = 2561.2496949731394
43 : 46 = 1200.0
43 : 71 = 1442.2205101855957
43 : 79 = 2683.281572999748
43 : 84 = 1649.2422502470642
43 : 86 = 2000.0
46 : 71 = 2332.38075793812
46 : 79 = 1697.0562748477141
46 : 84 = 1788.8543819998317
46 : 86 = 1600.0
71 : 79 = 3200.0
71 : 84 = 1264.9110640673518
71 : 86 = 2039.607805437114
79 : 84 = 2039.607805437114
79 : 86 = 1264.9110640673518
84 : 86 = 800.0
t=6
$x_{6,1}$
	 $y_{6,1,0}$ = 15.210169919196517 dB
	 $y_{6,1,22}$ = 13.679582738247248 dB
		SNR medio: 14.511958472623434
		Usuarios totais: 2
$x_{6,8}$
	 $y_{6,8,6}$ = 12.214755111482674 dB
	 $y_{6,8,8}$ = 74.71521593576065 dB
	 $y_{6,8,17}$ = 10.22368125238745 dB
	 $y_{6,8,18}$ = 14.502514584660702 dB
	 $y_{6,8,19}$ = 20.287538825518084 dB
	 $y_{6,8,28}$ = 11.139243925657397 dB
		SNR medio: 66.93372912750748
		Usuarios totais: 10
$x_{6,15}$
	 $y_{6,15,13}$ = 17.544055615332596 dB
	 $y_{6,15,24}$ = 11.647678167351131 dB
	 $y_{6,15,26}$ = 16.171743495746284 dB
	 $y_{6,15,34}$ = 11.14470171734375 dB
		SNR medio: 14.978063824566643
		Usuarios totais: 6
$x_{6,21}$
	 $y_{6,21,20}$ = 27.109070855295798 dB
	 $y_{6,21,21}$ = 82.16629678383264 dB
	 $y_{6,21,31}$ = 26.71628627726443 dB
		SNR medio: 77.39511017216378
		Usuarios totais: 4
$x_{6,38}$
	 $y_{6,38,48}$ = 16.64298425428113 dB
		SNR medio: 16.64298425428113
		Usuarios totais: 1
$x_{6,41}$
	 $y_{6,41,41}$ = 77.53364700237844 dB
	 $y_{6,41,62}$ = 10.433847931898299 dB
		SNR medio: 74.52334789258447
		Usuarios totais: 4
$x_{6,43}$
	 $y_{6,43,43}$ = 76.88390266814446 dB
	 $y_{6,43,45}$ = 16.394655071653062 dB
	 $y_{6,43,53}$ = 18.191511217421038 dB
	 $y_{6,43,54}$ = 17.404803242033097 dB
		SNR medio: 70.86331740020434
		Usuarios totais: 6
$x_{6,46}$
	 $y_{6,46,35}$ = 14.049732239987947 dB
	 $y_{6,46,37}$ = 12.295995644297818 dB
	 $y_{6,46,44}$ = 11.389360863098716 dB
	 $y_{6,46,46}$ = 74.23019175970637 dB
		SNR medio: 68.20960105253056
		Usuarios totais: 4
$x_{6,71}$
	 $y_{6,71,63}$ = 12.694315628674445 dB
	 $y_{6,71,70}$ = 23.446849769031758 dB
	 $y_{6,71,72}$ = 18.823161547638463 dB
		SNR medio: 20.225780758013848
		Usuarios totais: 5
$x_{6,79}$
	 $y_{6,79,69}$ = 24.654067670901753 dB
	 $y_{6,79,78}$ = 10.899235628127258 dB
	 $y_{6,79,87}$ = 15.544431370606361 dB
	 $y_{6,79,99}$ = 11.78643504526542 dB
		SNR medio: 19.484755804988612
		Usuarios totais: 4
$x_{6,84}$
	 $y_{6,84,64}$ = 12.93127890595764 dB
	 $y_{6,84,73}$ = 10.388662625895165 dB
	 $y_{6,84,74}$ = 25.496338121497203 dB
	 $y_{6,84,81}$ = 11.99646943705801 dB
	 $y_{6,84,82}$ = 10.460261516716699 dB
	 $y_{6,84,83}$ = 22.74712274347769 dB
	 $y_{6,84,85}$ = 17.55770968526076 dB
	 $y_{6,84,93}$ = 14.992414175160818 dB
	 $y_{6,84,94}$ = 11.021701263700365 dB
		SNR medio: 18.91779219814811
		Usuarios totais: 11
$x_{6,86}$
	 $y_{6,86,76}$ = 20.028013117660308 dB
	 $y_{6,86,97}$ = 11.597360735001956 dB
	 $y_{6,86,98}$ = 12.737385830008634 dB
		SNR medio: 16.495768867356833
		Usuarios totais: 3
Distances:
1 : 8 = 2800.0
1 : 15 = 1649.2422502470642
1 : 21 = 800.0
1 : 38 = 3046.3092423455632
1 : 41 = 1600.0
1 : 43 = 1788.8543819998317
1 : 46 = 2561.2496949731394
1 : 71 = 2800.0
1 : 79 = 4252.05832509386
1 : 84 = 3417.6014981270123
1 : 86 = 3773.5924528226415
8 : 15 = 1264.9110640673518
8 : 21 = 2912.043955712207
8 : 38 = 1200.0
8 : 41 = 3224.9030993194197
8 : 43 = 2561.2496949731394
8 : 46 = 1788.8543819998317
8 : 71 = 3959.7979746446663
8 : 79 = 2828.42712474619
8 : 84 = 3577.7087639996635
8 : 86 = 3298.4845004941285
15 : 21 = 1649.2422502470642
15 : 38 = 1442.2205101855957
15 : 41 = 2000.0
15 : 43 = 1442.2205101855957
15 : 46 = 1264.9110640673518
15 : 71 = 2884.4410203711914
15 : 79 = 2884.4410203711914
15 : 84 = 2828.42712474619
15 : 86 = 2828.42712474619
21 : 38 = 2828.42712474619
21 : 41 = 800.0
21 : 43 = 1131.370849898476
21 : 46 = 2154.0659228538016
21 : 71 = 2000.0
21 : 79 = 3773.5924528226415
21 : 84 = 2683.281572999748
21 : 86 = 3124.099870362662
38 : 41 = 2828.42712474619
38 : 43 = 2039.607805437114
38 : 46 = 894.4271909999159
38 : 71 = 3224.9030993194197
38 : 79 = 1649.2422502470642
38 : 84 = 2561.2496949731394
38 : 86 = 2154.0659228538016
41 : 43 = 800.0
41 : 46 = 2000.0
41 : 71 = 1200.0
41 : 79 = 3417.6014981270123
41 : 84 = 2000.0
41 : 86 = 2561.2496949731394
43 : 46 = 1200.0
43 : 71 = 1442.2205101855957
43 : 79 = 2683.281572999748
43 : 84 = 1649.2422502470642
43 : 86 = 2000.0
46 : 71 = 2332.38075793812
46 : 79 = 1697.0562748477141
46 : 84 = 1788.8543819998317
46 : 86 = 1600.0
71 : 79 = 3200.0
71 : 84 = 1264.9110640673518
71 : 86 = 2039.607805437114
79 : 84 = 2039.607805437114
79 : 86 = 1264.9110640673518
84 : 86 = 800.0
t=7
$x_{7,1}$
	 $y_{7,1,2}$ = 11.114646856753197 dB
	 $y_{7,1,3}$ = 14.553796849075127 dB
	 $y_{7,1,11}$ = 19.2808850297356 dB
	 $y_{7,1,22}$ = 13.679582738247248 dB
		SNR medio: 15.726784547752917
		Usuarios totais: 4
$x_{7,8}$
	 $y_{7,8,18}$ = 14.502514584660702 dB
	 $y_{7,8,28}$ = 11.139243925657397 dB
		SNR medio: 13.138628466350502
		Usuarios totais: 2
$x_{7,15}$
	 $y_{7,15,14}$ = 15.509151350598131 dB
	 $y_{7,15,24}$ = 11.647678167351131 dB
	 $y_{7,15,25}$ = 15.23962036263724 dB
	 $y_{7,15,26}$ = 16.171743495746284 dB
	 $y_{7,15,34}$ = 11.14470171734375 dB
		SNR medio: 14.4096916438918
		Usuarios totais: 6
$x_{7,21}$
	 $y_{7,21,30}$ = 16.97095068633911 dB
		SNR medio: 16.97095068633911
		Usuarios totais: 3
$x_{7,38}$
	 $y_{7,38,27}$ = 19.942966960107896 dB
	 $y_{7,38,29}$ = 18.640701653072824 dB
	 $y_{7,38,47}$ = 15.778120197847898 dB
	 $y_{7,38,58}$ = 17.34882469151738 dB
		SNR medio: 18.1947695633609
		Usuarios totais: 5
$x_{7,41}$
	 $y_{7,41,42}$ = 20.959396177841043 dB
		SNR medio: 20.959396177841043
		Usuarios totais: 1
$x_{7,43}$
	 $y_{7,43,33}$ = 24.264579919664143 dB
	 $y_{7,43,43}$ = 76.88390266814446 dB
	 $y_{7,43,53}$ = 18.191511217421038 dB
	 $y_{7,43,63}$ = 14.44886568695442 dB
		SNR medio: 70.86333486281985
		Usuarios totais: 5
$x_{7,46}$
	 $y_{7,46,35}$ = 14.049732239987947 dB
	 $y_{7,46,36}$ = 11.80163505501524 dB
	 $y_{7,46,45}$ = 18.589910923618305 dB
	 $y_{7,46,55}$ = 11.092265046744828 dB
	 $y_{7,46,56}$ = 24.06278750486591 dB
	 $y_{7,46,67}$ = 11.264736624326602 dB
		SNR medio: 18.172475505715123
		Usuarios totais: 7
$x_{7,71}$
	 $y_{7,71,50}$ = 12.370452793598616 dB
	 $y_{7,71,60}$ = 20.34522532293532 dB
	 $y_{7,71,70}$ = 23.446849769031758 dB
	 $y_{7,71,72}$ = 18.823161547638463 dB
	 $y_{7,71,81}$ = 21.03186044412932 dB
	 $y_{7,71,83}$ = 11.260351808518465 dB
		SNR medio: 19.72459499742729
		Usuarios totais: 6
$x_{7,79}$
	 $y_{7,79,68}$ = 12.641637387581113 dB
	 $y_{7,79,69}$ = 24.654067670901753 dB
	 $y_{7,79,78}$ = 10.899235628127258 dB
	 $y_{7,79,79}$ = 71.65356532531874 dB
	 $y_{7,79,88}$ = 15.673563793987597 dB
	 $y_{7,79,89}$ = 21.942010937026865 dB
	 $y_{7,79,99}$ = 11.78643504526542 dB
		SNR medio: 63.202742537471515
		Usuarios totais: 8
$x_{7,84}$
	 $y_{7,84,73}$ = 10.388662625895165 dB
	 $y_{7,84,74}$ = 25.496338121497203 dB
	 $y_{7,84,75}$ = 12.014141358782666 dB
	 $y_{7,84,85}$ = 17.55770968526076 dB
	 $y_{7,84,94}$ = 11.021701263700365 dB
	 $y_{7,84,95}$ = 15.185403021570579 dB
		SNR medio: 19.066867992795785
		Usuarios totais: 8
$x_{7,86}$
	 $y_{7,86,66}$ = 10.153738607003135 dB
	 $y_{7,86,77}$ = 10.327320648565333 dB
	 $y_{7,86,97}$ = 11.597360735001956 dB
	 $y_{7,86,98}$ = 12.737385830008634 dB
		SNR medio: 11.333043325876801
		Usuarios totais: 5
Distances:
1 : 8 = 2800.0
1 : 15 = 1649.2422502470642
1 : 21 = 800.0
1 : 38 = 3046.3092423455632
1 : 41 = 1600.0
1 : 43 = 1788.8543819998317
1 : 46 = 2561.2496949731394
1 : 71 = 2800.0
1 : 79 = 4252.05832509386
1 : 84 = 3417.6014981270123
1 : 86 = 3773.5924528226415
8 : 15 = 1264.9110640673518
8 : 21 = 2912.043955712207
8 : 38 = 1200.0
8 : 41 = 3224.9030993194197
8 : 43 = 2561.2496949731394
8 : 46 = 1788.8543819998317
8 : 71 = 3959.7979746446663
8 : 79 = 2828.42712474619
8 : 84 = 3577.7087639996635
8 : 86 = 3298.4845004941285
15 : 21 = 1649.2422502470642
15 : 38 = 1442.2205101855957
15 : 41 = 2000.0
15 : 43 = 1442.2205101855957
15 : 46 = 1264.9110640673518
15 : 71 = 2884.4410203711914
15 : 79 = 2884.4410203711914
15 : 84 = 2828.42712474619
15 : 86 = 2828.42712474619
21 : 38 = 2828.42712474619
21 : 41 = 800.0
21 : 43 = 1131.370849898476
21 : 46 = 2154.0659228538016
21 : 71 = 2000.0
21 : 79 = 3773.5924528226415
21 : 84 = 2683.281572999748
21 : 86 = 3124.099870362662
38 : 41 = 2828.42712474619
38 : 43 = 2039.607805437114
38 : 46 = 894.4271909999159
38 : 71 = 3224.9030993194197
38 : 79 = 1649.2422502470642
38 : 84 = 2561.2496949731394
38 : 86 = 2154.0659228538016
41 : 43 = 800.0
41 : 46 = 2000.0
41 : 71 = 1200.0
41 : 79 = 3417.6014981270123
41 : 84 = 2000.0
41 : 86 = 2561.2496949731394
43 : 46 = 1200.0
43 : 71 = 1442.2205101855957
43 : 79 = 2683.281572999748
43 : 84 = 1649.2422502470642
43 : 86 = 2000.0
46 : 71 = 2332.38075793812
46 : 79 = 1697.0562748477141
46 : 84 = 1788.8543819998317
46 : 86 = 1600.0
71 : 79 = 3200.0
71 : 84 = 1264.9110640673518
71 : 86 = 2039.607805437114
79 : 84 = 2039.607805437114
79 : 86 = 1264.9110640673518
84 : 86 = 800.0
t=8
$x_{8,1}$
	 $y_{8,1,0}$ = 15.210169919196517 dB
	 $y_{8,1,1}$ = 75.77612674871875 dB
	 $y_{8,1,3}$ = 14.553796849075127 dB
	 $y_{8,1,22}$ = 13.679582738247248 dB
		SNR medio: 69.75553660527675
		Usuarios totais: 4
$x_{8,8}$
	 $y_{8,8,9}$ = 21.897450541397177 dB
	 $y_{8,8,18}$ = 14.502514584660702 dB
	 $y_{8,8,19}$ = 20.287538825518084 dB
		SNR medio: 19.850308349744694
		Usuarios totais: 4
$x_{8,15}$
	 $y_{8,15,5}$ = 19.57916878578672 dB
		SNR medio: 19.57916878578672
		Usuarios totais: 2
$x_{8,21}$
	 $y_{8,21,30}$ = 16.97095068633911 dB
	 $y_{8,21,31}$ = 26.71628627726443 dB
		SNR medio: 24.14369151312785
		Usuarios totais: 3
$x_{8,38}$
	 $y_{8,38,27}$ = 19.942966960107896 dB
	 $y_{8,38,38}$ = 77.52602747357906 dB
	 $y_{8,38,49}$ = 17.51404169372921 dB
		SNR medio: 72.75482683400972
		Usuarios totais: 5
$x_{8,41}$
	 $y_{8,41,41}$ = 77.53364700237844 dB
	 $y_{8,41,62}$ = 10.433847931898299 dB
		SNR medio: 74.52334789258447
		Usuarios totais: 3
$x_{8,43}$
	 $y_{8,43,42}$ = 21.659757569995904 dB
	 $y_{8,43,43}$ = 76.88390266814446 dB
	 $y_{8,43,44}$ = 28.825173570230547 dB
	 $y_{8,43,45}$ = 16.394655071653062 dB
	 $y_{8,43,53}$ = 18.191511217421038 dB
		SNR medio: 69.89429332210734
		Usuarios totais: 7
$x_{8,46}$
	 $y_{8,46,35}$ = 14.049732239987947 dB
	 $y_{8,46,36}$ = 11.80163505501524 dB
	 $y_{8,46,37}$ = 12.295995644297818 dB
	 $y_{8,46,47}$ = 20.22439620872926 dB
	 $y_{8,46,55}$ = 11.092265046744828 dB
	 $y_{8,46,65}$ = 10.189763376718304 dB
		SNR medio: 14.916539038547478
		Usuarios totais: 10
$x_{8,71}$
	 $y_{8,71,72}$ = 18.823161547638463 dB
	 $y_{8,71,82}$ = 11.899525003698557 dB
	 $y_{8,71,91}$ = 11.193492176819689 dB
		SNR medio: 15.43706805872185
		Usuarios totais: 3
$x_{8,79}$
	 $y_{8,79,88}$ = 15.673563793987597 dB
	 $y_{8,79,99}$ = 11.78643504526542 dB
		SNR medio: 14.151108081965017
		Usuarios totais: 3
$x_{8,84}$
	 $y_{8,84,64}$ = 12.93127890595764 dB
	 $y_{8,84,81}$ = 11.99646943705801 dB
	 $y_{8,84,85}$ = 17.55770968526076 dB
	 $y_{8,84,93}$ = 14.992414175160818 dB
	 $y_{8,84,95}$ = 15.185403021570579 dB
	 $y_{8,84,96}$ = 15.650193865746957 dB
		SNR medio: 15.091157153023467
		Usuarios totais: 10
$x_{8,86}$
	 $y_{8,86,66}$ = 10.153738607003135 dB
	 $y_{8,86,86}$ = 69.68561926992228 dB
	 $y_{8,86,87}$ = 21.792085176235304 dB
	 $y_{8,86,97}$ = 11.597360735001956 dB
		SNR medio: 63.66510147698627
		Usuarios totais: 6
Distances:
1 : 8 = 2800.0
1 : 15 = 1649.2422502470642
1 : 21 = 800.0
1 : 38 = 3046.3092423455632
1 : 41 = 1600.0
1 : 43 = 1788.8543819998317
1 : 46 = 2561.2496949731394
1 : 71 = 2800.0
1 : 79 = 4252.05832509386
1 : 84 = 3417.6014981270123
1 : 86 = 3773.5924528226415
8 : 15 = 1264.9110640673518
8 : 21 = 2912.043955712207
8 : 38 = 1200.0
8 : 41 = 3224.9030993194197
8 : 43 = 2561.2496949731394
8 : 46 = 1788.8543819998317
8 : 71 = 3959.7979746446663
8 : 79 = 2828.42712474619
8 : 84 = 3577.7087639996635
8 : 86 = 3298.4845004941285
15 : 21 = 1649.2422502470642
15 : 38 = 1442.2205101855957
15 : 41 = 2000.0
15 : 43 = 1442.2205101855957
15 : 46 = 1264.9110640673518
15 : 71 = 2884.4410203711914
15 : 79 = 2884.4410203711914
15 : 84 = 2828.42712474619
15 : 86 = 2828.42712474619
21 : 38 = 2828.42712474619
21 : 41 = 800.0
21 : 43 = 1131.370849898476
21 : 46 = 2154.0659228538016
21 : 71 = 2000.0
21 : 79 = 3773.5924528226415
21 : 84 = 2683.281572999748
21 : 86 = 3124.099870362662
38 : 41 = 2828.42712474619
38 : 43 = 2039.607805437114
38 : 46 = 894.4271909999159
38 : 71 = 3224.9030993194197
38 : 79 = 1649.2422502470642
38 : 84 = 2561.2496949731394
38 : 86 = 2154.0659228538016
41 : 43 = 800.0
41 : 46 = 2000.0
41 : 71 = 1200.0
41 : 79 = 3417.6014981270123
41 : 84 = 2000.0
41 : 86 = 2561.2496949731394
43 : 46 = 1200.0
43 : 71 = 1442.2205101855957
43 : 79 = 2683.281572999748
43 : 84 = 1649.2422502470642
43 : 86 = 2000.0
46 : 71 = 2332.38075793812
46 : 79 = 1697.0562748477141
46 : 84 = 1788.8543819998317
46 : 86 = 1600.0
71 : 79 = 3200.0
71 : 84 = 1264.9110640673518
71 : 86 = 2039.607805437114
79 : 84 = 2039.607805437114
79 : 86 = 1264.9110640673518
84 : 86 = 800.0
t=9
$x_{9,1}$
	 $y_{9,1,2}$ = 11.114646856753197 dB
	 $y_{9,1,3}$ = 14.553796849075127 dB
	 $y_{9,1,12}$ = 13.053115997189593 dB
	 $y_{9,1,22}$ = 13.679582738247248 dB
		SNR medio: 13.273161352985843
		Usuarios totais: 4
$x_{9,8}$
	 $y_{9,8,7}$ = 18.882800814432258 dB
		SNR medio: 18.882800814432258
		Usuarios totais: 1
$x_{9,15}$
	 $y_{9,15,5}$ = 19.57916878578672 dB
	 $y_{9,15,13}$ = 17.544055615332596 dB
	 $y_{9,15,14}$ = 15.509151350598131 dB
	 $y_{9,15,15}$ = 81.30916061600689 dB
	 $y_{9,15,24}$ = 11.647678167351131 dB
		SNR medio: 74.31946692548094
		Usuarios totais: 5
$x_{9,21}$
	 $y_{9,21,20}$ = 27.109070855295798 dB
	 $y_{9,21,30}$ = 16.97095068633911 dB
	 $y_{9,21,33}$ = 20.49280518590136 dB
		SNR medio: 23.526547804596344
		Usuarios totais: 4
$x_{9,38}$
	 $y_{9,38,37}$ = 20.271979291901616 dB
	 $y_{9,38,48}$ = 16.64298425428113 dB
	 $y_{9,38,49}$ = 17.51404169372921 dB
		SNR medio: 18.431133834726957
		Usuarios totais: 6
$x_{9,41}$
	 $y_{9,41,41}$ = 77.53364700237844 dB
	 $y_{9,41,50}$ = 12.05934848423827 dB
		SNR medio: 74.52334827701175
		Usuarios totais: 2
$x_{9,43}$
	 $y_{9,43,32}$ = 16.097803796034995 dB
	 $y_{9,43,42}$ = 21.659757569995904 dB
	 $y_{9,43,43}$ = 76.88390266814446 dB
	 $y_{9,43,52}$ = 16.308402257779946 dB
	 $y_{9,43,53}$ = 18.191511217421038 dB
		SNR medio: 69.89422896404788
		Usuarios totais: 5
$x_{9,46}$
	 $y_{9,46,35}$ = 14.049732239987947 dB
	 $y_{9,46,36}$ = 11.80163505501524 dB
	 $y_{9,46,47}$ = 20.22439620872926 dB
	 $y_{9,46,55}$ = 11.092265046744828 dB
	 $y_{9,46,57}$ = 17.20925777387471 dB
		SNR medio: 16.25938760838213
		Usuarios totais: 7
$x_{9,71}$
	 $y_{9,71,62}$ = 11.99769463997805 dB
	 $y_{9,71,70}$ = 23.446849769031758 dB
	 $y_{9,71,82}$ = 11.899525003698557 dB
	 $y_{9,71,91}$ = 11.193492176819689 dB
		SNR medio: 18.22231551407093
		Usuarios totais: 9
$x_{9,79}$
	 $y_{9,79,59}$ = 10.608835082137844 dB
	 $y_{9,79,69}$ = 24.654067670901753 dB
	 $y_{9,79,78}$ = 10.899235628127258 dB
	 $y_{9,79,79}$ = 71.65356532531874 dB
	 $y_{9,79,87}$ = 15.544431370606361 dB
		SNR medio: 64.66396964700435
		Usuarios totais: 5
$x_{9,84}$
	 $y_{9,84,64}$ = 12.93127890595764 dB
	 $y_{9,84,73}$ = 10.388662625895165 dB
	 $y_{9,84,74}$ = 25.496338121497203 dB
	 $y_{9,84,84}$ = 78.91938840239828 dB
	 $y_{9,84,85}$ = 17.55770968526076 dB
	 $y_{9,84,95}$ = 15.185403021570579 dB
	 $y_{9,84,96}$ = 15.650193865746957 dB
		SNR medio: 70.46843650923863
		Usuarios totais: 8
$x_{9,86}$
	 $y_{9,86,65}$ = 10.46265597071907 dB
	 $y_{9,86,76}$ = 20.028013117660308 dB
	 $y_{9,86,86}$ = 69.68561926992228 dB
		SNR medio: 64.9144589082199
		Usuarios totais: 4
Distances:
1 : 8 = 2800.0
1 : 15 = 1649.2422502470642
1 : 21 = 800.0
1 : 38 = 3046.3092423455632
1 : 41 = 1600.0
1 : 43 = 1788.8543819998317
1 : 46 = 2561.2496949731394
1 : 71 = 2800.0
1 : 79 = 4252.05832509386
1 : 84 = 3417.6014981270123
1 : 86 = 3773.5924528226415
8 : 15 = 1264.9110640673518
8 : 21 = 2912.043955712207
8 : 38 = 1200.0
8 : 41 = 3224.9030993194197
8 : 43 = 2561.2496949731394
8 : 46 = 1788.8543819998317
8 : 71 = 3959.7979746446663
8 : 79 = 2828.42712474619
8 : 84 = 3577.7087639996635
8 : 86 = 3298.4845004941285
15 : 21 = 1649.2422502470642
15 : 38 = 1442.2205101855957
15 : 41 = 2000.0
15 : 43 = 1442.2205101855957
15 : 46 = 1264.9110640673518
15 : 71 = 2884.4410203711914
15 : 79 = 2884.4410203711914
15 : 84 = 2828.42712474619
15 : 86 = 2828.42712474619
21 : 38 = 2828.42712474619
21 : 41 = 800.0
21 : 43 = 1131.370849898476
21 : 46 = 2154.0659228538016
21 : 71 = 2000.0
21 : 79 = 3773.5924528226415
21 : 84 = 2683.281572999748
21 : 86 = 3124.099870362662
38 : 41 = 2828.42712474619
38 : 43 = 2039.607805437114
38 : 46 = 894.4271909999159
38 : 71 = 3224.9030993194197
38 : 79 = 1649.2422502470642
38 : 84 = 2561.2496949731394
38 : 86 = 2154.0659228538016
41 : 43 = 800.0
41 : 46 = 2000.0
41 : 71 = 1200.0
41 : 79 = 3417.6014981270123
41 : 84 = 2000.0
41 : 86 = 2561.2496949731394
43 : 46 = 1200.0
43 : 71 = 1442.2205101855957
43 : 79 = 2683.281572999748
43 : 84 = 1649.2422502470642
43 : 86 = 2000.0
46 : 71 = 2332.38075793812
46 : 79 = 1697.0562748477141
46 : 84 = 1788.8543819998317
46 : 86 = 1600.0
71 : 79 = 3200.0
71 : 84 = 1264.9110640673518
71 : 86 = 2039.607805437114
79 : 84 = 2039.607805437114
79 : 86 = 1264.9110640673518
84 : 86 = 800.0
--- Done after 0.28867370373672907 hours. ---
