-------------Calculating Solution (this may take a while)
+++++++++++++++++++Min Sinr: 15 dB (ga)
+++++++++++++++++++With backhaul constraint. Start: 2023-06-30 04:02:49

Parameters:
- chosen seed 24
- Map with 100 sectors
- Map 4000 x 4000 m
- Sector has a side of 400 m
- Max time:  12
- users_t_m:  [[0, 0, 0, 0, 0, 0, 0, 0, 0, 0, 0, 0, 0, 0, 0, 0, 0, 0, 0, 0, 0, 0, 0, 0, 0, 0, 0, 0, 0, 0, 0, 0, 0, 0, 0, 0, 0, 0, 0, 0, 0, 0, 0, 0, 0, 0, 0, 0, 0, 0, 0, 0, 0, 0, 0, 0, 0, 0, 0, 0, 0, 0, 0, 0, 0, 0, 1, 1, 0, 0, 0, 0, 0, 0, 0, 0, 12, 13, 0, 0, 0, 0, 0, 0, 0, 0, 2, 2, 0, 0, 0, 0, 0, 0, 0, 0, 0, 0, 0, 0], [0, 1, 0, 1, 0, 1, 0, 0, 0, 0, 0, 0, 0, 0, 1, 0, 0, 0, 1, 0, 0, 0, 1, 0, 0, 1, 0, 0, 0, 0, 0, 0, 0, 0, 0, 1, 1, 0, 0, 0, 1, 0, 0, 0, 0, 0, 1, 0, 0, 1, 1, 0, 0, 0, 0, 0, 2, 0, 0, 1, 2, 0, 0, 0, 0, 0, 0, 2, 0, 0, 0, 0, 0, 0, 0, 2, 8, 10, 0, 0, 0, 0, 1, 0, 0, 3, 2, 0, 0, 0, 2, 1, 2, 0, 1, 0, 1, 0, 0, 0], [2, 0, 0, 0, 2, 0, 3, 2, 0, 0, 1, 0, 1, 0, 1, 0, 0, 0, 1, 0, 0, 0, 0, 1, 1, 1, 0, 1, 1, 1, 0, 0, 1, 2, 1, 0, 0, 1, 0, 0, 0, 0, 0, 0, 0, 0, 1, 2, 0, 0, 0, 0, 1, 1, 0, 2, 1, 0, 0, 1, 2, 2, 0, 0, 0, 0, 2, 1, 2, 0, 1, 1, 0, 0, 0, 3, 14, 22, 0, 0, 0, 0, 0, 3, 0, 0, 5, 1, 0, 0, 2, 0, 1, 0, 1, 0, 0, 0, 0, 0], [0, 1, 0, 0, 0, 1, 1, 1, 1, 0, 1, 1, 0, 1, 1, 1, 0, 0, 0, 1, 0, 0, 2, 3, 2, 2, 0, 0, 1, 1, 2, 1, 0, 3, 0, 1, 0, 0, 1, 1, 3, 0, 2, 2, 2, 0, 0, 2, 0, 0, 0, 1, 1, 0, 1, 0, 2, 1, 2, 0, 0, 1, 0, 0, 0, 2, 5, 0, 0, 3, 0, 0, 2, 2, 4, 0, 8, 21, 1, 2, 4, 1, 0, 0, 0, 1, 2, 1, 0, 0, 1, 1, 2, 2, 1, 2, 2, 2, 0, 2], [1, 1, 2, 2, 0, 1, 3, 0, 0, 2, 3, 3, 1, 0, 1, 2, 1, 2, 2, 2, 4, 0, 1, 1, 0, 0, 2, 1, 0, 1, 4, 1, 0, 2, 2, 1, 1, 2, 0, 1, 1, 3, 2, 1, 0, 0, 1, 1, 1, 1, 1, 2, 2, 2, 0, 2, 0, 0, 1, 2, 2, 1, 2, 1, 1, 1, 4, 2, 3, 0, 2, 0, 4, 2, 0, 4, 14, 11, 0, 2, 1, 2, 2, 0, 1, 0, 2, 1, 0, 2, 2, 2, 1, 1, 0, 1, 3, 0, 2, 2], [1, 1, 0, 0, 4, 1, 1, 1, 4, 2, 3, 2, 0, 5, 1, 1, 1, 2, 1, 1, 1, 0, 2, 0, 2, 1, 1, 1, 0, 2, 5, 2, 1, 2, 3, 1, 0, 1, 0, 2, 2, 3, 1, 4, 5, 3, 2, 0, 1, 1, 0, 1, 2, 2, 4, 1, 2, 2, 0, 1, 3, 1, 2, 2, 1, 1, 0, 1, 7, 5, 0, 0, 2, 0, 1, 1, 8, 17, 2, 1, 2, 1, 3, 1, 0, 2, 2, 1, 2, 1, 0, 3, 5, 2, 3, 1, 0, 1, 1, 1], [3, 0, 0, 1, 0, 3, 1, 1, 3, 2, 1, 1, 0, 2, 2, 0, 0, 3, 1, 2, 2, 0, 1, 3, 2, 1, 3, 2, 0, 3, 1, 3, 2, 3, 3, 0, 1, 1, 3, 2, 5, 3, 2, 3, 1, 1, 2, 3, 1, 2, 1, 1, 1, 0, 0, 2, 0, 1, 1, 1, 1, 0, 1, 3, 1, 2, 2, 0, 2, 2, 1, 0, 1, 2, 3, 2, 2, 1, 0, 2, 2, 0, 0, 2, 0, 1, 1, 1, 0, 0, 0, 1, 3, 3, 1, 1, 1, 3, 2, 2], [1, 2, 2, 1, 0, 2, 2, 1, 1, 3, 2, 2, 2, 0, 0, 0, 2, 1, 1, 2, 0, 0, 0, 2, 1, 1, 2, 2, 0, 0, 1, 0, 0, 2, 0, 0, 0, 4, 1, 1, 3, 0, 2, 3, 2, 0, 0, 2, 1, 0, 0, 1, 3, 1, 0, 3, 1, 0, 1, 2, 1, 1, 4, 0, 0, 0, 3, 2, 0, 1, 1, 1, 0, 1, 1, 1, 0, 1, 0, 0, 0, 0, 0, 0, 1, 0, 1, 1, 4, 1, 2, 3, 2, 3, 1, 0, 0, 1, 3, 0], [3, 1, 1, 1, 2, 3, 3, 0, 1, 0, 2, 2, 1, 1, 0, 0, 1, 3, 1, 1, 0, 1, 0, 1, 1, 0, 1, 2, 1, 1, 0, 0, 1, 1, 0, 2, 2, 0, 0, 1, 0, 0, 1, 1, 0, 0, 0, 0, 2, 1, 0, 0, 2, 0, 1, 1, 1, 0, 0, 2, 0, 1, 2, 0, 0, 1, 2, 1, 0, 1, 0, 0, 0, 0, 0, 1, 1, 2, 1, 1, 0, 1, 0, 1, 1, 0, 1, 0, 1, 1, 1, 2, 0, 0, 0, 0, 2, 0, 0, 3], [2, 0, 0, 1, 1, 1, 0, 0, 1, 0, 0, 0, 0, 0, 0, 0, 1, 1, 1, 0, 1, 1, 1, 3, 0, 1, 0, 0, 0, 1, 0, 0, 0, 0, 1, 0, 2, 0, 1, 0, 1, 1, 0, 0, 0, 0, 1, 0, 2, 0, 0, 0, 0, 1, 1, 0, 1, 1, 0, 0, 0, 1, 1, 0, 0, 0, 2, 1, 1, 0, 0, 1, 2, 0, 1, 0, 0, 0, 0, 0, 0, 0, 2, 0, 0, 0, 0, 1, 2, 1, 2, 0, 0, 1, 3, 1, 0, 1, 1, 0], [0, 1, 0, 0, 0, 0, 0, 0, 0, 1, 0, 0, 1, 0, 0, 0, 1, 0, 0, 0, 0, 1, 1, 0, 2, 1, 0, 0, 0, 0, 1, 1, 0, 0, 0, 1, 0, 1, 2, 0, 0, 0, 0, 0, 0, 0, 3, 1, 0, 0, 0, 0, 0, 0, 0, 1, 0, 0, 0, 2, 0, 1, 0, 1, 0, 0, 0, 0, 0, 1, 0, 0, 0, 0, 0, 0, 0, 1, 0, 0, 0, 1, 0, 0, 0, 0, 0, 1, 0, 0, 1, 0, 0, 1, 0, 0, 0, 0, 1, 0], [0, 0, 0, 0, 0, 0, 0, 0, 1, 0, 1, 0, 1, 0, 0, 0, 1, 0, 0, 0, 0, 0, 0, 1, 0, 0, 0, 0, 1, 0, 0, 0, 0, 0, 0, 0, 0, 0, 0, 0, 0, 0, 0, 0, 0, 0, 0, 0, 0, 0, 1, 0, 0, 0, 0, 0, 0, 0, 0, 1, 0, 0, 0, 0, 1, 0, 0, 0, 0, 0, 0, 0, 1, 0, 0, 0, 0, 0, 0, 0, 0, 0, 0, 0, 0, 0, 0, 0, 0, 0, 0, 0, 0, 0, 0, 0, 0, 0, 0, 0]]
MAX_USER_PER_ANTENNAS_m:  [40, 40, 40, 40, 40, 40, 40, 40, 40, 40, 40, 40, 40, 40, 40, 40, 40, 40, 40, 40, 40, 40, 40, 40, 40, 40, 40, 40, 40, 40, 40, 40, 40, 40, 40, 40, 40, 40, 40, 40, 40, 40, 40, 40, 40, 40, 40, 40, 40, 40, 40, 40, 40, 40, 40, 40, 40, 40, 40, 40, 40, 40, 40, 40, 40, 40, 40, 40, 40, 40, 40, 40, 40, 40, 40, 40, 40, 40, 40, 40, 40, 40, 40, 40, 40, 40, 40, 40, 40, 40, 40, 40, 40, 40, 40, 40, 40, 40, 40, 40]
antennas_map_m:  [1, 1, 1, 1, 1, 1, 1, 1, 1, 1, 1, 1, 1, 1, 1, 1, 1, 1, 1, 1, 1, 1, 1, 1, 1, 1, 1, 1, 1, 1, 1, 1, 1, 1, 1, 1, 1, 1, 1, 1, 1, 1, 1, 1, 1, 1, 1, 1, 1, 1, 1, 1, 1, 1, 1, 1, 1, 1, 1, 1, 1, 1, 1, 1, 1, 1, 1, 1, 1, 1, 1, 1, 1, 1, 1, 1, 1, 1, 1, 1, 1, 1, 1, 1, 1, 1, 1, 1, 1, 1, 1, 1, 1, 1, 1, 1, 1, 1, 1, 1]
FIRST_ANTENNA:  91
MIN_SNR_m:  [31.622776601683793, 31.622776601683793, 31.622776601683793, 31.622776601683793, 31.622776601683793, 31.622776601683793, 31.622776601683793, 31.622776601683793, 31.622776601683793, 31.622776601683793, 31.622776601683793, 31.622776601683793, 31.622776601683793, 31.622776601683793, 31.622776601683793, 31.622776601683793, 31.622776601683793, 31.622776601683793, 31.622776601683793, 31.622776601683793, 31.622776601683793, 31.622776601683793, 31.622776601683793, 31.622776601683793, 31.622776601683793, 31.622776601683793, 31.622776601683793, 31.622776601683793, 31.622776601683793, 31.622776601683793, 31.622776601683793, 31.622776601683793, 31.622776601683793, 31.622776601683793, 31.622776601683793, 31.622776601683793, 31.622776601683793, 31.622776601683793, 31.622776601683793, 31.622776601683793, 31.622776601683793, 31.622776601683793, 31.622776601683793, 31.622776601683793, 31.622776601683793, 31.622776601683793, 31.622776601683793, 31.622776601683793, 31.622776601683793, 31.622776601683793, 31.622776601683793, 31.622776601683793, 31.622776601683793, 31.622776601683793, 31.622776601683793, 31.622776601683793, 31.622776601683793, 31.622776601683793, 31.622776601683793, 31.622776601683793, 31.622776601683793, 31.622776601683793, 31.622776601683793, 31.622776601683793, 31.622776601683793, 31.622776601683793, 31.622776601683793, 31.622776601683793, 31.622776601683793, 31.622776601683793, 31.622776601683793, 31.622776601683793, 31.622776601683793, 31.622776601683793, 31.622776601683793, 31.622776601683793, 31.622776601683793, 31.622776601683793, 31.622776601683793, 31.622776601683793, 31.622776601683793, 31.622776601683793, 31.622776601683793, 31.622776601683793, 31.622776601683793, 31.622776601683793, 31.622776601683793, 31.622776601683793, 31.622776601683793, 31.622776601683793, 31.622776601683793, 31.622776601683793, 31.622776601683793, 31.622776601683793, 31.622776601683793, 31.622776601683793, 31.622776601683793, 31.622776601683793, 31.622776601683793, 31.622776601683793]
-MIN_DIST:  2000
- disaster percentage:  0
44

Starting GA of slice 0.

Generation :  1
Fitness of the best solution : 880873372.7953522
Generation :  2
Fitness of the best solution : 930773591.5273036
Generation :  3
Fitness of the best solution : 950643429.1509202
Generation :  4
Fitness of the best solution : 970333295.7867565
Generation :  5
Fitness of the best solution : 970503717.4237779
Generation :  6
Fitness of the best solution : 970503717.4237779
Generation :  7
Fitness of the best solution : 970503717.4237779
Generation :  8
Fitness of the best solution : 970523748.023147
Generation :  9
Fitness of the best solution : 970523748.023147
Generation :  10
Fitness of the best solution : 970523748.023147
Generation :  11
Fitness of the best solution : 970523748.023147
Generation :  12
Fitness of the best solution : 970523748.023147
Generation :  13
Fitness of the best solution : 970523748.023147
Generation :  14
Fitness of the best solution : 970523748.023147
Generation :  15
Fitness of the best solution : 970523748.023147
Generation :  16
Fitness of the best solution : 970523748.023147
Generation :  17
Fitness of the best solution : 970523748.023147
Generation :  18
Fitness of the best solution : 970523748.023147
Generation :  19
Fitness of the best solution : 970523748.023147
Generation :  20
Fitness of the best solution : 970523748.023147
Generation :  21
Fitness of the best solution : 970523748.023147
Generation :  22
Fitness of the best solution : 970523748.023147
Generation :  23
Fitness of the best solution : 970533267.2829769
Generation :  24
Fitness of the best solution : 970533267.2829769
Generation :  25
Fitness of the best solution : 970533267.2829769
Generation :  26
Fitness of the best solution : 970533267.2829769
Generation :  27
Fitness of the best solution : 970533267.2829769
Generation :  28
Fitness of the best solution : 970533267.2829769
Generation :  29
Fitness of the best solution : 970533267.2829769
Generation :  30
Fitness of the best solution : 970533267.2829769
Generation :  31
Fitness of the best solution : 970533267.2829769
Generation :  32
Fitness of the best solution : 970533267.2829769
Generation :  33
Fitness of the best solution : 970533267.2829769
Generation :  34
Fitness of the best solution : 970533267.2829769
Generation :  35
Fitness of the best solution : 970533267.2829769
Generation :  36
Fitness of the best solution : 970533267.2829769
Generation :  37
Fitness of the best solution : 970533267.2829769
Generation :  38
Fitness of the best solution : 970533455.8447852
Generation :  39
Fitness of the best solution : 970533455.8447852
Generation :  40
Fitness of the best solution : 970533455.8447852
Generation :  41
Fitness of the best solution : 970533455.8447852
Generation :  42
Fitness of the best solution : 970533455.8447852
Generation :  43
Fitness of the best solution : 970533455.8447852
Generation :  44
Fitness of the best solution : 970533455.8447852
Generation :  45
Fitness of the best solution : 970533455.8447852
Generation :  46
Fitness of the best solution : 970533455.8447852
Generation :  47
Fitness of the best solution : 970533455.8447852
Generation :  48
Fitness of the best solution : 970533455.8447852
Generation :  49
Fitness of the best solution : 970533455.8447852
Generation :  50
Fitness of the best solution : 970533455.8447852
