-------------Calculating Solution (this may take a while)
+++++++++++++++++++Min Sinr: 5 dB (pgwo2)
+++++++++++++++++++With backhaul constraint. Start: 2023-06-30 04:39:41

Parameters:
- chosen seed 24
- Map with 100 sectors
- Map 4000 x 4000 m
- Sector has a side of 400 m
- Max time:  12
- users_t_m:  [[0, 0, 0, 0, 0, 0, 0, 0, 0, 0, 0, 0, 0, 0, 0, 0, 0, 0, 0, 0, 0, 0, 0, 0, 0, 0, 0, 0, 0, 0, 0, 0, 0, 0, 0, 0, 0, 0, 0, 0, 0, 0, 0, 0, 0, 0, 0, 0, 0, 0, 0, 0, 0, 0, 0, 0, 0, 0, 0, 0, 0, 0, 0, 0, 0, 0, 1, 1, 0, 0, 0, 0, 0, 0, 0, 0, 12, 13, 0, 0, 0, 0, 0, 0, 0, 0, 2, 2, 0, 0, 0, 0, 0, 0, 0, 0, 0, 0, 0, 0], [0, 1, 0, 1, 0, 1, 0, 0, 0, 0, 0, 0, 0, 0, 1, 0, 0, 0, 1, 0, 0, 0, 1, 0, 0, 1, 0, 0, 0, 0, 0, 0, 0, 0, 0, 1, 1, 0, 0, 0, 1, 0, 0, 0, 0, 0, 1, 0, 0, 1, 1, 0, 0, 0, 0, 0, 2, 0, 0, 1, 2, 0, 0, 0, 0, 0, 0, 2, 0, 0, 0, 0, 0, 0, 0, 2, 8, 10, 0, 0, 0, 0, 1, 0, 0, 3, 2, 0, 0, 0, 2, 1, 2, 0, 1, 0, 1, 0, 0, 0], [2, 0, 0, 0, 2, 0, 3, 2, 0, 0, 1, 0, 1, 0, 1, 0, 0, 0, 1, 0, 0, 0, 0, 1, 1, 1, 0, 1, 1, 1, 0, 0, 1, 2, 1, 0, 0, 1, 0, 0, 0, 0, 0, 0, 0, 0, 1, 2, 0, 0, 0, 0, 1, 1, 0, 2, 1, 0, 0, 1, 2, 2, 0, 0, 0, 0, 2, 1, 2, 0, 1, 1, 0, 0, 0, 3, 14, 22, 0, 0, 0, 0, 0, 3, 0, 0, 5, 1, 0, 0, 2, 0, 1, 0, 1, 0, 0, 0, 0, 0], [0, 1, 0, 0, 0, 1, 1, 1, 1, 0, 1, 1, 0, 1, 1, 1, 0, 0, 0, 1, 0, 0, 2, 3, 2, 2, 0, 0, 1, 1, 2, 1, 0, 3, 0, 1, 0, 0, 1, 1, 3, 0, 2, 2, 2, 0, 0, 2, 0, 0, 0, 1, 1, 0, 1, 0, 2, 1, 2, 0, 0, 1, 0, 0, 0, 2, 5, 0, 0, 3, 0, 0, 2, 2, 4, 0, 8, 21, 1, 2, 4, 1, 0, 0, 0, 1, 2, 1, 0, 0, 1, 1, 2, 2, 1, 2, 2, 2, 0, 2], [1, 1, 2, 2, 0, 1, 3, 0, 0, 2, 3, 3, 1, 0, 1, 2, 1, 2, 2, 2, 4, 0, 1, 1, 0, 0, 2, 1, 0, 1, 4, 1, 0, 2, 2, 1, 1, 2, 0, 1, 1, 3, 2, 1, 0, 0, 1, 1, 1, 1, 1, 2, 2, 2, 0, 2, 0, 0, 1, 2, 2, 1, 2, 1, 1, 1, 4, 2, 3, 0, 2, 0, 4, 2, 0, 4, 14, 11, 0, 2, 1, 2, 2, 0, 1, 0, 2, 1, 0, 2, 2, 2, 1, 1, 0, 1, 3, 0, 2, 2], [1, 1, 0, 0, 4, 1, 1, 1, 4, 2, 3, 2, 0, 5, 1, 1, 1, 2, 1, 1, 1, 0, 2, 0, 2, 1, 1, 1, 0, 2, 5, 2, 1, 2, 3, 1, 0, 1, 0, 2, 2, 3, 1, 4, 5, 3, 2, 0, 1, 1, 0, 1, 2, 2, 4, 1, 2, 2, 0, 1, 3, 1, 2, 2, 1, 1, 0, 1, 7, 5, 0, 0, 2, 0, 1, 1, 8, 17, 2, 1, 2, 1, 3, 1, 0, 2, 2, 1, 2, 1, 0, 3, 5, 2, 3, 1, 0, 1, 1, 1], [3, 0, 0, 1, 0, 3, 1, 1, 3, 2, 1, 1, 0, 2, 2, 0, 0, 3, 1, 2, 2, 0, 1, 3, 2, 1, 3, 2, 0, 3, 1, 3, 2, 3, 3, 0, 1, 1, 3, 2, 5, 3, 2, 3, 1, 1, 2, 3, 1, 2, 1, 1, 1, 0, 0, 2, 0, 1, 1, 1, 1, 0, 1, 3, 1, 2, 2, 0, 2, 2, 1, 0, 1, 2, 3, 2, 2, 1, 0, 2, 2, 0, 0, 2, 0, 1, 1, 1, 0, 0, 0, 1, 3, 3, 1, 1, 1, 3, 2, 2], [1, 2, 2, 1, 0, 2, 2, 1, 1, 3, 2, 2, 2, 0, 0, 0, 2, 1, 1, 2, 0, 0, 0, 2, 1, 1, 2, 2, 0, 0, 1, 0, 0, 2, 0, 0, 0, 4, 1, 1, 3, 0, 2, 3, 2, 0, 0, 2, 1, 0, 0, 1, 3, 1, 0, 3, 1, 0, 1, 2, 1, 1, 4, 0, 0, 0, 3, 2, 0, 1, 1, 1, 0, 1, 1, 1, 0, 1, 0, 0, 0, 0, 0, 0, 1, 0, 1, 1, 4, 1, 2, 3, 2, 3, 1, 0, 0, 1, 3, 0], [3, 1, 1, 1, 2, 3, 3, 0, 1, 0, 2, 2, 1, 1, 0, 0, 1, 3, 1, 1, 0, 1, 0, 1, 1, 0, 1, 2, 1, 1, 0, 0, 1, 1, 0, 2, 2, 0, 0, 1, 0, 0, 1, 1, 0, 0, 0, 0, 2, 1, 0, 0, 2, 0, 1, 1, 1, 0, 0, 2, 0, 1, 2, 0, 0, 1, 2, 1, 0, 1, 0, 0, 0, 0, 0, 1, 1, 2, 1, 1, 0, 1, 0, 1, 1, 0, 1, 0, 1, 1, 1, 2, 0, 0, 0, 0, 2, 0, 0, 3], [2, 0, 0, 1, 1, 1, 0, 0, 1, 0, 0, 0, 0, 0, 0, 0, 1, 1, 1, 0, 1, 1, 1, 3, 0, 1, 0, 0, 0, 1, 0, 0, 0, 0, 1, 0, 2, 0, 1, 0, 1, 1, 0, 0, 0, 0, 1, 0, 2, 0, 0, 0, 0, 1, 1, 0, 1, 1, 0, 0, 0, 1, 1, 0, 0, 0, 2, 1, 1, 0, 0, 1, 2, 0, 1, 0, 0, 0, 0, 0, 0, 0, 2, 0, 0, 0, 0, 1, 2, 1, 2, 0, 0, 1, 3, 1, 0, 1, 1, 0], [0, 1, 0, 0, 0, 0, 0, 0, 0, 1, 0, 0, 1, 0, 0, 0, 1, 0, 0, 0, 0, 1, 1, 0, 2, 1, 0, 0, 0, 0, 1, 1, 0, 0, 0, 1, 0, 1, 2, 0, 0, 0, 0, 0, 0, 0, 3, 1, 0, 0, 0, 0, 0, 0, 0, 1, 0, 0, 0, 2, 0, 1, 0, 1, 0, 0, 0, 0, 0, 1, 0, 0, 0, 0, 0, 0, 0, 1, 0, 0, 0, 1, 0, 0, 0, 0, 0, 1, 0, 0, 1, 0, 0, 1, 0, 0, 0, 0, 1, 0], [0, 0, 0, 0, 0, 0, 0, 0, 1, 0, 1, 0, 1, 0, 0, 0, 1, 0, 0, 0, 0, 0, 0, 1, 0, 0, 0, 0, 1, 0, 0, 0, 0, 0, 0, 0, 0, 0, 0, 0, 0, 0, 0, 0, 0, 0, 0, 0, 0, 0, 1, 0, 0, 0, 0, 0, 0, 0, 0, 1, 0, 0, 0, 0, 1, 0, 0, 0, 0, 0, 0, 0, 1, 0, 0, 0, 0, 0, 0, 0, 0, 0, 0, 0, 0, 0, 0, 0, 0, 0, 0, 0, 0, 0, 0, 0, 0, 0, 0, 0]]
MAX_USER_PER_ANTENNAS_m:  [40, 40, 40, 40, 40, 40, 40, 40, 40, 40, 40, 40, 40, 40, 40, 40, 40, 40, 40, 40, 40, 40, 40, 40, 40, 40, 40, 40, 40, 40, 40, 40, 40, 40, 40, 40, 40, 40, 40, 40, 40, 40, 40, 40, 40, 40, 40, 40, 40, 40, 40, 40, 40, 40, 40, 40, 40, 40, 40, 40, 40, 40, 40, 40, 40, 40, 40, 40, 40, 40, 40, 40, 40, 40, 40, 40, 40, 40, 40, 40, 40, 40, 40, 40, 40, 40, 40, 40, 40, 40, 40, 40, 40, 40, 40, 40, 40, 40, 40, 40]
antennas_map_m:  [1, 1, 1, 1, 1, 1, 1, 1, 1, 1, 1, 1, 1, 1, 1, 1, 1, 1, 1, 1, 1, 1, 1, 1, 1, 1, 1, 1, 1, 1, 1, 1, 1, 1, 1, 1, 1, 1, 1, 1, 1, 1, 1, 1, 1, 1, 1, 1, 1, 1, 1, 1, 1, 1, 1, 1, 1, 1, 1, 1, 1, 1, 1, 1, 1, 1, 1, 1, 1, 1, 1, 1, 1, 1, 1, 1, 1, 1, 1, 1, 1, 1, 1, 1, 1, 1, 1, 1, 1, 1, 1, 1, 1, 1, 1, 1, 1, 1, 1, 1]
FIRST_ANTENNA:  91
MIN_SNR_m:  [3.1622776601683795, 3.1622776601683795, 3.1622776601683795, 3.1622776601683795, 3.1622776601683795, 3.1622776601683795, 3.1622776601683795, 3.1622776601683795, 3.1622776601683795, 3.1622776601683795, 3.1622776601683795, 3.1622776601683795, 3.1622776601683795, 3.1622776601683795, 3.1622776601683795, 3.1622776601683795, 3.1622776601683795, 3.1622776601683795, 3.1622776601683795, 3.1622776601683795, 3.1622776601683795, 3.1622776601683795, 3.1622776601683795, 3.1622776601683795, 3.1622776601683795, 3.1622776601683795, 3.1622776601683795, 3.1622776601683795, 3.1622776601683795, 3.1622776601683795, 3.1622776601683795, 3.1622776601683795, 3.1622776601683795, 3.1622776601683795, 3.1622776601683795, 3.1622776601683795, 3.1622776601683795, 3.1622776601683795, 3.1622776601683795, 3.1622776601683795, 3.1622776601683795, 3.1622776601683795, 3.1622776601683795, 3.1622776601683795, 3.1622776601683795, 3.1622776601683795, 3.1622776601683795, 3.1622776601683795, 3.1622776601683795, 3.1622776601683795, 3.1622776601683795, 3.1622776601683795, 3.1622776601683795, 3.1622776601683795, 3.1622776601683795, 3.1622776601683795, 3.1622776601683795, 3.1622776601683795, 3.1622776601683795, 3.1622776601683795, 3.1622776601683795, 3.1622776601683795, 3.1622776601683795, 3.1622776601683795, 3.1622776601683795, 3.1622776601683795, 3.1622776601683795, 3.1622776601683795, 3.1622776601683795, 3.1622776601683795, 3.1622776601683795, 3.1622776601683795, 3.1622776601683795, 3.1622776601683795, 3.1622776601683795, 3.1622776601683795, 3.1622776601683795, 3.1622776601683795, 3.1622776601683795, 3.1622776601683795, 3.1622776601683795, 3.1622776601683795, 3.1622776601683795, 3.1622776601683795, 3.1622776601683795, 3.1622776601683795, 3.1622776601683795, 3.1622776601683795, 3.1622776601683795, 3.1622776601683795, 3.1622776601683795, 3.1622776601683795, 3.1622776601683795, 3.1622776601683795, 3.1622776601683795, 3.1622776601683795, 3.1622776601683795, 3.1622776601683795, 3.1622776601683795, 3.1622776601683795]
-MIN_DIST:  2000
- disaster percentage:  0

Slice 0
Fitnes _wolf:  -inf

Run GWO to deployment +1 antenna on the map
	Pack size:  50
	Wolf dimension 1
	Max iter 100
	antennas_regions:  [91]
	users_regions:  [66 67 76 77 86 87]
	Fitness function:  <function fitness_pgwo2 at 0x7f11058800e0>
	Seed_base:  0
initial_alpha:  Wolf 11 (11). Fitness: 358.36953163669864
	(1809.5182140392744, 2239.089544321984, 0). Region: 54
initial_beta:  Wolf 44 (44). Fitness: 358.36953163669864
	(1634.143517017975, 2167.8880364183847, 0). Region: 54
initial_delta:  Wolf 35 (35). Fitness: 20.77828915005526
	(2194.778422575289, 3002.163801542683, 0). Region: 75 

The alpha wolf has been updated to a position with higher fitness. iter = 1
New alpha wolf:  Wolf 6 (6). Fitness: 1364.00841307931
	(1584.5973200847588, 2749.9269339295006, 0.0). Region: 63
iter = 10
Alpha wolf:  Wolf 6 (6). Fitness: 1364.00841307931
	(1584.5973200847588, 2749.9269339295006, 0.0). Region: 63
iter = 20
Alpha wolf:  Wolf 6 (6). Fitness: 1364.00841307931
	(1584.5973200847588, 2749.9269339295006, 0.0). Region: 63
iter = 30
Alpha wolf:  Wolf 6 (6). Fitness: 1364.00841307931
	(1200.9742963566807, 2489.0466945159737, 0.0). Region: 63
iter = 40
Alpha wolf:  Wolf 6 (6). Fitness: 1364.00841307931
	(1561.3698552354458, 2544.043305580165, 0.0). Region: 63
iter = 50
Alpha wolf:  Wolf 6 (6). Fitness: 1364.00841307931
	(1518.3158732367315, 2641.806566982262, 0.0). Region: 63
iter = 60
Alpha wolf:  Wolf 6 (6). Fitness: 1364.00841307931
	(1541.914808557976, 2602.804414131093, 0.0). Region: 63
iter = 70
Alpha wolf:  Wolf 6 (6). Fitness: 1364.00841307931
	(1450.3245860881107, 2709.2363187934643, 0.0). Region: 63
iter = 80
Alpha wolf:  Wolf 6 (6). Fitness: 1364.00841307931
	(1395.7492872233524, 2547.959497895738, 0.0). Region: 63
iter = 90
Alpha wolf:  Wolf 6 (6). Fitness: 1364.00841307931
	(1373.3122067631252, 2729.3961736412352, 0.0). Region: 63

- Finishing GWO - 

Best solution:  Wolf 6 (6). Fitness: 1364.00841307931
	(1483.3482556992017, 2734.679184938687, 0.0). Region: 63
Antennas in slice 0:  [63 91]
Results:  [array([63, 91])]

Slice 1
Fitnes _wolf:  -inf

Run GWO to deployment +1 antenna on the map
	Pack size:  50
	Wolf dimension 1
	Max iter 100
	antennas_regions:  [63 91]
	users_regions:  [ 1  3  5 14 18 22 25 35 36 40 46 49 50 56 59 60 67 75 76 77 82 85 86 90
 91 92 94 96]
	Fitness function:  <function fitness_pgwo2 at 0x7f11058800e0>
	Seed_base:  50
initial_alpha:  Wolf 27 (77). Fitness: 3.555171585178086e-05
	(3196.4614764669077, 1303.6245762501455, 0). Region: 37
initial_beta:  Wolf 0 (50). Fitness: -inf
	(1990.1462750344092, 1064.6948922901624, 0). Region: 24
initial_delta:  Wolf 1 (51). Fitness: -inf
	(974.071050837348, 2008.835958012624, 0). Region: 52 

iter = 10
Alpha wolf:  Wolf 27 (77). Fitness: 3.555171585178086e-05
	(2823.4563450074356, 1499.1067726491049, 0.0). Region: 37
iter = 20
Alpha wolf:  Wolf 27 (77). Fitness: 3.555171585178086e-05
	(2806.7320043405925, 1451.9881573313805, 0.0). Region: 37
iter = 30
Alpha wolf:  Wolf 27 (77). Fitness: 3.555171585178086e-05
	(2806.7320043405925, 1451.9881573313805, 0.0). Region: 37
iter = 40
Alpha wolf:  Wolf 27 (77). Fitness: 3.555171585178086e-05
	(2972.47684514499, 1447.3635142075893, 0.0). Region: 37
iter = 50
Alpha wolf:  Wolf 27 (77). Fitness: 3.555171585178086e-05
	(3016.004450314355, 1525.8757688212347, 0.0). Region: 37
iter = 60
Alpha wolf:  Wolf 27 (77). Fitness: 3.555171585178086e-05
	(3044.9643692456384, 1343.4502379283767, 0.0). Region: 37
iter = 70
Alpha wolf:  Wolf 27 (77). Fitness: 3.555171585178086e-05
	(3019.8578343729814, 1493.6881484261144, 0.0). Region: 37
iter = 80
Alpha wolf:  Wolf 27 (77). Fitness: 3.555171585178086e-05
	(2895.966651000268, 1357.4388971305439, 0.0). Region: 37
iter = 90
Alpha wolf:  Wolf 27 (77). Fitness: 3.555171585178086e-05
	(3028.231727072098, 1514.615777076969, 0.0). Region: 37

- Finishing GWO - 

Best solution:  Wolf 27 (77). Fitness: 3.555171585178086e-05
	(3120.8040692281124, 1453.8039496399947, 0.0). Region: 37
Antennas in slice 1:  [37 63 91]
Results:  [array([63, 91]), array([37, 63, 91])]

Slice 2
Fitnes _wolf:  -inf

Run GWO to deployment +1 antenna on the map
	Pack size:  50
	Wolf dimension 1
	Max iter 100
	antennas_regions:  [37 63 91]
	users_regions:  [ 0  4  6  7 10 12 14 18 23 24 25 27 28 29 32 33 34 37 46 47 52 53 55 56
 59 60 61 66 67 68 70 71 75 76 77 83 86 87 90 92 94]
	Fitness function:  <function fitness_pgwo2 at 0x7f11058800e0>
	Seed_base:  100
initial_alpha:  Wolf 9 (109). Fitness: 0.00028677381708057425
	(1118.3321544234714, 1837.1158972395594, 0). Region: 42
initial_beta:  Wolf 41 (141). Fitness: 0.0002867738170740998
	(2069.283598026895, 120.75020612316223, 0). Region: 5
initial_delta:  Wolf 0 (100). Fitness: -inf
	(582.6770204165213, 1819.7080180560854, 0). Region: 41 

iter = 10
Alpha wolf:  Wolf 9 (109). Fitness: 0.00028677381708057425
	(1118.3321544234714, 1837.1158972395594, 0). Region: 42
iter = 20
Alpha wolf:  Wolf 9 (109). Fitness: 0.00028677381708057425
	(984.3613825335693, 1833.53667598927, 0.0). Region: 42
iter = 30
Alpha wolf:  Wolf 9 (109). Fitness: 0.00028677381708057425
	(984.3613825335693, 1833.53667598927, 0.0). Region: 42
iter = 40
Alpha wolf:  Wolf 9 (109). Fitness: 0.00028677381708057425
	(986.7274698174454, 1984.246602083049, 0.0). Region: 42
iter = 50
Alpha wolf:  Wolf 9 (109). Fitness: 0.00028677381708057425
	(1146.6335321367724, 1953.310068112467, 0.0). Region: 42
iter = 60
Alpha wolf:  Wolf 9 (109). Fitness: 0.00028677381708057425
	(1076.3836583993402, 1879.6055350181773, 0.0). Region: 42
iter = 70
Alpha wolf:  Wolf 9 (109). Fitness: 0.00028677381708057425
	(823.2026051770761, 1974.2442364788951, 0.0). Region: 42
iter = 80
Alpha wolf:  Wolf 9 (109). Fitness: 0.00028677381708057425
	(1177.2557075531568, 1648.3354681067588, 0.0). Region: 42
iter = 90
Alpha wolf:  Wolf 9 (109). Fitness: 0.00028677381708057425
	(1076.7303929052832, 1872.0664662351148, 0.0). Region: 42

- Finishing GWO - 

Best solution:  Wolf 9 (109). Fitness: 0.00028677381708057425
	(1183.3374982530831, 1840.0900664719095, 0.0). Region: 42
Antennas in slice 2:  [37 42 63 91]
Results:  [array([63, 91]), array([37, 63, 91]), array([37, 42, 63, 91])]

Slice 3
Fitnes _wolf:  -inf

Run GWO to deployment +1 antenna on the map
	Pack size:  50
	Wolf dimension 1
	Max iter 100
	antennas_regions:  [37 42 63 91]
	users_regions:  [ 1  5  6  7  8 10 11 13 14 15 19 22 23 24 25 28 29 30 31 33 35 38 39 40
 42 43 44 47 51 52 54 56 57 58 61 65 66 69 72 73 74 76 77 78 79 80 81 85
 86 87 90 91 92 93 94 95 96 97 99]
	Fitness function:  <function fitness_pgwo2 at 0x7f11058800e0>
	Seed_base:  150
initial_alpha:  Wolf 46 (196). Fitness: 5.9277197639882476e-05
	(2597.5977929671876, 2844.2842259606773, 0). Region: 76
initial_beta:  Wolf 20 (170). Fitness: 5.3659818704505105e-05
	(3149.6054334934965, 3639.6277492389127, 0). Region: 97
initial_delta:  Wolf 1 (151). Fitness: 5.159108796538159e-05
	(2826.2949409966977, 3383.9252850902753, 0). Region: 87 

iter = 10
Alpha wolf:  Wolf 46 (196). Fitness: 5.9277197639882476e-05
	(2597.5977929671876, 2844.2842259606773, 0). Region: 76
iter = 20
Alpha wolf:  Wolf 46 (196). Fitness: 5.9277197639882476e-05
	(2597.5977929671876, 2844.2842259606773, 0). Region: 76
iter = 30
Alpha wolf:  Wolf 46 (196). Fitness: 5.9277197639882476e-05
	(2610.0044149060404, 2907.2443989724125, 0.0). Region: 76
iter = 40
Alpha wolf:  Wolf 46 (196). Fitness: 5.9277197639882476e-05
	(2478.3913733589134, 2914.9901585785124, 0.0). Region: 76
iter = 50
Alpha wolf:  Wolf 46 (196). Fitness: 5.9277197639882476e-05
	(2744.849875076773, 2928.3387089883768, 0.0). Region: 76
iter = 60
Alpha wolf:  Wolf 46 (196). Fitness: 5.9277197639882476e-05
	(2663.0217139597576, 2889.1197706344547, 0.0). Region: 76
iter = 70
Alpha wolf:  Wolf 46 (196). Fitness: 5.9277197639882476e-05
	(2657.351005187105, 3086.6940630883896, 0.0). Region: 76
iter = 80
Alpha wolf:  Wolf 46 (196). Fitness: 5.9277197639882476e-05
	(2498.126156486375, 2960.7436739011173, 0.0). Region: 76
iter = 90
Alpha wolf:  Wolf 46 (196). Fitness: 5.9277197639882476e-05
	(2502.304717191969, 3175.9089453923098, 0.0). Region: 76

- Finishing GWO - 

Best solution:  Wolf 46 (196). Fitness: 5.9277197639882476e-05
	(2644.83721296234, 3095.2124051381106, 0.0). Region: 76
Antennas in slice 3:  [37 42 63 76 91]
Results:  [array([63, 91]), array([37, 63, 91]), array([37, 42, 63, 91]), array([37, 42, 63, 76, 91])]

Slice 4
Fitnes _wolf:  4.239644793299877e-05
The set of antennas serves the scenario in the respective slice.
Results:  [array([63, 91]), array([37, 63, 91]), array([37, 42, 63, 91]), array([37, 42, 63, 76, 91]), array([37, 42, 63, 76, 91])]

Slice 5
Fitnes _wolf:  3.636522172344451e-05
The set of antennas serves the scenario in the respective slice.
Results:  [array([63, 91]), array([37, 63, 91]), array([37, 42, 63, 91]), array([37, 42, 63, 76, 91]), array([37, 42, 63, 76, 91]), array([37, 42, 63, 76, 91])]

Slice 6
Fitnes _wolf:  -inf

Run GWO to deployment +1 antenna on the map
	Pack size:  50
	Wolf dimension 1
	Max iter 100
	antennas_regions:  [37 42 63 76 91]
	users_regions:  [ 0  3  5  6  7  8  9 10 11 13 14 17 18 19 20 22 23 24 25 26 27 29 30 31
 32 33 34 36 37 38 39 40 41 42 43 44 45 46 47 48 49 50 51 52 55 57 58 59
 60 62 63 64 65 66 68 69 70 72 73 74 75 76 77 79 80 83 85 86 87 91 92 93
 94 95 96 97 98 99]
	Fitness function:  <function fitness_pgwo2 at 0x7f11058800e0>
	Seed_base:  200
initial_alpha:  Wolf 48 (248). Fitness: 4.0189426743004314e-05
	(3347.089481828915, 2896.691588344964, 0). Region: 78
initial_beta:  Wolf 43 (243). Fitness: 4.006862863162422e-05
	(3911.9757978697667, 2102.720508395365, 0). Region: 59
initial_delta:  Wolf 46 (246). Fitness: 4.006862863162422e-05
	(3708.2991021951, 2066.707265013832, 0). Region: 59 

The alpha wolf has been updated to a position with higher fitness. iter = 0
New alpha wolf:  Wolf 31 (231). Fitness: 4.018942674300477e-05
	(2609.418405224408, 744.4910667085869, 0.0). Region: 16
The alpha wolf has been updated to a position with higher fitness. iter = 1
New alpha wolf:  Wolf 18 (218). Fitness: 4.018942674302195e-05
	(3662.070535709273, 3284.927664764724, 0.0). Region: 89
iter = 10
Alpha wolf:  Wolf 18 (218). Fitness: 4.018942674302195e-05
	(3662.070535709273, 3284.927664764724, 0.0). Region: 89
iter = 20
Alpha wolf:  Wolf 18 (218). Fitness: 4.018942674302195e-05
	(3662.070535709273, 3284.927664764724, 0.0). Region: 89
iter = 30
Alpha wolf:  Wolf 18 (218). Fitness: 4.018942674302195e-05
	(3662.070535709273, 3284.927664764724, 0.0). Region: 89
iter = 40
Alpha wolf:  Wolf 18 (218). Fitness: 4.018942674302195e-05
	(3606.526819619694, 3333.376958068865, 0.0). Region: 89
iter = 50
Alpha wolf:  Wolf 18 (218). Fitness: 4.018942674302195e-05
	(3908.556907905806, 3258.937885247864, 0.0). Region: 89
iter = 60
Alpha wolf:  Wolf 18 (218). Fitness: 4.018942674302195e-05
	(3938.720548909196, 3456.8731961456997, 0.0). Region: 89
iter = 70
Alpha wolf:  Wolf 18 (218). Fitness: 4.018942674302195e-05
	(3925.3867889147027, 3550.5838006388476, 0.0). Region: 89
iter = 80
Alpha wolf:  Wolf 18 (218). Fitness: 4.018942674302195e-05
	(3850.9222283771733, 3234.3408137550286, 0.0). Region: 89
iter = 90
Alpha wolf:  Wolf 18 (218). Fitness: 4.018942674302195e-05
	(3750.6532369917513, 3486.94151317673, 0.0). Region: 89

- Finishing GWO - 

Best solution:  Wolf 18 (218). Fitness: 4.018942674302195e-05
	(3929.0793984675097, 3523.230458257972, 0.0). Region: 89
Antennas in slice 6:  [37 42 63 76 89 91]
Results:  [array([63, 91]), array([37, 63, 91]), array([37, 42, 63, 91]), array([37, 42, 63, 76, 91]), array([37, 42, 63, 76, 91]), array([37, 42, 63, 76, 91]), array([37, 42, 63, 76, 89, 91])]

Slice 7
Fitnes _wolf:  3.1621138125522055e-05
The set of antennas serves the scenario in the respective slice.
Results:  [array([63, 91]), array([37, 63, 91]), array([37, 42, 63, 91]), array([37, 42, 63, 76, 91]), array([37, 42, 63, 76, 91]), array([37, 42, 63, 76, 91]), array([37, 42, 63, 76, 89, 91]), array([37, 42, 63, 76, 89, 91])]

Slice 8
Fitnes _wolf:  3.239978792828275e-05
The set of antennas serves the scenario in the respective slice.
Results:  [array([63, 91]), array([37, 63, 91]), array([37, 42, 63, 91]), array([37, 42, 63, 76, 91]), array([37, 42, 63, 76, 91]), array([37, 42, 63, 76, 91]), array([37, 42, 63, 76, 89, 91]), array([37, 42, 63, 76, 89, 91]), array([37, 42, 63, 76, 89, 91])]

Slice 9
Fitnes _wolf:  0.00011903897039321078
The set of antennas serves the scenario in the respective slice.
Results:  [array([63, 91]), array([37, 63, 91]), array([37, 42, 63, 91]), array([37, 42, 63, 76, 91]), array([37, 42, 63, 76, 91]), array([37, 42, 63, 76, 91]), array([37, 42, 63, 76, 89, 91]), array([37, 42, 63, 76, 89, 91]), array([37, 42, 63, 76, 89, 91]), array([37, 42, 63, 76, 89, 91])]

Slice 10
Fitnes _wolf:  3.9484701758354054e-05
The set of antennas serves the scenario in the respective slice.
Results:  [array([63, 91]), array([37, 63, 91]), array([37, 42, 63, 91]), array([37, 42, 63, 76, 91]), array([37, 42, 63, 76, 91]), array([37, 42, 63, 76, 91]), array([37, 42, 63, 76, 89, 91]), array([37, 42, 63, 76, 89, 91]), array([37, 42, 63, 76, 89, 91]), array([37, 42, 63, 76, 89, 91]), array([37, 42, 63, 76, 89, 91])]

Slice 11
Fitnes _wolf:  73.43936298081796
The set of antennas serves the scenario in the respective slice.
Results:  [array([63, 91]), array([37, 63, 91]), array([37, 42, 63, 91]), array([37, 42, 63, 76, 91]), array([37, 42, 63, 76, 91]), array([37, 42, 63, 76, 91]), array([37, 42, 63, 76, 89, 91]), array([37, 42, 63, 76, 89, 91]), array([37, 42, 63, 76, 89, 91]), array([37, 42, 63, 76, 89, 91]), array([37, 42, 63, 76, 89, 91]), array([37, 42, 63, 76, 89, 91])]
Results:  [array([63, 91]), array([37, 63, 91]), array([37, 42, 63, 91]), array([37, 42, 63, 76, 91]), array([37, 42, 63, 76, 91]), array([37, 42, 63, 76, 91]), array([37, 42, 63, 76, 89, 91]), array([37, 42, 63, 76, 89, 91]), array([37, 42, 63, 76, 89, 91]), array([37, 42, 63, 76, 89, 91]), array([37, 42, 63, 76, 89, 91]), array([37, 42, 63, 76, 89, 91])]

Média de carros: 5.0
t=0
Antennas: [63 91]
Users: [66 67 76 77 86 87]
connections:  {66: 63, 67: 63, 77: 63, 86: 63, 87: 63, 76: 63}
$x_{0,63}$
	 $y_{0,63,66}$ = 7.121994775176262 dB
	 $y_{0,63,67}$ = 5.085612290138357 dB
	 $y_{0,63,77}$ = 6.2748411440379925 dB
	 $y_{0,63,86}$ = 5.3122718737229775 dB
	 $y_{0,63,87}$ = 5.372010934106385 dB
	 $y_{0,63,76}$ = 10.15220200439154 dB
		SNR medio:  1.2683526781152747
		Usuarios totais: 31
$x_{0,91}$
		Usuarios totais: 0
Distances:
63 : 91 = 1442.2205101855957
t=1
Antennas: [37 63 91]
Users: [ 1  3  5 14 18 22 25 35 36 40 46 49 50 56 59 60 67 75 76 77 82 85 86 90
 91 92 94 96]
connections:  {1: 37, 3: 63, 5: 37, 18: 37, 22: 37, 25: 37, 49: 37, 50: 63, 56: 37, 59: 37, 86: 63, 94: 91, 96: 63, 14: 37, 35: 37, 36: 37, 40: 63, 46: 37, 60: 63, 67: 37, 76: 63, 77: 63, 82: 63, 90: 63, 91: 91, 92: 63, 75: 63, 85: 63}
$x_{1,37}$
	 $y_{1,37,1}$ = 5.41433307347458 dB
	 $y_{1,37,5}$ = 7.804850876847098 dB
	 $y_{1,37,18}$ = 21.519273762472167 dB
	 $y_{1,37,22}$ = 9.651709053628082 dB
	 $y_{1,37,25}$ = 20.11809998189443 dB
	 $y_{1,37,49}$ = 18.474110543022704 dB
	 $y_{1,37,56}$ = 15.59126951626898 dB
	 $y_{1,37,59}$ = 16.347047189049178 dB
	 $y_{1,37,14}$ = 6.775328626107665 dB
	 $y_{1,37,35}$ = 16.14959276183221 dB
	 $y_{1,37,36}$ = 28.28146956289345 dB
	 $y_{1,37,46}$ = 20.245559720772107 dB
	 $y_{1,37,67}$ = 11.547928356004633 dB
		SNR medio:  13.194704868284484
		Usuarios totais: 15
$x_{1,63}$
	 $y_{1,63,3}$ = 5.202139797338219 dB
	 $y_{1,63,50}$ = 11.199449707263 dB
	 $y_{1,63,86}$ = 5.3122718737229775 dB
	 $y_{1,63,96}$ = 5.018220896527936 dB
	 $y_{1,63,40}$ = 8.02311339958456 dB
	 $y_{1,63,60}$ = 15.943888009620565 dB
	 $y_{1,63,76}$ = 10.15220200439154 dB
	 $y_{1,63,77}$ = 6.2748411440379925 dB
	 $y_{1,63,82}$ = 18.45124088571299 dB
	 $y_{1,63,90}$ = 8.614860202157885 dB
	 $y_{1,63,92}$ = 11.88543584823097 dB
	 $y_{1,63,75}$ = 17.259283317115305 dB
	 $y_{1,63,85}$ = 12.979312596846427 dB
		SNR medio:  3.7865627689597323
		Usuarios totais: 36
$x_{1,91}$
	 $y_{1,91,94}$ = 18.190372723041378 dB
	 $y_{1,91,91}$ = 92.60667376036639 dB
		SNR medio:  55.398523241703884
		Usuarios totais: 2
Distances:
37 : 63 = 2000.0
37 : 91 = 3394.1125496954282
63 : 91 = 1442.2205101855957
t=2
Antennas: [37 42 63 91]
Users: [ 0  4  6  7 10 12 14 18 23 24 25 27 28 29 32 33 34 37 46 47 52 53 55 56
 59 60 61 66 67 68 70 71 75 76 77 83 86 87 90 92 94]
connections:  {0: 42, 10: 42, 18: 37, 27: 37, 29: 37, 56: 37, 59: 37, 86: 63, 94: 91, 4: 37, 6: 37, 7: 37, 12: 63, 14: 37, 23: 63, 25: 37, 28: 37, 32: 63, 37: 37, 52: 63, 67: 37, 68: 37, 70: 63, 77: 63, 83: 63, 87: 63, 90: 63, 92: 63, 24: 63, 33: 37, 34: 37, 46: 37, 47: 37, 55: 37, 60: 42, 61: 42, 66: 37, 71: 42, 75: 37, 76: 42, 53: 37}
$x_{2,37}$
	 $y_{2,37,18}$ = 21.519273762472167 dB
	 $y_{2,37,27}$ = 28.629202706862287 dB
	 $y_{2,37,29}$ = 9.680203065938116 dB
	 $y_{2,37,56}$ = 15.59126951626898 dB
	 $y_{2,37,59}$ = 16.347047189049178 dB
	 $y_{2,37,4}$ = 9.655857684251515 dB
	 $y_{2,37,6}$ = 14.149633218217872 dB
	 $y_{2,37,7}$ = 6.643262698578837 dB
	 $y_{2,37,14}$ = 6.775328626107665 dB
	 $y_{2,37,25}$ = 20.11809998189443 dB
	 $y_{2,37,28}$ = 25.315582426213922 dB
	 $y_{2,37,37}$ = 85.06723977385676 dB
	 $y_{2,37,67}$ = 11.547928356004633 dB
	 $y_{2,37,68}$ = 14.495490441911613 dB
	 $y_{2,37,33}$ = 12.841604492418767 dB
	 $y_{2,37,34}$ = 9.357607653343166 dB
	 $y_{2,37,46}$ = 20.245559720772107 dB
	 $y_{2,37,47}$ = 25.294163243334282 dB
	 $y_{2,37,55}$ = 14.774716836633118 dB
	 $y_{2,37,66}$ = 16.88287063254478 dB
	 $y_{2,37,75}$ = 10.649858550777566 dB
	 $y_{2,37,53}$ = 6.258657725659958 dB
		SNR medio:  12.17698358494278
		Usuarios totais: 33
$x_{2,42}$
	 $y_{2,42,0}$ = 7.633636247582771 dB
	 $y_{2,42,10}$ = 6.98783690462281 dB
	 $y_{2,42,60}$ = 9.028550182661263 dB
	 $y_{2,42,61}$ = 18.116278704354144 dB
	 $y_{2,42,71}$ = 13.114992245936207 dB
	 $y_{2,42,76}$ = 9.9340886231454 dB
		SNR medio:  2.946153768559209
		Usuarios totais: 22
$x_{2,63}$
	 $y_{2,63,86}$ = 5.3122718737229775 dB
	 $y_{2,63,12}$ = 7.387982995279401 dB
	 $y_{2,63,23}$ = 10.015759406353595 dB
	 $y_{2,63,32}$ = 15.540513413733962 dB
	 $y_{2,63,52}$ = 23.38867721150109 dB
	 $y_{2,63,70}$ = 14.083678997743803 dB
	 $y_{2,63,77}$ = 6.2748411440379925 dB
	 $y_{2,63,83}$ = 19.327305698803187 dB
	 $y_{2,63,87}$ = 5.372010934106385 dB
	 $y_{2,63,90}$ = 8.614860202157885 dB
	 $y_{2,63,92}$ = 11.88543584823097 dB
	 $y_{2,63,24}$ = 6.715081734184082 dB
		SNR medio:  3.3479604864963832
		Usuarios totais: 40
$x_{2,91}$
	 $y_{2,91,94}$ = 18.190372723041378 dB
		SNR medio:  18.190372723041378
		Usuarios totais: 1
Distances:
37 : 42 = 2039.607805437114
37 : 63 = 2000.0
37 : 91 = 3394.1125496954282
42 : 63 = 894.4271909999159
42 : 91 = 2039.607805437114
63 : 91 = 1442.2205101855957
t=3
Antennas: [37 42 63 76 91]
Users: [ 1  5  6  7  8 10 11 13 14 15 19 22 23 24 25 28 29 30 31 33 35 38 39 40
 42 43 44 47 51 52 54 56 57 58 61 65 66 69 72 73 74 76 77 78 79 80 81 85
 86 87 90 91 92 93 94 95 96 97 99]
connections:  {5: 37, 8: 37, 10: 42, 11: 42, 15: 37, 19: 37, 29: 37, 30: 42, 79: 76, 80: 91, 97: 76, 99: 76, 1: 37, 6: 37, 7: 37, 13: 42, 14: 37, 22: 37, 23: 42, 25: 37, 28: 37, 31: 42, 38: 37, 39: 37, 52: 42, 56: 37, 58: 37, 69: 37, 78: 37, 86: 76, 90: 91, 92: 91, 94: 76, 95: 76, 96: 76, 24: 37, 33: 37, 40: 42, 44: 37, 51: 42, 57: 37, 74: 42, 77: 76, 81: 76, 87: 76, 91: 91, 93: 76, 35: 76, 42: 42, 43: 37, 47: 37, 54: 76, 61: 42, 66: 42, 72: 42, 73: 42, 76: 42, 85: 37, 65: 42}
$x_{3,37}$
	 $y_{3,37,5}$ = 7.804850876847098 dB
	 $y_{3,37,8}$ = 9.66439103271486 dB
	 $y_{3,37,15}$ = 8.629257846606464 dB
	 $y_{3,37,19}$ = 15.341623002404688 dB
	 $y_{3,37,29}$ = 9.680203065938116 dB
	 $y_{3,37,1}$ = 5.41433307347458 dB
	 $y_{3,37,6}$ = 14.149633218217872 dB
	 $y_{3,37,7}$ = 6.643262698578837 dB
	 $y_{3,37,14}$ = 6.775328626107665 dB
	 $y_{3,37,22}$ = 9.651709053628082 dB
	 $y_{3,37,25}$ = 20.11809998189443 dB
	 $y_{3,37,28}$ = 25.315582426213922 dB
	 $y_{3,37,38}$ = 32.23062315654323 dB
	 $y_{3,37,39}$ = 19.29090344817193 dB
	 $y_{3,37,56}$ = 15.59126951626898 dB
	 $y_{3,37,58}$ = 13.722620963778354 dB
	 $y_{3,37,69}$ = 11.270180472360124 dB
	 $y_{3,37,78}$ = 6.705785440268755 dB
	 $y_{3,37,24}$ = 8.576312584101174 dB
	 $y_{3,37,33}$ = 12.841604492418767 dB
	 $y_{3,37,44}$ = 21.212781908105114 dB
	 $y_{3,37,57}$ = 19.36868862536538 dB
	 $y_{3,37,43}$ = 5.48270493663135 dB
	 $y_{3,37,47}$ = 25.294163243334282 dB
	 $y_{3,37,85}$ = 8.346888105341066 dB
		SNR medio:  9.165481129603114
		Usuarios totais: 37
$x_{3,42}$
	 $y_{3,42,10}$ = 6.98783690462281 dB
	 $y_{3,42,11}$ = 13.942007022993266 dB
	 $y_{3,42,30}$ = 10.839967048591006 dB
	 $y_{3,42,13}$ = 10.392014255927364 dB
	 $y_{3,42,23}$ = 17.048803315454762 dB
	 $y_{3,42,31}$ = 27.155535451838617 dB
	 $y_{3,42,52}$ = 30.264379598256966 dB
	 $y_{3,42,40}$ = 13.59996575423213 dB
	 $y_{3,42,51}$ = 26.27945897897554 dB
	 $y_{3,42,74}$ = 6.0933581720339305 dB
	 $y_{3,42,42}$ = 85.35860462202695 dB
	 $y_{3,42,61}$ = 18.116278704354144 dB
	 $y_{3,42,66}$ = 9.305145842713898 dB
	 $y_{3,42,72}$ = 23.139299922370142 dB
	 $y_{3,42,73}$ = 6.531351786848688 dB
	 $y_{3,42,76}$ = 9.9340886231454 dB
	 $y_{3,42,65}$ = 6.421299931949449 dB
		SNR medio:  8.035234898408376
		Usuarios totais: 40
$x_{3,63}$
		Usuarios totais: 0
$x_{3,76}$
	 $y_{3,76,79}$ = 6.310441353661048 dB
	 $y_{3,76,97}$ = 11.935224251140141 dB
	 $y_{3,76,99}$ = 13.618379186524749 dB
	 $y_{3,76,86}$ = 30.584288671195736 dB
	 $y_{3,76,94}$ = 18.355236660526103 dB
	 $y_{3,76,95}$ = 17.40206905945921 dB
	 $y_{3,76,96}$ = 19.84589112683281 dB
	 $y_{3,76,77}$ = 23.245327948603887 dB
	 $y_{3,76,81}$ = 11.675152777469165 dB
	 $y_{3,76,87}$ = 27.256475474233696 dB
	 $y_{3,76,93}$ = 8.826873436587533 dB
	 $y_{3,76,35}$ = 5.066000818560866 dB
	 $y_{3,76,54}$ = 5.22877096767013 dB
		SNR medio:  4.983753293311627
		Usuarios totais: 40
$x_{3,91}$
	 $y_{3,91,80}$ = 28.703991150010424 dB
	 $y_{3,91,90}$ = 29.867500548585312 dB
	 $y_{3,91,92}$ = 18.980873501350345 dB
	 $y_{3,91,91}$ = 92.60667376036639 dB
		SNR medio:  21.26987987003906
		Usuarios totais: 8
Distances:
37 : 42 = 2039.607805437114
37 : 63 = 2000.0
37 : 76 = 1649.2422502470642
37 : 91 = 3394.1125496954282
42 : 63 = 894.4271909999159
42 : 76 = 2000.0
42 : 91 = 2039.607805437114
63 : 76 = 1264.9110640673518
63 : 91 = 1442.2205101855957
76 : 91 = 2154.0659228538016
t=4
Antennas: [37 42 63 76 91]
Users: [ 0  1  2  3  5  6  9 10 11 12 14 15 16 17 18 19 20 22 23 26 27 29 30 31
 33 34 35 36 37 39 40 41 42 43 46 47 48 49 50 51 52 53 55 58 59 60 61 62
 63 64 65 66 67 68 70 72 73 75 76 77 79 80 81 82 84 86 87 89 90 91 92 93
 95 96 98 99]
connections:  {0: 42, 2: 42, 3: 63, 5: 37, 9: 37, 10: 42, 11: 42, 15: 37, 18: 37, 19: 37, 29: 37, 30: 42, 49: 37, 79: 76, 80: 91, 89: 76, 98: 76, 99: 76, 1: 42, 6: 42, 12: 42, 14: 37, 16: 37, 17: 37, 20: 42, 22: 42, 23: 42, 26: 37, 27: 37, 31: 42, 39: 37, 41: 42, 50: 42, 52: 42, 58: 37, 59: 37, 70: 63, 86: 76, 90: 63, 92: 63, 95: 76, 96: 76, 33: 42, 36: 37, 37: 37, 40: 42, 48: 42, 51: 42, 60: 42, 67: 37, 68: 37, 77: 76, 81: 76, 87: 42, 91: 91, 34: 37, 35: 37, 42: 76, 43: 37, 46: 37, 47: 37, 55: 37, 61: 76, 62: 76, 63: 63, 66: 76, 72: 76, 73: 63, 76: 63, 82: 63, 84: 37, 93: 63, 53: 63, 64: 37, 65: 63, 75: 63}
$x_{4,37}$
	 $y_{4,37,5}$ = 7.804850876847098 dB
	 $y_{4,37,9}$ = 12.497510401237264 dB
	 $y_{4,37,15}$ = 8.629257846606464 dB
	 $y_{4,37,18}$ = 21.519273762472167 dB
	 $y_{4,37,19}$ = 15.341623002404688 dB
	 $y_{4,37,29}$ = 9.680203065938116 dB
	 $y_{4,37,49}$ = 18.474110543022704 dB
	 $y_{4,37,14}$ = 6.775328626107665 dB
	 $y_{4,37,16}$ = 15.39222533278955 dB
	 $y_{4,37,17}$ = 21.05224255466885 dB
	 $y_{4,37,26}$ = 21.530791188027735 dB
	 $y_{4,37,27}$ = 28.629202706862287 dB
	 $y_{4,37,39}$ = 19.29090344817193 dB
	 $y_{4,37,58}$ = 13.722620963778354 dB
	 $y_{4,37,59}$ = 16.347047189049178 dB
	 $y_{4,37,36}$ = 28.28146956289345 dB
	 $y_{4,37,37}$ = 85.06723977385676 dB
	 $y_{4,37,67}$ = 11.547928356004633 dB
	 $y_{4,37,68}$ = 14.495490441911613 dB
	 $y_{4,37,34}$ = 9.357607653343166 dB
	 $y_{4,37,35}$ = 16.14959276183221 dB
	 $y_{4,37,43}$ = 5.48270493663135 dB
	 $y_{4,37,46}$ = 20.245559720772107 dB
	 $y_{4,37,47}$ = 25.294163243334282 dB
	 $y_{4,37,55}$ = 14.774716836633118 dB
	 $y_{4,37,84}$ = 6.105167810454105 dB
	 $y_{4,37,64}$ = 8.052474563191623 dB
		SNR medio:  12.038532679221063
		Usuarios totais: 40
$x_{4,42}$
	 $y_{4,42,0}$ = 7.633636247582771 dB
	 $y_{4,42,2}$ = 12.68332181624831 dB
	 $y_{4,42,10}$ = 6.98783690462281 dB
	 $y_{4,42,11}$ = 13.942007022993266 dB
	 $y_{4,42,30}$ = 10.839967048591006 dB
	 $y_{4,42,1}$ = 6.283766303253003 dB
	 $y_{4,42,6}$ = 5.2195966838191055 dB
	 $y_{4,42,12}$ = 13.579755566109327 dB
	 $y_{4,42,20}$ = 17.57916907924195 dB
	 $y_{4,42,22}$ = 18.04280233423104 dB
	 $y_{4,42,23}$ = 17.048803315454762 dB
	 $y_{4,42,31}$ = 27.155535451838617 dB
	 $y_{4,42,41}$ = 24.091516691821923 dB
	 $y_{4,42,50}$ = 21.957961104150826 dB
	 $y_{4,42,52}$ = 30.264379598256966 dB
	 $y_{4,42,33}$ = 19.18851380322141 dB
	 $y_{4,42,40}$ = 13.59996575423213 dB
	 $y_{4,42,48}$ = 5.888629887458194 dB
	 $y_{4,42,51}$ = 26.27945897897554 dB
	 $y_{4,42,60}$ = 9.028550182661263 dB
	 $y_{4,42,87}$ = 7.522332586365053 dB
		SNR medio:  7.870437659028231
		Usuarios totais: 40
$x_{4,63}$
	 $y_{4,63,3}$ = 5.202139797338219 dB
	 $y_{4,63,70}$ = 14.083678997743803 dB
	 $y_{4,63,90}$ = 8.614860202157885 dB
	 $y_{4,63,92}$ = 11.88543584823097 dB
	 $y_{4,63,63}$ = 91.37685171632008 dB
	 $y_{4,63,73}$ = 31.977146155438632 dB
	 $y_{4,63,76}$ = 10.15220200439154 dB
	 $y_{4,63,82}$ = 18.45124088571299 dB
	 $y_{4,63,93}$ = 14.287395141814471 dB
	 $y_{4,63,53}$ = 24.08902949082838 dB
	 $y_{4,63,65}$ = 13.695920996743865 dB
	 $y_{4,63,75}$ = 17.259283317115305 dB
		SNR medio:  7.678681898642238
		Usuarios totais: 34
$x_{4,76}$
	 $y_{4,76,79}$ = 6.310441353661048 dB
	 $y_{4,76,89}$ = 14.610071077875645 dB
	 $y_{4,76,98}$ = 17.90464937554954 dB
	 $y_{4,76,99}$ = 13.618379186524749 dB
	 $y_{4,76,86}$ = 30.584288671195736 dB
	 $y_{4,76,95}$ = 17.40206905945921 dB
	 $y_{4,76,96}$ = 19.84589112683281 dB
	 $y_{4,76,77}$ = 23.245327948603887 dB
	 $y_{4,76,81}$ = 11.675152777469165 dB
	 $y_{4,76,42}$ = 13.85147243483324 dB
	 $y_{4,76,61}$ = 9.26958652665445 dB
	 $y_{4,76,62}$ = 5.16467296308025 dB
	 $y_{4,76,66}$ = 23.730770193068082 dB
	 $y_{4,76,72}$ = 6.693599161473202 dB
		SNR medio:  5.347659296407025
		Usuarios totais: 40
$x_{4,91}$
	 $y_{4,91,80}$ = 28.703991150010424 dB
	 $y_{4,91,91}$ = 92.60667376036639 dB
		SNR medio:  40.436888303458936
		Usuarios totais: 3
Distances:
37 : 42 = 2039.607805437114
37 : 63 = 2000.0
37 : 76 = 1649.2422502470642
37 : 91 = 3394.1125496954282
42 : 63 = 894.4271909999159
42 : 76 = 2000.0
42 : 91 = 2039.607805437114
63 : 76 = 1264.9110640673518
63 : 91 = 1442.2205101855957
76 : 91 = 2154.0659228538016
t=5
Antennas: [37 42 63 76 91]
Users: [ 0  1  4  5  6  7  8  9 10 11 13 14 15 16 17 18 19 20 22 24 25 26 27 29
 30 31 32 33 34 35 37 39 40 41 42 43 44 45 46 48 49 51 52 53 54 55 56 57
 59 60 61 62 63 64 65 67 68 69 72 74 75 76 77 78 79 80 81 82 83 85 86 87
 88 89 91 92 93 94 95 97 98 99]
connections:  {0: 42, 5: 37, 8: 37, 9: 37, 10: 42, 11: 42, 15: 37, 18: 37, 19: 37, 29: 37, 30: 42, 49: 37, 79: 76, 80: 91, 88: 76, 89: 76, 97: 76, 98: 76, 99: 76, 1: 37, 4: 37, 6: 37, 7: 37, 13: 42, 14: 37, 16: 37, 17: 37, 20: 42, 22: 37, 25: 37, 26: 37, 27: 37, 31: 42, 32: 42, 39: 37, 41: 42, 52: 42, 56: 37, 59: 37, 69: 37, 78: 76, 86: 76, 92: 91, 94: 76, 95: 76, 24: 42, 33: 42, 37: 37, 44: 42, 48: 42, 57: 42, 67: 76, 68: 76, 77: 76, 34: 42, 35: 63, 45: 63, 46: 63, 54: 63, 55: 63, 63: 63, 74: 63, 87: 63, 40: 63, 42: 63, 43: 63, 51: 63, 53: 63, 60: 63, 61: 63, 62: 63, 64: 63, 65: 63, 72: 63, 75: 63, 76: 91, 81: 63, 82: 63, 83: 91, 85: 91, 91: 91, 93: 91}
$x_{5,37}$
	 $y_{5,37,5}$ = 7.804850876847098 dB
	 $y_{5,37,8}$ = 9.66439103271486 dB
	 $y_{5,37,9}$ = 12.497510401237264 dB
	 $y_{5,37,15}$ = 8.629257846606464 dB
	 $y_{5,37,18}$ = 21.519273762472167 dB
	 $y_{5,37,19}$ = 15.341623002404688 dB
	 $y_{5,37,29}$ = 9.680203065938116 dB
	 $y_{5,37,49}$ = 18.474110543022704 dB
	 $y_{5,37,1}$ = 5.41433307347458 dB
	 $y_{5,37,4}$ = 9.655857684251515 dB
	 $y_{5,37,6}$ = 14.149633218217872 dB
	 $y_{5,37,7}$ = 6.643262698578837 dB
	 $y_{5,37,14}$ = 6.775328626107665 dB
	 $y_{5,37,16}$ = 15.39222533278955 dB
	 $y_{5,37,17}$ = 21.05224255466885 dB
	 $y_{5,37,22}$ = 9.651709053628082 dB
	 $y_{5,37,25}$ = 20.11809998189443 dB
	 $y_{5,37,26}$ = 21.530791188027735 dB
	 $y_{5,37,27}$ = 28.629202706862287 dB
	 $y_{5,37,39}$ = 19.29090344817193 dB
	 $y_{5,37,56}$ = 15.59126951626898 dB
	 $y_{5,37,59}$ = 16.347047189049178 dB
	 $y_{5,37,69}$ = 11.270180472360124 dB
	 $y_{5,37,37}$ = 85.06723977385676 dB
		SNR medio:  10.254763676236294
		Usuarios totais: 40
$x_{5,42}$
	 $y_{5,42,0}$ = 7.633636247582771 dB
	 $y_{5,42,10}$ = 6.98783690462281 dB
	 $y_{5,42,11}$ = 13.942007022993266 dB
	 $y_{5,42,30}$ = 10.839967048591006 dB
	 $y_{5,42,13}$ = 10.392014255927364 dB
	 $y_{5,42,20}$ = 17.57916907924195 dB
	 $y_{5,42,31}$ = 27.155535451838617 dB
	 $y_{5,42,32}$ = 35.31075291740206 dB
	 $y_{5,42,41}$ = 24.091516691821923 dB
	 $y_{5,42,52}$ = 30.264379598256966 dB
	 $y_{5,42,24}$ = 16.160167668775884 dB
	 $y_{5,42,33}$ = 19.18851380322141 dB
	 $y_{5,42,44}$ = 19.149202157926837 dB
	 $y_{5,42,48}$ = 5.888629887458194 dB
	 $y_{5,42,57}$ = 12.257098347455212 dB
	 $y_{5,42,34}$ = 15.660918829901263 dB
		SNR medio:  6.812533647825438
		Usuarios totais: 40
$x_{5,63}$
	 $y_{5,63,35}$ = 9.291233741131293 dB
	 $y_{5,63,45}$ = 14.746108957731053 dB
	 $y_{5,63,46}$ = 16.29372475905423 dB
	 $y_{5,63,54}$ = 23.99832980311558 dB
	 $y_{5,63,55}$ = 19.449228008854064 dB
	 $y_{5,63,63}$ = 91.37685171632008 dB
	 $y_{5,63,74}$ = 19.361058332482486 dB
	 $y_{5,63,87}$ = 5.372010934106385 dB
	 $y_{5,63,40}$ = 8.02311339958456 dB
	 $y_{5,63,42}$ = 17.099187023644873 dB
	 $y_{5,63,43}$ = 16.26490819130288 dB
	 $y_{5,63,51}$ = 19.10471455430779 dB
	 $y_{5,63,53}$ = 24.08902949082838 dB
	 $y_{5,63,60}$ = 15.943888009620565 dB
	 $y_{5,63,61}$ = 16.38573265532854 dB
	 $y_{5,63,62}$ = 31.81688905810232 dB
	 $y_{5,63,64}$ = 32.50912099994272 dB
	 $y_{5,63,65}$ = 13.695920996743865 dB
	 $y_{5,63,72}$ = 22.281191788815647 dB
	 $y_{5,63,75}$ = 17.259283317115305 dB
	 $y_{5,63,81}$ = 15.13841945535033 dB
	 $y_{5,63,82}$ = 18.45124088571299 dB
		SNR medio:  11.698779651979901
		Usuarios totais: 40
$x_{5,76}$
	 $y_{5,76,79}$ = 6.310441353661048 dB
	 $y_{5,76,88}$ = 18.588241066389514 dB
	 $y_{5,76,89}$ = 14.610071077875645 dB
	 $y_{5,76,97}$ = 11.935224251140141 dB
	 $y_{5,76,98}$ = 17.90464937554954 dB
	 $y_{5,76,99}$ = 13.618379186524749 dB
	 $y_{5,76,78}$ = 21.732731046301282 dB
	 $y_{5,76,86}$ = 30.584288671195736 dB
	 $y_{5,76,94}$ = 18.355236660526103 dB
	 $y_{5,76,95}$ = 17.40206905945921 dB
	 $y_{5,76,67}$ = 22.33001202175207 dB
	 $y_{5,76,68}$ = 22.87773834977793 dB
	 $y_{5,76,77}$ = 23.245327948603887 dB
		SNR medio:  5.98736025171892
		Usuarios totais: 40
$x_{5,91}$
	 $y_{5,91,80}$ = 28.703991150010424 dB
	 $y_{5,91,92}$ = 18.980873501350345 dB
	 $y_{5,91,76}$ = 8.763175989668184 dB
	 $y_{5,91,83}$ = 16.576884670587233 dB
	 $y_{5,91,85}$ = 6.715660143826653 dB
	 $y_{5,91,91}$ = 92.60667376036639 dB
	 $y_{5,91,93}$ = 32.06020566564831 dB
		SNR medio:  8.887281081802502
		Usuarios totais: 23
Distances:
37 : 42 = 2039.607805437114
37 : 63 = 2000.0
37 : 76 = 1649.2422502470642
37 : 91 = 3394.1125496954282
42 : 63 = 894.4271909999159
42 : 76 = 2000.0
42 : 91 = 2039.607805437114
63 : 76 = 1264.9110640673518
63 : 91 = 1442.2205101855957
76 : 91 = 2154.0659228538016
t=6
Antennas: [37 42 63 76 89 91]
Users: [ 0  3  5  6  7  8  9 10 11 13 14 17 18 19 20 22 23 24 25 26 27 29 30 31
 32 33 34 36 37 38 39 40 41 42 43 44 45 46 47 48 49 50 51 52 55 57 58 59
 60 62 63 64 65 66 68 69 70 72 73 74 75 76 77 79 80 83 85 86 87 91 92 93
 94 95 96 97 98 99]
connections:  {0: 42, 3: 63, 5: 37, 8: 37, 9: 37, 10: 42, 11: 42, 18: 37, 19: 37, 29: 37, 30: 42, 49: 37, 80: 91, 6: 37, 7: 37, 13: 42, 14: 37, 17: 37, 20: 42, 22: 37, 23: 42, 25: 37, 26: 37, 27: 37, 31: 42, 32: 42, 39: 37, 41: 42, 50: 42, 52: 42, 70: 91, 79: 76, 92: 91, 94: 91, 97: 76, 98: 76, 99: 76, 24: 37, 33: 37, 36: 37, 38: 76, 40: 42, 44: 37, 51: 42, 58: 37, 59: 76, 69: 76, 34: 42, 37: 42, 43: 42, 45: 42, 46: 42, 47: 76, 48: 42, 57: 76, 60: 91, 63: 63, 74: 76, 91: 91, 42: 76, 55: 76, 62: 76, 64: 76, 66: 76, 68: 76, 72: 76, 73: 76, 77: 76, 83: 76, 86: 76, 87: 76, 93: 91, 95: 63, 96: 63, 65: 91, 75: 91, 76: 91, 85: 91}
$x_{6,37}$
	 $y_{6,37,5}$ = 7.804850876847098 dB
	 $y_{6,37,8}$ = 9.66439103271486 dB
	 $y_{6,37,9}$ = 12.497510401237264 dB
	 $y_{6,37,18}$ = 21.519273762472167 dB
	 $y_{6,37,19}$ = 15.341623002404688 dB
	 $y_{6,37,29}$ = 9.680203065938116 dB
	 $y_{6,37,49}$ = 18.474110543022704 dB
	 $y_{6,37,6}$ = 14.149633218217872 dB
	 $y_{6,37,7}$ = 6.643262698578837 dB
	 $y_{6,37,14}$ = 6.775328626107665 dB
	 $y_{6,37,17}$ = 21.05224255466885 dB
	 $y_{6,37,22}$ = 9.651709053628082 dB
	 $y_{6,37,25}$ = 20.11809998189443 dB
	 $y_{6,37,26}$ = 21.530791188027735 dB
	 $y_{6,37,27}$ = 28.629202706862287 dB
	 $y_{6,37,39}$ = 19.29090344817193 dB
	 $y_{6,37,24}$ = 8.576312584101174 dB
	 $y_{6,37,33}$ = 12.841604492418767 dB
	 $y_{6,37,36}$ = 28.28146956289345 dB
	 $y_{6,37,44}$ = 21.212781908105114 dB
	 $y_{6,37,58}$ = 13.722620963778354 dB
		SNR medio:  8.186448141802286
		Usuarios totais: 40
$x_{6,42}$
	 $y_{6,42,0}$ = 7.633636247582771 dB
	 $y_{6,42,10}$ = 6.98783690462281 dB
	 $y_{6,42,11}$ = 13.942007022993266 dB
	 $y_{6,42,30}$ = 10.839967048591006 dB
	 $y_{6,42,13}$ = 10.392014255927364 dB
	 $y_{6,42,20}$ = 17.57916907924195 dB
	 $y_{6,42,23}$ = 17.048803315454762 dB
	 $y_{6,42,31}$ = 27.155535451838617 dB
	 $y_{6,42,32}$ = 35.31075291740206 dB
	 $y_{6,42,41}$ = 24.091516691821923 dB
	 $y_{6,42,50}$ = 21.957961104150826 dB
	 $y_{6,42,52}$ = 30.264379598256966 dB
	 $y_{6,42,40}$ = 13.59996575423213 dB
	 $y_{6,42,51}$ = 26.27945897897554 dB
	 $y_{6,42,34}$ = 15.660918829901263 dB
	 $y_{6,42,37}$ = 16.120205817313234 dB
	 $y_{6,42,43}$ = 25.70435376221387 dB
	 $y_{6,42,45}$ = 18.739901565979793 dB
	 $y_{6,42,46}$ = 10.109826213963032 dB
	 $y_{6,42,48}$ = 5.888629887458194 dB
		SNR medio:  8.882671011198035
		Usuarios totais: 40
$x_{6,63}$
	 $y_{6,63,3}$ = 5.202139797338219 dB
	 $y_{6,63,63}$ = 91.37685171632008 dB
	 $y_{6,63,95}$ = 7.715091607102863 dB
	 $y_{6,63,96}$ = 5.018220896527936 dB
		SNR medio:  18.218717336214848
		Usuarios totais: 6
$x_{6,76}$
	 $y_{6,76,79}$ = 6.310441353661048 dB
	 $y_{6,76,97}$ = 11.935224251140141 dB
	 $y_{6,76,98}$ = 17.90464937554954 dB
	 $y_{6,76,99}$ = 13.618379186524749 dB
	 $y_{6,76,38}$ = 14.157862961465113 dB
	 $y_{6,76,59}$ = 8.563864604210423 dB
	 $y_{6,76,69}$ = 11.286037541540537 dB
	 $y_{6,76,47}$ = 9.364935991082575 dB
	 $y_{6,76,57}$ = 10.421447282425675 dB
	 $y_{6,76,74}$ = 16.776625098042544 dB
	 $y_{6,76,42}$ = 13.85147243483324 dB
	 $y_{6,76,55}$ = 11.796313145942321 dB
	 $y_{6,76,62}$ = 5.16467296308025 dB
	 $y_{6,76,64}$ = 21.295650395720585 dB
	 $y_{6,76,66}$ = 23.730770193068082 dB
	 $y_{6,76,68}$ = 22.87773834977793 dB
	 $y_{6,76,72}$ = 6.693599161473202 dB
	 $y_{6,76,73}$ = 12.745234048403404 dB
	 $y_{6,76,77}$ = 23.245327948603887 dB
	 $y_{6,76,83}$ = 20.59204419951449 dB
	 $y_{6,76,86}$ = 30.584288671195736 dB
	 $y_{6,76,87}$ = 27.256475474233696 dB
		SNR medio:  8.504326365787229
		Usuarios totais: 40
$x_{6,89}$
		Usuarios totais: 0
$x_{6,91}$
	 $y_{6,91,80}$ = 28.703991150010424 dB
	 $y_{6,91,70}$ = 11.462705656384315 dB
	 $y_{6,91,92}$ = 18.980873501350345 dB
	 $y_{6,91,94}$ = 18.190372723041378 dB
	 $y_{6,91,60}$ = 11.037872787918303 dB
	 $y_{6,91,91}$ = 92.60667376036639 dB
	 $y_{6,91,93}$ = 32.06020566564831 dB
	 $y_{6,91,65}$ = 5.1884748353616885 dB
	 $y_{6,91,75}$ = 7.278958738910632 dB
	 $y_{6,91,76}$ = 8.763175989668184 dB
	 $y_{6,91,85}$ = 6.715660143826653 dB
		SNR medio:  12.683629734341402
		Usuarios totais: 19
Distances:
37 : 42 = 2039.607805437114
37 : 63 = 2000.0
37 : 76 = 1649.2422502470642
37 : 89 = 2154.0659228538016
37 : 91 = 3394.1125496954282
42 : 63 = 894.4271909999159
42 : 76 = 2000.0
42 : 89 = 3224.9030993194197
42 : 91 = 2039.607805437114
63 : 76 = 1264.9110640673518
63 : 89 = 2529.8221281347037
63 : 91 = 1442.2205101855957
76 : 89 = 1264.9110640673518
76 : 91 = 2154.0659228538016
89 : 91 = 3224.9030993194197
t=7
Antennas: [37 42 63 76 89 91]
Users: [ 0  1  2  3  5  6  7  8  9 10 11 12 16 17 18 19 23 24 25 26 27 30 33 37
 38 39 40 42 43 44 47 48 51 52 53 55 56 58 59 60 61 62 66 67 69 70 71 73
 74 75 77 84 86 87 88 89 90 91 92 93 94 97 98]
connections:  {0: 42, 2: 42, 3: 63, 5: 37, 8: 37, 9: 37, 10: 42, 11: 42, 18: 37, 19: 37, 30: 42, 1: 37, 6: 37, 7: 37, 12: 42, 16: 37, 17: 37, 23: 42, 25: 37, 26: 37, 27: 37, 39: 37, 52: 42, 56: 37, 70: 63, 88: 76, 89: 89, 90: 63, 92: 63, 94: 76, 97: 76, 98: 76, 24: 37, 33: 37, 38: 37, 40: 42, 44: 37, 51: 42, 58: 37, 59: 37, 60: 42, 69: 37, 74: 42, 86: 76, 91: 91, 93: 76, 37: 37, 42: 42, 43: 42, 47: 37, 48: 42, 67: 76, 77: 76, 84: 42, 53: 42, 55: 42, 61: 42, 62: 42, 66: 42, 71: 76, 73: 76, 87: 76, 75: 76}
$x_{7,37}$
	 $y_{7,37,5}$ = 7.804850876847098 dB
	 $y_{7,37,8}$ = 9.66439103271486 dB
	 $y_{7,37,9}$ = 12.497510401237264 dB
	 $y_{7,37,18}$ = 21.519273762472167 dB
	 $y_{7,37,19}$ = 15.341623002404688 dB
	 $y_{7,37,1}$ = 5.41433307347458 dB
	 $y_{7,37,6}$ = 14.149633218217872 dB
	 $y_{7,37,7}$ = 6.643262698578837 dB
	 $y_{7,37,16}$ = 15.39222533278955 dB
	 $y_{7,37,17}$ = 21.05224255466885 dB
	 $y_{7,37,25}$ = 20.11809998189443 dB
	 $y_{7,37,26}$ = 21.530791188027735 dB
	 $y_{7,37,27}$ = 28.629202706862287 dB
	 $y_{7,37,39}$ = 19.29090344817193 dB
	 $y_{7,37,56}$ = 15.59126951626898 dB
	 $y_{7,37,24}$ = 8.576312584101174 dB
	 $y_{7,37,33}$ = 12.841604492418767 dB
	 $y_{7,37,38}$ = 32.23062315654323 dB
	 $y_{7,37,44}$ = 21.212781908105114 dB
	 $y_{7,37,58}$ = 13.722620963778354 dB
	 $y_{7,37,59}$ = 16.347047189049178 dB
	 $y_{7,37,69}$ = 11.270180472360124 dB
	 $y_{7,37,37}$ = 85.06723977385676 dB
	 $y_{7,37,47}$ = 25.294163243334282 dB
		SNR medio:  11.530054664454454
		Usuarios totais: 40
$x_{7,42}$
	 $y_{7,42,0}$ = 7.633636247582771 dB
	 $y_{7,42,2}$ = 12.68332181624831 dB
	 $y_{7,42,10}$ = 6.98783690462281 dB
	 $y_{7,42,11}$ = 13.942007022993266 dB
	 $y_{7,42,30}$ = 10.839967048591006 dB
	 $y_{7,42,12}$ = 13.579755566109327 dB
	 $y_{7,42,23}$ = 17.048803315454762 dB
	 $y_{7,42,52}$ = 30.264379598256966 dB
	 $y_{7,42,40}$ = 13.59996575423213 dB
	 $y_{7,42,51}$ = 26.27945897897554 dB
	 $y_{7,42,60}$ = 9.028550182661263 dB
	 $y_{7,42,74}$ = 6.0933581720339305 dB
	 $y_{7,42,42}$ = 85.35860462202695 dB
	 $y_{7,42,43}$ = 25.70435376221387 dB
	 $y_{7,42,48}$ = 5.888629887458194 dB
	 $y_{7,42,84}$ = 6.79407402741748 dB
	 $y_{7,42,53}$ = 25.672698944464102 dB
	 $y_{7,42,55}$ = 7.685116962856199 dB
	 $y_{7,42,61}$ = 18.116278704354144 dB
	 $y_{7,42,62}$ = 18.610631272374448 dB
	 $y_{7,42,66}$ = 9.305145842713898 dB
		SNR medio:  9.277914365841035
		Usuarios totais: 40
$x_{7,63}$
	 $y_{7,63,3}$ = 5.202139797338219 dB
	 $y_{7,63,70}$ = 14.083678997743803 dB
	 $y_{7,63,90}$ = 8.614860202157885 dB
	 $y_{7,63,92}$ = 11.88543584823097 dB
		SNR medio:  6.631019140911813
		Usuarios totais: 6
$x_{7,76}$
	 $y_{7,76,88}$ = 18.588241066389514 dB
	 $y_{7,76,94}$ = 18.355236660526103 dB
	 $y_{7,76,97}$ = 11.935224251140141 dB
	 $y_{7,76,98}$ = 17.90464937554954 dB
	 $y_{7,76,86}$ = 30.584288671195736 dB
	 $y_{7,76,93}$ = 8.826873436587533 dB
	 $y_{7,76,67}$ = 22.33001202175207 dB
	 $y_{7,76,77}$ = 23.245327948603887 dB
	 $y_{7,76,71}$ = 5.709772935186663 dB
	 $y_{7,76,73}$ = 12.745234048403404 dB
	 $y_{7,76,87}$ = 27.256475474233696 dB
	 $y_{7,76,75}$ = 28.294755703710706 dB
		SNR medio:  11.28880457966395
		Usuarios totais: 20
$x_{7,89}$
	 $y_{7,89,89}$ = 87.94492185084994 dB
		SNR medio:  87.94492185084994
		Usuarios totais: 1
$x_{7,91}$
	 $y_{7,91,91}$ = 92.60667376036639 dB
		SNR medio:  30.868891253455462
		Usuarios totais: 3
Distances:
37 : 42 = 2039.607805437114
37 : 63 = 2000.0
37 : 76 = 1649.2422502470642
37 : 89 = 2154.0659228538016
37 : 91 = 3394.1125496954282
42 : 63 = 894.4271909999159
42 : 76 = 2000.0
42 : 89 = 3224.9030993194197
42 : 91 = 2039.607805437114
63 : 76 = 1264.9110640673518
63 : 89 = 2529.8221281347037
63 : 91 = 1442.2205101855957
76 : 89 = 1264.9110640673518
76 : 91 = 2154.0659228538016
89 : 91 = 3224.9030993194197
t=8
Antennas: [37 42 63 76 89 91]
Users: [ 0  1  2  3  4  5  6  8 10 11 12 13 16 17 18 19 21 23 24 26 27 28 29 32
 33 35 36 39 42 43 48 49 52 54 55 56 59 61 62 65 66 67 69 75 76 77 78 79
 81 83 84 86 88 89 90 91 96 99]
connections:  {0: 42, 2: 42, 3: 63, 5: 37, 8: 37, 10: 42, 11: 42, 18: 37, 19: 37, 29: 37, 49: 37, 1: 37, 4: 37, 6: 37, 12: 42, 13: 42, 16: 37, 17: 37, 23: 42, 26: 37, 27: 37, 28: 37, 32: 42, 39: 37, 52: 42, 56: 37, 79: 76, 88: 76, 89: 89, 90: 63, 99: 76, 21: 37, 24: 37, 33: 37, 36: 37, 59: 37, 69: 37, 78: 37, 81: 76, 83: 76, 86: 76, 91: 91, 96: 76, 35: 37, 42: 42, 43: 37, 48: 37, 54: 37, 61: 42, 62: 42, 67: 37, 77: 76, 84: 42, 55: 42, 66: 42, 75: 76, 65: 42, 76: 76}
$x_{8,37}$
	 $y_{8,37,5}$ = 7.804850876847098 dB
	 $y_{8,37,8}$ = 9.66439103271486 dB
	 $y_{8,37,18}$ = 21.519273762472167 dB
	 $y_{8,37,19}$ = 15.341623002404688 dB
	 $y_{8,37,29}$ = 9.680203065938116 dB
	 $y_{8,37,49}$ = 18.474110543022704 dB
	 $y_{8,37,1}$ = 5.41433307347458 dB
	 $y_{8,37,4}$ = 9.655857684251515 dB
	 $y_{8,37,6}$ = 14.149633218217872 dB
	 $y_{8,37,16}$ = 15.39222533278955 dB
	 $y_{8,37,17}$ = 21.05224255466885 dB
	 $y_{8,37,26}$ = 21.530791188027735 dB
	 $y_{8,37,27}$ = 28.629202706862287 dB
	 $y_{8,37,28}$ = 25.315582426213922 dB
	 $y_{8,37,39}$ = 19.29090344817193 dB
	 $y_{8,37,56}$ = 15.59126951626898 dB
	 $y_{8,37,21}$ = 5.115633617739093 dB
	 $y_{8,37,24}$ = 8.576312584101174 dB
	 $y_{8,37,33}$ = 12.841604492418767 dB
	 $y_{8,37,36}$ = 28.28146956289345 dB
	 $y_{8,37,59}$ = 16.347047189049178 dB
	 $y_{8,37,69}$ = 11.270180472360124 dB
	 $y_{8,37,78}$ = 6.705785440268755 dB
	 $y_{8,37,35}$ = 16.14959276183221 dB
	 $y_{8,37,43}$ = 5.48270493663135 dB
	 $y_{8,37,48}$ = 28.55855884903653 dB
	 $y_{8,37,54}$ = 6.013529801263701 dB
	 $y_{8,37,67}$ = 11.547928356004633 dB
		SNR medio:  10.384921037398646
		Usuarios totais: 40
$x_{8,42}$
	 $y_{8,42,0}$ = 7.633636247582771 dB
	 $y_{8,42,2}$ = 12.68332181624831 dB
	 $y_{8,42,10}$ = 6.98783690462281 dB
	 $y_{8,42,11}$ = 13.942007022993266 dB
	 $y_{8,42,12}$ = 13.579755566109327 dB
	 $y_{8,42,13}$ = 10.392014255927364 dB
	 $y_{8,42,23}$ = 17.048803315454762 dB
	 $y_{8,42,32}$ = 35.31075291740206 dB
	 $y_{8,42,52}$ = 30.264379598256966 dB
	 $y_{8,42,42}$ = 85.35860462202695 dB
	 $y_{8,42,61}$ = 18.116278704354144 dB
	 $y_{8,42,62}$ = 18.610631272374448 dB
	 $y_{8,42,84}$ = 6.79407402741748 dB
	 $y_{8,42,55}$ = 7.685116962856199 dB
	 $y_{8,42,66}$ = 9.305145842713898 dB
	 $y_{8,42,65}$ = 6.421299931949449 dB
		SNR medio:  13.049289522099576
		Usuarios totais: 23
$x_{8,63}$
	 $y_{8,63,3}$ = 5.202139797338219 dB
	 $y_{8,63,90}$ = 8.614860202157885 dB
		SNR medio:  6.908499999748052
		Usuarios totais: 2
$x_{8,76}$
	 $y_{8,76,79}$ = 6.310441353661048 dB
	 $y_{8,76,88}$ = 18.588241066389514 dB
	 $y_{8,76,99}$ = 13.618379186524749 dB
	 $y_{8,76,81}$ = 11.675152777469165 dB
	 $y_{8,76,83}$ = 20.59204419951449 dB
	 $y_{8,76,86}$ = 30.584288671195736 dB
	 $y_{8,76,96}$ = 19.84589112683281 dB
	 $y_{8,76,77}$ = 23.245327948603887 dB
	 $y_{8,76,75}$ = 28.294755703710706 dB
	 $y_{8,76,76}$ = 89.10531092021611 dB
		SNR medio:  18.704273782437017
		Usuarios totais: 14
$x_{8,89}$
	 $y_{8,89,89}$ = 87.94492185084994 dB
		SNR medio:  87.94492185084994
		Usuarios totais: 1
$x_{8,91}$
	 $y_{8,91,91}$ = 92.60667376036639 dB
		SNR medio:  46.303336880183195
		Usuarios totais: 2
Distances:
37 : 42 = 2039.607805437114
37 : 63 = 2000.0
37 : 76 = 1649.2422502470642
37 : 89 = 2154.0659228538016
37 : 91 = 3394.1125496954282
42 : 63 = 894.4271909999159
42 : 76 = 2000.0
42 : 89 = 3224.9030993194197
42 : 91 = 2039.607805437114
63 : 76 = 1264.9110640673518
63 : 89 = 2529.8221281347037
63 : 91 = 1442.2205101855957
76 : 89 = 1264.9110640673518
76 : 91 = 2154.0659228538016
89 : 91 = 3224.9030993194197
t=9
Antennas: [37 42 63 76 89 91]
Users: [ 0  3  4  5  8 16 17 18 20 21 22 23 25 29 34 36 38 40 41 46 48 53 54 56
 57 61 62 66 67 68 71 72 74 82 87 88 89 90 93 94 95 97 98]
connections:  {0: 42, 3: 63, 5: 37, 8: 37, 18: 37, 29: 37, 4: 37, 16: 37, 17: 37, 20: 42, 22: 37, 23: 42, 25: 37, 41: 42, 56: 37, 88: 76, 89: 89, 90: 63, 94: 76, 97: 76, 98: 76, 21: 37, 36: 37, 38: 37, 40: 42, 74: 42, 93: 76, 95: 76, 34: 37, 46: 37, 48: 37, 54: 37, 57: 37, 61: 42, 62: 42, 67: 37, 68: 37, 71: 42, 72: 42, 82: 42, 87: 42, 53: 37, 66: 37}
$x_{9,37}$
	 $y_{9,37,5}$ = 7.804850876847098 dB
	 $y_{9,37,8}$ = 9.66439103271486 dB
	 $y_{9,37,18}$ = 21.519273762472167 dB
	 $y_{9,37,29}$ = 9.680203065938116 dB
	 $y_{9,37,4}$ = 9.655857684251515 dB
	 $y_{9,37,16}$ = 15.39222533278955 dB
	 $y_{9,37,17}$ = 21.05224255466885 dB
	 $y_{9,37,22}$ = 9.651709053628082 dB
	 $y_{9,37,25}$ = 20.11809998189443 dB
	 $y_{9,37,56}$ = 15.59126951626898 dB
	 $y_{9,37,21}$ = 5.115633617739093 dB
	 $y_{9,37,36}$ = 28.28146956289345 dB
	 $y_{9,37,38}$ = 32.23062315654323 dB
	 $y_{9,37,34}$ = 9.357607653343166 dB
	 $y_{9,37,46}$ = 20.245559720772107 dB
	 $y_{9,37,48}$ = 28.55855884903653 dB
	 $y_{9,37,54}$ = 6.013529801263701 dB
	 $y_{9,37,57}$ = 19.36868862536538 dB
	 $y_{9,37,67}$ = 11.547928356004633 dB
	 $y_{9,37,68}$ = 14.495490441911613 dB
	 $y_{9,37,53}$ = 6.258657725659958 dB
	 $y_{9,37,66}$ = 16.88287063254478 dB
		SNR medio:  13.539469640182054
		Usuarios totais: 25
$x_{9,42}$
	 $y_{9,42,0}$ = 7.633636247582771 dB
	 $y_{9,42,20}$ = 17.57916907924195 dB
	 $y_{9,42,23}$ = 17.048803315454762 dB
	 $y_{9,42,41}$ = 24.091516691821923 dB
	 $y_{9,42,40}$ = 13.59996575423213 dB
	 $y_{9,42,74}$ = 6.0933581720339305 dB
	 $y_{9,42,61}$ = 18.116278704354144 dB
	 $y_{9,42,62}$ = 18.610631272374448 dB
	 $y_{9,42,71}$ = 13.114992245936207 dB
	 $y_{9,42,72}$ = 23.139299922370142 dB
	 $y_{9,42,82}$ = 6.093284371300314 dB
	 $y_{9,42,87}$ = 7.522332586365053 dB
		SNR medio:  10.155486374298105
		Usuarios totais: 17
$x_{9,63}$
	 $y_{9,63,3}$ = 5.202139797338219 dB
	 $y_{9,63,90}$ = 8.614860202157885 dB
		SNR medio:  4.605666666498702
		Usuarios totais: 3
$x_{9,76}$
	 $y_{9,76,88}$ = 18.588241066389514 dB
	 $y_{9,76,94}$ = 18.355236660526103 dB
	 $y_{9,76,97}$ = 11.935224251140141 dB
	 $y_{9,76,98}$ = 17.90464937554954 dB
	 $y_{9,76,93}$ = 8.826873436587533 dB
	 $y_{9,76,95}$ = 17.40206905945921 dB
		SNR medio:  10.334699316628004
		Usuarios totais: 9
$x_{9,89}$
	 $y_{9,89,89}$ = 87.94492185084994 dB
		SNR medio:  87.94492185084994
		Usuarios totais: 1
$x_{9,91}$
		Usuarios totais: 0
Distances:
37 : 42 = 2039.607805437114
37 : 63 = 2000.0
37 : 76 = 1649.2422502470642
37 : 89 = 2154.0659228538016
37 : 91 = 3394.1125496954282
42 : 63 = 894.4271909999159
42 : 76 = 2000.0
42 : 89 = 3224.9030993194197
42 : 91 = 2039.607805437114
63 : 76 = 1264.9110640673518
63 : 89 = 2529.8221281347037
63 : 91 = 1442.2205101855957
76 : 89 = 1264.9110640673518
76 : 91 = 2154.0659228538016
89 : 91 = 3224.9030993194197
t=10
Antennas: [37 42 63 76 89 91]
Users: [ 1  9 12 16 21 22 24 25 30 31 35 37 38 46 47 55 59 61 63 69 77 81 87 90
 93 98]
connections:  {9: 37, 30: 42, 1: 37, 12: 42, 16: 37, 22: 37, 25: 37, 31: 42, 90: 63, 98: 76, 21: 37, 24: 37, 38: 37, 59: 37, 69: 37, 81: 63, 93: 63, 35: 37, 37: 37, 46: 37, 47: 37, 61: 42, 63: 63, 77: 37, 87: 42, 55: 37}
$x_{10,37}$
	 $y_{10,37,9}$ = 12.497510401237264 dB
	 $y_{10,37,1}$ = 5.41433307347458 dB
	 $y_{10,37,16}$ = 15.39222533278955 dB
	 $y_{10,37,22}$ = 9.651709053628082 dB
	 $y_{10,37,25}$ = 20.11809998189443 dB
	 $y_{10,37,21}$ = 5.115633617739093 dB
	 $y_{10,37,24}$ = 8.576312584101174 dB
	 $y_{10,37,38}$ = 32.23062315654323 dB
	 $y_{10,37,59}$ = 16.347047189049178 dB
	 $y_{10,37,69}$ = 11.270180472360124 dB
	 $y_{10,37,35}$ = 16.14959276183221 dB
	 $y_{10,37,37}$ = 85.06723977385676 dB
	 $y_{10,37,46}$ = 20.245559720772107 dB
	 $y_{10,37,47}$ = 25.294163243334282 dB
	 $y_{10,37,77}$ = 5.330247101958406 dB
	 $y_{10,37,55}$ = 14.774716836633118 dB
		SNR medio:  14.45119972862874
		Usuarios totais: 21
$x_{10,42}$
	 $y_{10,42,30}$ = 10.839967048591006 dB
	 $y_{10,42,12}$ = 13.579755566109327 dB
	 $y_{10,42,31}$ = 27.155535451838617 dB
	 $y_{10,42,61}$ = 18.116278704354144 dB
	 $y_{10,42,87}$ = 7.522332586365053 dB
		SNR medio:  15.44277387145163
		Usuarios totais: 5
$x_{10,63}$
	 $y_{10,63,90}$ = 8.614860202157885 dB
	 $y_{10,63,81}$ = 15.13841945535033 dB
	 $y_{10,63,93}$ = 14.287395141814471 dB
	 $y_{10,63,63}$ = 91.37685171632008 dB
		SNR medio:  32.35438162891069
		Usuarios totais: 4
$x_{10,76}$
	 $y_{10,76,98}$ = 17.90464937554954 dB
		SNR medio:  17.90464937554954
		Usuarios totais: 1
$x_{10,89}$
		Usuarios totais: 0
$x_{10,91}$
		Usuarios totais: 0
Distances:
37 : 42 = 2039.607805437114
37 : 63 = 2000.0
37 : 76 = 1649.2422502470642
37 : 89 = 2154.0659228538016
37 : 91 = 3394.1125496954282
42 : 63 = 894.4271909999159
42 : 76 = 2000.0
42 : 89 = 3224.9030993194197
42 : 91 = 2039.607805437114
63 : 76 = 1264.9110640673518
63 : 89 = 2529.8221281347037
63 : 91 = 1442.2205101855957
76 : 89 = 1264.9110640673518
76 : 91 = 2154.0659228538016
89 : 91 = 3224.9030993194197
t=11
Antennas: [37 42 63 76 89 91]
Users: [ 8 10 12 16 23 28 50 59 64 72]
connections:  {8: 37, 10: 42, 12: 42, 16: 37, 23: 42, 28: 37, 50: 42, 59: 37, 72: 42, 64: 42}
$x_{11,37}$
	 $y_{11,37,8}$ = 9.66439103271486 dB
	 $y_{11,37,16}$ = 15.39222533278955 dB
	 $y_{11,37,28}$ = 25.315582426213922 dB
	 $y_{11,37,59}$ = 16.347047189049178 dB
		SNR medio:  16.679811495191878
		Usuarios totais: 4
$x_{11,42}$
	 $y_{11,42,10}$ = 6.98783690462281 dB
	 $y_{11,42,12}$ = 13.579755566109327 dB
	 $y_{11,42,23}$ = 17.048803315454762 dB
	 $y_{11,42,50}$ = 21.957961104150826 dB
	 $y_{11,42,72}$ = 23.139299922370142 dB
	 $y_{11,42,64}$ = 16.624272042320513 dB
		SNR medio:  16.556321475838065
		Usuarios totais: 6
$x_{11,63}$
		Usuarios totais: 0
$x_{11,76}$
		Usuarios totais: 0
$x_{11,89}$
		Usuarios totais: 0
$x_{11,91}$
		Usuarios totais: 0
Distances:
37 : 42 = 2039.607805437114
37 : 63 = 2000.0
37 : 76 = 1649.2422502470642
37 : 89 = 2154.0659228538016
37 : 91 = 3394.1125496954282
42 : 63 = 894.4271909999159
42 : 76 = 2000.0
42 : 89 = 3224.9030993194197
42 : 91 = 2039.607805437114
63 : 76 = 1264.9110640673518
63 : 89 = 2529.8221281347037
63 : 91 = 1442.2205101855957
76 : 89 = 1264.9110640673518
76 : 91 = 2154.0659228538016
89 : 91 = 3224.9030993194197
--- Done after 0.019129631453090244 hours. ---
