-------------Calculating Solution (this may take a while)
+++++++++++++++++++Min Sinr: 5 dB (ga)
+++++++++++++++++++With backhaul constraint. Start: 2023-06-30 05:06:36

Parameters:
- chosen seed 15
- Map with 100 sectors
- Map 4000 x 4000 m
- Sector has a side of 400 m
- Max time:  12
- users_t_m:  [[0, 0, 0, 0, 0, 0, 0, 0, 3, 0, 0, 0, 0, 0, 0, 0, 0, 1, 4, 6, 0, 0, 0, 0, 0, 0, 0, 1, 13, 9, 0, 0, 0, 0, 0, 0, 0, 0, 0, 0, 0, 0, 0, 0, 0, 0, 0, 0, 0, 0, 0, 0, 0, 0, 0, 0, 0, 0, 0, 0, 0, 0, 0, 0, 0, 0, 0, 0, 0, 0, 0, 0, 0, 0, 0, 0, 0, 0, 0, 0, 0, 0, 0, 0, 0, 0, 0, 0, 0, 0, 0, 0, 0, 0, 0, 0, 0, 0, 0, 0], [1, 0, 2, 0, 1, 0, 2, 0, 2, 0, 1, 0, 0, 2, 0, 0, 2, 2, 4, 1, 0, 0, 1, 0, 0, 1, 0, 1, 6, 5, 1, 1, 0, 1, 2, 0, 0, 0, 0, 0, 0, 1, 0, 0, 0, 0, 0, 1, 0, 0, 0, 0, 0, 0, 0, 0, 1, 0, 1, 0, 0, 0, 0, 0, 0, 1, 1, 0, 0, 1, 2, 1, 0, 0, 0, 0, 0, 0, 0, 0, 0, 0, 0, 0, 0, 1, 0, 0, 1, 2, 0, 0, 0, 0, 1, 0, 0, 1, 0, 0], [1, 0, 3, 0, 1, 1, 0, 0, 1, 2, 0, 1, 0, 0, 1, 1, 0, 4, 4, 6, 0, 1, 1, 0, 0, 0, 1, 0, 10, 3, 0, 0, 1, 4, 1, 1, 1, 0, 0, 0, 0, 0, 3, 2, 0, 0, 0, 0, 2, 0, 0, 0, 0, 2, 0, 1, 2, 0, 0, 0, 1, 0, 1, 1, 0, 0, 0, 0, 2, 0, 0, 0, 1, 0, 0, 0, 0, 0, 1, 2, 0, 0, 0, 1, 0, 1, 1, 0, 0, 1, 1, 0, 3, 0, 1, 0, 0, 0, 1, 0], [1, 0, 1, 1, 1, 0, 2, 0, 3, 1, 1, 1, 3, 2, 2, 2, 3, 2, 4, 3, 0, 0, 0, 3, 1, 0, 0, 0, 11, 7, 1, 0, 1, 1, 0, 0, 1, 0, 0, 1, 0, 0, 0, 0, 0, 1, 0, 2, 1, 1, 1, 0, 1, 0, 0, 0, 0, 0, 2, 2, 1, 0, 1, 0, 0, 0, 2, 2, 1, 2, 0, 0, 1, 0, 1, 1, 1, 2, 0, 2, 3, 1, 1, 0, 1, 1, 0, 1, 2, 1, 0, 1, 1, 1, 0, 1, 1, 0, 3, 1], [0, 1, 0, 0, 2, 1, 1, 2, 3, 2, 0, 0, 0, 1, 0, 0, 1, 2, 4, 1, 1, 1, 2, 1, 0, 4, 1, 1, 12, 10, 0, 2, 2, 2, 2, 1, 1, 1, 0, 2, 2, 1, 2, 0, 1, 2, 3, 0, 0, 2, 1, 1, 2, 2, 3, 2, 0, 0, 4, 1, 1, 0, 0, 0, 1, 1, 1, 1, 3, 2, 0, 1, 0, 0, 0, 1, 1, 1, 0, 0, 1, 0, 2, 2, 0, 0, 0, 3, 0, 1, 0, 2, 1, 0, 3, 1, 0, 1, 3, 0], [2, 0, 3, 1, 3, 2, 2, 2, 3, 3, 1, 1, 2, 3, 1, 1, 2, 1, 9, 8, 0, 2, 2, 0, 0, 1, 3, 0, 13, 8, 0, 3, 0, 0, 3, 0, 1, 1, 0, 2, 1, 2, 2, 0, 0, 3, 3, 0, 0, 0, 1, 1, 4, 0, 0, 1, 1, 2, 3, 0, 0, 1, 5, 0, 1, 1, 0, 3, 2, 4, 1, 2, 1, 1, 0, 2, 3, 2, 1, 2, 1, 2, 0, 1, 0, 4, 1, 1, 0, 1, 0, 0, 0, 2, 1, 3, 3, 0, 2, 2], [3, 2, 0, 2, 0, 2, 2, 2, 0, 1, 0, 2, 0, 1, 0, 5, 1, 1, 2, 1, 2, 4, 1, 1, 5, 1, 1, 1, 0, 1, 1, 0, 2, 2, 1, 1, 2, 3, 1, 2, 2, 0, 2, 1, 1, 0, 0, 2, 1, 2, 2, 0, 3, 3, 0, 1, 0, 2, 2, 2, 3, 0, 0, 1, 1, 0, 2, 2, 1, 2, 1, 0, 3, 1, 0, 2, 2, 2, 3, 0, 1, 3, 1, 4, 0, 1, 0, 0, 2, 1, 2, 2, 2, 0, 1, 0, 1, 0, 2, 0], [1, 1, 0, 1, 1, 2, 0, 1, 0, 2, 1, 2, 1, 2, 3, 1, 0, 1, 1, 0, 2, 2, 1, 1, 0, 1, 0, 0, 2, 3, 2, 1, 1, 3, 2, 2, 1, 1, 1, 1, 2, 1, 0, 1, 2, 1, 3, 0, 1, 2, 2, 1, 0, 3, 0, 0, 0, 0, 0, 1, 0, 0, 2, 1, 0, 1, 1, 3, 1, 2, 1, 3, 1, 0, 1, 1, 0, 0, 0, 2, 1, 1, 1, 3, 2, 1, 0, 0, 1, 1, 2, 1, 0, 1, 1, 1, 2, 1, 2, 0], [1, 0, 1, 2, 1, 0, 0, 1, 0, 0, 1, 0, 0, 1, 1, 0, 2, 1, 1, 0, 0, 1, 0, 1, 1, 0, 2, 0, 0, 1, 2, 0, 1, 0, 0, 1, 0, 3, 0, 0, 0, 1, 2, 3, 3, 1, 0, 2, 0, 3, 4, 0, 0, 0, 0, 1, 0, 2, 3, 1, 0, 3, 0, 0, 3, 0, 1, 3, 0, 1, 0, 1, 0, 0, 0, 1, 0, 3, 0, 1, 0, 3, 0, 1, 1, 1, 1, 0, 3, 1, 1, 0, 0, 1, 4, 2, 2, 3, 0, 1], [0, 0, 1, 1, 0, 1, 2, 0, 1, 2, 1, 1, 0, 0, 3, 0, 0, 0, 0, 2, 0, 0, 2, 0, 1, 2, 2, 1, 0, 0, 0, 2, 0, 1, 1, 0, 2, 0, 1, 0, 1, 0, 0, 1, 0, 1, 1, 0, 1, 0, 0, 1, 0, 0, 0, 0, 0, 0, 0, 0, 0, 2, 2, 0, 0, 0, 0, 0, 1, 1, 1, 0, 2, 0, 1, 1, 1, 2, 0, 0, 0, 0, 0, 0, 0, 2, 1, 0, 0, 0, 0, 0, 0, 1, 1, 1, 2, 1, 0, 1], [0, 1, 0, 0, 2, 1, 0, 0, 0, 1, 0, 0, 0, 0, 0, 2, 1, 0, 0, 0, 0, 0, 0, 0, 1, 0, 0, 0, 0, 0, 0, 0, 0, 0, 0, 2, 0, 0, 0, 0, 0, 0, 0, 1, 0, 0, 0, 0, 0, 1, 1, 0, 0, 0, 0, 2, 0, 0, 0, 0, 1, 0, 0, 0, 1, 0, 0, 0, 1, 0, 0, 0, 0, 1, 0, 0, 1, 0, 1, 0, 1, 1, 0, 0, 1, 0, 0, 0, 1, 0, 0, 0, 0, 0, 1, 0, 1, 0, 1, 1], [0, 0, 0, 0, 0, 0, 1, 0, 0, 0, 0, 0, 1, 0, 0, 0, 0, 0, 0, 0, 0, 0, 0, 0, 0, 1, 0, 0, 0, 0, 0, 0, 1, 0, 0, 0, 0, 0, 0, 0, 0, 1, 0, 0, 0, 0, 0, 0, 0, 0, 0, 0, 0, 0, 0, 0, 0, 1, 0, 0, 0, 0, 0, 0, 0, 1, 0, 0, 0, 0, 0, 0, 0, 0, 0, 0, 0, 0, 0, 0, 0, 0, 0, 1, 0, 0, 0, 0, 0, 0, 0, 0, 0, 0, 0, 0, 0, 0, 0, 0]]
MAX_USER_PER_ANTENNAS_m:  [40, 40, 40, 40, 40, 40, 40, 40, 40, 40, 40, 40, 40, 40, 40, 40, 40, 40, 40, 40, 40, 40, 40, 40, 40, 40, 40, 40, 40, 40, 40, 40, 40, 40, 40, 40, 40, 40, 40, 40, 40, 40, 40, 40, 40, 40, 40, 40, 40, 40, 40, 40, 40, 40, 40, 40, 40, 40, 40, 40, 40, 40, 40, 40, 40, 40, 40, 40, 40, 40, 40, 40, 40, 40, 40, 40, 40, 40, 40, 40, 40, 40, 40, 40, 40, 40, 40, 40, 40, 40, 40, 40, 40, 40, 40, 40, 40, 40, 40, 40]
antennas_map_m:  [1, 1, 1, 1, 1, 1, 1, 1, 1, 1, 1, 1, 1, 1, 1, 1, 1, 1, 1, 1, 1, 1, 1, 1, 1, 1, 1, 1, 1, 1, 1, 1, 1, 1, 1, 1, 1, 1, 1, 1, 1, 1, 1, 1, 1, 1, 1, 1, 1, 1, 1, 1, 1, 1, 1, 1, 1, 1, 1, 1, 1, 1, 1, 1, 1, 1, 1, 1, 1, 1, 1, 1, 1, 1, 1, 1, 1, 1, 1, 1, 1, 1, 1, 1, 1, 1, 1, 1, 1, 1, 1, 1, 1, 1, 1, 1, 1, 1, 1, 1]
FIRST_ANTENNA:  26
MIN_SNR_m:  [3.1622776601683795, 3.1622776601683795, 3.1622776601683795, 3.1622776601683795, 3.1622776601683795, 3.1622776601683795, 3.1622776601683795, 3.1622776601683795, 3.1622776601683795, 3.1622776601683795, 3.1622776601683795, 3.1622776601683795, 3.1622776601683795, 3.1622776601683795, 3.1622776601683795, 3.1622776601683795, 3.1622776601683795, 3.1622776601683795, 3.1622776601683795, 3.1622776601683795, 3.1622776601683795, 3.1622776601683795, 3.1622776601683795, 3.1622776601683795, 3.1622776601683795, 3.1622776601683795, 3.1622776601683795, 3.1622776601683795, 3.1622776601683795, 3.1622776601683795, 3.1622776601683795, 3.1622776601683795, 3.1622776601683795, 3.1622776601683795, 3.1622776601683795, 3.1622776601683795, 3.1622776601683795, 3.1622776601683795, 3.1622776601683795, 3.1622776601683795, 3.1622776601683795, 3.1622776601683795, 3.1622776601683795, 3.1622776601683795, 3.1622776601683795, 3.1622776601683795, 3.1622776601683795, 3.1622776601683795, 3.1622776601683795, 3.1622776601683795, 3.1622776601683795, 3.1622776601683795, 3.1622776601683795, 3.1622776601683795, 3.1622776601683795, 3.1622776601683795, 3.1622776601683795, 3.1622776601683795, 3.1622776601683795, 3.1622776601683795, 3.1622776601683795, 3.1622776601683795, 3.1622776601683795, 3.1622776601683795, 3.1622776601683795, 3.1622776601683795, 3.1622776601683795, 3.1622776601683795, 3.1622776601683795, 3.1622776601683795, 3.1622776601683795, 3.1622776601683795, 3.1622776601683795, 3.1622776601683795, 3.1622776601683795, 3.1622776601683795, 3.1622776601683795, 3.1622776601683795, 3.1622776601683795, 3.1622776601683795, 3.1622776601683795, 3.1622776601683795, 3.1622776601683795, 3.1622776601683795, 3.1622776601683795, 3.1622776601683795, 3.1622776601683795, 3.1622776601683795, 3.1622776601683795, 3.1622776601683795, 3.1622776601683795, 3.1622776601683795, 3.1622776601683795, 3.1622776601683795, 3.1622776601683795, 3.1622776601683795, 3.1622776601683795, 3.1622776601683795, 3.1622776601683795, 3.1622776601683795]
-MIN_DIST:  2000
- disaster percentage:  0
44

Starting GA of slice 0.

Generation :  1
Fitness of the best solution : 880993580.9137126
Generation :  2
Fitness of the best solution : 930923515.5624315
Generation :  3
Fitness of the best solution : 970854415.9028109
Generation :  4
Fitness of the best solution : 980804525.4833996
Generation :  5
Fitness of the best solution : 980804525.4833996
Generation :  6
Fitness of the best solution : 980804525.4833996
Generation :  7
Fitness of the best solution : 980804525.4833996
Generation :  8
Fitness of the best solution : 980804525.4833996
Generation :  9
Fitness of the best solution : 980804525.4833996
Generation :  10
Fitness of the best solution : 980804525.4833996
Generation :  11
Fitness of the best solution : 980804525.4833996
Generation :  12
Fitness of the best solution : 980804525.4833996
Generation :  13
Fitness of the best solution : 980804525.4833996
Generation :  14
Fitness of the best solution : 980804525.4833996
Generation :  15
Fitness of the best solution : 980804525.4833996
Generation :  16
Fitness of the best solution : 980804525.4833996
Generation :  17
Fitness of the best solution : 980804525.4833996
Generation :  18
Fitness of the best solution : 980804525.4833996
Generation :  19
Fitness of the best solution : 980804525.4833996
Generation :  20
Fitness of the best solution : 980804525.4833996
Generation :  21
Fitness of the best solution : 980804525.4833996
Generation :  22
Fitness of the best solution : 980804525.4833996
Generation :  23
Fitness of the best solution : 980804525.4833996
Generation :  24
Fitness of the best solution : 980804525.4833996
Generation :  25
Fitness of the best solution : 980804525.4833996
Generation :  26
Fitness of the best solution : 980804525.4833996
Generation :  27
Fitness of the best solution : 980804525.4833996
Generation :  28
Fitness of the best solution : 980804525.4833996
Generation :  29
Fitness of the best solution : 980804525.4833996
Generation :  30
Fitness of the best solution : 980804525.4833996
Generation :  31
Fitness of the best solution : 980804525.4833996
Generation :  32
Fitness of the best solution : 980804525.4833996
Generation :  33
Fitness of the best solution : 980804525.4833996
Generation :  34
Fitness of the best solution : 980804525.4833996
Parameters of the best solution : [0 0 0 0 0 0 0 0 0 0 0 0 0 0 0 0 0 0 0 0 0 0 0 0 0 0 1 0 0 0 0 0 0 0 0 0 0
 0 0 0 0 0 0 0 1 0 0 0 0 0 0 0 0 0 0 0 0 0 0 0 0 0 0 0 0 0 0 0 0 0 0 0 0 0
 0 0 0 0 0 0 0 0 0 0 0 0 0 0 0 0 0 0 0 0 0 0 0 0 0 0]
Number of antennas of the best solution = 2.0
Number of covered regions of the best solution = 80.0
Index of the best solution : 5
Total generations: 34.
Best fitness value reached after 4 generations.

26 : 44 => 1131.370849898476

Starting GA of slice 1.

Generation :  1
Fitness of the best solution : 881003870.8253783
Generation :  2
Fitness of the best solution : 931003993.0266048
Generation :  3
Fitness of the best solution : 941004169.0138887
Generation :  4
Fitness of the best solution : 941004163.6563536
Generation :  5
Fitness of the best solution : 960954023.5069158
Generation :  6
Fitness of the best solution : 960983936.8484478
Generation :  7
Fitness of the best solution : 960954023.5069158
Generation :  8
Fitness of the best solution : 960954023.5069158
Generation :  9
Fitness of the best solution : 960964160.4552456
Generation :  10
Fitness of the best solution : 960964160.4552456
Generation :  11
Fitness of the best solution : 960964160.4552456
Generation :  12
Fitness of the best solution : 960983936.8484478
Generation :  13
Fitness of the best solution : 960964160.4552456
Generation :  14
Fitness of the best solution : 960964160.4552456
Generation :  15
Fitness of the best solution : 960964160.4552456
Generation :  16
Fitness of the best solution : 960964160.4552456
Generation :  17
Fitness of the best solution : 960964160.4552456
Generation :  18
Fitness of the best solution : 960964160.4552456
Generation :  19
Fitness of the best solution : 960964160.4552456
Generation :  20
Fitness of the best solution : 960964160.4552456
Generation :  21
Fitness of the best solution : 960984023.5069158
Generation :  22
Fitness of the best solution : 960993884.0620433
Generation :  23
Fitness of the best solution : 960993884.0620433
Generation :  24
Fitness of the best solution : 960993884.0620433
Generation :  25
Fitness of the best solution : 960993884.0620433
Generation :  26
Fitness of the best solution : 960984023.5069158
Generation :  27
Fitness of the best solution : 960984023.5069158
Generation :  28
Fitness of the best solution : 960984023.5069158
Generation :  29
Fitness of the best solution : 960984023.5069158
Generation :  30
Fitness of the best solution : 960984023.5069158
Generation :  31
Fitness of the best solution : 960984023.5069158
Generation :  32
Fitness of the best solution : 960984023.5069158
Generation :  33
Fitness of the best solution : 960984023.5069158
Generation :  34
Fitness of the best solution : 960984023.5069158
Generation :  35
Fitness of the best solution : 960984023.5069158
Generation :  36
Fitness of the best solution : 960984023.5069158
Generation :  37
Fitness of the best solution : 960984023.5069158
Generation :  38
Fitness of the best solution : 960984023.5069158
Generation :  39
Fitness of the best solution : 960984023.5069158
Generation :  40
Fitness of the best solution : 960984023.5069158
Generation :  41
Fitness of the best solution : 960984023.5069158
Generation :  42
Fitness of the best solution : 960984087.215857
Generation :  43
Fitness of the best solution : 960984087.215857
Generation :  44
Fitness of the best solution : 960984087.215857
Generation :  45
Fitness of the best solution : 960984087.215857
Generation :  46
Fitness of the best solution : 960984087.215857
Generation :  47
Fitness of the best solution : 960984087.215857
Generation :  48
Fitness of the best solution : 960984087.215857
Generation :  49
Fitness of the best solution : 960984087.215857
Generation :  50
Fitness of the best solution : 960984087.215857
Generation :  51
Fitness of the best solution : 960984224.1641867
Generation :  52
Fitness of the best solution : 960984224.1641867
Generation :  53
Fitness of the best solution : 960994172.4087517
Generation :  54
Fitness of the best solution : 960994172.4087517
Generation :  55
Fitness of the best solution : 960994172.4087517
Generation :  56
Fitness of the best solution : 960994172.4087517
Generation :  57
Fitness of the best solution : 960994172.4087517
Generation :  58
Fitness of the best solution : 960994172.4087517
Generation :  59
Fitness of the best solution : 960994172.4087517
Generation :  60
Fitness of the best solution : 960994172.4087517
Generation :  61
Fitness of the best solution : 960994172.4087517
Generation :  62
Fitness of the best solution : 960994172.4087517
Generation :  63
Fitness of the best solution : 960994172.4087517
Generation :  64
Fitness of the best solution : 960994172.4087517
Generation :  65
Fitness of the best solution : 960994172.4087517
Generation :  66
Fitness of the best solution : 960994172.4087517
Generation :  67
Fitness of the best solution : 960994172.4087517
Generation :  68
Fitness of the best solution : 960994172.4087517
Generation :  69
Fitness of the best solution : 960994172.4087517
Generation :  70
Fitness of the best solution : 960994172.4087517
Generation :  71
Fitness of the best solution : 960994172.4087517
Generation :  72
Fitness of the best solution : 960994172.4087517
Generation :  73
Fitness of the best solution : 960994172.4087517
Generation :  74
Fitness of the best solution : 960994172.4087517
Generation :  75
Fitness of the best solution : 960994172.4087517
Generation :  76
Fitness of the best solution : 960994172.4087517
Generation :  77
Fitness of the best solution : 960994172.4087517
Generation :  78
Fitness of the best solution : 960994172.4087517
Generation :  79
Fitness of the best solution : 960994172.4087517
Generation :  80
Fitness of the best solution : 960994172.4087517
Generation :  81
Fitness of the best solution : 960994172.4087517
Generation :  82
Fitness of the best solution : 960994172.4087517
Generation :  83
Fitness of the best solution : 960994172.4087517
Parameters of the best solution : [0 0 0 0 0 0 0 0 0 0 0 0 0 0 0 0 0 0 0 0 0 0 0 0 0 0 1 0 0 0 0 0 0 0 0 0 0
 0 0 0 0 0 0 0 1 0 0 0 0 0 0 0 0 0 0 0 0 0 1 0 0 0 0 1 0 0 0 0 0 0 0 0 0 0
 0 0 0 0 0 0 0 0 0 0 0 0 0 0 0 0 0 0 0 0 0 0 0 0 0 0]
Number of antennas of the best solution = 4.0
Number of covered regions of the best solution = 99.0
Index of the best solution : 16
Total generations: 83.
Best fitness value reached after 53 generations.

26 : 44 => 1131.370849898476

26 : 58 => 1442.2205101855957

26 : 63 => 2000.0

44 : 58 => 1649.2422502470642

44 : 63 => 894.4271909999159

58 : 63 => 2039.607805437114

Starting GA of slice 2.

Generation :  1
Fitness of the best solution : 851003808.5676814
Generation :  2
Fitness of the best solution : 891003644.1014229
Generation :  3
Fitness of the best solution : 911003922.247802
Generation :  4
Fitness of the best solution : 921003945.1171317
Generation :  5
Fitness of the best solution : 941004067.8435987
Generation :  6
Fitness of the best solution : 941004067.8435987
Generation :  7
Fitness of the best solution : 951004103.1785535
Generation :  8
Fitness of the best solution : 951004103.1785535
Generation :  9
Fitness of the best solution : 951004103.1785535
Generation :  10
Fitness of the best solution : 941004072.0608084
Generation :  11
Fitness of the best solution : 951003948.2392052
Generation :  12
Fitness of the best solution : 951004196.1607664
Generation :  13
Fitness of the best solution : 951004196.1607664
Generation :  14
Fitness of the best solution : 951004196.1607664
Generation :  15
Fitness of the best solution : 951004196.1607664
Generation :  16
Fitness of the best solution : 951004196.1607664
Generation :  17
Fitness of the best solution : 951004196.1607664
Generation :  18
Fitness of the best solution : 951004196.1607664
Generation :  19
Fitness of the best solution : 951004196.1607664
Generation :  20
Fitness of the best solution : 951004196.1607664
Generation :  21
Fitness of the best solution : 951004196.1607664
Generation :  22
Fitness of the best solution : 951004196.1607664
Generation :  23
Fitness of the best solution : 951004196.1607664
Generation :  24
Fitness of the best solution : 951004196.1607664
Generation :  25
Fitness of the best solution : 951004196.1607664
Generation :  26
Fitness of the best solution : 951004196.1607664
Generation :  27
Fitness of the best solution : 951004196.1607664
Generation :  28
Fitness of the best solution : 951004196.1607664
Generation :  29
Fitness of the best solution : 951004196.1607664
Generation :  30
Fitness of the best solution : 951004196.1607664
Generation :  31
Fitness of the best solution : 951004196.1607664
Generation :  32
Fitness of the best solution : 951004196.1607664
Generation :  33
Fitness of the best solution : 951004196.1607664
Generation :  34
Fitness of the best solution : 951004196.1607664
Generation :  35
Fitness of the best solution : 951004196.1607664
Generation :  36
Fitness of the best solution : 951004196.1607664
Generation :  37
Fitness of the best solution : 951004196.1607664
Generation :  38
Fitness of the best solution : 951004196.1607664
Generation :  39
Fitness of the best solution : 951004196.1607664
Generation :  40
Fitness of the best solution : 951004196.1607664
Generation :  41
Fitness of the best solution : 951004196.1607664
Generation :  42
Fitness of the best solution : 951004196.1607664
Parameters of the best solution : [0 0 0 0 0 0 0 0 0 0 0 0 0 0 0 0 0 0 0 0 0 0 0 0 0 0 1 0 0 0 0 0 0 0 0 0 0
 0 0 0 0 0 0 0 1 0 1 0 0 0 0 0 0 0 0 0 0 0 1 0 0 0 0 1 0 0 0 0 0 0 0 0 0 0
 0 0 0 0 0 0 0 0 0 0 0 0 0 0 0 0 0 0 0 0 0 0 0 0 0 0]
Number of antennas of the best solution = 5.0
Number of covered regions of the best solution = 100.0
Index of the best solution : 16
Total generations: 42.
Best fitness value reached after 12 generations.

26 : 44 => 1131.370849898476

26 : 46 => 800.0

26 : 58 => 1442.2205101855957

26 : 63 => 2000.0

44 : 46 => 800.0

44 : 58 => 1649.2422502470642

44 : 63 => 894.4271909999159

46 : 58 => 894.4271909999159

46 : 63 => 1442.2205101855957

58 : 63 => 2039.607805437114

Starting GA of slice 3.

Generation :  1
Fitness of the best solution : 951004196.1607664
Generation :  2
Fitness of the best solution : 951004196.1607664
Generation :  3
Fitness of the best solution : 951004196.1607664
Generation :  4
Fitness of the best solution : 951004196.1607664
Generation :  5
Fitness of the best solution : 951004196.1607664
Generation :  6
Fitness of the best solution : 951004196.1607664
Generation :  7
Fitness of the best solution : 951004196.1607664
Generation :  8
Fitness of the best solution : 951004196.1607664
Generation :  9
Fitness of the best solution : 951004196.1607664
Generation :  10
Fitness of the best solution : 951004196.1607664
Generation :  11
Fitness of the best solution : 951004196.1607664
Generation :  12
Fitness of the best solution : 951004196.1607664
Generation :  13
Fitness of the best solution : 951004196.1607664
Generation :  14
Fitness of the best solution : 951004196.1607664
Generation :  15
Fitness of the best solution : 951004196.1607664
Generation :  16
Fitness of the best solution : 951004196.1607664
Generation :  17
Fitness of the best solution : 951004196.1607664
Generation :  18
Fitness of the best solution : 951004196.1607664
Generation :  19
Fitness of the best solution : 951004196.1607664
Generation :  20
Fitness of the best solution : 951004196.1607664
Generation :  21
Fitness of the best solution : 951004196.1607664
Generation :  22
Fitness of the best solution : 951004196.1607664
Generation :  23
Fitness of the best solution : 951004196.1607664
Generation :  24
Fitness of the best solution : 951004196.1607664
Generation :  25
Fitness of the best solution : 951004196.1607664
Generation :  26
Fitness of the best solution : 951004196.1607664
Generation :  27
Fitness of the best solution : 951004196.1607664
Generation :  28
Fitness of the best solution : 951004196.1607664
Generation :  29
Fitness of the best solution : 951004196.1607664
Generation :  30
Fitness of the best solution : 951004196.1607664
Parameters of the best solution : [0 0 0 0 0 0 0 0 0 0 0 0 0 0 0 0 0 0 0 0 0 0 0 0 0 0 1 0 0 0 0 0 0 0 0 0 0
 0 0 0 0 0 0 0 1 0 1 0 0 0 0 0 0 0 0 0 0 0 1 0 0 0 0 1 0 0 0 0 0 0 0 0 0 0
 0 0 0 0 0 0 0 0 0 0 0 0 0 0 0 0 0 0 0 0 0 0 0 0 0 0]
Number of antennas of the best solution = 5.0
Number of covered regions of the best solution = 100.0
Index of the best solution : 0
Total generations: 30.
Best fitness value reached after 0 generations.

26 : 44 => 1131.370849898476

26 : 46 => 800.0

26 : 58 => 1442.2205101855957

26 : 63 => 2000.0

44 : 46 => 800.0

44 : 58 => 1649.2422502470642

44 : 63 => 894.4271909999159

46 : 58 => 894.4271909999159

46 : 63 => 1442.2205101855957

58 : 63 => 2039.607805437114

Starting GA of slice 4.

Generation :  1
Fitness of the best solution : 951004196.1607664
Generation :  2
Fitness of the best solution : 951004196.1607664
Generation :  3
Fitness of the best solution : 951004196.1607664
Generation :  4
Fitness of the best solution : 951004196.1607664
Generation :  5
Fitness of the best solution : 951004196.1607664
Generation :  6
Fitness of the best solution : 951004196.1607664
Generation :  7
Fitness of the best solution : 951004196.1607664
Generation :  8
Fitness of the best solution : 951004196.1607664
Generation :  9
Fitness of the best solution : 951004196.1607664
Generation :  10
Fitness of the best solution : 951004196.1607664
Generation :  11
Fitness of the best solution : 951004196.1607664
Generation :  12
Fitness of the best solution : 951004196.1607664
Generation :  13
Fitness of the best solution : 951004196.1607664
Generation :  14
Fitness of the best solution : 951004196.1607664
Generation :  15
Fitness of the best solution : 951004196.1607664
Generation :  16
Fitness of the best solution : 951004196.1607664
Generation :  17
Fitness of the best solution : 951004196.1607664
Generation :  18
Fitness of the best solution : 951004196.1607664
Generation :  19
Fitness of the best solution : 951004196.1607664
Generation :  20
Fitness of the best solution : 951004196.1607664
Generation :  21
Fitness of the best solution : 951004196.1607664
Generation :  22
Fitness of the best solution : 951004196.1607664
Generation :  23
Fitness of the best solution : 951004196.1607664
Generation :  24
Fitness of the best solution : 951004196.1607664
Generation :  25
Fitness of the best solution : 951004196.1607664
Generation :  26
Fitness of the best solution : 951004196.1607664
Generation :  27
Fitness of the best solution : 951004196.1607664
Generation :  28
Fitness of the best solution : 951004196.1607664
Generation :  29
Fitness of the best solution : 951004196.1607664
Generation :  30
Fitness of the best solution : 951004196.1607664
Parameters of the best solution : [0 0 0 0 0 0 0 0 0 0 0 0 0 0 0 0 0 0 0 0 0 0 0 0 0 0 1 0 0 0 0 0 0 0 0 0 0
 0 0 0 0 0 0 0 1 0 1 0 0 0 0 0 0 0 0 0 0 0 1 0 0 0 0 1 0 0 0 0 0 0 0 0 0 0
 0 0 0 0 0 0 0 0 0 0 0 0 0 0 0 0 0 0 0 0 0 0 0 0 0 0]
Number of antennas of the best solution = 5.0
Number of covered regions of the best solution = 100.0
Index of the best solution : 0
Total generations: 30.
Best fitness value reached after 0 generations.

26 : 44 => 1131.370849898476

26 : 46 => 800.0

26 : 58 => 1442.2205101855957

26 : 63 => 2000.0

44 : 46 => 800.0

44 : 58 => 1649.2422502470642

44 : 63 => 894.4271909999159

46 : 58 => 894.4271909999159

46 : 63 => 1442.2205101855957

58 : 63 => 2039.607805437114

Starting GA of slice 5.

Generation :  1
Fitness of the best solution : 841003821.9151306
Generation :  2
Fitness of the best solution : 851003598.0696732
Generation :  3
Fitness of the best solution : 861003748.8570343
Generation :  4
Fitness of the best solution : 881003970.9784511
Generation :  5
Fitness of the best solution : 891003894.2140017
Generation :  6
Fitness of the best solution : 901003894.5185194
Generation :  7
Fitness of the best solution : 931004017.2744243
Generation :  8
Fitness of the best solution : 931004017.2744243
Generation :  9
Fitness of the best solution : 941004104.958691
Generation :  10
Fitness of the best solution : 941004104.958691
Generation :  11
Fitness of the best solution : 941004104.958691
Generation :  12
Fitness of the best solution : 941004104.958691
Generation :  13
Fitness of the best solution : 941004104.958691
Generation :  14
Fitness of the best solution : 941004104.958691
Generation :  15
Fitness of the best solution : 941004104.958691
Generation :  16
Fitness of the best solution : 941004104.958691
Generation :  17
Fitness of the best solution : 941004104.958691
Generation :  18
Fitness of the best solution : 941004104.958691
Generation :  19
Fitness of the best solution : 941004104.958691
Generation :  20
Fitness of the best solution : 941004104.958691
Generation :  21
Fitness of the best solution : 941004104.958691
Generation :  22
Fitness of the best solution : 941004104.958691
Generation :  23
Fitness of the best solution : 941004104.958691
Generation :  24
Fitness of the best solution : 941004104.958691
Generation :  25
Fitness of the best solution : 941004104.958691
Generation :  26
Fitness of the best solution : 941004104.958691
Generation :  27
Fitness of the best solution : 941004104.958691
Generation :  28
Fitness of the best solution : 941004104.958691
Generation :  29
Fitness of the best solution : 941004104.958691
Generation :  30
Fitness of the best solution : 941004104.958691
Generation :  31
Fitness of the best solution : 941004104.958691
Generation :  32
Fitness of the best solution : 941004104.958691
Generation :  33
Fitness of the best solution : 941004104.958691
Generation :  34
Fitness of the best solution : 941004104.958691
Generation :  35
Fitness of the best solution : 941004104.958691
Generation :  36
Fitness of the best solution : 941004104.958691
Generation :  37
Fitness of the best solution : 941004104.958691
Generation :  38
Fitness of the best solution : 941004104.958691
Generation :  39
Fitness of the best solution : 941004104.958691
Parameters of the best solution : [0 0 0 0 0 0 0 0 0 0 0 0 0 0 0 0 0 0 0 0 0 0 0 0 0 0 1 1 0 0 0 0 0 0 0 0 0
 0 0 0 0 0 0 0 1 0 1 0 0 0 0 0 0 0 0 0 0 0 1 0 0 0 0 1 0 0 0 0 0 0 0 0 0 0
 0 0 0 0 0 0 0 0 0 0 0 0 0 0 0 0 0 0 0 0 0 0 0 0 0 0]
Number of antennas of the best solution = 6.0
Number of covered regions of the best solution = 100.0
Index of the best solution : 29
Total generations: 39.
Best fitness value reached after 9 generations.

26 : 27 => 400.0

26 : 44 => 1131.370849898476

26 : 46 => 800.0

26 : 58 => 1442.2205101855957

26 : 63 => 2000.0

27 : 44 => 1442.2205101855957

27 : 46 => 894.4271909999159

27 : 58 => 1264.9110640673518

27 : 63 => 2262.741699796952

44 : 46 => 800.0

44 : 58 => 1649.2422502470642

44 : 63 => 894.4271909999159

46 : 58 => 894.4271909999159

46 : 63 => 1442.2205101855957

58 : 63 => 2039.607805437114

Starting GA of slice 6.

Generation :  1
Fitness of the best solution : 941004104.958691
Generation :  2
Fitness of the best solution : 941004104.958691
Generation :  3
Fitness of the best solution : 941004104.958691
Generation :  4
Fitness of the best solution : 941004104.958691
Generation :  5
Fitness of the best solution : 941004104.958691
Generation :  6
Fitness of the best solution : 941004104.958691
Generation :  7
Fitness of the best solution : 941004104.958691
Generation :  8
Fitness of the best solution : 941004104.958691
Generation :  9
Fitness of the best solution : 941004104.958691
Generation :  10
Fitness of the best solution : 941004104.958691
Generation :  11
Fitness of the best solution : 941004104.958691
Generation :  12
Fitness of the best solution : 941004104.958691
Generation :  13
Fitness of the best solution : 941004104.958691
Generation :  14
Fitness of the best solution : 941004104.958691
Generation :  15
Fitness of the best solution : 941004104.958691
Generation :  16
Fitness of the best solution : 941004104.958691
Generation :  17
Fitness of the best solution : 941004104.958691
Generation :  18
Fitness of the best solution : 941004104.958691
Generation :  19
Fitness of the best solution : 941004104.958691
Generation :  20
Fitness of the best solution : 941004104.958691
Generation :  21
Fitness of the best solution : 941004104.958691
Generation :  22
Fitness of the best solution : 941004104.958691
Generation :  23
Fitness of the best solution : 941004104.958691
Generation :  24
Fitness of the best solution : 941004104.958691
Generation :  25
Fitness of the best solution : 941004104.958691
Generation :  26
Fitness of the best solution : 941004104.958691
Generation :  27
Fitness of the best solution : 941004104.958691
Generation :  28
Fitness of the best solution : 941004104.958691
Generation :  29
Fitness of the best solution : 941004104.958691
Generation :  30
Fitness of the best solution : 941004104.958691
Parameters of the best solution : [0 0 0 0 0 0 0 0 0 0 0 0 0 0 0 0 0 0 0 0 0 0 0 0 0 0 1 1 0 0 0 0 0 0 0 0 0
 0 0 0 0 0 0 0 1 0 1 0 0 0 0 0 0 0 0 0 0 0 1 0 0 0 0 1 0 0 0 0 0 0 0 0 0 0
 0 0 0 0 0 0 0 0 0 0 0 0 0 0 0 0 0 0 0 0 0 0 0 0 0 0]
Number of antennas of the best solution = 6.0
Number of covered regions of the best solution = 100.0
Index of the best solution : 0
Total generations: 30.
Best fitness value reached after 0 generations.

26 : 27 => 400.0

26 : 44 => 1131.370849898476

26 : 46 => 800.0

26 : 58 => 1442.2205101855957

26 : 63 => 2000.0

27 : 44 => 1442.2205101855957

27 : 46 => 894.4271909999159

27 : 58 => 1264.9110640673518

27 : 63 => 2262.741699796952

44 : 46 => 800.0

44 : 58 => 1649.2422502470642

44 : 63 => 894.4271909999159

46 : 58 => 894.4271909999159

46 : 63 => 1442.2205101855957

58 : 63 => 2039.607805437114

Starting GA of slice 7.

Generation :  1
Fitness of the best solution : 941004104.958691
Generation :  2
Fitness of the best solution : 941004104.958691
Generation :  3
Fitness of the best solution : 941004104.958691
Generation :  4
Fitness of the best solution : 941004104.958691
Generation :  5
Fitness of the best solution : 941004104.958691
Generation :  6
Fitness of the best solution : 941004104.958691
Generation :  7
Fitness of the best solution : 941004104.958691
Generation :  8
Fitness of the best solution : 941004104.958691
Generation :  9
Fitness of the best solution : 941004104.958691
Generation :  10
Fitness of the best solution : 941004104.958691
Generation :  11
Fitness of the best solution : 941004104.958691
Generation :  12
Fitness of the best solution : 941004104.958691
Generation :  13
Fitness of the best solution : 941004104.958691
Generation :  14
Fitness of the best solution : 941004104.958691
Generation :  15
Fitness of the best solution : 941004104.958691
Generation :  16
Fitness of the best solution : 941004104.958691
Generation :  17
Fitness of the best solution : 941004104.958691
Generation :  18
Fitness of the best solution : 941004104.958691
Generation :  19
Fitness of the best solution : 941004104.958691
Generation :  20
Fitness of the best solution : 941004104.958691
Generation :  21
Fitness of the best solution : 941004104.958691
Generation :  22
Fitness of the best solution : 941004104.958691
Generation :  23
Fitness of the best solution : 941004104.958691
Generation :  24
Fitness of the best solution : 941004104.958691
Generation :  25
Fitness of the best solution : 941004104.958691
Generation :  26
Fitness of the best solution : 941004104.958691
Generation :  27
Fitness of the best solution : 941004104.958691
Generation :  28
Fitness of the best solution : 941004104.958691
Generation :  29
Fitness of the best solution : 941004104.958691
Generation :  30
Fitness of the best solution : 941004104.958691
Parameters of the best solution : [0 0 0 0 0 0 0 0 0 0 0 0 0 0 0 0 0 0 0 0 0 0 0 0 0 0 1 1 0 0 0 0 0 0 0 0 0
 0 0 0 0 0 0 0 1 0 1 0 0 0 0 0 0 0 0 0 0 0 1 0 0 0 0 1 0 0 0 0 0 0 0 0 0 0
 0 0 0 0 0 0 0 0 0 0 0 0 0 0 0 0 0 0 0 0 0 0 0 0 0 0]
Number of antennas of the best solution = 6.0
Number of covered regions of the best solution = 100.0
Index of the best solution : 0
Total generations: 30.
Best fitness value reached after 0 generations.

26 : 27 => 400.0

26 : 44 => 1131.370849898476

26 : 46 => 800.0

26 : 58 => 1442.2205101855957

26 : 63 => 2000.0

27 : 44 => 1442.2205101855957

27 : 46 => 894.4271909999159

27 : 58 => 1264.9110640673518

27 : 63 => 2262.741699796952

44 : 46 => 800.0

44 : 58 => 1649.2422502470642

44 : 63 => 894.4271909999159

46 : 58 => 894.4271909999159

46 : 63 => 1442.2205101855957

58 : 63 => 2039.607805437114

Starting GA of slice 8.

Generation :  1
Fitness of the best solution : 941004104.958691
Generation :  2
Fitness of the best solution : 941004104.958691
Generation :  3
Fitness of the best solution : 941004104.958691
Generation :  4
Fitness of the best solution : 941004104.958691
Generation :  5
Fitness of the best solution : 941004104.958691
Generation :  6
Fitness of the best solution : 941004104.958691
Generation :  7
Fitness of the best solution : 941004104.958691
Generation :  8
Fitness of the best solution : 941004104.958691
Generation :  9
Fitness of the best solution : 941004104.958691
Generation :  10
Fitness of the best solution : 941004104.958691
Generation :  11
Fitness of the best solution : 941004104.958691
Generation :  12
Fitness of the best solution : 941004104.958691
Generation :  13
Fitness of the best solution : 941004104.958691
Generation :  14
Fitness of the best solution : 941004104.958691
Generation :  15
Fitness of the best solution : 941004104.958691
Generation :  16
Fitness of the best solution : 941004104.958691
Generation :  17
Fitness of the best solution : 941004104.958691
Generation :  18
Fitness of the best solution : 941004104.958691
Generation :  19
Fitness of the best solution : 941004104.958691
Generation :  20
Fitness of the best solution : 941004104.958691
Generation :  21
Fitness of the best solution : 941004104.958691
Generation :  22
Fitness of the best solution : 941004104.958691
Generation :  23
Fitness of the best solution : 941004104.958691
Generation :  24
Fitness of the best solution : 941004104.958691
Generation :  25
Fitness of the best solution : 941004104.958691
Generation :  26
Fitness of the best solution : 941004104.958691
Generation :  27
Fitness of the best solution : 941004104.958691
Generation :  28
Fitness of the best solution : 941004104.958691
Generation :  29
Fitness of the best solution : 941004104.958691
Generation :  30
Fitness of the best solution : 941004104.958691
Parameters of the best solution : [0 0 0 0 0 0 0 0 0 0 0 0 0 0 0 0 0 0 0 0 0 0 0 0 0 0 1 1 0 0 0 0 0 0 0 0 0
 0 0 0 0 0 0 0 1 0 1 0 0 0 0 0 0 0 0 0 0 0 1 0 0 0 0 1 0 0 0 0 0 0 0 0 0 0
 0 0 0 0 0 0 0 0 0 0 0 0 0 0 0 0 0 0 0 0 0 0 0 0 0 0]
Number of antennas of the best solution = 6.0
Number of covered regions of the best solution = 100.0
Index of the best solution : 0
Total generations: 30.
Best fitness value reached after 0 generations.

26 : 27 => 400.0

26 : 44 => 1131.370849898476

26 : 46 => 800.0

26 : 58 => 1442.2205101855957

26 : 63 => 2000.0

27 : 44 => 1442.2205101855957

27 : 46 => 894.4271909999159

27 : 58 => 1264.9110640673518

27 : 63 => 2262.741699796952

44 : 46 => 800.0

44 : 58 => 1649.2422502470642

44 : 63 => 894.4271909999159

46 : 58 => 894.4271909999159

46 : 63 => 1442.2205101855957

58 : 63 => 2039.607805437114

Starting GA of slice 9.

Generation :  1
Fitness of the best solution : 941004104.958691
Generation :  2
Fitness of the best solution : 941004104.958691
Generation :  3
Fitness of the best solution : 941004104.958691
Generation :  4
Fitness of the best solution : 941004104.958691
Generation :  5
Fitness of the best solution : 941004104.958691
Generation :  6
Fitness of the best solution : 941004104.958691
Generation :  7
Fitness of the best solution : 941004104.958691
Generation :  8
Fitness of the best solution : 941004104.958691
Generation :  9
Fitness of the best solution : 941004104.958691
Generation :  10
Fitness of the best solution : 941004104.958691
Generation :  11
Fitness of the best solution : 941004104.958691
Generation :  12
Fitness of the best solution : 941004104.958691
Generation :  13
Fitness of the best solution : 941004104.958691
Generation :  14
Fitness of the best solution : 941004104.958691
Generation :  15
Fitness of the best solution : 941004104.958691
Generation :  16
Fitness of the best solution : 941004104.958691
Generation :  17
Fitness of the best solution : 941004104.958691
Generation :  18
Fitness of the best solution : 941004104.958691
Generation :  19
Fitness of the best solution : 941004104.958691
Generation :  20
Fitness of the best solution : 941004104.958691
Generation :  21
Fitness of the best solution : 941004104.958691
Generation :  22
Fitness of the best solution : 941004104.958691
Generation :  23
Fitness of the best solution : 941004104.958691
Generation :  24
Fitness of the best solution : 941004104.958691
Generation :  25
Fitness of the best solution : 941004104.958691
Generation :  26
Fitness of the best solution : 941004104.958691
Generation :  27
Fitness of the best solution : 941004104.958691
Generation :  28
Fitness of the best solution : 941004104.958691
Generation :  29
Fitness of the best solution : 941004104.958691
Generation :  30
Fitness of the best solution : 941004104.958691
Parameters of the best solution : [0 0 0 0 0 0 0 0 0 0 0 0 0 0 0 0 0 0 0 0 0 0 0 0 0 0 1 1 0 0 0 0 0 0 0 0 0
 0 0 0 0 0 0 0 1 0 1 0 0 0 0 0 0 0 0 0 0 0 1 0 0 0 0 1 0 0 0 0 0 0 0 0 0 0
 0 0 0 0 0 0 0 0 0 0 0 0 0 0 0 0 0 0 0 0 0 0 0 0 0 0]
Number of antennas of the best solution = 6.0
Number of covered regions of the best solution = 100.0
Index of the best solution : 0
Total generations: 30.
Best fitness value reached after 0 generations.

26 : 27 => 400.0

26 : 44 => 1131.370849898476

26 : 46 => 800.0

26 : 58 => 1442.2205101855957

26 : 63 => 2000.0

27 : 44 => 1442.2205101855957

27 : 46 => 894.4271909999159

27 : 58 => 1264.9110640673518

27 : 63 => 2262.741699796952

44 : 46 => 800.0

44 : 58 => 1649.2422502470642

44 : 63 => 894.4271909999159

46 : 58 => 894.4271909999159

46 : 63 => 1442.2205101855957

58 : 63 => 2039.607805437114

Starting GA of slice 10.

Generation :  1
Fitness of the best solution : 941004104.958691
Generation :  2
Fitness of the best solution : 941004104.958691
Generation :  3
Fitness of the best solution : 941004104.958691
Generation :  4
Fitness of the best solution : 941004104.958691
Generation :  5
Fitness of the best solution : 941004104.958691
Generation :  6
Fitness of the best solution : 941004104.958691
Generation :  7
Fitness of the best solution : 941004104.958691
Generation :  8
Fitness of the best solution : 941004104.958691
Generation :  9
Fitness of the best solution : 941004104.958691
Generation :  10
Fitness of the best solution : 941004104.958691
Generation :  11
Fitness of the best solution : 941004104.958691
Generation :  12
Fitness of the best solution : 941004104.958691
Generation :  13
Fitness of the best solution : 941004104.958691
Generation :  14
Fitness of the best solution : 941004104.958691
Generation :  15
Fitness of the best solution : 941004104.958691
Generation :  16
Fitness of the best solution : 941004104.958691
Generation :  17
Fitness of the best solution : 941004104.958691
Generation :  18
Fitness of the best solution : 941004104.958691
Generation :  19
Fitness of the best solution : 941004104.958691
Generation :  20
Fitness of the best solution : 941004104.958691
Generation :  21
Fitness of the best solution : 941004104.958691
Generation :  22
Fitness of the best solution : 941004104.958691
Generation :  23
Fitness of the best solution : 941004104.958691
Generation :  24
Fitness of the best solution : 941004104.958691
Generation :  25
Fitness of the best solution : 941004104.958691
Generation :  26
Fitness of the best solution : 941004104.958691
Generation :  27
Fitness of the best solution : 941004104.958691
Generation :  28
Fitness of the best solution : 941004104.958691
Generation :  29
Fitness of the best solution : 941004104.958691
Generation :  30
Fitness of the best solution : 941004104.958691
Parameters of the best solution : [0 0 0 0 0 0 0 0 0 0 0 0 0 0 0 0 0 0 0 0 0 0 0 0 0 0 1 1 0 0 0 0 0 0 0 0 0
 0 0 0 0 0 0 0 1 0 1 0 0 0 0 0 0 0 0 0 0 0 1 0 0 0 0 1 0 0 0 0 0 0 0 0 0 0
 0 0 0 0 0 0 0 0 0 0 0 0 0 0 0 0 0 0 0 0 0 0 0 0 0 0]
Number of antennas of the best solution = 6.0
Number of covered regions of the best solution = 100.0
Index of the best solution : 0
Total generations: 30.
Best fitness value reached after 0 generations.

26 : 27 => 400.0

26 : 44 => 1131.370849898476

26 : 46 => 800.0

26 : 58 => 1442.2205101855957

26 : 63 => 2000.0

27 : 44 => 1442.2205101855957

27 : 46 => 894.4271909999159

27 : 58 => 1264.9110640673518

27 : 63 => 2262.741699796952

44 : 46 => 800.0

44 : 58 => 1649.2422502470642

44 : 63 => 894.4271909999159

46 : 58 => 894.4271909999159

46 : 63 => 1442.2205101855957

58 : 63 => 2039.607805437114

Starting GA of slice 11.

Generation :  1
Fitness of the best solution : 941004104.958691
Generation :  2
Fitness of the best solution : 941004104.958691
Generation :  3
Fitness of the best solution : 941004104.958691
Generation :  4
Fitness of the best solution : 941004104.958691
Generation :  5
Fitness of the best solution : 941004104.958691
Generation :  6
Fitness of the best solution : 941004104.958691
Generation :  7
Fitness of the best solution : 941004104.958691
Generation :  8
Fitness of the best solution : 941004104.958691
Generation :  9
Fitness of the best solution : 941004104.958691
Generation :  10
Fitness of the best solution : 941004104.958691
Generation :  11
Fitness of the best solution : 941004104.958691
Generation :  12
Fitness of the best solution : 941004104.958691
Generation :  13
Fitness of the best solution : 941004104.958691
Generation :  14
Fitness of the best solution : 941004104.958691
Generation :  15
Fitness of the best solution : 941004104.958691
Generation :  16
Fitness of the best solution : 941004104.958691
Generation :  17
Fitness of the best solution : 941004104.958691
Generation :  18
Fitness of the best solution : 941004104.958691
Generation :  19
Fitness of the best solution : 941004104.958691
Generation :  20
Fitness of the best solution : 941004104.958691
Generation :  21
Fitness of the best solution : 941004104.958691
Generation :  22
Fitness of the best solution : 941004104.958691
Generation :  23
Fitness of the best solution : 941004104.958691
Generation :  24
Fitness of the best solution : 941004104.958691
Generation :  25
Fitness of the best solution : 941004104.958691
Generation :  26
Fitness of the best solution : 941004104.958691
Generation :  27
Fitness of the best solution : 941004104.958691
Generation :  28
Fitness of the best solution : 941004104.958691
Generation :  29
Fitness of the best solution : 941004104.958691
Generation :  30
Fitness of the best solution : 941004104.958691
Parameters of the best solution : [0 0 0 0 0 0 0 0 0 0 0 0 0 0 0 0 0 0 0 0 0 0 0 0 0 0 1 1 0 0 0 0 0 0 0 0 0
 0 0 0 0 0 0 0 1 0 1 0 0 0 0 0 0 0 0 0 0 0 1 0 0 0 0 1 0 0 0 0 0 0 0 0 0 0
 0 0 0 0 0 0 0 0 0 0 0 0 0 0 0 0 0 0 0 0 0 0 0 0 0 0]
Number of antennas of the best solution = 6.0
Number of covered regions of the best solution = 100.0
Index of the best solution : 0
Total generations: 30.
Best fitness value reached after 0 generations.

26 : 27 => 400.0

26 : 44 => 1131.370849898476

26 : 46 => 800.0

26 : 58 => 1442.2205101855957

26 : 63 => 2000.0

27 : 44 => 1442.2205101855957

27 : 46 => 894.4271909999159

27 : 58 => 1264.9110640673518

27 : 63 => 2262.741699796952

44 : 46 => 800.0

44 : 58 => 1649.2422502470642

44 : 63 => 894.4271909999159

46 : 58 => 894.4271909999159

46 : 63 => 1442.2205101855957

58 : 63 => 2039.607805437114
t=0
x_0_26
	 y_0,26,8 = 16.48044139790197 dB
	 y_0,26,17 = 29.407044524586354 dB
	 y_0,26,18 = 17.145715110831034 dB
	 y_0,26,19 = 19.15017847046545 dB
	 y_0,26,27 = 36.64914726596009 dB
	 y_0,26,28 = 16.27803200568357 dB
	 y_0,26,29 = 1.2938594342964511 dB
		SNR medio: 29.121152599085946
		Usuarios totais: 37
x_0_44
		Usuarios totais: 0
Distances:
26 : 44 = 1131.370849898476
t=1
x_1_26
	 y_1,26,2 = 6.22961673367152 dB
	 y_1,26,4 = 15.146724367004168 dB
	 y_1,26,6 = 11.36124584548132 dB
	 y_1,26,8 = 16.48044139790197 dB
	 y_1,26,10 = 12.389797372330975 dB
	 y_1,26,16 = 30.684034542923783 dB
	 y_1,26,17 = 29.407044524586354 dB
	 y_1,26,18 = 17.145715110831034 dB
	 y_1,26,19 = 19.15017847046545 dB
	 y_1,26,25 = 24.95487899311898 dB
	 y_1,26,27 = 36.64914726596009 dB
	 y_1,26,28 = 16.27803200568357 dB
	 y_1,26,47 = 20.460801247981607 dB
	 y_1,26,58 = 10.86835548762059 dB
	 y_1,26,69 = 0.888839963289882 dB
	 y_1,26,97 = 0.7962242910458174 dB
		SNR medio: 26.647332006972064
		Usuarios totais: 29
x_1_44
	 y_1,44,0 = 8.844400524205298 dB
	 y_1,44,13 = 11.097780591462026 dB
	 y_1,44,22 = 12.34755794977633 dB
	 y_1,44,29 = 7.247909750350146 dB
	 y_1,44,30 = 14.947300689410966 dB
	 y_1,44,31 = 17.57629441905594 dB
	 y_1,44,33 = 27.063032932849723 dB
	 y_1,44,34 = 25.146107540441832 dB
	 y_1,44,41 = 12.634390151605999 dB
	 y_1,44,56 = 16.277192769999658 dB
	 y_1,44,65 = 8.088147611803805 dB
	 y_1,44,66 = 15.611384893578759 dB
	 y_1,44,70 = 3.968654551071211 dB
	 y_1,44,71 = 5.44935981994584 dB
	 y_1,44,85 = 12.302648450255589 dB
	 y_1,44,88 = 10.112973147375882 dB
	 y_1,44,89 = 3.1548325879433605 dB
	 y_1,44,94 = 2.9195476770838975 dB
		SNR medio: 17.892480862706833
		Usuarios totais: 26
x_1_58
		Usuarios totais: 0
x_1_63
		Usuarios totais: 0
Distances:
26 : 44 = 1131.370849898476
26 : 58 = 1442.2205101855957
26 : 63 = 2000.0
44 : 58 = 1649.2422502470642
44 : 63 = 894.4271909999159
58 : 63 = 2039.607805437114
t=2
x_2_26
	 y_2,26,4 = 15.146724367004168 dB
	 y_2,26,5 = 14.532502743315973 dB
	 y_2,26,8 = 16.48044139790197 dB
	 y_2,26,9 = 4.43572696655238 dB
	 y_2,26,14 = 14.80481693033552 dB
	 y_2,26,15 = 28.75882553650574 dB
	 y_2,26,17 = 29.407044524586354 dB
	 y_2,26,18 = 17.145715110831034 dB
	 y_2,26,19 = 19.15017847046545 dB
	 y_2,26,26 = 92.26244982894787 dB
	 y_2,26,28 = 16.27803200568357 dB
	 y_2,26,35 = 27.008746073750757 dB
	 y_2,26,36 = 35.074489672831 dB
		SNR medio: 81.12303090095095
		Usuarios totais: 34
x_2_44
	 y_2,44,0 = 8.844400524205298 dB
	 y_2,44,11 = 11.850319781128974 dB
	 y_2,44,21 = 7.174873794166302 dB
	 y_2,44,22 = 12.34755794977633 dB
	 y_2,44,33 = 27.063032932849723 dB
	 y_2,44,34 = 25.146107540441832 dB
	 y_2,44,42 = 19.087840346649415 dB
	 y_2,44,43 = 36.04305255736867 dB
	 y_2,44,55 = 22.833608187514287 dB
	 y_2,44,56 = 16.277192769999658 dB
	 y_2,44,78 = 15.78060096074158 dB
	 y_2,44,85 = 12.302648450255589 dB
	 y_2,44,86 = 11.402932943850487 dB
		SNR medio: 26.091698515078217
		Usuarios totais: 20
x_2_46
		Usuarios totais: 0
x_2_58
	 y_2,58,29 = 15.784875756687214 dB
	 y_2,58,48 = 30.880505045725045 dB
	 y_2,58,68 = 33.23301144271511 dB
	 y_2,58,79 = 17.563401209483487 dB
	 y_2,58,89 = 9.675467978441219 dB
	 y_2,58,98 = 11.802437597886893 dB
		SNR medio: 27.595883173098773
		Usuarios totais: 11
x_2_63
	 y_2,63,2 = 9.888638072491034 dB
	 y_2,63,32 = 17.1949880374068 dB
	 y_2,63,53 = 34.28703548142742 dB
	 y_2,63,60 = 18.135246698999396 dB
	 y_2,63,62 = 26.626763269740252 dB
	 y_2,63,63 = 94.63047966901289 dB
	 y_2,63,72 = 23.607994156960856 dB
	 y_2,63,83 = 19.502467519074017 dB
	 y_2,63,90 = 7.535248045327407 dB
	 y_2,63,92 = 6.452641784393336 dB
	 y_2,63,94 = 9.39407843862422 dB
		SNR medio: 84.21655821279997
		Usuarios totais: 16
Distances:
26 : 44 = 1131.370849898476
26 : 46 = 800.0
26 : 58 = 1442.2205101855957
26 : 63 = 2000.0
44 : 46 = 800.0
44 : 58 = 1649.2422502470642
44 : 63 = 894.4271909999159
46 : 58 = 894.4271909999159
46 : 63 = 1442.2205101855957
58 : 63 = 2039.607805437114
t=3
x_3_26
	 y_3,26,4 = 15.146724367004168 dB
	 y_3,26,6 = 11.36124584548132 dB
	 y_3,26,8 = 16.48044139790197 dB
	 y_3,26,10 = 12.389797372330975 dB
	 y_3,26,14 = 14.80481693033552 dB
	 y_3,26,15 = 28.75882553650574 dB
	 y_3,26,16 = 30.684034542923783 dB
	 y_3,26,17 = 29.407044524586354 dB
	 y_3,26,18 = 17.145715110831034 dB
	 y_3,26,19 = 19.15017847046545 dB
	 y_3,26,24 = 18.318812972432937 dB
	 y_3,26,28 = 16.27803200568357 dB
	 y_3,26,36 = 35.074489672831 dB
		SNR medio: 26.918426946562306
		Usuarios totais: 36
x_3_44
	 y_3,44,0 = 8.844400524205298 dB
	 y_3,44,11 = 11.850319781128974 dB
	 y_3,44,13 = 11.097780591462026 dB
	 y_3,44,30 = 14.947300689410966 dB
	 y_3,44,33 = 27.063032932849723 dB
	 y_3,44,66 = 15.611384893578759 dB
	 y_3,44,76 = 13.301156230520576 dB
	 y_3,44,85 = 12.302648450255589 dB
	 y_3,44,88 = 10.112973147375882 dB
	 y_3,44,93 = 8.423149309439282 dB
		SNR medio: 18.245212103120203
		Usuarios totais: 13
x_3_46
	 y_3,46,3 = 8.166211365595203 dB
	 y_3,46,9 = 17.245691621794407 dB
	 y_3,46,12 = 8.607771641553882 dB
	 y_3,46,23 = 13.861994551352922 dB
	 y_3,46,45 = 34.85463415684034 dB
	 y_3,46,47 = 30.116594840489498 dB
	 y_3,46,67 = 19.4951720701295 dB
		SNR medio: 27.848822255673905
		Usuarios totais: 13
x_3_58
	 y_3,58,29 = 15.784875756687214 dB
	 y_3,58,39 = 27.103586947030067 dB
	 y_3,58,48 = 30.880505045725045 dB
	 y_3,58,49 = 18.453514622727766 dB
	 y_3,58,58 = 79.1867489169978 dB
	 y_3,58,59 = 32.30169440098558 dB
	 y_3,58,68 = 33.23301144271511 dB
	 y_3,58,69 = 28.39274967512226 dB
	 y_3,58,77 = 19.53321509267137 dB
	 y_3,58,79 = 17.563401209483487 dB
	 y_3,58,89 = 9.675467978441219 dB
	 y_3,58,96 = 10.707939797976081 dB
	 y_3,58,98 = 11.802437597886893 dB
	 y_3,58,99 = 6.5630662502710635 dB
		SNR medio: 67.72581045965497
		Usuarios totais: 27
x_3_63
	 y_3,63,2 = 9.888638072491034 dB
	 y_3,63,32 = 17.1949880374068 dB
	 y_3,63,50 = 11.749774488738211 dB
	 y_3,63,52 = 31.438386342652322 dB
	 y_3,63,60 = 18.135246698999396 dB
	 y_3,63,62 = 26.626763269740252 dB
	 y_3,63,72 = 23.607994156960856 dB
	 y_3,63,74 = 30.723711025641506 dB
	 y_3,63,75 = 24.798662026675274 dB
	 y_3,63,80 = 9.864213274643987 dB
	 y_3,63,81 = 14.15113373826145 dB
	 y_3,63,82 = 15.361613207919689 dB
	 y_3,63,84 = 17.093713892967912 dB
	 y_3,63,87 = 10.82695211415708 dB
	 y_3,63,91 = 8.138967185620984 dB
	 y_3,63,92 = 6.452641784393336 dB
	 y_3,63,95 = 6.686734055669859 dB
		SNR medio: 23.55743124091837
		Usuarios totais: 19
Distances:
26 : 44 = 1131.370849898476
26 : 46 = 800.0
26 : 58 = 1442.2205101855957
26 : 63 = 2000.0
44 : 46 = 800.0
44 : 58 = 1649.2422502470642
44 : 63 = 894.4271909999159
46 : 58 = 894.4271909999159
46 : 63 = 1442.2205101855957
58 : 63 = 2039.607805437114
t=4
x_4_26
	 y_4,26,4 = 15.146724367004168 dB
	 y_4,26,5 = 14.532502743315973 dB
	 y_4,26,6 = 11.36124584548132 dB
	 y_4,26,7 = 15.159345420529164 dB
	 y_4,26,8 = 16.48044139790197 dB
	 y_4,26,16 = 30.684034542923783 dB
	 y_4,26,17 = 29.407044524586354 dB
	 y_4,26,18 = 17.145715110831034 dB
	 y_4,26,19 = 19.15017847046545 dB
	 y_4,26,25 = 24.95487899311898 dB
	 y_4,26,26 = 92.26244982894787 dB
	 y_4,26,27 = 36.64914726596009 dB
	 y_4,26,28 = 16.27803200568357 dB
	 y_4,26,35 = 27.008746073750757 dB
	 y_4,26,36 = 35.074489672831 dB
	 y_4,26,37 = 20.18590260589353 dB
		SNR medio: 80.22127871480117
		Usuarios totais: 38
x_4_44
	 y_4,44,1 = 14.596064375886499 dB
	 y_4,44,13 = 11.097780591462026 dB
	 y_4,44,20 = 16.474405711501433 dB
	 y_4,44,22 = 12.34755794977633 dB
	 y_4,44,31 = 17.57629441905594 dB
	 y_4,44,33 = 27.063032932849723 dB
	 y_4,44,34 = 25.146107540441832 dB
	 y_4,44,42 = 19.087840346649415 dB
	 y_4,44,44 = 83.73643056355473 dB
	 y_4,44,54 = 29.43934422177054 dB
	 y_4,44,55 = 22.833608187514287 dB
	 y_4,44,66 = 15.611384893578759 dB
	 y_4,44,76 = 13.301156230520576 dB
		SNR medio: 72.59703756417649
		Usuarios totais: 21
x_4_46
	 y_4,46,9 = 17.245691621794407 dB
	 y_4,46,21 = 8.872728896653797 dB
	 y_4,46,23 = 13.861994551352922 dB
	 y_4,46,45 = 34.85463415684034 dB
	 y_4,46,46 = 80.84026582894104 dB
	 y_4,46,65 = 17.667486817327244 dB
	 y_4,46,67 = 19.4951720701295 dB
	 y_4,46,97 = 14.953691135613695 dB
		SNR medio: 71.80948485155129
		Usuarios totais: 12
x_4_58
	 y_4,58,29 = 15.784875756687214 dB
	 y_4,58,39 = 27.103586947030067 dB
	 y_4,58,49 = 18.453514622727766 dB
	 y_4,58,58 = 79.1867489169978 dB
	 y_4,58,59 = 32.30169440098558 dB
	 y_4,58,68 = 33.23301144271511 dB
	 y_4,58,69 = 28.39274967512226 dB
	 y_4,58,77 = 19.53321509267137 dB
	 y_4,58,89 = 9.675467978441219 dB
	 y_4,58,98 = 11.802437597886893 dB
		SNR medio: 69.18702283438658
		Usuarios totais: 29
x_4_63
	 y_4,63,32 = 17.1949880374068 dB
	 y_4,63,40 = 9.060800532868058 dB
	 y_4,63,41 = 15.597051809764537 dB
	 y_4,63,50 = 11.749774488738211 dB
	 y_4,63,51 = 13.488453895268322 dB
	 y_4,63,52 = 31.438386342652322 dB
	 y_4,63,53 = 34.28703548142742 dB
	 y_4,63,60 = 18.135246698999396 dB
	 y_4,63,64 = 30.316786085437442 dB
	 y_4,63,71 = 16.698550341202363 dB
	 y_4,63,75 = 24.798662026675274 dB
	 y_4,63,80 = 9.864213274643987 dB
	 y_4,63,82 = 15.361613207919689 dB
	 y_4,63,83 = 19.502467519074017 dB
	 y_4,63,87 = 10.82695211415708 dB
	 y_4,63,91 = 8.138967185620984 dB
	 y_4,63,92 = 6.452641784393336 dB
	 y_4,63,94 = 9.39407843862422 dB
	 y_4,63,95 = 6.686734055669859 dB
		SNR medio: 24.898288414624304
		Usuarios totais: 30
Distances:
26 : 44 = 1131.370849898476
26 : 46 = 800.0
26 : 58 = 1442.2205101855957
26 : 63 = 2000.0
44 : 46 = 800.0
44 : 58 = 1649.2422502470642
44 : 63 = 894.4271909999159
46 : 58 = 894.4271909999159
46 : 63 = 1442.2205101855957
58 : 63 = 2039.607805437114
t=5
x_5_26
	 y_5,26,4 = 15.146724367004168 dB
	 y_5,26,5 = 14.532502743315973 dB
	 y_5,26,6 = 11.36124584548132 dB
	 y_5,26,7 = 15.159345420529164 dB
	 y_5,26,8 = 16.48044139790197 dB
	 y_5,26,10 = 12.389797372330975 dB
	 y_5,26,14 = 14.80481693033552 dB
	 y_5,26,15 = 28.75882553650574 dB
	 y_5,26,16 = 30.684034542923783 dB
	 y_5,26,17 = 29.407044524586354 dB
	 y_5,26,18 = 17.145715110831034 dB
	 y_5,26,19 = 19.15017847046545 dB
	 y_5,26,25 = 24.95487899311898 dB
	 y_5,26,26 = 92.26244982894787 dB
	 y_5,26,28 = 16.27803200568357 dB
	 y_5,26,36 = 35.074489672831 dB
	 y_5,26,37 = 20.18590260589353 dB
		SNR medio: 79.95797816833866
		Usuarios totais: 54
x_5_27
		Usuarios totais: 0
x_5_44
	 y_5,44,0 = 8.844400524205298 dB
	 y_5,44,11 = 11.850319781128974 dB
	 y_5,44,13 = 11.097780591462026 dB
	 y_5,44,22 = 12.34755794977633 dB
	 y_5,44,31 = 17.57629441905594 dB
	 y_5,44,34 = 25.146107540441832 dB
	 y_5,44,42 = 19.087840346649415 dB
	 y_5,44,55 = 22.833608187514287 dB
	 y_5,44,76 = 13.301156230520576 dB
	 y_5,44,85 = 12.302648450255589 dB
	 y_5,44,86 = 11.402932943850487 dB
	 y_5,44,93 = 8.423149309439282 dB
		SNR medio: 18.070431569843965
		Usuarios totais: 27
x_5_46
	 y_5,46,3 = 8.166211365595203 dB
	 y_5,46,9 = 17.245691621794407 dB
	 y_5,46,12 = 8.607771641553882 dB
	 y_5,46,21 = 8.872728896653797 dB
	 y_5,46,45 = 34.85463415684034 dB
	 y_5,46,46 = 80.84026582894104 dB
	 y_5,46,56 = 28.478344925273092 dB
	 y_5,46,65 = 17.667486817327244 dB
	 y_5,46,67 = 19.4951720701295 dB
	 y_5,46,78 = 17.229587528947206 dB
		SNR medio: 70.84041032665014
		Usuarios totais: 20
x_5_58
	 y_5,58,29 = 15.784875756687214 dB
	 y_5,58,39 = 27.103586947030067 dB
	 y_5,58,57 = 31.6651700919071 dB
	 y_5,58,58 = 79.1867489169978 dB
	 y_5,58,68 = 33.23301144271511 dB
	 y_5,58,69 = 28.39274967512226 dB
	 y_5,58,77 = 19.53321509267137 dB
	 y_5,58,79 = 17.563401209483487 dB
	 y_5,58,89 = 9.675467978441219 dB
	 y_5,58,96 = 10.707939797976081 dB
	 y_5,58,98 = 11.802437597886893 dB
	 y_5,58,99 = 6.5630662502710635 dB
		SNR medio: 68.39519841836625
		Usuarios totais: 33
x_5_63
	 y_5,63,2 = 9.888638072491034 dB
	 y_5,63,40 = 9.060800532868058 dB
	 y_5,63,41 = 15.597051809764537 dB
	 y_5,63,50 = 11.749774488738211 dB
	 y_5,63,51 = 13.488453895268322 dB
	 y_5,63,52 = 31.438386342652322 dB
	 y_5,63,61 = 21.243869171054556 dB
	 y_5,63,62 = 26.626763269740252 dB
	 y_5,63,64 = 30.316786085437442 dB
	 y_5,63,70 = 9.119999306339594 dB
	 y_5,63,71 = 16.698550341202363 dB
	 y_5,63,72 = 23.607994156960856 dB
	 y_5,63,73 = 34.747798133442416 dB
	 y_5,63,75 = 24.798662026675274 dB
	 y_5,63,80 = 9.864213274643987 dB
	 y_5,63,81 = 14.15113373826145 dB
	 y_5,63,83 = 19.502467519074017 dB
	 y_5,63,87 = 10.82695211415708 dB
	 y_5,63,94 = 9.39407843862422 dB
	 y_5,63,95 = 6.686734055669859 dB
		SNR medio: 25.361352578218078
		Usuarios totais: 35
Distances:
26 : 27 = 400.0
26 : 44 = 1131.370849898476
26 : 46 = 800.0
26 : 58 = 1442.2205101855957
26 : 63 = 2000.0
27 : 44 = 1442.2205101855957
27 : 46 = 894.4271909999159
27 : 58 = 1264.9110640673518
27 : 63 = 2262.741699796952
44 : 46 = 800.0
44 : 58 = 1649.2422502470642
44 : 63 = 894.4271909999159
46 : 58 = 894.4271909999159
46 : 63 = 1442.2205101855957
58 : 63 = 2039.607805437114
t=6
x_6_26
	 y_6,26,7 = 15.159345420529164 dB
	 y_6,26,15 = 28.75882553650574 dB
	 y_6,26,16 = 30.684034542923783 dB
	 y_6,26,19 = 19.15017847046545 dB
	 y_6,26,24 = 18.318812972432937 dB
	 y_6,26,25 = 24.95487899311898 dB
	 y_6,26,26 = 92.26244982894787 dB
	 y_6,26,35 = 27.008746073750757 dB
	 y_6,26,36 = 35.074489672831 dB
		SNR medio: 82.72004056526569
		Usuarios totais: 19
x_6_27
	 y_6,27,3 = 10.914499517154695 dB
	 y_6,27,5 = 20.739229082665474 dB
	 y_6,27,6 = 23.038173994745662 dB
	 y_6,27,9 = 21.298277271098158 dB
	 y_6,27,17 = 31.587789722550525 dB
	 y_6,27,18 = 23.997932456981403 dB
	 y_6,27,21 = 10.701088210091626 dB
	 y_6,27,27 = 82.17855679639752 dB
	 y_6,27,37 = 27.395471230711323 dB
	 y_6,27,38 = 20.528932868942363 dB
		SNR medio: 72.17863130302418
		Usuarios totais: 19
x_6_44
	 y_6,44,0 = 8.844400524205298 dB
	 y_6,44,1 = 14.596064375886499 dB
	 y_6,44,11 = 11.850319781128974 dB
	 y_6,44,13 = 11.097780591462026 dB
	 y_6,44,20 = 16.474405711501433 dB
	 y_6,44,22 = 12.34755794977633 dB
	 y_6,44,30 = 14.947300689410966 dB
	 y_6,44,33 = 27.063032932849723 dB
	 y_6,44,34 = 25.146107540441832 dB
	 y_6,44,42 = 19.087840346649415 dB
	 y_6,44,43 = 36.04305255736867 dB
	 y_6,44,44 = 83.73643056355473 dB
	 y_6,44,55 = 22.833608187514287 dB
	 y_6,44,66 = 15.611384893578759 dB
	 y_6,44,76 = 13.301156230520576 dB
	 y_6,44,85 = 12.302648450255589 dB
	 y_6,44,88 = 10.112973147375882 dB
		SNR medio: 71.43204003783019
		Usuarios totais: 27
x_6_46
	 y_6,46,23 = 13.861994551352922 dB
	 y_6,46,47 = 30.116594840489498 dB
	 y_6,46,67 = 19.4951720701295 dB
	 y_6,46,78 = 17.229587528947206 dB
		SNR medio: 24.747294523253537
		Usuarios totais: 8
x_6_58
	 y_6,58,29 = 15.784875756687214 dB
	 y_6,58,39 = 27.103586947030067 dB
	 y_6,58,48 = 30.880505045725045 dB
	 y_6,58,49 = 18.453514622727766 dB
	 y_6,58,57 = 31.6651700919071 dB
	 y_6,58,58 = 79.1867489169978 dB
	 y_6,58,59 = 32.30169440098558 dB
	 y_6,58,68 = 33.23301144271511 dB
	 y_6,58,69 = 28.39274967512226 dB
	 y_6,58,77 = 19.53321509267137 dB
	 y_6,58,89 = 9.675467978441219 dB
	 y_6,58,96 = 10.707939797976081 dB
	 y_6,58,98 = 11.802437597886893 dB
		SNR medio: 68.04773090802387
		Usuarios totais: 21
x_6_63
	 y_6,63,32 = 17.1949880374068 dB
	 y_6,63,40 = 9.060800532868058 dB
	 y_6,63,50 = 11.749774488738211 dB
	 y_6,63,52 = 31.438386342652322 dB
	 y_6,63,53 = 34.28703548142742 dB
	 y_6,63,60 = 18.135246698999396 dB
	 y_6,63,63 = 94.63047966901289 dB
	 y_6,63,64 = 30.316786085437442 dB
	 y_6,63,70 = 9.119999306339594 dB
	 y_6,63,72 = 23.607994156960856 dB
	 y_6,63,73 = 34.747798133442416 dB
	 y_6,63,75 = 24.798662026675274 dB
	 y_6,63,80 = 9.864213274643987 dB
	 y_6,63,81 = 14.15113373826145 dB
	 y_6,63,82 = 15.361613207919689 dB
	 y_6,63,83 = 19.502467519074017 dB
	 y_6,63,90 = 7.535248045327407 dB
	 y_6,63,91 = 8.138967185620984 dB
	 y_6,63,92 = 6.452641784393336 dB
	 y_6,63,94 = 9.39407843862422 dB
		SNR medio: 81.62019317080893
		Usuarios totais: 40
Distances:
26 : 27 = 400.0
26 : 44 = 1131.370849898476
26 : 46 = 800.0
26 : 58 = 1442.2205101855957
26 : 63 = 2000.0
27 : 44 = 1442.2205101855957
27 : 46 = 894.4271909999159
27 : 58 = 1264.9110640673518
27 : 63 = 2262.741699796952
44 : 46 = 800.0
44 : 58 = 1649.2422502470642
44 : 63 = 894.4271909999159
46 : 58 = 894.4271909999159
46 : 63 = 1442.2205101855957
58 : 63 = 2039.607805437114
t=7
x_7_26
	 y_7,26,4 = 15.146724367004168 dB
	 y_7,26,7 = 15.159345420529164 dB
	 y_7,26,10 = 12.389797372330975 dB
	 y_7,26,14 = 14.80481693033552 dB
	 y_7,26,15 = 28.75882553650574 dB
	 y_7,26,25 = 24.95487899311898 dB
	 y_7,26,35 = 27.008746073750757 dB
	 y_7,26,36 = 35.074489672831 dB
		SNR medio: 27.868086577405222
		Usuarios totais: 11
x_7_27
	 y_7,27,3 = 10.914499517154695 dB
	 y_7,27,5 = 20.739229082665474 dB
	 y_7,27,9 = 21.298277271098158 dB
	 y_7,27,17 = 31.587789722550525 dB
	 y_7,27,18 = 23.997932456981403 dB
	 y_7,27,21 = 10.701088210091626 dB
	 y_7,27,28 = 29.594833119154572 dB
	 y_7,27,37 = 27.395471230711323 dB
	 y_7,27,38 = 20.528932868942363 dB
		SNR medio: 25.951030786706056
		Usuarios totais: 13
x_7_44
	 y_7,44,0 = 8.844400524205298 dB
	 y_7,44,1 = 14.596064375886499 dB
	 y_7,44,11 = 11.850319781128974 dB
	 y_7,44,13 = 11.097780591462026 dB
	 y_7,44,20 = 16.474405711501433 dB
	 y_7,44,22 = 12.34755794977633 dB
	 y_7,44,30 = 14.947300689410966 dB
	 y_7,44,31 = 17.57629441905594 dB
	 y_7,44,33 = 27.063032932849723 dB
	 y_7,44,34 = 25.146107540441832 dB
	 y_7,44,43 = 36.04305255736867 dB
	 y_7,44,44 = 83.73643056355473 dB
	 y_7,44,66 = 15.611384893578759 dB
	 y_7,44,85 = 12.302648450255589 dB
	 y_7,44,88 = 10.112973147375882 dB
	 y_7,44,93 = 8.423149309439282 dB
		SNR medio: 71.69532519456554
		Usuarios totais: 24
x_7_46
	 y_7,46,12 = 8.607771641553882 dB
	 y_7,46,23 = 13.861994551352922 dB
	 y_7,46,45 = 34.85463415684034 dB
	 y_7,46,46 = 80.84026582894104 dB
	 y_7,46,65 = 17.667486817327244 dB
	 y_7,46,67 = 19.4951720701295 dB
	 y_7,46,97 = 14.953691135613695 dB
		SNR medio: 72.38940240690644
		Usuarios totais: 11
x_7_58
	 y_7,58,29 = 15.784875756687214 dB
	 y_7,58,39 = 27.103586947030067 dB
	 y_7,58,48 = 30.880505045725045 dB
	 y_7,58,49 = 18.453514622727766 dB
	 y_7,58,59 = 32.30169440098558 dB
	 y_7,58,68 = 33.23301144271511 dB
	 y_7,58,69 = 28.39274967512226 dB
	 y_7,58,79 = 17.563401209483487 dB
	 y_7,58,89 = 9.675467978441219 dB
	 y_7,58,96 = 10.707939797976081 dB
	 y_7,58,98 = 11.802437597886893 dB
		SNR medio: 27.670916172111735
		Usuarios totais: 18
x_7_63
	 y_7,63,32 = 17.1949880374068 dB
	 y_7,63,40 = 9.060800532868058 dB
	 y_7,63,41 = 15.597051809764537 dB
	 y_7,63,50 = 11.749774488738211 dB
	 y_7,63,51 = 13.488453895268322 dB
	 y_7,63,53 = 34.28703548142742 dB
	 y_7,63,62 = 26.626763269740252 dB
	 y_7,63,63 = 94.63047966901289 dB
	 y_7,63,70 = 9.119999306339594 dB
	 y_7,63,71 = 16.698550341202363 dB
	 y_7,63,72 = 23.607994156960856 dB
	 y_7,63,74 = 30.723711025641506 dB
	 y_7,63,75 = 24.798662026675274 dB
	 y_7,63,80 = 9.864213274643987 dB
	 y_7,63,81 = 14.15113373826145 dB
	 y_7,63,82 = 15.361613207919689 dB
	 y_7,63,83 = 19.502467519074017 dB
	 y_7,63,84 = 17.093713892967912 dB
	 y_7,63,90 = 7.535248045327407 dB
	 y_7,63,91 = 8.138967185620984 dB
	 y_7,63,94 = 9.39407843862422 dB
	 y_7,63,95 = 6.686734055669859 dB
		SNR medio: 81.20626075781756
		Usuarios totais: 33
Distances:
26 : 27 = 400.0
26 : 44 = 1131.370849898476
26 : 46 = 800.0
26 : 58 = 1442.2205101855957
26 : 63 = 2000.0
27 : 44 = 1442.2205101855957
27 : 46 = 894.4271909999159
27 : 58 = 1264.9110640673518
27 : 63 = 2262.741699796952
44 : 46 = 800.0
44 : 58 = 1649.2422502470642
44 : 63 = 894.4271909999159
46 : 58 = 894.4271909999159
46 : 63 = 1442.2205101855957
58 : 63 = 2039.607805437114
t=8
x_8_26
	 y_8,26,4 = 15.146724367004168 dB
	 y_8,26,7 = 15.159345420529164 dB
	 y_8,26,10 = 12.389797372330975 dB
	 y_8,26,14 = 14.80481693033552 dB
	 y_8,26,16 = 30.684034542923783 dB
	 y_8,26,24 = 18.318812972432937 dB
	 y_8,26,26 = 92.26244982894787 dB
	 y_8,26,35 = 27.008746073750757 dB
		SNR medio: 83.2315547408672
		Usuarios totais: 10
x_8_27
	 y_8,27,3 = 10.914499517154695 dB
	 y_8,27,17 = 31.587789722550525 dB
	 y_8,27,18 = 23.997932456981403 dB
	 y_8,27,21 = 10.701088210091626 dB
	 y_8,27,37 = 27.395471230711323 dB
		SNR medio: 26.561968517593968
		Usuarios totais: 8
x_8_44
	 y_8,44,0 = 8.844400524205298 dB
	 y_8,44,13 = 11.097780591462026 dB
	 y_8,44,30 = 14.947300689410966 dB
	 y_8,44,42 = 19.087840346649415 dB
	 y_8,44,43 = 36.04305255736867 dB
	 y_8,44,44 = 83.73643056355473 dB
	 y_8,44,55 = 22.833608187514287 dB
	 y_8,44,66 = 15.611384893578759 dB
	 y_8,44,85 = 12.302648450255589 dB
	 y_8,44,86 = 11.402932943850487 dB
	 y_8,44,88 = 10.112973147375882 dB
	 y_8,44,93 = 8.423149309439282 dB
		SNR medio: 72.94469948787629
		Usuarios totais: 20
x_8_46
	 y_8,46,23 = 13.861994551352922 dB
	 y_8,46,45 = 34.85463415684034 dB
	 y_8,46,47 = 30.116594840489498 dB
	 y_8,46,67 = 19.4951720701295 dB
	 y_8,46,97 = 14.953691135613695 dB
		SNR medio: 29.27374455164054
		Usuarios totais: 10
x_8_58
	 y_8,58,29 = 15.784875756687214 dB
	 y_8,58,49 = 18.453514622727766 dB
	 y_8,58,57 = 31.6651700919071 dB
	 y_8,58,58 = 79.1867489169978 dB
	 y_8,58,59 = 32.30169440098558 dB
	 y_8,58,69 = 28.39274967512226 dB
	 y_8,58,77 = 19.53321509267137 dB
	 y_8,58,79 = 17.563401209483487 dB
	 y_8,58,89 = 9.675467978441219 dB
	 y_8,58,96 = 10.707939797976081 dB
	 y_8,58,99 = 6.5630662502710635 dB
		SNR medio: 68.77303874158201
		Usuarios totais: 19
x_8_63
	 y_8,63,2 = 9.888638072491034 dB
	 y_8,63,32 = 17.1949880374068 dB
	 y_8,63,41 = 15.597051809764537 dB
	 y_8,63,50 = 11.749774488738211 dB
	 y_8,63,61 = 21.243869171054556 dB
	 y_8,63,64 = 30.316786085437442 dB
	 y_8,63,71 = 16.698550341202363 dB
	 y_8,63,75 = 24.798662026675274 dB
	 y_8,63,81 = 14.15113373826145 dB
	 y_8,63,83 = 19.502467519074017 dB
	 y_8,63,84 = 17.093713892967912 dB
	 y_8,63,90 = 7.535248045327407 dB
	 y_8,63,94 = 9.39407843862422 dB
	 y_8,63,95 = 6.686734055669859 dB
		SNR medio: 21.22527370525608
		Usuarios totais: 27
Distances:
26 : 27 = 400.0
26 : 44 = 1131.370849898476
26 : 46 = 800.0
26 : 58 = 1442.2205101855957
26 : 63 = 2000.0
27 : 44 = 1442.2205101855957
27 : 46 = 894.4271909999159
27 : 58 = 1264.9110640673518
27 : 63 = 2262.741699796952
44 : 46 = 800.0
44 : 58 = 1649.2422502470642
44 : 63 = 894.4271909999159
46 : 58 = 894.4271909999159
46 : 63 = 1442.2205101855957
58 : 63 = 2039.607805437114
t=9
x_9_26
	 y_9,26,8 = 16.48044139790197 dB
	 y_9,26,10 = 12.389797372330975 dB
	 y_9,26,14 = 14.80481693033552 dB
	 y_9,26,19 = 19.15017847046545 dB
	 y_9,26,24 = 18.318812972432937 dB
	 y_9,26,25 = 24.95487899311898 dB
	 y_9,26,26 = 92.26244982894787 dB
	 y_9,26,36 = 35.074489672831 dB
		SNR medio: 83.23155968926336
		Usuarios totais: 14
x_9_27
	 y_9,27,3 = 10.914499517154695 dB
	 y_9,27,5 = 20.739229082665474 dB
	 y_9,27,6 = 23.038173994745662 dB
	 y_9,27,9 = 21.298277271098158 dB
	 y_9,27,27 = 82.17855679639752 dB
	 y_9,27,38 = 20.528932868942363 dB
		SNR medio: 74.39705954511
		Usuarios totais: 8
x_9_44
	 y_9,44,11 = 11.850319781128974 dB
	 y_9,44,22 = 12.34755794977633 dB
	 y_9,44,31 = 17.57629441905594 dB
	 y_9,44,33 = 27.063032932849723 dB
	 y_9,44,34 = 25.146107540441832 dB
	 y_9,44,43 = 36.04305255736867 dB
	 y_9,44,76 = 13.301156230520576 dB
	 y_9,44,85 = 12.302648450255589 dB
	 y_9,44,86 = 11.402932943850487 dB
	 y_9,44,93 = 8.423149309439282 dB
		SNR medio: 26.994174292250406
		Usuarios totais: 13
x_9_46
	 y_9,46,45 = 34.85463415684034 dB
	 y_9,46,46 = 80.84026582894104 dB
	 y_9,46,97 = 14.953691135613695 dB
		SNR medio: 76.06916385145716
		Usuarios totais: 3
x_9_58
	 y_9,58,48 = 30.880505045725045 dB
	 y_9,58,68 = 33.23301144271511 dB
	 y_9,58,69 = 28.39274967512226 dB
	 y_9,58,77 = 19.53321509267137 dB
	 y_9,58,96 = 10.707939797976081 dB
	 y_9,58,99 = 6.5630662502710635 dB
		SNR medio: 28.374606239569218
		Usuarios totais: 8
x_9_63
	 y_9,63,2 = 9.888638072491034 dB
	 y_9,63,40 = 9.060800532868058 dB
	 y_9,63,51 = 13.488453895268322 dB
	 y_9,63,61 = 21.243869171054556 dB
	 y_9,63,62 = 26.626763269740252 dB
	 y_9,63,70 = 9.119999306339594 dB
	 y_9,63,72 = 23.607994156960856 dB
	 y_9,63,74 = 30.723711025641506 dB
	 y_9,63,75 = 24.798662026675274 dB
	 y_9,63,94 = 9.39407843862422 dB
	 y_9,63,95 = 6.686734055669859 dB
		SNR medio: 23.328926970581918
		Usuarios totais: 14
Distances:
26 : 27 = 400.0
26 : 44 = 1131.370849898476
26 : 46 = 800.0
26 : 58 = 1442.2205101855957
26 : 63 = 2000.0
27 : 44 = 1442.2205101855957
27 : 46 = 894.4271909999159
27 : 58 = 1264.9110640673518
27 : 63 = 2262.741699796952
44 : 46 = 800.0
44 : 58 = 1649.2422502470642
44 : 63 = 894.4271909999159
46 : 58 = 894.4271909999159
46 : 63 = 1442.2205101855957
58 : 63 = 2039.607805437114
t=10
x_10_26
	 y_10,26,4 = 15.146724367004168 dB
	 y_10,26,15 = 28.75882553650574 dB
	 y_10,26,16 = 30.684034542923783 dB
	 y_10,26,24 = 18.318812972432937 dB
	 y_10,26,35 = 27.008746073750757 dB
		SNR medio: 27.032595174431435
		Usuarios totais: 8
x_10_27
	 y_10,27,5 = 20.739229082665474 dB
	 y_10,27,9 = 21.298277271098158 dB
		SNR medio: 21.0277424498617
		Usuarios totais: 2
x_10_44
	 y_10,44,1 = 14.596064375886499 dB
	 y_10,44,43 = 36.04305255736867 dB
	 y_10,44,55 = 22.833608187514287 dB
	 y_10,44,76 = 13.301156230520576 dB
	 y_10,44,88 = 10.112973147375882 dB
		SNR medio: 29.317855114798
		Usuarios totais: 6
x_10_46
	 y_10,46,78 = 17.229587528947206 dB
		SNR medio: 17.229587528947206
		Usuarios totais: 1
x_10_58
	 y_10,58,49 = 18.453514622727766 dB
	 y_10,58,68 = 33.23301144271511 dB
	 y_10,58,96 = 10.707939797976081 dB
	 y_10,58,98 = 11.802437597886893 dB
	 y_10,58,99 = 6.5630662502710635 dB
		SNR medio: 26.44778278820606
		Usuarios totais: 5
x_10_63
	 y_10,63,50 = 11.749774488738211 dB
	 y_10,63,60 = 18.135246698999396 dB
	 y_10,63,64 = 30.316786085437442 dB
	 y_10,63,73 = 34.747798133442416 dB
	 y_10,63,80 = 9.864213274643987 dB
	 y_10,63,81 = 14.15113373826145 dB
	 y_10,63,84 = 17.093713892967912 dB
	 y_10,63,94 = 9.39407843862422 dB
		SNR medio: 27.237841149038175
		Usuarios totais: 8
Distances:
26 : 27 = 400.0
26 : 44 = 1131.370849898476
26 : 46 = 800.0
26 : 58 = 1442.2205101855957
26 : 63 = 2000.0
27 : 44 = 1442.2205101855957
27 : 46 = 894.4271909999159
27 : 58 = 1264.9110640673518
27 : 63 = 2262.741699796952
44 : 46 = 800.0
44 : 58 = 1649.2422502470642
44 : 63 = 894.4271909999159
46 : 58 = 894.4271909999159
46 : 63 = 1442.2205101855957
58 : 63 = 2039.607805437114
t=11
x_11_26
	 y_11,26,25 = 24.95487899311898 dB
		SNR medio: 24.95487899311898
		Usuarios totais: 1
x_11_27
	 y_11,27,6 = 23.038173994745662 dB
		SNR medio: 23.038173994745662
		Usuarios totais: 1
x_11_44
		Usuarios totais: 0
x_11_46
	 y_11,46,12 = 8.607771641553882 dB
	 y_11,46,65 = 17.667486817327244 dB
		SNR medio: 15.165519809699909
		Usuarios totais: 2
x_11_58
	 y_11,58,57 = 31.6651700919071 dB
		SNR medio: 31.6651700919071
		Usuarios totais: 1
x_11_63
	 y_11,63,32 = 17.1949880374068 dB
	 y_11,63,41 = 15.597051809764537 dB
	 y_11,63,83 = 19.502467519074017 dB
		SNR medio: 17.73003737814887
		Usuarios totais: 3
Distances:
26 : 27 = 400.0
26 : 44 = 1131.370849898476
26 : 46 = 800.0
26 : 58 = 1442.2205101855957
26 : 63 = 2000.0
27 : 44 = 1442.2205101855957
27 : 46 = 894.4271909999159
27 : 58 = 1264.9110640673518
27 : 63 = 2262.741699796952
44 : 46 = 800.0
44 : 58 = 1649.2422502470642
44 : 63 = 894.4271909999159
46 : 58 = 894.4271909999159
46 : 63 = 1442.2205101855957
58 : 63 = 2039.607805437114

Média de carros: 5.25
--- Done after 1.6562570977210997 hours. ---
