-------------Calculating Solution (this may take a while)
+++++++++++++++++++Min Sinr: 15 dB (single)
+++++++++++++++++++With backhaul constraint. Start: 2023-01-06 21:34:30

Parameters:
- chosen seed 16
- Map with 100 sectors
- Map 4000 x 4000 m
- Sector has a side of 400 m
- Max time:  12
- users_t_m:  [[0, 0, 0, 0, 0, 0, 0, 0, 0, 0, 0, 0, 0, 0, 0, 0, 0, 0, 0, 0, 0, 0, 0, 0, 0, 0, 0, 0, 0, 0, 0, 0, 0, 1, 1, 0, 0, 0, 0, 0, 0, 0, 0, 2, 0, 0, 0, 0, 0, 0, 0, 0, 0, 17, 4, 0, 0, 0, 0, 0, 0, 0, 0, 0, 0, 0, 0, 0, 0, 0, 0, 0, 0, 0, 0, 0, 0, 0, 0, 0, 0, 0, 0, 0, 0, 0, 0, 0, 0, 0, 0, 0, 0, 0, 0, 0, 0, 0, 0, 0], [1, 0, 0, 2, 1, 0, 0, 0, 0, 0, 0, 0, 1, 0, 0, 1, 0, 0, 0, 1, 0, 0, 0, 1, 0, 0, 0, 0, 0, 0, 0, 0, 1, 3, 1, 0, 1, 0, 0, 0, 2, 0, 0, 5, 3, 1, 0, 0, 0, 0, 0, 1, 0, 20, 2, 0, 0, 0, 1, 0, 0, 0, 0, 0, 0, 0, 0, 0, 0, 0, 0, 0, 0, 0, 0, 0, 1, 0, 0, 0, 0, 1, 0, 0, 0, 0, 0, 0, 0, 1, 0, 0, 0, 0, 1, 0, 1, 1, 0, 1], [1, 1, 1, 0, 0, 0, 0, 0, 0, 1, 1, 0, 0, 0, 1, 0, 1, 0, 0, 0, 1, 1, 1, 2, 0, 0, 1, 1, 2, 1, 0, 0, 0, 2, 1, 0, 0, 0, 1, 0, 2, 0, 1, 7, 1, 1, 0, 0, 1, 0, 0, 0, 0, 17, 2, 0, 1, 0, 1, 0, 0, 0, 1, 1, 1, 1, 0, 2, 1, 0, 0, 0, 1, 0, 2, 0, 0, 0, 3, 0, 2, 1, 1, 1, 0, 0, 1, 0, 3, 1, 1, 1, 0, 1, 0, 0, 1, 2, 0, 0], [0, 1, 1, 0, 3, 3, 1, 0, 2, 1, 0, 1, 0, 2, 1, 0, 1, 0, 2, 0, 1, 1, 1, 1, 0, 0, 0, 0, 1, 1, 1, 1, 1, 2, 0, 0, 1, 1, 0, 0, 1, 1, 1, 11, 3, 2, 0, 1, 1, 1, 1, 0, 2, 17, 3, 0, 1, 0, 2, 0, 2, 2, 2, 0, 0, 0, 0, 1, 1, 0, 2, 0, 1, 0, 1, 1, 2, 1, 2, 1, 0, 1, 3, 0, 1, 0, 2, 2, 0, 2, 0, 1, 2, 1, 0, 1, 0, 0, 0, 2], [0, 5, 3, 0, 1, 0, 1, 3, 1, 3, 0, 0, 2, 0, 0, 1, 2, 0, 1, 1, 1, 4, 1, 2, 0, 1, 1, 0, 1, 2, 0, 3, 1, 3, 1, 2, 0, 0, 1, 2, 1, 0, 2, 9, 6, 1, 0, 1, 4, 0, 1, 2, 2, 18, 2, 1, 1, 1, 0, 0, 1, 4, 0, 1, 0, 1, 2, 0, 5, 2, 0, 1, 0, 0, 1, 0, 2, 0, 1, 1, 0, 0, 1, 2, 1, 2, 2, 1, 1, 1, 1, 2, 1, 3, 1, 1, 1, 0, 2, 1], [0, 0, 1, 1, 0, 2, 3, 1, 0, 0, 2, 1, 1, 3, 2, 1, 1, 2, 3, 2, 4, 3, 3, 2, 2, 1, 2, 1, 3, 3, 2, 2, 1, 3, 1, 1, 1, 1, 0, 2, 1, 1, 2, 5, 4, 0, 5, 0, 1, 1, 1, 0, 1, 26, 4, 3, 3, 2, 4, 2, 2, 1, 1, 0, 0, 4, 1, 0, 2, 1, 1, 1, 2, 1, 1, 2, 3, 1, 1, 1, 0, 2, 1, 0, 1, 2, 1, 1, 1, 2, 0, 2, 4, 1, 1, 0, 2, 0, 2, 3], [2, 2, 2, 2, 0, 1, 3, 0, 1, 2, 1, 1, 1, 2, 1, 5, 1, 1, 2, 1, 6, 1, 1, 1, 1, 3, 4, 0, 2, 0, 2, 4, 1, 3, 0, 0, 0, 0, 1, 1, 0, 1, 0, 2, 1, 4, 1, 2, 2, 2, 0, 1, 1, 1, 1, 0, 1, 3, 3, 0, 2, 3, 4, 0, 1, 1, 2, 1, 0, 0, 2, 2, 1, 0, 5, 2, 1, 2, 4, 1, 1, 1, 4, 0, 1, 3, 2, 1, 1, 2, 2, 3, 2, 2, 1, 2, 2, 0, 2, 2], [0, 0, 0, 1, 2, 0, 0, 2, 2, 4, 1, 1, 1, 1, 1, 1, 0, 0, 3, 2, 1, 1, 2, 1, 1, 2, 2, 1, 1, 1, 0, 0, 1, 2, 0, 0, 1, 1, 2, 1, 3, 3, 1, 1, 1, 2, 0, 0, 0, 2, 2, 1, 3, 0, 0, 2, 1, 1, 3, 0, 0, 1, 4, 1, 5, 3, 1, 1, 0, 1, 3, 1, 0, 0, 1, 3, 3, 1, 1, 1, 2, 0, 1, 0, 2, 1, 0, 0, 0, 1, 4, 0, 3, 1, 0, 2, 1, 2, 0, 3], [4, 0, 3, 3, 1, 1, 0, 1, 2, 2, 1, 3, 0, 0, 1, 0, 2, 0, 1, 4, 2, 1, 1, 0, 1, 0, 2, 1, 1, 2, 0, 0, 0, 0, 1, 4, 1, 1, 0, 2, 2, 0, 2, 1, 2, 1, 0, 1, 0, 2, 2, 0, 0, 0, 0, 0, 1, 0, 1, 1, 0, 2, 0, 0, 0, 1, 2, 1, 1, 0, 1, 0, 0, 1, 0, 0, 2, 1, 0, 2, 2, 0, 1, 0, 1, 1, 2, 0, 2, 0, 1, 1, 2, 1, 3, 0, 0, 0, 1, 1], [1, 0, 1, 0, 0, 1, 0, 2, 1, 1, 0, 3, 2, 0, 1, 0, 1, 0, 0, 1, 0, 0, 0, 0, 1, 0, 2, 1, 1, 1, 1, 1, 1, 0, 0, 2, 0, 0, 0, 2, 1, 1, 2, 1, 1, 1, 0, 1, 0, 0, 2, 0, 1, 1, 2, 1, 0, 2, 0, 0, 0, 1, 1, 0, 0, 1, 1, 1, 0, 0, 0, 2, 2, 0, 0, 0, 2, 0, 0, 0, 0, 2, 1, 0, 0, 0, 0, 1, 2, 1, 0, 1, 0, 0, 1, 0, 1, 1, 0, 0], [0, 0, 0, 0, 1, 0, 0, 0, 0, 0, 1, 0, 0, 0, 1, 0, 0, 0, 0, 0, 0, 0, 0, 0, 1, 1, 0, 0, 0, 0, 0, 1, 0, 0, 0, 3, 0, 1, 1, 1, 1, 0, 3, 0, 0, 0, 0, 1, 1, 0, 1, 0, 1, 0, 2, 0, 0, 1, 0, 1, 1, 1, 0, 0, 0, 0, 0, 0, 0, 1, 0, 1, 2, 0, 0, 0, 0, 0, 0, 0, 0, 2, 0, 0, 0, 1, 0, 1, 1, 2, 1, 0, 0, 0, 0, 0, 0, 1, 1, 0], [0, 0, 0, 0, 0, 0, 0, 0, 0, 0, 0, 0, 0, 0, 0, 0, 0, 0, 0, 0, 0, 0, 0, 0, 0, 0, 0, 0, 0, 0, 0, 0, 0, 0, 0, 0, 0, 0, 0, 0, 0, 0, 0, 0, 0, 0, 0, 0, 0, 0, 0, 0, 0, 0, 0, 0, 0, 0, 0, 1, 1, 0, 0, 1, 0, 0, 0, 0, 1, 0, 0, 0, 0, 0, 0, 1, 0, 0, 0, 0, 0, 0, 0, 0, 0, 0, 0, 0, 0, 0, 0, 1, 0, 0, 0, 0, 0, 0, 0, 0]]
MAX_USER_PER_ANTENNAS_m:  [40, 40, 40, 40, 40, 40, 40, 40, 40, 40, 40, 40, 40, 40, 40, 40, 40, 40, 40, 40, 40, 40, 40, 40, 40, 40, 40, 40, 40, 40, 40, 40, 40, 40, 40, 40, 40, 40, 40, 40, 40, 40, 40, 40, 40, 40, 40, 40, 40, 40, 40, 40, 40, 40, 40, 40, 40, 40, 40, 40, 40, 40, 40, 40, 40, 40, 40, 40, 40, 40, 40, 40, 40, 40, 40, 40, 40, 40, 40, 40, 40, 40, 40, 40, 40, 40, 40, 40, 40, 40, 40, 40, 40, 40, 40, 40, 40, 40, 40, 40]
antennas_map_m:  [1, 1, 1, 1, 1, 1, 1, 1, 1, 1, 1, 1, 1, 1, 1, 1, 1, 1, 1, 1, 1, 1, 1, 1, 1, 1, 1, 1, 1, 1, 1, 1, 1, 1, 1, 1, 1, 1, 1, 1, 1, 1, 1, 1, 1, 1, 1, 1, 1, 1, 1, 1, 1, 1, 1, 1, 1, 1, 1, 1, 1, 1, 1, 1, 1, 1, 1, 1, 1, 1, 1, 1, 1, 1, 1, 1, 1, 1, 1, 1, 1, 1, 1, 1, 1, 1, 1, 1, 1, 1, 1, 1, 1, 1, 1, 1, 1, 1, 1, 1]
FIRST_ANTENNA:  27
MIN_SNR_m:  [31.622776601683793, 31.622776601683793, 31.622776601683793, 31.622776601683793, 31.622776601683793, 31.622776601683793, 31.622776601683793, 31.622776601683793, 31.622776601683793, 31.622776601683793, 31.622776601683793, 31.622776601683793, 31.622776601683793, 31.622776601683793, 31.622776601683793, 31.622776601683793, 31.622776601683793, 31.622776601683793, 31.622776601683793, 31.622776601683793, 31.622776601683793, 31.622776601683793, 31.622776601683793, 31.622776601683793, 31.622776601683793, 31.622776601683793, 31.622776601683793, 31.622776601683793, 31.622776601683793, 31.622776601683793, 31.622776601683793, 31.622776601683793, 31.622776601683793, 31.622776601683793, 31.622776601683793, 31.622776601683793, 31.622776601683793, 31.622776601683793, 31.622776601683793, 31.622776601683793, 31.622776601683793, 31.622776601683793, 31.622776601683793, 31.622776601683793, 31.622776601683793, 31.622776601683793, 31.622776601683793, 31.622776601683793, 31.622776601683793, 31.622776601683793, 31.622776601683793, 31.622776601683793, 31.622776601683793, 31.622776601683793, 31.622776601683793, 31.622776601683793, 31.622776601683793, 31.622776601683793, 31.622776601683793, 31.622776601683793, 31.622776601683793, 31.622776601683793, 31.622776601683793, 31.622776601683793, 31.622776601683793, 31.622776601683793, 31.622776601683793, 31.622776601683793, 31.622776601683793, 31.622776601683793, 31.622776601683793, 31.622776601683793, 31.622776601683793, 31.622776601683793, 31.622776601683793, 31.622776601683793, 31.622776601683793, 31.622776601683793, 31.622776601683793, 31.622776601683793, 31.622776601683793, 31.622776601683793, 31.622776601683793, 31.622776601683793, 31.622776601683793, 31.622776601683793, 31.622776601683793, 31.622776601683793, 31.622776601683793, 31.622776601683793, 31.622776601683793, 31.622776601683793, 31.622776601683793, 31.622776601683793, 31.622776601683793, 31.622776601683793, 31.622776601683793, 31.622776601683793, 31.622776601683793, 31.622776601683793]
-MIN_DIST:  2000
- disaster percentage:  0
- valid_time:  0
2.0

Média de carros: 2.0
t=0
$x_{27}$
		Usuarios totais: 0
$x_{53}$
	 $y_{53,33}$ = 21.004706584268035 dB
	 $y_{53,34}$ = 24.73024417720849 dB
	 $y_{53,43}$ = 26.992237842410518 dB
	 $y_{53,53}$ = 89.15794932235403 dB
	 $y_{53,54}$ = 32.75655777832216 dB
		SNR medio: 82.1682640937661
		Usuarios totais: 25
t=1
$x_{27}$
	 $y_{1,27,4}$ = 4.850406941910705 dB
	 $y_{1,27,15}$ = 10.610231705806825 dB
	 $y_{1,27,19}$ = 14.029928019482938 dB
	 $y_{1,27,36}$ = 16.763855437475883 dB
	 $y_{1,27,53}$ = 2.664086342522097 dB
	 $y_{1,27,58}$ = 13.991520593431204 dB
	 $y_{1,27,89}$ = 0.34248415158381834 dB
	 $y_{1,27,96}$ = 0.9913721909217368 dB
	 $y_{1,27,97}$ = -2.1753976430631496 dB
		SNR medio: 11.14625020106675
		Usuarios totais: 28
$x_{53}$
	 $y_{1,53,0}$ = 2.624835693436154 dB
	 $y_{1,53,3}$ = 9.880962951385555 dB
	 $y_{1,53,12}$ = 6.679841406537946 dB
	 $y_{1,53,23}$ = 15.333116434800615 dB
	 $y_{1,53,32}$ = 15.707464769093917 dB
	 $y_{1,53,33}$ = 21.004706584268035 dB
	 $y_{1,53,34}$ = 24.73024417720849 dB
	 $y_{1,53,40}$ = 13.582672297723832 dB
	 $y_{1,53,43}$ = 26.992237842410518 dB
	 $y_{1,53,44}$ = 21.133646383837274 dB
	 $y_{1,53,45}$ = 20.474045490223133 dB
	 $y_{1,53,51}$ = 28.468619425360615 dB
	 $y_{1,53,54}$ = 32.75655777832216 dB
	 $y_{1,53,76}$ = 12.47536712917983 dB
	 $y_{1,53,81}$ = 10.06707714328715 dB
	 $y_{1,53,94}$ = 7.601463072777875 dB
	 $y_{1,53,99}$ = 3.184697076755839 dB
		SNR medio: 23.606468053454496
		Usuarios totais: 28
t=2
$x_{27}$
	 $y_{2,27,1}$ = 1.9328909561433818 dB
	 $y_{2,27,9}$ = 16.867288472807317 dB
	 $y_{2,27,14}$ = 9.177627012064903 dB
	 $y_{2,27,16}$ = 28.896200601539363 dB
	 $y_{2,27,20}$ = 5.930502319171097 dB
	 $y_{2,27,26}$ = 34.056116469751906 dB
	 $y_{2,27,27}$ = 90.18951895400343 dB
	 $y_{2,27,28}$ = 24.7870419297802 dB
	 $y_{2,27,29}$ = 21.165262899664185 dB
	 $y_{2,27,38}$ = 29.16873484465276 dB
	 $y_{2,27,48}$ = 21.77037037726697 dB
	 $y_{2,27,54}$ = 10.791429351526403 dB
	 $y_{2,27,56}$ = 8.544262693398991 dB
	 $y_{2,27,58}$ = 13.991520593431204 dB
	 $y_{2,27,62}$ = -4.574878253777143 dB
	 $y_{2,27,63}$ = 5.223313384931316 dB
	 $y_{2,27,64}$ = 2.2955392277618496 dB
	 $y_{2,27,65}$ = 5.3316195837682585 dB
	 $y_{2,27,67}$ = 7.422512108383131 dB
	 $y_{2,27,68}$ = 6.917236303777727 dB
	 $y_{2,27,72}$ = 0.6803969258472189 dB
	 $y_{2,27,74}$ = -2.503583178717463 dB
	 $y_{2,27,78}$ = 5.230326706144325 dB
	 $y_{2,27,80}$ = -6.356907015139086 dB
	 $y_{2,27,81}$ = -4.023381109525474 dB
	 $y_{2,27,82}$ = -6.164842431657121 dB
	 $y_{2,27,83}$ = -4.1048723755762495 dB
	 $y_{2,27,86}$ = -0.47048429033293365 dB
	 $y_{2,27,88}$ = 0.8783105083442994 dB
	 $y_{2,27,89}$ = 0.34248415158381834 dB
		SNR medio: 75.41832662659412
		Usuarios totais: 39
$x_{53}$
	 $y_{2,53,0}$ = 2.624835693436154 dB
	 $y_{2,53,2}$ = 11.029080812090456 dB
	 $y_{2,53,10}$ = 11.788348730553622 dB
	 $y_{2,53,21}$ = 8.922997682019059 dB
	 $y_{2,53,22}$ = 19.989847880026403 dB
	 $y_{2,53,23}$ = 15.333116434800615 dB
	 $y_{2,53,33}$ = 21.004706584268035 dB
	 $y_{2,53,34}$ = 24.73024417720849 dB
	 $y_{2,53,40}$ = 13.582672297723832 dB
	 $y_{2,53,42}$ = 25.380673049935297 dB
	 $y_{2,53,43}$ = 26.992237842410518 dB
	 $y_{2,53,44}$ = 21.133646383837274 dB
	 $y_{2,53,45}$ = 20.474045490223133 dB
	 $y_{2,53,53}$ = 89.15794932235403 dB
		SNR medio: 77.69667795035443
		Usuarios totais: 39
t=3
$x_{27}$
	 $y_{3,27,1}$ = 1.9328909561433818 dB
	 $y_{3,27,4}$ = 4.850406941910705 dB
	 $y_{3,27,5}$ = 11.49971228521197 dB
	 $y_{3,27,6}$ = 10.999603223696312 dB
	 $y_{3,27,8}$ = 16.111736563562545 dB
	 $y_{3,27,9}$ = 16.867288472807317 dB
	 $y_{3,27,11}$ = 4.12106539379414 dB
	 $y_{3,27,14}$ = 9.177627012064903 dB
	 $y_{3,27,16}$ = 28.896200601539363 dB
	 $y_{3,27,18}$ = 26.63148528822697 dB
	 $y_{3,27,20}$ = 5.930502319171097 dB
	 $y_{3,27,28}$ = 24.7870419297802 dB
	 $y_{3,27,29}$ = 21.165262899664185 dB
	 $y_{3,27,36}$ = 16.763855437475883 dB
	 $y_{3,27,37}$ = 30.66630335823629 dB
	 $y_{3,27,48}$ = 21.77037037726697 dB
	 $y_{3,27,49}$ = 17.088157146645486 dB
	 $y_{3,27,58}$ = 13.991520593431204 dB
	 $y_{3,27,60}$ = -3.5664491889860415 dB
	 $y_{3,27,61}$ = -0.4067235629231474 dB
	 $y_{3,27,62}$ = -4.574878253777143 dB
	 $y_{3,27,67}$ = 7.422512108383131 dB
	 $y_{3,27,68}$ = 6.917236303777727 dB
	 $y_{3,27,70}$ = -4.910744032215462 dB
	 $y_{3,27,74}$ = -2.503583178717463 dB
	 $y_{3,27,75}$ = 1.357581981956031 dB
	 $y_{3,27,76}$ = 10.638699934175264 dB
		SNR medio: 20.830802317151196
		Usuarios totais: 39
$x_{53}$
	 $y_{3,53,2}$ = 11.029080812090456 dB
	 $y_{3,53,13}$ = 12.377692527471424 dB
	 $y_{3,53,21}$ = 8.922997682019059 dB
	 $y_{3,53,22}$ = 19.989847880026403 dB
	 $y_{3,53,23}$ = 15.333116434800615 dB
	 $y_{3,53,30}$ = 8.556925776812932 dB
	 $y_{3,53,31}$ = 9.472768807826924 dB
	 $y_{3,53,32}$ = 15.707464769093917 dB
	 $y_{3,53,33}$ = 21.004706584268035 dB
	 $y_{3,53,40}$ = 13.582672297723832 dB
	 $y_{3,53,41}$ = 19.259378239154856 dB
	 $y_{3,53,42}$ = 25.380673049935297 dB
	 $y_{3,53,43}$ = 26.992237842410518 dB
	 $y_{3,53,44}$ = 21.133646383837274 dB
	 $y_{3,53,45}$ = 20.474045490223133 dB
	 $y_{3,53,47}$ = 19.736285259435732 dB
	 $y_{3,53,50}$ = 13.792037592214953 dB
	 $y_{3,53,52}$ = 37.0106546237118 dB
	 $y_{3,53,54}$ = 32.75655777832216 dB
	 $y_{3,53,56}$ = 18.80528321712046 dB
	 $y_{3,53,72}$ = 5.08650809349507 dB
		SNR medio: 26.149398281343142
		Usuarios totais: 39
t=4
$x_{27}$
	 $y_{4,27,1}$ = 1.9328909561433818 dB
	 $y_{4,27,4}$ = 4.850406941910705 dB
	 $y_{4,27,6}$ = 10.999603223696312 dB
	 $y_{4,27,7}$ = 21.049757302028212 dB
	 $y_{4,27,8}$ = 16.111736563562545 dB
	 $y_{4,27,9}$ = 16.867288472807317 dB
	 $y_{4,27,15}$ = 10.610231705806825 dB
	 $y_{4,27,16}$ = 28.896200601539363 dB
	 $y_{4,27,18}$ = 26.63148528822697 dB
	 $y_{4,27,19}$ = 14.029928019482938 dB
	 $y_{4,27,20}$ = 5.930502319171097 dB
	 $y_{4,27,25}$ = 24.172063681222866 dB
	 $y_{4,27,26}$ = 34.056116469751906 dB
	 $y_{4,27,28}$ = 24.7870419297802 dB
	 $y_{4,27,29}$ = 21.165262899664185 dB
	 $y_{4,27,38}$ = 29.16873484465276 dB
	 $y_{4,27,39}$ = 13.394308666961706 dB
	 $y_{4,27,44}$ = 1.9800147655522555 dB
	 $y_{4,27,48}$ = 21.77037037726697 dB
	 $y_{4,27,55}$ = -0.5089672771064213 dB
		SNR medio: 24.585557048794055
		Usuarios totais: 39
$x_{53}$
	 $y_{4,53,2}$ = 11.029080812090456 dB
	 $y_{4,53,12}$ = 6.679841406537946 dB
	 $y_{4,53,21}$ = 8.922997682019059 dB
	 $y_{4,53,22}$ = 19.989847880026403 dB
	 $y_{4,53,23}$ = 15.333116434800615 dB
	 $y_{4,53,31}$ = 9.472768807826924 dB
	 $y_{4,53,32}$ = 15.707464769093917 dB
	 $y_{4,53,33}$ = 21.004706584268035 dB
	 $y_{4,53,34}$ = 24.73024417720849 dB
	 $y_{4,53,35}$ = 18.338983696519705 dB
	 $y_{4,53,40}$ = 13.582672297723832 dB
	 $y_{4,53,42}$ = 25.380673049935297 dB
	 $y_{4,53,43}$ = 26.992237842410518 dB
	 $y_{4,53,45}$ = 20.474045490223133 dB
	 $y_{4,53,47}$ = 19.736285259435732 dB
	 $y_{4,53,50}$ = 13.792037592214953 dB
	 $y_{4,53,51}$ = 28.468619425360615 dB
		SNR medio: 21.670200452707427
		Usuarios totais: 39
t=5
$x_{27}$
	 $y_{5,27,5}$ = 11.49971228521197 dB
	 $y_{5,27,6}$ = 10.999603223696312 dB
	 $y_{5,27,7}$ = 21.049757302028212 dB
	 $y_{5,27,11}$ = 4.12106539379414 dB
	 $y_{5,27,14}$ = 9.177627012064903 dB
	 $y_{5,27,15}$ = 10.610231705806825 dB
	 $y_{5,27,16}$ = 28.896200601539363 dB
	 $y_{5,27,17}$ = 35.24475417205219 dB
	 $y_{5,27,18}$ = 26.63148528822697 dB
	 $y_{5,27,19}$ = 14.029928019482938 dB
	 $y_{5,27,20}$ = 5.930502319171097 dB
	 $y_{5,27,24}$ = 15.935843215559402 dB
	 $y_{5,27,25}$ = 24.172063681222866 dB
	 $y_{5,27,26}$ = 34.056116469751906 dB
	 $y_{5,27,27}$ = 90.18951895400343 dB
	 $y_{5,27,28}$ = 24.7870419297802 dB
	 $y_{5,27,29}$ = 21.165262899664185 dB
	 $y_{5,27,36}$ = 16.763855437475883 dB
	 $y_{5,27,37}$ = 30.66630335823629 dB
	 $y_{5,27,39}$ = 13.394308666961706 dB
	 $y_{5,27,48}$ = 21.77037037726697 dB
		SNR medio: 76.96736529353242
		Usuarios totais: 39
$x_{53}$
	 $y_{5,53,2}$ = 11.029080812090456 dB
	 $y_{5,53,3}$ = 9.880962951385555 dB
	 $y_{5,53,10}$ = 11.788348730553622 dB
	 $y_{5,53,12}$ = 6.679841406537946 dB
	 $y_{5,53,13}$ = 12.377692527471424 dB
	 $y_{5,53,21}$ = 8.922997682019059 dB
	 $y_{5,53,22}$ = 19.989847880026403 dB
	 $y_{5,53,23}$ = 15.333116434800615 dB
	 $y_{5,53,30}$ = 8.556925776812932 dB
	 $y_{5,53,31}$ = 9.472768807826924 dB
	 $y_{5,53,32}$ = 15.707464769093917 dB
	 $y_{5,53,33}$ = 21.004706584268035 dB
	 $y_{5,53,34}$ = 24.73024417720849 dB
	 $y_{5,53,35}$ = 18.338983696519705 dB
	 $y_{5,53,40}$ = 13.582672297723832 dB
	 $y_{5,53,41}$ = 19.259378239154856 dB
	 $y_{5,53,42}$ = 25.380673049935297 dB
	 $y_{5,53,43}$ = 26.992237842410518 dB
	 $y_{5,53,44}$ = 21.133646383837274 dB
		SNR medio: 19.832914300918638
		Usuarios totais: 39
t=6
$x_{27}$
	 $y_{6,27,1}$ = 1.9328909561433818 dB
	 $y_{6,27,5}$ = 11.49971228521197 dB
	 $y_{6,27,6}$ = 10.999603223696312 dB
	 $y_{6,27,8}$ = 16.111736563562545 dB
	 $y_{6,27,9}$ = 16.867288472807317 dB
	 $y_{6,27,11}$ = 4.12106539379414 dB
	 $y_{6,27,14}$ = 9.177627012064903 dB
	 $y_{6,27,15}$ = 10.610231705806825 dB
	 $y_{6,27,16}$ = 28.896200601539363 dB
	 $y_{6,27,17}$ = 35.24475417205219 dB
	 $y_{6,27,18}$ = 26.63148528822697 dB
	 $y_{6,27,19}$ = 14.029928019482938 dB
	 $y_{6,27,20}$ = 5.930502319171097 dB
	 $y_{6,27,24}$ = 15.935843215559402 dB
	 $y_{6,27,25}$ = 24.172063681222866 dB
	 $y_{6,27,26}$ = 34.056116469751906 dB
	 $y_{6,27,28}$ = 24.7870419297802 dB
	 $y_{6,27,38}$ = 29.16873484465276 dB
	 $y_{6,27,39}$ = 13.394308666961706 dB
		SNR medio: 26.62994520856648
		Usuarios totais: 39
$x_{53}$
	 $y_{6,53,0}$ = 2.624835693436154 dB
	 $y_{6,53,2}$ = 11.029080812090456 dB
	 $y_{6,53,3}$ = 9.880962951385555 dB
	 $y_{6,53,10}$ = 11.788348730553622 dB
	 $y_{6,53,12}$ = 6.679841406537946 dB
	 $y_{6,53,13}$ = 12.377692527471424 dB
	 $y_{6,53,21}$ = 8.922997682019059 dB
	 $y_{6,53,22}$ = 19.989847880026403 dB
	 $y_{6,53,23}$ = 15.333116434800615 dB
	 $y_{6,53,30}$ = 8.556925776812932 dB
	 $y_{6,53,31}$ = 9.472768807826924 dB
	 $y_{6,53,32}$ = 15.707464769093917 dB
	 $y_{6,53,33}$ = 21.004706584268035 dB
	 $y_{6,53,41}$ = 19.259378239154856 dB
	 $y_{6,53,43}$ = 26.992237842410518 dB
	 $y_{6,53,44}$ = 21.133646383837274 dB
	 $y_{6,53,45}$ = 20.474045490223133 dB
	 $y_{6,53,46}$ = 18.31069427561772 dB
	 $y_{6,53,47}$ = 19.736285259435732 dB
	 $y_{6,53,48}$ = 1.6144595462245945 dB
	 $y_{6,53,49}$ = -1.7432858921462184 dB
	 $y_{6,53,51}$ = 28.468619425360615 dB
		SNR medio: 19.746140931473025
		Usuarios totais: 39
t=7
$x_{27}$
	 $y_{7,27,4}$ = 4.850406941910705 dB
	 $y_{7,27,7}$ = 21.049757302028212 dB
	 $y_{7,27,8}$ = 16.111736563562545 dB
	 $y_{7,27,9}$ = 16.867288472807317 dB
	 $y_{7,27,11}$ = 4.12106539379414 dB
	 $y_{7,27,14}$ = 9.177627012064903 dB
	 $y_{7,27,15}$ = 10.610231705806825 dB
	 $y_{7,27,18}$ = 26.63148528822697 dB
	 $y_{7,27,19}$ = 14.029928019482938 dB
	 $y_{7,27,20}$ = 5.930502319171097 dB
	 $y_{7,27,24}$ = 15.935843215559402 dB
	 $y_{7,27,25}$ = 24.172063681222866 dB
	 $y_{7,27,26}$ = 34.056116469751906 dB
	 $y_{7,27,27}$ = 90.18951895400343 dB
	 $y_{7,27,28}$ = 24.7870419297802 dB
	 $y_{7,27,29}$ = 21.165262899664185 dB
	 $y_{7,27,36}$ = 16.763855437475883 dB
	 $y_{7,27,37}$ = 30.66630335823629 dB
	 $y_{7,27,38}$ = 29.16873484465276 dB
	 $y_{7,27,39}$ = 13.394308666961706 dB
	 $y_{7,27,49}$ = 17.088157146645486 dB
	 $y_{7,27,57}$ = 14.244264424293803 dB
	 $y_{7,27,58}$ = 13.991520593431204 dB
	 $y_{7,27,66}$ = 14.056167451099782 dB
		SNR medio: 76.38743230502067
		Usuarios totais: 39
$x_{53}$
	 $y_{7,53,3}$ = 9.880962951385555 dB
	 $y_{7,53,10}$ = 11.788348730553622 dB
	 $y_{7,53,12}$ = 6.679841406537946 dB
	 $y_{7,53,13}$ = 12.377692527471424 dB
	 $y_{7,53,21}$ = 8.922997682019059 dB
	 $y_{7,53,22}$ = 19.989847880026403 dB
	 $y_{7,53,23}$ = 15.333116434800615 dB
	 $y_{7,53,32}$ = 15.707464769093917 dB
	 $y_{7,53,33}$ = 21.004706584268035 dB
	 $y_{7,53,40}$ = 13.582672297723832 dB
	 $y_{7,53,41}$ = 19.259378239154856 dB
	 $y_{7,53,42}$ = 25.380673049935297 dB
	 $y_{7,53,43}$ = 26.992237842410518 dB
	 $y_{7,53,44}$ = 21.133646383837274 dB
	 $y_{7,53,45}$ = 20.474045490223133 dB
	 $y_{7,53,50}$ = 13.792037592214953 dB
	 $y_{7,53,51}$ = 28.468619425360615 dB
	 $y_{7,53,52}$ = 37.0106546237118 dB
	 $y_{7,53,55}$ = 15.237956946345363 dB
	 $y_{7,53,56}$ = 18.80528321712046 dB
	 $y_{7,53,61}$ = 16.101579785046653 dB
	 $y_{7,53,62}$ = 30.847578153576848 dB
	 $y_{7,53,63}$ = 27.850596210594574 dB
	 $y_{7,53,67}$ = 3.504251057576127 dB
	 $y_{7,53,69}$ = -0.21670356195949106 dB
		SNR medio: 25.69379635635496
		Usuarios totais: 39
t=8
$x_{27}$
	 $y_{8,27,4}$ = 4.850406941910705 dB
	 $y_{8,27,5}$ = 11.49971228521197 dB
	 $y_{8,27,7}$ = 21.049757302028212 dB
	 $y_{8,27,8}$ = 16.111736563562545 dB
	 $y_{8,27,9}$ = 16.867288472807317 dB
	 $y_{8,27,11}$ = 4.12106539379414 dB
	 $y_{8,27,14}$ = 9.177627012064903 dB
	 $y_{8,27,16}$ = 28.896200601539363 dB
	 $y_{8,27,18}$ = 26.63148528822697 dB
	 $y_{8,27,19}$ = 14.029928019482938 dB
	 $y_{8,27,20}$ = 5.930502319171097 dB
	 $y_{8,27,24}$ = 15.935843215559402 dB
	 $y_{8,27,26}$ = 34.056116469751906 dB
	 $y_{8,27,27}$ = 90.18951895400343 dB
	 $y_{8,27,28}$ = 24.7870419297802 dB
	 $y_{8,27,29}$ = 21.165262899664185 dB
	 $y_{8,27,36}$ = 16.763855437475883 dB
	 $y_{8,27,37}$ = 30.66630335823629 dB
	 $y_{8,27,39}$ = 13.394308666961706 dB
	 $y_{8,27,49}$ = 17.088157146645486 dB
	 $y_{8,27,58}$ = 13.991520593431204 dB
	 $y_{8,27,59}$ = 5.68702983590066 dB
	 $y_{8,27,66}$ = 14.056167451099782 dB
	 $y_{8,27,67}$ = 7.422512108383131 dB
	 $y_{8,27,68}$ = 6.917236303777727 dB
		SNR medio: 76.21014329928572
		Usuarios totais: 39
$x_{53}$
	 $y_{8,53,0}$ = 2.624835693436154 dB
	 $y_{8,53,2}$ = 11.029080812090456 dB
	 $y_{8,53,3}$ = 9.880962951385555 dB
	 $y_{8,53,10}$ = 11.788348730553622 dB
	 $y_{8,53,21}$ = 8.922997682019059 dB
	 $y_{8,53,22}$ = 19.989847880026403 dB
	 $y_{8,53,34}$ = 24.73024417720849 dB
	 $y_{8,53,35}$ = 18.338983696519705 dB
	 $y_{8,53,40}$ = 13.582672297723832 dB
	 $y_{8,53,42}$ = 25.380673049935297 dB
	 $y_{8,53,43}$ = 26.992237842410518 dB
	 $y_{8,53,44}$ = 21.133646383837274 dB
	 $y_{8,53,45}$ = 20.474045490223133 dB
	 $y_{8,53,47}$ = 19.736285259435732 dB
	 $y_{8,53,50}$ = 13.792037592214953 dB
	 $y_{8,53,56}$ = 18.80528321712046 dB
	 $y_{8,53,61}$ = 16.101579785046653 dB
	 $y_{8,53,65}$ = 24.250154651743188 dB
	 $y_{8,53,70}$ = 15.625578514409355 dB
	 $y_{8,53,73}$ = 19.17910228157507 dB
	 $y_{8,53,76}$ = 12.47536712917983 dB
	 $y_{8,53,77}$ = 5.539128407927564 dB
	 $y_{8,53,82}$ = 17.096632820813284 dB
		SNR medio: 20.02750587248628
		Usuarios totais: 39
t=9
$x_{27}$
	 $y_{9,27,5}$ = 11.49971228521197 dB
	 $y_{9,27,7}$ = 21.049757302028212 dB
	 $y_{9,27,8}$ = 16.111736563562545 dB
	 $y_{9,27,9}$ = 16.867288472807317 dB
	 $y_{9,27,11}$ = 4.12106539379414 dB
	 $y_{9,27,14}$ = 9.177627012064903 dB
	 $y_{9,27,16}$ = 28.896200601539363 dB
	 $y_{9,27,19}$ = 14.029928019482938 dB
	 $y_{9,27,24}$ = 15.935843215559402 dB
	 $y_{9,27,26}$ = 34.056116469751906 dB
	 $y_{9,27,27}$ = 90.18951895400343 dB
	 $y_{9,27,28}$ = 24.7870419297802 dB
	 $y_{9,27,29}$ = 21.165262899664185 dB
	 $y_{9,27,39}$ = 13.394308666961706 dB
	 $y_{9,27,57}$ = 14.244264424293803 dB
	 $y_{9,27,66}$ = 14.056167451099782 dB
	 $y_{9,27,67}$ = 7.422512108383131 dB
	 $y_{9,27,88}$ = 0.8783105083442994 dB
	 $y_{9,27,89}$ = 0.34248415158381834 dB
	 $y_{9,27,96}$ = 0.9913721909217368 dB
	 $y_{9,27,97}$ = -2.1753976430631496 dB
		SNR medio: 76.9673432264033
		Usuarios totais: 28
$x_{53}$
	 $y_{9,53,0}$ = 2.624835693436154 dB
	 $y_{9,53,2}$ = 11.029080812090456 dB
	 $y_{9,53,12}$ = 6.679841406537946 dB
	 $y_{9,53,30}$ = 8.556925776812932 dB
	 $y_{9,53,31}$ = 9.472768807826924 dB
	 $y_{9,53,32}$ = 15.707464769093917 dB
	 $y_{9,53,35}$ = 18.338983696519705 dB
	 $y_{9,53,40}$ = 13.582672297723832 dB
	 $y_{9,53,41}$ = 19.259378239154856 dB
	 $y_{9,53,42}$ = 25.380673049935297 dB
	 $y_{9,53,43}$ = 26.992237842410518 dB
	 $y_{9,53,44}$ = 21.133646383837274 dB
	 $y_{9,53,45}$ = 20.474045490223133 dB
	 $y_{9,53,47}$ = 19.736285259435732 dB
	 $y_{9,53,50}$ = 13.792037592214953 dB
	 $y_{9,53,52}$ = 37.0106546237118 dB
	 $y_{9,53,53}$ = 89.15794932235403 dB
	 $y_{9,53,54}$ = 32.75655777832216 dB
	 $y_{9,53,55}$ = 15.237956946345363 dB
	 $y_{9,53,61}$ = 16.101579785046653 dB
	 $y_{9,53,62}$ = 30.847578153576848 dB
	 $y_{9,53,65}$ = 24.250154651743188 dB
	 $y_{9,53,71}$ = 11.912947868262592 dB
	 $y_{9,53,72}$ = 5.08650809349507 dB
	 $y_{9,53,76}$ = 12.47536712917983 dB
	 $y_{9,53,81}$ = 10.06707714328715 dB
	 $y_{9,53,82}$ = 17.096632820813284 dB
	 $y_{9,53,87}$ = 8.64738613347535 dB
	 $y_{9,53,91}$ = 7.787982535066419 dB
	 $y_{9,53,94}$ = 7.601463072777875 dB
		SNR medio: 74.38678968646167
		Usuarios totais: 39
t=10
$x_{27}$
	 $y_{10,27,4}$ = 4.850406941910705 dB
	 $y_{10,27,14}$ = 9.177627012064903 dB
	 $y_{10,27,24}$ = 15.935843215559402 dB
	 $y_{10,27,25}$ = 24.172063681222866 dB
	 $y_{10,27,37}$ = 30.66630335823629 dB
	 $y_{10,27,38}$ = 29.16873484465276 dB
	 $y_{10,27,39}$ = 13.394308666961706 dB
	 $y_{10,27,48}$ = 21.77037037726697 dB
	 $y_{10,27,57}$ = 14.244264424293803 dB
	 $y_{10,27,59}$ = 5.68702983590066 dB
	 $y_{10,27,69}$ = 7.168221469337226 dB
	 $y_{10,27,85}$ = 13.840439389724239 dB
	 $y_{10,27,88}$ = 0.8783105083442994 dB
	 $y_{10,27,89}$ = 0.34248415158381834 dB
	 $y_{10,27,97}$ = -2.1753976430631496 dB
		SNR medio: 22.284514620246085
		Usuarios totais: 16
$x_{53}$
	 $y_{10,53,10}$ = 11.788348730553622 dB
	 $y_{10,53,31}$ = 9.472768807826924 dB
	 $y_{10,53,35}$ = 18.338983696519705 dB
	 $y_{10,53,40}$ = 13.582672297723832 dB
	 $y_{10,53,42}$ = 25.380673049935297 dB
	 $y_{10,53,47}$ = 19.736285259435732 dB
	 $y_{10,53,50}$ = 13.792037592214953 dB
	 $y_{10,53,52}$ = 37.0106546237118 dB
	 $y_{10,53,54}$ = 32.75655777832216 dB
	 $y_{10,53,60}$ = 7.827143886964734 dB
	 $y_{10,53,61}$ = 16.101579785046653 dB
	 $y_{10,53,71}$ = 11.912947868262592 dB
	 $y_{10,53,72}$ = 5.08650809349507 dB
	 $y_{10,53,81}$ = 10.06707714328715 dB
	 $y_{10,53,87}$ = 8.64738613347535 dB
	 $y_{10,53,90}$ = 0.8230070659109007 dB
	 $y_{10,53,98}$ = -3.9177482295991406 dB
		SNR medio: 26.48852658675405
		Usuarios totais: 24
t=11
$x_{27}$
	 $y_{11,27,59}$ = 5.68702983590066 dB
	 $y_{11,27,68}$ = 6.917236303777727 dB
		SNR medio: 6.345547594224126
		Usuarios totais: 2
$x_{53}$
	 $y_{11,53,60}$ = 7.827143886964734 dB
	 $y_{11,53,63}$ = 27.850596210594574 dB
	 $y_{11,53,75}$ = 14.473359539612943 dB
	 $y_{11,53,91}$ = 7.787982535066419 dB
		SNR medio: 22.10655799911606
		Usuarios totais: 4
Distances:
27 : 53 = 2000.0
--- Done after 0.0005063513914744059 hours. ---
