-------------Calculating Solution (this may take a while)
+++++++++++++++++++Min Sinr: 5 dB (gwo)
+++++++++++++++++++With backhaul constraint. Start: 2023-01-19 21:54:39

Parameters:
- chosen seed 16
- Map with 100 sectors
- Map 4000 x 4000 m
- Sector has a side of 400 m
- Max time:  12
- users_t_m:  [[0, 0, 0, 0, 0, 0, 0, 0, 0, 0, 0, 0, 0, 0, 0, 0, 0, 0, 0, 0, 0, 0, 0, 0, 0, 0, 0, 0, 0, 0, 0, 0, 0, 1, 1, 0, 0, 0, 0, 0, 0, 0, 0, 2, 0, 0, 0, 0, 0, 0, 0, 0, 0, 17, 4, 0, 0, 0, 0, 0, 0, 0, 0, 0, 0, 0, 0, 0, 0, 0, 0, 0, 0, 0, 0, 0, 0, 0, 0, 0, 0, 0, 0, 0, 0, 0, 0, 0, 0, 0, 0, 0, 0, 0, 0, 0, 0, 0, 0, 0], [1, 0, 0, 2, 1, 0, 0, 0, 0, 0, 0, 0, 1, 0, 0, 1, 0, 0, 0, 1, 0, 0, 0, 1, 0, 0, 0, 0, 0, 0, 0, 0, 1, 3, 1, 0, 1, 0, 0, 0, 2, 0, 0, 5, 3, 1, 0, 0, 0, 0, 0, 1, 0, 20, 2, 0, 0, 0, 1, 0, 0, 0, 0, 0, 0, 0, 0, 0, 0, 0, 0, 0, 0, 0, 0, 0, 1, 0, 0, 0, 0, 1, 0, 0, 0, 0, 0, 0, 0, 1, 0, 0, 0, 0, 1, 0, 1, 1, 0, 1], [1, 1, 1, 0, 0, 0, 0, 0, 0, 1, 1, 0, 0, 0, 1, 0, 1, 0, 0, 0, 1, 1, 1, 2, 0, 0, 1, 1, 2, 1, 0, 0, 0, 2, 1, 0, 0, 0, 1, 0, 2, 0, 1, 7, 1, 1, 0, 0, 1, 0, 0, 0, 0, 17, 2, 0, 1, 0, 1, 0, 0, 0, 1, 1, 1, 1, 0, 2, 1, 0, 0, 0, 1, 0, 2, 0, 0, 0, 3, 0, 2, 1, 1, 1, 0, 0, 1, 0, 3, 1, 1, 1, 0, 1, 0, 0, 1, 2, 0, 0], [0, 1, 1, 0, 3, 3, 1, 0, 2, 1, 0, 1, 0, 2, 1, 0, 1, 0, 2, 0, 1, 1, 1, 1, 0, 0, 0, 0, 1, 1, 1, 1, 1, 2, 0, 0, 1, 1, 0, 0, 1, 1, 1, 11, 3, 2, 0, 1, 1, 1, 1, 0, 2, 17, 3, 0, 1, 0, 2, 0, 2, 2, 2, 0, 0, 0, 0, 1, 1, 0, 2, 0, 1, 0, 1, 1, 2, 1, 2, 1, 0, 1, 3, 0, 1, 0, 2, 2, 0, 2, 0, 1, 2, 1, 0, 1, 0, 0, 0, 2], [0, 5, 3, 0, 1, 0, 1, 3, 1, 3, 0, 0, 2, 0, 0, 1, 2, 0, 1, 1, 1, 4, 1, 2, 0, 1, 1, 0, 1, 2, 0, 3, 1, 3, 1, 2, 0, 0, 1, 2, 1, 0, 2, 9, 6, 1, 0, 1, 4, 0, 1, 2, 2, 18, 2, 1, 1, 1, 0, 0, 1, 4, 0, 1, 0, 1, 2, 0, 5, 2, 0, 1, 0, 0, 1, 0, 2, 0, 1, 1, 0, 0, 1, 2, 1, 2, 2, 1, 1, 1, 1, 2, 1, 3, 1, 1, 1, 0, 2, 1], [0, 0, 1, 1, 0, 2, 3, 1, 0, 0, 2, 1, 1, 3, 2, 1, 1, 2, 3, 2, 4, 3, 3, 2, 2, 1, 2, 1, 3, 3, 2, 2, 1, 3, 1, 1, 1, 1, 0, 2, 1, 1, 2, 5, 4, 0, 5, 0, 1, 1, 1, 0, 1, 26, 4, 3, 3, 2, 4, 2, 2, 1, 1, 0, 0, 4, 1, 0, 2, 1, 1, 1, 2, 1, 1, 2, 3, 1, 1, 1, 0, 2, 1, 0, 1, 2, 1, 1, 1, 2, 0, 2, 4, 1, 1, 0, 2, 0, 2, 3], [2, 2, 2, 2, 0, 1, 3, 0, 1, 2, 1, 1, 1, 2, 1, 5, 1, 1, 2, 1, 6, 1, 1, 1, 1, 3, 4, 0, 2, 0, 2, 4, 1, 3, 0, 0, 0, 0, 1, 1, 0, 1, 0, 2, 1, 4, 1, 2, 2, 2, 0, 1, 1, 1, 1, 0, 1, 3, 3, 0, 2, 3, 4, 0, 1, 1, 2, 1, 0, 0, 2, 2, 1, 0, 5, 2, 1, 2, 4, 1, 1, 1, 4, 0, 1, 3, 2, 1, 1, 2, 2, 3, 2, 2, 1, 2, 2, 0, 2, 2], [0, 0, 0, 1, 2, 0, 0, 2, 2, 4, 1, 1, 1, 1, 1, 1, 0, 0, 3, 2, 1, 1, 2, 1, 1, 2, 2, 1, 1, 1, 0, 0, 1, 2, 0, 0, 1, 1, 2, 1, 3, 3, 1, 1, 1, 2, 0, 0, 0, 2, 2, 1, 3, 0, 0, 2, 1, 1, 3, 0, 0, 1, 4, 1, 5, 3, 1, 1, 0, 1, 3, 1, 0, 0, 1, 3, 3, 1, 1, 1, 2, 0, 1, 0, 2, 1, 0, 0, 0, 1, 4, 0, 3, 1, 0, 2, 1, 2, 0, 3], [4, 0, 3, 3, 1, 1, 0, 1, 2, 2, 1, 3, 0, 0, 1, 0, 2, 0, 1, 4, 2, 1, 1, 0, 1, 0, 2, 1, 1, 2, 0, 0, 0, 0, 1, 4, 1, 1, 0, 2, 2, 0, 2, 1, 2, 1, 0, 1, 0, 2, 2, 0, 0, 0, 0, 0, 1, 0, 1, 1, 0, 2, 0, 0, 0, 1, 2, 1, 1, 0, 1, 0, 0, 1, 0, 0, 2, 1, 0, 2, 2, 0, 1, 0, 1, 1, 2, 0, 2, 0, 1, 1, 2, 1, 3, 0, 0, 0, 1, 1], [1, 0, 1, 0, 0, 1, 0, 2, 1, 1, 0, 3, 2, 0, 1, 0, 1, 0, 0, 1, 0, 0, 0, 0, 1, 0, 2, 1, 1, 1, 1, 1, 1, 0, 0, 2, 0, 0, 0, 2, 1, 1, 2, 1, 1, 1, 0, 1, 0, 0, 2, 0, 1, 1, 2, 1, 0, 2, 0, 0, 0, 1, 1, 0, 0, 1, 1, 1, 0, 0, 0, 2, 2, 0, 0, 0, 2, 0, 0, 0, 0, 2, 1, 0, 0, 0, 0, 1, 2, 1, 0, 1, 0, 0, 1, 0, 1, 1, 0, 0], [0, 0, 0, 0, 1, 0, 0, 0, 0, 0, 1, 0, 0, 0, 1, 0, 0, 0, 0, 0, 0, 0, 0, 0, 1, 1, 0, 0, 0, 0, 0, 1, 0, 0, 0, 3, 0, 1, 1, 1, 1, 0, 3, 0, 0, 0, 0, 1, 1, 0, 1, 0, 1, 0, 2, 0, 0, 1, 0, 1, 1, 1, 0, 0, 0, 0, 0, 0, 0, 1, 0, 1, 2, 0, 0, 0, 0, 0, 0, 0, 0, 2, 0, 0, 0, 1, 0, 1, 1, 2, 1, 0, 0, 0, 0, 0, 0, 1, 1, 0], [0, 0, 0, 0, 0, 0, 0, 0, 0, 0, 0, 0, 0, 0, 0, 0, 0, 0, 0, 0, 0, 0, 0, 0, 0, 0, 0, 0, 0, 0, 0, 0, 0, 0, 0, 0, 0, 0, 0, 0, 0, 0, 0, 0, 0, 0, 0, 0, 0, 0, 0, 0, 0, 0, 0, 0, 0, 0, 0, 1, 1, 0, 0, 1, 0, 0, 0, 0, 1, 0, 0, 0, 0, 0, 0, 1, 0, 0, 0, 0, 0, 0, 0, 0, 0, 0, 0, 0, 0, 0, 0, 1, 0, 0, 0, 0, 0, 0, 0, 0]]
MAX_USER_PER_ANTENNAS_m:  [40, 40, 40, 40, 40, 40, 40, 40, 40, 40, 40, 40, 40, 40, 40, 40, 40, 40, 40, 40, 40, 40, 40, 40, 40, 40, 40, 40, 40, 40, 40, 40, 40, 40, 40, 40, 40, 40, 40, 40, 40, 40, 40, 40, 40, 40, 40, 40, 40, 40, 40, 40, 40, 40, 40, 40, 40, 40, 40, 40, 40, 40, 40, 40, 40, 40, 40, 40, 40, 40, 40, 40, 40, 40, 40, 40, 40, 40, 40, 40, 40, 40, 40, 40, 40, 40, 40, 40, 40, 40, 40, 40, 40, 40, 40, 40, 40, 40, 40, 40]
antennas_map_m:  [1, 1, 1, 1, 1, 1, 1, 1, 1, 1, 1, 1, 1, 1, 1, 1, 1, 1, 1, 1, 1, 1, 1, 1, 1, 1, 1, 1, 1, 1, 1, 1, 1, 1, 1, 1, 1, 1, 1, 1, 1, 1, 1, 1, 1, 1, 1, 1, 1, 1, 1, 1, 1, 1, 1, 1, 1, 1, 1, 1, 1, 1, 1, 1, 1, 1, 1, 1, 1, 1, 1, 1, 1, 1, 1, 1, 1, 1, 1, 1, 1, 1, 1, 1, 1, 1, 1, 1, 1, 1, 1, 1, 1, 1, 1, 1, 1, 1, 1, 1]
FIRST_ANTENNA:  27
MIN_SNR_m:  [3.1622776601683795, 3.1622776601683795, 3.1622776601683795, 3.1622776601683795, 3.1622776601683795, 3.1622776601683795, 3.1622776601683795, 3.1622776601683795, 3.1622776601683795, 3.1622776601683795, 3.1622776601683795, 3.1622776601683795, 3.1622776601683795, 3.1622776601683795, 3.1622776601683795, 3.1622776601683795, 3.1622776601683795, 3.1622776601683795, 3.1622776601683795, 3.1622776601683795, 3.1622776601683795, 3.1622776601683795, 3.1622776601683795, 3.1622776601683795, 3.1622776601683795, 3.1622776601683795, 3.1622776601683795, 3.1622776601683795, 3.1622776601683795, 3.1622776601683795, 3.1622776601683795, 3.1622776601683795, 3.1622776601683795, 3.1622776601683795, 3.1622776601683795, 3.1622776601683795, 3.1622776601683795, 3.1622776601683795, 3.1622776601683795, 3.1622776601683795, 3.1622776601683795, 3.1622776601683795, 3.1622776601683795, 3.1622776601683795, 3.1622776601683795, 3.1622776601683795, 3.1622776601683795, 3.1622776601683795, 3.1622776601683795, 3.1622776601683795, 3.1622776601683795, 3.1622776601683795, 3.1622776601683795, 3.1622776601683795, 3.1622776601683795, 3.1622776601683795, 3.1622776601683795, 3.1622776601683795, 3.1622776601683795, 3.1622776601683795, 3.1622776601683795, 3.1622776601683795, 3.1622776601683795, 3.1622776601683795, 3.1622776601683795, 3.1622776601683795, 3.1622776601683795, 3.1622776601683795, 3.1622776601683795, 3.1622776601683795, 3.1622776601683795, 3.1622776601683795, 3.1622776601683795, 3.1622776601683795, 3.1622776601683795, 3.1622776601683795, 3.1622776601683795, 3.1622776601683795, 3.1622776601683795, 3.1622776601683795, 3.1622776601683795, 3.1622776601683795, 3.1622776601683795, 3.1622776601683795, 3.1622776601683795, 3.1622776601683795, 3.1622776601683795, 3.1622776601683795, 3.1622776601683795, 3.1622776601683795, 3.1622776601683795, 3.1622776601683795, 3.1622776601683795, 3.1622776601683795, 3.1622776601683795, 3.1622776601683795, 3.1622776601683795, 3.1622776601683795, 3.1622776601683795, 3.1622776601683795]
-MIN_DIST:  2000
- disaster percentage:  0

Slice  0

Run GWO to deployment +1 antenna on the map
	Pack size:  300
	Wolf dimension 1
	Max iter 200
	antennas_regions:  [27]
	users_regions:  [33 34 43 53 54]
	Seed_base:  53450
initial_alpha:  Wolf 32 (53482). Fitness: 0.88
	(1552.2320905799015, 2334.5989354212265, 0). Region: 53
initial_beta:  Wolf 158 (53608). Fitness: 0.88
	(1410.92578376559, 2237.549964281789, 0). Region: 53
initial_delta:  Wolf 211 (53661). Fitness: 0.88
	(1590.413219120598, 2240.0511799881, 0). Region: 53 

iter = 10
Alpha wolf:  Wolf 32 (53482). Fitness: 0.88
	(1548.9042293483265, 2000.9984969133177, 0.0). Region: 53
iter = 20
Alpha wolf:  Wolf 32 (53482). Fitness: 0.88
	(1394.6378329104027, 2331.7799799421673, 0.0). Region: 53
iter = 30
Alpha wolf:  Wolf 32 (53482). Fitness: 0.88
	(1260.2051881577895, 2381.240582549785, 0.0). Region: 53
iter = 40
Alpha wolf:  Wolf 32 (53482). Fitness: 0.88
	(1434.6346943798635, 2216.720109599095, 0.0). Region: 53
iter = 50
Alpha wolf:  Wolf 32 (53482). Fitness: 0.88
	(1247.8120293883294, 2319.9981220354457, 0.0). Region: 53
iter = 60
Alpha wolf:  Wolf 32 (53482). Fitness: 0.88
	(1429.8466487764622, 2236.8953505310533, 0.0). Region: 53
iter = 70
Alpha wolf:  Wolf 32 (53482). Fitness: 0.88
	(1398.6639859582076, 2200.0280836430165, 0.0). Region: 53
iter = 80
Alpha wolf:  Wolf 32 (53482). Fitness: 0.88
	(1398.6639859582076, 2200.0280836430165, 0.0). Region: 53
iter = 90
Alpha wolf:  Wolf 32 (53482). Fitness: 0.88
	(1239.0005140877677, 2243.243436632536, 0.0). Region: 53
iter = 100
Alpha wolf:  Wolf 32 (53482). Fitness: 0.88
	(1362.5130023377646, 2143.4455926550645, 0.0). Region: 53
iter = 110
Alpha wolf:  Wolf 32 (53482). Fitness: 0.88
	(1404.3753693890353, 2333.954332334938, 0.0). Region: 53
iter = 120
Alpha wolf:  Wolf 32 (53482). Fitness: 0.88
	(1273.0026771007845, 2363.2950156504985, 0.0). Region: 53
iter = 130
Alpha wolf:  Wolf 32 (53482). Fitness: 0.88
	(1507.5699011377285, 2026.7939065632622, 0.0). Region: 53
iter = 140
Alpha wolf:  Wolf 32 (53482). Fitness: 0.88
	(1250.2109001288081, 2374.401703593333, 0.0). Region: 53
iter = 150
Alpha wolf:  Wolf 32 (53482). Fitness: 0.88
	(1511.3389911843742, 2258.297170158907, 0.0). Region: 53
iter = 160
Alpha wolf:  Wolf 32 (53482). Fitness: 0.88
	(1267.8045282055564, 2217.1001592397606, 0.0). Region: 53
iter = 170
Alpha wolf:  Wolf 32 (53482). Fitness: 0.88
	(1524.088746262991, 2341.6049676602834, 0.0). Region: 53
iter = 180
Alpha wolf:  Wolf 32 (53482). Fitness: 0.88
	(1468.7146226171558, 2090.5278619212568, 0.0). Region: 53
iter = 190
Alpha wolf:  Wolf 32 (53482). Fitness: 0.88
	(1328.3609342423126, 2023.826486874873, 0.0). Region: 53

- Finishing GWO - 

Best solution:  Wolf 32 (53482). Fitness: 0.88
	(1343.6484329865434, 2107.4746601747916, 0.0). Region: 53
Antennas in slice 0:  [27 53]

Slice  1

Run GWO to deployment +1 antenna on the map
	Pack size:  300
	Wolf dimension 1
	Max iter 200
	antennas_regions:  [27 53]
	users_regions:  [ 0  3  4 12 15 19 23 32 33 34 36 40 43 44 45 51 53 54 58 76 81 89 94 96
 97 99]
	Seed_base:  57973
initial_alpha:  Wolf 0 (57973). Fitness: 0
	(3361.795734414757, 2463.815596131242, 0). Region: 68
initial_beta:  Wolf 1 (57974). Fitness: 0
	(2486.060610843784, 2165.753112033957, 0). Region: 56
initial_delta:  Wolf 2 (57975). Fitness: 0
	(1125.325606017643, 886.6466434755238, 0). Region: 22 

iter = 10
Alpha wolf:  Wolf 0 (57973). Fitness: 0
	(383.1431366671289, 1059.749228994606, 0.0). Region: 20
iter = 20
Alpha wolf:  Wolf 0 (57973). Fitness: 0
	(585.4232839355893, 469.39757288049043, 0.0). Region: 11
iter = 30
Alpha wolf:  Wolf 0 (57973). Fitness: 0
	(2321.7358048070896, 8.025552892099427, 0.0). Region: 5
iter = 40
Alpha wolf:  Wolf 0 (57973). Fitness: 0
	(2635.2758583163168, 224.10876479510858, 0.0). Region: 6
iter = 50
Alpha wolf:  Wolf 0 (57973). Fitness: 0
	(898.4178884280615, 121.43600749885005, 0.0). Region: 2
iter = 60
Alpha wolf:  Wolf 0 (57973). Fitness: 0
	(21.124919116053036, 40.05804464727629, 0.0). Region: 0
iter = 70
Alpha wolf:  Wolf 0 (57973). Fitness: 0
	(23.356261688735845, 43.64613889772818, 0.0). Region: 0
iter = 80
Alpha wolf:  Wolf 0 (57973). Fitness: 0
	(14.313257935572608, 19.83925835252954, 0.0). Region: 0
iter = 90
Alpha wolf:  Wolf 0 (57973). Fitness: 0
	(7.882672253449215, 17.585901627429692, 0.0). Region: 0
iter = 100
Alpha wolf:  Wolf 0 (57973). Fitness: 0
	(5.133563589737281, 23.72050252031495, 0.0). Region: 0
iter = 110
Alpha wolf:  Wolf 0 (57973). Fitness: 0
	(7.000334682988521, 21.716184039943744, 0.0). Region: 0
iter = 120
Alpha wolf:  Wolf 0 (57973). Fitness: 0
	(4.909342478774898, 17.489727507612482, 0.0). Region: 0
iter = 130
Alpha wolf:  Wolf 0 (57973). Fitness: 0
	(4.0629560375868286, 12.7147633759689, 0.0). Region: 0
iter = 140
Alpha wolf:  Wolf 0 (57973). Fitness: 0
	(2.9148839245818756, 14.792809925136321, 0.0). Region: 0
iter = 150
Alpha wolf:  Wolf 0 (57973). Fitness: 0
	(3.3484153245021098, 18.50447621971398, 0.0). Region: 0
iter = 160
Alpha wolf:  Wolf 0 (57973). Fitness: 0
	(2.6001246181172686, 14.286220817967177, 0.0). Region: 0
iter = 170
Alpha wolf:  Wolf 0 (57973). Fitness: 0
	(3.223878639630146, 14.099162706052056, 0.0). Region: 0
iter = 180
Alpha wolf:  Wolf 0 (57973). Fitness: 0
	(3.2791069312134766, 11.675242276970039, 0.0). Region: 0
iter = 190
Alpha wolf:  Wolf 0 (57973). Fitness: 0
	(2.9466480984915244, 10.727657758376425, 0.0). Region: 0

Run GWO to deployment +2 antenna on the map
	Pack size:  300
	Wolf dimension 2
	Max iter 200
	antennas_regions:  [27 53]
	users_regions:  [ 0  3  4 12 15 19 23 32 33 34 36 40 43 44 45 51 53 54 58 76 81 89 94 96
 97 99]
	Seed_base:  85573
initial_alpha:  Wolf 189 (85762). Fitness: 0.99
	(2443.799997987899, 3149.3678633303757, 0). Region: 76
	(602.5319602267425, 886.9718619814777, 0). Region: 21
initial_beta:  Wolf 272 (85845). Fitness: 0.99
	(1287.5511567309102, 807.8557925806105, 0). Region: 23
	(2521.7115116361033, 3835.7282845028435, 0). Region: 96
initial_delta:  Wolf 180 (85753). Fitness: 0.98
	(3245.517098873978, 2794.5678726329174, 0). Region: 68
	(367.74871601412593, 997.8886015967983, 0). Region: 20 

The alpha wolf has been updated to a position with higher fitness. iter = 0
New alpha wolf:  Wolf 129 (85702). Fitness: 1.0
	(2010.6696964391326, 3304.469448192091, 0.0). Region: 85
	(1852.2672470835178, 1210.6832752472587, 0.0). Region: 34
iter = 10
Alpha wolf:  Wolf 129 (85702). Fitness: 1.0
	(2010.6696964391326, 3304.469448192091, 0.0). Region: 85
	(1852.2672470835178, 1210.6832752472587, 0.0). Region: 34
iter = 20
Alpha wolf:  Wolf 129 (85702). Fitness: 1.0
	(2010.6696964391326, 3304.469448192091, 0.0). Region: 85
	(1852.2672470835178, 1210.6832752472587, 0.0). Region: 34
iter = 30
Alpha wolf:  Wolf 129 (85702). Fitness: 1.0
	(2010.6696964391326, 3304.469448192091, 0.0). Region: 85
	(1852.2672470835178, 1210.6832752472587, 0.0). Region: 34
iter = 40
Alpha wolf:  Wolf 129 (85702). Fitness: 1.0
	(2010.6696964391326, 3304.469448192091, 0.0). Region: 85
	(1852.2672470835178, 1210.6832752472587, 0.0). Region: 34
iter = 50
Alpha wolf:  Wolf 129 (85702). Fitness: 1.0
	(2010.6696964391326, 3304.469448192091, 0.0). Region: 85
	(1852.2672470835178, 1210.6832752472587, 0.0). Region: 34
iter = 60
Alpha wolf:  Wolf 129 (85702). Fitness: 1.0
	(2010.6696964391326, 3304.469448192091, 0.0). Region: 85
	(1852.2672470835178, 1210.6832752472587, 0.0). Region: 34
iter = 70
Alpha wolf:  Wolf 129 (85702). Fitness: 1.0
	(2123.604709561322, 3554.2726472997283, 0.0). Region: 85
	(205.14621887438136, 813.754886490399, 0.0). Region: 20
iter = 80
Alpha wolf:  Wolf 129 (85702). Fitness: 1.0
	(2017.076092274894, 3244.490306265643, 0.0). Region: 85
	(456.1237342284859, 922.6173699149547, 0.0). Region: 21
iter = 90
Alpha wolf:  Wolf 129 (85702). Fitness: 1.0
	(2022.3920687891246, 3436.40903302595, 0.0). Region: 85
	(443.313319024884, 985.2650721908319, 0.0). Region: 21
iter = 100
Alpha wolf:  Wolf 129 (85702). Fitness: 1.0
	(2022.3920687891246, 3436.40903302595, 0.0). Region: 85
	(443.313319024884, 985.2650721908319, 0.0). Region: 21
iter = 110
Alpha wolf:  Wolf 129 (85702). Fitness: 1.0
	(2022.3920687891246, 3436.40903302595, 0.0). Region: 85
	(443.313319024884, 985.2650721908319, 0.0). Region: 21
iter = 120
Alpha wolf:  Wolf 129 (85702). Fitness: 1.0
	(2205.477834841123, 3497.4768431958255, 0.0). Region: 85
	(436.33026095334077, 944.9998065284483, 0.0). Region: 21
iter = 130
Alpha wolf:  Wolf 129 (85702). Fitness: 1.0
	(2347.2538144102737, 3286.26772158135, 0.0). Region: 85
	(473.1769246535923, 879.2187825001513, 0.0). Region: 21
iter = 140
Alpha wolf:  Wolf 129 (85702). Fitness: 1.0
	(2134.556132751496, 3229.8593766017098, 0.0). Region: 85
	(553.9703006173746, 1066.065369682445, 0.0). Region: 21
iter = 150
Alpha wolf:  Wolf 129 (85702). Fitness: 1.0
	(2313.117624779189, 3582.5646098958205, 0.0). Region: 85
	(547.7442573556591, 1139.5953106978795, 0.0). Region: 21
iter = 160
Alpha wolf:  Wolf 129 (85702). Fitness: 1.0
	(2385.748203293174, 3461.4364321742187, 0.0). Region: 85
	(512.4665708278114, 904.7589013812154, 0.0). Region: 21
iter = 170
Alpha wolf:  Wolf 129 (85702). Fitness: 1.0
	(2371.338322736221, 3207.706866510336, 0.0). Region: 85
	(473.6680054056538, 942.7075824196484, 0.0). Region: 21
iter = 180
Alpha wolf:  Wolf 129 (85702). Fitness: 1.0
	(2356.3052292356415, 3227.5319596767445, 0.0). Region: 85
	(433.1762775389293, 948.994701474491, 0.0). Region: 21
iter = 190
Alpha wolf:  Wolf 129 (85702). Fitness: 1.0
	(2339.759964460686, 3355.2772112723997, 0.0). Region: 85
	(420.90033123307063, 808.191225740909, 0.0). Region: 21

- Finishing GWO - 

Best solution:  Wolf 129 (85702). Fitness: 1.0
	(2237.144435515299, 3505.3835432425353, 0.0). Region: 85
	(432.12157312687145, 841.9495852932289, 0.0). Region: 21
Antennas in slice 1:  [21 27 53 85]

Slice  2

Run GWO to deployment +1 antenna on the map
	Pack size:  300
	Wolf dimension 1
	Max iter 200
	antennas_regions:  [21 27 53 85]
	users_regions:  [ 0  1  2  9 10 14 16 20 21 22 23 26 27 28 29 33 34 38 40 42 43 44 45 48
 53 54 56 58 62 63 64 65 67 68 72 74 78 80 81 82 83 86 88 89 90 91 93 96
 97]
	Seed_base:  41059
initial_alpha:  Wolf 1 (41060). Fitness: 1.0
	(1676.2371739336256, 2888.3386052735723, 0). Region: 74
initial_beta:  Wolf 2 (41061). Fitness: 1.0
	(925.67686884981, 3545.009319582005, 0). Region: 82
initial_delta:  Wolf 3 (41062). Fitness: 1.0
	(1554.3669461969753, 398.5925599528417, 0). Region: 3 

iter = 10
Alpha wolf:  Wolf 1 (41060). Fitness: 1.0
	(283.32503774953364, 1807.9511568548483, 0.0). Region: 40
iter = 20
Alpha wolf:  Wolf 1 (41060). Fitness: 1.0
	(350.91528292500766, 351.10677886703735, 0.0). Region: 0
iter = 30
Alpha wolf:  Wolf 1 (41060). Fitness: 1.0
	(923.7253344104836, 22.248326328976795, 0.0). Region: 2
iter = 40
Alpha wolf:  Wolf 1 (41060). Fitness: 1.0
	(1118.6894574088196, 172.55374979899665, 0.0). Region: 2
iter = 50
Alpha wolf:  Wolf 1 (41060). Fitness: 1.0
	(398.01449184368425, 94.36015795284318, 0.0). Region: 0
iter = 60
Alpha wolf:  Wolf 1 (41060). Fitness: 1.0
	(9.363944698547783, 31.125033859029134, 0.0). Region: 0
iter = 70
Alpha wolf:  Wolf 1 (41060). Fitness: 1.0
	(10.353858956868985, 33.91297766652133, 0.0). Region: 0
iter = 80
Alpha wolf:  Wolf 1 (41060). Fitness: 1.0
	(6.345084848220463, 15.415070896317276, 0.0). Region: 0
iter = 90
Alpha wolf:  Wolf 1 (41060). Fitness: 1.0
	(3.494398305666399, 13.664216451312976, 0.0). Region: 0
iter = 100
Alpha wolf:  Wolf 1 (41060). Fitness: 1.0
	(2.275715053630352, 18.430791189343836, 0.0). Region: 0
iter = 110
Alpha wolf:  Wolf 1 (41060). Fitness: 1.0
	(3.1032569754031076, 16.873439048214994, 0.0). Region: 0
iter = 120
Alpha wolf:  Wolf 1 (41060). Fitness: 1.0
	(2.176317559348036, 13.589489319429847, 0.0). Region: 0
iter = 130
Alpha wolf:  Wolf 1 (41060). Fitness: 1.0
	(1.8011134089113066, 9.879350094025234, 0.0). Region: 0
iter = 140
Alpha wolf:  Wolf 1 (41060). Fitness: 1.0
	(1.2921716290837986, 11.493988822553016, 0.0). Region: 0
iter = 150
Alpha wolf:  Wolf 1 (41060). Fitness: 1.0
	(1.484356631913462, 14.37794738883124, 0.0). Region: 0
iter = 160
Alpha wolf:  Wolf 1 (41060). Fitness: 1.0
	(1.1526384413730735, 11.100369924933364, 0.0). Region: 0
iter = 170
Alpha wolf:  Wolf 1 (41060). Fitness: 1.0
	(1.4291493663291956, 10.955026081647247, 0.0). Region: 0
iter = 180
Alpha wolf:  Wolf 1 (41060). Fitness: 1.0
	(1.4536321359190634, 9.071643921014918, 0.0). Region: 0
iter = 190
Alpha wolf:  Wolf 1 (41060). Fitness: 1.0
	(1.306252726447982, 8.335372318779822, 0.0). Region: 0

- Finishing GWO - 

Best solution:  Wolf 1 (41060). Fitness: 1.0
	(1.321282820556011, 8.679913310961123, 0.0). Region: 0
Antennas in slice 2:  [ 0 21 27 53 85]

Slice  3
The set of antennas serves the scenario in the respective slice.

Slice  4
The set of antennas serves the scenario in the respective slice.

Slice  5

Run GWO to deployment +1 antenna on the map
	Pack size:  300
	Wolf dimension 1
	Max iter 200
	antennas_regions:  [ 0 21 27 53 85]
	users_regions:  [ 2  3  5  6  7 10 11 12 13 14 15 16 17 18 19 20 21 22 23 24 25 26 27 28
 29 30 31 32 33 34 35 36 37 39 40 41 42 43 44 46 48 49 50 52 53 54 55 56
 57 58 59 60 61 62 65 66 68 69 70 71 72 73 74 75 76 77 78 79 81 82 84 85
 86 87 88 89 91 92 93 94 96 98 99]
	Seed_base:  11232
initial_alpha:  Wolf 0 (11232). Fitness: 1.0
	(3924.514053864558, 2525.968356409746, 0). Region: 69
initial_beta:  Wolf 3 (11235). Fitness: 1.0
	(3072.707245726644, 1560.5355613110326, 0). Region: 37
initial_delta:  Wolf 4 (11236). Fitness: 1.0
	(918.9210498876896, 2480.8501450115514, 0). Region: 62 

iter = 10
Alpha wolf:  Wolf 0 (11232). Fitness: 1.0
	(1927.5883610860965, 2697.5325177394234, 0.0). Region: 64
iter = 20
Alpha wolf:  Wolf 0 (11232). Fitness: 1.0
	(1830.1656987431747, 396.46546683947236, 0.0). Region: 4
iter = 30
Alpha wolf:  Wolf 0 (11232). Fitness: 1.0
	(3464.642753829341, 2064.153718490471, 0.0). Region: 58
iter = 40
Alpha wolf:  Wolf 0 (11232). Fitness: 1.0
	(2416.9153438807884, 3455.1399250753184, 0.0). Region: 86
iter = 50
Alpha wolf:  Wolf 0 (11232). Fitness: 1.0
	(3051.7640907996742, 2377.7771842145644, 0.0). Region: 57
iter = 60
Alpha wolf:  Wolf 0 (11232). Fitness: 1.0
	(1966.2878508888791, 3179.089894721884, 0.0). Region: 74
iter = 70
Alpha wolf:  Wolf 0 (11232). Fitness: 1.0
	(1650.9338282572303, 3074.2723490634585, 0.0). Region: 74
iter = 80
Alpha wolf:  Wolf 0 (11232). Fitness: 1.0
	(1338.0246999999672, 2548.968104361386, 0.0). Region: 63
iter = 90
Alpha wolf:  Wolf 0 (11232). Fitness: 1.0
	(1740.191379766498, 2002.0798134963736, 0.0). Region: 54
iter = 100
Alpha wolf:  Wolf 0 (11232). Fitness: 1.0
	(1745.3580535868332, 3094.5693041656205, 0.0). Region: 74
iter = 110
Alpha wolf:  Wolf 0 (11232). Fitness: 1.0
	(1646.7957531130141, 2121.2855062240237, 0.0). Region: 54
iter = 120
Alpha wolf:  Wolf 0 (11232). Fitness: 1.0
	(894.3005404422422, 2500.652587166046, 0.0). Region: 62
iter = 130
Alpha wolf:  Wolf 0 (11232). Fitness: 1.0
	(966.8830298597524, 2000.8758552947952, 0.0). Region: 52
iter = 140
Alpha wolf:  Wolf 0 (11232). Fitness: 1.0
	(865.806787164511, 2714.967975183714, 0.0). Region: 62
iter = 150
Alpha wolf:  Wolf 0 (11232). Fitness: 1.0
	(1034.263183082161, 2785.232652335547, 0.0). Region: 62
iter = 160
Alpha wolf:  Wolf 0 (11232). Fitness: 1.0
	(900.2902691678303, 2188.7869003476153, 0.0). Region: 52
iter = 170
Alpha wolf:  Wolf 0 (11232). Fitness: 1.0
	(1038.2682008316299, 2336.9706247574013, 0.0). Region: 52
iter = 180
Alpha wolf:  Wolf 0 (11232). Fitness: 1.0
	(1061.8196377281893, 2055.730641523604, 0.0). Region: 52
iter = 190
Alpha wolf:  Wolf 0 (11232). Fitness: 1.0
	(975.4933485511472, 2042.3841596509646, 0.0). Region: 52

- Finishing GWO - 

Best solution:  Wolf 0 (11232). Fitness: 1.0
	(986.6876076105888, 2126.9103565127957, 0.0). Region: 52
Antennas in slice 5:  [ 0 21 27 52 53 85]

Slice  6
The set of antennas serves the scenario in the respective slice.

Slice  7
The set of antennas serves the scenario in the respective slice.

Slice  8
The set of antennas serves the scenario in the respective slice.

Slice  9
The set of antennas serves the scenario in the respective slice.

Slice  10
The set of antennas serves the scenario in the respective slice.

Slice  11
The set of antennas serves the scenario in the respective slice.

Média de carros: 5.25
t=0
Antennas: [27 53]
Users: [33 34 43 53 54]
MinSINR:  3.1622776601683795
$x_{0,27}$
		Usuarios totais: 0
$x_{0,53}$
	 $y_{0,53,43}$ = 26.992237842410518 dB
	 $y_{0,53,53}$ = 89.15794932235403 dB
	 $y_{0,53,33}$ = 21.004706584268035 dB
	 $y_{0,53,34}$ = 24.73024417720849 dB
	 $y_{0,53,54}$ = 32.75655777832216 dB
		SNR medio:  7.785667828182528
		Usuarios totais: 25
Distances:
27 : 53 = 2000.0
t=1
Antennas: [21 27 53 85]
Users: [ 0  3  4 12 15 19 23 32 33 34 36 40 43 44 45 51 53 54 58 76 81 89 94 96
 97 99]
MinSINR:  3.1622776601683795
$x_{1,21}$
	 $y_{1,21,0}$ = 9.605444782554088 dB
	 $y_{1,21,4}$ = 8.32000489976943 dB
	 $y_{1,21,3}$ = 19.306638233806993 dB
	 $y_{1,21,40}$ = 17.556337478901156 dB
	 $y_{1,21,43}$ = 20.44244158785105 dB
	 $y_{1,21,51}$ = 12.713586844439419 dB
	 $y_{1,21,23}$ = 20.24136380222805 dB
	 $y_{1,21,32}$ = 19.436724919956134 dB
	 $y_{1,21,34}$ = 5.995786453103891 dB
		SNR medio:  8.907888600174013
		Usuarios totais: 15
$x_{1,27}$
	 $y_{1,27,15}$ = 10.610231705806825 dB
	 $y_{1,27,19}$ = 14.029928019482938 dB
		SNR medio:  12.320079862644882
		Usuarios totais: 2
$x_{1,53}$
	 $y_{1,53,53}$ = 89.15794932235403 dB
	 $y_{1,53,58}$ = 11.083052682685619 dB
	 $y_{1,53,76}$ = 12.47536712917983 dB
	 $y_{1,53,12}$ = 6.679841406537946 dB
	 $y_{1,53,33}$ = 21.004706584268035 dB
	 $y_{1,53,45}$ = 20.474045490223133 dB
	 $y_{1,53,54}$ = 32.75655777832216 dB
		SNR medio:  6.676948979088647
		Usuarios totais: 29
$x_{1,85}$
	 $y_{1,85,89}$ = 17.45148670984163 dB
	 $y_{1,85,96}$ = 34.62411275460365 dB
	 $y_{1,85,97}$ = 13.562125428041696 dB
	 $y_{1,85,99}$ = 5.482872582942662 dB
	 $y_{1,85,44}$ = 12.54079093849839 dB
	 $y_{1,85,81}$ = 6.39499412178688 dB
	 $y_{1,85,94}$ = 24.870116508798773 dB
	 $y_{1,85,36}$ = 6.664196278678304 dB
		SNR medio:  12.159069532319197
		Usuarios totais: 10
Distances:
21 : 27 = 2400.0
21 : 53 = 1442.2205101855957
21 : 85 = 2884.4410203711914
27 : 53 = 2000.0
27 : 85 = 2529.8221281347037
53 : 85 = 1442.2205101855957
t=2
Antennas: [ 0 21 27 53 85]
Users: [ 0  1  2  9 10 14 16 20 21 22 23 26 27 28 29 33 34 38 40 42 43 44 45 48
 53 54 56 58 62 63 64 65 67 68 72 74 78 80 81 82 83 86 88 89 90 91 93 96
 97]
MinSINR:  3.1622776601683795
$x_{2,0}$
	 $y_{2,0,0}$ = 87.11133864077192 dB
	 $y_{2,0,1}$ = 25.998823344972806 dB
		SNR medio:  56.55508099287236
		Usuarios totais: 2
$x_{2,21}$
	 $y_{2,21,21}$ = 91.06041395791766 dB
		SNR medio:  91.06041395791766
		Usuarios totais: 1
$x_{2,27}$
	 $y_{2,27,9}$ = 16.867288472807317 dB
	 $y_{2,27,16}$ = 28.896200601539363 dB
	 $y_{2,27,26}$ = 34.056116469751906 dB
	 $y_{2,27,27}$ = 90.18951895400343 dB
	 $y_{2,27,28}$ = 24.7870419297802 dB
	 $y_{2,27,29}$ = 21.165262899664185 dB
	 $y_{2,27,38}$ = 29.16873484465276 dB
	 $y_{2,27,48}$ = 21.77037037726697 dB
	 $y_{2,27,67}$ = 7.422512108383131 dB
	 $y_{2,27,68}$ = 6.917236303777727 dB
	 $y_{2,27,78}$ = 5.230326706144325 dB
	 $y_{2,27,14}$ = 9.177627012064903 dB
	 $y_{2,27,20}$ = 5.930502319171097 dB
	 $y_{2,27,56}$ = 8.544262693398991 dB
	 $y_{2,27,58}$ = 13.991520593431204 dB
	 $y_{2,27,65}$ = 5.3316195837682585 dB
	 $y_{2,27,23}$ = 11.128728470737684 dB
	 $y_{2,27,42}$ = 5.805058111351599 dB
	 $y_{2,27,54}$ = 10.791429351526403 dB
	 $y_{2,27,63}$ = 5.223313384931316 dB
	 $y_{2,27,33}$ = 9.924497770385358 dB
	 $y_{2,27,45}$ = 8.374630141853885 dB
		SNR medio:  13.127372382772137
		Usuarios totais: 29
$x_{2,53}$
	 $y_{2,53,62}$ = 30.847578153576848 dB
	 $y_{2,53,80}$ = 6.716715825245359 dB
	 $y_{2,53,43}$ = 26.992237842410518 dB
	 $y_{2,53,44}$ = 21.133646383837274 dB
	 $y_{2,53,64}$ = 20.0153682929825 dB
	 $y_{2,53,81}$ = 10.06707714328715 dB
	 $y_{2,53,82}$ = 17.096632820813284 dB
	 $y_{2,53,86}$ = 7.737720921389723 dB
	 $y_{2,53,91}$ = 7.787982535066419 dB
	 $y_{2,53,93}$ = 8.576775728950025 dB
	 $y_{2,53,2}$ = 11.029080812090456 dB
	 $y_{2,53,10}$ = 11.788348730553622 dB
	 $y_{2,53,22}$ = 19.989847880026403 dB
	 $y_{2,53,34}$ = 24.73024417720849 dB
	 $y_{2,53,40}$ = 13.582672297723832 dB
	 $y_{2,53,53}$ = 89.15794932235403 dB
		SNR medio:  8.181246971687898
		Usuarios totais: 40
$x_{2,85}$
	 $y_{2,85,88}$ = 9.312638369712886 dB
	 $y_{2,85,89}$ = 17.45148670984163 dB
	 $y_{2,85,90}$ = 7.260556086380177 dB
	 $y_{2,85,96}$ = 34.62411275460365 dB
	 $y_{2,85,97}$ = 13.562125428041696 dB
	 $y_{2,85,72}$ = 12.391277214632623 dB
	 $y_{2,85,74}$ = 17.902306093055728 dB
	 $y_{2,85,83}$ = 19.677323347547315 dB
		SNR medio:  11.015152166984642
		Usuarios totais: 12
Distances:
0 : 21 = 894.4271909999159
0 : 27 = 2912.043955712207
0 : 53 = 2332.38075793812
0 : 85 = 3773.5924528226415
21 : 27 = 2400.0
21 : 53 = 1442.2205101855957
21 : 85 = 2884.4410203711914
27 : 53 = 2000.0
27 : 85 = 2529.8221281347037
53 : 85 = 1442.2205101855957
t=3
Antennas: [ 0 21 27 53 85]
Users: [ 1  2  4  5  6  8  9 11 13 14 16 18 20 21 22 23 28 29 30 31 32 33 36 37
 40 41 42 43 44 45 47 48 49 50 52 53 54 56 58 60 61 62 67 68 70 72 74 75
 76 77 78 79 81 82 84 86 87 89 91 92 93 95 99]
MinSINR:  3.1622776601683795
$x_{3,0}$
		Usuarios totais: 0
$x_{3,21}$
	 $y_{3,21,4}$ = 8.32000489976943 dB
	 $y_{3,21,1}$ = 26.08214529947591 dB
	 $y_{3,21,11}$ = 22.63767870158668 dB
	 $y_{3,21,43}$ = 20.44244158785105 dB
	 $y_{3,21,2}$ = 14.521639576243302 dB
	 $y_{3,21,14}$ = 20.382974843245194 dB
	 $y_{3,21,20}$ = 35.30334794770391 dB
	 $y_{3,21,22}$ = 27.288366473545963 dB
	 $y_{3,21,30}$ = 25.764388068604205 dB
	 $y_{3,21,40}$ = 17.556337478901156 dB
	 $y_{3,21,41}$ = 15.397839497677424 dB
	 $y_{3,21,50}$ = 10.311464118314603 dB
	 $y_{3,21,74}$ = 17.353179971968103 dB
	 $y_{3,21,75}$ = 5.802482917784573 dB
	 $y_{3,21,32}$ = 19.436724919956134 dB
	 $y_{3,21,54}$ = 8.864571726943353 dB
	 $y_{3,21,13}$ = 7.734715793843549 dB
	 $y_{3,21,21}$ = 91.06041395791766 dB
	 $y_{3,21,23}$ = 20.24136380222805 dB
	 $y_{3,21,31}$ = 26.26063124840549 dB
	 $y_{3,21,33}$ = 15.746144090740046 dB
	 $y_{3,21,42}$ = 16.887985127284296 dB
	 $y_{3,21,45}$ = 8.534742233740843 dB
		SNR medio:  12.048289607093272
		Usuarios totais: 40
$x_{3,27}$
	 $y_{3,27,6}$ = 10.999603223696312 dB
	 $y_{3,27,8}$ = 16.111736563562545 dB
	 $y_{3,27,9}$ = 16.867288472807317 dB
	 $y_{3,27,16}$ = 28.896200601539363 dB
	 $y_{3,27,28}$ = 24.7870419297802 dB
	 $y_{3,27,29}$ = 21.165262899664185 dB
	 $y_{3,27,48}$ = 21.77037037726697 dB
	 $y_{3,27,49}$ = 17.088157146645486 dB
	 $y_{3,27,79}$ = 6.774187671500812 dB
	 $y_{3,27,18}$ = 26.63148528822697 dB
	 $y_{3,27,37}$ = 30.66630335823629 dB
	 $y_{3,27,5}$ = 11.49971228521197 dB
		SNR medio:  14.578584363633649
		Usuarios totais: 16
$x_{3,53}$
	 $y_{3,53,62}$ = 30.847578153576848 dB
	 $y_{3,53,53}$ = 89.15794932235403 dB
	 $y_{3,53,76}$ = 12.47536712917983 dB
		SNR medio:  6.308614028814795
		Usuarios totais: 21
$x_{3,85}$
	 $y_{3,85,89}$ = 17.45148670984163 dB
	 $y_{3,85,92}$ = 13.111659856329709 dB
	 $y_{3,85,99}$ = 5.482872582942662 dB
	 $y_{3,85,44}$ = 12.54079093849839 dB
	 $y_{3,85,60}$ = 6.5713276547814985 dB
	 $y_{3,85,61}$ = 8.725542336412929 dB
	 $y_{3,85,67}$ = 17.102312970439584 dB
	 $y_{3,85,68}$ = 13.7049232563447 dB
	 $y_{3,85,70}$ = 10.12090708356503 dB
	 $y_{3,85,77}$ = 20.01760836980756 dB
	 $y_{3,85,78}$ = 10.445384500327322 dB
	 $y_{3,85,81}$ = 6.39499412178688 dB
	 $y_{3,85,82}$ = 12.556682636552011 dB
	 $y_{3,85,84}$ = 36.38755382807413 dB
	 $y_{3,85,86}$ = 31.13792330589584 dB
	 $y_{3,85,87}$ = 25.75169607087345 dB
	 $y_{3,85,91}$ = 6.0952925898467925 dB
	 $y_{3,85,93}$ = 13.633282247663814 dB
	 $y_{3,85,95}$ = 34.08323150553822 dB
	 $y_{3,85,36}$ = 6.664196278678304 dB
	 $y_{3,85,47}$ = 7.42929683582436 dB
	 $y_{3,85,52}$ = 7.877724461498232 dB
	 $y_{3,85,56}$ = 11.181649168439577 dB
	 $y_{3,85,58}$ = 9.926678111239596 dB
	 $y_{3,85,72}$ = 12.391277214632623 dB
		SNR medio:  8.91965736589587
		Usuarios totais: 40
Distances:
0 : 21 = 894.4271909999159
0 : 27 = 2912.043955712207
0 : 53 = 2332.38075793812
0 : 85 = 3773.5924528226415
21 : 27 = 2400.0
21 : 53 = 1442.2205101855957
21 : 85 = 2884.4410203711914
27 : 53 = 2000.0
27 : 85 = 2529.8221281347037
53 : 85 = 1442.2205101855957
t=4
Antennas: [ 0 21 27 53 85]
Users: [ 1  2  4  6  7  8  9 12 15 16 18 19 20 21 22 23 25 26 28 29 31 32 33 34
 35 38 39 40 42 43 44 45 47 48 50 51 52 53 54 55 56 57 60 61 63 65 66 68
 69 71 74 76 78 79 82 83 84 85 86 87 88 89 90 91 92 93 94 95 96 98 99]
MinSINR:  3.1622776601683795
$x_{4,0}$
		Usuarios totais: 0
$x_{4,21}$
	 $y_{4,21,4}$ = 8.32000489976943 dB
	 $y_{4,21,1}$ = 26.08214529947591 dB
	 $y_{4,21,43}$ = 20.44244158785105 dB
	 $y_{4,21,51}$ = 12.713586844439419 dB
	 $y_{4,21,2}$ = 14.521639576243302 dB
	 $y_{4,21,22}$ = 27.288366473545963 dB
	 $y_{4,21,21}$ = 91.06041395791766 dB
	 $y_{4,21,23}$ = 20.24136380222805 dB
	 $y_{4,21,31}$ = 26.26063124840549 dB
	 $y_{4,21,40}$ = 17.556337478901156 dB
	 $y_{4,21,42}$ = 16.887985127284296 dB
	 $y_{4,21,50}$ = 10.311464118314603 dB
	 $y_{4,21,52}$ = 8.596514393749416 dB
	 $y_{4,21,54}$ = 8.864571726943353 dB
	 $y_{4,21,71}$ = 5.6527928300028805 dB
	 $y_{4,21,74}$ = 17.353179971968103 dB
		SNR medio:  8.303835983426003
		Usuarios totais: 40
$x_{4,27}$
	 $y_{4,27,6}$ = 10.999603223696312 dB
	 $y_{4,27,7}$ = 21.049757302028212 dB
	 $y_{4,27,8}$ = 16.111736563562545 dB
	 $y_{4,27,9}$ = 16.867288472807317 dB
	 $y_{4,27,16}$ = 28.896200601539363 dB
	 $y_{4,27,19}$ = 14.029928019482938 dB
	 $y_{4,27,26}$ = 34.056116469751906 dB
	 $y_{4,27,28}$ = 24.7870419297802 dB
	 $y_{4,27,29}$ = 21.165262899664185 dB
	 $y_{4,27,38}$ = 29.16873484465276 dB
	 $y_{4,27,39}$ = 13.394308666961706 dB
	 $y_{4,27,48}$ = 21.77037037726697 dB
	 $y_{4,27,79}$ = 6.774187671500812 dB
	 $y_{4,27,15}$ = 10.610231705806825 dB
	 $y_{4,27,18}$ = 26.63148528822697 dB
	 $y_{4,27,57}$ = 14.244264424293803 dB
	 $y_{4,27,68}$ = 6.917236303777727 dB
	 $y_{4,27,69}$ = 7.168221469337226 dB
	 $y_{4,27,78}$ = 5.230326706144325 dB
	 $y_{4,27,95}$ = 10.958580882200152 dB
	 $y_{4,27,20}$ = 5.930502319171097 dB
	 $y_{4,27,25}$ = 24.172063681222866 dB
	 $y_{4,27,34}$ = 8.864648250344402 dB
	 $y_{4,27,35}$ = 12.97655364587456 dB
		SNR medio:  9.819366292977382
		Usuarios totais: 40
$x_{4,53}$
	 $y_{4,53,53}$ = 89.15794932235403 dB
	 $y_{4,53,63}$ = 27.850596210594574 dB
	 $y_{4,53,83}$ = 19.170896876043983 dB
	 $y_{4,53,12}$ = 6.679841406537946 dB
	 $y_{4,53,32}$ = 15.707464769093917 dB
	 $y_{4,53,33}$ = 21.004706584268035 dB
	 $y_{4,53,45}$ = 20.474045490223133 dB
		SNR medio:  7.144482166396988
		Usuarios totais: 28
$x_{4,85}$
	 $y_{4,85,88}$ = 9.312638369712886 dB
	 $y_{4,85,89}$ = 17.45148670984163 dB
	 $y_{4,85,90}$ = 7.260556086380177 dB
	 $y_{4,85,92}$ = 13.111659856329709 dB
	 $y_{4,85,96}$ = 34.62411275460365 dB
	 $y_{4,85,98}$ = 9.906238066369696 dB
	 $y_{4,85,99}$ = 5.482872582942662 dB
	 $y_{4,85,44}$ = 12.54079093849839 dB
	 $y_{4,85,60}$ = 6.5713276547814985 dB
	 $y_{4,85,61}$ = 8.725542336412929 dB
	 $y_{4,85,82}$ = 12.556682636552011 dB
	 $y_{4,85,84}$ = 36.38755382807413 dB
	 $y_{4,85,86}$ = 31.13792330589584 dB
	 $y_{4,85,87}$ = 25.75169607087345 dB
	 $y_{4,85,91}$ = 6.0952925898467925 dB
	 $y_{4,85,93}$ = 13.633282247663814 dB
	 $y_{4,85,94}$ = 24.870116508798773 dB
	 $y_{4,85,47}$ = 7.42929683582436 dB
	 $y_{4,85,56}$ = 11.181649168439577 dB
	 $y_{4,85,65}$ = 23.271831332323032 dB
	 $y_{4,85,66}$ = 19.113246765167716 dB
	 $y_{4,85,76}$ = 25.566164486120826 dB
	 $y_{4,85,85}$ = 82.32813379907608 dB
	 $y_{4,85,55}$ = 12.023179059931493 dB
		SNR medio:  11.40833184976153
		Usuarios totais: 40
Distances:
0 : 21 = 894.4271909999159
0 : 27 = 2912.043955712207
0 : 53 = 2332.38075793812
0 : 85 = 3773.5924528226415
21 : 27 = 2400.0
21 : 53 = 1442.2205101855957
21 : 85 = 2884.4410203711914
27 : 53 = 2000.0
27 : 85 = 2529.8221281347037
53 : 85 = 1442.2205101855957
t=5
Antennas: [ 0 21 27 52 53 85]
Users: [ 2  3  5  6  7 10 11 12 13 14 15 16 17 18 19 20 21 22 23 24 25 26 27 28
 29 30 31 32 33 34 35 36 37 39 40 41 42 43 44 46 48 49 50 52 53 54 55 56
 57 58 59 60 61 62 65 66 68 69 70 71 72 73 74 75 76 77 78 79 81 82 84 85
 86 87 88 89 91 92 93 94 96 98 99]
MinSINR:  3.1622776601683795
$x_{5,0}$
	 $y_{5,0,2}$ = 21.090971102690503 dB
	 $y_{5,0,3}$ = 18.26804006908192 dB
	 $y_{5,0,11}$ = 22.02986921585388 dB
		SNR medio:  20.462960129208767
		Usuarios totais: 3
$x_{5,21}$
	 $y_{5,21,25}$ = 13.12019284942724 dB
	 $y_{5,21,21}$ = 91.06041395791766 dB
	 $y_{5,21,23}$ = 20.24136380222805 dB
	 $y_{5,21,30}$ = 25.764388068604205 dB
	 $y_{5,21,31}$ = 26.26063124840549 dB
	 $y_{5,21,32}$ = 19.436724919956134 dB
	 $y_{5,21,33}$ = 15.746144090740046 dB
	 $y_{5,21,40}$ = 17.556337478901156 dB
	 $y_{5,21,41}$ = 15.397839497677424 dB
	 $y_{5,21,42}$ = 16.887985127284296 dB
	 $y_{5,21,50}$ = 10.311464118314603 dB
		SNR medio:  14.304393955760858
		Usuarios totais: 19
$x_{5,27}$
	 $y_{5,27,6}$ = 10.999603223696312 dB
	 $y_{5,27,7}$ = 21.049757302028212 dB
	 $y_{5,27,16}$ = 28.896200601539363 dB
	 $y_{5,27,19}$ = 14.029928019482938 dB
	 $y_{5,27,26}$ = 34.056116469751906 dB
	 $y_{5,27,27}$ = 90.18951895400343 dB
	 $y_{5,27,29}$ = 21.165262899664185 dB
	 $y_{5,27,39}$ = 13.394308666961706 dB
	 $y_{5,27,48}$ = 21.77037037726697 dB
	 $y_{5,27,49}$ = 17.088157146645486 dB
	 $y_{5,27,79}$ = 6.774187671500812 dB
	 $y_{5,27,17}$ = 35.24475417205219 dB
	 $y_{5,27,18}$ = 26.63148528822697 dB
	 $y_{5,27,28}$ = 24.7870419297802 dB
	 $y_{5,27,37}$ = 30.66630335823629 dB
	 $y_{5,27,57}$ = 14.244264424293803 dB
	 $y_{5,27,59}$ = 5.68702983590066 dB
	 $y_{5,27,68}$ = 6.917236303777727 dB
	 $y_{5,27,69}$ = 7.168221469337226 dB
	 $y_{5,27,78}$ = 5.230326706144325 dB
	 $y_{5,27,5}$ = 11.49971228521197 dB
	 $y_{5,27,14}$ = 9.177627012064903 dB
	 $y_{5,27,15}$ = 10.610231705806825 dB
		SNR medio:  11.681941145584359
		Usuarios totais: 40
$x_{5,52}$
	 $y_{5,52,62}$ = 33.23335310944803 dB
	 $y_{5,52,46}$ = 11.254891187372863 dB
	 $y_{5,52,20}$ = 15.109217506311595 dB
	 $y_{5,52,24}$ = 9.357159926513617 dB
	 $y_{5,52,34}$ = 14.532392784758215 dB
	 $y_{5,52,35}$ = 10.690974178881234 dB
	 $y_{5,52,43}$ = 25.007446619631793 dB
	 $y_{5,52,60}$ = 16.397106625945156 dB
	 $y_{5,52,65}$ = 9.25104603347225 dB
	 $y_{5,52,66}$ = 15.883999901473459 dB
	 $y_{5,52,70}$ = 17.0062904542187 dB
	 $y_{5,52,73}$ = 11.490173733736185 dB
	 $y_{5,52,81}$ = 10.545776588960024 dB
	 $y_{5,52,82}$ = 16.155304223356197 dB
	 $y_{5,52,84}$ = 10.690209361756473 dB
	 $y_{5,52,85}$ = 6.128757328454753 dB
	 $y_{5,52,52}$ = 87.70753569203936 dB
	 $y_{5,52,54}$ = 22.25910964840716 dB
	 $y_{5,52,71}$ = 13.598797264446262 dB
		SNR medio:  8.907488554229582
		Usuarios totais: 40
$x_{5,53}$
	 $y_{5,53,53}$ = 89.15794932235403 dB
	 $y_{5,53,72}$ = 5.08650809349507 dB
	 $y_{5,53,74}$ = 14.991983587598739 dB
	 $y_{5,53,75}$ = 14.473359539612943 dB
	 $y_{5,53,10}$ = 11.788348730553622 dB
	 $y_{5,53,12}$ = 6.679841406537946 dB
	 $y_{5,53,13}$ = 12.377692527471424 dB
	 $y_{5,53,22}$ = 19.989847880026403 dB
		SNR medio:  4.363638277191254
		Usuarios totais: 40
$x_{5,85}$
	 $y_{5,85,88}$ = 9.312638369712886 dB
	 $y_{5,85,89}$ = 17.45148670984163 dB
	 $y_{5,85,92}$ = 13.111659856329709 dB
	 $y_{5,85,96}$ = 34.62411275460365 dB
	 $y_{5,85,98}$ = 9.906238066369696 dB
	 $y_{5,85,99}$ = 5.482872582942662 dB
	 $y_{5,85,77}$ = 20.01760836980756 dB
	 $y_{5,85,86}$ = 31.13792330589584 dB
	 $y_{5,85,87}$ = 25.75169607087345 dB
	 $y_{5,85,91}$ = 6.0952925898467925 dB
	 $y_{5,85,93}$ = 13.633282247663814 dB
	 $y_{5,85,94}$ = 24.870116508798773 dB
	 $y_{5,85,36}$ = 6.664196278678304 dB
	 $y_{5,85,56}$ = 11.181649168439577 dB
	 $y_{5,85,58}$ = 9.926678111239596 dB
	 $y_{5,85,76}$ = 25.566164486120826 dB
	 $y_{5,85,44}$ = 12.54079093849839 dB
	 $y_{5,85,55}$ = 12.023179059931493 dB
	 $y_{5,85,61}$ = 8.725542336412929 dB
		SNR medio:  7.45057819530019
		Usuarios totais: 40
Distances:
0 : 21 = 894.4271909999159
0 : 27 = 2912.043955712207
0 : 52 = 2154.0659228538016
0 : 53 = 2332.38075793812
0 : 85 = 3773.5924528226415
21 : 27 = 2400.0
21 : 52 = 1264.9110640673518
21 : 53 = 1442.2205101855957
21 : 85 = 2884.4410203711914
27 : 52 = 2332.38075793812
27 : 53 = 2000.0
27 : 85 = 2529.8221281347037
52 : 53 = 400.0
52 : 85 = 1697.0562748477141
53 : 85 = 1442.2205101855957
t=6
Antennas: [ 0 21 27 52 53 85]
Users: [ 0  1  2  3  5  6  8  9 10 11 12 13 14 15 16 17 18 19 20 21 22 23 24 25
 26 28 30 31 32 33 38 39 41 43 44 45 46 47 48 49 51 52 53 54 56 57 58 60
 61 62 64 65 66 67 70 71 72 74 75 76 77 78 79 80 81 82 84 85 86 87 88 89
 90 91 92 93 94 95 96 98 99]
MinSINR:  3.1622776601683795
$x_{6,0}$
	 $y_{6,0,0}$ = 87.11133864077192 dB
	 $y_{6,0,1}$ = 25.998823344972806 dB
	 $y_{6,0,11}$ = 22.02986921585388 dB
	 $y_{6,0,15}$ = 10.252186150493202 dB
	 $y_{6,0,20}$ = 17.478432523307305 dB
	 $y_{6,0,13}$ = 10.034814675889237 dB
	 $y_{6,0,23}$ = 5.960078419346132 dB
	 $y_{6,0,30}$ = 9.086944630537857 dB
	 $y_{6,0,31}$ = 17.267036230000826 dB
	 $y_{6,0,32}$ = 8.288703122025737 dB
	 $y_{6,0,33}$ = 5.170992992127594 dB
	 $y_{6,0,41}$ = 18.873638065477735 dB
	 $y_{6,0,45}$ = 8.34646143667456 dB
		SNR medio:  7.2323329249258475
		Usuarios totais: 34
$x_{6,21}$
	 $y_{6,21,21}$ = 91.06041395791766 dB
		SNR medio:  91.06041395791766
		Usuarios totais: 1
$x_{6,27}$
	 $y_{6,27,6}$ = 10.999603223696312 dB
	 $y_{6,27,8}$ = 16.111736563562545 dB
	 $y_{6,27,9}$ = 16.867288472807317 dB
	 $y_{6,27,16}$ = 28.896200601539363 dB
	 $y_{6,27,19}$ = 14.029928019482938 dB
	 $y_{6,27,26}$ = 34.056116469751906 dB
	 $y_{6,27,38}$ = 29.16873484465276 dB
	 $y_{6,27,39}$ = 13.394308666961706 dB
	 $y_{6,27,48}$ = 21.77037037726697 dB
	 $y_{6,27,49}$ = 17.088157146645486 dB
	 $y_{6,27,79}$ = 6.774187671500812 dB
	 $y_{6,27,17}$ = 35.24475417205219 dB
	 $y_{6,27,18}$ = 26.63148528822697 dB
	 $y_{6,27,28}$ = 24.7870419297802 dB
	 $y_{6,27,57}$ = 14.244264424293803 dB
	 $y_{6,27,67}$ = 7.422512108383131 dB
	 $y_{6,27,78}$ = 5.230326706144325 dB
	 $y_{6,27,95}$ = 10.958580882200152 dB
	 $y_{6,27,5}$ = 11.49971228521197 dB
	 $y_{6,27,14}$ = 9.177627012064903 dB
	 $y_{6,27,25}$ = 24.172063681222866 dB
	 $y_{6,27,46}$ = 16.505737332104218 dB
		SNR medio:  9.87576844698882
		Usuarios totais: 40
$x_{6,52}$
	 $y_{6,52,52}$ = 87.70753569203936 dB
		SNR medio:  87.70753569203936
		Usuarios totais: 1
$x_{6,53}$
	 $y_{6,53,80}$ = 6.716715825245359 dB
	 $y_{6,53,62}$ = 30.847578153576848 dB
	 $y_{6,53,2}$ = 11.029080812090456 dB
	 $y_{6,53,3}$ = 9.880962951385555 dB
	 $y_{6,53,43}$ = 26.992237842410518 dB
	 $y_{6,53,24}$ = 10.442426412398817 dB
	 $y_{6,53,51}$ = 28.468619425360615 dB
	 $y_{6,53,66}$ = 11.720489028744339 dB
	 $y_{6,53,70}$ = 15.625578514409355 dB
	 $y_{6,53,82}$ = 17.096632820813284 dB
	 $y_{6,53,84}$ = 9.114431609081493 dB
	 $y_{6,53,85}$ = 9.376390753952961 dB
	 $y_{6,53,53}$ = 89.15794932235403 dB
	 $y_{6,53,54}$ = 32.75655777832216 dB
	 $y_{6,53,71}$ = 11.912947868262592 dB
	 $y_{6,53,72}$ = 5.08650809349507 dB
	 $y_{6,53,74}$ = 14.991983587598739 dB
	 $y_{6,53,75}$ = 14.473359539612943 dB
	 $y_{6,53,10}$ = 11.788348730553622 dB
	 $y_{6,53,12}$ = 6.679841406537946 dB
	 $y_{6,53,22}$ = 19.989847880026403 dB
		SNR medio:  9.853712208905828
		Usuarios totais: 40
$x_{6,85}$
	 $y_{6,85,88}$ = 9.312638369712886 dB
	 $y_{6,85,89}$ = 17.45148670984163 dB
	 $y_{6,85,90}$ = 7.260556086380177 dB
	 $y_{6,85,92}$ = 13.111659856329709 dB
	 $y_{6,85,96}$ = 34.62411275460365 dB
	 $y_{6,85,98}$ = 9.906238066369696 dB
	 $y_{6,85,99}$ = 5.482872582942662 dB
	 $y_{6,85,77}$ = 20.01760836980756 dB
	 $y_{6,85,86}$ = 31.13792330589584 dB
	 $y_{6,85,87}$ = 25.75169607087345 dB
	 $y_{6,85,91}$ = 6.0952925898467925 dB
	 $y_{6,85,93}$ = 13.633282247663814 dB
	 $y_{6,85,94}$ = 24.870116508798773 dB
	 $y_{6,85,44}$ = 12.54079093849839 dB
	 $y_{6,85,56}$ = 11.181649168439577 dB
	 $y_{6,85,58}$ = 9.926678111239596 dB
	 $y_{6,85,76}$ = 25.566164486120826 dB
	 $y_{6,85,47}$ = 7.42929683582436 dB
	 $y_{6,85,60}$ = 6.5713276547814985 dB
	 $y_{6,85,61}$ = 8.725542336412929 dB
	 $y_{6,85,64}$ = 12.873549652168151 dB
	 $y_{6,85,65}$ = 23.271831332323032 dB
	 $y_{6,85,81}$ = 6.39499412178688 dB
		SNR medio:  8.578432703916544
		Usuarios totais: 40
Distances:
0 : 21 = 894.4271909999159
0 : 27 = 2912.043955712207
0 : 52 = 2154.0659228538016
0 : 53 = 2332.38075793812
0 : 85 = 3773.5924528226415
21 : 27 = 2400.0
21 : 52 = 1264.9110640673518
21 : 53 = 1442.2205101855957
21 : 85 = 2884.4410203711914
27 : 52 = 2332.38075793812
27 : 53 = 2000.0
27 : 85 = 2529.8221281347037
52 : 53 = 400.0
52 : 85 = 1697.0562748477141
53 : 85 = 1442.2205101855957
t=7
Antennas: [ 0 21 27 52 53 85]
Users: [ 3  4  7  8  9 10 11 12 13 14 15 18 19 20 21 22 23 24 25 26 27 28 29 32
 33 36 37 38 39 40 41 42 43 44 45 49 50 51 52 55 56 57 58 61 62 63 64 65
 66 67 69 70 71 74 75 76 77 78 79 80 82 84 85 89 90 92 93 95 96 97 99]
MinSINR:  3.1622776601683795
$x_{7,0}$
		Usuarios totais: 0
$x_{7,21}$
	 $y_{7,21,4}$ = 8.32000489976943 dB
	 $y_{7,21,11}$ = 22.63767870158668 dB
	 $y_{7,21,20}$ = 35.30334794770391 dB
	 $y_{7,21,21}$ = 91.06041395791766 dB
		SNR medio:  31.464289101395536
		Usuarios totais: 5
$x_{7,27}$
	 $y_{7,27,7}$ = 21.049757302028212 dB
	 $y_{7,27,8}$ = 16.111736563562545 dB
	 $y_{7,27,9}$ = 16.867288472807317 dB
	 $y_{7,27,19}$ = 14.029928019482938 dB
	 $y_{7,27,26}$ = 34.056116469751906 dB
	 $y_{7,27,27}$ = 90.18951895400343 dB
	 $y_{7,27,29}$ = 21.165262899664185 dB
	 $y_{7,27,38}$ = 29.16873484465276 dB
	 $y_{7,27,39}$ = 13.394308666961706 dB
	 $y_{7,27,49}$ = 17.088157146645486 dB
	 $y_{7,27,79}$ = 6.774187671500812 dB
	 $y_{7,27,18}$ = 26.63148528822697 dB
	 $y_{7,27,28}$ = 24.7870419297802 dB
	 $y_{7,27,37}$ = 30.66630335823629 dB
	 $y_{7,27,57}$ = 14.244264424293803 dB
	 $y_{7,27,67}$ = 7.422512108383131 dB
	 $y_{7,27,69}$ = 7.168221469337226 dB
	 $y_{7,27,78}$ = 5.230326706144325 dB
	 $y_{7,27,95}$ = 10.958580882200152 dB
	 $y_{7,27,14}$ = 9.177627012064903 dB
	 $y_{7,27,15}$ = 10.610231705806825 dB
	 $y_{7,27,25}$ = 24.172063681222866 dB
	 $y_{7,27,36}$ = 16.763855437475883 dB
	 $y_{7,27,56}$ = 8.544262693398991 dB
	 $y_{7,27,58}$ = 13.991520593431204 dB
		SNR medio:  12.256582357526606
		Usuarios totais: 40
$x_{7,52}$
	 $y_{7,52,52}$ = 87.70753569203936 dB
		SNR medio:  29.235845230679786
		Usuarios totais: 3
$x_{7,53}$
	 $y_{7,53,80}$ = 6.716715825245359 dB
	 $y_{7,53,62}$ = 30.847578153576848 dB
	 $y_{7,53,3}$ = 9.880962951385555 dB
	 $y_{7,53,43}$ = 26.992237842410518 dB
	 $y_{7,53,51}$ = 28.468619425360615 dB
	 $y_{7,53,24}$ = 10.442426412398817 dB
	 $y_{7,53,10}$ = 11.788348730553622 dB
	 $y_{7,53,13}$ = 12.377692527471424 dB
	 $y_{7,53,22}$ = 19.989847880026403 dB
	 $y_{7,53,23}$ = 15.333116434800615 dB
	 $y_{7,53,40}$ = 13.582672297723832 dB
	 $y_{7,53,41}$ = 19.259378239154856 dB
	 $y_{7,53,42}$ = 25.380673049935297 dB
	 $y_{7,53,50}$ = 13.792037592214953 dB
	 $y_{7,53,71}$ = 11.912947868262592 dB
	 $y_{7,53,74}$ = 14.991983587598739 dB
	 $y_{7,53,75}$ = 14.473359539612943 dB
	 $y_{7,53,12}$ = 6.679841406537946 dB
	 $y_{7,53,32}$ = 15.707464769093917 dB
	 $y_{7,53,33}$ = 21.004706584268035 dB
	 $y_{7,53,45}$ = 20.474045490223133 dB
		SNR medio:  10.002761617367316
		Usuarios totais: 35
$x_{7,85}$
	 $y_{7,85,89}$ = 17.45148670984163 dB
	 $y_{7,85,90}$ = 7.260556086380177 dB
	 $y_{7,85,92}$ = 13.111659856329709 dB
	 $y_{7,85,96}$ = 34.62411275460365 dB
	 $y_{7,85,97}$ = 13.562125428041696 dB
	 $y_{7,85,99}$ = 5.482872582942662 dB
	 $y_{7,85,77}$ = 20.01760836980756 dB
	 $y_{7,85,93}$ = 13.633282247663814 dB
	 $y_{7,85,44}$ = 12.54079093849839 dB
	 $y_{7,85,55}$ = 12.023179059931493 dB
	 $y_{7,85,76}$ = 25.566164486120826 dB
	 $y_{7,85,61}$ = 8.725542336412929 dB
	 $y_{7,85,64}$ = 12.873549652168151 dB
	 $y_{7,85,65}$ = 23.271831332323032 dB
	 $y_{7,85,66}$ = 19.113246765167716 dB
	 $y_{7,85,70}$ = 10.12090708356503 dB
	 $y_{7,85,82}$ = 12.556682636552011 dB
	 $y_{7,85,84}$ = 36.38755382807413 dB
	 $y_{7,85,85}$ = 82.32813379907608 dB
	 $y_{7,85,63}$ = 10.358350232098672 dB
		SNR medio:  9.775240904639986
		Usuarios totais: 40
Distances:
0 : 21 = 894.4271909999159
0 : 27 = 2912.043955712207
0 : 52 = 2154.0659228538016
0 : 53 = 2332.38075793812
0 : 85 = 3773.5924528226415
21 : 27 = 2400.0
21 : 52 = 1264.9110640673518
21 : 53 = 1442.2205101855957
21 : 85 = 2884.4410203711914
27 : 52 = 2332.38075793812
27 : 53 = 2000.0
27 : 85 = 2529.8221281347037
52 : 53 = 400.0
52 : 85 = 1697.0562748477141
53 : 85 = 1442.2205101855957
t=8
Antennas: [ 0 21 27 52 53 85]
Users: [ 0  2  3  4  5  7  8  9 10 11 14 16 18 19 20 21 22 24 26 27 28 29 34 35
 36 37 39 40 42 43 44 45 47 49 50 56 58 59 61 65 66 67 68 70 73 76 77 79
 80 82 84 85 86 88 90 91 92 93 94 98 99]
MinSINR:  3.1622776601683795
$x_{8,0}$
	 $y_{8,0,0}$ = 87.11133864077192 dB
	 $y_{8,0,2}$ = 21.090971102690503 dB
	 $y_{8,0,3}$ = 18.26804006908192 dB
	 $y_{8,0,11}$ = 22.02986921585388 dB
	 $y_{8,0,10}$ = 31.035676073200733 dB
	 $y_{8,0,22}$ = 12.203053410200766 dB
	 $y_{8,0,40}$ = 5.149355858681702 dB
	 $y_{8,0,42}$ = 8.979780354404028 dB
	 $y_{8,0,50}$ = 7.827575122429778 dB
		SNR medio:  10.175983802253105
		Usuarios totais: 21
$x_{8,21}$
	 $y_{8,21,4}$ = 8.32000489976943 dB
	 $y_{8,21,21}$ = 91.06041395791766 dB
		SNR medio:  49.690209428843545
		Usuarios totais: 2
$x_{8,27}$
	 $y_{8,27,7}$ = 21.049757302028212 dB
	 $y_{8,27,8}$ = 16.111736563562545 dB
	 $y_{8,27,9}$ = 16.867288472807317 dB
	 $y_{8,27,16}$ = 28.896200601539363 dB
	 $y_{8,27,19}$ = 14.029928019482938 dB
	 $y_{8,27,26}$ = 34.056116469751906 dB
	 $y_{8,27,27}$ = 90.18951895400343 dB
	 $y_{8,27,29}$ = 21.165262899664185 dB
	 $y_{8,27,39}$ = 13.394308666961706 dB
	 $y_{8,27,49}$ = 17.088157146645486 dB
	 $y_{8,27,79}$ = 6.774187671500812 dB
	 $y_{8,27,18}$ = 26.63148528822697 dB
	 $y_{8,27,28}$ = 24.7870419297802 dB
	 $y_{8,27,37}$ = 30.66630335823629 dB
	 $y_{8,27,59}$ = 5.68702983590066 dB
	 $y_{8,27,67}$ = 7.422512108383131 dB
	 $y_{8,27,68}$ = 6.917236303777727 dB
	 $y_{8,27,5}$ = 11.49971228521197 dB
	 $y_{8,27,14}$ = 9.177627012064903 dB
	 $y_{8,27,36}$ = 16.763855437475883 dB
	 $y_{8,27,56}$ = 8.544262693398991 dB
	 $y_{8,27,58}$ = 13.991520593431204 dB
	 $y_{8,27,76}$ = 10.638699934175264 dB
	 $y_{8,27,20}$ = 5.930502319171097 dB
	 $y_{8,27,24}$ = 15.935843215559402 dB
	 $y_{8,27,34}$ = 8.864648250344402 dB
	 $y_{8,27,47}$ = 12.644744444984696 dB
		SNR medio:  12.393137194451768
		Usuarios totais: 40
$x_{8,52}$
		Usuarios totais: 0
$x_{8,53}$
	 $y_{8,53,80}$ = 6.716715825245359 dB
	 $y_{8,53,43}$ = 26.992237842410518 dB
	 $y_{8,53,35}$ = 18.338983696519705 dB
		SNR medio:  7.4354196234536545
		Usuarios totais: 7
$x_{8,85}$
	 $y_{8,85,88}$ = 9.312638369712886 dB
	 $y_{8,85,90}$ = 7.260556086380177 dB
	 $y_{8,85,92}$ = 13.111659856329709 dB
	 $y_{8,85,98}$ = 9.906238066369696 dB
	 $y_{8,85,99}$ = 5.482872582942662 dB
	 $y_{8,85,77}$ = 20.01760836980756 dB
	 $y_{8,85,86}$ = 31.13792330589584 dB
	 $y_{8,85,91}$ = 6.0952925898467925 dB
	 $y_{8,85,93}$ = 13.633282247663814 dB
	 $y_{8,85,94}$ = 24.870116508798773 dB
	 $y_{8,85,44}$ = 12.54079093849839 dB
	 $y_{8,85,61}$ = 8.725542336412929 dB
	 $y_{8,85,70}$ = 10.12090708356503 dB
	 $y_{8,85,73}$ = 23.59581542609085 dB
	 $y_{8,85,82}$ = 12.556682636552011 dB
	 $y_{8,85,84}$ = 36.38755382807413 dB
	 $y_{8,85,65}$ = 23.271831332323032 dB
	 $y_{8,85,66}$ = 19.113246765167716 dB
	 $y_{8,85,85}$ = 82.32813379907608 dB
	 $y_{8,85,45}$ = 5.732617956123562 dB
		SNR medio:  13.40004678877256
		Usuarios totais: 28
Distances:
0 : 21 = 894.4271909999159
0 : 27 = 2912.043955712207
0 : 52 = 2154.0659228538016
0 : 53 = 2332.38075793812
0 : 85 = 3773.5924528226415
21 : 27 = 2400.0
21 : 52 = 1264.9110640673518
21 : 53 = 1442.2205101855957
21 : 85 = 2884.4410203711914
27 : 52 = 2332.38075793812
27 : 53 = 2000.0
27 : 85 = 2529.8221281347037
52 : 53 = 400.0
52 : 85 = 1697.0562748477141
53 : 85 = 1442.2205101855957
t=9
Antennas: [ 0 21 27 52 53 85]
Users: [ 0  2  5  7  8  9 11 12 14 16 19 24 26 27 28 29 30 31 32 35 39 40 41 42
 43 44 45 47 50 52 53 54 55 57 61 62 65 66 67 71 72 76 81 82 87 88 89 91
 94 96 97]
MinSINR:  3.1622776601683795
$x_{9,0}$
	 $y_{9,0,0}$ = 87.11133864077192 dB
	 $y_{9,0,2}$ = 21.090971102690503 dB
	 $y_{9,0,11}$ = 22.02986921585388 dB
	 $y_{9,0,30}$ = 9.086944630537857 dB
	 $y_{9,0,40}$ = 5.149355858681702 dB
	 $y_{9,0,41}$ = 18.873638065477735 dB
	 $y_{9,0,50}$ = 7.827575122429778 dB
		SNR medio:  17.116969263644336
		Usuarios totais: 10
$x_{9,21}$
		Usuarios totais: 0
$x_{9,27}$
	 $y_{9,27,7}$ = 21.049757302028212 dB
	 $y_{9,27,8}$ = 16.111736563562545 dB
	 $y_{9,27,9}$ = 16.867288472807317 dB
	 $y_{9,27,16}$ = 28.896200601539363 dB
	 $y_{9,27,19}$ = 14.029928019482938 dB
	 $y_{9,27,26}$ = 34.056116469751906 dB
	 $y_{9,27,27}$ = 90.18951895400343 dB
	 $y_{9,27,29}$ = 21.165262899664185 dB
	 $y_{9,27,39}$ = 13.394308666961706 dB
	 $y_{9,27,28}$ = 24.7870419297802 dB
	 $y_{9,27,57}$ = 14.244264424293803 dB
	 $y_{9,27,67}$ = 7.422512108383131 dB
	 $y_{9,27,5}$ = 11.49971228521197 dB
	 $y_{9,27,14}$ = 9.177627012064903 dB
	 $y_{9,27,76}$ = 10.638699934175264 dB
	 $y_{9,27,24}$ = 15.935843215559402 dB
	 $y_{9,27,35}$ = 12.97655364587456 dB
	 $y_{9,27,47}$ = 12.644744444984696 dB
	 $y_{9,27,65}$ = 5.3316195837682585 dB
	 $y_{9,27,66}$ = 14.056167451099782 dB
	 $y_{9,27,31}$ = 7.186472672611373 dB
	 $y_{9,27,42}$ = 5.805058111351599 dB
	 $y_{9,27,54}$ = 10.791429351526403 dB
	 $y_{9,27,12}$ = 6.056232692360794 dB
	 $y_{9,27,45}$ = 8.374630141853885 dB
		SNR medio:  12.726139028079464
		Usuarios totais: 34
$x_{9,52}$
	 $y_{9,52,62}$ = 33.23335310944803 dB
	 $y_{9,52,43}$ = 25.007446619631793 dB
	 $y_{9,52,52}$ = 87.70753569203936 dB
		SNR medio:  48.649445140373054
		Usuarios totais: 3
$x_{9,53}$
	 $y_{9,53,53}$ = 89.15794932235403 dB
		SNR medio:  89.15794932235403
		Usuarios totais: 1
$x_{9,85}$
	 $y_{9,85,88}$ = 9.312638369712886 dB
	 $y_{9,85,89}$ = 17.45148670984163 dB
	 $y_{9,85,96}$ = 34.62411275460365 dB
	 $y_{9,85,97}$ = 13.562125428041696 dB
	 $y_{9,85,87}$ = 25.75169607087345 dB
	 $y_{9,85,91}$ = 6.0952925898467925 dB
	 $y_{9,85,94}$ = 24.870116508798773 dB
	 $y_{9,85,44}$ = 12.54079093849839 dB
	 $y_{9,85,55}$ = 12.023179059931493 dB
	 $y_{9,85,61}$ = 8.725542336412929 dB
	 $y_{9,85,81}$ = 6.39499412178688 dB
	 $y_{9,85,82}$ = 12.556682636552011 dB
	 $y_{9,85,71}$ = 8.353902547160516 dB
	 $y_{9,85,72}$ = 12.391277214632623 dB
	 $y_{9,85,32}$ = 5.134978095440488 dB
		SNR medio:  11.041516599059696
		Usuarios totais: 19
Distances:
0 : 21 = 894.4271909999159
0 : 27 = 2912.043955712207
0 : 52 = 2154.0659228538016
0 : 53 = 2332.38075793812
0 : 85 = 3773.5924528226415
21 : 27 = 2400.0
21 : 52 = 1264.9110640673518
21 : 53 = 1442.2205101855957
21 : 85 = 2884.4410203711914
27 : 52 = 2332.38075793812
27 : 53 = 2000.0
27 : 85 = 2529.8221281347037
52 : 53 = 400.0
52 : 85 = 1697.0562748477141
53 : 85 = 1442.2205101855957
t=10
Antennas: [ 0 21 27 52 53 85]
Users: [ 4 10 14 24 25 31 35 37 38 39 40 42 47 48 50 52 54 57 59 60 61 69 71 72
 81 85 87 88 89 90 97 98]
MinSINR:  3.1622776601683795
$x_{10,0}$
		Usuarios totais: 0
$x_{10,21}$
	 $y_{10,21,4}$ = 8.32000489976943 dB
	 $y_{10,21,10}$ = 19.27581522522655 dB
	 $y_{10,21,40}$ = 17.556337478901156 dB
	 $y_{10,21,50}$ = 10.311464118314603 dB
		SNR medio:  13.865905430552935
		Usuarios totais: 4
$x_{10,27}$
	 $y_{10,27,38}$ = 29.16873484465276 dB
	 $y_{10,27,39}$ = 13.394308666961706 dB
	 $y_{10,27,48}$ = 21.77037037726697 dB
	 $y_{10,27,37}$ = 30.66630335823629 dB
	 $y_{10,27,59}$ = 5.68702983590066 dB
	 $y_{10,27,14}$ = 9.177627012064903 dB
	 $y_{10,27,25}$ = 24.172063681222866 dB
	 $y_{10,27,24}$ = 15.935843215559402 dB
	 $y_{10,27,35}$ = 12.97655364587456 dB
	 $y_{10,27,31}$ = 7.186472672611373 dB
	 $y_{10,27,42}$ = 5.805058111351599 dB
		SNR medio:  11.729357694780207
		Usuarios totais: 15
$x_{10,52}$
	 $y_{10,52,52}$ = 87.70753569203936 dB
		SNR medio:  87.70753569203936
		Usuarios totais: 1
$x_{10,53}$
		Usuarios totais: 0
$x_{10,85}$
	 $y_{10,85,88}$ = 9.312638369712886 dB
	 $y_{10,85,89}$ = 17.45148670984163 dB
	 $y_{10,85,90}$ = 7.260556086380177 dB
	 $y_{10,85,97}$ = 13.562125428041696 dB
	 $y_{10,85,98}$ = 9.906238066369696 dB
	 $y_{10,85,57}$ = 9.543781294427504 dB
	 $y_{10,85,69}$ = 10.672445267739974 dB
	 $y_{10,85,87}$ = 25.75169607087345 dB
	 $y_{10,85,60}$ = 6.5713276547814985 dB
	 $y_{10,85,61}$ = 8.725542336412929 dB
	 $y_{10,85,81}$ = 6.39499412178688 dB
	 $y_{10,85,47}$ = 7.42929683582436 dB
	 $y_{10,85,71}$ = 8.353902547160516 dB
	 $y_{10,85,72}$ = 12.391277214632623 dB
	 $y_{10,85,85}$ = 82.32813379907608 dB
	 $y_{10,85,54}$ = 6.372272846818163 dB
		SNR medio:  12.101385732494004
		Usuarios totais: 20
Distances:
0 : 21 = 894.4271909999159
0 : 27 = 2912.043955712207
0 : 52 = 2154.0659228538016
0 : 53 = 2332.38075793812
0 : 85 = 3773.5924528226415
21 : 27 = 2400.0
21 : 52 = 1264.9110640673518
21 : 53 = 1442.2205101855957
21 : 85 = 2884.4410203711914
27 : 52 = 2332.38075793812
27 : 53 = 2000.0
27 : 85 = 2529.8221281347037
52 : 53 = 400.0
52 : 85 = 1697.0562748477141
53 : 85 = 1442.2205101855957
t=11
Antennas: [ 0 21 27 52 53 85]
Users: [59 60 63 68 75 91]
MinSINR:  3.1622776601683795
$x_{11,0}$
		Usuarios totais: 0
$x_{11,21}$
		Usuarios totais: 0
$x_{11,27}$
	 $y_{11,27,59}$ = 5.68702983590066 dB
	 $y_{11,27,68}$ = 6.917236303777727 dB
		SNR medio:  6.3021330698391935
		Usuarios totais: 2
$x_{11,52}$
		Usuarios totais: 0
$x_{11,53}$
	 $y_{11,53,91}$ = 7.787982535066419 dB
	 $y_{11,53,60}$ = 7.827143886964734 dB
	 $y_{11,53,75}$ = 14.473359539612943 dB
	 $y_{11,53,63}$ = 27.850596210594574 dB
		SNR medio:  14.484770543059668
		Usuarios totais: 4
$x_{11,85}$
		Usuarios totais: 0
Distances:
0 : 21 = 894.4271909999159
0 : 27 = 2912.043955712207
0 : 52 = 2154.0659228538016
0 : 53 = 2332.38075793812
0 : 85 = 3773.5924528226415
21 : 27 = 2400.0
21 : 52 = 1264.9110640673518
21 : 53 = 1442.2205101855957
21 : 85 = 2884.4410203711914
27 : 52 = 2332.38075793812
27 : 53 = 2000.0
27 : 85 = 2529.8221281347037
52 : 53 = 400.0
52 : 85 = 1697.0562748477141
53 : 85 = 1442.2205101855957
--- Done after 0.3753475948174794 hours. ---
