-------------Calculating Solution (this may take a while)
+++++++++++++++++++Min Sinr: 10 dB (gwo)
+++++++++++++++++++With backhaul constraint. Start: 2023-01-19 22:07:04

Parameters:
- chosen seed 16
- Map with 100 sectors
- Map 4000 x 4000 m
- Sector has a side of 400 m
- Max time:  12
- users_t_m:  [[0, 0, 0, 0, 0, 0, 0, 0, 0, 0, 0, 0, 0, 0, 0, 0, 0, 0, 0, 0, 0, 0, 0, 0, 0, 0, 0, 0, 0, 0, 0, 0, 0, 1, 1, 0, 0, 0, 0, 0, 0, 0, 0, 2, 0, 0, 0, 0, 0, 0, 0, 0, 0, 17, 4, 0, 0, 0, 0, 0, 0, 0, 0, 0, 0, 0, 0, 0, 0, 0, 0, 0, 0, 0, 0, 0, 0, 0, 0, 0, 0, 0, 0, 0, 0, 0, 0, 0, 0, 0, 0, 0, 0, 0, 0, 0, 0, 0, 0, 0], [1, 0, 0, 2, 1, 0, 0, 0, 0, 0, 0, 0, 1, 0, 0, 1, 0, 0, 0, 1, 0, 0, 0, 1, 0, 0, 0, 0, 0, 0, 0, 0, 1, 3, 1, 0, 1, 0, 0, 0, 2, 0, 0, 5, 3, 1, 0, 0, 0, 0, 0, 1, 0, 20, 2, 0, 0, 0, 1, 0, 0, 0, 0, 0, 0, 0, 0, 0, 0, 0, 0, 0, 0, 0, 0, 0, 1, 0, 0, 0, 0, 1, 0, 0, 0, 0, 0, 0, 0, 1, 0, 0, 0, 0, 1, 0, 1, 1, 0, 1], [1, 1, 1, 0, 0, 0, 0, 0, 0, 1, 1, 0, 0, 0, 1, 0, 1, 0, 0, 0, 1, 1, 1, 2, 0, 0, 1, 1, 2, 1, 0, 0, 0, 2, 1, 0, 0, 0, 1, 0, 2, 0, 1, 7, 1, 1, 0, 0, 1, 0, 0, 0, 0, 17, 2, 0, 1, 0, 1, 0, 0, 0, 1, 1, 1, 1, 0, 2, 1, 0, 0, 0, 1, 0, 2, 0, 0, 0, 3, 0, 2, 1, 1, 1, 0, 0, 1, 0, 3, 1, 1, 1, 0, 1, 0, 0, 1, 2, 0, 0], [0, 1, 1, 0, 3, 3, 1, 0, 2, 1, 0, 1, 0, 2, 1, 0, 1, 0, 2, 0, 1, 1, 1, 1, 0, 0, 0, 0, 1, 1, 1, 1, 1, 2, 0, 0, 1, 1, 0, 0, 1, 1, 1, 11, 3, 2, 0, 1, 1, 1, 1, 0, 2, 17, 3, 0, 1, 0, 2, 0, 2, 2, 2, 0, 0, 0, 0, 1, 1, 0, 2, 0, 1, 0, 1, 1, 2, 1, 2, 1, 0, 1, 3, 0, 1, 0, 2, 2, 0, 2, 0, 1, 2, 1, 0, 1, 0, 0, 0, 2], [0, 5, 3, 0, 1, 0, 1, 3, 1, 3, 0, 0, 2, 0, 0, 1, 2, 0, 1, 1, 1, 4, 1, 2, 0, 1, 1, 0, 1, 2, 0, 3, 1, 3, 1, 2, 0, 0, 1, 2, 1, 0, 2, 9, 6, 1, 0, 1, 4, 0, 1, 2, 2, 18, 2, 1, 1, 1, 0, 0, 1, 4, 0, 1, 0, 1, 2, 0, 5, 2, 0, 1, 0, 0, 1, 0, 2, 0, 1, 1, 0, 0, 1, 2, 1, 2, 2, 1, 1, 1, 1, 2, 1, 3, 1, 1, 1, 0, 2, 1], [0, 0, 1, 1, 0, 2, 3, 1, 0, 0, 2, 1, 1, 3, 2, 1, 1, 2, 3, 2, 4, 3, 3, 2, 2, 1, 2, 1, 3, 3, 2, 2, 1, 3, 1, 1, 1, 1, 0, 2, 1, 1, 2, 5, 4, 0, 5, 0, 1, 1, 1, 0, 1, 26, 4, 3, 3, 2, 4, 2, 2, 1, 1, 0, 0, 4, 1, 0, 2, 1, 1, 1, 2, 1, 1, 2, 3, 1, 1, 1, 0, 2, 1, 0, 1, 2, 1, 1, 1, 2, 0, 2, 4, 1, 1, 0, 2, 0, 2, 3], [2, 2, 2, 2, 0, 1, 3, 0, 1, 2, 1, 1, 1, 2, 1, 5, 1, 1, 2, 1, 6, 1, 1, 1, 1, 3, 4, 0, 2, 0, 2, 4, 1, 3, 0, 0, 0, 0, 1, 1, 0, 1, 0, 2, 1, 4, 1, 2, 2, 2, 0, 1, 1, 1, 1, 0, 1, 3, 3, 0, 2, 3, 4, 0, 1, 1, 2, 1, 0, 0, 2, 2, 1, 0, 5, 2, 1, 2, 4, 1, 1, 1, 4, 0, 1, 3, 2, 1, 1, 2, 2, 3, 2, 2, 1, 2, 2, 0, 2, 2], [0, 0, 0, 1, 2, 0, 0, 2, 2, 4, 1, 1, 1, 1, 1, 1, 0, 0, 3, 2, 1, 1, 2, 1, 1, 2, 2, 1, 1, 1, 0, 0, 1, 2, 0, 0, 1, 1, 2, 1, 3, 3, 1, 1, 1, 2, 0, 0, 0, 2, 2, 1, 3, 0, 0, 2, 1, 1, 3, 0, 0, 1, 4, 1, 5, 3, 1, 1, 0, 1, 3, 1, 0, 0, 1, 3, 3, 1, 1, 1, 2, 0, 1, 0, 2, 1, 0, 0, 0, 1, 4, 0, 3, 1, 0, 2, 1, 2, 0, 3], [4, 0, 3, 3, 1, 1, 0, 1, 2, 2, 1, 3, 0, 0, 1, 0, 2, 0, 1, 4, 2, 1, 1, 0, 1, 0, 2, 1, 1, 2, 0, 0, 0, 0, 1, 4, 1, 1, 0, 2, 2, 0, 2, 1, 2, 1, 0, 1, 0, 2, 2, 0, 0, 0, 0, 0, 1, 0, 1, 1, 0, 2, 0, 0, 0, 1, 2, 1, 1, 0, 1, 0, 0, 1, 0, 0, 2, 1, 0, 2, 2, 0, 1, 0, 1, 1, 2, 0, 2, 0, 1, 1, 2, 1, 3, 0, 0, 0, 1, 1], [1, 0, 1, 0, 0, 1, 0, 2, 1, 1, 0, 3, 2, 0, 1, 0, 1, 0, 0, 1, 0, 0, 0, 0, 1, 0, 2, 1, 1, 1, 1, 1, 1, 0, 0, 2, 0, 0, 0, 2, 1, 1, 2, 1, 1, 1, 0, 1, 0, 0, 2, 0, 1, 1, 2, 1, 0, 2, 0, 0, 0, 1, 1, 0, 0, 1, 1, 1, 0, 0, 0, 2, 2, 0, 0, 0, 2, 0, 0, 0, 0, 2, 1, 0, 0, 0, 0, 1, 2, 1, 0, 1, 0, 0, 1, 0, 1, 1, 0, 0], [0, 0, 0, 0, 1, 0, 0, 0, 0, 0, 1, 0, 0, 0, 1, 0, 0, 0, 0, 0, 0, 0, 0, 0, 1, 1, 0, 0, 0, 0, 0, 1, 0, 0, 0, 3, 0, 1, 1, 1, 1, 0, 3, 0, 0, 0, 0, 1, 1, 0, 1, 0, 1, 0, 2, 0, 0, 1, 0, 1, 1, 1, 0, 0, 0, 0, 0, 0, 0, 1, 0, 1, 2, 0, 0, 0, 0, 0, 0, 0, 0, 2, 0, 0, 0, 1, 0, 1, 1, 2, 1, 0, 0, 0, 0, 0, 0, 1, 1, 0], [0, 0, 0, 0, 0, 0, 0, 0, 0, 0, 0, 0, 0, 0, 0, 0, 0, 0, 0, 0, 0, 0, 0, 0, 0, 0, 0, 0, 0, 0, 0, 0, 0, 0, 0, 0, 0, 0, 0, 0, 0, 0, 0, 0, 0, 0, 0, 0, 0, 0, 0, 0, 0, 0, 0, 0, 0, 0, 0, 1, 1, 0, 0, 1, 0, 0, 0, 0, 1, 0, 0, 0, 0, 0, 0, 1, 0, 0, 0, 0, 0, 0, 0, 0, 0, 0, 0, 0, 0, 0, 0, 1, 0, 0, 0, 0, 0, 0, 0, 0]]
MAX_USER_PER_ANTENNAS_m:  [40, 40, 40, 40, 40, 40, 40, 40, 40, 40, 40, 40, 40, 40, 40, 40, 40, 40, 40, 40, 40, 40, 40, 40, 40, 40, 40, 40, 40, 40, 40, 40, 40, 40, 40, 40, 40, 40, 40, 40, 40, 40, 40, 40, 40, 40, 40, 40, 40, 40, 40, 40, 40, 40, 40, 40, 40, 40, 40, 40, 40, 40, 40, 40, 40, 40, 40, 40, 40, 40, 40, 40, 40, 40, 40, 40, 40, 40, 40, 40, 40, 40, 40, 40, 40, 40, 40, 40, 40, 40, 40, 40, 40, 40, 40, 40, 40, 40, 40, 40]
antennas_map_m:  [1, 1, 1, 1, 1, 1, 1, 1, 1, 1, 1, 1, 1, 1, 1, 1, 1, 1, 1, 1, 1, 1, 1, 1, 1, 1, 1, 1, 1, 1, 1, 1, 1, 1, 1, 1, 1, 1, 1, 1, 1, 1, 1, 1, 1, 1, 1, 1, 1, 1, 1, 1, 1, 1, 1, 1, 1, 1, 1, 1, 1, 1, 1, 1, 1, 1, 1, 1, 1, 1, 1, 1, 1, 1, 1, 1, 1, 1, 1, 1, 1, 1, 1, 1, 1, 1, 1, 1, 1, 1, 1, 1, 1, 1, 1, 1, 1, 1, 1, 1]
FIRST_ANTENNA:  27
MIN_SNR_m:  [10.0, 10.0, 10.0, 10.0, 10.0, 10.0, 10.0, 10.0, 10.0, 10.0, 10.0, 10.0, 10.0, 10.0, 10.0, 10.0, 10.0, 10.0, 10.0, 10.0, 10.0, 10.0, 10.0, 10.0, 10.0, 10.0, 10.0, 10.0, 10.0, 10.0, 10.0, 10.0, 10.0, 10.0, 10.0, 10.0, 10.0, 10.0, 10.0, 10.0, 10.0, 10.0, 10.0, 10.0, 10.0, 10.0, 10.0, 10.0, 10.0, 10.0, 10.0, 10.0, 10.0, 10.0, 10.0, 10.0, 10.0, 10.0, 10.0, 10.0, 10.0, 10.0, 10.0, 10.0, 10.0, 10.0, 10.0, 10.0, 10.0, 10.0, 10.0, 10.0, 10.0, 10.0, 10.0, 10.0, 10.0, 10.0, 10.0, 10.0, 10.0, 10.0, 10.0, 10.0, 10.0, 10.0, 10.0, 10.0, 10.0, 10.0, 10.0, 10.0, 10.0, 10.0, 10.0, 10.0, 10.0, 10.0, 10.0, 10.0]
-MIN_DIST:  2000
- disaster percentage:  0

Slice  0

Run GWO to deployment +1 antenna on the map
	Pack size:  300
	Wolf dimension 1
	Max iter 200
	antennas_regions:  [27]
	users_regions:  [33 34 43 53 54]
	Seed_base:  1675
initial_alpha:  Wolf 123 (1798). Fitness: 0.67
	(1919.6108808167023, 2421.3271039735196, 0). Region: 64
initial_beta:  Wolf 9 (1684). Fitness: 0.65
	(1925.8434776737654, 2063.4555894485266, 0). Region: 54
initial_delta:  Wolf 33 (1708). Fitness: 0.65
	(1258.282068773601, 1759.522051067995, 0). Region: 43 

iter = 10
Alpha wolf:  Wolf 123 (1798). Fitness: 0.67
	(1860.9742712799355, 2620.6695485207665, 0.0). Region: 64
iter = 20
Alpha wolf:  Wolf 123 (1798). Fitness: 0.67
	(1667.3131682796923, 2762.9373516212654, 0.0). Region: 64
iter = 30
Alpha wolf:  Wolf 123 (1798). Fitness: 0.67
	(1667.3131682796923, 2762.9373516212654, 0.0). Region: 64
iter = 40
Alpha wolf:  Wolf 123 (1798). Fitness: 0.67
	(1946.1861772145517, 2633.7268687403493, 0.0). Region: 64
iter = 50
Alpha wolf:  Wolf 123 (1798). Fitness: 0.67
	(1944.931503526499, 2605.4429769533, 0.0). Region: 64
iter = 60
Alpha wolf:  Wolf 123 (1798). Fitness: 0.67
	(1944.931503526499, 2605.4429769533, 0.0). Region: 64
iter = 70
Alpha wolf:  Wolf 123 (1798). Fitness: 0.67
	(1827.9747328929864, 2595.9896468634815, 0.0). Region: 64
iter = 80
Alpha wolf:  Wolf 123 (1798). Fitness: 0.67
	(1827.9747328929864, 2595.9896468634815, 0.0). Region: 64
iter = 90
Alpha wolf:  Wolf 123 (1798). Fitness: 0.67
	(1932.8783066556164, 2413.770578815397, 0.0). Region: 64
iter = 100
Alpha wolf:  Wolf 123 (1798). Fitness: 0.67
	(1800.9129963643313, 2755.361147012244, 0.0). Region: 64
iter = 110
Alpha wolf:  Wolf 123 (1798). Fitness: 0.67
	(1800.9129963643313, 2755.361147012244, 0.0). Region: 64
iter = 120
Alpha wolf:  Wolf 123 (1798). Fitness: 0.67
	(1602.1405618088097, 2740.941730924073, 0.0). Region: 64
iter = 130
Alpha wolf:  Wolf 123 (1798). Fitness: 0.67
	(1905.5411880895804, 2447.671285593826, 0.0). Region: 64
iter = 140
Alpha wolf:  Wolf 123 (1798). Fitness: 0.67
	(1688.1626362141883, 2788.500480237861, 0.0). Region: 64
iter = 150
Alpha wolf:  Wolf 123 (1798). Fitness: 0.67
	(1928.875243074087, 2442.824068462023, 0.0). Region: 64
iter = 160
Alpha wolf:  Wolf 123 (1798). Fitness: 0.67
	(1869.6617089911083, 2541.1195222922483, 0.0). Region: 64
iter = 170
Alpha wolf:  Wolf 123 (1798). Fitness: 0.67
	(1844.5226993907402, 2468.33429486122, 0.0). Region: 64
iter = 180
Alpha wolf:  Wolf 123 (1798). Fitness: 0.67
	(1761.3911889931924, 2457.2700002729816, 0.0). Region: 64
iter = 190
Alpha wolf:  Wolf 123 (1798). Fitness: 0.67
	(1702.3972576337503, 2419.318575703882, 0.0). Region: 64

- Finishing GWO - 

Best solution:  Wolf 123 (1798). Fitness: 0.67
	(1715.1963303946216, 2496.5995037731764, 0.0). Region: 64
Antennas in slice 0:  [27 64]

Slice  1

Run GWO to deployment +1 antenna on the map
	Pack size:  300
	Wolf dimension 1
	Max iter 200
	antennas_regions:  [27 64]
	users_regions:  [ 0  3  4 12 15 19 23 32 33 34 36 40 43 44 45 51 53 54 58 76 81 89 94 96
 97 99]
	Seed_base:  53933
initial_alpha:  Wolf 0 (53933). Fitness: 0
	(257.4166248494616, 1355.1825222369578, 0). Region: 30
initial_beta:  Wolf 1 (53934). Fitness: 0
	(2276.5831185621337, 2975.362510796599, 0). Region: 75
initial_delta:  Wolf 2 (53935). Fitness: 0
	(1510.4713895265234, 2313.4274435323064, 0). Region: 53 

iter = 10
Alpha wolf:  Wolf 0 (53933). Fitness: 0
	(375.1120615313745, 448.2711513185891, 0.0). Region: 10
iter = 20
Alpha wolf:  Wolf 0 (53933). Fitness: 0
	(635.3696758158842, 197.34062226015115, 0.0). Region: 1
iter = 30
Alpha wolf:  Wolf 0 (53933). Fitness: 0
	(2447.3302946433228, 3.3746235702430263, 0.0). Region: 6
iter = 40
Alpha wolf:  Wolf 0 (53933). Fitness: 0
	(2777.8813150372134, 94.23947057090379, 0.0). Region: 6
iter = 50
Alpha wolf:  Wolf 0 (53933). Fitness: 0
	(864.6934581037394, 51.064771066425386, 0.0). Region: 2
iter = 60
Alpha wolf:  Wolf 0 (53933). Fitness: 0
	(20.3290069664786, 16.844714542180785, 0.0). Region: 0
iter = 70
Alpha wolf:  Wolf 0 (53933). Fitness: 0
	(22.485606541631256, 18.353535652427986, 0.0). Region: 0
iter = 80
Alpha wolf:  Wolf 0 (53933). Fitness: 0
	(13.779704160270393, 8.342560068007142, 0.0). Region: 0
iter = 90
Alpha wolf:  Wolf 0 (53933). Fitness: 0
	(7.588830728231619, 7.395006308700587, 0.0). Region: 0
iter = 100
Alpha wolf:  Wolf 0 (53933). Fitness: 0
	(4.9422002923034825, 9.974652963466806, 0.0). Region: 0
iter = 110
Alpha wolf:  Wolf 0 (53933). Fitness: 0
	(6.739383960423216, 9.131821693225215, 0.0). Region: 0
iter = 120
Alpha wolf:  Wolf 0 (53933). Fitness: 0
	(4.726337447562599, 7.3545643548076685, 0.0). Region: 0
iter = 130
Alpha wolf:  Wolf 0 (53933). Fitness: 0
	(3.9115016626501835, 5.346655370360319, 0.0). Region: 0
iter = 140
Alpha wolf:  Wolf 0 (53933). Fitness: 0
	(2.806226110240218, 6.220489858146692, 0.0). Region: 0
iter = 150
Alpha wolf:  Wolf 0 (53933). Fitness: 0
	(3.2235968068245313, 7.781273959280374, 0.0). Region: 0
iter = 160
Alpha wolf:  Wolf 0 (53933). Fitness: 0
	(2.503200052566657, 6.007465259078565, 0.0). Region: 0
iter = 170
Alpha wolf:  Wolf 0 (53933). Fitness: 0
	(3.1037024625512535, 5.928805890510941, 0.0). Region: 0
iter = 180
Alpha wolf:  Wolf 0 (53933). Fitness: 0
	(3.156872015053189, 4.909528787488181, 0.0). Region: 0
iter = 190
Alpha wolf:  Wolf 0 (53933). Fitness: 0
	(2.8368062144576625, 4.511062240734785, 0.0). Region: 0

Run GWO to deployment +2 antenna on the map
	Pack size:  300
	Wolf dimension 2
	Max iter 200
	antennas_regions:  [27 64]
	users_regions:  [ 0  3  4 12 15 19 23 32 33 34 36 40 43 44 45 51 53 54 58 76 81 89 94 96
 97 99]
	Seed_base:  85369
initial_alpha:  Wolf 0 (85369). Fitness: 0
	(2817.8922472362224, 2974.1734114565925, 0). Region: 77
	(1735.5856163579842, 798.3756858570521, 0). Region: 14
initial_beta:  Wolf 1 (85370). Fitness: 0
	(1450.6687208742014, 2896.2198708604174, 0). Region: 73
	(10.562090852034522, 126.08237174529968, 0). Region: 0
initial_delta:  Wolf 2 (85371). Fitness: 0
	(2378.9032832345233, 1614.9029530732296, 0). Region: 45
	(2694.431736096467, 3123.934850994412, 0). Region: 76 

The alpha wolf has been updated to a position with higher fitness. iter = 0
New alpha wolf:  Wolf 278 (85647). Fitness: 0.88
	(3371.8135508225414, 3708.0283352162405, 0.0). Region: 98
	(1223.743603392556, 321.4734140794536, 0.0). Region: 3
The alpha wolf has been updated to a position with higher fitness. iter = 1
New alpha wolf:  Wolf 114 (85483). Fitness: 0.93
	(3383.371124599794, 2957.8911308933148, 0.0). Region: 78
	(829.6394785374771, 1146.3649218728424, 0.0). Region: 22
The alpha wolf has been updated to a position with higher fitness. iter = 5
New alpha wolf:  Wolf 83 (85452). Fitness: 0.95
	(2530.8354347633576, 3035.6743056253617, 0.0). Region: 76
	(1157.0737148189226, 926.0399313807449, 0.0). Region: 22
iter = 10
Alpha wolf:  Wolf 83 (85452). Fitness: 0.95
	(2530.8354347633576, 3035.6743056253617, 0.0). Region: 76
	(1157.0737148189226, 926.0399313807449, 0.0). Region: 22
iter = 20
Alpha wolf:  Wolf 83 (85452). Fitness: 0.95
	(2530.8354347633576, 3035.6743056253617, 0.0). Region: 76
	(1157.0737148189226, 926.0399313807449, 0.0). Region: 22
iter = 30
Alpha wolf:  Wolf 83 (85452). Fitness: 0.95
	(2530.8354347633576, 3035.6743056253617, 0.0). Region: 76
	(1157.0737148189226, 926.0399313807449, 0.0). Region: 22
iter = 40
Alpha wolf:  Wolf 83 (85452). Fitness: 0.95
	(2530.8354347633576, 3035.6743056253617, 0.0). Region: 76
	(1157.0737148189226, 926.0399313807449, 0.0). Region: 22
iter = 50
Alpha wolf:  Wolf 83 (85452). Fitness: 0.95
	(2530.8354347633576, 3035.6743056253617, 0.0). Region: 76
	(1157.0737148189226, 926.0399313807449, 0.0). Region: 22
iter = 60
Alpha wolf:  Wolf 83 (85452). Fitness: 0.95
	(2701.3143828296124, 2844.863849051945, 0.0). Region: 76
	(1061.0234000325993, 883.5032224735073, 0.0). Region: 22
iter = 70
Alpha wolf:  Wolf 83 (85452). Fitness: 0.95
	(2701.3143828296124, 2844.863849051945, 0.0). Region: 76
	(1061.0234000325993, 883.5032224735073, 0.0). Region: 22
iter = 80
Alpha wolf:  Wolf 83 (85452). Fitness: 0.95
	(2701.3143828296124, 2844.863849051945, 0.0). Region: 76
	(1061.0234000325993, 883.5032224735073, 0.0). Region: 22
iter = 90
Alpha wolf:  Wolf 83 (85452). Fitness: 0.95
	(2508.854512100448, 3026.4741949740965, 0.0). Region: 76
	(967.2093390012408, 939.7689748322038, 0.0). Region: 22
iter = 100
Alpha wolf:  Wolf 83 (85452). Fitness: 0.95
	(2508.854512100448, 3026.4741949740965, 0.0). Region: 76
	(967.2093390012408, 939.7689748322038, 0.0). Region: 22
iter = 110
Alpha wolf:  Wolf 83 (85452). Fitness: 0.95
	(2797.3839033914237, 2831.608365743223, 0.0). Region: 76
	(888.6309301940812, 898.2894682037728, 0.0). Region: 22
iter = 120
Alpha wolf:  Wolf 83 (85452). Fitness: 0.95
	(2789.3075378270846, 2846.8007444044197, 0.0). Region: 76
	(1038.2459510965152, 916.679167117065, 0.0). Region: 22
iter = 130
Alpha wolf:  Wolf 83 (85452). Fitness: 0.95
	(2778.983654751059, 2846.3300551296197, 0.0). Region: 76
	(952.0389656125933, 854.6538897752046, 0.0). Region: 22
iter = 140
Alpha wolf:  Wolf 83 (85452). Fitness: 0.95
	(2602.2595603168947, 2856.481407904388, 0.0). Region: 76
	(979.3467481803164, 943.1968357180418, 0.0). Region: 22
iter = 150
Alpha wolf:  Wolf 83 (85452). Fitness: 0.95
	(2552.1365390903593, 3165.987564361334, 0.0). Region: 76
	(802.8243522058334, 1036.3727196492791, 0.0). Region: 22
iter = 160
Alpha wolf:  Wolf 83 (85452). Fitness: 0.95
	(2552.1365390903593, 3165.987564361334, 0.0). Region: 76
	(802.8243522058334, 1036.3727196492791, 0.0). Region: 22
iter = 170
Alpha wolf:  Wolf 83 (85452). Fitness: 0.95
	(2769.006037216862, 3002.094899242038, 0.0). Region: 76
	(878.6906591108815, 1057.7205986409574, 0.0). Region: 22
iter = 180
Alpha wolf:  Wolf 83 (85452). Fitness: 0.95
	(2719.0576190902448, 2823.8683389858584, 0.0). Region: 76
	(854.6353318816336, 926.7300528141478, 0.0). Region: 22
iter = 190
Alpha wolf:  Wolf 83 (85452). Fitness: 0.95
	(2723.091635166519, 3020.360705492335, 0.0). Region: 76
	(836.186263199791, 895.9264693878347, 0.0). Region: 22

- Finishing GWO - 

Best solution:  Wolf 83 (85452). Fitness: 0.95
	(2603.6757120632906, 3150.5852276303212, 0.0). Region: 76
	(858.3418656623563, 933.7042401463236, 0.0). Region: 22
Antennas in slice 1:  [22 27 64 76]

Slice  2

Run GWO to deployment +1 antenna on the map
	Pack size:  300
	Wolf dimension 1
	Max iter 200
	antennas_regions:  [22 27 64 76]
	users_regions:  [ 0  1  2  9 10 14 16 20 21 22 23 26 27 28 29 33 34 38 40 42 43 44 45 48
 53 54 56 58 62 63 64 65 67 68 72 74 78 80 81 82 83 86 88 89 90 91 93 96
 97]
	Seed_base:  32666
initial_alpha:  Wolf 21 (32687). Fitness: 1.0
	(937.728994131982, 3404.4868678870225, 0). Region: 82
initial_beta:  Wolf 44 (32710). Fitness: 1.0
	(508.6068500329124, 2859.5343550456105, 0). Region: 71
initial_delta:  Wolf 193 (32859). Fitness: 1.0
	(527.7073150435774, 2949.8122243981143, 0). Region: 71 

iter = 10
Alpha wolf:  Wolf 21 (32687). Fitness: 1.0
	(937.728994131982, 3404.4868678870225, 0). Region: 82
iter = 20
Alpha wolf:  Wolf 21 (32687). Fitness: 1.0
	(484.0117330677084, 3001.7678605404494, 0.0). Region: 71
iter = 30
Alpha wolf:  Wolf 21 (32687). Fitness: 1.0
	(459.5459038747591, 3135.391880459355, 0.0). Region: 71
iter = 40
Alpha wolf:  Wolf 21 (32687). Fitness: 1.0
	(506.52291003366963, 3124.5931902899924, 0.0). Region: 71
iter = 50
Alpha wolf:  Wolf 21 (32687). Fitness: 1.0
	(515.0872223742468, 2953.842697575902, 0.0). Region: 71
iter = 60
Alpha wolf:  Wolf 21 (32687). Fitness: 1.0
	(515.0872223742468, 2953.842697575902, 0.0). Region: 71
iter = 70
Alpha wolf:  Wolf 21 (32687). Fitness: 1.0
	(550.0191230907677, 2963.14619434614, 0.0). Region: 71
iter = 80
Alpha wolf:  Wolf 21 (32687). Fitness: 1.0
	(414.8891875453546, 2831.1095861219546, 0.0). Region: 71
iter = 90
Alpha wolf:  Wolf 21 (32687). Fitness: 1.0
	(426.04937441293896, 2882.945739188486, 0.0). Region: 71
iter = 100
Alpha wolf:  Wolf 21 (32687). Fitness: 1.0
	(832.544949108377, 3310.009214264041, 0.0). Region: 82
iter = 110
Alpha wolf:  Wolf 21 (32687). Fitness: 1.0
	(816.455314208315, 3501.5014695419, 0.0). Region: 82
iter = 120
Alpha wolf:  Wolf 21 (32687). Fitness: 1.0
	(624.7331954470284, 3035.3496035138696, 0.0). Region: 71
iter = 130
Alpha wolf:  Wolf 21 (32687). Fitness: 1.0
	(588.2392597917969, 2818.8025463492013, 0.0). Region: 71
iter = 140
Alpha wolf:  Wolf 21 (32687). Fitness: 1.0
	(442.91319945950215, 3175.2972160350337, 0.0). Region: 71
iter = 150
Alpha wolf:  Wolf 21 (32687). Fitness: 1.0
	(510.8989402357512, 3106.7698084669, 0.0). Region: 71
iter = 160
Alpha wolf:  Wolf 21 (32687). Fitness: 1.0
	(402.5482965758624, 3017.049362876971, 0.0). Region: 71
iter = 170
Alpha wolf:  Wolf 21 (32687). Fitness: 1.0
	(458.2141000550065, 2898.8602904011027, 0.0). Region: 71
iter = 180
Alpha wolf:  Wolf 21 (32687). Fitness: 1.0
	(427.6055380770781, 3053.730034172808, 0.0). Region: 71
iter = 190
Alpha wolf:  Wolf 21 (32687). Fitness: 1.0
	(418.3927922700434, 2865.1191329882045, 0.0). Region: 71

- Finishing GWO - 

Best solution:  Wolf 21 (32687). Fitness: 1.0
	(423.19408504600534, 2983.6872488599365, 0.0). Region: 71
Antennas in slice 2:  [22 27 64 71 76]

Slice  3
The set of antennas serves the scenario in the respective slice.

Slice  4
The set of antennas serves the scenario in the respective slice.

Slice  5
The set of antennas serves the scenario in the respective slice.

Slice  6
The set of antennas serves the scenario in the respective slice.

Slice  7
The set of antennas serves the scenario in the respective slice.

Slice  8
The set of antennas serves the scenario in the respective slice.

Slice  9
The set of antennas serves the scenario in the respective slice.

Slice  10
The set of antennas serves the scenario in the respective slice.

Slice  11
The set of antennas serves the scenario in the respective slice.

Média de carros: 4.666666666666667
t=0
Antennas: [27 64]
Users: [33 34 43 53 54]
MinSINR:  10.0
$x_{0,27}$
		Usuarios totais: 0
$x_{0,64}$
	 $y_{0,64,33}$ = 15.965386472798372 dB
	 $y_{0,64,34}$ = 10.642200183456481 dB
	 $y_{0,64,43}$ = 23.765845956658595 dB
	 $y_{0,64,53}$ = 19.61630767272844 dB
	 $y_{0,64,54}$ = 31.468803278557573 dB
		SNR medio:  4.058341742567978
		Usuarios totais: 25
Distances:
27 : 64 = 2000.0
t=1
Antennas: [22 27 64 76]
Users: [ 0  3  4 12 15 19 23 32 33 34 36 40 43 44 45 51 53 54 58 76 81 89 94 96
 97 99]
MinSINR:  10.0
$x_{1,22}$
	 $y_{1,22,0}$ = 14.718754375625622 dB
	 $y_{1,22,3}$ = 17.11111204321631 dB
	 $y_{1,22,4}$ = 12.860373356574058 dB
	 $y_{1,22,12}$ = 33.47526842984709 dB
	 $y_{1,22,32}$ = 32.36349804143231 dB
	 $y_{1,22,40}$ = 17.088849687700787 dB
	 $y_{1,22,15}$ = 11.912658562883706 dB
	 $y_{1,22,23}$ = 31.297430520894522 dB
	 $y_{1,22,33}$ = 26.476551222024867 dB
	 $y_{1,22,34}$ = 12.493212883756797 dB
	 $y_{1,22,43}$ = 11.008101091869264 dB
	 $y_{1,22,51}$ = 14.94020977407206 dB
	 $y_{1,22,53}$ = 11.386109111843865 dB
		SNR medio:  6.178303227543532
		Usuarios totais: 40
$x_{1,27}$
	 $y_{1,27,19}$ = 14.029928019482938 dB
		SNR medio:  14.029928019482938
		Usuarios totais: 1
$x_{1,64}$
	 $y_{1,64,44}$ = 16.048523358739402 dB
	 $y_{1,64,45}$ = 18.504808867379452 dB
	 $y_{1,64,81}$ = 12.58784765646925 dB
	 $y_{1,64,36}$ = 10.824000267264125 dB
	 $y_{1,64,94}$ = 13.176088764127343 dB
	 $y_{1,64,96}$ = 13.071059054642404 dB
	 $y_{1,64,54}$ = 31.468803278557573 dB
		SNR medio:  11.568113124717955
		Usuarios totais: 10
$x_{1,76}$
	 $y_{1,76,89}$ = 10.348686429652588 dB
	 $y_{1,76,97}$ = 19.031092226968013 dB
	 $y_{1,76,99}$ = 19.04537048590265 dB
	 $y_{1,76,58}$ = 11.961918160522629 dB
	 $y_{1,76,76}$ = 80.47711295292936 dB
		SNR medio:  28.17283605119505
		Usuarios totais: 5
Distances:
22 : 27 = 2000.0
22 : 64 = 1788.8543819998317
22 : 76 = 2561.2496949731394
27 : 64 = 2000.0
27 : 76 = 2039.607805437114
64 : 76 = 894.4271909999159
t=2
Antennas: [22 27 64 71 76]
Users: [ 0  1  2  9 10 14 16 20 21 22 23 26 27 28 29 33 34 38 40 42 43 44 45 48
 53 54 56 58 62 63 64 65 67 68 72 74 78 80 81 82 83 86 88 89 90 91 93 96
 97]
MinSINR:  10.0
$x_{2,22}$
	 $y_{2,22,0}$ = 14.718754375625622 dB
	 $y_{2,22,1}$ = 12.449242950333684 dB
	 $y_{2,22,2}$ = 23.71878473948705 dB
	 $y_{2,22,10}$ = 14.244140936555567 dB
	 $y_{2,22,14}$ = 15.526915224303437 dB
	 $y_{2,22,20}$ = 17.77709288266479 dB
	 $y_{2,22,21}$ = 25.74247244353799 dB
	 $y_{2,22,16}$ = 10.189115511565063 dB
	 $y_{2,22,22}$ = 90.53290379009555 dB
	 $y_{2,22,26}$ = 11.235444645788661 dB
	 $y_{2,22,33}$ = 26.476551222024867 dB
	 $y_{2,22,34}$ = 12.493212883756797 dB
	 $y_{2,22,40}$ = 17.088849687700787 dB
	 $y_{2,22,43}$ = 11.008101091869264 dB
	 $y_{2,22,23}$ = 31.297430520894522 dB
	 $y_{2,22,42}$ = 10.784507952776522 dB
	 $y_{2,22,54}$ = 16.296425230499224 dB
		SNR medio:  13.391849855165903
		Usuarios totais: 27
$x_{2,27}$
	 $y_{2,27,9}$ = 16.867288472807317 dB
	 $y_{2,27,27}$ = 90.18951895400343 dB
	 $y_{2,27,28}$ = 24.7870419297802 dB
	 $y_{2,27,29}$ = 21.165262899664185 dB
	 $y_{2,27,38}$ = 29.16873484465276 dB
		SNR medio:  30.362974516817985
		Usuarios totais: 6
$x_{2,64}$
	 $y_{2,64,45}$ = 18.504808867379452 dB
	 $y_{2,64,65}$ = 25.115767245943573 dB
	 $y_{2,64,83}$ = 18.892940498930386 dB
	 $y_{2,64,64}$ = 81.08188351772469 dB
		SNR medio:  35.89885003249452
		Usuarios totais: 4
$x_{2,71}$
	 $y_{2,71,80}$ = 13.993195525614809 dB
	 $y_{2,71,90}$ = 13.748087269083427 dB
	 $y_{2,71,91}$ = 15.7011015386703 dB
	 $y_{2,71,44}$ = 10.919991552717292 dB
	 $y_{2,71,62}$ = 23.067195633767753 dB
	 $y_{2,71,81}$ = 29.413149773933497 dB
	 $y_{2,71,53}$ = 18.50006509368869 dB
	 $y_{2,71,63}$ = 17.890630403615873 dB
	 $y_{2,71,72}$ = 30.40924400042445 dB
	 $y_{2,71,74}$ = 13.801217293568385 dB
	 $y_{2,71,82}$ = 22.71012380411814 dB
		SNR medio:  7.246689720317332
		Usuarios totais: 29
$x_{2,76}$
	 $y_{2,76,68}$ = 11.577810207984342 dB
	 $y_{2,76,88}$ = 22.37388459141593 dB
	 $y_{2,76,89}$ = 10.348686429652588 dB
	 $y_{2,76,97}$ = 19.031092226968013 dB
	 $y_{2,76,48}$ = 13.051364877990892 dB
	 $y_{2,76,56}$ = 14.473416542598187 dB
	 $y_{2,76,58}$ = 11.961918160522629 dB
	 $y_{2,76,67}$ = 23.32516849862175 dB
	 $y_{2,76,78}$ = 11.366731185182289 dB
	 $y_{2,76,86}$ = 30.714882893400073 dB
	 $y_{2,76,93}$ = 12.838503014995382 dB
	 $y_{2,76,96}$ = 13.98500489799359 dB
		SNR medio:  10.836025751518093
		Usuarios totais: 18
Distances:
22 : 27 = 2000.0
22 : 64 = 1788.8543819998317
22 : 71 = 2039.607805437114
22 : 76 = 2561.2496949731394
27 : 64 = 2000.0
27 : 71 = 3124.099870362662
27 : 76 = 2039.607805437114
64 : 71 = 1264.9110640673518
64 : 76 = 894.4271909999159
71 : 76 = 2000.0
t=3
Antennas: [22 27 64 71 76]
Users: [ 1  2  4  5  6  8  9 11 13 14 16 18 20 21 22 23 28 29 30 31 32 33 36 37
 40 41 42 43 44 45 47 48 49 50 52 53 54 56 58 60 61 62 67 68 70 72 74 75
 76 77 78 79 81 82 84 86 87 89 91 92 93 95 99]
MinSINR:  10.0
$x_{3,22}$
	 $y_{3,22,1}$ = 12.449242950333684 dB
	 $y_{3,22,2}$ = 23.71878473948705 dB
	 $y_{3,22,4}$ = 12.860373356574058 dB
	 $y_{3,22,11}$ = 22.65814002241548 dB
	 $y_{3,22,13}$ = 20.28835042584882 dB
	 $y_{3,22,14}$ = 15.526915224303437 dB
	 $y_{3,22,20}$ = 17.77709288266479 dB
	 $y_{3,22,21}$ = 25.74247244353799 dB
	 $y_{3,22,30}$ = 11.337963310404035 dB
	 $y_{3,22,31}$ = 22.728007963088203 dB
	 $y_{3,22,32}$ = 32.36349804143231 dB
	 $y_{3,22,22}$ = 90.53290379009555 dB
	 $y_{3,22,33}$ = 26.476551222024867 dB
	 $y_{3,22,40}$ = 17.088849687700787 dB
	 $y_{3,22,43}$ = 11.008101091869264 dB
	 $y_{3,22,23}$ = 31.297430520894522 dB
	 $y_{3,22,41}$ = 13.70418605527749 dB
	 $y_{3,22,42}$ = 10.784507952776522 dB
	 $y_{3,22,61}$ = 12.642086395317577 dB
	 $y_{3,22,54}$ = 16.296425230499224 dB
		SNR medio:  12.088699548825558
		Usuarios totais: 37
$x_{3,27}$
	 $y_{3,27,5}$ = 11.49971228521197 dB
	 $y_{3,27,6}$ = 10.999603223696312 dB
	 $y_{3,27,8}$ = 16.111736563562545 dB
	 $y_{3,27,9}$ = 16.867288472807317 dB
	 $y_{3,27,18}$ = 26.63148528822697 dB
	 $y_{3,27,28}$ = 24.7870419297802 dB
	 $y_{3,27,29}$ = 21.165262899664185 dB
	 $y_{3,27,37}$ = 30.66630335823629 dB
	 $y_{3,27,47}$ = 12.644744444984696 dB
	 $y_{3,27,49}$ = 17.088157146645486 dB
	 $y_{3,27,16}$ = 28.896200601539363 dB
	 $y_{3,27,36}$ = 16.763855437475883 dB
	 $y_{3,27,48}$ = 21.77037037726697 dB
	 $y_{3,27,58}$ = 13.991520593431204 dB
		SNR medio:  14.204383295922597
		Usuarios totais: 19
$x_{3,64}$
	 $y_{3,64,45}$ = 18.504808867379452 dB
		SNR medio:  9.252404433689726
		Usuarios totais: 2
$x_{3,71}$
	 $y_{3,71,50}$ = 13.672325077157495 dB
	 $y_{3,71,91}$ = 15.7011015386703 dB
	 $y_{3,71,92}$ = 12.960332444574817 dB
	 $y_{3,71,44}$ = 10.919991552717292 dB
	 $y_{3,71,62}$ = 23.067195633767753 dB
	 $y_{3,71,70}$ = 22.983907715049554 dB
	 $y_{3,71,81}$ = 29.413149773933497 dB
	 $y_{3,71,53}$ = 18.50006509368869 dB
	 $y_{3,71,72}$ = 30.40924400042445 dB
	 $y_{3,71,74}$ = 13.801217293568385 dB
	 $y_{3,71,82}$ = 22.71012380411814 dB
	 $y_{3,71,84}$ = 10.853006165751907 dB
		SNR medio:  6.42833314552635
		Usuarios totais: 35
$x_{3,76}$
	 $y_{3,76,68}$ = 11.577810207984342 dB
	 $y_{3,76,77}$ = 30.0065576132167 dB
	 $y_{3,76,79}$ = 18.330756286748283 dB
	 $y_{3,76,89}$ = 10.348686429652588 dB
	 $y_{3,76,99}$ = 19.04537048590265 dB
	 $y_{3,76,56}$ = 14.473416542598187 dB
	 $y_{3,76,60}$ = 10.10540924970283 dB
	 $y_{3,76,67}$ = 23.32516849862175 dB
	 $y_{3,76,75}$ = 32.72584837993189 dB
	 $y_{3,76,78}$ = 11.366731185182289 dB
	 $y_{3,76,86}$ = 30.714882893400073 dB
	 $y_{3,76,87}$ = 25.042928011761276 dB
	 $y_{3,76,93}$ = 12.838503014995382 dB
	 $y_{3,76,95}$ = 20.28877188176112 dB
	 $y_{3,76,52}$ = 11.366351283875574 dB
	 $y_{3,76,76}$ = 80.47711295292936 dB
		SNR medio:  15.084762704927678
		Usuarios totais: 24
Distances:
22 : 27 = 2000.0
22 : 64 = 1788.8543819998317
22 : 71 = 2039.607805437114
22 : 76 = 2561.2496949731394
27 : 64 = 2000.0
27 : 71 = 3124.099870362662
27 : 76 = 2039.607805437114
64 : 71 = 1264.9110640673518
64 : 76 = 894.4271909999159
71 : 76 = 2000.0
t=4
Antennas: [22 27 64 71 76]
Users: [ 1  2  4  6  7  8  9 12 15 16 18 19 20 21 22 23 25 26 28 29 31 32 33 34
 35 38 39 40 42 43 44 45 47 48 50 51 52 53 54 55 56 57 60 61 63 65 66 68
 69 71 74 76 78 79 82 83 84 85 86 87 88 89 90 91 92 93 94 95 96 98 99]
MinSINR:  10.0
$x_{4,22}$
	 $y_{4,22,1}$ = 12.449242950333684 dB
	 $y_{4,22,2}$ = 23.71878473948705 dB
	 $y_{4,22,4}$ = 12.860373356574058 dB
	 $y_{4,22,12}$ = 33.47526842984709 dB
	 $y_{4,22,20}$ = 17.77709288266479 dB
	 $y_{4,22,21}$ = 25.74247244353799 dB
	 $y_{4,22,31}$ = 22.728007963088203 dB
	 $y_{4,22,32}$ = 32.36349804143231 dB
	 $y_{4,22,15}$ = 11.912658562883706 dB
	 $y_{4,22,16}$ = 10.189115511565063 dB
	 $y_{4,22,22}$ = 90.53290379009555 dB
	 $y_{4,22,26}$ = 11.235444645788661 dB
	 $y_{4,22,33}$ = 26.476551222024867 dB
	 $y_{4,22,34}$ = 12.493212883756797 dB
	 $y_{4,22,40}$ = 17.088849687700787 dB
	 $y_{4,22,43}$ = 11.008101091869264 dB
		SNR medio:  9.5397840564782
		Usuarios totais: 39
$x_{4,27}$
	 $y_{4,27,6}$ = 10.999603223696312 dB
	 $y_{4,27,7}$ = 21.049757302028212 dB
	 $y_{4,27,8}$ = 16.111736563562545 dB
	 $y_{4,27,9}$ = 16.867288472807317 dB
	 $y_{4,27,18}$ = 26.63148528822697 dB
	 $y_{4,27,19}$ = 14.029928019482938 dB
	 $y_{4,27,25}$ = 24.172063681222866 dB
	 $y_{4,27,28}$ = 24.7870419297802 dB
	 $y_{4,27,29}$ = 21.165262899664185 dB
	 $y_{4,27,38}$ = 29.16873484465276 dB
	 $y_{4,27,39}$ = 13.394308666961706 dB
	 $y_{4,27,47}$ = 12.644744444984696 dB
	 $y_{4,27,35}$ = 12.97655364587456 dB
	 $y_{4,27,48}$ = 21.77037037726697 dB
	 $y_{4,27,23}$ = 11.128728470737684 dB
		SNR medio:  10.649907993498074
		Usuarios totais: 26
$x_{4,64}$
	 $y_{4,64,45}$ = 18.504808867379452 dB
	 $y_{4,64,65}$ = 25.115767245943573 dB
	 $y_{4,64,83}$ = 18.892940498930386 dB
		SNR medio:  15.628379153063353
		Usuarios totais: 4
$x_{4,71}$
	 $y_{4,71,50}$ = 13.672325077157495 dB
	 $y_{4,71,90}$ = 13.748087269083427 dB
	 $y_{4,71,91}$ = 15.7011015386703 dB
	 $y_{4,71,92}$ = 12.960332444574817 dB
	 $y_{4,71,44}$ = 10.919991552717292 dB
	 $y_{4,71,71}$ = 92.16190738033895 dB
	 $y_{4,71,42}$ = 11.827001435063295 dB
	 $y_{4,71,51}$ = 22.550051070510705 dB
	 $y_{4,71,53}$ = 18.50006509368869 dB
	 $y_{4,71,61}$ = 23.75342344999055 dB
	 $y_{4,71,63}$ = 17.890630403615873 dB
	 $y_{4,71,74}$ = 13.801217293568385 dB
		SNR medio:  6.687153350224494
		Usuarios totais: 40
$x_{4,76}$
	 $y_{4,76,68}$ = 11.577810207984342 dB
	 $y_{4,76,69}$ = 16.25916374046831 dB
	 $y_{4,76,79}$ = 18.330756286748283 dB
	 $y_{4,76,88}$ = 22.37388459141593 dB
	 $y_{4,76,89}$ = 10.348686429652588 dB
	 $y_{4,76,98}$ = 10.804303192105834 dB
	 $y_{4,76,99}$ = 19.04537048590265 dB
	 $y_{4,76,55}$ = 15.894254934857429 dB
	 $y_{4,76,56}$ = 14.473416542598187 dB
	 $y_{4,76,60}$ = 10.10540924970283 dB
	 $y_{4,76,78}$ = 11.366731185182289 dB
	 $y_{4,76,86}$ = 30.714882893400073 dB
	 $y_{4,76,87}$ = 25.042928011761276 dB
	 $y_{4,76,93}$ = 12.838503014995382 dB
	 $y_{4,76,94}$ = 16.0471545145179 dB
	 $y_{4,76,95}$ = 20.28877188176112 dB
	 $y_{4,76,96}$ = 13.98500489799359 dB
	 $y_{4,76,52}$ = 11.366351283875574 dB
	 $y_{4,76,57}$ = 21.053669704916757 dB
	 $y_{4,76,66}$ = 16.995311222692763 dB
	 $y_{4,76,82}$ = 12.650725351801213 dB
	 $y_{4,76,84}$ = 14.197791025400306 dB
	 $y_{4,76,76}$ = 80.47711295292936 dB
	 $y_{4,76,85}$ = 29.761349978348974 dB
	 $y_{4,76,54}$ = 16.674863862513604 dB
		SNR medio:  12.376261729321191
		Usuarios totais: 39
Distances:
22 : 27 = 2000.0
22 : 64 = 1788.8543819998317
22 : 71 = 2039.607805437114
22 : 76 = 2561.2496949731394
27 : 64 = 2000.0
27 : 71 = 3124.099870362662
27 : 76 = 2039.607805437114
64 : 71 = 1264.9110640673518
64 : 76 = 894.4271909999159
71 : 76 = 2000.0
t=5
Antennas: [22 27 64 71 76]
Users: [ 2  3  5  6  7 10 11 12 13 14 15 16 17 18 19 20 21 22 23 24 25 26 27 28
 29 30 31 32 33 34 35 36 37 39 40 41 42 43 44 46 48 49 50 52 53 54 55 56
 57 58 59 60 61 62 65 66 68 69 70 71 72 73 74 75 76 77 78 79 81 82 84 85
 86 87 88 89 91 92 93 94 96 98 99]
MinSINR:  10.0
$x_{5,22}$
	 $y_{5,22,2}$ = 23.71878473948705 dB
	 $y_{5,22,3}$ = 17.11111204321631 dB
	 $y_{5,22,10}$ = 14.244140936555567 dB
	 $y_{5,22,11}$ = 22.65814002241548 dB
	 $y_{5,22,12}$ = 33.47526842984709 dB
	 $y_{5,22,13}$ = 20.28835042584882 dB
	 $y_{5,22,14}$ = 15.526915224303437 dB
	 $y_{5,22,20}$ = 17.77709288266479 dB
	 $y_{5,22,21}$ = 25.74247244353799 dB
	 $y_{5,22,30}$ = 11.337963310404035 dB
	 $y_{5,22,31}$ = 22.728007963088203 dB
	 $y_{5,22,32}$ = 32.36349804143231 dB
	 $y_{5,22,22}$ = 90.53290379009555 dB
	 $y_{5,22,33}$ = 26.476551222024867 dB
	 $y_{5,22,34}$ = 12.493212883756797 dB
	 $y_{5,22,40}$ = 17.088849687700787 dB
	 $y_{5,22,43}$ = 11.008101091869264 dB
	 $y_{5,22,41}$ = 13.70418605527749 dB
	 $y_{5,22,42}$ = 10.784507952776522 dB
		SNR medio:  11.257950234520571
		Usuarios totais: 39
$x_{5,27}$
	 $y_{5,27,5}$ = 11.49971228521197 dB
	 $y_{5,27,6}$ = 10.999603223696312 dB
	 $y_{5,27,7}$ = 21.049757302028212 dB
	 $y_{5,27,17}$ = 35.24475417205219 dB
	 $y_{5,27,18}$ = 26.63148528822697 dB
	 $y_{5,27,19}$ = 14.029928019482938 dB
	 $y_{5,27,25}$ = 24.172063681222866 dB
	 $y_{5,27,27}$ = 90.18951895400343 dB
	 $y_{5,27,28}$ = 24.7870419297802 dB
	 $y_{5,27,29}$ = 21.165262899664185 dB
	 $y_{5,27,37}$ = 30.66630335823629 dB
	 $y_{5,27,39}$ = 13.394308666961706 dB
	 $y_{5,27,49}$ = 17.088157146645486 dB
	 $y_{5,27,15}$ = 10.610231705806825 dB
	 $y_{5,27,16}$ = 28.896200601539363 dB
	 $y_{5,27,24}$ = 15.935843215559402 dB
	 $y_{5,27,26}$ = 34.056116469751906 dB
	 $y_{5,27,35}$ = 12.97655364587456 dB
	 $y_{5,27,36}$ = 16.763855437475883 dB
	 $y_{5,27,48}$ = 21.77037037726697 dB
	 $y_{5,27,58}$ = 13.991520593431204 dB
	 $y_{5,27,23}$ = 11.128728470737684 dB
		SNR medio:  12.676182936116414
		Usuarios totais: 40
$x_{5,64}$
	 $y_{5,64,65}$ = 25.115767245943573 dB
	 $y_{5,64,46}$ = 11.98566542903572 dB
	 $y_{5,64,53}$ = 19.61630767272844 dB
	 $y_{5,64,54}$ = 31.468803278557573 dB
	 $y_{5,64,61}$ = 17.901054288758104 dB
		SNR medio:  2.652189947875585
		Usuarios totais: 40
$x_{5,71}$
	 $y_{5,71,50}$ = 13.672325077157495 dB
	 $y_{5,71,91}$ = 15.7011015386703 dB
	 $y_{5,71,92}$ = 12.960332444574817 dB
	 $y_{5,71,44}$ = 10.919991552717292 dB
	 $y_{5,71,62}$ = 23.067195633767753 dB
	 $y_{5,71,70}$ = 22.983907715049554 dB
	 $y_{5,71,71}$ = 92.16190738033895 dB
	 $y_{5,71,73}$ = 13.433991391915185 dB
	 $y_{5,71,81}$ = 29.413149773933497 dB
	 $y_{5,71,72}$ = 30.40924400042445 dB
	 $y_{5,71,82}$ = 22.71012380411814 dB
	 $y_{5,71,84}$ = 10.853006165751907 dB
	 $y_{5,71,85}$ = 13.899954557710572 dB
		SNR medio:  13.573314392875215
		Usuarios totais: 23
$x_{5,76}$
	 $y_{5,76,59}$ = 15.800916258155084 dB
	 $y_{5,76,68}$ = 11.577810207984342 dB
	 $y_{5,76,69}$ = 16.25916374046831 dB
	 $y_{5,76,77}$ = 30.0065576132167 dB
	 $y_{5,76,79}$ = 18.330756286748283 dB
	 $y_{5,76,88}$ = 22.37388459141593 dB
	 $y_{5,76,89}$ = 10.348686429652588 dB
	 $y_{5,76,98}$ = 10.804303192105834 dB
	 $y_{5,76,99}$ = 19.04537048590265 dB
	 $y_{5,76,55}$ = 15.894254934857429 dB
	 $y_{5,76,56}$ = 14.473416542598187 dB
	 $y_{5,76,60}$ = 10.10540924970283 dB
	 $y_{5,76,75}$ = 32.72584837993189 dB
	 $y_{5,76,78}$ = 11.366731185182289 dB
	 $y_{5,76,86}$ = 30.714882893400073 dB
	 $y_{5,76,87}$ = 25.042928011761276 dB
	 $y_{5,76,93}$ = 12.838503014995382 dB
	 $y_{5,76,94}$ = 16.0471545145179 dB
	 $y_{5,76,96}$ = 13.98500489799359 dB
	 $y_{5,76,57}$ = 21.053669704916757 dB
	 $y_{5,76,66}$ = 16.995311222692763 dB
	 $y_{5,76,76}$ = 80.47711295292936 dB
	 $y_{5,76,52}$ = 11.366351283875574 dB
	 $y_{5,76,74}$ = 23.704702847969486 dB
		SNR medio:  12.283468261074363
		Usuarios totais: 40
Distances:
22 : 27 = 2000.0
22 : 64 = 1788.8543819998317
22 : 71 = 2039.607805437114
22 : 76 = 2561.2496949731394
27 : 64 = 2000.0
27 : 71 = 3124.099870362662
27 : 76 = 2039.607805437114
64 : 71 = 1264.9110640673518
64 : 76 = 894.4271909999159
71 : 76 = 2000.0
t=6
Antennas: [22 27 64 71 76]
Users: [ 0  1  2  3  5  6  8  9 10 11 12 13 14 15 16 17 18 19 20 21 22 23 24 25
 26 28 30 31 32 33 38 39 41 43 44 45 46 47 48 49 51 52 53 54 56 57 58 60
 61 62 64 65 66 67 70 71 72 74 75 76 77 78 79 80 81 82 84 85 86 87 88 89
 90 91 92 93 94 95 96 98 99]
MinSINR:  10.0
$x_{6,22}$
	 $y_{6,22,0}$ = 14.718754375625622 dB
	 $y_{6,22,1}$ = 12.449242950333684 dB
	 $y_{6,22,2}$ = 23.71878473948705 dB
	 $y_{6,22,3}$ = 17.11111204321631 dB
	 $y_{6,22,10}$ = 14.244140936555567 dB
	 $y_{6,22,11}$ = 22.65814002241548 dB
	 $y_{6,22,12}$ = 33.47526842984709 dB
	 $y_{6,22,13}$ = 20.28835042584882 dB
	 $y_{6,22,14}$ = 15.526915224303437 dB
	 $y_{6,22,20}$ = 17.77709288266479 dB
	 $y_{6,22,21}$ = 25.74247244353799 dB
	 $y_{6,22,30}$ = 11.337963310404035 dB
	 $y_{6,22,31}$ = 22.728007963088203 dB
	 $y_{6,22,32}$ = 32.36349804143231 dB
	 $y_{6,22,15}$ = 11.912658562883706 dB
	 $y_{6,22,16}$ = 10.189115511565063 dB
	 $y_{6,22,22}$ = 90.53290379009555 dB
	 $y_{6,22,24}$ = 22.996950926523567 dB
	 $y_{6,22,26}$ = 11.235444645788661 dB
		SNR medio:  10.775170430640424
		Usuarios totais: 40
$x_{6,27}$
	 $y_{6,27,5}$ = 11.49971228521197 dB
	 $y_{6,27,6}$ = 10.999603223696312 dB
	 $y_{6,27,8}$ = 16.111736563562545 dB
	 $y_{6,27,9}$ = 16.867288472807317 dB
	 $y_{6,27,17}$ = 35.24475417205219 dB
	 $y_{6,27,18}$ = 26.63148528822697 dB
	 $y_{6,27,19}$ = 14.029928019482938 dB
	 $y_{6,27,25}$ = 24.172063681222866 dB
	 $y_{6,27,28}$ = 24.7870419297802 dB
	 $y_{6,27,38}$ = 29.16873484465276 dB
	 $y_{6,27,39}$ = 13.394308666961706 dB
	 $y_{6,27,47}$ = 12.644744444984696 dB
	 $y_{6,27,49}$ = 17.088157146645486 dB
	 $y_{6,27,23}$ = 11.128728470737684 dB
	 $y_{6,27,48}$ = 21.77037037726697 dB
	 $y_{6,27,58}$ = 13.991520593431204 dB
	 $y_{6,27,95}$ = 10.958580882200152 dB
	 $y_{6,27,54}$ = 10.791429351526403 dB
	 $y_{6,27,57}$ = 14.244264424293803 dB
	 $y_{6,27,66}$ = 14.056167451099782 dB
	 $y_{6,27,85}$ = 13.840439389724239 dB
		SNR medio:  9.31848870973252
		Usuarios totais: 39
$x_{6,64}$
	 $y_{6,64,45}$ = 18.504808867379452 dB
	 $y_{6,64,65}$ = 25.115767245943573 dB
	 $y_{6,64,33}$ = 15.965386472798372 dB
	 $y_{6,64,43}$ = 23.765845956658595 dB
	 $y_{6,64,64}$ = 81.08188351772469 dB
	 $y_{6,64,41}$ = 11.743091362063467 dB
	 $y_{6,64,44}$ = 16.048523358739402 dB
	 $y_{6,64,51}$ = 12.231589651474138 dB
	 $y_{6,64,53}$ = 19.61630767272844 dB
	 $y_{6,64,56}$ = 21.057445457143174 dB
	 $y_{6,64,61}$ = 17.901054288758104 dB
	 $y_{6,64,62}$ = 12.868672637273647 dB
	 $y_{6,64,67}$ = 17.27788338099998 dB
	 $y_{6,64,70}$ = 16.947096298128415 dB
	 $y_{6,64,75}$ = 21.68303836092197 dB
	 $y_{6,64,78}$ = 14.828930664575836 dB
	 $y_{6,64,81}$ = 12.58784765646925 dB
	 $y_{6,64,86}$ = 16.232461463189267 dB
	 $y_{6,64,87}$ = 14.54063380307673 dB
	 $y_{6,64,94}$ = 13.176088764127343 dB
	 $y_{6,64,96}$ = 13.071059054642404 dB
	 $y_{6,64,46}$ = 11.98566542903572 dB
		SNR medio:  10.705777034096304
		Usuarios totais: 40
$x_{6,71}$
	 $y_{6,71,80}$ = 13.993195525614809 dB
	 $y_{6,71,90}$ = 13.748087269083427 dB
	 $y_{6,71,91}$ = 15.7011015386703 dB
	 $y_{6,71,92}$ = 12.960332444574817 dB
	 $y_{6,71,71}$ = 92.16190738033895 dB
		SNR medio:  14.85646241582823
		Usuarios totais: 10
$x_{6,76}$
	 $y_{6,76,77}$ = 30.0065576132167 dB
	 $y_{6,76,79}$ = 18.330756286748283 dB
	 $y_{6,76,88}$ = 22.37388459141593 dB
	 $y_{6,76,89}$ = 10.348686429652588 dB
	 $y_{6,76,98}$ = 10.804303192105834 dB
	 $y_{6,76,99}$ = 19.04537048590265 dB
	 $y_{6,76,60}$ = 10.10540924970283 dB
	 $y_{6,76,93}$ = 12.838503014995382 dB
	 $y_{6,76,52}$ = 11.366351283875574 dB
	 $y_{6,76,72}$ = 13.132227999505375 dB
	 $y_{6,76,74}$ = 23.704702847969486 dB
	 $y_{6,76,76}$ = 80.47711295292936 dB
	 $y_{6,76,82}$ = 12.650725351801213 dB
	 $y_{6,76,84}$ = 14.197791025400306 dB
		SNR medio:  10.71786601204524
		Usuarios totais: 27
Distances:
22 : 27 = 2000.0
22 : 64 = 1788.8543819998317
22 : 71 = 2039.607805437114
22 : 76 = 2561.2496949731394
27 : 64 = 2000.0
27 : 71 = 3124.099870362662
27 : 76 = 2039.607805437114
64 : 71 = 1264.9110640673518
64 : 76 = 894.4271909999159
71 : 76 = 2000.0
t=7
Antennas: [22 27 64 71 76]
Users: [ 3  4  7  8  9 10 11 12 13 14 15 18 19 20 21 22 23 24 25 26 27 28 29 32
 33 36 37 38 39 40 41 42 43 44 45 49 50 51 52 55 56 57 58 61 62 63 64 65
 66 67 69 70 71 74 75 76 77 78 79 80 82 84 85 89 90 92 93 95 96 97 99]
MinSINR:  10.0
$x_{7,22}$
	 $y_{7,22,3}$ = 17.11111204321631 dB
	 $y_{7,22,4}$ = 12.860373356574058 dB
	 $y_{7,22,10}$ = 14.244140936555567 dB
	 $y_{7,22,11}$ = 22.65814002241548 dB
	 $y_{7,22,12}$ = 33.47526842984709 dB
	 $y_{7,22,13}$ = 20.28835042584882 dB
	 $y_{7,22,14}$ = 15.526915224303437 dB
	 $y_{7,22,20}$ = 17.77709288266479 dB
	 $y_{7,22,21}$ = 25.74247244353799 dB
	 $y_{7,22,32}$ = 32.36349804143231 dB
	 $y_{7,22,22}$ = 90.53290379009555 dB
	 $y_{7,22,33}$ = 26.476551222024867 dB
	 $y_{7,22,40}$ = 17.088849687700787 dB
	 $y_{7,22,43}$ = 11.008101091869264 dB
		SNR medio:  18.79756682095191
		Usuarios totais: 19
$x_{7,27}$
	 $y_{7,27,7}$ = 21.049757302028212 dB
	 $y_{7,27,8}$ = 16.111736563562545 dB
	 $y_{7,27,9}$ = 16.867288472807317 dB
	 $y_{7,27,18}$ = 26.63148528822697 dB
	 $y_{7,27,19}$ = 14.029928019482938 dB
	 $y_{7,27,25}$ = 24.172063681222866 dB
	 $y_{7,27,27}$ = 90.18951895400343 dB
	 $y_{7,27,28}$ = 24.7870419297802 dB
	 $y_{7,27,29}$ = 21.165262899664185 dB
	 $y_{7,27,37}$ = 30.66630335823629 dB
	 $y_{7,27,38}$ = 29.16873484465276 dB
	 $y_{7,27,39}$ = 13.394308666961706 dB
	 $y_{7,27,49}$ = 17.088157146645486 dB
	 $y_{7,27,15}$ = 10.610231705806825 dB
	 $y_{7,27,24}$ = 15.935843215559402 dB
	 $y_{7,27,26}$ = 34.056116469751906 dB
	 $y_{7,27,36}$ = 16.763855437475883 dB
	 $y_{7,27,58}$ = 13.991520593431204 dB
	 $y_{7,27,95}$ = 10.958580882200152 dB
	 $y_{7,27,23}$ = 11.128728470737684 dB
	 $y_{7,27,57}$ = 14.244264424293803 dB
	 $y_{7,27,66}$ = 14.056167451099782 dB
	 $y_{7,27,85}$ = 13.840439389724239 dB
		SNR medio:  13.181771978088312
		Usuarios totais: 38
$x_{7,64}$
	 $y_{7,64,45}$ = 18.504808867379452 dB
	 $y_{7,64,65}$ = 25.115767245943573 dB
	 $y_{7,64,64}$ = 81.08188351772469 dB
		SNR medio:  12.470245963104771
		Usuarios totais: 10
$x_{7,71}$
	 $y_{7,71,50}$ = 13.672325077157495 dB
	 $y_{7,71,80}$ = 13.993195525614809 dB
	 $y_{7,71,90}$ = 13.748087269083427 dB
	 $y_{7,71,92}$ = 12.960332444574817 dB
	 $y_{7,71,44}$ = 10.919991552717292 dB
	 $y_{7,71,62}$ = 23.067195633767753 dB
	 $y_{7,71,70}$ = 22.983907715049554 dB
	 $y_{7,71,71}$ = 92.16190738033895 dB
	 $y_{7,71,93}$ = 10.535359957349726 dB
	 $y_{7,71,41}$ = 15.69997957631847 dB
	 $y_{7,71,42}$ = 11.827001435063295 dB
	 $y_{7,71,51}$ = 22.550051070510705 dB
	 $y_{7,71,52}$ = 17.463555369234996 dB
	 $y_{7,71,61}$ = 23.75342344999055 dB
	 $y_{7,71,63}$ = 17.890630403615873 dB
	 $y_{7,71,74}$ = 13.801217293568385 dB
	 $y_{7,71,82}$ = 22.71012380411814 dB
	 $y_{7,71,84}$ = 10.853006165751907 dB
		SNR medio:  10.588322603537888
		Usuarios totais: 35
$x_{7,76}$
	 $y_{7,76,69}$ = 16.25916374046831 dB
	 $y_{7,76,77}$ = 30.0065576132167 dB
	 $y_{7,76,79}$ = 18.330756286748283 dB
	 $y_{7,76,89}$ = 10.348686429652588 dB
	 $y_{7,76,97}$ = 19.031092226968013 dB
	 $y_{7,76,99}$ = 19.04537048590265 dB
	 $y_{7,76,55}$ = 15.894254934857429 dB
	 $y_{7,76,56}$ = 14.473416542598187 dB
	 $y_{7,76,67}$ = 23.32516849862175 dB
	 $y_{7,76,75}$ = 32.72584837993189 dB
	 $y_{7,76,78}$ = 11.366731185182289 dB
	 $y_{7,76,96}$ = 13.98500489799359 dB
	 $y_{7,76,76}$ = 80.47711295292936 dB
		SNR medio:  14.536626865479574
		Usuarios totais: 21
Distances:
22 : 27 = 2000.0
22 : 64 = 1788.8543819998317
22 : 71 = 2039.607805437114
22 : 76 = 2561.2496949731394
27 : 64 = 2000.0
27 : 71 = 3124.099870362662
27 : 76 = 2039.607805437114
64 : 71 = 1264.9110640673518
64 : 76 = 894.4271909999159
71 : 76 = 2000.0
t=8
Antennas: [22 27 64 71 76]
Users: [ 0  2  3  4  5  7  8  9 10 11 14 16 18 19 20 21 22 24 26 27 28 29 34 35
 36 37 39 40 42 43 44 45 47 49 50 56 58 59 61 65 66 67 68 70 73 76 77 79
 80 82 84 85 86 88 90 91 92 93 94 98 99]
MinSINR:  10.0
$x_{8,22}$
	 $y_{8,22,0}$ = 14.718754375625622 dB
	 $y_{8,22,2}$ = 23.71878473948705 dB
	 $y_{8,22,3}$ = 17.11111204321631 dB
	 $y_{8,22,4}$ = 12.860373356574058 dB
	 $y_{8,22,10}$ = 14.244140936555567 dB
	 $y_{8,22,11}$ = 22.65814002241548 dB
	 $y_{8,22,14}$ = 15.526915224303437 dB
	 $y_{8,22,20}$ = 17.77709288266479 dB
	 $y_{8,22,21}$ = 25.74247244353799 dB
	 $y_{8,22,22}$ = 90.53290379009555 dB
	 $y_{8,22,34}$ = 12.493212883756797 dB
	 $y_{8,22,40}$ = 17.088849687700787 dB
	 $y_{8,22,43}$ = 11.008101091869264 dB
	 $y_{8,22,42}$ = 10.784507952776522 dB
	 $y_{8,22,61}$ = 12.642086395317577 dB
		SNR medio:  11.389551708067742
		Usuarios totais: 28
$x_{8,27}$
	 $y_{8,27,5}$ = 11.49971228521197 dB
	 $y_{8,27,7}$ = 21.049757302028212 dB
	 $y_{8,27,8}$ = 16.111736563562545 dB
	 $y_{8,27,9}$ = 16.867288472807317 dB
	 $y_{8,27,18}$ = 26.63148528822697 dB
	 $y_{8,27,19}$ = 14.029928019482938 dB
	 $y_{8,27,27}$ = 90.18951895400343 dB
	 $y_{8,27,28}$ = 24.7870419297802 dB
	 $y_{8,27,29}$ = 21.165262899664185 dB
	 $y_{8,27,37}$ = 30.66630335823629 dB
	 $y_{8,27,39}$ = 13.394308666961706 dB
	 $y_{8,27,47}$ = 12.644744444984696 dB
	 $y_{8,27,49}$ = 17.088157146645486 dB
	 $y_{8,27,16}$ = 28.896200601539363 dB
	 $y_{8,27,24}$ = 15.935843215559402 dB
	 $y_{8,27,26}$ = 34.056116469751906 dB
	 $y_{8,27,35}$ = 12.97655364587456 dB
	 $y_{8,27,36}$ = 16.763855437475883 dB
	 $y_{8,27,58}$ = 13.991520593431204 dB
	 $y_{8,27,66}$ = 14.056167451099782 dB
	 $y_{8,27,85}$ = 13.840439389724239 dB
		SNR medio:  13.332626918172924
		Usuarios totais: 35
$x_{8,64}$
	 $y_{8,64,45}$ = 18.504808867379452 dB
	 $y_{8,64,65}$ = 25.115767245943573 dB
		SNR medio:  21.810288056661513
		Usuarios totais: 2
$x_{8,71}$
	 $y_{8,71,50}$ = 13.672325077157495 dB
	 $y_{8,71,80}$ = 13.993195525614809 dB
	 $y_{8,71,90}$ = 13.748087269083427 dB
	 $y_{8,71,91}$ = 15.7011015386703 dB
	 $y_{8,71,92}$ = 12.960332444574817 dB
	 $y_{8,71,44}$ = 10.919991552717292 dB
	 $y_{8,71,70}$ = 22.983907715049554 dB
	 $y_{8,71,73}$ = 13.433991391915185 dB
		SNR medio:  9.784411042898574
		Usuarios totais: 12
$x_{8,76}$
	 $y_{8,76,59}$ = 15.800916258155084 dB
	 $y_{8,76,68}$ = 11.577810207984342 dB
	 $y_{8,76,77}$ = 30.0065576132167 dB
	 $y_{8,76,79}$ = 18.330756286748283 dB
	 $y_{8,76,88}$ = 22.37388459141593 dB
	 $y_{8,76,98}$ = 10.804303192105834 dB
	 $y_{8,76,99}$ = 19.04537048590265 dB
	 $y_{8,76,56}$ = 14.473416542598187 dB
	 $y_{8,76,67}$ = 23.32516849862175 dB
	 $y_{8,76,86}$ = 30.714882893400073 dB
	 $y_{8,76,93}$ = 12.838503014995382 dB
	 $y_{8,76,94}$ = 16.0471545145179 dB
	 $y_{8,76,76}$ = 80.47711295292936 dB
	 $y_{8,76,82}$ = 12.650725351801213 dB
	 $y_{8,76,84}$ = 14.197791025400306 dB
		SNR medio:  15.841159687132999
		Usuarios totais: 21
Distances:
22 : 27 = 2000.0
22 : 64 = 1788.8543819998317
22 : 71 = 2039.607805437114
22 : 76 = 2561.2496949731394
27 : 64 = 2000.0
27 : 71 = 3124.099870362662
27 : 76 = 2039.607805437114
64 : 71 = 1264.9110640673518
64 : 76 = 894.4271909999159
71 : 76 = 2000.0
t=9
Antennas: [22 27 64 71 76]
Users: [ 0  2  5  7  8  9 11 12 14 16 19 24 26 27 28 29 30 31 32 35 39 40 41 42
 43 44 45 47 50 52 53 54 55 57 61 62 65 66 67 71 72 76 81 82 87 88 89 91
 94 96 97]
MinSINR:  10.0
$x_{9,22}$
	 $y_{9,22,0}$ = 14.718754375625622 dB
	 $y_{9,22,2}$ = 23.71878473948705 dB
	 $y_{9,22,11}$ = 22.65814002241548 dB
	 $y_{9,22,12}$ = 33.47526842984709 dB
	 $y_{9,22,14}$ = 15.526915224303437 dB
	 $y_{9,22,30}$ = 11.337963310404035 dB
	 $y_{9,22,31}$ = 22.728007963088203 dB
	 $y_{9,22,32}$ = 32.36349804143231 dB
	 $y_{9,22,40}$ = 17.088849687700787 dB
	 $y_{9,22,43}$ = 11.008101091869264 dB
	 $y_{9,22,41}$ = 13.70418605527749 dB
	 $y_{9,22,42}$ = 10.784507952776522 dB
	 $y_{9,22,53}$ = 11.386109111843865 dB
	 $y_{9,22,61}$ = 12.642086395317577 dB
		SNR medio:  14.06339846674382
		Usuarios totais: 18
$x_{9,27}$
	 $y_{9,27,5}$ = 11.49971228521197 dB
	 $y_{9,27,7}$ = 21.049757302028212 dB
	 $y_{9,27,8}$ = 16.111736563562545 dB
	 $y_{9,27,9}$ = 16.867288472807317 dB
	 $y_{9,27,19}$ = 14.029928019482938 dB
	 $y_{9,27,27}$ = 90.18951895400343 dB
	 $y_{9,27,28}$ = 24.7870419297802 dB
	 $y_{9,27,29}$ = 21.165262899664185 dB
	 $y_{9,27,39}$ = 13.394308666961706 dB
	 $y_{9,27,47}$ = 12.644744444984696 dB
	 $y_{9,27,16}$ = 28.896200601539363 dB
	 $y_{9,27,24}$ = 15.935843215559402 dB
	 $y_{9,27,26}$ = 34.056116469751906 dB
	 $y_{9,27,35}$ = 12.97655364587456 dB
	 $y_{9,27,57}$ = 14.244264424293803 dB
	 $y_{9,27,66}$ = 14.056167451099782 dB
	 $y_{9,27,54}$ = 10.791429351526403 dB
		SNR medio:  16.204168465136195
		Usuarios totais: 23
$x_{9,64}$
	 $y_{9,64,45}$ = 18.504808867379452 dB
	 $y_{9,64,65}$ = 25.115767245943573 dB
		SNR medio:  21.810288056661513
		Usuarios totais: 2
$x_{9,71}$
	 $y_{9,71,50}$ = 13.672325077157495 dB
	 $y_{9,71,91}$ = 15.7011015386703 dB
	 $y_{9,71,44}$ = 10.919991552717292 dB
	 $y_{9,71,62}$ = 23.067195633767753 dB
	 $y_{9,71,71}$ = 92.16190738033895 dB
	 $y_{9,71,81}$ = 29.413149773933497 dB
	 $y_{9,71,52}$ = 17.463555369234996 dB
	 $y_{9,71,72}$ = 30.40924400042445 dB
	 $y_{9,71,82}$ = 22.71012380411814 dB
		SNR medio:  19.655276471566374
		Usuarios totais: 13
$x_{9,76}$
	 $y_{9,76,88}$ = 22.37388459141593 dB
	 $y_{9,76,89}$ = 10.348686429652588 dB
	 $y_{9,76,97}$ = 19.031092226968013 dB
	 $y_{9,76,55}$ = 15.894254934857429 dB
	 $y_{9,76,67}$ = 23.32516849862175 dB
	 $y_{9,76,87}$ = 25.042928011761276 dB
	 $y_{9,76,94}$ = 16.0471545145179 dB
	 $y_{9,76,96}$ = 13.98500489799359 dB
	 $y_{9,76,76}$ = 80.47711295292936 dB
		SNR medio:  20.59320791442889
		Usuarios totais: 11
Distances:
22 : 27 = 2000.0
22 : 64 = 1788.8543819998317
22 : 71 = 2039.607805437114
22 : 76 = 2561.2496949731394
27 : 64 = 2000.0
27 : 71 = 3124.099870362662
27 : 76 = 2039.607805437114
64 : 71 = 1264.9110640673518
64 : 76 = 894.4271909999159
71 : 76 = 2000.0
t=10
Antennas: [22 27 64 71 76]
Users: [ 4 10 14 24 25 31 35 37 38 39 40 42 47 48 50 52 54 57 59 60 61 69 71 72
 81 85 87 88 89 90 97 98]
MinSINR:  10.0
$x_{10,22}$
	 $y_{10,22,4}$ = 12.860373356574058 dB
	 $y_{10,22,10}$ = 14.244140936555567 dB
	 $y_{10,22,14}$ = 15.526915224303437 dB
	 $y_{10,22,31}$ = 22.728007963088203 dB
	 $y_{10,22,40}$ = 17.088849687700787 dB
		SNR medio:  16.48965743364441
		Usuarios totais: 5
$x_{10,27}$
	 $y_{10,27,25}$ = 24.172063681222866 dB
	 $y_{10,27,37}$ = 30.66630335823629 dB
	 $y_{10,27,38}$ = 29.16873484465276 dB
	 $y_{10,27,39}$ = 13.394308666961706 dB
	 $y_{10,27,47}$ = 12.644744444984696 dB
	 $y_{10,27,24}$ = 15.935843215559402 dB
	 $y_{10,27,35}$ = 12.97655364587456 dB
	 $y_{10,27,48}$ = 21.77037037726697 dB
		SNR medio:  16.072892223475925
		Usuarios totais: 10
$x_{10,64}$
		Usuarios totais: 0
$x_{10,71}$
	 $y_{10,71,50}$ = 13.672325077157495 dB
	 $y_{10,71,90}$ = 13.748087269083427 dB
	 $y_{10,71,71}$ = 92.16190738033895 dB
	 $y_{10,71,81}$ = 29.413149773933497 dB
	 $y_{10,71,42}$ = 11.827001435063295 dB
	 $y_{10,71,61}$ = 23.75342344999055 dB
		SNR medio:  20.508432709507467
		Usuarios totais: 9
$x_{10,76}$
	 $y_{10,76,59}$ = 15.800916258155084 dB
	 $y_{10,76,69}$ = 16.25916374046831 dB
	 $y_{10,76,88}$ = 22.37388459141593 dB
	 $y_{10,76,89}$ = 10.348686429652588 dB
	 $y_{10,76,97}$ = 19.031092226968013 dB
	 $y_{10,76,98}$ = 10.804303192105834 dB
	 $y_{10,76,60}$ = 10.10540924970283 dB
	 $y_{10,76,87}$ = 25.042928011761276 dB
	 $y_{10,76,52}$ = 11.366351283875574 dB
	 $y_{10,76,57}$ = 21.053669704916757 dB
	 $y_{10,76,72}$ = 13.132227999505375 dB
	 $y_{10,76,54}$ = 16.674863862513604 dB
	 $y_{10,76,85}$ = 29.761349978348974 dB
		SNR medio:  13.859677908086887
		Usuarios totais: 16
Distances:
22 : 27 = 2000.0
22 : 64 = 1788.8543819998317
22 : 71 = 2039.607805437114
22 : 76 = 2561.2496949731394
27 : 64 = 2000.0
27 : 71 = 3124.099870362662
27 : 76 = 2039.607805437114
64 : 71 = 1264.9110640673518
64 : 76 = 894.4271909999159
71 : 76 = 2000.0
t=11
Antennas: [22 27 64 71 76]
Users: [59 60 63 68 75 91]
MinSINR:  10.0
$x_{11,22}$
		Usuarios totais: 0
$x_{11,27}$
		Usuarios totais: 0
$x_{11,64}$
		Usuarios totais: 0
$x_{11,71}$
	 $y_{11,71,91}$ = 15.7011015386703 dB
		SNR medio:  15.7011015386703
		Usuarios totais: 1
$x_{11,76}$
	 $y_{11,76,59}$ = 15.800916258155084 dB
	 $y_{11,76,68}$ = 11.577810207984342 dB
	 $y_{11,76,60}$ = 10.10540924970283 dB
	 $y_{11,76,75}$ = 32.72584837993189 dB
	 $y_{11,76,63}$ = 14.746973595165215 dB
		SNR medio:  16.991391538187873
		Usuarios totais: 5
Distances:
22 : 27 = 2000.0
22 : 64 = 1788.8543819998317
22 : 71 = 2039.607805437114
22 : 76 = 2561.2496949731394
27 : 64 = 2000.0
27 : 71 = 3124.099870362662
27 : 76 = 2039.607805437114
64 : 71 = 1264.9110640673518
64 : 76 = 894.4271909999159
71 : 76 = 2000.0
--- Done after 0.19956871602270337 hours. ---
