-------------Calculating Solution (this may take a while)
+++++++++++++++++++Min Sinr: 10 dB (fixed)
+++++++++++++++++++With backhaul constraint. Start: 2023-01-06 21:02:55

Parameters:
- chosen seed 16
- Map with 100 sectors
- Map 4000 x 4000 m
- Sector has a side of 400 m
- Max time:  12
- users_t_m:  [[0, 0, 0, 0, 0, 0, 0, 0, 0, 0, 0, 0, 0, 0, 0, 0, 0, 0, 0, 0, 0, 0, 0, 0, 0, 0, 0, 0, 0, 0, 0, 0, 0, 1, 1, 0, 0, 0, 0, 0, 0, 0, 0, 2, 0, 0, 0, 0, 0, 0, 0, 0, 0, 17, 4, 0, 0, 0, 0, 0, 0, 0, 0, 0, 0, 0, 0, 0, 0, 0, 0, 0, 0, 0, 0, 0, 0, 0, 0, 0, 0, 0, 0, 0, 0, 0, 0, 0, 0, 0, 0, 0, 0, 0, 0, 0, 0, 0, 0, 0], [1, 0, 0, 2, 1, 0, 0, 0, 0, 0, 0, 0, 1, 0, 0, 1, 0, 0, 0, 1, 0, 0, 0, 1, 0, 0, 0, 0, 0, 0, 0, 0, 1, 3, 1, 0, 1, 0, 0, 0, 2, 0, 0, 5, 3, 1, 0, 0, 0, 0, 0, 1, 0, 20, 2, 0, 0, 0, 1, 0, 0, 0, 0, 0, 0, 0, 0, 0, 0, 0, 0, 0, 0, 0, 0, 0, 1, 0, 0, 0, 0, 1, 0, 0, 0, 0, 0, 0, 0, 1, 0, 0, 0, 0, 1, 0, 1, 1, 0, 1], [1, 1, 1, 0, 0, 0, 0, 0, 0, 1, 1, 0, 0, 0, 1, 0, 1, 0, 0, 0, 1, 1, 1, 2, 0, 0, 1, 1, 2, 1, 0, 0, 0, 2, 1, 0, 0, 0, 1, 0, 2, 0, 1, 7, 1, 1, 0, 0, 1, 0, 0, 0, 0, 17, 2, 0, 1, 0, 1, 0, 0, 0, 1, 1, 1, 1, 0, 2, 1, 0, 0, 0, 1, 0, 2, 0, 0, 0, 3, 0, 2, 1, 1, 1, 0, 0, 1, 0, 3, 1, 1, 1, 0, 1, 0, 0, 1, 2, 0, 0], [0, 1, 1, 0, 3, 3, 1, 0, 2, 1, 0, 1, 0, 2, 1, 0, 1, 0, 2, 0, 1, 1, 1, 1, 0, 0, 0, 0, 1, 1, 1, 1, 1, 2, 0, 0, 1, 1, 0, 0, 1, 1, 1, 11, 3, 2, 0, 1, 1, 1, 1, 0, 2, 17, 3, 0, 1, 0, 2, 0, 2, 2, 2, 0, 0, 0, 0, 1, 1, 0, 2, 0, 1, 0, 1, 1, 2, 1, 2, 1, 0, 1, 3, 0, 1, 0, 2, 2, 0, 2, 0, 1, 2, 1, 0, 1, 0, 0, 0, 2], [0, 5, 3, 0, 1, 0, 1, 3, 1, 3, 0, 0, 2, 0, 0, 1, 2, 0, 1, 1, 1, 4, 1, 2, 0, 1, 1, 0, 1, 2, 0, 3, 1, 3, 1, 2, 0, 0, 1, 2, 1, 0, 2, 9, 6, 1, 0, 1, 4, 0, 1, 2, 2, 18, 2, 1, 1, 1, 0, 0, 1, 4, 0, 1, 0, 1, 2, 0, 5, 2, 0, 1, 0, 0, 1, 0, 2, 0, 1, 1, 0, 0, 1, 2, 1, 2, 2, 1, 1, 1, 1, 2, 1, 3, 1, 1, 1, 0, 2, 1], [0, 0, 1, 1, 0, 2, 3, 1, 0, 0, 2, 1, 1, 3, 2, 1, 1, 2, 3, 2, 4, 3, 3, 2, 2, 1, 2, 1, 3, 3, 2, 2, 1, 3, 1, 1, 1, 1, 0, 2, 1, 1, 2, 5, 4, 0, 5, 0, 1, 1, 1, 0, 1, 26, 4, 3, 3, 2, 4, 2, 2, 1, 1, 0, 0, 4, 1, 0, 2, 1, 1, 1, 2, 1, 1, 2, 3, 1, 1, 1, 0, 2, 1, 0, 1, 2, 1, 1, 1, 2, 0, 2, 4, 1, 1, 0, 2, 0, 2, 3], [2, 2, 2, 2, 0, 1, 3, 0, 1, 2, 1, 1, 1, 2, 1, 5, 1, 1, 2, 1, 6, 1, 1, 1, 1, 3, 4, 0, 2, 0, 2, 4, 1, 3, 0, 0, 0, 0, 1, 1, 0, 1, 0, 2, 1, 4, 1, 2, 2, 2, 0, 1, 1, 1, 1, 0, 1, 3, 3, 0, 2, 3, 4, 0, 1, 1, 2, 1, 0, 0, 2, 2, 1, 0, 5, 2, 1, 2, 4, 1, 1, 1, 4, 0, 1, 3, 2, 1, 1, 2, 2, 3, 2, 2, 1, 2, 2, 0, 2, 2], [0, 0, 0, 1, 2, 0, 0, 2, 2, 4, 1, 1, 1, 1, 1, 1, 0, 0, 3, 2, 1, 1, 2, 1, 1, 2, 2, 1, 1, 1, 0, 0, 1, 2, 0, 0, 1, 1, 2, 1, 3, 3, 1, 1, 1, 2, 0, 0, 0, 2, 2, 1, 3, 0, 0, 2, 1, 1, 3, 0, 0, 1, 4, 1, 5, 3, 1, 1, 0, 1, 3, 1, 0, 0, 1, 3, 3, 1, 1, 1, 2, 0, 1, 0, 2, 1, 0, 0, 0, 1, 4, 0, 3, 1, 0, 2, 1, 2, 0, 3], [4, 0, 3, 3, 1, 1, 0, 1, 2, 2, 1, 3, 0, 0, 1, 0, 2, 0, 1, 4, 2, 1, 1, 0, 1, 0, 2, 1, 1, 2, 0, 0, 0, 0, 1, 4, 1, 1, 0, 2, 2, 0, 2, 1, 2, 1, 0, 1, 0, 2, 2, 0, 0, 0, 0, 0, 1, 0, 1, 1, 0, 2, 0, 0, 0, 1, 2, 1, 1, 0, 1, 0, 0, 1, 0, 0, 2, 1, 0, 2, 2, 0, 1, 0, 1, 1, 2, 0, 2, 0, 1, 1, 2, 1, 3, 0, 0, 0, 1, 1], [1, 0, 1, 0, 0, 1, 0, 2, 1, 1, 0, 3, 2, 0, 1, 0, 1, 0, 0, 1, 0, 0, 0, 0, 1, 0, 2, 1, 1, 1, 1, 1, 1, 0, 0, 2, 0, 0, 0, 2, 1, 1, 2, 1, 1, 1, 0, 1, 0, 0, 2, 0, 1, 1, 2, 1, 0, 2, 0, 0, 0, 1, 1, 0, 0, 1, 1, 1, 0, 0, 0, 2, 2, 0, 0, 0, 2, 0, 0, 0, 0, 2, 1, 0, 0, 0, 0, 1, 2, 1, 0, 1, 0, 0, 1, 0, 1, 1, 0, 0], [0, 0, 0, 0, 1, 0, 0, 0, 0, 0, 1, 0, 0, 0, 1, 0, 0, 0, 0, 0, 0, 0, 0, 0, 1, 1, 0, 0, 0, 0, 0, 1, 0, 0, 0, 3, 0, 1, 1, 1, 1, 0, 3, 0, 0, 0, 0, 1, 1, 0, 1, 0, 1, 0, 2, 0, 0, 1, 0, 1, 1, 1, 0, 0, 0, 0, 0, 0, 0, 1, 0, 1, 2, 0, 0, 0, 0, 0, 0, 0, 0, 2, 0, 0, 0, 1, 0, 1, 1, 2, 1, 0, 0, 0, 0, 0, 0, 1, 1, 0], [0, 0, 0, 0, 0, 0, 0, 0, 0, 0, 0, 0, 0, 0, 0, 0, 0, 0, 0, 0, 0, 0, 0, 0, 0, 0, 0, 0, 0, 0, 0, 0, 0, 0, 0, 0, 0, 0, 0, 0, 0, 0, 0, 0, 0, 0, 0, 0, 0, 0, 0, 0, 0, 0, 0, 0, 0, 0, 0, 1, 1, 0, 0, 1, 0, 0, 0, 0, 1, 0, 0, 0, 0, 0, 0, 1, 0, 0, 0, 0, 0, 0, 0, 0, 0, 0, 0, 0, 0, 0, 0, 1, 0, 0, 0, 0, 0, 0, 0, 0]]
MAX_USER_PER_ANTENNAS_m:  [40, 40, 40, 40, 40, 40, 40, 40, 40, 40, 40, 40, 40, 40, 40, 40, 40, 40, 40, 40, 40, 40, 40, 40, 40, 40, 40, 40, 40, 40, 40, 40, 40, 40, 40, 40, 40, 40, 40, 40, 40, 40, 40, 40, 40, 40, 40, 40, 40, 40, 40, 40, 40, 40, 40, 40, 40, 40, 40, 40, 40, 40, 40, 40, 40, 40, 40, 40, 40, 40, 40, 40, 40, 40, 40, 40, 40, 40, 40, 40, 40, 40, 40, 40, 40, 40, 40, 40, 40, 40, 40, 40, 40, 40, 40, 40, 40, 40, 40, 40]
antennas_map_m:  [1, 1, 1, 1, 1, 1, 1, 1, 1, 1, 1, 1, 1, 1, 1, 1, 1, 1, 1, 1, 1, 1, 1, 1, 1, 1, 1, 1, 1, 1, 1, 1, 1, 1, 1, 1, 1, 1, 1, 1, 1, 1, 1, 1, 1, 1, 1, 1, 1, 1, 1, 1, 1, 1, 1, 1, 1, 1, 1, 1, 1, 1, 1, 1, 1, 1, 1, 1, 1, 1, 1, 1, 1, 1, 1, 1, 1, 1, 1, 1, 1, 1, 1, 1, 1, 1, 1, 1, 1, 1, 1, 1, 1, 1, 1, 1, 1, 1, 1, 1]
FIRST_ANTENNA:  27
MIN_SNR_m:  [10.0, 10.0, 10.0, 10.0, 10.0, 10.0, 10.0, 10.0, 10.0, 10.0, 10.0, 10.0, 10.0, 10.0, 10.0, 10.0, 10.0, 10.0, 10.0, 10.0, 10.0, 10.0, 10.0, 10.0, 10.0, 10.0, 10.0, 10.0, 10.0, 10.0, 10.0, 10.0, 10.0, 10.0, 10.0, 10.0, 10.0, 10.0, 10.0, 10.0, 10.0, 10.0, 10.0, 10.0, 10.0, 10.0, 10.0, 10.0, 10.0, 10.0, 10.0, 10.0, 10.0, 10.0, 10.0, 10.0, 10.0, 10.0, 10.0, 10.0, 10.0, 10.0, 10.0, 10.0, 10.0, 10.0, 10.0, 10.0, 10.0, 10.0, 10.0, 10.0, 10.0, 10.0, 10.0, 10.0, 10.0, 10.0, 10.0, 10.0, 10.0, 10.0, 10.0, 10.0, 10.0, 10.0, 10.0, 10.0, 10.0, 10.0, 10.0, 10.0, 10.0, 10.0, 10.0, 10.0, 10.0, 10.0, 10.0, 10.0]
-MIN_DIST:  2000
- disaster percentage:  0

Média de carros: 4.666666666666667
t=0
$x_{0,22}$
	 $y_{0,22,33}$ = 26.476551222024867 dB
	 $y_{0,22,34}$ = 12.493212883756797 dB
	 $y_{0,22,43}$ = 11.008101091869264 dB
	 $y_{0,22,53}$ = 11.386109111843865 dB
		SNR medio: 20.867208812137115
		Usuarios totais: 21
$x_{0,27}$
	 $y_{0,27,54}$ = 10.791429351526403 dB
		SNR medio: 10.791429351526403
		Usuarios totais: 4
Distances:
22 : 27 = 2000.0
t=1
$x_{1,22}$
	 $y_{1,22,0}$ = 14.718754375625622 dB
	 $y_{1,22,3}$ = 17.11111204321631 dB
	 $y_{1,22,4}$ = 12.860373356574058 dB
	 $y_{1,22,12}$ = 33.47526842984709 dB
	 $y_{1,22,32}$ = 32.36349804143231 dB
	 $y_{1,22,34}$ = 12.493212883756797 dB
	 $y_{1,22,40}$ = 17.088849687700787 dB
	 $y_{1,22,43}$ = 11.008101091869264 dB
	 $y_{1,22,53}$ = 11.386109111843865 dB
		SNR medio: 26.63274220539643
		Usuarios totais: 34
$x_{1,27}$
	 $y_{1,27,15}$ = 10.610231705806825 dB
	 $y_{1,27,23}$ = 11.128728470737684 dB
	 $y_{1,27,36}$ = 16.763855437475883 dB
	 $y_{1,27,58}$ = 13.991520593431204 dB
	 $y_{1,27,76}$ = 10.638699934175264 dB
		SNR medio: 13.36848244165602
		Usuarios totais: 5
$x_{1,74}$
	 $y_{1,74,33}$ = 13.464063753241874 dB
	 $y_{1,74,44}$ = 12.613406115183722 dB
	 $y_{1,74,45}$ = 18.22219914853146 dB
	 $y_{1,74,51}$ = 10.908613326622032 dB
	 $y_{1,74,54}$ = 19.788647108269345 dB
	 $y_{1,74,81}$ = 15.231908338901874 dB
	 $y_{1,74,94}$ = 20.406113406204852 dB
		SNR medio: 17.083001328727647
		Usuarios totais: 12
$x_{1,79}$
	 $y_{1,79,19}$ = 12.010494280165005 dB
	 $y_{1,79,89}$ = 34.97702854032115 dB
	 $y_{1,79,96}$ = 10.595980939422844 dB
	 $y_{1,79,97}$ = 15.80706506766596 dB
	 $y_{1,79,99}$ = 18.98468114630205 dB
		SNR medio: 28.1825064549203
		Usuarios totais: 5
Distances:
22 : 27 = 2000.0
22 : 74 = 2154.0659228538016
22 : 79 = 3440.9301068170507
27 : 74 = 2332.38075793812
27 : 79 = 2154.0659228538016
74 : 79 = 2000.0
t=2
$x_{2,22}$
	 $y_{2,22,0}$ = 14.718754375625622 dB
	 $y_{2,22,1}$ = 12.449242950333684 dB
	 $y_{2,22,2}$ = 23.71878473948705 dB
	 $y_{2,22,10}$ = 14.244140936555567 dB
	 $y_{2,22,14}$ = 15.526915224303437 dB
	 $y_{2,22,20}$ = 17.77709288266479 dB
	 $y_{2,22,21}$ = 25.74247244353799 dB
	 $y_{2,22,22}$ = 90.53290379009555 dB
	 $y_{2,22,33}$ = 26.476551222024867 dB
	 $y_{2,22,34}$ = 12.493212883756797 dB
	 $y_{2,22,43}$ = 11.008101091869264 dB
	 $y_{2,22,64}$ = 11.618264119516056 dB
		SNR medio: 79.7410962052294
		Usuarios totais: 19
$x_{2,27}$
	 $y_{2,27,9}$ = 16.867288472807317 dB
	 $y_{2,27,16}$ = 28.896200601539363 dB
	 $y_{2,27,23}$ = 11.128728470737684 dB
	 $y_{2,27,26}$ = 34.056116469751906 dB
	 $y_{2,27,27}$ = 90.18951895400343 dB
	 $y_{2,27,28}$ = 24.7870419297802 dB
	 $y_{2,27,29}$ = 21.165262899664185 dB
	 $y_{2,27,38}$ = 29.16873484465276 dB
	 $y_{2,27,48}$ = 21.77037037726697 dB
	 $y_{2,27,54}$ = 10.791429351526403 dB
	 $y_{2,27,58}$ = 13.991520593431204 dB
		SNR medio: 79.77561216965606
		Usuarios totais: 14
$x_{2,71}$
	 $y_{2,71,40}$ = 13.938563068860333 dB
	 $y_{2,71,42}$ = 11.827001435063295 dB
	 $y_{2,71,44}$ = 10.919991552717292 dB
	 $y_{2,71,53}$ = 18.50006509368869 dB
	 $y_{2,71,62}$ = 23.067195633767753 dB
	 $y_{2,71,63}$ = 17.890630403615873 dB
	 $y_{2,71,80}$ = 13.993195525614809 dB
	 $y_{2,71,82}$ = 22.71012380411814 dB
	 $y_{2,71,90}$ = 13.748087269083427 dB
	 $y_{2,71,91}$ = 15.7011015386703 dB
	 $y_{2,71,93}$ = 10.535359957349726 dB
		SNR medio: 17.85469683058969
		Usuarios totais: 29
$x_{2,74}$
	 $y_{2,74,45}$ = 18.22219914853146 dB
	 $y_{2,74,65}$ = 23.217476755354156 dB
	 $y_{2,74,72}$ = 13.81994472140346 dB
	 $y_{2,74,74}$ = 92.72941004001521 dB
	 $y_{2,74,81}$ = 15.231908338901874 dB
	 $y_{2,74,83}$ = 24.435131737579113 dB
	 $y_{2,74,86}$ = 21.860307884895775 dB
		SNR medio: 84.27843141150346
		Usuarios totais: 8
$x_{2,79}$
	 $y_{2,79,56}$ = 11.30894294043361 dB
	 $y_{2,79,67}$ = 11.170332489977454 dB
	 $y_{2,79,68}$ = 19.602174754053294 dB
	 $y_{2,79,78}$ = 25.882838430613276 dB
	 $y_{2,79,88}$ = 23.58645422935099 dB
	 $y_{2,79,89}$ = 34.97702854032115 dB
	 $y_{2,79,96}$ = 10.595980939422844 dB
	 $y_{2,79,97}$ = 15.80706506766596 dB
		SNR medio: 26.91179695285527
		Usuarios totais: 14
Distances:
22 : 27 = 2000.0
22 : 71 = 2039.607805437114
22 : 74 = 2154.0659228538016
22 : 79 = 3440.9301068170507
27 : 71 = 3124.099870362662
27 : 74 = 2332.38075793812
27 : 79 = 2154.0659228538016
71 : 74 = 1200.0
71 : 79 = 3200.0
74 : 79 = 2000.0
t=3
$x_{3,22}$
	 $y_{3,22,1}$ = 12.449242950333684 dB
	 $y_{3,22,2}$ = 23.71878473948705 dB
	 $y_{3,22,4}$ = 12.860373356574058 dB
	 $y_{3,22,11}$ = 22.65814002241548 dB
	 $y_{3,22,13}$ = 20.28835042584882 dB
	 $y_{3,22,14}$ = 15.526915224303437 dB
	 $y_{3,22,20}$ = 17.77709288266479 dB
	 $y_{3,22,21}$ = 25.74247244353799 dB
	 $y_{3,22,22}$ = 90.53290379009555 dB
	 $y_{3,22,30}$ = 11.337963310404035 dB
	 $y_{3,22,31}$ = 22.728007963088203 dB
	 $y_{3,22,32}$ = 32.36349804143231 dB
	 $y_{3,22,33}$ = 26.476551222024867 dB
	 $y_{3,22,42}$ = 10.784507952776522 dB
	 $y_{3,22,43}$ = 11.008101091869264 dB
	 $y_{3,22,61}$ = 12.642086395317577 dB
		SNR medio: 78.49171720101508
		Usuarios totais: 31
$x_{3,27}$
	 $y_{3,27,5}$ = 11.49971228521197 dB
	 $y_{3,27,6}$ = 10.999603223696312 dB
	 $y_{3,27,8}$ = 16.111736563562545 dB
	 $y_{3,27,9}$ = 16.867288472807317 dB
	 $y_{3,27,16}$ = 28.896200601539363 dB
	 $y_{3,27,18}$ = 26.63148528822697 dB
	 $y_{3,27,28}$ = 24.7870419297802 dB
	 $y_{3,27,29}$ = 21.165262899664185 dB
	 $y_{3,27,36}$ = 16.763855437475883 dB
	 $y_{3,27,37}$ = 30.66630335823629 dB
	 $y_{3,27,47}$ = 12.644744444984696 dB
	 $y_{3,27,48}$ = 21.77037037726697 dB
	 $y_{3,27,49}$ = 17.088157146645486 dB
	 $y_{3,27,54}$ = 10.791429351526403 dB
	 $y_{3,27,58}$ = 13.991520593431204 dB
	 $y_{3,27,76}$ = 10.638699934175264 dB
	 $y_{3,27,95}$ = 10.958580882200152 dB
		SNR medio: 22.851983726945377
		Usuarios totais: 25
$x_{3,71}$
	 $y_{3,71,23}$ = 11.491563355734854 dB
	 $y_{3,71,40}$ = 13.938563068860333 dB
	 $y_{3,71,41}$ = 15.69997957631847 dB
	 $y_{3,71,44}$ = 10.919991552717292 dB
	 $y_{3,71,50}$ = 13.672325077157495 dB
	 $y_{3,71,53}$ = 18.50006509368869 dB
	 $y_{3,71,60}$ = 29.483212762435386 dB
	 $y_{3,71,62}$ = 23.067195633767753 dB
	 $y_{3,71,70}$ = 22.983907715049554 dB
	 $y_{3,71,72}$ = 30.40924400042445 dB
	 $y_{3,71,81}$ = 29.413149773933497 dB
	 $y_{3,71,82}$ = 22.71012380411814 dB
	 $y_{3,71,84}$ = 10.853006165751907 dB
	 $y_{3,71,91}$ = 15.7011015386703 dB
	 $y_{3,71,92}$ = 12.960332444574817 dB
	 $y_{3,71,93}$ = 10.535359957349726 dB
		SNR medio: 23.653923785107768
		Usuarios totais: 40
$x_{3,74}$
	 $y_{3,74,45}$ = 18.22219914853146 dB
	 $y_{3,74,52}$ = 12.692177678744471 dB
	 $y_{3,74,74}$ = 92.72941004001521 dB
	 $y_{3,74,86}$ = 21.860307884895775 dB
		SNR medio: 86.70881067916035
		Usuarios totais: 7
$x_{3,79}$
	 $y_{3,79,56}$ = 11.30894294043361 dB
	 $y_{3,79,67}$ = 11.170332489977454 dB
	 $y_{3,79,68}$ = 19.602174754053294 dB
	 $y_{3,79,75}$ = 12.37721126533151 dB
	 $y_{3,79,77}$ = 24.329061725263273 dB
	 $y_{3,79,78}$ = 25.882838430613276 dB
	 $y_{3,79,79}$ = 88.4418193909207 dB
	 $y_{3,79,87}$ = 21.212525962180493 dB
	 $y_{3,79,89}$ = 34.97702854032115 dB
	 $y_{3,79,99}$ = 18.98468114630205 dB
		SNR medio: 78.44184519621827
		Usuarios totais: 14
Distances:
22 : 27 = 2000.0
22 : 71 = 2039.607805437114
22 : 74 = 2154.0659228538016
22 : 79 = 3440.9301068170507
27 : 71 = 3124.099870362662
27 : 74 = 2332.38075793812
27 : 79 = 2154.0659228538016
71 : 74 = 1200.0
71 : 79 = 3200.0
74 : 79 = 2000.0
t=4
$x_{4,22}$
	 $y_{4,22,1}$ = 12.449242950333684 dB
	 $y_{4,22,2}$ = 23.71878473948705 dB
	 $y_{4,22,4}$ = 12.860373356574058 dB
	 $y_{4,22,12}$ = 33.47526842984709 dB
	 $y_{4,22,20}$ = 17.77709288266479 dB
	 $y_{4,22,21}$ = 25.74247244353799 dB
	 $y_{4,22,22}$ = 90.53290379009555 dB
	 $y_{4,22,31}$ = 22.728007963088203 dB
	 $y_{4,22,32}$ = 32.36349804143231 dB
	 $y_{4,22,33}$ = 26.476551222024867 dB
	 $y_{4,22,34}$ = 12.493212883756797 dB
	 $y_{4,22,42}$ = 10.784507952776522 dB
	 $y_{4,22,43}$ = 11.008101091869264 dB
	 $y_{4,22,51}$ = 14.94020977407206 dB
		SNR medio: 79.07164403089277
		Usuarios totais: 38
$x_{4,27}$
	 $y_{4,27,6}$ = 10.999603223696312 dB
	 $y_{4,27,7}$ = 21.049757302028212 dB
	 $y_{4,27,8}$ = 16.111736563562545 dB
	 $y_{4,27,9}$ = 16.867288472807317 dB
	 $y_{4,27,15}$ = 10.610231705806825 dB
	 $y_{4,27,16}$ = 28.896200601539363 dB
	 $y_{4,27,18}$ = 26.63148528822697 dB
	 $y_{4,27,19}$ = 14.029928019482938 dB
	 $y_{4,27,23}$ = 11.128728470737684 dB
	 $y_{4,27,25}$ = 24.172063681222866 dB
	 $y_{4,27,26}$ = 34.056116469751906 dB
	 $y_{4,27,28}$ = 24.7870419297802 dB
	 $y_{4,27,29}$ = 21.165262899664185 dB
	 $y_{4,27,35}$ = 12.97655364587456 dB
	 $y_{4,27,38}$ = 29.16873484465276 dB
	 $y_{4,27,39}$ = 13.394308666961706 dB
	 $y_{4,27,47}$ = 12.644744444984696 dB
	 $y_{4,27,48}$ = 21.77037037726697 dB
	 $y_{4,27,54}$ = 10.791429351526403 dB
	 $y_{4,27,57}$ = 14.244264424293803 dB
	 $y_{4,27,66}$ = 14.056167451099782 dB
	 $y_{4,27,76}$ = 10.638699934175264 dB
	 $y_{4,27,85}$ = 13.840439389724239 dB
	 $y_{4,27,95}$ = 10.958580882200152 dB
		SNR medio: 23.907433832197206
		Usuarios totais: 40
$x_{4,71}$
	 $y_{4,71,40}$ = 13.938563068860333 dB
	 $y_{4,71,44}$ = 10.919991552717292 dB
	 $y_{4,71,50}$ = 13.672325077157495 dB
	 $y_{4,71,52}$ = 17.463555369234996 dB
	 $y_{4,71,60}$ = 29.483212762435386 dB
	 $y_{4,71,61}$ = 23.75342344999055 dB
	 $y_{4,71,63}$ = 17.890630403615873 dB
	 $y_{4,71,71}$ = 92.16190738033895 dB
	 $y_{4,71,82}$ = 22.71012380411814 dB
	 $y_{4,71,84}$ = 10.853006165751907 dB
	 $y_{4,71,90}$ = 13.748087269083427 dB
	 $y_{4,71,91}$ = 15.7011015386703 dB
	 $y_{4,71,93}$ = 10.535359957349726 dB
		SNR medio: 81.02247801210271
		Usuarios totais: 25
$x_{4,74}$
	 $y_{4,74,45}$ = 18.22219914853146 dB
	 $y_{4,74,53}$ = 10.876932023907585 dB
	 $y_{4,74,55}$ = 17.165146980441705 dB
	 $y_{4,74,65}$ = 23.217476755354156 dB
	 $y_{4,74,74}$ = 92.72941004001521 dB
	 $y_{4,74,83}$ = 24.435131737579113 dB
	 $y_{4,74,86}$ = 21.860307884895775 dB
	 $y_{4,74,92}$ = 16.70458942075075 dB
	 $y_{4,74,94}$ = 20.406113406204852 dB
		SNR medio: 83.18698709593576
		Usuarios totais: 28
$x_{4,79}$
	 $y_{4,79,56}$ = 11.30894294043361 dB
	 $y_{4,79,68}$ = 19.602174754053294 dB
	 $y_{4,79,69}$ = 37.08636942950362 dB
	 $y_{4,79,78}$ = 25.882838430613276 dB
	 $y_{4,79,79}$ = 88.4418193909207 dB
	 $y_{4,79,87}$ = 21.212525962180493 dB
	 $y_{4,79,88}$ = 23.58645422935099 dB
	 $y_{4,79,89}$ = 34.97702854032115 dB
	 $y_{4,79,96}$ = 10.595980939422844 dB
	 $y_{4,79,98}$ = 17.65612134612428 dB
	 $y_{4,79,99}$ = 18.98468114630205 dB
		SNR medio: 78.02795011066353
		Usuarios totais: 17
Distances:
22 : 27 = 2000.0
22 : 71 = 2039.607805437114
22 : 74 = 2154.0659228538016
22 : 79 = 3440.9301068170507
27 : 71 = 3124.099870362662
27 : 74 = 2332.38075793812
27 : 79 = 2154.0659228538016
71 : 74 = 1200.0
71 : 79 = 3200.0
74 : 79 = 2000.0
t=5
$x_{5,22}$
	 $y_{5,22,2}$ = 23.71878473948705 dB
	 $y_{5,22,3}$ = 17.11111204321631 dB
	 $y_{5,22,10}$ = 14.244140936555567 dB
	 $y_{5,22,11}$ = 22.65814002241548 dB
	 $y_{5,22,12}$ = 33.47526842984709 dB
	 $y_{5,22,13}$ = 20.28835042584882 dB
	 $y_{5,22,14}$ = 15.526915224303437 dB
	 $y_{5,22,16}$ = 10.189115511565063 dB
	 $y_{5,22,20}$ = 17.77709288266479 dB
	 $y_{5,22,21}$ = 25.74247244353799 dB
	 $y_{5,22,22}$ = 90.53290379009555 dB
	 $y_{5,22,30}$ = 11.337963310404035 dB
	 $y_{5,22,32}$ = 32.36349804143231 dB
	 $y_{5,22,34}$ = 12.493212883756797 dB
	 $y_{5,22,43}$ = 11.008101091869264 dB
	 $y_{5,22,46}$ = 11.995914350894012 dB
	 $y_{5,22,54}$ = 16.296425230499224 dB
		SNR medio: 78.22843431237206
		Usuarios totais: 40
$x_{5,27}$
	 $y_{5,27,5}$ = 11.49971228521197 dB
	 $y_{5,27,6}$ = 10.999603223696312 dB
	 $y_{5,27,7}$ = 21.049757302028212 dB
	 $y_{5,27,15}$ = 10.610231705806825 dB
	 $y_{5,27,17}$ = 35.24475417205219 dB
	 $y_{5,27,18}$ = 26.63148528822697 dB
	 $y_{5,27,23}$ = 11.128728470737684 dB
	 $y_{5,27,24}$ = 15.935843215559402 dB
	 $y_{5,27,25}$ = 24.172063681222866 dB
	 $y_{5,27,26}$ = 34.056116469751906 dB
	 $y_{5,27,27}$ = 90.18951895400343 dB
	 $y_{5,27,28}$ = 24.7870419297802 dB
	 $y_{5,27,29}$ = 21.165262899664185 dB
	 $y_{5,27,35}$ = 12.97655364587456 dB
	 $y_{5,27,36}$ = 16.763855437475883 dB
	 $y_{5,27,37}$ = 30.66630335823629 dB
	 $y_{5,27,48}$ = 21.77037037726697 dB
	 $y_{5,27,49}$ = 17.088157146645486 dB
	 $y_{5,27,57}$ = 14.244264424293803 dB
	 $y_{5,27,58}$ = 13.991520593431204 dB
		SNR medio: 77.17925536617409
		Usuarios totais: 37
$x_{5,71}$
	 $y_{5,71,40}$ = 13.938563068860333 dB
	 $y_{5,71,41}$ = 15.69997957631847 dB
	 $y_{5,71,50}$ = 13.672325077157495 dB
	 $y_{5,71,53}$ = 18.50006509368869 dB
	 $y_{5,71,60}$ = 29.483212762435386 dB
	 $y_{5,71,61}$ = 23.75342344999055 dB
	 $y_{5,71,62}$ = 23.067195633767753 dB
	 $y_{5,71,71}$ = 92.16190738033895 dB
	 $y_{5,71,73}$ = 13.433991391915185 dB
	 $y_{5,71,81}$ = 29.413149773933497 dB
	 $y_{5,71,82}$ = 22.71012380411814 dB
	 $y_{5,71,91}$ = 15.7011015386703 dB
		SNR medio: 81.37010179225541
		Usuarios totais: 40
$x_{5,74}$
	 $y_{5,74,31}$ = 13.910317407147488 dB
	 $y_{5,74,33}$ = 13.464063753241874 dB
	 $y_{5,74,42}$ = 11.401626059187407 dB
	 $y_{5,74,44}$ = 12.613406115183722 dB
	 $y_{5,74,52}$ = 12.692177678744471 dB
	 $y_{5,74,55}$ = 17.165146980441705 dB
	 $y_{5,74,65}$ = 23.217476755354156 dB
	 $y_{5,74,70}$ = 12.040132669080535 dB
	 $y_{5,74,72}$ = 13.81994472140346 dB
	 $y_{5,74,74}$ = 92.72941004001521 dB
	 $y_{5,74,84}$ = 31.8545502237086 dB
	 $y_{5,74,85}$ = 22.430726285590083 dB
	 $y_{5,74,86}$ = 21.860307884895775 dB
	 $y_{5,74,92}$ = 16.70458942075075 dB
	 $y_{5,74,93}$ = 13.220194131648242 dB
	 $y_{5,74,94}$ = 20.406113406204852 dB
		SNR medio: 80.68821586164064
		Usuarios totais: 33
$x_{5,79}$
	 $y_{5,79,19}$ = 12.010494280165005 dB
	 $y_{5,79,39}$ = 11.320046831645385 dB
	 $y_{5,79,56}$ = 11.30894294043361 dB
	 $y_{5,79,59}$ = 21.53335427389092 dB
	 $y_{5,79,66}$ = 10.951578364321705 dB
	 $y_{5,79,68}$ = 19.602174754053294 dB
	 $y_{5,79,69}$ = 37.08636942950362 dB
	 $y_{5,79,75}$ = 12.37721126533151 dB
	 $y_{5,79,76}$ = 15.3964320290426 dB
	 $y_{5,79,77}$ = 24.329061725263273 dB
	 $y_{5,79,78}$ = 25.882838430613276 dB
	 $y_{5,79,79}$ = 88.4418193909207 dB
	 $y_{5,79,87}$ = 21.212525962180493 dB
	 $y_{5,79,88}$ = 23.58645422935099 dB
	 $y_{5,79,89}$ = 34.97702854032115 dB
	 $y_{5,79,96}$ = 10.595980939422844 dB
	 $y_{5,79,98}$ = 17.65612134612428 dB
	 $y_{5,79,99}$ = 18.98468114630205 dB
		SNR medio: 75.88915506411983
		Usuarios totais: 32
Distances:
22 : 27 = 2000.0
22 : 71 = 2039.607805437114
22 : 74 = 2154.0659228538016
22 : 79 = 3440.9301068170507
27 : 71 = 3124.099870362662
27 : 74 = 2332.38075793812
27 : 79 = 2154.0659228538016
71 : 74 = 1200.0
71 : 79 = 3200.0
74 : 79 = 2000.0
t=6
$x_{6,22}$
	 $y_{6,22,0}$ = 14.718754375625622 dB
	 $y_{6,22,1}$ = 12.449242950333684 dB
	 $y_{6,22,2}$ = 23.71878473948705 dB
	 $y_{6,22,3}$ = 17.11111204321631 dB
	 $y_{6,22,10}$ = 14.244140936555567 dB
	 $y_{6,22,11}$ = 22.65814002241548 dB
	 $y_{6,22,12}$ = 33.47526842984709 dB
	 $y_{6,22,13}$ = 20.28835042584882 dB
	 $y_{6,22,14}$ = 15.526915224303437 dB
	 $y_{6,22,16}$ = 10.189115511565063 dB
	 $y_{6,22,20}$ = 17.77709288266479 dB
	 $y_{6,22,21}$ = 25.74247244353799 dB
	 $y_{6,22,22}$ = 90.53290379009555 dB
	 $y_{6,22,30}$ = 11.337963310404035 dB
	 $y_{6,22,31}$ = 22.728007963088203 dB
	 $y_{6,22,32}$ = 32.36349804143231 dB
	 $y_{6,22,33}$ = 26.476551222024867 dB
	 $y_{6,22,41}$ = 13.70418605527749 dB
	 $y_{6,22,43}$ = 11.008101091869264 dB
	 $y_{6,22,46}$ = 11.995914350894012 dB
	 $y_{6,22,51}$ = 14.94020977407206 dB
	 $y_{6,22,64}$ = 11.618264119516056 dB
		SNR medio: 77.1086993596794
		Usuarios totais: 39
$x_{6,27}$
	 $y_{6,27,5}$ = 11.49971228521197 dB
	 $y_{6,27,6}$ = 10.999603223696312 dB
	 $y_{6,27,8}$ = 16.111736563562545 dB
	 $y_{6,27,9}$ = 16.867288472807317 dB
	 $y_{6,27,15}$ = 10.610231705806825 dB
	 $y_{6,27,17}$ = 35.24475417205219 dB
	 $y_{6,27,18}$ = 26.63148528822697 dB
	 $y_{6,27,23}$ = 11.128728470737684 dB
	 $y_{6,27,24}$ = 15.935843215559402 dB
	 $y_{6,27,25}$ = 24.172063681222866 dB
	 $y_{6,27,26}$ = 34.056116469751906 dB
	 $y_{6,27,28}$ = 24.7870419297802 dB
	 $y_{6,27,38}$ = 29.16873484465276 dB
	 $y_{6,27,39}$ = 13.394308666961706 dB
	 $y_{6,27,47}$ = 12.644744444984696 dB
	 $y_{6,27,48}$ = 21.77037037726697 dB
	 $y_{6,27,49}$ = 17.088157146645486 dB
	 $y_{6,27,54}$ = 10.791429351526403 dB
	 $y_{6,27,57}$ = 14.244264424293803 dB
	 $y_{6,27,95}$ = 10.958580882200152 dB
		SNR medio: 26.13389075299425
		Usuarios totais: 40
$x_{6,71}$
	 $y_{6,71,44}$ = 10.919991552717292 dB
	 $y_{6,71,52}$ = 17.463555369234996 dB
	 $y_{6,71,53}$ = 18.50006509368869 dB
	 $y_{6,71,60}$ = 29.483212762435386 dB
	 $y_{6,71,61}$ = 23.75342344999055 dB
	 $y_{6,71,62}$ = 23.067195633767753 dB
	 $y_{6,71,71}$ = 92.16190738033895 dB
	 $y_{6,71,72}$ = 30.40924400042445 dB
	 $y_{6,71,80}$ = 13.993195525614809 dB
	 $y_{6,71,82}$ = 22.71012380411814 dB
	 $y_{6,71,84}$ = 10.853006165751907 dB
	 $y_{6,71,85}$ = 13.899954557710572 dB
	 $y_{6,71,90}$ = 13.748087269083427 dB
	 $y_{6,71,91}$ = 15.7011015386703 dB
		SNR medio: 80.70063461287882
		Usuarios totais: 29
$x_{6,74}$
	 $y_{6,74,45}$ = 18.22219914853146 dB
	 $y_{6,74,65}$ = 23.217476755354156 dB
	 $y_{6,74,70}$ = 12.040132669080535 dB
	 $y_{6,74,74}$ = 92.72941004001521 dB
	 $y_{6,74,81}$ = 15.231908338901874 dB
	 $y_{6,74,86}$ = 21.860307884895775 dB
	 $y_{6,74,92}$ = 16.70458942075075 dB
	 $y_{6,74,93}$ = 13.220194131648242 dB
	 $y_{6,74,94}$ = 20.406113406204852 dB
		SNR medio: 83.186986466724
		Usuarios totais: 20
$x_{6,79}$
	 $y_{6,79,19}$ = 12.010494280165005 dB
	 $y_{6,79,56}$ = 11.30894294043361 dB
	 $y_{6,79,58}$ = 15.095533903823593 dB
	 $y_{6,79,66}$ = 10.951578364321705 dB
	 $y_{6,79,67}$ = 11.170332489977454 dB
	 $y_{6,79,75}$ = 12.37721126533151 dB
	 $y_{6,79,76}$ = 15.3964320290426 dB
	 $y_{6,79,77}$ = 24.329061725263273 dB
	 $y_{6,79,78}$ = 25.882838430613276 dB
	 $y_{6,79,79}$ = 88.4418193909207 dB
	 $y_{6,79,87}$ = 21.212525962180493 dB
	 $y_{6,79,88}$ = 23.58645422935099 dB
	 $y_{6,79,89}$ = 34.97702854032115 dB
	 $y_{6,79,96}$ = 10.595980939422844 dB
	 $y_{6,79,98}$ = 17.65612134612428 dB
	 $y_{6,79,99}$ = 18.98468114630205 dB
		SNR medio: 76.40064724850662
		Usuarios totais: 28
Distances:
22 : 27 = 2000.0
22 : 71 = 2039.607805437114
22 : 74 = 2154.0659228538016
22 : 79 = 3440.9301068170507
27 : 71 = 3124.099870362662
27 : 74 = 2332.38075793812
27 : 79 = 2154.0659228538016
71 : 74 = 1200.0
71 : 79 = 3200.0
74 : 79 = 2000.0
t=7
$x_{7,22}$
	 $y_{7,22,3}$ = 17.11111204321631 dB
	 $y_{7,22,4}$ = 12.860373356574058 dB
	 $y_{7,22,10}$ = 14.244140936555567 dB
	 $y_{7,22,11}$ = 22.65814002241548 dB
	 $y_{7,22,12}$ = 33.47526842984709 dB
	 $y_{7,22,13}$ = 20.28835042584882 dB
	 $y_{7,22,14}$ = 15.526915224303437 dB
	 $y_{7,22,20}$ = 17.77709288266479 dB
	 $y_{7,22,21}$ = 25.74247244353799 dB
	 $y_{7,22,22}$ = 90.53290379009555 dB
	 $y_{7,22,32}$ = 32.36349804143231 dB
	 $y_{7,22,33}$ = 26.476551222024867 dB
	 $y_{7,22,41}$ = 13.70418605527749 dB
	 $y_{7,22,42}$ = 10.784507952776522 dB
	 $y_{7,22,43}$ = 11.008101091869264 dB
	 $y_{7,22,51}$ = 14.94020977407206 dB
	 $y_{7,22,61}$ = 12.642086395317577 dB
	 $y_{7,22,64}$ = 11.618264119516056 dB
		SNR medio: 77.98019934873861
		Usuarios totais: 27
$x_{7,27}$
	 $y_{7,27,7}$ = 21.049757302028212 dB
	 $y_{7,27,8}$ = 16.111736563562545 dB
	 $y_{7,27,9}$ = 16.867288472807317 dB
	 $y_{7,27,15}$ = 10.610231705806825 dB
	 $y_{7,27,18}$ = 26.63148528822697 dB
	 $y_{7,27,19}$ = 14.029928019482938 dB
	 $y_{7,27,23}$ = 11.128728470737684 dB
	 $y_{7,27,24}$ = 15.935843215559402 dB
	 $y_{7,27,25}$ = 24.172063681222866 dB
	 $y_{7,27,26}$ = 34.056116469751906 dB
	 $y_{7,27,27}$ = 90.18951895400343 dB
	 $y_{7,27,28}$ = 24.7870419297802 dB
	 $y_{7,27,29}$ = 21.165262899664185 dB
	 $y_{7,27,36}$ = 16.763855437475883 dB
	 $y_{7,27,37}$ = 30.66630335823629 dB
	 $y_{7,27,38}$ = 29.16873484465276 dB
	 $y_{7,27,39}$ = 13.394308666961706 dB
	 $y_{7,27,49}$ = 17.088157146645486 dB
	 $y_{7,27,57}$ = 14.244264424293803 dB
	 $y_{7,27,58}$ = 13.991520593431204 dB
	 $y_{7,27,66}$ = 14.056167451099782 dB
	 $y_{7,27,76}$ = 10.638699934175264 dB
	 $y_{7,27,95}$ = 10.958580882200152 dB
		SNR medio: 76.57226644174771
		Usuarios totais: 40
$x_{7,71}$
	 $y_{7,71,40}$ = 13.938563068860333 dB
	 $y_{7,71,44}$ = 10.919991552717292 dB
	 $y_{7,71,50}$ = 13.672325077157495 dB
	 $y_{7,71,52}$ = 17.463555369234996 dB
	 $y_{7,71,62}$ = 23.067195633767753 dB
	 $y_{7,71,63}$ = 17.890630403615873 dB
	 $y_{7,71,70}$ = 22.983907715049554 dB
	 $y_{7,71,71}$ = 92.16190738033895 dB
	 $y_{7,71,80}$ = 13.993195525614809 dB
	 $y_{7,71,82}$ = 22.71012380411814 dB
	 $y_{7,71,84}$ = 10.853006165751907 dB
	 $y_{7,71,85}$ = 13.899954557710572 dB
	 $y_{7,71,90}$ = 13.748087269083427 dB
	 $y_{7,71,92}$ = 12.960332444574817 dB
	 $y_{7,71,93}$ = 10.535359957349726 dB
		SNR medio: 80.40099711916086
		Usuarios totais: 32
$x_{7,74}$
	 $y_{7,74,45}$ = 18.22219914853146 dB
	 $y_{7,74,55}$ = 17.165146980441705 dB
	 $y_{7,74,65}$ = 23.217476755354156 dB
	 $y_{7,74,74}$ = 92.72941004001521 dB
	 $y_{7,74,75}$ = 28.978107867656163 dB
		SNR medio: 85.73971258789999
		Usuarios totais: 11
$x_{7,79}$
	 $y_{7,79,56}$ = 11.30894294043361 dB
	 $y_{7,79,67}$ = 11.170332489977454 dB
	 $y_{7,79,69}$ = 37.08636942950362 dB
	 $y_{7,79,77}$ = 24.329061725263273 dB
	 $y_{7,79,78}$ = 25.882838430613276 dB
	 $y_{7,79,79}$ = 88.4418193909207 dB
	 $y_{7,79,89}$ = 34.97702854032115 dB
	 $y_{7,79,96}$ = 10.595980939422844 dB
	 $y_{7,79,97}$ = 15.80706506766596 dB
	 $y_{7,79,99}$ = 18.98468114630205 dB
		SNR medio: 78.44187579350236
		Usuarios totais: 13
Distances:
22 : 27 = 2000.0
22 : 71 = 2039.607805437114
22 : 74 = 2154.0659228538016
22 : 79 = 3440.9301068170507
27 : 71 = 3124.099870362662
27 : 74 = 2332.38075793812
27 : 79 = 2154.0659228538016
71 : 74 = 1200.0
71 : 79 = 3200.0
74 : 79 = 2000.0
t=8
$x_{8,22}$
	 $y_{8,22,0}$ = 14.718754375625622 dB
	 $y_{8,22,2}$ = 23.71878473948705 dB
	 $y_{8,22,3}$ = 17.11111204321631 dB
	 $y_{8,22,4}$ = 12.860373356574058 dB
	 $y_{8,22,10}$ = 14.244140936555567 dB
	 $y_{8,22,11}$ = 22.65814002241548 dB
	 $y_{8,22,14}$ = 15.526915224303437 dB
	 $y_{8,22,20}$ = 17.77709288266479 dB
	 $y_{8,22,21}$ = 25.74247244353799 dB
	 $y_{8,22,22}$ = 90.53290379009555 dB
	 $y_{8,22,34}$ = 12.493212883756797 dB
	 $y_{8,22,40}$ = 17.088849687700787 dB
	 $y_{8,22,42}$ = 10.784507952776522 dB
	 $y_{8,22,43}$ = 11.008101091869264 dB
	 $y_{8,22,61}$ = 12.642086395317577 dB
		SNR medio: 78.77199553850147
		Usuarios totais: 28
$x_{8,27}$
	 $y_{8,27,5}$ = 11.49971228521197 dB
	 $y_{8,27,7}$ = 21.049757302028212 dB
	 $y_{8,27,8}$ = 16.111736563562545 dB
	 $y_{8,27,9}$ = 16.867288472807317 dB
	 $y_{8,27,16}$ = 28.896200601539363 dB
	 $y_{8,27,18}$ = 26.63148528822697 dB
	 $y_{8,27,24}$ = 15.935843215559402 dB
	 $y_{8,27,26}$ = 34.056116469751906 dB
	 $y_{8,27,27}$ = 90.18951895400343 dB
	 $y_{8,27,28}$ = 24.7870419297802 dB
	 $y_{8,27,29}$ = 21.165262899664185 dB
	 $y_{8,27,35}$ = 12.97655364587456 dB
	 $y_{8,27,36}$ = 16.763855437475883 dB
	 $y_{8,27,37}$ = 30.66630335823629 dB
	 $y_{8,27,47}$ = 12.644744444984696 dB
	 $y_{8,27,49}$ = 17.088157146645486 dB
	 $y_{8,27,58}$ = 13.991520593431204 dB
	 $y_{8,27,66}$ = 14.056167451099782 dB
	 $y_{8,27,76}$ = 10.638699934175264 dB
		SNR medio: 77.40200725465144
		Usuarios totais: 30
$x_{8,71}$
	 $y_{8,71,44}$ = 10.919991552717292 dB
	 $y_{8,71,50}$ = 13.672325077157495 dB
	 $y_{8,71,70}$ = 22.983907715049554 dB
	 $y_{8,71,73}$ = 13.433991391915185 dB
	 $y_{8,71,80}$ = 13.993195525614809 dB
	 $y_{8,71,82}$ = 22.71012380411814 dB
	 $y_{8,71,84}$ = 10.853006165751907 dB
	 $y_{8,71,90}$ = 13.748087269083427 dB
	 $y_{8,71,91}$ = 15.7011015386703 dB
	 $y_{8,71,92}$ = 12.960332444574817 dB
	 $y_{8,71,93}$ = 10.535359957349726 dB
		SNR medio: 17.1625617997265
		Usuarios totais: 15
$x_{8,74}$
	 $y_{8,74,45}$ = 18.22219914853146 dB
	 $y_{8,74,56}$ = 19.143031116094875 dB
	 $y_{8,74,65}$ = 23.217476755354156 dB
	 $y_{8,74,85}$ = 22.430726285590083 dB
	 $y_{8,74,86}$ = 21.860307884895775 dB
	 $y_{8,74,94}$ = 20.406113406204852 dB
		SNR medio: 21.23067908692212
		Usuarios totais: 9
$x_{8,79}$
	 $y_{8,79,19}$ = 12.010494280165005 dB
	 $y_{8,79,39}$ = 11.320046831645385 dB
	 $y_{8,79,59}$ = 21.53335427389092 dB
	 $y_{8,79,67}$ = 11.170332489977454 dB
	 $y_{8,79,68}$ = 19.602174754053294 dB
	 $y_{8,79,77}$ = 24.329061725263273 dB
	 $y_{8,79,79}$ = 88.4418193909207 dB
	 $y_{8,79,88}$ = 23.58645422935099 dB
	 $y_{8,79,98}$ = 17.65612134612428 dB
	 $y_{8,79,99}$ = 18.98468114630205 dB
		SNR medio: 78.44182506670482
		Usuarios totais: 16
Distances:
22 : 27 = 2000.0
22 : 71 = 2039.607805437114
22 : 74 = 2154.0659228538016
22 : 79 = 3440.9301068170507
27 : 71 = 3124.099870362662
27 : 74 = 2332.38075793812
27 : 79 = 2154.0659228538016
71 : 74 = 1200.0
71 : 79 = 3200.0
74 : 79 = 2000.0
t=9
$x_{9,22}$
	 $y_{9,22,0}$ = 14.718754375625622 dB
	 $y_{9,22,2}$ = 23.71878473948705 dB
	 $y_{9,22,11}$ = 22.65814002241548 dB
	 $y_{9,22,12}$ = 33.47526842984709 dB
	 $y_{9,22,14}$ = 15.526915224303437 dB
	 $y_{9,22,30}$ = 11.337963310404035 dB
	 $y_{9,22,31}$ = 22.728007963088203 dB
	 $y_{9,22,32}$ = 32.36349804143231 dB
	 $y_{9,22,40}$ = 17.088849687700787 dB
	 $y_{9,22,41}$ = 13.70418605527749 dB
	 $y_{9,22,42}$ = 10.784507952776522 dB
	 $y_{9,22,43}$ = 11.008101091869264 dB
	 $y_{9,22,53}$ = 11.386109111843865 dB
	 $y_{9,22,61}$ = 12.642086395317577 dB
		SNR medio: 25.321021360133958
		Usuarios totais: 18
$x_{9,27}$
	 $y_{9,27,5}$ = 11.49971228521197 dB
	 $y_{9,27,7}$ = 21.049757302028212 dB
	 $y_{9,27,8}$ = 16.111736563562545 dB
	 $y_{9,27,9}$ = 16.867288472807317 dB
	 $y_{9,27,16}$ = 28.896200601539363 dB
	 $y_{9,27,19}$ = 14.029928019482938 dB
	 $y_{9,27,24}$ = 15.935843215559402 dB
	 $y_{9,27,26}$ = 34.056116469751906 dB
	 $y_{9,27,27}$ = 90.18951895400343 dB
	 $y_{9,27,28}$ = 24.7870419297802 dB
	 $y_{9,27,29}$ = 21.165262899664185 dB
	 $y_{9,27,35}$ = 12.97655364587456 dB
	 $y_{9,27,39}$ = 13.394308666961706 dB
	 $y_{9,27,47}$ = 12.644744444984696 dB
	 $y_{9,27,54}$ = 10.791429351526403 dB
	 $y_{9,27,57}$ = 14.244264424293803 dB
	 $y_{9,27,66}$ = 14.056167451099782 dB
	 $y_{9,27,76}$ = 10.638699934175264 dB
		SNR medio: 77.63681129426196
		Usuarios totais: 25
$x_{9,71}$
	 $y_{9,71,44}$ = 10.919991552717292 dB
	 $y_{9,71,50}$ = 13.672325077157495 dB
	 $y_{9,71,52}$ = 17.463555369234996 dB
	 $y_{9,71,62}$ = 23.067195633767753 dB
	 $y_{9,71,71}$ = 92.16190738033895 dB
	 $y_{9,71,81}$ = 29.413149773933497 dB
	 $y_{9,71,82}$ = 22.71012380411814 dB
	 $y_{9,71,91}$ = 15.7011015386703 dB
		SNR medio: 83.13101118379902
		Usuarios totais: 11
$x_{9,74}$
	 $y_{9,74,45}$ = 18.22219914853146 dB
	 $y_{9,74,55}$ = 17.165146980441705 dB
	 $y_{9,74,65}$ = 23.217476755354156 dB
	 $y_{9,74,72}$ = 13.81994472140346 dB
	 $y_{9,74,87}$ = 11.398997061998472 dB
	 $y_{9,74,94}$ = 20.406113406204852 dB
		SNR medio: 18.99403640890454
		Usuarios totais: 7
$x_{9,79}$
	 $y_{9,79,67}$ = 11.170332489977454 dB
	 $y_{9,79,88}$ = 23.58645422935099 dB
	 $y_{9,79,89}$ = 34.97702854032115 dB
	 $y_{9,79,96}$ = 10.595980939422844 dB
	 $y_{9,79,97}$ = 15.80706506766596 dB
		SNR medio: 28.37160659099608
		Usuarios totais: 6
Distances:
22 : 27 = 2000.0
22 : 71 = 2039.607805437114
22 : 74 = 2154.0659228538016
22 : 79 = 3440.9301068170507
27 : 71 = 3124.099870362662
27 : 74 = 2332.38075793812
27 : 79 = 2154.0659228538016
71 : 74 = 1200.0
71 : 79 = 3200.0
74 : 79 = 2000.0
t=10
$x_{10,22}$
	 $y_{10,22,4}$ = 12.860373356574058 dB
	 $y_{10,22,10}$ = 14.244140936555567 dB
	 $y_{10,22,14}$ = 15.526915224303437 dB
	 $y_{10,22,31}$ = 22.728007963088203 dB
	 $y_{10,22,42}$ = 10.784507952776522 dB
	 $y_{10,22,61}$ = 12.642086395317577 dB
		SNR medio: 16.98045637347394
		Usuarios totais: 8
$x_{10,27}$
	 $y_{10,27,24}$ = 15.935843215559402 dB
	 $y_{10,27,25}$ = 24.172063681222866 dB
	 $y_{10,27,35}$ = 12.97655364587456 dB
	 $y_{10,27,37}$ = 30.66630335823629 dB
	 $y_{10,27,38}$ = 29.16873484465276 dB
	 $y_{10,27,39}$ = 13.394308666961706 dB
	 $y_{10,27,47}$ = 12.644744444984696 dB
	 $y_{10,27,48}$ = 21.77037037726697 dB
	 $y_{10,27,54}$ = 10.791429351526403 dB
	 $y_{10,27,57}$ = 14.244264424293803 dB
	 $y_{10,27,85}$ = 13.840439389724239 dB
		SNR medio: 23.677576464018756
		Usuarios totais: 14
$x_{10,71}$
	 $y_{10,71,40}$ = 13.938563068860333 dB
	 $y_{10,71,50}$ = 13.672325077157495 dB
	 $y_{10,71,52}$ = 17.463555369234996 dB
	 $y_{10,71,60}$ = 29.483212762435386 dB
	 $y_{10,71,71}$ = 92.16190738033895 dB
	 $y_{10,71,81}$ = 29.413149773933497 dB
	 $y_{10,71,90}$ = 13.748087269083427 dB
		SNR medio: 83.71093196688727
		Usuarios totais: 8
$x_{10,74}$
	 $y_{10,74,72}$ = 13.81994472140346 dB
	 $y_{10,74,87}$ = 11.398997061998472 dB
		SNR medio: 12.776023706258528
		Usuarios totais: 3
$x_{10,79}$
	 $y_{10,79,59}$ = 21.53335427389092 dB
	 $y_{10,79,69}$ = 37.08636942950362 dB
	 $y_{10,79,88}$ = 23.58645422935099 dB
	 $y_{10,79,89}$ = 34.97702854032115 dB
	 $y_{10,79,97}$ = 15.80706506766596 dB
	 $y_{10,79,98}$ = 17.65612134612428 dB
		SNR medio: 31.62625502987783
		Usuarios totais: 7
Distances:
22 : 27 = 2000.0
22 : 71 = 2039.607805437114
22 : 74 = 2154.0659228538016
22 : 79 = 3440.9301068170507
27 : 71 = 3124.099870362662
27 : 74 = 2332.38075793812
27 : 79 = 2154.0659228538016
71 : 74 = 1200.0
71 : 79 = 3200.0
74 : 79 = 2000.0
t=11
$x_{11,22}$
		Usuarios totais: 0
$x_{11,27}$
		Usuarios totais: 0
$x_{11,71}$
	 $y_{11,71,60}$ = 29.483212762435386 dB
	 $y_{11,71,63}$ = 17.890630403615873 dB
	 $y_{11,71,91}$ = 15.7011015386703 dB
		SNR medio: 25.16976762820773
		Usuarios totais: 3
$x_{11,74}$
		Usuarios totais: 0
$x_{11,79}$
	 $y_{11,79,59}$ = 21.53335427389092 dB
	 $y_{11,79,68}$ = 19.602174754053294 dB
	 $y_{11,79,75}$ = 12.37721126533151 dB
		SNR medio: 19.223388989003013
		Usuarios totais: 3
Distances:
22 : 27 = 2000.0
22 : 71 = 2039.607805437114
22 : 74 = 2154.0659228538016
22 : 79 = 3440.9301068170507
27 : 71 = 3124.099870362662
27 : 74 = 2332.38075793812
27 : 79 = 2154.0659228538016
71 : 74 = 1200.0
71 : 79 = 3200.0
74 : 79 = 2000.0
--- Done after 0.8921913760900497 hours. ---
