-------------Calculating Solution (this may take a while)
+++++++++++++++++++Min Sinr: 15 dB (pgwo2)
+++++++++++++++++++With backhaul constraint. Start: 2023-06-30 03:40:57

Parameters:
- chosen seed 25
- Map with 100 sectors
- Map 4000 x 4000 m
- Sector has a side of 400 m
- Max time:  12
- users_t_m:  [[0, 0, 0, 0, 0, 0, 0, 0, 0, 0, 0, 0, 0, 0, 0, 0, 0, 0, 0, 0, 0, 0, 0, 0, 0, 0, 0, 0, 0, 0, 0, 0, 0, 0, 0, 0, 0, 0, 0, 0, 0, 0, 0, 0, 0, 0, 0, 0, 0, 0, 0, 0, 0, 0, 0, 0, 0, 0, 0, 0, 0, 0, 0, 0, 0, 0, 0, 0, 0, 0, 0, 0, 0, 1, 2, 0, 0, 0, 0, 0, 0, 0, 0, 1, 4, 0, 0, 0, 0, 0, 0, 0, 0, 1, 28, 0, 0, 0, 0, 0], [0, 0, 0, 0, 1, 0, 0, 0, 0, 0, 0, 0, 0, 0, 1, 2, 1, 1, 0, 0, 2, 1, 1, 1, 0, 1, 1, 0, 1, 0, 0, 0, 0, 0, 1, 0, 0, 0, 0, 0, 1, 0, 1, 2, 0, 1, 0, 0, 1, 0, 0, 0, 0, 0, 0, 0, 0, 0, 1, 0, 0, 0, 1, 0, 2, 0, 0, 0, 0, 0, 0, 3, 0, 0, 3, 0, 0, 0, 0, 0, 0, 0, 1, 3, 4, 1, 0, 0, 1, 0, 0, 0, 0, 2, 18, 0, 0, 1, 0, 1], [0, 0, 0, 1, 1, 2, 1, 1, 1, 1, 0, 1, 0, 0, 2, 1, 1, 1, 0, 0, 0, 0, 0, 2, 0, 1, 0, 0, 0, 0, 2, 0, 0, 0, 0, 1, 0, 0, 0, 0, 1, 1, 0, 0, 2, 0, 1, 1, 0, 1, 0, 1, 1, 0, 0, 0, 2, 0, 0, 1, 0, 1, 2, 0, 0, 2, 0, 0, 0, 1, 0, 1, 0, 2, 2, 0, 1, 1, 1, 1, 0, 1, 0, 1, 5, 4, 1, 2, 2, 0, 0, 0, 3, 0, 18, 3, 0, 2, 1, 1], [0, 0, 0, 3, 1, 0, 1, 0, 0, 3, 0, 1, 0, 1, 0, 0, 0, 2, 1, 2, 0, 0, 1, 1, 0, 3, 1, 1, 1, 0, 0, 0, 0, 2, 2, 0, 1, 0, 1, 1, 1, 2, 1, 0, 0, 1, 1, 1, 2, 1, 1, 1, 3, 0, 0, 1, 3, 0, 0, 1, 1, 2, 2, 0, 0, 1, 0, 0, 2, 1, 3, 1, 2, 5, 2, 1, 0, 2, 0, 3, 0, 1, 0, 1, 3, 1, 2, 0, 1, 1, 1, 0, 0, 0, 28, 1, 1, 3, 0, 2], [1, 0, 1, 0, 0, 1, 1, 0, 1, 1, 3, 1, 0, 2, 3, 0, 2, 2, 2, 0, 1, 2, 1, 1, 0, 0, 0, 1, 1, 2, 2, 1, 3, 3, 3, 2, 1, 3, 2, 0, 0, 0, 2, 1, 2, 0, 2, 1, 1, 2, 1, 2, 3, 0, 0, 0, 3, 2, 2, 1, 0, 2, 0, 1, 3, 0, 3, 1, 1, 2, 0, 0, 1, 3, 4, 1, 2, 0, 1, 3, 1, 0, 1, 4, 7, 3, 1, 1, 1, 2, 2, 1, 0, 1, 22, 0, 1, 1, 0, 3], [1, 0, 3, 4, 2, 1, 0, 1, 2, 2, 0, 2, 0, 3, 4, 4, 2, 1, 1, 0, 2, 1, 4, 3, 1, 1, 2, 1, 3, 1, 2, 2, 1, 2, 3, 0, 3, 2, 1, 1, 1, 1, 1, 2, 0, 0, 2, 0, 0, 0, 1, 0, 5, 2, 2, 3, 4, 2, 0, 1, 2, 1, 1, 1, 2, 1, 0, 1, 3, 0, 2, 2, 0, 4, 4, 2, 0, 0, 1, 0, 1, 0, 1, 5, 0, 2, 1, 1, 0, 4, 4, 3, 0, 1, 24, 1, 1, 3, 3, 5], [0, 1, 0, 0, 2, 1, 1, 2, 3, 5, 3, 1, 2, 0, 2, 4, 4, 0, 0, 2, 2, 1, 1, 0, 2, 2, 0, 4, 1, 0, 2, 0, 3, 3, 2, 1, 2, 0, 1, 0, 3, 2, 1, 0, 2, 0, 3, 1, 1, 2, 2, 0, 2, 2, 1, 0, 0, 1, 1, 1, 2, 1, 2, 1, 3, 3, 0, 4, 1, 2, 2, 5, 0, 1, 2, 0, 2, 3, 1, 1, 4, 0, 0, 4, 0, 2, 0, 1, 0, 2, 2, 3, 2, 2, 2, 1, 2, 4, 1, 1], [1, 1, 0, 3, 1, 1, 0, 3, 2, 0, 1, 0, 0, 4, 3, 1, 0, 1, 1, 0, 1, 0, 1, 0, 1, 0, 0, 3, 0, 2, 1, 3, 4, 4, 0, 0, 1, 1, 1, 1, 4, 2, 0, 1, 2, 0, 1, 0, 1, 2, 0, 0, 2, 2, 3, 2, 0, 0, 3, 1, 2, 2, 2, 1, 0, 3, 2, 1, 1, 1, 1, 4, 0, 1, 0, 2, 2, 1, 0, 2, 1, 3, 1, 5, 1, 1, 2, 2, 0, 0, 1, 2, 0, 3, 1, 0, 2, 1, 2, 1], [3, 0, 1, 0, 1, 0, 2, 1, 0, 1, 0, 0, 3, 1, 1, 0, 1, 0, 1, 0, 6, 0, 2, 1, 0, 2, 0, 1, 0, 1, 0, 3, 2, 0, 0, 1, 1, 0, 0, 1, 1, 3, 4, 1, 1, 0, 0, 0, 0, 1, 1, 2, 1, 0, 1, 2, 3, 1, 1, 0, 1, 1, 0, 2, 1, 1, 1, 0, 0, 0, 1, 0, 1, 1, 1, 0, 1, 1, 0, 1, 0, 1, 4, 2, 1, 2, 4, 1, 1, 2, 1, 1, 1, 2, 3, 0, 2, 0, 1, 0], [0, 2, 0, 0, 0, 0, 2, 0, 1, 1, 0, 1, 1, 2, 2, 1, 1, 0, 1, 0, 3, 1, 0, 1, 1, 3, 0, 2, 0, 0, 1, 2, 1, 1, 1, 1, 1, 0, 0, 1, 2, 1, 2, 1, 1, 0, 0, 1, 0, 0, 0, 0, 0, 0, 1, 0, 1, 1, 0, 3, 2, 0, 0, 1, 0, 0, 0, 2, 0, 0, 0, 0, 0, 1, 0, 0, 1, 3, 1, 0, 0, 2, 0, 0, 2, 1, 0, 2, 0, 2, 0, 1, 0, 2, 0, 1, 0, 1, 0, 1], [0, 0, 1, 1, 1, 0, 0, 0, 0, 1, 0, 0, 0, 1, 1, 0, 1, 0, 0, 1, 0, 1, 0, 0, 1, 0, 0, 0, 1, 2, 0, 0, 0, 1, 1, 1, 1, 1, 1, 0, 0, 0, 1, 0, 0, 0, 0, 0, 0, 0, 0, 1, 0, 1, 1, 0, 0, 2, 0, 0, 0, 2, 2, 0, 0, 0, 0, 0, 0, 0, 0, 1, 0, 1, 0, 1, 0, 0, 0, 1, 0, 1, 1, 1, 0, 0, 1, 0, 1, 0, 2, 0, 0, 1, 0, 1, 1, 1, 0, 1], [0, 0, 1, 0, 0, 1, 0, 0, 0, 0, 0, 0, 0, 0, 0, 0, 0, 1, 0, 0, 0, 1, 0, 0, 0, 0, 0, 0, 1, 0, 0, 0, 0, 0, 0, 0, 0, 0, 0, 0, 1, 0, 0, 0, 0, 0, 0, 0, 0, 0, 0, 1, 0, 0, 1, 0, 1, 0, 0, 0, 0, 0, 0, 0, 0, 0, 0, 0, 0, 0, 0, 1, 0, 0, 0, 1, 0, 0, 0, 0, 0, 0, 1, 0, 0, 1, 0, 1, 0, 1, 0, 0, 0, 0, 0, 0, 0, 0, 0, 0]]
MAX_USER_PER_ANTENNAS_m:  [40, 40, 40, 40, 40, 40, 40, 40, 40, 40, 40, 40, 40, 40, 40, 40, 40, 40, 40, 40, 40, 40, 40, 40, 40, 40, 40, 40, 40, 40, 40, 40, 40, 40, 40, 40, 40, 40, 40, 40, 40, 40, 40, 40, 40, 40, 40, 40, 40, 40, 40, 40, 40, 40, 40, 40, 40, 40, 40, 40, 40, 40, 40, 40, 40, 40, 40, 40, 40, 40, 40, 40, 40, 40, 40, 40, 40, 40, 40, 40, 40, 40, 40, 40, 40, 40, 40, 40, 40, 40, 40, 40, 40, 40, 40, 40, 40, 40, 40, 40]
antennas_map_m:  [1, 1, 1, 1, 1, 1, 1, 1, 1, 1, 1, 1, 1, 1, 1, 1, 1, 1, 1, 1, 1, 1, 1, 1, 1, 1, 1, 1, 1, 1, 1, 1, 1, 1, 1, 1, 1, 1, 1, 1, 1, 1, 1, 1, 1, 1, 1, 1, 1, 1, 1, 1, 1, 1, 1, 1, 1, 1, 1, 1, 1, 1, 1, 1, 1, 1, 1, 1, 1, 1, 1, 1, 1, 1, 1, 1, 1, 1, 1, 1, 1, 1, 1, 1, 1, 1, 1, 1, 1, 1, 1, 1, 1, 1, 1, 1, 1, 1, 1, 1]
FIRST_ANTENNA:  48
MIN_SNR_m:  [31.622776601683793, 31.622776601683793, 31.622776601683793, 31.622776601683793, 31.622776601683793, 31.622776601683793, 31.622776601683793, 31.622776601683793, 31.622776601683793, 31.622776601683793, 31.622776601683793, 31.622776601683793, 31.622776601683793, 31.622776601683793, 31.622776601683793, 31.622776601683793, 31.622776601683793, 31.622776601683793, 31.622776601683793, 31.622776601683793, 31.622776601683793, 31.622776601683793, 31.622776601683793, 31.622776601683793, 31.622776601683793, 31.622776601683793, 31.622776601683793, 31.622776601683793, 31.622776601683793, 31.622776601683793, 31.622776601683793, 31.622776601683793, 31.622776601683793, 31.622776601683793, 31.622776601683793, 31.622776601683793, 31.622776601683793, 31.622776601683793, 31.622776601683793, 31.622776601683793, 31.622776601683793, 31.622776601683793, 31.622776601683793, 31.622776601683793, 31.622776601683793, 31.622776601683793, 31.622776601683793, 31.622776601683793, 31.622776601683793, 31.622776601683793, 31.622776601683793, 31.622776601683793, 31.622776601683793, 31.622776601683793, 31.622776601683793, 31.622776601683793, 31.622776601683793, 31.622776601683793, 31.622776601683793, 31.622776601683793, 31.622776601683793, 31.622776601683793, 31.622776601683793, 31.622776601683793, 31.622776601683793, 31.622776601683793, 31.622776601683793, 31.622776601683793, 31.622776601683793, 31.622776601683793, 31.622776601683793, 31.622776601683793, 31.622776601683793, 31.622776601683793, 31.622776601683793, 31.622776601683793, 31.622776601683793, 31.622776601683793, 31.622776601683793, 31.622776601683793, 31.622776601683793, 31.622776601683793, 31.622776601683793, 31.622776601683793, 31.622776601683793, 31.622776601683793, 31.622776601683793, 31.622776601683793, 31.622776601683793, 31.622776601683793, 31.622776601683793, 31.622776601683793, 31.622776601683793, 31.622776601683793, 31.622776601683793, 31.622776601683793, 31.622776601683793, 31.622776601683793, 31.622776601683793, 31.622776601683793]
-MIN_DIST:  2000
- disaster percentage:  0

Slice 0
Fitnes _wolf:  -inf

Run GWO to deployment +1 antenna on the map
	Pack size:  50
	Wolf dimension 1
	Max iter 100
	antennas_regions:  [48]
	users_regions:  [73 74 83 84 93 94]
	Fitness function:  <function fitness_pgwo2 at 0x7f11058800e0>
	Seed_base:  0
initial_alpha:  Wolf 0 (0). Fitness: -inf
	(3377.6874061001927, 3031.8176117612097, 0). Region: 78
initial_beta:  Wolf 1 (1). Fitness: -inf
	(537.4569764496049, 3389.7349477489306, 0). Region: 81
initial_delta:  Wolf 2 (2). Fitness: -inf
	(3824.1370875569974, 3791.3099482373977, 0). Region: 99 

The alpha wolf has been updated to a position with higher fitness. iter = 0
New alpha wolf:  Wolf 22 (22). Fitness: 6.0009357994590855e-05
	(1910.8630843021415, 3198.7732950126947, 0.0). Region: 74
iter = 10
Alpha wolf:  Wolf 22 (22). Fitness: 6.0009357994590855e-05
	(1704.059161893856, 3175.161311753442, 0.0). Region: 74
iter = 20
Alpha wolf:  Wolf 22 (22). Fitness: 6.0009357994590855e-05
	(1704.059161893856, 3175.161311753442, 0.0). Region: 74
iter = 30
Alpha wolf:  Wolf 22 (22). Fitness: 6.0009357994590855e-05
	(1785.3299151186861, 3033.0109123815755, 0.0). Region: 74
iter = 40
Alpha wolf:  Wolf 22 (22). Fitness: 6.0009357994590855e-05
	(1785.3299151186861, 3033.0109123815755, 0.0). Region: 74
iter = 50
Alpha wolf:  Wolf 22 (22). Fitness: 6.0009357994590855e-05
	(1987.4276233893656, 2966.2083175809566, 0.0). Region: 74
iter = 60
Alpha wolf:  Wolf 22 (22). Fitness: 6.0009357994590855e-05
	(1636.7748547418407, 2869.573717722231, 0.0). Region: 74
iter = 70
Alpha wolf:  Wolf 22 (22). Fitness: 6.0009357994590855e-05
	(1812.146748856409, 2873.9338252621296, 0.0). Region: 74
iter = 80
Alpha wolf:  Wolf 22 (22). Fitness: 6.0009357994590855e-05
	(1659.4181859470293, 2814.2808646095696, 0.0). Region: 74
iter = 90
Alpha wolf:  Wolf 22 (22). Fitness: 6.0009357994590855e-05
	(1730.8567543964728, 3067.6960616455353, 0.0). Region: 74

- Finishing GWO - 

Best solution:  Wolf 22 (22). Fitness: 6.0009357994590855e-05
	(1726.1085285850659, 2969.7206404320923, 0.0). Region: 74
Antennas in slice 0:  [48 74]
Results:  [array([48, 74])]

Slice 1
Fitnes _wolf:  -inf

Run GWO to deployment +1 antenna on the map
	Pack size:  50
	Wolf dimension 1
	Max iter 100
	antennas_regions:  [48 74]
	users_regions:  [ 4 14 15 16 17 20 21 22 23 25 26 28 34 40 42 43 45 48 58 62 64 71 74 82
 83 84 85 88 93 94 97 99]
	Fitness function:  <function fitness_pgwo2 at 0x7f11058800e0>
	Seed_base:  50
initial_alpha:  Wolf 0 (50). Fitness: -inf
	(1990.1462750344092, 1064.6948922901624, 0). Region: 24
initial_beta:  Wolf 1 (51). Fitness: -inf
	(974.071050837348, 2008.835958012624, 0). Region: 52
initial_delta:  Wolf 2 (52). Fitness: -inf
	(3913.4194334839867, 218.09062004182954, 0). Region: 9 

iter = 10
Alpha wolf:  Wolf 0 (50). Fitness: -inf
	(882.8274131629807, 2579.300686769935, 0.0). Region: 62
iter = 20
Alpha wolf:  Wolf 0 (50). Fitness: -inf
	(273.20793641691387, 918.894270435846, 0.0). Region: 20
iter = 30
Alpha wolf:  Wolf 0 (50). Fitness: -inf
	(737.3145052642018, 1682.8693309482844, 0.0). Region: 41
iter = 40
Alpha wolf:  Wolf 0 (50). Fitness: -inf
	(495.55169462709955, 359.2486693038727, 0.0). Region: 1
iter = 50
Alpha wolf:  Wolf 0 (50). Fitness: -inf
	(415.8657787111077, 291.5301064585758, 0.0). Region: 1
iter = 60
Alpha wolf:  Wolf 0 (50). Fitness: -inf
	(179.84173233564962, 337.6427161403049, 0.0). Region: 0
iter = 70
Alpha wolf:  Wolf 0 (50). Fitness: -inf
	(119.53427266973642, 353.4523840311175, 0.0). Region: 0
iter = 80
Alpha wolf:  Wolf 0 (50). Fitness: -inf
	(148.0024175495103, 370.8294965107392, 0.0). Region: 0
iter = 90
Alpha wolf:  Wolf 0 (50). Fitness: -inf
	(157.91746581556487, 393.4662807108863, 0.0). Region: 0

- Finishing GWO - 


Run GWO to deployment +2 antenna on the map
	Pack size:  50
	Wolf dimension 2
	Max iter 100
	antennas_regions:  [48 74]
	users_regions:  [ 4 14 15 16 17 20 21 22 23 25 26 28 34 40 42 43 45 48 58 62 64 71 74 82
 83 84 85 88 93 94 97 99]
	Fitness function:  <function fitness_pgwo2 at 0x7f11058800e0>
	Seed_base:  100
initial_alpha:  Wolf 0 (100). Fitness: -inf
	(582.6770204165213, 1819.7080180560854, 0). Region: 41
	(3083.1352226360887, 2822.052907736112, 0). Region: 77
initial_beta:  Wolf 1 (101). Fitness: -inf
	(2324.6085300182585, 779.0179821365468, 0). Region: 15
	(3861.0044282444446, 3695.905606707177, 0). Region: 99
initial_delta:  Wolf 2 (102). Fitness: -inf
	(592.6848255483344, 2463.8611483048944, 0). Region: 61
	(678.7432895426688, 2850.0277895008303, 0). Region: 71 

iter = 10
Alpha wolf:  Wolf 0 (100). Fitness: -inf
	(488.45412063729196, 1207.1824163479391, 0.0). Region: 31
	(1966.1691813811835, 1383.257178940226, 0.0). Region: 34
iter = 20
Alpha wolf:  Wolf 0 (100). Fitness: -inf
	(120.27697144509477, 1586.629939675051, 0.0). Region: 30
	(732.7124868157498, 2578.0046570646505, 0.0). Region: 61
iter = 30
Alpha wolf:  Wolf 0 (100). Fitness: -inf
	(62.70114364727158, 2425.130725915974, 0.0). Region: 60
	(1194.874174457173, 1209.2573493388763, 0.0). Region: 32
iter = 40
Alpha wolf:  Wolf 0 (100). Fitness: -inf
	(61.22895773046927, 2942.712684420345, 0.0). Region: 70
	(772.3448776177645, 1685.105749705896, 0.0). Region: 41
iter = 50
Alpha wolf:  Wolf 0 (100). Fitness: -inf
	(40.29212948472417, 2268.7781578758613, 0.0). Region: 50
	(549.1206561195443, 1147.9070653422004, 0.0). Region: 21
iter = 60
Alpha wolf:  Wolf 0 (100). Fitness: -inf
	(47.09584717903616, 2368.1105996493684, 0.0). Region: 50
	(449.77657841080514, 1852.1799442045817, 0.0). Region: 41
iter = 70
Alpha wolf:  Wolf 0 (100). Fitness: -inf
	(57.30239498140891, 2689.6792626697325, 0.0). Region: 60
	(684.7660673658135, 2199.5506430676287, 0.0). Region: 51
iter = 80
Alpha wolf:  Wolf 0 (100). Fitness: -inf
	(61.84075866725136, 1697.5844597691196, 0.0). Region: 40
	(710.6385476023112, 2594.522425919335, 0.0). Region: 61
iter = 90
Alpha wolf:  Wolf 0 (100). Fitness: -inf
	(60.188313512615665, 1637.5875499240783, 0.0). Region: 40
	(863.9783935132087, 2522.9520702338923, 0.0). Region: 62

- Finishing GWO - 


Run GWO to deployment +3 antenna on the map
	Pack size:  50
	Wolf dimension 3
	Max iter 100
	antennas_regions:  [48 74]
	users_regions:  [ 4 14 15 16 17 20 21 22 23 25 26 28 34 40 42 43 45 48 58 62 64 71 74 82
 83 84 85 88 93 94 97 99]
	Fitness function:  <function fitness_pgwo2 at 0x7f11058800e0>
	Seed_base:  150
initial_alpha:  Wolf 0 (150). Fitness: -inf
	(3295.228967856352, 3580.836635796672, 0). Region: 88
	(751.473642213539, 1215.4358867466128, 0). Region: 31
	(1913.193826237758, 651.6169136788617, 0). Region: 14
initial_beta:  Wolf 1 (151). Fitness: -inf
	(2826.2949409966977, 3383.9252850902753, 0). Region: 87
	(3803.1426880375734, 2531.1547435486596, 0). Region: 69
	(818.4409842517395, 3893.295803136745, 0). Region: 92
initial_delta:  Wolf 2 (152). Fitness: -inf
	(3910.6132911531163, 1565.8019670122374, 0). Region: 39
	(584.7257787554714, 3886.4213585906614, 0). Region: 91
	(3193.5153629310744, 2498.6899798302097, 0). Region: 67 

iter = 10
Alpha wolf:  Wolf 0 (150). Fitness: -inf
	(921.3212130228145, 839.2276227571358, 0.0). Region: 22
	(3544.106705145032, 2112.6737837561527, 0.0). Region: 58
	(1911.9115054116646, 560.494411715601, 0.0). Region: 14
iter = 20
Alpha wolf:  Wolf 0 (150). Fitness: -inf
	(1430.638631442754, 2643.585315503571, 0.0). Region: 63
	(2925.646858676415, 7.0832536076021215, 0.0). Region: 7
	(725.576118303585, 356.29613446331985, 0.0). Region: 1
iter = 30
Alpha wolf:  Wolf 0 (150). Fitness: -inf
	(598.6158421284706, 3744.194953494373, 0.0). Region: 91
	(1331.3699663016234, 308.443743713311, 0.0). Region: 3
	(3704.7019454076785, 807.2803340341127, 0.0). Region: 29
iter = 40
Alpha wolf:  Wolf 0 (150). Fitness: -inf
	(983.2726054228924, 1937.4791834688215, 0.0). Region: 42
	(2797.242134064254, 408.44378256589437, 0.0). Region: 16
	(1614.640028350509, 1096.3546356151448, 0.0). Region: 24
iter = 50
Alpha wolf:  Wolf 0 (150). Fitness: -inf
	(1580.9052312209315, 1650.1385310779456, 0.0). Region: 43
	(2113.293431935825, 535.3131962556014, 0.0). Region: 15
	(1985.095110333852, 662.5179986326939, 0.0). Region: 14
iter = 60
Alpha wolf:  Wolf 0 (150). Fitness: -inf
	(1315.3179968574573, 1019.0320705448403, 0.0). Region: 23
	(2298.5954812695095, 749.809414944134, 0.0). Region: 15
	(1393.5102421603335, 506.2238462375594, 0.0). Region: 13
iter = 70
Alpha wolf:  Wolf 0 (150). Fitness: -inf
	(1356.3351692368465, 639.5088435204102, 0.0). Region: 13
	(1512.1867961555558, 1038.2775442897203, 0.0). Region: 23
	(1667.9490185398172, 327.78071475554003, 0.0). Region: 4
iter = 80
Alpha wolf:  Wolf 0 (150). Fitness: -inf
	(1384.617963580716, 566.0272542888924, 0.0). Region: 13
	(1268.143849875957, 909.4261548334662, 0.0). Region: 23
	(952.3439895451912, 330.02859107744666, 0.0). Region: 2
iter = 90
Alpha wolf:  Wolf 0 (150). Fitness: -inf
	(1435.7860532759635, 527.0255282852836, 0.0). Region: 13
	(1171.8118839891195, 868.5198214797598, 0.0). Region: 22
	(960.7422244228825, 383.5188469927572, 0.0). Region: 2

- Finishing GWO - 


Run GWO to deployment +4 antenna on the map
	Pack size:  50
	Wolf dimension 4
	Max iter 100
	antennas_regions:  [48 74]
	users_regions:  [ 4 14 15 16 17 20 21 22 23 25 26 28 34 40 42 43 45 48 58 62 64 71 74 82
 83 84 85 88 93 94 97 99]
	Fitness function:  <function fitness_pgwo2 at 0x7f11058800e0>
	Seed_base:  200
initial_alpha:  Wolf 0 (200). Fitness: -inf
	(182.43720834157574, 813.787899449597, 0). Region: 20
	(2836.4959368217837, 571.3939850840158, 0). Region: 17
	(3440.0439500423804, 1066.8490504134693, 0). Region: 28
	(45.89184200299323, 1759.8821732361669, 0). Region: 40
initial_beta:  Wolf 1 (201). Fitness: -inf
	(268.4090350376151, 1302.3982173307095, 0). Region: 30
	(14.701479072412926, 1131.1923958714174, 0). Region: 20
	(3010.7735305873, 2775.5063081440635, 0). Region: 67
	(1879.4866091226922, 3014.7661647410323, 0). Region: 74
initial_delta:  Wolf 2 (202). Fitness: -inf
	(3055.5262978535816, 2579.1230043452256, 0). Region: 67
	(1637.752320559811, 792.3497616045507, 0). Region: 14
	(2706.8013369441865, 3877.1432654907007, 0). Region: 96
	(1710.9883559543678, 3403.499437907091, 0). Region: 84 

iter = 10
Alpha wolf:  Wolf 0 (200). Fitness: -inf
	(280.9621411007234, 1988.7095591740447, 0.0). Region: 40
	(789.9830300236328, 304.2699123506309, 0.0). Region: 1
	(357.7458851455147, 914.884737763135, 0.0). Region: 20
	(282.7080301013012, 1826.8688655286574, 0.0). Region: 40
iter = 20
Alpha wolf:  Wolf 0 (200). Fitness: -inf
	(209.715627520311, 2198.1066221367, 0.0). Region: 50
	(127.30216878673201, 528.9551200249963, 0.0). Region: 10
	(485.9627102557424, 1916.7892673599883, 0.0). Region: 41
	(870.1241896792258, 560.7018685820492, 0.0). Region: 12
iter = 30
Alpha wolf:  Wolf 0 (200). Fitness: -inf
	(55.50727341784691, 902.4542784883797, 0.0). Region: 20
	(24.323380647576247, 736.4191168197917, 0.0). Region: 10
	(1082.546207927108, 357.8031692593868, 0.0). Region: 2
	(466.0867550042534, 182.20119091649212, 0.0). Region: 1
iter = 40
Alpha wolf:  Wolf 0 (200). Fitness: -inf
	(84.54804251426337, 227.34978321161043, 0.0). Region: 0
	(14.566140609923915, 331.9528731635337, 0.0). Region: 0
	(934.9116545229244, 632.576931437238, 0.0). Region: 12
	(423.9472364189505, 578.9923316853108, 0.0). Region: 11
iter = 50
Alpha wolf:  Wolf 0 (200). Fitness: -inf
	(42.99204703725168, 295.01430173366913, 0.0). Region: 0
	(22.348289879150748, 464.7940347109444, 0.0). Region: 10
	(290.68073370058397, 625.6940032174971, 0.0). Region: 10
	(447.1847875629287, 193.5259117086722, 0.0). Region: 1
iter = 60
Alpha wolf:  Wolf 0 (200). Fitness: -inf
	(50.415508991205854, 405.97984353073053, 0.0). Region: 10
	(32.24046819763485, 303.971922186925, 0.0). Region: 0
	(470.99642951415467, 522.0819005267081, 0.0). Region: 11
	(442.90658674725614, 139.33251100843648, 0.0). Region: 1
iter = 70
Alpha wolf:  Wolf 0 (200). Fitness: -inf
	(45.877075773034576, 225.4156949212329, 0.0). Region: 0
	(37.2492467369449, 445.84175069840046, 0.0). Region: 10
	(511.6502333859187, 653.3418128266895, 0.0). Region: 11
	(298.8976980599622, 170.20208966668153, 0.0). Region: 0
iter = 80
Alpha wolf:  Wolf 0 (200). Fitness: -inf
	(59.46882410011487, 258.32783327739025, 0.0). Region: 0
	(30.905362396878516, 446.695510877247, 0.0). Region: 10
	(345.5721239562006, 673.8442790262418, 0.0). Region: 10
	(330.1600824395965, 130.81888248043816, 0.0). Region: 0
iter = 90
Alpha wolf:  Wolf 0 (200). Fitness: -inf
	(58.619361618964575, 263.220037103663, 0.0). Region: 0
	(24.70120466398399, 418.23422131650506, 0.0). Region: 10
	(309.4415110150452, 623.0342770999965, 0.0). Region: 10
	(392.1109842094836, 140.6833238499912, 0.0). Region: 0

- Finishing GWO - 


Run GWO to deployment +5 antenna on the map
	Pack size:  50
	Wolf dimension 5
	Max iter 100
	antennas_regions:  [48 74]
	users_regions:  [ 4 14 15 16 17 20 21 22 23 25 26 28 34 40 42 43 45 48 58 62 64 71 74 82
 83 84 85 88 93 94 97 99]
	Fitness function:  <function fitness_pgwo2 at 0x7f11058800e0>
	Seed_base:  250
initial_alpha:  Wolf 0 (250). Fitness: -inf
	(1550.2251804418927, 3732.074563417412, 0). Region: 93
	(2248.585631592364, 273.1373817682061, 0). Region: 5
	(156.51662824308897, 963.671265067127, 0). Region: 20
	(664.9415471199069, 1497.0898601460042, 0). Region: 31
	(1635.8672757049678, 3796.4882976386893, 0). Region: 94
initial_beta:  Wolf 1 (251). Fitness: -inf
	(1779.142906074199, 1529.7804097549533, 0). Region: 34
	(2311.895209155092, 1828.0321731264287, 0). Region: 45
	(1640.96306891834, 1956.3075033816153, 0). Region: 44
	(1049.3357241927943, 3646.3685469553043, 0). Region: 92
	(1610.5752359604635, 3916.6534223118165, 0). Region: 94
initial_delta:  Wolf 2 (252). Fitness: -inf
	(3107.712794002624, 64.88281358430959, 0). Region: 7
	(2746.7622247923678, 2162.4204857878153, 0). Region: 56
	(3241.26387221536, 1354.3810629890008, 0). Region: 38
	(1822.4997667090697, 1054.4954245625831, 0). Region: 24
	(3259.2530184246657, 2930.003050098271, 0). Region: 78 

The alpha wolf has been updated to a position with higher fitness. iter = 1
New alpha wolf:  Wolf 39 (289). Fitness: 9.151232217054525e-05
	(3507.8992209788125, 3196.6708833169205, 0.0). Region: 78
	(1954.1010741855007, 982.3772038350562, 0.0). Region: 24
	(11.39920559262661, 1449.9061171790459, 0.0). Region: 30
	(1126.4519199511792, 1942.479923303694, 0.0). Region: 42
	(2947.850678529958, 987.8045596861095, 0.0). Region: 27
The alpha wolf has been updated to a position with higher fitness. iter = 7
New alpha wolf:  Wolf 34 (284). Fitness: 9.219985014431274e-05
	(3407.3549299108654, 3846.428840990237, 0.0). Region: 98
	(1929.7451524521496, 1035.174919000936, 0.0). Region: 24
	(145.2156910028902, 1458.0157031273138, 0.0). Region: 30
	(582.4911543901053, 1489.673009238004, 0.0). Region: 31
	(3269.1880843006284, 1524.682495415561, 0.0). Region: 38
iter = 10
Alpha wolf:  Wolf 34 (284). Fitness: 9.219985014431274e-05
	(3407.3549299108654, 3846.428840990237, 0.0). Region: 98
	(1929.7451524521496, 1035.174919000936, 0.0). Region: 24
	(145.2156910028902, 1458.0157031273138, 0.0). Region: 30
	(582.4911543901053, 1489.673009238004, 0.0). Region: 31
	(3269.1880843006284, 1524.682495415561, 0.0). Region: 38
iter = 20
Alpha wolf:  Wolf 34 (284). Fitness: 9.219985014431274e-05
	(3407.3549299108654, 3846.428840990237, 0.0). Region: 98
	(1929.7451524521496, 1035.174919000936, 0.0). Region: 24
	(145.2156910028902, 1458.0157031273138, 0.0). Region: 30
	(582.4911543901053, 1489.673009238004, 0.0). Region: 31
	(3269.1880843006284, 1524.682495415561, 0.0). Region: 38
The alpha wolf has been updated to a position with higher fitness. iter = 28
New alpha wolf:  Wolf 23 (273). Fitness: 9.253671918351272e-05
	(3506.7967445075537, 3420.530284663235, 0.0). Region: 88
	(1771.151785526082, 1099.7615169955754, 0.0). Region: 24
	(144.8825211852277, 1577.6256934017824, 0.0). Region: 30
	(1183.7976363340665, 1606.878479016103, 0.0). Region: 42
	(3542.5873628604277, 666.3553003838696, 0.0). Region: 18
iter = 30
Alpha wolf:  Wolf 23 (273). Fitness: 9.253671918351272e-05
	(3506.7967445075537, 3420.530284663235, 0.0). Region: 88
	(1771.151785526082, 1099.7615169955754, 0.0). Region: 24
	(144.8825211852277, 1577.6256934017824, 0.0). Region: 30
	(1183.7976363340665, 1606.878479016103, 0.0). Region: 42
	(3542.5873628604277, 666.3553003838696, 0.0). Region: 18
The alpha wolf has been updated to a position with higher fitness. iter = 30
New alpha wolf:  Wolf 44 (294). Fitness: 9.439508467154257e-05
	(3521.4743442898534, 3754.4499653429493, 0.0). Region: 98
	(1962.332684520265, 1013.7282636191394, 0.0). Region: 24
	(706.3457270628757, 1320.8264785915057, 0.0). Region: 31
	(1034.82567784003, 1499.5831167914293, 0.0). Region: 32
	(3987.3248928793596, 896.098810366072, 0.0). Region: 29
The alpha wolf has been updated to a position with higher fitness. iter = 35
New alpha wolf:  Wolf 11 (261). Fitness: 9.439508467165149e-05
	(3894.631148507581, 3075.0164603172425, 0.0). Region: 79
	(1700.9137089694434, 1181.6582683141132, 0.0). Region: 24
	(411.5822380728414, 1435.7140581311214, 0.0). Region: 31
	(1437.3798798680066, 1201.1959594869368, 0.0). Region: 33
	(3891.6332696646227, 21.08141099327031, 0.0). Region: 9
The alpha wolf has been updated to a position with higher fitness. iter = 38
New alpha wolf:  Wolf 28 (278). Fitness: 9.768793646025129e-05
	(3340.960650548254, 2995.478388072738, 0.0). Region: 78
	(1788.7917145376869, 968.2167441993136, 0.0). Region: 24
	(395.7292939860713, 2274.5509072279224, 0.0). Region: 50
	(1138.5791381489332, 2063.172685211077, 0.0). Region: 52
	(3202.2537788248924, 664.3273592416087, 0.0). Region: 18
iter = 40
Alpha wolf:  Wolf 28 (278). Fitness: 9.768793646025129e-05
	(3340.960650548254, 2995.478388072738, 0.0). Region: 78
	(1788.7917145376869, 968.2167441993136, 0.0). Region: 24
	(395.7292939860713, 2274.5509072279224, 0.0). Region: 50
	(1138.5791381489332, 2063.172685211077, 0.0). Region: 52
	(3202.2537788248924, 664.3273592416087, 0.0). Region: 18
iter = 50
Alpha wolf:  Wolf 28 (278). Fitness: 9.768793646025129e-05
	(3340.960650548254, 2995.478388072738, 0.0). Region: 78
	(1788.7917145376869, 968.2167441993136, 0.0). Region: 24
	(395.7292939860713, 2274.5509072279224, 0.0). Region: 50
	(1138.5791381489332, 2063.172685211077, 0.0). Region: 52
	(3202.2537788248924, 664.3273592416087, 0.0). Region: 18
The alpha wolf has been updated to a position with higher fitness. iter = 52
New alpha wolf:  Wolf 18 (268). Fitness: 9.878555372415822e-05
	(3891.607293315552, 3082.050055048432, 0.0). Region: 79
	(1852.66417338284, 1167.7403433620796, 0.0). Region: 24
	(419.1272800681905, 1525.9797730057699, 0.0). Region: 31
	(1105.8706347619668, 1257.6771219048926, 0.0). Region: 32
	(3420.3369186002224, 583.9646891964247, 0.0). Region: 18
iter = 60
Alpha wolf:  Wolf 18 (268). Fitness: 9.878555372415822e-05
	(3891.607293315552, 3082.050055048432, 0.0). Region: 79
	(1852.66417338284, 1167.7403433620796, 0.0). Region: 24
	(419.1272800681905, 1525.9797730057699, 0.0). Region: 31
	(1105.8706347619668, 1257.6771219048926, 0.0). Region: 32
	(3420.3369186002224, 583.9646891964247, 0.0). Region: 18
iter = 70
Alpha wolf:  Wolf 18 (268). Fitness: 9.878555372415822e-05
	(3891.607293315552, 3082.050055048432, 0.0). Region: 79
	(1852.66417338284, 1167.7403433620796, 0.0). Region: 24
	(419.1272800681905, 1525.9797730057699, 0.0). Region: 31
	(1105.8706347619668, 1257.6771219048926, 0.0). Region: 32
	(3420.3369186002224, 583.9646891964247, 0.0). Region: 18
iter = 80
Alpha wolf:  Wolf 18 (268). Fitness: 9.878555372415822e-05
	(3891.607293315552, 3082.050055048432, 0.0). Region: 79
	(1852.66417338284, 1167.7403433620796, 0.0). Region: 24
	(419.1272800681905, 1525.9797730057699, 0.0). Region: 31
	(1105.8706347619668, 1257.6771219048926, 0.0). Region: 32
	(3420.3369186002224, 583.9646891964247, 0.0). Region: 18
The alpha wolf has been updated to a position with higher fitness. iter = 83
New alpha wolf:  Wolf 37 (287). Fitness: 9.878555372418029e-05
	(3118.7345994248535, 2776.4739011598103, 0.0). Region: 67
	(1874.4801701724055, 1153.486573614995, 0.0). Region: 24
	(448.5246104831981, 1395.3402358304977, 0.0). Region: 31
	(972.9473931925909, 1330.7279858358702, 0.0). Region: 32
	(3209.9673162613162, 569.423689853746, 0.0). Region: 18
iter = 90
Alpha wolf:  Wolf 37 (287). Fitness: 9.878555372418029e-05
	(3118.7345994248535, 2776.4739011598103, 0.0). Region: 67
	(1874.4801701724055, 1153.486573614995, 0.0). Region: 24
	(448.5246104831981, 1395.3402358304977, 0.0). Region: 31
	(972.9473931925909, 1330.7279858358702, 0.0). Region: 32
	(3209.9673162613162, 569.423689853746, 0.0). Region: 18

- Finishing GWO - 

Best solution:  Wolf 37 (287). Fitness: 9.878555372418029e-05
	(3118.7345994248535, 2776.4739011598103, 0.0). Region: 67
	(1874.4801701724055, 1153.486573614995, 0.0). Region: 24
	(448.5246104831981, 1395.3402358304977, 0.0). Region: 31
	(972.9473931925909, 1330.7279858358702, 0.0). Region: 32
	(3209.9673162613162, 569.423689853746, 0.0). Region: 18
Antennas in slice 1:  [18 24 31 32 48 67 74]
Results:  [array([48, 74]), array([18, 24, 31, 32, 48, 67, 74])]

Slice 2
Fitnes _wolf:  -inf

Run GWO to deployment +1 antenna on the map
	Pack size:  50
	Wolf dimension 1
	Max iter 100
	antennas_regions:  [18 24 31 32 48 67 74]
	users_regions:  [ 3  4  5  6  7  8  9 11 14 15 16 17 23 25 30 35 40 41 44 46 47 49 51 52
 56 59 61 62 65 69 71 73 74 76 77 78 79 81 83 84 85 86 87 88 92 94 95 97
 98 99]
	Fitness function:  <function fitness_pgwo2 at 0x7f11058800e0>
	Seed_base:  300
initial_alpha:  Wolf 0 (300). Fitness: -inf
	(2390.7831417453117, 1378.839432224314, 0). Region: 35
initial_beta:  Wolf 1 (301). Fitness: -inf
	(1594.9404128206654, 3197.7275582602206, 0). Region: 73
initial_delta:  Wolf 2 (302). Fitness: -inf
	(3860.815988704271, 2156.073387508652, 0). Region: 59 

iter = 10
Alpha wolf:  Wolf 0 (300). Fitness: -inf
	(992.5770389366551, 2152.826316454701, 0.0). Region: 52
iter = 20
Alpha wolf:  Wolf 0 (300). Fitness: -inf
	(306.0944379817345, 811.180795498502, 0.0). Region: 20
iter = 30
Alpha wolf:  Wolf 0 (300). Fitness: -inf
	(826.153270531087, 1485.63986404029, 0.0). Region: 32
iter = 40
Alpha wolf:  Wolf 0 (300). Fitness: -inf
	(555.2605470415693, 317.14532561920703, 0.0). Region: 1
iter = 50
Alpha wolf:  Wolf 0 (300). Fitness: -inf
	(465.9733026558423, 257.36326517741225, 0.0). Region: 1
iter = 60
Alpha wolf:  Wolf 0 (300). Fitness: -inf
	(201.5108005075973, 298.07155406635985, 0.0). Region: 0
iter = 70
Alpha wolf:  Wolf 0 (300). Fitness: -inf
	(133.9369158700947, 312.02835530098014, 0.0). Region: 0
iter = 80
Alpha wolf:  Wolf 0 (300). Fitness: -inf
	(165.8351776872288, 327.3688992380644, 0.0). Region: 0
iter = 90
Alpha wolf:  Wolf 0 (300). Fitness: -inf
	(176.9448866920061, 347.35269015982345, 0.0). Region: 0

- Finishing GWO - 


Run GWO to deployment +2 antenna on the map
	Pack size:  50
	Wolf dimension 2
	Max iter 100
	antennas_regions:  [18 24 31 32 48 67 74]
	users_regions:  [ 3  4  5  6  7  8  9 11 14 15 16 17 23 25 30 35 40 41 44 46 47 49 51 52
 56 59 61 62 65 69 71 73 74 76 77 78 79 81 83 84 85 86 87 88 92 94 95 97
 98 99]
	Fitness function:  <function fitness_pgwo2 at 0x7f11058800e0>
	Seed_base:  350
initial_alpha:  Wolf 0 (350). Fitness: -inf
	(3559.7698796663103, 3209.9794500990533, 0). Region: 88
	(1606.1702622767045, 2682.756403479662, 0). Region: 64
initial_beta:  Wolf 1 (351). Fitness: -inf
	(3431.785035434774, 2302.6986225465075, 0). Region: 58
	(1288.403026116533, 1086.6681134431717, 0). Region: 23
initial_delta:  Wolf 2 (352). Fitness: -inf
	(3553.5999025210253, 573.2854825865386, 0). Region: 18
	(253.62749882962055, 3895.12042019234, 0). Region: 90 

The alpha wolf has been updated to a position with higher fitness. iter = 2
New alpha wolf:  Wolf 17 (367). Fitness: 5.089652738002035e-05
	(3232.8544120206484, 3226.4926491812585, 0.0). Region: 88
	(1254.0176257006979, 3365.972863077525, 0.0). Region: 83
The alpha wolf has been updated to a position with higher fitness. iter = 3
New alpha wolf:  Wolf 47 (397). Fitness: 5.8210499641467346e-05
	(3098.4364438519133, 3690.927427437792, 0.0). Region: 97
	(1380.4311856046547, 3044.540472816284, 0.0). Region: 73
The alpha wolf has been updated to a position with higher fitness. iter = 4
New alpha wolf:  Wolf 47 (397). Fitness: 8.722538894384538e-05
	(2452.5795927964596, 3778.509240853222, 0.0). Region: 96
	(1458.0148078890793, 3125.9898197261227, 0.0). Region: 73
The alpha wolf has been updated to a position with higher fitness. iter = 7
New alpha wolf:  Wolf 26 (376). Fitness: 0.00024270643636290355
	(2656.7978153822505, 3966.146705698694, 0.0). Region: 96
	(348.65714744332223, 3752.3047222557016, 0.0). Region: 90
iter = 10
Alpha wolf:  Wolf 26 (376). Fitness: 0.00024270643636290355
	(2656.7978153822505, 3966.146705698694, 0.0). Region: 96
	(348.65714744332223, 3752.3047222557016, 0.0). Region: 90
The alpha wolf has been updated to a position with higher fitness. iter = 16
New alpha wolf:  Wolf 34 (384). Fitness: 0.00024270643636299975
	(2673.0196487611965, 3994.3435258910586, 0.0). Region: 96
	(390.7172302095245, 3100.3901156561187, 0.0). Region: 70
iter = 20
Alpha wolf:  Wolf 34 (384). Fitness: 0.00024270643636299975
	(2673.0196487611965, 3994.3435258910586, 0.0). Region: 96
	(390.7172302095245, 3100.3901156561187, 0.0). Region: 70
iter = 30
Alpha wolf:  Wolf 34 (384). Fitness: 0.00024270643636299975
	(2673.0196487611965, 3994.3435258910586, 0.0). Region: 96
	(390.7172302095245, 3100.3901156561187, 0.0). Region: 70
iter = 40
Alpha wolf:  Wolf 34 (384). Fitness: 0.00024270643636299975
	(2673.0196487611965, 3994.3435258910586, 0.0). Region: 96
	(390.7172302095245, 3100.3901156561187, 0.0). Region: 70
iter = 50
Alpha wolf:  Wolf 34 (384). Fitness: 0.00024270643636299975
	(2673.0196487611965, 3994.3435258910586, 0.0). Region: 96
	(390.7172302095245, 3100.3901156561187, 0.0). Region: 70
iter = 60
Alpha wolf:  Wolf 34 (384). Fitness: 0.00024270643636299975
	(2673.0196487611965, 3994.3435258910586, 0.0). Region: 96
	(390.7172302095245, 3100.3901156561187, 0.0). Region: 70
iter = 70
Alpha wolf:  Wolf 34 (384). Fitness: 0.00024270643636299975
	(2673.0196487611965, 3994.3435258910586, 0.0). Region: 96
	(390.7172302095245, 3100.3901156561187, 0.0). Region: 70
iter = 80
Alpha wolf:  Wolf 34 (384). Fitness: 0.00024270643636299975
	(2527.043346906234, 3693.4716892782153, 0.0). Region: 96
	(340.48675993233485, 3074.131076082861, 0.0). Region: 70
iter = 90
Alpha wolf:  Wolf 34 (384). Fitness: 0.00024270643636299975
	(2475.371105085828, 3780.006867442593, 0.0). Region: 96
	(340.31360141314093, 2942.8502378375106, 0.0). Region: 70

- Finishing GWO - 

Best solution:  Wolf 34 (384). Fitness: 0.00024270643636299975
	(2543.7866096962416, 3842.702098081755, 0.0). Region: 96
	(376.1952346352052, 3191.058128111349, 0.0). Region: 70
Antennas in slice 2:  [18 24 31 32 48 67 70 74 96]
Results:  [array([48, 74]), array([18, 24, 31, 32, 48, 67, 74]), array([18, 24, 31, 32, 48, 67, 70, 74, 96])]

Slice 3
Fitnes _wolf:  0.00010884682841185082
The set of antennas serves the scenario in the respective slice.
Results:  [array([48, 74]), array([18, 24, 31, 32, 48, 67, 74]), array([18, 24, 31, 32, 48, 67, 70, 74, 96]), array([18, 24, 31, 32, 48, 67, 70, 74, 96])]

Slice 4
Fitnes _wolf:  -inf

Run GWO to deployment +1 antenna on the map
	Pack size:  50
	Wolf dimension 1
	Max iter 100
	antennas_regions:  [18 24 31 32 48 67 70 74 96]
	users_regions:  [ 0  2  5  6  8  9 10 11 13 14 16 17 18 20 21 22 23 27 28 29 30 31 32 33
 34 35 36 37 38 42 43 44 46 47 48 49 50 51 52 56 57 58 59 61 63 64 66 67
 68 69 72 73 74 75 76 78 79 80 82 83 84 85 86 87 88 89 90 91 93 94 96 97
 99]
	Fitness function:  <function fitness_pgwo2 at 0x7f11058800e0>
	Seed_base:  400
initial_alpha:  Wolf 0 (400). Fitness: -inf
	(1230.7460773557755, 1015.1834722493995, 0). Region: 23
initial_beta:  Wolf 1 (401). Fitness: -inf
	(1990.7456368603914, 1710.7427961367869, 0). Region: 44
initial_delta:  Wolf 2 (402). Fitness: -inf
	(3287.6274731653584, 389.26347177753763, 0). Region: 8 

iter = 10
Alpha wolf:  Wolf 0 (400). Fitness: -inf
	(840.2935740581767, 2679.2568664483492, 0.0). Region: 62
iter = 20
Alpha wolf:  Wolf 0 (400). Fitness: -inf
	(262.8313845763005, 939.2053703267152, 0.0). Region: 20
iter = 30
Alpha wolf:  Wolf 0 (400). Fitness: -inf
	(709.0699994149461, 1720.0543750272238, 0.0). Region: 41
iter = 40
Alpha wolf:  Wolf 0 (400). Fitness: -inf
	(476.5684533899257, 367.1867059265488, 0.0). Region: 1
iter = 50
Alpha wolf:  Wolf 0 (400). Fitness: -inf
	(399.93508876971384, 297.9718190067615, 0.0). Region: 0
iter = 60
Alpha wolf:  Wolf 0 (400). Fitness: -inf
	(172.95248339277705, 345.1033429269712, 0.0). Region: 0
iter = 70
Alpha wolf:  Wolf 0 (400). Fitness: -inf
	(114.95523892194048, 361.26234467311707, 0.0). Region: 0
iter = 80
Alpha wolf:  Wolf 0 (400). Fitness: -inf
	(142.3328463915626, 379.0234256041314, 0.0). Region: 0
iter = 90
Alpha wolf:  Wolf 0 (400). Fitness: -inf
	(151.86807605323474, 402.1603971043281, 0.0). Region: 10

- Finishing GWO - 


Run GWO to deployment +2 antenna on the map
	Pack size:  50
	Wolf dimension 2
	Max iter 100
	antennas_regions:  [18 24 31 32 48 67 70 74 96]
	users_regions:  [ 0  2  5  6  8  9 10 11 13 14 16 17 18 20 21 22 23 27 28 29 30 31 32 33
 34 35 36 37 38 42 43 44 46 47 48 49 50 51 52 56 57 58 59 61 63 64 66 67
 68 69 72 73 74 75 76 78 79 80 82 83 84 85 86 87 88 89 90 91 93 94 96 97
 99]
	Fitness function:  <function fitness_pgwo2 at 0x7f11058800e0>
	Seed_base:  450
initial_alpha:  Wolf 0 (450). Fitness: -inf
	(385.36445777701454, 3786.979879833407, 0). Region: 90
	(3354.192454621409, 579.9887893940929, 0). Region: 18
initial_beta:  Wolf 1 (451). Fitness: -inf
	(161.61798216969993, 514.670475643578, 0). Region: 10
	(2937.7631057197423, 173.9507606421027, 0). Region: 7
initial_delta:  Wolf 2 (452). Fitness: -inf
	(1365.0553337133733, 2625.669082106017, 0). Region: 63
	(2970.3834147709485, 1317.2912326200565, 0). Region: 37 

The alpha wolf has been updated to a position with higher fitness. iter = 0
New alpha wolf:  Wolf 16 (466). Fitness: 7.636688402468143e-05
	(1423.6344380343319, 3689.3478608939777, 0.0). Region: 93
	(965.4730649176951, 224.05280799182475, 0.0). Region: 2
The alpha wolf has been updated to a position with higher fitness. iter = 1
New alpha wolf:  Wolf 38 (488). Fitness: 7.715487263973391e-05
	(699.0853716910256, 3586.4068690812564, 0.0). Region: 81
	(662.0298493263708, 189.1833796690264, 0.0). Region: 1
The alpha wolf has been updated to a position with higher fitness. iter = 2
New alpha wolf:  Wolf 47 (497). Fitness: 8.196660014253205e-05
	(535.2440019386538, 3095.3821147654003, 0.0). Region: 71
	(619.9695694816847, 167.39261247213557, 0.0). Region: 1
iter = 10
Alpha wolf:  Wolf 47 (497). Fitness: 8.196660014253205e-05
	(629.9153225237278, 2974.2966195267154, 0.0). Region: 71
	(513.8368458376096, 188.0332107864712, 0.0). Region: 1
iter = 20
Alpha wolf:  Wolf 47 (497). Fitness: 8.196660014253205e-05
	(497.58035698553306, 2997.399382370274, 0.0). Region: 71
	(756.6757507378436, 234.32303715736128, 0.0). Region: 1
iter = 30
Alpha wolf:  Wolf 47 (497). Fitness: 8.196660014253205e-05
	(646.6245712539292, 3004.26339724251, 0.0). Region: 71
	(470.5638446576628, 205.17974059668313, 0.0). Region: 1
iter = 40
Alpha wolf:  Wolf 47 (497). Fitness: 8.196660014253205e-05
	(616.6939032217875, 2817.948151154571, 0.0). Region: 71
	(485.0115634416339, 148.6940715027087, 0.0). Region: 1
iter = 50
Alpha wolf:  Wolf 47 (497). Fitness: 8.196660014253205e-05
	(616.6939032217875, 2817.948151154571, 0.0). Region: 71
	(485.0115634416339, 148.6940715027087, 0.0). Region: 1
iter = 60
Alpha wolf:  Wolf 47 (497). Fitness: 8.196660014253205e-05
	(711.4527232817369, 2973.3776415848224, 0.0). Region: 71
	(576.8299420374556, 191.17778858287275, 0.0). Region: 1
iter = 70
Alpha wolf:  Wolf 47 (497). Fitness: 8.196660014253205e-05
	(624.3951137997345, 2907.331938862034, 0.0). Region: 71
	(442.11599942640805, 213.62285577842331, 0.0). Region: 1
iter = 80
Alpha wolf:  Wolf 47 (497). Fitness: 8.196660014253205e-05
	(625.9745464742533, 2854.5145979271365, 0.0). Region: 71
	(648.7175663561259, 201.08020473836183, 0.0). Region: 1
iter = 90
Alpha wolf:  Wolf 47 (497). Fitness: 8.196660014253205e-05
	(592.7160225957923, 2937.8353384193, 0.0). Region: 71
	(701.7433384962202, 190.01993327676442, 0.0). Region: 1

- Finishing GWO - 

Best solution:  Wolf 47 (497). Fitness: 8.196660014253205e-05
	(528.0765881460088, 3050.3063589780922, 0.0). Region: 71
	(748.7650960150484, 205.65800080437342, 0.0). Region: 1
Antennas in slice 4:  [ 1 18 24 31 32 48 67 70 71 74 96]
Results:  [array([48, 74]), array([18, 24, 31, 32, 48, 67, 74]), array([18, 24, 31, 32, 48, 67, 70, 74, 96]), array([18, 24, 31, 32, 48, 67, 70, 74, 96]), array([ 1, 18, 24, 31, 32, 48, 67, 70, 71, 74, 96])]

Slice 5
Fitnes _wolf:  0.00011635979086809566
The set of antennas serves the scenario in the respective slice.
Results:  [array([48, 74]), array([18, 24, 31, 32, 48, 67, 74]), array([18, 24, 31, 32, 48, 67, 70, 74, 96]), array([18, 24, 31, 32, 48, 67, 70, 74, 96]), array([ 1, 18, 24, 31, 32, 48, 67, 70, 71, 74, 96]), array([ 1, 18, 24, 31, 32, 48, 67, 70, 71, 74, 96])]

Slice 6
Fitnes _wolf:  6.39503284089415e-05
The set of antennas serves the scenario in the respective slice.
Results:  [array([48, 74]), array([18, 24, 31, 32, 48, 67, 74]), array([18, 24, 31, 32, 48, 67, 70, 74, 96]), array([18, 24, 31, 32, 48, 67, 70, 74, 96]), array([ 1, 18, 24, 31, 32, 48, 67, 70, 71, 74, 96]), array([ 1, 18, 24, 31, 32, 48, 67, 70, 71, 74, 96]), array([ 1, 18, 24, 31, 32, 48, 67, 70, 71, 74, 96])]

Slice 7
Fitnes _wolf:  6.076300025044317e-05
The set of antennas serves the scenario in the respective slice.
Results:  [array([48, 74]), array([18, 24, 31, 32, 48, 67, 74]), array([18, 24, 31, 32, 48, 67, 70, 74, 96]), array([18, 24, 31, 32, 48, 67, 70, 74, 96]), array([ 1, 18, 24, 31, 32, 48, 67, 70, 71, 74, 96]), array([ 1, 18, 24, 31, 32, 48, 67, 70, 71, 74, 96]), array([ 1, 18, 24, 31, 32, 48, 67, 70, 71, 74, 96]), array([ 1, 18, 24, 31, 32, 48, 67, 70, 71, 74, 96])]

Slice 8
Fitnes _wolf:  7.999250413353107e-05
The set of antennas serves the scenario in the respective slice.
Results:  [array([48, 74]), array([18, 24, 31, 32, 48, 67, 74]), array([18, 24, 31, 32, 48, 67, 70, 74, 96]), array([18, 24, 31, 32, 48, 67, 70, 74, 96]), array([ 1, 18, 24, 31, 32, 48, 67, 70, 71, 74, 96]), array([ 1, 18, 24, 31, 32, 48, 67, 70, 71, 74, 96]), array([ 1, 18, 24, 31, 32, 48, 67, 70, 71, 74, 96]), array([ 1, 18, 24, 31, 32, 48, 67, 70, 71, 74, 96]), array([ 1, 18, 24, 31, 32, 48, 67, 70, 71, 74, 96])]

Slice 9
Fitnes _wolf:  6.89333322068375e-05
The set of antennas serves the scenario in the respective slice.
Results:  [array([48, 74]), array([18, 24, 31, 32, 48, 67, 74]), array([18, 24, 31, 32, 48, 67, 70, 74, 96]), array([18, 24, 31, 32, 48, 67, 70, 74, 96]), array([ 1, 18, 24, 31, 32, 48, 67, 70, 71, 74, 96]), array([ 1, 18, 24, 31, 32, 48, 67, 70, 71, 74, 96]), array([ 1, 18, 24, 31, 32, 48, 67, 70, 71, 74, 96]), array([ 1, 18, 24, 31, 32, 48, 67, 70, 71, 74, 96]), array([ 1, 18, 24, 31, 32, 48, 67, 70, 71, 74, 96]), array([ 1, 18, 24, 31, 32, 48, 67, 70, 71, 74, 96])]

Slice 10
Fitnes _wolf:  0.00010966256460170098
The set of antennas serves the scenario in the respective slice.
Results:  [array([48, 74]), array([18, 24, 31, 32, 48, 67, 74]), array([18, 24, 31, 32, 48, 67, 70, 74, 96]), array([18, 24, 31, 32, 48, 67, 70, 74, 96]), array([ 1, 18, 24, 31, 32, 48, 67, 70, 71, 74, 96]), array([ 1, 18, 24, 31, 32, 48, 67, 70, 71, 74, 96]), array([ 1, 18, 24, 31, 32, 48, 67, 70, 71, 74, 96]), array([ 1, 18, 24, 31, 32, 48, 67, 70, 71, 74, 96]), array([ 1, 18, 24, 31, 32, 48, 67, 70, 71, 74, 96]), array([ 1, 18, 24, 31, 32, 48, 67, 70, 71, 74, 96]), array([ 1, 18, 24, 31, 32, 48, 67, 70, 71, 74, 96])]

Slice 11
Fitnes _wolf:  0.0006271112935856543
The set of antennas serves the scenario in the respective slice.
Results:  [array([48, 74]), array([18, 24, 31, 32, 48, 67, 74]), array([18, 24, 31, 32, 48, 67, 70, 74, 96]), array([18, 24, 31, 32, 48, 67, 70, 74, 96]), array([ 1, 18, 24, 31, 32, 48, 67, 70, 71, 74, 96]), array([ 1, 18, 24, 31, 32, 48, 67, 70, 71, 74, 96]), array([ 1, 18, 24, 31, 32, 48, 67, 70, 71, 74, 96]), array([ 1, 18, 24, 31, 32, 48, 67, 70, 71, 74, 96]), array([ 1, 18, 24, 31, 32, 48, 67, 70, 71, 74, 96]), array([ 1, 18, 24, 31, 32, 48, 67, 70, 71, 74, 96]), array([ 1, 18, 24, 31, 32, 48, 67, 70, 71, 74, 96]), array([ 1, 18, 24, 31, 32, 48, 67, 70, 71, 74, 96])]
Results:  [array([48, 74]), array([18, 24, 31, 32, 48, 67, 74]), array([18, 24, 31, 32, 48, 67, 70, 74, 96]), array([18, 24, 31, 32, 48, 67, 70, 74, 96]), array([ 1, 18, 24, 31, 32, 48, 67, 70, 71, 74, 96]), array([ 1, 18, 24, 31, 32, 48, 67, 70, 71, 74, 96]), array([ 1, 18, 24, 31, 32, 48, 67, 70, 71, 74, 96]), array([ 1, 18, 24, 31, 32, 48, 67, 70, 71, 74, 96]), array([ 1, 18, 24, 31, 32, 48, 67, 70, 71, 74, 96]), array([ 1, 18, 24, 31, 32, 48, 67, 70, 71, 74, 96]), array([ 1, 18, 24, 31, 32, 48, 67, 70, 71, 74, 96]), array([ 1, 18, 24, 31, 32, 48, 67, 70, 71, 74, 96])]

Média de carros: 9.583333333333334
t=0
Antennas: [48 74]
Users: [73 74 83 84 93 94]
connections:  {73: 74, 74: 74, 83: 74, 84: 74, 93: 74, 94: 74}
$x_{0,48}$
		Usuarios totais: 0
$x_{0,74}$
	 $y_{0,74,73}$ = 34.99570687497433 dB
	 $y_{0,74,74}$ = 84.35150530700506 dB
	 $y_{0,74,83}$ = 18.05033916955564 dB
	 $y_{0,74,84}$ = 27.264896753319803 dB
	 $y_{0,74,93}$ = 21.031506839523345 dB
	 $y_{0,74,94}$ = 19.112645905156086 dB
		SNR medio:  5.535313536473899
		Usuarios totais: 37
Distances:
48 : 74 = 2000.0
t=1
Antennas: [18 24 31 32 48 67 74]
Users: [ 4 14 15 16 17 20 21 22 23 25 26 28 34 40 42 43 45 48 58 62 64 71 74 82
 83 84 85 88 93 94 97 99]
connections:  {4: 24, 14: 24, 15: 24, 17: 18, 20: 31, 25: 24, 26: 24, 28: 18, 43: 31, 45: 24, 62: 74, 71: 74, 82: 74, 83: 74, 84: 74, 88: 67, 93: 74, 94: 74, 97: 74, 99: 67, 16: 24, 21: 24, 23: 24, 34: 24, 40: 31, 58: 67, 64: 74, 74: 74, 85: 74, 22: 24, 42: 24, 48: 48}
$x_{1,18}$
	 $y_{1,18,17}$ = 36.599957292419504 dB
	 $y_{1,18,28}$ = 28.46509428080641 dB
		SNR medio:  32.53252578661296
		Usuarios totais: 2
$x_{1,24}$
	 $y_{1,24,4}$ = 22.006997563058775 dB
	 $y_{1,24,14}$ = 26.367108487231576 dB
	 $y_{1,24,15}$ = 20.907386810543784 dB
	 $y_{1,24,25}$ = 25.142989018888954 dB
	 $y_{1,24,26}$ = 21.211829142621824 dB
	 $y_{1,24,45}$ = 25.526863196783907 dB
	 $y_{1,24,16}$ = 16.982425441232337 dB
	 $y_{1,24,21}$ = 27.412563676758737 dB
	 $y_{1,24,23}$ = 33.236191259750186 dB
	 $y_{1,24,34}$ = 29.797829868038818 dB
	 $y_{1,24,22}$ = 19.921827320935208 dB
	 $y_{1,24,42}$ = 15.460294229617759 dB
		SNR medio:  21.84417738580476
		Usuarios totais: 13
$x_{1,31}$
	 $y_{1,31,20}$ = 22.986462486852062 dB
	 $y_{1,31,43}$ = 19.16496612066038 dB
	 $y_{1,31,40}$ = 18.84061894710065 dB
		SNR medio:  12.19840951092262
		Usuarios totais: 5
$x_{1,32}$
		Usuarios totais: 0
$x_{1,48}$
	 $y_{1,48,48}$ = 87.38833289839025 dB
		SNR medio:  87.38833289839025
		Usuarios totais: 1
$x_{1,67}$
	 $y_{1,67,88}$ = 17.162527736041113 dB
	 $y_{1,67,99}$ = 17.601886733724 dB
	 $y_{1,67,58}$ = 24.379949210510475 dB
		SNR medio:  19.714787893425196
		Usuarios totais: 3
$x_{1,74}$
	 $y_{1,74,62}$ = 17.168852869788182 dB
	 $y_{1,74,71}$ = 17.098354902808552 dB
	 $y_{1,74,82}$ = 17.975720597959736 dB
	 $y_{1,74,83}$ = 18.05033916955564 dB
	 $y_{1,74,84}$ = 27.264896753319803 dB
	 $y_{1,74,93}$ = 21.031506839523345 dB
	 $y_{1,74,94}$ = 19.112645905156086 dB
	 $y_{1,74,97}$ = 18.43593392424046 dB
	 $y_{1,74,64}$ = 24.974113622302767 dB
	 $y_{1,74,74}$ = 84.35150530700506 dB
	 $y_{1,74,85}$ = 23.35454310539049 dB
		SNR medio:  7.405600333257696
		Usuarios totais: 39
Distances:
18 : 24 = 1649.2422502470642
18 : 31 = 2912.043955712207
18 : 32 = 2529.8221281347037
18 : 48 = 1200.0
18 : 67 = 2039.607805437114
18 : 74 = 2884.4410203711914
24 : 31 = 1264.9110640673518
24 : 32 = 894.4271909999159
24 : 48 = 1788.8543819998317
24 : 67 = 2000.0
24 : 74 = 2000.0
31 : 32 = 400.0
31 : 48 = 2828.42712474619
31 : 67 = 2683.281572999748
31 : 74 = 2000.0
32 : 48 = 2433.105012119288
32 : 67 = 2332.38075793812
32 : 74 = 1788.8543819998317
48 : 67 = 894.4271909999159
48 : 74 = 2000.0
67 : 74 = 1264.9110640673518
t=2
Antennas: [18 24 31 32 48 67 70 74 96]
Users: [ 3  4  5  6  7  8  9 11 14 15 16 17 23 25 30 35 40 41 44 46 47 49 51 52
 56 59 61 62 65 69 71 73 74 76 77 78 79 81 83 84 85 86 87 88 92 94 95 97
 98 99]
connections:  {4: 24, 5: 24, 6: 18, 7: 18, 8: 18, 9: 18, 11: 31, 14: 24, 15: 24, 17: 18, 25: 24, 52: 31, 65: 74, 79: 67, 81: 70, 83: 74, 88: 67, 92: 70, 94: 74, 95: 96, 98: 96, 99: 67, 3: 24, 16: 24, 23: 24, 30: 31, 40: 31, 41: 31, 46: 67, 47: 67, 49: 67, 51: 70, 56: 67, 59: 67, 61: 70, 62: 74, 69: 67, 71: 74, 73: 74, 74: 74, 78: 67, 84: 74, 86: 74, 87: 67, 97: 74, 35: 24, 44: 24, 76: 74, 77: 74, 85: 67}
$x_{2,18}$
	 $y_{2,18,6}$ = 18.88418244753983 dB
	 $y_{2,18,7}$ = 36.70000795712208 dB
	 $y_{2,18,8}$ = 36.33573174184693 dB
	 $y_{2,18,9}$ = 24.792215466602926 dB
	 $y_{2,18,17}$ = 36.599957292419504 dB
		SNR medio:  30.662418981106253
		Usuarios totais: 5
$x_{2,24}$
	 $y_{2,24,4}$ = 22.006997563058775 dB
	 $y_{2,24,5}$ = 15.56522363789314 dB
	 $y_{2,24,14}$ = 26.367108487231576 dB
	 $y_{2,24,15}$ = 20.907386810543784 dB
	 $y_{2,24,25}$ = 25.142989018888954 dB
	 $y_{2,24,3}$ = 19.902089239652327 dB
	 $y_{2,24,16}$ = 16.982425441232337 dB
	 $y_{2,24,23}$ = 33.236191259750186 dB
	 $y_{2,24,35}$ = 30.225266245963 dB
	 $y_{2,24,44}$ = 16.238890673727155 dB
		SNR medio:  16.183897741281516
		Usuarios totais: 14
$x_{2,31}$
	 $y_{2,31,11}$ = 23.0831277152152 dB
	 $y_{2,31,52}$ = 20.534863759324082 dB
	 $y_{2,31,30}$ = 32.550138990368936 dB
	 $y_{2,31,40}$ = 18.84061894710065 dB
	 $y_{2,31,41}$ = 30.470872251666933 dB
		SNR medio:  20.9132702772793
		Usuarios totais: 6
$x_{2,32}$
		Usuarios totais: 0
$x_{2,48}$
		Usuarios totais: 0
$x_{2,67}$
	 $y_{2,67,79}$ = 19.66562493584776 dB
	 $y_{2,67,88}$ = 17.162527736041113 dB
	 $y_{2,67,99}$ = 17.601886733724 dB
	 $y_{2,67,46}$ = 18.918783648627425 dB
	 $y_{2,67,47}$ = 16.55265299467804 dB
	 $y_{2,67,49}$ = 18.680882563944664 dB
	 $y_{2,67,56}$ = 20.917388999412083 dB
	 $y_{2,67,59}$ = 15.829320035616291 dB
	 $y_{2,67,69}$ = 17.865662144052322 dB
	 $y_{2,67,78}$ = 21.979840517871295 dB
	 $y_{2,67,87}$ = 15.880451826414784 dB
	 $y_{2,67,85}$ = 17.35577630783291 dB
		SNR medio:  12.133933246892374
		Usuarios totais: 18
$x_{2,70}$
	 $y_{2,70,81}$ = 21.703433272413974 dB
	 $y_{2,70,92}$ = 16.933810646192953 dB
	 $y_{2,70,51}$ = 19.638496595821948 dB
	 $y_{2,70,61}$ = 22.41014077969963 dB
		SNR medio:  13.447646882354752
		Usuarios totais: 6
$x_{2,74}$
	 $y_{2,74,65}$ = 30.21253038636837 dB
	 $y_{2,74,83}$ = 18.05033916955564 dB
	 $y_{2,74,94}$ = 19.112645905156086 dB
	 $y_{2,74,62}$ = 17.168852869788182 dB
	 $y_{2,74,71}$ = 17.098354902808552 dB
	 $y_{2,74,73}$ = 34.99570687497433 dB
	 $y_{2,74,74}$ = 84.35150530700506 dB
	 $y_{2,74,84}$ = 27.264896753319803 dB
	 $y_{2,74,86}$ = 19.31109046130024 dB
	 $y_{2,74,97}$ = 18.43593392424046 dB
	 $y_{2,74,76}$ = 18.03096116377823 dB
	 $y_{2,74,77}$ = 15.744055263618122 dB
		SNR medio:  8.41518086794508
		Usuarios totais: 38
$x_{2,96}$
	 $y_{2,96,95}$ = 26.336014973759248 dB
	 $y_{2,96,98}$ = 16.65450159078202 dB
		SNR medio:  10.747629141135317
		Usuarios totais: 4
Distances:
18 : 24 = 1649.2422502470642
18 : 31 = 2912.043955712207
18 : 32 = 2529.8221281347037
18 : 48 = 1200.0
18 : 67 = 2039.607805437114
18 : 70 = 4000.0
18 : 74 = 2884.4410203711914
18 : 96 = 3298.4845004941285
24 : 31 = 1264.9110640673518
24 : 32 = 894.4271909999159
24 : 48 = 1788.8543819998317
24 : 67 = 2000.0
24 : 70 = 2561.2496949731394
24 : 74 = 2000.0
24 : 96 = 2912.043955712207
31 : 32 = 400.0
31 : 48 = 2828.42712474619
31 : 67 = 2683.281572999748
31 : 70 = 1649.2422502470642
31 : 74 = 2000.0
31 : 96 = 3124.099870362662
32 : 48 = 2433.105012119288
32 : 67 = 2332.38075793812
32 : 70 = 1788.8543819998317
32 : 74 = 1788.8543819998317
32 : 96 = 2884.4410203711914
48 : 67 = 894.4271909999159
48 : 70 = 3417.6014981270123
48 : 74 = 2000.0
48 : 96 = 2154.0659228538016
67 : 70 = 2828.42712474619
67 : 74 = 1264.9110640673518
67 : 96 = 1264.9110640673518
70 : 74 = 1600.0
70 : 96 = 2529.8221281347037
74 : 96 = 1131.370849898476
t=3
Antennas: [18 24 31 32 48 67 70 74 96]
Users: [ 3  4  6  9 11 13 17 18 19 22 23 25 26 27 28 33 34 36 38 39 40 41 42 45
 46 47 48 49 50 51 52 55 56 59 60 61 62 65 68 69 70 71 72 73 74 75 77 79
 81 83 84 85 86 88 89 90 94 95 96 97 99]
connections:  {4: 24, 6: 18, 9: 18, 11: 31, 13: 24, 17: 18, 19: 18, 25: 24, 26: 24, 27: 18, 28: 18, 36: 48, 45: 24, 52: 31, 60: 70, 65: 74, 68: 67, 70: 70, 79: 67, 81: 70, 83: 74, 88: 67, 89: 67, 90: 70, 94: 74, 95: 96, 99: 67, 3: 24, 18: 18, 23: 24, 33: 24, 34: 24, 38: 18, 39: 18, 40: 31, 41: 31, 46: 67, 47: 67, 49: 67, 50: 31, 51: 70, 55: 74, 56: 67, 59: 67, 61: 70, 62: 74, 69: 67, 71: 74, 72: 74, 73: 96, 74: 74, 84: 96, 86: 74, 96: 96, 97: 96, 75: 67, 77: 67, 85: 67, 22: 24, 42: 24, 48: 48}
$x_{3,18}$
	 $y_{3,18,6}$ = 18.88418244753983 dB
	 $y_{3,18,9}$ = 24.792215466602926 dB
	 $y_{3,18,17}$ = 36.599957292419504 dB
	 $y_{3,18,19}$ = 28.17839174830391 dB
	 $y_{3,18,27}$ = 22.743002010205373 dB
	 $y_{3,18,28}$ = 28.46509428080641 dB
	 $y_{3,18,18}$ = 81.64397860626862 dB
	 $y_{3,18,38}$ = 18.510367775951238 dB
	 $y_{3,18,39}$ = 20.793802196834164 dB
		SNR medio:  21.58546090961015
		Usuarios totais: 13
$x_{3,24}$
	 $y_{3,24,4}$ = 22.006997563058775 dB
	 $y_{3,24,13}$ = 23.706860423702793 dB
	 $y_{3,24,25}$ = 25.142989018888954 dB
	 $y_{3,24,26}$ = 21.211829142621824 dB
	 $y_{3,24,45}$ = 25.526863196783907 dB
	 $y_{3,24,3}$ = 19.902089239652327 dB
	 $y_{3,24,23}$ = 33.236191259750186 dB
	 $y_{3,24,33}$ = 17.40891792005162 dB
	 $y_{3,24,34}$ = 29.797829868038818 dB
	 $y_{3,24,22}$ = 19.921827320935208 dB
	 $y_{3,24,42}$ = 15.460294229617759 dB
		SNR medio:  14.901334657829542
		Usuarios totais: 17
$x_{3,31}$
	 $y_{3,31,11}$ = 23.0831277152152 dB
	 $y_{3,31,52}$ = 20.534863759324082 dB
	 $y_{3,31,40}$ = 18.84061894710065 dB
	 $y_{3,31,41}$ = 30.470872251666933 dB
	 $y_{3,31,50}$ = 17.366931772259903 dB
		SNR medio:  13.787051805695846
		Usuarios totais: 8
$x_{3,32}$
		Usuarios totais: 0
$x_{3,48}$
	 $y_{3,48,36}$ = 18.401329167508635 dB
	 $y_{3,48,48}$ = 87.38833289839025 dB
		SNR medio:  35.26322068863296
		Usuarios totais: 3
$x_{3,67}$
	 $y_{3,67,68}$ = 24.356474261941955 dB
	 $y_{3,67,79}$ = 19.66562493584776 dB
	 $y_{3,67,88}$ = 17.162527736041113 dB
	 $y_{3,67,89}$ = 15.655922066614565 dB
	 $y_{3,67,99}$ = 17.601886733724 dB
	 $y_{3,67,46}$ = 18.918783648627425 dB
	 $y_{3,67,47}$ = 16.55265299467804 dB
	 $y_{3,67,49}$ = 18.680882563944664 dB
	 $y_{3,67,56}$ = 20.917388999412083 dB
	 $y_{3,67,59}$ = 15.829320035616291 dB
	 $y_{3,67,69}$ = 17.865662144052322 dB
	 $y_{3,67,75}$ = 15.821488294341862 dB
	 $y_{3,67,77}$ = 30.3490286682746 dB
	 $y_{3,67,85}$ = 17.35577630783291 dB
		SNR medio:  12.701591399569029
		Usuarios totais: 21
$x_{3,70}$
	 $y_{3,70,60}$ = 34.37314872092486 dB
	 $y_{3,70,70}$ = 83.45292603237095 dB
	 $y_{3,70,81}$ = 21.703433272413974 dB
	 $y_{3,70,90}$ = 26.783230584674115 dB
	 $y_{3,70,51}$ = 19.638496595821948 dB
	 $y_{3,70,61}$ = 22.41014077969963 dB
		SNR medio:  23.151263998433947
		Usuarios totais: 9
$x_{3,74}$
	 $y_{3,74,65}$ = 30.21253038636837 dB
	 $y_{3,74,83}$ = 18.05033916955564 dB
	 $y_{3,74,94}$ = 19.112645905156086 dB
	 $y_{3,74,55}$ = 21.45684275325145 dB
	 $y_{3,74,62}$ = 17.168852869788182 dB
	 $y_{3,74,71}$ = 17.098354902808552 dB
	 $y_{3,74,72}$ = 19.197238019222723 dB
	 $y_{3,74,74}$ = 84.35150530700506 dB
	 $y_{3,74,86}$ = 19.31109046130024 dB
		SNR medio:  6.148984994361408
		Usuarios totais: 40
$x_{3,96}$
	 $y_{3,96,95}$ = 26.336014973759248 dB
	 $y_{3,96,73}$ = 15.12070789489988 dB
	 $y_{3,96,84}$ = 18.203569275955644 dB
	 $y_{3,96,96}$ = 84.71266042314069 dB
	 $y_{3,96,97}$ = 36.956849296526485 dB
		SNR medio:  13.948446297252458
		Usuarios totais: 13
Distances:
18 : 24 = 1649.2422502470642
18 : 31 = 2912.043955712207
18 : 32 = 2529.8221281347037
18 : 48 = 1200.0
18 : 67 = 2039.607805437114
18 : 70 = 4000.0
18 : 74 = 2884.4410203711914
18 : 96 = 3298.4845004941285
24 : 31 = 1264.9110640673518
24 : 32 = 894.4271909999159
24 : 48 = 1788.8543819998317
24 : 67 = 2000.0
24 : 70 = 2561.2496949731394
24 : 74 = 2000.0
24 : 96 = 2912.043955712207
31 : 32 = 400.0
31 : 48 = 2828.42712474619
31 : 67 = 2683.281572999748
31 : 70 = 1649.2422502470642
31 : 74 = 2000.0
31 : 96 = 3124.099870362662
32 : 48 = 2433.105012119288
32 : 67 = 2332.38075793812
32 : 70 = 1788.8543819998317
32 : 74 = 1788.8543819998317
32 : 96 = 2884.4410203711914
48 : 67 = 894.4271909999159
48 : 70 = 3417.6014981270123
48 : 74 = 2000.0
48 : 96 = 2154.0659228538016
67 : 70 = 2828.42712474619
67 : 74 = 1264.9110640673518
67 : 96 = 1264.9110640673518
70 : 74 = 1600.0
70 : 96 = 2529.8221281347037
74 : 96 = 1131.370849898476
t=4
Antennas: [ 1 18 24 31 32 48 67 70 71 74 96]
Users: [ 0  2  5  6  8  9 10 11 13 14 16 17 18 20 21 22 23 27 28 29 30 31 32 33
 34 35 36 37 38 42 43 44 46 47 48 49 50 51 52 56 57 58 59 61 63 64 66 67
 68 69 72 73 74 75 76 78 79 80 82 83 84 85 86 87 88 89 90 91 93 94 96 97
 99]
connections:  {0: 1, 5: 24, 6: 18, 8: 18, 9: 18, 13: 24, 17: 18, 20: 31, 27: 18, 28: 18, 29: 48, 36: 48, 43: 31, 67: 67, 68: 67, 79: 67, 88: 67, 89: 67, 90: 70, 91: 71, 94: 74, 99: 67, 2: 31, 10: 1, 11: 1, 14: 1, 18: 18, 23: 24, 30: 31, 31: 31, 32: 32, 33: 24, 34: 24, 37: 18, 38: 18, 46: 67, 47: 67, 49: 67, 51: 32, 52: 31, 56: 67, 57: 67, 58: 67, 59: 67, 64: 67, 69: 67, 72: 74, 78: 67, 80: 70, 83: 74, 84: 74, 86: 74, 87: 67, 96: 96, 97: 74, 16: 18, 21: 24, 22: 24, 35: 24, 42: 24, 44: 24, 48: 48, 50: 31, 61: 32, 63: 74, 66: 74, 73: 71, 74: 67, 75: 67, 76: 67, 82: 71, 85: 96, 93: 71}
$x_{4,1}$
	 $y_{4,1,0}$ = 29.39818891342084 dB
	 $y_{4,1,10}$ = 24.866293760693324 dB
	 $y_{4,1,11}$ = 34.32676214458239 dB
	 $y_{4,1,14}$ = 19.10857687459854 dB
		SNR medio:  13.462477711661887
		Usuarios totais: 8
$x_{4,18}$
	 $y_{4,18,6}$ = 18.88418244753983 dB
	 $y_{4,18,8}$ = 36.33573174184693 dB
	 $y_{4,18,9}$ = 24.792215466602926 dB
	 $y_{4,18,17}$ = 36.599957292419504 dB
	 $y_{4,18,27}$ = 22.743002010205373 dB
	 $y_{4,18,28}$ = 28.46509428080641 dB
	 $y_{4,18,18}$ = 81.64397860626862 dB
	 $y_{4,18,37}$ = 22.21393557284499 dB
	 $y_{4,18,38}$ = 18.510367775951238 dB
	 $y_{4,18,16}$ = 31.882340049267185 dB
		SNR medio:  20.12942532773456
		Usuarios totais: 16
$x_{4,24}$
	 $y_{4,24,5}$ = 15.56522363789314 dB
	 $y_{4,24,13}$ = 23.706860423702793 dB
	 $y_{4,24,23}$ = 33.236191259750186 dB
	 $y_{4,24,33}$ = 17.40891792005162 dB
	 $y_{4,24,34}$ = 29.797829868038818 dB
	 $y_{4,24,21}$ = 27.412563676758737 dB
	 $y_{4,24,22}$ = 19.921827320935208 dB
	 $y_{4,24,35}$ = 30.225266245963 dB
	 $y_{4,24,42}$ = 15.460294229617759 dB
	 $y_{4,24,44}$ = 16.238890673727155 dB
		SNR medio:  12.051256066128339
		Usuarios totais: 19
$x_{4,31}$
	 $y_{4,31,20}$ = 22.986462486852062 dB
	 $y_{4,31,43}$ = 19.16496612066038 dB
	 $y_{4,31,2}$ = 16.293586054493545 dB
	 $y_{4,31,30}$ = 32.550138990368936 dB
	 $y_{4,31,31}$ = 84.12764080999175 dB
	 $y_{4,31,52}$ = 20.534863759324082 dB
	 $y_{4,31,50}$ = 17.366931772259903 dB
		SNR medio:  21.302458999395064
		Usuarios totais: 10
$x_{4,32}$
	 $y_{4,32,32}$ = 88.6803316266782 dB
	 $y_{4,32,51}$ = 24.006797654240998 dB
	 $y_{4,32,61}$ = 15.66256531415874 dB
		SNR medio:  18.335670656439707
		Usuarios totais: 7
$x_{4,48}$
	 $y_{4,48,29}$ = 27.217196610592765 dB
	 $y_{4,48,36}$ = 18.401329167508635 dB
	 $y_{4,48,48}$ = 87.38833289839025 dB
		SNR medio:  33.25171466912291
		Usuarios totais: 4
$x_{4,67}$
	 $y_{4,67,67}$ = 86.22457771583585 dB
	 $y_{4,67,68}$ = 24.356474261941955 dB
	 $y_{4,67,79}$ = 19.66562493584776 dB
	 $y_{4,67,88}$ = 17.162527736041113 dB
	 $y_{4,67,89}$ = 15.655922066614565 dB
	 $y_{4,67,99}$ = 17.601886733724 dB
	 $y_{4,67,46}$ = 18.918783648627425 dB
	 $y_{4,67,47}$ = 16.55265299467804 dB
	 $y_{4,67,49}$ = 18.680882563944664 dB
	 $y_{4,67,56}$ = 20.917388999412083 dB
	 $y_{4,67,57}$ = 26.907082394990923 dB
	 $y_{4,67,58}$ = 24.379949210510475 dB
	 $y_{4,67,59}$ = 15.829320035616291 dB
	 $y_{4,67,64}$ = 22.569485632296804 dB
	 $y_{4,67,69}$ = 17.865662144052322 dB
	 $y_{4,67,78}$ = 21.979840517871295 dB
	 $y_{4,67,87}$ = 15.880451826414784 dB
	 $y_{4,67,74}$ = 18.044440910682567 dB
	 $y_{4,67,75}$ = 15.821488294341862 dB
	 $y_{4,67,76}$ = 15.145681305406654 dB
		SNR medio:  11.846319050759247
		Usuarios totais: 38
$x_{4,70}$
	 $y_{4,70,90}$ = 26.783230584674115 dB
	 $y_{4,70,80}$ = 35.75009716248937 dB
		SNR medio:  20.844442582387828
		Usuarios totais: 3
$x_{4,71}$
	 $y_{4,71,91}$ = 17.780178632444148 dB
	 $y_{4,71,73}$ = 19.087216983203547 dB
	 $y_{4,71,82}$ = 29.60525522815682 dB
	 $y_{4,71,93}$ = 18.72792422121573 dB
		SNR medio:  14.200095844170042
		Usuarios totais: 6
$x_{4,74}$
	 $y_{4,74,94}$ = 19.112645905156086 dB
	 $y_{4,74,72}$ = 19.197238019222723 dB
	 $y_{4,74,83}$ = 18.05033916955564 dB
	 $y_{4,74,84}$ = 27.264896753319803 dB
	 $y_{4,74,86}$ = 19.31109046130024 dB
	 $y_{4,74,97}$ = 18.43593392424046 dB
	 $y_{4,74,63}$ = 23.328097878987464 dB
	 $y_{4,74,66}$ = 17.09594312559878 dB
		SNR medio:  4.04490463093453
		Usuarios totais: 40
$x_{4,96}$
	 $y_{4,96,96}$ = 84.71266042314069 dB
	 $y_{4,96,85}$ = 22.692203602382065 dB
		SNR medio:  26.85121600638069
		Usuarios totais: 4
Distances:
1 : 18 = 2828.42712474619
1 : 24 = 1442.2205101855957
1 : 31 = 1200.0
1 : 32 = 1264.9110640673518
1 : 48 = 3224.9030993194197
1 : 67 = 3394.1125496954282
1 : 70 = 2828.42712474619
1 : 71 = 2800.0
1 : 74 = 3046.3092423455632
1 : 96 = 4118.2520563948
18 : 24 = 1649.2422502470642
18 : 31 = 2912.043955712207
18 : 32 = 2529.8221281347037
18 : 48 = 1200.0
18 : 67 = 2039.607805437114
18 : 70 = 4000.0
18 : 71 = 3687.817782917155
18 : 74 = 2884.4410203711914
18 : 96 = 3298.4845004941285
24 : 31 = 1264.9110640673518
24 : 32 = 894.4271909999159
24 : 48 = 1788.8543819998317
24 : 67 = 2000.0
24 : 70 = 2561.2496949731394
24 : 71 = 2332.38075793812
24 : 74 = 2000.0
24 : 96 = 2912.043955712207
31 : 32 = 400.0
31 : 48 = 2828.42712474619
31 : 67 = 2683.281572999748
31 : 70 = 1649.2422502470642
31 : 71 = 1600.0
31 : 74 = 2000.0
31 : 96 = 3124.099870362662
32 : 48 = 2433.105012119288
32 : 67 = 2332.38075793812
32 : 70 = 1788.8543819998317
32 : 71 = 1649.2422502470642
32 : 74 = 1788.8543819998317
32 : 96 = 2884.4410203711914
48 : 67 = 894.4271909999159
48 : 70 = 3417.6014981270123
48 : 71 = 3046.3092423455632
48 : 74 = 2000.0
48 : 96 = 2154.0659228538016
67 : 70 = 2828.42712474619
67 : 71 = 2433.105012119288
67 : 74 = 1264.9110640673518
67 : 96 = 1264.9110640673518
70 : 71 = 400.0
70 : 74 = 1600.0
70 : 96 = 2529.8221281347037
71 : 74 = 1200.0
71 : 96 = 2154.0659228538016
74 : 96 = 1131.370849898476
t=5
Antennas: [ 1 18 24 31 32 48 67 70 71 74 96]
Users: [ 0  2  3  4  5  7  8  9 11 13 14 15 16 17 18 20 21 22 23 24 25 26 27 28
 29 30 31 32 33 34 36 37 38 39 40 41 42 43 46 50 52 53 54 55 56 57 59 60
 61 62 63 64 65 67 68 70 71 73 74 75 78 80 82 83 85 86 87 89 90 91 93 94
 95 96 97 98 99]
connections:  {0: 1, 4: 24, 5: 24, 7: 18, 8: 18, 9: 18, 13: 24, 15: 24, 17: 18, 20: 31, 25: 24, 26: 24, 27: 18, 28: 18, 29: 48, 36: 48, 43: 31, 54: 24, 65: 74, 67: 67, 68: 67, 89: 67, 90: 70, 91: 71, 94: 74, 95: 96, 98: 96, 99: 67, 2: 31, 11: 31, 14: 24, 18: 18, 23: 24, 24: 24, 30: 31, 31: 31, 32: 32, 33: 24, 34: 24, 37: 18, 38: 18, 39: 18, 40: 31, 41: 31, 46: 67, 52: 31, 55: 74, 56: 67, 57: 67, 59: 67, 60: 70, 64: 74, 70: 70, 78: 67, 80: 70, 83: 74, 86: 74, 87: 67, 96: 96, 97: 74, 3: 24, 16: 24, 21: 24, 22: 24, 42: 24, 50: 31, 53: 31, 61: 70, 62: 74, 63: 31, 71: 71, 73: 71, 74: 67, 75: 67, 82: 70, 85: 67, 93: 71}
$x_{5,1}$
	 $y_{5,1,0}$ = 29.39818891342084 dB
		SNR medio:  29.39818891342084
		Usuarios totais: 1
$x_{5,18}$
	 $y_{5,18,7}$ = 36.70000795712208 dB
	 $y_{5,18,8}$ = 36.33573174184693 dB
	 $y_{5,18,9}$ = 24.792215466602926 dB
	 $y_{5,18,17}$ = 36.599957292419504 dB
	 $y_{5,18,27}$ = 22.743002010205373 dB
	 $y_{5,18,28}$ = 28.46509428080641 dB
	 $y_{5,18,18}$ = 81.64397860626862 dB
	 $y_{5,18,37}$ = 22.21393557284499 dB
	 $y_{5,18,38}$ = 18.510367775951238 dB
	 $y_{5,18,39}$ = 20.793802196834164 dB
		SNR medio:  21.91987286006015
		Usuarios totais: 15
$x_{5,24}$
	 $y_{5,24,4}$ = 22.006997563058775 dB
	 $y_{5,24,5}$ = 15.56522363789314 dB
	 $y_{5,24,13}$ = 23.706860423702793 dB
	 $y_{5,24,15}$ = 20.907386810543784 dB
	 $y_{5,24,25}$ = 25.142989018888954 dB
	 $y_{5,24,26}$ = 21.211829142621824 dB
	 $y_{5,24,54}$ = 15.410228486962723 dB
	 $y_{5,24,14}$ = 26.367108487231576 dB
	 $y_{5,24,23}$ = 33.236191259750186 dB
	 $y_{5,24,24}$ = 87.25719178398359 dB
	 $y_{5,24,33}$ = 17.40891792005162 dB
	 $y_{5,24,34}$ = 29.797829868038818 dB
	 $y_{5,24,3}$ = 19.902089239652327 dB
	 $y_{5,24,16}$ = 16.982425441232337 dB
	 $y_{5,24,21}$ = 27.412563676758737 dB
	 $y_{5,24,22}$ = 19.921827320935208 dB
	 $y_{5,24,42}$ = 15.460294229617759 dB
		SNR medio:  10.942448857773105
		Usuarios totais: 40
$x_{5,31}$
	 $y_{5,31,20}$ = 22.986462486852062 dB
	 $y_{5,31,43}$ = 19.16496612066038 dB
	 $y_{5,31,2}$ = 16.293586054493545 dB
	 $y_{5,31,11}$ = 23.0831277152152 dB
	 $y_{5,31,30}$ = 32.550138990368936 dB
	 $y_{5,31,31}$ = 84.12764080999175 dB
	 $y_{5,31,40}$ = 18.84061894710065 dB
	 $y_{5,31,41}$ = 30.470872251666933 dB
	 $y_{5,31,52}$ = 20.534863759324082 dB
	 $y_{5,31,50}$ = 17.366931772259903 dB
	 $y_{5,31,53}$ = 15.699409878591695 dB
	 $y_{5,31,63}$ = 18.675441338087296 dB
		SNR medio:  13.324752505192187
		Usuarios totais: 24
$x_{5,32}$
	 $y_{5,32,32}$ = 88.6803316266782 dB
		SNR medio:  88.6803316266782
		Usuarios totais: 1
$x_{5,48}$
	 $y_{5,48,29}$ = 27.217196610592765 dB
	 $y_{5,48,36}$ = 18.401329167508635 dB
		SNR medio:  11.40463144452535
		Usuarios totais: 4
$x_{5,67}$
	 $y_{5,67,67}$ = 86.22457771583585 dB
	 $y_{5,67,68}$ = 24.356474261941955 dB
	 $y_{5,67,89}$ = 15.655922066614565 dB
	 $y_{5,67,99}$ = 17.601886733724 dB
	 $y_{5,67,46}$ = 18.918783648627425 dB
	 $y_{5,67,56}$ = 20.917388999412083 dB
	 $y_{5,67,57}$ = 26.907082394990923 dB
	 $y_{5,67,59}$ = 15.829320035616291 dB
	 $y_{5,67,78}$ = 21.979840517871295 dB
	 $y_{5,67,87}$ = 15.880451826414784 dB
	 $y_{5,67,74}$ = 18.044440910682567 dB
	 $y_{5,67,75}$ = 15.821488294341862 dB
	 $y_{5,67,85}$ = 17.35577630783291 dB
		SNR medio:  9.85916980355958
		Usuarios totais: 32
$x_{5,70}$
	 $y_{5,70,90}$ = 26.783230584674115 dB
	 $y_{5,70,60}$ = 34.37314872092486 dB
	 $y_{5,70,70}$ = 83.45292603237095 dB
	 $y_{5,70,80}$ = 35.75009716248937 dB
	 $y_{5,70,61}$ = 22.41014077969963 dB
	 $y_{5,70,82}$ = 17.307701877834802 dB
		SNR medio:  20.00702228709034
		Usuarios totais: 11
$x_{5,71}$
	 $y_{5,71,91}$ = 17.780178632444148 dB
	 $y_{5,71,71}$ = 77.90701228621194 dB
	 $y_{5,71,73}$ = 19.087216983203547 dB
	 $y_{5,71,93}$ = 18.72792422121573 dB
		SNR medio:  13.350233212307534
		Usuarios totais: 10
$x_{5,74}$
	 $y_{5,74,65}$ = 30.21253038636837 dB
	 $y_{5,74,94}$ = 19.112645905156086 dB
	 $y_{5,74,55}$ = 21.45684275325145 dB
	 $y_{5,74,64}$ = 24.974113622302767 dB
	 $y_{5,74,83}$ = 18.05033916955564 dB
	 $y_{5,74,86}$ = 19.31109046130024 dB
	 $y_{5,74,97}$ = 18.43593392424046 dB
	 $y_{5,74,62}$ = 17.168852869788182 dB
		SNR medio:  4.218058727299081
		Usuarios totais: 40
$x_{5,96}$
	 $y_{5,96,95}$ = 26.336014973759248 dB
	 $y_{5,96,98}$ = 16.65450159078202 dB
	 $y_{5,96,96}$ = 84.71266042314069 dB
		SNR medio:  25.54063539753639
		Usuarios totais: 5
Distances:
1 : 18 = 2828.42712474619
1 : 24 = 1442.2205101855957
1 : 31 = 1200.0
1 : 32 = 1264.9110640673518
1 : 48 = 3224.9030993194197
1 : 67 = 3394.1125496954282
1 : 70 = 2828.42712474619
1 : 71 = 2800.0
1 : 74 = 3046.3092423455632
1 : 96 = 4118.2520563948
18 : 24 = 1649.2422502470642
18 : 31 = 2912.043955712207
18 : 32 = 2529.8221281347037
18 : 48 = 1200.0
18 : 67 = 2039.607805437114
18 : 70 = 4000.0
18 : 71 = 3687.817782917155
18 : 74 = 2884.4410203711914
18 : 96 = 3298.4845004941285
24 : 31 = 1264.9110640673518
24 : 32 = 894.4271909999159
24 : 48 = 1788.8543819998317
24 : 67 = 2000.0
24 : 70 = 2561.2496949731394
24 : 71 = 2332.38075793812
24 : 74 = 2000.0
24 : 96 = 2912.043955712207
31 : 32 = 400.0
31 : 48 = 2828.42712474619
31 : 67 = 2683.281572999748
31 : 70 = 1649.2422502470642
31 : 71 = 1600.0
31 : 74 = 2000.0
31 : 96 = 3124.099870362662
32 : 48 = 2433.105012119288
32 : 67 = 2332.38075793812
32 : 70 = 1788.8543819998317
32 : 71 = 1649.2422502470642
32 : 74 = 1788.8543819998317
32 : 96 = 2884.4410203711914
48 : 67 = 894.4271909999159
48 : 70 = 3417.6014981270123
48 : 71 = 3046.3092423455632
48 : 74 = 2000.0
48 : 96 = 2154.0659228538016
67 : 70 = 2828.42712474619
67 : 71 = 2433.105012119288
67 : 74 = 1264.9110640673518
67 : 96 = 1264.9110640673518
70 : 71 = 400.0
70 : 74 = 1600.0
70 : 96 = 2529.8221281347037
71 : 74 = 1200.0
71 : 96 = 2154.0659228538016
74 : 96 = 1131.370849898476
t=6
Antennas: [ 1 18 24 31 32 48 67 70 71 74 96]
Users: [ 1  4  5  6  7  8  9 10 11 12 14 15 16 19 20 21 22 24 25 27 28 30 32 33
 34 35 36 38 40 41 42 44 46 47 48 49 50 52 53 54 57 58 59 60 61 62 63 64
 65 67 68 69 70 71 73 74 76 77 78 79 80 83 85 87 89 90 91 92 93 94 95 96
 97 98 99]
connections:  {4: 24, 5: 24, 6: 18, 7: 18, 8: 18, 9: 18, 15: 24, 19: 18, 20: 31, 25: 24, 27: 18, 28: 18, 36: 48, 54: 24, 65: 74, 67: 67, 68: 67, 79: 67, 89: 67, 90: 70, 91: 71, 92: 70, 94: 74, 95: 96, 98: 96, 99: 67, 1: 1, 10: 1, 11: 1, 12: 24, 14: 24, 24: 24, 30: 31, 32: 32, 33: 24, 34: 24, 38: 18, 40: 31, 41: 31, 46: 67, 47: 67, 49: 67, 52: 31, 57: 67, 58: 67, 59: 67, 60: 70, 64: 67, 69: 67, 70: 70, 78: 67, 80: 70, 83: 74, 87: 67, 96: 96, 97: 74, 16: 24, 21: 24, 22: 24, 35: 24, 42: 24, 44: 24, 48: 48, 50: 70, 53: 74, 61: 70, 62: 70, 63: 74, 71: 71, 73: 74, 74: 74, 76: 67, 77: 67, 85: 67, 93: 74}
$x_{6,1}$
	 $y_{6,1,1}$ = 85.4346517607164 dB
	 $y_{6,1,10}$ = 24.866293760693324 dB
	 $y_{6,1,11}$ = 34.32676214458239 dB
		SNR medio:  28.925541533198423
		Usuarios totais: 5
$x_{6,18}$
	 $y_{6,18,6}$ = 18.88418244753983 dB
	 $y_{6,18,7}$ = 36.70000795712208 dB
	 $y_{6,18,8}$ = 36.33573174184693 dB
	 $y_{6,18,9}$ = 24.792215466602926 dB
	 $y_{6,18,19}$ = 28.17839174830391 dB
	 $y_{6,18,27}$ = 22.743002010205373 dB
	 $y_{6,18,28}$ = 28.46509428080641 dB
	 $y_{6,18,38}$ = 18.510367775951238 dB
		SNR medio:  11.295210180440984
		Usuarios totais: 19
$x_{6,24}$
	 $y_{6,24,4}$ = 22.006997563058775 dB
	 $y_{6,24,5}$ = 15.56522363789314 dB
	 $y_{6,24,15}$ = 20.907386810543784 dB
	 $y_{6,24,25}$ = 25.142989018888954 dB
	 $y_{6,24,54}$ = 15.410228486962723 dB
	 $y_{6,24,12}$ = 21.037160423425817 dB
	 $y_{6,24,14}$ = 26.367108487231576 dB
	 $y_{6,24,24}$ = 87.25719178398359 dB
	 $y_{6,24,33}$ = 17.40891792005162 dB
	 $y_{6,24,34}$ = 29.797829868038818 dB
	 $y_{6,24,16}$ = 16.982425441232337 dB
	 $y_{6,24,21}$ = 27.412563676758737 dB
	 $y_{6,24,22}$ = 19.921827320935208 dB
	 $y_{6,24,35}$ = 30.225266245963 dB
	 $y_{6,24,42}$ = 15.460294229617759 dB
	 $y_{6,24,44}$ = 16.238890673727155 dB
		SNR medio:  13.133622631881066
		Usuarios totais: 31
$x_{6,31}$
	 $y_{6,31,20}$ = 22.986462486852062 dB
	 $y_{6,31,30}$ = 32.550138990368936 dB
	 $y_{6,31,40}$ = 18.84061894710065 dB
	 $y_{6,31,41}$ = 30.470872251666933 dB
	 $y_{6,31,52}$ = 20.534863759324082 dB
		SNR medio:  11.398450585028424
		Usuarios totais: 11
$x_{6,32}$
	 $y_{6,32,32}$ = 88.6803316266782 dB
		SNR medio:  29.560110542226067
		Usuarios totais: 3
$x_{6,48}$
	 $y_{6,48,36}$ = 18.401329167508635 dB
	 $y_{6,48,48}$ = 87.38833289839025 dB
		SNR medio:  35.26322068863296
		Usuarios totais: 3
$x_{6,67}$
	 $y_{6,67,67}$ = 86.22457771583585 dB
	 $y_{6,67,68}$ = 24.356474261941955 dB
	 $y_{6,67,79}$ = 19.66562493584776 dB
	 $y_{6,67,89}$ = 15.655922066614565 dB
	 $y_{6,67,99}$ = 17.601886733724 dB
	 $y_{6,67,46}$ = 18.918783648627425 dB
	 $y_{6,67,47}$ = 16.55265299467804 dB
	 $y_{6,67,49}$ = 18.680882563944664 dB
	 $y_{6,67,57}$ = 26.907082394990923 dB
	 $y_{6,67,58}$ = 24.379949210510475 dB
	 $y_{6,67,59}$ = 15.829320035616291 dB
	 $y_{6,67,64}$ = 22.569485632296804 dB
	 $y_{6,67,69}$ = 17.865662144052322 dB
	 $y_{6,67,78}$ = 21.979840517871295 dB
	 $y_{6,67,87}$ = 15.880451826414784 dB
	 $y_{6,67,76}$ = 15.145681305406654 dB
	 $y_{6,67,77}$ = 30.3490286682746 dB
	 $y_{6,67,85}$ = 17.35577630783291 dB
		SNR medio:  13.30997134264004
		Usuarios totais: 32
$x_{6,70}$
	 $y_{6,70,90}$ = 26.783230584674115 dB
	 $y_{6,70,92}$ = 16.933810646192953 dB
	 $y_{6,70,60}$ = 34.37314872092486 dB
	 $y_{6,70,70}$ = 83.45292603237095 dB
	 $y_{6,70,80}$ = 35.75009716248937 dB
	 $y_{6,70,50}$ = 18.8925111499225 dB
	 $y_{6,70,61}$ = 22.41014077969963 dB
	 $y_{6,70,62}$ = 19.021715596531465 dB
		SNR medio:  15.153975333694461
		Usuarios totais: 17
$x_{6,71}$
	 $y_{6,71,91}$ = 17.780178632444148 dB
	 $y_{6,71,71}$ = 77.90701228621194 dB
		SNR medio:  11.96089886483201
		Usuarios totais: 8
$x_{6,74}$
	 $y_{6,74,65}$ = 30.21253038636837 dB
	 $y_{6,74,94}$ = 19.112645905156086 dB
	 $y_{6,74,83}$ = 18.05033916955564 dB
	 $y_{6,74,97}$ = 18.43593392424046 dB
	 $y_{6,74,53}$ = 23.543815308445815 dB
	 $y_{6,74,63}$ = 23.328097878987464 dB
	 $y_{6,74,73}$ = 34.99570687497433 dB
	 $y_{6,74,74}$ = 84.35150530700506 dB
	 $y_{6,74,93}$ = 21.031506839523345 dB
		SNR medio:  13.002956266393168
		Usuarios totais: 21
$x_{6,96}$
	 $y_{6,96,95}$ = 26.336014973759248 dB
	 $y_{6,96,98}$ = 16.65450159078202 dB
	 $y_{6,96,96}$ = 84.71266042314069 dB
		SNR medio:  31.92579424692049
		Usuarios totais: 4
Distances:
1 : 18 = 2828.42712474619
1 : 24 = 1442.2205101855957
1 : 31 = 1200.0
1 : 32 = 1264.9110640673518
1 : 48 = 3224.9030993194197
1 : 67 = 3394.1125496954282
1 : 70 = 2828.42712474619
1 : 71 = 2800.0
1 : 74 = 3046.3092423455632
1 : 96 = 4118.2520563948
18 : 24 = 1649.2422502470642
18 : 31 = 2912.043955712207
18 : 32 = 2529.8221281347037
18 : 48 = 1200.0
18 : 67 = 2039.607805437114
18 : 70 = 4000.0
18 : 71 = 3687.817782917155
18 : 74 = 2884.4410203711914
18 : 96 = 3298.4845004941285
24 : 31 = 1264.9110640673518
24 : 32 = 894.4271909999159
24 : 48 = 1788.8543819998317
24 : 67 = 2000.0
24 : 70 = 2561.2496949731394
24 : 71 = 2332.38075793812
24 : 74 = 2000.0
24 : 96 = 2912.043955712207
31 : 32 = 400.0
31 : 48 = 2828.42712474619
31 : 67 = 2683.281572999748
31 : 70 = 1649.2422502470642
31 : 71 = 1600.0
31 : 74 = 2000.0
31 : 96 = 3124.099870362662
32 : 48 = 2433.105012119288
32 : 67 = 2332.38075793812
32 : 70 = 1788.8543819998317
32 : 71 = 1649.2422502470642
32 : 74 = 1788.8543819998317
32 : 96 = 2884.4410203711914
48 : 67 = 894.4271909999159
48 : 70 = 3417.6014981270123
48 : 71 = 3046.3092423455632
48 : 74 = 2000.0
48 : 96 = 2154.0659228538016
67 : 70 = 2828.42712474619
67 : 71 = 2433.105012119288
67 : 74 = 1264.9110640673518
67 : 96 = 1264.9110640673518
70 : 71 = 400.0
70 : 74 = 1600.0
70 : 96 = 2529.8221281347037
71 : 74 = 1200.0
71 : 96 = 2154.0659228538016
74 : 96 = 1131.370849898476
t=7
Antennas: [ 1 18 24 31 32 48 67 70 71 74 96]
Users: [ 0  1  3  4  5  7  8 10 13 14 15 17 18 20 22 24 27 29 30 31 32 33 36 37
 38 39 40 41 43 44 46 48 49 52 53 54 55 58 59 60 61 62 63 65 66 67 68 69
 70 71 73 75 76 77 79 80 81 82 83 84 85 86 87 90 91 93 94 96 97 98 99]
connections:  {0: 1, 4: 24, 5: 24, 7: 18, 8: 18, 13: 24, 15: 24, 17: 18, 20: 31, 27: 18, 29: 48, 36: 48, 43: 31, 54: 24, 65: 74, 67: 67, 68: 67, 79: 67, 90: 70, 91: 71, 94: 74, 98: 96, 99: 67, 1: 1, 10: 1, 14: 24, 18: 18, 24: 24, 30: 31, 31: 31, 32: 32, 33: 24, 37: 18, 38: 18, 39: 18, 40: 31, 41: 31, 46: 67, 49: 67, 52: 31, 55: 67, 58: 67, 59: 67, 60: 71, 69: 67, 70: 70, 80: 71, 81: 71, 83: 71, 84: 74, 86: 74, 87: 67, 96: 96, 97: 74, 3: 24, 22: 24, 44: 24, 48: 48, 53: 31, 61: 71, 62: 71, 63: 71, 66: 67, 71: 71, 73: 71, 75: 67, 76: 67, 77: 67, 82: 71, 85: 67, 93: 71}
$x_{7,1}$
	 $y_{7,1,0}$ = 29.39818891342084 dB
	 $y_{7,1,1}$ = 85.4346517607164 dB
	 $y_{7,1,10}$ = 24.866293760693324 dB
		SNR medio:  46.56637814494352
		Usuarios totais: 3
$x_{7,18}$
	 $y_{7,18,7}$ = 36.70000795712208 dB
	 $y_{7,18,8}$ = 36.33573174184693 dB
	 $y_{7,18,17}$ = 36.599957292419504 dB
	 $y_{7,18,27}$ = 22.743002010205373 dB
	 $y_{7,18,18}$ = 81.64397860626862 dB
	 $y_{7,18,37}$ = 22.21393557284499 dB
	 $y_{7,18,38}$ = 18.510367775951238 dB
	 $y_{7,18,39}$ = 20.793802196834164 dB
		SNR medio:  21.195444857960993
		Usuarios totais: 13
$x_{7,24}$
	 $y_{7,24,4}$ = 22.006997563058775 dB
	 $y_{7,24,5}$ = 15.56522363789314 dB
	 $y_{7,24,13}$ = 23.706860423702793 dB
	 $y_{7,24,15}$ = 20.907386810543784 dB
	 $y_{7,24,54}$ = 15.410228486962723 dB
	 $y_{7,24,14}$ = 26.367108487231576 dB
	 $y_{7,24,24}$ = 87.25719178398359 dB
	 $y_{7,24,33}$ = 17.40891792005162 dB
	 $y_{7,24,3}$ = 19.902089239652327 dB
	 $y_{7,24,22}$ = 19.921827320935208 dB
	 $y_{7,24,44}$ = 16.238890673727155 dB
		SNR medio:  11.862196764489278
		Usuarios totais: 24
$x_{7,31}$
	 $y_{7,31,20}$ = 22.986462486852062 dB
	 $y_{7,31,43}$ = 19.16496612066038 dB
	 $y_{7,31,30}$ = 32.550138990368936 dB
	 $y_{7,31,31}$ = 84.12764080999175 dB
	 $y_{7,31,40}$ = 18.84061894710065 dB
	 $y_{7,31,41}$ = 30.470872251666933 dB
	 $y_{7,31,52}$ = 20.534863759324082 dB
	 $y_{7,31,53}$ = 15.699409878591695 dB
		SNR medio:  15.273435827784782
		Usuarios totais: 16
$x_{7,32}$
	 $y_{7,32,32}$ = 88.6803316266782 dB
		SNR medio:  22.17008290666955
		Usuarios totais: 4
$x_{7,48}$
	 $y_{7,48,29}$ = 27.217196610592765 dB
	 $y_{7,48,36}$ = 18.401329167508635 dB
	 $y_{7,48,48}$ = 87.38833289839025 dB
		SNR medio:  33.25171466912291
		Usuarios totais: 4
$x_{7,67}$
	 $y_{7,67,67}$ = 86.22457771583585 dB
	 $y_{7,67,68}$ = 24.356474261941955 dB
	 $y_{7,67,79}$ = 19.66562493584776 dB
	 $y_{7,67,99}$ = 17.601886733724 dB
	 $y_{7,67,46}$ = 18.918783648627425 dB
	 $y_{7,67,49}$ = 18.680882563944664 dB
	 $y_{7,67,55}$ = 25.292115124861525 dB
	 $y_{7,67,58}$ = 24.379949210510475 dB
	 $y_{7,67,59}$ = 15.829320035616291 dB
	 $y_{7,67,69}$ = 17.865662144052322 dB
	 $y_{7,67,87}$ = 15.880451826414784 dB
	 $y_{7,67,66}$ = 24.878093340436806 dB
	 $y_{7,67,75}$ = 15.821488294341862 dB
	 $y_{7,67,76}$ = 15.145681305406654 dB
	 $y_{7,67,77}$ = 30.3490286682746 dB
	 $y_{7,67,85}$ = 17.35577630783291 dB
		SNR medio:  15.529831844706797
		Usuarios totais: 25
$x_{7,70}$
	 $y_{7,70,90}$ = 26.783230584674115 dB
	 $y_{7,70,70}$ = 83.45292603237095 dB
		SNR medio:  55.118078308522534
		Usuarios totais: 2
$x_{7,71}$
	 $y_{7,71,91}$ = 17.780178632444148 dB
	 $y_{7,71,60}$ = 18.58828747243109 dB
	 $y_{7,71,80}$ = 27.573020026769186 dB
	 $y_{7,71,81}$ = 27.78195524398396 dB
	 $y_{7,71,83}$ = 24.53452906379239 dB
	 $y_{7,71,61}$ = 27.424536638821593 dB
	 $y_{7,71,62}$ = 17.465277864363784 dB
	 $y_{7,71,63}$ = 16.37832683868497 dB
	 $y_{7,71,71}$ = 77.90701228621194 dB
	 $y_{7,71,73}$ = 19.087216983203547 dB
	 $y_{7,71,82}$ = 29.60525522815682 dB
	 $y_{7,71,93}$ = 18.72792422121573 dB
		SNR medio:  11.95753779629923
		Usuarios totais: 27
$x_{7,74}$
	 $y_{7,74,65}$ = 30.21253038636837 dB
	 $y_{7,74,94}$ = 19.112645905156086 dB
	 $y_{7,74,84}$ = 27.264896753319803 dB
	 $y_{7,74,86}$ = 19.31109046130024 dB
	 $y_{7,74,97}$ = 18.43593392424046 dB
		SNR medio:  14.29213717879812
		Usuarios totais: 8
$x_{7,96}$
	 $y_{7,96,98}$ = 16.65450159078202 dB
	 $y_{7,96,96}$ = 84.71266042314069 dB
		SNR medio:  25.341790503480677
		Usuarios totais: 4
Distances:
1 : 18 = 2828.42712474619
1 : 24 = 1442.2205101855957
1 : 31 = 1200.0
1 : 32 = 1264.9110640673518
1 : 48 = 3224.9030993194197
1 : 67 = 3394.1125496954282
1 : 70 = 2828.42712474619
1 : 71 = 2800.0
1 : 74 = 3046.3092423455632
1 : 96 = 4118.2520563948
18 : 24 = 1649.2422502470642
18 : 31 = 2912.043955712207
18 : 32 = 2529.8221281347037
18 : 48 = 1200.0
18 : 67 = 2039.607805437114
18 : 70 = 4000.0
18 : 71 = 3687.817782917155
18 : 74 = 2884.4410203711914
18 : 96 = 3298.4845004941285
24 : 31 = 1264.9110640673518
24 : 32 = 894.4271909999159
24 : 48 = 1788.8543819998317
24 : 67 = 2000.0
24 : 70 = 2561.2496949731394
24 : 71 = 2332.38075793812
24 : 74 = 2000.0
24 : 96 = 2912.043955712207
31 : 32 = 400.0
31 : 48 = 2828.42712474619
31 : 67 = 2683.281572999748
31 : 70 = 1649.2422502470642
31 : 71 = 1600.0
31 : 74 = 2000.0
31 : 96 = 3124.099870362662
32 : 48 = 2433.105012119288
32 : 67 = 2332.38075793812
32 : 70 = 1788.8543819998317
32 : 71 = 1649.2422502470642
32 : 74 = 1788.8543819998317
32 : 96 = 2884.4410203711914
48 : 67 = 894.4271909999159
48 : 70 = 3417.6014981270123
48 : 71 = 3046.3092423455632
48 : 74 = 2000.0
48 : 96 = 2154.0659228538016
67 : 70 = 2828.42712474619
67 : 71 = 2433.105012119288
67 : 74 = 1264.9110640673518
67 : 96 = 1264.9110640673518
70 : 71 = 400.0
70 : 74 = 1600.0
70 : 96 = 2529.8221281347037
71 : 74 = 1200.0
71 : 96 = 2154.0659228538016
74 : 96 = 1131.370849898476
t=8
Antennas: [ 1 18 24 31 32 48 67 70 71 74 96]
Users: [ 0  2  4  6  7  9 12 13 14 16 18 20 22 23 25 27 29 31 32 35 36 39 40 41
 42 43 44 49 50 51 52 54 55 56 57 58 60 61 63 64 65 66 70 72 73 74 76 77
 79 81 82 83 84 85 86 87 88 89 90 91 92 93 94 96 98]
connections:  {0: 1, 4: 24, 6: 18, 7: 18, 9: 18, 13: 24, 20: 31, 25: 24, 27: 18, 29: 48, 36: 48, 43: 31, 54: 24, 65: 74, 79: 67, 88: 67, 89: 67, 90: 70, 91: 71, 92: 70, 94: 74, 98: 96, 2: 31, 12: 24, 14: 24, 18: 18, 23: 24, 31: 31, 32: 32, 39: 18, 40: 31, 41: 31, 49: 67, 51: 32, 52: 31, 55: 67, 56: 67, 57: 67, 58: 67, 60: 70, 64: 67, 70: 70, 72: 70, 81: 70, 83: 74, 84: 74, 86: 74, 87: 67, 96: 96, 16: 24, 22: 31, 35: 31, 42: 31, 44: 31, 50: 31, 61: 70, 63: 31, 66: 67, 73: 74, 74: 74, 76: 67, 77: 67, 82: 74, 85: 67, 93: 74}
$x_{8,1}$
	 $y_{8,1,0}$ = 29.39818891342084 dB
		SNR medio:  9.799396304473612
		Usuarios totais: 3
$x_{8,18}$
	 $y_{8,18,6}$ = 18.88418244753983 dB
	 $y_{8,18,7}$ = 36.70000795712208 dB
	 $y_{8,18,9}$ = 24.792215466602926 dB
	 $y_{8,18,27}$ = 22.743002010205373 dB
	 $y_{8,18,18}$ = 81.64397860626862 dB
	 $y_{8,18,39}$ = 20.793802196834164 dB
		SNR medio:  29.365312669224718
		Usuarios totais: 7
$x_{8,24}$
	 $y_{8,24,4}$ = 22.006997563058775 dB
	 $y_{8,24,13}$ = 23.706860423702793 dB
	 $y_{8,24,25}$ = 25.142989018888954 dB
	 $y_{8,24,54}$ = 15.410228486962723 dB
	 $y_{8,24,12}$ = 21.037160423425817 dB
	 $y_{8,24,14}$ = 26.367108487231576 dB
	 $y_{8,24,23}$ = 33.236191259750186 dB
	 $y_{8,24,16}$ = 16.982425441232337 dB
		SNR medio:  16.717269191295745
		Usuarios totais: 11
$x_{8,31}$
	 $y_{8,31,20}$ = 22.986462486852062 dB
	 $y_{8,31,43}$ = 19.16496612066038 dB
	 $y_{8,31,2}$ = 16.293586054493545 dB
	 $y_{8,31,31}$ = 84.12764080999175 dB
	 $y_{8,31,40}$ = 18.84061894710065 dB
	 $y_{8,31,41}$ = 30.470872251666933 dB
	 $y_{8,31,52}$ = 20.534863759324082 dB
	 $y_{8,31,22}$ = 23.041134596042 dB
	 $y_{8,31,35}$ = 15.660528367180078 dB
	 $y_{8,31,42}$ = 26.869635883503292 dB
	 $y_{8,31,44}$ = 21.129497983560498 dB
	 $y_{8,31,50}$ = 17.366931772259903 dB
	 $y_{8,31,63}$ = 18.675441338087296 dB
		SNR medio:  12.413414087804538
		Usuarios totais: 27
$x_{8,32}$
	 $y_{8,32,32}$ = 88.6803316266782 dB
	 $y_{8,32,51}$ = 24.006797654240998 dB
		SNR medio:  28.1717823202298
		Usuarios totais: 4
$x_{8,48}$
	 $y_{8,48,29}$ = 27.217196610592765 dB
	 $y_{8,48,36}$ = 18.401329167508635 dB
		SNR medio:  22.8092628890507
		Usuarios totais: 2
$x_{8,67}$
	 $y_{8,67,79}$ = 19.66562493584776 dB
	 $y_{8,67,88}$ = 17.162527736041113 dB
	 $y_{8,67,89}$ = 15.655922066614565 dB
	 $y_{8,67,49}$ = 18.680882563944664 dB
	 $y_{8,67,55}$ = 25.292115124861525 dB
	 $y_{8,67,56}$ = 20.917388999412083 dB
	 $y_{8,67,57}$ = 26.907082394990923 dB
	 $y_{8,67,58}$ = 24.379949210510475 dB
	 $y_{8,67,64}$ = 22.569485632296804 dB
	 $y_{8,67,87}$ = 15.880451826414784 dB
	 $y_{8,67,66}$ = 24.878093340436806 dB
	 $y_{8,67,76}$ = 15.145681305406654 dB
	 $y_{8,67,77}$ = 30.3490286682746 dB
	 $y_{8,67,85}$ = 17.35577630783291 dB
		SNR medio:  15.517895269099247
		Usuarios totais: 19
$x_{8,70}$
	 $y_{8,70,90}$ = 26.783230584674115 dB
	 $y_{8,70,92}$ = 16.933810646192953 dB
	 $y_{8,70,60}$ = 34.37314872092486 dB
	 $y_{8,70,70}$ = 83.45292603237095 dB
	 $y_{8,70,72}$ = 17.84059048869146 dB
	 $y_{8,70,81}$ = 21.703433272413974 dB
	 $y_{8,70,61}$ = 22.41014077969963 dB
		SNR medio:  31.928182932138277
		Usuarios totais: 7
$x_{8,71}$
	 $y_{8,71,91}$ = 17.780178632444148 dB
		SNR medio:  17.780178632444148
		Usuarios totais: 1
$x_{8,74}$
	 $y_{8,74,65}$ = 30.21253038636837 dB
	 $y_{8,74,94}$ = 19.112645905156086 dB
	 $y_{8,74,83}$ = 18.05033916955564 dB
	 $y_{8,74,84}$ = 27.264896753319803 dB
	 $y_{8,74,86}$ = 19.31109046130024 dB
	 $y_{8,74,73}$ = 34.99570687497433 dB
	 $y_{8,74,74}$ = 84.35150530700506 dB
	 $y_{8,74,82}$ = 17.975720597959736 dB
	 $y_{8,74,93}$ = 21.031506839523345 dB
		SNR medio:  14.3318916997454
		Usuarios totais: 19
$x_{8,96}$
	 $y_{8,96,98}$ = 16.65450159078202 dB
	 $y_{8,96,96}$ = 84.71266042314069 dB
		SNR medio:  33.7890540046409
		Usuarios totais: 3
Distances:
1 : 18 = 2828.42712474619
1 : 24 = 1442.2205101855957
1 : 31 = 1200.0
1 : 32 = 1264.9110640673518
1 : 48 = 3224.9030993194197
1 : 67 = 3394.1125496954282
1 : 70 = 2828.42712474619
1 : 71 = 2800.0
1 : 74 = 3046.3092423455632
1 : 96 = 4118.2520563948
18 : 24 = 1649.2422502470642
18 : 31 = 2912.043955712207
18 : 32 = 2529.8221281347037
18 : 48 = 1200.0
18 : 67 = 2039.607805437114
18 : 70 = 4000.0
18 : 71 = 3687.817782917155
18 : 74 = 2884.4410203711914
18 : 96 = 3298.4845004941285
24 : 31 = 1264.9110640673518
24 : 32 = 894.4271909999159
24 : 48 = 1788.8543819998317
24 : 67 = 2000.0
24 : 70 = 2561.2496949731394
24 : 71 = 2332.38075793812
24 : 74 = 2000.0
24 : 96 = 2912.043955712207
31 : 32 = 400.0
31 : 48 = 2828.42712474619
31 : 67 = 2683.281572999748
31 : 70 = 1649.2422502470642
31 : 71 = 1600.0
31 : 74 = 2000.0
31 : 96 = 3124.099870362662
32 : 48 = 2433.105012119288
32 : 67 = 2332.38075793812
32 : 70 = 1788.8543819998317
32 : 71 = 1649.2422502470642
32 : 74 = 1788.8543819998317
32 : 96 = 2884.4410203711914
48 : 67 = 894.4271909999159
48 : 70 = 3417.6014981270123
48 : 71 = 3046.3092423455632
48 : 74 = 2000.0
48 : 96 = 2154.0659228538016
67 : 70 = 2828.42712474619
67 : 71 = 2433.105012119288
67 : 74 = 1264.9110640673518
67 : 96 = 1264.9110640673518
70 : 71 = 400.0
70 : 74 = 1600.0
70 : 96 = 2529.8221281347037
71 : 74 = 1200.0
71 : 96 = 2154.0659228538016
74 : 96 = 1131.370849898476
t=9
Antennas: [ 1 18 24 31 32 48 67 70 71 74 96]
Users: [ 1  6  8  9 11 12 13 14 15 16 18 20 21 23 24 25 27 30 31 32 33 34 35 36
 39 40 41 42 43 44 47 54 56 57 59 60 63 67 73 76 77 78 81 84 85 87 89 91
 93 95 97 99]
connections:  {6: 18, 8: 18, 9: 18, 13: 24, 15: 24, 20: 31, 25: 24, 27: 18, 36: 48, 43: 31, 54: 24, 67: 67, 89: 67, 91: 71, 95: 96, 99: 67, 1: 1, 11: 31, 12: 24, 14: 24, 18: 18, 23: 24, 24: 24, 30: 31, 31: 31, 32: 32, 33: 24, 34: 24, 39: 18, 40: 31, 41: 31, 47: 67, 56: 67, 57: 67, 59: 67, 60: 71, 78: 67, 81: 71, 84: 96, 87: 67, 97: 96, 16: 24, 21: 24, 35: 24, 42: 24, 44: 24, 63: 31, 73: 71, 76: 67, 77: 67, 85: 67, 93: 71}
$x_{9,1}$
	 $y_{9,1,1}$ = 85.4346517607164 dB
		SNR medio:  42.7173258803582
		Usuarios totais: 2
$x_{9,18}$
	 $y_{9,18,6}$ = 18.88418244753983 dB
	 $y_{9,18,8}$ = 36.33573174184693 dB
	 $y_{9,18,9}$ = 24.792215466602926 dB
	 $y_{9,18,27}$ = 22.743002010205373 dB
	 $y_{9,18,18}$ = 81.64397860626862 dB
	 $y_{9,18,39}$ = 20.793802196834164 dB
		SNR medio:  25.649114058662228
		Usuarios totais: 8
$x_{9,24}$
	 $y_{9,24,13}$ = 23.706860423702793 dB
	 $y_{9,24,15}$ = 20.907386810543784 dB
	 $y_{9,24,25}$ = 25.142989018888954 dB
	 $y_{9,24,54}$ = 15.410228486962723 dB
	 $y_{9,24,12}$ = 21.037160423425817 dB
	 $y_{9,24,14}$ = 26.367108487231576 dB
	 $y_{9,24,23}$ = 33.236191259750186 dB
	 $y_{9,24,24}$ = 87.25719178398359 dB
	 $y_{9,24,33}$ = 17.40891792005162 dB
	 $y_{9,24,34}$ = 29.797829868038818 dB
	 $y_{9,24,16}$ = 16.982425441232337 dB
	 $y_{9,24,21}$ = 27.412563676758737 dB
	 $y_{9,24,35}$ = 30.225266245963 dB
	 $y_{9,24,42}$ = 15.460294229617759 dB
	 $y_{9,24,44}$ = 16.238890673727155 dB
		SNR medio:  20.329565237493945
		Usuarios totais: 20
$x_{9,31}$
	 $y_{9,31,20}$ = 22.986462486852062 dB
	 $y_{9,31,43}$ = 19.16496612066038 dB
	 $y_{9,31,11}$ = 23.0831277152152 dB
	 $y_{9,31,30}$ = 32.550138990368936 dB
	 $y_{9,31,31}$ = 84.12764080999175 dB
	 $y_{9,31,40}$ = 18.84061894710065 dB
	 $y_{9,31,41}$ = 30.470872251666933 dB
	 $y_{9,31,63}$ = 18.675441338087296 dB
		SNR medio:  20.82493905499527
		Usuarios totais: 12
$x_{9,32}$
	 $y_{9,32,32}$ = 88.6803316266782 dB
		SNR medio:  88.6803316266782
		Usuarios totais: 1
$x_{9,48}$
	 $y_{9,48,36}$ = 18.401329167508635 dB
		SNR medio:  18.401329167508635
		Usuarios totais: 1
$x_{9,67}$
	 $y_{9,67,67}$ = 86.22457771583585 dB
	 $y_{9,67,89}$ = 15.655922066614565 dB
	 $y_{9,67,99}$ = 17.601886733724 dB
	 $y_{9,67,47}$ = 16.55265299467804 dB
	 $y_{9,67,56}$ = 20.917388999412083 dB
	 $y_{9,67,57}$ = 26.907082394990923 dB
	 $y_{9,67,59}$ = 15.829320035616291 dB
	 $y_{9,67,78}$ = 21.979840517871295 dB
	 $y_{9,67,87}$ = 15.880451826414784 dB
	 $y_{9,67,76}$ = 15.145681305406654 dB
	 $y_{9,67,77}$ = 30.3490286682746 dB
	 $y_{9,67,85}$ = 17.35577630783291 dB
		SNR medio:  15.810505766666946
		Usuarios totais: 19
$x_{9,70}$
		Usuarios totais: 0
$x_{9,71}$
	 $y_{9,71,91}$ = 17.780178632444148 dB
	 $y_{9,71,60}$ = 18.58828747243109 dB
	 $y_{9,71,81}$ = 27.78195524398396 dB
	 $y_{9,71,73}$ = 19.087216983203547 dB
	 $y_{9,71,93}$ = 18.72792422121573 dB
		SNR medio:  12.74569531915981
		Usuarios totais: 8
$x_{9,74}$
		Usuarios totais: 0
$x_{9,96}$
	 $y_{9,96,95}$ = 26.336014973759248 dB
	 $y_{9,96,84}$ = 18.203569275955644 dB
	 $y_{9,96,97}$ = 36.956849296526485 dB
		SNR medio:  20.374108386560344
		Usuarios totais: 4
Distances:
1 : 18 = 2828.42712474619
1 : 24 = 1442.2205101855957
1 : 31 = 1200.0
1 : 32 = 1264.9110640673518
1 : 48 = 3224.9030993194197
1 : 67 = 3394.1125496954282
1 : 70 = 2828.42712474619
1 : 71 = 2800.0
1 : 74 = 3046.3092423455632
1 : 96 = 4118.2520563948
18 : 24 = 1649.2422502470642
18 : 31 = 2912.043955712207
18 : 32 = 2529.8221281347037
18 : 48 = 1200.0
18 : 67 = 2039.607805437114
18 : 70 = 4000.0
18 : 71 = 3687.817782917155
18 : 74 = 2884.4410203711914
18 : 96 = 3298.4845004941285
24 : 31 = 1264.9110640673518
24 : 32 = 894.4271909999159
24 : 48 = 1788.8543819998317
24 : 67 = 2000.0
24 : 70 = 2561.2496949731394
24 : 71 = 2332.38075793812
24 : 74 = 2000.0
24 : 96 = 2912.043955712207
31 : 32 = 400.0
31 : 48 = 2828.42712474619
31 : 67 = 2683.281572999748
31 : 70 = 1649.2422502470642
31 : 71 = 1600.0
31 : 74 = 2000.0
31 : 96 = 3124.099870362662
32 : 48 = 2433.105012119288
32 : 67 = 2332.38075793812
32 : 70 = 1788.8543819998317
32 : 71 = 1649.2422502470642
32 : 74 = 1788.8543819998317
32 : 96 = 2884.4410203711914
48 : 67 = 894.4271909999159
48 : 70 = 3417.6014981270123
48 : 71 = 3046.3092423455632
48 : 74 = 2000.0
48 : 96 = 2154.0659228538016
67 : 70 = 2828.42712474619
67 : 71 = 2433.105012119288
67 : 74 = 1264.9110640673518
67 : 96 = 1264.9110640673518
70 : 71 = 400.0
70 : 74 = 1600.0
70 : 96 = 2529.8221281347037
71 : 74 = 1200.0
71 : 96 = 2154.0659228538016
74 : 96 = 1131.370849898476
t=10
Antennas: [ 1 18 24 31 32 48 67 70 71 74 96]
Users: [ 2  3  4  9 13 14 16 19 21 24 28 29 33 34 35 36 37 38 42 51 53 54 57 61
 62 71 73 75 79 81 82 83 86 88 90 93 95 96 97 99]
connections:  {4: 24, 9: 18, 13: 24, 19: 18, 28: 18, 29: 48, 36: 48, 54: 24, 79: 67, 88: 67, 90: 70, 95: 96, 99: 67, 2: 1, 14: 24, 24: 24, 33: 24, 34: 24, 37: 18, 38: 18, 51: 70, 57: 48, 81: 70, 83: 71, 86: 96, 96: 96, 97: 96, 3: 24, 16: 24, 21: 24, 35: 24, 42: 24, 53: 31, 61: 70, 62: 70, 71: 71, 73: 96, 75: 67, 82: 70, 93: 96}
$x_{10,1}$
	 $y_{10,1,2}$ = 25.57361515212216 dB
		SNR medio:  25.57361515212216
		Usuarios totais: 1
$x_{10,18}$
	 $y_{10,18,9}$ = 24.792215466602926 dB
	 $y_{10,18,19}$ = 28.17839174830391 dB
	 $y_{10,18,28}$ = 28.46509428080641 dB
	 $y_{10,18,37}$ = 22.21393557284499 dB
	 $y_{10,18,38}$ = 18.510367775951238 dB
		SNR medio:  24.432000968901896
		Usuarios totais: 5
$x_{10,24}$
	 $y_{10,24,4}$ = 22.006997563058775 dB
	 $y_{10,24,13}$ = 23.706860423702793 dB
	 $y_{10,24,54}$ = 15.410228486962723 dB
	 $y_{10,24,14}$ = 26.367108487231576 dB
	 $y_{10,24,24}$ = 87.25719178398359 dB
	 $y_{10,24,33}$ = 17.40891792005162 dB
	 $y_{10,24,34}$ = 29.797829868038818 dB
	 $y_{10,24,3}$ = 19.902089239652327 dB
	 $y_{10,24,16}$ = 16.982425441232337 dB
	 $y_{10,24,21}$ = 27.412563676758737 dB
	 $y_{10,24,35}$ = 30.225266245963 dB
	 $y_{10,24,42}$ = 15.460294229617759 dB
		SNR medio:  27.661481113854506
		Usuarios totais: 12
$x_{10,31}$
	 $y_{10,31,53}$ = 15.699409878591695 dB
		SNR medio:  15.699409878591695
		Usuarios totais: 1
$x_{10,32}$
		Usuarios totais: 0
$x_{10,48}$
	 $y_{10,48,29}$ = 27.217196610592765 dB
	 $y_{10,48,36}$ = 18.401329167508635 dB
	 $y_{10,48,57}$ = 27.420445536544634 dB
		SNR medio:  14.607794262929207
		Usuarios totais: 5
$x_{10,67}$
	 $y_{10,67,79}$ = 19.66562493584776 dB
	 $y_{10,67,88}$ = 17.162527736041113 dB
	 $y_{10,67,99}$ = 17.601886733724 dB
	 $y_{10,67,75}$ = 15.821488294341862 dB
		SNR medio:  17.562881924988684
		Usuarios totais: 4
$x_{10,70}$
	 $y_{10,70,90}$ = 26.783230584674115 dB
	 $y_{10,70,51}$ = 19.638496595821948 dB
	 $y_{10,70,81}$ = 21.703433272413974 dB
	 $y_{10,70,61}$ = 22.41014077969963 dB
	 $y_{10,70,62}$ = 19.021715596531465 dB
	 $y_{10,70,82}$ = 17.307701877834802 dB
		SNR medio:  14.09607985633066
		Usuarios totais: 9
$x_{10,71}$
	 $y_{10,71,83}$ = 24.53452906379239 dB
	 $y_{10,71,71}$ = 77.90701228621194 dB
		SNR medio:  51.220770675002164
		Usuarios totais: 2
$x_{10,74}$
		Usuarios totais: 0
$x_{10,96}$
	 $y_{10,96,95}$ = 26.336014973759248 dB
	 $y_{10,96,86}$ = 29.145387677097006 dB
	 $y_{10,96,96}$ = 84.71266042314069 dB
	 $y_{10,96,97}$ = 36.956849296526485 dB
	 $y_{10,96,73}$ = 15.12070789489988 dB
	 $y_{10,96,93}$ = 15.417585792177462 dB
		SNR medio:  34.61486767626679
		Usuarios totais: 6
Distances:
1 : 18 = 2828.42712474619
1 : 24 = 1442.2205101855957
1 : 31 = 1200.0
1 : 32 = 1264.9110640673518
1 : 48 = 3224.9030993194197
1 : 67 = 3394.1125496954282
1 : 70 = 2828.42712474619
1 : 71 = 2800.0
1 : 74 = 3046.3092423455632
1 : 96 = 4118.2520563948
18 : 24 = 1649.2422502470642
18 : 31 = 2912.043955712207
18 : 32 = 2529.8221281347037
18 : 48 = 1200.0
18 : 67 = 2039.607805437114
18 : 70 = 4000.0
18 : 71 = 3687.817782917155
18 : 74 = 2884.4410203711914
18 : 96 = 3298.4845004941285
24 : 31 = 1264.9110640673518
24 : 32 = 894.4271909999159
24 : 48 = 1788.8543819998317
24 : 67 = 2000.0
24 : 70 = 2561.2496949731394
24 : 71 = 2332.38075793812
24 : 74 = 2000.0
24 : 96 = 2912.043955712207
31 : 32 = 400.0
31 : 48 = 2828.42712474619
31 : 67 = 2683.281572999748
31 : 70 = 1649.2422502470642
31 : 71 = 1600.0
31 : 74 = 2000.0
31 : 96 = 3124.099870362662
32 : 48 = 2433.105012119288
32 : 67 = 2332.38075793812
32 : 70 = 1788.8543819998317
32 : 71 = 1649.2422502470642
32 : 74 = 1788.8543819998317
32 : 96 = 2884.4410203711914
48 : 67 = 894.4271909999159
48 : 70 = 3417.6014981270123
48 : 71 = 3046.3092423455632
48 : 74 = 2000.0
48 : 96 = 2154.0659228538016
67 : 70 = 2828.42712474619
67 : 71 = 2433.105012119288
67 : 74 = 1264.9110640673518
67 : 96 = 1264.9110640673518
70 : 71 = 400.0
70 : 74 = 1600.0
70 : 96 = 2529.8221281347037
71 : 74 = 1200.0
71 : 96 = 2154.0659228538016
74 : 96 = 1131.370849898476
t=11
Antennas: [ 1 18 24 31 32 48 67 70 71 74 96]
Users: [ 2  5 17 21 28 40 51 54 56 71 75 82 85 87 89]
connections:  {5: 24, 17: 18, 28: 18, 54: 24, 89: 67, 2: 1, 40: 31, 51: 32, 56: 67, 87: 67, 21: 24, 71: 71, 75: 67, 82: 71, 85: 67}
$x_{11,1}$
	 $y_{11,1,2}$ = 25.57361515212216 dB
		SNR medio:  25.57361515212216
		Usuarios totais: 1
$x_{11,18}$
	 $y_{11,18,17}$ = 36.599957292419504 dB
	 $y_{11,18,28}$ = 28.46509428080641 dB
		SNR medio:  32.53252578661296
		Usuarios totais: 2
$x_{11,24}$
	 $y_{11,24,5}$ = 15.56522363789314 dB
	 $y_{11,24,54}$ = 15.410228486962723 dB
	 $y_{11,24,21}$ = 27.412563676758737 dB
		SNR medio:  19.462671933871533
		Usuarios totais: 3
$x_{11,31}$
	 $y_{11,31,40}$ = 18.84061894710065 dB
		SNR medio:  18.84061894710065
		Usuarios totais: 1
$x_{11,32}$
	 $y_{11,32,51}$ = 24.006797654240998 dB
		SNR medio:  24.006797654240998
		Usuarios totais: 1
$x_{11,48}$
		Usuarios totais: 0
$x_{11,67}$
	 $y_{11,67,89}$ = 15.655922066614565 dB
	 $y_{11,67,56}$ = 20.917388999412083 dB
	 $y_{11,67,87}$ = 15.880451826414784 dB
	 $y_{11,67,75}$ = 15.821488294341862 dB
	 $y_{11,67,85}$ = 17.35577630783291 dB
		SNR medio:  17.12620549892324
		Usuarios totais: 5
$x_{11,70}$
		Usuarios totais: 0
$x_{11,71}$
	 $y_{11,71,71}$ = 77.90701228621194 dB
	 $y_{11,71,82}$ = 29.60525522815682 dB
		SNR medio:  53.75613375718438
		Usuarios totais: 2
$x_{11,74}$
		Usuarios totais: 0
$x_{11,96}$
		Usuarios totais: 0
Distances:
1 : 18 = 2828.42712474619
1 : 24 = 1442.2205101855957
1 : 31 = 1200.0
1 : 32 = 1264.9110640673518
1 : 48 = 3224.9030993194197
1 : 67 = 3394.1125496954282
1 : 70 = 2828.42712474619
1 : 71 = 2800.0
1 : 74 = 3046.3092423455632
1 : 96 = 4118.2520563948
18 : 24 = 1649.2422502470642
18 : 31 = 2912.043955712207
18 : 32 = 2529.8221281347037
18 : 48 = 1200.0
18 : 67 = 2039.607805437114
18 : 70 = 4000.0
18 : 71 = 3687.817782917155
18 : 74 = 2884.4410203711914
18 : 96 = 3298.4845004941285
24 : 31 = 1264.9110640673518
24 : 32 = 894.4271909999159
24 : 48 = 1788.8543819998317
24 : 67 = 2000.0
24 : 70 = 2561.2496949731394
24 : 71 = 2332.38075793812
24 : 74 = 2000.0
24 : 96 = 2912.043955712207
31 : 32 = 400.0
31 : 48 = 2828.42712474619
31 : 67 = 2683.281572999748
31 : 70 = 1649.2422502470642
31 : 71 = 1600.0
31 : 74 = 2000.0
31 : 96 = 3124.099870362662
32 : 48 = 2433.105012119288
32 : 67 = 2332.38075793812
32 : 70 = 1788.8543819998317
32 : 71 = 1649.2422502470642
32 : 74 = 1788.8543819998317
32 : 96 = 2884.4410203711914
48 : 67 = 894.4271909999159
48 : 70 = 3417.6014981270123
48 : 71 = 3046.3092423455632
48 : 74 = 2000.0
48 : 96 = 2154.0659228538016
67 : 70 = 2828.42712474619
67 : 71 = 2433.105012119288
67 : 74 = 1264.9110640673518
67 : 96 = 1264.9110640673518
70 : 71 = 400.0
70 : 74 = 1600.0
70 : 96 = 2529.8221281347037
71 : 74 = 1200.0
71 : 96 = 2154.0659228538016
74 : 96 = 1131.370849898476
--- Done after 0.029471895496050518 hours. ---
