-------------Calculating Solution (this may take a while)
+++++++++++++++++++Min Sinr: 10 dB (gwo)
+++++++++++++++++++With backhaul constraint. Start: 2023-01-20 03:14:32

Parameters:
- chosen seed 25
- Map with 100 sectors
- Map 4000 x 4000 m
- Sector has a side of 400 m
- Max time:  12
- users_t_m:  [[0, 0, 0, 0, 0, 0, 0, 0, 0, 0, 0, 0, 0, 0, 0, 0, 0, 0, 0, 0, 0, 0, 0, 0, 0, 0, 0, 0, 0, 0, 0, 0, 0, 0, 0, 0, 0, 0, 0, 0, 0, 0, 0, 0, 0, 0, 0, 0, 0, 0, 0, 0, 0, 0, 0, 0, 0, 0, 0, 0, 0, 0, 0, 0, 0, 0, 0, 0, 0, 0, 0, 0, 0, 1, 2, 0, 0, 0, 0, 0, 0, 0, 0, 1, 4, 0, 0, 0, 0, 0, 0, 0, 0, 1, 28, 0, 0, 0, 0, 0], [0, 0, 0, 0, 1, 0, 0, 0, 0, 0, 0, 0, 0, 0, 1, 2, 1, 1, 0, 0, 2, 1, 1, 1, 0, 1, 1, 0, 1, 0, 0, 0, 0, 0, 1, 0, 0, 0, 0, 0, 1, 0, 1, 2, 0, 1, 0, 0, 1, 0, 0, 0, 0, 0, 0, 0, 0, 0, 1, 0, 0, 0, 1, 0, 2, 0, 0, 0, 0, 0, 0, 3, 0, 0, 3, 0, 0, 0, 0, 0, 0, 0, 1, 3, 4, 1, 0, 0, 1, 0, 0, 0, 0, 2, 18, 0, 0, 1, 0, 1], [0, 0, 0, 1, 1, 2, 1, 1, 1, 1, 0, 1, 0, 0, 2, 1, 1, 1, 0, 0, 0, 0, 0, 2, 0, 1, 0, 0, 0, 0, 2, 0, 0, 0, 0, 1, 0, 0, 0, 0, 1, 1, 0, 0, 2, 0, 1, 1, 0, 1, 0, 1, 1, 0, 0, 0, 2, 0, 0, 1, 0, 1, 2, 0, 0, 2, 0, 0, 0, 1, 0, 1, 0, 2, 2, 0, 1, 1, 1, 1, 0, 1, 0, 1, 5, 4, 1, 2, 2, 0, 0, 0, 3, 0, 18, 3, 0, 2, 1, 1], [0, 0, 0, 3, 1, 0, 1, 0, 0, 3, 0, 1, 0, 1, 0, 0, 0, 2, 1, 2, 0, 0, 1, 1, 0, 3, 1, 1, 1, 0, 0, 0, 0, 2, 2, 0, 1, 0, 1, 1, 1, 2, 1, 0, 0, 1, 1, 1, 2, 1, 1, 1, 3, 0, 0, 1, 3, 0, 0, 1, 1, 2, 2, 0, 0, 1, 0, 0, 2, 1, 3, 1, 2, 5, 2, 1, 0, 2, 0, 3, 0, 1, 0, 1, 3, 1, 2, 0, 1, 1, 1, 0, 0, 0, 28, 1, 1, 3, 0, 2], [1, 0, 1, 0, 0, 1, 1, 0, 1, 1, 3, 1, 0, 2, 3, 0, 2, 2, 2, 0, 1, 2, 1, 1, 0, 0, 0, 1, 1, 2, 2, 1, 3, 3, 3, 2, 1, 3, 2, 0, 0, 0, 2, 1, 2, 0, 2, 1, 1, 2, 1, 2, 3, 0, 0, 0, 3, 2, 2, 1, 0, 2, 0, 1, 3, 0, 3, 1, 1, 2, 0, 0, 1, 3, 4, 1, 2, 0, 1, 3, 1, 0, 1, 4, 7, 3, 1, 1, 1, 2, 2, 1, 0, 1, 22, 0, 1, 1, 0, 3], [1, 0, 3, 4, 2, 1, 0, 1, 2, 2, 0, 2, 0, 3, 4, 4, 2, 1, 1, 0, 2, 1, 4, 3, 1, 1, 2, 1, 3, 1, 2, 2, 1, 2, 3, 0, 3, 2, 1, 1, 1, 1, 1, 2, 0, 0, 2, 0, 0, 0, 1, 0, 5, 2, 2, 3, 4, 2, 0, 1, 2, 1, 1, 1, 2, 1, 0, 1, 3, 0, 2, 2, 0, 4, 4, 2, 0, 0, 1, 0, 1, 0, 1, 5, 0, 2, 1, 1, 0, 4, 4, 3, 0, 1, 24, 1, 1, 3, 3, 5], [0, 1, 0, 0, 2, 1, 1, 2, 3, 5, 3, 1, 2, 0, 2, 4, 4, 0, 0, 2, 2, 1, 1, 0, 2, 2, 0, 4, 1, 0, 2, 0, 3, 3, 2, 1, 2, 0, 1, 0, 3, 2, 1, 0, 2, 0, 3, 1, 1, 2, 2, 0, 2, 2, 1, 0, 0, 1, 1, 1, 2, 1, 2, 1, 3, 3, 0, 4, 1, 2, 2, 5, 0, 1, 2, 0, 2, 3, 1, 1, 4, 0, 0, 4, 0, 2, 0, 1, 0, 2, 2, 3, 2, 2, 2, 1, 2, 4, 1, 1], [1, 1, 0, 3, 1, 1, 0, 3, 2, 0, 1, 0, 0, 4, 3, 1, 0, 1, 1, 0, 1, 0, 1, 0, 1, 0, 0, 3, 0, 2, 1, 3, 4, 4, 0, 0, 1, 1, 1, 1, 4, 2, 0, 1, 2, 0, 1, 0, 1, 2, 0, 0, 2, 2, 3, 2, 0, 0, 3, 1, 2, 2, 2, 1, 0, 3, 2, 1, 1, 1, 1, 4, 0, 1, 0, 2, 2, 1, 0, 2, 1, 3, 1, 5, 1, 1, 2, 2, 0, 0, 1, 2, 0, 3, 1, 0, 2, 1, 2, 1], [3, 0, 1, 0, 1, 0, 2, 1, 0, 1, 0, 0, 3, 1, 1, 0, 1, 0, 1, 0, 6, 0, 2, 1, 0, 2, 0, 1, 0, 1, 0, 3, 2, 0, 0, 1, 1, 0, 0, 1, 1, 3, 4, 1, 1, 0, 0, 0, 0, 1, 1, 2, 1, 0, 1, 2, 3, 1, 1, 0, 1, 1, 0, 2, 1, 1, 1, 0, 0, 0, 1, 0, 1, 1, 1, 0, 1, 1, 0, 1, 0, 1, 4, 2, 1, 2, 4, 1, 1, 2, 1, 1, 1, 2, 3, 0, 2, 0, 1, 0], [0, 2, 0, 0, 0, 0, 2, 0, 1, 1, 0, 1, 1, 2, 2, 1, 1, 0, 1, 0, 3, 1, 0, 1, 1, 3, 0, 2, 0, 0, 1, 2, 1, 1, 1, 1, 1, 0, 0, 1, 2, 1, 2, 1, 1, 0, 0, 1, 0, 0, 0, 0, 0, 0, 1, 0, 1, 1, 0, 3, 2, 0, 0, 1, 0, 0, 0, 2, 0, 0, 0, 0, 0, 1, 0, 0, 1, 3, 1, 0, 0, 2, 0, 0, 2, 1, 0, 2, 0, 2, 0, 1, 0, 2, 0, 1, 0, 1, 0, 1], [0, 0, 1, 1, 1, 0, 0, 0, 0, 1, 0, 0, 0, 1, 1, 0, 1, 0, 0, 1, 0, 1, 0, 0, 1, 0, 0, 0, 1, 2, 0, 0, 0, 1, 1, 1, 1, 1, 1, 0, 0, 0, 1, 0, 0, 0, 0, 0, 0, 0, 0, 1, 0, 1, 1, 0, 0, 2, 0, 0, 0, 2, 2, 0, 0, 0, 0, 0, 0, 0, 0, 1, 0, 1, 0, 1, 0, 0, 0, 1, 0, 1, 1, 1, 0, 0, 1, 0, 1, 0, 2, 0, 0, 1, 0, 1, 1, 1, 0, 1], [0, 0, 1, 0, 0, 1, 0, 0, 0, 0, 0, 0, 0, 0, 0, 0, 0, 1, 0, 0, 0, 1, 0, 0, 0, 0, 0, 0, 1, 0, 0, 0, 0, 0, 0, 0, 0, 0, 0, 0, 1, 0, 0, 0, 0, 0, 0, 0, 0, 0, 0, 1, 0, 0, 1, 0, 1, 0, 0, 0, 0, 0, 0, 0, 0, 0, 0, 0, 0, 0, 0, 1, 0, 0, 0, 1, 0, 0, 0, 0, 0, 0, 1, 0, 0, 1, 0, 1, 0, 1, 0, 0, 0, 0, 0, 0, 0, 0, 0, 0]]
MAX_USER_PER_ANTENNAS_m:  [40, 40, 40, 40, 40, 40, 40, 40, 40, 40, 40, 40, 40, 40, 40, 40, 40, 40, 40, 40, 40, 40, 40, 40, 40, 40, 40, 40, 40, 40, 40, 40, 40, 40, 40, 40, 40, 40, 40, 40, 40, 40, 40, 40, 40, 40, 40, 40, 40, 40, 40, 40, 40, 40, 40, 40, 40, 40, 40, 40, 40, 40, 40, 40, 40, 40, 40, 40, 40, 40, 40, 40, 40, 40, 40, 40, 40, 40, 40, 40, 40, 40, 40, 40, 40, 40, 40, 40, 40, 40, 40, 40, 40, 40, 40, 40, 40, 40, 40, 40]
antennas_map_m:  [1, 1, 1, 1, 1, 1, 1, 1, 1, 1, 1, 1, 1, 1, 1, 1, 1, 1, 1, 1, 1, 1, 1, 1, 1, 1, 1, 1, 1, 1, 1, 1, 1, 1, 1, 1, 1, 1, 1, 1, 1, 1, 1, 1, 1, 1, 1, 1, 1, 1, 1, 1, 1, 1, 1, 1, 1, 1, 1, 1, 1, 1, 1, 1, 1, 1, 1, 1, 1, 1, 1, 1, 1, 1, 1, 1, 1, 1, 1, 1, 1, 1, 1, 1, 1, 1, 1, 1, 1, 1, 1, 1, 1, 1, 1, 1, 1, 1, 1, 1]
FIRST_ANTENNA:  78
MIN_SNR_m:  [10.0, 10.0, 10.0, 10.0, 10.0, 10.0, 10.0, 10.0, 10.0, 10.0, 10.0, 10.0, 10.0, 10.0, 10.0, 10.0, 10.0, 10.0, 10.0, 10.0, 10.0, 10.0, 10.0, 10.0, 10.0, 10.0, 10.0, 10.0, 10.0, 10.0, 10.0, 10.0, 10.0, 10.0, 10.0, 10.0, 10.0, 10.0, 10.0, 10.0, 10.0, 10.0, 10.0, 10.0, 10.0, 10.0, 10.0, 10.0, 10.0, 10.0, 10.0, 10.0, 10.0, 10.0, 10.0, 10.0, 10.0, 10.0, 10.0, 10.0, 10.0, 10.0, 10.0, 10.0, 10.0, 10.0, 10.0, 10.0, 10.0, 10.0, 10.0, 10.0, 10.0, 10.0, 10.0, 10.0, 10.0, 10.0, 10.0, 10.0, 10.0, 10.0, 10.0, 10.0, 10.0, 10.0, 10.0, 10.0, 10.0, 10.0, 10.0, 10.0, 10.0, 10.0, 10.0, 10.0, 10.0, 10.0, 10.0, 10.0]
-MIN_DIST:  2000
- disaster percentage:  0

Slice  0

Run GWO to deployment +1 antenna on the map
	Pack size:  300
	Wolf dimension 1
	Max iter 200
	antennas_regions:  [78]
	users_regions:  [73 74 83 84 93 94]
	Seed_base:  99939
initial_alpha:  Wolf 11 (99950). Fitness: 0.57
	(1401.3661906507243, 3158.4754287006895, 0). Region: 73
initial_beta:  Wolf 17 (99956). Fitness: 0.57
	(1248.8751238289933, 2970.9409196533793, 0). Region: 73
initial_delta:  Wolf 26 (99965). Fitness: 0.57
	(1471.7966399498978, 2907.783778242758, 0). Region: 73 

iter = 10
Alpha wolf:  Wolf 11 (99950). Fitness: 0.57
	(1401.3661906507243, 3158.4754287006895, 0). Region: 73
iter = 20
Alpha wolf:  Wolf 11 (99950). Fitness: 0.57
	(1427.9890286593147, 2904.885924804582, 0.0). Region: 73
iter = 30
Alpha wolf:  Wolf 11 (99950). Fitness: 0.57
	(1427.9890286593147, 2904.885924804582, 0.0). Region: 73
iter = 40
Alpha wolf:  Wolf 11 (99950). Fitness: 0.57
	(1427.9890286593147, 2904.885924804582, 0.0). Region: 73
iter = 50
Alpha wolf:  Wolf 11 (99950). Fitness: 0.57
	(1427.9890286593147, 2904.885924804582, 0.0). Region: 73
iter = 60
Alpha wolf:  Wolf 11 (99950). Fitness: 0.57
	(1427.9890286593147, 2904.885924804582, 0.0). Region: 73
iter = 70
Alpha wolf:  Wolf 11 (99950). Fitness: 0.57
	(1427.9890286593147, 2904.885924804582, 0.0). Region: 73
iter = 80
Alpha wolf:  Wolf 11 (99950). Fitness: 0.57
	(1328.2112650632412, 2881.4669878390923, 0.0). Region: 73
iter = 90
Alpha wolf:  Wolf 11 (99950). Fitness: 0.57
	(1510.215541597884, 3109.4328797768903, 0.0). Region: 73
iter = 100
Alpha wolf:  Wolf 11 (99950). Fitness: 0.57
	(1240.4664071266877, 3151.026048168992, 0.0). Region: 73
iter = 110
Alpha wolf:  Wolf 11 (99950). Fitness: 0.57
	(1477.4882875012172, 3101.6127333155946, 0.0). Region: 73
iter = 120
Alpha wolf:  Wolf 11 (99950). Fitness: 0.57
	(1410.833816463151, 3165.460960598444, 0.0). Region: 73
iter = 130
Alpha wolf:  Wolf 11 (99950). Fitness: 0.57
	(1429.8138632712198, 2893.0223711659255, 0.0). Region: 73
iter = 140
Alpha wolf:  Wolf 11 (99950). Fitness: 0.57
	(1421.044253492959, 2835.5235492941183, 0.0). Region: 73
iter = 150
Alpha wolf:  Wolf 11 (99950). Fitness: 0.57
	(1275.0853865539232, 3039.413713919969, 0.0). Region: 73
iter = 160
Alpha wolf:  Wolf 11 (99950). Fitness: 0.57
	(1550.7139690956164, 3070.1443468754414, 0.0). Region: 73
iter = 170
Alpha wolf:  Wolf 11 (99950). Fitness: 0.57
	(1394.4812994234285, 3178.73011016908, 0.0). Region: 73
iter = 180
Alpha wolf:  Wolf 11 (99950). Fitness: 0.57
	(1432.5439888831088, 3137.6399688031074, 0.0). Region: 73
iter = 190
Alpha wolf:  Wolf 11 (99950). Fitness: 0.57
	(1427.0414989152368, 2976.1649895532632, 0.0). Region: 73

- Finishing GWO - 

Best solution:  Wolf 11 (99950). Fitness: 0.57
	(1440.9221654020644, 3010.9382895361123, 0.0). Region: 73
Antennas in slice 0:  [73 78]

Slice  1

Run GWO to deployment +1 antenna on the map
	Pack size:  300
	Wolf dimension 1
	Max iter 200
	antennas_regions:  [73 78]
	users_regions:  [ 4 14 15 16 17 20 21 22 23 25 26 28 34 40 42 43 45 48 58 62 64 71 74 82
 83 84 85 88 93 94 97 99]
	Seed_base:  44432
initial_alpha:  Wolf 0 (44432). Fitness: 0
	(269.3132070346871, 3180.411137542374, 0). Region: 70
initial_beta:  Wolf 1 (44433). Fitness: 0
	(1323.7570355799858, 1484.142543389758, 0). Region: 33
initial_delta:  Wolf 2 (44434). Fitness: 0
	(1476.73006733614, 2038.7335554164276, 0). Region: 53 

iter = 10
Alpha wolf:  Wolf 0 (44432). Fitness: 0
	(1445.6249287377168, 1483.5333413204985, 0.0). Region: 33
iter = 20
Alpha wolf:  Wolf 0 (44432). Fitness: 0
	(303.29939772479213, 656.1909532461206, 0.0). Region: 10
iter = 30
Alpha wolf:  Wolf 0 (44432). Fitness: 0
	(1331.6480450631748, 91.01243503791162, 0.0). Region: 3
iter = 40
Alpha wolf:  Wolf 0 (44432). Fitness: 0
	(390.8897718169313, 26.162026851557318, 0.0). Region: 0
iter = 50
Alpha wolf:  Wolf 0 (44432). Fitness: 0
	(461.4731952772455, 87.19233936157447, 0.0). Region: 1
iter = 60
Alpha wolf:  Wolf 0 (44432). Fitness: 0
	(29.26415050194089, 75.93390234307734, 0.0). Region: 0
iter = 70
Alpha wolf:  Wolf 0 (44432). Fitness: 0
	(120.09894976674883, 93.6624298140365, 0.0). Region: 0
iter = 80
Alpha wolf:  Wolf 0 (44432). Fitness: 0
	(53.921502709678634, 83.92076661292191, 0.0). Region: 0
iter = 90
Alpha wolf:  Wolf 0 (44432). Fitness: 0
	(69.03541567289187, 113.82222530815068, 0.0). Region: 0
iter = 100
Alpha wolf:  Wolf 0 (44432). Fitness: 0
	(28.566073725855393, 141.47558564980955, 0.0). Region: 0
iter = 110
Alpha wolf:  Wolf 0 (44432). Fitness: 0
	(15.50880912608335, 139.3768289699441, 0.0). Region: 0
iter = 120
Alpha wolf:  Wolf 0 (44432). Fitness: 0
	(11.055799439818424, 167.90999525485017, 0.0). Region: 0
iter = 130
Alpha wolf:  Wolf 0 (44432). Fitness: 0
	(12.103771587139043, 145.98755393513196, 0.0). Region: 0
iter = 140
Alpha wolf:  Wolf 0 (44432). Fitness: 0
	(13.24177488848863, 101.67756665255185, 0.0). Region: 0
iter = 150
Alpha wolf:  Wolf 0 (44432). Fitness: 0
	(13.788418021342915, 97.80928098011384, 0.0). Region: 0
iter = 160
Alpha wolf:  Wolf 0 (44432). Fitness: 0
	(14.813445403948778, 90.11424958917094, 0.0). Region: 0
iter = 170
Alpha wolf:  Wolf 0 (44432). Fitness: 0
	(12.869306560124338, 119.6037279462468, 0.0). Region: 0
iter = 180
Alpha wolf:  Wolf 0 (44432). Fitness: 0
	(13.067306706991694, 120.23347247014068, 0.0). Region: 0
iter = 190
Alpha wolf:  Wolf 0 (44432). Fitness: 0
	(13.818230764468844, 120.26485516665988, 0.0). Region: 0

Run GWO to deployment +2 antenna on the map
	Pack size:  300
	Wolf dimension 2
	Max iter 200
	antennas_regions:  [73 78]
	users_regions:  [ 4 14 15 16 17 20 21 22 23 25 26 28 34 40 42 43 45 48 58 62 64 71 74 82
 83 84 85 88 93 94 97 99]
	Seed_base:  77352
initial_alpha:  Wolf 79 (77431). Fitness: 0.91
	(1797.8383034205353, 430.84213825340754, 0). Region: 14
	(2260.899760145089, 1373.9032183872189, 0). Region: 35
initial_beta:  Wolf 0 (77352). Fitness: 0
	(528.8397602802872, 3494.463100824747, 0). Region: 81
	(2031.5031254910623, 3668.0412269863423, 0). Region: 95
initial_delta:  Wolf 1 (77353). Fitness: 0
	(1458.635026391862, 3503.0078487652468, 0). Region: 83
	(812.8718350465612, 406.8160364709428, 0). Region: 12 

The alpha wolf has been updated to a position with higher fitness. iter = 0
New alpha wolf:  Wolf 132 (77484). Fitness: 0.93
	(2515.593706769813, 1363.5191668473938, 0.0). Region: 36
	(505.9726709325156, 1530.4563065209506, 0.0). Region: 31
The alpha wolf has been updated to a position with higher fitness. iter = 1
New alpha wolf:  Wolf 222 (77574). Fitness: 0.95
	(2543.4910426611377, 1463.0485820477863, 0.0). Region: 36
	(1075.328528779726, 1120.1937116822903, 0.0). Region: 22
iter = 10
Alpha wolf:  Wolf 222 (77574). Fitness: 0.95
	(2543.4910426611377, 1463.0485820477863, 0.0). Region: 36
	(1075.328528779726, 1120.1937116822903, 0.0). Region: 22
iter = 20
Alpha wolf:  Wolf 222 (77574). Fitness: 0.95
	(2543.4910426611377, 1463.0485820477863, 0.0). Region: 36
	(1075.328528779726, 1120.1937116822903, 0.0). Region: 22
iter = 30
Alpha wolf:  Wolf 222 (77574). Fitness: 0.95
	(2543.4910426611377, 1463.0485820477863, 0.0). Region: 36
	(1075.328528779726, 1120.1937116822903, 0.0). Region: 22
iter = 40
Alpha wolf:  Wolf 222 (77574). Fitness: 0.95
	(2543.4910426611377, 1463.0485820477863, 0.0). Region: 36
	(1075.328528779726, 1120.1937116822903, 0.0). Region: 22
iter = 50
Alpha wolf:  Wolf 222 (77574). Fitness: 0.95
	(2543.4910426611377, 1463.0485820477863, 0.0). Region: 36
	(1075.328528779726, 1120.1937116822903, 0.0). Region: 22
iter = 60
Alpha wolf:  Wolf 222 (77574). Fitness: 0.95
	(2543.4910426611377, 1463.0485820477863, 0.0). Region: 36
	(1075.328528779726, 1120.1937116822903, 0.0). Region: 22
iter = 70
Alpha wolf:  Wolf 222 (77574). Fitness: 0.95
	(2543.4910426611377, 1463.0485820477863, 0.0). Region: 36
	(1075.328528779726, 1120.1937116822903, 0.0). Region: 22
iter = 80
Alpha wolf:  Wolf 222 (77574). Fitness: 0.95
	(2641.9297733923504, 1503.054955432451, 0.0). Region: 36
	(1097.9916995896176, 1042.0582958789892, 0.0). Region: 22
iter = 90
Alpha wolf:  Wolf 222 (77574). Fitness: 0.95
	(2641.9297733923504, 1503.054955432451, 0.0). Region: 36
	(1097.9916995896176, 1042.0582958789892, 0.0). Region: 22
iter = 100
Alpha wolf:  Wolf 222 (77574). Fitness: 0.95
	(2641.9297733923504, 1503.054955432451, 0.0). Region: 36
	(1097.9916995896176, 1042.0582958789892, 0.0). Region: 22
iter = 110
Alpha wolf:  Wolf 222 (77574). Fitness: 0.95
	(2641.9297733923504, 1503.054955432451, 0.0). Region: 36
	(1097.9916995896176, 1042.0582958789892, 0.0). Region: 22
iter = 120
Alpha wolf:  Wolf 222 (77574). Fitness: 0.95
	(2641.9297733923504, 1503.054955432451, 0.0). Region: 36
	(1097.9916995896176, 1042.0582958789892, 0.0). Region: 22
iter = 130
Alpha wolf:  Wolf 222 (77574). Fitness: 0.95
	(2641.9297733923504, 1503.054955432451, 0.0). Region: 36
	(1097.9916995896176, 1042.0582958789892, 0.0). Region: 22
iter = 140
Alpha wolf:  Wolf 222 (77574). Fitness: 0.95
	(2641.9297733923504, 1503.054955432451, 0.0). Region: 36
	(1097.9916995896176, 1042.0582958789892, 0.0). Region: 22
iter = 150
Alpha wolf:  Wolf 222 (77574). Fitness: 0.95
	(2641.9297733923504, 1503.054955432451, 0.0). Region: 36
	(1097.9916995896176, 1042.0582958789892, 0.0). Region: 22
iter = 160
Alpha wolf:  Wolf 222 (77574). Fitness: 0.95
	(2641.9297733923504, 1503.054955432451, 0.0). Region: 36
	(1097.9916995896176, 1042.0582958789892, 0.0). Region: 22
iter = 170
Alpha wolf:  Wolf 222 (77574). Fitness: 0.95
	(2641.9297733923504, 1503.054955432451, 0.0). Region: 36
	(1097.9916995896176, 1042.0582958789892, 0.0). Region: 22
iter = 180
Alpha wolf:  Wolf 222 (77574). Fitness: 0.95
	(2641.9297733923504, 1503.054955432451, 0.0). Region: 36
	(1097.9916995896176, 1042.0582958789892, 0.0). Region: 22
iter = 190
Alpha wolf:  Wolf 222 (77574). Fitness: 0.95
	(2641.9297733923504, 1503.054955432451, 0.0). Region: 36
	(1097.9916995896176, 1042.0582958789892, 0.0). Region: 22

- Finishing GWO - 

Best solution:  Wolf 222 (77574). Fitness: 0.95
	(2641.9297733923504, 1503.054955432451, 0.0). Region: 36
	(1097.9916995896176, 1042.0582958789892, 0.0). Region: 22
Antennas in slice 1:  [22 36 73 78]

Slice  2

Run GWO to deployment +1 antenna on the map
	Pack size:  300
	Wolf dimension 1
	Max iter 200
	antennas_regions:  [22 36 73 78]
	users_regions:  [ 3  4  5  6  7  8  9 11 14 15 16 17 23 25 30 35 40 41 44 46 47 49 51 52
 56 59 61 62 65 69 71 73 74 76 77 78 79 81 83 84 85 86 87 88 92 94 95 97
 98 99]
	Seed_base:  68738
initial_alpha:  Wolf 0 (68738). Fitness: 0
	(2138.281516374582, 3315.39519312814, 0). Region: 85
initial_beta:  Wolf 1 (68739). Fitness: 0
	(2059.5826025108186, 1364.4083626555248, 0). Region: 35
initial_delta:  Wolf 2 (68740). Fitness: 0
	(2419.289215167092, 3595.2106835061436, 0). Region: 86 

iter = 10
Alpha wolf:  Wolf 0 (68738). Fitness: 0
	(3151.6954557985796, 1233.5922017659886, 0.0). Region: 37
iter = 20
Alpha wolf:  Wolf 0 (68738). Fitness: 0
	(579.4033033524364, 545.4199667779422, 0.0). Region: 11
iter = 30
Alpha wolf:  Wolf 0 (68738). Fitness: 0
	(2595.3057903833605, 75.6487098119876, 0.0). Region: 6
iter = 40
Alpha wolf:  Wolf 0 (68738). Fitness: 0
	(761.7815025304859, 21.745639284247844, 0.0). Region: 1
iter = 50
Alpha wolf:  Wolf 0 (68738). Fitness: 0
	(899.3381069449738, 72.47348115722363, 0.0). Region: 2
iter = 60
Alpha wolf:  Wolf 0 (68738). Fitness: 0
	(57.03119050317938, 63.11557048417521, 0.0). Region: 0
iter = 70
Alpha wolf:  Wolf 0 (68738). Fitness: 0
	(234.05381553526104, 77.85136162155733, 0.0). Region: 0
iter = 80
Alpha wolf:  Wolf 0 (68738). Fitness: 0
	(105.08446138043901, 69.75417957993011, 0.0). Region: 0
iter = 90
Alpha wolf:  Wolf 0 (68738). Fitness: 0
	(134.53908195437594, 94.60800067464459, 0.0). Region: 0
iter = 100
Alpha wolf:  Wolf 0 (68738). Fitness: 0
	(55.67074952265018, 117.59322282064414, 0.0). Region: 0
iter = 110
Alpha wolf:  Wolf 0 (68738). Fitness: 0
	(30.224210598158567, 115.84875531575162, 0.0). Region: 0
iter = 120
Alpha wolf:  Wolf 0 (68738). Fitness: 0
	(21.546000591243573, 139.5652641770384, 0.0). Region: 0
iter = 130
Alpha wolf:  Wolf 0 (68738). Fitness: 0
	(23.588332186411126, 121.34352991072342, 0.0). Region: 0
iter = 140
Alpha wolf:  Wolf 0 (68738). Fitness: 0
	(25.806120229436434, 84.51347061980175, 0.0). Region: 0
iter = 150
Alpha wolf:  Wolf 0 (68738). Fitness: 0
	(26.87144104389136, 81.29818667576588, 0.0). Region: 0
iter = 160
Alpha wolf:  Wolf 0 (68738). Fitness: 0
	(28.869056929733578, 74.90214642040456, 0.0). Region: 0
iter = 170
Alpha wolf:  Wolf 0 (68738). Fitness: 0
	(25.080238499504446, 99.41353319700245, 0.0). Region: 0
iter = 180
Alpha wolf:  Wolf 0 (68738). Fitness: 0
	(25.466109399631808, 99.93697112997297, 0.0). Region: 0
iter = 190
Alpha wolf:  Wolf 0 (68738). Fitness: 0
	(26.929541354458166, 99.96305614250394, 0.0). Region: 0

Run GWO to deployment +2 antenna on the map
	Pack size:  300
	Wolf dimension 2
	Max iter 200
	antennas_regions:  [22 36 73 78]
	users_regions:  [ 3  4  5  6  7  8  9 11 14 15 16 17 23 25 30 35 40 41 44 46 47 49 51 52
 56 59 61 62 65 69 71 73 74 76 77 78 79 81 83 84 85 86 87 88 92 94 95 97
 98 99]
	Seed_base:  23268
initial_alpha:  Wolf 66 (23334). Fitness: 0.99
	(13.487818560747211, 3268.5874784999783, 0). Region: 80
	(3327.8268908491777, 1025.4692104872483, 0). Region: 28
initial_beta:  Wolf 122 (23390). Fitness: 0.99
	(530.6096330878254, 3760.484873833552, 0). Region: 91
	(3495.8063678006934, 1146.6967740528523, 0). Region: 28
initial_delta:  Wolf 186 (23454). Fitness: 0.99
	(3225.3240795556567, 1540.017437937628, 0). Region: 38
	(506.3164200793029, 3164.1568890861568, 0). Region: 71 

iter = 10
Alpha wolf:  Wolf 66 (23334). Fitness: 0.99
	(13.487818560747211, 3268.5874784999783, 0). Region: 80
	(3327.8268908491777, 1025.4692104872483, 0). Region: 28
iter = 20
Alpha wolf:  Wolf 66 (23334). Fitness: 0.99
	(13.487818560747211, 3268.5874784999783, 0). Region: 80
	(3327.8268908491777, 1025.4692104872483, 0). Region: 28
iter = 30
Alpha wolf:  Wolf 66 (23334). Fitness: 0.99
	(1016.2728491677801, 3668.376625360477, 0.0). Region: 92
	(3189.5531485889396, 465.0116702100063, 0.0). Region: 17
iter = 40
Alpha wolf:  Wolf 66 (23334). Fitness: 0.99
	(649.8426222744354, 3224.1205692280587, 0.0). Region: 81
	(3182.550052462295, 650.4912816692303, 0.0). Region: 17
iter = 50
Alpha wolf:  Wolf 66 (23334). Fitness: 0.99
	(722.4953365494389, 3369.606391453046, 0.0). Region: 81
	(3221.7193503104286, 404.763474328612, 0.0). Region: 18
iter = 60
Alpha wolf:  Wolf 66 (23334). Fitness: 0.99
	(586.005653550428, 3984.9743949954586, 0.0). Region: 91
	(3305.998039899189, 515.8440816885222, 0.0). Region: 18
iter = 70
Alpha wolf:  Wolf 66 (23334). Fitness: 0.99
	(502.3126925896869, 3933.420902676298, 0.0). Region: 91
	(3622.1321763650744, 652.9470301046258, 0.0). Region: 19
iter = 80
Alpha wolf:  Wolf 66 (23334). Fitness: 0.99
	(627.9133302880438, 3332.1468707769877, 0.0). Region: 81
	(3064.6851512762933, 588.1980871912951, 0.0). Region: 17
iter = 90
Alpha wolf:  Wolf 66 (23334). Fitness: 0.99
	(263.58153456390767, 3831.5543912287994, 0.0). Region: 90
	(3476.054618278332, 496.8969115567727, 0.0). Region: 18
iter = 100
Alpha wolf:  Wolf 66 (23334). Fitness: 0.99
	(128.70190825420138, 2662.2568498409473, 0.0). Region: 60
	(3886.8364088370627, 356.90212824594994, 0.0). Region: 9
iter = 110
Alpha wolf:  Wolf 66 (23334). Fitness: 0.99
	(130.4072651203322, 2672.199573217771, 0.0). Region: 60
	(3646.7950888312116, 684.0670921150131, 0.0). Region: 19
iter = 120
Alpha wolf:  Wolf 66 (23334). Fitness: 0.99
	(206.2667958786325, 3794.2077532455833, 0.0). Region: 90
	(3757.928555389859, 1063.5423308555185, 0.0). Region: 29
iter = 130
Alpha wolf:  Wolf 66 (23334). Fitness: 0.99
	(244.16523620238905, 3180.42598777393, 0.0). Region: 70
	(3609.0557244842603, 690.2387215666631, 0.0). Region: 19
iter = 140
Alpha wolf:  Wolf 66 (23334). Fitness: 0.99
	(181.89701028644959, 2470.545276721892, 0.0). Region: 60
	(3853.064459754859, 740.8259671540864, 0.0). Region: 19
iter = 150
Alpha wolf:  Wolf 66 (23334). Fitness: 0.99
	(121.01336970455381, 2823.6700636850646, 0.0). Region: 70
	(3210.7162808434323, 537.265164094332, 0.0). Region: 18
iter = 160
Alpha wolf:  Wolf 66 (23334). Fitness: 0.99
	(105.10599356155285, 2723.989624762146, 0.0). Region: 60
	(3552.412007070058, 681.7348008902591, 0.0). Region: 18
iter = 170
Alpha wolf:  Wolf 66 (23334). Fitness: 0.99
	(104.25026388935846, 2769.122811698293, 0.0). Region: 60
	(3201.902936881762, 749.2550052368139, 0.0). Region: 18
iter = 180
Alpha wolf:  Wolf 66 (23334). Fitness: 0.99
	(115.31786484558206, 2614.5995272003115, 0.0). Region: 60
	(3553.220561490012, 612.4230832994646, 0.0). Region: 18
iter = 190
Alpha wolf:  Wolf 66 (23334). Fitness: 0.99
	(120.78457560509014, 2853.96229813452, 0.0). Region: 70
	(3589.0839286568466, 623.0750484779371, 0.0). Region: 18

- Finishing GWO - 

Best solution:  Wolf 66 (23334). Fitness: 0.99
	(122.59493478803871, 2738.8496786853575, 0.0). Region: 60
	(3704.5387867035156, 630.4414684368639, 0.0). Region: 19
Antennas in slice 2:  [19 22 36 60 73 78]

Slice  3
The set of antennas serves the scenario in the respective slice.

Slice  4

Run GWO to deployment +1 antenna on the map
	Pack size:  300
	Wolf dimension 1
	Max iter 200
	antennas_regions:  [19 22 36 60 73 78]
	users_regions:  [ 0  2  5  6  8  9 10 11 13 14 16 17 18 20 21 22 23 27 28 29 30 31 32 33
 34 35 36 37 38 42 43 44 46 47 48 49 50 51 52 56 57 58 59 61 63 64 66 67
 68 69 72 73 74 75 76 78 79 80 82 83 84 85 86 87 88 89 90 91 93 94 96 97
 99]
	Seed_base:  82282
initial_alpha:  Wolf 6 (82288). Fitness: 1.0
	(1496.7894190322043, 285.7926066841099, 0). Region: 3
initial_beta:  Wolf 8 (82290). Fitness: 1.0
	(891.6011666706836, 420.14564645603383, 0). Region: 12
initial_delta:  Wolf 9 (82291). Fitness: 1.0
	(1028.1731025274028, 16.81321457935203, 0). Region: 2 

iter = 10
Alpha wolf:  Wolf 6 (82288). Fitness: 1.0
	(834.8844469805138, 138.92084447414604, 0.0). Region: 2
iter = 20
Alpha wolf:  Wolf 6 (82288). Fitness: 1.0
	(181.4371615631502, 60.12863677605702, 0.0). Region: 0
iter = 30
Alpha wolf:  Wolf 6 (82288). Fitness: 1.0
	(799.2548176238021, 8.339724683929703, 0.0). Region: 1
iter = 40
Alpha wolf:  Wolf 6 (82288). Fitness: 1.0
	(234.61036181089247, 2.397300257236945, 0.0). Region: 0
iter = 50
Alpha wolf:  Wolf 6 (82288). Fitness: 1.0
	(276.9742618702404, 7.989679793809904, 0.0). Region: 0
iter = 60
Alpha wolf:  Wolf 6 (82288). Fitness: 1.0
	(17.564219476700675, 6.958037479650774, 0.0). Region: 0
iter = 70
Alpha wolf:  Wolf 6 (82288). Fitness: 1.0
	(72.08288217641761, 8.582552416926324, 0.0). Region: 0
iter = 80
Alpha wolf:  Wolf 6 (82288). Fitness: 1.0
	(32.36345808307201, 7.689896362437777, 0.0). Region: 0
iter = 90
Alpha wolf:  Wolf 6 (82288). Fitness: 1.0
	(41.4347647803231, 10.429851295316308, 0.0). Region: 0
iter = 100
Alpha wolf:  Wolf 6 (82288). Fitness: 1.0
	(17.145236745390683, 12.963806640139868, 0.0). Region: 0
iter = 110
Alpha wolf:  Wolf 6 (82288). Fitness: 1.0
	(9.308321705586872, 12.77149165054283, 0.0). Region: 0
iter = 120
Alpha wolf:  Wolf 6 (82288). Fitness: 1.0
	(6.635644107915238, 15.386066093543054, 0.0). Region: 0
iter = 130
Alpha wolf:  Wolf 6 (82288). Fitness: 1.0
	(7.264632562570268, 13.377251010408447, 0.0). Region: 0
iter = 140
Alpha wolf:  Wolf 6 (82288). Fitness: 1.0
	(7.947657335450235, 9.317001994862498, 0.0). Region: 0
iter = 150
Alpha wolf:  Wolf 6 (82288). Fitness: 1.0
	(8.275750233969427, 8.96254007653237, 0.0). Region: 0
iter = 160
Alpha wolf:  Wolf 6 (82288). Fitness: 1.0
	(8.8909673377949, 8.257422662924935, 0.0). Region: 0
iter = 170
Alpha wolf:  Wolf 6 (82288). Fitness: 1.0
	(7.724103418616874, 10.959626676315674, 0.0). Region: 0
iter = 180
Alpha wolf:  Wolf 6 (82288). Fitness: 1.0
	(7.842942270124503, 11.017331941877572, 0.0). Region: 0
iter = 190
Alpha wolf:  Wolf 6 (82288). Fitness: 1.0
	(8.29364371642099, 11.020207626806897, 0.0). Region: 0

- Finishing GWO - 

Best solution:  Wolf 6 (82288). Fitness: 1.0
	(8.37431652071386, 11.148965861477743, 0.0). Region: 0
Antennas in slice 4:  [ 0 19 22 36 60 73 78]

Slice  5
The set of antennas serves the scenario in the respective slice.

Slice  6
The set of antennas serves the scenario in the respective slice.

Slice  7
The set of antennas serves the scenario in the respective slice.

Slice  8
The set of antennas serves the scenario in the respective slice.

Slice  9
The set of antennas serves the scenario in the respective slice.

Slice  10
The set of antennas serves the scenario in the respective slice.

Slice  11
The set of antennas serves the scenario in the respective slice.

Média de carros: 6.166666666666667
t=0
Antennas: [73 78]
Users: [73 74 83 84 93 94]
MinSINR:  10.0
$x_{0,73}$
	 $y_{0,73,73}$ = 88.33979868330182 dB
	 $y_{0,73,74}$ = 26.604225218520966 dB
	 $y_{0,73,83}$ = 33.90304831733181 dB
	 $y_{0,73,84}$ = 22.740086588576816 dB
	 $y_{0,73,93}$ = 17.891478048583593 dB
	 $y_{0,73,94}$ = 19.63875687813575 dB
		SNR medio:  5.651821452282453
		Usuarios totais: 37
$x_{0,78}$
		Usuarios totais: 0
Distances:
73 : 78 = 2000.0
t=1
Antennas: [22 36 73 78]
Users: [ 4 14 15 16 17 20 21 22 23 25 26 28 34 40 42 43 45 48 58 62 64 71 74 82
 83 84 85 88 93 94 97 99]
MinSINR:  10.0
$x_{1,22}$
	 $y_{1,22,20}$ = 16.311388018009296 dB
	 $y_{1,22,21}$ = 32.82195802317713 dB
	 $y_{1,22,22}$ = 82.59292115499056 dB
	 $y_{1,22,40}$ = 12.995586157202013 dB
		SNR medio:  28.944370670675802
		Usuarios totais: 5
$x_{1,36}$
	 $y_{1,36,14}$ = 15.818169230936235 dB
	 $y_{1,36,15}$ = 23.07903020894024 dB
	 $y_{1,36,17}$ = 15.732099023309814 dB
	 $y_{1,36,26}$ = 34.47324921621295 dB
	 $y_{1,36,28}$ = 15.519636551041259 dB
	 $y_{1,36,34}$ = 19.413340426234782 dB
	 $y_{1,36,48}$ = 22.251524808667853 dB
	 $y_{1,36,4}$ = 15.336458223110668 dB
	 $y_{1,36,16}$ = 21.7171737962574 dB
	 $y_{1,36,25}$ = 27.88177019139262 dB
	 $y_{1,36,58}$ = 12.362346877250218 dB
	 $y_{1,36,45}$ = 30.638621007951414 dB
	 $y_{1,36,43}$ = 11.439145033905277 dB
		SNR medio:  17.710837639680715
		Usuarios totais: 15
$x_{1,73}$
	 $y_{1,73,71}$ = 19.39156679248768 dB
	 $y_{1,73,74}$ = 26.604225218520966 dB
	 $y_{1,73,82}$ = 26.40196117083073 dB
	 $y_{1,73,83}$ = 33.90304831733181 dB
	 $y_{1,73,84}$ = 22.740086588576816 dB
	 $y_{1,73,85}$ = 24.817504577781918 dB
	 $y_{1,73,93}$ = 17.891478048583593 dB
	 $y_{1,73,94}$ = 19.63875687813575 dB
	 $y_{1,73,62}$ = 18.931233775456406 dB
	 $y_{1,73,64}$ = 19.65257575951847 dB
	 $y_{1,73,23}$ = 10.006503986907745 dB
	 $y_{1,73,42}$ = 14.624368153376892 dB
		SNR medio:  6.3650827316877185
		Usuarios totais: 40
$x_{1,78}$
	 $y_{1,78,88}$ = 29.98735349084957 dB
	 $y_{1,78,97}$ = 18.994779330057355 dB
	 $y_{1,78,99}$ = 20.017607832014946 dB
		SNR medio:  22.999913550973957
		Usuarios totais: 3
Distances:
22 : 36 = 1649.2422502470642
22 : 73 = 2039.607805437114
22 : 78 = 3124.099870362662
36 : 73 = 2000.0
36 : 78 = 1788.8543819998317
73 : 78 = 2000.0
t=2
Antennas: [19 22 36 60 73 78]
Users: [ 3  4  5  6  7  8  9 11 14 15 16 17 23 25 30 35 40 41 44 46 47 49 51 52
 56 59 61 62 65 69 71 73 74 76 77 78 79 81 83 84 85 86 87 88 92 94 95 97
 98 99]
MinSINR:  10.0
$x_{2,19}$
	 $y_{2,19,9}$ = 33.204983661458684 dB
		SNR medio:  33.204983661458684
		Usuarios totais: 1
$x_{2,22}$
	 $y_{2,22,3}$ = 10.155681342661481 dB
	 $y_{2,22,11}$ = 30.324242687218458 dB
	 $y_{2,22,30}$ = 14.36438130532136 dB
	 $y_{2,22,40}$ = 12.995586157202013 dB
		SNR medio:  13.567978298480663
		Usuarios totais: 5
$x_{2,36}$
	 $y_{2,36,5}$ = 14.654952483303873 dB
	 $y_{2,36,6}$ = 10.451728782599162 dB
	 $y_{2,36,14}$ = 15.818169230936235 dB
	 $y_{2,36,15}$ = 23.07903020894024 dB
	 $y_{2,36,47}$ = 23.58663025229572 dB
	 $y_{2,36,4}$ = 15.336458223110668 dB
	 $y_{2,36,7}$ = 13.750546546640805 dB
	 $y_{2,36,8}$ = 10.195751822635003 dB
	 $y_{2,36,16}$ = 21.7171737962574 dB
	 $y_{2,36,17}$ = 15.732099023309814 dB
	 $y_{2,36,25}$ = 27.88177019139262 dB
	 $y_{2,36,44}$ = 12.336722699213581 dB
	 $y_{2,36,46}$ = 24.264805058584074 dB
	 $y_{2,36,23}$ = 13.0231668750272 dB
	 $y_{2,36,56}$ = 22.83492893922204 dB
	 $y_{2,36,35}$ = 29.410857821375103 dB
		SNR medio:  14.003561521659217
		Usuarios totais: 21
$x_{2,60}$
	 $y_{2,60,81}$ = 14.306189976628986 dB
	 $y_{2,60,83}$ = 16.365063763356204 dB
	 $y_{2,60,92}$ = 10.43248939901406 dB
	 $y_{2,60,41}$ = 25.398981222859604 dB
	 $y_{2,60,52}$ = 13.821317821180699 dB
	 $y_{2,60,62}$ = 16.420847843774425 dB
		SNR medio:  10.749432225201552
		Usuarios totais: 9
$x_{2,73}$
	 $y_{2,73,74}$ = 26.604225218520966 dB
	 $y_{2,73,84}$ = 22.740086588576816 dB
	 $y_{2,73,85}$ = 24.817504577781918 dB
	 $y_{2,73,94}$ = 19.63875687813575 dB
	 $y_{2,73,95}$ = 12.893530050911124 dB
	 $y_{2,73,51}$ = 14.445157670715773 dB
	 $y_{2,73,61}$ = 19.875242033848878 dB
	 $y_{2,73,65}$ = 17.927924347834534 dB
	 $y_{2,73,71}$ = 19.39156679248768 dB
	 $y_{2,73,73}$ = 88.33979868330182 dB
	 $y_{2,73,76}$ = 16.25591585721324 dB
		SNR medio:  7.073242717483211
		Usuarios totais: 40
$x_{2,78}$
	 $y_{2,78,49}$ = 10.11437726154736 dB
	 $y_{2,78,59}$ = 17.21964122401944 dB
	 $y_{2,78,69}$ = 23.442199212994012 dB
	 $y_{2,78,77}$ = 30.715251656701327 dB
	 $y_{2,78,78}$ = 89.17802946373394 dB
	 $y_{2,78,79}$ = 24.51337089530155 dB
	 $y_{2,78,87}$ = 28.205259048153934 dB
	 $y_{2,78,88}$ = 29.98735349084957 dB
	 $y_{2,78,97}$ = 18.994779330057355 dB
	 $y_{2,78,98}$ = 14.039780871567672 dB
	 $y_{2,78,99}$ = 20.017607832014946 dB
	 $y_{2,78,86}$ = 12.867564362420183 dB
		SNR medio:  21.286347643290753
		Usuarios totais: 15
Distances:
19 : 22 = 2828.42712474619
19 : 36 = 1442.2205101855957
19 : 60 = 4118.2520563948
19 : 73 = 3394.1125496954282
19 : 78 = 2433.105012119288
22 : 36 = 1649.2422502470642
22 : 60 = 1788.8543819998317
22 : 73 = 2039.607805437114
22 : 78 = 3124.099870362662
36 : 60 = 2683.281572999748
36 : 73 = 2000.0
36 : 78 = 1788.8543819998317
60 : 73 = 1264.9110640673518
60 : 78 = 3224.9030993194197
73 : 78 = 2000.0
t=3
Antennas: [19 22 36 60 73 78]
Users: [ 3  4  6  9 11 13 17 18 19 22 23 25 26 27 28 33 34 36 38 39 40 41 42 45
 46 47 48 49 50 51 52 55 56 59 60 61 62 65 68 69 70 71 72 73 74 75 77 79
 81 83 84 85 86 88 89 90 94 95 96 97 99]
MinSINR:  10.0
$x_{3,19}$
	 $y_{3,19,9}$ = 33.204983661458684 dB
	 $y_{3,19,19}$ = 79.52901918250772 dB
		SNR medio:  22.54680056879328
		Usuarios totais: 5
$x_{3,22}$
	 $y_{3,22,3}$ = 10.155681342661481 dB
	 $y_{3,22,11}$ = 30.324242687218458 dB
	 $y_{3,22,13}$ = 20.009035266038097 dB
	 $y_{3,22,22}$ = 82.59292115499056 dB
	 $y_{3,22,40}$ = 12.995586157202013 dB
	 $y_{3,22,50}$ = 13.884689546956594 dB
		SNR medio:  21.245269519383402
		Usuarios totais: 8
$x_{3,36}$
	 $y_{3,36,6}$ = 10.451728782599162 dB
	 $y_{3,36,26}$ = 34.47324921621295 dB
	 $y_{3,36,34}$ = 19.413340426234782 dB
	 $y_{3,36,47}$ = 23.58663025229572 dB
	 $y_{3,36,55}$ = 16.562687615330205 dB
	 $y_{3,36,4}$ = 15.336458223110668 dB
	 $y_{3,36,17}$ = 15.732099023309814 dB
	 $y_{3,36,18}$ = 13.793326210114913 dB
	 $y_{3,36,25}$ = 27.88177019139262 dB
	 $y_{3,36,28}$ = 15.519636551041259 dB
	 $y_{3,36,46}$ = 24.264805058584074 dB
	 $y_{3,36,48}$ = 22.251524808667853 dB
	 $y_{3,36,23}$ = 13.0231668750272 dB
	 $y_{3,36,42}$ = 10.24461040410037 dB
	 $y_{3,36,36}$ = 93.27895386964491 dB
		SNR medio:  17.790699375383323
		Usuarios totais: 20
$x_{3,60}$
	 $y_{3,60,90}$ = 13.37682975080304 dB
	 $y_{3,60,60}$ = 83.7853671001875 dB
	 $y_{3,60,61}$ = 29.871534616804908 dB
	 $y_{3,60,70}$ = 27.304873770248946 dB
	 $y_{3,60,71}$ = 21.50877608511233 dB
	 $y_{3,60,72}$ = 13.444696419931148 dB
	 $y_{3,60,73}$ = 17.004078651533064 dB
	 $y_{3,60,81}$ = 14.306189976628986 dB
	 $y_{3,60,83}$ = 16.365063763356204 dB
	 $y_{3,60,41}$ = 25.398981222859604 dB
	 $y_{3,60,52}$ = 13.821317821180699 dB
	 $y_{3,60,62}$ = 16.420847843774425 dB
		SNR medio:  12.192023209267537
		Usuarios totais: 24
$x_{3,73}$
	 $y_{3,73,74}$ = 26.604225218520966 dB
	 $y_{3,73,75}$ = 20.373502324857213 dB
	 $y_{3,73,84}$ = 22.740086588576816 dB
	 $y_{3,73,85}$ = 24.817504577781918 dB
	 $y_{3,73,94}$ = 19.63875687813575 dB
	 $y_{3,73,95}$ = 12.893530050911124 dB
	 $y_{3,73,33}$ = 13.32165260383428 dB
	 $y_{3,73,51}$ = 14.445157670715773 dB
	 $y_{3,73,65}$ = 17.927924347834534 dB
		SNR medio:  4.319058506529209
		Usuarios totais: 40
$x_{3,78}$
	 $y_{3,78,49}$ = 10.11437726154736 dB
	 $y_{3,78,59}$ = 17.21964122401944 dB
	 $y_{3,78,68}$ = 25.95555253342208 dB
	 $y_{3,78,69}$ = 23.442199212994012 dB
	 $y_{3,78,77}$ = 30.715251656701327 dB
	 $y_{3,78,79}$ = 24.51337089530155 dB
	 $y_{3,78,88}$ = 29.98735349084957 dB
	 $y_{3,78,89}$ = 19.644891226552446 dB
	 $y_{3,78,97}$ = 18.994779330057355 dB
	 $y_{3,78,99}$ = 20.017607832014946 dB
	 $y_{3,78,39}$ = 10.186447421043539 dB
	 $y_{3,78,86}$ = 12.867564362420183 dB
	 $y_{3,78,96}$ = 16.566370325933775 dB
	 $y_{3,78,45}$ = 11.81853071730336 dB
	 $y_{3,78,56}$ = 17.619309185645136 dB
	 $y_{3,78,27}$ = 12.925096969929442 dB
	 $y_{3,78,38}$ = 11.169331289265088 dB
		SNR medio:  11.620654627222242
		Usuarios totais: 27
Distances:
19 : 22 = 2828.42712474619
19 : 36 = 1442.2205101855957
19 : 60 = 4118.2520563948
19 : 73 = 3394.1125496954282
19 : 78 = 2433.105012119288
22 : 36 = 1649.2422502470642
22 : 60 = 1788.8543819998317
22 : 73 = 2039.607805437114
22 : 78 = 3124.099870362662
36 : 60 = 2683.281572999748
36 : 73 = 2000.0
36 : 78 = 1788.8543819998317
60 : 73 = 1264.9110640673518
60 : 78 = 3224.9030993194197
73 : 78 = 2000.0
t=4
Antennas: [ 0 19 22 36 60 73 78]
Users: [ 0  2  5  6  8  9 10 11 13 14 16 17 18 20 21 22 23 27 28 29 30 31 32 33
 34 35 36 37 38 42 43 44 46 47 48 49 50 51 52 56 57 58 59 61 63 64 66 67
 68 69 72 73 74 75 76 78 79 80 82 83 84 85 86 87 88 89 90 91 93 94 96 97
 99]
MinSINR:  10.0
$x_{4,0}$
	 $y_{4,0,0}$ = 81.47435545839193 dB
		SNR medio:  81.47435545839193
		Usuarios totais: 1
$x_{4,19}$
	 $y_{4,19,9}$ = 33.204983661458684 dB
		SNR medio:  33.204983661458684
		Usuarios totais: 1
$x_{4,22}$
	 $y_{4,22,13}$ = 20.009035266038097 dB
	 $y_{4,22,2}$ = 13.063568058663634 dB
	 $y_{4,22,10}$ = 20.878818393220385 dB
	 $y_{4,22,11}$ = 30.324242687218458 dB
	 $y_{4,22,20}$ = 16.311388018009296 dB
	 $y_{4,22,21}$ = 32.82195802317713 dB
	 $y_{4,22,22}$ = 82.59292115499056 dB
	 $y_{4,22,33}$ = 20.918813077071093 dB
	 $y_{4,22,50}$ = 13.884689546956594 dB
		SNR medio:  16.72036228168968
		Usuarios totais: 15
$x_{4,36}$
	 $y_{4,36,5}$ = 14.654952483303873 dB
	 $y_{4,36,6}$ = 10.451728782599162 dB
	 $y_{4,36,14}$ = 15.818169230936235 dB
	 $y_{4,36,34}$ = 19.413340426234782 dB
	 $y_{4,36,47}$ = 23.58663025229572 dB
	 $y_{4,36,8}$ = 10.195751822635003 dB
	 $y_{4,36,16}$ = 21.7171737962574 dB
	 $y_{4,36,17}$ = 15.732099023309814 dB
	 $y_{4,36,18}$ = 13.793326210114913 dB
	 $y_{4,36,28}$ = 15.519636551041259 dB
	 $y_{4,36,29}$ = 12.235933010491436 dB
	 $y_{4,36,37}$ = 26.085245030852676 dB
	 $y_{4,36,44}$ = 12.336722699213581 dB
	 $y_{4,36,46}$ = 24.264805058584074 dB
	 $y_{4,36,48}$ = 22.251524808667853 dB
	 $y_{4,36,57}$ = 15.151424601585902 dB
	 $y_{4,36,64}$ = 19.346276300988393 dB
	 $y_{4,36,23}$ = 13.0231668750272 dB
	 $y_{4,36,42}$ = 10.24461040410037 dB
	 $y_{4,36,56}$ = 22.83492893922204 dB
	 $y_{4,36,27}$ = 27.84926423901304 dB
	 $y_{4,36,36}$ = 93.27895386964491 dB
		SNR medio:  11.49464161040299
		Usuarios totais: 40
$x_{4,60}$
	 $y_{4,60,80}$ = 12.665726473551615 dB
	 $y_{4,60,90}$ = 13.37682975080304 dB
	 $y_{4,60,51}$ = 25.263474146635133 dB
	 $y_{4,60,61}$ = 29.871534616804908 dB
	 $y_{4,60,72}$ = 13.444696419931148 dB
	 $y_{4,60,73}$ = 17.004078651533064 dB
	 $y_{4,60,83}$ = 16.365063763356204 dB
	 $y_{4,60,91}$ = 10.30633133324281 dB
	 $y_{4,60,52}$ = 13.821317821180699 dB
	 $y_{4,60,30}$ = 10.214271643373337 dB
	 $y_{4,60,31}$ = 10.813283810004279 dB
	 $y_{4,60,32}$ = 13.336212593348023 dB
	 $y_{4,60,35}$ = 10.214896258462204 dB
		SNR medio:  7.285100640082461
		Usuarios totais: 27
$x_{4,73}$
	 $y_{4,73,74}$ = 26.604225218520966 dB
	 $y_{4,73,75}$ = 20.373502324857213 dB
	 $y_{4,73,82}$ = 26.40196117083073 dB
	 $y_{4,73,84}$ = 22.740086588576816 dB
	 $y_{4,73,85}$ = 24.817504577781918 dB
	 $y_{4,73,93}$ = 17.891478048583593 dB
	 $y_{4,73,94}$ = 19.63875687813575 dB
	 $y_{4,73,63}$ = 23.775103613670964 dB
		SNR medio:  4.556065460523949
		Usuarios totais: 40
$x_{4,78}$
	 $y_{4,78,49}$ = 10.11437726154736 dB
	 $y_{4,78,59}$ = 17.21964122401944 dB
	 $y_{4,78,67}$ = 22.91900584754127 dB
	 $y_{4,78,68}$ = 25.95555253342208 dB
	 $y_{4,78,69}$ = 23.442199212994012 dB
	 $y_{4,78,78}$ = 89.17802946373394 dB
	 $y_{4,78,79}$ = 24.51337089530155 dB
	 $y_{4,78,87}$ = 28.205259048153934 dB
	 $y_{4,78,88}$ = 29.98735349084957 dB
	 $y_{4,78,89}$ = 19.644891226552446 dB
	 $y_{4,78,97}$ = 18.994779330057355 dB
	 $y_{4,78,99}$ = 20.017607832014946 dB
	 $y_{4,78,66}$ = 19.020938680127045 dB
	 $y_{4,78,76}$ = 16.23259237676841 dB
	 $y_{4,78,86}$ = 12.867564362420183 dB
	 $y_{4,78,96}$ = 16.566370325933775 dB
	 $y_{4,78,38}$ = 11.169331289265088 dB
	 $y_{4,78,58}$ = 19.479896119394425 dB
	 $y_{4,78,43}$ = 12.436317689809954 dB
		SNR medio:  14.12790574870667
		Usuarios totais: 31
Distances:
0 : 19 = 3622.154055254967
0 : 22 = 1131.370849898476
0 : 36 = 2683.281572999748
0 : 60 = 2400.0
0 : 73 = 3046.3092423455632
0 : 78 = 4252.05832509386
19 : 22 = 2828.42712474619
19 : 36 = 1442.2205101855957
19 : 60 = 4118.2520563948
19 : 73 = 3394.1125496954282
19 : 78 = 2433.105012119288
22 : 36 = 1649.2422502470642
22 : 60 = 1788.8543819998317
22 : 73 = 2039.607805437114
22 : 78 = 3124.099870362662
36 : 60 = 2683.281572999748
36 : 73 = 2000.0
36 : 78 = 1788.8543819998317
60 : 73 = 1264.9110640673518
60 : 78 = 3224.9030993194197
73 : 78 = 2000.0
t=5
Antennas: [ 0 19 22 36 60 73 78]
Users: [ 0  2  3  4  5  7  8  9 11 13 14 15 16 17 18 20 21 22 23 24 25 26 27 28
 29 30 31 32 33 34 36 37 38 39 40 41 42 43 46 50 52 53 54 55 56 57 59 60
 61 62 63 64 65 67 68 70 71 73 74 75 78 80 82 83 85 86 87 89 90 91 93 94
 95 96 97 98 99]
MinSINR:  10.0
$x_{5,0}$
	 $y_{5,0,0}$ = 81.47435545839193 dB
		SNR medio:  81.47435545839193
		Usuarios totais: 1
$x_{5,19}$
	 $y_{5,19,9}$ = 33.204983661458684 dB
		SNR medio:  16.602491830729342
		Usuarios totais: 2
$x_{5,22}$
	 $y_{5,22,13}$ = 20.009035266038097 dB
	 $y_{5,22,2}$ = 13.063568058663634 dB
	 $y_{5,22,3}$ = 10.155681342661481 dB
	 $y_{5,22,11}$ = 30.324242687218458 dB
	 $y_{5,22,20}$ = 16.311388018009296 dB
	 $y_{5,22,21}$ = 32.82195802317713 dB
	 $y_{5,22,22}$ = 82.59292115499056 dB
	 $y_{5,22,40}$ = 12.995586157202013 dB
	 $y_{5,22,50}$ = 13.884689546956594 dB
	 $y_{5,22,23}$ = 31.324767885685404 dB
	 $y_{5,22,42}$ = 20.705064372323875 dB
	 $y_{5,22,54}$ = 16.590228058562943 dB
	 $y_{5,22,32}$ = 37.5348468634277 dB
	 $y_{5,22,41}$ = 13.516110025094576 dB
	 $y_{5,22,52}$ = 13.343363291893183 dB
	 $y_{5,22,53}$ = 12.081368882465824 dB
	 $y_{5,22,62}$ = 14.866809890336711 dB
	 $y_{5,22,30}$ = 14.36438130532136 dB
		SNR medio:  10.422718226410995
		Usuarios totais: 39
$x_{5,36}$
	 $y_{5,36,5}$ = 14.654952483303873 dB
	 $y_{5,36,14}$ = 15.818169230936235 dB
	 $y_{5,36,15}$ = 23.07903020894024 dB
	 $y_{5,36,26}$ = 34.47324921621295 dB
	 $y_{5,36,34}$ = 19.413340426234782 dB
	 $y_{5,36,55}$ = 16.562687615330205 dB
	 $y_{5,36,4}$ = 15.336458223110668 dB
	 $y_{5,36,7}$ = 13.750546546640805 dB
	 $y_{5,36,8}$ = 10.195751822635003 dB
	 $y_{5,36,16}$ = 21.7171737962574 dB
	 $y_{5,36,17}$ = 15.732099023309814 dB
	 $y_{5,36,18}$ = 13.793326210114913 dB
	 $y_{5,36,24}$ = 22.594136999651596 dB
	 $y_{5,36,25}$ = 27.88177019139262 dB
	 $y_{5,36,28}$ = 15.519636551041259 dB
	 $y_{5,36,29}$ = 12.235933010491436 dB
	 $y_{5,36,37}$ = 26.085245030852676 dB
	 $y_{5,36,46}$ = 24.264805058584074 dB
	 $y_{5,36,57}$ = 15.151424601585902 dB
	 $y_{5,36,64}$ = 19.346276300988393 dB
		SNR medio:  9.44015031369037
		Usuarios totais: 40
$x_{5,60}$
	 $y_{5,60,80}$ = 12.665726473551615 dB
	 $y_{5,60,90}$ = 13.37682975080304 dB
	 $y_{5,60,60}$ = 83.7853671001875 dB
	 $y_{5,60,70}$ = 27.304873770248946 dB
	 $y_{5,60,71}$ = 21.50877608511233 dB
	 $y_{5,60,73}$ = 17.004078651533064 dB
	 $y_{5,60,83}$ = 16.365063763356204 dB
	 $y_{5,60,91}$ = 10.30633133324281 dB
	 $y_{5,60,31}$ = 10.813283810004279 dB
		SNR medio:  8.525213229521592
		Usuarios totais: 25
$x_{5,73}$
	 $y_{5,73,74}$ = 26.604225218520966 dB
	 $y_{5,73,75}$ = 20.373502324857213 dB
	 $y_{5,73,82}$ = 26.40196117083073 dB
	 $y_{5,73,85}$ = 24.817504577781918 dB
	 $y_{5,73,93}$ = 17.891478048583593 dB
	 $y_{5,73,94}$ = 19.63875687813575 dB
	 $y_{5,73,95}$ = 12.893530050911124 dB
	 $y_{5,73,33}$ = 13.32165260383428 dB
	 $y_{5,73,61}$ = 19.875242033848878 dB
	 $y_{5,73,63}$ = 23.775103613670964 dB
	 $y_{5,73,65}$ = 17.927924347834534 dB
		SNR medio:  5.588022021720248
		Usuarios totais: 40
$x_{5,78}$
	 $y_{5,78,59}$ = 17.21964122401944 dB
	 $y_{5,78,67}$ = 22.91900584754127 dB
	 $y_{5,78,68}$ = 25.95555253342208 dB
	 $y_{5,78,78}$ = 89.17802946373394 dB
	 $y_{5,78,87}$ = 28.205259048153934 dB
	 $y_{5,78,89}$ = 19.644891226552446 dB
	 $y_{5,78,97}$ = 18.994779330057355 dB
	 $y_{5,78,98}$ = 14.039780871567672 dB
	 $y_{5,78,99}$ = 20.017607832014946 dB
	 $y_{5,78,39}$ = 10.186447421043539 dB
	 $y_{5,78,56}$ = 17.619309185645136 dB
	 $y_{5,78,86}$ = 12.867564362420183 dB
	 $y_{5,78,96}$ = 16.566370325933775 dB
	 $y_{5,78,27}$ = 12.925096969929442 dB
	 $y_{5,78,36}$ = 14.653976213565244 dB
	 $y_{5,78,38}$ = 11.169331289265088 dB
	 $y_{5,78,43}$ = 12.436317689809954 dB
		SNR medio:  10.127748912074317
		Usuarios totais: 36
Distances:
0 : 19 = 3622.154055254967
0 : 22 = 1131.370849898476
0 : 36 = 2683.281572999748
0 : 60 = 2400.0
0 : 73 = 3046.3092423455632
0 : 78 = 4252.05832509386
19 : 22 = 2828.42712474619
19 : 36 = 1442.2205101855957
19 : 60 = 4118.2520563948
19 : 73 = 3394.1125496954282
19 : 78 = 2433.105012119288
22 : 36 = 1649.2422502470642
22 : 60 = 1788.8543819998317
22 : 73 = 2039.607805437114
22 : 78 = 3124.099870362662
36 : 60 = 2683.281572999748
36 : 73 = 2000.0
36 : 78 = 1788.8543819998317
60 : 73 = 1264.9110640673518
60 : 78 = 3224.9030993194197
73 : 78 = 2000.0
t=6
Antennas: [ 0 19 22 36 60 73 78]
Users: [ 1  4  5  6  7  8  9 10 11 12 14 15 16 19 20 21 22 24 25 27 28 30 32 33
 34 35 36 38 40 41 42 44 46 47 48 49 50 52 53 54 57 58 59 60 61 62 63 64
 65 67 68 69 70 71 73 74 76 77 78 79 80 83 85 87 89 90 91 92 93 94 95 96
 97 98 99]
MinSINR:  10.0
$x_{6,0}$
	 $y_{6,0,1}$ = 31.436618819378964 dB
	 $y_{6,0,10}$ = 35.90617253929261 dB
	 $y_{6,0,11}$ = 21.924950529176698 dB
	 $y_{6,0,12}$ = 17.82092764306654 dB
	 $y_{6,0,20}$ = 16.191194829808353 dB
	 $y_{6,0,21}$ = 14.536540728642436 dB
		SNR medio:  13.781640508936562
		Usuarios totais: 10
$x_{6,19}$
	 $y_{6,19,9}$ = 33.204983661458684 dB
	 $y_{6,19,19}$ = 79.52901918250772 dB
		SNR medio:  16.104857549138057
		Usuarios totais: 7
$x_{6,22}$
	 $y_{6,22,22}$ = 82.59292115499056 dB
		SNR medio:  82.59292115499056
		Usuarios totais: 1
$x_{6,36}$
	 $y_{6,36,5}$ = 14.654952483303873 dB
	 $y_{6,36,6}$ = 10.451728782599162 dB
	 $y_{6,36,14}$ = 15.818169230936235 dB
	 $y_{6,36,15}$ = 23.07903020894024 dB
	 $y_{6,36,34}$ = 19.413340426234782 dB
	 $y_{6,36,47}$ = 23.58663025229572 dB
	 $y_{6,36,4}$ = 15.336458223110668 dB
	 $y_{6,36,7}$ = 13.750546546640805 dB
	 $y_{6,36,8}$ = 10.195751822635003 dB
	 $y_{6,36,16}$ = 21.7171737962574 dB
	 $y_{6,36,24}$ = 22.594136999651596 dB
	 $y_{6,36,25}$ = 27.88177019139262 dB
	 $y_{6,36,28}$ = 15.519636551041259 dB
	 $y_{6,36,44}$ = 12.336722699213581 dB
	 $y_{6,36,46}$ = 24.264805058584074 dB
	 $y_{6,36,48}$ = 22.251524808667853 dB
	 $y_{6,36,57}$ = 15.151424601585902 dB
	 $y_{6,36,64}$ = 19.346276300988393 dB
	 $y_{6,36,65}$ = 11.125946366959596 dB
		SNR medio:  8.461900633775972
		Usuarios totais: 40
$x_{6,60}$
	 $y_{6,60,80}$ = 12.665726473551615 dB
	 $y_{6,60,90}$ = 13.37682975080304 dB
	 $y_{6,60,40}$ = 14.138415351278695 dB
	 $y_{6,60,50}$ = 28.32032275457503 dB
	 $y_{6,60,60}$ = 83.7853671001875 dB
	 $y_{6,60,61}$ = 29.871534616804908 dB
	 $y_{6,60,32}$ = 13.336212593348023 dB
	 $y_{6,60,35}$ = 10.214896258462204 dB
	 $y_{6,60,70}$ = 27.304873770248946 dB
	 $y_{6,60,71}$ = 21.50877608511233 dB
	 $y_{6,60,83}$ = 16.365063763356204 dB
	 $y_{6,60,91}$ = 10.30633133324281 dB
	 $y_{6,60,92}$ = 10.43248939901406 dB
	 $y_{6,60,30}$ = 10.214271643373337 dB
	 $y_{6,60,41}$ = 25.398981222859604 dB
	 $y_{6,60,52}$ = 13.821317821180699 dB
		SNR medio:  8.526535248434977
		Usuarios totais: 40
$x_{6,73}$
	 $y_{6,73,74}$ = 26.604225218520966 dB
	 $y_{6,73,85}$ = 24.817504577781918 dB
	 $y_{6,73,93}$ = 17.891478048583593 dB
	 $y_{6,73,94}$ = 19.63875687813575 dB
	 $y_{6,73,95}$ = 12.893530050911124 dB
	 $y_{6,73,33}$ = 13.32165260383428 dB
	 $y_{6,73,63}$ = 23.775103613670964 dB
	 $y_{6,73,42}$ = 14.624368153376892 dB
	 $y_{6,73,54}$ = 19.842967515972376 dB
	 $y_{6,73,73}$ = 88.33979868330182 dB
	 $y_{6,73,53}$ = 16.757683006492442 dB
	 $y_{6,73,62}$ = 18.931233775456406 dB
		SNR medio:  14.871915106301927
		Usuarios totais: 20
$x_{6,78}$
	 $y_{6,78,49}$ = 10.11437726154736 dB
	 $y_{6,78,59}$ = 17.21964122401944 dB
	 $y_{6,78,67}$ = 22.91900584754127 dB
	 $y_{6,78,68}$ = 25.95555253342208 dB
	 $y_{6,78,69}$ = 23.442199212994012 dB
	 $y_{6,78,77}$ = 30.715251656701327 dB
	 $y_{6,78,78}$ = 89.17802946373394 dB
	 $y_{6,78,79}$ = 24.51337089530155 dB
	 $y_{6,78,87}$ = 28.205259048153934 dB
	 $y_{6,78,89}$ = 19.644891226552446 dB
	 $y_{6,78,97}$ = 18.994779330057355 dB
	 $y_{6,78,98}$ = 14.039780871567672 dB
	 $y_{6,78,99}$ = 20.017607832014946 dB
	 $y_{6,78,27}$ = 12.925096969929442 dB
	 $y_{6,78,36}$ = 14.653976213565244 dB
	 $y_{6,78,38}$ = 11.169331289265088 dB
	 $y_{6,78,58}$ = 19.479896119394425 dB
	 $y_{6,78,76}$ = 16.23259237676841 dB
	 $y_{6,78,96}$ = 16.566370325933775 dB
		SNR medio:  12.11075026940177
		Usuarios totais: 36
Distances:
0 : 19 = 3622.154055254967
0 : 22 = 1131.370849898476
0 : 36 = 2683.281572999748
0 : 60 = 2400.0
0 : 73 = 3046.3092423455632
0 : 78 = 4252.05832509386
19 : 22 = 2828.42712474619
19 : 36 = 1442.2205101855957
19 : 60 = 4118.2520563948
19 : 73 = 3394.1125496954282
19 : 78 = 2433.105012119288
22 : 36 = 1649.2422502470642
22 : 60 = 1788.8543819998317
22 : 73 = 2039.607805437114
22 : 78 = 3124.099870362662
36 : 60 = 2683.281572999748
36 : 73 = 2000.0
36 : 78 = 1788.8543819998317
60 : 73 = 1264.9110640673518
60 : 78 = 3224.9030993194197
73 : 78 = 2000.0
t=7
Antennas: [ 0 19 22 36 60 73 78]
Users: [ 0  1  3  4  5  7  8 10 13 14 15 17 18 20 22 24 27 29 30 31 32 33 36 37
 38 39 40 41 43 44 46 48 49 52 53 54 55 58 59 60 61 62 63 65 66 67 68 69
 70 71 73 75 76 77 79 80 81 82 83 84 85 86 87 90 91 93 94 96 97 98 99]
MinSINR:  10.0
$x_{7,0}$
	 $y_{7,0,0}$ = 81.47435545839193 dB
		SNR medio:  81.47435545839193
		Usuarios totais: 1
$x_{7,19}$
		Usuarios totais: 0
$x_{7,22}$
	 $y_{7,22,13}$ = 20.009035266038097 dB
	 $y_{7,22,1}$ = 15.222391843800764 dB
	 $y_{7,22,3}$ = 10.155681342661481 dB
	 $y_{7,22,4}$ = 14.500525514255557 dB
	 $y_{7,22,10}$ = 20.878818393220385 dB
	 $y_{7,22,20}$ = 16.311388018009296 dB
	 $y_{7,22,22}$ = 82.59292115499056 dB
	 $y_{7,22,33}$ = 20.918813077071093 dB
	 $y_{7,22,40}$ = 12.995586157202013 dB
	 $y_{7,22,44}$ = 12.611303125248668 dB
	 $y_{7,22,46}$ = 10.286307502174225 dB
	 $y_{7,22,63}$ = 11.85732255360773 dB
	 $y_{7,22,30}$ = 14.36438130532136 dB
	 $y_{7,22,31}$ = 22.291080523777993 dB
	 $y_{7,22,32}$ = 37.5348468634277 dB
	 $y_{7,22,41}$ = 13.516110025094576 dB
	 $y_{7,22,52}$ = 13.343363291893183 dB
	 $y_{7,22,54}$ = 16.590228058562943 dB
	 $y_{7,22,43}$ = 18.924359659400068 dB
		SNR medio:  9.622611591893941
		Usuarios totais: 40
$x_{7,36}$
	 $y_{7,36,5}$ = 14.654952483303873 dB
	 $y_{7,36,14}$ = 15.818169230936235 dB
	 $y_{7,36,15}$ = 23.07903020894024 dB
	 $y_{7,36,55}$ = 16.562687615330205 dB
	 $y_{7,36,7}$ = 13.750546546640805 dB
	 $y_{7,36,8}$ = 10.195751822635003 dB
	 $y_{7,36,17}$ = 15.732099023309814 dB
	 $y_{7,36,18}$ = 13.793326210114913 dB
	 $y_{7,36,24}$ = 22.594136999651596 dB
	 $y_{7,36,29}$ = 12.235933010491436 dB
	 $y_{7,36,37}$ = 26.085245030852676 dB
	 $y_{7,36,48}$ = 22.251524808667853 dB
	 $y_{7,36,65}$ = 11.125946366959596 dB
	 $y_{7,36,27}$ = 27.84926423901304 dB
	 $y_{7,36,36}$ = 93.27895386964491 dB
	 $y_{7,36,38}$ = 17.632615627182034 dB
	 $y_{7,36,58}$ = 12.362346877250218 dB
		SNR medio:  12.300084332364147
		Usuarios totais: 30
$x_{7,60}$
	 $y_{7,60,80}$ = 12.665726473551615 dB
	 $y_{7,60,90}$ = 13.37682975080304 dB
	 $y_{7,60,60}$ = 83.7853671001875 dB
		SNR medio:  27.45698083113554
		Usuarios totais: 4
$x_{7,73}$
	 $y_{7,73,75}$ = 20.373502324857213 dB
	 $y_{7,73,82}$ = 26.40196117083073 dB
	 $y_{7,73,84}$ = 22.740086588576816 dB
	 $y_{7,73,85}$ = 24.817504577781918 dB
	 $y_{7,73,93}$ = 17.891478048583593 dB
	 $y_{7,73,94}$ = 19.63875687813575 dB
	 $y_{7,73,61}$ = 19.875242033848878 dB
	 $y_{7,73,70}$ = 16.370183453909874 dB
	 $y_{7,73,71}$ = 19.39156679248768 dB
	 $y_{7,73,73}$ = 88.33979868330182 dB
	 $y_{7,73,81}$ = 15.094658982555941 dB
	 $y_{7,73,83}$ = 33.90304831733181 dB
	 $y_{7,73,86}$ = 10.23508824247969 dB
	 $y_{7,73,91}$ = 10.024276426281915 dB
	 $y_{7,73,96}$ = 11.09170589387358 dB
	 $y_{7,73,62}$ = 18.931233775456406 dB
	 $y_{7,73,53}$ = 16.757683006492442 dB
		SNR medio:  11.196507862765312
		Usuarios totais: 35
$x_{7,78}$
	 $y_{7,78,49}$ = 10.11437726154736 dB
	 $y_{7,78,59}$ = 17.21964122401944 dB
	 $y_{7,78,67}$ = 22.91900584754127 dB
	 $y_{7,78,68}$ = 25.95555253342208 dB
	 $y_{7,78,69}$ = 23.442199212994012 dB
	 $y_{7,78,77}$ = 30.715251656701327 dB
	 $y_{7,78,79}$ = 24.51337089530155 dB
	 $y_{7,78,87}$ = 28.205259048153934 dB
	 $y_{7,78,97}$ = 18.994779330057355 dB
	 $y_{7,78,98}$ = 14.039780871567672 dB
	 $y_{7,78,99}$ = 20.017607832014946 dB
	 $y_{7,78,39}$ = 10.186447421043539 dB
	 $y_{7,78,66}$ = 19.020938680127045 dB
	 $y_{7,78,76}$ = 16.23259237676841 dB
		SNR medio:  14.078840209562998
		Usuarios totais: 20
Distances:
0 : 19 = 3622.154055254967
0 : 22 = 1131.370849898476
0 : 36 = 2683.281572999748
0 : 60 = 2400.0
0 : 73 = 3046.3092423455632
0 : 78 = 4252.05832509386
19 : 22 = 2828.42712474619
19 : 36 = 1442.2205101855957
19 : 60 = 4118.2520563948
19 : 73 = 3394.1125496954282
19 : 78 = 2433.105012119288
22 : 36 = 1649.2422502470642
22 : 60 = 1788.8543819998317
22 : 73 = 2039.607805437114
22 : 78 = 3124.099870362662
36 : 60 = 2683.281572999748
36 : 73 = 2000.0
36 : 78 = 1788.8543819998317
60 : 73 = 1264.9110640673518
60 : 78 = 3224.9030993194197
73 : 78 = 2000.0
t=8
Antennas: [ 0 19 22 36 60 73 78]
Users: [ 0  2  4  6  7  9 12 13 14 16 18 20 22 23 25 27 29 31 32 35 36 39 40 41
 42 43 44 49 50 51 52 54 55 56 57 58 60 61 63 64 65 66 70 72 73 74 76 77
 79 81 82 83 84 85 86 87 88 89 90 91 92 93 94 96 98]
MinSINR:  10.0
$x_{8,0}$
	 $y_{8,0,0}$ = 81.47435545839193 dB
	 $y_{8,0,2}$ = 13.46763014287184 dB
	 $y_{8,0,12}$ = 17.82092764306654 dB
	 $y_{8,0,20}$ = 16.191194829808353 dB
	 $y_{8,0,31}$ = 19.35608708193142 dB
		SNR medio:  9.269387197254382
		Usuarios totais: 16
$x_{8,19}$
	 $y_{8,19,9}$ = 33.204983661458684 dB
		SNR medio:  33.204983661458684
		Usuarios totais: 1
$x_{8,22}$
	 $y_{8,22,13}$ = 20.009035266038097 dB
	 $y_{8,22,22}$ = 82.59292115499056 dB
	 $y_{8,22,40}$ = 12.995586157202013 dB
	 $y_{8,22,50}$ = 13.884689546956594 dB
	 $y_{8,22,52}$ = 13.343363291893183 dB
		SNR medio:  23.80426590284674
		Usuarios totais: 6
$x_{8,36}$
	 $y_{8,36,6}$ = 10.451728782599162 dB
	 $y_{8,36,14}$ = 15.818169230936235 dB
	 $y_{8,36,55}$ = 16.562687615330205 dB
	 $y_{8,36,4}$ = 15.336458223110668 dB
	 $y_{8,36,7}$ = 13.750546546640805 dB
	 $y_{8,36,16}$ = 21.7171737962574 dB
	 $y_{8,36,18}$ = 13.793326210114913 dB
	 $y_{8,36,25}$ = 27.88177019139262 dB
	 $y_{8,36,29}$ = 12.235933010491436 dB
	 $y_{8,36,44}$ = 12.336722699213581 dB
	 $y_{8,36,57}$ = 15.151424601585902 dB
	 $y_{8,36,27}$ = 27.84926423901304 dB
	 $y_{8,36,32}$ = 11.005503541790574 dB
	 $y_{8,36,35}$ = 29.410857821375103 dB
	 $y_{8,36,36}$ = 93.27895386964491 dB
	 $y_{8,36,42}$ = 10.24461040410037 dB
	 $y_{8,36,54}$ = 10.352971218699409 dB
	 $y_{8,36,56}$ = 22.83492893922204 dB
	 $y_{8,36,58}$ = 12.362346877250218 dB
	 $y_{8,36,43}$ = 11.439145033905277 dB
		SNR medio:  13.92463871905772
		Usuarios totais: 29
$x_{8,60}$
	 $y_{8,60,90}$ = 13.37682975080304 dB
	 $y_{8,60,60}$ = 83.7853671001875 dB
		SNR medio:  48.58109842549527
		Usuarios totais: 2
$x_{8,73}$
	 $y_{8,73,74}$ = 26.604225218520966 dB
	 $y_{8,73,82}$ = 26.40196117083073 dB
	 $y_{8,73,84}$ = 22.740086588576816 dB
	 $y_{8,73,85}$ = 24.817504577781918 dB
	 $y_{8,73,93}$ = 17.891478048583593 dB
	 $y_{8,73,94}$ = 19.63875687813575 dB
	 $y_{8,73,51}$ = 14.445157670715773 dB
	 $y_{8,73,61}$ = 19.875242033848878 dB
	 $y_{8,73,63}$ = 23.775103613670964 dB
	 $y_{8,73,64}$ = 19.65257575951847 dB
	 $y_{8,73,65}$ = 17.927924347834534 dB
	 $y_{8,73,66}$ = 13.99636440474967 dB
	 $y_{8,73,70}$ = 16.370183453909874 dB
	 $y_{8,73,72}$ = 24.35337742853673 dB
	 $y_{8,73,73}$ = 88.33979868330182 dB
	 $y_{8,73,76}$ = 16.25591585721324 dB
	 $y_{8,73,81}$ = 15.094658982555941 dB
	 $y_{8,73,83}$ = 33.90304831733181 dB
	 $y_{8,73,86}$ = 10.23508824247969 dB
	 $y_{8,73,91}$ = 10.024276426281915 dB
	 $y_{8,73,92}$ = 16.526426705590268 dB
	 $y_{8,73,96}$ = 11.09170589387358 dB
	 $y_{8,73,23}$ = 10.006503986907745 dB
	 $y_{8,73,41}$ = 10.066244790921843 dB
		SNR medio:  12.750840227041811
		Usuarios totais: 40
$x_{8,78}$
	 $y_{8,78,49}$ = 10.11437726154736 dB
	 $y_{8,78,77}$ = 30.715251656701327 dB
	 $y_{8,78,79}$ = 24.51337089530155 dB
	 $y_{8,78,87}$ = 28.205259048153934 dB
	 $y_{8,78,88}$ = 29.98735349084957 dB
	 $y_{8,78,89}$ = 19.644891226552446 dB
	 $y_{8,78,98}$ = 14.039780871567672 dB
	 $y_{8,78,39}$ = 10.186447421043539 dB
		SNR medio:  18.600747985746377
		Usuarios totais: 9
Distances:
0 : 19 = 3622.154055254967
0 : 22 = 1131.370849898476
0 : 36 = 2683.281572999748
0 : 60 = 2400.0
0 : 73 = 3046.3092423455632
0 : 78 = 4252.05832509386
19 : 22 = 2828.42712474619
19 : 36 = 1442.2205101855957
19 : 60 = 4118.2520563948
19 : 73 = 3394.1125496954282
19 : 78 = 2433.105012119288
22 : 36 = 1649.2422502470642
22 : 60 = 1788.8543819998317
22 : 73 = 2039.607805437114
22 : 78 = 3124.099870362662
36 : 60 = 2683.281572999748
36 : 73 = 2000.0
36 : 78 = 1788.8543819998317
60 : 73 = 1264.9110640673518
60 : 78 = 3224.9030993194197
73 : 78 = 2000.0
t=9
Antennas: [ 0 19 22 36 60 73 78]
Users: [ 1  6  8  9 11 12 13 14 15 16 18 20 21 23 24 25 27 30 31 32 33 34 35 36
 39 40 41 42 43 44 47 54 56 57 59 60 63 67 73 76 77 78 81 84 85 87 89 91
 93 95 97 99]
MinSINR:  10.0
$x_{9,0}$
		Usuarios totais: 0
$x_{9,19}$
	 $y_{9,19,9}$ = 33.204983661458684 dB
		SNR medio:  33.204983661458684
		Usuarios totais: 1
$x_{9,22}$
	 $y_{9,22,13}$ = 20.009035266038097 dB
	 $y_{9,22,1}$ = 15.222391843800764 dB
	 $y_{9,22,11}$ = 30.324242687218458 dB
	 $y_{9,22,12}$ = 23.56120223290253 dB
	 $y_{9,22,20}$ = 16.311388018009296 dB
	 $y_{9,22,21}$ = 32.82195802317713 dB
	 $y_{9,22,33}$ = 20.918813077071093 dB
	 $y_{9,22,40}$ = 12.995586157202013 dB
	 $y_{9,22,63}$ = 11.85732255360773 dB
	 $y_{9,22,30}$ = 14.36438130532136 dB
	 $y_{9,22,31}$ = 22.291080523777993 dB
	 $y_{9,22,32}$ = 37.5348468634277 dB
	 $y_{9,22,35}$ = 13.318953307487277 dB
	 $y_{9,22,41}$ = 13.516110025094576 dB
	 $y_{9,22,42}$ = 20.705064372323875 dB
	 $y_{9,22,54}$ = 16.590228058562943 dB
	 $y_{9,22,43}$ = 18.924359659400068 dB
		SNR medio:  14.21945683226762
		Usuarios totais: 24
$x_{9,36}$
	 $y_{9,36,6}$ = 10.451728782599162 dB
	 $y_{9,36,14}$ = 15.818169230936235 dB
	 $y_{9,36,15}$ = 23.07903020894024 dB
	 $y_{9,36,34}$ = 19.413340426234782 dB
	 $y_{9,36,47}$ = 23.58663025229572 dB
	 $y_{9,36,8}$ = 10.195751822635003 dB
	 $y_{9,36,16}$ = 21.7171737962574 dB
	 $y_{9,36,18}$ = 13.793326210114913 dB
	 $y_{9,36,24}$ = 22.594136999651596 dB
	 $y_{9,36,25}$ = 27.88177019139262 dB
	 $y_{9,36,44}$ = 12.336722699213581 dB
	 $y_{9,36,23}$ = 13.0231668750272 dB
	 $y_{9,36,36}$ = 93.27895386964491 dB
		SNR medio:  18.068817727349607
		Usuarios totais: 17
$x_{9,60}$
	 $y_{9,60,60}$ = 83.7853671001875 dB
		SNR medio:  41.89268355009375
		Usuarios totais: 2
$x_{9,73}$
	 $y_{9,73,84}$ = 22.740086588576816 dB
	 $y_{9,73,85}$ = 24.817504577781918 dB
	 $y_{9,73,93}$ = 17.891478048583593 dB
	 $y_{9,73,95}$ = 12.893530050911124 dB
	 $y_{9,73,73}$ = 88.33979868330182 dB
	 $y_{9,73,81}$ = 15.094658982555941 dB
	 $y_{9,73,91}$ = 10.024276426281915 dB
		SNR medio:  19.180133335799315
		Usuarios totais: 10
$x_{9,78}$
	 $y_{9,78,59}$ = 17.21964122401944 dB
	 $y_{9,78,67}$ = 22.91900584754127 dB
	 $y_{9,78,77}$ = 30.715251656701327 dB
	 $y_{9,78,78}$ = 89.17802946373394 dB
	 $y_{9,78,87}$ = 28.205259048153934 dB
	 $y_{9,78,89}$ = 19.644891226552446 dB
	 $y_{9,78,97}$ = 18.994779330057355 dB
	 $y_{9,78,99}$ = 20.017607832014946 dB
	 $y_{9,78,39}$ = 10.186447421043539 dB
	 $y_{9,78,57}$ = 17.76675540552411 dB
	 $y_{9,78,76}$ = 16.23259237676841 dB
	 $y_{9,78,27}$ = 12.925096969929442 dB
	 $y_{9,78,56}$ = 17.619309185645136 dB
		SNR medio:  15.315460332746918
		Usuarios totais: 21
Distances:
0 : 19 = 3622.154055254967
0 : 22 = 1131.370849898476
0 : 36 = 2683.281572999748
0 : 60 = 2400.0
0 : 73 = 3046.3092423455632
0 : 78 = 4252.05832509386
19 : 22 = 2828.42712474619
19 : 36 = 1442.2205101855957
19 : 60 = 4118.2520563948
19 : 73 = 3394.1125496954282
19 : 78 = 2433.105012119288
22 : 36 = 1649.2422502470642
22 : 60 = 1788.8543819998317
22 : 73 = 2039.607805437114
22 : 78 = 3124.099870362662
36 : 60 = 2683.281572999748
36 : 73 = 2000.0
36 : 78 = 1788.8543819998317
60 : 73 = 1264.9110640673518
60 : 78 = 3224.9030993194197
73 : 78 = 2000.0
t=10
Antennas: [ 0 19 22 36 60 73 78]
Users: [ 2  3  4  9 13 14 16 19 21 24 28 29 33 34 35 36 37 38 42 51 53 54 57 61
 62 71 73 75 79 81 82 83 86 88 90 93 95 96 97 99]
MinSINR:  10.0
$x_{10,0}$
		Usuarios totais: 0
$x_{10,19}$
	 $y_{10,19,9}$ = 33.204983661458684 dB
	 $y_{10,19,19}$ = 79.52901918250772 dB
	 $y_{10,19,28}$ = 21.621179067725578 dB
	 $y_{10,19,29}$ = 39.10729977719474 dB
	 $y_{10,19,37}$ = 15.467814816622322 dB
	 $y_{10,19,38}$ = 19.131088477395892 dB
		SNR medio:  29.72305499755785
		Usuarios totais: 7
$x_{10,22}$
	 $y_{10,22,13}$ = 20.009035266038097 dB
	 $y_{10,22,2}$ = 13.063568058663634 dB
	 $y_{10,22,3}$ = 10.155681342661481 dB
	 $y_{10,22,4}$ = 14.500525514255557 dB
	 $y_{10,22,16}$ = 14.04308818008559 dB
	 $y_{10,22,21}$ = 32.82195802317713 dB
	 $y_{10,22,24}$ = 13.757172258887522 dB
	 $y_{10,22,33}$ = 20.918813077071093 dB
	 $y_{10,22,35}$ = 13.318953307487277 dB
		SNR medio:  16.954310558703042
		Usuarios totais: 9
$x_{10,36}$
	 $y_{10,36,14}$ = 15.818169230936235 dB
	 $y_{10,36,34}$ = 19.413340426234782 dB
	 $y_{10,36,36}$ = 93.27895386964491 dB
		SNR medio:  42.83682117560531
		Usuarios totais: 3
$x_{10,60}$
	 $y_{10,60,90}$ = 13.37682975080304 dB
		SNR medio:  6.68841487540152
		Usuarios totais: 2
$x_{10,73}$
	 $y_{10,73,75}$ = 20.373502324857213 dB
	 $y_{10,73,82}$ = 26.40196117083073 dB
	 $y_{10,73,93}$ = 17.891478048583593 dB
	 $y_{10,73,95}$ = 12.893530050911124 dB
	 $y_{10,73,51}$ = 14.445157670715773 dB
	 $y_{10,73,61}$ = 19.875242033848878 dB
	 $y_{10,73,71}$ = 19.39156679248768 dB
	 $y_{10,73,73}$ = 88.33979868330182 dB
	 $y_{10,73,81}$ = 15.094658982555941 dB
	 $y_{10,73,83}$ = 33.90304831733181 dB
	 $y_{10,73,86}$ = 10.23508824247969 dB
	 $y_{10,73,96}$ = 11.09170589387358 dB
	 $y_{10,73,42}$ = 14.624368153376892 dB
	 $y_{10,73,54}$ = 19.842967515972376 dB
	 $y_{10,73,62}$ = 18.931233775456406 dB
	 $y_{10,73,53}$ = 16.757683006492442 dB
		SNR medio:  20.005166147948664
		Usuarios totais: 18
$x_{10,78}$
	 $y_{10,78,79}$ = 24.51337089530155 dB
	 $y_{10,78,88}$ = 29.98735349084957 dB
	 $y_{10,78,97}$ = 18.994779330057355 dB
	 $y_{10,78,99}$ = 20.017607832014946 dB
	 $y_{10,78,57}$ = 17.76675540552411 dB
		SNR medio:  18.546644492291254
		Usuarios totais: 6
Distances:
0 : 19 = 3622.154055254967
0 : 22 = 1131.370849898476
0 : 36 = 2683.281572999748
0 : 60 = 2400.0
0 : 73 = 3046.3092423455632
0 : 78 = 4252.05832509386
19 : 22 = 2828.42712474619
19 : 36 = 1442.2205101855957
19 : 60 = 4118.2520563948
19 : 73 = 3394.1125496954282
19 : 78 = 2433.105012119288
22 : 36 = 1649.2422502470642
22 : 60 = 1788.8543819998317
22 : 73 = 2039.607805437114
22 : 78 = 3124.099870362662
36 : 60 = 2683.281572999748
36 : 73 = 2000.0
36 : 78 = 1788.8543819998317
60 : 73 = 1264.9110640673518
60 : 78 = 3224.9030993194197
73 : 78 = 2000.0
t=11
Antennas: [ 0 19 22 36 60 73 78]
Users: [ 2  5 17 21 28 40 51 54 56 71 75 82 85 87 89]
MinSINR:  10.0
$x_{11,0}$
	 $y_{11,0,2}$ = 13.46763014287184 dB
	 $y_{11,0,21}$ = 14.536540728642436 dB
		SNR medio:  14.002085435757138
		Usuarios totais: 2
$x_{11,19}$
		Usuarios totais: 0
$x_{11,22}$
		Usuarios totais: 0
$x_{11,36}$
	 $y_{11,36,5}$ = 14.654952483303873 dB
	 $y_{11,36,17}$ = 15.732099023309814 dB
	 $y_{11,36,28}$ = 15.519636551041259 dB
		SNR medio:  15.302229352551649
		Usuarios totais: 3
$x_{11,60}$
	 $y_{11,60,40}$ = 14.138415351278695 dB
		SNR medio:  14.138415351278695
		Usuarios totais: 1
$x_{11,73}$
	 $y_{11,73,75}$ = 20.373502324857213 dB
	 $y_{11,73,82}$ = 26.40196117083073 dB
	 $y_{11,73,85}$ = 24.817504577781918 dB
	 $y_{11,73,51}$ = 14.445157670715773 dB
	 $y_{11,73,71}$ = 19.39156679248768 dB
	 $y_{11,73,54}$ = 19.842967515972376 dB
	 $y_{11,73,56}$ = 11.491335207994695 dB
		SNR medio:  19.537713608662916
		Usuarios totais: 7
$x_{11,78}$
	 $y_{11,78,87}$ = 28.205259048153934 dB
	 $y_{11,78,89}$ = 19.644891226552446 dB
		SNR medio:  23.92507513735319
		Usuarios totais: 2
Distances:
0 : 19 = 3622.154055254967
0 : 22 = 1131.370849898476
0 : 36 = 2683.281572999748
0 : 60 = 2400.0
0 : 73 = 3046.3092423455632
0 : 78 = 4252.05832509386
19 : 22 = 2828.42712474619
19 : 36 = 1442.2205101855957
19 : 60 = 4118.2520563948
19 : 73 = 3394.1125496954282
19 : 78 = 2433.105012119288
22 : 36 = 1649.2422502470642
22 : 60 = 1788.8543819998317
22 : 73 = 2039.607805437114
22 : 78 = 3124.099870362662
36 : 60 = 2683.281572999748
36 : 73 = 2000.0
36 : 78 = 1788.8543819998317
60 : 73 = 1264.9110640673518
60 : 78 = 3224.9030993194197
73 : 78 = 2000.0
--- Done after 0.35360352595647176 hours. ---
